1018, 6923035, 0, 0
2001, 8181320, 0, 0
3057, 7759621, 0, 0
4014, 8316211, 0, 0
5025, 7895366, 0, 0
6004, 7702022, 0, 0
7039, 8342730, 0, 0
8038, 7731376, 0, 0
9039, 7195572, 0, 0
10056, 8835116, 0, 0
11015, 7855979, 0, 0
12009, 7821856, 0, 0
13016, 7395554, 0, 0
14050, 8077048, 0, 0
15061, 7823220, 0, 0
16061, 7749664, 0, 0
17015, 7875055, 0, 0
18045, 7976911, 0, 0
19024, 7958889, 0, 0
20055, 7919520, 0, 0
21018, 7889562, 0, 0
22061, 6856004, 0, 0
23044, 8184618, 0, 0
24052, 7682446, 0, 0
25028, 7559646, 0, 0
26042, 7795181, 0, 0
27065, 7684060, 0, 0
28014, 7351263, 0, 0
29024, 7819707, 0, 0
30032, 8323443, 0, 0
31039, 7623435, 0, 0
32058, 7655098, 0, 0
33023, 7974125, 0, 0
34002, 7462880, 0, 0
35047, 7511216, 0, 0
36018, 7824514, 0, 0
37028, 7823341, 0, 0
38049, 7845327, 0, 0
39023, 7981535, 0, 0
40017, 7759939, 0, 0
41055, 7858548, 0, 0
42014, 7366048, 0, 0
43015, 7691017, 0, 0
44004, 7434951, 0, 0
45049, 7971578, 0, 0
46013, 6921783, 0, 0
47003, 8042243, 0, 0
48032, 7854002, 0, 0
49035, 7644277, 0, 0
50003, 7995631, 0, 0
51055, 7348430, 0, 0
52008, 6184671, 0, 0
53050, 7947357, 0, 0
54039, 7320851, 0, 0
55020, 7312133, 0, 0
56034, 8104416, 0, 0
57045, 7488345, 0, 0
58028, 7330199, 0, 0
59013, 7339876, 0, 0
60017, 7062522, 0, 0
61003, 7949895, 0, 0
62022, 7707959, 0, 0
63047, 7706979, 0, 0
64004, 7644137, 0, 0
65051, 7750339, 0, 0
66057, 7560269, 0, 0
67055, 7331788, 0, 0
68016, 7679154, 0, 0
69054, 7625129, 0, 0
70036, 7325403, 0, 0
71058, 7561359, 0, 0
72054, 8024350, 0, 0
73047, 7576327, 0, 0
74020, 7093532, 0, 0
75010, 7012469, 0, 0
76060, 7285233, 0, 0
77011, 7484166, 0, 0
78020, 7581258, 0, 0
79009, 7603385, 0, 0
80018, 7464995, 0, 0
81007, 7156960, 0, 0
82035, 7614242, 0, 0
83043, 7511338, 0, 0
84021, 7242394, 0, 0
85053, 7358812, 0, 0
86018, 7713521, 0, 0
87012, 7049048, 0, 0
88033, 7498028, 0, 0
89032, 7285243, 0, 0
90030, 7172582, 0, 0
91038, 7464787, 0, 0
92047, 7302459, 0, 0
93050, 7479657, 0, 0
94031, 7370999, 0, 0
95036, 7170438, 0, 0
96051, 7563549, 0, 0
97021, 7458062, 0, 0
98006, 7345578, 0, 0
99033, 7600770, 0, 0
100006, 7092024, 0, 0
101045, 7362122, 0, 0
102042, 7666750, 0, 0
103053, 7319990, 0, 0
104035, 7549010, 0, 0
105047, 6920643, 0, 0
106020, 7046032, 0, 0
107040, 7229939, 0, 0
108016, 7674428, 0, 0
109032, 7408928, 0, 0
110062, 7622924, 0, 0
111005, 7194985, 0, 0
112010, 7439132, 0, 0
113044, 6975610, 0, 0
114016, 7645640, 0, 0
115041, 7480107, 0, 0
116053, 7485859, 0, 0
117028, 7669640, 0, 0
118021, 7348230, 0, 0
119050, 7094124, 0, 0
120028, 7079498, 0, 0
121031, 7264742, 0, 0
122022, 6919445, 0, 0
123045, 7411422, 0, 0
124034, 7001610, 0, 0
125075, 7431075, 0, 0
126067, 7809301, 0, 0
127055, 7095134, 0, 0
128013, 7096239, 0, 0
129013, 6841511, 0, 0
130009, 7260981, 0, 0
131011, 6951048, 0, 0
132035, 6600032, 0, 0
133028, 6990723, 0, 0
134018, 7434566, 0, 0
135037, 7378198, 0, 0
136019, 7216218, 0, 0
137013, 7524088, 0, 0
138058, 7350716, 0, 0
139046, 6899961, 0, 0
140005, 7095403, 0, 0
141006, 7044599, 0, 0
142050, 6957146, 0, 0
143034, 7676404, 0, 0
144057, 7298353, 0, 0
145032, 7500177, 0, 0
146043, 7159977, 0, 0
147034, 6878484, 0, 0
148044, 6955639, 0, 0
149025, 7055250, 0, 0
150015, 6966044, 0, 0
151054, 6872456, 0, 0
152037, 7217928, 0, 0
153031, 6995927, 0, 0
154027, 7367527, 0, 0
155030, 7264705, 0, 0
156035, 7071260, 0, 0
157056, 7283274, 0, 0
158049, 7247072, 0, 0
159034, 6646549, 0, 0
160036, 7308776, 0, 0
161007, 6828788, 0, 0
162040, 6974131, 0, 0
163041, 7299200, 0, 0
164057, 7304353, 0, 0
165058, 7300415, 0, 0
166030, 7302501, 0, 0
167049, 6787129, 0, 0
168041, 6695262, 0, 0
169043, 7098247, 0, 0
170050, 7090896, 0, 0
171022, 7088410, 0, 0
172041, 6921700, 0, 0
173011, 6874704, 0, 0
174027, 6809236, 0, 0
175001, 7544291, 0, 0
176014, 7285566, 0, 0
177021, 7086216, 0, 0
178000, 6694250, 0, 0
179026, 6703179, 0, 0
180025, 6979203, 0, 0
181030, 7072054, 0, 0
182034, 7163456, 0, 0
183000, 6942739, 0, 0
184007, 6983736, 0, 0
185003, 6680243, 0, 0
186009, 6931425, 0, 0
187069, 6700320, 0, 0
188037, 7112958, 0, 0
189058, 7340500, 0, 0
190009, 7143916, 0, 0
191055, 6487526, 0, 0
192000, 7269005, 0, 0
193009, 6811472, 0, 0
194003, 7520361, 0, 0
195011, 6947365, 0, 0
196025, 6705935, 0, 0
197004, 6791346, 0, 0
198054, 7088657, 0, 0
199031, 7027790, 0, 0
200037, 6926466, 0, 0
201015, 6602115, 0, 0
202008, 6484304, 0, 0
203015, 6986037, 0, 0
204052, 7147422, 0, 0
205021, 7502263, 0, 0
206044, 7517492, 0, 0
207007, 6973304, 0, 0
208022, 6714404, 0, 0
209028, 6570003, 0, 0
210011, 6682598, 0, 0
211050, 6653733, 0, 0
212022, 7033928, 0, 0
213002, 6709599, 0, 0
214047, 6444401, 0, 0
215059, 7021966, 0, 0
216029, 6775243, 0, 0
217005, 6585977, 0, 0
218040, 6630635, 0, 0
219021, 7539212, 0, 0
220013, 6191779, 0, 0
221027, 6531619, 0, 0
222047, 7129810, 0, 0
223047, 6890584, 0, 0
224056, 6905511, 0, 0
225000, 6878378, 0, 0
226012, 6652318, 0, 0
227027, 6716873, 0, 0
228057, 7247453, 0, 0
229022, 6888806, 0, 0
230008, 6888880, 0, 0
231057, 6988311, 0, 0
232062, 6273437, 0, 0
233014, 6340996, 0, 0
234019, 6826776, 0, 0
235015, 6961955, 0, 0
236058, 6592795, 0, 0
237048, 6770537, 0, 0
238026, 6833638, 0, 0
239014, 6413038, 0, 0
240032, 6197035, 0, 0
241045, 6487481, 0, 0
242030, 6698485, 0, 0
243034, 6917525, 0, 0
244057, 6808186, 0, 0
245037, 6896717, 0, 0
246054, 6868996, 0, 0
247004, 6369651, 0, 0
248030, 7213263, 0, 0
249053, 6723470, 0, 0
250052, 7183069, 0, 0
251012, 6757868, 0, 0
252049, 7043106, 0, 0
253025, 6819026, 0, 0
254025, 6801047, 0, 0
255058, 6742424, 0, 0
256020, 6404724, 0, 0
257012, 6273760, 0, 0
258056, 6905148, 0, 0
259011, 6721209, 0, 0
260014, 7651870, 0, 0
261012, 6391010, 0, 0
262020, 5850806, 0, 0
263039, 6743569, 0, 0
264022, 7277654, 0, 0
265052, 6509756, 0, 0
266049, 7323120, 0, 0
267062, 6749757, 0, 0
268003, 6395649, 0, 0
269017, 6171972, 0, 0
270007, 6383701, 0, 0
271020, 5717052, 0, 0
272042, 6418654, 0, 0
273046, 6393634, 0, 0
274022, 7062665, 0, 0
275036, 6450614, 0, 0
276000, 6171476, 0, 0
277008, 6670000, 0, 0
278015, 6453232, 0, 0
279056, 6152372, 0, 0
280016, 6149892, 0, 0
281033, 5870469, 0, 0
282015, 6812137, 0, 0
283015, 6364472, 0, 0
284059, 6598466, 0, 0
285033, 6955781, 0, 0
286037, 6731241, 0, 0
287056, 6202880, 0, 0
288065, 6344898, 0, 0
289029, 6248164, 0, 0
290037, 6497063, 0, 0
291000, 5725113, 0, 0
292040, 6927907, 0, 0
293050, 6426622, 0, 0
294010, 6073162, 0, 0
295052, 6466592, 0, 0
296027, 6360939, 0, 0
297030, 5896943, 0, 0
298047, 6387227, 0, 0
299033, 6080027, 0, 0
300025, 6231597, 0, 0
301017, 5899494, 0, 0
302014, 5823955, 0, 0
303040, 6033567, 0, 0
304017, 6291022, 0, 0
305034, 6350521, 0, 0
306013, 6657848, 0, 0
307054, 6664408, 0, 0
308030, 7064805, 0, 0
309051, 6376127, 0, 0
310010, 6427203, 0, 0
311023, 6570060, 0, 0
312003, 6441595, 0, 0
313038, 5810438, 0, 0
314000, 6118400, 0, 0
315009, 6264711, 0, 0
316057, 6581082, 0, 0
317004, 6311654, 0, 0
318020, 6633029, 0, 0
319028, 6288953, 0, 0
320056, 6227293, 0, 0
321019, 6678761, 0, 0
322036, 6597125, 0, 0
323040, 6270693, 0, 0
324029, 5917260, 0, 0
325035, 6164642, 0, 0
326019, 5958365, 0, 0
327041, 6339161, 0, 0
328062, 6038362, 0, 0
329018, 6324048, 0, 0
330004, 5861000, 0, 0
331059, 6710820, 0, 0
332019, 6614688, 0, 0
333059, 6746648, 0, 0
334004, 5722055, 0, 0
335058, 6193255, 0, 0
336003, 6090257, 0, 0
337038, 5911554, 0, 0
338019, 6487754, 0, 0
339032, 6366277, 0, 0
340050, 6086123, 0, 0
341044, 6166533, 0, 0
342021, 6509235, 0, 0
343052, 5951923, 0, 0
344060, 5889958, 0, 0
345057, 5893212, 0, 0
346025, 6157992, 0, 0
347008, 5951470, 0, 0
348028, 5992607, 0, 0
349054, 6332608, 0, 0
350030, 6249335, 0, 0
351019, 6131419, 0, 0
352012, 6893807, 0, 0
353039, 6534797, 0, 0
354056, 6049151, 0, 0
355071, 5857704, 0, 0
356060, 6023948, 0, 0
357045, 5858500, 0, 0
358059, 5959825, 0, 0
359061, 5992539, 0, 0
360033, 6264035, 0, 0
361048, 5929909, 0, 0
362016, 5826574, 0, 0
363025, 5788060, 0, 0
364006, 5730680, 0, 0
365043, 5952704, 0, 0
366045, 6295592, 0, 0
367037, 5764191, 0, 0
368030, 5972448, 0, 0
369023, 5541753, 0, 0
370034, 5906872, 0, 0
371061, 6292767, 0, 0
372032, 6833632, 0, 0
373037, 5637856, 0, 0
374022, 5929153, 0, 0
375026, 5508817, 0, 0
376005, 5822882, 0, 0
377051, 5646027, 0, 0
378044, 5700252, 0, 0
379014, 6057216, 0, 0
380046, 6065591, 0, 0
381040, 5427018, 0, 0
382011, 6298191, 0, 0
383000, 6133543, 0, 0
384000, 6245206, 0, 0
385029, 5838446, 0, 0
386001, 5515002, 0, 0
387042, 6191955, 0, 0
388047, 5871229, 0, 0
389010, 5655661, 0, 0
390009, 5943393, 0, 0
391034, 6130210, 0, 0
392011, 5302887, 0, 0
393055, 5859175, 0, 0
394015, 6228864, 0, 0
395005, 5712700, 0, 0
396031, 5958933, 0, 0
397022, 5932517, 0, 0
398026, 5895359, 0, 0
399015, 5915857, 0, 0
400010, 5748742, 0, 0
401038, 5865750, 0, 0
402050, 5237190, 0, 0
403041, 5892937, 0, 0
404041, 5342859, 0, 0
405035, 6016093, 0, 0
406053, 5948173, 0, 0
407008, 6961361, 0, 0
408058, 6434242, 0, 0
409042, 5719660, 0, 0
410001, 6097486, 0, 0
411013, 5290794, 0, 0
412037, 5472001, 0, 0
413056, 5750820, 0, 0
414056, 6166287, 0, 0
415024, 5893662, 0, 0
416057, 6107777, 0, 0
417010, 6100143, 0, 0
418024, 5821164, 0, 0
419001, 6340728, 0, 0
420003, 5753881, 0, 0
421005, 6370079, 0, 0
422016, 5640994, 0, 0
423002, 5695083, 0, 0
424030, 5802392, 0, 0
425012, 5840794, 0, 0
426043, 5045067, 0, 0
427035, 6116646, 0, 0
428003, 5791600, 0, 0
429031, 5935277, 0, 0
430040, 5663796, 0, 0
431024, 5552685, 0, 0
432018, 5840202, 0, 0
433048, 5977251, 0, 0
434008, 5608924, 0, 0
435003, 6540751, 0, 0
436048, 5767649, 0, 0
437030, 5668659, 0, 0
438007, 5742025, 0, 0
439028, 5340623, 0, 0
440026, 5136212, 0, 0
441052, 5420005, 0, 0
442013, 6153024, 0, 0
443034, 5577209, 0, 0
444031, 5962444, 0, 0
445049, 6199048, 0, 0
446033, 5815448, 0, 0
447020, 6052589, 0, 0
448027, 5349931, 0, 0
449043, 5935847, 0, 0
450010, 5453922, 0, 0
451007, 4880313, 0, 0
452038, 5688440, 0, 0
453034, 5211448, 0, 0
454005, 5740405, 0, 0
455045, 5493460, 0, 0
456017, 5362599, 0, 0
457043, 6033661, 0, 0
458039, 5466486, 0, 0
459024, 6031895, 0, 0
460046, 5767417, 0, 0
461050, 5572114, 0, 0
462058, 6217737, 0, 0
463013, 5544946, 0, 0
464005, 5863969, 0, 0
465015, 5515128, 0, 0
466000, 5146434, 0, 0
467056, 5928478, 0, 0
468025, 5829329, 0, 0
469009, 5173672, 0, 0
470051, 5181115, 0, 0
471010, 5533272, 0, 0
472007, 5413333, 0, 0
473012, 5487166, 0, 0
474020, 5467854, 0, 0
475067, 5782532, 0, 0
476062, 5430260, 0, 0
477039, 6296000, 0, 0
478028, 5224012, 0, 0
479059, 5659167, 0, 0
480027, 5224498, 0, 0
481055, 5769676, 0, 0
482001, 5496496, 0, 0
483031, 5249003, 0, 0
484008, 6099683, 0, 0
485007, 5508466, 0, 0
486050, 5545948, 0, 0
487032, 5158992, 0, 0
488015, 6137061, 0, 0
489014, 5091199, 0, 0
490000, 5566952, 0, 0
491034, 5703531, 0, 0
492038, 5117917, 0, 0
493020, 5416728, 0, 0
494031, 5342718, 0, 0
495049, 5299272, 0, 0
496024, 5757949, 0, 0
497000, 5541948, 0, 0
498013, 5010497, 0, 0
499047, 5553154, 0, 0
500059, 4808694, 0, 0
501009, 5486101, 0, 0
502054, 4994172, 0, 0
503030, 5416791, 0, 0
504067, 5004170, 0, 0
505017, 5582613, 0, 0
506049, 5001920, 0, 0
507028, 5120633, 0, 0
508027, 5222058, 0, 0
509050, 5034750, 0, 0
510025, 4943695, 0, 0
511036, 5257872, 0, 0
512053, 5153878, 0, 0
513012, 5295641, 0, 0
514044, 5692958, 0, 0
515076, 5205169, 0, 0
516020, 5238644, 0, 0
517033, 5472001, 0, 0
518015, 5601106, 0, 0
519032, 5461662, 0, 0
520047, 5542404, 0, 0
521010, 5756548, 0, 0
522028, 5269268, 0, 0
523025, 5188127, 0, 0
524044, 5243426, 0, 0
525047, 5141104, 0, 0
526068, 6033136, 0, 0
527012, 4735847, 0, 0
528053, 5278142, 0, 0
529030, 5332311, 0, 0
530034, 4732021, 0, 0
531016, 5109255, 0, 0
532027, 4997333, 0, 0
533041, 5011724, 0, 0
534056, 5254864, 0, 0
535038, 4714985, 0, 0
536013, 5530852, 0, 0
537015, 4978036, 0, 0
538043, 5376521, 0, 0
539053, 4523116, 0, 0
540017, 5044255, 0, 0
541028, 5367275, 0, 0
542017, 5311791, 0, 0
543063, 5647672, 0, 0
544000, 5351708, 0, 0
545034, 5322808, 0, 0
546060, 5175652, 0, 0
547042, 4978927, 0, 0
548047, 4869611, 0, 0
549004, 5762131, 0, 0
550048, 5345277, 0, 0
551074, 4951176, 0, 0
552022, 5347225, 0, 0
553045, 4645719, 0, 0
554021, 5132029, 0, 0
555026, 4497023, 0, 0
556033, 5109124, 0, 0
557025, 4809312, 0, 0
558033, 4318102, 0, 0
559045, 4746530, 0, 0
560048, 5412218, 0, 0
561042, 4730207, 0, 0
562003, 4869627, 0, 0
563031, 4667084, 0, 0
564043, 4858947, 0, 0
565053, 4605838, 0, 0
566024, 4826380, 0, 0
567038, 5443989, 0, 0
568031, 4984266, 0, 0
569025, 4618138, 0, 0
570050, 4735448, 0, 0
571009, 4865054, 0, 0
572005, 4996089, 0, 0
573007, 4977838, 0, 0
574017, 4972933, 0, 0
575024, 5130816, 0, 0
576009, 5346087, 0, 0
577031, 5209695, 0, 0
578031, 6092578, 0, 0
579053, 5126970, 0, 0
580035, 4809705, 0, 0
581061, 4972988, 0, 0
582056, 4942455, 0, 0
583003, 5196396, 0, 0
584028, 5390661, 0, 0
585011, 5006416, 0, 0
586002, 4563379, 0, 0
587048, 4810904, 0, 0
588016, 5118172, 0, 0
589015, 4335771, 0, 0
590055, 3873830, 0, 0
591034, 4505231, 0, 0
592016, 5305868, 0, 0
593041, 5415462, 0, 0
594014, 4415158, 0, 0
595053, 4697057, 0, 0
596016, 4807651, 0, 0
597035, 4800937, 0, 0
598012, 4713431, 0, 0
599042, 4471247, 0, 0
600051, 4364711, 0, 0
601066, 4290782, 0, 0
602063, 4695963, 0, 0
603030, 4472917, 0, 0
604053, 4820052, 0, 0
605042, 4796129, 0, 0
606073, 5123413, 0, 0
607021, 4659745, 0, 0
608051, 4831292, 0, 0
609056, 4713435, 0, 0
610006, 4840610, 0, 0
611051, 4538356, 0, 0
612032, 5076453, 0, 0
613020, 4524378, 0, 0
614024, 4842833, 0, 0
615023, 4514182, 0, 0
616011, 4547087, 0, 0
617001, 4686385, 0, 0
618019, 5164366, 0, 0
619054, 4551820, 0, 0
620060, 4828343, 0, 0
621036, 4756303, 0, 0
622037, 4484008, 0, 0
623000, 5117000, 0, 0
624053, 4435103, 0, 0
625055, 5185763, 0, 0
626030, 4817459, 0, 0
627037, 4677765, 0, 0
628001, 4842204, 0, 0
629037, 4401285, 0, 0
630033, 4177747, 0, 0
631000, 5055080, 0, 0
632016, 4835824, 0, 0
633051, 4715476, 0, 0
634001, 5244947, 0, 0
635029, 4313778, 0, 0
636006, 4714183, 0, 0
637023, 5375495, 0, 0
638028, 4060411, 0, 0
639000, 4578079, 0, 0
640058, 4442679, 0, 0
641057, 4430256, 0, 0
642010, 4230412, 0, 0
643041, 4703467, 0, 0
644016, 4770882, 0, 0
645009, 5010505, 0, 0
646055, 5275400, 0, 0
647008, 4644114, 0, 0
648003, 4171172, 0, 0
649049, 4687069, 0, 0
650034, 4471955, 0, 0
651032, 4551398, 0, 0
652061, 4427468, 0, 0
653040, 4790686, 0, 0
654031, 4828150, 0, 0
655039, 4436164, 0, 0
656047, 4282146, 0, 0
657028, 4393961, 0, 0
658034, 4629792, 0, 0
659020, 3905255, 0, 0
660015, 4231467, 0, 0
661068, 4041044, 0, 0
662044, 4536165, 0, 0
663029, 4391370, 0, 0
664049, 4409649, 0, 0
665010, 4341263, 0, 0
666031, 4469943, 0, 0
667053, 4131425, 0, 0
668051, 4370434, 0, 0
669012, 4798538, 0, 0
670023, 4548894, 0, 0
671016, 3934832, 0, 0
672029, 4214873, 0, 0
673020, 4520149, 0, 0
674052, 4326218, 0, 0
675021, 4481934, 0, 0
676051, 4804572, 0, 0
677007, 4613330, 0, 0
678037, 4513670, 0, 0
679015, 4478355, 0, 0
680062, 4215787, 0, 0
681059, 4588228, 0, 0
682008, 5324040, 0, 0
683015, 4206365, 0, 0
684058, 4252657, 0, 0
685004, 4087454, 0, 0
686020, 4072620, 0, 0
687063, 4433853, 0, 0
688036, 4581424, 0, 0
689014, 4483669, 0, 0
690001, 3958023, 0, 0
691030, 4689486, 0, 0
692037, 4429444, 0, 0
693031, 4512772, 0, 0
694034, 4121554, 0, 0
695006, 4331452, 0, 0
696051, 3940225, 0, 0
697017, 4772151, 0, 0
698002, 4434727, 0, 0
699018, 4295681, 0, 0
700066, 4027072, 0, 0
701028, 4268597, 0, 0
702008, 4573900, 0, 0
703028, 3946817, 0, 0
704038, 5042364, 0, 0
705032, 4371518, 0, 0
706043, 3977068, 0, 0
707013, 4746369, 0, 0
708023, 4328895, 0, 0
709047, 4261566, 0, 0
710035, 4385159, 0, 0
711020, 4450610, 0, 0
712058, 4666991, 0, 0
713000, 4336516, 0, 0
714039, 4510276, 0, 0
715056, 4249563, 0, 0
716025, 4541875, 0, 0
717025, 4230626, 0, 0
718039, 4503592, 0, 0
719038, 4019612, 0, 0
720039, 4364000, 0, 0
721032, 4329739, 0, 0
722015, 3880559, 0, 0
723022, 4511542, 0, 0
724035, 4143667, 0, 0
725060, 4568145, 0, 0
726044, 4704865, 0, 0
727007, 4786288, 0, 0
728047, 4594038, 0, 0
729008, 4944179, 0, 0
730062, 4596724, 0, 0
731014, 4225478, 0, 0
732001, 4322914, 0, 0
733030, 4229489, 0, 0
734038, 4159005, 0, 0
735020, 4519542, 0, 0
736018, 5030741, 0, 0
737042, 4090870, 0, 0
738024, 4153547, 0, 0
739025, 4423567, 0, 0
740008, 4836322, 0, 0
741003, 4875069, 0, 0
742055, 4135653, 0, 0
743009, 4251045, 0, 0
744027, 4219194, 0, 0
745031, 3993626, 0, 0
746041, 4366568, 0, 0
747003, 4684438, 0, 0
748027, 4224509, 0, 0
749011, 4029744, 0, 0
750029, 4456928, 0, 0
751014, 4920412, 0, 0
752010, 4647299, 0, 0
753051, 4028245, 0, 0
754018, 4428206, 0, 0
755020, 4408877, 0, 0
756065, 4365968, 0, 0
757042, 4781334, 0, 0
758055, 4065702, 0, 0
759049, 3874511, 0, 0
760006, 4136748, 0, 0
761060, 4262516, 0, 0
762036, 4514128, 0, 0
763035, 4795347, 0, 0
764008, 4359336, 0, 0
765032, 4521835, 0, 0
766052, 4717972, 0, 0
767014, 4447121, 0, 0
768023, 4581770, 0, 0
769011, 3821999, 0, 0
770052, 4789344, 0, 0
771020, 4113426, 0, 0
772042, 4817156, 0, 0
773021, 3878509, 0, 0
774055, 4757453, 0, 0
775015, 4046537, 0, 0
776040, 4243048, 0, 0
777045, 4584762, 0, 0
778050, 4736526, 0, 0
779054, 4516456, 0, 0
780033, 4524079, 0, 0
781036, 4533745, 0, 0
782024, 4405830, 0, 0
783055, 4721105, 0, 0
784023, 4333001, 0, 0
785086, 5130481, 0, 0
786026, 3556498, 0, 0
787020, 4134171, 0, 0
788026, 4151733, 0, 0
789053, 4812433, 0, 0
790012, 4333987, 0, 0
791020, 4340261, 0, 0
792000, 4405676, 0, 0
793012, 4574787, 0, 0
794025, 4556271, 0, 0
795021, 5126888, 0, 0
796039, 4021199, 0, 0
797049, 4252875, 0, 0
798027, 4037607, 0, 0
799032, 4399417, 0, 0
800006, 4543716, 0, 0
801077, 4796721, 0, 0
802000, 3874009, 0, 0
803024, 4755160, 0, 0
804050, 4397426, 0, 0
805035, 3934039, 0, 0
806053, 3925847, 0, 0
807056, 4317245, 0, 0
808043, 5243699, 0, 0
809023, 4235680, 0, 0
810029, 4446943, 0, 0
811052, 4798128, 0, 0
812042, 3859454, 0, 0
813005, 4450631, 0, 0
814051, 4792993, 0, 0
815017, 3935903, 0, 0
816059, 4178088, 0, 0
817001, 4355897, 0, 0
818007, 4505683, 0, 0
819016, 4438641, 0, 0
820033, 4514706, 0, 0
821022, 4839262, 0, 0
822031, 4421463, 0, 0
823043, 4140125, 0, 0
824016, 4716148, 0, 0
825072, 4088862, 0, 0
826037, 3416969, 0, 0
827047, 4081052, 0, 0
828042, 4158159, 0, 0
829052, 4541706, 0, 0
830043, 4286149, 0, 0
831030, 4360786, 0, 0
832036, 4220792, 0, 0
833050, 4148718, 0, 0
834047, 4483290, 0, 0
835057, 4735653, 0, 0
836060, 4120355, 0, 0
837028, 3663991, 0, 0
838064, 4070807, 0, 0
839011, 4358370, 0, 0
840005, 3846674, 0, 0
841048, 4068798, 0, 0
842051, 4373277, 0, 0
843040, 4079525, 0, 0
844048, 4532759, 0, 0
845005, 4555295, 0, 0
846006, 4061924, 0, 0
847007, 4670026, 0, 0
848005, 4100495, 0, 0
849001, 4480321, 0, 0
850036, 4555257, 0, 0
851067, 4476574, 0, 0
852041, 4420605, 0, 0
853042, 4161944, 0, 0
854040, 4888040, 0, 0
855035, 4642830, 0, 0
856012, 4277450, 0, 0
857006, 4391640, 0, 0
858017, 3991685, 0, 0
859053, 4365081, 0, 0
860032, 3908717, 0, 0
861037, 4604587, 0, 0
862034, 4253464, 0, 0
863013, 4819460, 0, 0
864028, 4312442, 0, 0
865035, 4700542, 0, 0
866036, 4146335, 0, 0
867027, 4898381, 0, 0
868043, 4299176, 0, 0
869028, 4132262, 0, 0
870015, 4024840, 0, 0
871016, 4564906, 0, 0
872006, 4494576, 0, 0
873031, 4506847, 0, 0
874056, 4359200, 0, 0
875058, 4291728, 0, 0
876048, 4619867, 0, 0
877032, 4488879, 0, 0
878047, 4919675, 0, 0
879000, 3947134, 0, 0
880047, 4054965, 0, 0
881012, 4359552, 0, 0
882030, 3938265, 0, 0
883021, 4669451, 0, 0
884006, 3840706, 0, 0
885051, 4242580, 0, 0
886057, 4311334, 0, 0
887028, 4776401, 0, 0
888041, 4865810, 0, 0
889032, 4396961, 0, 0
890003, 3957197, 0, 0
891061, 4554264, 0, 0
892033, 4475484, 0, 0
893038, 4417628, 0, 0
894030, 4251697, 0, 0
895059, 4179332, 0, 0
896024, 4223649, 0, 0
897010, 3921039, 0, 0
898030, 4571279, 0, 0
899000, 3724770, 0, 0
900020, 4294927, 0, 0
901042, 4497688, 0, 0
902001, 4411870, 0, 0
903048, 4051686, 0, 0
904042, 4103935, 0, 0
905033, 3957638, 0, 0
906037, 4416802, 0, 0
907035, 3891617, 0, 0
908042, 4313896, 0, 0
909025, 4698631, 0, 0
910048, 4731028, 0, 0
911033, 3919403, 0, 0
912048, 4583044, 0, 0
913005, 4880798, 0, 0
914028, 4365615, 0, 0
915037, 4247658, 0, 0
916015, 3953741, 0, 0
917021, 4608258, 0, 0
918018, 3874808, 0, 0
919039, 4339465, 0, 0
920036, 4147349, 0, 0
921038, 4608707, 0, 0
922022, 4614780, 0, 0
923051, 4228901, 0, 0
924025, 4816495, 0, 0
925002, 4493380, 0, 0
926026, 4278489, 0, 0
927006, 4449502, 0, 0
928012, 4569025, 0, 0
929002, 4099606, 0, 0
930010, 4862798, 0, 0
931041, 4789970, 0, 0
932044, 3972338, 0, 0
933043, 4246824, 0, 0
934002, 4650327, 0, 0
935032, 4229838, 0, 0
936008, 4372626, 0, 0
937035, 4457860, 0, 0
938059, 4317651, 0, 0
939009, 4791950, 0, 0
940055, 4425772, 0, 0
941001, 4943157, 0, 0
942017, 4553454, 0, 0
943021, 3883025, 0, 0
944026, 4441969, 0, 0
945028, 4204777, 0, 0
946022, 4050548, 0, 0
947005, 3568348, 0, 0
948023, 4362433, 0, 0
949004, 4535817, 0, 0
950044, 4187030, 0, 0
951031, 4480489, 0, 0
952050, 3853036, 0, 0
953012, 4326328, 0, 0
954010, 4450629, 0, 0
955050, 3904210, 0, 0
956051, 4328597, 0, 0
957021, 4381412, 0, 0
958025, 4231507, 0, 0
959041, 4468448, 0, 0
960041, 3916810, 0, 0
961024, 4361201, 0, 0
962052, 4647194, 0, 0
963054, 4082698, 0, 0
964010, 3928926, 0, 0
965057, 4068266, 0, 0
966048, 4415422, 0, 0
967055, 4356044, 0, 0
968063, 4453443, 0, 0
969015, 4421434, 0, 0
970034, 4054886, 0, 0
971041, 4315644, 0, 0
972052, 4781054, 0, 0
973066, 4386318, 0, 0
974056, 4373877, 0, 0
975009, 4598165, 0, 0
976075, 3899379, 0, 0
977033, 4103814, 0, 0
978001, 4516507, 0, 0
979012, 4275884, 0, 0
980032, 4336604, 0, 0
981048, 4547991, 0, 0
982051, 4490869, 0, 0
983047, 4161958, 0, 0
984053, 4587848, 0, 0
985007, 4215059, 0, 0
986023, 4471748, 0, 0
987007, 4655889, 0, 0
988054, 4584261, 0, 0
989045, 4783179, 0, 0
990050, 4522256, 0, 0
991000, 4085195, 0, 0
992060, 4088014, 0, 0
993039, 4160273, 0, 0
994000, 4503656, 0, 0
995012, 4092404, 0, 0
996026, 5168104, 0, 0
997002, 4730115, 0, 0
998049, 5537639, 0, 0
999062, 4094495, 0, 0
1000034, 4295956, 0, 0
1001005, 4161023, 0, 0
1002053, 4570441, 0, 0
1003029, 4775934, 0, 0
1004080, 4563612, 0, 0
1005040, 4240082, 0, 0
1006020, 3823664, 0, 0
1007054, 4717052, 0, 0
1008009, 4293537, 0, 0
1009024, 4924151, 0, 0
1010051, 4658260, 0, 0
1011041, 4119009, 0, 0
1012030, 4373077, 0, 0
1013008, 3874951, 0, 0
1014015, 4021296, 0, 0
1015061, 4661541, 0, 0
1016042, 4578943, 0, 0
1017069, 4538093, 0, 0
1018045, 4849679, 0, 0
1019026, 4643870, 0, 0
1020060, 4050375, 0, 0
1021009, 3804380, 0, 0
1022028, 4404066, 0, 0
1023031, 4452031, 0, 0
1024037, 4329598, 0, 0
1025004, 4449783, 0, 0
1026012, 4986080, 0, 0
1027008, 4457866, 0, 0
1028019, 4085922, 0, 0
1029003, 4573228, 0, 0
1030039, 4478427, 0, 0
1031039, 4417372, 0, 0
1032040, 3949681, 0, 0
1033003, 4240354, 0, 0
1034026, 4345614, 0, 0
1035016, 4535730, 0, 0
1036048, 4404131, 0, 0
1037009, 4727297, 0, 0
1038003, 4429325, 0, 0
1039041, 4217036, 0, 0
1040046, 4045209, 0, 0
1041024, 4649446, 0, 0
1042049, 3833662, 0, 0
1043020, 4326892, 0, 0
1044037, 4457168, 0, 0
1045039, 4097183, 0, 0
1046008, 4422328, 0, 0
1047017, 4045941, 0, 0
1048038, 4432208, 0, 0
1049017, 3987282, 0, 0
1050007, 4778924, 0, 0
1051021, 4440618, 0, 0
1052008, 4583133, 0, 0
1053020, 4813503, 0, 0
1054047, 4383125, 0, 0
1055026, 4505747, 0, 0
1056052, 4360021, 0, 0
1057022, 4571107, 0, 0
1058032, 4200232, 0, 0
1059065, 4545233, 0, 0
1060008, 4300195, 0, 0
1061004, 4194027, 0, 0
1062040, 4057401, 0, 0
1063011, 4163465, 0, 0
1064011, 4246956, 0, 0
1065003, 4346261, 0, 0
1066050, 4429692, 0, 0
1067069, 4485113, 0, 0
1068030, 3914302, 0, 0
1069010, 4968601, 0, 0
1070055, 4403976, 0, 0
1071007, 4240913, 0, 0
1072006, 4212354, 0, 0
1073011, 4418107, 0, 0
1074022, 4107000, 0, 0
1075009, 4156028, 0, 0
1076040, 4135259, 0, 0
1077035, 3866366, 0, 0
1078047, 4810874, 0, 0
1079041, 4595078, 0, 0
1080007, 4387128, 0, 0
1081033, 4323503, 0, 0
1082015, 4559998, 0, 0
1083022, 3925633, 0, 0
1084061, 4552071, 0, 0
1085021, 4417721, 0, 0
1086003, 4829492, 0, 0
1087018, 5122733, 0, 0
1088010, 4270584, 0, 0
1089010, 4175499, 0, 0
1090023, 4014830, 0, 0
1091039, 4447632, 0, 0
1092037, 3850348, 0, 0
1093036, 4206136, 0, 0
1094041, 4131021, 0, 0
1095014, 4098497, 0, 0
1096005, 4321841, 0, 0
1097015, 4804669, 0, 0
1098020, 3982967, 0, 0
1099051, 3942586, 0, 0
1100016, 3964816, 0, 0
1101060, 4419236, 0, 0
1102007, 4258000, 0, 0
1103033, 4268934, 0, 0
1104046, 4908755, 0, 0
1105018, 4394497, 0, 0
1106013, 4416208, 0, 0
1107006, 4081087, 0, 0
1108003, 4111346, 0, 0
1109053, 4520169, 0, 0
1110053, 4396843, 0, 0
1111024, 4531803, 0, 0
1112016, 4011591, 0, 0
1113040, 4190248, 0, 0
1114032, 4504713, 0, 0
1115036, 4227007, 0, 0
1116055, 4524747, 0, 0
1117001, 3950014, 0, 0
1118022, 4079527, 0, 0
1119045, 4102732, 0, 0
1120050, 4500347, 0, 0
1121007, 4323583, 0, 0
1122004, 4291542, 0, 0
1123059, 3976619, 0, 0
1124055, 4265517, 0, 0
1125011, 4423610, 0, 0
1126056, 4455835, 0, 0
1127052, 4325083, 0, 0
1128008, 4242067, 0, 0
1129048, 4105847, 0, 0
1130039, 4580380, 0, 0
1131058, 4804531, 0, 0
1132007, 4574828, 0, 0
1133029, 4792327, 0, 0
1134045, 4512281, 0, 0
1135049, 3945983, 0, 0
1136056, 4448442, 0, 0
1137049, 4657335, 0, 0
1138058, 4915486, 0, 0
1139046, 4696807, 0, 0
1140053, 4410259, 0, 0
1141059, 3862216, 0, 0
1142056, 4312001, 0, 0
1143035, 4463801, 0, 0
1144002, 4330210, 0, 0
1145050, 4304354, 0, 0
1146050, 4214558, 0, 0
1147008, 4122986, 0, 0
1148000, 3992500, 0, 0
1149040, 3947321, 0, 0
1150059, 4669326, 0, 0
1151021, 4575178, 0, 0
1152007, 4002045, 0, 0
1153053, 4001038, 0, 0
1154036, 4524055, 0, 0
1155035, 4394881, 0, 0
1156022, 4927548, 0, 0
1157018, 4305534, 0, 0
1158046, 4710495, 0, 0
1159008, 4734417, 0, 0
1160017, 4010382, 0, 0
1161044, 4981415, 0, 0
1162028, 3977871, 0, 0
1163024, 4380313, 0, 0
1164017, 4385806, 0, 0
1165008, 3989737, 0, 0
1166000, 4249976, 0, 0
1167034, 4378196, 0, 0
1168003, 4098008, 0, 0
1169014, 4549577, 0, 0
1170005, 4022350, 0, 0
1171034, 4297286, 0, 0
1172047, 4359023, 0, 0
1173028, 4779177, 0, 0
1174000, 4095723, 0, 0
1175017, 4398248, 0, 0
1176016, 3836583, 0, 0
1177040, 4106675, 0, 0
1178028, 3763732, 0, 0
1179053, 5092101, 0, 0
1180157, 5833915, 0, 0
1181041, 3923078, 0, 0
1182062, 4494161, 0, 0
1183034, 4535664, 0, 0
1184003, 4788160, 0, 0
1185025, 4113851, 0, 0
1186048, 4544679, 0, 0
1187041, 4446786, 0, 0
1188030, 3900268, 0, 0
1189037, 4008015, 0, 0
1190004, 4491213, 0, 0
1191038, 4300114, 0, 0
1192054, 4487683, 0, 0
1193027, 4099326, 0, 0
1194044, 4497764, 0, 0
1195008, 4452537, 0, 0
1196000, 3944744, 0, 0
1197049, 4348084, 0, 0
1198038, 4745935, 0, 0
1199055, 4657288, 0, 0
1200044, 4450382, 0, 0
