1052, 7156186, 0, 0
2033, 8166732, 0, 0
3026, 7690800, 0, 0
4060, 8261785, 0, 0
5012, 7927987, 0, 0
6022, 7949971, 0, 0
7003, 5891241, 0, 0
8007, 7832562, 0, 0
9008, 7352254, 0, 0
10008, 8850261, 0, 0
11032, 7988160, 0, 0
12053, 8230523, 0, 0
13000, 7391303, 0, 0
14036, 8084742, 0, 0
15044, 7865939, 0, 0
16041, 8520240, 0, 0
17000, 7920225, 0, 0
18028, 8020614, 0, 0
19009, 7657175, 0, 0
20033, 7992379, 0, 0
21064, 8376529, 0, 0
22022, 8179940, 0, 0
23015, 8137094, 0, 0
24022, 7797080, 0, 0
25057, 7495966, 0, 0
26013, 7826422, 0, 0
27029, 7752122, 0, 0
28028, 8248593, 0, 0
29039, 7653646, 0, 0
30048, 8195757, 0, 0
31054, 7786774, 0, 0
32006, 7611995, 0, 0
33038, 7997811, 0, 0
34017, 7464085, 0, 0
35033, 7807443, 0, 0
36003, 8008871, 0, 0
37011, 7687674, 0, 0
38033, 7918940, 0, 0
39007, 7850151, 0, 0
40004, 7599455, 0, 0
41032, 7900740, 0, 0
42000, 7217142, 0, 0
43001, 7753668, 0, 0
44057, 8057727, 0, 0
45034, 7997818, 0, 0
46060, 7825641, 0, 0
47063, 8221583, 0, 0
48018, 7569373, 0, 0
49018, 7689474, 0, 0
50053, 7949518, 0, 0
51038, 7295031, 0, 0
52056, 7759445, 0, 0
53033, 8070388, 0, 0
54025, 7561584, 0, 0
55005, 7311290, 0, 0
56020, 7799458, 0, 0
57031, 7713177, 0, 0
58003, 7301990, 0, 0
59000, 7381409, 0, 0
60003, 7474258, 0, 0
61051, 7703266, 0, 0
62070, 7828861, 0, 0
63024, 7509611, 0, 0
64048, 7413382, 0, 0
65036, 7892115, 0, 0
66041, 7441853, 0, 0
67040, 7616546, 0, 0
68001, 7680075, 0, 0
69042, 8001163, 0, 0
70020, 7189541, 0, 0
71043, 7856552, 0, 0
72037, 8080730, 0, 0
73034, 7268276, 0, 0
74005, 7291781, 0, 0
75057, 7460158, 0, 0
76041, 7280419, 0, 0
77063, 7396723, 0, 0
78006, 7481781, 0, 0
79053, 7161371, 0, 0
80003, 7027072, 0, 0
81052, 7385040, 0, 0
82022, 7633304, 0, 0
83027, 7436790, 0, 0
84004, 7231931, 0, 0
85024, 7715863, 0, 0
86003, 7893234, 0, 0
87059, 7375285, 0, 0
88015, 7761963, 0, 0
89017, 7157397, 0, 0
90016, 7554835, 0, 0
91021, 7389790, 0, 0
92033, 7377987, 0, 0
93032, 7030168, 0, 0
94014, 7003641, 0, 0
95021, 7294778, 0, 0
96037, 7354913, 0, 0
97006, 7867661, 0, 0
98052, 7059838, 0, 0
99017, 7531668, 0, 0
100057, 7590101, 0, 0
101030, 7775836, 0, 0
102029, 6982087, 0, 0
103040, 7159156, 0, 0
104020, 7775702, 0, 0
105029, 7359535, 0, 0
106005, 7113377, 0, 0
107025, 7498113, 0, 0
108001, 7737492, 0, 0
109017, 7461161, 0, 0
110042, 7763244, 0, 0
111050, 6943247, 0, 0
112060, 7647382, 0, 0
113027, 7051096, 0, 0
114065, 7857506, 0, 0
115024, 7371142, 0, 0
116039, 7400983, 0, 0
117013, 7486445, 0, 0
118003, 7667174, 0, 0
119037, 7428704, 0, 0
120012, 7060562, 0, 0
121015, 7156266, 0, 0
122007, 7180107, 0, 0
123026, 7381023, 0, 0
124017, 6968657, 0, 0
125055, 7571739, 0, 0
126053, 7915440, 0, 0
127041, 6856214, 0, 0
128059, 7012146, 0, 0
129060, 7193801, 0, 0
130057, 6964682, 0, 0
131053, 7163429, 0, 0
132004, 7253921, 0, 0
133065, 6926559, 0, 0
134050, 7286483, 0, 0
135008, 7251362, 0, 0
136052, 7148379, 0, 0
137043, 7553525, 0, 0
138027, 7285156, 0, 0
139016, 6858393, 0, 0
140034, 7165346, 0, 0
141036, 7306453, 0, 0
142019, 6918185, 0, 0
143063, 7292364, 0, 0
144026, 6973023, 0, 0
145001, 7319693, 0, 0
146015, 6992376, 0, 0
147068, 7205204, 0, 0
148016, 7511304, 0, 0
149059, 6771574, 0, 0
150045, 6746304, 0, 0
151018, 7041237, 0, 0
152006, 7205820, 0, 0
153000, 7146497, 0, 0
154057, 7330565, 0, 0
155000, 6631380, 0, 0
156001, 7640643, 0, 0
157024, 7681064, 0, 0
158018, 7149176, 0, 0
159006, 7362635, 0, 0
160004, 7126406, 0, 0
161039, 7228487, 0, 0
162009, 7341230, 0, 0
163003, 6948297, 0, 0
164023, 6879229, 0, 0
165027, 7491317, 0, 0
166001, 7370982, 0, 0
167019, 7016435, 0, 0
168014, 6533684, 0, 0
169010, 6867400, 0, 0
170020, 6908890, 0, 0
171064, 7294724, 0, 0
172008, 6886521, 0, 0
173045, 7344759, 0, 0
174046, 7697837, 0, 0
175017, 7075368, 0, 0
176029, 7021456, 0, 0
177037, 7141075, 0, 0
178016, 6704997, 0, 0
179041, 6688385, 0, 0
180038, 6873379, 0, 0
181046, 7241088, 0, 0
182048, 6547120, 0, 0
183019, 7024482, 0, 0
184057, 7153834, 0, 0
185052, 7257361, 0, 0
186058, 7129067, 0, 0
187052, 6615235, 0, 0
188020, 6964640, 0, 0
189042, 7235597, 0, 0
190054, 7225098, 0, 0
191039, 6693934, 0, 0
192047, 6848087, 0, 0
193061, 6895957, 0, 0
194050, 7102573, 0, 0
195060, 7157529, 0, 0
196011, 6890853, 0, 0
197050, 6367604, 0, 0
198041, 6873557, 0, 0
199017, 6917098, 0, 0
200020, 7056632, 0, 0
201000, 6841277, 0, 0
202051, 6647898, 0, 0
203059, 7145114, 0, 0
204037, 7127717, 0, 0
205006, 6774014, 0, 0
206031, 7419919, 0, 0
207057, 7324406, 0, 0
208008, 6371226, 0, 0
209016, 6580831, 0, 0
210051, 6548706, 0, 0
211038, 6795427, 0, 0
212005, 6806965, 0, 0
213047, 6585375, 0, 0
214033, 6395176, 0, 0
215042, 6859485, 0, 0
216005, 7074533, 0, 0
217008, 6816550, 0, 0
218012, 6470933, 0, 0
219055, 7288916, 0, 0
220048, 7038197, 0, 0
221055, 6795550, 0, 0
222016, 6960565, 0, 0
223014, 6875549, 0, 0
224025, 6820135, 0, 0
225034, 7055399, 0, 0
226051, 6430105, 0, 0
227057, 6832592, 0, 0
228025, 7057293, 0, 0
229051, 6656657, 0, 0
230042, 6471463, 0, 0
231026, 6970528, 0, 0
232025, 6610464, 0, 0
233053, 6584757, 0, 0
234049, 7056216, 0, 0
235042, 6572182, 0, 0
236020, 6381154, 0, 0
237013, 6238937, 0, 0
238058, 6407265, 0, 0
239048, 6916496, 0, 0
240003, 6627083, 0, 0
241014, 6866454, 0, 0
242062, 6504726, 0, 0
243069, 7398721, 0, 0
244028, 6698164, 0, 0
245005, 7077828, 0, 0
246021, 6673789, 0, 0
247033, 6695844, 0, 0
248001, 6404579, 0, 0
249022, 6889446, 0, 0
250017, 6903900, 0, 0
251044, 6453437, 0, 0
252016, 7141914, 0, 0
253059, 6391980, 0, 0
254063, 6431464, 0, 0
255031, 6762761, 0, 0
256046, 6758462, 0, 0
257046, 6615037, 0, 0
258022, 7065358, 0, 0
259063, 6224748, 0, 0
260000, 7490412, 0, 0
261028, 7185754, 0, 0
262034, 6165944, 0, 0
263051, 6818528, 0, 0
264040, 6766849, 0, 0
265075, 6620246, 0, 0
266001, 6804871, 0, 0
267016, 6337361, 0, 0
268018, 6140784, 0, 0
269034, 6506916, 0, 0
270023, 6625394, 0, 0
271037, 6293785, 0, 0
272058, 5965224, 0, 0
273003, 6689307, 0, 0
274036, 6449004, 0, 0
275049, 6289677, 0, 0
276014, 6469180, 0, 0
277022, 6621930, 0, 0
278027, 6198818, 0, 0
279011, 6422934, 0, 0
280033, 6266310, 0, 0
281050, 6268364, 0, 0
282031, 6856948, 0, 0
283031, 6938692, 0, 0
284008, 6502777, 0, 0
285051, 6276636, 0, 0
286053, 6859646, 0, 0
287009, 6585321, 0, 0
288014, 6199372, 0, 0
289046, 6247628, 0, 0
290047, 6622748, 0, 0
291031, 6181819, 0, 0
292004, 6748094, 0, 0
293017, 6285249, 0, 0
294039, 6006629, 0, 0
295020, 6757950, 0, 0
296057, 6556242, 0, 0
297062, 6196209, 0, 0
298012, 6368767, 0, 0
299000, 6285348, 0, 0
300055, 6387848, 0, 0
301048, 6405321, 0, 0
302048, 6568439, 0, 0
303012, 5697528, 0, 0
304003, 6113005, 0, 0
305004, 6173158, 0, 0
306046, 6124471, 0, 0
307021, 6081838, 0, 0
308070, 7038969, 0, 0
309018, 5601187, 0, 0
310039, 6034030, 0, 0
311056, 6599441, 0, 0
312033, 6548503, 0, 0
313010, 5990307, 0, 0
314031, 6140464, 0, 0
315038, 6062159, 0, 0
316027, 6765033, 0, 0
317036, 5726341, 0, 0
318048, 6092599, 0, 0
319067, 6061336, 0, 0
320027, 6182307, 0, 0
321049, 6043164, 0, 0
322005, 6326323, 0, 0
323008, 6337304, 0, 0
324061, 6378738, 0, 0
325003, 5845079, 0, 0
326054, 6175852, 0, 0
327006, 6057102, 0, 0
328029, 5460999, 0, 0
329049, 5995502, 0, 0
330036, 6120256, 0, 0
331027, 6649510, 0, 0
332048, 6107209, 0, 0
333024, 6248571, 0, 0
334034, 6043452, 0, 0
335023, 6414096, 0, 0
336034, 6118762, 0, 0
337009, 5800577, 0, 0
338053, 6063606, 0, 0
339002, 6035946, 0, 0
340018, 6042728, 0, 0
341012, 5941965, 0, 0
342054, 6591323, 0, 0
343012, 6095188, 0, 0
344029, 6009763, 0, 0
345021, 6195171, 0, 0
346054, 6330639, 0, 0
347038, 5991661, 0, 0
348044, 6526432, 0, 0
349010, 6227346, 0, 0
350056, 6004297, 0, 0
351035, 5590823, 0, 0
352025, 6259921, 0, 0
353054, 5974061, 0, 0
354012, 6690367, 0, 0
355014, 6066584, 0, 0
356012, 5901685, 0, 0
357063, 6173664, 0, 0
358005, 6271500, 0, 0
359013, 5992677, 0, 0
360053, 5871017, 0, 0
361073, 6291095, 0, 0
362030, 6088106, 0, 0
363040, 5834321, 0, 0
364031, 5560483, 0, 0
365058, 6328563, 0, 0
366002, 6330280, 0, 0
367053, 6108247, 0, 0
368045, 5630586, 0, 0
369040, 6328836, 0, 0
370048, 5923017, 0, 0
371010, 5788120, 0, 0
372044, 6187753, 0, 0
373053, 5929305, 0, 0
374036, 6060861, 0, 0
375042, 5838903, 0, 0
376022, 6007065, 0, 0
377009, 5833307, 0, 0
378056, 5842948, 0, 0
379029, 5888552, 0, 0
380060, 6133936, 0, 0
381052, 6118334, 0, 0
382025, 5996063, 0, 0
383014, 5554033, 0, 0
384017, 6105102, 0, 0
385045, 5772008, 0, 0
386016, 5770704, 0, 0
387058, 6345182, 0, 0
388000, 5702680, 0, 0
389022, 5703110, 0, 0
390023, 6250136, 0, 0
391034, 6645905, 0, 0
392039, 5341830, 0, 0
393020, 6576957, 0, 0
394045, 5719622, 0, 0
395033, 5545124, 0, 0
396060, 5761655, 0, 0
397053, 6049571, 0, 0
398063, 5862039, 0, 0
399044, 5508260, 0, 0
400041, 6107378, 0, 0
401071, 5780821, 0, 0
402023, 6172492, 0, 0
403011, 5741480, 0, 0
404015, 5540817, 0, 0
405002, 5831948, 0, 0
406024, 5605961, 0, 0
407047, 6198937, 0, 0
408025, 6140809, 0, 0
409012, 5904056, 0, 0
410029, 5874620, 0, 0
411044, 5598628, 0, 0
412006, 5460584, 0, 0
413028, 5801671, 0, 0
414020, 5792799, 0, 0
415058, 5824213, 0, 0
416020, 6045359, 0, 0
417041, 6035122, 0, 0
418052, 6080985, 0, 0
419033, 6086487, 0, 0
420039, 5583370, 0, 0
421032, 6528782, 0, 0
422045, 5949437, 0, 0
423032, 5301214, 0, 0
424000, 5967618, 0, 0
425040, 5495377, 0, 0
426012, 5276366, 0, 0
427004, 5566290, 0, 0
428032, 5432626, 0, 0
429058, 5665156, 0, 0
430011, 5766322, 0, 0
431059, 5884803, 0, 0
432048, 5950153, 0, 0
433000, 4897369, 0, 0
434036, 5509306, 0, 0
435020, 5647541, 0, 0
436002, 5077611, 0, 0
437042, 5906340, 0, 0
438020, 6472391, 0, 0
439043, 5435306, 0, 0
440043, 5769853, 0, 0
441006, 5903360, 0, 0
442027, 5762894, 0, 0
443049, 5344662, 0, 0
444054, 6157911, 0, 0
445062, 5410896, 0, 0
446048, 6271694, 0, 0
447036, 5580019, 0, 0
448050, 5415241, 0, 0
449062, 5211594, 0, 0
450029, 5682018, 0, 0
451025, 5203887, 0, 0
452052, 5608614, 0, 0
453050, 5759351, 0, 0
454019, 5565942, 0, 0
455064, 5861741, 0, 0
456033, 6014442, 0, 0
457000, 5746592, 0, 0
458060, 5117321, 0, 0
459040, 6040402, 0, 0
460071, 5657941, 0, 0
461004, 5647906, 0, 0
462015, 6598607, 0, 0
463028, 5500182, 0, 0
464019, 5690060, 0, 0
465030, 5203361, 0, 0
466012, 5111636, 0, 0
467005, 5974311, 0, 0
468038, 5374822, 0, 0
469025, 5055032, 0, 0
470066, 5468175, 0, 0
471023, 5466373, 0, 0
472022, 5389261, 0, 0
473029, 5652614, 0, 0
474036, 5494871, 0, 0
475013, 5777118, 0, 0
476011, 5417950, 0, 0
477063, 5678580, 0, 0
478012, 5357773, 0, 0
479044, 5283910, 0, 0
480010, 5417495, 0, 0
481038, 5520650, 0, 0
482053, 5093588, 0, 0
483019, 5885758, 0, 0
484055, 5685852, 0, 0
485059, 5478028, 0, 0
486034, 5385054, 0, 0
487014, 5968303, 0, 0
488061, 5650767, 0, 0
489000, 5424799, 0, 0
490048, 5878367, 0, 0
491018, 4943098, 0, 0
492023, 5455312, 0, 0
493005, 5607643, 0, 0
494016, 5734872, 0, 0
495032, 5123611, 0, 0
496011, 5405081, 0, 0
497045, 5580357, 0, 0
498065, 5093603, 0, 0
499032, 5716000, 0, 0
500045, 5112111, 0, 0
501054, 5274177, 0, 0
502037, 5008367, 0, 0
503018, 5297938, 0, 0
504052, 5704321, 0, 0
505002, 4844266, 0, 0
506037, 5523940, 0, 0
507014, 5645219, 0, 0
508011, 5720414, 0, 0
509034, 5034097, 0, 0
510008, 5347842, 0, 0
511022, 5326523, 0, 0
512038, 6004435, 0, 0
513060, 5705202, 0, 0
514029, 5468029, 0, 0
515059, 5385269, 0, 0
516006, 5438716, 0, 0
517010, 5196397, 0, 0
518000, 5120162, 0, 0
519017, 5131863, 0, 0
520030, 4936533, 0, 0
521061, 5046358, 0, 0
522012, 5521260, 0, 0
523043, 4950765, 0, 0
524057, 5387035, 0, 0
525001, 4573957, 0, 0
526007, 5104273, 0, 0
527027, 5476969, 0, 0
528000, 4933489, 0, 0
529044, 4963149, 0, 0
530048, 4940780, 0, 0
531032, 4841283, 0, 0
532044, 5000294, 0, 0
533055, 5403837, 0, 0
534012, 5397606, 0, 0
535056, 4761394, 0, 0
536030, 5204942, 0, 0
537038, 5382045, 0, 0
538058, 5417649, 0, 0
539006, 5442369, 0, 0
540031, 5446411, 0, 0
541041, 5311384, 0, 0
542030, 4963861, 0, 0
543012, 5130898, 0, 0
544017, 5072478, 0, 0
545050, 5132719, 0, 0
546016, 5577690, 0, 0
547059, 4843439, 0, 0
548062, 4747909, 0, 0
549019, 5689208, 0, 0
550002, 5169716, 0, 0
551017, 5015679, 0, 0
552038, 5339632, 0, 0
553064, 4723771, 0, 0
554039, 5020584, 0, 0
555042, 5217255, 0, 0
556046, 5011176, 0, 0
557043, 5380986, 0, 0
558048, 4994211, 0, 0
559000, 4849663, 0, 0
560001, 5293876, 0, 0
561058, 4647807, 0, 0
562017, 4990719, 0, 0
563046, 4776745, 0, 0
564059, 4844375, 0, 0
565007, 4852813, 0, 0
566054, 5446029, 0, 0
567024, 5475137, 0, 0
568017, 4883095, 0, 0
569009, 5136246, 0, 0
570035, 4833666, 0, 0
571056, 4528552, 0, 0
572051, 5019425, 0, 0
573053, 4743466, 0, 0
574001, 4661996, 0, 0
575006, 4385682, 0, 0
576058, 5278291, 0, 0
577015, 5032764, 0, 0
578021, 6088663, 0, 0
579036, 4563656, 0, 0
580022, 4603276, 0, 0
581045, 4645062, 0, 0
582039, 4819413, 0, 0
583051, 5101722, 0, 0
584008, 4805913, 0, 0
585058, 5405689, 0, 0
586045, 4828852, 0, 0
587030, 4967836, 0, 0
588000, 4612252, 0, 0
589000, 5228970, 0, 0
590039, 4853215, 0, 0
591018, 4910645, 0, 0
592063, 4638151, 0, 0
593026, 5008701, 0, 0
594059, 5211649, 0, 0
595039, 4684863, 0, 0
596001, 4948590, 0, 0
597011, 4221770, 0, 0
598055, 4696564, 0, 0
599027, 4513946, 0, 0
600039, 4742727, 0, 0
601044, 4420657, 0, 0
602042, 4962078, 0, 0
603013, 5414629, 0, 0
604036, 5084984, 0, 0
605029, 4767585, 0, 0
606058, 5190262, 0, 0
607005, 4977756, 0, 0
608031, 5253580, 0, 0
609035, 4398000, 0, 0
610010, 5503494, 0, 0
611036, 4512911, 0, 0
612016, 5018286, 0, 0
613006, 4494245, 0, 0
614008, 4411156, 0, 0
615067, 4825327, 0, 0
616053, 4416338, 0, 0
617049, 4806242, 0, 0
618003, 4910580, 0, 0
619037, 4302209, 0, 0
620045, 4319204, 0, 0
621022, 4758545, 0, 0
622022, 4540423, 0, 0
623044, 4909479, 0, 0
624039, 4579673, 0, 0
625038, 4938049, 0, 0
626014, 4922585, 0, 0
627024, 4363901, 0, 0
628052, 4753623, 0, 0
629023, 4253285, 0, 0
630016, 4589730, 0, 0
631045, 4782230, 0, 0
632064, 4691051, 0, 0
633033, 4908876, 0, 0
634052, 4604834, 0, 0
635012, 4917858, 0, 0
636052, 4577520, 0, 0
637008, 4220363, 0, 0
638011, 4532852, 0, 0
639042, 4975478, 0, 0
640044, 4546743, 0, 0
641039, 4799914, 0, 0
642058, 4759015, 0, 0
643015, 4363065, 0, 0
644001, 4849925, 0, 0
645057, 5640456, 0, 0
646041, 5370011, 0, 0
647055, 4326482, 0, 0
648046, 4648587, 0, 0
649033, 4359018, 0, 0
650021, 4741821, 0, 0
651018, 4351405, 0, 0
652035, 4550504, 0, 0
653022, 5083975, 0, 0
654017, 5285213, 0, 0
655025, 4817891, 0, 0
656032, 4975537, 0, 0
657013, 4826092, 0, 0
658019, 4720360, 0, 0
659005, 4412314, 0, 0
660059, 4680253, 0, 0
661055, 4734070, 0, 0
662032, 4806108, 0, 0
663014, 4606533, 0, 0
664034, 4757949, 0, 0
665061, 4773111, 0, 0
666016, 4414373, 0, 0
667040, 4277193, 0, 0
668035, 4139835, 0, 0
669064, 4028412, 0, 0
670008, 4536147, 0, 0
671003, 4533180, 0, 0
672013, 4851156, 0, 0
673007, 4260830, 0, 0
674033, 4613796, 0, 0
675004, 4144369, 0, 0
676033, 4870346, 0, 0
677054, 4197182, 0, 0
678021, 4292653, 0, 0
679064, 4300996, 0, 0
680045, 4394199, 0, 0
681042, 3918003, 0, 0
682053, 5257871, 0, 0
683065, 4703174, 0, 0
684041, 3836035, 0, 0
685051, 4824149, 0, 0
686005, 4391342, 0, 0
687048, 4736986, 0, 0
688020, 4470075, 0, 0
689002, 4880750, 0, 0
690050, 4103384, 0, 0
691015, 4744802, 0, 0
692019, 4249014, 0, 0
693016, 4741551, 0, 0
694009, 4256407, 0, 0
695053, 4804009, 0, 0
696035, 4585242, 0, 0
697060, 4430636, 0, 0
698030, 4967058, 0, 0
699052, 4790776, 0, 0
700032, 3995080, 0, 0
701061, 4938750, 0, 0
702040, 4838113, 0, 0
703000, 4725523, 0, 0
704008, 4174294, 0, 0
705001, 3800392, 0, 0
706012, 4587459, 0, 0
707041, 4567456, 0, 0
708051, 4236905, 0, 0
709015, 5068494, 0, 0
710009, 4118500, 0, 0
711049, 4253996, 0, 0
712028, 4039897, 0, 0
713030, 4390732, 0, 0
714011, 4533708, 0, 0
715026, 4311903, 0, 0
716059, 4262782, 0, 0
717054, 4458737, 0, 0
718004, 4815005, 0, 0
719007, 4472068, 0, 0
720010, 4334786, 0, 0
721057, 4526497, 0, 0
722043, 4134828, 0, 0
723053, 4872626, 0, 0
724005, 4548566, 0, 0
725023, 4363934, 0, 0
726017, 4683512, 0, 0
727038, 4611495, 0, 0
728019, 5131068, 0, 0
729038, 4187732, 0, 0
730028, 4205096, 0, 0
731049, 4213626, 0, 0
732030, 4411929, 0, 0
733000, 4195294, 0, 0
734071, 4647220, 0, 0
735050, 4088733, 0, 0
736047, 4548158, 0, 0
737011, 4538988, 0, 0
738053, 3812092, 0, 0
739054, 4385243, 0, 0
740038, 3804609, 0, 0
741003, 4103432, 0, 0
742013, 4015476, 0, 0
743026, 4475577, 0, 0
744041, 4758011, 0, 0
745050, 4326880, 0, 0
746058, 4281480, 0, 0
747019, 4615384, 0, 0
748040, 4570981, 0, 0
749025, 4151018, 0, 0
750045, 4409637, 0, 0
751031, 4945951, 0, 0
752027, 4440793, 0, 0
753066, 4202632, 0, 0
754033, 4366643, 0, 0
755047, 4460814, 0, 0
756014, 4622716, 0, 0
757056, 4316162, 0, 0
758005, 4033234, 0, 0
759000, 4188264, 0, 0
760018, 4583767, 0, 0
761009, 4709042, 0, 0
762051, 5004259, 0, 0
763054, 4451761, 0, 0
764023, 4282679, 0, 0
765046, 4346867, 0, 0
766068, 4747172, 0, 0
767031, 5005909, 0, 0
768037, 4330125, 0, 0
769026, 4240198, 0, 0
770008, 4580513, 0, 0
771036, 4503474, 0, 0
772056, 4209666, 0, 0
773036, 4214365, 0, 0
774072, 4906673, 0, 0
775031, 4272938, 0, 0
776053, 4596919, 0, 0
777000, 4280640, 0, 0
778002, 4448036, 0, 0
779012, 4308573, 0, 0
780058, 4032932, 0, 0
781050, 4363284, 0, 0
782041, 3650917, 0, 0
783011, 4343324, 0, 0
784037, 3971650, 0, 0
785086, 4986487, 0, 0
786041, 3695287, 0, 0
787033, 4483796, 0, 0
788047, 4820079, 0, 0
789006, 4201385, 0, 0
790036, 4568695, 0, 0
791036, 4286256, 0, 0
792027, 4875893, 0, 0
793032, 4442735, 0, 0
794040, 4491047, 0, 0
795033, 4958792, 0, 0
796053, 4193407, 0, 0
797003, 4329289, 0, 0
798041, 4196256, 0, 0
799047, 4067037, 0, 0
800023, 4430025, 0, 0
801020, 4740835, 0, 0
802013, 4591642, 0, 0
803040, 4381885, 0, 0
804003, 4537143, 0, 0
805048, 4347935, 0, 0
806007, 4434886, 0, 0
807004, 3947490, 0, 0
808057, 4172284, 0, 0
809038, 4101951, 0, 0
810045, 4021069, 0, 0
811007, 4443454, 0, 0
812057, 4265691, 0, 0
813021, 4109734, 0, 0
814006, 4598539, 0, 0
815033, 4724809, 0, 0
816008, 4110738, 0, 0
817016, 4225359, 0, 0
818025, 5063732, 0, 0
819029, 4645943, 0, 0
820047, 4250390, 0, 0
821041, 4318776, 0, 0
822055, 3907403, 0, 0
823059, 3978413, 0, 0
824032, 4739632, 0, 0
825022, 4393394, 0, 0
826052, 4454124, 0, 0
827000, 4709204, 0, 0
828058, 4847857, 0, 0
829027, 4987245, 0, 0
830000, 4737055, 0, 0
831047, 4471863, 0, 0
832053, 4501359, 0, 0
833064, 4428765, 0, 0
834001, 4519934, 0, 0
835006, 4501245, 0, 0
836005, 4553670, 0, 0
837043, 3942561, 0, 0
838011, 4934284, 0, 0
839029, 4360146, 0, 0
840020, 4360584, 0, 0
841063, 4216334, 0, 0
842010, 4146943, 0, 0
843052, 4196651, 0, 0
844068, 4389744, 0, 0
845022, 4626837, 0, 0
846021, 4319271, 0, 0
847028, 4633242, 0, 0
848030, 4788630, 0, 0
849019, 4312707, 0, 0
850058, 4323197, 0, 0
851015, 4046612, 0, 0
852055, 4362579, 0, 0
853058, 4615608, 0, 0
854054, 4078108, 0, 0
855055, 4649944, 0, 0
856031, 4162741, 0, 0
857019, 4424653, 0, 0
858033, 4200505, 0, 0
859006, 4377648, 0, 0
860046, 4122985, 0, 0
861049, 3864517, 0, 0
862051, 4220456, 0, 0
863028, 4227113, 0, 0
864042, 4048394, 0, 0
865048, 4067560, 0, 0
866051, 4135614, 0, 0
867043, 4589387, 0, 0
868059, 4509628, 0, 0
869043, 4365668, 0, 0
870036, 4163527, 0, 0
871032, 4717796, 0, 0
872024, 4672387, 0, 0
873046, 5075695, 0, 0
874009, 4557319, 0, 0
875004, 3975257, 0, 0
876068, 4499025, 0, 0
877048, 4728782, 0, 0
878003, 4500861, 0, 0
879017, 4047924, 0, 0
880065, 4716308, 0, 0
881028, 4711577, 0, 0
882046, 4082922, 0, 0
883035, 3526843, 0, 0
884020, 3965045, 0, 0
885000, 3930068, 0, 0
886012, 4157018, 0, 0
887043, 4576449, 0, 0
888060, 4285346, 0, 0
889051, 4476968, 0, 0
890018, 3863061, 0, 0
891007, 4659323, 0, 0
892049, 4729250, 0, 0
893051, 3817622, 0, 0
894044, 4550256, 0, 0
895012, 4758547, 0, 0
896037, 4414069, 0, 0
897025, 4442681, 0, 0
898045, 4446157, 0, 0
899014, 4081812, 0, 0
900036, 4558803, 0, 0
901056, 4849550, 0, 0
902016, 3993686, 0, 0
903002, 4397691, 0, 0
904001, 4433862, 0, 0
905046, 4383889, 0, 0
906054, 4703081, 0, 0
907050, 4479766, 0, 0
908056, 4352055, 0, 0
909041, 5069298, 0, 0
910064, 4862774, 0, 0
911048, 3840416, 0, 0
912000, 3785981, 0, 0
913024, 4914021, 0, 0
914041, 4196385, 0, 0
915052, 4568272, 0, 0
916031, 3804118, 0, 0
917036, 4381534, 0, 0
918033, 3605247, 0, 0
919058, 4611649, 0, 0
920051, 4099105, 0, 0
921051, 4478293, 0, 0
922037, 4687884, 0, 0
923067, 4214521, 0, 0
924039, 4687959, 0, 0
925017, 4175904, 0, 0
926039, 4515051, 0, 0
927025, 4537150, 0, 0
928028, 4121821, 0, 0
929031, 4315366, 0, 0
930047, 4430208, 0, 0
931009, 3985662, 0, 0
932014, 4442247, 0, 0
933011, 3856836, 0, 0
934032, 4304192, 0, 0
935062, 4849265, 0, 0
936035, 3951619, 0, 0
937004, 4278312, 0, 0
938030, 4167675, 0, 0
939042, 4679706, 0, 0
940022, 5040378, 0, 0
941031, 4324336, 0, 0
942051, 4191977, 0, 0
943051, 3977796, 0, 0
944056, 4581846, 0, 0
945063, 4225412, 0, 0
946054, 4439048, 0, 0
947038, 4346264, 0, 0
948054, 3675299, 0, 0
949046, 4343485, 0, 0
950017, 4489391, 0, 0
951006, 4063984, 0, 0
952020, 4254269, 0, 0
953042, 4474708, 0, 0
954042, 4581500, 0, 0
955010, 3867177, 0, 0
956021, 4427154, 0, 0
957050, 4318956, 0, 0
958058, 4321008, 0, 0
959012, 4249104, 0, 0
960011, 4414887, 0, 0
961018, 5494142, 0, 0
962038, 4126237, 0, 0
963038, 4396757, 0, 0
964025, 4931603, 0, 0
965012, 4320383, 0, 0
966003, 4211956, 0, 0
967009, 4148935, 0, 0
968003, 4450507, 0, 0
969030, 4663486, 0, 0
970048, 4236493, 0, 0
971057, 3889291, 0, 0
972001, 4808537, 0, 0
973002, 4045783, 0, 0
974007, 4541874, 0, 0
975026, 4255201, 0, 0
976017, 4520197, 0, 0
977046, 4282933, 0, 0
978015, 4417846, 0, 0
979027, 4210729, 0, 0
980050, 4152799, 0, 0
981062, 4071414, 0, 0
982006, 4859161, 0, 0
983004, 4121233, 0, 0
984011, 3974471, 0, 0
985021, 4253438, 0, 0
986038, 4128286, 0, 0
987024, 4413322, 0, 0
988004, 4391999, 0, 0
989003, 4412364, 0, 0
990006, 4792931, 0, 0
991015, 4341736, 0, 0
992016, 4292418, 0, 0
993053, 4350823, 0, 0
994014, 4226656, 0, 0
995028, 4538397, 0, 0
996044, 4336202, 0, 0
997014, 4487454, 0, 0
998066, 4606824, 0, 0
999007, 4065048, 0, 0
1000049, 4607598, 0, 0
1001021, 3746242, 0, 0
1002007, 4516584, 0, 0
1003046, 4510695, 0, 0
1004011, 4032270, 0, 0
1005106, 5158349, 0, 0
1006004, 3847021, 0, 0
1007037, 4777649, 0, 0
1008052, 4524699, 0, 0
1009008, 4894180, 0, 0
1010038, 4490412, 0, 0
1011024, 4499228, 0, 0
1012016, 4438966, 0, 0
1013055, 3902505, 0, 0
1014000, 4065107, 0, 0
1015047, 3958104, 0, 0
1016027, 3978754, 0, 0
1017056, 3935570, 0, 0
1018032, 4389628, 0, 0
1019011, 4547483, 0, 0
1020046, 4593665, 0, 0
1021056, 4169742, 0, 0
1022015, 5040590, 0, 0
1023017, 4257297, 0, 0
1024021, 4247456, 0, 0
1025053, 4350278, 0, 0
1026055, 4718055, 0, 0
1027055, 4229709, 0, 0
1028002, 4260603, 0, 0
1029067, 4429465, 0, 0
1030026, 4540130, 0, 0
1031025, 4375195, 0, 0
1032026, 4762562, 0, 0
1033051, 4174132, 0, 0
1034011, 4997451, 0, 0
1035071, 4447360, 0, 0
1036033, 4487572, 0, 0
1037057, 4693646, 0, 0
1038048, 4416212, 0, 0
1039029, 4257689, 0, 0
1040028, 4299795, 0, 0
1041012, 4425517, 0, 0
1042001, 4869015, 0, 0
1043037, 4308908, 0, 0
1044053, 4696342, 0, 0
1045053, 3901794, 0, 0
1046022, 4151179, 0, 0
1047030, 4434446, 0, 0
1048052, 3926807, 0, 0
1049016, 4837827, 0, 0
1050055, 3941820, 0, 0
1051009, 4235359, 0, 0
1052055, 4278847, 0, 0
1053003, 4855959, 0, 0
1054033, 4656799, 0, 0
1055012, 4400221, 0, 0
1056034, 4418811, 0, 0
1057005, 4826483, 0, 0
1058016, 4426387, 0, 0
1059046, 4266790, 0, 0
1060053, 4392703, 0, 0
1061046, 4273896, 0, 0
1062023, 3870368, 0, 0
1063053, 4114881, 0, 0
1064050, 4674449, 0, 0
1065047, 4235375, 0, 0
1066027, 4162543, 0, 0
1067052, 4449837, 0, 0
1068015, 4453544, 0, 0
1069053, 4627446, 0, 0
1070038, 4968047, 0, 0
1071059, 4679919, 0, 0
1072055, 3993219, 0, 0
1073054, 4682978, 0, 0
1074008, 4451661, 0, 0
1075060, 4184753, 0, 0
1076024, 4129980, 0, 0
1077019, 4106621, 0, 0
1078032, 4339200, 0, 0
1079024, 4764701, 0, 0
1080051, 4054838, 0, 0
1081019, 4432058, 0, 0
1082055, 3963061, 0, 0
1083001, 4352524, 0, 0
1084044, 4432749, 0, 0
1085007, 4759611, 0, 0
1086051, 4720650, 0, 0
1087003, 5312300, 0, 0
1088057, 4259220, 0, 0
1089051, 4640856, 0, 0
1090007, 4438593, 0, 0
1091021, 4114774, 0, 0
1092022, 4307021, 0, 0
1093049, 5157359, 0, 0
1094056, 3988768, 0, 0
1095028, 4669475, 0, 0
1096020, 4141587, 0, 0
1097029, 4343358, 0, 0
1098035, 4445266, 0, 0
1099009, 3936728, 0, 0
1100029, 3745945, 0, 0
1101011, 3904320, 0, 0
1102024, 4514890, 0, 0
1103048, 4871769, 0, 0
1104001, 4119643, 0, 0
1105033, 4681377, 0, 0
1106028, 4073129, 0, 0
1107021, 4201181, 0, 0
1108019, 4066309, 0, 0
1109008, 3903889, 0, 0
1110069, 4287917, 0, 0
1111038, 4245670, 0, 0
1112029, 4282884, 0, 0
1113059, 4452780, 0, 0
1114049, 4135526, 0, 0
1115058, 4991845, 0, 0
1116011, 4322104, 0, 0
1117052, 4749033, 0, 0
1118009, 4364112, 0, 0
1119030, 4656196, 0, 0
1120036, 3878485, 0, 0
1121053, 3966385, 0, 0
1122056, 4174406, 0, 0
1123045, 4011765, 0, 0
1124041, 4830222, 0, 0
1125053, 4174285, 0, 0
1126040, 4903864, 0, 0
1127024, 4180856, 0, 0
1128056, 4664100, 0, 0
1129028, 4517252, 0, 0
1130018, 4410497, 0, 0
1131040, 4083649, 0, 0
1132061, 4375718, 0, 0
1133012, 3972746, 0, 0
1134032, 4484521, 0, 0
1135035, 4298073, 0, 0
1136041, 4366889, 0, 0
1137018, 4320391, 0, 0
1138029, 4759023, 0, 0
1139011, 3786998, 0, 0
1140023, 4531119, 0, 0
1141029, 4346672, 0, 0
1142020, 5269037, 0, 0
1143009, 4254136, 0, 0
1144030, 4416551, 0, 0
1145016, 3845644, 0, 0
1146019, 4839285, 0, 0
1147039, 4123104, 0, 0
1148029, 4316000, 0, 0
1149010, 4708828, 0, 0
1150028, 4216812, 0, 0
1151049, 4377918, 0, 0
1152040, 4103400, 0, 0
1153023, 3836017, 0, 0
1154006, 4933221, 0, 0
1155008, 4607787, 0, 0
1156049, 4624366, 0, 0
1157045, 3961603, 0, 0
1158019, 4135154, 0, 0
1159038, 4650127, 0, 0
1160046, 3897929, 0, 0
1161005, 4256539, 0, 0
1162058, 3836030, 0, 0
1163051, 4371312, 0, 0
1164047, 3851510, 0, 0
1165038, 3959679, 0, 0
1166035, 4146522, 0, 0
1167007, 4450928, 0, 0
1168031, 3718523, 0, 0
1169039, 3569059, 0, 0
1170033, 4638801, 0, 0
1171062, 4425789, 0, 0
1172017, 4654398, 0, 0
1173059, 4604465, 0, 0
1174029, 4307178, 0, 0
1175043, 4686993, 0, 0
1176043, 3564016, 0, 0
1177008, 4654713, 0, 0
1178001, 4113958, 0, 0
1179020, 5248049, 0, 0
1180016, 4522764, 0, 0
1181054, 4465100, 0, 0
1182012, 4472004, 0, 0
1183051, 4715684, 0, 0
1184021, 4362161, 0, 0
1185037, 4511972, 0, 0
1186065, 4643852, 0, 0
1187000, 4146420, 0, 0
1188045, 4092772, 0, 0
1189054, 4145365, 0, 0
1190028, 4103346, 0, 0
1191053, 4675778, 0, 0
1192009, 3864272, 0, 0
1193043, 4320465, 0, 0
1194001, 4427889, 0, 0
1195022, 4472674, 0, 0
1196017, 4261571, 0, 0
1197004, 3849136, 0, 0
1198056, 4041264, 0, 0
1199068, 4789140, 0, 0
1200060, 4584967, 0, 0
