1008, 1392819, 0, 0
2043, 13105631, 0, 0
3047, 12533284, 0, 0
4049, 12519608, 0, 0
5008, 13890419, 0, 0
6026, 12565094, 0, 0
7045, 12736679, 0, 0
8062, 12704463, 0, 0
9028, 12065773, 0, 0
10046, 12711565, 0, 0
11025, 12241211, 0, 0
12046, 12746087, 0, 0
13059, 8656686, 0, 0
14012, 14214431, 0, 0
15028, 12696752, 0, 0
16056, 12841659, 0, 0
17044, 12334709, 0, 0
18047, 12529607, 0, 0
19052, 12565763, 0, 0
20065, 12647082, 0, 0
21005, 13056962, 0, 0
22020, 12670985, 0, 0
23033, 12665466, 0, 0
24067, 12910246, 0, 0
25104, 12962132, 0, 0
26091, 12320967, 0, 0
27102, 12631158, 0, 0
28025, 12816571, 0, 0
29035, 12616149, 0, 0
30096, 11658125, 0, 0
31098, 12511141, 0, 0
32028, 12908220, 0, 0
33008, 12249820, 0, 0
34020, 12643214, 0, 0
35061, 13004229, 0, 0
36083, 12612469, 0, 0
37017, 11659159, 0, 0
38029, 12495599, 0, 0
39026, 12449010, 0, 0
40036, 12615457, 0, 0
41004, 13257696, 0, 0
42042, 12969436, 0, 0
43035, 12407733, 0, 0
44083, 13087919, 0, 0
45025, 13077335, 0, 0
46032, 12588598, 0, 0
47071, 12979303, 0, 0
48045, 12158103, 0, 0
49069, 12793048, 0, 0
50056, 12339610, 0, 0
51092, 12933857, 0, 0
52083, 12382870, 0, 0
53016, 12955698, 0, 0
54037, 12008482, 0, 0
55034, 12450534, 0, 0
56062, 12845457, 0, 0
57033, 12133854, 0, 0
58011, 12208698, 0, 0
59004, 12407034, 0, 0
60018, 12673612, 0, 0
61046, 12676134, 0, 0
62070, 12795870, 0, 0
63080, 12614433, 0, 0
64006, 12862000, 0, 0
65098, 12396590, 0, 0
66006, 12607380, 0, 0
67020, 12671831, 0, 0
68056, 12940054, 0, 0
69072, 12694626, 0, 0
70054, 12269427, 0, 0
71024, 11970690, 0, 0
72057, 14135873, 0, 0
73079, 12771367, 0, 0
74045, 11912686, 0, 0
75028, 12287510, 0, 0
76057, 12849279, 0, 0
77033, 12200897, 0, 0
78003, 12273931, 0, 0
79026, 12769143, 0, 0
80073, 11891505, 0, 0
81053, 13425585, 0, 0
82085, 13575673, 0, 0
83046, 12001873, 0, 0
84059, 12497257, 0, 0
85058, 12484271, 0, 0
86060, 12512208, 0, 0
87003, 13086567, 0, 0
88091, 12219594, 0, 0
89055, 12042605, 0, 0
90026, 12132769, 0, 0
91028, 12523001, 0, 0
92020, 12391497, 0, 0
93094, 13411936, 0, 0
94059, 12058566, 0, 0
95015, 11949646, 0, 0
96038, 12616499, 0, 0
97036, 12466230, 0, 0
98040, 12544703, 0, 0
99064, 12791975, 0, 0
100011, 13153565, 0, 0
101098, 13577720, 0, 0
102033, 12975562, 0, 0
103064, 12720614, 0, 0
104053, 12358478, 0, 0
105002, 13175185, 0, 0
106004, 12515062, 0, 0
107039, 12927230, 0, 0
108003, 12048283, 0, 0
109085, 12150116, 0, 0
110060, 12181489, 0, 0
111012, 13218222, 0, 0
112009, 12302398, 0, 0
113100, 12973486, 0, 0
114094, 12427373, 0, 0
115024, 12903186, 0, 0
116015, 12375060, 0, 0
117040, 12808470, 0, 0
118086, 11884830, 0, 0
119076, 12366341, 0, 0
120087, 12632619, 0, 0
121062, 12173802, 0, 0
122080, 12719296, 0, 0
123064, 12295467, 0, 0
124006, 12897722, 0, 0
125108, 12518821, 0, 0
126001, 12389859, 0, 0
127060, 12031888, 0, 0
128008, 13156654, 0, 0
129080, 12179581, 0, 0
130080, 13140232, 0, 0
131092, 13858852, 0, 0
132035, 12916928, 0, 0
133012, 12208995, 0, 0
134003, 12371539, 0, 0
135087, 12318084, 0, 0
136094, 12579676, 0, 0
137023, 12721834, 0, 0
138032, 12600550, 0, 0
139019, 10956626, 0, 0
140033, 12518804, 0, 0
141015, 11680187, 0, 0
142096, 12419208, 0, 0
143007, 12473569, 0, 0
144106, 12481011, 0, 0
145008, 12518491, 0, 0
146086, 12243473, 0, 0
147032, 13125217, 0, 0
148039, 12591734, 0, 0
149062, 12775828, 0, 0
150050, 12348102, 0, 0
151023, 12143963, 0, 0
152029, 12422094, 0, 0
153110, 12269830, 0, 0
154055, 11516570, 0, 0
155055, 12495192, 0, 0
156058, 12384745, 0, 0
157067, 12597197, 0, 0
158072, 12557039, 0, 0
159084, 12643138, 0, 0
160067, 12281505, 0, 0
161057, 12067216, 0, 0
162043, 12171595, 0, 0
163036, 12250759, 0, 0
164002, 10720610, 0, 0
165009, 12578133, 0, 0
166042, 12911149, 0, 0
167087, 13052799, 0, 0
168018, 12928716, 0, 0
169019, 12500894, 0, 0
170016, 12461941, 0, 0
171038, 12763021, 0, 0
172035, 12452193, 0, 0
173002, 12079597, 0, 0
174074, 12047038, 0, 0
175091, 12546068, 0, 0
176052, 13334069, 0, 0
177008, 13280544, 0, 0
178053, 12888300, 0, 0
179099, 12905276, 0, 0
180050, 13197647, 0, 0
181056, 12575696, 0, 0
182071, 12683406, 0, 0
183071, 12489744, 0, 0
184051, 12235666, 0, 0
185082, 12729731, 0, 0
186073, 12374870, 0, 0
187075, 12522933, 0, 0
188092, 12702837, 0, 0
189098, 12418191, 0, 0
190004, 12404682, 0, 0
191003, 12477649, 0, 0
192033, 12865051, 0, 0
193100, 12115396, 0, 0
194063, 12032150, 0, 0
195058, 12435521, 0, 0
196051, 12399235, 0, 0
197086, 12778187, 0, 0
198089, 12530939, 0, 0
199069, 12233074, 0, 0
200041, 12453783, 0, 0
201025, 12141586, 0, 0
202089, 11951952, 0, 0
203067, 12212099, 0, 0
204072, 12564222, 0, 0
205070, 12468293, 0, 0
206031, 11996857, 0, 0
207041, 12466231, 0, 0
208061, 12583289, 0, 0
209024, 12038331, 0, 0
210010, 12313038, 0, 0
211011, 12508984, 0, 0
212012, 12504017, 0, 0
213026, 12669747, 0, 0
214095, 13518667, 0, 0
215030, 12989186, 0, 0
216061, 12714047, 0, 0
217056, 12426959, 0, 0
218033, 11917464, 0, 0
219061, 12836232, 0, 0
220040, 12081942, 0, 0
221021, 11954595, 0, 0
222043, 12614883, 0, 0
223090, 13074251, 0, 0
224002, 12661369, 0, 0
225034, 12730113, 0, 0
226091, 12007366, 0, 0
227096, 12552395, 0, 0
228046, 13197408, 0, 0
229024, 12210026, 0, 0
230021, 12303756, 0, 0
231038, 12553595, 0, 0
232064, 12809867, 0, 0
233042, 12224758, 0, 0
234066, 12629448, 0, 0
235076, 12470351, 0, 0
236001, 15661592, 0, 0
237077, 12224776, 0, 0
238084, 12419661, 0, 0
239100, 12697187, 0, 0
240050, 13001295, 0, 0
241037, 12335587, 0, 0
242028, 12224251, 0, 0
243051, 12779425, 0, 0
244091, 12993877, 0, 0
245010, 12756836, 0, 0
246010, 12812030, 0, 0
247109, 12480811, 0, 0
248076, 12087489, 0, 0
249083, 12419762, 0, 0
250002, 12763980, 0, 0
251034, 12884058, 0, 0
252021, 12184903, 0, 0
253009, 12345143, 0, 0
254103, 12284525, 0, 0
255076, 15689112, 0, 0
256007, 12920644, 0, 0
257025, 12554733, 0, 0
258008, 12288109, 0, 0
259005, 12458441, 0, 0
260072, 12116205, 0, 0
261005, 12944476, 0, 0
262060, 11985631, 0, 0
263047, 12328352, 0, 0
264009, 11728647, 0, 0
265063, 12843683, 0, 0
266078, 12519163, 0, 0
267058, 12094000, 0, 0
268056, 12313580, 0, 0
269069, 13147714, 0, 0
270020, 11880081, 0, 0
271012, 12396586, 0, 0
272004, 12399449, 0, 0
273069, 13295949, 0, 0
274086, 12396806, 0, 0
275000, 12177892, 0, 0
276086, 12337284, 0, 0
277022, 13002190, 0, 0
278039, 12702000, 0, 0
279080, 12838551, 0, 0
280089, 12306655, 0, 0
281080, 12223665, 0, 0
282059, 11933127, 0, 0
283070, 12468674, 0, 0
284079, 12606994, 0, 0
285082, 12371585, 0, 0
286017, 12814513, 0, 0
287041, 12631650, 0, 0
288027, 12311942, 0, 0
289030, 12535410, 0, 0
290045, 12516631, 0, 0
291067, 12612272, 0, 0
292077, 12627633, 0, 0
293041, 13378487, 0, 0
294071, 12862343, 0, 0
295000, 12716667, 0, 0
296102, 12524880, 0, 0
297094, 12385039, 0, 0
298064, 11972278, 0, 0
299012, 11840907, 0, 0
300012, 12334287, 0, 0
301078, 12116618, 0, 0
302084, 12402694, 0, 0
303083, 12329067, 0, 0
304078, 12434837, 0, 0
305078, 12495205, 0, 0
306045, 11931791, 0, 0
307034, 12198388, 0, 0
308031, 12460380, 0, 0
309059, 12680627, 0, 0
310035, 13541625, 0, 0
311019, 12143250, 0, 0
312064, 13054550, 0, 0
313054, 12223932, 0, 0
314001, 12784571, 0, 0
315099, 12327565, 0, 0
316077, 12074001, 0, 0
317072, 12268889, 0, 0
318009, 13770178, 0, 0
319050, 12688852, 0, 0
320085, 12930139, 0, 0
321067, 11974964, 0, 0
322035, 11651837, 0, 0
323042, 12422114, 0, 0
324048, 12267343, 0, 0
325037, 12350420, 0, 0
326012, 12187426, 0, 0
327021, 12152600, 0, 0
328017, 12441490, 0, 0
329025, 12429833, 0, 0
330020, 12130307, 0, 0
331003, 12128273, 0, 0
332025, 12462529, 0, 0
333023, 12951870, 0, 0
334035, 12327832, 0, 0
335080, 13062047, 0, 0
336070, 12208304, 0, 0
337081, 12636797, 0, 0
338022, 14247855, 0, 0
339088, 11966730, 0, 0
340083, 12134414, 0, 0
341056, 12149780, 0, 0
342056, 12194473, 0, 0
343049, 12103594, 0, 0
344022, 12005264, 0, 0
345057, 12765310, 0, 0
346088, 12560664, 0, 0
347032, 12754683, 0, 0
348067, 12935003, 0, 0
349002, 12978768, 0, 0
350029, 12824882, 0, 0
351044, 12525587, 0, 0
352033, 12207867, 0, 0
353013, 12235696, 0, 0
354038, 12809045, 0, 0
355026, 11896989, 0, 0
356058, 12731952, 0, 0
357079, 12602210, 0, 0
358105, 12816997, 0, 0
359001, 12263330, 0, 0
360073, 11772170, 0, 0
361013, 12703476, 0, 0
362020, 12418945, 0, 0
363020, 12186459, 0, 0
364019, 12483814, 0, 0
365012, 12253850, 0, 0
366012, 12184244, 0, 0
367065, 12837962, 0, 0
368063, 12464561, 0, 0
369048, 12311700, 0, 0
370041, 12101958, 0, 0
371027, 12319637, 0, 0
372060, 12898412, 0, 0
373106, 13078262, 0, 0
374121, 12678196, 0, 0
375041, 12598422, 0, 0
376071, 12709401, 0, 0
377080, 12442307, 0, 0
378099, 12427153, 0, 0
379094, 12426246, 0, 0
380062, 11801149, 0, 0
381054, 12233469, 0, 0
382055, 12056445, 0, 0
383022, 11927531, 0, 0
384024, 12366085, 0, 0
385043, 12416082, 0, 0
386058, 12684168, 0, 0
387036, 12069413, 0, 0
388088, 11809500, 0, 0
389082, 12267885, 0, 0
390023, 12878173, 0, 0
391009, 13687970, 0, 0
392096, 12345265, 0, 0
393097, 12508446, 0, 0
394006, 12439160, 0, 0
395094, 12215353, 0, 0
396083, 12354583, 0, 0
397055, 11999510, 0, 0
398087, 12891845, 0, 0
399092, 12394698, 0, 0
400043, 13031767, 0, 0
401051, 13430605, 0, 0
402009, 13113984, 0, 0
403009, 12338422, 0, 0
404077, 11986238, 0, 0
405083, 12577167, 0, 0
406040, 10992923, 0, 0
407019, 11785644, 0, 0
408066, 13079582, 0, 0
409011, 12428954, 0, 0
410024, 12495806, 0, 0
411035, 12624324, 0, 0
412021, 12318508, 0, 0
413043, 12612371, 0, 0
414030, 12033868, 0, 0
415055, 12489419, 0, 0
416054, 12323052, 0, 0
417087, 12751756, 0, 0
418007, 12594664, 0, 0
419034, 12222663, 0, 0
420031, 12300992, 0, 0
421041, 12617726, 0, 0
422043, 12518600, 0, 0
423029, 12015854, 0, 0
424070, 12846435, 0, 0
425008, 13018681, 0, 0
426070, 11931008, 0, 0
427078, 12433758, 0, 0
428088, 12620364, 0, 0
429052, 12038278, 0, 0
430049, 12449650, 0, 0
431087, 12814946, 0, 0
432085, 12317066, 0, 0
433088, 12222787, 0, 0
434054, 13412969, 0, 0
435009, 12723517, 0, 0
436023, 12509757, 0, 0
437017, 13799049, 0, 0
438023, 12413471, 0, 0
439037, 12660540, 0, 0
440044, 12272339, 0, 0
441048, 12391054, 0, 0
442093, 12284952, 0, 0
443007, 12354368, 0, 0
444003, 12441299, 0, 0
445032, 12855493, 0, 0
446000, 12091550, 0, 0
447019, 12729834, 0, 0
448033, 12204362, 0, 0
449032, 12184788, 0, 0
450050, 12555219, 0, 0
451003, 13237040, 0, 0
452071, 11729917, 0, 0
453021, 13181307, 0, 0
454034, 12341228, 0, 0
455039, 12259318, 0, 0
456054, 12679728, 0, 0
457067, 12648346, 0, 0
458058, 12378841, 0, 0
459061, 12382246, 0, 0
460039, 11913809, 0, 0
461023, 12149234, 0, 0
462100, 12230154, 0, 0
463074, 12165855, 0, 0
464078, 12235003, 0, 0
465034, 13085975, 0, 0
466018, 12296157, 0, 0
467032, 12361460, 0, 0
468069, 12952731, 0, 0
469086, 13208364, 0, 0
470074, 12335104, 0, 0
471022, 12979054, 0, 0
472099, 12231848, 0, 0
473094, 12128900, 0, 0
474010, 12544487, 0, 0
475069, 11893345, 0, 0
476078, 12452097, 0, 0
477009, 11770066, 0, 0
478040, 12724344, 0, 0
479066, 12818807, 0, 0
480063, 12460501, 0, 0
481075, 12331541, 0, 0
482079, 12387630, 0, 0
483077, 12307567, 0, 0
484065, 12046961, 0, 0
485079, 12063800, 0, 0
486081, 12064904, 0, 0
487067, 12020896, 0, 0
488098, 12721921, 0, 0
489001, 12194461, 0, 0
490186, 14626053, 0, 0
491045, 13410529, 0, 0
492015, 13098197, 0, 0
493011, 13642309, 0, 0
494041, 12544905, 0, 0
495023, 11974262, 0, 0
496032, 12446283, 0, 0
497021, 11916683, 0, 0
498026, 12546920, 0, 0
499020, 12265276, 0, 0
500012, 12400455, 0, 0
501081, 12002061, 0, 0
502055, 12172096, 0, 0
503011, 11642417, 0, 0
504002, 11936200, 0, 0
505092, 12379988, 0, 0
506099, 12743834, 0, 0
507084, 12151075, 0, 0
508005, 12606965, 0, 0
509040, 12929712, 0, 0
510097, 13201427, 0, 0
511088, 12381230, 0, 0
512082, 12428515, 0, 0
513008, 12666065, 0, 0
514019, 12326757, 0, 0
515055, 12787375, 0, 0
516069, 12501964, 0, 0
517037, 12736196, 0, 0
518001, 11610539, 0, 0
519006, 12546781, 0, 0
520057, 11674747, 0, 0
521008, 11883416, 0, 0
522042, 12750868, 0, 0
523053, 12636982, 0, 0
524080, 12670134, 0, 0
525054, 11872162, 0, 0
526046, 12394774, 0, 0
527012, 11625127, 0, 0
528025, 12500902, 0, 0
529044, 12572194, 0, 0
530043, 12482741, 0, 0
531027, 12144842, 0, 0
532089, 13105523, 0, 0
533008, 12582718, 0, 0
534001, 12241739, 0, 0
535092, 11988493, 0, 0
536035, 12905387, 0, 0
537042, 12582278, 0, 0
538000, 13300908, 0, 0
539000, 12337136, 0, 0
540096, 12310517, 0, 0
541026, 12730167, 0, 0
542060, 12609400, 0, 0
543061, 12495155, 0, 0
544087, 12661321, 0, 0
545075, 11902383, 0, 0
546049, 12011374, 0, 0
547091, 12548671, 0, 0
548078, 12183617, 0, 0
549102, 12635270, 0, 0
550011, 12616727, 0, 0
551013, 12519335, 0, 0
552001, 13160296, 0, 0
553000, 12488409, 0, 0
554040, 12674894, 0, 0
555041, 12505753, 0, 0
556033, 11661953, 0, 0
557015, 12262982, 0, 0
558077, 11537953, 0, 0
559057, 11663329, 0, 0
560077, 12589401, 0, 0
561051, 13156083, 0, 0
562042, 12371997, 0, 0
563052, 12615628, 0, 0
564046, 12263473, 0, 0
565032, 13689698, 0, 0
566016, 12147716, 0, 0
567084, 11993522, 0, 0
568059, 12173778, 0, 0
569062, 12530916, 0, 0
570010, 13159008, 0, 0
571004, 12263237, 0, 0
572084, 12275303, 0, 0
573073, 12199378, 0, 0
574092, 12421674, 0, 0
575020, 12701974, 0, 0
576074, 13009508, 0, 0
577087, 12654457, 0, 0
578065, 12210867, 0, 0
579033, 11516690, 0, 0
580022, 12207280, 0, 0
581073, 14382497, 0, 0
582026, 11915320, 0, 0
583001, 11883999, 0, 0
584019, 12402910, 0, 0
585077, 13216831, 0, 0
586092, 12684156, 0, 0
587040, 12971826, 0, 0
588073, 13072333, 0, 0
589051, 12213513, 0, 0
590049, 12168887, 0, 0
591044, 11984260, 0, 0
592066, 12448478, 0, 0
593033, 12238822, 0, 0
594069, 12939760, 0, 0
595028, 11688551, 0, 0
596007, 12082648, 0, 0
597001, 12114322, 0, 0
598099, 12332134, 0, 0
599055, 11935810, 0, 0
600062, 12581706, 0, 0
601040, 12216553, 0, 0
602047, 11980199, 0, 0
603020, 12159959, 0, 0
604030, 12304674, 0, 0
605060, 11971432, 0, 0
606061, 12351951, 0, 0
607067, 12110293, 0, 0
608100, 12745659, 0, 0
609042, 12900496, 0, 0
610092, 13124354, 0, 0
611014, 12450250, 0, 0
612024, 12609032, 0, 0
613008, 12301833, 0, 0
614016, 12433594, 0, 0
615010, 12574834, 0, 0
616006, 12289643, 0, 0
617003, 12005405, 0, 0
618006, 12375134, 0, 0
619108, 12102339, 0, 0
620023, 12528700, 0, 0
621033, 12310739, 0, 0
622037, 12084705, 0, 0
623045, 12441793, 0, 0
624003, 12941125, 0, 0
625012, 12443747, 0, 0
626094, 11757097, 0, 0
627000, 11761910, 0, 0
628087, 12347149, 0, 0
629073, 12313946, 0, 0
630043, 13464075, 0, 0
631077, 12603108, 0, 0
632034, 13102821, 0, 0
633038, 12389016, 0, 0
634051, 12496385, 0, 0
635074, 12320586, 0, 0
636010, 12816462, 0, 0
637039, 12691581, 0, 0
638070, 12724129, 0, 0
639074, 12546446, 0, 0
640077, 12068313, 0, 0
641088, 12325435, 0, 0
642025, 13000882, 0, 0
643101, 12222572, 0, 0
644099, 12172777, 0, 0
645011, 12477504, 0, 0
646028, 12391555, 0, 0
647055, 12370149, 0, 0
648055, 12335465, 0, 0
649052, 12155784, 0, 0
650030, 12061717, 0, 0
651047, 12549586, 0, 0
652048, 12505675, 0, 0
653048, 12501749, 0, 0
654043, 12123759, 0, 0
655032, 12207919, 0, 0
656048, 12222593, 0, 0
657058, 12628414, 0, 0
658047, 12043958, 0, 0
659058, 12637000, 0, 0
660040, 12115439, 0, 0
661063, 12466260, 0, 0
662061, 12310710, 0, 0
663021, 13156816, 0, 0
664015, 11963056, 0, 0
665061, 12749103, 0, 0
666052, 11930895, 0, 0
667070, 12724902, 0, 0
668049, 12221276, 0, 0
669052, 12532968, 0, 0
670022, 11964358, 0, 0
671027, 10916706, 0, 0
672096, 12150817, 0, 0
673064, 11933328, 0, 0
674062, 12318794, 0, 0
675081, 11980498, 0, 0
676069, 12347085, 0, 0
677082, 12647982, 0, 0
678012, 12735221, 0, 0
679036, 12639521, 0, 0
680096, 11899193, 0, 0
681025, 12719426, 0, 0
682005, 12248312, 0, 0
683061, 11854691, 0, 0
684065, 13029406, 0, 0
685010, 12767830, 0, 0
686023, 12196306, 0, 0
687036, 12345349, 0, 0
688074, 12961421, 0, 0
689092, 12567269, 0, 0
690051, 11692258, 0, 0
691034, 11971319, 0, 0
692032, 12169083, 0, 0
693005, 12004540, 0, 0
694079, 11930234, 0, 0
695039, 12621707, 0, 0
696062, 12461078, 0, 0
697056, 12423816, 0, 0
698040, 11844001, 0, 0
699039, 12035317, 0, 0
700012, 12789735, 0, 0
701088, 11948679, 0, 0
702063, 11881923, 0, 0
703081, 12410009, 0, 0
704003, 12121020, 0, 0
705076, 13085649, 0, 0
706074, 11876560, 0, 0
707073, 12328106, 0, 0
708020, 12785081, 0, 0
709005, 12004234, 0, 0
710096, 11982565, 0, 0
711066, 11683479, 0, 0
712073, 12122603, 0, 0
713070, 12144965, 0, 0
714034, 12041905, 0, 0
715040, 12261737, 0, 0
716003, 11737536, 0, 0
717091, 12220167, 0, 0
718000, 12448169, 0, 0
719079, 11725621, 0, 0
720121, 12851265, 0, 0
721041, 12102204, 0, 0
722082, 12840513, 0, 0
723100, 12559309, 0, 0
724000, 12501226, 0, 0
725095, 12436777, 0, 0
726037, 12891555, 0, 0
727046, 12296624, 0, 0
728060, 12210869, 0, 0
729076, 12236598, 0, 0
730066, 12212989, 0, 0
731019, 11616507, 0, 0
732037, 12258066, 0, 0
733012, 12180563, 0, 0
734036, 12332603, 0, 0
735046, 12608381, 0, 0
736015, 11399249, 0, 0
737008, 12403811, 0, 0
738047, 12816154, 0, 0
739041, 12122665, 0, 0
740015, 12166621, 0, 0
741020, 12247567, 0, 0
742007, 12333113, 0, 0
743018, 12312542, 0, 0
744040, 12168462, 0, 0
745074, 12594851, 0, 0
746045, 11982669, 0, 0
747018, 12007805, 0, 0
748057, 12816725, 0, 0
749003, 12448969, 0, 0
750007, 12081555, 0, 0
751011, 12389977, 0, 0
752044, 12749564, 0, 0
753011, 11238985, 0, 0
754017, 13227394, 0, 0
755052, 13092215, 0, 0
756013, 11571891, 0, 0
757090, 11704925, 0, 0
758062, 11983484, 0, 0
759001, 12194008, 0, 0
760013, 12036487, 0, 0
761038, 13308526, 0, 0
762048, 12613038, 0, 0
763042, 11824575, 0, 0
764040, 11874915, 0, 0
765067, 12368130, 0, 0
766043, 13364380, 0, 0
767036, 12405726, 0, 0
768024, 11901017, 0, 0
769025, 12052395, 0, 0
770011, 12018115, 0, 0
771058, 13070808, 0, 0
772043, 11866384, 0, 0
773070, 12216128, 0, 0
774105, 12621107, 0, 0
775010, 12213068, 0, 0
776026, 12702146, 0, 0
777096, 12008128, 0, 0
778012, 12381386, 0, 0
779011, 12170347, 0, 0
780017, 12112263, 0, 0
781003, 12164144, 0, 0
782035, 12435978, 0, 0
783062, 12358167, 0, 0
784102, 11176723, 0, 0
785084, 12268408, 0, 0
786067, 12287398, 0, 0
787061, 11969246, 0, 0
788073, 12035553, 0, 0
789067, 12415743, 0, 0
790065, 12019535, 0, 0
791031, 11769115, 0, 0
792013, 11977770, 0, 0
793011, 11870880, 0, 0
794062, 13135686, 0, 0
795080, 12252445, 0, 0
796011, 12749458, 0, 0
797052, 12840869, 0, 0
798100, 12931769, 0, 0
799022, 12287354, 0, 0
800021, 12178580, 0, 0
801071, 12792809, 0, 0
802064, 11958667, 0, 0
803058, 12413695, 0, 0
804083, 12493295, 0, 0
805043, 11423937, 0, 0
806050, 12273003, 0, 0
807026, 12049917, 0, 0
808049, 12168547, 0, 0
809006, 13285529, 0, 0
810087, 11873282, 0, 0
811070, 12128811, 0, 0
812030, 12965927, 0, 0
813047, 12541891, 0, 0
814029, 11975771, 0, 0
815036, 12579328, 0, 0
816021, 11998756, 0, 0
817007, 12024999, 0, 0
818073, 11580085, 0, 0
819070, 11854234, 0, 0
820096, 12503927, 0, 0
821002, 12244731, 0, 0
822098, 12447338, 0, 0
823091, 14592312, 0, 0
824064, 12001305, 0, 0
825095, 12567102, 0, 0
826098, 12077996, 0, 0
827016, 11919281, 0, 0
828082, 11834661, 0, 0
829064, 11830393, 0, 0
830003, 12672367, 0, 0
831039, 12953454, 0, 0
832036, 11441873, 0, 0
833069, 12751007, 0, 0
834099, 12712522, 0, 0
835003, 12538082, 0, 0
836019, 12540880, 0, 0
837003, 11992022, 0, 0
838005, 12677796, 0, 0
839017, 12484253, 0, 0
840060, 12559946, 0, 0
841056, 11440360, 0, 0
842058, 12066299, 0, 0
843030, 11850782, 0, 0
844002, 11167588, 0, 0
845028, 12505328, 0, 0
846095, 12394737, 0, 0
847038, 12915935, 0, 0
848085, 12753853, 0, 0
849094, 12003069, 0, 0
850089, 12279456, 0, 0
851007, 12744664, 0, 0
852090, 11391264, 0, 0
853084, 11826689, 0, 0
854098, 12358881, 0, 0
855006, 12615580, 0, 0
856106, 12483053, 0, 0
857025, 12755381, 0, 0
858013, 11905099, 0, 0
859032, 12263622, 0, 0
860041, 12608831, 0, 0
861035, 12261376, 0, 0
862000, 11905754, 0, 0
863088, 12361824, 0, 0
864014, 12500089, 0, 0
865025, 12474430, 0, 0
866032, 12431521, 0, 0
867029, 12007323, 0, 0
868061, 12881600, 0, 0
869063, 12222403, 0, 0
870067, 12532639, 0, 0
871061, 12273266, 0, 0
872052, 12373705, 0, 0
873036, 12143745, 0, 0
874091, 11464175, 0, 0
875062, 11835104, 0, 0
876051, 12196130, 0, 0
877037, 11738681, 0, 0
878082, 13045254, 0, 0
879018, 12821579, 0, 0
880047, 12692001, 0, 0
881007, 11699669, 0, 0
882068, 11527964, 0, 0
883030, 12018877, 0, 0
884047, 12705971, 0, 0
885026, 11925391, 0, 0
886022, 12299680, 0, 0
887044, 12448197, 0, 0
888037, 11964656, 0, 0
889085, 11769486, 0, 0
890012, 12865587, 0, 0
891090, 11963241, 0, 0
892030, 10437241, 0, 0
893090, 12318090, 0, 0
894075, 12157930, 0, 0
895047, 12139595, 0, 0
896032, 11859666, 0, 0
897021, 12058505, 0, 0
898036, 12221228, 0, 0
899078, 12699874, 0, 0
900037, 12128229, 0, 0
901037, 12497652, 0, 0
902027, 11777147, 0, 0
903059, 12734188, 0, 0
904058, 12178012, 0, 0
905114, 12718935, 0, 0
906004, 12011534, 0, 0
907016, 12496400, 0, 0
908067, 12967179, 0, 0
909092, 12334195, 0, 0
910080, 12194157, 0, 0
911091, 12473369, 0, 0
912004, 12335750, 0, 0
913007, 12371762, 0, 0
914054, 12928161, 0, 0
915071, 12092122, 0, 0
916068, 12307090, 0, 0
917097, 12382920, 0, 0
918009, 12321039, 0, 0
919030, 12298574, 0, 0
920068, 12644131, 0, 0
921048, 11947271, 0, 0
922016, 11380074, 0, 0
923039, 12472098, 0, 0
924042, 12369746, 0, 0
925093, 12819370, 0, 0
926006, 12167352, 0, 0
927045, 12063580, 0, 0
928076, 12727983, 0, 0
929099, 12473396, 0, 0
930029, 12902365, 0, 0
931052, 12474557, 0, 0
932034, 12108739, 0, 0
933062, 12844770, 0, 0
934072, 12616240, 0, 0
935075, 11798664, 0, 0
936080, 12397104, 0, 0
937017, 13003407, 0, 0
938059, 11707218, 0, 0
939071, 12481120, 0, 0
940042, 11690674, 0, 0
941052, 11876334, 0, 0
942028, 12043638, 0, 0
943006, 11640946, 0, 0
944085, 12117105, 0, 0
945090, 12096092, 0, 0
946081, 11930476, 0, 0
947078, 12154692, 0, 0
948092, 12513276, 0, 0
949084, 11941608, 0, 0
950000, 12717696, 0, 0
951036, 11376582, 0, 0
952015, 11933210, 0, 0
953026, 12323830, 0, 0
954033, 12425076, 0, 0
955009, 13546135, 0, 0
956039, 12407046, 0, 0
957049, 11735391, 0, 0
958066, 12547876, 0, 0
959006, 12692796, 0, 0
960018, 12494590, 0, 0
961006, 11890783, 0, 0
962022, 11943665, 0, 0
963002, 12095535, 0, 0
964027, 12490502, 0, 0
965018, 11935273, 0, 0
966113, 12154977, 0, 0
967100, 12031197, 0, 0
968004, 12210766, 0, 0
969027, 12168563, 0, 0
970022, 12128844, 0, 0
971047, 12501284, 0, 0
972029, 11538022, 0, 0
973068, 12818800, 0, 0
974055, 11742830, 0, 0
975098, 13030266, 0, 0
976079, 11817928, 0, 0
977081, 11782760, 0, 0
978060, 11781123, 0, 0
979094, 12763062, 0, 0
980010, 12369322, 0, 0
981077, 11720982, 0, 0
982009, 12092860, 0, 0
983029, 11857955, 0, 0
984054, 12650964, 0, 0
985069, 12216280, 0, 0
986074, 11952343, 0, 0
987072, 12174578, 0, 0
988085, 11907760, 0, 0
989035, 13008118, 0, 0
990012, 11897262, 0, 0
991002, 12076549, 0, 0
992012, 12301814, 0, 0
993110, 12065730, 0, 0
994030, 12588671, 0, 0
995041, 11890394, 0, 0
996086, 11599031, 0, 0
997021, 12629025, 0, 0
998060, 12512492, 0, 0
999042, 11968944, 0, 0
1000041, 12332908, 0, 0
1001040, 11882405, 0, 0
1002030, 12216343, 0, 0
1003049, 12421775, 0, 0
1004049, 12330762, 0, 0
1005006, 11965342, 0, 0
1006006, 12334513, 0, 0
1007091, 11785134, 0, 0
1008105, 12358013, 0, 0
1009034, 12216406, 0, 0
1010034, 12336550, 0, 0
1011007, 12164296, 0, 0
1012105, 12186312, 0, 0
1013003, 12137234, 0, 0
1014008, 12392374, 0, 0
1015041, 12912364, 0, 0
1016026, 12300342, 0, 0
1017024, 12313141, 0, 0
1018071, 12612501, 0, 0
1019053, 11540053, 0, 0
1020071, 12722253, 0, 0
1021066, 11841241, 0, 0
1022105, 12352356, 0, 0
1023008, 11877179, 0, 0
1024080, 11910473, 0, 0
1025084, 12384329, 0, 0
1026007, 12459829, 0, 0
1027035, 12684429, 0, 0
1028074, 12829333, 0, 0
1029074, 11749518, 0, 0
1030104, 12720107, 0, 0
1031031, 11150916, 0, 0
1032058, 12674190, 0, 0
1033069, 12478814, 0, 0
1034046, 11621264, 0, 0
1035065, 12571173, 0, 0
1036036, 11980867, 0, 0
1037020, 12147489, 0, 0
1038058, 12503326, 0, 0
1039058, 12327089, 0, 0
1040004, 12282383, 0, 0
1041060, 11729745, 0, 0
1042009, 12810001, 0, 0
1043059, 12800974, 0, 0
1044063, 11806615, 0, 0
1045058, 12130645, 0, 0
1046094, 12937244, 0, 0
1047083, 12205140, 0, 0
1048037, 11493718, 0, 0
1049052, 12519614, 0, 0
1050010, 11817966, 0, 0
1051109, 12206248, 0, 0
1052036, 12345349, 0, 0
1053026, 12071859, 0, 0
1054076, 12792446, 0, 0
1055014, 11295732, 0, 0
1056010, 12139965, 0, 0
1057067, 11736950, 0, 0
1058036, 11674592, 0, 0
1059023, 11740796, 0, 0
1060021, 11729794, 0, 0
1061020, 11478416, 0, 0
1062004, 11702402, 0, 0
1063085, 11872025, 0, 0
1064008, 12309309, 0, 0
1065092, 12029503, 0, 0
1066014, 12461743, 0, 0
1067096, 11628941, 0, 0
1068063, 11784852, 0, 0
1069080, 12245740, 0, 0
1070066, 12018365, 0, 0
1071045, 11784024, 0, 0
1072052, 12422028, 0, 0
1073076, 12038948, 0, 0
1074096, 12746925, 0, 0
1075096, 11892261, 0, 0
1076097, 12351577, 0, 0
1077030, 12782187, 0, 0
1078061, 12715852, 0, 0
1079057, 11310542, 0, 0
1080021, 11899324, 0, 0
1081024, 12075191, 0, 0
1082021, 12299590, 0, 0
1083035, 12063743, 0, 0
1084078, 11848146, 0, 0
1085056, 11925367, 0, 0
1086092, 12474316, 0, 0
1087042, 12483267, 0, 0
1088005, 11745815, 0, 0
1089002, 12302398, 0, 0
1090000, 11864105, 0, 0
1091026, 12671594, 0, 0
1092034, 12126493, 0, 0
1093024, 12214350, 0, 0
1094046, 12616360, 0, 0
1095093, 12912998, 0, 0
1096021, 12536778, 0, 0
1097021, 11618514, 0, 0
1098023, 12067067, 0, 0
1099085, 12489971, 0, 0
1100019, 12619877, 0, 0
1101039, 12127805, 0, 0
1102022, 11843688, 0, 0
1103039, 11957110, 0, 0
1104004, 12685371, 0, 0
1105006, 12514656, 0, 0
1106011, 11963634, 0, 0
1107026, 11788308, 0, 0
1108060, 12161132, 0, 0
1109038, 11494879, 0, 0
1110046, 11998135, 0, 0
1111049, 12075378, 0, 0
1112042, 12253184, 0, 0
1113064, 12459802, 0, 0
1114000, 12463292, 0, 0
1115034, 12305081, 0, 0
1116017, 11979215, 0, 0
1117004, 12182760, 0, 0
1118067, 11938675, 0, 0
1119029, 11723023, 0, 0
1120049, 12743863, 0, 0
1121027, 11918194, 0, 0
1122042, 12370198, 0, 0
1123092, 12960083, 0, 0
1124096, 12081723, 0, 0
1125085, 12055311, 0, 0
1126084, 12331096, 0, 0
1127060, 12037341, 0, 0
1128028, 11654493, 0, 0
1129064, 12332117, 0, 0
1130082, 12407797, 0, 0
1131006, 12828707, 0, 0
1132005, 12324999, 0, 0
1133059, 12537950, 0, 0
1134017, 11678208, 0, 0
1135078, 12472415, 0, 0
1136089, 12473878, 0, 0
1137088, 12181654, 0, 0
1138081, 11947121, 0, 0
1139084, 12224020, 0, 0
1140062, 11637959, 0, 0
1141046, 11995588, 0, 0
1142046, 12340451, 0, 0
1143066, 12583488, 0, 0
1144039, 11717942, 0, 0
1145067, 12679705, 0, 0
1146103, 12789533, 0, 0
1147006, 11864377, 0, 0
1148081, 11684023, 0, 0
1149075, 12410496, 0, 0
1150084, 12457979, 0, 0
1151048, 11748216, 0, 0
1152020, 11290707, 0, 0
1153046, 12814633, 0, 0
1154022, 12053910, 0, 0
1155035, 12653420, 0, 0
1156061, 12660680, 0, 0
1157061, 11896943, 0, 0
1158059, 12307258, 0, 0
1159063, 12244116, 0, 0
1160075, 12032928, 0, 0
1161023, 12976884, 0, 0
1162012, 11769043, 0, 0
1163077, 12670295, 0, 0
1164082, 11676992, 0, 0
1165074, 12091321, 0, 0
1166076, 12362265, 0, 0
1167039, 13373718, 0, 0
1168053, 12354864, 0, 0
1169051, 12024623, 0, 0
1170013, 11440736, 0, 0
1171048, 11370941, 0, 0
1172088, 12676737, 0, 0
1173081, 12100201, 0, 0
1174080, 12322571, 0, 0
1175088, 12138603, 0, 0
1176004, 11896652, 0, 0
1177060, 11852564, 0, 0
1178069, 12455268, 0, 0
1179052, 11835035, 0, 0
1180101, 12480997, 0, 0
1181140, 14028614, 0, 0
1182082, 11916034, 0, 0
1183079, 12010628, 0, 0
1184073, 12411533, 0, 0
1185043, 11823977, 0, 0
1186013, 11967018, 0, 0
1187040, 12519868, 0, 0
1188014, 12170173, 0, 0
1189035, 12292850, 0, 0
1190017, 13257195, 0, 0
1191044, 12229547, 0, 0
1192092, 11898096, 0, 0
1193013, 12439088, 0, 0
1194018, 12243393, 0, 0
1195013, 12285871, 0, 0
1196040, 12360267, 0, 0
1197007, 12084038, 0, 0
1198044, 11518304, 0, 0
1199054, 12156726, 0, 0
1200029, 11600218, 0, 0
