1018, 478234385, 0, 0
2027, 483397886, 0, 0
3016, 485925663, 0, 0
4049, 482233737, 0, 0
5019, 505547954, 0, 0
6025, 502129717, 0, 0
7060, 504189584, 0, 0
8004, 492554482, 0, 0
9009, 491418490, 0, 0
10007, 503496427, 0, 0
11020, 496741226, 0, 0
12058, 398952204, 0, 0
13048, 495362685, 0, 0
14049, 476092415, 0, 0
15056, 517872416, 0, 0
16025, 503747192, 0, 0
17002, 528801663, 0, 0
18016, 491876416, 0, 0
19016, 549563864, 0, 0
20043, 494539112, 0, 0
21002, 500344640, 0, 0
22041, 494743982, 0, 0
23039, 498399344, 0, 0
24046, 482969366, 0, 0
25003, 494896602, 0, 0
26066, 483663423, 0, 0
27022, 503983434, 0, 0
28030, 486576939, 0, 0
29040, 487099055, 0, 0
30035, 497101336, 0, 0
31029, 449668154, 0, 0
32017, 509929106, 0, 0
33013, 477855671, 0, 0
34008, 484947549, 0, 0
35066, 479288078, 0, 0
36012, 491041272, 0, 0
37030, 486342663, 0, 0
38030, 482489329, 0, 0
39053, 481180933, 0, 0
40003, 488548242, 0, 0
41035, 504421927, 0, 0
42001, 502795116, 0, 0
43043, 498706398, 0, 0
44010, 504340170, 0, 0
45029, 482156686, 0, 0
46029, 507725826, 0, 0
47053, 489260138, 0, 0
48048, 473531547, 0, 0
49054, 474677300, 0, 0
50065, 469833247, 0, 0
51042, 492096967, 0, 0
52060, 481180380, 0, 0
53023, 494661647, 0, 0
54021, 485186971, 0, 0
55021, 478690218, 0, 0
56039, 470967488, 0, 0
57047, 473737252, 0, 0
58020, 489058532, 0, 0
59030, 489825054, 0, 0
60048, 479911563, 0, 0
61033, 471590038, 0, 0
62013, 460758464, 0, 0
63048, 458512037, 0, 0
64002, 475708679, 0, 0
65052, 506607591, 0, 0
66006, 485392616, 0, 0
67012, 467727627, 0, 0
68061, 484870925, 0, 0
69009, 473559177, 0, 0
70027, 491032417, 0, 0
71050, 483492711, 0, 0
72027, 451451464, 0, 0
73004, 450624022, 0, 0
74056, 487573469, 0, 0
75056, 476224454, 0, 0
76021, 489334902, 0, 0
77027, 483217523, 0, 0
78053, 492398183, 0, 0
79044, 474461507, 0, 0
80032, 462201527, 0, 0
81029, 464196449, 0, 0
82038, 453758161, 0, 0
83004, 472100755, 0, 0
84000, 460839750, 0, 0
85022, 464412044, 0, 0
86033, 483108305, 0, 0
87028, 463972198, 0, 0
88029, 492795254, 0, 0
89010, 499420456, 0, 0
90033, 469665791, 0, 0
91016, 465924293, 0, 0
92006, 460676244, 0, 0
93027, 475286593, 0, 0
94062, 474854817, 0, 0
95011, 445502151, 0, 0
96032, 454293168, 0, 0
97043, 470073796, 0, 0
98033, 470744740, 0, 0
99000, 463484588, 0, 0
100021, 483576076, 0, 0
101002, 471331690, 0, 0
102032, 456361019, 0, 0
103005, 472954337, 0, 0
104053, 493824803, 0, 0
105049, 464941776, 0, 0
106017, 480025861, 0, 0
107041, 471984863, 0, 0
108027, 462124411, 0, 0
109054, 488153235, 0, 0
110003, 454818936, 0, 0
111002, 487672692, 0, 0
112006, 474965632, 0, 0
113008, 448768280, 0, 0
114043, 481488671, 0, 0
115048, 467125332, 0, 0
116000, 470160714, 0, 0
117023, 474761853, 0, 0
118034, 452548236, 0, 0
119050, 461420576, 0, 0
120057, 464593445, 0, 0
121028, 481437653, 0, 0
122060, 450507723, 0, 0
123059, 451661532, 0, 0
124006, 469273435, 0, 0
125035, 458908693, 0, 0
126062, 463282559, 0, 0
127048, 471101715, 0, 0
128060, 447280724, 0, 0
129012, 432053148, 0, 0
130007, 462628736, 0, 0
131027, 454999910, 0, 0
132016, 451374404, 0, 0
133074, 442737922, 0, 0
134026, 464536994, 0, 0
135038, 465537892, 0, 0
136056, 433050250, 0, 0
137008, 458907144, 0, 0
138062, 438117363, 0, 0
139020, 461089264, 0, 0
140031, 455991000, 0, 0
141056, 446119946, 0, 0
142018, 452916678, 0, 0
143023, 452739637, 0, 0
144020, 419048304, 0, 0
145054, 450616522, 0, 0
146004, 444327979, 0, 0
147062, 424023317, 0, 0
148001, 449328719, 0, 0
149036, 429831521, 0, 0
150049, 441369634, 0, 0
151037, 445225232, 0, 0
152046, 430538973, 0, 0
153008, 456074109, 0, 0
154046, 415596668, 0, 0
155050, 455809925, 0, 0
156014, 480904255, 0, 0
157004, 448800822, 0, 0
158024, 449866444, 0, 0
159021, 486220621, 0, 0
160030, 470322699, 0, 0
161048, 447446181, 0, 0
162060, 442802597, 0, 0
163016, 451989989, 0, 0
164062, 434732722, 0, 0
165027, 456842600, 0, 0
166051, 444302556, 0, 0
167037, 450976556, 0, 0
168027, 444337045, 0, 0
169043, 468379890, 0, 0
170035, 427321427, 0, 0
171024, 457040044, 0, 0
172055, 484912370, 0, 0
173015, 459205745, 0, 0
174011, 468956816, 0, 0
175052, 426481780, 0, 0
176061, 425436063, 0, 0
177031, 446959527, 0, 0
178016, 451195502, 0, 0
179033, 450211390, 0, 0
180016, 452781774, 0, 0
181028, 433325169, 0, 0
182038, 445495349, 0, 0
183044, 440655694, 0, 0
184016, 451315078, 0, 0
185048, 438379501, 0, 0
186021, 455609044, 0, 0
187051, 449813406, 0, 0
188002, 466456521, 0, 0
189057, 450443951, 0, 0
190012, 425195498, 0, 0
191001, 445202391, 0, 0
192010, 441671385, 0, 0
193037, 445981196, 0, 0
194048, 441104389, 0, 0
195067, 439739423, 0, 0
196013, 448095673, 0, 0
197005, 407818291, 0, 0
198026, 444667375, 0, 0
199047, 430216437, 0, 0
200044, 431845404, 0, 0
201029, 411578782, 0, 0
202005, 458084961, 0, 0
203025, 407280042, 0, 0
204017, 426625890, 0, 0
205023, 426762724, 0, 0
206010, 443203352, 0, 0
207059, 433250939, 0, 0
208007, 444485164, 0, 0
209053, 440263194, 0, 0
210030, 452144361, 0, 0
211052, 418637262, 0, 0
212020, 401801615, 0, 0
213013, 417675106, 0, 0
214009, 444035855, 0, 0
215005, 439750407, 0, 0
216026, 482380266, 0, 0
217005, 410827069, 0, 0
218005, 435105055, 0, 0
219036, 419798544, 0, 0
220018, 402156688, 0, 0
221000, 442446407, 0, 0
222000, 426659842, 0, 0
223005, 413987955, 0, 0
224014, 411735413, 0, 0
225046, 428158226, 0, 0
226019, 426937472, 0, 0
227036, 419198542, 0, 0
228023, 394919208, 0, 0
229046, 430005354, 0, 0
230023, 406008569, 0, 0
231004, 383250932, 0, 0
232051, 390447521, 0, 0
233035, 400624217, 0, 0
234042, 426815423, 0, 0
235052, 413889583, 0, 0
236002, 425717799, 0, 0
237028, 435954489, 0, 0
238041, 429957081, 0, 0
239049, 403315719, 0, 0
240044, 396107270, 0, 0
241067, 438047500, 0, 0
242040, 472726694, 0, 0
243016, 436959644, 0, 0
244031, 429684192, 0, 0
245001, 408688549, 0, 0
246017, 431035399, 0, 0
247031, 401945336, 0, 0
248036, 409499789, 0, 0
249052, 409682629, 0, 0
250049, 414163424, 0, 0
251009, 441028577, 0, 0
252060, 409954251, 0, 0
253027, 401076482, 0, 0
254057, 426444137, 0, 0
255022, 423273342, 0, 0
256023, 401956258, 0, 0
257030, 398095574, 0, 0
258030, 389639017, 0, 0
259004, 417796100, 0, 0
260045, 432909924, 0, 0
261031, 401619802, 0, 0
262051, 433162790, 0, 0
263056, 419473203, 0, 0
264006, 421729476, 0, 0
265056, 416836377, 0, 0
266030, 381777140, 0, 0
267023, 400726117, 0, 0
268065, 402199477, 0, 0
269047, 392932525, 0, 0
270012, 385305742, 0, 0
271020, 383065764, 0, 0
272058, 398997533, 0, 0
273024, 408208298, 0, 0
274055, 423869696, 0, 0
275024, 409682993, 0, 0
276058, 390067529, 0, 0
277017, 406034294, 0, 0
278057, 399475466, 0, 0
279015, 394832038, 0, 0
280020, 390250261, 0, 0
281030, 431884474, 0, 0
282062, 414188544, 0, 0
283069, 413180220, 0, 0
284052, 400031386, 0, 0
285022, 400190811, 0, 0
286052, 470178379, 0, 0
287044, 405971688, 0, 0
288002, 402366926, 0, 0
289025, 421564362, 0, 0
290035, 377367063, 0, 0
291058, 425228324, 0, 0
292000, 428173025, 0, 0
293016, 417472110, 0, 0
294013, 394437861, 0, 0
295021, 376978801, 0, 0
296006, 386103983, 0, 0
297053, 398130355, 0, 0
298048, 394619277, 0, 0
299042, 406890622, 0, 0
300014, 414178762, 0, 0
301007, 435933261, 0, 0
302037, 391618336, 0, 0
303040, 394145615, 0, 0
304001, 395143451, 0, 0
305042, 419424607, 0, 0
306058, 410192023, 0, 0
307052, 393973000, 0, 0
308041, 380423844, 0, 0
309052, 405712935, 0, 0
310037, 367810157, 0, 0
311024, 429197683, 0, 0
312040, 441341369, 0, 0
313033, 378127415, 0, 0
314012, 403890082, 0, 0
315059, 397262269, 0, 0
316034, 409731308, 0, 0
317043, 397402134, 0, 0
318021, 395968365, 0, 0
319017, 398604329, 0, 0
320020, 383157950, 0, 0
321038, 401545238, 0, 0
322016, 377683612, 0, 0
323013, 388859984, 0, 0
324001, 399287222, 0, 0
325050, 366340735, 0, 0
326059, 389188779, 0, 0
327046, 387779414, 0, 0
328005, 407771605, 0, 0
329051, 388514747, 0, 0
330038, 377270107, 0, 0
331033, 364100461, 0, 0
332038, 406942222, 0, 0
333034, 404326639, 0, 0
334063, 372011148, 0, 0
335058, 388129734, 0, 0
336042, 393696412, 0, 0
337035, 400614529, 0, 0
338046, 410356303, 0, 0
339037, 383401662, 0, 0
340058, 391684006, 0, 0
341059, 358967663, 0, 0
342001, 405190279, 0, 0
343026, 432600363, 0, 0
344028, 386788842, 0, 0
345065, 385295467, 0, 0
346044, 420397367, 0, 0
347040, 367842263, 0, 0
348028, 369604472, 0, 0
349052, 387469055, 0, 0
350034, 396407981, 0, 0
351002, 391789944, 0, 0
352018, 391842032, 0, 0
353023, 366184836, 0, 0
354006, 370089647, 0, 0
355039, 378223558, 0, 0
356052, 349893150, 0, 0
357033, 368414822, 0, 0
358066, 376679308, 0, 0
359013, 373143334, 0, 0
360026, 350445740, 0, 0
361011, 378657108, 0, 0
362061, 380841885, 0, 0
363035, 362844428, 0, 0
364014, 393486872, 0, 0
365011, 371613922, 0, 0
366032, 407475328, 0, 0
367021, 382533714, 0, 0
368052, 404537537, 0, 0
369030, 395768993, 0, 0
370003, 391218155, 0, 0
371017, 401963875, 0, 0
372038, 377206403, 0, 0
373038, 392607223, 0, 0
374030, 413922683, 0, 0
375014, 387261083, 0, 0
376006, 367506088, 0, 0
377037, 398444763, 0, 0
378070, 371943766, 0, 0
379009, 389209453, 0, 0
380018, 351936305, 0, 0
381035, 382106792, 0, 0
382056, 351727290, 0, 0
383000, 360561429, 0, 0
384060, 387061031, 0, 0
385017, 356657287, 0, 0
386047, 359356012, 0, 0
387060, 378368286, 0, 0
388009, 391782834, 0, 0
389015, 392866041, 0, 0
390002, 374500365, 0, 0
391034, 378089906, 0, 0
392042, 345470098, 0, 0
393032, 375317443, 0, 0
394052, 362593915, 0, 0
395052, 345695210, 0, 0
396039, 345734424, 0, 0
397058, 374442131, 0, 0
398010, 375117703, 0, 0
399043, 366980335, 0, 0
400016, 412822606, 0, 0
401053, 358637060, 0, 0
402039, 383299065, 0, 0
403010, 378743687, 0, 0
404015, 361640154, 0, 0
405046, 366939495, 0, 0
406023, 350899223, 0, 0
407040, 377462460, 0, 0
408002, 376352844, 0, 0
409062, 403690224, 0, 0
410013, 355590018, 0, 0
411032, 369165064, 0, 0
412031, 391771580, 0, 0
413020, 376157318, 0, 0
414061, 388843419, 0, 0
415004, 378974035, 0, 0
416004, 343472547, 0, 0
417053, 339770046, 0, 0
418037, 317207105, 0, 0
419043, 356948934, 0, 0
420058, 357067444, 0, 0
421028, 400592202, 0, 0
422045, 366208063, 0, 0
423003, 357607114, 0, 0
424030, 351178098, 0, 0
425004, 336236726, 0, 0
426027, 360303890, 0, 0
427008, 367312408, 0, 0
428033, 353411002, 0, 0
429051, 356317632, 0, 0
430044, 345793625, 0, 0
431025, 359650993, 0, 0
432057, 348950007, 0, 0
433035, 351697439, 0, 0
434046, 340100692, 0, 0
435061, 395396323, 0, 0
436007, 316166392, 0, 0
437006, 358511050, 0, 0
438003, 396481698, 0, 0
439001, 358910709, 0, 0
440005, 379873179, 0, 0
441065, 331841590, 0, 0
442022, 329771730, 0, 0
443035, 333836124, 0, 0
444048, 364161777, 0, 0
445056, 337983701, 0, 0
446028, 344534137, 0, 0
447000, 377880673, 0, 0
448056, 335286612, 0, 0
449052, 347950186, 0, 0
450053, 331144207, 0, 0
451017, 365167715, 0, 0
452029, 365446548, 0, 0
453028, 389915789, 0, 0
454023, 347427378, 0, 0
455037, 340861164, 0, 0
456044, 344137223, 0, 0
457030, 350191376, 0, 0
458049, 335329756, 0, 0
459003, 345277324, 0, 0
460011, 354115117, 0, 0
461002, 319777789, 0, 0
462040, 355597988, 0, 0
463061, 350047065, 0, 0
464008, 319622861, 0, 0
465002, 354681627, 0, 0
466036, 333093338, 0, 0
467034, 362747481, 0, 0
468061, 333851346, 0, 0
469037, 348119445, 0, 0
470032, 372042388, 0, 0
471024, 354681708, 0, 0
472010, 363344334, 0, 0
473060, 315372295, 0, 0
474048, 316147282, 0, 0
475054, 327999884, 0, 0
476042, 348533051, 0, 0
477005, 322630756, 0, 0
478030, 363167530, 0, 0
479038, 337147089, 0, 0
480050, 346996444, 0, 0
481038, 339385590, 0, 0
482047, 336455339, 0, 0
483011, 355312312, 0, 0
484065, 353684571, 0, 0
485037, 298905640, 0, 0
486010, 322390333, 0, 0
487011, 361049158, 0, 0
488032, 334477287, 0, 0
489011, 345098086, 0, 0
490047, 333812465, 0, 0
491006, 342618560, 0, 0
492009, 336392316, 0, 0
493027, 340544701, 0, 0
494015, 322448987, 0, 0
495004, 327674261, 0, 0
496040, 364069465, 0, 0
497001, 353991407, 0, 0
498034, 335174938, 0, 0
499036, 325496799, 0, 0
500068, 340509749, 0, 0
501010, 356785422, 0, 0
502014, 346068796, 0, 0
503022, 356012373, 0, 0
504000, 342296782, 0, 0
505057, 317518361, 0, 0
506023, 332934744, 0, 0
507048, 324442002, 0, 0
508000, 351540814, 0, 0
509037, 364897993, 0, 0
510058, 345923892, 0, 0
511049, 348166479, 0, 0
512008, 358431071, 0, 0
513016, 338224578, 0, 0
514059, 318021764, 0, 0
515016, 342944002, 0, 0
516014, 345760043, 0, 0
517035, 346198952, 0, 0
518061, 334606720, 0, 0
519035, 344918438, 0, 0
520008, 320451732, 0, 0
521045, 308460055, 0, 0
522017, 302381258, 0, 0
523046, 326368279, 0, 0
524009, 313395648, 0, 0
525002, 365388608, 0, 0
526038, 338645572, 0, 0
527035, 336180042, 0, 0
528040, 330743345, 0, 0
529002, 320416301, 0, 0
530025, 342717042, 0, 0
531020, 304796219, 0, 0
532020, 309424788, 0, 0
533055, 281771155, 0, 0
534007, 338324005, 0, 0
535036, 328472336, 0, 0
536020, 322403703, 0, 0
537020, 291963952, 0, 0
538024, 327482990, 0, 0
539056, 330730252, 0, 0
540008, 318913989, 0, 0
541013, 359962148, 0, 0
542004, 315783025, 0, 0
543004, 328443037, 0, 0
544048, 339617145, 0, 0
545041, 307148539, 0, 0
546010, 342010235, 0, 0
547002, 315073965, 0, 0
548060, 319003131, 0, 0
549012, 304550211, 0, 0
550013, 295252474, 0, 0
551008, 345337388, 0, 0
552050, 332492528, 0, 0
553000, 307283640, 0, 0
554041, 317977825, 0, 0
555010, 335117677, 0, 0
556004, 306482255, 0, 0
557007, 286910810, 0, 0
558010, 340438039, 0, 0
559012, 346971020, 0, 0
560027, 321410441, 0, 0
561049, 337293267, 0, 0
562030, 324730502, 0, 0
563050, 317297365, 0, 0
564063, 304723379, 0, 0
565013, 289749901, 0, 0
566017, 289095991, 0, 0
567051, 297700095, 0, 0
568057, 324698300, 0, 0
569000, 285983687, 0, 0
570000, 267935566, 0, 0
571047, 303137760, 0, 0
572049, 315149630, 0, 0
573007, 295349674, 0, 0
574045, 282773346, 0, 0
575060, 314864467, 0, 0
576041, 304992043, 0, 0
577051, 279744428, 0, 0
578024, 307197398, 0, 0
579064, 351465077, 0, 0
580057, 270285581, 0, 0
581007, 301890613, 0, 0
582055, 307103635, 0, 0
583053, 296538182, 0, 0
584007, 303407703, 0, 0
585057, 334068704, 0, 0
586049, 316786696, 0, 0
587039, 282463284, 0, 0
588055, 313333077, 0, 0
589057, 299989730, 0, 0
590041, 306995458, 0, 0
591061, 281218927, 0, 0
592008, 278337909, 0, 0
593014, 297577277, 0, 0
594029, 283321729, 0, 0
595057, 295411718, 0, 0
596020, 291451104, 0, 0
597050, 288526126, 0, 0
598041, 313368781, 0, 0
599002, 318097658, 0, 0
600031, 318049616, 0, 0
601051, 306129493, 0, 0
602048, 309608677, 0, 0
603028, 289941919, 0, 0
604005, 311834878, 0, 0
605057, 294074368, 0, 0
606007, 321390361, 0, 0
607054, 293430545, 0, 0
608009, 300527747, 0, 0
609055, 301225225, 0, 0
610010, 360563045, 0, 0
611023, 270351807, 0, 0
612054, 309724515, 0, 0
613059, 288141616, 0, 0
614055, 254793541, 0, 0
615007, 300027276, 0, 0
616047, 311729716, 0, 0
617036, 271566308, 0, 0
618014, 310510838, 0, 0
619042, 307497459, 0, 0
620050, 265574462, 0, 0
621010, 295999514, 0, 0
622013, 282269206, 0, 0
623026, 309823383, 0, 0
624008, 285006939, 0, 0
625046, 263885688, 0, 0
626036, 273752481, 0, 0
627062, 289235034, 0, 0
628018, 279143207, 0, 0
629042, 294470741, 0, 0
630025, 279759531, 0, 0
631002, 271246883, 0, 0
632016, 276172000, 0, 0
633015, 284267844, 0, 0
634053, 286591286, 0, 0
635001, 293352914, 0, 0
636026, 282017503, 0, 0
637027, 298903178, 0, 0
638050, 297994205, 0, 0
639005, 283993632, 0, 0
640038, 311735691, 0, 0
641038, 276378905, 0, 0
642032, 293503668, 0, 0
643034, 310441944, 0, 0
644063, 276168903, 0, 0
645018, 282618787, 0, 0
646025, 276543090, 0, 0
647046, 275638940, 0, 0
648020, 264831724, 0, 0
649021, 269888426, 0, 0
650059, 297524700, 0, 0
651031, 285573980, 0, 0
652010, 270386333, 0, 0
653025, 292392926, 0, 0
654034, 296113742, 0, 0
655006, 299641400, 0, 0
656051, 273814191, 0, 0
657047, 295327679, 0, 0
658026, 295222062, 0, 0
659062, 300435217, 0, 0
660026, 298476022, 0, 0
661028, 256336294, 0, 0
662025, 262836682, 0, 0
663014, 278160075, 0, 0
664007, 281234962, 0, 0
665009, 268490120, 0, 0
666059, 277248145, 0, 0
667066, 274169780, 0, 0
668060, 286573083, 0, 0
669006, 274879046, 0, 0
670005, 266492158, 0, 0
671053, 278154299, 0, 0
672063, 282986375, 0, 0
673043, 296268019, 0, 0
674052, 279969316, 0, 0
675031, 249672660, 0, 0
676002, 310139794, 0, 0
677011, 280842221, 0, 0
678026, 308483832, 0, 0
679058, 253967354, 0, 0
680025, 291768248, 0, 0
681020, 253350990, 0, 0
682029, 269190813, 0, 0
683032, 250710801, 0, 0
684000, 289814105, 0, 0
685030, 271145832, 0, 0
686001, 275471604, 0, 0
687070, 310291307, 0, 0
688043, 287715784, 0, 0
689040, 276057460, 0, 0
690017, 279161901, 0, 0
691033, 288219908, 0, 0
692008, 255567860, 0, 0
693012, 273244025, 0, 0
694029, 287565871, 0, 0
695014, 289398800, 0, 0
696025, 285230485, 0, 0
697016, 305562071, 0, 0
698011, 278978718, 0, 0
699015, 297878225, 0, 0
700038, 277701840, 0, 0
701072, 273108640, 0, 0
702001, 282048889, 0, 0
703060, 272521407, 0, 0
704011, 278706330, 0, 0
705013, 317628175, 0, 0
706031, 287647314, 0, 0
707043, 282340153, 0, 0
708062, 282433596, 0, 0
709039, 273962700, 0, 0
710055, 272315694, 0, 0
711049, 273489851, 0, 0
712058, 295429581, 0, 0
713008, 276257720, 0, 0
714001, 273403309, 0, 0
715000, 289202475, 0, 0
716040, 268965314, 0, 0
717023, 249067357, 0, 0
718022, 256471165, 0, 0
719002, 278412375, 0, 0
720009, 274463732, 0, 0
721049, 274194181, 0, 0
722049, 265704892, 0, 0
723016, 273714619, 0, 0
724045, 330928363, 0, 0
725005, 323512317, 0, 0
726032, 261893257, 0, 0
727000, 284565015, 0, 0
728058, 281872723, 0, 0
729039, 287157535, 0, 0
730069, 286098649, 0, 0
731019, 308177753, 0, 0
732032, 305389484, 0, 0
733007, 245603001, 0, 0
734047, 302493840, 0, 0
735052, 309897537, 0, 0
736061, 295061354, 0, 0
737006, 292433743, 0, 0
738010, 290222070, 0, 0
739023, 295952170, 0, 0
740014, 284263232, 0, 0
741003, 257824487, 0, 0
742010, 284304425, 0, 0
743001, 294144298, 0, 0
744006, 278120254, 0, 0
745024, 298159131, 0, 0
746067, 278293677, 0, 0
747045, 304244341, 0, 0
748001, 290935684, 0, 0
749040, 276566440, 0, 0
750052, 306033980, 0, 0
751022, 268460561, 0, 0
752042, 273568854, 0, 0
753035, 295618536, 0, 0
754061, 303520265, 0, 0
755032, 325470767, 0, 0
756044, 280836409, 0, 0
757011, 271685831, 0, 0
758044, 258247236, 0, 0
759008, 293707858, 0, 0
760051, 265829749, 0, 0
761003, 258928738, 0, 0
762016, 278519287, 0, 0
763005, 284880559, 0, 0
764023, 272803657, 0, 0
765042, 269033456, 0, 0
766061, 320395716, 0, 0
767034, 266328042, 0, 0
768035, 271376635, 0, 0
769052, 310536293, 0, 0
770018, 285757222, 0, 0
771019, 269126865, 0, 0
772013, 297977354, 0, 0
773001, 327120721, 0, 0
774003, 275761272, 0, 0
775051, 293291719, 0, 0
776045, 311291494, 0, 0
777000, 293274011, 0, 0
778005, 264339588, 0, 0
779016, 292352372, 0, 0
780056, 247184607, 0, 0
781018, 281959230, 0, 0
782018, 283487068, 0, 0
783006, 277883241, 0, 0
784055, 260651402, 0, 0
785086, 268912089, 0, 0
786029, 264497410, 0, 0
787023, 283156094, 0, 0
788024, 247090255, 0, 0
789040, 305749166, 0, 0
790002, 286682434, 0, 0
791015, 319007996, 0, 0
792037, 293409441, 0, 0
793030, 260140952, 0, 0
794020, 268173564, 0, 0
795008, 259134436, 0, 0
796040, 282923236, 0, 0
797035, 281750295, 0, 0
798009, 263072244, 0, 0
799029, 300794830, 0, 0
800047, 292971477, 0, 0
801053, 285054676, 0, 0
802070, 257757929, 0, 0
803047, 278220106, 0, 0
804058, 284037720, 0, 0
805066, 287611036, 0, 0
806000, 273061240, 0, 0
807009, 259451945, 0, 0
808003, 304146007, 0, 0
809050, 279757654, 0, 0
810029, 291117122, 0, 0
811024, 278901208, 0, 0
812004, 298045996, 0, 0
813004, 257392511, 0, 0
814065, 266225943, 0, 0
815060, 265403014, 0, 0
816060, 307014982, 0, 0
817008, 307749539, 0, 0
818054, 270618923, 0, 0
819012, 261647454, 0, 0
820001, 270888756, 0, 0
821055, 315131587, 0, 0
822046, 232525602, 0, 0
823058, 268108227, 0, 0
824002, 279720220, 0, 0
825026, 258368509, 0, 0
826050, 242739011, 0, 0
827000, 257444487, 0, 0
828029, 246486933, 0, 0
829046, 328427647, 0, 0
830006, 274232289, 0, 0
831003, 286907284, 0, 0
832057, 279364816, 0, 0
833011, 277235827, 0, 0
834037, 274077358, 0, 0
835010, 290367111, 0, 0
836060, 281556823, 0, 0
837050, 279916126, 0, 0
838020, 274869780, 0, 0
839055, 294645013, 0, 0
840049, 289178548, 0, 0
841055, 286478048, 0, 0
842027, 279979174, 0, 0
843049, 256541168, 0, 0
844062, 301436488, 0, 0
845055, 297170259, 0, 0
846049, 282545192, 0, 0
847029, 292122344, 0, 0
848045, 300276679, 0, 0
849054, 261881862, 0, 0
850040, 276331180, 0, 0
851006, 288215886, 0, 0
852020, 296747163, 0, 0
853035, 263827145, 0, 0
854059, 317965572, 0, 0
855047, 273439770, 0, 0
856017, 260235595, 0, 0
857044, 265810116, 0, 0
858051, 279205342, 0, 0
859017, 269993553, 0, 0
860015, 252832654, 0, 0
861007, 285382830, 0, 0
862058, 254975807, 0, 0
863054, 269364154, 0, 0
864054, 266973822, 0, 0
865062, 284430084, 0, 0
866036, 285880040, 0, 0
867019, 278126057, 0, 0
868025, 262916606, 0, 0
869031, 277957488, 0, 0
870045, 248208754, 0, 0
871057, 272483676, 0, 0
872063, 242633181, 0, 0
873039, 392757855, 0, 0
874044, 327809855, 0, 0
875006, 277738649, 0, 0
876032, 273176332, 0, 0
877039, 302163692, 0, 0
878065, 295469515, 0, 0
879007, 284123385, 0, 0
880035, 297310429, 0, 0
881009, 261009225, 0, 0
882017, 247722111, 0, 0
883024, 312562628, 0, 0
884041, 254394246, 0, 0
885053, 266224900, 0, 0
886039, 275850668, 0, 0
887041, 291368398, 0, 0
888005, 275954696, 0, 0
889041, 249970192, 0, 0
890038, 268931150, 0, 0
891007, 270201886, 0, 0
892039, 344395103, 0, 0
893013, 303036650, 0, 0
894057, 261274204, 0, 0
895007, 267126191, 0, 0
896067, 275056348, 0, 0
897023, 270915106, 0, 0
898002, 301318760, 0, 0
899011, 291781416, 0, 0
900025, 313409076, 0, 0
901044, 246398735, 0, 0
902052, 277976642, 0, 0
903049, 282083161, 0, 0
904011, 278976021, 0, 0
905000, 304866620, 0, 0
906017, 283687118, 0, 0
907007, 278871405, 0, 0
908049, 284963531, 0, 0
909056, 284557234, 0, 0
910007, 284158228, 0, 0
911013, 267152627, 0, 0
912007, 269666207, 0, 0
913010, 272420637, 0, 0
914054, 287285461, 0, 0
915054, 284335890, 0, 0
916056, 251583065, 0, 0
917049, 258711570, 0, 0
918003, 272803696, 0, 0
919000, 299732405, 0, 0
920077, 286939131, 0, 0
921053, 334677160, 0, 0
922041, 277178867, 0, 0
923028, 291225897, 0, 0
924020, 272215972, 0, 0
925034, 291020892, 0, 0
926041, 270635757, 0, 0
927019, 289967762, 0, 0
928006, 271538744, 0, 0
929035, 273826471, 0, 0
930000, 310364733, 0, 0
931043, 281319797, 0, 0
932053, 281302174, 0, 0
933058, 251180472, 0, 0
934047, 255642899, 0, 0
935045, 269176587, 0, 0
936039, 259254550, 0, 0
937002, 293320806, 0, 0
938053, 301597997, 0, 0
939054, 271486515, 0, 0
940019, 295454370, 0, 0
941050, 270098630, 0, 0
942013, 267671450, 0, 0
943035, 256473751, 0, 0
944011, 279279271, 0, 0
945044, 272265815, 0, 0
946066, 279175425, 0, 0
947031, 296440956, 0, 0
948053, 283829024, 0, 0
949076, 275943469, 0, 0
950046, 303153042, 0, 0
951047, 283238343, 0, 0
952061, 271620785, 0, 0
953022, 268753385, 0, 0
954041, 285397197, 0, 0
955003, 262965661, 0, 0
956054, 289897914, 0, 0
957039, 313051598, 0, 0
958035, 277806625, 0, 0
959023, 278761256, 0, 0
960023, 264887984, 0, 0
961018, 319967349, 0, 0
962011, 277633608, 0, 0
963026, 303889856, 0, 0
964003, 260520893, 0, 0
965071, 273136514, 0, 0
966015, 285714689, 0, 0
967067, 271061137, 0, 0
968026, 291552428, 0, 0
969006, 302368949, 0, 0
970035, 257123847, 0, 0
971000, 271976375, 0, 0
972030, 305403393, 0, 0
973009, 325245912, 0, 0
974043, 287882269, 0, 0
975040, 285851549, 0, 0
976002, 291189243, 0, 0
977007, 268186675, 0, 0
978039, 276378497, 0, 0
979055, 293237631, 0, 0
980031, 266206207, 0, 0
981033, 316719194, 0, 0
982053, 254037519, 0, 0
983016, 298621201, 0, 0
984006, 312030885, 0, 0
985014, 279251653, 0, 0
986023, 256921365, 0, 0
987003, 265104222, 0, 0
988016, 268150798, 0, 0
989036, 295059855, 0, 0
990004, 256732709, 0, 0
991016, 293351388, 0, 0
992057, 278392008, 0, 0
993006, 295121721, 0, 0
994021, 254563367, 0, 0
995024, 260747633, 0, 0
996049, 272159775, 0, 0
997047, 275503595, 0, 0
998043, 292139584, 0, 0
999019, 304716164, 0, 0
1000021, 242920361, 0, 0
1001047, 255846350, 0, 0
1002050, 291173445, 0, 0
1003032, 249602922, 0, 0
1004047, 278175405, 0, 0
1005042, 294412923, 0, 0
1006020, 285500201, 0, 0
1007035, 301241806, 0, 0
1008012, 264555803, 0, 0
1009044, 328818243, 0, 0
1010049, 297805537, 0, 0
1011043, 270312551, 0, 0
1012043, 284185094, 0, 0
1013057, 269453897, 0, 0
1014016, 279916688, 0, 0
1015030, 261734089, 0, 0
1016058, 275322843, 0, 0
1017032, 272024540, 0, 0
1018051, 269750797, 0, 0
1019011, 276916676, 0, 0
1020060, 295989014, 0, 0
1021061, 280665800, 0, 0
1022061, 314194557, 0, 0
1023003, 283246233, 0, 0
1024063, 267528320, 0, 0
1025026, 300237616, 0, 0
1026009, 294634795, 0, 0
1027010, 287676979, 0, 0
1028056, 288598001, 0, 0
1029004, 296368729, 0, 0
1030008, 277398361, 0, 0
1031011, 282813066, 0, 0
1032013, 283843390, 0, 0
1033029, 304011001, 0, 0
1034060, 288217252, 0, 0
1035053, 293072768, 0, 0
1036054, 288622222, 0, 0
1037042, 247068744, 0, 0
1038057, 275447608, 0, 0
1039060, 280963069, 0, 0
1040023, 284441021, 0, 0
1041023, 267945869, 0, 0
1042012, 269756366, 0, 0
1043019, 264909747, 0, 0
1044018, 260305473, 0, 0
1045046, 291782294, 0, 0
1046027, 309641109, 0, 0
1047056, 271441269, 0, 0
1048056, 261353373, 0, 0
1049016, 351662382, 0, 0
1050005, 308486377, 0, 0
1051050, 284346047, 0, 0
1052053, 305721377, 0, 0
1053046, 271213783, 0, 0
1054010, 252369944, 0, 0
1055028, 295231649, 0, 0
1056040, 252118709, 0, 0
1057051, 297404041, 0, 0
1058005, 298127829, 0, 0
1059024, 309464981, 0, 0
1060028, 265739000, 0, 0
1061047, 263587327, 0, 0
1062055, 269571371, 0, 0
1063048, 304864069, 0, 0
1064002, 271565135, 0, 0
1065016, 275976142, 0, 0
1066007, 247836518, 0, 0
1067013, 271237698, 0, 0
1068054, 256314960, 0, 0
1069011, 302318041, 0, 0
1070007, 247379671, 0, 0
1071059, 269891917, 0, 0
1072024, 315187159, 0, 0
1073027, 291015129, 0, 0
1074049, 285263016, 0, 0
1075048, 249170556, 0, 0
1076061, 260784302, 0, 0
1077050, 297599181, 0, 0
1078059, 288880362, 0, 0
1079013, 295897584, 0, 0
1080027, 259252656, 0, 0
1081039, 270794733, 0, 0
1082021, 245969605, 0, 0
1083023, 337623777, 0, 0
1084027, 263665477, 0, 0
1085060, 278217229, 0, 0
1086040, 279663785, 0, 0
1087044, 297276527, 0, 0
1088040, 273468088, 0, 0
1089062, 299554859, 0, 0
1090002, 269722881, 0, 0
1091022, 275608250, 0, 0
1092039, 285170126, 0, 0
1093013, 339771404, 0, 0
1094060, 305953151, 0, 0
1095039, 288613030, 0, 0
1096021, 241681502, 0, 0
1097031, 276185107, 0, 0
1098034, 282057207, 0, 0
1099012, 248306936, 0, 0
1100059, 309493828, 0, 0
1101022, 272108863, 0, 0
1102016, 259507920, 0, 0
1103046, 279556713, 0, 0
1104029, 289096291, 0, 0
1105065, 282825115, 0, 0
1106038, 303464158, 0, 0
1107008, 286116983, 0, 0
1108041, 285074536, 0, 0
1109026, 278682054, 0, 0
1110026, 250241993, 0, 0
1111025, 325298129, 0, 0
1112056, 286537607, 0, 0
1113035, 281257675, 0, 0
1114026, 233641436, 0, 0
1115029, 263980294, 0, 0
1116012, 251898594, 0, 0
1117017, 281265859, 0, 0
1118042, 303292927, 0, 0
1119008, 293141368, 0, 0
1120009, 298286524, 0, 0
1121056, 277968663, 0, 0
1122065, 281680398, 0, 0
1123028, 305541432, 0, 0
1124050, 252089821, 0, 0
1125064, 278270648, 0, 0
1126027, 266513567, 0, 0
1127018, 285839324, 0, 0
1128035, 249738928, 0, 0
1129017, 233384926, 0, 0
1130061, 282387777, 0, 0
1131053, 261851817, 0, 0
1132041, 289137261, 0, 0
1133047, 293423292, 0, 0
1134046, 282896582, 0, 0
1135000, 286164760, 0, 0
1136052, 255883370, 0, 0
1137013, 270443967, 0, 0
1138035, 255724345, 0, 0
1139035, 252337155, 0, 0
1140051, 286357819, 0, 0
1141033, 271483440, 0, 0
1142023, 304717738, 0, 0
1143056, 253129104, 0, 0
1144050, 266052709, 0, 0
1145028, 296064266, 0, 0
1146036, 275657572, 0, 0
1147045, 265058349, 0, 0
1148028, 313285765, 0, 0
1149009, 266596971, 0, 0
1150005, 278190114, 0, 0
1151015, 260319481, 0, 0
1152022, 264772053, 0, 0
1153035, 285351500, 0, 0
1154032, 269330370, 0, 0
1155005, 301810038, 0, 0
1156000, 288069702, 0, 0
1157053, 288059929, 0, 0
1158056, 299952320, 0, 0
1159020, 297204565, 0, 0
1160029, 299534941, 0, 0
1161010, 273354442, 0, 0
1162038, 296737121, 0, 0
1163024, 272495283, 0, 0
1164000, 271574066, 0, 0
1165055, 280407156, 0, 0
1166034, 263011404, 0, 0
1167008, 257924601, 0, 0
1168059, 268431839, 0, 0
1169064, 270266484, 0, 0
1170015, 319184502, 0, 0
1171063, 289131560, 0, 0
1172049, 306632623, 0, 0
1173059, 261388117, 0, 0
1174009, 258751930, 0, 0
1175008, 289322587, 0, 0
1176035, 245668289, 0, 0
1177049, 270581723, 0, 0
1178043, 258533700, 0, 0
1179029, 334472161, 0, 0
1180157, 281096667, 0, 0
1181039, 303810912, 0, 0
1182020, 266056546, 0, 0
1183031, 280368843, 0, 0
1184005, 268816228, 0, 0
1185060, 310066312, 0, 0
1186029, 282527799, 0, 0
1187047, 270595412, 0, 0
1188042, 285901598, 0, 0
1189053, 312752303, 0, 0
1190048, 278394856, 0, 0
1191039, 292531685, 0, 0
1192031, 292904333, 0, 0
1193025, 253850675, 0, 0
1194027, 271269717, 0, 0
1195055, 283303138, 0, 0
1196002, 295870649, 0, 0
1197012, 284849229, 0, 0
1198017, 272819176, 0, 0
1199024, 291890748, 0, 0
1200018, 262205452, 0, 0
1200153, 317796283, 0, 0
