1028, 621993686, 0, 0
2075, 782831504, 0, 0
3000, 228700326, 0, 0
4004, 224251078, 0, 0
5022, 567565862, 0, 0
6026, 835578969, 0, 0
7072, 789183921, 0, 0
8069, 849007611, 0, 0
9004, 863020636, 0, 0
10029, 810701323, 0, 0
11084, 824430358, 0, 0
12020, 835398894, 0, 0
13080, 853229191, 0, 0
14069, 684745312, 0, 0
15006, 805054731, 0, 0
16045, 855878605, 0, 0
17106, 845002499, 0, 0
18050, 829708238, 0, 0
19026, 825788475, 0, 0
20033, 767387061, 0, 0
21009, 798278120, 0, 0
22043, 800774105, 0, 0
23024, 822014435, 0, 0
24050, 769251404, 0, 0
25047, 827777172, 0, 0
26031, 807706762, 0, 0
27045, 806945473, 0, 0
28104, 802547232, 0, 0
29040, 846914841, 0, 0
30063, 841450231, 0, 0
31051, 815184081, 0, 0
32070, 802014244, 0, 0
33014, 823167194, 0, 0
34012, 808940097, 0, 0
35060, 812535738, 0, 0
36045, 787566083, 0, 0
37063, 670796790, 0, 0
38004, 799060450, 0, 0
39055, 844866810, 0, 0
40021, 839961391, 0, 0
41017, 832077772, 0, 0
42052, 800062362, 0, 0
43002, 859416139, 0, 0
44034, 833361684, 0, 0
45061, 806229238, 0, 0
46051, 795546880, 0, 0
47063, 820295974, 0, 0
48071, 793577919, 0, 0
49078, 809516940, 0, 0
50082, 797365889, 0, 0
51084, 800806091, 0, 0
52096, 801045844, 0, 0
53051, 827926719, 0, 0
54097, 838949598, 0, 0
55027, 823329075, 0, 0
56028, 821718722, 0, 0
57028, 802098652, 0, 0
58050, 799932909, 0, 0
59012, 839547900, 0, 0
60063, 821746473, 0, 0
61039, 812556599, 0, 0
62032, 800380687, 0, 0
63023, 788223786, 0, 0
64058, 794057574, 0, 0
65031, 849556012, 0, 0
66038, 824477993, 0, 0
67050, 808680096, 0, 0
68050, 802841815, 0, 0
69057, 815944509, 0, 0
70078, 806730541, 0, 0
71055, 830598983, 0, 0
72058, 770863382, 0, 0
73083, 811411586, 0, 0
74090, 807652305, 0, 0
75005, 813491681, 0, 0
76050, 818196448, 0, 0
77100, 866683305, 0, 0
78064, 788478565, 0, 0
79095, 788235986, 0, 0
80024, 816681639, 0, 0
81088, 863512683, 0, 0
82078, 816682147, 0, 0
83074, 797254619, 0, 0
84094, 786752047, 0, 0
85075, 810836472, 0, 0
86006, 784918438, 0, 0
87043, 834305839, 0, 0
88079, 798456535, 0, 0
89004, 826481212, 0, 0
90066, 845479639, 0, 0
91059, 819371078, 0, 0
92110, 804371955, 0, 0
93004, 825657305, 0, 0
94014, 795185902, 0, 0
95003, 796098921, 0, 0
96072, 826983375, 0, 0
97103, 812999313, 0, 0
98097, 823432359, 0, 0
99026, 800500490, 0, 0
100009, 828561211, 0, 0
101020, 798656369, 0, 0
102081, 822911415, 0, 0
103003, 833112627, 0, 0
104022, 825398271, 0, 0
105051, 822350334, 0, 0
106054, 780678279, 0, 0
107087, 819272342, 0, 0
108095, 801965735, 0, 0
109095, 790313704, 0, 0
110037, 828997035, 0, 0
111004, 797797998, 0, 0
112028, 790119312, 0, 0
113057, 830177131, 0, 0
114067, 832524050, 0, 0
115077, 816890955, 0, 0
116098, 815628421, 0, 0
117030, 827386911, 0, 0
118062, 818322062, 0, 0
119042, 800064548, 0, 0
120063, 802437935, 0, 0
121017, 822573163, 0, 0
122058, 848301332, 0, 0
123046, 796779730, 0, 0
124074, 823103542, 0, 0
125080, 807399796, 0, 0
126019, 804152536, 0, 0
127025, 824142449, 0, 0
128075, 826427148, 0, 0
129073, 808524200, 0, 0
130048, 810686690, 0, 0
131037, 765365119, 0, 0
132069, 796937010, 0, 0
133096, 806014245, 0, 0
134120, 837321676, 0, 0
135097, 799304040, 0, 0
136009, 803178156, 0, 0
137093, 786461624, 0, 0
138085, 786118409, 0, 0
139009, 806930818, 0, 0
140026, 799207279, 0, 0
141039, 821960141, 0, 0
142042, 813679818, 0, 0
143039, 792428873, 0, 0
144045, 797869028, 0, 0
145060, 805296565, 0, 0
146086, 810492283, 0, 0
147063, 775447370, 0, 0
148078, 809696122, 0, 0
149068, 770518039, 0, 0
150004, 790704219, 0, 0
151089, 816960604, 0, 0
152098, 800434604, 0, 0
153066, 783433175, 0, 0
154062, 791254228, 0, 0
155082, 809238961, 0, 0
156019, 800684784, 0, 0
157057, 832213072, 0, 0
158027, 803666644, 0, 0
159088, 818852289, 0, 0
160052, 782748441, 0, 0
161039, 763507453, 0, 0
162028, 768215331, 0, 0
163051, 825159627, 0, 0
164072, 807898318, 0, 0
165076, 815704784, 0, 0
166065, 826595968, 0, 0
167022, 830629411, 0, 0
168002, 773462057, 0, 0
169007, 782201737, 0, 0
170078, 746761325, 0, 0
171066, 795892428, 0, 0
172074, 811362474, 0, 0
173035, 785148395, 0, 0
174012, 815460272, 0, 0
175034, 816035553, 0, 0
176046, 821475951, 0, 0
177023, 769008343, 0, 0
178026, 795485756, 0, 0
179053, 811271798, 0, 0
180078, 806365375, 0, 0
181002, 802711854, 0, 0
182041, 838492239, 0, 0
183011, 803937912, 0, 0
184073, 808295179, 0, 0
185041, 856339026, 0, 0
186018, 820533993, 0, 0
187014, 793910729, 0, 0
188009, 789961589, 0, 0
189016, 788603736, 0, 0
190053, 840931618, 0, 0
191063, 803046896, 0, 0
192006, 795540209, 0, 0
193018, 814759728, 0, 0
194024, 796373069, 0, 0
195021, 787199293, 0, 0
196080, 860775981, 0, 0
197000, 803995453, 0, 0
198005, 817400745, 0, 0
199006, 786104955, 0, 0
200016, 854922031, 0, 0
201014, 788155472, 0, 0
202008, 787835868, 0, 0
203050, 819584016, 0, 0
204013, 850322962, 0, 0
205011, 822697054, 0, 0
206077, 825286721, 0, 0
207073, 819508062, 0, 0
208032, 773425530, 0, 0
209062, 800467843, 0, 0
210043, 795068717, 0, 0
211096, 800265199, 0, 0
212007, 805035992, 0, 0
213005, 809262938, 0, 0
214022, 803251205, 0, 0
215004, 786467524, 0, 0
216089, 766797191, 0, 0
217097, 799335754, 0, 0
218032, 804898760, 0, 0
219099, 853076012, 0, 0
220023, 822839469, 0, 0
221064, 831941227, 0, 0
222026, 774173817, 0, 0
223069, 820715147, 0, 0
224070, 799381482, 0, 0
225074, 815435928, 0, 0
226084, 796095536, 0, 0
227077, 797368141, 0, 0
228075, 793707541, 0, 0
229068, 795731116, 0, 0
230008, 792805973, 0, 0
231084, 822329496, 0, 0
232078, 785460665, 0, 0
233108, 797420472, 0, 0
234032, 832190666, 0, 0
235041, 804616280, 0, 0
236034, 796934675, 0, 0
237042, 980443854, 0, 0
238025, 782549823, 0, 0
239018, 794910183, 0, 0
240075, 836017128, 0, 0
241080, 817028959, 0, 0
242022, 813591683, 0, 0
243071, 829065654, 0, 0
244019, 822505609, 0, 0
245010, 822095127, 0, 0
246009, 771953402, 0, 0
247100, 794611153, 0, 0
248060, 781575429, 0, 0
249064, 782523562, 0, 0
250073, 806984579, 0, 0
251047, 860481658, 0, 0
252042, 794403572, 0, 0
253087, 805064531, 0, 0
254047, 803959279, 0, 0
255073, 781112633, 0, 0
256001, 771603541, 0, 0
257068, 822096113, 0, 0
258000, 798802728, 0, 0
259048, 838082537, 0, 0
260038, 809425448, 0, 0
261018, 787688029, 0, 0
262016, 787677024, 0, 0
263036, 798509935, 0, 0
264024, 816418310, 0, 0
265000, 817611198, 0, 0
266033, 840766027, 0, 0
267080, 832530492, 0, 0
268083, 806115146, 0, 0
269096, 823444015, 0, 0
270104, 781851670, 0, 0
271030, 824328504, 0, 0
272033, 802921109, 0, 0
273002, 814179840, 0, 0
274050, 843641964, 0, 0
275047, 803967436, 0, 0
276009, 783080793, 0, 0
277091, 779869599, 0, 0
278010, 792303710, 0, 0
279056, 832488473, 0, 0
280081, 803175965, 0, 0
281009, 842611741, 0, 0
282048, 826148075, 0, 0
283013, 844473103, 0, 0
284010, 797846866, 0, 0
285000, 835673119, 0, 0
286106, 845944683, 0, 0
287061, 783830489, 0, 0
288034, 757259399, 0, 0
289037, 798866086, 0, 0
290029, 803649754, 0, 0
291052, 795572175, 0, 0
292011, 796558332, 0, 0
293007, 813180630, 0, 0
294036, 825008026, 0, 0
295000, 831522421, 0, 0
296076, 842423101, 0, 0
297041, 820230323, 0, 0
298027, 800314897, 0, 0
299057, 850201726, 0, 0
300030, 782276674, 0, 0
301041, 780877879, 0, 0
302046, 776381422, 0, 0
303014, 794692801, 0, 0
304059, 765812954, 0, 0
305091, 801936103, 0, 0
306001, 805524489, 0, 0
307049, 802646022, 0, 0
308068, 837568923, 0, 0
309094, 802657345, 0, 0
310007, 810416695, 0, 0
311014, 803394847, 0, 0
312047, 773607602, 0, 0
313066, 728871746, 0, 0
314062, 813032895, 0, 0
315074, 802431503, 0, 0
316084, 807088524, 0, 0
317006, 799316795, 0, 0
318038, 877750494, 0, 0
319052, 809503447, 0, 0
320075, 813123362, 0, 0
321078, 791610254, 0, 0
322068, 796750538, 0, 0
323005, 806358160, 0, 0
324104, 873312976, 0, 0
325052, 851801990, 0, 0
326069, 826843985, 0, 0
327031, 757735821, 0, 0
328052, 783651799, 0, 0
329076, 804591607, 0, 0
330061, 811746993, 0, 0
331091, 792326074, 0, 0
332074, 799343425, 0, 0
333055, 830713868, 0, 0
334044, 812079256, 0, 0
335067, 781991578, 0, 0
336083, 765352164, 0, 0
337005, 797070686, 0, 0
338111, 865085976, 0, 0
339041, 826914249, 0, 0
340069, 835982516, 0, 0
341108, 811414695, 0, 0
342061, 846203480, 0, 0
343030, 796022244, 0, 0
344062, 797607956, 0, 0
345009, 811771583, 0, 0
346041, 848204162, 0, 0
347068, 828708072, 0, 0
348077, 800683561, 0, 0
349008, 831084671, 0, 0
350070, 842100682, 0, 0
351086, 807529285, 0, 0
352084, 783790886, 0, 0
353061, 801145072, 0, 0
354017, 778721169, 0, 0
355057, 795144936, 0, 0
356081, 813674909, 0, 0
357093, 800441493, 0, 0
358072, 796300722, 0, 0
359045, 823412157, 0, 0
360060, 805325825, 0, 0
361087, 823113840, 0, 0
362033, 842683656, 0, 0
363015, 797607862, 0, 0
364014, 773953392, 0, 0
365037, 803193570, 0, 0
366076, 830524012, 0, 0
367030, 829351364, 0, 0
368074, 808849412, 0, 0
369080, 799716887, 0, 0
370074, 792744639, 0, 0
371099, 789268558, 0, 0
372021, 826051589, 0, 0
373055, 807881126, 0, 0
374058, 796629750, 0, 0
375002, 776753246, 0, 0
376052, 841516027, 0, 0
377031, 785930389, 0, 0
378016, 847278082, 0, 0
379058, 847862914, 0, 0
380000, 833504990, 0, 0
381028, 832462668, 0, 0
382088, 835330356, 0, 0
383082, 797230115, 0, 0
384061, 782864997, 0, 0
385080, 788608806, 0, 0
386009, 776193831, 0, 0
387038, 844282357, 0, 0
388057, 813589308, 0, 0
389062, 769858357, 0, 0
390092, 771478170, 0, 0
391029, 857943588, 0, 0
392019, 779279544, 0, 0
393004, 793026271, 0, 0
394064, 776214945, 0, 0
395059, 771402925, 0, 0
396057, 805078241, 0, 0
397041, 764987447, 0, 0
398073, 792925755, 0, 0
399058, 793650900, 0, 0
400050, 798254205, 0, 0
401101, 799719865, 0, 0
402059, 831922377, 0, 0
403044, 745090960, 0, 0
404066, 790146335, 0, 0
405020, 825036601, 0, 0
406072, 840612151, 0, 0
407090, 817686360, 0, 0
408093, 793781131, 0, 0
409100, 781164374, 0, 0
410063, 779939557, 0, 0
411044, 744281722, 0, 0
412049, 795411343, 0, 0
413003, 776621124, 0, 0
414006, 815915380, 0, 0
415053, 809733900, 0, 0
416096, 838410042, 0, 0
417023, 817616579, 0, 0
418023, 811805341, 0, 0
419043, 816666334, 0, 0
420044, 785885594, 0, 0
421058, 782941502, 0, 0
422074, 813494431, 0, 0
423074, 799645013, 0, 0
424083, 767145782, 0, 0
425069, 836070917, 0, 0
426092, 836074538, 0, 0
427112, 791513987, 0, 0
428025, 778195811, 0, 0
429084, 822860271, 0, 0
430008, 838540438, 0, 0
431063, 750282357, 0, 0
432076, 789615001, 0, 0
433079, 807272647, 0, 0
434108, 798809559, 0, 0
435094, 798509852, 0, 0
436018, 801837803, 0, 0
437010, 800058523, 0, 0
438027, 794146313, 0, 0
439084, 780858360, 0, 0
440015, 809039986, 0, 0
441038, 803066726, 0, 0
442037, 803652076, 0, 0
443092, 807809920, 0, 0
444015, 820584790, 0, 0
445032, 801245349, 0, 0
446045, 778944157, 0, 0
447073, 797742754, 0, 0
448077, 826898802, 0, 0
449087, 794606594, 0, 0
450063, 785328401, 0, 0
451073, 780899749, 0, 0
452045, 750790939, 0, 0
453074, 806130119, 0, 0
454054, 787425416, 0, 0
455068, 794285326, 0, 0
456047, 787316512, 0, 0
457048, 787208425, 0, 0
458052, 767422171, 0, 0
459078, 807817095, 0, 0
460085, 771571560, 0, 0
461089, 808847101, 0, 0
462069, 825436333, 0, 0
463053, 821966212, 0, 0
464064, 784305588, 0, 0
465084, 816141080, 0, 0
466000, 803189945, 0, 0
467013, 799213855, 0, 0
468068, 760329754, 0, 0
469071, 859495758, 0, 0
470084, 760193746, 0, 0
471013, 792654675, 0, 0
472021, 848994668, 0, 0
473038, 768808937, 0, 0
474070, 816362680, 0, 0
475007, 806834598, 0, 0
476070, 808918655, 0, 0
477067, 810313570, 0, 0
478001, 791769344, 0, 0
479008, 810322997, 0, 0
480049, 817980511, 0, 0
481094, 836027154, 0, 0
482047, 832315289, 0, 0
483033, 796763579, 0, 0
484066, 820928162, 0, 0
485066, 784462720, 0, 0
486007, 832118002, 0, 0
487021, 812806957, 0, 0
488040, 807482167, 0, 0
489067, 805758562, 0, 0
490076, 784942865, 0, 0
491077, 796756186, 0, 0
492039, 789261231, 0, 0
493096, 793147328, 0, 0
494022, 715002972, 0, 0
495019, 804371829, 0, 0
496025, 788314915, 0, 0
497041, 808236904, 0, 0
498021, 771702694, 0, 0
499011, 764806860, 0, 0
500002, 814848349, 0, 0
501052, 786719403, 0, 0
502076, 808049893, 0, 0
503058, 799530111, 0, 0
504014, 788878954, 0, 0
505038, 765118053, 0, 0
506020, 805465539, 0, 0
507003, 768379584, 0, 0
508010, 791591378, 0, 0
509048, 795090853, 0, 0
510088, 831457117, 0, 0
511002, 842120595, 0, 0
512028, 786911513, 0, 0
513027, 783333445, 0, 0
514065, 782062246, 0, 0
515072, 806452075, 0, 0
516041, 806603725, 0, 0
517054, 834814112, 0, 0
518044, 778132368, 0, 0
519080, 801710775, 0, 0
520085, 811470353, 0, 0
521026, 773663553, 0, 0
522063, 844793104, 0, 0
523063, 788541013, 0, 0
524063, 775644383, 0, 0
525095, 809327073, 0, 0
526038, 827226805, 0, 0
527073, 823232437, 0, 0
528028, 814870505, 0, 0
529002, 793583479, 0, 0
530108, 790408287, 0, 0
531026, 795009680, 0, 0
532018, 790097643, 0, 0
533042, 785327995, 0, 0
534012, 782353654, 0, 0
535059, 815302127, 0, 0
536032, 780256125, 0, 0
537034, 753973556, 0, 0
538053, 806551567, 0, 0
539043, 814268887, 0, 0
540068, 799733655, 0, 0
541046, 785176873, 0, 0
542063, 761525649, 0, 0
543050, 810500087, 0, 0
544054, 778196801, 0, 0
545085, 794529781, 0, 0
546013, 834841324, 0, 0
547021, 793628036, 0, 0
548009, 773064890, 0, 0
549077, 774128528, 0, 0
550085, 767135352, 0, 0
551055, 777120941, 0, 0
552023, 751742265, 0, 0
553019, 793498506, 0, 0
554041, 826763334, 0, 0
555051, 772156388, 0, 0
556038, 783428970, 0, 0
557074, 784062433, 0, 0
558085, 786821534, 0, 0
559064, 783390509, 0, 0
560066, 782815902, 0, 0
561099, 820154599, 0, 0
562060, 832558912, 0, 0
563093, 863619840, 0, 0
564011, 796706647, 0, 0
565058, 825560988, 0, 0
566038, 779199069, 0, 0
567077, 783240392, 0, 0
568085, 818349688, 0, 0
569029, 823508791, 0, 0
570046, 809897531, 0, 0
571092, 797515674, 0, 0
572079, 808057426, 0, 0
573016, 795025389, 0, 0
574009, 828640006, 0, 0
575037, 784814922, 0, 0
576027, 816653586, 0, 0
577031, 784680198, 0, 0
578042, 785576659, 0, 0
579015, 791879170, 0, 0
580026, 759132476, 0, 0
581095, 879973685, 0, 0
582003, 816893927, 0, 0
583017, 793979001, 0, 0
584021, 798503232, 0, 0
585071, 778495840, 0, 0
586063, 769928231, 0, 0
587069, 773162430, 0, 0
588050, 768653808, 0, 0
589039, 783842132, 0, 0
590065, 810095529, 0, 0
591003, 803834369, 0, 0
592003, 783884151, 0, 0
593013, 796808094, 0, 0
594064, 800333584, 0, 0
595034, 800466176, 0, 0
596035, 775587926, 0, 0
597053, 803487808, 0, 0
598066, 792769740, 0, 0
599094, 800225954, 0, 0
600016, 809648680, 0, 0
601070, 756904487, 0, 0
602009, 784291078, 0, 0
603086, 808590609, 0, 0
604004, 767711834, 0, 0
605071, 804728633, 0, 0
606101, 843574645, 0, 0
607054, 795821226, 0, 0
608073, 775888674, 0, 0
609009, 834233247, 0, 0
610024, 785896778, 0, 0
611021, 805879264, 0, 0
612023, 801001817, 0, 0
613067, 825399117, 0, 0
614002, 812433119, 0, 0
615020, 812487367, 0, 0
616006, 804194404, 0, 0
617096, 779635789, 0, 0
618037, 790419072, 0, 0
619063, 816439329, 0, 0
620044, 784472630, 0, 0
621051, 782998185, 0, 0
622084, 786337144, 0, 0
623062, 838508857, 0, 0
624086, 830935109, 0, 0
625091, 797938741, 0, 0
626068, 770850689, 0, 0
627014, 771420753, 0, 0
628044, 815659504, 0, 0
629003, 850729643, 0, 0
630008, 816650589, 0, 0
631096, 766660358, 0, 0
632023, 822324029, 0, 0
633035, 786776606, 0, 0
634056, 811778605, 0, 0
635052, 787698295, 0, 0
636078, 793363895, 0, 0
637037, 850614646, 0, 0
638061, 805468048, 0, 0
639052, 778366810, 0, 0
640040, 775592365, 0, 0
641031, 771281562, 0, 0
642066, 779740603, 0, 0
643098, 829445719, 0, 0
644038, 820317836, 0, 0
645041, 799883943, 0, 0
646091, 797658460, 0, 0
647002, 811265826, 0, 0
648077, 790990783, 0, 0
649023, 787074583, 0, 0
650021, 835904798, 0, 0
651091, 773145103, 0, 0
652005, 793169975, 0, 0
653000, 789596309, 0, 0
654020, 776546101, 0, 0
655047, 811557810, 0, 0
656049, 818193650, 0, 0
657072, 773295403, 0, 0
658082, 811808307, 0, 0
659098, 796645066, 0, 0
660031, 814492805, 0, 0
661046, 798267477, 0, 0
662032, 770942479, 0, 0
663038, 786246716, 0, 0
664056, 770951460, 0, 0
665107, 813106588, 0, 0
666000, 833791511, 0, 0
667083, 757533519, 0, 0
668060, 781157222, 0, 0
669036, 752259183, 0, 0
670039, 781234410, 0, 0
671095, 806171223, 0, 0
672048, 847450031, 0, 0
673005, 817096318, 0, 0
674052, 843138496, 0, 0
675093, 831646889, 0, 0
676016, 762949829, 0, 0
677021, 819942073, 0, 0
678006, 775290541, 0, 0
679069, 817339216, 0, 0
680072, 813865832, 0, 0
681060, 768234769, 0, 0
682055, 778654730, 0, 0
683026, 830382066, 0, 0
684011, 767289933, 0, 0
685016, 738799208, 0, 0
686031, 794590300, 0, 0
687056, 804353351, 0, 0
688061, 793821472, 0, 0
689003, 809748565, 0, 0
690035, 812605244, 0, 0
691087, 782661362, 0, 0
692016, 761019818, 0, 0
693014, 797288127, 0, 0
694072, 814224163, 0, 0
695005, 841039170, 0, 0
696012, 798559032, 0, 0
697077, 800347701, 0, 0
698035, 840626987, 0, 0
699044, 819969805, 0, 0
700038, 794460582, 0, 0
701099, 727712471, 0, 0
702077, 761660047, 0, 0
703083, 793538592, 0, 0
704003, 753912486, 0, 0
705005, 842464397, 0, 0
706034, 792298502, 0, 0
707054, 828742040, 0, 0
708050, 794034498, 0, 0
709103, 776505976, 0, 0
710003, 835697991, 0, 0
711054, 803615673, 0, 0
712019, 860104747, 0, 0
713000, 769088017, 0, 0
714093, 770527453, 0, 0
715005, 790014696, 0, 0
716032, 818521737, 0, 0
717097, 815253677, 0, 0
718093, 819196582, 0, 0
719005, 769670835, 0, 0
720023, 803020755, 0, 0
721044, 769003279, 0, 0
722013, 783423956, 0, 0
723032, 779668446, 0, 0
724014, 783696421, 0, 0
725009, 782005462, 0, 0
726071, 776763034, 0, 0
727084, 797617961, 0, 0
728012, 788150569, 0, 0
729042, 818468710, 0, 0
730075, 819519819, 0, 0
731004, 809973140, 0, 0
732015, 760147729, 0, 0
733021, 808249019, 0, 0
734030, 788709147, 0, 0
735032, 789417416, 0, 0
736038, 796163268, 0, 0
737077, 814293515, 0, 0
738021, 851840000, 0, 0
739050, 825955460, 0, 0
740008, 783886701, 0, 0
741036, 768665039, 0, 0
742073, 816959826, 0, 0
743074, 820052052, 0, 0
744092, 788830960, 0, 0
745029, 818993283, 0, 0
746084, 848129222, 0, 0
747003, 776360801, 0, 0
748057, 837994310, 0, 0
749053, 795478399, 0, 0
750056, 763840246, 0, 0
751099, 826961959, 0, 0
752035, 838621171, 0, 0
753032, 781081553, 0, 0
754075, 783522202, 0, 0
755000, 802842743, 0, 0
756058, 786637280, 0, 0
757070, 832872049, 0, 0
758071, 808425754, 0, 0
759089, 790091606, 0, 0
760037, 832305958, 0, 0
761001, 775898174, 0, 0
762027, 812658739, 0, 0
763042, 792641504, 0, 0
764025, 775605426, 0, 0
765057, 797976303, 0, 0
766071, 787869234, 0, 0
767022, 825692847, 0, 0
768096, 862470074, 0, 0
769074, 812403043, 0, 0
770015, 774430447, 0, 0
771039, 837582234, 0, 0
772035, 774122263, 0, 0
773066, 809633963, 0, 0
774074, 783887080, 0, 0
775058, 766065405, 0, 0
776061, 788100929, 0, 0
777000, 824321884, 0, 0
778011, 811252848, 0, 0
779026, 787649529, 0, 0
780063, 794589031, 0, 0
781069, 803862546, 0, 0
782001, 792647683, 0, 0
783064, 853211013, 0, 0
784042, 785349676, 0, 0
785059, 783149377, 0, 0
786030, 780408820, 0, 0
787015, 764234377, 0, 0
788087, 764302993, 0, 0
789014, 809423008, 0, 0
790100, 775605424, 0, 0
791027, 825780140, 0, 0
792073, 806656119, 0, 0
793036, 842148049, 0, 0
794038, 793183628, 0, 0
795071, 800630529, 0, 0
796012, 752469372, 0, 0
797065, 803142701, 0, 0
798056, 770541704, 0, 0
799053, 782449899, 0, 0
800071, 793639641, 0, 0
801064, 774270995, 0, 0
802050, 775097569, 0, 0
803079, 798981055, 0, 0
804085, 797003293, 0, 0
805000, 802659528, 0, 0
806053, 836217554, 0, 0
807099, 817932868, 0, 0
808020, 797839931, 0, 0
809062, 799407328, 0, 0
810096, 802163049, 0, 0
811021, 780332207, 0, 0
812065, 847414358, 0, 0
813084, 808837297, 0, 0
814036, 816055579, 0, 0
815052, 809115162, 0, 0
816019, 771840709, 0, 0
817017, 799276290, 0, 0
818027, 785061577, 0, 0
819099, 768884632, 0, 0
820019, 790476456, 0, 0
821022, 783987793, 0, 0
822019, 771845979, 0, 0
823081, 772302657, 0, 0
824081, 758063185, 0, 0
825024, 805017296, 0, 0
826032, 800187336, 0, 0
827065, 793292689, 0, 0
828003, 812149667, 0, 0
829024, 821725666, 0, 0
830027, 757880084, 0, 0
831055, 817827956, 0, 0
832040, 786508740, 0, 0
833085, 797238092, 0, 0
834032, 846609980, 0, 0
835032, 785578335, 0, 0
836104, 811525115, 0, 0
837037, 821163730, 0, 0
838094, 797829218, 0, 0
839030, 836893986, 0, 0
840024, 765961923, 0, 0
841038, 784590968, 0, 0
842039, 801361898, 0, 0
843048, 757997676, 0, 0
844065, 792076763, 0, 0
845084, 808161617, 0, 0
846066, 781595793, 0, 0
847091, 789550511, 0, 0
848003, 801605963, 0, 0
849085, 779000985, 0, 0
850038, 795848214, 0, 0
851091, 832316764, 0, 0
852036, 807412154, 0, 0
853013, 798525956, 0, 0
854053, 787652835, 0, 0
855035, 777460881, 0, 0
856060, 793297411, 0, 0
857032, 766371565, 0, 0
858064, 797432636, 0, 0
859065, 752622541, 0, 0
860057, 778827044, 0, 0
861089, 808233065, 0, 0
862005, 803357856, 0, 0
863024, 794402930, 0, 0
864023, 739397846, 0, 0
865081, 777945197, 0, 0
866065, 756035549, 0, 0
867088, 787283725, 0, 0
868006, 787418294, 0, 0
869091, 818911051, 0, 0
870003, 816141315, 0, 0
871007, 788567071, 0, 0
872087, 827065702, 0, 0
873008, 810439229, 0, 0
874011, 789648381, 0, 0
875001, 782114030, 0, 0
876087, 773378797, 0, 0
877055, 750506607, 0, 0
878063, 776055423, 0, 0
879093, 776196867, 0, 0
880074, 812918862, 0, 0
881057, 755829677, 0, 0
882000, 781795070, 0, 0
883024, 829073017, 0, 0
884033, 764065267, 0, 0
885039, 783156168, 0, 0
886050, 818276323, 0, 0
887088, 796123717, 0, 0
888094, 803168295, 0, 0
889062, 770437636, 0, 0
890051, 761556194, 0, 0
891065, 756335042, 0, 0
892036, 750188348, 0, 0
893055, 701692631, 0, 0
894066, 816857278, 0, 0
895081, 794087100, 0, 0
896095, 789808470, 0, 0
897000, 805455102, 0, 0
898001, 777991706, 0, 0
899065, 742840328, 0, 0
900074, 777016763, 0, 0
901073, 728189057, 0, 0
902009, 810008270, 0, 0
903054, 802375961, 0, 0
904082, 825229849, 0, 0
905041, 770292860, 0, 0
906038, 767919644, 0, 0
907068, 777328185, 0, 0
908093, 838994124, 0, 0
909082, 767782893, 0, 0
910027, 795462670, 0, 0
911030, 807925186, 0, 0
912029, 769598379, 0, 0
913083, 829201781, 0, 0
914001, 794186128, 0, 0
915036, 791845651, 0, 0
916010, 809800416, 0, 0
917028, 771055425, 0, 0
918025, 783415034, 0, 0
919023, 765819641, 0, 0
920003, 788010104, 0, 0
921020, 772161436, 0, 0
922054, 795115324, 0, 0
923027, 820887906, 0, 0
924009, 816319011, 0, 0
925021, 766876478, 0, 0
926003, 802965079, 0, 0
927010, 790585204, 0, 0
928055, 824510441, 0, 0
929051, 796391268, 0, 0
930074, 752269499, 0, 0
931016, 870675009, 0, 0
932014, 797883019, 0, 0
933021, 783668761, 0, 0
934019, 794858558, 0, 0
935009, 786890065, 0, 0
936029, 774784206, 0, 0
937010, 781089152, 0, 0
938024, 767900906, 0, 0
939035, 801968280, 0, 0
940048, 791723195, 0, 0
941081, 808292528, 0, 0
942087, 794077094, 0, 0
943029, 825524392, 0, 0
944083, 791197511, 0, 0
945075, 756528315, 0, 0
946010, 748939329, 0, 0
947075, 783158934, 0, 0
948037, 794124450, 0, 0
949081, 808331235, 0, 0
950066, 778208657, 0, 0
951005, 810110852, 0, 0
952074, 813996156, 0, 0
953059, 833131465, 0, 0
954056, 750787723, 0, 0
955087, 787586711, 0, 0
956032, 811551187, 0, 0
957029, 758304860, 0, 0
958003, 749851277, 0, 0
959043, 793988450, 0, 0
960097, 816140173, 0, 0
961086, 796401244, 0, 0
962046, 716518808, 0, 0
963085, 764334153, 0, 0
964010, 812538937, 0, 0
965024, 802672680, 0, 0
966054, 789547322, 0, 0
967089, 785265902, 0, 0
968009, 812220379, 0, 0
969020, 819147347, 0, 0
970039, 785403480, 0, 0
971058, 776373169, 0, 0
972011, 833170006, 0, 0
973096, 793434905, 0, 0
974011, 790392551, 0, 0
975008, 787461442, 0, 0
976002, 786647641, 0, 0
977020, 798835612, 0, 0
978004, 740661329, 0, 0
979009, 767075455, 0, 0
980027, 792420144, 0, 0
981070, 792061677, 0, 0
982005, 800173159, 0, 0
983080, 772599257, 0, 0
984032, 794189152, 0, 0
985058, 804141686, 0, 0
986018, 822091236, 0, 0
987081, 805007393, 0, 0
988085, 814084267, 0, 0
989075, 768561325, 0, 0
990025, 802808294, 0, 0
991055, 795485781, 0, 0
992034, 782687184, 0, 0
993075, 801232573, 0, 0
994059, 771857871, 0, 0
995032, 756010450, 0, 0
996096, 755270579, 0, 0
997014, 771854658, 0, 0
998016, 789375760, 0, 0
999002, 788136551, 0, 0
1000010, 735673011, 0, 0
1001026, 808672219, 0, 0
1002009, 771088781, 0, 0
1003024, 770691779, 0, 0
1004063, 787745360, 0, 0
1005002, 842303548, 0, 0
1006008, 816398040, 0, 0
1007035, 800949981, 0, 0
1008015, 788669210, 0, 0
1009011, 755127809, 0, 0
1010001, 774961371, 0, 0
1011017, 793509713, 0, 0
1012055, 735038735, 0, 0
1013085, 788320490, 0, 0
1014095, 775568719, 0, 0
1015007, 752625281, 0, 0
1016031, 784599489, 0, 0
1017026, 799307031, 0, 0
1018008, 730764174, 0, 0
1019108, 764861053, 0, 0
1020015, 795085175, 0, 0
1021106, 733764774, 0, 0
1022030, 806743109, 0, 0
1023051, 802565060, 0, 0
1024084, 802032004, 0, 0
1025077, 753159574, 0, 0
1026013, 782251349, 0, 0
1027009, 786831784, 0, 0
1028094, 749428825, 0, 0
1029059, 759967936, 0, 0
1030059, 757983412, 0, 0
1031073, 819414558, 0, 0
1032038, 720433219, 0, 0
1033044, 788064000, 0, 0
1034073, 806301522, 0, 0
1035009, 791233791, 0, 0
1036064, 837963762, 0, 0
1037090, 795736576, 0, 0
1038097, 782245425, 0, 0
1039009, 782597091, 0, 0
1040040, 806636322, 0, 0
1041028, 772190047, 0, 0
1042030, 770369258, 0, 0
1043004, 791718103, 0, 0
1044033, 792611243, 0, 0
1045016, 796473269, 0, 0
1046051, 773607486, 0, 0
1047079, 772618784, 0, 0
1048076, 822080860, 0, 0
1049077, 784658157, 0, 0
1050067, 758276261, 0, 0
1051076, 790994894, 0, 0
1052028, 807455832, 0, 0
1053046, 811187217, 0, 0
1054037, 790775965, 0, 0
1055089, 783049116, 0, 0
1056027, 801328089, 0, 0
1057040, 791556109, 0, 0
1058101, 752355548, 0, 0
1059091, 757372684, 0, 0
1060011, 804112327, 0, 0
1061026, 772608447, 0, 0
1062068, 806323888, 0, 0
1063082, 794858435, 0, 0
1064093, 764435254, 0, 0
1065088, 786246857, 0, 0
1066000, 799343372, 0, 0
1067009, 784209312, 0, 0
1068097, 768602992, 0, 0
1069004, 762564494, 0, 0
1070080, 742175554, 0, 0
1071084, 766492564, 0, 0
1072082, 795218687, 0, 0
1073024, 812053456, 0, 0
1074090, 781965175, 0, 0
1075031, 779060547, 0, 0
1076049, 822738998, 0, 0
1077081, 785212485, 0, 0
1078004, 819034835, 0, 0
1079040, 802559152, 0, 0
1080099, 848274964, 0, 0
1081044, 808526673, 0, 0
1082079, 859234071, 0, 0
1083067, 758681501, 0, 0
1084099, 803835439, 0, 0
1085031, 809972219, 0, 0
1086055, 779513580, 0, 0
1087038, 765067241, 0, 0
1088036, 780189958, 0, 0
1089032, 765056163, 0, 0
1090029, 782119861, 0, 0
1091030, 757996919, 0, 0
1092039, 789583132, 0, 0
1093025, 787159565, 0, 0
1094043, 815173290, 0, 0
1095030, 792341766, 0, 0
1096054, 848001475, 0, 0
1097059, 766756168, 0, 0
1098033, 781174292, 0, 0
1099059, 792443138, 0, 0
1100103, 847101151, 0, 0
1101018, 799093040, 0, 0
1102070, 786814770, 0, 0
1103077, 765189813, 0, 0
1104019, 808375170, 0, 0
1105045, 808346153, 0, 0
1106053, 758363935, 0, 0
1107084, 785129418, 0, 0
1108100, 789779151, 0, 0
1109061, 796888628, 0, 0
1110094, 776852843, 0, 0
1111086, 808127755, 0, 0
1112094, 772827150, 0, 0
1113081, 781057649, 0, 0
1114065, 752855346, 0, 0
1115024, 755903372, 0, 0
1116059, 857561630, 0, 0
1117061, 801607632, 0, 0
1118075, 805365664, 0, 0
1119053, 772469363, 0, 0
1120047, 746239974, 0, 0
1121071, 780570928, 0, 0
1122011, 781924176, 0, 0
1123023, 799466574, 0, 0
1124022, 746923531, 0, 0
1125039, 782315630, 0, 0
1126040, 779741175, 0, 0
1127083, 806218766, 0, 0
1128077, 799416277, 0, 0
1129079, 778786253, 0, 0
1130072, 800152727, 0, 0
1131067, 788044264, 0, 0
1132063, 800891134, 0, 0
1133066, 767551871, 0, 0
1134092, 783047424, 0, 0
1135000, 803865147, 0, 0
1136017, 792007751, 0, 0
1137061, 799012724, 0, 0
1138040, 789004311, 0, 0
1139032, 753450356, 0, 0
1140059, 751605658, 0, 0
1141064, 806848711, 0, 0
1142072, 792491064, 0, 0
1143005, 792943533, 0, 0
1144090, 773470877, 0, 0
1145047, 798386688, 0, 0
1146066, 826864699, 0, 0
1147015, 795339633, 0, 0
1148063, 826742816, 0, 0
1149001, 787240887, 0, 0
1150011, 734838301, 0, 0
1151086, 783544644, 0, 0
1152095, 794693992, 0, 0
1153070, 773312132, 0, 0
1154057, 739457137, 0, 0
1155029, 799492847, 0, 0
1156097, 733602774, 0, 0
1157031, 807585878, 0, 0
1158043, 786583281, 0, 0
1159040, 799873733, 0, 0
1160067, 797153688, 0, 0
1161008, 774768869, 0, 0
1162007, 785253099, 0, 0
1163038, 802423801, 0, 0
1164071, 803998086, 0, 0
1165085, 783041935, 0, 0
1166006, 806726926, 0, 0
1167031, 808995508, 0, 0
1168042, 778215056, 0, 0
1169095, 777456650, 0, 0
1170024, 811366499, 0, 0
1171014, 752561505, 0, 0
1172056, 806640307, 0, 0
1173036, 771097746, 0, 0
1174035, 750365421, 0, 0
1175064, 789485241, 0, 0
1176072, 789354307, 0, 0
1177084, 766441759, 0, 0
1178012, 787207828, 0, 0
1179083, 781918523, 0, 0
1180022, 776809727, 0, 0
1181197, 806493234, 0, 0
1182031, 904323337, 0, 0
1183029, 822877965, 0, 0
1184036, 744440604, 0, 0
1185028, 792032094, 0, 0
1186095, 777568693, 0, 0
1187024, 809447380, 0, 0
1188037, 808374830, 0, 0
1189029, 753072122, 0, 0
1190016, 759891126, 0, 0
1191055, 802221956, 0, 0
1192086, 810449632, 0, 0
1193003, 798262781, 0, 0
1194030, 805110644, 0, 0
1195044, 790423608, 0, 0
1196077, 771920228, 0, 0
1197019, 781056723, 0, 0
1198017, 761858625, 0, 0
1199073, 801155286, 0, 0
1200018, 811435192, 0, 0
1200221, 680694562, 0, 0
