1021, 445476569, 0, 0
2005, 462938154, 0, 0
3059, 464500608, 0, 0
4024, 447321711, 0, 0
5057, 482544048, 0, 0
6034, 456553573, 0, 0
7075, 460067050, 0, 0
8011, 485324089, 0, 0
9003, 462619857, 0, 0
10029, 475189422, 0, 0
11043, 463556237, 0, 0
12004, 478734363, 0, 0
13030, 481192876, 0, 0
14055, 467772338, 0, 0
15034, 457880583, 0, 0
16028, 470164770, 0, 0
17057, 470420678, 0, 0
18025, 475149192, 0, 0
19053, 487738389, 0, 0
20039, 462068946, 0, 0
21017, 455342834, 0, 0
22049, 463163855, 0, 0
23013, 449838104, 0, 0
24001, 493849389, 0, 0
25035, 468808261, 0, 0
26027, 475301750, 0, 0
27057, 466411757, 0, 0
28047, 471314919, 0, 0
29040, 451888982, 0, 0
30001, 437826977, 0, 0
31000, 452427568, 0, 0
32002, 443594099, 0, 0
33021, 436012969, 0, 0
34017, 452882773, 0, 0
35011, 452703597, 0, 0
36050, 439476841, 0, 0
37002, 438120893, 0, 0
38002, 470355639, 0, 0
39049, 455092289, 0, 0
40045, 458981911, 0, 0
41038, 421328449, 0, 0
42029, 457386303, 0, 0
43030, 451050827, 0, 0
44002, 448421592, 0, 0
45021, 454776146, 0, 0
46029, 452852288, 0, 0
47045, 460027621, 0, 0
48024, 478468918, 0, 0
49022, 453798747, 0, 0
50002, 438791429, 0, 0
51007, 441668593, 0, 0
52001, 459531478, 0, 0
53013, 440332592, 0, 0
54057, 450766837, 0, 0
55049, 436596324, 0, 0
56015, 457893864, 0, 0
57000, 435993461, 0, 0
58001, 486860218, 0, 0
59063, 444005733, 0, 0
60002, 438591223, 0, 0
61021, 451645643, 0, 0
62023, 441140892, 0, 0
63042, 432235237, 0, 0
64046, 464717663, 0, 0
65050, 422505163, 0, 0
66002, 445076994, 0, 0
67026, 440637545, 0, 0
68047, 442885964, 0, 0
69046, 437931101, 0, 0
70043, 447645991, 0, 0
71039, 422702162, 0, 0
72020, 425469807, 0, 0
73046, 444072307, 0, 0
74045, 430987709, 0, 0
75014, 415979440, 0, 0
76030, 432786154, 0, 0
77028, 417341719, 0, 0
78017, 469690854, 0, 0
79041, 424414872, 0, 0
80047, 423082584, 0, 0
81045, 407073609, 0, 0
82006, 443697143, 0, 0
83003, 426395071, 0, 0
84046, 425111663, 0, 0
85023, 453946176, 0, 0
86056, 454378347, 0, 0
87009, 424553712, 0, 0
88051, 441556305, 0, 0
89053, 418843275, 0, 0
90006, 431062314, 0, 0
91043, 400554322, 0, 0
92016, 429912414, 0, 0
93062, 437415052, 0, 0
94042, 407365385, 0, 0
95021, 403006359, 0, 0
96045, 402438313, 0, 0
97047, 397585929, 0, 0
98036, 434046496, 0, 0
99004, 424246614, 0, 0
100001, 414684697, 0, 0
101048, 414586750, 0, 0
102011, 406908738, 0, 0
103031, 416907918, 0, 0
104050, 416169400, 0, 0
105008, 406697086, 0, 0
106043, 401193556, 0, 0
107054, 399352669, 0, 0
108015, 414924954, 0, 0
109001, 411746606, 0, 0
110041, 390285220, 0, 0
111042, 396321998, 0, 0
112055, 446856661, 0, 0
113018, 426714852, 0, 0
114013, 412886476, 0, 0
115049, 414554523, 0, 0
116035, 400300747, 0, 0
117037, 399046569, 0, 0
118033, 412024488, 0, 0
119033, 418406756, 0, 0
120032, 408241842, 0, 0
121040, 430193189, 0, 0
122031, 438547880, 0, 0
123033, 397296209, 0, 0
124043, 423502408, 0, 0
125050, 396102157, 0, 0
126063, 395493434, 0, 0
127063, 403176977, 0, 0
128000, 408697075, 0, 0
129000, 399789144, 0, 0
130065, 433151203, 0, 0
131004, 402251108, 0, 0
132014, 391507513, 0, 0
133028, 401907896, 0, 0
134026, 393222455, 0, 0
135021, 402800495, 0, 0
136043, 407914482, 0, 0
137029, 428065437, 0, 0
138021, 394697467, 0, 0
139044, 387827051, 0, 0
140011, 389822619, 0, 0
141046, 388895169, 0, 0
142037, 394563817, 0, 0
143032, 390059320, 0, 0
144050, 420556845, 0, 0
145002, 395171748, 0, 0
146000, 415597411, 0, 0
147056, 393334120, 0, 0
148024, 407178880, 0, 0
149013, 385917541, 0, 0
150009, 385789942, 0, 0
151022, 406982435, 0, 0
152004, 371739522, 0, 0
153030, 406834676, 0, 0
154017, 367245223, 0, 0
155046, 373900634, 0, 0
156016, 392457705, 0, 0
157004, 383892368, 0, 0
158006, 406154713, 0, 0
159060, 405044339, 0, 0
160048, 392709830, 0, 0
161008, 399033205, 0, 0
162022, 385170887, 0, 0
163024, 403524548, 0, 0
164011, 433214590, 0, 0
165031, 410880759, 0, 0
166018, 390569772, 0, 0
167025, 412978380, 0, 0
168008, 377078218, 0, 0
169046, 350239051, 0, 0
170023, 387407326, 0, 0
171007, 373325802, 0, 0
172039, 433757410, 0, 0
173031, 382191501, 0, 0
174035, 390285074, 0, 0
175022, 373329544, 0, 0
176032, 392280657, 0, 0
177028, 390709192, 0, 0
178062, 392869279, 0, 0
179002, 395070541, 0, 0
180028, 362104189, 0, 0
181060, 371137172, 0, 0
182055, 399914162, 0, 0
183001, 392622838, 0, 0
184024, 358836701, 0, 0
185026, 382776358, 0, 0
186005, 372772401, 0, 0
187001, 408960470, 0, 0
188030, 375399109, 0, 0
189045, 372307924, 0, 0
190036, 379164488, 0, 0
191053, 366925857, 0, 0
192035, 405432796, 0, 0
193051, 390295309, 0, 0
194012, 394300343, 0, 0
195016, 362786291, 0, 0
196001, 389318074, 0, 0
197041, 387911387, 0, 0
198045, 383494698, 0, 0
199033, 358352791, 0, 0
200021, 404392437, 0, 0
201008, 361649391, 0, 0
202039, 360642609, 0, 0
203006, 341835418, 0, 0
204006, 381751093, 0, 0
205036, 376361589, 0, 0
206031, 372417522, 0, 0
207011, 357526343, 0, 0
208038, 395158862, 0, 0
209024, 364702235, 0, 0
210050, 380412211, 0, 0
211035, 397002390, 0, 0
212026, 351835929, 0, 0
213027, 362844685, 0, 0
214030, 340485857, 0, 0
215028, 369710491, 0, 0
216000, 402087200, 0, 0
217056, 366255944, 0, 0
218033, 351923559, 0, 0
219012, 350000272, 0, 0
220050, 388572364, 0, 0
221047, 339962308, 0, 0
222025, 333283391, 0, 0
223015, 342055145, 0, 0
224043, 365708189, 0, 0
225031, 341962085, 0, 0
226041, 344784983, 0, 0
227042, 364608571, 0, 0
228015, 343247873, 0, 0
229026, 358122531, 0, 0
230030, 372807725, 0, 0
231044, 370399728, 0, 0
232060, 324613706, 0, 0
233038, 342926443, 0, 0
234000, 351009640, 0, 0
235038, 366533569, 0, 0
236002, 361377506, 0, 0
237024, 355195517, 0, 0
238034, 365591538, 0, 0
239041, 350366251, 0, 0
240027, 339183919, 0, 0
241016, 353286990, 0, 0
242051, 328738150, 0, 0
243054, 348022375, 0, 0
244046, 350372552, 0, 0
245050, 387175374, 0, 0
246053, 339324176, 0, 0
247050, 375834500, 0, 0
248021, 370369771, 0, 0
249018, 335252219, 0, 0
250060, 355354313, 0, 0
251052, 354033511, 0, 0
252018, 317912522, 0, 0
253000, 332245326, 0, 0
254001, 351243011, 0, 0
255036, 380176392, 0, 0
256044, 354059954, 0, 0
257031, 327597011, 0, 0
258023, 339798020, 0, 0
259041, 360529240, 0, 0
260006, 370750978, 0, 0
261018, 343712160, 0, 0
262007, 336073502, 0, 0
263008, 324211945, 0, 0
264029, 309380797, 0, 0
265024, 327859893, 0, 0
266004, 372416811, 0, 0
267014, 328743887, 0, 0
268022, 329636512, 0, 0
269006, 349854591, 0, 0
270034, 320386884, 0, 0
271018, 332389376, 0, 0
272047, 362556956, 0, 0
273033, 328776986, 0, 0
274004, 317745507, 0, 0
275050, 365566482, 0, 0
276001, 318967134, 0, 0
277008, 313760657, 0, 0
278002, 328867887, 0, 0
279007, 338389564, 0, 0
280045, 358511467, 0, 0
281045, 305107903, 0, 0
282010, 317639126, 0, 0
283043, 311896756, 0, 0
284002, 353210677, 0, 0
285022, 312273412, 0, 0
286023, 336767762, 0, 0
287027, 328485089, 0, 0
288031, 342462577, 0, 0
289024, 329508735, 0, 0
290019, 318444697, 0, 0
291031, 339642607, 0, 0
292018, 314696525, 0, 0
293027, 320840618, 0, 0
294054, 314249325, 0, 0
295008, 325168033, 0, 0
296008, 341006190, 0, 0
297059, 322344530, 0, 0
298027, 324672000, 0, 0
299023, 327549441, 0, 0
300025, 350058391, 0, 0
301004, 312735502, 0, 0
302032, 308323578, 0, 0
303017, 292930271, 0, 0
304005, 312392882, 0, 0
305006, 315029405, 0, 0
306045, 284386279, 0, 0
307016, 317896479, 0, 0
308020, 300997525, 0, 0
309033, 298035271, 0, 0
310043, 327060379, 0, 0
311004, 318613764, 0, 0
312049, 326892494, 0, 0
313055, 306749788, 0, 0
314031, 309405011, 0, 0
315026, 293255546, 0, 0
316047, 299339422, 0, 0
317043, 303662764, 0, 0
318013, 319840759, 0, 0
319044, 313488990, 0, 0
320035, 303831835, 0, 0
321009, 317130612, 0, 0
322028, 316527577, 0, 0
323034, 338296013, 0, 0
324052, 340638571, 0, 0
325010, 299416486, 0, 0
326056, 315576878, 0, 0
327036, 289538131, 0, 0
328019, 307180967, 0, 0
329059, 301443443, 0, 0
330032, 281513159, 0, 0
331029, 303975704, 0, 0
332052, 316368272, 0, 0
333040, 308742826, 0, 0
334053, 291735700, 0, 0
335002, 304536647, 0, 0
336032, 306467698, 0, 0
337039, 312137776, 0, 0
338025, 282310043, 0, 0
339000, 299872605, 0, 0
340000, 283836050, 0, 0
341000, 332299961, 0, 0
342002, 293636495, 0, 0
343028, 305311920, 0, 0
344010, 320209851, 0, 0
345008, 294176879, 0, 0
346021, 312610782, 0, 0
347026, 315642385, 0, 0
348038, 297045902, 0, 0
349038, 312021749, 0, 0
350026, 295728638, 0, 0
351031, 321781509, 0, 0
352052, 292426791, 0, 0
353062, 304526208, 0, 0
354014, 305112237, 0, 0
355034, 308165801, 0, 0
356062, 299124624, 0, 0
357050, 292397091, 0, 0
358026, 351615817, 0, 0
359026, 284237959, 0, 0
360030, 301524250, 0, 0
361031, 303857443, 0, 0
362006, 311952317, 0, 0
363035, 322989719, 0, 0
364022, 286601381, 0, 0
365016, 307135304, 0, 0
366029, 303027608, 0, 0
367023, 285812340, 0, 0
368021, 299621086, 0, 0
369008, 283396061, 0, 0
370042, 291640360, 0, 0
371023, 293019251, 0, 0
372044, 277598455, 0, 0
373003, 296525303, 0, 0
374034, 279080035, 0, 0
375005, 285617472, 0, 0
376023, 264253011, 0, 0
377042, 284233416, 0, 0
378048, 278144911, 0, 0
379043, 289878207, 0, 0
380034, 284219661, 0, 0
381031, 274928277, 0, 0
382004, 287029840, 0, 0
383046, 297459339, 0, 0
384050, 283598799, 0, 0
385051, 274388178, 0, 0
386008, 293723869, 0, 0
387017, 245724525, 0, 0
388026, 261360631, 0, 0
389014, 278413769, 0, 0
390027, 266080507, 0, 0
391036, 293606647, 0, 0
392039, 272151103, 0, 0
393046, 268797982, 0, 0
394010, 264142553, 0, 0
395055, 269108237, 0, 0
396045, 289354189, 0, 0
397013, 264362617, 0, 0
398011, 290245451, 0, 0
399039, 265574772, 0, 0
400028, 269296621, 0, 0
401054, 266868644, 0, 0
402022, 256325774, 0, 0
403044, 279144010, 0, 0
404013, 292556790, 0, 0
405029, 236286131, 0, 0
406034, 242006033, 0, 0
407023, 262839828, 0, 0
408029, 279222632, 0, 0
409045, 266024304, 0, 0
410030, 286463743, 0, 0
411016, 264137851, 0, 0
412059, 277070525, 0, 0
413020, 271191976, 0, 0
414010, 234747563, 0, 0
415012, 270178871, 0, 0
416000, 247707527, 0, 0
417021, 272288982, 0, 0
418030, 281443691, 0, 0
419016, 297429899, 0, 0
420019, 282326088, 0, 0
421045, 263413187, 0, 0
422032, 252576630, 0, 0
423007, 252859654, 0, 0
424025, 261702267, 0, 0
425009, 260851366, 0, 0
426039, 262275408, 0, 0
427057, 254035827, 0, 0
428036, 241633039, 0, 0
429056, 263735379, 0, 0
430060, 284585554, 0, 0
431040, 257812419, 0, 0
432054, 274426727, 0, 0
433002, 266219128, 0, 0
434010, 240266287, 0, 0
435055, 256586841, 0, 0
436037, 239738818, 0, 0
437024, 239962030, 0, 0
438029, 251063391, 0, 0
439017, 274286704, 0, 0
440048, 252910529, 0, 0
441019, 243152892, 0, 0
442059, 237636800, 0, 0
443020, 227961419, 0, 0
444018, 306130409, 0, 0
445020, 236976985, 0, 0
446027, 230774103, 0, 0
447002, 270228348, 0, 0
448019, 241102260, 0, 0
449030, 266079761, 0, 0
450053, 231184691, 0, 0
451020, 222749850, 0, 0
452001, 230725904, 0, 0
453055, 261645725, 0, 0
454051, 230111538, 0, 0
455002, 213379493, 0, 0
456050, 231655878, 0, 0
457046, 236505114, 0, 0
458043, 244596007, 0, 0
459040, 250216530, 0, 0
460039, 254043744, 0, 0
461018, 244033340, 0, 0
462018, 227334758, 0, 0
463011, 214995433, 0, 0
464038, 238150016, 0, 0
465012, 236527475, 0, 0
466017, 247557640, 0, 0
467052, 246126861, 0, 0
468029, 202018628, 0, 0
469024, 206259533, 0, 0
470015, 249813172, 0, 0
471048, 256667221, 0, 0
472007, 208195887, 0, 0
473045, 239239846, 0, 0
474007, 258916521, 0, 0
475016, 230763561, 0, 0
476047, 223516836, 0, 0
477022, 221750422, 0, 0
478049, 232800539, 0, 0
479055, 233563107, 0, 0
480032, 229693873, 0, 0
481013, 246462860, 0, 0
482038, 218162238, 0, 0
483047, 217221338, 0, 0
484017, 274043104, 0, 0
485032, 232656934, 0, 0
486045, 237708399, 0, 0
487047, 240063733, 0, 0
488032, 212354810, 0, 0
489023, 231421056, 0, 0
490037, 245113171, 0, 0
491002, 199662122, 0, 0
492004, 213984833, 0, 0
493003, 221420095, 0, 0
494014, 226978236, 0, 0
495009, 228816609, 0, 0
496046, 213481802, 0, 0
497041, 218005349, 0, 0
498039, 224518639, 0, 0
499033, 225568874, 0, 0
500036, 219072285, 0, 0
501011, 186234777, 0, 0
502022, 204305356, 0, 0
503003, 204772493, 0, 0
504043, 219599459, 0, 0
505025, 231552040, 0, 0
506025, 225314337, 0, 0
507044, 203983462, 0, 0
508017, 207974351, 0, 0
509015, 206130431, 0, 0
510040, 226931961, 0, 0
511011, 227920606, 0, 0
512041, 201598510, 0, 0
513023, 197415903, 0, 0
514051, 206623319, 0, 0
515014, 222141015, 0, 0
516001, 211969423, 0, 0
517004, 226290184, 0, 0
518023, 189652369, 0, 0
519009, 200611186, 0, 0
520014, 199785269, 0, 0
521045, 202931433, 0, 0
522014, 220503037, 0, 0
523009, 178123435, 0, 0
524001, 238480911, 0, 0
525049, 236502959, 0, 0
526061, 232157506, 0, 0
527014, 223532392, 0, 0
528020, 217417524, 0, 0
529020, 211930686, 0, 0
530034, 218249825, 0, 0
531045, 186040774, 0, 0
532017, 190074881, 0, 0
533024, 199857081, 0, 0
534005, 208079349, 0, 0
535017, 205597520, 0, 0
536043, 194545127, 0, 0
537038, 214305737, 0, 0
538050, 186120371, 0, 0
539024, 194656609, 0, 0
540053, 205545894, 0, 0
541033, 188806572, 0, 0
542019, 202108995, 0, 0
543012, 203739143, 0, 0
544023, 182620591, 0, 0
545056, 187501097, 0, 0
546012, 192728012, 0, 0
547063, 183973447, 0, 0
548029, 187051279, 0, 0
549035, 188178538, 0, 0
550026, 185707074, 0, 0
551052, 195050133, 0, 0
552027, 201855082, 0, 0
553049, 198803486, 0, 0
554031, 215232378, 0, 0
555046, 199116611, 0, 0
556031, 185245905, 0, 0
557004, 195267801, 0, 0
558032, 217754632, 0, 0
559024, 205784117, 0, 0
560000, 179459903, 0, 0
561052, 180988452, 0, 0
562049, 184152066, 0, 0
563020, 207638784, 0, 0
564009, 196669756, 0, 0
565058, 210500775, 0, 0
566005, 191916871, 0, 0
567000, 177838804, 0, 0
568036, 209617679, 0, 0
569050, 178097118, 0, 0
570053, 189684773, 0, 0
571016, 178236790, 0, 0
572030, 160953364, 0, 0
573023, 178984896, 0, 0
574039, 205401952, 0, 0
575044, 176607357, 0, 0
576031, 186856398, 0, 0
577045, 184779480, 0, 0
578012, 188245658, 0, 0
579034, 187392501, 0, 0
580009, 173156288, 0, 0
581071, 170211436, 0, 0
582138, 193376954, 0, 0
583001, 213773103, 0, 0
584025, 183851379, 0, 0
585058, 201840555, 0, 0
586029, 177550557, 0, 0
587015, 172952385, 0, 0
588049, 177443263, 0, 0
589058, 162008083, 0, 0
590068, 172131189, 0, 0
591090, 166399162, 0, 0
592045, 213627875, 0, 0
593004, 176486150, 0, 0
594027, 170277248, 0, 0
595028, 172933827, 0, 0
596034, 170772954, 0, 0
597044, 164377189, 0, 0
598035, 164061339, 0, 0
599007, 172849509, 0, 0
600035, 176098668, 0, 0
601056, 148703534, 0, 0
602016, 180457043, 0, 0
603056, 155401508, 0, 0
604056, 177703379, 0, 0
605026, 148342727, 0, 0
606024, 193155673, 0, 0
607006, 161441614, 0, 0
608036, 161335555, 0, 0
609045, 172778882, 0, 0
610050, 177544711, 0, 0
611003, 164056357, 0, 0
612048, 147100310, 0, 0
613021, 155142495, 0, 0
614015, 162123201, 0, 0
615024, 179544185, 0, 0
616054, 159622931, 0, 0
617012, 200747941, 0, 0
618056, 212078337, 0, 0
619022, 160389106, 0, 0
620030, 156458688, 0, 0
621015, 149498155, 0, 0
622033, 160834878, 0, 0
623048, 148479391, 0, 0
624023, 170066049, 0, 0
625057, 174299785, 0, 0
626032, 152001264, 0, 0
627043, 145764866, 0, 0
628057, 168575877, 0, 0
629008, 174063865, 0, 0
630017, 173478294, 0, 0
631061, 153292226, 0, 0
632030, 158855561, 0, 0
633003, 154764113, 0, 0
634044, 160089726, 0, 0
635004, 132535485, 0, 0
636055, 171969645, 0, 0
637032, 176580831, 0, 0
638000, 159005459, 0, 0
639057, 145343251, 0, 0
640019, 178443012, 0, 0
641044, 156431433, 0, 0
642060, 178487482, 0, 0
643002, 149918518, 0, 0
644004, 164062936, 0, 0
645047, 167588029, 0, 0
646008, 155973008, 0, 0
647010, 177997550, 0, 0
648054, 160230935, 0, 0
649020, 154373304, 0, 0
650056, 161052937, 0, 0
651002, 165139799, 0, 0
652012, 143463081, 0, 0
653004, 198889445, 0, 0
654053, 189948934, 0, 0
655018, 152716660, 0, 0
656020, 161001068, 0, 0
657044, 149125507, 0, 0
658023, 167775967, 0, 0
659044, 168707150, 0, 0
660050, 175711812, 0, 0
661007, 154710424, 0, 0
662056, 159765855, 0, 0
663034, 164422959, 0, 0
664058, 159777136, 0, 0
665017, 165566951, 0, 0
666049, 158096533, 0, 0
667021, 133182932, 0, 0
668025, 180197356, 0, 0
669057, 157921129, 0, 0
670017, 170313271, 0, 0
671045, 181024762, 0, 0
672044, 140433552, 0, 0
673033, 140617486, 0, 0
674021, 169224833, 0, 0
675049, 172035388, 0, 0
676031, 152079553, 0, 0
677042, 150604053, 0, 0
678054, 156900855, 0, 0
679011, 156816863, 0, 0
680006, 160544341, 0, 0
681034, 173347456, 0, 0
682020, 167230071, 0, 0
683019, 170031244, 0, 0
684021, 186488253, 0, 0
685043, 174332844, 0, 0
686047, 156074533, 0, 0
687015, 196306702, 0, 0
688044, 169659089, 0, 0
689050, 183860848, 0, 0
690039, 173148403, 0, 0
691038, 150711769, 0, 0
692051, 166586994, 0, 0
693047, 150067527, 0, 0
694056, 183947056, 0, 0
695046, 177347771, 0, 0
696039, 187919965, 0, 0
697012, 155822587, 0, 0
698055, 167770534, 0, 0
699011, 145648220, 0, 0
700015, 185676263, 0, 0
701037, 153426384, 0, 0
702001, 149404146, 0, 0
703054, 159052070, 0, 0
704010, 165260175, 0, 0
705049, 159705255, 0, 0
706032, 172058115, 0, 0
707029, 161218100, 0, 0
708012, 140390894, 0, 0
709038, 167411137, 0, 0
710012, 163237070, 0, 0
711050, 153048849, 0, 0
712018, 178155451, 0, 0
713031, 188816806, 0, 0
714011, 158326167, 0, 0
715010, 177811169, 0, 0
716057, 162150351, 0, 0
717023, 146283262, 0, 0
718035, 163325664, 0, 0
719046, 166940889, 0, 0
720019, 196002811, 0, 0
721007, 148199187, 0, 0
722023, 179080590, 0, 0
723029, 161381238, 0, 0
724050, 156758317, 0, 0
725043, 153451320, 0, 0
726036, 165270011, 0, 0
727087, 149541166, 0, 0
728037, 188897038, 0, 0
729005, 149567168, 0, 0
730047, 177436748, 0, 0
731021, 149583939, 0, 0
732003, 168206821, 0, 0
733035, 155394231, 0, 0
734005, 150390447, 0, 0
735038, 154896999, 0, 0
736022, 153724256, 0, 0
737025, 187584261, 0, 0
738063, 161436566, 0, 0
739043, 180102955, 0, 0
740053, 177419836, 0, 0
741041, 164343047, 0, 0
742014, 161821235, 0, 0
743053, 165305827, 0, 0
744019, 157155101, 0, 0
745046, 162516452, 0, 0
746042, 161761947, 0, 0
747054, 148509049, 0, 0
748035, 154157605, 0, 0
749032, 156953906, 0, 0
750041, 163951063, 0, 0
751043, 154321802, 0, 0
752036, 162986647, 0, 0
753022, 174479637, 0, 0
754032, 164657187, 0, 0
755017, 159594084, 0, 0
756041, 188901566, 0, 0
757014, 182691207, 0, 0
758025, 154838678, 0, 0
759056, 169851110, 0, 0
760040, 160235731, 0, 0
761031, 161792597, 0, 0
762004, 148431848, 0, 0
763045, 148578891, 0, 0
764027, 162534419, 0, 0
765007, 179772392, 0, 0
766023, 157041479, 0, 0
767036, 152385472, 0, 0
768036, 201471583, 0, 0
769038, 179073545, 0, 0
770042, 156673092, 0, 0
771057, 159712645, 0, 0
772054, 187668178, 0, 0
773020, 165572019, 0, 0
774054, 147045218, 0, 0
775005, 160160436, 0, 0
776015, 195266733, 0, 0
777060, 173018492, 0, 0
778028, 180339619, 0, 0
779051, 194360766, 0, 0
780048, 184335344, 0, 0
781053, 164196864, 0, 0
782038, 157153980, 0, 0
783018, 175108461, 0, 0
784046, 165631179, 0, 0
785049, 174160575, 0, 0
786045, 174541918, 0, 0
787055, 154357086, 0, 0
788041, 171486033, 0, 0
789026, 169999975, 0, 0
790053, 160763860, 0, 0
791032, 200628033, 0, 0
792064, 192173852, 0, 0
793059, 159310387, 0, 0
794053, 184631438, 0, 0
795032, 163379262, 0, 0
796026, 181201016, 0, 0
797030, 175640332, 0, 0
798026, 181144442, 0, 0
799021, 179844872, 0, 0
800051, 162048301, 0, 0
801021, 189154319, 0, 0
802055, 181647070, 0, 0
803026, 195302199, 0, 0
804031, 167688164, 0, 0
805036, 180809499, 0, 0
806000, 172138303, 0, 0
807018, 172529551, 0, 0
808013, 227976227, 0, 0
809018, 159639882, 0, 0
810022, 192280651, 0, 0
811013, 169687146, 0, 0
812020, 176233585, 0, 0
813015, 181537714, 0, 0
814012, 193481136, 0, 0
815029, 176310647, 0, 0
816027, 185069704, 0, 0
817001, 165133888, 0, 0
818046, 194763765, 0, 0
819041, 158514579, 0, 0
820010, 189999164, 0, 0
821056, 175137002, 0, 0
822051, 196012568, 0, 0
823034, 166351950, 0, 0
824025, 187321663, 0, 0
825020, 176010468, 0, 0
826030, 189461127, 0, 0
827000, 173111506, 0, 0
828010, 173577141, 0, 0
829036, 196372550, 0, 0
830000, 190102116, 0, 0
831047, 175464177, 0, 0
832012, 156622694, 0, 0
833000, 196574525, 0, 0
834019, 199561455, 0, 0
835044, 155968243, 0, 0
836050, 200953902, 0, 0
837001, 179255522, 0, 0
838018, 180534187, 0, 0
839017, 178320337, 0, 0
840016, 195318529, 0, 0
841029, 208418714, 0, 0
842038, 176451367, 0, 0
843042, 201853388, 0, 0
844019, 173728820, 0, 0
845018, 184028388, 0, 0
846036, 187761736, 0, 0
847015, 183062216, 0, 0
848004, 202233494, 0, 0
849040, 229429454, 0, 0
850061, 194406100, 0, 0
851051, 165367580, 0, 0
852018, 180934158, 0, 0
853054, 183615406, 0, 0
854002, 207249872, 0, 0
855037, 227639747, 0, 0
856024, 198077151, 0, 0
857009, 200012320, 0, 0
858012, 191775642, 0, 0
859040, 177188426, 0, 0
860040, 189370805, 0, 0
861027, 181752432, 0, 0
862030, 222312386, 0, 0
863028, 198278272, 0, 0
864049, 209584800, 0, 0
865024, 197825504, 0, 0
866041, 190225924, 0, 0
867068, 206567574, 0, 0
868012, 216215562, 0, 0
869055, 211156881, 0, 0
870045, 198237399, 0, 0
871038, 196080288, 0, 0
872018, 220048333, 0, 0
873010, 178607034, 0, 0
874018, 188664704, 0, 0
875015, 180547782, 0, 0
876049, 204511827, 0, 0
877031, 192173742, 0, 0
878007, 203775823, 0, 0
879050, 216855543, 0, 0
880005, 212884575, 0, 0
881016, 219096746, 0, 0
882040, 190516747, 0, 0
883007, 200403398, 0, 0
884030, 230892348, 0, 0
885015, 178193264, 0, 0
886026, 212034561, 0, 0
887005, 215010245, 0, 0
888057, 222807875, 0, 0
889035, 225588701, 0, 0
890044, 223722127, 0, 0
891003, 217229282, 0, 0
892018, 193021288, 0, 0
893012, 212569394, 0, 0
894002, 198013125, 0, 0
895012, 216735719, 0, 0
896013, 229734030, 0, 0
897048, 194806407, 0, 0
898025, 192523470, 0, 0
899053, 218670864, 0, 0
900026, 218592196, 0, 0
901035, 226429497, 0, 0
902026, 207056187, 0, 0
903032, 220573771, 0, 0
904043, 241367816, 0, 0
905020, 184706796, 0, 0
906025, 206110434, 0, 0
907019, 200933000, 0, 0
908005, 222141529, 0, 0
909002, 203481734, 0, 0
910048, 235843704, 0, 0
911034, 220883922, 0, 0
912053, 219033819, 0, 0
913039, 235990148, 0, 0
914030, 214471296, 0, 0
915020, 220618233, 0, 0
916014, 235195361, 0, 0
917011, 209735721, 0, 0
918025, 206167240, 0, 0
919025, 226982438, 0, 0
920028, 230644295, 0, 0
921022, 213134444, 0, 0
922060, 194517988, 0, 0
923018, 246287612, 0, 0
924035, 234254819, 0, 0
925051, 217731631, 0, 0
926042, 218580675, 0, 0
927002, 240857293, 0, 0
928049, 212712723, 0, 0
929041, 226989739, 0, 0
930020, 268661441, 0, 0
931006, 282173802, 0, 0
932024, 237044971, 0, 0
933029, 238998190, 0, 0
934000, 246708754, 0, 0
935003, 259383476, 0, 0
936006, 241209285, 0, 0
937021, 221861688, 0, 0
938023, 243634363, 0, 0
939047, 222541991, 0, 0
940014, 249006351, 0, 0
941006, 267313268, 0, 0
942013, 250277322, 0, 0
943025, 244285215, 0, 0
944008, 268040157, 0, 0
945025, 253437540, 0, 0
946025, 250752987, 0, 0
947052, 227201388, 0, 0
948016, 227946434, 0, 0
949011, 232319138, 0, 0
950029, 242911294, 0, 0
951043, 292570481, 0, 0
952000, 260699391, 0, 0
953054, 262027291, 0, 0
954009, 248827572, 0, 0
955010, 245475582, 0, 0
956027, 264268013, 0, 0
957004, 232747380, 0, 0
958020, 246993412, 0, 0
959005, 292044997, 0, 0
960052, 259803093, 0, 0
961017, 243966914, 0, 0
962040, 224153180, 0, 0
963034, 257279656, 0, 0
964002, 243626750, 0, 0
965029, 260726020, 0, 0
966009, 262885145, 0, 0
967021, 281235390, 0, 0
968049, 258035272, 0, 0
969003, 286676826, 0, 0
970030, 268094283, 0, 0
971056, 308427028, 0, 0
972038, 288919889, 0, 0
973028, 260870009, 0, 0
974024, 281744011, 0, 0
975035, 292142808, 0, 0
976062, 280326638, 0, 0
977024, 267452884, 0, 0
978022, 287369950, 0, 0
979057, 336909998, 0, 0
980046, 262052780, 0, 0
981051, 281999502, 0, 0
982010, 296291429, 0, 0
983031, 279334806, 0, 0
984020, 274840439, 0, 0
985028, 287390843, 0, 0
986037, 283628819, 0, 0
987044, 276607208, 0, 0
988012, 290068261, 0, 0
989022, 285493024, 0, 0
990026, 280466038, 0, 0
991022, 286100259, 0, 0
992052, 312953919, 0, 0
993062, 322082390, 0, 0
994009, 299397102, 0, 0
995025, 279000904, 0, 0
996019, 290040890, 0, 0
997045, 287520595, 0, 0
998004, 305520256, 0, 0
999016, 290989281, 0, 0
1000005, 272757223, 0, 0
1001008, 288884463, 0, 0
1002006, 279614919, 0, 0
1003001, 302734655, 0, 0
1004050, 293907995, 0, 0
1005034, 288315446, 0, 0
1006033, 357571103, 0, 0
1007022, 320377848, 0, 0
1008027, 300697891, 0, 0
1009008, 350620102, 0, 0
1010018, 299985085, 0, 0
1011008, 346592085, 0, 0
1012027, 317540354, 0, 0
1013056, 355113491, 0, 0
1014055, 336933403, 0, 0
1015001, 315721703, 0, 0
1016025, 356205778, 0, 0
1017009, 307150236, 0, 0
1018011, 316341535, 0, 0
1019011, 308668737, 0, 0
1020024, 327252165, 0, 0
1021016, 316191332, 0, 0
1022023, 365885654, 0, 0
1023035, 316168957, 0, 0
1024050, 322353653, 0, 0
1025028, 286573431, 0, 0
1026009, 337580499, 0, 0
1027003, 333056292, 0, 0
1028039, 338650842, 0, 0
1029013, 306519686, 0, 0
1030050, 333261083, 0, 0
1031015, 322117565, 0, 0
1032058, 337942502, 0, 0
1033035, 332453648, 0, 0
1034016, 348247018, 0, 0
1035007, 335360648, 0, 0
1036034, 335953546, 0, 0
1037052, 359294892, 0, 0
1038036, 336500180, 0, 0
1039033, 338503773, 0, 0
1040010, 357634034, 0, 0
1041031, 348899796, 0, 0
1042048, 343812260, 0, 0
1043027, 352617456, 0, 0
1044006, 360773637, 0, 0
1045041, 346782466, 0, 0
1046006, 349047030, 0, 0
1047001, 399902567, 0, 0
1048034, 342846797, 0, 0
1049034, 361219225, 0, 0
1050049, 350855765, 0, 0
1051048, 369677279, 0, 0
1052028, 351699583, 0, 0
1053039, 346381487, 0, 0
1054039, 307778305, 0, 0
1055029, 356231128, 0, 0
1056059, 339485967, 0, 0
1057002, 335678136, 0, 0
1058034, 388675134, 0, 0
1059056, 370855029, 0, 0
1060044, 362449149, 0, 0
1061012, 379785444, 0, 0
1062056, 371622873, 0, 0
1063041, 404364808, 0, 0
1064054, 376966538, 0, 0
1065046, 377156788, 0, 0
1066020, 354249129, 0, 0
1067025, 366075755, 0, 0
1068019, 377443969, 0, 0
1069012, 371020422, 0, 0
1070046, 407108494, 0, 0
1071003, 380971437, 0, 0
1072004, 386852533, 0, 0
1073002, 351528206, 0, 0
1074049, 383777552, 0, 0
1075023, 403974608, 0, 0
1076016, 367264706, 0, 0
1077052, 370110044, 0, 0
1078040, 392282108, 0, 0
1079014, 382288018, 0, 0
1080001, 385103854, 0, 0
1081039, 375297300, 0, 0
1082021, 372646011, 0, 0
1083031, 370097560, 0, 0
1084010, 374403153, 0, 0
1085000, 384825348, 0, 0
1086048, 357507427, 0, 0
1087043, 422257949, 0, 0
1088007, 385893718, 0, 0
1089002, 388000739, 0, 0
1090057, 398910743, 0, 0
1091013, 429081223, 0, 0
1092003, 429221317, 0, 0
1093056, 390867730, 0, 0
1094011, 412530943, 0, 0
1095046, 420752239, 0, 0
1096053, 429414780, 0, 0
1097054, 403113710, 0, 0
1098064, 391873887, 0, 0
1099049, 402962667, 0, 0
1100047, 393934885, 0, 0
1101027, 386738445, 0, 0
1102012, 409767124, 0, 0
1103056, 383520532, 0, 0
1104000, 408945623, 0, 0
1105046, 408920218, 0, 0
1106005, 404248961, 0, 0
1107051, 422649291, 0, 0
1108050, 422409563, 0, 0
1109005, 406463898, 0, 0
1110024, 443952668, 0, 0
1111021, 425761712, 0, 0
1112044, 423083825, 0, 0
1113031, 395489008, 0, 0
1114010, 437987509, 0, 0
1115056, 413971784, 0, 0
1116037, 420476401, 0, 0
1117028, 420840387, 0, 0
1118013, 411246038, 0, 0
1119022, 415483884, 0, 0
1120029, 440817803, 0, 0
1121000, 430560638, 0, 0
1122010, 432971402, 0, 0
1123028, 424368275, 0, 0
1124025, 421249062, 0, 0
1125044, 460418520, 0, 0
1126053, 441206253, 0, 0
1127032, 449595657, 0, 0
1128046, 439262053, 0, 0
1129049, 432156438, 0, 0
1130011, 444699473, 0, 0
1131024, 423442217, 0, 0
1132051, 446605001, 0, 0
1133048, 443282186, 0, 0
1134061, 432645976, 0, 0
1135051, 446207200, 0, 0
1136029, 420195176, 0, 0
1137040, 465019865, 0, 0
1138006, 467347412, 0, 0
1139016, 443671593, 0, 0
1140023, 442836879, 0, 0
1141023, 449842375, 0, 0
1142018, 433036157, 0, 0
1143028, 449130752, 0, 0
1144053, 475625371, 0, 0
1145038, 455268940, 0, 0
1146046, 479310790, 0, 0
1147011, 414988716, 0, 0
1148024, 459489948, 0, 0
1149040, 463830384, 0, 0
1150052, 457234213, 0, 0
1151017, 453457265, 0, 0
1152036, 460385544, 0, 0
1153042, 455697232, 0, 0
1154010, 469392547, 0, 0
1155028, 473981973, 0, 0
1156025, 462897865, 0, 0
1157006, 444581833, 0, 0
1158000, 449549862, 0, 0
1159031, 452396722, 0, 0
1160032, 465942712, 0, 0
1161014, 462878270, 0, 0
1162009, 486236058, 0, 0
1163012, 477170303, 0, 0
1164019, 460702823, 0, 0
1165032, 475842876, 0, 0
1166056, 475107069, 0, 0
1167005, 452195293, 0, 0
1168009, 463633026, 0, 0
1169018, 478803531, 0, 0
1170009, 466734736, 0, 0
1171029, 481369479, 0, 0
1172022, 497139578, 0, 0
1173046, 462909783, 0, 0
1174006, 452278687, 0, 0
1175053, 462761246, 0, 0
1176015, 478990899, 0, 0
1177017, 476024539, 0, 0
1178002, 472455218, 0, 0
1179002, 484964514, 0, 0
1180056, 434195122, 0, 0
1181021, 472276894, 0, 0
1182023, 471967895, 0, 0
1183042, 512310744, 0, 0
1184023, 512980557, 0, 0
1185025, 463821805, 0, 0
1186039, 468758540, 0, 0
1187046, 480253404, 0, 0
1188045, 471761776, 0, 0
1189028, 453366372, 0, 0
1190043, 481219250, 0, 0
1191043, 472225829, 0, 0
1192017, 458664167, 0, 0
1193046, 457611558, 0, 0
1194027, 453119019, 0, 0
1195036, 478059821, 0, 0
1196021, 463325131, 0, 0
1197019, 472695505, 0, 0
1198035, 461834401, 0, 0
1199030, 491757429, 0, 0
1200006, 526349314, 0, 0
1200117, 399441870, 0, 0
