999, 91, 0, 0
2000, 135, 0, 0
3000, 137, 0, 0
3999, 145, 0, 0
4999, 129, 0, 0
6000, 143, 0, 0
7000, 135, 0, 0
7999, 130, 0, 0
9000, 137, 0, 0
10000, 136, 0, 0
10999, 139, 0, 0
11999, 131, 0, 0
13000, 137, 0, 0
13999, 128, 0, 0
14999, 146, 0, 0
16000, 138, 0, 0
16999, 139, 0, 0
17999, 130, 0, 0
19000, 130, 0, 0
20000, 148, 0, 0
20999, 139, 0, 0
22000, 132, 0, 0
23000, 140, 0, 0
23999, 131, 0, 0
24999, 136, 0, 0
26000, 144, 0, 0
26999, 128, 0, 0
27999, 141, 0, 0
29000, 142, 0, 0
30000, 139, 0, 0
30999, 144, 0, 0
32000, 140, 0, 0
33000, 142, 0, 0
33999, 141, 0, 0
35000, 151, 0, 0
36000, 144, 0, 0
36999, 150, 0, 0
37999, 130, 0, 0
39000, 142, 0, 0
39999, 140, 0, 0
40999, 139, 0, 0
42000, 145, 0, 0
43000, 139, 0, 0
43999, 151, 0, 0
45000, 137, 0, 0
46000, 139, 0, 0
46999, 144, 0, 0
47999, 136, 0, 0
49000, 143, 0, 0
49999, 155, 0, 0
50999, 145, 0, 0
52000, 144, 0, 0
52999, 146, 0, 0
53999, 144, 0, 0
55000, 141, 0, 0
55999, 146, 0, 0
56999, 145, 0, 0
58000, 142, 0, 0
58999, 144, 0, 0
59999, 146, 0, 0
61000, 146, 0, 0
61999, 142, 0, 0
62999, 138, 0, 0
64000, 147, 0, 0
65000, 146, 0, 0
65999, 143, 0, 0
67000, 154, 0, 0
68000, 132, 0, 0
68999, 148, 0, 0
70000, 142, 0, 0
71000, 148, 0, 0
71999, 153, 0, 0
73000, 137, 0, 0
74000, 149, 0, 0
74999, 140, 0, 0
75999, 147, 0, 0
77000, 147, 0, 0
77999, 135, 0, 0
78999, 156, 0, 0
80000, 147, 0, 0
80999, 147, 0, 0
81999, 150, 0, 0
83000, 154, 0, 0
83999, 139, 0, 0
84999, 140, 0, 0
86000, 148, 0, 0
86999, 157, 0, 0
87999, 138, 0, 0
89000, 150, 0, 0
90000, 147, 0, 0
90999, 146, 0, 0
92000, 147, 0, 0
93000, 145, 0, 0
93999, 152, 0, 0
95000, 149, 0, 0
96000, 154, 0, 0
96999, 144, 0, 0
98000, 144, 0, 0
99000, 159, 0, 0
99999, 148, 0, 0
101000, 152, 0, 0
102000, 159, 0, 0
102999, 144, 0, 0
104000, 156, 0, 0
105000, 157, 0, 0
105999, 150, 0, 0
107000, 154, 0, 0
108000, 156, 0, 0
108999, 158, 0, 0
109999, 150, 0, 0
111000, 146, 0, 0
111999, 146, 0, 0
112999, 138, 0, 0
114000, 159, 0, 0
114999, 164, 0, 0
115999, 153, 0, 0
116999, 169, 0, 0
118000, 161, 0, 0
118999, 145, 0, 0
119999, 163, 0, 0
120999, 159, 0, 0
122000, 152, 0, 0
123000, 152, 0, 0
123999, 154, 0, 0
124999, 151, 0, 0
126000, 157, 0, 0
127000, 169, 0, 0
127999, 164, 0, 0
128999, 155, 0, 0
130000, 160, 0, 0
131000, 164, 0, 0
131999, 159, 0, 0
133000, 176, 0, 0
134000, 162, 0, 0
134999, 156, 0, 0
135999, 177, 0, 0
136999, 150, 0, 0
138000, 160, 0, 0
138999, 171, 0, 0
139999, 165, 0, 0
141000, 159, 0, 0
142000, 156, 0, 0
143000, 148, 0, 0
143999, 160, 0, 0
145000, 163, 0, 0
146000, 165, 0, 0
146999, 158, 0, 0
147999, 164, 0, 0
149000, 162, 0, 0
150000, 156, 0, 0
150999, 149, 0, 0
152000, 178, 0, 0
153000, 144, 0, 0
153999, 166, 0, 0
155000, 166, 0, 0
156000, 162, 0, 0
156999, 174, 0, 0
158000, 166, 0, 0
159000, 168, 0, 0
159999, 150, 0, 0
160999, 149, 0, 0
162000, 167, 0, 0
162999, 174, 0, 0
163999, 149, 0, 0
165000, 159, 0, 0
165999, 168, 0, 0
166999, 169, 0, 0
168000, 163, 0, 0
168999, 153, 0, 0
169999, 162, 0, 0
171000, 172, 0, 0
171999, 161, 0, 0
172999, 170, 0, 0
174000, 173, 0, 0
175000, 177, 0, 0
175999, 150, 0, 0
177000, 174, 0, 0
178000, 172, 0, 0
178999, 169, 0, 0
180000, 166, 0, 0
181000, 171, 0, 0
181999, 177, 0, 0
183000, 169, 0, 0
184000, 180, 0, 0
184999, 168, 0, 0
185999, 172, 0, 0
187000, 163, 0, 0
187999, 166, 0, 0
188999, 173, 0, 0
190000, 176, 0, 0
190999, 167, 0, 0
192000, 172, 0, 0
193000, 170, 0, 0
193999, 168, 0, 0
194999, 167, 0, 0
196000, 173, 0, 0
196999, 177, 0, 0
197999, 165, 0, 0
199000, 175, 0, 0
200000, 189, 0, 0
200999, 174, 0, 0
202000, 171, 0, 0
203000, 187, 0, 0
203999, 186, 0, 0
205000, 167, 0, 0
206000, 185, 0, 0
206999, 186, 0, 0
208000, 165, 0, 0
209000, 166, 0, 0
209999, 182, 0, 0
211000, 160, 0, 0
212000, 163, 0, 0
212999, 168, 0, 0
214000, 185, 0, 0
215000, 179, 0, 0
215999, 175, 0, 0
217000, 169, 0, 0
218000, 192, 0, 0
218999, 183, 0, 0
219999, 171, 0, 0
221000, 185, 0, 0
221999, 172, 0, 0
222999, 175, 0, 0
224000, 168, 0, 0
225000, 173, 0, 0
225999, 176, 0, 0
227000, 182, 0, 0
228000, 193, 0, 0
228999, 176, 0, 0
230000, 180, 0, 0
231000, 181, 0, 0
231999, 182, 0, 0
233000, 181, 0, 0
234000, 177, 0, 0
234999, 164, 0, 0
236000, 187, 0, 0
237000, 174, 0, 0
237999, 179, 0, 0
239000, 186, 0, 0
240000, 194, 0, 0
240999, 174, 0, 0
241999, 182, 0, 0
243000, 180, 0, 0
243999, 201, 0, 0
245000, 166, 0, 0
246000, 176, 0, 0
246999, 202, 0, 0
248000, 189, 0, 0
249000, 167, 0, 0
249999, 182, 0, 0
250999, 179, 0, 0
252000, 194, 0, 0
252999, 185, 0, 0
254000, 189, 0, 0
255000, 176, 0, 0
255999, 180, 0, 0
257000, 198, 0, 0
258000, 180, 0, 0
258999, 177, 0, 0
259999, 197, 0, 0
261000, 179, 0, 0
261999, 196, 0, 0
262999, 194, 0, 0
264000, 179, 0, 0
265000, 178, 0, 0
265999, 194, 0, 0
267000, 190, 0, 0
268000, 196, 0, 0
268999, 184, 0, 0
270000, 193, 0, 0
271000, 185, 0, 0
271999, 184, 0, 0
273000, 195, 0, 0
274000, 198, 0, 0
274999, 185, 0, 0
276000, 193, 0, 0
277000, 188, 0, 0
277999, 197, 0, 0
278999, 194, 0, 0
280000, 178, 0, 0
280999, 202, 0, 0
281999, 199, 0, 0
283000, 187, 0, 0
283999, 195, 0, 0
284999, 195, 0, 0
286000, 195, 0, 0
287000, 195, 0, 0
287999, 180, 0, 0
289000, 212, 0, 0
290000, 193, 0, 0
290999, 182, 0, 0
292000, 191, 0, 0
293000, 201, 0, 0
293999, 202, 0, 0
294999, 196, 0, 0
296000, 178, 0, 0
296999, 190, 0, 0
297999, 197, 0, 0
299000, 215, 0, 0
299999, 176, 0, 0
300999, 204, 0, 0
302000, 193, 0, 0
302999, 195, 0, 0
303999, 215, 0, 0
305000, 205, 0, 0
306000, 195, 0, 0
306999, 197, 0, 0
308000, 223, 0, 0
309000, 211, 0, 0
309999, 202, 0, 0
311000, 212, 0, 0
312000, 199, 0, 0
312999, 204, 0, 0
314000, 220, 0, 0
315000, 202, 0, 0
315999, 205, 0, 0
317000, 198, 0, 0
318000, 223, 0, 0
318999, 199, 0, 0
320000, 188, 0, 0
321000, 221, 0, 0
321999, 192, 0, 0
322999, 218, 0, 0
324000, 207, 0, 0
324999, 203, 0, 0
325999, 192, 0, 0
327000, 195, 0, 0
327999, 221, 0, 0
328999, 203, 0, 0
330000, 195, 0, 0
330999, 218, 0, 0
331999, 204, 0, 0
333000, 210, 0, 0
333999, 221, 0, 0
334999, 203, 0, 0
336000, 215, 0, 0
336999, 192, 0, 0
337999, 216, 0, 0
339000, 197, 0, 0
339999, 218, 0, 0
340999, 179, 0, 0
342000, 210, 0, 0
342999, 244, 0, 0
343999, 209, 0, 0
345000, 214, 0, 0
345999, 206, 0, 0
346999, 177, 0, 0
348000, 205, 0, 0
348999, 186, 0, 0
349999, 229, 0, 0
351000, 215, 0, 0
351999, 206, 0, 0
352999, 217, 0, 0
354000, 213, 0, 0
354999, 217, 0, 0
355999, 219, 0, 0
357000, 220, 0, 0
357999, 212, 0, 0
358999, 199, 0, 0
360000, 228, 0, 0
361000, 261, 0, 0
361999, 219, 0, 0
363000, 196, 0, 0
364000, 239, 0, 0
364999, 215, 0, 0
366000, 226, 0, 0
367000, 252, 0, 0
367999, 227, 0, 0
368999, 233, 0, 0
370000, 226, 0, 0
370999, 216, 0, 0
371999, 230, 0, 0
373000, 213, 0, 0
373999, 242, 0, 0
374999, 237, 0, 0
376000, 220, 0, 0
377000, 212, 0, 0
377999, 214, 0, 0
379000, 241, 0, 0
380000, 215, 0, 0
380999, 221, 0, 0
382000, 203, 0, 0
383000, 254, 0, 0
383999, 242, 0, 0
385000, 219, 0, 0
386000, 222, 0, 0
386999, 231, 0, 0
388000, 212, 0, 0
389000, 221, 0, 0
389999, 239, 0, 0
391000, 237, 0, 0
392000, 238, 0, 0
392999, 249, 0, 0
394000, 288, 0, 0
395000, 245, 0, 0
395999, 228, 0, 0
397000, 238, 0, 0
398000, 236, 0, 0
398999, 220, 0, 0
399999, 226, 0, 0
401000, 232, 0, 0
401999, 236, 0, 0
402999, 185, 0, 0
404000, 285, 0, 0
404999, 259, 0, 0
405999, 240, 0, 0
407000, 238, 0, 0
408000, 240, 0, 0
408999, 217, 0, 0
410000, 249, 0, 0
410999, 219, 0, 0
411999, 216, 0, 0
413000, 251, 0, 0
413999, 250, 0, 0
414999, 230, 0, 0
416000, 261, 0, 0
417000, 252, 0, 0
417999, 243, 0, 0
419000, 226, 0, 0
419999, 256, 0, 0
420999, 282, 0, 0
422000, 237, 0, 0
423000, 269, 0, 0
423999, 228, 0, 0
425000, 257, 0, 0
426000, 225, 0, 0
426999, 235, 0, 0
428000, 248, 0, 0
429000, 265, 0, 0
429999, 246, 0, 0
431000, 241, 0, 0
432000, 271, 0, 0
432999, 234, 0, 0
434000, 250, 0, 0
435000, 221, 0, 0
435999, 258, 0, 0
437000, 224, 0, 0
438000, 257, 0, 0
438999, 239, 0, 0
440000, 257, 0, 0
441000, 263, 0, 0
441999, 275, 0, 0
442999, 255, 0, 0
444000, 261, 0, 0
444999, 254, 0, 0
445999, 259, 0, 0
447000, 236, 0, 0
447999, 253, 0, 0
448999, 258, 0, 0
450000, 277, 0, 0
450999, 247, 0, 0
451999, 252, 0, 0
453000, 262, 0, 0
454000, 249, 0, 0
454999, 285, 0, 0
456000, 266, 0, 0
457000, 255, 0, 0
457999, 277, 0, 0
459000, 263, 0, 0
460000, 260, 0, 0
460999, 264, 0, 0
462000, 263, 0, 0
463000, 276, 0, 0
463999, 276, 0, 0
464999, 304, 0, 0
466000, 272, 0, 0
466999, 253, 0, 0
467999, 259, 0, 0
469000, 269, 0, 0
469999, 282, 0, 0
470999, 248, 0, 0
472000, 270, 0, 0
473000, 279, 0, 0
473999, 306, 0, 0
475000, 266, 0, 0
475999, 278, 0, 0
476999, 354, 0, 0
478000, 304, 0, 0
478999, 277, 0, 0
479999, 251, 0, 0
481000, 294, 0, 0
481999, 244, 0, 0
482999, 263, 0, 0
484000, 266, 0, 0
484999, 291, 0, 0
485999, 271, 0, 0
487000, 282, 0, 0
488000, 298, 0, 0
488999, 258, 0, 0
490000, 316, 0, 0
491000, 298, 0, 0
491999, 266, 0, 0
493000, 312, 0, 0
494000, 273, 0, 0
494999, 298, 0, 0
495999, 301, 0, 0
497000, 312, 0, 0
497999, 266, 0, 0
498999, 283, 0, 0
500000, 268, 0, 0
501000, 319, 0, 0
501999, 293, 0, 0
503000, 292, 0, 0
504000, 323, 0, 0
504999, 248, 0, 0
505999, 281, 0, 0
507000, 250, 0, 0
508000, 316, 0, 0
508999, 327, 0, 0
510000, 278, 0, 0
511000, 290, 0, 0
511999, 287, 0, 0
512999, 306, 0, 0
514000, 270, 0, 0
514999, 312, 0, 0
515999, 301, 0, 0
517000, 302, 0, 0
517999, 325, 0, 0
518999, 328, 0, 0
520000, 295, 0, 0
520999, 307, 0, 0
521999, 301, 0, 0
523000, 286, 0, 0
523999, 286, 0, 0
524999, 296, 0, 0
526000, 312, 0, 0
526999, 299, 0, 0
527999, 333, 0, 0
529000, 339, 0, 0
530000, 279, 0, 0
530999, 332, 0, 0
532000, 358, 0, 0
533000, 330, 0, 0
533999, 301, 0, 0
534999, 310, 0, 0
536000, 289, 0, 0
536999, 335, 0, 0
537999, 311, 0, 0
539000, 328, 0, 0
539999, 357, 0, 0
540999, 306, 0, 0
542000, 337, 0, 0
542999, 333, 0, 0
543999, 350, 0, 0
545000, 340, 0, 0
546000, 310, 0, 0
546999, 307, 0, 0
548000, 359, 0, 0
549000, 297, 0, 0
549999, 346, 0, 0
551000, 300, 0, 0
552000, 309, 0, 0
552999, 261, 0, 0
553999, 311, 0, 0
555000, 332, 0, 0
555999, 317, 0, 0
556999, 386, 0, 0
558000, 315, 0, 0
558999, 365, 0, 0
559999, 342, 0, 0
561000, 296, 0, 0
561999, 315, 0, 0
562999, 332, 0, 0
564000, 355, 0, 0
564999, 301, 0, 0
565999, 358, 0, 0
567000, 355, 0, 0
567999, 323, 0, 0
568999, 342, 0, 0
570000, 348, 0, 0
570999, 384, 0, 0
571999, 374, 0, 0
573000, 338, 0, 0
573999, 361, 0, 0
574999, 298, 0, 0
576000, 386, 0, 0
576999, 334, 0, 0
577999, 383, 0, 0
579000, 336, 0, 0
579999, 362, 0, 0
580999, 345, 0, 0
582000, 344, 0, 0
582999, 330, 0, 0
583999, 395, 0, 0
585000, 356, 0, 0
585999, 396, 0, 0
586999, 362, 0, 0
588000, 359, 0, 0
589000, 349, 0, 0
589999, 353, 0, 0
591000, 368, 0, 0
591999, 352, 0, 0
592999, 314, 0, 0
594000, 358, 0, 0
595000, 395, 0, 0
595999, 384, 0, 0
597000, 345, 0, 0
598000, 384, 0, 0
598999, 345, 0, 0
599999, 346, 0, 0
601000, 389, 0, 0
601999, 336, 0, 0
602999, 360, 0, 0
604000, 361, 0, 0
605000, 388, 0, 0
605999, 362, 0, 0
606999, 376, 0, 0
608000, 338, 0, 0
608999, 411, 0, 0
609999, 317, 0, 0
611000, 411, 0, 0
612000, 377, 0, 0
612999, 427, 0, 0
613999, 329, 0, 0
615000, 380, 0, 0
615999, 349, 0, 0
616999, 347, 0, 0
618000, 345, 0, 0
619000, 356, 0, 0
619999, 427, 0, 0
621000, 400, 0, 0
622000, 444, 0, 0
622999, 443, 0, 0
624000, 402, 0, 0
625000, 383, 0, 0
625999, 400, 0, 0
627000, 413, 0, 0
628000, 436, 0, 0
628999, 416, 0, 0
629999, 381, 0, 0
631000, 492, 0, 0
631999, 400, 0, 0
632999, 445, 0, 0
634000, 404, 0, 0
634999, 387, 0, 0
635999, 399, 0, 0
637000, 401, 0, 0
637999, 406, 0, 0
638999, 371, 0, 0
640000, 448, 0, 0
641000, 413, 0, 0
641999, 484, 0, 0
643000, 430, 0, 0
644000, 463, 0, 0
644999, 422, 0, 0
646000, 302, 0, 0
647000, 411, 0, 0
647999, 400, 0, 0
649000, 393, 0, 0
650000, 477, 0, 0
651000, 400, 0, 0
652000, 330, 0, 0
653000, 345, 0, 0
654000, 386, 0, 0
655000, 371, 0, 0
656000, 427, 0, 0
657000, 398, 0, 0
658000, 426, 0, 0
659000, 390, 0, 0
660001, 410, 0, 0
661000, 374, 0, 0
662000, 417, 0, 0
663000, 427, 0, 0
664000, 465, 0, 0
665000, 371, 0, 0
666000, 367, 0, 0
667000, 371, 0, 0
668000, 401, 0, 0
669000, 391, 0, 0
670000, 453, 0, 0
671000, 322, 0, 0
672000, 418, 0, 0
673000, 403, 0, 0
674000, 377, 0, 0
675000, 419, 0, 0
676000, 424, 0, 0
677000, 445, 0, 0
678000, 387, 0, 0
679000, 455, 0, 0
680000, 425, 0, 0
681000, 359, 0, 0
682000, 408, 0, 0
683001, 423, 0, 0
684000, 414, 0, 0
685000, 372, 0, 0
686000, 410, 0, 0
687000, 383, 0, 0
688000, 346, 0, 0
689000, 401, 0, 0
690000, 401, 0, 0
691000, 371, 0, 0
692000, 410, 0, 0
693000, 445, 0, 0
694000, 379, 0, 0
695000, 452, 0, 0
696000, 343, 0, 0
697000, 377, 0, 0
698000, 416, 0, 0
699000, 365, 0, 0
700000, 381, 0, 0
701000, 366, 0, 0
702000, 426, 0, 0
703000, 386, 0, 0
704000, 397, 0, 0
704999, 386, 0, 0
706000, 401, 0, 0
706999, 376, 0, 0
707999, 443, 0, 0
708999, 374, 0, 0
709998, 472, 0, 0
710999, 350, 0, 0
711999, 371, 0, 0
712998, 399, 0, 0
713998, 420, 0, 0
714998, 411, 0, 0
715998, 378, 0, 0
716998, 378, 0, 0
717997, 403, 0, 0
718997, 388, 0, 0
719998, 393, 0, 0
720997, 361, 0, 0
721997, 409, 0, 0
722996, 346, 0, 0
723996, 333, 0, 0
724997, 373, 0, 0
725996, 412, 0, 0
726996, 376, 0, 0
727996, 362, 0, 0
728995, 421, 0, 0
729996, 392, 0, 0
730995, 421, 0, 0
731995, 400, 0, 0
732994, 355, 0, 0
733995, 420, 0, 0
734995, 411, 0, 0
735994, 386, 0, 0
736994, 361, 0, 0
737994, 381, 0, 0
738994, 346, 0, 0
739994, 369, 0, 0
740993, 407, 0, 0
741993, 401, 0, 0
742994, 405, 0, 0
743993, 370, 0, 0
744993, 356, 0, 0
745992, 336, 0, 0
746993, 394, 0, 0
747993, 349, 0, 0
748992, 389, 0, 0
749992, 380, 0, 0
750992, 385, 0, 0
751991, 364, 0, 0
752992, 378, 0, 0
753991, 391, 0, 0
754991, 443, 0, 0
755991, 342, 0, 0
756991, 378, 0, 0
757991, 369, 0, 0
759000, 342, 0, 0
760000, 458, 0, 0
760999, 398, 0, 0
762000, 394, 0, 0
763000, 436, 0, 0
763999, 378, 0, 0
765000, 374, 0, 0
766000, 420, 0, 0
766999, 381, 0, 0
768000, 350, 0, 0
769000, 387, 0, 0
769999, 393, 0, 0
771000, 389, 0, 0
772000, 333, 0, 0
772999, 415, 0, 0
774000, 384, 0, 0
775000, 396, 0, 0
775999, 377, 0, 0
777000, 346, 0, 0
778000, 411, 0, 0
778999, 328, 0, 0
780000, 360, 0, 0
781000, 362, 0, 0
781999, 408, 0, 0
783000, 455, 0, 0
784000, 318, 0, 0
784999, 381, 0, 0
786000, 394, 0, 0
787000, 410, 0, 0
787999, 403, 0, 0
788999, 363, 0, 0
790000, 413, 0, 0
790999, 358, 0, 0
792000, 361, 0, 0
793000, 375, 0, 0
793999, 338, 0, 0
794999, 435, 0, 0
796000, 431, 0, 0
796999, 389, 0, 0
797999, 365, 0, 0
799000, 335, 0, 0
799999, 358, 0, 0
800999, 365, 0, 0
802000, 376, 0, 0
802999, 331, 0, 0
803999, 328, 0, 0
805000, 389, 0, 0
805999, 316, 0, 0
806999, 301, 0, 0
808000, 307, 0, 0
809000, 412, 0, 0
809999, 382, 0, 0
810999, 367, 0, 0
812000, 410, 0, 0
813000, 368, 0, 0
813999, 320, 0, 0
815000, 391, 0, 0
816000, 382, 0, 0
816999, 339, 0, 0
817999, 394, 0, 0
819000, 405, 0, 0
820000, 321, 0, 0
820999, 393, 0, 0
821999, 335, 0, 0
823000, 345, 0, 0
823999, 359, 0, 0
824999, 371, 0, 0
826000, 382, 0, 0
827000, 364, 0, 0
827999, 356, 0, 0
828999, 325, 0, 0
830000, 353, 0, 0
831000, 353, 0, 0
831999, 376, 0, 0
833000, 357, 0, 0
834000, 427, 0, 0
834999, 354, 0, 0
835999, 341, 0, 0
837000, 324, 0, 0
838000, 296, 0, 0
838999, 334, 0, 0
840000, 409, 0, 0
841000, 325, 0, 0
841999, 336, 0, 0
842999, 339, 0, 0
844000, 371, 0, 0
845000, 328, 0, 0
845999, 353, 0, 0
847000, 360, 0, 0
848000, 312, 0, 0
848999, 326, 0, 0
849999, 364, 0, 0
851000, 336, 0, 0
852000, 350, 0, 0
852999, 337, 0, 0
853999, 331, 0, 0
855000, 344, 0, 0
856000, 318, 0, 0
856999, 335, 0, 0
857999, 307, 0, 0
859000, 282, 0, 0
860000, 353, 0, 0
860999, 372, 0, 0
861999, 328, 0, 0
863000, 314, 0, 0
863999, 327, 0, 0
864999, 300, 0, 0
865999, 341, 0, 0
867000, 298, 0, 0
868000, 351, 0, 0
868999, 331, 0, 0
869999, 290, 0, 0
871000, 387, 0, 0
872000, 347, 0, 0
872999, 334, 0, 0
873999, 338, 0, 0
875000, 297, 0, 0
876000, 347, 0, 0
876999, 263, 0, 0
877999, 309, 0, 0
879000, 368, 0, 0
880000, 358, 0, 0
880999, 277, 0, 0
882000, 280, 0, 0
883000, 332, 0, 0
883999, 268, 0, 0
884999, 333, 0, 0
886000, 278, 0, 0
887000, 256, 0, 0
887999, 302, 0, 0
888999, 276, 0, 0
890000, 369, 0, 0
890999, 317, 0, 0
891999, 304, 0, 0
893000, 278, 0, 0
893999, 303, 0, 0
894999, 263, 0, 0
896000, 309, 0, 0
896999, 268, 0, 0
897999, 301, 0, 0
899000, 305, 0, 0
899999, 324, 0, 0
900999, 297, 0, 0
902000, 332, 0, 0
903000, 330, 0, 0
903999, 262, 0, 0
905000, 326, 0, 0
906000, 256, 0, 0
906999, 287, 0, 0
908000, 314, 0, 0
909000, 309, 0, 0
909999, 291, 0, 0
911000, 270, 0, 0
912000, 317, 0, 0
912999, 309, 0, 0
914000, 277, 0, 0
915000, 290, 0, 0
915999, 258, 0, 0
917000, 297, 0, 0
918000, 249, 0, 0
918999, 271, 0, 0
920000, 280, 0, 0
921000, 267, 0, 0
921999, 265, 0, 0
922999, 308, 0, 0
924000, 225, 0, 0
924999, 296, 0, 0
925999, 277, 0, 0
927000, 249, 0, 0
927999, 285, 0, 0
928999, 277, 0, 0
930000, 257, 0, 0
931000, 228, 0, 0
931999, 271, 0, 0
933000, 240, 0, 0
933999, 310, 0, 0
934999, 281, 0, 0
936000, 246, 0, 0
936999, 300, 0, 0
937999, 266, 0, 0
939000, 261, 0, 0
940000, 284, 0, 0
940999, 256, 0, 0
942000, 288, 0, 0
943000, 242, 0, 0
943999, 252, 0, 0
945000, 238, 0, 0
946000, 261, 0, 0
946999, 241, 0, 0
948000, 259, 0, 0
949000, 248, 0, 0
949999, 259, 0, 0
950999, 236, 0, 0
952000, 272, 0, 0
953000, 242, 0, 0
953999, 266, 0, 0
955000, 244, 0, 0
956000, 225, 0, 0
956999, 270, 0, 0
958000, 212, 0, 0
959000, 253, 0, 0
959999, 268, 0, 0
961000, 256, 0, 0
962000, 240, 0, 0
962999, 273, 0, 0
964000, 232, 0, 0
965000, 245, 0, 0
965999, 256, 0, 0
966999, 257, 0, 0
968000, 228, 0, 0
968999, 232, 0, 0
969999, 178, 0, 0
971000, 246, 0, 0
972000, 236, 0, 0
972999, 216, 0, 0
974000, 245, 0, 0
975000, 223, 0, 0
975999, 232, 0, 0
977000, 214, 0, 0
978000, 244, 0, 0
978999, 264, 0, 0
980000, 224, 0, 0
981000, 257, 0, 0
981999, 237, 0, 0
983000, 260, 0, 0
984000, 225, 0, 0
984999, 226, 0, 0
986000, 233, 0, 0
987000, 238, 0, 0
987999, 229, 0, 0
988999, 198, 0, 0
990000, 227, 0, 0
990999, 212, 0, 0
991999, 207, 0, 0
993000, 217, 0, 0
993999, 211, 0, 0
994999, 214, 0, 0
996000, 213, 0, 0
996999, 238, 0, 0
997999, 235, 0, 0
999000, 215, 0, 0
1000000, 217, 0, 0
1000999, 206, 0, 0
1002000, 203, 0, 0
1003000, 199, 0, 0
1003999, 209, 0, 0
1005000, 209, 0, 0
1006000, 194, 0, 0
1006999, 203, 0, 0
1007999, 201, 0, 0
1009000, 220, 0, 0
1009999, 188, 0, 0
1010999, 178, 0, 0
1012000, 204, 0, 0
1013000, 211, 0, 0
1013999, 188, 0, 0
1015000, 216, 0, 0
1016000, 203, 0, 0
1016999, 197, 0, 0
1018000, 205, 0, 0
1019000, 200, 0, 0
1019999, 214, 0, 0
1020999, 193, 0, 0
1022000, 205, 0, 0
1023000, 206, 0, 0
1023999, 193, 0, 0
1025000, 220, 0, 0
1026000, 191, 0, 0
1026999, 200, 0, 0
1028000, 176, 0, 0
1029000, 200, 0, 0
1029999, 200, 0, 0
1031000, 187, 0, 0
1032000, 191, 0, 0
1032999, 186, 0, 0
1033999, 188, 0, 0
1035000, 199, 0, 0
1035999, 192, 0, 0
1036999, 183, 0, 0
1038000, 211, 0, 0
1038999, 208, 0, 0
1039999, 196, 0, 0
1041000, 189, 0, 0
1042000, 169, 0, 0
1042999, 186, 0, 0
1044000, 173, 0, 0
1045000, 176, 0, 0
1045999, 181, 0, 0
1047000, 157, 0, 0
1048000, 196, 0, 0
1048999, 168, 0, 0
1050000, 175, 0, 0
1051000, 181, 0, 0
1051999, 167, 0, 0
1053000, 182, 0, 0
1054000, 188, 0, 0
1054999, 187, 0, 0
1056000, 181, 0, 0
1057000, 167, 0, 0
1057999, 159, 0, 0
1058999, 174, 0, 0
1060000, 190, 0, 0
1060999, 180, 0, 0
1061999, 161, 0, 0
1063000, 161, 0, 0
1064000, 175, 0, 0
1064999, 173, 0, 0
1066000, 171, 0, 0
1067000, 179, 0, 0
1067999, 172, 0, 0
1069000, 168, 0, 0
1070000, 162, 0, 0
1070999, 168, 0, 0
1072000, 169, 0, 0
1073000, 164, 0, 0
1073999, 162, 0, 0
1075000, 167, 0, 0
1076000, 166, 0, 0
1076999, 153, 0, 0
1078000, 163, 0, 0
1079000, 158, 0, 0
1079999, 155, 0, 0
1080999, 159, 0, 0
1082000, 182, 0, 0
1082999, 151, 0, 0
1083999, 175, 0, 0
1085000, 162, 0, 0
1086000, 167, 0, 0
1086999, 162, 0, 0
1088000, 175, 0, 0
1089000, 159, 0, 0
1089999, 163, 0, 0
1091000, 166, 0, 0
1092000, 153, 0, 0
1092999, 162, 0, 0
1093999, 162, 0, 0
1095000, 151, 0, 0
1095999, 161, 0, 0
1096999, 143, 0, 0
1098000, 166, 0, 0
1099000, 165, 0, 0
1099999, 164, 0, 0
1101000, 156, 0, 0
1102000, 163, 0, 0
1102999, 153, 0, 0
1103999, 155, 0, 0
1105000, 157, 0, 0
1106000, 151, 0, 0
1106999, 142, 0, 0
1108000, 158, 0, 0
1109000, 164, 0, 0
1109999, 154, 0, 0
1110999, 150, 0, 0
1112000, 163, 0, 0
1112999, 153, 0, 0
1113999, 149, 0, 0
1115000, 156, 0, 0
1116000, 152, 0, 0
1116999, 155, 0, 0
1118000, 157, 0, 0
1119000, 145, 0, 0
1119999, 154, 0, 0
1120999, 146, 0, 0
1122000, 145, 0, 0
1122999, 146, 0, 0
1123999, 148, 0, 0
1125000, 149, 0, 0
1126000, 143, 0, 0
1126999, 136, 0, 0
1128000, 140, 0, 0
1129000, 150, 0, 0
1129999, 154, 0, 0
1130999, 139, 0, 0
1132000, 151, 0, 0
1133000, 149, 0, 0
1133999, 142, 0, 0
1135000, 144, 0, 0
1136000, 156, 0, 0
1136999, 133, 0, 0
1138000, 142, 0, 0
1139000, 142, 0, 0
1139999, 149, 0, 0
1140999, 145, 0, 0
1142000, 142, 0, 0
1142999, 129, 0, 0
1143999, 134, 0, 0
1145000, 142, 0, 0
1146000, 137, 0, 0
1146999, 152, 0, 0
1147999, 130, 0, 0
1149000, 144, 0, 0
1150000, 138, 0, 0
1150999, 140, 0, 0
1151999, 139, 0, 0
1153000, 140, 0, 0
1154000, 137, 0, 0
1155000, 130, 0, 0
1155999, 140, 0, 0
1156999, 146, 0, 0
1158000, 138, 0, 0
1159000, 138, 0, 0
1159999, 137, 0, 0
1160999, 144, 0, 0
1161999, 130, 0, 0
1163000, 136, 0, 0
1164000, 129, 0, 0
1165000, 137, 0, 0
1165999, 136, 0, 0
1166999, 145, 0, 0
1167999, 137, 0, 0
1169000, 131, 0, 0
1170000, 145, 0, 0
1170999, 130, 0, 0
1171999, 136, 0, 0
1172999, 136, 0, 0
1174000, 145, 0, 0
1175000, 135, 0, 0
1176000, 136, 0, 0
1176999, 136, 0, 0
1177999, 128, 0, 0
1178999, 136, 0, 0
1180000, 125, 0, 0
1181000, 137, 0, 0
1181999, 137, 0, 0
1182999, 104, 0, 0
1183999, 146, 0, 0
1185000, 142, 0, 0
1186000, 128, 0, 0
1187000, 136, 0, 0
1187999, 137, 0, 0
1188999, 136, 0, 0
1190000, 139, 0, 0
1191000, 136, 0, 0
1192000, 145, 0, 0
1192999, 136, 0, 0
1193999, 138, 0, 0
1194999, 137, 0, 0
1196000, 147, 0, 0
1197000, 137, 0, 0
1198000, 130, 0, 0
1198999, 124, 0, 0
1199999, 128, 0, 0
