1050, 453863044, 0, 0
2036, 463476642, 0, 0
3031, 462744695, 0, 0
4052, 454261589, 0, 0
5027, 482552682, 0, 0
6005, 465452150, 0, 0
7000, 465186409, 0, 0
8040, 486365352, 0, 0
9033, 461739269, 0, 0
10060, 486003043, 0, 0
11014, 473482682, 0, 0
12032, 467660403, 0, 0
13001, 482653942, 0, 0
14024, 474027414, 0, 0
15063, 456109914, 0, 0
16001, 472330833, 0, 0
17015, 458417502, 0, 0
18052, 477567092, 0, 0
19022, 477680582, 0, 0
20011, 464616155, 0, 0
21042, 447305616, 0, 0
22022, 470757767, 0, 0
23040, 463884274, 0, 0
24030, 472289412, 0, 0
25006, 463549799, 0, 0
26000, 460545408, 0, 0
27030, 458530719, 0, 0
28015, 465517071, 0, 0
29009, 463146805, 0, 0
30016, 475742484, 0, 0
31012, 453325022, 0, 0
32019, 457380903, 0, 0
33035, 442956202, 0, 0
34031, 452187425, 0, 0
35025, 443895472, 0, 0
36009, 456350426, 0, 0
37017, 441261791, 0, 0
38013, 478568352, 0, 0
39007, 449128756, 0, 0
40005, 439627256, 0, 0
41052, 471419231, 0, 0
42044, 453529247, 0, 0
43044, 455450266, 0, 0
44021, 437686173, 0, 0
45034, 461926710, 0, 0
46043, 455466830, 0, 0
47000, 449970600, 0, 0
48041, 465055085, 0, 0
49036, 434775051, 0, 0
50019, 442936387, 0, 0
51024, 440779282, 0, 0
52017, 446648025, 0, 0
53042, 451029056, 0, 0
54026, 464898458, 0, 0
55023, 434411253, 0, 0
56044, 445288585, 0, 0
57030, 433432305, 0, 0
58023, 462164668, 0, 0
59036, 464838068, 0, 0
60031, 435525999, 0, 0
61051, 447747540, 0, 0
62007, 402597843, 0, 0
63028, 437505115, 0, 0
64029, 433559811, 0, 0
65035, 428767646, 0, 0
66045, 469848010, 0, 0
67010, 417930871, 0, 0
68031, 455071688, 0, 0
69033, 419224953, 0, 0
70031, 438040524, 0, 0
71026, 436199988, 0, 0
72007, 449105983, 0, 0
73032, 441387030, 0, 0
74034, 432958469, 0, 0
75056, 446163571, 0, 0
76006, 436337342, 0, 0
77013, 429880031, 0, 0
78003, 467711381, 0, 0
79029, 438993416, 0, 0
80034, 439095761, 0, 0
81017, 449119309, 0, 0
82037, 453774074, 0, 0
83033, 437414680, 0, 0
84016, 453588376, 0, 0
85053, 457113564, 0, 0
86024, 473571967, 0, 0
87046, 449443745, 0, 0
88024, 443850171, 0, 0
89024, 430676031, 0, 0
90037, 429172400, 0, 0
91017, 422281118, 0, 0
92050, 418822785, 0, 0
93034, 419222623, 0, 0
94015, 429943172, 0, 0
95047, 424684081, 0, 0
96017, 402355966, 0, 0
97021, 393734839, 0, 0
98003, 459117489, 0, 0
99038, 415193670, 0, 0
100029, 401943880, 0, 0
101020, 424816256, 0, 0
102040, 434132497, 0, 0
103062, 444638770, 0, 0
104020, 410010259, 0, 0
105039, 386750318, 0, 0
106013, 406552240, 0, 0
107019, 411151990, 0, 0
108041, 381173109, 0, 0
109030, 437475309, 0, 0
110013, 390097192, 0, 0
111005, 405207040, 0, 0
112026, 429749732, 0, 0
113046, 421244552, 0, 0
114054, 405743971, 0, 0
115018, 397392218, 0, 0
116007, 400452954, 0, 0
117008, 390908006, 0, 0
118002, 417080093, 0, 0
119002, 424398109, 0, 0
120007, 429073558, 0, 0
121009, 401886045, 0, 0
122002, 421758669, 0, 0
123003, 407426493, 0, 0
124018, 403676320, 0, 0
125015, 395259411, 0, 0
126028, 397173926, 0, 0
127035, 415171474, 0, 0
128027, 409709649, 0, 0
129029, 400467780, 0, 0
130028, 406936469, 0, 0
131032, 389931334, 0, 0
132040, 375640048, 0, 0
133000, 390655001, 0, 0
134055, 417493669, 0, 0
135051, 428773534, 0, 0
136015, 418658928, 0, 0
137001, 405201533, 0, 0
138051, 408652618, 0, 0
139015, 392636692, 0, 0
140042, 410114003, 0, 0
141019, 399102960, 0, 0
142004, 396105406, 0, 0
143001, 401576437, 0, 0
144023, 409507609, 0, 0
145032, 412250289, 0, 0
146026, 383801989, 0, 0
147029, 402287510, 0, 0
148051, 406347721, 0, 0
149043, 378698610, 0, 0
150036, 405394512, 0, 0
151048, 387306583, 0, 0
152031, 396173774, 0, 0
153000, 418624961, 0, 0
154049, 373349793, 0, 0
155017, 396545608, 0, 0
156046, 367672061, 0, 0
157033, 395738380, 0, 0
158036, 385551415, 0, 0
159028, 400320620, 0, 0
160020, 402329088, 0, 0
161008, 426844291, 0, 0
162006, 383606921, 0, 0
163009, 390804160, 0, 0
164056, 390899345, 0, 0
165016, 409059174, 0, 0
166003, 400399243, 0, 0
167011, 389012940, 0, 0
168061, 403014039, 0, 0
169032, 367489851, 0, 0
170007, 384417547, 0, 0
171049, 406198823, 0, 0
172025, 398409580, 0, 0
173016, 386403994, 0, 0
174020, 394701163, 0, 0
175007, 369010026, 0, 0
176019, 384040841, 0, 0
177016, 385018102, 0, 0
178047, 389872112, 0, 0
179050, 395219439, 0, 0
180016, 366345020, 0, 0
181046, 374289216, 0, 0
182042, 365951123, 0, 0
183037, 385979655, 0, 0
184007, 387334851, 0, 0
185010, 396609356, 0, 0
186048, 340114379, 0, 0
187046, 380075025, 0, 0
188017, 365160058, 0, 0
189031, 375639248, 0, 0
190020, 385397994, 0, 0
191040, 368402578, 0, 0
192020, 353385976, 0, 0
193037, 377938984, 0, 0
194055, 390172374, 0, 0
195000, 361200777, 0, 0
196042, 360578906, 0, 0
197027, 352519068, 0, 0
198023, 368388700, 0, 0
199017, 360613456, 0, 0
200009, 362915237, 0, 0
201049, 359254095, 0, 0
202050, 372682143, 0, 0
203022, 363821605, 0, 0
204032, 355820254, 0, 0
205053, 375637572, 0, 0
206045, 363288375, 0, 0
207028, 358364733, 0, 0
208054, 365104252, 0, 0
209039, 382347512, 0, 0
210007, 382127339, 0, 0
211047, 385350960, 0, 0
212040, 363415204, 0, 0
213043, 399290940, 0, 0
214044, 332905792, 0, 0
215042, 359555111, 0, 0
216017, 367771065, 0, 0
217011, 376894819, 0, 0
218050, 368756292, 0, 0
219028, 334749528, 0, 0
220006, 356350565, 0, 0
221004, 350708070, 0, 0
222041, 310260699, 0, 0
223029, 358766570, 0, 0
224000, 352221940, 0, 0
225045, 357394616, 0, 0
226055, 362515888, 0, 0
227000, 340133825, 0, 0
228033, 331331605, 0, 0
229040, 369362341, 0, 0
230044, 347442669, 0, 0
231000, 356865867, 0, 0
232012, 351305203, 0, 0
233051, 358340422, 0, 0
234012, 363136249, 0, 0
235056, 361602450, 0, 0
236018, 370819583, 0, 0
237039, 352531340, 0, 0
238051, 374583133, 0, 0
239053, 367427902, 0, 0
240044, 356397523, 0, 0
241029, 351685529, 0, 0
242020, 379467022, 0, 0
243024, 361453883, 0, 0
244018, 362209292, 0, 0
245020, 352818675, 0, 0
246026, 378571802, 0, 0
247020, 353644017, 0, 0
248059, 368087357, 0, 0
249052, 349259621, 0, 0
250028, 313134424, 0, 0
251023, 333742523, 0, 0
252047, 321825482, 0, 0
253028, 334218145, 0, 0
254030, 374235437, 0, 0
255005, 393397147, 0, 0
256017, 339685504, 0, 0
257066, 329831537, 0, 0
258001, 403187403, 0, 0
259011, 342506629, 0, 0
260037, 356809338, 0, 0
261043, 327909321, 0, 0
262034, 354520392, 0, 0
263039, 318478726, 0, 0
264002, 305532001, 0, 0
265056, 335430387, 0, 0
266044, 384025288, 0, 0
267060, 320990997, 0, 0
268004, 352137904, 0, 0
269048, 371344756, 0, 0
270020, 321488203, 0, 0
271005, 346349472, 0, 0
272033, 358723912, 0, 0
273019, 332145392, 0, 0
274046, 335594474, 0, 0
275035, 377894300, 0, 0
276042, 343225758, 0, 0
277063, 342624845, 0, 0
278044, 324159169, 0, 0
279051, 337839326, 0, 0
280031, 343896794, 0, 0
281030, 310327552, 0, 0
282023, 347341514, 0, 0
283000, 337941960, 0, 0
284016, 333431896, 0, 0
285036, 331781210, 0, 0
286037, 348031169, 0, 0
287042, 347794825, 0, 0
288054, 325663315, 0, 0
289039, 308256652, 0, 0
290032, 299335851, 0, 0
291043, 324422178, 0, 0
292031, 298345082, 0, 0
293042, 313058397, 0, 0
294010, 313975146, 0, 0
295023, 324628723, 0, 0
296024, 335697521, 0, 0
297010, 315540663, 0, 0
298042, 314031425, 0, 0
299038, 319912238, 0, 0
300040, 331180864, 0, 0
301018, 294443811, 0, 0
302047, 298253411, 0, 0
303029, 301301178, 0, 0
304021, 326544610, 0, 0
305021, 309486834, 0, 0
306060, 340284977, 0, 0
307034, 304157275, 0, 0
308038, 330376008, 0, 0
309046, 330539272, 0, 0
310061, 314727341, 0, 0
311017, 321881039, 0, 0
312004, 310445114, 0, 0
313010, 321938235, 0, 0
314043, 316373987, 0, 0
315051, 272882771, 0, 0
316004, 321986853, 0, 0
317001, 304499970, 0, 0
318028, 313632115, 0, 0
319000, 279710975, 0, 0
320049, 299706426, 0, 0
321023, 279285163, 0, 0
322041, 306823048, 0, 0
323017, 329351485, 0, 0
324039, 334886921, 0, 0
325058, 311905651, 0, 0
326041, 328570820, 0, 0
327020, 313902780, 0, 0
328006, 294799354, 0, 0
329042, 314580090, 0, 0
330017, 307740361, 0, 0
331014, 271780468, 0, 0
332035, 308468781, 0, 0
333027, 287305599, 0, 0
334040, 312331111, 0, 0
335047, 302705928, 0, 0
336019, 294933559, 0, 0
337026, 307652819, 0, 0
338012, 325500145, 0, 0
339040, 304780370, 0, 0
340044, 290726723, 0, 0
341044, 334213131, 0, 0
342050, 312779545, 0, 0
343011, 267126980, 0, 0
344056, 319330552, 0, 0
345055, 297519297, 0, 0
346006, 275366533, 0, 0
347015, 300722377, 0, 0
348027, 342422312, 0, 0
349023, 306303053, 0, 0
350013, 291820825, 0, 0
351016, 323264758, 0, 0
352037, 292453947, 0, 0
353047, 296980133, 0, 0
354057, 317490302, 0, 0
355018, 300882961, 0, 0
356046, 270295653, 0, 0
357032, 294963744, 0, 0
358010, 301783862, 0, 0
359013, 313508279, 0, 0
360015, 295941400, 0, 0
361017, 301592733, 0, 0
362052, 290326176, 0, 0
363005, 331379726, 0, 0
364005, 278821553, 0, 0
365003, 285193596, 0, 0
366016, 276720504, 0, 0
367011, 285237356, 0, 0
368006, 290854897, 0, 0
369052, 231956056, 0, 0
370024, 300308756, 0, 0
371007, 280992175, 0, 0
372024, 322750567, 0, 0
373042, 264041576, 0, 0
374021, 299713662, 0, 0
375047, 270493097, 0, 0
376011, 277297659, 0, 0
377030, 270679361, 0, 0
378031, 293540819, 0, 0
379030, 300227024, 0, 0
380021, 259049123, 0, 0
381015, 266825219, 0, 0
382053, 280496942, 0, 0
383034, 272040635, 0, 0
384036, 268690351, 0, 0
385035, 279810936, 0, 0
386053, 267069429, 0, 0
387003, 265467140, 0, 0
388008, 285793128, 0, 0
389057, 304024897, 0, 0
390014, 270558755, 0, 0
391023, 258102808, 0, 0
392023, 304137342, 0, 0
393030, 300640780, 0, 0
394050, 274178849, 0, 0
395040, 275869998, 0, 0
396026, 287372884, 0, 0
397001, 298152272, 0, 0
398052, 248286397, 0, 0
399024, 250580994, 0, 0
400013, 262688455, 0, 0
401042, 272545789, 0, 0
402007, 263522171, 0, 0
403044, 263960921, 0, 0
404047, 279165960, 0, 0
405000, 246747237, 0, 0
406003, 243227215, 0, 0
407050, 290554817, 0, 0
408002, 275346859, 0, 0
409016, 295201174, 0, 0
410057, 244051151, 0, 0
411040, 263234855, 0, 0
412025, 248222842, 0, 0
413050, 296309630, 0, 0
414036, 237510924, 0, 0
415036, 253140312, 0, 0
416032, 258514119, 0, 0
417048, 290862037, 0, 0
418003, 273971490, 0, 0
419046, 272619278, 0, 0
420048, 262199850, 0, 0
421016, 269522229, 0, 0
422004, 257256303, 0, 0
423037, 240385383, 0, 0
424054, 270990007, 0, 0
425038, 292629649, 0, 0
426013, 256505798, 0, 0
427027, 280540459, 0, 0
428005, 229982227, 0, 0
429027, 235947847, 0, 0
430025, 246402500, 0, 0
431013, 251784754, 0, 0
432020, 265798154, 0, 0
433030, 258625797, 0, 0
434035, 250074871, 0, 0
435019, 227703183, 0, 0
436006, 247552124, 0, 0
437053, 246037449, 0, 0
438063, 236141760, 0, 0
439049, 277567651, 0, 0
440021, 283403263, 0, 0
441046, 231276254, 0, 0
442027, 237016070, 0, 0
443051, 233148040, 0, 0
444004, 249562352, 0, 0
445006, 258159975, 0, 0
446014, 286458384, 0, 0
447048, 237454366, 0, 0
448000, 255470736, 0, 0
449046, 251343824, 0, 0
450011, 239517460, 0, 0
451033, 207869120, 0, 0
452015, 242065909, 0, 0
453009, 256913254, 0, 0
454008, 233647687, 0, 0
455020, 245117933, 0, 0
456008, 236901030, 0, 0
457003, 245364499, 0, 0
458001, 252121663, 0, 0
459000, 258077255, 0, 0
460052, 228613318, 0, 0
461032, 231556961, 0, 0
462032, 221431437, 0, 0
463024, 234271294, 0, 0
464052, 239901538, 0, 0
465025, 272848328, 0, 0
466032, 238331008, 0, 0
467007, 240731805, 0, 0
468042, 240522152, 0, 0
469037, 242337966, 0, 0
470032, 228091775, 0, 0
471001, 228141860, 0, 0
472020, 272092124, 0, 0
473060, 221244859, 0, 0
474022, 230018426, 0, 0
475029, 235397322, 0, 0
476005, 217117112, 0, 0
477034, 218765569, 0, 0
478005, 205874252, 0, 0
479006, 238423219, 0, 0
480048, 258520069, 0, 0
481031, 203398630, 0, 0
482055, 227021521, 0, 0
483003, 244104155, 0, 0
484001, 261147999, 0, 0
485019, 233106467, 0, 0
486031, 223508771, 0, 0
487033, 227228877, 0, 0
488020, 230927858, 0, 0
489009, 245659546, 0, 0
490019, 233500944, 0, 0
491053, 218352605, 0, 0
492045, 209260048, 0, 0
493053, 227351239, 0, 0
494002, 232115403, 0, 0
495056, 226716452, 0, 0
496034, 238330992, 0, 0
497026, 224535030, 0, 0
498026, 214852747, 0, 0
499020, 219284258, 0, 0
500019, 204450351, 0, 0
501001, 210330930, 0, 0
502009, 226042942, 0, 0
503045, 233789556, 0, 0
504028, 198146990, 0, 0
505011, 208297226, 0, 0
506010, 206977723, 0, 0
507029, 216110611, 0, 0
508004, 234125006, 0, 0
509000, 193533114, 0, 0
510026, 224493832, 0, 0
511055, 200918248, 0, 0
512023, 206708452, 0, 0
513008, 208825160, 0, 0
514033, 222427999, 0, 0
515000, 205684065, 0, 0
516043, 216513334, 0, 0
517049, 189222835, 0, 0
518008, 216197121, 0, 0
519053, 202833068, 0, 0
520056, 195432947, 0, 0
521029, 196897186, 0, 0
522000, 222400896, 0, 0
523053, 213287735, 0, 0
524003, 220438128, 0, 0
525021, 251443936, 0, 0
526030, 204364465, 0, 0
527041, 206383781, 0, 0
528049, 222838300, 0, 0
529036, 216601018, 0, 0
530048, 231750302, 0, 0
531003, 200755260, 0, 0
532031, 206193736, 0, 0
533041, 227825630, 0, 0
534022, 218643660, 0, 0
535033, 209845510, 0, 0
536057, 192610596, 0, 0
537054, 201878691, 0, 0
538005, 172013043, 0, 0
539039, 200724899, 0, 0
540009, 187559659, 0, 0
541049, 206740742, 0, 0
542033, 201898402, 0, 0
543027, 218458528, 0, 0
544041, 192714262, 0, 0
545006, 215638355, 0, 0
546029, 199326163, 0, 0
547009, 211357785, 0, 0
548044, 195651985, 0, 0
549051, 212275537, 0, 0
550040, 192490989, 0, 0
551036, 199273888, 0, 0
552010, 183020601, 0, 0
553033, 220866791, 0, 0
554018, 189391356, 0, 0
555028, 196366287, 0, 0
556016, 196617219, 0, 0
557049, 181261062, 0, 0
558019, 237512192, 0, 0
559011, 176706082, 0, 0
560052, 190447703, 0, 0
561036, 175357588, 0, 0
562033, 188653387, 0, 0
563005, 178586179, 0, 0
564056, 192495915, 0, 0
565026, 225733275, 0, 0
566032, 193373225, 0, 0
567029, 174818194, 0, 0
568006, 226719115, 0, 0
569019, 193652194, 0, 0
570025, 202448821, 0, 0
571046, 192559714, 0, 0
572002, 180208751, 0, 0
573050, 184002152, 0, 0
574005, 176744024, 0, 0
575015, 179835273, 0, 0
576002, 177734026, 0, 0
577019, 167245225, 0, 0
578078, 170058594, 0, 0
579007, 167283366, 0, 0
580038, 184912066, 0, 0
581034, 157684752, 0, 0
582111, 182183458, 0, 0
583027, 209296185, 0, 0
584052, 152217503, 0, 0
585029, 170299885, 0, 0
586066, 182066911, 0, 0
587047, 185648462, 0, 0
588022, 193466245, 0, 0
589025, 158803224, 0, 0
590036, 183163631, 0, 0
591011, 173474583, 0, 0
592013, 186146879, 0, 0
593033, 158753025, 0, 0
594056, 169755544, 0, 0
595002, 175974655, 0, 0
596003, 180067235, 0, 0
597019, 175396888, 0, 0
598001, 153357566, 0, 0
599037, 159093727, 0, 0
600008, 163484772, 0, 0
601028, 159075386, 0, 0
602047, 199588483, 0, 0
603023, 181987203, 0, 0
604025, 166828866, 0, 0
605055, 175473811, 0, 0
606063, 163592179, 0, 0
607042, 168017953, 0, 0
608004, 147254874, 0, 0
609008, 179087022, 0, 0
610021, 158604487, 0, 0
611028, 169990864, 0, 0
612021, 156737599, 0, 0
613052, 138726031, 0, 0
614049, 156072307, 0, 0
615049, 149285932, 0, 0
616002, 155886559, 0, 0
617028, 201160160, 0, 0
618013, 192904201, 0, 0
619037, 166842688, 0, 0
620046, 154712087, 0, 0
621029, 159276175, 0, 0
622046, 179636806, 0, 0
623001, 153502209, 0, 0
624038, 150379611, 0, 0
625007, 152064841, 0, 0
626055, 167001498, 0, 0
627060, 149407346, 0, 0
628012, 169365812, 0, 0
629022, 161328487, 0, 0
630032, 169392673, 0, 0
631011, 141064968, 0, 0
632043, 162305792, 0, 0
633021, 170150015, 0, 0
634059, 167722016, 0, 0
635018, 165151939, 0, 0
636011, 149508210, 0, 0
637049, 157983750, 0, 0
638018, 148551831, 0, 0
639014, 152452594, 0, 0
640033, 158854745, 0, 0
641003, 152964145, 0, 0
642009, 170667510, 0, 0
643016, 159175044, 0, 0
644021, 164528672, 0, 0
645004, 165968285, 0, 0
646008, 132643640, 0, 0
647026, 179891524, 0, 0
648005, 151734822, 0, 0
649041, 134204215, 0, 0
650012, 180264289, 0, 0
651018, 165372295, 0, 0
652027, 162265938, 0, 0
653018, 191637209, 0, 0
654010, 145693599, 0, 0
655032, 153808230, 0, 0
656006, 167587216, 0, 0
657044, 138690508, 0, 0
658044, 170460880, 0, 0
659002, 167445695, 0, 0
660063, 149191126, 0, 0
661023, 140411901, 0, 0
662011, 164835545, 0, 0
663045, 152134334, 0, 0
664025, 155533823, 0, 0
665046, 172851616, 0, 0
666021, 154976733, 0, 0
667036, 160777131, 0, 0
668039, 164665357, 0, 0
669006, 166965497, 0, 0
670033, 168633919, 0, 0
671000, 157159171, 0, 0
672062, 151306484, 0, 0
673049, 140880770, 0, 0
674035, 147541860, 0, 0
675007, 156501915, 0, 0
676045, 145703051, 0, 0
677058, 145915033, 0, 0
678012, 170503537, 0, 0
679026, 147875748, 0, 0
680021, 165614019, 0, 0
681049, 145235170, 0, 0
682033, 162489097, 0, 0
683033, 169637727, 0, 0
684035, 152669148, 0, 0
685060, 145136643, 0, 0
686004, 175824959, 0, 0
687002, 165123875, 0, 0
688065, 170701410, 0, 0
689003, 167725628, 0, 0
690001, 171059277, 0, 0
691051, 160845745, 0, 0
692007, 184169964, 0, 0
693005, 156155222, 0, 0
694011, 174699125, 0, 0
695004, 129948076, 0, 0
696055, 186338607, 0, 0
697024, 138303595, 0, 0
698011, 147300155, 0, 0
699039, 158271627, 0, 0
700044, 177961036, 0, 0
701007, 158446635, 0, 0
702015, 156099315, 0, 0
703009, 165849295, 0, 0
704021, 175561468, 0, 0
705008, 145490688, 0, 0
706046, 188162753, 0, 0
707042, 156300103, 0, 0
708026, 160007501, 0, 0
709056, 161965621, 0, 0
710027, 173167953, 0, 0
711011, 153203066, 0, 0
712031, 171815128, 0, 0
713045, 169397170, 0, 0
714025, 166773850, 0, 0
715023, 158184486, 0, 0
716012, 156780022, 0, 0
717034, 168384968, 0, 0
718051, 149906129, 0, 0
719003, 164636354, 0, 0
720032, 158197733, 0, 0
721052, 167020735, 0, 0
722008, 152655038, 0, 0
723015, 176286246, 0, 0
724034, 151972455, 0, 0
725027, 150936321, 0, 0
726021, 166042847, 0, 0
727087, 176577244, 0, 0
728051, 184474613, 0, 0
729018, 161976008, 0, 0
730000, 166144134, 0, 0
731035, 136790916, 0, 0
732020, 158140566, 0, 0
733049, 160991029, 0, 0
734019, 151626971, 0, 0
735024, 161078598, 0, 0
736003, 178538509, 0, 0
737011, 174213986, 0, 0
738050, 159158449, 0, 0
739031, 166489375, 0, 0
740041, 152807883, 0, 0
741025, 147280846, 0, 0
742000, 164052630, 0, 0
743039, 153786918, 0, 0
744005, 156093602, 0, 0
745033, 155226477, 0, 0
746031, 163498968, 0, 0
747043, 161648795, 0, 0
748020, 161738592, 0, 0
749017, 155119421, 0, 0
750026, 182983436, 0, 0
751029, 162129505, 0, 0
752022, 161559147, 0, 0
753008, 159779491, 0, 0
754017, 165532687, 0, 0
755001, 140470113, 0, 0
756026, 168865680, 0, 0
757000, 162468456, 0, 0
758057, 146254137, 0, 0
759027, 150604993, 0, 0
760012, 172651678, 0, 0
761002, 160765165, 0, 0
762030, 173458066, 0, 0
763018, 163480677, 0, 0
764000, 163581597, 0, 0
765033, 148610799, 0, 0
766060, 176865066, 0, 0
767008, 167114122, 0, 0
768052, 160235610, 0, 0
769049, 158759850, 0, 0
770068, 152882756, 0, 0
771042, 158897824, 0, 0
772037, 167150086, 0, 0
773008, 167764844, 0, 0
774039, 162393437, 0, 0
775053, 169473344, 0, 0
776057, 192820534, 0, 0
777044, 181757671, 0, 0
778012, 168396819, 0, 0
779037, 173299835, 0, 0
780030, 183894338, 0, 0
781039, 167221956, 0, 0
782016, 164009098, 0, 0
783031, 178264668, 0, 0
784001, 170445689, 0, 0
785007, 183668226, 0, 0
786002, 183357133, 0, 0
787010, 159488139, 0, 0
788028, 159906259, 0, 0
789012, 188482383, 0, 0
790037, 156204677, 0, 0
791017, 178416126, 0, 0
792040, 156146539, 0, 0
793042, 177215550, 0, 0
794039, 159945721, 0, 0
795018, 173932889, 0, 0
796010, 147010871, 0, 0
797014, 149802510, 0, 0
798009, 170123033, 0, 0
799005, 151532568, 0, 0
800037, 186339901, 0, 0
801004, 186338634, 0, 0
802035, 182622631, 0, 0
803005, 205940237, 0, 0
804016, 170502990, 0, 0
805022, 165741523, 0, 0
806053, 188778142, 0, 0
807045, 132537097, 0, 0
808013, 225173108, 0, 0
809041, 164076342, 0, 0
810036, 178209588, 0, 0
811028, 179872966, 0, 0
812033, 192201664, 0, 0
813030, 185426776, 0, 0
814026, 208574981, 0, 0
815014, 173471472, 0, 0
816011, 175634261, 0, 0
817042, 195862020, 0, 0
818032, 179479380, 0, 0
819027, 183694969, 0, 0
820051, 183934842, 0, 0
821041, 172377647, 0, 0
822037, 174201161, 0, 0
823017, 184560939, 0, 0
824012, 208256280, 0, 0
825002, 172364018, 0, 0
826017, 185234434, 0, 0
827045, 185600199, 0, 0
828000, 159644093, 0, 0
829021, 199040553, 0, 0
830044, 183843906, 0, 0
831036, 193525994, 0, 0
832040, 162639444, 0, 0
833027, 187144276, 0, 0
834046, 221174207, 0, 0
835012, 186838712, 0, 0
836021, 197103200, 0, 0
837025, 184666963, 0, 0
838047, 174189587, 0, 0
839044, 169390399, 0, 0
840046, 172621462, 0, 0
841060, 178537741, 0, 0
842023, 179414922, 0, 0
843027, 167049838, 0, 0
844005, 215305657, 0, 0
845003, 208451729, 0, 0
846008, 189623447, 0, 0
847027, 191529852, 0, 0
848016, 192317351, 0, 0
849054, 234448439, 0, 0
850012, 185950219, 0, 0
851006, 174671881, 0, 0
852032, 209571256, 0, 0
853010, 213211234, 0, 0
854015, 198962110, 0, 0
855052, 174401956, 0, 0
856038, 189145032, 0, 0
857022, 175152331, 0, 0
858024, 185751143, 0, 0
859058, 217082957, 0, 0
860056, 188371032, 0, 0
861042, 211162036, 0, 0
862041, 221721259, 0, 0
863044, 197816170, 0, 0
864003, 188435782, 0, 0
865039, 185637774, 0, 0
866054, 189638890, 0, 0
867021, 184205767, 0, 0
868026, 211586890, 0, 0
869009, 197018820, 0, 0
870004, 172281133, 0, 0
871053, 199117809, 0, 0
872032, 204935478, 0, 0
873025, 195471202, 0, 0
874032, 227241898, 0, 0
875027, 186472949, 0, 0
876004, 189908587, 0, 0
877051, 199633610, 0, 0
878022, 215929810, 0, 0
879009, 219527953, 0, 0
880018, 215203106, 0, 0
881031, 205253887, 0, 0
882055, 223403451, 0, 0
883022, 181738435, 0, 0
884044, 203809977, 0, 0
885029, 201624548, 0, 0
886042, 199945665, 0, 0
887020, 215517731, 0, 0
888045, 195827248, 0, 0
889035, 215800801, 0, 0
890030, 227248242, 0, 0
891046, 209594030, 0, 0
892002, 205976060, 0, 0
893056, 198896793, 0, 0
894047, 202109558, 0, 0
895054, 219857385, 0, 0
896000, 228717591, 0, 0
897034, 189329928, 0, 0
898013, 202993590, 0, 0
899037, 209836298, 0, 0
900010, 219168074, 0, 0
901022, 213389601, 0, 0
902011, 218229366, 0, 0
903015, 212194652, 0, 0
904032, 248816131, 0, 0
905008, 206546860, 0, 0
906012, 212501777, 0, 0
907000, 224058164, 0, 0
908046, 202120968, 0, 0
909045, 223144217, 0, 0
910034, 242034173, 0, 0
911019, 232169695, 0, 0
912038, 220736982, 0, 0
913022, 219075898, 0, 0
914021, 225937330, 0, 0
915005, 223828621, 0, 0
916001, 217473304, 0, 0
917055, 209550027, 0, 0
918008, 201594802, 0, 0
919008, 231385247, 0, 0
920011, 221196308, 0, 0
921022, 226023518, 0, 0
922013, 228245444, 0, 0
923033, 256785313, 0, 0
924051, 227880892, 0, 0
925010, 229071307, 0, 0
926054, 228518549, 0, 0
927015, 226856462, 0, 0
928005, 232535918, 0, 0
929054, 234705360, 0, 0
930006, 241791884, 0, 0
931046, 228679374, 0, 0
932009, 234028035, 0, 0
933014, 255532192, 0, 0
934045, 258528895, 0, 0
935049, 245303288, 0, 0
936050, 274402542, 0, 0
937007, 227957439, 0, 0
938012, 232378327, 0, 0
939034, 239855228, 0, 0
940068, 222311118, 0, 0
941047, 265289724, 0, 0
942056, 264433383, 0, 0
943007, 251166256, 0, 0
944053, 229677384, 0, 0
945011, 253031870, 0, 0
946009, 251964301, 0, 0
947036, 252523160, 0, 0
948004, 232670595, 0, 0
949058, 233287774, 0, 0
950015, 263576590, 0, 0
951026, 261167420, 0, 0
952047, 253813939, 0, 0
953039, 261493027, 0, 0
954053, 252797749, 0, 0
955052, 239971713, 0, 0
956012, 263685733, 0, 0
957047, 262874690, 0, 0
958005, 278798627, 0, 0
959047, 253208059, 0, 0
960036, 232799500, 0, 0
961003, 262377909, 0, 0
962027, 246073887, 0, 0
963017, 271432235, 0, 0
964047, 240559549, 0, 0
965015, 269738837, 0, 0
966053, 283615721, 0, 0
967005, 243700235, 0, 0
968035, 250554381, 0, 0
969047, 265834005, 0, 0
970030, 291834388, 0, 0
971026, 270289897, 0, 0
972013, 270040098, 0, 0
973057, 295351368, 0, 0
974047, 274775694, 0, 0
975006, 265168661, 0, 0
976029, 267293645, 0, 0
977052, 283480967, 0, 0
978054, 301944951, 0, 0
979023, 266030815, 0, 0
980017, 268128405, 0, 0
981024, 242973056, 0, 0
982038, 269747032, 0, 0
983005, 265017884, 0, 0
984048, 270125477, 0, 0
985000, 296003831, 0, 0
986005, 260987705, 0, 0
987013, 280185650, 0, 0
988039, 275117256, 0, 0
989050, 301229776, 0, 0
990052, 307819145, 0, 0
991054, 310447378, 0, 0
992016, 286313416, 0, 0
993032, 305742606, 0, 0
994037, 303905529, 0, 0
995056, 281116788, 0, 0
996046, 287417775, 0, 0
997017, 270131300, 0, 0
998034, 266624482, 0, 0
999045, 279018535, 0, 0
1000031, 291874304, 0, 0
1001038, 300249616, 0, 0
1002033, 269352459, 0, 0
1003028, 307913484, 0, 0
1004021, 279449633, 0, 0
1005046, 310888740, 0, 0
1006049, 325849899, 0, 0
1007035, 292440894, 0, 0
1008041, 309027024, 0, 0
1009021, 315100879, 0, 0
1010035, 324283929, 0, 0
1011050, 320634152, 0, 0
1012010, 303263520, 0, 0
1013043, 333594195, 0, 0
1014037, 335086355, 0, 0
1015044, 338665211, 0, 0
1016010, 296030745, 0, 0
1017055, 297007523, 0, 0
1018054, 327512980, 0, 0
1019055, 310234827, 0, 0
1020009, 338833429, 0, 0
1021054, 327188571, 0, 0
1022007, 310790061, 0, 0
1023020, 323334112, 0, 0
1024035, 339158740, 0, 0
1025011, 313848590, 0, 0
1026052, 343187737, 0, 0
1027051, 346475310, 0, 0
1028028, 366621708, 0, 0
1029001, 335192734, 0, 0
1030037, 335912683, 0, 0
1031001, 351057770, 0, 0
1032041, 354761934, 0, 0
1033021, 351250355, 0, 0
1034002, 311027382, 0, 0
1035046, 316840639, 0, 0
1036017, 310087773, 0, 0
1037039, 338313247, 0, 0
1038022, 352152750, 0, 0
1039020, 360991809, 0, 0
1040063, 359702440, 0, 0
1041016, 343661587, 0, 0
1042034, 337628092, 0, 0
1043013, 367394452, 0, 0
1044048, 347816346, 0, 0
1045028, 362957659, 0, 0
1046048, 344816500, 0, 0
1047046, 358387238, 0, 0
1048021, 332042406, 0, 0
1049021, 366053652, 0, 0
1050036, 353361064, 0, 0
1051009, 347803643, 0, 0
1052013, 329158799, 0, 0
1053027, 355006951, 0, 0
1054024, 327631615, 0, 0
1055012, 354637924, 0, 0
1056043, 365367130, 0, 0
1057045, 357039429, 0, 0
1058023, 361173304, 0, 0
1059042, 400652322, 0, 0
1060029, 358607225, 0, 0
1061053, 385917066, 0, 0
1062042, 384343289, 0, 0
1063027, 392946098, 0, 0
1064037, 364224015, 0, 0
1065030, 393087396, 0, 0
1066008, 370229119, 0, 0
1067007, 384217246, 0, 0
1068002, 379142455, 0, 0
1069058, 393155845, 0, 0
1070032, 398289535, 0, 0
1071045, 388797563, 0, 0
1072050, 375336902, 0, 0
1073048, 354032662, 0, 0
1074033, 370185449, 0, 0
1075007, 384535641, 0, 0
1076001, 384465011, 0, 0
1077036, 402782167, 0, 0
1078026, 367073375, 0, 0
1079064, 390646102, 0, 0
1080044, 412226714, 0, 0
1081026, 399380713, 0, 0
1082008, 379167284, 0, 0
1083062, 395031432, 0, 0
1084039, 392249368, 0, 0
1085027, 375571603, 0, 0
1086018, 390354365, 0, 0
1087061, 433364693, 0, 0
1088021, 395888293, 0, 0
1089015, 412142359, 0, 0
1090012, 364765732, 0, 0
1091026, 410160364, 0, 0
1092018, 422363609, 0, 0
1093010, 402024112, 0, 0
1094027, 429223068, 0, 0
1095000, 411282323, 0, 0
1096007, 426176807, 0, 0
1097004, 420750894, 0, 0
1098022, 434849740, 0, 0
1099009, 417820148, 0, 0
1100007, 395015254, 0, 0
1101038, 375009647, 0, 0
1102027, 415985179, 0, 0
1103009, 397653695, 0, 0
1104015, 411506939, 0, 0
1105005, 406187699, 0, 0
1106024, 421078435, 0, 0
1107001, 451836079, 0, 0
1108001, 423763225, 0, 0
1109020, 436798583, 0, 0
1110041, 418270205, 0, 0
1111035, 419267934, 0, 0
1112005, 414460480, 0, 0
1113046, 401881554, 0, 0
1114026, 414702812, 0, 0
1115016, 442134145, 0, 0
1116052, 419238525, 0, 0
1117041, 427922384, 0, 0
1118030, 411512622, 0, 0
1119036, 399361706, 0, 0
1120047, 429770461, 0, 0
1121015, 432453982, 0, 0
1122023, 429598181, 0, 0
1123041, 416810940, 0, 0
1124042, 404998060, 0, 0
1125001, 461997605, 0, 0
1126002, 438222828, 0, 0
1127044, 430079890, 0, 0
1128063, 453541597, 0, 0
1129006, 435485231, 0, 0
1130026, 417971912, 0, 0
1131039, 426829283, 0, 0
1132009, 448909592, 0, 0
1133035, 435882575, 0, 0
1134044, 444758119, 0, 0
1135039, 436346861, 0, 0
1136013, 418953288, 0, 0
1137024, 448483169, 0, 0
1138052, 457580349, 0, 0
1139003, 436608181, 0, 0
1140006, 449481717, 0, 0
1141008, 451909487, 0, 0
1142006, 454030115, 0, 0
1143014, 457401205, 0, 0
1144039, 473036027, 0, 0
1145024, 445576244, 0, 0
1146018, 482778665, 0, 0
1147042, 428147794, 0, 0
1148054, 465907228, 0, 0
1149013, 478361499, 0, 0
1150015, 458622721, 0, 0
1151046, 450288230, 0, 0
1152005, 463197808, 0, 0
1153015, 458867597, 0, 0
1154037, 475882185, 0, 0
1155001, 481891535, 0, 0
1156053, 466434205, 0, 0
1157032, 454279261, 0, 0
1158029, 459484913, 0, 0
1159004, 453843047, 0, 0
1160007, 471820659, 0, 0
1161045, 461241646, 0, 0
1162038, 482041148, 0, 0
1163043, 463522688, 0, 0
1164052, 469366611, 0, 0
1165003, 480200734, 0, 0
1166025, 469062583, 0, 0
1167032, 462483696, 0, 0
1168042, 462968734, 0, 0
1169049, 477679120, 0, 0
1170035, 460931775, 0, 0
1171001, 475853678, 0, 0
1172004, 486534191, 0, 0
1173032, 463708056, 0, 0
1174052, 446960130, 0, 0
1175039, 464099019, 0, 0
1176059, 468051442, 0, 0
1177004, 471123084, 0, 0
1178045, 481050386, 0, 0
1179045, 475192260, 0, 0
1180040, 473987761, 0, 0
1181005, 480525163, 0, 0
1182010, 475249726, 0, 0
1183028, 497968330, 0, 0
1184005, 528216916, 0, 0
1185010, 467471636, 0, 0
1186024, 474697688, 0, 0
1187030, 471673376, 0, 0
1188031, 469558725, 0, 0
1189015, 453879298, 0, 0
1190029, 476148544, 0, 0
1191030, 462318459, 0, 0
1192005, 463804302, 0, 0
1193033, 458577570, 0, 0
1194015, 456543670, 0, 0
1195024, 475826645, 0, 0
1196006, 456248236, 0, 0
1197006, 465115375, 0, 0
1198019, 465059457, 0, 0
1199001, 413446290, 0, 0
1200035, 418960207, 0, 0
1200145, 400825849, 0, 0
