1002, 6903479, 0, 0
2004, 7360058, 0, 0
3000, 7317806, 0, 0
4014, 7448920, 0, 0
5040, 7121103, 0, 0
6003, 7461754, 0, 0
7088, 7476189, 0, 0
8015, 7724049, 0, 0
9007, 7233581, 0, 0
10054, 7116067, 0, 0
11002, 7341029, 0, 0
12010, 7353210, 0, 0
13039, 7337948, 0, 0
14035, 7268244, 0, 0
15009, 7663016, 0, 0
16007, 7275081, 0, 0
17092, 7372989, 0, 0
18034, 7359389, 0, 0
19020, 6932902, 0, 0
20035, 7295736, 0, 0
21057, 7040807, 0, 0
22021, 7296064, 0, 0
23008, 7097840, 0, 0
24027, 7374587, 0, 0
25008, 7425096, 0, 0
26043, 7039613, 0, 0
27011, 7379581, 0, 0
28011, 7630943, 0, 0
29031, 7225032, 0, 0
30041, 7209555, 0, 0
31059, 7159407, 0, 0
32029, 6927857, 0, 0
33022, 6935986, 0, 0
34022, 7186721, 0, 0
35010, 7001235, 0, 0
36053, 6945639, 0, 0
37029, 7015460, 0, 0
38056, 6982504, 0, 0
39015, 7201705, 0, 0
40010, 6951524, 0, 0
41007, 6552263, 0, 0
42045, 7056331, 0, 0
43018, 7095429, 0, 0
44002, 7341573, 0, 0
45051, 6803754, 0, 0
46066, 7514857, 0, 0
47026, 7152484, 0, 0
48046, 7179548, 0, 0
49024, 7349278, 0, 0
50014, 6863564, 0, 0
51049, 6850659, 0, 0
52009, 7104731, 0, 0
53035, 6698622, 0, 0
54033, 7020083, 0, 0
55044, 7062106, 0, 0
56048, 7064217, 0, 0
57046, 6878980, 0, 0
58022, 7277375, 0, 0
59036, 7037348, 0, 0
60047, 7060217, 0, 0
61038, 7122468, 0, 0
62002, 6984496, 0, 0
63008, 6740878, 0, 0
64056, 6845550, 0, 0
65024, 6812967, 0, 0
66015, 6642619, 0, 0
67016, 6897298, 0, 0
68048, 7107396, 0, 0
69045, 6922591, 0, 0
70030, 6694395, 0, 0
71051, 6984857, 0, 0
72003, 6650572, 0, 0
73031, 7083837, 0, 0
74029, 6690192, 0, 0
75011, 6764822, 0, 0
76008, 6822108, 0, 0
77005, 6970341, 0, 0
78012, 7080521, 0, 0
79005, 6797516, 0, 0
80057, 6782251, 0, 0
81005, 6575698, 0, 0
82050, 6915562, 0, 0
83049, 6885019, 0, 0
84040, 6553690, 0, 0
85043, 6546496, 0, 0
86046, 6550027, 0, 0
87041, 6543433, 0, 0
88028, 7089391, 0, 0
89010, 7062872, 0, 0
90008, 7072925, 0, 0
91049, 6261227, 0, 0
92007, 7093023, 0, 0
93004, 6817992, 0, 0
94035, 6398880, 0, 0
95032, 6689079, 0, 0
96045, 6696097, 0, 0
97045, 6942405, 0, 0
98000, 7229161, 0, 0
99015, 6255328, 0, 0
100058, 6684358, 0, 0
101046, 6363019, 0, 0
102000, 6861524, 0, 0
103062, 6796919, 0, 0
104045, 6505196, 0, 0
105047, 6674936, 0, 0
106046, 6566366, 0, 0
107031, 6835821, 0, 0
108023, 6308076, 0, 0
109050, 6753033, 0, 0
110039, 6458875, 0, 0
111014, 5941439, 0, 0
112014, 6358657, 0, 0
113006, 6699188, 0, 0
114049, 6272983, 0, 0
115024, 6408396, 0, 0
116001, 6736504, 0, 0
117031, 6309572, 0, 0
118048, 6310812, 0, 0
119033, 6188599, 0, 0
120044, 6046733, 0, 0
121053, 6037035, 0, 0
122041, 6210519, 0, 0
123004, 6366261, 0, 0
124048, 6286066, 0, 0
125032, 6641587, 0, 0
126022, 6383682, 0, 0
127043, 6410714, 0, 0
128030, 6165262, 0, 0
129023, 6527416, 0, 0
130020, 6226072, 0, 0
131003, 6457270, 0, 0
132001, 6875320, 0, 0
133012, 6965457, 0, 0
134049, 6171282, 0, 0
135024, 6323016, 0, 0
136008, 6103355, 0, 0
137048, 6338532, 0, 0
138021, 6074785, 0, 0
139011, 6177089, 0, 0
140048, 6093797, 0, 0
141000, 6101491, 0, 0
142050, 6510889, 0, 0
143052, 5855981, 0, 0
144038, 5830672, 0, 0
145024, 6038071, 0, 0
146053, 5743324, 0, 0
147049, 6144044, 0, 0
148010, 5884803, 0, 0
149035, 6171127, 0, 0
150002, 6112243, 0, 0
151034, 5694088, 0, 0
152037, 6147534, 0, 0
153052, 6502989, 0, 0
154031, 5781281, 0, 0
155037, 5744782, 0, 0
156033, 5753792, 0, 0
157055, 6501166, 0, 0
158001, 6565907, 0, 0
159055, 6086156, 0, 0
160014, 6217906, 0, 0
161008, 6578948, 0, 0
162052, 6167389, 0, 0
163047, 6253564, 0, 0
164041, 6447964, 0, 0
165043, 6377526, 0, 0
166050, 6283736, 0, 0
167057, 5990635, 0, 0
168016, 6338624, 0, 0
169040, 5718471, 0, 0
170009, 5897868, 0, 0
171026, 6470806, 0, 0
172061, 6348815, 0, 0
173013, 5762112, 0, 0
174046, 5926289, 0, 0
175020, 6202789, 0, 0
176044, 5946743, 0, 0
177033, 5742472, 0, 0
178003, 6252207, 0, 0
179002, 6275863, 0, 0
180058, 5408554, 0, 0
181033, 5798955, 0, 0
182003, 5564542, 0, 0
183006, 5796581, 0, 0
184039, 6138939, 0, 0
185019, 5724793, 0, 0
186037, 6357988, 0, 0
187030, 5869100, 0, 0
188040, 5833502, 0, 0
189042, 5622353, 0, 0
190004, 5858310, 0, 0
191051, 5975162, 0, 0
192028, 6140363, 0, 0
193041, 5618573, 0, 0
194004, 5907022, 0, 0
195052, 5687341, 0, 0
196018, 6307787, 0, 0
197048, 6162974, 0, 0
198034, 5896581, 0, 0
199042, 5853613, 0, 0
200030, 5947226, 0, 0
201031, 5913535, 0, 0
202003, 5392276, 0, 0
203008, 5610822, 0, 0
204003, 6333371, 0, 0
205006, 6106394, 0, 0
206017, 5906472, 0, 0
207053, 5447724, 0, 0
208030, 5361422, 0, 0
209039, 5696441, 0, 0
210048, 5859729, 0, 0
211051, 5960330, 0, 0
212049, 5730489, 0, 0
213055, 5911148, 0, 0
214017, 5894323, 0, 0
215001, 5716955, 0, 0
216002, 5648585, 0, 0
217018, 5669221, 0, 0
218050, 5509835, 0, 0
219056, 5980807, 0, 0
220000, 5617262, 0, 0
221048, 5392365, 0, 0
222027, 5556467, 0, 0
223038, 5742113, 0, 0
224041, 5440891, 0, 0
225031, 5291750, 0, 0
226045, 5854161, 0, 0
227021, 6018285, 0, 0
228016, 5230279, 0, 0
229015, 5195926, 0, 0
230034, 5818119, 0, 0
231012, 5085846, 0, 0
232007, 5149747, 0, 0
233012, 5201652, 0, 0
234035, 5579655, 0, 0
235046, 5210175, 0, 0
236043, 5624652, 0, 0
237053, 5931360, 0, 0
238052, 5542267, 0, 0
239021, 5095636, 0, 0
240013, 5631193, 0, 0
241000, 5300100, 0, 0
242045, 5298131, 0, 0
243056, 5455563, 0, 0
244051, 5070717, 0, 0
245038, 4904945, 0, 0
246005, 5307669, 0, 0
247038, 5604911, 0, 0
248040, 5719511, 0, 0
249027, 5666755, 0, 0
250042, 4649038, 0, 0
251040, 5274446, 0, 0
252053, 5270527, 0, 0
253056, 5360111, 0, 0
254046, 5403468, 0, 0
255014, 5198408, 0, 0
256002, 5450452, 0, 0
257009, 5649691, 0, 0
258047, 5372552, 0, 0
259015, 5345098, 0, 0
260049, 4871193, 0, 0
261044, 5399477, 0, 0
262012, 4760830, 0, 0
263006, 5368661, 0, 0
264010, 6308715, 0, 0
265027, 5080656, 0, 0
266038, 5045925, 0, 0
267030, 5268616, 0, 0
268012, 5248614, 0, 0
269013, 5464522, 0, 0
270008, 5094248, 0, 0
271022, 4965931, 0, 0
272030, 5215552, 0, 0
273024, 5251260, 0, 0
274027, 5330785, 0, 0
275052, 5302308, 0, 0
276043, 5502644, 0, 0
277006, 5171635, 0, 0
278052, 5196143, 0, 0
279052, 5096771, 0, 0
280016, 4625784, 0, 0
281030, 5221757, 0, 0
282001, 5131356, 0, 0
283016, 5175092, 0, 0
284011, 4941749, 0, 0
285011, 5174139, 0, 0
286000, 5171160, 0, 0
287016, 5205927, 0, 0
288008, 5185869, 0, 0
289044, 5199673, 0, 0
290048, 5091151, 0, 0
291055, 4612789, 0, 0
292016, 5190674, 0, 0
293031, 5450862, 0, 0
294000, 4673286, 0, 0
295057, 4886117, 0, 0
296008, 4896580, 0, 0
297048, 4765786, 0, 0
298031, 5366714, 0, 0
299005, 4811354, 0, 0
300000, 4756055, 0, 0
301000, 4870788, 0, 0
302005, 5125403, 0, 0
303021, 4972073, 0, 0
304041, 4568422, 0, 0
305013, 4373384, 0, 0
306011, 5192128, 0, 0
307051, 4591918, 0, 0
308003, 4954396, 0, 0
309052, 4827875, 0, 0
310037, 4895285, 0, 0
311021, 4655136, 0, 0
312005, 4450323, 0, 0
313053, 4933641, 0, 0
314000, 4705151, 0, 0
315023, 5012629, 0, 0
316049, 5537897, 0, 0
317008, 4695892, 0, 0
318008, 4733569, 0, 0
319045, 4422641, 0, 0
320009, 5068330, 0, 0
321021, 5052342, 0, 0
322009, 4793483, 0, 0
323021, 5025350, 0, 0
324021, 4920407, 0, 0
325023, 5294453, 0, 0
326026, 4637678, 0, 0
327002, 5076798, 0, 0
328046, 4657626, 0, 0
329016, 4725105, 0, 0
330012, 4581239, 0, 0
331033, 4742283, 0, 0
332048, 4762101, 0, 0
333021, 4297350, 0, 0
334009, 4589197, 0, 0
335051, 4504100, 0, 0
336018, 4642119, 0, 0
337036, 4478150, 0, 0
338043, 4550542, 0, 0
339023, 4845782, 0, 0
340000, 4518414, 0, 0
341040, 4497237, 0, 0
342012, 4390949, 0, 0
343047, 4510523, 0, 0
344025, 4213343, 0, 0
345040, 4522379, 0, 0
346017, 4278071, 0, 0
347029, 4597002, 0, 0
348007, 4084641, 0, 0
349048, 4930145, 0, 0
350036, 4675083, 0, 0
351013, 4536255, 0, 0
352043, 4854529, 0, 0
353029, 4686445, 0, 0
354029, 4778198, 0, 0
355037, 4496296, 0, 0
356008, 5103366, 0, 0
357053, 4309930, 0, 0
358044, 4713426, 0, 0
359049, 4441542, 0, 0
360040, 4690641, 0, 0
361031, 4375772, 0, 0
362043, 4793463, 0, 0
363024, 4392720, 0, 0
364025, 4541344, 0, 0
365055, 4150755, 0, 0
366040, 4594159, 0, 0
367043, 4414109, 0, 0
368044, 4364076, 0, 0
369054, 4584400, 0, 0
370029, 4037798, 0, 0
371042, 5110002, 0, 0
372009, 4735891, 0, 0
373024, 4463630, 0, 0
374054, 4455898, 0, 0
375027, 4014586, 0, 0
376044, 4615916, 0, 0
377056, 4655183, 0, 0
378034, 4440108, 0, 0
379018, 4887036, 0, 0
380042, 4894323, 0, 0
381027, 4351466, 0, 0
382049, 4536362, 0, 0
383007, 4272683, 0, 0
384054, 4374414, 0, 0
385021, 4532218, 0, 0
386021, 4267938, 0, 0
387038, 4474557, 0, 0
388038, 3826999, 0, 0
389039, 4365038, 0, 0
390006, 4514190, 0, 0
391046, 4435121, 0, 0
392023, 4395083, 0, 0
393006, 4215696, 0, 0
394036, 4783661, 0, 0
395048, 4122238, 0, 0
396022, 3970983, 0, 0
397038, 4041344, 0, 0
398031, 3770016, 0, 0
399025, 4275064, 0, 0
400046, 4302545, 0, 0
401022, 4028460, 0, 0
402037, 4463826, 0, 0
403044, 5555753, 0, 0
404005, 4100432, 0, 0
405040, 4596569, 0, 0
406008, 4332262, 0, 0
407014, 3908568, 0, 0
408021, 4023704, 0, 0
409012, 3690259, 0, 0
410003, 4039839, 0, 0
411049, 3909978, 0, 0
412024, 3958291, 0, 0
413035, 4071498, 0, 0
414028, 3995713, 0, 0
415039, 3897300, 0, 0
416043, 3884582, 0, 0
417051, 4211429, 0, 0
418025, 4266394, 0, 0
419051, 4068275, 0, 0
420042, 4072369, 0, 0
421026, 4216438, 0, 0
422054, 4460571, 0, 0
423005, 4043386, 0, 0
424056, 3734624, 0, 0
425019, 4089437, 0, 0
426009, 4190064, 0, 0
427047, 3881124, 0, 0
428012, 3747648, 0, 0
429043, 4005358, 0, 0
430016, 3750109, 0, 0
431013, 3906440, 0, 0
432058, 4089597, 0, 0
433007, 4428185, 0, 0
434047, 4347009, 0, 0
435047, 4520219, 0, 0
436000, 3670324, 0, 0
437057, 3883167, 0, 0
438034, 4027230, 0, 0
439022, 3642727, 0, 0
440031, 3871357, 0, 0
441030, 3588335, 0, 0
442023, 3619588, 0, 0
443014, 3955690, 0, 0
444015, 4565823, 0, 0
445021, 3525309, 0, 0
446014, 3825075, 0, 0
447016, 3923977, 0, 0
448037, 3641933, 0, 0
449013, 3896204, 0, 0
450037, 3744506, 0, 0
451025, 4063232, 0, 0
452040, 3824033, 0, 0
453044, 3443440, 0, 0
454005, 3981222, 0, 0
455005, 3240081, 0, 0
456051, 3718334, 0, 0
457063, 3672203, 0, 0
458000, 3504285, 0, 0
459010, 3315024, 0, 0
460028, 4150893, 0, 0
461000, 3577802, 0, 0
462051, 4007425, 0, 0
463049, 3332286, 0, 0
464007, 3567138, 0, 0
465030, 3727865, 0, 0
466033, 3416793, 0, 0
467022, 3918322, 0, 0
468032, 3820241, 0, 0
469038, 3624298, 0, 0
470032, 3816627, 0, 0
471007, 3882204, 0, 0
472006, 3624589, 0, 0
473005, 3883014, 0, 0
474053, 3901915, 0, 0
475054, 3245523, 0, 0
476005, 3542880, 0, 0
477020, 3565702, 0, 0
478036, 3649634, 0, 0
479041, 3424731, 0, 0
480054, 3874313, 0, 0
481038, 3559878, 0, 0
482052, 3862890, 0, 0
483047, 3610788, 0, 0
484021, 4001793, 0, 0
485028, 3454045, 0, 0
486029, 3321723, 0, 0
487026, 3042709, 0, 0
488015, 3525458, 0, 0
489028, 3337969, 0, 0
490034, 3391883, 0, 0
491037, 4192675, 0, 0
492042, 3606320, 0, 0
493045, 3884417, 0, 0
494033, 3483204, 0, 0
495030, 3444346, 0, 0
496014, 3678571, 0, 0
497052, 3341743, 0, 0
498039, 3651595, 0, 0
499053, 3338505, 0, 0
500039, 3443207, 0, 0
501019, 3520366, 0, 0
502021, 3596088, 0, 0
503013, 3152651, 0, 0
504045, 3313973, 0, 0
505045, 3015127, 0, 0
506034, 3587866, 0, 0
507036, 3239009, 0, 0
508046, 3498636, 0, 0
509028, 3292087, 0, 0
510044, 3945046, 0, 0
511047, 3156848, 0, 0
512050, 3592328, 0, 0
513022, 2902751, 0, 0
514053, 2981090, 0, 0
515017, 3018283, 0, 0
516011, 3351493, 0, 0
517041, 3086165, 0, 0
518039, 3019906, 0, 0
519048, 3003823, 0, 0
520043, 3083875, 0, 0
521047, 3046631, 0, 0
522007, 3247923, 0, 0
523050, 3338267, 0, 0
524003, 3383491, 0, 0
525050, 3519823, 0, 0
526029, 2737957, 0, 0
527042, 3210119, 0, 0
528028, 3063554, 0, 0
529040, 3609685, 0, 0
530035, 3161966, 0, 0
531049, 3002711, 0, 0
532032, 3384610, 0, 0
533010, 3011092, 0, 0
534041, 3491756, 0, 0
535016, 3253833, 0, 0
536051, 3236689, 0, 0
537050, 3258932, 0, 0
538002, 3420718, 0, 0
539029, 2769902, 0, 0
540010, 3097692, 0, 0
541045, 3121100, 0, 0
542020, 2965569, 0, 0
543057, 2783283, 0, 0
544008, 2463854, 0, 0
545002, 3097884, 0, 0
546036, 3299637, 0, 0
547029, 2854338, 0, 0
548004, 2852772, 0, 0
549052, 2997732, 0, 0
550012, 2966120, 0, 0
551020, 2833252, 0, 0
552054, 3037107, 0, 0
553047, 3314366, 0, 0
554033, 3186486, 0, 0
555056, 3001162, 0, 0
556006, 2963734, 0, 0
557031, 2824384, 0, 0
558006, 2573483, 0, 0
559017, 2949538, 0, 0
560049, 2669360, 0, 0
561013, 2985917, 0, 0
562008, 2620910, 0, 0
563026, 3070121, 0, 0
564049, 2622525, 0, 0
565011, 2750949, 0, 0
566026, 2995815, 0, 0
567051, 3044816, 0, 0
568051, 2997117, 0, 0
569020, 2739087, 0, 0
570040, 3046307, 0, 0
571005, 3021596, 0, 0
572005, 2809760, 0, 0
573035, 2903452, 0, 0
574053, 2767684, 0, 0
575001, 2765394, 0, 0
576041, 2593854, 0, 0
577040, 2740873, 0, 0
578011, 3009364, 0, 0
579026, 3013842, 0, 0
580000, 2738093, 0, 0
581013, 2605075, 0, 0
582020, 2774180, 0, 0
583040, 2723317, 0, 0
584013, 2795197, 0, 0
585040, 3125988, 0, 0
586011, 2864966, 0, 0
587040, 2894611, 0, 0
588037, 2478787, 0, 0
589019, 2850217, 0, 0
590020, 2767926, 0, 0
591030, 2736049, 0, 0
592000, 2313718, 0, 0
593022, 2422648, 0, 0
594013, 2540659, 0, 0
595044, 2645339, 0, 0
596012, 2644783, 0, 0
597035, 2552911, 0, 0
598033, 2690568, 0, 0
599037, 3054552, 0, 0
600036, 2747724, 0, 0
601009, 2580483, 0, 0
602031, 2510736, 0, 0
603021, 2593673, 0, 0
604030, 2713485, 0, 0
605049, 2547439, 0, 0
606004, 2589218, 0, 0
607047, 2490349, 0, 0
608056, 2383422, 0, 0
609048, 2335128, 0, 0
610021, 2431025, 0, 0
611017, 2574470, 0, 0
612047, 2367737, 0, 0
613038, 2770617, 0, 0
614047, 2361268, 0, 0
615036, 2590715, 0, 0
616052, 2520949, 0, 0
617018, 2415377, 0, 0
618041, 2700769, 0, 0
619043, 2657398, 0, 0
620035, 2131961, 0, 0
621034, 2431457, 0, 0
622042, 2626470, 0, 0
623041, 2400174, 0, 0
624000, 2380273, 0, 0
625031, 2509460, 0, 0
626039, 2347417, 0, 0
627051, 2631469, 0, 0
628039, 2426350, 0, 0
629011, 2600109, 0, 0
630021, 2458167, 0, 0
631050, 2387244, 0, 0
632015, 2499746, 0, 0
633003, 2643024, 0, 0
634035, 2400789, 0, 0
635051, 2329721, 0, 0
636037, 2402673, 0, 0
637019, 2220992, 0, 0
638034, 2013134, 0, 0
639034, 2474814, 0, 0
640019, 2249326, 0, 0
641053, 2437410, 0, 0
642028, 2886079, 0, 0
643022, 2463081, 0, 0
644046, 2299963, 0, 0
645012, 2482373, 0, 0
646008, 3116528, 0, 0
647028, 2230563, 0, 0
648046, 2478131, 0, 0
649006, 2791338, 0, 0
650044, 2240633, 0, 0
651026, 2279387, 0, 0
652005, 2704523, 0, 0
653024, 2493032, 0, 0
654044, 2763982, 0, 0
655007, 2360609, 0, 0
656036, 2540383, 0, 0
657028, 2592208, 0, 0
658081, 2658229, 0, 0
659018, 2331508, 0, 0
660007, 2646030, 0, 0
661033, 2282844, 0, 0
662030, 2733072, 0, 0
663032, 2403615, 0, 0
664001, 2300188, 0, 0
665017, 2632186, 0, 0
666047, 1999267, 0, 0
667015, 2607853, 0, 0
668003, 2293602, 0, 0
669003, 2825761, 0, 0
670042, 2529372, 0, 0
671044, 2436412, 0, 0
672017, 2321486, 0, 0
673048, 2226835, 0, 0
674031, 2311898, 0, 0
675060, 2624340, 0, 0
676054, 2317467, 0, 0
677012, 2389886, 0, 0
678029, 2347850, 0, 0
679019, 2619246, 0, 0
680032, 2645228, 0, 0
681014, 2401143, 0, 0
682008, 2258260, 0, 0
683004, 2603802, 0, 0
684056, 2589908, 0, 0
685008, 2399160, 0, 0
686042, 2090416, 0, 0
687026, 2480749, 0, 0
688021, 2804587, 0, 0
689028, 2581624, 0, 0
690048, 2079584, 0, 0
691030, 2348558, 0, 0
692016, 2638113, 0, 0
693012, 2206859, 0, 0
694044, 2458086, 0, 0
695044, 2230712, 0, 0
696009, 2211655, 0, 0
697038, 2639518, 0, 0
698034, 2561367, 0, 0
699025, 2567242, 0, 0
700052, 2312765, 0, 0
701013, 2694652, 0, 0
702050, 2567323, 0, 0
703037, 2268279, 0, 0
704028, 2567010, 0, 0
705034, 2726888, 0, 0
706028, 2131711, 0, 0
707046, 2344798, 0, 0
708020, 2423999, 0, 0
709027, 2621218, 0, 0
710003, 2198993, 0, 0
711004, 2452421, 0, 0
712024, 2556050, 0, 0
713035, 2106116, 0, 0
714020, 2139819, 0, 0
715061, 1976723, 0, 0
716019, 2575390, 0, 0
717047, 2495016, 0, 0
718002, 2787270, 0, 0
719031, 2466823, 0, 0
720064, 2484585, 0, 0
721013, 2523184, 0, 0
722014, 2328066, 0, 0
723030, 2187664, 0, 0
724038, 2259848, 0, 0
725040, 2437031, 0, 0
726008, 2150738, 0, 0
727087, 2683730, 0, 0
728002, 1916997, 0, 0
729000, 2376198, 0, 0
730050, 2277034, 0, 0
731036, 2423706, 0, 0
732037, 2360134, 0, 0
733044, 2426957, 0, 0
734039, 2066386, 0, 0
735000, 2248664, 0, 0
736003, 2534501, 0, 0
737030, 2573492, 0, 0
738016, 2609896, 0, 0
739030, 2478634, 0, 0
740014, 2337007, 0, 0
741037, 2436964, 0, 0
742036, 2442125, 0, 0
743000, 2620889, 0, 0
744016, 2335609, 0, 0
745029, 2406004, 0, 0
746019, 2683352, 0, 0
747055, 2121148, 0, 0
748045, 2350508, 0, 0
749044, 2266445, 0, 0
750022, 2235814, 0, 0
751041, 2487497, 0, 0
752031, 2333690, 0, 0
753027, 2241203, 0, 0
754008, 2452331, 0, 0
755041, 2341746, 0, 0
756008, 2788692, 0, 0
757008, 2573585, 0, 0
758052, 2195679, 0, 0
759012, 2306110, 0, 0
760022, 2525755, 0, 0
761056, 2010740, 0, 0
762016, 2387474, 0, 0
763053, 2486073, 0, 0
764053, 2439823, 0, 0
765033, 2438441, 0, 0
766020, 2449296, 0, 0
767032, 2179624, 0, 0
768026, 2136847, 0, 0
769042, 2428677, 0, 0
770012, 2150687, 0, 0
771047, 2248102, 0, 0
772030, 2117128, 0, 0
773029, 2029760, 0, 0
774000, 2261412, 0, 0
775060, 2176557, 0, 0
776004, 2157724, 0, 0
777028, 2398470, 0, 0
778046, 2406676, 0, 0
779044, 2336622, 0, 0
780039, 2241221, 0, 0
781025, 2197953, 0, 0
782037, 2577254, 0, 0
783013, 2079576, 0, 0
784036, 2201868, 0, 0
785032, 2503252, 0, 0
786023, 2818093, 0, 0
787029, 2220766, 0, 0
788014, 2481398, 0, 0
789039, 2129469, 0, 0
790017, 2327771, 0, 0
791064, 2320839, 0, 0
792044, 2262932, 0, 0
793019, 2309922, 0, 0
794025, 2478432, 0, 0
795018, 2385810, 0, 0
796029, 2028290, 0, 0
797040, 2341097, 0, 0
798009, 2307362, 0, 0
799005, 2293411, 0, 0
800047, 2542546, 0, 0
801003, 2223287, 0, 0
802029, 2066816, 0, 0
803027, 2099369, 0, 0
804028, 2132763, 0, 0
805039, 2056914, 0, 0
806051, 2684966, 0, 0
807054, 2508567, 0, 0
808013, 2471932, 0, 0
809040, 2198030, 0, 0
810035, 2264906, 0, 0
811050, 2244336, 0, 0
812032, 2210462, 0, 0
813057, 2314061, 0, 0
814045, 2035190, 0, 0
815005, 2274567, 0, 0
816039, 2148290, 0, 0
817038, 1975676, 0, 0
818028, 2026785, 0, 0
819037, 2324502, 0, 0
820040, 2111656, 0, 0
821000, 2459418, 0, 0
822012, 2326316, 0, 0
823010, 2417437, 0, 0
824050, 2255013, 0, 0
825020, 2163024, 0, 0
826051, 2173542, 0, 0
827044, 2126007, 0, 0
828001, 2179377, 0, 0
829058, 2479510, 0, 0
830040, 1999178, 0, 0
831024, 2484262, 0, 0
832002, 2420836, 0, 0
833034, 2303006, 0, 0
834002, 2174589, 0, 0
835038, 2077286, 0, 0
836050, 2267647, 0, 0
837011, 2183952, 0, 0
838029, 2262396, 0, 0
839023, 1812965, 0, 0
840003, 1998257, 0, 0
841017, 2290220, 0, 0
842033, 2247067, 0, 0
843032, 2232223, 0, 0
844034, 2010594, 0, 0
845031, 2250592, 0, 0
846039, 2370689, 0, 0
847057, 1747119, 0, 0
848001, 1909516, 0, 0
849027, 2374077, 0, 0
850042, 2186720, 0, 0
851026, 2170546, 0, 0
852007, 2153645, 0, 0
853050, 1844647, 0, 0
854000, 1959341, 0, 0
855030, 2407033, 0, 0
856054, 2017817, 0, 0
857016, 2345625, 0, 0
858000, 2022620, 0, 0
859012, 2343372, 0, 0
860017, 2348489, 0, 0
861010, 2176863, 0, 0
862006, 2421751, 0, 0
863025, 2153125, 0, 0
864044, 1954909, 0, 0
865041, 2295794, 0, 0
866048, 2387700, 0, 0
867063, 2374908, 0, 0
868027, 2081373, 0, 0
869025, 2122111, 0, 0
870022, 2029498, 0, 0
871003, 2396584, 0, 0
872018, 2168788, 0, 0
873014, 2163966, 0, 0
874050, 2044068, 0, 0
875050, 2099428, 0, 0
876003, 1867627, 0, 0
877048, 1900454, 0, 0
878017, 2253951, 0, 0
879039, 2020081, 0, 0
880024, 2223760, 0, 0
881024, 2298696, 0, 0
882016, 1918980, 0, 0
883063, 1838422, 0, 0
884054, 2175641, 0, 0
885031, 2136588, 0, 0
886035, 1940169, 0, 0
887054, 1969169, 0, 0
888032, 1986745, 0, 0
889035, 2539581, 0, 0
890038, 1635715, 0, 0
891044, 2143141, 0, 0
892005, 2026297, 0, 0
893041, 1864990, 0, 0
894054, 2180518, 0, 0
895012, 1906856, 0, 0
896019, 1979896, 0, 0
897016, 1857653, 0, 0
898003, 1785562, 0, 0
899031, 2356609, 0, 0
900007, 1915240, 0, 0
901040, 1926083, 0, 0
902041, 1756607, 0, 0
903032, 1983369, 0, 0
904027, 1911434, 0, 0
905022, 1820246, 0, 0
906034, 1993882, 0, 0
907026, 2056288, 0, 0
908015, 1502217, 0, 0
909056, 1770437, 0, 0
910048, 1820344, 0, 0
911015, 1749378, 0, 0
912004, 1461014, 0, 0
913047, 2107151, 0, 0
914025, 1740009, 0, 0
915000, 2276721, 0, 0
916036, 1663095, 0, 0
917025, 1612571, 0, 0
918006, 1862152, 0, 0
919033, 1690701, 0, 0
920023, 1610415, 0, 0
921026, 1876306, 0, 0
922070, 1871352, 0, 0
923024, 1947870, 0, 0
924011, 1812536, 0, 0
925018, 1876140, 0, 0
926070, 2001248, 0, 0
927028, 1784956, 0, 0
928028, 1970493, 0, 0
929019, 1867490, 0, 0
930047, 1863392, 0, 0
931054, 1697741, 0, 0
932037, 1657743, 0, 0
933049, 1703667, 0, 0
934020, 1884206, 0, 0
935029, 1855956, 0, 0
936016, 1644517, 0, 0
937022, 1759125, 0, 0
938025, 1538700, 0, 0
939005, 1857334, 0, 0
940033, 1604159, 0, 0
941039, 1812952, 0, 0
942016, 1577631, 0, 0
943062, 1670648, 0, 0
944000, 1709124, 0, 0
945020, 1754770, 0, 0
946016, 1391347, 0, 0
947041, 1607620, 0, 0
948049, 1412666, 0, 0
949000, 1616452, 0, 0
950011, 1498095, 0, 0
951055, 1833395, 0, 0
952036, 1739395, 0, 0
953064, 1398101, 0, 0
954010, 1552937, 0, 0
955056, 1261214, 0, 0
956007, 1456009, 0, 0
957000, 1425854, 0, 0
958016, 1396445, 0, 0
959051, 1496047, 0, 0
960020, 1496041, 0, 0
961013, 1314492, 0, 0
962054, 1430152, 0, 0
963054, 1537938, 0, 0
964009, 1687291, 0, 0
965007, 1486234, 0, 0
966030, 1583945, 0, 0
967029, 1316977, 0, 0
968060, 1713489, 0, 0
969044, 1263180, 0, 0
970030, 2028072, 0, 0
971012, 1400178, 0, 0
972018, 1428418, 0, 0
973001, 1496182, 0, 0
974027, 1610400, 0, 0
975004, 1501611, 0, 0
976034, 1218044, 0, 0
977009, 1351978, 0, 0
978010, 1297946, 0, 0
979013, 1324955, 0, 0
980035, 1347427, 0, 0
981003, 1319081, 0, 0
982020, 1378140, 0, 0
983001, 1240115, 0, 0
984028, 1450427, 0, 0
985007, 1473207, 0, 0
986053, 1335568, 0, 0
987027, 1463637, 0, 0
988002, 1353313, 0, 0
989053, 1290591, 0, 0
990010, 1250732, 0, 0
991019, 1312011, 0, 0
992019, 1276581, 0, 0
993020, 1223667, 0, 0
994033, 1278669, 0, 0
995022, 1225426, 0, 0
996044, 1120325, 0, 0
997005, 1253995, 0, 0
998000, 1072709, 0, 0
999045, 1364395, 0, 0
1000043, 1229572, 0, 0
1001024, 1296530, 0, 0
1002008, 1436431, 0, 0
1003008, 1335469, 0, 0
1004044, 1190991, 0, 0
1005007, 1154361, 0, 0
1006010, 998490, 0, 0
1007000, 1119681, 0, 0
1008049, 1205954, 0, 0
1009031, 1259999, 0, 0
1010052, 1071134, 0, 0
1011048, 1487664, 0, 0
1012034, 1058751, 0, 0
1013000, 983286, 0, 0
1014033, 1175621, 0, 0
1015061, 1174256, 0, 0
1016006, 1124980, 0, 0
1017024, 1331933, 0, 0
1018013, 1259228, 0, 0
1019070, 1261764, 0, 0
1020048, 1013003, 0, 0
1021006, 991535, 0, 0
1022011, 1064774, 0, 0
1023032, 1037128, 0, 0
1024055, 1028446, 0, 0
1025051, 962153, 0, 0
1026025, 1054098, 0, 0
1027000, 1002454, 0, 0
1028002, 1311378, 0, 0
1029051, 1045965, 0, 0
1030039, 1102433, 0, 0
1031018, 917314, 0, 0
1032032, 837007, 0, 0
1033032, 1040383, 0, 0
1034000, 954569, 0, 0
1035030, 1064706, 0, 0
1036032, 852900, 0, 0
1037012, 864741, 0, 0
1038048, 1062995, 0, 0
1039031, 842650, 0, 0
1040027, 858049, 0, 0
1041000, 689496, 0, 0
1042009, 990161, 0, 0
1043027, 855320, 0, 0
1044000, 817894, 0, 0
1045042, 880077, 0, 0
1046046, 766937, 0, 0
1047040, 844499, 0, 0
1048041, 781075, 0, 0
1049008, 953225, 0, 0
1050019, 713872, 0, 0
1051010, 882197, 0, 0
1052038, 708486, 0, 0
1053032, 695259, 0, 0
1054055, 753703, 0, 0
1055023, 738958, 0, 0
1056003, 895338, 0, 0
1057036, 785309, 0, 0
1058003, 759195, 0, 0
1059009, 806179, 0, 0
1060008, 769240, 0, 0
1061014, 690889, 0, 0
1062039, 692885, 0, 0
1063042, 745325, 0, 0
1064035, 669862, 0, 0
1065056, 603841, 0, 0
1066012, 656123, 0, 0
1067038, 573256, 0, 0
1068047, 758146, 0, 0
1069038, 714636, 0, 0
1070039, 850764, 0, 0
1071003, 711635, 0, 0
1072032, 587378, 0, 0
1073040, 679408, 0, 0
1074054, 632205, 0, 0
1075028, 633815, 0, 0
1076005, 550008, 0, 0
1077011, 643745, 0, 0
1078014, 637631, 0, 0
1079018, 646770, 0, 0
1080047, 475876, 0, 0
1081022, 605976, 0, 0
1082000, 542273, 0, 0
1083018, 551802, 0, 0
1084029, 617363, 0, 0
1085005, 509436, 0, 0
1086045, 525161, 0, 0
1087027, 497827, 0, 0
1088003, 397628, 0, 0
1089016, 477066, 0, 0
1090041, 469213, 0, 0
1091010, 611096, 0, 0
1092038, 554006, 0, 0
1093037, 506463, 0, 0
1094030, 454937, 0, 0
1095019, 547093, 0, 0
1096003, 461515, 0, 0
1097006, 506886, 0, 0
1098033, 412847, 0, 0
1099018, 378398, 0, 0
1100037, 447791, 0, 0
1101052, 395177, 0, 0
1102012, 392178, 0, 0
1103010, 348283, 0, 0
1104014, 392077, 0, 0
1105021, 392113, 0, 0
1106019, 498524, 0, 0
1107000, 434374, 0, 0
1108018, 400924, 0, 0
1109008, 385536, 0, 0
1110005, 368739, 0, 0
1111035, 399824, 0, 0
1112004, 396130, 0, 0
1113014, 313396, 0, 0
1114055, 362476, 0, 0
1115000, 336329, 0, 0
1116038, 388427, 0, 0
1117028, 302611, 0, 0
1118008, 255535, 0, 0
1119073, 312916, 0, 0
1120064, 287239, 0, 0
1121028, 225474, 0, 0
1122000, 312821, 0, 0
1123027, 289545, 0, 0
1124011, 204473, 0, 0
1125027, 228676, 0, 0
1126000, 207283, 0, 0
1127004, 334769, 0, 0
1128053, 208646, 0, 0
1129014, 255569, 0, 0
1130020, 194642, 0, 0
1131023, 186686, 0, 0
1132014, 212050, 0, 0
1133019, 240193, 0, 0
1134021, 149645, 0, 0
1135052, 128141, 0, 0
1136027, 161318, 0, 0
1137036, 157819, 0, 0
1138011, 100233, 0, 0
1139000, 102040, 0, 0
1140031, 80254, 0, 0
1141036, 104747, 0, 0
1142004, 91981, 0, 0
1143010, 74719, 0, 0
1144032, 82316, 0, 0
1145078, 89021, 0, 0
1146020, 75211, 0, 0
1147000, 52311, 0, 0
1148040, 48854, 0, 0
1149000, 46518, 0, 0
1150000, 39659, 0, 0
1151030, 31525, 0, 0
1152007, 23278, 0, 0
1153013, 15891, 0, 0
1154000, 9997, 0, 0
1155000, 7012, 0, 0
1156000, 7581, 0, 0
1157000, 8569, 0, 0
1158000, 9596, 0, 0
1159000, 9622, 0, 0
1160000, 9606, 0, 0
1161000, 7579, 0, 0
1162000, 6940, 0, 0
1163000, 6951, 0, 0
1164000, 6926, 0, 0
1165000, 6959, 0, 0
1166000, 6979, 0, 0
1167000, 7016, 0, 0
1168000, 6946, 0, 0
1169000, 6949, 0, 0
1170000, 6921, 0, 0
1171000, 6926, 0, 0
1172000, 7069, 0, 0
1173000, 6967, 0, 0
1174000, 6935, 0, 0
1175000, 6966, 0, 0
1176000, 6895, 0, 0
1177000, 6868, 0, 0
1178000, 6868, 0, 0
1179000, 6894, 0, 0
1180000, 9285, 0, 0
1181000, 6747, 0, 0
1182000, 6814, 0, 0
1183000, 6777, 0, 0
1184000, 6736, 0, 0
1185000, 6833, 0, 0
1186000, 6824, 0, 0
1187000, 6797, 0, 0
1188000, 6825, 0, 0
1189000, 6859, 0, 0
1190000, 6906, 0, 0
1191000, 6840, 0, 0
1192000, 6874, 0, 0
1193000, 6859, 0, 0
1194000, 6840, 0, 0
1195000, 6808, 0, 0
1196000, 6866, 0, 0
1197000, 6889, 0, 0
1198000, 6893, 0, 0
1199000, 6911, 0, 0
1200000, 6925, 0, 0
