1021, 6580902, 0, 0
2005, 7174368, 0, 0
3059, 7266829, 0, 0
4024, 6981927, 0, 0
5057, 7537846, 0, 0
6034, 7023139, 0, 0
7075, 7591583, 0, 0
8011, 7309000, 0, 0
9003, 7233913, 0, 0
10029, 7325072, 0, 0
11043, 7448183, 0, 0
12004, 7445503, 0, 0
13030, 7428249, 0, 0
14054, 7361737, 0, 0
15034, 7092938, 0, 0
16028, 7195218, 0, 0
17057, 7559607, 0, 0
18025, 7439567, 0, 0
19053, 7440647, 0, 0
20039, 7193485, 0, 0
21017, 7026587, 0, 0
22049, 7366798, 0, 0
23013, 7187065, 0, 0
24001, 7597874, 0, 0
25035, 7375217, 0, 0
26027, 7240681, 0, 0
27057, 7346762, 0, 0
28047, 7380716, 0, 0
29040, 7038849, 0, 0
30001, 6715318, 0, 0
31000, 6925776, 0, 0
32002, 7007497, 0, 0
33021, 6832174, 0, 0
34017, 7104444, 0, 0
35011, 7196293, 0, 0
36050, 6743604, 0, 0
37002, 6744208, 0, 0
38002, 7511110, 0, 0
39049, 7067246, 0, 0
40045, 7112365, 0, 0
41038, 6700108, 0, 0
42029, 7124134, 0, 0
43030, 7146469, 0, 0
44002, 6886749, 0, 0
45021, 7166383, 0, 0
46029, 7145544, 0, 0
47045, 7149178, 0, 0
48024, 7349312, 0, 0
49022, 7125189, 0, 0
50002, 6752588, 0, 0
51007, 6920810, 0, 0
52001, 7097486, 0, 0
53013, 7122046, 0, 0
54057, 6813179, 0, 0
55049, 6836652, 0, 0
56015, 7198712, 0, 0
57000, 6834196, 0, 0
58001, 7408303, 0, 0
59063, 7121711, 0, 0
60002, 6949921, 0, 0
61021, 6835587, 0, 0
62023, 6855083, 0, 0
63042, 6974136, 0, 0
64046, 7013741, 0, 0
65050, 6685414, 0, 0
66002, 6897641, 0, 0
67026, 7004698, 0, 0
68047, 6753607, 0, 0
69046, 6977333, 0, 0
70043, 6920511, 0, 0
71039, 6420567, 0, 0
72020, 6805746, 0, 0
73046, 7067132, 0, 0
74045, 6570163, 0, 0
75014, 6493283, 0, 0
76030, 6816150, 0, 0
77028, 6513718, 0, 0
78017, 7323717, 0, 0
79041, 6641965, 0, 0
80047, 6656044, 0, 0
81045, 6345823, 0, 0
82006, 6860807, 0, 0
83003, 6551789, 0, 0
84046, 6812416, 0, 0
85023, 7025114, 0, 0
86056, 7067600, 0, 0
87009, 6611414, 0, 0
88051, 6847984, 0, 0
89053, 6587511, 0, 0
90006, 6796454, 0, 0
91043, 6057668, 0, 0
92016, 6849992, 0, 0
93062, 6783986, 0, 0
94042, 6316850, 0, 0
95021, 6348025, 0, 0
96045, 6240989, 0, 0
97047, 6255197, 0, 0
98036, 6858843, 0, 0
99004, 6539609, 0, 0
100001, 6636690, 0, 0
101048, 6226365, 0, 0
102011, 6501522, 0, 0
103031, 6574071, 0, 0
104050, 6480883, 0, 0
105008, 6098720, 0, 0
106043, 6304454, 0, 0
107054, 6475506, 0, 0
108015, 6482602, 0, 0
109001, 6156206, 0, 0
110041, 6225826, 0, 0
111042, 6329609, 0, 0
112055, 6880436, 0, 0
113018, 6823402, 0, 0
114013, 6332730, 0, 0
115049, 6387068, 0, 0
116035, 6120396, 0, 0
117037, 6292106, 0, 0
118033, 6725182, 0, 0
119033, 6283493, 0, 0
120032, 6520354, 0, 0
121040, 6804220, 0, 0
122031, 6603007, 0, 0
123033, 6255275, 0, 0
124043, 6593443, 0, 0
125050, 6170383, 0, 0
126063, 6367810, 0, 0
127063, 6242865, 0, 0
128000, 6281173, 0, 0
129000, 6280938, 0, 0
130065, 6739459, 0, 0
131004, 6332245, 0, 0
132014, 6008813, 0, 0
133028, 6099916, 0, 0
134026, 6392112, 0, 0
135021, 6212945, 0, 0
136043, 6222833, 0, 0
137029, 7140428, 0, 0
138021, 5862808, 0, 0
139044, 6011411, 0, 0
140011, 6156112, 0, 0
141046, 6155823, 0, 0
142037, 6033943, 0, 0
143032, 6212702, 0, 0
144050, 6474533, 0, 0
145002, 6384149, 0, 0
146000, 6436332, 0, 0
147056, 5989757, 0, 0
148024, 6323479, 0, 0
149013, 6059859, 0, 0
150009, 5995636, 0, 0
151022, 6529586, 0, 0
152004, 5573993, 0, 0
153030, 6526255, 0, 0
154017, 5636488, 0, 0
155046, 5905115, 0, 0
156016, 6132768, 0, 0
157004, 6094375, 0, 0
158006, 6457151, 0, 0
159060, 6155961, 0, 0
160048, 6130903, 0, 0
161008, 6396331, 0, 0
162022, 5953406, 0, 0
163024, 6256764, 0, 0
164011, 6754495, 0, 0
165031, 6368220, 0, 0
166018, 6084984, 0, 0
167025, 6580375, 0, 0
168008, 5606565, 0, 0
169046, 5573353, 0, 0
170023, 6102701, 0, 0
171007, 5850653, 0, 0
172039, 6738771, 0, 0
173031, 5899244, 0, 0
174035, 6155279, 0, 0
175022, 5867557, 0, 0
176032, 6042202, 0, 0
177028, 6176793, 0, 0
178062, 6041423, 0, 0
179002, 6056080, 0, 0
180028, 5791882, 0, 0
181060, 5893253, 0, 0
182055, 6021534, 0, 0
183001, 6096878, 0, 0
184024, 5613675, 0, 0
185026, 6028775, 0, 0
186005, 5926632, 0, 0
187001, 6298313, 0, 0
188030, 5711302, 0, 0
189045, 6071942, 0, 0
190036, 5790225, 0, 0
191053, 5906067, 0, 0
192035, 6092292, 0, 0
193051, 6341676, 0, 0
194012, 5820198, 0, 0
195016, 5794161, 0, 0
196001, 6308342, 0, 0
197041, 5840998, 0, 0
198045, 6115566, 0, 0
199033, 5544286, 0, 0
200021, 6245664, 0, 0
201008, 5664834, 0, 0
202039, 5660659, 0, 0
203006, 5277857, 0, 0
204006, 5940579, 0, 0
205036, 5916997, 0, 0
206031, 5878469, 0, 0
207011, 5503731, 0, 0
208038, 6103496, 0, 0
209024, 5892932, 0, 0
210050, 5762800, 0, 0
211035, 5995695, 0, 0
212026, 5753408, 0, 0
213027, 5750120, 0, 0
214030, 5244892, 0, 0
215028, 5728155, 0, 0
216000, 6345448, 0, 0
217056, 5639629, 0, 0
218033, 5452641, 0, 0
219012, 5555599, 0, 0
220050, 6063171, 0, 0
221047, 5218285, 0, 0
222025, 5111794, 0, 0
223015, 5491736, 0, 0
224043, 5674702, 0, 0
225031, 5337069, 0, 0
226041, 5393959, 0, 0
227042, 5586898, 0, 0
228015, 5278759, 0, 0
229026, 5873135, 0, 0
230030, 5897949, 0, 0
231044, 5660384, 0, 0
232060, 5122896, 0, 0
233038, 5223278, 0, 0
234000, 5397116, 0, 0
235038, 5995141, 0, 0
236002, 5471345, 0, 0
237024, 5516348, 0, 0
238034, 5732505, 0, 0
239041, 5436872, 0, 0
240027, 5532587, 0, 0
241016, 5312109, 0, 0
242051, 5218788, 0, 0
243054, 5302470, 0, 0
244046, 5505769, 0, 0
245050, 6117765, 0, 0
246053, 5189008, 0, 0
247050, 5997778, 0, 0
248021, 5740086, 0, 0
249018, 5186383, 0, 0
250060, 5624865, 0, 0
251051, 5442965, 0, 0
252018, 4874367, 0, 0
253000, 5391392, 0, 0
254001, 5465193, 0, 0
255036, 5805383, 0, 0
256044, 5502852, 0, 0
257031, 5241162, 0, 0
258023, 5218064, 0, 0
259041, 5523389, 0, 0
260006, 5877131, 0, 0
261018, 5409147, 0, 0
262007, 5141571, 0, 0
263008, 5103076, 0, 0
264029, 4788855, 0, 0
265024, 5309898, 0, 0
266004, 5694104, 0, 0
267013, 5092517, 0, 0
268022, 5217589, 0, 0
269006, 5373732, 0, 0
270034, 5057264, 0, 0
271018, 5284253, 0, 0
272047, 5616208, 0, 0
273033, 5050361, 0, 0
274004, 5077503, 0, 0
275050, 5588272, 0, 0
276001, 4944525, 0, 0
277008, 5056630, 0, 0
278002, 4889325, 0, 0
279007, 5575197, 0, 0
280045, 5548120, 0, 0
281045, 4560776, 0, 0
282010, 4865219, 0, 0
283043, 5030907, 0, 0
284002, 5414585, 0, 0
285022, 4897456, 0, 0
286023, 5262117, 0, 0
287027, 5307922, 0, 0
288031, 5168557, 0, 0
289024, 5276642, 0, 0
290019, 5043280, 0, 0
291031, 5129965, 0, 0
292018, 5054308, 0, 0
293027, 4870007, 0, 0
294054, 4881972, 0, 0
295008, 5206560, 0, 0
296008, 5429206, 0, 0
297059, 4857630, 0, 0
298027, 5117260, 0, 0
299023, 5154033, 0, 0
300025, 5267066, 0, 0
301004, 4912698, 0, 0
302032, 4845379, 0, 0
303017, 4574704, 0, 0
304005, 4838768, 0, 0
305006, 4999167, 0, 0
306045, 4395826, 0, 0
307016, 5049537, 0, 0
308020, 4753695, 0, 0
309033, 4658050, 0, 0
310043, 4949071, 0, 0
311004, 5049784, 0, 0
312049, 5118232, 0, 0
313055, 4714869, 0, 0
314031, 4779912, 0, 0
315026, 4577814, 0, 0
316047, 4698322, 0, 0
317043, 4877899, 0, 0
318013, 4746158, 0, 0
319044, 5098615, 0, 0
320035, 4691538, 0, 0
321009, 4990461, 0, 0
322028, 4987006, 0, 0
323034, 5230847, 0, 0
324052, 5163602, 0, 0
325010, 4711417, 0, 0
326056, 4928717, 0, 0
327036, 4529811, 0, 0
328019, 4720914, 0, 0
329059, 4786998, 0, 0
330032, 4395463, 0, 0
331029, 4810987, 0, 0
332052, 4936337, 0, 0
333040, 4908807, 0, 0
334053, 4457559, 0, 0
335002, 4739056, 0, 0
336032, 4738092, 0, 0
337039, 4837129, 0, 0
338025, 4355143, 0, 0
339000, 4794891, 0, 0
340000, 4421249, 0, 0
341000, 5226189, 0, 0
342002, 4591812, 0, 0
343028, 4721816, 0, 0
344010, 5031733, 0, 0
345008, 4568728, 0, 0
346021, 4865212, 0, 0
347026, 4897043, 0, 0
348038, 4680119, 0, 0
349038, 4967940, 0, 0
350026, 4464583, 0, 0
351031, 5200255, 0, 0
352052, 4493872, 0, 0
353062, 4646817, 0, 0
354014, 4799426, 0, 0
355034, 4782609, 0, 0
356062, 4775521, 0, 0
357050, 4700889, 0, 0
358026, 5268794, 0, 0
359026, 4538433, 0, 0
360030, 4641231, 0, 0
361031, 4713597, 0, 0
362006, 4921658, 0, 0
363035, 4892537, 0, 0
364022, 4561132, 0, 0
365016, 4686903, 0, 0
366029, 4836510, 0, 0
367023, 4413110, 0, 0
368021, 4699660, 0, 0
369008, 4482339, 0, 0
370042, 4448882, 0, 0
371023, 4560775, 0, 0
372044, 4373237, 0, 0
373003, 4835470, 0, 0
374034, 4121917, 0, 0
375005, 4508509, 0, 0
376023, 4049311, 0, 0
377042, 4522202, 0, 0
378048, 4444844, 0, 0
379043, 4436939, 0, 0
380034, 4360677, 0, 0
381031, 4366163, 0, 0
382004, 4561953, 0, 0
383046, 4562239, 0, 0
384050, 4340769, 0, 0
385051, 4442098, 0, 0
386008, 4402609, 0, 0
387017, 3985449, 0, 0
388025, 3870897, 0, 0
389014, 4425058, 0, 0
390027, 4183833, 0, 0
391036, 4686773, 0, 0
392039, 4118328, 0, 0
393046, 4392318, 0, 0
394010, 3944011, 0, 0
395055, 4276622, 0, 0
396045, 4556636, 0, 0
397013, 3927784, 0, 0
398011, 4551896, 0, 0
399039, 4296823, 0, 0
400028, 4292432, 0, 0
401054, 4018344, 0, 0
402022, 4079754, 0, 0
403044, 4834108, 0, 0
404013, 3984121, 0, 0
405029, 3702415, 0, 0
406034, 3902170, 0, 0
407023, 4080548, 0, 0
408029, 4293267, 0, 0
409045, 4226634, 0, 0
410030, 4433831, 0, 0
411016, 4240421, 0, 0
412059, 4183376, 0, 0
413020, 4284883, 0, 0
414010, 3530840, 0, 0
415012, 4183691, 0, 0
416000, 4077283, 0, 0
417021, 4213937, 0, 0
418030, 4362179, 0, 0
419016, 4534218, 0, 0
420019, 4493754, 0, 0
421045, 4166031, 0, 0
422032, 3834469, 0, 0
423007, 4070521, 0, 0
424025, 4100310, 0, 0
425009, 4010279, 0, 0
426039, 4034445, 0, 0
427057, 4096236, 0, 0
428036, 3620755, 0, 0
429056, 4175398, 0, 0
430060, 4535085, 0, 0
431040, 3931011, 0, 0
432054, 4401577, 0, 0
433002, 4012607, 0, 0
434010, 3737881, 0, 0
435055, 4062838, 0, 0
436037, 3631343, 0, 0
437024, 3746211, 0, 0
438029, 4047287, 0, 0
439017, 4233669, 0, 0
440048, 3944042, 0, 0
441019, 3698964, 0, 0
442059, 3777921, 0, 0
443020, 3501529, 0, 0
444018, 4789368, 0, 0
445020, 3761762, 0, 0
446027, 3640449, 0, 0
447002, 4251398, 0, 0
448019, 3775845, 0, 0
449030, 3992657, 0, 0
450053, 3726501, 0, 0
451019, 3349055, 0, 0
452001, 3695852, 0, 0
453055, 4080493, 0, 0
454051, 3575900, 0, 0
455002, 3242439, 0, 0
456050, 3619313, 0, 0
457046, 3781352, 0, 0
458043, 3840679, 0, 0
459040, 3859142, 0, 0
460039, 3927658, 0, 0
461018, 3728994, 0, 0
462018, 3605880, 0, 0
463011, 3440029, 0, 0
464038, 3638142, 0, 0
465012, 3766935, 0, 0
466017, 3876880, 0, 0
467052, 3743386, 0, 0
468029, 3184536, 0, 0
469024, 3173190, 0, 0
470015, 4143391, 0, 0
471048, 3905466, 0, 0
472007, 3149156, 0, 0
473045, 3866528, 0, 0
474007, 3966815, 0, 0
475016, 3533976, 0, 0
476046, 3500145, 0, 0
477022, 3441889, 0, 0
478049, 3740155, 0, 0
479055, 3680334, 0, 0
480032, 3480658, 0, 0
481013, 3828632, 0, 0
482038, 3397652, 0, 0
483047, 3347278, 0, 0
484017, 4340610, 0, 0
485032, 3755289, 0, 0
486045, 3677257, 0, 0
487047, 3557681, 0, 0
488032, 3369228, 0, 0
489023, 3790249, 0, 0
490037, 3528175, 0, 0
491002, 3218571, 0, 0
492004, 3416044, 0, 0
493003, 3414793, 0, 0
494014, 3657408, 0, 0
495009, 3547622, 0, 0
496046, 3243806, 0, 0
497041, 3471349, 0, 0
498039, 3472652, 0, 0
499033, 3407943, 0, 0
500036, 3477322, 0, 0
501011, 2872068, 0, 0
502022, 3254962, 0, 0
503003, 3156048, 0, 0
504043, 3450826, 0, 0
505025, 3590627, 0, 0
506025, 3630239, 0, 0
507044, 3148532, 0, 0
508017, 3175068, 0, 0
509015, 3328721, 0, 0
510040, 3482574, 0, 0
511011, 3399131, 0, 0
512041, 3181663, 0, 0
513023, 3113597, 0, 0
514051, 3310824, 0, 0
515014, 3396461, 0, 0
516001, 3240540, 0, 0
517004, 3573411, 0, 0
518023, 2964902, 0, 0
519009, 3156238, 0, 0
520014, 3095373, 0, 0
521044, 3193747, 0, 0
522014, 3443633, 0, 0
523009, 2765975, 0, 0
524001, 3697513, 0, 0
525049, 3734077, 0, 0
526061, 3609317, 0, 0
527014, 3508531, 0, 0
528020, 3395460, 0, 0
529020, 3262797, 0, 0
530034, 3373726, 0, 0
531045, 2855731, 0, 0
532017, 2986463, 0, 0
533024, 3102593, 0, 0
534005, 3423276, 0, 0
535017, 3088783, 0, 0
536043, 3064758, 0, 0
537038, 3426756, 0, 0
538050, 2811802, 0, 0
539024, 3075975, 0, 0
540053, 3113217, 0, 0
541033, 3057450, 0, 0
542019, 2955930, 0, 0
543012, 3345707, 0, 0
544023, 2766247, 0, 0
545056, 3022391, 0, 0
546012, 2973915, 0, 0
547063, 2913247, 0, 0
548029, 2975801, 0, 0
549035, 2772320, 0, 0
550026, 2969103, 0, 0
551052, 3103699, 0, 0
552027, 3049496, 0, 0
553049, 3130126, 0, 0
554031, 3415801, 0, 0
555046, 2962580, 0, 0
556031, 2949664, 0, 0
557004, 3054264, 0, 0
558032, 3434116, 0, 0
559024, 3173606, 0, 0
560000, 2717689, 0, 0
561052, 2871019, 0, 0
562049, 2996151, 0, 0
563020, 3177175, 0, 0
564009, 3056444, 0, 0
565058, 3230145, 0, 0
566005, 3021639, 0, 0
567000, 2844049, 0, 0
568036, 3230942, 0, 0
569049, 2817730, 0, 0
570053, 2904106, 0, 0
571016, 2736410, 0, 0
572030, 2480918, 0, 0
573023, 2870368, 0, 0
574039, 3161347, 0, 0
575044, 2814890, 0, 0
576031, 2914693, 0, 0
577045, 2811462, 0, 0
578012, 2959597, 0, 0
579034, 2930465, 0, 0
580009, 2725604, 0, 0
581071, 2616402, 0, 0
582138, 3621817, 0, 0
583001, 2709078, 0, 0
584025, 2994843, 0, 0
585058, 3143221, 0, 0
586029, 2715922, 0, 0
587015, 2717469, 0, 0
588049, 2679335, 0, 0
589058, 2649221, 0, 0
590068, 2638548, 0, 0
591090, 2621703, 0, 0
592045, 3380411, 0, 0
593004, 2703178, 0, 0
594027, 2692219, 0, 0
595028, 2633984, 0, 0
596034, 2622821, 0, 0
597044, 2576506, 0, 0
598035, 2540504, 0, 0
599007, 2787363, 0, 0
600035, 2636343, 0, 0
601056, 2408168, 0, 0
602016, 2730773, 0, 0
603056, 2439931, 0, 0
604056, 2747777, 0, 0
605026, 2292654, 0, 0
606024, 3162913, 0, 0
607006, 2441875, 0, 0
608036, 2448384, 0, 0
609045, 2772776, 0, 0
610050, 2826600, 0, 0
611002, 2588158, 0, 0
612048, 2196267, 0, 0
613021, 2508044, 0, 0
614015, 2503855, 0, 0
615024, 2788452, 0, 0
616054, 2581832, 0, 0
617012, 3208431, 0, 0
618056, 3176633, 0, 0
619022, 2421992, 0, 0
620030, 2404585, 0, 0
621015, 2307295, 0, 0
622033, 2578706, 0, 0
623048, 2316418, 0, 0
624023, 2672962, 0, 0
625057, 2677914, 0, 0
626032, 2420339, 0, 0
627043, 2276321, 0, 0
628057, 2554957, 0, 0
629008, 2775982, 0, 0
630017, 2635784, 0, 0
631061, 2421390, 0, 0
632030, 2440754, 0, 0
633003, 2420739, 0, 0
634044, 2596666, 0, 0
635004, 2015935, 0, 0
636055, 2731167, 0, 0
637032, 2618584, 0, 0
638000, 2576479, 0, 0
639057, 2196462, 0, 0
640019, 2881803, 0, 0
641044, 2411488, 0, 0
642060, 2762041, 0, 0
643002, 2338348, 0, 0
644004, 2517778, 0, 0
645047, 2647064, 0, 0
646008, 2686033, 0, 0
647010, 2537339, 0, 0
648054, 2577108, 0, 0
649020, 2346518, 0, 0
650056, 2622346, 0, 0
651002, 2471175, 0, 0
652012, 2299061, 0, 0
653004, 3185374, 0, 0
654053, 2797979, 0, 0
655018, 2387514, 0, 0
656020, 2481909, 0, 0
657044, 2269712, 0, 0
658023, 2713912, 0, 0
659044, 2618866, 0, 0
660050, 2795249, 0, 0
661007, 2411418, 0, 0
662056, 2557878, 0, 0
663034, 2457385, 0, 0
664058, 2567191, 0, 0
665017, 2566589, 0, 0
666049, 2372120, 0, 0
667021, 2177391, 0, 0
668025, 2651166, 0, 0
669057, 2579366, 0, 0
670017, 2668925, 0, 0
671045, 2756331, 0, 0
672044, 2171590, 0, 0
673033, 2217610, 0, 0
674021, 2670228, 0, 0
675049, 2665817, 0, 0
676031, 2364323, 0, 0
677042, 2357512, 0, 0
678054, 2386880, 0, 0
679011, 2466756, 0, 0
680006, 2641280, 0, 0
681034, 2629610, 0, 0
682020, 2580956, 0, 0
683019, 2746592, 0, 0
684021, 2832212, 0, 0
685043, 2750244, 0, 0
686047, 2366286, 0, 0
687015, 3058124, 0, 0
688044, 2693837, 0, 0
689050, 2805021, 0, 0
690039, 2756827, 0, 0
691038, 2315839, 0, 0
692051, 2667265, 0, 0
693047, 2349231, 0, 0
694056, 2844569, 0, 0
695046, 2782695, 0, 0
696039, 2831141, 0, 0
697012, 2444303, 0, 0
698055, 2609267, 0, 0
699011, 2319857, 0, 0
700015, 2807949, 0, 0
701037, 2380031, 0, 0
702001, 2440991, 0, 0
703054, 2514912, 0, 0
704010, 2413552, 0, 0
705049, 2643052, 0, 0
706032, 2622569, 0, 0
707029, 2500296, 0, 0
708012, 2206547, 0, 0
709038, 2654149, 0, 0
710012, 2509134, 0, 0
711050, 2381743, 0, 0
712017, 2718848, 0, 0
713031, 3037775, 0, 0
714011, 2449253, 0, 0
715010, 2659074, 0, 0
716057, 2534661, 0, 0
717023, 2316459, 0, 0
718035, 2524486, 0, 0
719046, 2698417, 0, 0
720019, 2968582, 0, 0
721007, 2386487, 0, 0
722023, 2768376, 0, 0
723029, 2509688, 0, 0
724050, 2319501, 0, 0
725043, 2503026, 0, 0
726036, 2488875, 0, 0
727087, 3030215, 0, 0
728037, 2413603, 0, 0
729005, 2372437, 0, 0
730047, 2685034, 0, 0
731021, 2392924, 0, 0
732003, 2587410, 0, 0
733035, 2397894, 0, 0
734005, 2343761, 0, 0
735038, 2477035, 0, 0
736022, 2484758, 0, 0
737025, 2845248, 0, 0
738063, 2513797, 0, 0
739043, 2816607, 0, 0
740053, 2695914, 0, 0
741041, 2488916, 0, 0
742014, 2624904, 0, 0
743053, 2545250, 0, 0
744019, 2439818, 0, 0
745046, 2600650, 0, 0
746042, 2483915, 0, 0
747054, 2394138, 0, 0
748035, 2329003, 0, 0
749032, 2456654, 0, 0
750041, 2613632, 0, 0
751043, 2330075, 0, 0
752036, 2482012, 0, 0
753022, 2765927, 0, 0
754032, 2561710, 0, 0
755017, 2574715, 0, 0
756041, 2893308, 0, 0
757014, 2816239, 0, 0
758025, 2377064, 0, 0
759056, 2694698, 0, 0
760040, 2439607, 0, 0
761031, 2569872, 0, 0
762004, 2292830, 0, 0
763045, 2399677, 0, 0
764027, 2480425, 0, 0
765007, 2865998, 0, 0
766023, 2443988, 0, 0
767036, 2411528, 0, 0
768036, 3040989, 0, 0
769038, 2840426, 0, 0
770042, 2423885, 0, 0
771057, 2564932, 0, 0
772054, 2866315, 0, 0
773020, 2502901, 0, 0
774054, 2355177, 0, 0
775005, 2556291, 0, 0
776015, 2973141, 0, 0
777060, 2818625, 0, 0
778028, 2684908, 0, 0
779051, 3028958, 0, 0
780048, 2909986, 0, 0
781053, 2556450, 0, 0
782038, 2445075, 0, 0
783018, 2634538, 0, 0
784046, 2707551, 0, 0
785049, 2711252, 0, 0
786045, 2636890, 0, 0
787055, 2439305, 0, 0
788041, 2636622, 0, 0
789026, 2663687, 0, 0
790053, 2543197, 0, 0
791032, 3110326, 0, 0
792064, 3012368, 0, 0
793059, 2591800, 0, 0
794053, 2754942, 0, 0
795032, 2619147, 0, 0
796026, 2672422, 0, 0
797030, 2847636, 0, 0
798026, 2822826, 0, 0
799021, 2774140, 0, 0
800051, 2506780, 0, 0
801021, 2924693, 0, 0
802055, 2921949, 0, 0
803026, 2952891, 0, 0
804031, 2591033, 0, 0
805036, 2868003, 0, 0
806000, 2738498, 0, 0
807018, 2716954, 0, 0
808013, 3474874, 0, 0
809018, 2488360, 0, 0
810022, 2979647, 0, 0
811013, 2674183, 0, 0
812020, 2708293, 0, 0
813015, 2820272, 0, 0
814012, 3089111, 0, 0
815029, 2685566, 0, 0
816027, 2910742, 0, 0
817001, 2676783, 0, 0
818046, 2889711, 0, 0
819041, 2533247, 0, 0
820010, 3079458, 0, 0
821056, 2626887, 0, 0
822051, 3114100, 0, 0
823034, 2520592, 0, 0
824025, 2892228, 0, 0
825020, 2861596, 0, 0
826030, 2921127, 0, 0
827000, 2727141, 0, 0
828010, 2611098, 0, 0
829036, 3200003, 0, 0
830000, 2995045, 0, 0
831047, 2600264, 0, 0
832012, 2650840, 0, 0
833000, 2968770, 0, 0
834019, 3028514, 0, 0
835044, 2451593, 0, 0
836050, 3187108, 0, 0
837001, 2791482, 0, 0
838018, 2751446, 0, 0
839017, 2832546, 0, 0
840016, 3000656, 0, 0
841029, 3272685, 0, 0
842038, 2699830, 0, 0
843042, 3231384, 0, 0
844019, 2651416, 0, 0
845018, 2873128, 0, 0
846036, 3088561, 0, 0
847015, 2742310, 0, 0
848004, 3093958, 0, 0
849040, 3683338, 0, 0
850061, 3003788, 0, 0
851051, 2572689, 0, 0
852018, 2772641, 0, 0
853054, 2848144, 0, 0
854002, 3250466, 0, 0
855037, 3564091, 0, 0
856024, 3117454, 0, 0
857009, 3091132, 0, 0
858012, 2987841, 0, 0
859040, 2766247, 0, 0
860040, 2935555, 0, 0
861027, 2903900, 0, 0
862030, 3601683, 0, 0
863028, 3010188, 0, 0
864049, 3246924, 0, 0
865024, 2992592, 0, 0
866041, 3194433, 0, 0
867068, 3123705, 0, 0
868012, 3415945, 0, 0
869055, 3262232, 0, 0
870045, 2984610, 0, 0
871038, 3138202, 0, 0
872018, 3358578, 0, 0
873010, 2887965, 0, 0
874018, 2793199, 0, 0
875015, 2988281, 0, 0
876049, 3072146, 0, 0
877031, 3061680, 0, 0
878007, 3292307, 0, 0
879050, 3254795, 0, 0
880005, 3353709, 0, 0
881016, 3365828, 0, 0
882040, 3058491, 0, 0
883007, 2987567, 0, 0
884030, 3674099, 0, 0
885015, 2752776, 0, 0
886026, 3355034, 0, 0
887005, 3672572, 0, 0
888057, 3192332, 0, 0
889035, 4264185, 0, 0
890044, 2996395, 0, 0
891003, 3393847, 0, 0
892018, 2978718, 0, 0
893012, 3399912, 0, 0
894002, 3022016, 0, 0
895012, 3463959, 0, 0
896013, 3543913, 0, 0
897048, 2968880, 0, 0
898025, 2982079, 0, 0
899053, 3511901, 0, 0
900025, 3431610, 0, 0
901035, 3486980, 0, 0
902026, 3274287, 0, 0
903032, 3628042, 0, 0
904043, 3630180, 0, 0
905020, 2746842, 0, 0
906025, 3353573, 0, 0
907019, 3158880, 0, 0
908005, 3325245, 0, 0
909002, 3274626, 0, 0
910048, 3651016, 0, 0
911034, 3404656, 0, 0
912053, 3391330, 0, 0
913039, 3633001, 0, 0
914030, 3389379, 0, 0
915020, 3504384, 0, 0
916014, 3743641, 0, 0
917011, 3242736, 0, 0
918025, 3161839, 0, 0
919025, 3540431, 0, 0
920028, 3562816, 0, 0
921022, 3191119, 0, 0
922060, 3318519, 0, 0
923018, 3797355, 0, 0
924035, 3600404, 0, 0
925051, 3393390, 0, 0
926042, 3421892, 0, 0
927002, 3759891, 0, 0
928049, 3284128, 0, 0
929041, 3550420, 0, 0
930020, 4176120, 0, 0
931006, 4583943, 0, 0
932024, 3577254, 0, 0
933029, 3858286, 0, 0
934000, 3818058, 0, 0
935003, 3867319, 0, 0
936006, 3894476, 0, 0
937021, 3423816, 0, 0
938023, 3833847, 0, 0
939047, 3406270, 0, 0
940014, 3974715, 0, 0
941006, 4092418, 0, 0
942013, 3975718, 0, 0
943025, 3769122, 0, 0
944008, 4306477, 0, 0
945025, 3936080, 0, 0
946025, 3824146, 0, 0
947052, 3648761, 0, 0
948016, 3438394, 0, 0
949011, 3690817, 0, 0
950029, 3722791, 0, 0
951043, 4687833, 0, 0
952000, 4120432, 0, 0
953054, 3985729, 0, 0
954009, 3844575, 0, 0
955010, 3936571, 0, 0
956027, 4144761, 0, 0
957004, 3481985, 0, 0
958020, 3885910, 0, 0
959005, 4621589, 0, 0
960052, 4099469, 0, 0
961017, 3691263, 0, 0
962040, 3533961, 0, 0
963034, 4017439, 0, 0
964002, 3806507, 0, 0
965029, 4101399, 0, 0
966009, 4200381, 0, 0
967021, 4318283, 0, 0
968049, 4072234, 0, 0
969003, 4470786, 0, 0
970030, 4935116, 0, 0
971056, 4112828, 0, 0
972038, 4455123, 0, 0
973028, 4190490, 0, 0
974024, 4340686, 0, 0
975035, 4612181, 0, 0
976062, 4239398, 0, 0
977024, 4210254, 0, 0
978022, 4552383, 0, 0
979057, 5274932, 0, 0
980046, 4115737, 0, 0
981051, 4344650, 0, 0
982010, 4623590, 0, 0
983031, 4434658, 0, 0
984020, 4274858, 0, 0
985028, 4472836, 0, 0
986037, 4401075, 0, 0
987044, 4447719, 0, 0
988012, 4415385, 0, 0
989022, 4403372, 0, 0
990026, 4437122, 0, 0
991022, 4458905, 0, 0
992052, 5022056, 0, 0
993062, 4942648, 0, 0
994009, 4614557, 0, 0
995025, 4244296, 0, 0
996019, 4681348, 0, 0
997045, 4476317, 0, 0
998004, 4672599, 0, 0
999016, 4451967, 0, 0
1000005, 4309228, 0, 0
1001008, 4637417, 0, 0
1002006, 4373984, 0, 0
1003001, 4709118, 0, 0
1004050, 4554207, 0, 0
1005034, 4569860, 0, 0
1006033, 5572705, 0, 0
1007022, 4990293, 0, 0
1008027, 4800839, 0, 0
1009008, 5212543, 0, 0
1010018, 4760701, 0, 0
1011008, 5492563, 0, 0
1012027, 4961723, 0, 0
1013056, 5590397, 0, 0
1014055, 5278101, 0, 0
1015001, 4817756, 0, 0
1016025, 5500671, 0, 0
1017009, 4866945, 0, 0
1018011, 4903669, 0, 0
1019011, 4849331, 0, 0
1020024, 5240848, 0, 0
1021016, 4930883, 0, 0
1022023, 5682047, 0, 0
1023035, 4811744, 0, 0
1024050, 5097268, 0, 0
1025028, 4456383, 0, 0
1026009, 5297195, 0, 0
1027003, 5091966, 0, 0
1028039, 5249083, 0, 0
1029013, 4890673, 0, 0
1030050, 5203058, 0, 0
1031015, 4891770, 0, 0
1032058, 5630816, 0, 0
1033035, 4980028, 0, 0
1034016, 5599474, 0, 0
1035007, 5235435, 0, 0
1036034, 5211202, 0, 0
1037052, 5616426, 0, 0
1038036, 5088966, 0, 0
1039033, 5417203, 0, 0
1040010, 5572904, 0, 0
1041031, 5427753, 0, 0
1042048, 5259592, 0, 0
1043027, 5556852, 0, 0
1044006, 5785326, 0, 0
1045041, 5329856, 0, 0
1046006, 5538055, 0, 0
1047001, 6332143, 0, 0
1048034, 5085439, 0, 0
1049034, 5740442, 0, 0
1050049, 5596458, 0, 0
1051048, 5641825, 0, 0
1052028, 5657580, 0, 0
1053039, 5258760, 0, 0
1054039, 4801593, 0, 0
1055029, 5494025, 0, 0
1056059, 5331505, 0, 0
1057002, 5348729, 0, 0
1058034, 6250199, 0, 0
1059056, 5608181, 0, 0
1060044, 5703243, 0, 0
1061012, 5861261, 0, 0
1062056, 5925989, 0, 0
1063041, 6309919, 0, 0
1064054, 5883957, 0, 0
1065046, 5756646, 0, 0
1066020, 5691159, 0, 0
1067025, 5516421, 0, 0
1068019, 6018959, 0, 0
1069012, 5730850, 0, 0
1070046, 6418115, 0, 0
1071003, 5897323, 0, 0
1072004, 6100438, 0, 0
1073002, 5568594, 0, 0
1074048, 5806987, 0, 0
1075023, 6406607, 0, 0
1076016, 5696749, 0, 0
1077052, 5657453, 0, 0
1078040, 6205388, 0, 0
1079014, 6448432, 0, 0
1080001, 5832812, 0, 0
1081039, 5697511, 0, 0
1082021, 5731953, 0, 0
1083031, 5935629, 0, 0
1084010, 5685620, 0, 0
1085000, 5851803, 0, 0
1086048, 5883934, 0, 0
1087043, 6584834, 0, 0
1088007, 5871092, 0, 0
1089002, 6209530, 0, 0
1090057, 6234357, 0, 0
1091013, 6637561, 0, 0
1092003, 6819078, 0, 0
1093056, 6115451, 0, 0
1094011, 6198428, 0, 0
1095046, 6801964, 0, 0
1096053, 6528405, 0, 0
1097054, 6498361, 0, 0
1098064, 6147777, 0, 0
1099049, 6228152, 0, 0
1100047, 6043930, 0, 0
1101027, 6194542, 0, 0
1102012, 6187653, 0, 0
1103056, 6028694, 0, 0
1104000, 6327626, 0, 0
1105046, 6415865, 0, 0
1106005, 6473228, 0, 0
1107051, 6609449, 0, 0
1108050, 6482992, 0, 0
1109005, 6448054, 0, 0
1110024, 6787920, 0, 0
1111021, 6867797, 0, 0
1112044, 6347235, 0, 0
1113031, 6441935, 0, 0
1114010, 6751726, 0, 0
1115056, 6528069, 0, 0
1116037, 6491382, 0, 0
1117028, 6510736, 0, 0
1118013, 6271804, 0, 0
1119022, 6761950, 0, 0
1120029, 6941272, 0, 0
1121000, 6598775, 0, 0
1122010, 6768609, 0, 0
1123028, 6439818, 0, 0
1124025, 6915500, 0, 0
1125044, 7018446, 0, 0
1126053, 6859094, 0, 0
1127032, 7036827, 0, 0
1128046, 6987734, 0, 0
1129049, 6818904, 0, 0
1130011, 6626816, 0, 0
1131024, 6698747, 0, 0
1132051, 6888270, 0, 0
1133048, 7014449, 0, 0
1134061, 6981903, 0, 0
1135051, 6680881, 0, 0
1136029, 6740780, 0, 0
1137040, 7160596, 0, 0
1138006, 7371250, 0, 0
1139016, 6954446, 0, 0
1140023, 6989439, 0, 0
1141023, 6838863, 0, 0
1142018, 6811584, 0, 0
1143028, 7055807, 0, 0
1144053, 7641606, 0, 0
1145038, 6930114, 0, 0
1146046, 7406076, 0, 0
1147011, 6474031, 0, 0
1148024, 7279804, 0, 0
1149040, 7301658, 0, 0
1150052, 7123375, 0, 0
1151017, 6937194, 0, 0
1152036, 7371124, 0, 0
1153042, 7080378, 0, 0
1154010, 7442804, 0, 0
1155028, 7268266, 0, 0
1156025, 7117839, 0, 0
1157006, 7005016, 0, 0
1158000, 7042370, 0, 0
1159031, 7010415, 0, 0
1160032, 7360207, 0, 0
1161014, 7160676, 0, 0
1162009, 7766718, 0, 0
1163012, 7319269, 0, 0
1164019, 7346515, 0, 0
1165032, 7338495, 0, 0
1166056, 7470732, 0, 0
1167005, 6918868, 0, 0
1168009, 7378600, 0, 0
1169018, 7421307, 0, 0
1170009, 7278457, 0, 0
1171029, 7495427, 0, 0
1172022, 7942337, 0, 0
1173046, 7055554, 0, 0
1174006, 7057321, 0, 0
1175053, 7269702, 0, 0
1176015, 7508254, 0, 0
1177017, 7365411, 0, 0
1178002, 7572186, 0, 0
1179002, 7345750, 0, 0
1180056, 6756223, 0, 0
1181021, 7535364, 0, 0
1182023, 7303600, 0, 0
1183042, 9018990, 0, 0
1184023, 7154849, 0, 0
1185025, 7311384, 0, 0
1186038, 7321195, 0, 0
1187046, 7401964, 0, 0
1188045, 7341425, 0, 0
1189028, 7176773, 0, 0
1190043, 7458243, 0, 0
1191043, 7347070, 0, 0
1192017, 7209997, 0, 0
1193046, 7046193, 0, 0
1194027, 7154603, 0, 0
1195036, 7411698, 0, 0
1196021, 7245012, 0, 0
1197019, 7333732, 0, 0
1198035, 7412774, 0, 0
1199030, 8493781, 0, 0
1200006, 7561849, 0, 0
