1006, 457594767, 0, 0
2053, 462865664, 0, 0
3045, 466071995, 0, 0
4009, 449653088, 0, 0
5038, 485081725, 0, 0
6021, 463141561, 0, 0
7016, 456245297, 0, 0
8057, 488901116, 0, 0
9045, 465442299, 0, 0
10013, 483357372, 0, 0
11028, 473644464, 0, 0
12047, 467682332, 0, 0
13014, 470881583, 0, 0
14039, 474135067, 0, 0
15014, 449168106, 0, 0
16015, 467510752, 0, 0
17040, 473654267, 0, 0
18008, 471636636, 0, 0
19037, 478188143, 0, 0
20024, 459424557, 0, 0
21001, 438240846, 0, 0
22035, 476648080, 0, 0
23057, 468355380, 0, 0
24044, 499059948, 0, 0
25019, 476963249, 0, 0
26013, 473106595, 0, 0
27044, 477266100, 0, 0
28030, 472300730, 0, 0
29025, 463885547, 0, 0
30033, 434127774, 0, 0
31026, 444722253, 0, 0
32034, 464298191, 0, 0
33050, 439746535, 0, 0
34045, 452514581, 0, 0
35038, 457741911, 0, 0
36022, 457719366, 0, 0
37033, 439917542, 0, 0
38039, 478621428, 0, 0
39020, 457623437, 0, 0
40019, 445009574, 0, 0
41009, 446712701, 0, 0
42058, 450786009, 0, 0
43056, 427284281, 0, 0
44039, 454670426, 0, 0
45049, 456159272, 0, 0
46060, 445718076, 0, 0
47016, 458196630, 0, 0
48064, 478965220, 0, 0
49050, 449008705, 0, 0
50033, 436692135, 0, 0
51037, 444273737, 0, 0
52031, 445494852, 0, 0
53000, 432843885, 0, 0
54041, 442997593, 0, 0
55037, 433369633, 0, 0
56002, 449197292, 0, 0
57047, 446611245, 0, 0
58039, 478008131, 0, 0
59050, 435013825, 0, 0
60046, 440385351, 0, 0
61007, 449255817, 0, 0
62037, 425552711, 0, 0
63000, 449212876, 0, 0
64000, 451476646, 0, 0
65008, 423519441, 0, 0
66017, 451919318, 0, 0
67040, 449361926, 0, 0
68004, 469982314, 0, 0
69000, 431747334, 0, 0
70002, 430234836, 0, 0
71054, 441823950, 0, 0
72031, 427632974, 0, 0
73001, 426183896, 0, 0
74005, 416535604, 0, 0
75043, 432728193, 0, 0
76063, 419325721, 0, 0
77056, 437157317, 0, 0
78044, 470056461, 0, 0
79013, 423976371, 0, 0
80012, 426242167, 0, 0
81002, 432085972, 0, 0
82022, 429337854, 0, 0
83017, 441828775, 0, 0
84001, 437969317, 0, 0
85039, 461021957, 0, 0
86007, 443376240, 0, 0
87024, 439076124, 0, 0
88009, 448574910, 0, 0
89009, 430646143, 0, 0
90023, 419859058, 0, 0
91001, 422557609, 0, 0
92029, 432804895, 0, 0
93022, 427782837, 0, 0
94001, 425941398, 0, 0
95034, 410399879, 0, 0
96001, 408842924, 0, 0
97007, 421881838, 0, 0
98049, 438964723, 0, 0
99021, 430817028, 0, 0
100015, 404866081, 0, 0
101005, 431153550, 0, 0
102024, 438047333, 0, 0
103046, 452979212, 0, 0
104007, 424817176, 0, 0
105022, 399935308, 0, 0
106000, 399734105, 0, 0
107005, 417871412, 0, 0
108028, 413638594, 0, 0
109014, 422441913, 0, 0
110000, 403265735, 0, 0
111056, 427385967, 0, 0
112012, 424820166, 0, 0
113033, 416360898, 0, 0
114024, 425543333, 0, 0
115001, 417751889, 0, 0
116050, 415935342, 0, 0
117051, 402021004, 0, 0
118048, 418409676, 0, 0
119047, 431862878, 0, 0
120049, 413303567, 0, 0
121056, 394532011, 0, 0
122047, 401081467, 0, 0
123050, 422764708, 0, 0
124002, 425738163, 0, 0
125065, 417685799, 0, 0
126012, 404471085, 0, 0
127014, 421910335, 0, 0
128014, 383416241, 0, 0
129014, 415518891, 0, 0
130013, 408461448, 0, 0
131017, 407647385, 0, 0
132028, 366551678, 0, 0
133043, 381415148, 0, 0
134041, 399636292, 0, 0
135037, 401969966, 0, 0
136053, 420976270, 0, 0
137043, 412104375, 0, 0
138037, 423449467, 0, 0
139002, 397470000, 0, 0
140026, 417765166, 0, 0
141007, 368395294, 0, 0
142052, 416311609, 0, 0
143050, 432813565, 0, 0
144009, 421902243, 0, 0
145017, 396197932, 0, 0
146013, 382098115, 0, 0
147012, 405089384, 0, 0
148038, 386508512, 0, 0
149028, 381662526, 0, 0
150023, 398503754, 0, 0
151036, 366238030, 0, 0
152018, 400799743, 0, 0
153043, 390240836, 0, 0
154032, 412639863, 0, 0
155002, 392262316, 0, 0
156033, 388134761, 0, 0
157019, 390788182, 0, 0
158021, 403946033, 0, 0
159012, 371953536, 0, 0
160003, 363241940, 0, 0
161008, 408813246, 0, 0
162034, 390090275, 0, 0
163041, 392790712, 0, 0
164026, 426556883, 0, 0
165045, 399132539, 0, 0
166029, 374166707, 0, 0
167043, 413526875, 0, 0
168027, 371207047, 0, 0
169002, 398522760, 0, 0
170037, 415736360, 0, 0
171022, 406889533, 0, 0
172055, 397577825, 0, 0
173049, 401785507, 0, 0
174050, 379896728, 0, 0
175035, 392592322, 0, 0
176047, 393478037, 0, 0
177041, 389335181, 0, 0
178009, 396433482, 0, 0
179016, 399063811, 0, 0
180042, 356699826, 0, 0
181013, 369795341, 0, 0
182011, 389426867, 0, 0
183014, 398740441, 0, 0
184039, 377168786, 0, 0
185041, 354804785, 0, 0
186021, 377045019, 0, 0
187016, 408091337, 0, 0
188044, 376169406, 0, 0
189002, 391350325, 0, 0
190049, 396314403, 0, 0
191012, 372682086, 0, 0
192051, 377609833, 0, 0
193007, 370065796, 0, 0
194027, 387342778, 0, 0
195033, 349460725, 0, 0
196014, 358216495, 0, 0
197052, 361662448, 0, 0
198061, 370360235, 0, 0
199048, 365241523, 0, 0
200038, 362803949, 0, 0
201023, 354905560, 0, 0
202010, 365095557, 0, 0
203036, 364232387, 0, 0
204048, 357636965, 0, 0
205070, 348241187, 0, 0
206001, 384602644, 0, 0
207042, 359110108, 0, 0
208003, 374005470, 0, 0
209053, 370602335, 0, 0
210019, 355227587, 0, 0
211009, 414995879, 0, 0
212055, 354831676, 0, 0
213000, 367826570, 0, 0
214000, 361631647, 0, 0
215000, 354017107, 0, 0
216031, 382416413, 0, 0
217026, 318781717, 0, 0
218004, 368609303, 0, 0
219042, 358804716, 0, 0
220019, 376653798, 0, 0
221018, 365515426, 0, 0
222066, 343571461, 0, 0
223041, 362553497, 0, 0
224018, 351120462, 0, 0
225001, 338345979, 0, 0
226007, 334971930, 0, 0
227014, 351671924, 0, 0
228045, 368060531, 0, 0
229057, 367914979, 0, 0
230059, 364740922, 0, 0
231013, 388107975, 0, 0
232027, 349546405, 0, 0
233006, 369921920, 0, 0
234028, 349595035, 0, 0
235010, 353356647, 0, 0
236033, 371191733, 0, 0
237052, 338522001, 0, 0
238005, 350724664, 0, 0
239007, 343543384, 0, 0
240056, 338703899, 0, 0
241041, 326326020, 0, 0
242035, 357614299, 0, 0
243038, 348619946, 0, 0
244031, 336252939, 0, 0
245035, 328601020, 0, 0
246040, 369882554, 0, 0
247004, 366265441, 0, 0
248044, 339006751, 0, 0
249034, 327845483, 0, 0
250014, 348603268, 0, 0
251006, 345824361, 0, 0
252031, 331841269, 0, 0
253014, 347219914, 0, 0
254019, 326648424, 0, 0
255052, 325919485, 0, 0
256003, 358428860, 0, 0
257048, 322980446, 0, 0
258038, 360039344, 0, 0
259055, 323497573, 0, 0
260020, 338219228, 0, 0
261030, 337439938, 0, 0
262022, 358801752, 0, 0
263023, 360547702, 0, 0
264044, 329471462, 0, 0
265039, 328725509, 0, 0
266017, 297024141, 0, 0
267030, 350910091, 0, 0
268039, 318111075, 0, 0
269021, 350256148, 0, 0
270050, 322483223, 0, 0
271032, 337703053, 0, 0
272003, 359440483, 0, 0
273045, 352275304, 0, 0
274018, 329354016, 0, 0
275011, 349234180, 0, 0
276013, 342134725, 0, 0
277030, 344420731, 0, 0
278014, 310450632, 0, 0
279020, 340624480, 0, 0
280002, 350687329, 0, 0
281003, 339730185, 0, 0
282038, 308805034, 0, 0
283012, 331157298, 0, 0
284029, 317723932, 0, 0
285051, 315227114, 0, 0
286052, 329624247, 0, 0
287055, 320483649, 0, 0
288005, 311066055, 0, 0
289052, 329644439, 0, 0
290044, 309958698, 0, 0
291002, 318915056, 0, 0
292047, 323961578, 0, 0
293000, 325525111, 0, 0
294025, 324663937, 0, 0
295037, 299499643, 0, 0
296040, 336348880, 0, 0
297030, 285772081, 0, 0
298055, 319109273, 0, 0
299051, 312983595, 0, 0
300053, 326924971, 0, 0
301034, 317209423, 0, 0
302004, 304107892, 0, 0
303043, 314703562, 0, 0
304035, 316925068, 0, 0
305034, 302779248, 0, 0
306004, 307508636, 0, 0
307044, 332546149, 0, 0
308053, 320471301, 0, 0
309062, 313814801, 0, 0
310010, 305918825, 0, 0
311031, 320029657, 0, 0
312020, 308228201, 0, 0
313026, 320618583, 0, 0
314003, 319550050, 0, 0
315000, 300271918, 0, 0
316019, 297773080, 0, 0
317014, 304431334, 0, 0
318040, 290441583, 0, 0
319016, 326521425, 0, 0
320007, 344738305, 0, 0
321038, 310581975, 0, 0
322059, 284330981, 0, 0
323048, 339871072, 0, 0
324010, 328686521, 0, 0
325026, 302699381, 0, 0
326013, 317441013, 0, 0
327047, 287979516, 0, 0
328033, 283665822, 0, 0
329011, 305184653, 0, 0
330047, 288600530, 0, 0
331043, 302515235, 0, 0
332009, 322884160, 0, 0
333054, 298937390, 0, 0
334001, 333201552, 0, 0
335016, 297547248, 0, 0
336047, 291814682, 0, 0
337000, 325668674, 0, 0
338040, 315172603, 0, 0
339012, 310383415, 0, 0
340016, 308740777, 0, 0
341013, 323631602, 0, 0
342017, 303792681, 0, 0
343042, 265555496, 0, 0
344027, 288778102, 0, 0
345021, 292242706, 0, 0
346038, 308300524, 0, 0
347039, 313118102, 0, 0
348055, 361123725, 0, 0
349052, 327645996, 0, 0
350040, 321178243, 0, 0
351047, 317584205, 0, 0
352007, 305478098, 0, 0
353013, 317948186, 0, 0
354027, 309862142, 0, 0
355049, 304292837, 0, 0
356011, 296631109, 0, 0
357000, 288123660, 0, 0
358041, 328095673, 0, 0
359038, 304237748, 0, 0
360044, 299805558, 0, 0
361046, 278684457, 0, 0
362022, 292270053, 0, 0
363046, 333932772, 0, 0
364051, 317746080, 0, 0
365047, 282535869, 0, 0
366055, 310256457, 0, 0
367049, 299370593, 0, 0
368046, 287739714, 0, 0
369037, 293538903, 0, 0
370008, 297816376, 0, 0
371054, 260001514, 0, 0
372011, 279698339, 0, 0
373029, 276868256, 0, 0
374007, 292934057, 0, 0
375031, 271066614, 0, 0
376055, 277799869, 0, 0
377015, 310867518, 0, 0
378018, 272352836, 0, 0
379015, 273262024, 0, 0
380007, 314969586, 0, 0
381000, 296954765, 0, 0
382036, 301379561, 0, 0
383020, 284447358, 0, 0
384019, 266761166, 0, 0
385018, 258295582, 0, 0
386038, 284989359, 0, 0
387047, 255967395, 0, 0
388055, 271990705, 0, 0
389041, 272737525, 0, 0
390058, 280553168, 0, 0
391010, 290852989, 0, 0
392010, 267893638, 0, 0
393016, 294317133, 0, 0
394035, 253998501, 0, 0
395026, 265250554, 0, 0
396010, 244716554, 0, 0
397050, 266367673, 0, 0
398039, 282375667, 0, 0
399009, 276807219, 0, 0
400060, 270553618, 0, 0
401027, 261384692, 0, 0
402050, 245851608, 0, 0
403043, 268725520, 0, 0
404000, 266581322, 0, 0
405015, 275665259, 0, 0
406017, 247923433, 0, 0
407010, 291239019, 0, 0
408016, 263950212, 0, 0
409032, 269161204, 0, 0
410014, 286532876, 0, 0
411001, 239976796, 0, 0
412042, 254253440, 0, 0
413007, 266547571, 0, 0
414050, 231273861, 0, 0
415024, 247482143, 0, 0
416015, 237234548, 0, 0
417037, 276639714, 0, 0
418047, 253143854, 0, 0
419029, 248106295, 0, 0
420036, 255182911, 0, 0
421001, 252126960, 0, 0
422046, 251047575, 0, 0
423022, 238300423, 0, 0
424042, 227882868, 0, 0
425024, 264138198, 0, 0
426054, 235184773, 0, 0
427012, 260042731, 0, 0
428050, 263351754, 0, 0
429012, 264209881, 0, 0
430008, 261590498, 0, 0
431059, 228314490, 0, 0
432007, 230155906, 0, 0
433016, 250155791, 0, 0
434023, 245430999, 0, 0
435006, 305516476, 0, 0
436050, 271956313, 0, 0
437037, 262702148, 0, 0
438046, 262404147, 0, 0
439031, 258869017, 0, 0
440007, 281394544, 0, 0
441031, 239831109, 0, 0
442013, 218190476, 0, 0
443035, 248758070, 0, 0
444052, 241367031, 0, 0
445050, 255008453, 0, 0
446050, 227933624, 0, 0
447034, 234657646, 0, 0
448048, 241532552, 0, 0
449015, 269770708, 0, 0
450038, 239337909, 0, 0
451004, 238460718, 0, 0
452047, 241590021, 0, 0
453040, 247098163, 0, 0
454035, 244876470, 0, 0
455049, 220362639, 0, 0
456037, 227866829, 0, 0
457031, 227513323, 0, 0
458031, 230943038, 0, 0
459025, 249371116, 0, 0
460025, 245994817, 0, 0
461005, 242909839, 0, 0
462005, 224566991, 0, 0
463001, 252114962, 0, 0
464020, 273460090, 0, 0
465052, 266370113, 0, 0
466002, 206352115, 0, 0
467038, 260091445, 0, 0
468014, 235458992, 0, 0
469008, 244843920, 0, 0
470001, 229550945, 0, 0
471033, 253918234, 0, 0
472046, 229006796, 0, 0
473030, 252858499, 0, 0
474054, 236856552, 0, 0
475001, 235502655, 0, 0
476033, 219800372, 0, 0
477008, 237608458, 0, 0
478034, 221045236, 0, 0
479040, 210349439, 0, 0
480017, 257559468, 0, 0
481058, 221016768, 0, 0
482024, 203437402, 0, 0
483034, 240697992, 0, 0
484042, 273977534, 0, 0
485001, 216513818, 0, 0
486017, 227774984, 0, 0
487020, 220234937, 0, 0
488006, 213389798, 0, 0
489058, 236555527, 0, 0
490006, 236919811, 0, 0
491030, 194556082, 0, 0
492031, 211602020, 0, 0
493036, 222500497, 0, 0
494041, 225292737, 0, 0
495040, 216750926, 0, 0
496021, 227010307, 0, 0
497012, 214993887, 0, 0
498013, 211205227, 0, 0
499005, 211764649, 0, 0
500004, 220147854, 0, 0
501040, 235227498, 0, 0
502054, 218116021, 0, 0
503032, 211148966, 0, 0
504011, 226859223, 0, 0
505056, 198834448, 0, 0
506056, 228745260, 0, 0
507016, 229595302, 0, 0
508045, 209218160, 0, 0
509045, 216379598, 0, 0
510010, 213701950, 0, 0
511041, 207500354, 0, 0
512009, 195226605, 0, 0
513051, 227847466, 0, 0
514016, 222007623, 0, 0
515040, 232436847, 0, 0
516029, 215187499, 0, 0
517035, 193964313, 0, 0
518050, 205957716, 0, 0
519037, 216203254, 0, 0
520043, 215779085, 0, 0
521016, 198409966, 0, 0
522042, 239304978, 0, 0
523039, 206771913, 0, 0
524003, 213579910, 0, 0
525005, 227692898, 0, 0
526013, 219402866, 0, 0
527029, 202724014, 0, 0
528033, 210962365, 0, 0
529007, 212974561, 0, 0
530020, 214664728, 0, 0
531030, 208127848, 0, 0
532003, 198168725, 0, 0
533005, 193838235, 0, 0
534062, 212246659, 0, 0
535005, 215169305, 0, 0
536026, 203022363, 0, 0
537023, 214493666, 0, 0
538033, 217236363, 0, 0
539009, 232643297, 0, 0
540038, 179708190, 0, 0
541018, 179660210, 0, 0
542005, 195116984, 0, 0
543058, 193803782, 0, 0
544009, 200152721, 0, 0
545036, 179753665, 0, 0
546060, 202063501, 0, 0
547049, 202235279, 0, 0
548012, 205237968, 0, 0
549024, 211196419, 0, 0
550012, 199638314, 0, 0
551004, 201954250, 0, 0
552043, 194911283, 0, 0
553000, 186864891, 0, 0
554045, 204776518, 0, 0
555001, 206368394, 0, 0
556046, 183292139, 0, 0
557018, 194957459, 0, 0
558045, 196241514, 0, 0
559039, 187201041, 0, 0
560022, 198845897, 0, 0
561007, 170848900, 0, 0
562001, 205735201, 0, 0
563036, 183312573, 0, 0
564025, 196681757, 0, 0
565041, 199498269, 0, 0
566046, 191520432, 0, 0
567044, 187024245, 0, 0
568020, 192831762, 0, 0
569035, 194116229, 0, 0
570039, 206111583, 0, 0
571001, 162271946, 0, 0
572017, 154804811, 0, 0
573008, 176378825, 0, 0
574022, 179018123, 0, 0
575030, 182143038, 0, 0
576017, 180988969, 0, 0
577031, 182789043, 0, 0
578000, 177682454, 0, 0
579020, 171908694, 0, 0
580051, 182519065, 0, 0
581051, 176542241, 0, 0
582124, 154601040, 0, 0
583040, 204362761, 0, 0
584007, 169884366, 0, 0
585044, 214508087, 0, 0
586014, 156195802, 0, 0
587002, 163310652, 0, 0
588036, 176537484, 0, 0
589041, 169931612, 0, 0
590054, 183073283, 0, 0
591025, 170961625, 0, 0
592028, 179639598, 0, 0
593048, 160981736, 0, 0
594010, 167792309, 0, 0
595015, 181029145, 0, 0
596019, 177318855, 0, 0
597031, 166356960, 0, 0
598018, 148539761, 0, 0
599023, 181870983, 0, 0
600049, 179341389, 0, 0
601013, 179338866, 0, 0
602031, 166502834, 0, 0
603038, 163728260, 0, 0
604039, 164607900, 0, 0
605012, 178593246, 0, 0
606040, 161415609, 0, 0
607025, 171941426, 0, 0
608054, 150856739, 0, 0
609070, 153591967, 0, 0
610007, 201269336, 0, 0
611017, 181477040, 0, 0
612010, 182061202, 0, 0
613036, 148507294, 0, 0
614029, 157277231, 0, 0
615035, 162738213, 0, 0
616020, 154348021, 0, 0
617045, 220644261, 0, 0
618029, 192307285, 0, 0
619052, 181735919, 0, 0
620059, 136149680, 0, 0
621042, 170475677, 0, 0
622007, 162029332, 0, 0
623018, 173375483, 0, 0
624057, 156787298, 0, 0
625023, 153950486, 0, 0
626070, 160672049, 0, 0
627012, 179926934, 0, 0
628028, 157061192, 0, 0
629035, 157079388, 0, 0
630044, 166957020, 0, 0
631028, 151254403, 0, 0
632001, 161430450, 0, 0
633035, 163887224, 0, 0
634009, 145681707, 0, 0
635033, 163747636, 0, 0
636025, 152515546, 0, 0
637000, 160951623, 0, 0
638043, 158922874, 0, 0
639027, 138209317, 0, 0
640044, 154612763, 0, 0
641018, 148365012, 0, 0
642025, 167568926, 0, 0
643030, 143574810, 0, 0
644038, 151168951, 0, 0
645018, 156417222, 0, 0
646008, 171642646, 0, 0
647043, 169883088, 0, 0
648022, 157722814, 0, 0
649060, 150797606, 0, 0
650027, 176552115, 0, 0
651036, 161060350, 0, 0
652042, 170943609, 0, 0
653035, 181249725, 0, 0
654025, 170236914, 0, 0
655048, 168905431, 0, 0
656033, 162180250, 0, 0
657024, 177387195, 0, 0
658004, 179521183, 0, 0
659030, 187514589, 0, 0
660036, 160407497, 0, 0
661050, 169752590, 0, 0
662040, 160659351, 0, 0
663020, 160062714, 0, 0
664008, 154978037, 0, 0
665001, 161829784, 0, 0
666034, 152744519, 0, 0
667005, 158789109, 0, 0
668012, 176330241, 0, 0
669043, 155850000, 0, 0
670000, 161188270, 0, 0
671031, 147920735, 0, 0
672027, 170148441, 0, 0
673017, 163568286, 0, 0
674009, 174793581, 0, 0
675036, 144733155, 0, 0
676019, 160667866, 0, 0
677028, 142694674, 0, 0
678039, 144322346, 0, 0
679060, 157928140, 0, 0
680053, 148681751, 0, 0
681020, 152496232, 0, 0
682008, 153185827, 0, 0
683009, 153455601, 0, 0
684008, 160744175, 0, 0
685027, 154499297, 0, 0
686031, 163588312, 0, 0
687031, 163161426, 0, 0
688027, 179652235, 0, 0
689036, 160317938, 0, 0
690026, 164333692, 0, 0
691025, 164865049, 0, 0
692035, 168749454, 0, 0
693034, 159098927, 0, 0
694040, 167925493, 0, 0
695032, 172249625, 0, 0
696022, 165604385, 0, 0
697053, 158964346, 0, 0
698038, 153204311, 0, 0
699054, 161803551, 0, 0
700001, 167458595, 0, 0
701023, 139991780, 0, 0
702029, 158041063, 0, 0
703027, 170870504, 0, 0
704037, 161833039, 0, 0
705023, 153044451, 0, 0
706007, 169463746, 0, 0
707000, 157225472, 0, 0
708039, 144328036, 0, 0
709008, 157958938, 0, 0
710041, 169506529, 0, 0
711023, 157749108, 0, 0
712048, 163418378, 0, 0
713059, 163654963, 0, 0
714037, 152266746, 0, 0
715039, 164014657, 0, 0
716042, 176903327, 0, 0
717010, 180197427, 0, 0
718020, 154492956, 0, 0
719034, 166343704, 0, 0
720004, 153244906, 0, 0
721039, 145956243, 0, 0
722051, 183376836, 0, 0
723002, 155804543, 0, 0
724020, 159615399, 0, 0
725011, 183959289, 0, 0
726006, 166046147, 0, 0
727087, 194790044, 0, 0
728023, 168803070, 0, 0
729049, 170202388, 0, 0
730029, 164236132, 0, 0
731007, 139972552, 0, 0
732050, 170547118, 0, 0
733021, 154208920, 0, 0
734076, 154935758, 0, 0
735053, 146599991, 0, 0
736039, 164384468, 0, 0
737041, 166677271, 0, 0
738011, 152857272, 0, 0
739002, 168899097, 0, 0
740009, 166554727, 0, 0
741053, 160458084, 0, 0
742027, 164001787, 0, 0
743010, 170276573, 0, 0
744033, 172177116, 0, 0
745007, 154365248, 0, 0
746002, 138669770, 0, 0
747013, 153000829, 0, 0
748053, 160644290, 0, 0
749045, 172610548, 0, 0
750055, 181426327, 0, 0
751003, 183461882, 0, 0
752051, 171145226, 0, 0
753038, 165331666, 0, 0
754047, 143186299, 0, 0
755032, 143684769, 0, 0
756057, 159908735, 0, 0
757031, 154081619, 0, 0
758042, 155063676, 0, 0
759043, 168804286, 0, 0
760026, 172007739, 0, 0
761016, 179578173, 0, 0
762042, 159170034, 0, 0
763032, 148954496, 0, 0
764013, 149074431, 0, 0
765048, 147774630, 0, 0
766006, 158134721, 0, 0
767022, 180686431, 0, 0
768009, 180460243, 0, 0
769011, 182501870, 0, 0
770000, 156931566, 0, 0
771009, 142892916, 0, 0
772007, 161150747, 0, 0
773033, 164685808, 0, 0
774007, 163106700, 0, 0
775021, 171046947, 0, 0
776029, 163115105, 0, 0
777013, 188450796, 0, 0
778043, 167648850, 0, 0
779003, 190643462, 0, 0
780004, 164582059, 0, 0
781010, 198869798, 0, 0
782051, 151665672, 0, 0
783004, 167518408, 0, 0
784031, 190643554, 0, 0
785036, 167692735, 0, 0
786031, 180216768, 0, 0
787040, 174863783, 0, 0
788057, 170320932, 0, 0
789040, 170428519, 0, 0
790009, 159963829, 0, 0
791047, 186055424, 0, 0
792010, 184247273, 0, 0
793012, 191017345, 0, 0
794012, 175475108, 0, 0
795049, 176747475, 0, 0
796040, 173509421, 0, 0
797048, 166974974, 0, 0
798041, 175419117, 0, 0
799035, 166682445, 0, 0
800011, 159658313, 0, 0
801045, 191580754, 0, 0
802005, 158171184, 0, 0
803043, 178859945, 0, 0
804045, 185698988, 0, 0
805054, 170327165, 0, 0
806020, 177565466, 0, 0
807000, 171218894, 0, 0
808013, 182669187, 0, 0
809003, 167762793, 0, 0
810008, 189350368, 0, 0
811000, 180533725, 0, 0
812005, 180990775, 0, 0
813003, 175850606, 0, 0
814054, 190633953, 0, 0
815000, 176463317, 0, 0
816056, 164249568, 0, 0
817030, 161280352, 0, 0
818018, 153385453, 0, 0
819012, 186307933, 0, 0
820036, 179001522, 0, 0
821028, 175002473, 0, 0
822024, 192087719, 0, 0
823000, 180708658, 0, 0
824001, 173090767, 0, 0
825055, 192849266, 0, 0
826002, 173828638, 0, 0
827031, 191993671, 0, 0
828037, 174924247, 0, 0
829005, 180957480, 0, 0
830028, 188755921, 0, 0
831020, 162618074, 0, 0
832054, 184458606, 0, 0
833043, 164295018, 0, 0
834007, 175969622, 0, 0
835027, 157687609, 0, 0
836035, 198940998, 0, 0
837038, 170581924, 0, 0
838003, 185878055, 0, 0
839001, 188562784, 0, 0
840003, 195855880, 0, 0
841012, 192243658, 0, 0
842052, 189707467, 0, 0
843055, 181151826, 0, 0
844033, 182197773, 0, 0
845030, 184986822, 0, 0
846061, 168215512, 0, 0
847043, 184803878, 0, 0
848028, 171140371, 0, 0
849024, 188611053, 0, 0
850045, 168818171, 0, 0
851036, 190700169, 0, 0
852002, 167858559, 0, 0
853038, 191882483, 0, 0
854044, 190757615, 0, 0
855022, 184307140, 0, 0
856013, 186809706, 0, 0
857051, 174859075, 0, 0
858056, 194706946, 0, 0
859024, 210465329, 0, 0
860022, 207248214, 0, 0
861010, 237633847, 0, 0
862013, 212981664, 0, 0
863013, 215344208, 0, 0
864036, 214943632, 0, 0
865010, 209076085, 0, 0
866026, 203964794, 0, 0
867052, 185202907, 0, 0
868053, 191204651, 0, 0
869041, 196660280, 0, 0
870030, 212394353, 0, 0
871023, 209765385, 0, 0
872004, 170708628, 0, 0
873052, 194009307, 0, 0
874002, 190725910, 0, 0
875054, 194716846, 0, 0
876033, 188205984, 0, 0
877016, 193008130, 0, 0
878051, 190265542, 0, 0
879037, 206719342, 0, 0
880046, 214911531, 0, 0
881003, 217926917, 0, 0
882026, 215547622, 0, 0
883051, 205127510, 0, 0
884015, 202370887, 0, 0
885057, 203913958, 0, 0
886013, 200781015, 0, 0
887052, 204648152, 0, 0
888013, 216831294, 0, 0
889035, 214868707, 0, 0
890000, 205364652, 0, 0
891016, 194959183, 0, 0
892032, 212978726, 0, 0
893025, 188022089, 0, 0
894016, 209189111, 0, 0
895025, 207845718, 0, 0
896029, 201140326, 0, 0
897006, 199751829, 0, 0
898040, 217480152, 0, 0
899006, 232102035, 0, 0
900042, 232462628, 0, 0
901049, 221298697, 0, 0
902040, 217955988, 0, 0
903051, 229527269, 0, 0
904006, 223802083, 0, 0
905031, 198654306, 0, 0
906040, 222358959, 0, 0
907032, 207449217, 0, 0
908018, 215531686, 0, 0
909016, 231387785, 0, 0
910007, 235748257, 0, 0
911046, 213631524, 0, 0
912009, 212585423, 0, 0
913052, 217635141, 0, 0
914046, 220768126, 0, 0
915037, 198800553, 0, 0
916028, 231071613, 0, 0
917026, 234571394, 0, 0
918039, 207255970, 0, 0
919039, 237946137, 0, 0
920043, 238958517, 0, 0
921007, 221736317, 0, 0
922045, 239128047, 0, 0
923002, 235189054, 0, 0
924018, 223037523, 0, 0
925036, 218605211, 0, 0
926027, 225945527, 0, 0
927041, 232771622, 0, 0
928034, 250535657, 0, 0
929024, 223856454, 0, 0
930037, 234250460, 0, 0
931021, 221771233, 0, 0
932037, 232968361, 0, 0
933043, 213810791, 0, 0
934014, 252607933, 0, 0
935019, 227263823, 0, 0
936019, 244490402, 0, 0
937037, 223417230, 0, 0
938040, 252023417, 0, 0
939006, 244823697, 0, 0
940035, 241330273, 0, 0
941020, 262576160, 0, 0
942028, 260754994, 0, 0
943040, 236304622, 0, 0
944022, 254282550, 0, 0
945038, 263082476, 0, 0
946041, 250553746, 0, 0
947004, 269216767, 0, 0
948030, 242302836, 0, 0
949025, 263551733, 0, 0
950043, 271296610, 0, 0
951054, 271574868, 0, 0
952016, 262764681, 0, 0
953012, 259033757, 0, 0
954022, 258422229, 0, 0
955024, 249670303, 0, 0
956043, 270320892, 0, 0
957018, 236822091, 0, 0
958032, 278410971, 0, 0
959020, 267773827, 0, 0
960002, 243653441, 0, 0
961032, 254990139, 0, 0
962000, 256599755, 0, 0
963049, 242169154, 0, 0
964021, 255217681, 0, 0
965043, 276744264, 0, 0
966026, 259785134, 0, 0
967036, 276929716, 0, 0
968005, 267701861, 0, 0
969016, 294985587, 0, 0
970030, 257873491, 0, 0
971012, 298822910, 0, 0
972050, 288155828, 0, 0
973043, 281660316, 0, 0
974034, 274988423, 0, 0
975048, 259663648, 0, 0
976014, 273015134, 0, 0
977038, 268044076, 0, 0
978037, 283350890, 0, 0
979008, 277063802, 0, 0
980002, 268982675, 0, 0
981009, 253782505, 0, 0
982024, 251258833, 0, 0
983046, 294462154, 0, 0
984033, 270212477, 0, 0
985043, 299148977, 0, 0
986052, 304747812, 0, 0
987062, 297497202, 0, 0
988025, 253984776, 0, 0
989034, 306276537, 0, 0
990039, 276852139, 0, 0
991036, 291915345, 0, 0
992071, 291753913, 0, 0
993020, 304540552, 0, 0
994022, 295662603, 0, 0
995039, 299437063, 0, 0
996034, 321824786, 0, 0
997004, 300238280, 0, 0
998019, 290949621, 0, 0
999032, 315007197, 0, 0
1000019, 324497079, 0, 0
1001022, 288508978, 0, 0
1002019, 301963910, 0, 0
1003013, 289953679, 0, 0
1004009, 281558039, 0, 0
1005001, 313187442, 0, 0
1006008, 319651636, 0, 0
1007048, 318419982, 0, 0
1008056, 308197249, 0, 0
1009033, 355239833, 0, 0
1010049, 314305638, 0, 0
1011035, 323124618, 0, 0
1012057, 338458786, 0, 0
1013026, 314471315, 0, 0
1014021, 347985686, 0, 0
1015030, 326473347, 0, 0
1016056, 300814907, 0, 0
1017043, 307431435, 0, 0
1018039, 336121962, 0, 0
1019040, 328716434, 0, 0
1020049, 306846810, 0, 0
1021042, 299067434, 0, 0
1022053, 303258367, 0, 0
1023005, 341002789, 0, 0
1024019, 326940970, 0, 0
1025056, 334900835, 0, 0
1026038, 338590490, 0, 0
1027035, 317527718, 0, 0
1028013, 329227388, 0, 0
1029041, 291763609, 0, 0
1030020, 327064928, 0, 0
1031047, 336010969, 0, 0
1032024, 353755122, 0, 0
1033007, 355924005, 0, 0
1034045, 349701409, 0, 0
1035032, 337210954, 0, 0
1036002, 355200494, 0, 0
1037024, 342195413, 0, 0
1038007, 313617125, 0, 0
1039007, 316855579, 0, 0
1040048, 331749548, 0, 0
1041003, 360173308, 0, 0
1042020, 354893569, 0, 0
1043001, 383273818, 0, 0
1044034, 338414801, 0, 0
1045014, 359455905, 0, 0
1046033, 350850546, 0, 0
1047032, 363990886, 0, 0
1048008, 352363993, 0, 0
1049007, 337388772, 0, 0
1050021, 338997761, 0, 0
1051034, 380175103, 0, 0
1052040, 355674529, 0, 0
1053053, 331282071, 0, 0
1054056, 341050012, 0, 0
1055043, 364709988, 0, 0
1056013, 352039587, 0, 0
1057018, 335539916, 0, 0
1058050, 363101743, 0, 0
1059008, 374148478, 0, 0
1060006, 380917396, 0, 0
1061026, 392227499, 0, 0
1062008, 395101266, 0, 0
1063055, 390328059, 0, 0
1064007, 369055028, 0, 0
1065004, 365313301, 0, 0
1066033, 370634239, 0, 0
1067039, 375527775, 0, 0
1068035, 359863995, 0, 0
1069028, 392739338, 0, 0
1070000, 405597577, 0, 0
1071015, 367969067, 0, 0
1072021, 382047582, 0, 0
1073018, 342186677, 0, 0
1074004, 346454228, 0, 0
1075039, 381878314, 0, 0
1076031, 387062303, 0, 0
1077010, 358389281, 0, 0
1078053, 348719865, 0, 0
1079031, 375685588, 0, 0
1080017, 429550921, 0, 0
1081055, 382849173, 0, 0
1082036, 376963652, 0, 0
1083007, 427311270, 0, 0
1084055, 417367120, 0, 0
1085040, 385383328, 0, 0
1086032, 390375839, 0, 0
1087026, 386153018, 0, 0
1088048, 379028035, 0, 0
1089041, 384353498, 0, 0
1090042, 374582865, 0, 0
1091050, 388423464, 0, 0
1092033, 437166685, 0, 0
1093026, 402702771, 0, 0
1094041, 388762437, 0, 0
1095015, 414171870, 0, 0
1096021, 430784942, 0, 0
1097019, 411230330, 0, 0
1098036, 418867691, 0, 0
1099022, 387320576, 0, 0
1100019, 386919280, 0, 0
1101060, 393889340, 0, 0
1102040, 404622164, 0, 0
1103023, 398448760, 0, 0
1104029, 428972791, 0, 0
1105019, 413448184, 0, 0
1106040, 430904957, 0, 0
1107019, 433472875, 0, 0
1108016, 404508964, 0, 0
1109036, 408264482, 0, 0
1110055, 426855397, 0, 0
1111048, 415981873, 0, 0
1112016, 406757713, 0, 0
1113002, 416528251, 0, 0
1114044, 415199284, 0, 0
1115027, 445424560, 0, 0
1116008, 394497408, 0, 0
1117000, 417219968, 0, 0
1118044, 411387263, 0, 0
1119050, 424439914, 0, 0
1120064, 412424162, 0, 0
1121030, 428772944, 0, 0
1122036, 428666455, 0, 0
1123001, 423057047, 0, 0
1124059, 412995100, 0, 0
1125016, 429248014, 0, 0
1126021, 423607927, 0, 0
1127005, 433113628, 0, 0
1128010, 428820122, 0, 0
1129023, 429997832, 0, 0
1130041, 422910072, 0, 0
1131052, 436151686, 0, 0
1132038, 446861907, 0, 0
1133006, 469861648, 0, 0
1134005, 428118036, 0, 0
1135010, 449029933, 0, 0
1136045, 440096714, 0, 0
1137055, 443208443, 0, 0
1138020, 447054656, 0, 0
1139031, 459074558, 0, 0
1140039, 459154080, 0, 0
1141037, 443490677, 0, 0
1142030, 442244317, 0, 0
1143042, 457535016, 0, 0
1144008, 479911215, 0, 0
1145054, 451354536, 0, 0
1146004, 420528013, 0, 0
1147028, 450930237, 0, 0
1148041, 465302872, 0, 0
1149055, 463312618, 0, 0
1150002, 451145447, 0, 0
1151030, 456216604, 0, 0
1152051, 460151251, 0, 0
1153002, 471723222, 0, 0
1154023, 467877368, 0, 0
1155042, 478716830, 0, 0
1156041, 466710260, 0, 0
1157020, 452075006, 0, 0
1158014, 455002887, 0, 0
1159044, 463163529, 0, 0
1160046, 467535879, 0, 0
1161028, 460371842, 0, 0
1162023, 476325377, 0, 0
1163027, 475130667, 0, 0
1164036, 466017219, 0, 0
1165045, 472344228, 0, 0
1166010, 482537466, 0, 0
1167017, 453898844, 0, 0
1168025, 463502830, 0, 0
1169033, 463110117, 0, 0
1170024, 468795438, 0, 0
1171042, 478419795, 0, 0
1172035, 458843532, 0, 0
1173004, 466400994, 0, 0
1174021, 452337113, 0, 0
1175010, 457721601, 0, 0
1176030, 478623877, 0, 0
1177030, 471004065, 0, 0
1178016, 482878872, 0, 0
1179015, 472924873, 0, 0
1180008, 536345436, 0, 0
1181036, 490746348, 0, 0
1182035, 462660428, 0, 0
1183002, 508552523, 0, 0
1184041, 523608963, 0, 0
1185039, 464313633, 0, 0
1186055, 469149801, 0, 0
1187001, 477614694, 0, 0
1188001, 471503550, 0, 0
1189043, 452838571, 0, 0
1190059, 472643359, 0, 0
1191000, 470076880, 0, 0
1192032, 461249904, 0, 0
1193008, 459568340, 0, 0
1194041, 453880334, 0, 0
1195050, 477943012, 0, 0
1196036, 459759488, 0, 0
1197034, 466073394, 0, 0
1198053, 469498090, 0, 0
1199018, 503060702, 0, 0
1200050, 513892497, 0, 0
1200132, 374069160, 0, 0
