1017, 6639428, 0, 0
2020, 7374337, 0, 0
3041, 7447411, 0, 0
4000, 7482150, 0, 0
5023, 7003508, 0, 0
6042, 7483411, 0, 0
7074, 7581975, 0, 0
8064, 7674639, 0, 0
9049, 7179300, 0, 0
10042, 7191198, 0, 0
11045, 7260896, 0, 0
12053, 7350889, 0, 0
13022, 7566080, 0, 0
14022, 7241036, 0, 0
15050, 7496576, 0, 0
16053, 7204769, 0, 0
17076, 7354514, 0, 0
18021, 7261943, 0, 0
19007, 7138387, 0, 0
20021, 7396606, 0, 0
21042, 6891000, 0, 0
22005, 7293614, 0, 0
23051, 7064041, 0, 0
24012, 7383122, 0, 0
25053, 7426971, 0, 0
26029, 6920656, 0, 0
27051, 7452596, 0, 0
28063, 7778713, 0, 0
29008, 7152741, 0, 0
30027, 7322137, 0, 0
31044, 7102811, 0, 0
32015, 6931373, 0, 0
33007, 7028041, 0, 0
34008, 6996745, 0, 0
35053, 7004812, 0, 0
36038, 6881204, 0, 0
37016, 6602430, 0, 0
38044, 7085382, 0, 0
39000, 7072453, 0, 0
40054, 7120426, 0, 0
41051, 6640240, 0, 0
42030, 7191686, 0, 0
43001, 7026672, 0, 0
44048, 7215412, 0, 0
45037, 7011333, 0, 0
46049, 7323073, 0, 0
47010, 7223015, 0, 0
48030, 7276374, 0, 0
49012, 7431112, 0, 0
50065, 6876861, 0, 0
51031, 6846722, 0, 0
52061, 6954010, 0, 0
53022, 6759244, 0, 0
54019, 6963994, 0, 0
55025, 7030839, 0, 0
56034, 6951961, 0, 0
57031, 7115234, 0, 0
58007, 7386206, 0, 0
59021, 6985564, 0, 0
60026, 6741686, 0, 0
61023, 7437188, 0, 0
62045, 7187597, 0, 0
63053, 6801948, 0, 0
64040, 6664757, 0, 0
65009, 6454089, 0, 0
66000, 6597627, 0, 0
67003, 6771539, 0, 0
68031, 6985743, 0, 0
69032, 6758189, 0, 0
70016, 7019935, 0, 0
71036, 6889264, 0, 0
72050, 7082992, 0, 0
73014, 6738676, 0, 0
74018, 6467710, 0, 0
75052, 6536714, 0, 0
76049, 6512652, 0, 0
77058, 6764055, 0, 0
78052, 7305953, 0, 0
79052, 6614393, 0, 0
80042, 6596658, 0, 0
81020, 5844479, 0, 0
82010, 6509714, 0, 0
83004, 6708512, 0, 0
84055, 6525581, 0, 0
85056, 6451095, 0, 0
86001, 6738024, 0, 0
87055, 6346072, 0, 0
88040, 7286717, 0, 0
89026, 6893089, 0, 0
90023, 6639821, 0, 0
91003, 6659772, 0, 0
92022, 6877104, 0, 0
93020, 6737259, 0, 0
94050, 6598880, 0, 0
95047, 6425231, 0, 0
96001, 7010969, 0, 0
97061, 7199526, 0, 0
98013, 6945188, 0, 0
99031, 6825851, 0, 0
100011, 6994345, 0, 0
101004, 6482521, 0, 0
102013, 6462229, 0, 0
103016, 6261999, 0, 0
104002, 6399563, 0, 0
105003, 6662396, 0, 0
106060, 6772358, 0, 0
107047, 6750737, 0, 0
108039, 6316632, 0, 0
109007, 6533353, 0, 0
110000, 6439802, 0, 0
111032, 6248199, 0, 0
112027, 6454333, 0, 0
113023, 6959711, 0, 0
114006, 6178947, 0, 0
115038, 6442157, 0, 0
116029, 7018503, 0, 0
117003, 6363942, 0, 0
118019, 6717578, 0, 0
119001, 6331545, 0, 0
120015, 5992427, 0, 0
121011, 6461799, 0, 0
122000, 6414118, 0, 0
123017, 7105854, 0, 0
124001, 6184526, 0, 0
125046, 6442640, 0, 0
126038, 6398910, 0, 0
127057, 6323087, 0, 0
128047, 6337095, 0, 0
129037, 6300510, 0, 0
130034, 6302419, 0, 0
131014, 5934212, 0, 0
132016, 6717564, 0, 0
133029, 6930342, 0, 0
134005, 6374686, 0, 0
135040, 6266401, 0, 0
136025, 6265265, 0, 0
137008, 5991812, 0, 0
138037, 5803976, 0, 0
139026, 6255658, 0, 0
140005, 6071186, 0, 0
141010, 6608764, 0, 0
142005, 6331271, 0, 0
143012, 6407834, 0, 0
144057, 6325579, 0, 0
145040, 6139948, 0, 0
146006, 6146953, 0, 0
147007, 6172378, 0, 0
148023, 5669869, 0, 0
149051, 6182666, 0, 0
150014, 5977468, 0, 0
151046, 6321129, 0, 0
152050, 6354455, 0, 0
153007, 6085774, 0, 0
154044, 5888002, 0, 0
155050, 6203758, 0, 0
156048, 5761716, 0, 0
157009, 6531333, 0, 0
158016, 5986008, 0, 0
159009, 6047137, 0, 0
160027, 6521749, 0, 0
161008, 6715389, 0, 0
162011, 5821850, 0, 0
163003, 6313489, 0, 0
164057, 5850137, 0, 0
165060, 5660276, 0, 0
166002, 6148032, 0, 0
167008, 5981405, 0, 0
168030, 5972363, 0, 0
169055, 5949292, 0, 0
170039, 5718334, 0, 0
171057, 6276510, 0, 0
172034, 6139072, 0, 0
173043, 6256883, 0, 0
174018, 5534527, 0, 0
175048, 5914574, 0, 0
176014, 6606547, 0, 0
177003, 5580999, 0, 0
178031, 6114664, 0, 0
179028, 5890297, 0, 0
180029, 6060607, 0, 0
181001, 5955266, 0, 0
182032, 5787986, 0, 0
183037, 6009095, 0, 0
184013, 6418778, 0, 0
185052, 5862182, 0, 0
186008, 6006388, 0, 0
187003, 5521662, 0, 0
188012, 6180192, 0, 0
189015, 6148733, 0, 0
190031, 5731186, 0, 0
191022, 5725284, 0, 0
192001, 5403311, 0, 0
193011, 5390927, 0, 0
194027, 5837840, 0, 0
195021, 5673014, 0, 0
196047, 6651744, 0, 0
197021, 6005823, 0, 0
198010, 5776589, 0, 0
199015, 5911363, 0, 0
200002, 5324064, 0, 0
201004, 5925599, 0, 0
202028, 5681378, 0, 0
203040, 5840306, 0, 0
204035, 5987126, 0, 0
205034, 5944467, 0, 0
206049, 5793224, 0, 0
207023, 5858556, 0, 0
208001, 5648900, 0, 0
209008, 5881074, 0, 0
210020, 6128900, 0, 0
211021, 5371144, 0, 0
212022, 5404291, 0, 0
213023, 5918931, 0, 0
214042, 5814668, 0, 0
215031, 5256984, 0, 0
216042, 5458892, 0, 0
217049, 5847671, 0, 0
218019, 5294793, 0, 0
219025, 5645633, 0, 0
220028, 5820743, 0, 0
221017, 5554566, 0, 0
222052, 5773105, 0, 0
223008, 6160599, 0, 0
224011, 5965697, 0, 0
225002, 5347648, 0, 0
226018, 5455599, 0, 0
227055, 5663796, 0, 0
228048, 5479610, 0, 0
229046, 5566213, 0, 0
230008, 5139197, 0, 0
231040, 5340924, 0, 0
232032, 5600127, 0, 0
233041, 4752198, 0, 0
234005, 5376994, 0, 0
235018, 5325066, 0, 0
236013, 5586186, 0, 0
237023, 5606162, 0, 0
238012, 5309977, 0, 0
239047, 5972647, 0, 0
240044, 5244038, 0, 0
241027, 4957772, 0, 0
242032, 5252959, 0, 0
243039, 5162116, 0, 0
244036, 5470294, 0, 0
245025, 5013319, 0, 0
246048, 4865421, 0, 0
247023, 5937633, 0, 0
248026, 5415557, 0, 0
249013, 5298380, 0, 0
250027, 5332516, 0, 0
251024, 5757179, 0, 0
252037, 5530874, 0, 0
253040, 5412134, 0, 0
254034, 4938859, 0, 0
255000, 4870165, 0, 0
256044, 5606754, 0, 0
257055, 5644052, 0, 0
258033, 5112502, 0, 0
259003, 5099007, 0, 0
260037, 4919511, 0, 0
261016, 4891591, 0, 0
262042, 5097126, 0, 0
263034, 5240577, 0, 0
264041, 5555505, 0, 0
265000, 4840946, 0, 0
266009, 5595705, 0, 0
267061, 5154357, 0, 0
268047, 5206606, 0, 0
269041, 5015891, 0, 0
270034, 4700267, 0, 0
271051, 5209876, 0, 0
272000, 4961061, 0, 0
273050, 5295927, 0, 0
274056, 5674684, 0, 0
275022, 5518066, 0, 0
276013, 5123653, 0, 0
277035, 5612359, 0, 0
278024, 4911026, 0, 0
279022, 5195534, 0, 0
280045, 4792804, 0, 0
281001, 5334771, 0, 0
282029, 5641579, 0, 0
283044, 5760998, 0, 0
284039, 5180477, 0, 0
285036, 5470299, 0, 0
286029, 5137514, 0, 0
287041, 4811522, 0, 0
288036, 4944328, 0, 0
289017, 5051622, 0, 0
290014, 5079711, 0, 0
291024, 4872207, 0, 0
292048, 4649306, 0, 0
293001, 5090677, 0, 0
294035, 5269040, 0, 0
295026, 5104257, 0, 0
296036, 4990694, 0, 0
297022, 4852217, 0, 0
298002, 4772604, 0, 0
299034, 4729655, 0, 0
300028, 4911277, 0, 0
301030, 4953362, 0, 0
302035, 5515439, 0, 0
303052, 5184445, 0, 0
304011, 4650669, 0, 0
305044, 4984016, 0, 0
306044, 5172369, 0, 0
307019, 4683981, 0, 0
308028, 5169513, 0, 0
309022, 4938671, 0, 0
310006, 4813416, 0, 0
311047, 4815124, 0, 0
312034, 4651433, 0, 0
313026, 5724445, 0, 0
314030, 5119907, 0, 0
315056, 5335636, 0, 0
316022, 5301361, 0, 0
317038, 4611667, 0, 0
318035, 5188856, 0, 0
319016, 4922163, 0, 0
320040, 4961691, 0, 0
321056, 5768526, 0, 0
322040, 4840168, 0, 0
323038, 4745577, 0, 0
324033, 4922042, 0, 0
325038, 4942451, 0, 0
326044, 4811066, 0, 0
327015, 4823299, 0, 0
328003, 5035498, 0, 0
329034, 4721770, 0, 0
330026, 4742561, 0, 0
331047, 5020555, 0, 0
332004, 4756131, 0, 0
333034, 4924379, 0, 0
334022, 4856657, 0, 0
335005, 4859751, 0, 0
336032, 4539012, 0, 0
337050, 4797995, 0, 0
338056, 4877038, 0, 0
339037, 4685654, 0, 0
340015, 4501908, 0, 0
341001, 4414216, 0, 0
342027, 4660942, 0, 0
343002, 5233814, 0, 0
344041, 4529636, 0, 0
345051, 4854155, 0, 0
346030, 4304586, 0, 0
347040, 4565480, 0, 0
348023, 4739634, 0, 0
349005, 4361518, 0, 0
350050, 4190531, 0, 0
351027, 4095826, 0, 0
352057, 4614520, 0, 0
353042, 4369826, 0, 0
354045, 4681398, 0, 0
355053, 5011589, 0, 0
356025, 4665607, 0, 0
357005, 4896002, 0, 0
358059, 4961915, 0, 0
359008, 4390194, 0, 0
360001, 4466607, 0, 0
361044, 4429273, 0, 0
362058, 4405926, 0, 0
363010, 5252622, 0, 0
364009, 4226507, 0, 0
365039, 4283654, 0, 0
366026, 4401942, 0, 0
367031, 4198249, 0, 0
368030, 4375221, 0, 0
369040, 4604074, 0, 0
370016, 4256499, 0, 0
371029, 4517173, 0, 0
372059, 4339369, 0, 0
373010, 4417011, 0, 0
374038, 4174063, 0, 0
375011, 4279224, 0, 0
376033, 4597166, 0, 0
377039, 4650442, 0, 0
378018, 4425860, 0, 0
379002, 4466150, 0, 0
380029, 4184030, 0, 0
381011, 4035659, 0, 0
382023, 4108701, 0, 0
383051, 4482362, 0, 0
384041, 4354441, 0, 0
385006, 4117429, 0, 0
386006, 4249129, 0, 0
387023, 4574902, 0, 0
388023, 4421705, 0, 0
389029, 4130924, 0, 0
390047, 4520483, 0, 0
391032, 3979614, 0, 0
392010, 4120769, 0, 0
393049, 4475526, 0, 0
394025, 4407818, 0, 0
395034, 4162798, 0, 0
396008, 3970041, 0, 0
397022, 4113514, 0, 0
398018, 4163045, 0, 0
399008, 4534962, 0, 0
400030, 4681879, 0, 0
401008, 4459754, 0, 0
402022, 3999842, 0, 0
403044, 4724776, 0, 0
404032, 3809886, 0, 0
405009, 4224746, 0, 0
406036, 4363658, 0, 0
407041, 3829947, 0, 0
408047, 4099715, 0, 0
409037, 4017615, 0, 0
410030, 3713694, 0, 0
411015, 3723671, 0, 0
412053, 4336784, 0, 0
413005, 3833830, 0, 0
414002, 4740799, 0, 0
415012, 4257134, 0, 0
416012, 4023347, 0, 0
417023, 4510915, 0, 0
418057, 3983343, 0, 0
419024, 4110108, 0, 0
420015, 4090947, 0, 0
421058, 3973284, 0, 0
422023, 4544620, 0, 0
423037, 4151242, 0, 0
424025, 3808530, 0, 0
425046, 3833081, 0, 0
426036, 3743446, 0, 0
427017, 4150586, 0, 0
428040, 3838128, 0, 0
429017, 3639206, 0, 0
430047, 3674375, 0, 0
431043, 4250378, 0, 0
432026, 3926921, 0, 0
433049, 3130916, 0, 0
434031, 4476318, 0, 0
435031, 3840489, 0, 0
436041, 4017694, 0, 0
437042, 3581509, 0, 0
438018, 4276356, 0, 0
439008, 4018870, 0, 0
440017, 3801968, 0, 0
441008, 3790251, 0, 0
442011, 4020248, 0, 0
443059, 3712621, 0, 0
444060, 4144204, 0, 0
445009, 4086685, 0, 0
446000, 3832563, 0, 0
447000, 3659323, 0, 0
448023, 3494675, 0, 0
449054, 3813559, 0, 0
450022, 3928769, 0, 0
451012, 3648668, 0, 0
452027, 3837638, 0, 0
453030, 3792527, 0, 0
454047, 3490647, 0, 0
455055, 3753454, 0, 0
456034, 3566912, 0, 0
457048, 3680963, 0, 0
458044, 4059092, 0, 0
459054, 3641602, 0, 0
460015, 3687063, 0, 0
461038, 3382402, 0, 0
462035, 3159329, 0, 0
463038, 3926344, 0, 0
464051, 3573431, 0, 0
465013, 3856471, 0, 0
466020, 3958660, 0, 0
467006, 3702618, 0, 0
468019, 3291878, 0, 0
469025, 3450229, 0, 0
470019, 3773133, 0, 0
471051, 3615724, 0, 0
472047, 3712857, 0, 0
473049, 3288420, 0, 0
474036, 3762672, 0, 0
475038, 3953815, 0, 0
476049, 3824296, 0, 0
477007, 3580738, 0, 0
478021, 3407709, 0, 0
479026, 3830886, 0, 0
480039, 3559560, 0, 0
481024, 3795210, 0, 0
482036, 3438738, 0, 0
483034, 3481682, 0, 0
484049, 3569279, 0, 0
485000, 3501909, 0, 0
486003, 3577082, 0, 0
487058, 3419077, 0, 0
488042, 3230119, 0, 0
489003, 3355192, 0, 0
490005, 3557421, 0, 0
491008, 3563051, 0, 0
492014, 3911304, 0, 0
493017, 3640197, 0, 0
494007, 3607362, 0, 0
495005, 3411469, 0, 0
496040, 3344206, 0, 0
497024, 3341106, 0, 0
498010, 3515334, 0, 0
499020, 3876047, 0, 0
500009, 3451909, 0, 0
501049, 3079873, 0, 0
502048, 3614132, 0, 0
503041, 3432434, 0, 0
504018, 2943257, 0, 0
505016, 3717372, 0, 0
506006, 3339243, 0, 0
507009, 3239186, 0, 0
508017, 3399574, 0, 0
509056, 3389739, 0, 0
510010, 3415007, 0, 0
511016, 3138654, 0, 0
512021, 3037855, 0, 0
513049, 2932843, 0, 0
514023, 3327080, 0, 0
515050, 3016542, 0, 0
516036, 2893562, 0, 0
517013, 3227281, 0, 0
518008, 3020291, 0, 0
519018, 3598591, 0, 0
520008, 3595347, 0, 0
521018, 3063171, 0, 0
522034, 3219826, 0, 0
523025, 3190788, 0, 0
524003, 3377319, 0, 0
525021, 3579202, 0, 0
526000, 3090676, 0, 0
527015, 3506414, 0, 0
528059, 3002691, 0, 0
529012, 3110078, 0, 0
530009, 3478479, 0, 0
531015, 3209557, 0, 0
532002, 3117277, 0, 0
533042, 3295527, 0, 0
534011, 2973856, 0, 0
535051, 3135572, 0, 0
536021, 2932990, 0, 0
537021, 2718740, 0, 0
538029, 2941256, 0, 0
539002, 3026833, 0, 0
540039, 3461439, 0, 0
541016, 3446322, 0, 0
542045, 3055116, 0, 0
543028, 2972997, 0, 0
544037, 3499070, 0, 0
545028, 2823706, 0, 0
546009, 3118292, 0, 0
547000, 2997308, 0, 0
548031, 3176854, 0, 0
549024, 2823196, 0, 0
550041, 2616146, 0, 0
551048, 3100681, 0, 0
552023, 2725411, 0, 0
553017, 3410989, 0, 0
554002, 3059365, 0, 0
555024, 2758168, 0, 0
556039, 3480475, 0, 0
557005, 2605870, 0, 0
558036, 2938046, 0, 0
559045, 3051823, 0, 0
560023, 2734622, 0, 0
561039, 3198809, 0, 0
562035, 2974980, 0, 0
563054, 3028084, 0, 0
564016, 2892658, 0, 0
565054, 2828302, 0, 0
566010, 3130888, 0, 0
567034, 2894006, 0, 0
568037, 2926085, 0, 0
569007, 2791288, 0, 0
570026, 3007073, 0, 0
571053, 2823169, 0, 0
572051, 2798972, 0, 0
573022, 2797980, 0, 0
574040, 3136832, 0, 0
575041, 2791288, 0, 0
576026, 3131033, 0, 0
577027, 2650090, 0, 0
578058, 2847584, 0, 0
579009, 2658923, 0, 0
580045, 3050311, 0, 0
581028, 2920593, 0, 0
582034, 3135545, 0, 0
583055, 2723693, 0, 0
584029, 2786951, 0, 0
585055, 3238185, 0, 0
586024, 2607768, 0, 0
587060, 2447685, 0, 0
588053, 2729896, 0, 0
589034, 2517120, 0, 0
590031, 2746025, 0, 0
591044, 3028447, 0, 0
592016, 2566239, 0, 0
593039, 2744676, 0, 0
594031, 2418146, 0, 0
595005, 2330254, 0, 0
596027, 2849152, 0, 0
597050, 2582630, 0, 0
598048, 2640412, 0, 0
599054, 2751949, 0, 0
600054, 2408221, 0, 0
601025, 2300895, 0, 0
602046, 2337117, 0, 0
603037, 2593518, 0, 0
604043, 2782804, 0, 0
605000, 2642477, 0, 0
606017, 2538583, 0, 0
607004, 2822294, 0, 0
608012, 2738152, 0, 0
609007, 2700017, 0, 0
610040, 2602106, 0, 0
611029, 2929857, 0, 0
612001, 2424158, 0, 0
613051, 2326518, 0, 0
614001, 2541283, 0, 0
615050, 2485740, 0, 0
616010, 2423594, 0, 0
617031, 2777232, 0, 0
618056, 2726670, 0, 0
619056, 2867856, 0, 0
620051, 2691763, 0, 0
621049, 2363415, 0, 0
622008, 2416634, 0, 0
623013, 2576774, 0, 0
624032, 2547471, 0, 0
625067, 2640261, 0, 0
626010, 2469082, 0, 0
627014, 2346270, 0, 0
628008, 2630969, 0, 0
629043, 2568258, 0, 0
630053, 2375583, 0, 0
631025, 2184135, 0, 0
632027, 2710420, 0, 0
633016, 2299999, 0, 0
634047, 2248307, 0, 0
635006, 2531238, 0, 0
636050, 2499547, 0, 0
637033, 2679057, 0, 0
638007, 2465248, 0, 0
639006, 2449805, 0, 0
640048, 2344587, 0, 0
641023, 2152357, 0, 0
642000, 2112092, 0, 0
643053, 2414826, 0, 0
644013, 2514899, 0, 0
645041, 2199966, 0, 0
646008, 2301901, 0, 0
647015, 2095356, 0, 0
648031, 2248601, 0, 0
649048, 2703262, 0, 0
650032, 2283638, 0, 0
651011, 2393212, 0, 0
652020, 2048393, 0, 0
653012, 2137040, 0, 0
654028, 2560990, 0, 0
655052, 2237983, 0, 0
656019, 2376275, 0, 0
657013, 2597974, 0, 0
658000, 2294206, 0, 0
659032, 2394525, 0, 0
660022, 2639967, 0, 0
661048, 2358277, 0, 0
662045, 2644842, 0, 0
663046, 2955035, 0, 0
664016, 2304202, 0, 0
665031, 2162493, 0, 0
666001, 2338696, 0, 0
667048, 2559813, 0, 0
668030, 2332461, 0, 0
669028, 2433399, 0, 0
670009, 2562376, 0, 0
671015, 2388520, 0, 0
672044, 2129575, 0, 0
673022, 2574032, 0, 0
674018, 2178121, 0, 0
675045, 2784167, 0, 0
676042, 2461541, 0, 0
677056, 3078216, 0, 0
678015, 2361919, 0, 0
679006, 2520307, 0, 0
680019, 2948648, 0, 0
681000, 2197315, 0, 0
682052, 2736068, 0, 0
683055, 2618862, 0, 0
684040, 2395274, 0, 0
685047, 2309713, 0, 0
686028, 2471901, 0, 0
687000, 2428246, 0, 0
688051, 2377711, 0, 0
689011, 2243704, 0, 0
690036, 2518487, 0, 0
691014, 2462710, 0, 0
692003, 2102761, 0, 0
693049, 2387639, 0, 0
694014, 2359382, 0, 0
695014, 2476228, 0, 0
696039, 2622296, 0, 0
697005, 2427204, 0, 0
698006, 2412087, 0, 0
699054, 2364405, 0, 0
700023, 2252593, 0, 0
701041, 2611866, 0, 0
702019, 2186517, 0, 0
703012, 2496028, 0, 0
704057, 2290220, 0, 0
705021, 2312111, 0, 0
706040, 2461494, 0, 0
707008, 1960306, 0, 0
708038, 2800937, 0, 0
709011, 2250780, 0, 0
710051, 1896260, 0, 0
711048, 2431991, 0, 0
712005, 2518354, 0, 0
713022, 2214441, 0, 0
714049, 2236902, 0, 0
715022, 2149796, 0, 0
716053, 2443707, 0, 0
717017, 2499166, 0, 0
718046, 2415111, 0, 0
719016, 2092778, 0, 0
720049, 2184080, 0, 0
721000, 2475022, 0, 0
722028, 2408744, 0, 0
723043, 2026740, 0, 0
724053, 2393287, 0, 0
725053, 2515075, 0, 0
726020, 2537914, 0, 0
727087, 2815172, 0, 0
728034, 2100336, 0, 0
729036, 2569172, 0, 0
730025, 2309977, 0, 0
731010, 2242636, 0, 0
732007, 2012201, 0, 0
733013, 2379323, 0, 0
734011, 2196604, 0, 0
735045, 1979617, 0, 0
736046, 2083335, 0, 0
737016, 2296854, 0, 0
738032, 2390573, 0, 0
739043, 2561363, 0, 0
740029, 2113680, 0, 0
741051, 2245100, 0, 0
742000, 2727095, 0, 0
743014, 2933347, 0, 0
744030, 2341030, 0, 0
745044, 2547706, 0, 0
746032, 2115445, 0, 0
747013, 2334007, 0, 0
748004, 2387626, 0, 0
749007, 2264623, 0, 0
750035, 2106060, 0, 0
751025, 2584235, 0, 0
752019, 2406625, 0, 0
753012, 2445842, 0, 0
754053, 2154185, 0, 0
755024, 2465212, 0, 0
756051, 2242277, 0, 0
757052, 2273320, 0, 0
758038, 1934873, 0, 0
759039, 1961531, 0, 0
760051, 2336721, 0, 0
761027, 2290250, 0, 0
762043, 2352970, 0, 0
763008, 2341494, 0, 0
764023, 2927695, 0, 0
765001, 2175416, 0, 0
766050, 2076321, 0, 0
767004, 2232875, 0, 0
768041, 2462993, 0, 0
769059, 2202455, 0, 0
770026, 2279022, 0, 0
771003, 2096370, 0, 0
772044, 2349408, 0, 0
773013, 2182110, 0, 0
774040, 2376079, 0, 0
775046, 2465723, 0, 0
776041, 2225183, 0, 0
777014, 2345035, 0, 0
778027, 2482304, 0, 0
779029, 2487159, 0, 0
780027, 2381054, 0, 0
781008, 2336762, 0, 0
782023, 2268433, 0, 0
783000, 2271033, 0, 0
784023, 2194186, 0, 0
785017, 2425887, 0, 0
786008, 2254932, 0, 0
787014, 2181778, 0, 0
788054, 2435587, 0, 0
789023, 2238272, 0, 0
790061, 2127725, 0, 0
791047, 2075489, 0, 0
792004, 2416524, 0, 0
793033, 2376049, 0, 0
794044, 2400480, 0, 0
795034, 2307224, 0, 0
796042, 2407504, 0, 0
797056, 2471494, 0, 0
798026, 2349336, 0, 0
799020, 2361761, 0, 0
800005, 2349283, 0, 0
801018, 2423658, 0, 0
802045, 2166150, 0, 0
803048, 2410376, 0, 0
804045, 2362612, 0, 0
805022, 2150481, 0, 0
806036, 2449519, 0, 0
807037, 2061576, 0, 0
808013, 2472342, 0, 0
809055, 2040899, 0, 0
810052, 2037329, 0, 0
811034, 2240456, 0, 0
812019, 2218825, 0, 0
813044, 2640730, 0, 0
814031, 2150614, 0, 0
815047, 2291539, 0, 0
816024, 2132249, 0, 0
817023, 2461977, 0, 0
818014, 2329793, 0, 0
819023, 2202760, 0, 0
820028, 2276924, 0, 0
821051, 2064964, 0, 0
822054, 2066577, 0, 0
823048, 2274667, 0, 0
824034, 2560175, 0, 0
825006, 2310521, 0, 0
826037, 2155035, 0, 0
827032, 2053647, 0, 0
828049, 2157266, 0, 0
829043, 2435582, 0, 0
830025, 2248763, 0, 0
831012, 2018699, 0, 0
832045, 2270682, 0, 0
833021, 2317037, 0, 0
834049, 2119323, 0, 0
835050, 2015600, 0, 0
836006, 2302768, 0, 0
837027, 2460307, 0, 0
838045, 2089036, 0, 0
839036, 2130142, 0, 0
840017, 2108823, 0, 0
841033, 2459417, 0, 0
842045, 2239425, 0, 0
843053, 2248648, 0, 0
844049, 2094952, 0, 0
845045, 2213655, 0, 0
846052, 2210685, 0, 0
847010, 2115408, 0, 0
848019, 2027663, 0, 0
849044, 2035818, 0, 0
850000, 2099000, 0, 0
851038, 2251874, 0, 0
852023, 2149318, 0, 0
853005, 2215486, 0, 0
854015, 2214009, 0, 0
855042, 1991884, 0, 0
856011, 2033207, 0, 0
857028, 2263437, 0, 0
858013, 2374829, 0, 0
859024, 2275598, 0, 0
860034, 2398907, 0, 0
861022, 2018348, 0, 0
862054, 2113419, 0, 0
863012, 2286327, 0, 0
864029, 1912365, 0, 0
865026, 2460720, 0, 0
866034, 2140577, 0, 0
867045, 2011953, 0, 0
868012, 1978445, 0, 0
869015, 2249233, 0, 0
870008, 1959424, 0, 0
871047, 1985305, 0, 0
872004, 1976459, 0, 0
873000, 1960546, 0, 0
874025, 2139704, 0, 0
875035, 2006026, 0, 0
876048, 1793814, 0, 0
877033, 1902152, 0, 0
878002, 1960148, 0, 0
879026, 2255570, 0, 0
880009, 2322411, 0, 0
881005, 2207746, 0, 0
882030, 2170852, 0, 0
883013, 1865988, 0, 0
884010, 2032450, 0, 0
885048, 2281165, 0, 0
886061, 1870232, 0, 0
887026, 2180490, 0, 0
888005, 2051729, 0, 0
889035, 2058441, 0, 0
890009, 1818043, 0, 0
891011, 2027019, 0, 0
892033, 1887213, 0, 0
893012, 1970766, 0, 0
894022, 2038395, 0, 0
895039, 2074440, 0, 0
896047, 1619565, 0, 0
897043, 1866943, 0, 0
898036, 2000699, 0, 0
899002, 2396166, 0, 0
900034, 2058783, 0, 0
901013, 2029561, 0, 0
902003, 1872397, 0, 0
903004, 2146954, 0, 0
904056, 2086212, 0, 0
905054, 1827752, 0, 0
906002, 2086969, 0, 0
907001, 2067387, 0, 0
908029, 1800098, 0, 0
909010, 1795132, 0, 0
910060, 1986015, 0, 0
911030, 1915636, 0, 0
912031, 1889368, 0, 0
913013, 1922916, 0, 0
914045, 1953468, 0, 0
915029, 1888670, 0, 0
916009, 1590709, 0, 0
917001, 1936039, 0, 0
918035, 2045727, 0, 0
919001, 1742745, 0, 0
920054, 1698061, 0, 0
921052, 1521338, 0, 0
922046, 1680256, 0, 0
923037, 1630781, 0, 0
924025, 1957134, 0, 0
925033, 1939801, 0, 0
926010, 1973159, 0, 0
927013, 1656563, 0, 0
928013, 1907269, 0, 0
929036, 1733322, 0, 0
930004, 2229622, 0, 0
931040, 1831400, 0, 0
932024, 1582498, 0, 0
933035, 1636608, 0, 0
934006, 1768566, 0, 0
935015, 1615704, 0, 0
936001, 1871836, 0, 0
937008, 1777558, 0, 0
938040, 1419859, 0, 0
939019, 1627051, 0, 0
940048, 1651809, 0, 0
941071, 1676554, 0, 0
942045, 1813371, 0, 0
943031, 1901595, 0, 0
944018, 1801397, 0, 0
945034, 1746589, 0, 0
946033, 1476438, 0, 0
947002, 1847396, 0, 0
948006, 1518047, 0, 0
949011, 1686303, 0, 0
950024, 1873196, 0, 0
951003, 1708436, 0, 0
952022, 1613556, 0, 0
953040, 1610583, 0, 0
954024, 1543200, 0, 0
955012, 1504949, 0, 0
956048, 1756594, 0, 0
957014, 1719018, 0, 0
958031, 1311826, 0, 0
959007, 1725308, 0, 0
960035, 1546965, 0, 0
961025, 1474429, 0, 0
962007, 1286525, 0, 0
963008, 1605419, 0, 0
964026, 1493639, 0, 0
965029, 1473805, 0, 0
966047, 1712748, 0, 0
967042, 1250424, 0, 0
968011, 1651989, 0, 0
969044, 1452596, 0, 0
970030, 1951485, 0, 0
971000, 1219643, 0, 0
972049, 1472840, 0, 0
973049, 1394331, 0, 0
974041, 1625726, 0, 0
975021, 1372465, 0, 0
976034, 1500009, 0, 0
977048, 1310663, 0, 0
978056, 1288811, 0, 0
979000, 1359153, 0, 0
980021, 1248056, 0, 0
981048, 1314551, 0, 0
982048, 1415941, 0, 0
983031, 1233127, 0, 0
984002, 1261034, 0, 0
985032, 1268840, 0, 0
986025, 1383236, 0, 0
987056, 1368158, 0, 0
988016, 1137301, 0, 0
989023, 1241796, 0, 0
990053, 1280678, 0, 0
991005, 1326899, 0, 0
992034, 1264117, 0, 0
993032, 1429144, 0, 0
994050, 1106071, 0, 0
995009, 1098902, 0, 0
996029, 1329747, 0, 0
997046, 1243262, 0, 0
998048, 1518534, 0, 0
999029, 1520160, 0, 0
1000010, 1100702, 0, 0
1001051, 965047, 0, 0
1002037, 1367151, 0, 0
1003036, 1282648, 0, 0
1004004, 1142874, 0, 0
1005060, 1219039, 0, 0
1006026, 1167204, 0, 0
1007013, 1196047, 0, 0
1008003, 1190006, 0, 0
1009047, 1054574, 0, 0
1010009, 1090859, 0, 0
1011003, 1154177, 0, 0
1012019, 1088893, 0, 0
1013044, 994969, 0, 0
1014018, 1400304, 0, 0
1015046, 871934, 0, 0
1016038, 1205914, 0, 0
1017037, 1047795, 0, 0
1018045, 1224957, 0, 0
1019016, 1032458, 0, 0
1020020, 990819, 0, 0
1021036, 1057966, 0, 0
1022040, 1121556, 0, 0
1023005, 969439, 0, 0
1024039, 1063106, 0, 0
1025024, 1060311, 0, 0
1026009, 1110997, 0, 0
1027013, 991179, 0, 0
1028040, 1156731, 0, 0
1029037, 1005631, 0, 0
1030052, 1027998, 0, 0
1031004, 1230855, 0, 0
1032016, 910454, 0, 0
1033017, 855201, 0, 0
1034025, 1101008, 0, 0
1035001, 1061245, 0, 0
1036000, 925536, 0, 0
1037041, 973930, 0, 0
1038034, 801976, 0, 0
1039013, 972261, 0, 0
1040051, 978032, 0, 0
1041012, 758022, 0, 0
1042040, 1049568, 0, 0
1043040, 872993, 0, 0
1044011, 940712, 0, 0
1045028, 988884, 0, 0
1046005, 775082, 0, 0
1047055, 947829, 0, 0
1048013, 782491, 0, 0
1049019, 810552, 0, 0
1050035, 764959, 0, 0
1051000, 1015222, 0, 0
1052010, 778701, 0, 0
1053018, 960164, 0, 0
1054039, 738287, 0, 0
1055037, 848236, 0, 0
1056018, 797025, 0, 0
1057049, 903615, 0, 0
1058052, 942382, 0, 0
1059024, 849776, 0, 0
1060038, 733882, 0, 0
1061045, 699540, 0, 0
1062054, 786676, 0, 0
1063000, 707786, 0, 0
1064047, 717059, 0, 0
1065027, 747624, 0, 0
1066027, 722053, 0, 0
1067025, 811124, 0, 0
1068002, 727944, 0, 0
1069052, 769118, 0, 0
1070022, 744597, 0, 0
1071045, 703248, 0, 0
1072019, 704978, 0, 0
1073013, 761191, 0, 0
1074025, 587226, 0, 0
1075003, 714005, 0, 0
1076036, 734304, 0, 0
1077000, 607366, 0, 0
1078059, 620579, 0, 0
1079077, 582846, 0, 0
1080002, 583763, 0, 0
1081008, 644317, 0, 0
1082027, 479779, 0, 0
1083032, 508309, 0, 0
1084043, 440975, 0, 0
1085047, 518963, 0, 0
1086005, 527350, 0, 0
1087013, 583897, 0, 0
1088031, 543023, 0, 0
1089032, 541341, 0, 0
1090026, 510364, 0, 0
1091023, 484523, 0, 0
1092006, 528308, 0, 0
1093025, 459618, 0, 0
1094046, 460271, 0, 0
1095033, 414692, 0, 0
1096018, 484727, 0, 0
1097035, 512158, 0, 0
1098049, 409783, 0, 0
1099031, 393854, 0, 0
1100052, 417943, 0, 0
1101040, 433120, 0, 0
1102024, 458638, 0, 0
1103036, 388127, 0, 0
1104028, 474871, 0, 0
1105035, 380537, 0, 0
1106046, 355513, 0, 0
1107024, 420336, 0, 0
1108032, 376885, 0, 0
1109058, 370342, 0, 0
1110021, 382099, 0, 0
1111018, 335693, 0, 0
1112018, 374792, 0, 0
1113000, 255593, 0, 0
1114040, 334947, 0, 0
1115016, 374802, 0, 0
1116023, 254480, 0, 0
1117044, 250765, 0, 0
1118034, 322032, 0, 0
1119120, 292796, 0, 0
1120008, 316419, 0, 0
1121000, 260831, 0, 0
1122041, 180439, 0, 0
1123011, 252650, 0, 0
1124030, 282614, 0, 0
1125055, 216348, 0, 0
1126041, 197287, 0, 0
1127032, 203339, 0, 0
1128019, 269628, 0, 0
1129001, 174188, 0, 0
1130075, 157556, 0, 0
1131038, 199761, 0, 0
1132045, 187878, 0, 0
1133004, 144767, 0, 0
1134007, 131051, 0, 0
1135005, 161333, 0, 0
1136000, 133508, 0, 0
1137018, 169882, 0, 0
1138050, 192827, 0, 0
1139000, 130132, 0, 0
1140017, 179530, 0, 0
1141021, 107302, 0, 0
1142017, 148216, 0, 0
1143038, 91670, 0, 0
1144044, 108493, 0, 0
1145017, 81093, 0, 0
1146033, 65321, 0, 0
1147005, 54420, 0, 0
1148011, 54316, 0, 0
1149017, 46463, 0, 0
1150028, 42964, 0, 0
1151002, 29775, 0, 0
1152000, 20820, 0, 0
1153000, 18232, 0, 0
1154000, 11392, 0, 0
1155000, 7025, 0, 0
1156000, 7636, 0, 0
1157000, 6965, 0, 0
1158000, 6843, 0, 0
1159000, 6847, 0, 0
1160000, 6874, 0, 0
1161000, 6838, 0, 0
1162000, 6850, 0, 0
1163000, 6863, 0, 0
1164000, 6826, 0, 0
1165000, 9625, 0, 0
1166000, 9607, 0, 0
1167000, 9669, 0, 0
1168000, 8386, 0, 0
1169000, 6911, 0, 0
1170000, 6888, 0, 0
1171000, 6889, 0, 0
1172000, 6991, 0, 0
1173000, 6904, 0, 0
1174000, 6899, 0, 0
1175000, 6926, 0, 0
1176000, 6884, 0, 0
1177000, 6871, 0, 0
1178000, 6859, 0, 0
1179000, 6864, 0, 0
1180000, 9260, 0, 0
1181000, 6740, 0, 0
1182000, 6770, 0, 0
1183000, 6769, 0, 0
1184000, 6735, 0, 0
1185000, 6825, 0, 0
1186000, 6805, 0, 0
1187000, 6745, 0, 0
1188000, 6756, 0, 0
1189000, 6803, 0, 0
1190000, 6853, 0, 0
1191000, 6800, 0, 0
1192000, 6800, 0, 0
1193000, 6831, 0, 0
1194000, 6819, 0, 0
1195000, 6815, 0, 0
1196000, 6832, 0, 0
1197000, 6853, 0, 0
1198000, 6833, 0, 0
1199000, 6889, 0, 0
1200000, 6866, 0, 0
