1017, 443973486, 0, 0
2020, 463215999, 0, 0
3042, 469208343, 0, 0
4000, 472146294, 0, 0
5023, 450966136, 0, 0
6042, 463025631, 0, 0
7074, 454222870, 0, 0
8064, 493704176, 0, 0
9049, 471736846, 0, 0
10042, 441730560, 0, 0
11045, 464453384, 0, 0
12053, 461674464, 0, 0
13022, 465174206, 0, 0
14022, 470608768, 0, 0
15050, 463814964, 0, 0
16053, 463209495, 0, 0
17076, 448423324, 0, 0
18021, 474219875, 0, 0
19007, 447992923, 0, 0
20021, 454747584, 0, 0
21042, 448622207, 0, 0
22005, 458276260, 0, 0
23051, 445565104, 0, 0
24012, 467620302, 0, 0
25053, 464293517, 0, 0
26029, 442428718, 0, 0
27051, 463659098, 0, 0
28063, 477994746, 0, 0
29008, 463785208, 0, 0
30027, 459884812, 0, 0
31044, 450196570, 0, 0
32015, 439983389, 0, 0
33007, 445583398, 0, 0
34008, 435345044, 0, 0
35053, 442076111, 0, 0
36038, 432923942, 0, 0
37016, 418131042, 0, 0
38044, 446626813, 0, 0
39000, 441834985, 0, 0
40054, 457046127, 0, 0
41051, 421718136, 0, 0
42030, 439127887, 0, 0
43001, 451251963, 0, 0
44048, 446635879, 0, 0
45037, 452494654, 0, 0
46049, 448232931, 0, 0
47010, 475144304, 0, 0
48030, 455195217, 0, 0
49012, 456833987, 0, 0
50065, 440094936, 0, 0
51031, 432615191, 0, 0
52061, 431528604, 0, 0
53022, 441385161, 0, 0
54019, 434297219, 0, 0
55025, 442661573, 0, 0
56034, 447762221, 0, 0
57031, 431967864, 0, 0
58007, 466608673, 0, 0
59021, 441434994, 0, 0
60026, 431667144, 0, 0
61023, 460187532, 0, 0
62045, 462441393, 0, 0
63053, 431828926, 0, 0
64040, 418959334, 0, 0
65009, 414116262, 0, 0
66000, 404070205, 0, 0
67003, 422400635, 0, 0
68031, 448530237, 0, 0
69032, 434594350, 0, 0
70016, 421452585, 0, 0
71036, 440733775, 0, 0
72050, 441722643, 0, 0
73014, 434776365, 0, 0
74018, 410405391, 0, 0
75052, 414416640, 0, 0
76049, 408483612, 0, 0
77058, 414356377, 0, 0
78052, 465905512, 0, 0
79052, 411913169, 0, 0
80042, 422496833, 0, 0
81020, 381767180, 0, 0
82010, 406872903, 0, 0
83004, 415316090, 0, 0
84055, 412295099, 0, 0
85056, 408380299, 0, 0
86001, 426898926, 0, 0
87055, 392895519, 0, 0
88040, 460529228, 0, 0
89026, 429804729, 0, 0
90023, 421398361, 0, 0
91003, 425812067, 0, 0
92022, 431560576, 0, 0
93020, 423053981, 0, 0
94050, 419849876, 0, 0
95047, 405330394, 0, 0
96001, 437287071, 0, 0
97061, 441464477, 0, 0
98013, 449007099, 0, 0
99031, 438577894, 0, 0
100011, 434469090, 0, 0
101004, 411035649, 0, 0
102013, 415936663, 0, 0
103016, 394411568, 0, 0
104002, 399326238, 0, 0
105003, 427255213, 0, 0
106060, 416750238, 0, 0
107047, 423854192, 0, 0
108039, 402747396, 0, 0
109007, 413812552, 0, 0
110000, 407660427, 0, 0
111032, 393887487, 0, 0
112027, 405242408, 0, 0
113023, 418762232, 0, 0
114006, 409071055, 0, 0
115038, 409308460, 0, 0
116029, 430274235, 0, 0
117003, 411856070, 0, 0
118019, 421070689, 0, 0
119001, 403661157, 0, 0
120015, 373039746, 0, 0
121011, 397813679, 0, 0
122000, 435448956, 0, 0
123017, 422349633, 0, 0
124001, 394727987, 0, 0
125046, 412708291, 0, 0
126038, 392723344, 0, 0
127057, 397955157, 0, 0
128047, 412406729, 0, 0
129037, 385189487, 0, 0
130034, 397721894, 0, 0
131014, 389132990, 0, 0
132016, 407486778, 0, 0
133029, 422855623, 0, 0
134005, 422228549, 0, 0
135040, 392575998, 0, 0
136025, 387730955, 0, 0
137008, 383243903, 0, 0
138037, 372268969, 0, 0
139026, 390555195, 0, 0
140005, 385719732, 0, 0
141010, 409197105, 0, 0
142005, 392913261, 0, 0
143012, 402032738, 0, 0
144057, 401343131, 0, 0
145040, 395377431, 0, 0
146006, 389061669, 0, 0
147007, 399421744, 0, 0
148023, 355299130, 0, 0
149051, 375200029, 0, 0
150014, 389137902, 0, 0
151046, 394088195, 0, 0
152050, 393370782, 0, 0
153007, 393321684, 0, 0
154044, 371687691, 0, 0
155050, 396031203, 0, 0
156048, 365896610, 0, 0
157009, 395235602, 0, 0
158016, 391106337, 0, 0
159009, 371377853, 0, 0
160027, 408629625, 0, 0
161008, 413774714, 0, 0
162011, 379121196, 0, 0
163003, 401327058, 0, 0
164057, 377919222, 0, 0
165060, 341214429, 0, 0
166002, 385149354, 0, 0
167008, 384186880, 0, 0
168030, 374663901, 0, 0
169055, 368223842, 0, 0
170039, 369277670, 0, 0
171057, 390207914, 0, 0
172034, 394563651, 0, 0
173043, 385276428, 0, 0
174018, 358417103, 0, 0
175048, 368627425, 0, 0
176014, 407222656, 0, 0
177003, 374246420, 0, 0
178031, 371581298, 0, 0
179028, 372169101, 0, 0
180029, 380773416, 0, 0
181001, 379645904, 0, 0
182032, 361444372, 0, 0
183037, 382179093, 0, 0
184013, 403980942, 0, 0
185052, 356562364, 0, 0
186008, 391533953, 0, 0
187003, 361859207, 0, 0
188012, 363472274, 0, 0
189015, 408801370, 0, 0
190031, 352003509, 0, 0
191022, 362567714, 0, 0
192001, 347343714, 0, 0
193011, 341136804, 0, 0
194027, 365220748, 0, 0
195021, 355853821, 0, 0
196047, 415061643, 0, 0
197021, 374274016, 0, 0
198010, 371457351, 0, 0
199015, 373228417, 0, 0
200002, 338648578, 0, 0
201004, 368830094, 0, 0
202028, 358439594, 0, 0
203040, 367723915, 0, 0
204035, 383514122, 0, 0
205034, 367269405, 0, 0
206049, 367608351, 0, 0
207023, 371938106, 0, 0
208001, 358071878, 0, 0
209008, 369096008, 0, 0
210020, 395681951, 0, 0
211021, 338866213, 0, 0
212022, 333987437, 0, 0
213023, 373836094, 0, 0
214042, 374553371, 0, 0
215031, 321441592, 0, 0
216042, 345461899, 0, 0
217049, 371456439, 0, 0
218019, 338647962, 0, 0
219025, 353869142, 0, 0
220028, 356434336, 0, 0
221017, 360131019, 0, 0
222052, 361956570, 0, 0
223008, 378858493, 0, 0
224011, 383071612, 0, 0
225002, 335572303, 0, 0
226018, 354836911, 0, 0
227055, 345783072, 0, 0
228048, 355012277, 0, 0
229046, 343112155, 0, 0
230008, 335325954, 0, 0
231040, 328884116, 0, 0
232032, 355517810, 0, 0
233041, 305031760, 0, 0
234005, 332548400, 0, 0
235018, 336207206, 0, 0
236013, 359393045, 0, 0
237023, 335931612, 0, 0
238012, 352495845, 0, 0
239047, 360280488, 0, 0
240044, 341097215, 0, 0
241027, 315445517, 0, 0
242032, 331984896, 0, 0
243039, 314206494, 0, 0
244036, 354287471, 0, 0
245025, 312552948, 0, 0
246048, 311220875, 0, 0
247023, 356514570, 0, 0
248026, 343389871, 0, 0
249013, 349807872, 0, 0
250027, 334561910, 0, 0
251024, 359454032, 0, 0
252037, 340302148, 0, 0
253040, 344768390, 0, 0
254034, 327750255, 0, 0
255000, 304447137, 0, 0
256044, 340915774, 0, 0
257055, 361068027, 0, 0
258033, 326330341, 0, 0
259003, 319239752, 0, 0
260037, 310595502, 0, 0
261016, 307454004, 0, 0
262042, 327385766, 0, 0
263034, 327765787, 0, 0
264041, 344302924, 0, 0
265000, 308378882, 0, 0
266009, 355865690, 0, 0
267061, 322427405, 0, 0
268047, 324069958, 0, 0
269041, 325881755, 0, 0
270034, 296759316, 0, 0
271051, 321295637, 0, 0
272000, 313703826, 0, 0
273050, 340421944, 0, 0
274056, 348445479, 0, 0
275022, 339772265, 0, 0
276013, 336007443, 0, 0
277035, 339664080, 0, 0
278024, 321242436, 0, 0
279022, 322833764, 0, 0
280045, 310895724, 0, 0
281001, 329837520, 0, 0
282029, 343580778, 0, 0
283044, 362741563, 0, 0
284039, 332563442, 0, 0
285036, 344965906, 0, 0
286029, 337214752, 0, 0
287041, 298912116, 0, 0
288036, 308122677, 0, 0
289017, 312094397, 0, 0
290014, 325204479, 0, 0
291024, 315712920, 0, 0
292048, 294219160, 0, 0
293001, 310610938, 0, 0
294035, 343960983, 0, 0
295026, 314855727, 0, 0
296036, 308822365, 0, 0
297022, 306959955, 0, 0
298002, 317677253, 0, 0
299034, 281708402, 0, 0
300028, 316141818, 0, 0
301030, 305422850, 0, 0
302035, 353837383, 0, 0
303052, 320637531, 0, 0
304011, 307214197, 0, 0
305044, 307680145, 0, 0
306044, 325670043, 0, 0
307019, 298159678, 0, 0
308028, 329608500, 0, 0
309022, 304440365, 0, 0
310006, 301521620, 0, 0
311047, 306402446, 0, 0
312034, 298032101, 0, 0
313026, 333687709, 0, 0
314030, 345283296, 0, 0
315056, 333914794, 0, 0
316022, 333477096, 0, 0
317038, 289957642, 0, 0
318035, 331972414, 0, 0
319016, 313720956, 0, 0
320040, 308186423, 0, 0
321056, 352123834, 0, 0
322040, 319738006, 0, 0
323038, 292708241, 0, 0
324033, 316434863, 0, 0
325038, 309990320, 0, 0
326044, 304060054, 0, 0
327015, 302917719, 0, 0
328003, 311852141, 0, 0
329034, 291676654, 0, 0
330026, 318885814, 0, 0
331047, 313016681, 0, 0
332004, 290712285, 0, 0
333034, 311162765, 0, 0
334022, 300721380, 0, 0
335005, 320614411, 0, 0
336032, 285756897, 0, 0
337050, 300701275, 0, 0
338056, 311833550, 0, 0
339037, 280022811, 0, 0
340015, 300894527, 0, 0
341001, 279336973, 0, 0
342027, 284489796, 0, 0
343002, 328511339, 0, 0
344041, 287267304, 0, 0
345051, 307292369, 0, 0
346030, 270765582, 0, 0
347040, 290543922, 0, 0
348023, 295983789, 0, 0
349005, 277714089, 0, 0
350050, 270810098, 0, 0
351027, 258348658, 0, 0
352057, 292560992, 0, 0
353042, 259606670, 0, 0
354045, 306614443, 0, 0
355053, 300926889, 0, 0
356025, 304355916, 0, 0
357005, 311520066, 0, 0
358059, 311102402, 0, 0
359008, 285893957, 0, 0
360001, 270937619, 0, 0
361044, 283188479, 0, 0
362058, 279816642, 0, 0
363010, 333970042, 0, 0
364009, 266736924, 0, 0
365039, 260077849, 0, 0
366026, 292812818, 0, 0
367031, 259795477, 0, 0
368030, 270068120, 0, 0
369040, 291974678, 0, 0
370016, 271049817, 0, 0
371029, 275704200, 0, 0
372059, 274283050, 0, 0
373010, 291577592, 0, 0
374038, 267613141, 0, 0
375011, 263606890, 0, 0
376033, 289362590, 0, 0
377039, 293312756, 0, 0
378018, 276839068, 0, 0
379002, 285818070, 0, 0
380029, 259471759, 0, 0
381011, 256536335, 0, 0
382023, 263789146, 0, 0
383051, 280925397, 0, 0
384041, 273566452, 0, 0
385006, 259247591, 0, 0
386006, 269489289, 0, 0
387023, 293656970, 0, 0
388023, 265372458, 0, 0
389029, 269922981, 0, 0
390047, 287451854, 0, 0
391032, 237992423, 0, 0
392010, 271354490, 0, 0
393049, 273956116, 0, 0
394025, 280040931, 0, 0
395034, 261449311, 0, 0
396008, 249953536, 0, 0
397022, 265257731, 0, 0
398018, 264286477, 0, 0
399008, 278972806, 0, 0
400030, 296598277, 0, 0
401008, 288314853, 0, 0
402022, 248950656, 0, 0
403044, 267335299, 0, 0
404032, 273825075, 0, 0
405009, 261523079, 0, 0
406036, 268650555, 0, 0
407041, 249096886, 0, 0
408047, 256498017, 0, 0
409037, 255386662, 0, 0
410030, 234097225, 0, 0
411015, 238921493, 0, 0
412053, 267593637, 0, 0
413005, 244222214, 0, 0
414002, 290993355, 0, 0
415012, 267154349, 0, 0
416012, 258822224, 0, 0
417023, 280720779, 0, 0
418057, 250045814, 0, 0
419024, 257995839, 0, 0
420015, 268138495, 0, 0
421058, 243084495, 0, 0
422023, 292876447, 0, 0
423037, 257635333, 0, 0
424025, 249482267, 0, 0
425046, 242916990, 0, 0
426036, 239041653, 0, 0
427017, 249501152, 0, 0
428040, 248013567, 0, 0
429017, 226275890, 0, 0
430047, 232065380, 0, 0
431043, 258328422, 0, 0
432026, 253979973, 0, 0
433049, 202169972, 0, 0
434031, 265974681, 0, 0
435031, 247725813, 0, 0
436041, 256919561, 0, 0
437042, 228677409, 0, 0
438018, 266030839, 0, 0
439008, 253719806, 0, 0
440017, 241321583, 0, 0
441008, 240539861, 0, 0
442011, 250498429, 0, 0
443059, 239705188, 0, 0
444060, 260275300, 0, 0
445009, 253863500, 0, 0
446000, 241917657, 0, 0
447000, 233364743, 0, 0
448023, 222919224, 0, 0
449054, 232419039, 0, 0
450022, 249956175, 0, 0
451012, 233767104, 0, 0
452027, 242202755, 0, 0
453030, 239907128, 0, 0
454047, 222092948, 0, 0
455055, 230502105, 0, 0
456034, 223699059, 0, 0
457048, 236112355, 0, 0
458044, 255249485, 0, 0
459054, 233271791, 0, 0
460015, 233071831, 0, 0
461038, 212688079, 0, 0
462035, 204690934, 0, 0
463038, 238396660, 0, 0
464051, 231980271, 0, 0
465013, 241087900, 0, 0
466020, 242926634, 0, 0
467006, 244303020, 0, 0
468019, 201995337, 0, 0
469025, 216135440, 0, 0
470019, 238006415, 0, 0
471051, 225925479, 0, 0
472047, 238581912, 0, 0
473049, 207948910, 0, 0
474036, 240906316, 0, 0
475038, 241863073, 0, 0
476049, 242211535, 0, 0
477007, 232331570, 0, 0
478021, 212789128, 0, 0
479026, 238025525, 0, 0
480039, 233396796, 0, 0
481024, 230697175, 0, 0
482036, 224460160, 0, 0
483034, 210970538, 0, 0
484049, 230388796, 0, 0
485000, 220786078, 0, 0
486003, 232031825, 0, 0
487058, 203011121, 0, 0
488042, 208100569, 0, 0
489003, 216514952, 0, 0
490005, 222418965, 0, 0
491008, 219390389, 0, 0
492014, 255402889, 0, 0
493017, 225907739, 0, 0
494007, 229835204, 0, 0
495005, 213530957, 0, 0
496040, 209580995, 0, 0
497024, 207516406, 0, 0
498010, 222765857, 0, 0
499020, 240947527, 0, 0
500009, 227381554, 0, 0
501049, 198125113, 0, 0
502048, 221259792, 0, 0
503041, 211023522, 0, 0
504018, 195307136, 0, 0
505016, 225725607, 0, 0
506006, 220905509, 0, 0
507009, 205175529, 0, 0
508017, 206707454, 0, 0
509056, 213660348, 0, 0
510010, 214714362, 0, 0
511016, 204818847, 0, 0
512021, 188487064, 0, 0
513049, 182412561, 0, 0
514023, 214001467, 0, 0
515050, 188914251, 0, 0
516036, 189051971, 0, 0
517013, 192369374, 0, 0
518008, 198710913, 0, 0
519018, 226077256, 0, 0
520008, 222409141, 0, 0
521018, 198235157, 0, 0
522034, 202118026, 0, 0
523025, 198143161, 0, 0
524003, 206695703, 0, 0
525021, 236732388, 0, 0
526000, 183864539, 0, 0
527015, 229517868, 0, 0
528059, 187849585, 0, 0
529012, 195982589, 0, 0
530009, 219746168, 0, 0
531015, 205026885, 0, 0
532002, 198092204, 0, 0
533042, 202642896, 0, 0
534011, 198415419, 0, 0
535051, 188528019, 0, 0
536021, 192485838, 0, 0
537021, 167123435, 0, 0
538029, 187057360, 0, 0
539002, 189529513, 0, 0
540039, 215559720, 0, 0
541016, 222897968, 0, 0
542045, 191561625, 0, 0
543028, 187432795, 0, 0
544037, 217712573, 0, 0
545028, 180863176, 0, 0
546009, 195867580, 0, 0
547000, 194647324, 0, 0
548031, 197901137, 0, 0
549024, 176847123, 0, 0
550041, 167484618, 0, 0
551048, 195571417, 0, 0
552023, 173831256, 0, 0
553017, 203690241, 0, 0
554002, 196209132, 0, 0
555024, 175917971, 0, 0
556039, 219833668, 0, 0
557005, 166613165, 0, 0
558036, 187349201, 0, 0
559045, 187729334, 0, 0
560023, 175539173, 0, 0
561039, 205310387, 0, 0
562035, 186051166, 0, 0
563054, 190183529, 0, 0
564016, 180326674, 0, 0
565054, 177566840, 0, 0
566010, 193476506, 0, 0
567034, 186773147, 0, 0
568037, 186512402, 0, 0
569007, 176462619, 0, 0
570026, 191081139, 0, 0
571053, 173899287, 0, 0
572051, 182476981, 0, 0
573022, 179224267, 0, 0
574040, 190175247, 0, 0
575041, 184171385, 0, 0
576026, 189420637, 0, 0
577027, 169614370, 0, 0
578058, 168827556, 0, 0
579009, 178079904, 0, 0
580045, 186463722, 0, 0
581028, 192569463, 0, 0
582034, 174841646, 0, 0
583055, 187340855, 0, 0
584029, 172527619, 0, 0
585055, 210798496, 0, 0
586024, 163103706, 0, 0
587060, 154495668, 0, 0
588053, 173176317, 0, 0
589034, 161533262, 0, 0
590031, 169200916, 0, 0
591044, 189642098, 0, 0
592016, 163637806, 0, 0
593039, 174392691, 0, 0
594031, 154237518, 0, 0
595005, 149637794, 0, 0
596027, 173821951, 0, 0
597050, 165855036, 0, 0
598048, 167448120, 0, 0
599054, 168147654, 0, 0
600054, 159278192, 0, 0
601025, 142928280, 0, 0
602046, 145051328, 0, 0
603037, 171788343, 0, 0
604043, 168940888, 0, 0
605000, 167596839, 0, 0
606017, 164092414, 0, 0
607004, 170474756, 0, 0
608012, 176636667, 0, 0
609007, 167431323, 0, 0
610040, 162815071, 0, 0
611029, 183767738, 0, 0
612001, 161906467, 0, 0
613051, 146765823, 0, 0
614001, 155108994, 0, 0
615050, 159810541, 0, 0
616010, 152360000, 0, 0
617031, 176273194, 0, 0
618056, 174739247, 0, 0
619056, 173985704, 0, 0
620051, 169770361, 0, 0
621049, 149789594, 0, 0
622008, 153569171, 0, 0
623013, 161371085, 0, 0
624032, 160578673, 0, 0
625067, 169983140, 0, 0
626010, 155357686, 0, 0
627014, 149282680, 0, 0
628008, 162281979, 0, 0
629043, 164959536, 0, 0
630053, 146877981, 0, 0
631025, 140067942, 0, 0
632027, 166536974, 0, 0
633016, 153385427, 0, 0
634047, 140549903, 0, 0
635006, 161640111, 0, 0
636051, 153095857, 0, 0
637033, 167460205, 0, 0
638007, 156144079, 0, 0
639006, 156994490, 0, 0
640048, 149111556, 0, 0
641023, 133234435, 0, 0
642000, 142900642, 0, 0
643053, 145147770, 0, 0
644013, 154562176, 0, 0
645041, 140780224, 0, 0
646008, 136390329, 0, 0
647015, 140957549, 0, 0
648031, 141382224, 0, 0
649048, 168519969, 0, 0
650032, 148078197, 0, 0
651011, 152732067, 0, 0
652020, 130415827, 0, 0
653012, 134224891, 0, 0
654028, 157785951, 0, 0
655052, 142446657, 0, 0
656019, 154877457, 0, 0
657013, 154690743, 0, 0
658000, 147751101, 0, 0
659032, 151513741, 0, 0
660022, 168589044, 0, 0
661048, 148019997, 0, 0
662045, 169038615, 0, 0
663046, 180892505, 0, 0
664016, 147531270, 0, 0
665031, 137052467, 0, 0
666001, 146284020, 0, 0
667048, 159441138, 0, 0
668030, 151901358, 0, 0
669028, 151164087, 0, 0
670009, 166830820, 0, 0
671015, 144198477, 0, 0
672044, 134873368, 0, 0
673022, 169422653, 0, 0
674018, 142041192, 0, 0
675045, 168394081, 0, 0
676042, 152330699, 0, 0
677056, 188160695, 0, 0
678015, 157140270, 0, 0
679006, 157830901, 0, 0
680019, 187305097, 0, 0
681000, 147647367, 0, 0
682052, 152134679, 0, 0
683055, 173564777, 0, 0
684040, 151507792, 0, 0
685047, 149349664, 0, 0
686028, 153119399, 0, 0
687000, 155277528, 0, 0
688051, 151551379, 0, 0
689011, 137189215, 0, 0
690036, 159226659, 0, 0
691014, 158824003, 0, 0
692003, 132856541, 0, 0
693049, 150234113, 0, 0
694014, 148690876, 0, 0
695014, 156257055, 0, 0
696039, 162442935, 0, 0
697005, 154631889, 0, 0
698006, 156179194, 0, 0
699054, 147040631, 0, 0
700023, 137323385, 0, 0
701041, 166834418, 0, 0
702019, 140153097, 0, 0
703012, 153865673, 0, 0
704057, 145837666, 0, 0
705021, 143116236, 0, 0
706040, 166689710, 0, 0
707008, 120261783, 0, 0
708038, 174684890, 0, 0
709011, 140801165, 0, 0
710051, 123047697, 0, 0
711048, 149256231, 0, 0
712005, 158253035, 0, 0
713022, 146595398, 0, 0
714049, 141621664, 0, 0
715022, 134037964, 0, 0
716053, 150511516, 0, 0
717017, 160716423, 0, 0
718046, 149728367, 0, 0
719016, 136667628, 0, 0
720049, 132511440, 0, 0
721000, 154244904, 0, 0
722028, 151138968, 0, 0
723043, 136671336, 0, 0
724053, 145491413, 0, 0
725054, 162780216, 0, 0
726020, 155905344, 0, 0
727087, 151788475, 0, 0
728034, 155198625, 0, 0
729036, 160214404, 0, 0
730025, 149343138, 0, 0
731010, 141591493, 0, 0
732007, 127395034, 0, 0
733013, 147850234, 0, 0
734011, 140327581, 0, 0
735045, 125137113, 0, 0
736046, 134004188, 0, 0
737016, 142143443, 0, 0
738032, 146315961, 0, 0
739043, 160421662, 0, 0
740029, 138285644, 0, 0
741051, 145609422, 0, 0
742000, 168470491, 0, 0
743014, 177778489, 0, 0
744030, 151834707, 0, 0
745044, 159797855, 0, 0
746032, 137353434, 0, 0
747013, 149039229, 0, 0
748004, 145223710, 0, 0
749007, 148761729, 0, 0
750035, 129292570, 0, 0
751025, 166045289, 0, 0
752019, 144776323, 0, 0
753012, 157329221, 0, 0
754053, 141308742, 0, 0
755024, 145592270, 0, 0
756051, 148507373, 0, 0
757052, 142333427, 0, 0
758038, 126965046, 0, 0
759039, 119554382, 0, 0
760051, 146696842, 0, 0
761027, 146734214, 0, 0
762043, 145627723, 0, 0
763008, 146855952, 0, 0
764023, 184082655, 0, 0
765001, 141839628, 0, 0
766050, 130390838, 0, 0
767004, 141423943, 0, 0
768041, 156196878, 0, 0
769059, 138492964, 0, 0
770026, 145244225, 0, 0
771003, 130040665, 0, 0
772044, 151890314, 0, 0
773013, 133924986, 0, 0
774040, 148796951, 0, 0
775046, 155910735, 0, 0
776041, 141260572, 0, 0
777014, 150462824, 0, 0
778027, 156270158, 0, 0
779029, 156728104, 0, 0
780027, 148536087, 0, 0
781008, 146526115, 0, 0
782023, 148977762, 0, 0
783000, 140328446, 0, 0
784023, 139178443, 0, 0
785017, 154375116, 0, 0
786008, 141363413, 0, 0
787014, 138731200, 0, 0
788054, 149535319, 0, 0
789023, 146288516, 0, 0
790061, 133643726, 0, 0
791047, 131945615, 0, 0
792004, 145798721, 0, 0
793033, 151119326, 0, 0
794044, 149561804, 0, 0
795034, 149977826, 0, 0
796042, 152114755, 0, 0
797056, 153722041, 0, 0
798026, 150876140, 0, 0
799020, 149317167, 0, 0
800005, 147273617, 0, 0
801018, 155416044, 0, 0
802045, 137094755, 0, 0
803048, 145583896, 0, 0
804045, 150193558, 0, 0
805022, 141502285, 0, 0
806036, 149698592, 0, 0
807037, 131886453, 0, 0
808013, 156379352, 0, 0
809055, 129522415, 0, 0
810052, 129042994, 0, 0
811034, 143588217, 0, 0
812019, 136669942, 0, 0
813044, 167646147, 0, 0
814031, 134770618, 0, 0
815047, 141834450, 0, 0
816024, 141831366, 0, 0
817023, 150648256, 0, 0
818014, 144762291, 0, 0
819023, 142975460, 0, 0
820028, 138320241, 0, 0
821051, 136465532, 0, 0
822054, 130978769, 0, 0
823048, 144153544, 0, 0
824034, 160653335, 0, 0
825007, 147176284, 0, 0
826037, 134905862, 0, 0
827032, 128990822, 0, 0
828049, 136329078, 0, 0
829043, 148775239, 0, 0
830025, 146166798, 0, 0
831012, 129101034, 0, 0
832045, 140528925, 0, 0
833021, 148519178, 0, 0
834049, 134712741, 0, 0
835050, 125175643, 0, 0
836006, 144063757, 0, 0
837027, 158729507, 0, 0
838045, 130079006, 0, 0
839036, 135862151, 0, 0
840017, 136150837, 0, 0
841033, 148118402, 0, 0
842045, 147790829, 0, 0
843053, 137771976, 0, 0
844049, 135779781, 0, 0
845045, 140396627, 0, 0
846052, 137618857, 0, 0
847010, 132740339, 0, 0
848019, 126713167, 0, 0
849044, 129053441, 0, 0
850000, 135938054, 0, 0
851038, 138814688, 0, 0
852023, 139784274, 0, 0
853005, 138204467, 0, 0
854015, 139146043, 0, 0
855042, 127285922, 0, 0
856011, 127740354, 0, 0
857028, 141897908, 0, 0
858013, 151790711, 0, 0
859024, 142402788, 0, 0
860034, 152144488, 0, 0
861022, 128928461, 0, 0
862054, 130055875, 0, 0
863012, 145658194, 0, 0
864029, 121723909, 0, 0
865026, 156193875, 0, 0
866034, 131869593, 0, 0
867045, 130344423, 0, 0
868012, 122500999, 0, 0
869015, 144404223, 0, 0
870008, 124353509, 0, 0
871047, 124075461, 0, 0
872004, 124920764, 0, 0
873000, 131963455, 0, 0
874025, 125957025, 0, 0
875035, 126567844, 0, 0
876048, 119192173, 0, 0
877033, 115228585, 0, 0
878002, 125023613, 0, 0
879026, 139476715, 0, 0
880009, 144316037, 0, 0
881005, 141105282, 0, 0
882030, 132707755, 0, 0
883013, 126312412, 0, 0
884010, 127533628, 0, 0
885048, 141795870, 0, 0
886061, 114304503, 0, 0
887026, 138936905, 0, 0
888005, 134869765, 0, 0
889035, 110967408, 0, 0
890009, 134051653, 0, 0
891011, 125073808, 0, 0
892033, 120289194, 0, 0
893012, 123821754, 0, 0
894022, 124918881, 0, 0
895039, 134848841, 0, 0
896047, 103491323, 0, 0
897043, 115647039, 0, 0
898036, 125992597, 0, 0
899002, 150796035, 0, 0
900034, 132020548, 0, 0
901013, 128177780, 0, 0
902003, 118383992, 0, 0
903004, 133646876, 0, 0
904056, 132356848, 0, 0
905054, 114611047, 0, 0
906002, 134949021, 0, 0
907001, 129787867, 0, 0
908029, 111461940, 0, 0
909010, 112312301, 0, 0
910060, 127385578, 0, 0
911030, 122936211, 0, 0
912031, 121560414, 0, 0
913013, 116998858, 0, 0
914045, 124512646, 0, 0
915029, 118417092, 0, 0
916009, 104007633, 0, 0
917001, 118193703, 0, 0
918035, 131657033, 0, 0
919001, 109588967, 0, 0
920054, 110249986, 0, 0
921052, 95053586, 0, 0
922046, 105861299, 0, 0
923037, 102428863, 0, 0
924025, 121919007, 0, 0
925033, 125931548, 0, 0
926010, 121526490, 0, 0
927013, 105770311, 0, 0
928013, 119652760, 0, 0
929036, 109815972, 0, 0
930004, 145440730, 0, 0
931040, 111649561, 0, 0
932024, 100771445, 0, 0
933035, 103765014, 0, 0
934006, 110330097, 0, 0
935015, 104406209, 0, 0
936001, 121339486, 0, 0
937008, 107817385, 0, 0
938040, 91170676, 0, 0
939019, 100379051, 0, 0
940048, 107318788, 0, 0
941071, 104715877, 0, 0
942045, 113795535, 0, 0
943031, 119816329, 0, 0
944018, 112685145, 0, 0
945034, 116129409, 0, 0
946033, 90541007, 0, 0
947002, 116598112, 0, 0
948006, 97139900, 0, 0
949011, 105948805, 0, 0
950024, 116313810, 0, 0
951003, 109597855, 0, 0
952022, 105909738, 0, 0
953040, 98632502, 0, 0
954024, 97319106, 0, 0
955012, 96395547, 0, 0
956048, 110499770, 0, 0
957014, 106136008, 0, 0
958031, 83931322, 0, 0
959007, 108536445, 0, 0
960035, 98248516, 0, 0
961025, 94207308, 0, 0
962007, 81026774, 0, 0
963008, 100520701, 0, 0
964026, 94857284, 0, 0
965029, 94122293, 0, 0
966047, 111119923, 0, 0
967042, 78981340, 0, 0
968011, 101195671, 0, 0
969044, 94001618, 0, 0
970030, 98431716, 0, 0
971000, 96045020, 0, 0
972049, 85529823, 0, 0
973049, 88717612, 0, 0
974041, 104098719, 0, 0
975021, 86933052, 0, 0
976034, 88859663, 0, 0
977048, 88971509, 0, 0
978056, 80496951, 0, 0
979000, 89969613, 0, 0
980021, 78307473, 0, 0
981049, 83583908, 0, 0
982048, 88681867, 0, 0
983031, 76637942, 0, 0
984002, 78944611, 0, 0
985032, 80684060, 0, 0
986025, 87789603, 0, 0
987056, 86866176, 0, 0
988016, 72776685, 0, 0
989023, 77594846, 0, 0
990053, 80881128, 0, 0
991005, 86131293, 0, 0
992034, 78184477, 0, 0
993032, 90678979, 0, 0
994050, 71822780, 0, 0
995009, 67420649, 0, 0
996029, 85632860, 0, 0
997046, 77629389, 0, 0
998048, 97436842, 0, 0
999029, 93253620, 0, 0
1000010, 72679544, 0, 0
1001051, 61104874, 0, 0
1002037, 86018043, 0, 0
1003036, 79740793, 0, 0
1004004, 70707173, 0, 0
1005060, 77555775, 0, 0
1006026, 76291228, 0, 0
1007013, 74581991, 0, 0
1008003, 77078549, 0, 0
1009047, 66841967, 0, 0
1010009, 67568653, 0, 0
1011003, 72752105, 0, 0
1012019, 69954936, 0, 0
1013044, 63208639, 0, 0
1014018, 86742819, 0, 0
1015046, 55485416, 0, 0
1016038, 75449598, 0, 0
1017037, 69076992, 0, 0
1018045, 76424052, 0, 0
1019016, 64079771, 0, 0
1020020, 64583951, 0, 0
1021036, 65954505, 0, 0
1022040, 71509205, 0, 0
1023005, 61786655, 0, 0
1024039, 65823865, 0, 0
1025024, 68280978, 0, 0
1026009, 70948742, 0, 0
1027013, 62097717, 0, 0
1028040, 73351555, 0, 0
1029037, 64118167, 0, 0
1030052, 64662510, 0, 0
1031004, 77814229, 0, 0
1032016, 58015918, 0, 0
1033017, 54051227, 0, 0
1034025, 71252285, 0, 0
1035001, 67646574, 0, 0
1036000, 58105920, 0, 0
1037041, 61904072, 0, 0
1038034, 49673104, 0, 0
1039013, 59863934, 0, 0
1040051, 63967017, 0, 0
1041012, 48174461, 0, 0
1042040, 66226987, 0, 0
1043040, 55678634, 0, 0
1044011, 58660989, 0, 0
1045028, 64079103, 0, 0
1046005, 49243946, 0, 0
1047055, 59416949, 0, 0
1048013, 47315403, 0, 0
1049019, 52857112, 0, 0
1050035, 49087054, 0, 0
1051000, 68902503, 0, 0
1052010, 46406591, 0, 0
1053018, 58185626, 0, 0
1054039, 48394278, 0, 0
1055037, 53947706, 0, 0
1056018, 51907506, 0, 0
1057049, 56334882, 0, 0
1058052, 59462184, 0, 0
1059024, 54088244, 0, 0
1060038, 47528297, 0, 0
1061045, 43089441, 0, 0
1062054, 50618195, 0, 0
1063000, 44626806, 0, 0
1064047, 45654086, 0, 0
1065027, 47609561, 0, 0
1066027, 45843112, 0, 0
1067025, 51673891, 0, 0
1068002, 46112811, 0, 0
1069052, 48851358, 0, 0
1070022, 48433059, 0, 0
1071045, 44055819, 0, 0
1072019, 43935425, 0, 0
1073013, 48802765, 0, 0
1074025, 36309088, 0, 0
1075003, 47345211, 0, 0
1076036, 45915911, 0, 0
1077000, 40645378, 0, 0
1078059, 36256197, 0, 0
1079077, 36696388, 0, 0
1080002, 39275353, 0, 0
1081008, 41559810, 0, 0
1082027, 29642109, 0, 0
1083032, 32277058, 0, 0
1084044, 28137092, 0, 0
1085047, 33417619, 0, 0
1086005, 33808437, 0, 0
1087013, 37010194, 0, 0
1088031, 34297898, 0, 0
1089032, 34680429, 0, 0
1090026, 32241358, 0, 0
1091023, 30790988, 0, 0
1092006, 32507574, 0, 0
1093025, 30168308, 0, 0
1094046, 29910483, 0, 0
1095033, 26267762, 0, 0
1096018, 31344436, 0, 0
1097035, 32417172, 0, 0
1098049, 26070560, 0, 0
1099031, 25357193, 0, 0
1100052, 26661248, 0, 0
1101040, 27535876, 0, 0
1102024, 29117099, 0, 0
1103036, 24909791, 0, 0
1104028, 30216872, 0, 0
1105035, 24276070, 0, 0
1106046, 22565912, 0, 0
1107024, 26771646, 0, 0
1108032, 23162857, 0, 0
1109058, 24339395, 0, 0
1110021, 24924450, 0, 0
1111018, 21566994, 0, 0
1112018, 24007157, 0, 0
1113000, 17074532, 0, 0
1114040, 20753444, 0, 0
1115016, 23926532, 0, 0
1116023, 16148967, 0, 0
1117044, 16390771, 0, 0
1118034, 20647724, 0, 0
1119120, 16961944, 0, 0
1120008, 22697712, 0, 0
1121000, 17499339, 0, 0
1122041, 10990371, 0, 0
1123011, 16482876, 0, 0
1124030, 18205734, 0, 0
1125055, 13408091, 0, 0
1126041, 13220103, 0, 0
1127032, 13367119, 0, 0
1128019, 17015882, 0, 0
1129001, 11477682, 0, 0
1130075, 9761315, 0, 0
1131038, 13579195, 0, 0
1132045, 11771401, 0, 0
1133004, 9667242, 0, 0
1134007, 8577408, 0, 0
1135005, 10596424, 0, 0
1136000, 8919721, 0, 0
1137018, 10819644, 0, 0
1138050, 12157209, 0, 0
1139000, 9254807, 0, 0
1140017, 10947296, 0, 0
1141021, 7174416, 0, 0
1142017, 9463067, 0, 0
1143038, 6007230, 0, 0
1144044, 7111302, 0, 0
1145017, 5380794, 0, 0
1146033, 4479910, 0, 0
1147005, 3635873, 0, 0
1148011, 3633822, 0, 0
1149017, 3215003, 0, 0
1150028, 2977183, 0, 0
1151002, 2125624, 0, 0
1152000, 1561748, 0, 0
1153000, 1377678, 0, 0
1154000, 903035, 0, 0
1155000, 631610, 0, 0
1156000, 664902, 0, 0
1157000, 605404, 0, 0
1158000, 591718, 0, 0
1159000, 592860, 0, 0
1160000, 594151, 0, 0
1161000, 591205, 0, 0
1162000, 592846, 0, 0
1163000, 593322, 0, 0
1164000, 590185, 0, 0
1165000, 834506, 0, 0
1166000, 834889, 0, 0
1167000, 840557, 0, 0
1168000, 726908, 0, 0
1169000, 596068, 0, 0
1170000, 593656, 0, 0
1171000, 593269, 0, 0
1172000, 600345, 0, 0
1173000, 595289, 0, 0
1174000, 595037, 0, 0
1175000, 596730, 0, 0
1176000, 593981, 0, 0
1177000, 592776, 0, 0
1178000, 591171, 0, 0
1179000, 592605, 0, 0
1180000, 745549, 0, 0
1181000, 584536, 0, 0
1182000, 587754, 0, 0
1183000, 587388, 0, 0
1184000, 584503, 0, 0
1185000, 590236, 0, 0
1186000, 589511, 0, 0
1187000, 583527, 0, 0
1188000, 585166, 0, 0
1189000, 588781, 0, 0
1190000, 592813, 0, 0
1191000, 588190, 0, 0
1192000, 589051, 0, 0
1193000, 590237, 0, 0
1194000, 589510, 0, 0
1195000, 589531, 0, 0
1196000, 590256, 0, 0
1197000, 592849, 0, 0
1198000, 591035, 0, 0
1199000, 596131, 0, 0
1200000, 594076, 0, 0
1200000, 394861, 0, 0
