999, 356, 0, 0
2000, 548, 0, 0
3000, 544, 0, 0
3999, 580, 0, 0
4999, 516, 0, 0
6000, 544, 0, 0
7000, 576, 0, 0
7999, 516, 0, 0
9000, 548, 0, 0
10000, 544, 0, 0
10999, 512, 0, 0
11999, 552, 0, 0
13000, 512, 0, 0
13999, 560, 0, 0
14999, 580, 0, 0
16000, 520, 0, 0
16999, 560, 0, 0
17999, 548, 0, 0
19000, 524, 0, 0
20000, 556, 0, 0
20999, 588, 0, 0
21999, 520, 0, 0
23000, 560, 0, 0
23999, 540, 0, 0
24999, 536, 0, 0
26000, 572, 0, 0
26999, 564, 0, 0
27999, 544, 0, 0
29000, 548, 0, 0
30000, 552, 0, 0
30999, 556, 0, 0
32000, 560, 0, 0
33000, 604, 0, 0
33999, 560, 0, 0
34999, 560, 0, 0
36000, 552, 0, 0
36999, 596, 0, 0
37999, 528, 0, 0
39000, 564, 0, 0
39999, 580, 0, 0
40999, 572, 0, 0
42000, 560, 0, 0
43000, 552, 0, 0
43999, 580, 0, 0
45000, 556, 0, 0
46000, 564, 0, 0
46999, 544, 0, 0
47999, 580, 0, 0
49000, 588, 0, 0
49999, 568, 0, 0
50999, 572, 0, 0
52000, 588, 0, 0
52999, 560, 0, 0
53999, 564, 0, 0
55000, 576, 0, 0
55999, 588, 0, 0
56999, 588, 0, 0
58000, 548, 0, 0
58999, 552, 0, 0
59999, 588, 0, 0
61000, 588, 0, 0
61999, 604, 0, 0
62999, 584, 0, 0
64000, 620, 0, 0
65000, 580, 0, 0
65999, 556, 0, 0
67000, 584, 0, 0
68000, 588, 0, 0
68999, 596, 0, 0
69999, 604, 0, 0
71000, 572, 0, 0
71999, 564, 0, 0
72999, 584, 0, 0
74000, 592, 0, 0
74999, 600, 0, 0
75999, 556, 0, 0
77000, 592, 0, 0
77999, 540, 0, 0
78999, 600, 0, 0
80000, 580, 0, 0
80999, 568, 0, 0
81999, 572, 0, 0
83000, 588, 0, 0
83999, 544, 0, 0
84999, 580, 0, 0
86000, 524, 0, 0
86999, 596, 0, 0
87999, 572, 0, 0
89000, 592, 0, 0
90000, 588, 0, 0
90999, 612, 0, 0
92000, 612, 0, 0
93000, 616, 0, 0
93999, 584, 0, 0
95000, 628, 0, 0
96000, 616, 0, 0
96999, 644, 0, 0
98000, 552, 0, 0
99000, 632, 0, 0
99999, 624, 0, 0
101000, 608, 0, 0
102000, 596, 0, 0
102999, 588, 0, 0
104000, 620, 0, 0
105000, 660, 0, 0
105999, 604, 0, 0
106999, 640, 0, 0
108000, 668, 0, 0
108999, 592, 0, 0
109999, 648, 0, 0
111000, 616, 0, 0
111999, 600, 0, 0
112999, 624, 0, 0
114000, 632, 0, 0
114999, 640, 0, 0
115999, 640, 0, 0
116999, 664, 0, 0
118000, 592, 0, 0
118999, 596, 0, 0
119999, 608, 0, 0
120999, 664, 0, 0
122000, 588, 0, 0
123000, 596, 0, 0
123999, 672, 0, 0
124999, 636, 0, 0
126000, 652, 0, 0
127000, 632, 0, 0
127999, 616, 0, 0
128999, 636, 0, 0
130000, 632, 0, 0
131000, 656, 0, 0
131999, 712, 0, 0
132999, 600, 0, 0
134000, 652, 0, 0
134999, 588, 0, 0
135999, 616, 0, 0
136999, 588, 0, 0
138000, 680, 0, 0
138999, 616, 0, 0
139999, 652, 0, 0
141000, 616, 0, 0
142000, 644, 0, 0
143000, 628, 0, 0
143999, 624, 0, 0
145000, 648, 0, 0
146000, 664, 0, 0
146999, 624, 0, 0
147999, 660, 0, 0
149000, 660, 0, 0
150000, 640, 0, 0
150999, 668, 0, 0
151999, 636, 0, 0
153000, 584, 0, 0
153999, 720, 0, 0
154999, 644, 0, 0
156000, 692, 0, 0
156999, 636, 0, 0
157999, 672, 0, 0
159000, 632, 0, 0
159999, 616, 0, 0
160999, 592, 0, 0
162000, 680, 0, 0
162999, 660, 0, 0
163999, 672, 0, 0
165000, 604, 0, 0
165999, 656, 0, 0
166999, 648, 0, 0
168000, 660, 0, 0
168999, 696, 0, 0
169999, 628, 0, 0
171000, 664, 0, 0
171999, 628, 0, 0
172999, 648, 0, 0
174000, 668, 0, 0
175000, 688, 0, 0
175999, 656, 0, 0
177000, 684, 0, 0
178000, 660, 0, 0
178999, 676, 0, 0
180000, 676, 0, 0
181000, 684, 0, 0
181999, 708, 0, 0
183000, 648, 0, 0
184000, 648, 0, 0
184999, 664, 0, 0
185999, 756, 0, 0
187000, 672, 0, 0
187999, 696, 0, 0
188999, 676, 0, 0
190000, 672, 0, 0
190999, 700, 0, 0
191999, 724, 0, 0
193000, 672, 0, 0
193999, 656, 0, 0
194999, 712, 0, 0
196000, 712, 0, 0
196999, 708, 0, 0
197999, 700, 0, 0
199000, 740, 0, 0
200000, 656, 0, 0
200999, 740, 0, 0
202000, 712, 0, 0
203000, 688, 0, 0
203999, 716, 0, 0
205000, 692, 0, 0
206000, 696, 0, 0
206999, 720, 0, 0
208000, 692, 0, 0
209000, 664, 0, 0
209999, 656, 0, 0
211000, 688, 0, 0
212000, 696, 0, 0
212999, 672, 0, 0
214000, 748, 0, 0
215000, 712, 0, 0
215999, 668, 0, 0
216999, 668, 0, 0
218000, 740, 0, 0
218999, 736, 0, 0
219999, 700, 0, 0
221000, 768, 0, 0
221999, 812, 0, 0
222999, 736, 0, 0
224000, 692, 0, 0
225000, 740, 0, 0
225999, 688, 0, 0
227000, 752, 0, 0
228000, 784, 0, 0
228999, 712, 0, 0
230000, 704, 0, 0
231000, 748, 0, 0
231999, 684, 0, 0
233000, 772, 0, 0
234000, 664, 0, 0
234999, 692, 0, 0
235999, 700, 0, 0
237000, 736, 0, 0
237999, 696, 0, 0
239000, 708, 0, 0
240000, 704, 0, 0
240999, 736, 0, 0
241999, 648, 0, 0
243000, 716, 0, 0
243999, 700, 0, 0
244999, 716, 0, 0
246000, 688, 0, 0
246999, 732, 0, 0
247999, 704, 0, 0
249000, 756, 0, 0
249999, 800, 0, 0
250999, 736, 0, 0
252000, 824, 0, 0
252999, 760, 0, 0
253999, 664, 0, 0
255000, 648, 0, 0
255999, 780, 0, 0
256999, 764, 0, 0
258000, 632, 0, 0
258999, 756, 0, 0
259999, 716, 0, 0
261000, 792, 0, 0
261999, 728, 0, 0
262999, 788, 0, 0
264000, 816, 0, 0
265000, 764, 0, 0
265999, 704, 0, 0
267000, 792, 0, 0
268000, 688, 0, 0
268999, 700, 0, 0
270000, 828, 0, 0
271000, 692, 0, 0
271999, 740, 0, 0
272999, 772, 0, 0
274000, 760, 0, 0
274999, 696, 0, 0
275999, 756, 0, 0
277000, 728, 0, 0
277999, 796, 0, 0
278999, 752, 0, 0
280000, 764, 0, 0
280999, 800, 0, 0
281999, 736, 0, 0
283000, 724, 0, 0
283999, 804, 0, 0
284999, 764, 0, 0
286000, 736, 0, 0
287000, 740, 0, 0
287999, 800, 0, 0
289000, 840, 0, 0
290000, 832, 0, 0
290999, 816, 0, 0
292000, 828, 0, 0
293000, 824, 0, 0
293999, 812, 0, 0
294999, 792, 0, 0
296000, 776, 0, 0
296999, 776, 0, 0
297999, 848, 0, 0
299000, 772, 0, 0
299999, 828, 0, 0
300999, 840, 0, 0
302000, 876, 0, 0
302999, 820, 0, 0
303999, 808, 0, 0
305000, 776, 0, 0
306000, 796, 0, 0
306999, 804, 0, 0
308000, 788, 0, 0
309000, 796, 0, 0
309999, 800, 0, 0
310999, 768, 0, 0
312000, 828, 0, 0
312999, 800, 0, 0
313999, 852, 0, 0
315000, 900, 0, 0
315999, 776, 0, 0
316999, 840, 0, 0
318000, 836, 0, 0
318999, 908, 0, 0
319999, 900, 0, 0
321000, 876, 0, 0
321999, 836, 0, 0
322999, 752, 0, 0
324000, 812, 0, 0
324999, 804, 0, 0
325999, 760, 0, 0
327000, 820, 0, 0
327999, 860, 0, 0
328999, 824, 0, 0
330000, 840, 0, 0
330999, 932, 0, 0
331999, 844, 0, 0
333000, 880, 0, 0
333999, 832, 0, 0
334999, 832, 0, 0
336000, 888, 0, 0
336999, 816, 0, 0
337999, 792, 0, 0
339000, 872, 0, 0
339999, 852, 0, 0
340999, 760, 0, 0
342000, 840, 0, 0
342999, 920, 0, 0
343999, 808, 0, 0
345000, 908, 0, 0
345999, 868, 0, 0
346999, 860, 0, 0
348000, 748, 0, 0
348999, 848, 0, 0
349999, 828, 0, 0
351000, 812, 0, 0
351999, 928, 0, 0
352999, 832, 0, 0
354000, 800, 0, 0
354999, 832, 0, 0
355999, 976, 0, 0
357000, 844, 0, 0
357999, 860, 0, 0
358999, 792, 0, 0
360000, 888, 0, 0
361000, 832, 0, 0
361999, 944, 0, 0
363000, 696, 0, 0
364000, 980, 0, 0
364999, 872, 0, 0
366000, 932, 0, 0
367000, 888, 0, 0
367999, 900, 0, 0
368999, 1149, 0, 0
370000, 840, 0, 0
370999, 860, 0, 0
371999, 788, 0, 0
373000, 1000, 0, 0
373999, 872, 0, 0
374999, 984, 0, 0
376000, 880, 0, 0
377000, 972, 0, 0
377999, 828, 0, 0
379000, 900, 0, 0
380000, 932, 0, 0
380999, 988, 0, 0
382000, 916, 0, 0
383000, 932, 0, 0
383999, 964, 0, 0
385000, 904, 0, 0
386000, 1016, 0, 0
386999, 876, 0, 0
388000, 904, 0, 0
389000, 908, 0, 0
389999, 888, 0, 0
391000, 996, 0, 0
392000, 832, 0, 0
392999, 884, 0, 0
394000, 936, 0, 0
395000, 920, 0, 0
395999, 852, 0, 0
396999, 872, 0, 0
398000, 1076, 0, 0
398999, 988, 0, 0
399999, 984, 0, 0
401000, 928, 0, 0
401999, 964, 0, 0
402999, 864, 0, 0
404000, 1052, 0, 0
404999, 1001, 0, 0
405999, 1029, 0, 0
407000, 960, 0, 0
408000, 868, 0, 0
408999, 876, 0, 0
410000, 1120, 0, 0
410999, 928, 0, 0
411999, 1025, 0, 0
413000, 872, 0, 0
413999, 1045, 0, 0
414999, 1021, 0, 0
416000, 968, 0, 0
417000, 932, 0, 0
417999, 856, 0, 0
419000, 996, 0, 0
419999, 968, 0, 0
420999, 932, 0, 0
422000, 996, 0, 0
423000, 1096, 0, 0
423999, 940, 0, 0
425000, 876, 0, 0
426000, 972, 0, 0
426999, 944, 0, 0
427999, 1085, 0, 0
429000, 1092, 0, 0
429999, 1077, 0, 0
430999, 960, 0, 0
432000, 996, 0, 0
432999, 940, 0, 0
434000, 1088, 0, 0
435000, 1112, 0, 0
435999, 988, 0, 0
437000, 1096, 0, 0
438000, 1060, 0, 0
438999, 916, 0, 0
440000, 900, 0, 0
441000, 1188, 0, 0
441999, 996, 0, 0
442999, 1133, 0, 0
444000, 1016, 0, 0
444999, 968, 0, 0
445999, 904, 0, 0
447000, 1124, 0, 0
447999, 948, 0, 0
448999, 1069, 0, 0
450000, 1044, 0, 0
450999, 1265, 0, 0
451999, 984, 0, 0
453000, 1020, 0, 0
454000, 1084, 0, 0
454999, 1057, 0, 0
456000, 1072, 0, 0
457000, 1028, 0, 0
457999, 1041, 0, 0
458999, 1013, 0, 0
460000, 1116, 0, 0
460999, 1153, 0, 0
461999, 1157, 0, 0
463000, 1036, 0, 0
463999, 1089, 0, 0
464999, 952, 0, 0
466000, 1072, 0, 0
466999, 984, 0, 0
467999, 1169, 0, 0
469000, 1052, 0, 0
469999, 1125, 0, 0
470999, 1021, 0, 0
472000, 996, 0, 0
473000, 1172, 0, 0
473999, 1105, 0, 0
475000, 1088, 0, 0
475999, 1189, 0, 0
476999, 1201, 0, 0
478000, 1176, 0, 0
478999, 1073, 0, 0
479999, 1037, 0, 0
481000, 1216, 0, 0
481999, 1145, 0, 0
482999, 1017, 0, 0
484000, 992, 0, 0
484999, 1077, 0, 0
485999, 1209, 0, 0
487000, 1092, 0, 0
488000, 1144, 0, 0
488999, 984, 0, 0
490000, 1152, 0, 0
491000, 1184, 0, 0
491999, 1221, 0, 0
492999, 1141, 0, 0
494000, 1020, 0, 0
494999, 1165, 0, 0
495999, 1117, 0, 0
497000, 1112, 0, 0
497999, 1169, 0, 0
498999, 1169, 0, 0
500000, 1252, 0, 0
501000, 1172, 0, 0
501999, 1129, 0, 0
503000, 1192, 0, 0
504000, 1248, 0, 0
504999, 1221, 0, 0
505999, 1237, 0, 0
507000, 1208, 0, 0
508000, 1060, 0, 0
508999, 1305, 0, 0
509999, 1169, 0, 0
511000, 1340, 0, 0
511999, 1169, 0, 0
512999, 1245, 0, 0
514000, 1100, 0, 0
514999, 1261, 0, 0
515999, 1257, 0, 0
517000, 1316, 0, 0
517999, 1209, 0, 0
518999, 1269, 0, 0
520000, 1328, 0, 0
520999, 1229, 0, 0
521999, 1165, 0, 0
523000, 1224, 0, 0
523999, 1105, 0, 0
524999, 1049, 0, 0
526000, 1256, 0, 0
526999, 1241, 0, 0
527999, 1157, 0, 0
529000, 1176, 0, 0
530000, 1128, 0, 0
530999, 1205, 0, 0
531999, 1305, 0, 0
533000, 1120, 0, 0
533999, 1129, 0, 0
534999, 1301, 0, 0
536000, 1320, 0, 0
536999, 1301, 0, 0
537999, 1389, 0, 0
539000, 1296, 0, 0
539999, 1361, 0, 0
540999, 1277, 0, 0
542000, 1244, 0, 0
542999, 1137, 0, 0
543999, 1373, 0, 0
545000, 1152, 0, 0
546000, 1316, 0, 0
546999, 1221, 0, 0
548000, 1301, 0, 0
549000, 1232, 0, 0
549999, 1293, 0, 0
550999, 1265, 0, 0
552000, 1372, 0, 0
552999, 1193, 0, 0
553999, 1365, 0, 0
555000, 1264, 0, 0
555999, 1349, 0, 0
556999, 1409, 0, 0
558000, 1076, 0, 0
558999, 1429, 0, 0
559999, 1425, 0, 0
561000, 1392, 0, 0
561999, 1389, 0, 0
562999, 1345, 0, 0
564000, 1444, 0, 0
564999, 1109, 0, 0
565999, 1289, 0, 0
567000, 1500, 0, 0
567999, 1077, 0, 0
568999, 1301, 0, 0
570000, 1312, 0, 0
570999, 1361, 0, 0
571999, 1369, 0, 0
573000, 1444, 0, 0
573999, 1393, 0, 0
574999, 1421, 0, 0
576000, 1424, 0, 0
576999, 1569, 0, 0
577999, 1533, 0, 0
579000, 1464, 0, 0
579999, 1477, 0, 0
580999, 1617, 0, 0
582000, 1292, 0, 0
582999, 1313, 0, 0
583999, 1649, 0, 0
585000, 1544, 0, 0
585999, 1401, 0, 0
586999, 1409, 0, 0
588000, 1288, 0, 0
589000, 1596, 0, 0
589999, 1449, 0, 0
591000, 1400, 0, 0
591999, 1401, 0, 0
592999, 1589, 0, 0
594000, 1576, 0, 0
595000, 1400, 0, 0
595999, 1401, 0, 0
596999, 1513, 0, 0
598000, 1644, 0, 0
598999, 1681, 0, 0
599999, 1505, 0, 0
601000, 1600, 0, 0
601999, 1253, 0, 0
602999, 1429, 0, 0
604000, 1564, 0, 0
605000, 1520, 0, 0
605999, 1581, 0, 0
606999, 1521, 0, 0
608000, 1628, 0, 0
608999, 1445, 0, 0
609999, 1589, 0, 0
611000, 1548, 0, 0
612000, 1600, 0, 0
612999, 1865, 0, 0
613999, 1713, 0, 0
615000, 1668, 0, 0
615999, 1585, 0, 0
616999, 1337, 0, 0
618000, 1292, 0, 0
619000, 1552, 0, 0
619999, 1673, 0, 0
621000, 1624, 0, 0
622000, 1384, 0, 0
622999, 1625, 0, 0
623999, 1769, 0, 0
625000, 1568, 0, 0
625999, 1665, 0, 0
626999, 1733, 0, 0
628000, 1456, 0, 0
628999, 1541, 0, 0
629999, 1533, 0, 0
631000, 1844, 0, 0
631999, 1597, 0, 0
632999, 1425, 0, 0
634000, 1640, 0, 0
634999, 1485, 0, 0
635999, 1701, 0, 0
637000, 1676, 0, 0
637999, 1645, 0, 0
638999, 1713, 0, 0
640000, 1628, 0, 0
641000, 1624, 0, 0
641999, 1501, 0, 0
643000, 1672, 0, 0
644000, 1472, 0, 0
644999, 1561, 0, 0
646000, 1776, 0, 0
647000, 1588, 0, 0
647999, 1609, 0, 0
649000, 2000, 0, 0
650000, 1396, 0, 0
651000, 1508, 0, 0
652000, 1680, 0, 0
653000, 1280, 0, 0
654000, 1740, 0, 0
655000, 1700, 0, 0
656000, 1488, 0, 0
657000, 1856, 0, 0
658000, 1524, 0, 0
659000, 1492, 0, 0
660001, 1790, 0, 0
661000, 1772, 0, 0
662000, 1556, 0, 0
663000, 1696, 0, 0
664000, 1588, 0, 0
665000, 1532, 0, 0
666000, 1684, 0, 0
667000, 1572, 0, 0
668000, 1552, 0, 0
669000, 1512, 0, 0
670000, 1524, 0, 0
671000, 1576, 0, 0
672000, 1864, 0, 0
673000, 1696, 0, 0
674000, 1732, 0, 0
675000, 1652, 0, 0
676000, 1800, 0, 0
677000, 1740, 0, 0
678000, 1440, 0, 0
679000, 1788, 0, 0
680000, 1532, 0, 0
681000, 1764, 0, 0
682000, 1576, 0, 0
683001, 1524, 0, 0
684000, 1620, 0, 0
685000, 1832, 0, 0
686000, 1316, 0, 0
687000, 1656, 0, 0
688000, 1508, 0, 0
689000, 1508, 0, 0
690000, 1520, 0, 0
691000, 1600, 0, 0
692000, 1397, 0, 0
693000, 1580, 0, 0
694000, 1476, 0, 0
695000, 1972, 0, 0
696000, 1428, 0, 0
697000, 1840, 0, 0
698000, 1680, 0, 0
699000, 1696, 0, 0
700000, 1420, 0, 0
701000, 1580, 0, 0
702000, 1604, 0, 0
703000, 1520, 0, 0
704000, 1516, 0, 0
704999, 1733, 0, 0
706000, 1448, 0, 0
706999, 1545, 0, 0
707999, 1609, 0, 0
708999, 1645, 0, 0
709998, 1434, 0, 0
710999, 1605, 0, 0
711999, 1597, 0, 0
712998, 1498, 0, 0
713998, 1490, 0, 0
714997, 1620, 0, 0
715998, 1591, 0, 0
716998, 1583, 0, 0
717997, 1757, 0, 0
718997, 1436, 0, 0
719998, 1723, 0, 0
720997, 1564, 0, 0
721997, 1580, 0, 0
722996, 1481, 0, 0
723996, 1710, 0, 0
724997, 1685, 0, 0
725996, 1574, 0, 0
726996, 1248, 0, 0
727996, 1497, 0, 0
728995, 1664, 0, 0
729996, 1530, 0, 0
730995, 1889, 0, 0
731995, 1612, 0, 0
732994, 1621, 0, 0
733995, 1688, 0, 0
734995, 1571, 0, 0
735994, 1412, 0, 0
736994, 1533, 0, 0
737994, 1679, 0, 0
738994, 1496, 0, 0
739994, 1722, 0, 0
740993, 1736, 0, 0
741993, 1514, 0, 0
742994, 1754, 0, 0
743993, 1583, 0, 0
744993, 1679, 0, 0
745992, 1612, 0, 0
746993, 1552, 0, 0
747993, 1579, 0, 0
748992, 1669, 0, 0
749992, 1395, 0, 0
750992, 1641, 0, 0
751991, 1529, 0, 0
752992, 1625, 0, 0
753991, 1634, 0, 0
754991, 1771, 0, 0
755991, 1525, 0, 0
756991, 1598, 0, 0
757991, 1755, 0, 0
759000, 1696, 0, 0
760000, 1516, 0, 0
760999, 1541, 0, 0
762000, 1516, 0, 0
763000, 1512, 0, 0
763999, 1561, 0, 0
765000, 1792, 0, 0
766000, 1460, 0, 0
766999, 1489, 0, 0
768000, 1704, 0, 0
769000, 1584, 0, 0
769999, 1645, 0, 0
771000, 1592, 0, 0
772000, 1552, 0, 0
772999, 1501, 0, 0
774000, 1628, 0, 0
775000, 1500, 0, 0
775999, 1345, 0, 0
777000, 1336, 0, 0
778000, 1496, 0, 0
778999, 1517, 0, 0
779999, 1393, 0, 0
781000, 1524, 0, 0
781999, 1585, 0, 0
783000, 1448, 0, 0
784000, 1432, 0, 0
784999, 1345, 0, 0
785999, 1461, 0, 0
787000, 1608, 0, 0
787999, 1673, 0, 0
788999, 1313, 0, 0
790000, 1684, 0, 0
790999, 1409, 0, 0
791999, 1697, 0, 0
793000, 1416, 0, 0
793999, 1585, 0, 0
794999, 1485, 0, 0
796000, 1716, 0, 0
796999, 1637, 0, 0
797999, 1537, 0, 0
799000, 1688, 0, 0
799999, 1441, 0, 0
800999, 1305, 0, 0
802000, 1436, 0, 0
802999, 1189, 0, 0
803999, 1553, 0, 0
805000, 1600, 0, 0
805999, 1389, 0, 0
806999, 1873, 0, 0
808000, 1088, 0, 0
809000, 1620, 0, 0
809999, 1421, 0, 0
810999, 1425, 0, 0
812000, 1364, 0, 0
813000, 1348, 0, 0
813999, 1221, 0, 0
814999, 1461, 0, 0
816000, 1428, 0, 0
816999, 1377, 0, 0
817999, 1453, 0, 0
818999, 1313, 0, 0
820000, 1444, 0, 0
820999, 1513, 0, 0
821999, 1421, 0, 0
823000, 1376, 0, 0
823999, 1233, 0, 0
824999, 1405, 0, 0
826000, 1480, 0, 0
827000, 1404, 0, 0
827999, 1529, 0, 0
828999, 1309, 0, 0
830000, 1404, 0, 0
831000, 1332, 0, 0
831999, 1585, 0, 0
832999, 1325, 0, 0
834000, 1212, 0, 0
834999, 1313, 0, 0
835999, 1293, 0, 0
837000, 1444, 0, 0
838000, 1420, 0, 0
838999, 1609, 0, 0
840000, 1461, 0, 0
841000, 1416, 0, 0
841999, 1425, 0, 0
842999, 1493, 0, 0
844000, 1160, 0, 0
845000, 1228, 0, 0
845999, 1349, 0, 0
846999, 1365, 0, 0
848000, 1376, 0, 0
848999, 1089, 0, 0
849999, 1357, 0, 0
851000, 1400, 0, 0
852000, 1248, 0, 0
852999, 1197, 0, 0
853999, 1365, 0, 0
855000, 1428, 0, 0
856000, 1340, 0, 0
856999, 1485, 0, 0
857999, 1349, 0, 0
859000, 1164, 0, 0
860000, 1424, 0, 0
860999, 1165, 0, 0
861999, 1193, 0, 0
863000, 1288, 0, 0
863999, 1337, 0, 0
864999, 1365, 0, 0
865999, 1397, 0, 0
867000, 1352, 0, 0
868000, 1196, 0, 0
868999, 1357, 0, 0
869999, 1409, 0, 0
871000, 1344, 0, 0
872000, 1264, 0, 0
872999, 1257, 0, 0
873999, 1121, 0, 0
875000, 1424, 0, 0
876000, 1304, 0, 0
876999, 1297, 0, 0
877999, 1157, 0, 0
879000, 1176, 0, 0
880000, 1188, 0, 0
880999, 1289, 0, 0
881999, 1137, 0, 0
883000, 1376, 0, 0
883999, 1317, 0, 0
884999, 1193, 0, 0
886000, 1312, 0, 0
887000, 1104, 0, 0
887999, 1409, 0, 0
888999, 984, 0, 0
890000, 1280, 0, 0
890999, 1277, 0, 0
891999, 1189, 0, 0
893000, 1352, 0, 0
893999, 1249, 0, 0
894999, 1165, 0, 0
896000, 1096, 0, 0
896999, 1377, 0, 0
897999, 1253, 0, 0
899000, 1220, 0, 0
899999, 1161, 0, 0
900999, 1197, 0, 0
902000, 1168, 0, 0
903000, 1180, 0, 0
903999, 1061, 0, 0
905000, 1212, 0, 0
906000, 1220, 0, 0
906999, 1133, 0, 0
908000, 1280, 0, 0
909000, 1180, 0, 0
909999, 1017, 0, 0
911000, 1132, 0, 0
912000, 1168, 0, 0
912999, 1141, 0, 0
913999, 1161, 0, 0
915000, 1112, 0, 0
915999, 1157, 0, 0
916999, 1317, 0, 0
918000, 1152, 0, 0
918999, 1125, 0, 0
919999, 1161, 0, 0
921000, 1100, 0, 0
921999, 1165, 0, 0
922999, 1013, 0, 0
924000, 1148, 0, 0
924999, 1057, 0, 0
925999, 1197, 0, 0
927000, 1096, 0, 0
927999, 1065, 0, 0
928999, 1117, 0, 0
930000, 1036, 0, 0
931000, 1176, 0, 0
931999, 1033, 0, 0
933000, 1004, 0, 0
933999, 1037, 0, 0
934999, 996, 0, 0
936000, 980, 0, 0
936999, 1069, 0, 0
937999, 1085, 0, 0
939000, 1100, 0, 0
940000, 1204, 0, 0
940999, 928, 0, 0
942000, 972, 0, 0
943000, 992, 0, 0
943999, 1133, 0, 0
945000, 996, 0, 0
946000, 1016, 0, 0
946999, 1061, 0, 0
948000, 1081, 0, 0
949000, 1076, 0, 0
949999, 960, 0, 0
950999, 984, 0, 0
952000, 1052, 0, 0
953000, 972, 0, 0
953999, 1025, 0, 0
955000, 1044, 0, 0
956000, 948, 0, 0
956999, 1009, 0, 0
957999, 880, 0, 0
959000, 1064, 0, 0
959999, 1085, 0, 0
960999, 952, 0, 0
962000, 1032, 0, 0
962999, 936, 0, 0
963999, 1101, 0, 0
965000, 920, 0, 0
965999, 960, 0, 0
966999, 992, 0, 0
968000, 1048, 0, 0
968999, 920, 0, 0
969999, 732, 0, 0
971000, 1120, 0, 0
972000, 928, 0, 0
972999, 912, 0, 0
974000, 952, 0, 0
975000, 888, 0, 0
975999, 1001, 0, 0
976999, 900, 0, 0
978000, 848, 0, 0
978999, 936, 0, 0
979999, 956, 0, 0
981000, 1092, 0, 0
981999, 940, 0, 0
983000, 916, 0, 0
984000, 980, 0, 0
984999, 816, 0, 0
985999, 1001, 0, 0
987000, 936, 0, 0
987999, 948, 0, 0
988999, 832, 0, 0
990000, 844, 0, 0
990999, 820, 0, 0
991999, 884, 0, 0
993000, 844, 0, 0
993999, 848, 0, 0
994999, 916, 0, 0
996000, 892, 0, 0
996999, 936, 0, 0
997999, 1001, 0, 0
999000, 904, 0, 0
1000000, 868, 0, 0
1000999, 836, 0, 0
1002000, 968, 0, 0
1003000, 824, 0, 0
1003999, 920, 0, 0
1005000, 824, 0, 0
1006000, 788, 0, 0
1006999, 900, 0, 0
1007999, 780, 0, 0
1009000, 824, 0, 0
1009999, 796, 0, 0
1010999, 820, 0, 0
1012000, 784, 0, 0
1013000, 792, 0, 0
1013999, 736, 0, 0
1015000, 816, 0, 0
1016000, 816, 0, 0
1016999, 892, 0, 0
1017999, 784, 0, 0
1019000, 824, 0, 0
1019999, 696, 0, 0
1020999, 820, 0, 0
1022000, 812, 0, 0
1023000, 800, 0, 0
1023999, 740, 0, 0
1025000, 800, 0, 0
1026000, 796, 0, 0
1026999, 724, 0, 0
1028000, 700, 0, 0
1029000, 728, 0, 0
1029999, 792, 0, 0
1031000, 720, 0, 0
1032000, 724, 0, 0
1032999, 732, 0, 0
1033999, 804, 0, 0
1035000, 840, 0, 0
1035999, 816, 0, 0
1036999, 740, 0, 0
1038000, 736, 0, 0
1038999, 696, 0, 0
1039999, 736, 0, 0
1041000, 748, 0, 0
1042000, 744, 0, 0
1042999, 696, 0, 0
1044000, 760, 0, 0
1045000, 684, 0, 0
1045999, 736, 0, 0
1047000, 732, 0, 0
1048000, 752, 0, 0
1048999, 704, 0, 0
1050000, 728, 0, 0
1051000, 736, 0, 0
1051999, 732, 0, 0
1053000, 756, 0, 0
1054000, 776, 0, 0
1054999, 708, 0, 0
1056000, 712, 0, 0
1057000, 728, 0, 0
1057999, 668, 0, 0
1058999, 656, 0, 0
1060000, 712, 0, 0
1060999, 688, 0, 0
1061999, 644, 0, 0
1063000, 656, 0, 0
1064000, 708, 0, 0
1064999, 656, 0, 0
1066000, 664, 0, 0
1067000, 672, 0, 0
1067999, 676, 0, 0
1068999, 680, 0, 0
1070000, 616, 0, 0
1070999, 692, 0, 0
1072000, 680, 0, 0
1073000, 700, 0, 0
1073999, 688, 0, 0
1075000, 664, 0, 0
1076000, 652, 0, 0
1076999, 664, 0, 0
1077999, 696, 0, 0
1079000, 656, 0, 0
1079999, 612, 0, 0
1080999, 632, 0, 0
1082000, 672, 0, 0
1082999, 688, 0, 0
1083999, 640, 0, 0
1085000, 660, 0, 0
1086000, 648, 0, 0
1086999, 612, 0, 0
1088000, 608, 0, 0
1089000, 652, 0, 0
1089999, 676, 0, 0
1091000, 636, 0, 0
1092000, 596, 0, 0
1092999, 624, 0, 0
1093999, 616, 0, 0
1095000, 632, 0, 0
1095999, 584, 0, 0
1096999, 576, 0, 0
1098000, 604, 0, 0
1099000, 636, 0, 0
1099999, 632, 0, 0
1101000, 708, 0, 0
1102000, 616, 0, 0
1102999, 632, 0, 0
1103999, 616, 0, 0
1105000, 636, 0, 0
1106000, 608, 0, 0
1106999, 552, 0, 0
1108000, 604, 0, 0
1109000, 584, 0, 0
1109999, 636, 0, 0
1110999, 608, 0, 0
1112000, 600, 0, 0
1112999, 656, 0, 0
1113999, 588, 0, 0
1115000, 600, 0, 0
1116000, 628, 0, 0
1116999, 588, 0, 0
1118000, 636, 0, 0
1119000, 628, 0, 0
1119999, 596, 0, 0
1120999, 580, 0, 0
1122000, 608, 0, 0
1122999, 628, 0, 0
1123999, 616, 0, 0
1125000, 536, 0, 0
1126000, 584, 0, 0
1126999, 616, 0, 0
1128000, 564, 0, 0
1129000, 568, 0, 0
1129999, 636, 0, 0
1130999, 596, 0, 0
1132000, 540, 0, 0
1133000, 604, 0, 0
1133999, 588, 0, 0
1135000, 600, 0, 0
1136000, 596, 0, 0
1136999, 564, 0, 0
1137999, 572, 0, 0
1139000, 552, 0, 0
1139999, 580, 0, 0
1140999, 572, 0, 0
1142000, 552, 0, 0
1142999, 580, 0, 0
1143999, 536, 0, 0
1145000, 572, 0, 0
1146000, 532, 0, 0
1146999, 604, 0, 0
1147999, 556, 0, 0
1149000, 520, 0, 0
1150000, 556, 0, 0
1150999, 592, 0, 0
1151999, 524, 0, 0
1153000, 556, 0, 0
1154000, 544, 0, 0
1155000, 520, 0, 0
1155999, 584, 0, 0
1156999, 556, 0, 0
1158000, 548, 0, 0
1159000, 544, 0, 0
1159999, 548, 0, 0
1160999, 580, 0, 0
1161999, 528, 0, 0
1163000, 544, 0, 0
1164000, 544, 0, 0
1165000, 520, 0, 0
1165999, 548, 0, 0
1166999, 576, 0, 0
1167999, 544, 0, 0
1169000, 544, 0, 0
1170000, 548, 0, 0
1170999, 516, 0, 0
1171999, 528, 0, 0
1172999, 576, 0, 0
1174000, 576, 0, 0
1175000, 548, 0, 0
1176000, 552, 0, 0
1176999, 520, 0, 0
1177999, 548, 0, 0
1178999, 548, 0, 0
1180000, 528, 0, 0
1181000, 516, 0, 0
1181999, 544, 0, 0
1182999, 448, 0, 0
1183999, 548, 0, 0
1185000, 544, 0, 0
1186000, 544, 0, 0
1187000, 556, 0, 0
1187999, 544, 0, 0
1188999, 556, 0, 0
1189999, 544, 0, 0
1191000, 552, 0, 0
1192000, 544, 0, 0
1192999, 576, 0, 0
1193999, 544, 0, 0
1194999, 548, 0, 0
1196000, 552, 0, 0
1197000, 548, 0, 0
1198000, 548, 0, 0
1198999, 680, 0, 0
1199999, 552, 0, 0
