1000, 96, 0, 0
1999, 144, 0, 0
3000, 136, 0, 0
3999, 152, 0, 0
4999, 145, 0, 0
6000, 144, 0, 0
7000, 155, 0, 0
7999, 139, 0, 0
9000, 133, 0, 0
9999, 146, 0, 0
10999, 155, 0, 0
12000, 140, 0, 0
12999, 145, 0, 0
13999, 157, 0, 0
15000, 145, 0, 0
15999, 145, 0, 0
17000, 158, 0, 0
18000, 149, 0, 0
18999, 150, 0, 0
20000, 157, 0, 0
21000, 143, 0, 0
21999, 157, 0, 0
23000, 151, 0, 0
23999, 150, 0, 0
24999, 156, 0, 0
26000, 145, 0, 0
26999, 149, 0, 0
28000, 143, 0, 0
28999, 159, 0, 0
29999, 151, 0, 0
31000, 153, 0, 0
31999, 148, 0, 0
32999, 157, 0, 0
34000, 140, 0, 0
35000, 169, 0, 0
35999, 149, 0, 0
37000, 151, 0, 0
37999, 151, 0, 0
38999, 166, 0, 0
40000, 149, 0, 0
40999, 156, 0, 0
42000, 156, 0, 0
43000, 154, 0, 0
43999, 156, 0, 0
45000, 167, 0, 0
45999, 152, 0, 0
47000, 159, 0, 0
48000, 154, 0, 0
48999, 161, 0, 0
50000, 170, 0, 0
50999, 145, 0, 0
51999, 154, 0, 0
53000, 155, 0, 0
53999, 163, 0, 0
55000, 158, 0, 0
56000, 164, 0, 0
56999, 165, 0, 0
58000, 170, 0, 0
58999, 156, 0, 0
59999, 161, 0, 0
61000, 157, 0, 0
61999, 155, 0, 0
63000, 170, 0, 0
64000, 164, 0, 0
64999, 161, 0, 0
66000, 161, 0, 0
67000, 159, 0, 0
67999, 167, 0, 0
69000, 161, 0, 0
69999, 151, 0, 0
70999, 173, 0, 0
72000, 152, 0, 0
72999, 170, 0, 0
73999, 168, 0, 0
75000, 163, 0, 0
75999, 162, 0, 0
77000, 185, 0, 0
77999, 174, 0, 0
78999, 165, 0, 0
80000, 156, 0, 0
80999, 162, 0, 0
82000, 159, 0, 0
83000, 171, 0, 0
83999, 157, 0, 0
85000, 173, 0, 0
85999, 165, 0, 0
86999, 173, 0, 0
88000, 162, 0, 0
88999, 173, 0, 0
90000, 178, 0, 0
90999, 176, 0, 0
91999, 170, 0, 0
93000, 159, 0, 0
93999, 173, 0, 0
94999, 171, 0, 0
96000, 165, 0, 0
96999, 171, 0, 0
98000, 180, 0, 0
99000, 168, 0, 0
99999, 168, 0, 0
101000, 178, 0, 0
101999, 175, 0, 0
102999, 179, 0, 0
104000, 175, 0, 0
104999, 165, 0, 0
106000, 169, 0, 0
107000, 185, 0, 0
107999, 186, 0, 0
109000, 175, 0, 0
109999, 188, 0, 0
110999, 180, 0, 0
112000, 187, 0, 0
112999, 177, 0, 0
113999, 183, 0, 0
115000, 176, 0, 0
115999, 176, 0, 0
117000, 175, 0, 0
118000, 172, 0, 0
118999, 175, 0, 0
120000, 168, 0, 0
120999, 188, 0, 0
121999, 171, 0, 0
123000, 181, 0, 0
123999, 178, 0, 0
125000, 186, 0, 0
125999, 177, 0, 0
126999, 171, 0, 0
128000, 174, 0, 0
128999, 189, 0, 0
130000, 202, 0, 0
131000, 186, 0, 0
131999, 192, 0, 0
133000, 178, 0, 0
133999, 212, 0, 0
134999, 189, 0, 0
136000, 188, 0, 0
136999, 187, 0, 0
137999, 178, 0, 0
139000, 189, 0, 0
139999, 198, 0, 0
141000, 191, 0, 0
142000, 182, 0, 0
142999, 195, 0, 0
144000, 183, 0, 0
144999, 188, 0, 0
145999, 180, 0, 0
147000, 176, 0, 0
147999, 195, 0, 0
149000, 183, 0, 0
149999, 183, 0, 0
150999, 203, 0, 0
152000, 191, 0, 0
152999, 189, 0, 0
153999, 170, 0, 0
155000, 197, 0, 0
155999, 210, 0, 0
156999, 198, 0, 0
158000, 203, 0, 0
158999, 202, 0, 0
159999, 179, 0, 0
161000, 230, 0, 0
161999, 203, 0, 0
163000, 189, 0, 0
164000, 207, 0, 0
164999, 192, 0, 0
166000, 189, 0, 0
166999, 199, 0, 0
167999, 202, 0, 0
169000, 234, 0, 0
170000, 195, 0, 0
170999, 199, 0, 0
171999, 200, 0, 0
173000, 200, 0, 0
173999, 191, 0, 0
174999, 214, 0, 0
176000, 206, 0, 0
177000, 201, 0, 0
177999, 198, 0, 0
178999, 196, 0, 0
180000, 225, 0, 0
180999, 194, 0, 0
181999, 202, 0, 0
183000, 204, 0, 0
184000, 210, 0, 0
184999, 213, 0, 0
186000, 202, 0, 0
187000, 208, 0, 0
187999, 188, 0, 0
188999, 228, 0, 0
190000, 214, 0, 0
190999, 209, 0, 0
191999, 228, 0, 0
193000, 223, 0, 0
194000, 211, 0, 0
194999, 226, 0, 0
195999, 222, 0, 0
197000, 197, 0, 0
197999, 219, 0, 0
198999, 235, 0, 0
200000, 187, 0, 0
201000, 243, 0, 0
201999, 204, 0, 0
202999, 229, 0, 0
204000, 223, 0, 0
204999, 215, 0, 0
206000, 211, 0, 0
206999, 234, 0, 0
207999, 224, 0, 0
209000, 234, 0, 0
209999, 222, 0, 0
211000, 219, 0, 0
211999, 232, 0, 0
212999, 233, 0, 0
214000, 264, 0, 0
214999, 234, 0, 0
216000, 241, 0, 0
216999, 215, 0, 0
217999, 241, 0, 0
219000, 244, 0, 0
219999, 252, 0, 0
220999, 232, 0, 0
222000, 217, 0, 0
222999, 232, 0, 0
224000, 243, 0, 0
225000, 241, 0, 0
225999, 231, 0, 0
227000, 235, 0, 0
227999, 216, 0, 0
229000, 232, 0, 0
230000, 238, 0, 0
230999, 230, 0, 0
232000, 254, 0, 0
232999, 241, 0, 0
233999, 221, 0, 0
235000, 270, 0, 0
235999, 230, 0, 0
237000, 233, 0, 0
237999, 226, 0, 0
238999, 241, 0, 0
240000, 251, 0, 0
240999, 259, 0, 0
241999, 251, 0, 0
243000, 213, 0, 0
243999, 230, 0, 0
245000, 267, 0, 0
245999, 239, 0, 0
246999, 234, 0, 0
248000, 242, 0, 0
248999, 227, 0, 0
250000, 233, 0, 0
250999, 244, 0, 0
251999, 270, 0, 0
253000, 248, 0, 0
253999, 258, 0, 0
254999, 275, 0, 0
256000, 265, 0, 0
256999, 233, 0, 0
257999, 246, 0, 0
259000, 269, 0, 0
259999, 282, 0, 0
260999, 255, 0, 0
262000, 297, 0, 0
262999, 262, 0, 0
264000, 242, 0, 0
265000, 266, 0, 0
265999, 259, 0, 0
267000, 246, 0, 0
268000, 295, 0, 0
268999, 274, 0, 0
270000, 259, 0, 0
270999, 259, 0, 0
271999, 255, 0, 0
273000, 260, 0, 0
273999, 273, 0, 0
275000, 263, 0, 0
275999, 300, 0, 0
276999, 253, 0, 0
278000, 263, 0, 0
278999, 244, 0, 0
280000, 264, 0, 0
281000, 274, 0, 0
281999, 318, 0, 0
283000, 281, 0, 0
283999, 273, 0, 0
284999, 308, 0, 0
286000, 284, 0, 0
286999, 327, 0, 0
287999, 280, 0, 0
289000, 255, 0, 0
289999, 268, 0, 0
291000, 278, 0, 0
291999, 300, 0, 0
293000, 315, 0, 0
294000, 299, 0, 0
294999, 285, 0, 0
296000, 319, 0, 0
296999, 271, 0, 0
297999, 263, 0, 0
299000, 289, 0, 0
299999, 283, 0, 0
301000, 281, 0, 0
301999, 297, 0, 0
302999, 287, 0, 0
304000, 318, 0, 0
304999, 299, 0, 0
306000, 277, 0, 0
306999, 305, 0, 0
307999, 305, 0, 0
309000, 334, 0, 0
309999, 322, 0, 0
310999, 340, 0, 0
312000, 291, 0, 0
312999, 284, 0, 0
314000, 295, 0, 0
314999, 296, 0, 0
315999, 308, 0, 0
317000, 301, 0, 0
317999, 316, 0, 0
319000, 318, 0, 0
319999, 307, 0, 0
320999, 303, 0, 0
322000, 314, 0, 0
322999, 280, 0, 0
323999, 308, 0, 0
325000, 393, 0, 0
325999, 322, 0, 0
327000, 332, 0, 0
327999, 319, 0, 0
328999, 307, 0, 0
330000, 318, 0, 0
330999, 341, 0, 0
331999, 362, 0, 0
333000, 350, 0, 0
333999, 354, 0, 0
334999, 339, 0, 0
336000, 303, 0, 0
336999, 299, 0, 0
338000, 361, 0, 0
338999, 337, 0, 0
339999, 350, 0, 0
341000, 345, 0, 0
341999, 338, 0, 0
342999, 341, 0, 0
344000, 351, 0, 0
344999, 381, 0, 0
346000, 363, 0, 0
347000, 369, 0, 0
347999, 321, 0, 0
349000, 337, 0, 0
349999, 345, 0, 0
350999, 374, 0, 0
352000, 311, 0, 0
352999, 388, 0, 0
354000, 389, 0, 0
355000, 352, 0, 0
355999, 339, 0, 0
357000, 341, 0, 0
357999, 328, 0, 0
358999, 404, 0, 0
360000, 396, 0, 0
360999, 398, 0, 0
361999, 352, 0, 0
363000, 398, 0, 0
363999, 368, 0, 0
365000, 360, 0, 0
365999, 358, 0, 0
366999, 384, 0, 0
368000, 372, 0, 0
368999, 341, 0, 0
370000, 356, 0, 0
371000, 365, 0, 0
371999, 409, 0, 0
373000, 392, 0, 0
373999, 433, 0, 0
374999, 432, 0, 0
376000, 427, 0, 0
376999, 408, 0, 0
378000, 464, 0, 0
379000, 351, 0, 0
379999, 396, 0, 0
381000, 407, 0, 0
381999, 396, 0, 0
382999, 363, 0, 0
384000, 416, 0, 0
384999, 373, 0, 0
386000, 478, 0, 0
386999, 412, 0, 0
387999, 464, 0, 0
389000, 434, 0, 0
389999, 450, 0, 0
390999, 438, 0, 0
392000, 422, 0, 0
392999, 529, 0, 0
394000, 424, 0, 0
395000, 417, 0, 0
395999, 374, 0, 0
396999, 352, 0, 0
398000, 425, 0, 0
398999, 403, 0, 0
399999, 470, 0, 0
401000, 503, 0, 0
402000, 486, 0, 0
402999, 389, 0, 0
403999, 513, 0, 0
404999, 484, 0, 0
406000, 440, 0, 0
406999, 459, 0, 0
407999, 458, 0, 0
409000, 475, 0, 0
409999, 529, 0, 0
411000, 474, 0, 0
411999, 490, 0, 0
412999, 522, 0, 0
414000, 516, 0, 0
414999, 504, 0, 0
416000, 444, 0, 0
416999, 422, 0, 0
417999, 492, 0, 0
419000, 553, 0, 0
419999, 480, 0, 0
420999, 550, 0, 0
422000, 485, 0, 0
422999, 536, 0, 0
423999, 493, 0, 0
425000, 435, 0, 0
425999, 521, 0, 0
427000, 611, 0, 0
428000, 514, 0, 0
428999, 549, 0, 0
430000, 545, 0, 0
430999, 494, 0, 0
431999, 619, 0, 0
433000, 557, 0, 0
433999, 538, 0, 0
434999, 543, 0, 0
436000, 470, 0, 0
436999, 613, 0, 0
438000, 706, 0, 0
438999, 752, 0, 0
439999, 596, 0, 0
441000, 538, 0, 0
441999, 635, 0, 0
442999, 506, 0, 0
444000, 665, 0, 0
444999, 529, 0, 0
445999, 602, 0, 0
447000, 627, 0, 0
447999, 598, 0, 0
449000, 643, 0, 0
450000, 527, 0, 0
450999, 637, 0, 0
452000, 626, 0, 0
452999, 697, 0, 0
453999, 577, 0, 0
455000, 556, 0, 0
455999, 590, 0, 0
456999, 584, 0, 0
458000, 669, 0, 0
458999, 633, 0, 0
459999, 654, 0, 0
461000, 702, 0, 0
461999, 610, 0, 0
463000, 582, 0, 0
464000, 681, 0, 0
464999, 631, 0, 0
466000, 646, 0, 0
466999, 743, 0, 0
467999, 734, 0, 0
469000, 823, 0, 0
469999, 665, 0, 0
471000, 688, 0, 0
471999, 752, 0, 0
472999, 759, 0, 0
474000, 755, 0, 0
474999, 714, 0, 0
475999, 720, 0, 0
477000, 717, 0, 0
477999, 799, 0, 0
479000, 656, 0, 0
479999, 778, 0, 0
480999, 663, 0, 0
482000, 800, 0, 0
482999, 827, 0, 0
484000, 858, 0, 0
484999, 885, 0, 0
485999, 694, 0, 0
487000, 884, 0, 0
487999, 793, 0, 0
488999, 774, 0, 0
490000, 916, 0, 0
490999, 910, 0, 0
492000, 740, 0, 0
492999, 792, 0, 0
493999, 881, 0, 0
495000, 917, 0, 0
495999, 838, 0, 0
496999, 1001, 0, 0
498000, 969, 0, 0
498999, 806, 0, 0
499999, 1054, 0, 0
501000, 1007, 0, 0
501999, 915, 0, 0
502999, 1049, 0, 0
504000, 1048, 0, 0
504999, 1135, 0, 0
506000, 1006, 0, 0
506999, 1262, 0, 0
507999, 1109, 0, 0
509000, 1255, 0, 0
509999, 1267, 0, 0
510999, 974, 0, 0
512000, 1188, 0, 0
512999, 1288, 0, 0
514000, 1126, 0, 0
514999, 1346, 0, 0
515999, 1214, 0, 0
517000, 936, 0, 0
517999, 1108, 0, 0
518999, 1200, 0, 0
520000, 1400, 0, 0
520999, 1445, 0, 0
521999, 1325, 0, 0
523000, 1170, 0, 0
523999, 1725, 0, 0
525000, 1140, 0, 0
525999, 1607, 0, 0
526999, 1245, 0, 0
528000, 1350, 0, 0
528999, 1789, 0, 0
529999, 1357, 0, 0
531000, 1547, 0, 0
531999, 1151, 0, 0
532999, 1559, 0, 0
534000, 1937, 0, 0
534999, 1546, 0, 0
535999, 1748, 0, 0
537000, 1479, 0, 0
537999, 2140, 0, 0
539000, 1785, 0, 0
540000, 1715, 0, 0
540999, 1850, 0, 0
542000, 1716, 0, 0
542999, 2214, 0, 0
543999, 2292, 0, 0
545000, 2243, 0, 0
545999, 1954, 0, 0
546999, 2007, 0, 0
548000, 2499, 0, 0
548999, 2153, 0, 0
550000, 2398, 0, 0
551000, 2933, 0, 0
552000, 1869, 0, 0
553000, 3082, 0, 0
554000, 2766, 0, 0
555000, 3186, 0, 0
556000, 2731, 0, 0
557000, 3191, 0, 0
558000, 3086, 0, 0
559001, 2023, 0, 0
560000, 3273, 0, 0
561000, 3490, 0, 0
562000, 3074, 0, 0
563000, 3546, 0, 0
564000, 3377, 0, 0
565000, 3620, 0, 0
566000, 4578, 0, 0
567000, 4650, 0, 0
568000, 4658, 0, 0
569000, 4528, 0, 0
570000, 6104, 0, 0
571000, 4664, 0, 0
572000, 4419, 0, 0
572999, 5716, 0, 0
573999, 6155, 0, 0
574999, 7631, 0, 0
576000, 8082, 0, 0
577000, 11451, 0, 0
578000, 7431, 0, 0
579000, 15258, 0, 0
580000, 14611, 0, 0
581000, 20517, 0, 0
582000, 28371, 0, 0
583000, 22348, 0, 0
584000, 39717, 0, 0
585000, 49252, 0, 0
586000, 49597, 0, 0
587000, 49724, 0, 0
587999, 49565, 0, 0
588999, 49670, 0, 0
590000, 49766, 0, 0
591000, 49821, 0, 0
592000, 49786, 0, 0
593000, 49706, 0, 0
594000, 49722, 0, 0
595000, 49720, 0, 0
596000, 49706, 0, 0
597000, 49907, 0, 0
597999, 49698, 0, 0
598999, 49879, 0, 0
599999, 49830, 0, 0
