1000, 51443, 0, 0
2000, 50394, 0, 0
2999, 50460, 0, 0
4000, 50379, 0, 0
5000, 50057, 0, 0
5999, 49790, 0, 0
6999, 49867, 0, 0
8000, 49859, 0, 0
9000, 49909, 0, 0
9999, 49887, 0, 0
10999, 49933, 0, 0
12000, 49758, 0, 0
12999, 49709, 0, 0
13999, 49873, 0, 0
14999, 49675, 0, 0
16000, 49855, 0, 0
17000, 49846, 0, 0
17999, 49736, 0, 0
19000, 49843, 0, 0
20000, 49750, 0, 0
21000, 49759, 0, 0
21999, 49858, 0, 0
23000, 49747, 0, 0
24000, 49741, 0, 0
24999, 49615, 0, 0
25999, 49749, 0, 0
27000, 49832, 0, 0
27999, 49749, 0, 0
28999, 49841, 0, 0
30000, 49841, 0, 0
31000, 49909, 0, 0
32000, 49805, 0, 0
32999, 49804, 0, 0
34000, 49825, 0, 0
35000, 49844, 0, 0
35999, 49814, 0, 0
36999, 49992, 0, 0
38000, 49855, 0, 0
39000, 49768, 0, 0
39999, 49732, 0, 0
41000, 49940, 0, 0
42000, 49812, 0, 0
43000, 49907, 0, 0
43999, 49737, 0, 0
45000, 49843, 0, 0
46000, 49850, 0, 0
46999, 49644, 0, 0
48000, 49699, 0, 0
49000, 49853, 0, 0
49999, 49755, 0, 0
50999, 49913, 0, 0
52000, 49905, 0, 0
53000, 49701, 0, 0
53999, 49677, 0, 0
54999, 49935, 0, 0
56000, 49771, 0, 0
57000, 49689, 0, 0
57999, 49696, 0, 0
58999, 49851, 0, 0
60000, 49774, 0, 0
61000, 49824, 0, 0
61999, 49843, 0, 0
62999, 49746, 0, 0
64000, 49777, 0, 0
65000, 49729, 0, 0
65999, 49791, 0, 0
66999, 49653, 0, 0
68000, 49886, 0, 0
68999, 49780, 0, 0
69999, 49866, 0, 0
71000, 49810, 0, 0
72000, 49911, 0, 0
72999, 49694, 0, 0
73999, 49795, 0, 0
75000, 49801, 0, 0
76000, 49723, 0, 0
76999, 49720, 0, 0
77999, 49774, 0, 0
79000, 49683, 0, 0
80000, 49728, 0, 0
80999, 49800, 0, 0
81999, 49805, 0, 0
83000, 49785, 0, 0
84000, 49693, 0, 0
84999, 49792, 0, 0
85999, 49872, 0, 0
87000, 49827, 0, 0
88000, 49713, 0, 0
88999, 49697, 0, 0
89999, 49853, 0, 0
91000, 49803, 0, 0
92000, 49830, 0, 0
92999, 49699, 0, 0
93999, 49684, 0, 0
95000, 49924, 0, 0
96000, 49783, 0, 0
96999, 49803, 0, 0
97999, 49884, 0, 0
99000, 49726, 0, 0
100000, 49703, 0, 0
100999, 49825, 0, 0
102000, 49885, 0, 0
103000, 49854, 0, 0
104000, 49754, 0, 0
104999, 49789, 0, 0
106000, 49948, 0, 0
107000, 49832, 0, 0
107999, 49945, 0, 0
108999, 49883, 0, 0
110000, 49921, 0, 0
111000, 49836, 0, 0
111999, 49774, 0, 0
113000, 49684, 0, 0
114000, 49712, 0, 0
114999, 49659, 0, 0
115999, 49764, 0, 0
117000, 49776, 0, 0
118000, 49769, 0, 0
118999, 49717, 0, 0
119999, 49876, 0, 0
121000, 49724, 0, 0
122000, 49751, 0, 0
122999, 49734, 0, 0
124000, 49729, 0, 0
125000, 49757, 0, 0
126000, 49774, 0, 0
126999, 49781, 0, 0
128000, 49684, 0, 0
129000, 49748, 0, 0
129999, 49811, 0, 0
131000, 49795, 0, 0
132000, 49785, 0, 0
132999, 49765, 0, 0
133999, 49696, 0, 0
135000, 49792, 0, 0
136000, 49738, 0, 0
136999, 49771, 0, 0
137999, 49776, 0, 0
139000, 49869, 0, 0
139999, 49809, 0, 0
140999, 49754, 0, 0
142000, 49807, 0, 0
143000, 49770, 0, 0
143999, 49710, 0, 0
144999, 49761, 0, 0
146000, 49602, 0, 0
147000, 49722, 0, 0
148000, 49843, 0, 0
148999, 49717, 0, 0
150000, 49749, 0, 0
150999, 49891, 0, 0
151999, 49728, 0, 0
152999, 49701, 0, 0
154000, 49825, 0, 0
155000, 49802, 0, 0
155999, 49831, 0, 0
157000, 49750, 0, 0
158000, 49627, 0, 0
158999, 49689, 0, 0
159999, 49834, 0, 0
161000, 49821, 0, 0
161999, 49643, 0, 0
162999, 49706, 0, 0
164000, 49702, 0, 0
165000, 49713, 0, 0
165999, 49746, 0, 0
166999, 49761, 0, 0
168000, 49665, 0, 0
