1000, 655, 0, 0
1999, 90, 0, 0
2999, 80, 0, 0
4000, 80, 0, 0
5000, 69, 0, 0
6000, 80, 0, 0
6999, 72, 0, 0
8000, 80, 0, 0
9000, 77, 0, 0
9999, 80, 0, 0
10999, 72, 0, 0
12000, 80, 0, 0
13000, 72, 0, 0
13999, 69, 0, 0
15000, 80, 0, 0
16000, 80, 0, 0
16999, 72, 0, 0
17999, 80, 0, 0
18999, 80, 0, 0
20000, 80, 0, 0
20999, 80, 0, 0
21999, 80, 0, 0
23000, 81, 0, 0
24000, 80, 0, 0
24999, 80, 0, 0
25999, 80, 0, 0
27000, 80, 0, 0
28000, 72, 0, 0
28999, 80, 0, 0
29999, 72, 0, 0
31000, 80, 0, 0
31999, 80, 0, 0
32999, 80, 0, 0
34000, 71, 0, 0
35000, 80, 0, 0
35999, 80, 0, 0
36999, 73, 0, 0
38000, 72, 0, 0
39000, 80, 0, 0
39999, 73, 0, 0
41000, 81, 0, 0
42000, 80, 0, 0
43000, 72, 0, 0
43999, 80, 0, 0
45000, 80, 0, 0
46000, 80, 0, 0
47000, 80, 0, 0
47999, 80, 0, 0
48999, 72, 0, 0
50000, 81, 0, 0
51000, 80, 0, 0
51999, 80, 0, 0
52999, 80, 0, 0
54000, 76, 0, 0
54999, 80, 0, 0
55999, 80, 0, 0
57000, 80, 0, 0
57999, 72, 0, 0
58999, 80, 0, 0
60000, 73, 0, 0
61000, 88, 0, 0
61999, 80, 0, 0
63000, 80, 0, 0
64000, 72, 0, 0
64999, 86, 0, 0
65999, 88, 0, 0
67000, 72, 0, 0
68000, 80, 0, 0
69000, 81, 0, 0
69999, 80, 0, 0
71000, 80, 0, 0
72000, 72, 0, 0
73000, 80, 0, 0
73999, 79, 0, 0
74999, 80, 0, 0
76000, 73, 0, 0
77000, 81, 0, 0
77999, 80, 0, 0
78999, 80, 0, 0
80000, 80, 0, 0
81000, 72, 0, 0
81999, 81, 0, 0
82999, 80, 0, 0
84000, 81, 0, 0
85000, 80, 0, 0
85999, 80, 0, 0
86999, 80, 0, 0
88000, 72, 0, 0
89000, 80, 0, 0
89999, 73, 0, 0
90999, 80, 0, 0
92000, 80, 0, 0
93000, 80, 0, 0
93999, 80, 0, 0
95000, 80, 0, 0
96000, 72, 0, 0
96999, 80, 0, 0
98000, 80, 0, 0
99000, 80, 0, 0
99999, 80, 0, 0
101000, 81, 0, 0
102000, 72, 0, 0
102999, 81, 0, 0
103999, 80, 0, 0
105000, 72, 0, 0
106000, 81, 0, 0
106999, 80, 0, 0
107999, 82, 0, 0
108999, 81, 0, 0
110000, 81, 0, 0
111000, 81, 0, 0
111999, 80, 0, 0
113000, 80, 0, 0
114000, 72, 0, 0
114999, 81, 0, 0
115999, 82, 0, 0
117000, 80, 0, 0
118000, 80, 0, 0
118999, 80, 0, 0
119999, 72, 0, 0
121000, 80, 0, 0
122000, 73, 0, 0
122999, 80, 0, 0
123999, 80, 0, 0
124999, 81, 0, 0
126000, 81, 0, 0
126999, 80, 0, 0
127999, 72, 0, 0
129000, 80, 0, 0
130000, 86, 0, 0
130999, 78, 0, 0
131999, 73, 0, 0
133000, 80, 0, 0
134000, 81, 0, 0
134999, 80, 0, 0
135999, 81, 0, 0
137000, 80, 0, 0
138000, 80, 0, 0
138999, 83, 0, 0
139999, 82, 0, 0
140999, 80, 0, 0
142000, 80, 0, 0
142999, 80, 0, 0
143999, 81, 0, 0
145000, 72, 0, 0
146000, 80, 0, 0
146999, 81, 0, 0
148000, 80, 0, 0
149000, 80, 0, 0
149999, 81, 0, 0
150999, 80, 0, 0
152000, 80, 0, 0
152999, 80, 0, 0
153999, 81, 0, 0
155000, 80, 0, 0
156000, 82, 0, 0
156999, 72, 0, 0
158000, 89, 0, 0
159000, 73, 0, 0
159999, 80, 0, 0
160999, 88, 0, 0
162000, 80, 0, 0
162999, 73, 0, 0
163999, 81, 0, 0
165000, 80, 0, 0
166000, 73, 0, 0
166999, 89, 0, 0
167999, 80, 0, 0
169000, 80, 0, 0
169999, 80, 0, 0
170999, 80, 0, 0
172000, 80, 0, 0
172999, 88, 0, 0
173999, 72, 0, 0
175000, 80, 0, 0
175999, 80, 0, 0
176999, 81, 0, 0
178000, 81, 0, 0
179000, 80, 0, 0
179999, 72, 0, 0
181000, 80, 0, 0
181999, 81, 0, 0
182999, 80, 0, 0
184000, 74, 0, 0
185000, 81, 0, 0
185999, 80, 0, 0
186999, 82, 0, 0
188000, 82, 0, 0
188999, 80, 0, 0
189999, 80, 0, 0
191000, 72, 0, 0
191999, 80, 0, 0
192999, 81, 0, 0
194000, 80, 0, 0
194999, 82, 0, 0
195999, 73, 0, 0
197000, 80, 0, 0
197999, 80, 0, 0
198999, 80, 0, 0
200000, 81, 0, 0
200999, 80, 0, 0
201999, 80, 0, 0
203000, 80, 0, 0
203999, 72, 0, 0
204999, 80, 0, 0
206000, 72, 0, 0
206999, 89, 0, 0
207999, 80, 0, 0
209000, 72, 0, 0
209999, 88, 0, 0
210999, 72, 0, 0
212000, 81, 0, 0
212999, 81, 0, 0
213999, 80, 0, 0
215000, 82, 0, 0
215999, 80, 0, 0
216999, 80, 0, 0
218000, 80, 0, 0
219000, 72, 0, 0
219999, 80, 0, 0
221000, 81, 0, 0
222000, 80, 0, 0
222999, 80, 0, 0
223999, 80, 0, 0
225000, 80, 0, 0
225999, 72, 0, 0
226999, 81, 0, 0
228000, 88, 0, 0
228999, 80, 0, 0
229999, 72, 0, 0
231000, 81, 0, 0
231999, 80, 0, 0
232999, 81, 0, 0
234000, 80, 0, 0
234999, 80, 0, 0
235999, 80, 0, 0
237000, 102, 0, 0
238000, 80, 0, 0
238999, 88, 0, 0
240000, 96, 0, 0
241000, 81, 0, 0
241999, 80, 0, 0
243000, 84, 0, 0
244000, 80, 0, 0
244999, 80, 0, 0
246000, 82, 0, 0
247000, 80, 0, 0
247999, 81, 0, 0
249000, 80, 0, 0
250000, 79, 0, 0
250999, 81, 0, 0
251999, 80, 0, 0
253000, 72, 0, 0
253999, 81, 0, 0
254999, 79, 0, 0
256000, 81, 0, 0
257000, 80, 0, 0
257999, 80, 0, 0
259000, 80, 0, 0
260000, 80, 0, 0
260999, 80, 0, 0
262000, 82, 0, 0
263000, 80, 0, 0
263999, 80, 0, 0
265000, 73, 0, 0
266000, 82, 0, 0
266999, 73, 0, 0
268000, 80, 0, 0
269000, 82, 0, 0
269999, 80, 0, 0
270999, 72, 0, 0
272000, 82, 0, 0
272999, 82, 0, 0
274000, 72, 0, 0
275000, 80, 0, 0
275999, 88, 0, 0
276999, 79, 0, 0
278000, 81, 0, 0
278999, 73, 0, 0
279999, 83, 0, 0
281000, 80, 0, 0
282000, 73, 0, 0
282999, 80, 0, 0
284000, 80, 0, 0
285000, 73, 0, 0
285999, 81, 0, 0
287000, 81, 0, 0
288000, 80, 0, 0
288999, 81, 0, 0
289999, 80, 0, 0
291000, 80, 0, 0
292000, 80, 0, 0
292999, 82, 0, 0
294000, 72, 0, 0
294999, 80, 0, 0
295999, 72, 0, 0
297000, 80, 0, 0
298000, 80, 0, 0
298999, 73, 0, 0
300000, 81, 0, 0
301000, 80, 0, 0
301999, 81, 0, 0
303000, 89, 0, 0
304000, 82, 0, 0
304999, 81, 0, 0
306000, 81, 0, 0
307000, 73, 0, 0
307999, 80, 0, 0
308999, 80, 0, 0
310000, 81, 0, 0
311000, 81, 0, 0
311999, 62, 0, 0
313000, 81, 0, 0
314000, 80, 0, 0
314999, 73, 0, 0
315999, 80, 0, 0
317000, 83, 0, 0
317999, 70, 0, 0
318999, 82, 0, 0
320000, 82, 0, 0
321000, 79, 0, 0
321999, 80, 0, 0
322999, 80, 0, 0
324000, 72, 0, 0
325000, 72, 0, 0
325999, 81, 0, 0
327000, 81, 0, 0
328000, 80, 0, 0
328999, 81, 0, 0
330000, 81, 0, 0
331000, 83, 0, 0
331999, 80, 0, 0
333000, 73, 0, 0
334000, 80, 0, 0
334999, 82, 0, 0
335999, 81, 0, 0
337000, 81, 0, 0
338000, 77, 0, 0
338999, 81, 0, 0
339999, 80, 0, 0
341000, 72, 0, 0
341999, 80, 0, 0
342999, 81, 0, 0
344000, 83, 0, 0
344999, 72, 0, 0
345999, 82, 0, 0
347000, 80, 0, 0
348000, 73, 0, 0
348999, 81, 0, 0
349999, 81, 0, 0
351000, 72, 0, 0
352000, 90, 0, 0
352999, 80, 0, 0
353999, 81, 0, 0
355000, 81, 0, 0
356000, 72, 0, 0
356999, 81, 0, 0
358000, 89, 0, 0
359000, 73, 0, 0
359999, 81, 0, 0
360999, 72, 0, 0
362000, 80, 0, 0
363000, 81, 0, 0
363999, 81, 0, 0
364999, 82, 0, 0
366000, 73, 0, 0
367000, 80, 0, 0
367999, 81, 0, 0
369000, 73, 0, 0
369999, 81, 0, 0
370999, 81, 0, 0
372000, 81, 0, 0
373000, 80, 0, 0
373999, 81, 0, 0
374999, 74, 0, 0
376000, 80, 0, 0
376999, 83, 0, 0
378000, 75, 0, 0
379000, 80, 0, 0
379999, 74, 0, 0
381000, 80, 0, 0
382000, 73, 0, 0
382999, 81, 0, 0
383999, 89, 0, 0
385000, 80, 0, 0
385999, 73, 0, 0
386999, 80, 0, 0
388000, 80, 0, 0
389000, 80, 0, 0
389999, 72, 0, 0
390999, 83, 0, 0
392000, 81, 0, 0
393000, 80, 0, 0
393999, 91, 0, 0
394999, 81, 0, 0
396000, 81, 0, 0
396999, 80, 0, 0
397999, 81, 0, 0
398999, 81, 0, 0
400000, 80, 0, 0
401000, 73, 0, 0
401999, 68, 0, 0
402999, 85, 0, 0
404000, 76, 0, 0
404999, 81, 0, 0
405999, 73, 0, 0
407000, 80, 0, 0
408000, 82, 0, 0
408999, 82, 0, 0
410000, 81, 0, 0
411000, 90, 0, 0
411999, 72, 0, 0
412999, 82, 0, 0
414000, 80, 0, 0
414999, 73, 0, 0
415999, 81, 0, 0
417000, 83, 0, 0
417999, 80, 0, 0
418999, 80, 0, 0
420000, 80, 0, 0
420999, 80, 0, 0
421999, 81, 0, 0
423000, 83, 0, 0
424000, 80, 0, 0
424999, 74, 0, 0
426000, 80, 0, 0
427000, 80, 0, 0
427999, 81, 0, 0
428999, 74, 0, 0
430000, 82, 0, 0
431000, 82, 0, 0
431999, 81, 0, 0
433000, 80, 0, 0
434000, 81, 0, 0
434999, 82, 0, 0
436000, 82, 0, 0
437000, 81, 0, 0
437999, 80, 0, 0
439000, 81, 0, 0
440000, 81, 0, 0
440999, 80, 0, 0
441999, 81, 0, 0
443000, 73, 0, 0
444000, 81, 0, 0
444999, 80, 0, 0
446000, 82, 0, 0
447000, 74, 0, 0
447999, 80, 0, 0
448999, 82, 0, 0
450000, 82, 0, 0
450999, 80, 0, 0
451999, 89, 0, 0
453000, 73, 0, 0
453999, 82, 0, 0
454999, 80, 0, 0
456000, 90, 0, 0
457000, 80, 0, 0
457999, 82, 0, 0
459000, 74, 0, 0
460000, 80, 0, 0
460999, 81, 0, 0
462000, 72, 0, 0
463000, 80, 0, 0
463999, 83, 0, 0
465000, 80, 0, 0
466000, 81, 0, 0
466999, 82, 0, 0
468000, 82, 0, 0
469000, 73, 0, 0
469999, 80, 0, 0
470999, 84, 0, 0
472000, 66, 0, 0
473000, 80, 0, 0
473999, 81, 0, 0
475000, 72, 0, 0
476000, 77, 0, 0
476999, 87, 0, 0
477999, 81, 0, 0
479000, 80, 0, 0
479999, 73, 0, 0
480999, 80, 0, 0
482000, 81, 0, 0
482999, 80, 0, 0
483999, 72, 0, 0
485000, 81, 0, 0
485999, 81, 0, 0
486999, 81, 0, 0
487999, 80, 0, 0
489000, 73, 0, 0
489999, 83, 0, 0
490999, 80, 0, 0
492000, 81, 0, 0
493000, 72, 0, 0
493999, 80, 0, 0
495000, 81, 0, 0
496000, 81, 0, 0
496999, 82, 0, 0
497999, 80, 0, 0
499000, 82, 0, 0
499999, 82, 0, 0
500999, 81, 0, 0
502000, 73, 0, 0
502999, 81, 0, 0
503999, 94, 0, 0
505000, 82, 0, 0
506000, 80, 0, 0
506999, 80, 0, 0
507999, 83, 0, 0
509000, 74, 0, 0
510000, 80, 0, 0
510999, 80, 0, 0
511999, 81, 0, 0
513000, 81, 0, 0
513999, 72, 0, 0
514999, 80, 0, 0
516000, 83, 0, 0
517000, 74, 0, 0
517999, 89, 0, 0
518999, 72, 0, 0
520000, 80, 0, 0
521000, 82, 0, 0
521999, 72, 0, 0
523000, 82, 0, 0
524000, 82, 0, 0
524999, 80, 0, 0
526000, 81, 0, 0
527000, 72, 0, 0
527999, 81, 0, 0
528999, 82, 0, 0
530000, 82, 0, 0
530999, 81, 0, 0
531999, 84, 0, 0
533000, 84, 0, 0
534000, 80, 0, 0
534999, 72, 0, 0
536000, 90, 0, 0
537001, 80, 0, 0
537999, 72, 0, 0
539000, 82, 0, 0
540000, 81, 0, 0
541000, 89, 0, 0
542000, 72, 0, 0
543000, 80, 0, 0
544000, 90, 0, 0
545000, 73, 0, 0
546000, 83, 0, 0
547000, 80, 0, 0
548000, 81, 0, 0
549000, 83, 0, 0
550000, 82, 0, 0
551000, 82, 0, 0
552000, 90, 0, 0
553000, 80, 0, 0
554000, 72, 0, 0
555000, 81, 0, 0
556000, 82, 0, 0
557000, 82, 0, 0
558000, 81, 0, 0
559000, 82, 0, 0
560000, 82, 0, 0
561000, 83, 0, 0
562000, 80, 0, 0
563000, 72, 0, 0
564000, 80, 0, 0
565000, 80, 0, 0
566000, 83, 0, 0
567000, 80, 0, 0
568000, 75, 0, 0
569000, 80, 0, 0
570000, 81, 0, 0
571000, 74, 0, 0
572000, 81, 0, 0
573000, 81, 0, 0
574000, 80, 0, 0
575000, 81, 0, 0
576000, 81, 0, 0
577001, 79, 0, 0
578000, 82, 0, 0
579000, 83, 0, 0
580000, 81, 0, 0
581000, 67, 0, 0
582000, 82, 0, 0
583000, 82, 0, 0
584000, 80, 0, 0
585000, 81, 0, 0
585999, 80, 0, 0
587000, 82, 0, 0
588000, 81, 0, 0
588999, 80, 0, 0
589999, 81, 0, 0
590998, 75, 0, 0
591999, 80, 0, 0
592999, 82, 0, 0
593998, 82, 0, 0
594998, 80, 0, 0
595997, 82, 0, 0
596998, 81, 0, 0
597997, 83, 0, 0
598997, 75, 0, 0
599997, 84, 0, 0
600997, 81, 0, 0
601997, 80, 0, 0
602996, 81, 0, 0
603996, 83, 0, 0
604996, 82, 0, 0
605995, 73, 0, 0
606996, 89, 0, 0
607995, 72, 0, 0
608995, 80, 0, 0
609995, 82, 0, 0
610994, 82, 0, 0
611994, 80, 0, 0
612995, 72, 0, 0
613994, 81, 0, 0
614994, 76, 0, 0
615993, 90, 0, 0
616993, 83, 0, 0
617994, 73, 0, 0
618993, 81, 0, 0
619993, 82, 0, 0
620992, 83, 0, 0
621992, 81, 0, 0
622992, 73, 0, 0
623992, 80, 0, 0
624992, 82, 0, 0
625991, 81, 0, 0
626991, 81, 0, 0
627991, 74, 0, 0
628991, 80, 0, 0
630000, 83, 0, 0
631000, 81, 0, 0
631991, 73, 0, 0
632999, 83, 0, 0
634000, 81, 0, 0
635000, 80, 0, 0
635999, 83, 0, 0
637000, 72, 0, 0
638000, 81, 0, 0
638999, 80, 0, 0
639999, 80, 0, 0
641000, 82, 0, 0
641999, 80, 0, 0
643000, 81, 0, 0
644000, 74, 0, 0
644999, 80, 0, 0
645999, 80, 0, 0
647000, 81, 0, 0
647999, 82, 0, 0
648999, 83, 0, 0
650000, 72, 0, 0
651000, 89, 0, 0
651999, 82, 0, 0
652999, 80, 0, 0
654000, 81, 0, 0
655000, 75, 0, 0
655999, 80, 0, 0
656999, 82, 0, 0
658000, 83, 0, 0
659000, 81, 0, 0
659999, 72, 0, 0
660999, 80, 0, 0
662000, 81, 0, 0
663000, 80, 0, 0
663999, 82, 0, 0
664999, 80, 0, 0
665999, 81, 0, 0
667000, 83, 0, 0
668000, 80, 0, 0
668999, 81, 0, 0
669999, 82, 0, 0
671000, 77, 0, 0
671999, 72, 0, 0
672999, 83, 0, 0
674000, 72, 0, 0
675000, 80, 0, 0
675999, 82, 0, 0
676999, 74, 0, 0
678000, 89, 0, 0
678999, 72, 0, 0
679999, 83, 0, 0
681000, 81, 0, 0
682000, 80, 0, 0
682999, 83, 0, 0
684000, 79, 0, 0
685000, 81, 0, 0
686000, 72, 0, 0
686999, 82, 0, 0
688000, 81, 0, 0
689000, 81, 0, 0
689999, 73, 0, 0
690999, 89, 0, 0
692000, 83, 0, 0
693000, 80, 0, 0
693999, 73, 0, 0
695000, 83, 0, 0
696000, 81, 0, 0
696999, 73, 0, 0
697999, 75, 0, 0
699000, 81, 0, 0
699999, 81, 0, 0
700999, 89, 0, 0
702000, 81, 0, 0
703000, 80, 0, 0
703999, 81, 0, 0
705000, 82, 0, 0
706000, 73, 0, 0
706999, 80, 0, 0
708000, 82, 0, 0
709000, 81, 0, 0
709999, 82, 0, 0
710999, 73, 0, 0
712000, 81, 0, 0
712999, 80, 0, 0
713999, 81, 0, 0
715000, 81, 0, 0
716000, 73, 0, 0
716999, 81, 0, 0
717999, 85, 0, 0
719000, 81, 0, 0
719999, 73, 0, 0
720999, 80, 0, 0
722000, 89, 0, 0
723000, 72, 0, 0
723999, 89, 0, 0
724999, 80, 0, 0
726000, 80, 0, 0
727000, 80, 0, 0
728000, 81, 0, 0
728999, 73, 0, 0
730000, 84, 0, 0
731000, 83, 0, 0
731999, 84, 0, 0
732999, 84, 0, 0
734000, 73, 0, 0
735000, 81, 0, 0
735999, 81, 0, 0
737000, 81, 0, 0
738000, 73, 0, 0
738999, 83, 0, 0
740000, 89, 0, 0
741000, 81, 0, 0
741999, 72, 0, 0
743000, 80, 0, 0
744000, 82, 0, 0
744999, 77, 0, 0
745999, 83, 0, 0
747000, 81, 0, 0
748000, 73, 0, 0
748999, 81, 0, 0
749999, 81, 0, 0
751000, 82, 0, 0
752000, 73, 0, 0
752999, 81, 0, 0
754000, 79, 0, 0
755000, 80, 0, 0
755999, 73, 0, 0
756999, 81, 0, 0
758000, 82, 0, 0
759000, 83, 0, 0
759999, 82, 0, 0
761000, 81, 0, 0
762000, 83, 0, 0
762999, 80, 0, 0
763999, 82, 0, 0
765000, 73, 0, 0
766000, 83, 0, 0
766999, 84, 0, 0
767999, 75, 0, 0
769000, 82, 0, 0
770000, 84, 0, 0
770999, 75, 0, 0
772000, 80, 0, 0
773000, 83, 0, 0
773999, 81, 0, 0
774999, 82, 0, 0
776000, 81, 0, 0
777000, 81, 0, 0
777999, 81, 0, 0
779000, 73, 0, 0
780000, 83, 0, 0
780999, 80, 0, 0
782000, 80, 0, 0
783000, 75, 0, 0
783999, 84, 0, 0
784999, 84, 0, 0
786000, 81, 0, 0
787000, 88, 0, 0
787999, 80, 0, 0
788999, 84, 0, 0
790000, 83, 0, 0
790999, 76, 0, 0
791999, 81, 0, 0
793000, 72, 0, 0
793999, 84, 0, 0
794999, 80, 0, 0
796000, 89, 0, 0
796999, 73, 0, 0
797999, 85, 0, 0
799000, 81, 0, 0
800000, 81, 0, 0
800999, 83, 0, 0
802000, 81, 0, 0
803000, 80, 0, 0
803999, 80, 0, 0
805000, 83, 0, 0
806000, 73, 0, 0
806999, 80, 0, 0
807999, 81, 0, 0
809000, 75, 0, 0
810000, 80, 0, 0
810999, 82, 0, 0
811999, 73, 0, 0
813000, 80, 0, 0
813999, 76, 0, 0
814999, 80, 0, 0
816000, 93, 0, 0
816999, 82, 0, 0
817999, 73, 0, 0
819000, 91, 0, 0
820000, 82, 0, 0
820999, 83, 0, 0
822000, 82, 0, 0
823000, 72, 0, 0
823999, 81, 0, 0
825000, 83, 0, 0
826000, 83, 0, 0
827000, 80, 0, 0
827999, 74, 0, 0
828999, 81, 0, 0
830000, 82, 0, 0
830999, 82, 0, 0
831999, 82, 0, 0
833000, 74, 0, 0
834000, 83, 0, 0
834999, 82, 0, 0
836000, 74, 0, 0
837000, 83, 0, 0
837999, 74, 0, 0
839000, 80, 0, 0
840000, 80, 0, 0
840999, 80, 0, 0
842000, 81, 0, 0
843000, 84, 0, 0
843999, 73, 0, 0
844999, 83, 0, 0
846000, 90, 0, 0
847000, 74, 0, 0
847999, 83, 0, 0
849000, 82, 0, 0
850000, 80, 0, 0
850999, 72, 0, 0
851999, 82, 0, 0
853000, 81, 0, 0
854000, 81, 0, 0
854999, 85, 0, 0
856000, 82, 0, 0
857000, 81, 0, 0
857999, 81, 0, 0
858999, 83, 0, 0
860000, 82, 0, 0
861000, 75, 0, 0
861999, 81, 0, 0
862999, 81, 0, 0
864000, 80, 0, 0
865000, 82, 0, 0
865999, 89, 0, 0
867000, 80, 0, 0
868000, 84, 0, 0
868999, 72, 0, 0
869999, 85, 0, 0
871000, 81, 0, 0
872000, 84, 0, 0
872999, 73, 0, 0
873999, 81, 0, 0
875000, 84, 0, 0
876000, 80, 0, 0
876999, 92, 0, 0
878000, 82, 0, 0
879000, 74, 0, 0
880000, 80, 0, 0
880999, 91, 0, 0
881999, 72, 0, 0
883000, 85, 0, 0
884000, 81, 0, 0
884999, 81, 0, 0
886000, 81, 0, 0
886999, 73, 0, 0
887999, 84, 0, 0
889000, 91, 0, 0
890000, 83, 0, 0
891000, 80, 0, 0
891999, 70, 0, 0
892999, 84, 0, 0
894000, 85, 0, 0
895000, 84, 0, 0
895999, 81, 0, 0
897000, 83, 0, 0
898000, 81, 0, 0
898999, 82, 0, 0
900000, 75, 0, 0
901000, 83, 0, 0
901999, 81, 0, 0
902999, 75, 0, 0
904000, 81, 0, 0
904999, 90, 0, 0
905999, 83, 0, 0
907000, 73, 0, 0
907999, 82, 0, 0
908999, 83, 0, 0
910000, 81, 0, 0
911000, 81, 0, 0
911999, 84, 0, 0
913000, 73, 0, 0
914000, 82, 0, 0
914999, 82, 0, 0
916000, 81, 0, 0
917000, 80, 0, 0
917999, 82, 0, 0
919000, 80, 0, 0
920000, 83, 0, 0
920999, 82, 0, 0
922000, 82, 0, 0
923000, 74, 0, 0
923999, 82, 0, 0
925000, 85, 0, 0
926000, 83, 0, 0
926999, 83, 0, 0
927999, 75, 0, 0
929000, 81, 0, 0
929999, 82, 0, 0
930999, 82, 0, 0
932000, 83, 0, 0
933000, 84, 0, 0
933999, 81, 0, 0
934999, 83, 0, 0
936000, 81, 0, 0
936999, 81, 0, 0
937999, 83, 0, 0
939000, 81, 0, 0
940000, 83, 0, 0
940999, 72, 0, 0
942000, 82, 0, 0
943000, 82, 0, 0
943999, 84, 0, 0
944999, 82, 0, 0
946000, 82, 0, 0
946999, 81, 0, 0
947999, 81, 0, 0
949000, 74, 0, 0
950000, 86, 0, 0
950999, 81, 0, 0
952000, 74, 0, 0
953000, 82, 0, 0
953999, 81, 0, 0
955000, 80, 0, 0
956000, 81, 0, 0
956999, 81, 0, 0
958000, 82, 0, 0
959000, 83, 0, 0
959999, 72, 0, 0
961000, 84, 0, 0
962000, 82, 0, 0
962999, 80, 0, 0
963999, 82, 0, 0
965000, 82, 0, 0
965999, 72, 0, 0
966999, 83, 0, 0
968000, 83, 0, 0
968999, 83, 0, 0
969999, 72, 0, 0
971000, 81, 0, 0
972000, 80, 0, 0
972999, 85, 0, 0
974000, 81, 0, 0
975000, 82, 0, 0
975999, 82, 0, 0
977000, 81, 0, 0
978000, 83, 0, 0
978999, 83, 0, 0
979999, 74, 0, 0
981000, 83, 0, 0
981999, 82, 0, 0
982999, 83, 0, 0
984000, 76, 0, 0
984999, 85, 0, 0
985999, 81, 0, 0
987000, 76, 0, 0
987999, 82, 0, 0
988999, 84, 0, 0
990000, 74, 0, 0
990999, 84, 0, 0
991999, 83, 0, 0
993000, 84, 0, 0
993999, 82, 0, 0
994999, 85, 0, 0
996000, 89, 0, 0
997000, 81, 0, 0
997999, 81, 0, 0
998999, 83, 0, 0
1000000, 82, 0, 0
1000999, 75, 0, 0
1001999, 88, 0, 0
1003000, 83, 0, 0
1004000, 73, 0, 0
1004999, 80, 0, 0
1005999, 80, 0, 0
1007000, 75, 0, 0
1008000, 89, 0, 0
1008999, 79, 0, 0
1010000, 80, 0, 0
1011000, 81, 0, 0
1011999, 85, 0, 0
1012999, 83, 0, 0
1014000, 81, 0, 0
1015000, 81, 0, 0
1015999, 82, 0, 0
1017000, 74, 0, 0
1018000, 92, 0, 0
1018999, 83, 0, 0
1019999, 81, 0, 0
1021000, 82, 0, 0
1021999, 73, 0, 0
1022999, 81, 0, 0
1024000, 82, 0, 0
1025000, 81, 0, 0
1025999, 83, 0, 0
1027000, 83, 0, 0
1028000, 83, 0, 0
1028999, 82, 0, 0
1030000, 83, 0, 0
1031000, 84, 0, 0
1031999, 92, 0, 0
1033000, 82, 0, 0
1034000, 76, 0, 0
1034999, 83, 0, 0
1036000, 72, 0, 0
1037000, 82, 0, 0
1037999, 81, 0, 0
1039000, 82, 0, 0
1040000, 81, 0, 0
1040999, 82, 0, 0
1041999, 81, 0, 0
1043000, 84, 0, 0
1044000, 85, 0, 0
1044999, 82, 0, 0
1046000, 76, 0, 0
1047000, 81, 0, 0
1047999, 81, 0, 0
1049000, 82, 0, 0
1050000, 80, 0, 0
1050999, 85, 0, 0
1052000, 81, 0, 0
1053000, 75, 0, 0
1053999, 89, 0, 0
1055000, 74, 0, 0
1056000, 80, 0, 0
1056999, 81, 0, 0
1057999, 82, 0, 0
1058999, 85, 0, 0
1060000, 82, 0, 0
1061000, 83, 0, 0
1061999, 74, 0, 0
1063000, 84, 0, 0
1064000, 81, 0, 0
1064999, 83, 0, 0
1065999, 82, 0, 0
1067000, 84, 0, 0
1068000, 83, 0, 0
1068999, 81, 0, 0
1070000, 82, 0, 0
1071000, 81, 0, 0
1071999, 81, 0, 0
1073000, 85, 0, 0
1074000, 80, 0, 0
1074999, 80, 0, 0
1075999, 83, 0, 0
1077000, 72, 0, 0
1077999, 83, 0, 0
1078999, 86, 0, 0
1080000, 73, 0, 0
1080999, 75, 0, 0
1081999, 81, 0, 0
1083000, 81, 0, 0
1084000, 83, 0, 0
1084999, 82, 0, 0
1085999, 76, 0, 0
1087000, 89, 0, 0
1087999, 82, 0, 0
1088999, 81, 0, 0
1090000, 81, 0, 0
1090999, 80, 0, 0
1091999, 81, 0, 0
1093000, 81, 0, 0
1093999, 75, 0, 0
1094999, 80, 0, 0
1096000, 83, 0, 0
1097000, 73, 0, 0
1098000, 93, 0, 0
1098999, 76, 0, 0
1100000, 78, 0, 0
1101000, 79, 0, 0
1101999, 74, 0, 0
1103000, 84, 0, 0
1104000, 81, 0, 0
1104999, 76, 0, 0
1106000, 80, 0, 0
1107000, 84, 0, 0
1107999, 80, 0, 0
1108999, 82, 0, 0
1110000, 83, 0, 0
1111000, 85, 0, 0
1111999, 81, 0, 0
1112999, 83, 0, 0
1114000, 81, 0, 0
1114999, 82, 0, 0
1115999, 77, 0, 0
1117000, 84, 0, 0
1118000, 83, 0, 0
1118999, 87, 0, 0
1119999, 81, 0, 0
1121000, 82, 0, 0
1121999, 82, 0, 0
1122999, 83, 0, 0
1124000, 85, 0, 0
1125000, 82, 0, 0
1125999, 80, 0, 0
1127000, 74, 0, 0
1128000, 82, 0, 0
1128999, 82, 0, 0
1129999, 82, 0, 0
1131000, 85, 0, 0
1132000, 84, 0, 0
1132999, 81, 0, 0
1133999, 84, 0, 0
1134999, 82, 0, 0
1136000, 83, 0, 0
1137000, 74, 0, 0
1137999, 90, 0, 0
1139000, 85, 0, 0
1140000, 72, 0, 0
1140999, 82, 0, 0
1142000, 84, 0, 0
1143000, 81, 0, 0
1143999, 82, 0, 0
1144999, 83, 0, 0
1146000, 73, 0, 0
1147000, 84, 0, 0
1147999, 74, 0, 0
1148999, 91, 0, 0
1150000, 80, 0, 0
1151000, 82, 0, 0
1151999, 86, 0, 0
1153000, 80, 0, 0
1154000, 82, 0, 0
1154999, 91, 0, 0
1155999, 81, 0, 0
1157000, 82, 0, 0
1157999, 85, 0, 0
1158999, 83, 0, 0
1160000, 73, 0, 0
1161000, 82, 0, 0
1161999, 83, 0, 0
1163000, 82, 0, 0
1164000, 74, 0, 0
1164999, 82, 0, 0
1165999, 82, 0, 0
1167000, 80, 0, 0
1167999, 81, 0, 0
1168999, 74, 0, 0
1170000, 86, 0, 0
1171000, 83, 0, 0
1171999, 72, 0, 0
1172999, 98, 0, 0
1174000, 82, 0, 0
1175000, 72, 0, 0
1175999, 82, 0, 0
1177000, 83, 0, 0
1178000, 85, 0, 0
1178999, 86, 0, 0
1179999, 82, 0, 0
1181000, 75, 0, 0
1181999, 76, 0, 0
1182999, 80, 0, 0
1184000, 80, 0, 0
1185000, 82, 0, 0
1185999, 74, 0, 0
1186999, 82, 0, 0
1188000, 83, 0, 0
1188999, 82, 0, 0
1189999, 81, 0, 0
1191000, 73, 0, 0
1192000, 81, 0, 0
1192999, 83, 0, 0
1194000, 80, 0, 0
1195000, 83, 0, 0
1195999, 73, 0, 0
1197000, 84, 0, 0
1198000, 82, 0, 0
1198999, 74, 0, 0
1200000, 87, 0, 0
