1081, 5142077, 0, 0
2060, 2224171, 0, 0
3061, 12657343, 0, 0
4042, 13619642, 0, 0
5015, 12472052, 0, 0
6069, 13171816, 0, 0
7043, 12166963, 0, 0
8019, 12196159, 0, 0
9036, 13725364, 0, 0
10019, 12133688, 0, 0
11010, 12380802, 0, 0
12013, 12525301, 0, 0
13019, 12578482, 0, 0
14078, 13222171, 0, 0
15085, 12584184, 0, 0
16044, 13315353, 0, 0
17054, 12615066, 0, 0
18037, 12279701, 0, 0
19076, 12823920, 0, 0
20096, 12741408, 0, 0
21079, 12280249, 0, 0
22075, 12447115, 0, 0
23002, 13052077, 0, 0
24098, 12303255, 0, 0
25082, 12297499, 0, 0
26036, 11909307, 0, 0
27023, 12340745, 0, 0
28053, 12863098, 0, 0
29010, 11951265, 0, 0
30039, 13722132, 0, 0
31051, 12632968, 0, 0
32109, 13227793, 0, 0
33039, 12906478, 0, 0
34056, 12701748, 0, 0
35085, 12856006, 0, 0
36037, 10934110, 0, 0
37036, 12477851, 0, 0
38071, 12934342, 0, 0
39074, 12538539, 0, 0
40013, 13022336, 0, 0
41057, 13052798, 0, 0
42053, 12595962, 0, 0
43015, 12327615, 0, 0
44028, 12491955, 0, 0
45064, 11774165, 0, 0
46027, 12025393, 0, 0
47083, 13189073, 0, 0
48076, 12412685, 0, 0
49104, 12844992, 0, 0
50077, 12152976, 0, 0
51095, 12710898, 0, 0
52003, 12616468, 0, 0
53034, 11704946, 0, 0
54002, 11522860, 0, 0
55108, 12551487, 0, 0
56033, 12843734, 0, 0
57069, 12945357, 0, 0
58009, 13054920, 0, 0
59001, 12389040, 0, 0
60019, 12713899, 0, 0
61089, 12589572, 0, 0
62038, 13345829, 0, 0
63033, 12442629, 0, 0
64000, 13415613, 0, 0
65039, 12977257, 0, 0
66068, 12856672, 0, 0
67065, 12461255, 0, 0
68062, 12449066, 0, 0
69098, 12944479, 0, 0
70084, 12324772, 0, 0
71090, 12558996, 0, 0
72053, 12036483, 0, 0
73105, 13137650, 0, 0
74027, 12630222, 0, 0
75093, 13315535, 0, 0
76001, 12608441, 0, 0
77043, 13012197, 0, 0
78005, 12021275, 0, 0
79066, 12046832, 0, 0
80065, 12490000, 0, 0
81065, 12493551, 0, 0
82086, 12586757, 0, 0
83074, 12354745, 0, 0
84089, 12518354, 0, 0
85036, 13147216, 0, 0
86022, 12322241, 0, 0
87056, 12907179, 0, 0
88095, 12987158, 0, 0
89062, 13417821, 0, 0
90102, 12998119, 0, 0
91039, 13011245, 0, 0
92000, 12003106, 0, 0
93063, 13278456, 0, 0
94080, 12707691, 0, 0
95053, 12003312, 0, 0
96091, 12814903, 0, 0
97019, 12881138, 0, 0
98026, 12571341, 0, 0
99023, 12457341, 0, 0
100031, 12591210, 0, 0
101044, 12660700, 0, 0
102079, 12925807, 0, 0
103092, 12500646, 0, 0
104068, 12191563, 0, 0
105017, 13176142, 0, 0
106032, 12688088, 0, 0
107065, 12899393, 0, 0
108002, 11558815, 0, 0
109087, 11914673, 0, 0
110086, 12488132, 0, 0
111088, 12520291, 0, 0
112032, 13102329, 0, 0
113036, 12864226, 0, 0
114042, 12564860, 0, 0
115020, 12067674, 0, 0
116044, 12793635, 0, 0
117043, 12479179, 0, 0
118086, 13028240, 0, 0
119063, 12206915, 0, 0
120074, 12630621, 0, 0
121003, 12898515, 0, 0
122052, 13108310, 0, 0
123031, 12225989, 0, 0
124027, 12284081, 0, 0
125104, 12094230, 0, 0
126100, 12453851, 0, 0
127081, 12245369, 0, 0
128020, 9882830, 0, 0
129000, 11937685, 0, 0
130033, 12440746, 0, 0
131098, 13140840, 0, 0
132037, 13032268, 0, 0
133051, 12518812, 0, 0
134052, 12497601, 0, 0
135055, 12535390, 0, 0
136044, 12351314, 0, 0
137025, 12262029, 0, 0
138044, 12725172, 0, 0
139014, 12125183, 0, 0
140094, 12127044, 0, 0
141089, 12122727, 0, 0
142016, 12876336, 0, 0
143004, 12334011, 0, 0
144092, 12359239, 0, 0
145071, 12230630, 0, 0
146063, 12393811, 0, 0
147039, 12199708, 0, 0
148018, 12219634, 0, 0
149013, 12441238, 0, 0
150052, 12816399, 0, 0
151000, 12984320, 0, 0
152035, 12611546, 0, 0
153023, 12337043, 0, 0
154083, 12038432, 0, 0
155064, 12101340, 0, 0
156056, 12393294, 0, 0
157026, 12126179, 0, 0
158040, 12828483, 0, 0
159111, 13374490, 0, 0
160006, 12433771, 0, 0
161033, 12819243, 0, 0
162043, 12320267, 0, 0
163030, 13329805, 0, 0
164062, 12893481, 0, 0
165055, 12247934, 0, 0
166042, 12175428, 0, 0
167072, 12866447, 0, 0
168080, 12447733, 0, 0
169020, 13044687, 0, 0
170084, 13288963, 0, 0
171073, 12209963, 0, 0
172037, 11892297, 0, 0
173050, 12646618, 0, 0
174018, 11522877, 0, 0
175061, 13033673, 0, 0
176014, 13220492, 0, 0
177020, 12570260, 0, 0
178030, 12625427, 0, 0
179043, 12491583, 0, 0
180053, 12622907, 0, 0
181027, 12164440, 0, 0
182029, 12365612, 0, 0
183060, 12884991, 0, 0
184010, 11034001, 0, 0
185042, 12732452, 0, 0
186009, 13425660, 0, 0
187014, 12392924, 0, 0
188073, 13241378, 0, 0
189013, 13038034, 0, 0
190075, 12066951, 0, 0
191074, 12479950, 0, 0
192067, 12246295, 0, 0
193019, 13036312, 0, 0
194077, 12017911, 0, 0
195044, 13427486, 0, 0
196092, 13088126, 0, 0
197072, 12242614, 0, 0
198056, 12296437, 0, 0
199109, 13159257, 0, 0
200017, 13338609, 0, 0
201029, 12639102, 0, 0
202038, 12454082, 0, 0
203079, 12852271, 0, 0
204026, 12790484, 0, 0
205036, 12614702, 0, 0
206055, 12724123, 0, 0
207059, 12545979, 0, 0
208061, 12524552, 0, 0
209027, 13401708, 0, 0
210004, 13565772, 0, 0
211001, 12301469, 0, 0
212024, 12774180, 0, 0
213101, 12100521, 0, 0
214026, 12844633, 0, 0
215001, 12170804, 0, 0
216016, 12375412, 0, 0
217071, 13177995, 0, 0
218035, 11756027, 0, 0
219001, 11918778, 0, 0
220091, 12373759, 0, 0
221081, 12220293, 0, 0
222003, 12448594, 0, 0
223007, 12550184, 0, 0
224035, 12831298, 0, 0
225080, 13060836, 0, 0
226105, 12494312, 0, 0
227015, 12457395, 0, 0
228097, 13349962, 0, 0
229075, 12070695, 0, 0
230123, 13096757, 0, 0
231012, 12338605, 0, 0
232047, 12922967, 0, 0
233084, 12964261, 0, 0
234012, 12872098, 0, 0
235059, 13085549, 0, 0
236097, 12811076, 0, 0
237113, 12530642, 0, 0
238019, 12238217, 0, 0
239057, 12973941, 0, 0
240082, 12797385, 0, 0
241001, 12580524, 0, 0
242087, 11799499, 0, 0
243005, 12749340, 0, 0
244020, 12522762, 0, 0
245035, 12682198, 0, 0
246040, 12558168, 0, 0
247075, 12924960, 0, 0
248087, 12487352, 0, 0
249004, 12727656, 0, 0
250074, 11888476, 0, 0
251062, 12332827, 0, 0
252063, 12509779, 0, 0
253063, 12337813, 0, 0
254061, 12463760, 0, 0
255099, 12970103, 0, 0
256000, 11394285, 0, 0
257001, 13174549, 0, 0
258019, 12113222, 0, 0
259040, 12594061, 0, 0
260021, 12257922, 0, 0
261048, 12824923, 0, 0
262100, 13147766, 0, 0
263102, 12517018, 0, 0
264072, 11973925, 0, 0
265058, 12309506, 0, 0
266045, 12175406, 0, 0
267036, 12229320, 0, 0
268031, 12125320, 0, 0
269008, 13203241, 0, 0
270079, 12162637, 0, 0
271019, 12871473, 0, 0
272081, 11795191, 0, 0
273079, 12305940, 0, 0
274003, 12829483, 0, 0
275061, 11878910, 0, 0
276047, 12317373, 0, 0
277018, 13475981, 0, 0
278033, 12527385, 0, 0
279092, 12172341, 0, 0
280080, 11890433, 0, 0
281091, 12472294, 0, 0
282091, 12341239, 0, 0
283067, 11752371, 0, 0
284048, 12260253, 0, 0
285059, 12471962, 0, 0
286084, 12802197, 0, 0
287099, 12688435, 0, 0
288012, 12488028, 0, 0
289077, 11831880, 0, 0
290009, 12763874, 0, 0
291026, 12697855, 0, 0
292068, 12551632, 0, 0
293081, 12655204, 0, 0
294068, 12028370, 0, 0
295068, 12496674, 0, 0
296003, 12981630, 0, 0
297056, 13156096, 0, 0
298083, 12517404, 0, 0
299083, 12336174, 0, 0
300024, 13062586, 0, 0
301018, 11964975, 0, 0
302019, 12356460, 0, 0
303000, 11944812, 0, 0
304026, 12668051, 0, 0
305100, 12198173, 0, 0
306001, 11839928, 0, 0
307020, 12574049, 0, 0
308078, 12013885, 0, 0
309004, 12857772, 0, 0
310064, 13086383, 0, 0
311080, 12683251, 0, 0
312129, 13108068, 0, 0
313049, 12764885, 0, 0
314077, 12689380, 0, 0
315062, 12301397, 0, 0
316047, 12007340, 0, 0
317020, 12013609, 0, 0
318057, 12791415, 0, 0
319059, 12214327, 0, 0
320075, 12695140, 0, 0
321053, 13206292, 0, 0
322037, 12292759, 0, 0
323046, 12451955, 0, 0
324083, 12949546, 0, 0
325072, 12362414, 0, 0
326097, 12644118, 0, 0
327071, 12169717, 0, 0
328064, 12406005, 0, 0
329063, 12469771, 0, 0
330075, 12643497, 0, 0
331012, 12655990, 0, 0
332055, 12720092, 0, 0
333053, 13663062, 0, 0
334012, 12948564, 0, 0
335090, 12249109, 0, 0
336033, 12901549, 0, 0
337038, 13955717, 0, 0
338036, 12314201, 0, 0
339030, 12415694, 0, 0
340007, 12201607, 0, 0
341075, 12131885, 0, 0
342089, 12517274, 0, 0
343087, 12311605, 0, 0
344090, 12529729, 0, 0
345056, 12069706, 0, 0
346046, 12370226, 0, 0
347093, 13072602, 0, 0
348090, 12304231, 0, 0
349012, 12623414, 0, 0
350009, 12303206, 0, 0
351025, 12686544, 0, 0
352069, 12883455, 0, 0
353049, 12090441, 0, 0
354036, 12337620, 0, 0
355039, 12527290, 0, 0
356064, 12966996, 0, 0
357058, 13805424, 0, 0
358071, 12647452, 0, 0
359000, 12544364, 0, 0
360027, 12682582, 0, 0
361020, 11957815, 0, 0
362052, 12888699, 0, 0
363075, 12776214, 0, 0
364089, 12516095, 0, 0
365077, 12338201, 0, 0
366083, 12574051, 0, 0
367074, 12228400, 0, 0
368090, 12379511, 0, 0
369105, 12370203, 0, 0
370015, 12640371, 0, 0
371051, 12931173, 0, 0
372059, 12441392, 0, 0
373033, 12167733, 0, 0
374051, 12569590, 0, 0
375088, 12943156, 0, 0
376068, 12252660, 0, 0
377076, 12130896, 0, 0
378075, 12480374, 0, 0
379051, 12195132, 0, 0
380070, 12726677, 0, 0
381086, 12385311, 0, 0
382008, 12629524, 0, 0
383012, 12382137, 0, 0
384077, 11697723, 0, 0
385091, 12359220, 0, 0
386002, 12654178, 0, 0
387047, 11867072, 0, 0
388056, 12289308, 0, 0
389079, 12621279, 0, 0
390064, 12016484, 0, 0
391103, 12976220, 0, 0
392023, 12591561, 0, 0
393052, 12859659, 0, 0
394055, 12524133, 0, 0
395094, 12363634, 0, 0
396084, 12067121, 0, 0
397102, 12556541, 0, 0
398078, 11896956, 0, 0
399087, 12603306, 0, 0
400003, 12549756, 0, 0
401006, 12524390, 0, 0
402037, 12726358, 0, 0
403010, 13324488, 0, 0
404014, 12234251, 0, 0
405016, 12516969, 0, 0
406082, 11965420, 0, 0
407050, 11948237, 0, 0
408025, 12184274, 0, 0
409006, 12103265, 0, 0
410015, 12601822, 0, 0
411055, 12829033, 0, 0
412085, 12552130, 0, 0
413088, 12537263, 0, 0
414072, 11994184, 0, 0
415062, 12367050, 0, 0
416051, 12206278, 0, 0
417054, 12525214, 0, 0
418084, 12706432, 0, 0
419006, 12452720, 0, 0
420001, 11989407, 0, 0
421011, 12455132, 0, 0
422008, 12155218, 0, 0
423030, 12762035, 0, 0
424042, 12187449, 0, 0
425055, 12497851, 0, 0
426027, 12004119, 0, 0
427015, 12340046, 0, 0
428088, 12189279, 0, 0
429010, 12792019, 0, 0
430047, 12954031, 0, 0
431048, 12201013, 0, 0
432079, 12717396, 0, 0
433082, 12533898, 0, 0
434014, 12939378, 0, 0
435003, 12054636, 0, 0
436014, 12631108, 0, 0
437033, 12566261, 0, 0
438054, 12603185, 0, 0
439080, 12508423, 0, 0
440037, 12098627, 0, 0
441039, 12527759, 0, 0
442054, 12670646, 0, 0
443090, 12947371, 0, 0
444094, 12545157, 0, 0
445006, 12486099, 0, 0
446004, 12463405, 0, 0
447056, 13149867, 0, 0
448069, 12490011, 0, 0
449048, 12086930, 0, 0
450050, 12064414, 0, 0
451059, 12444869, 0, 0
452001, 11488913, 0, 0
453074, 13405974, 0, 0
454064, 12368927, 0, 0
455106, 13008685, 0, 0
456097, 12235430, 0, 0
457043, 12945750, 0, 0
458035, 12393203, 0, 0
459042, 12122378, 0, 0
460054, 12486182, 0, 0
461045, 12082171, 0, 0
462019, 12173914, 0, 0
463022, 12217780, 0, 0
464051, 12547822, 0, 0
465089, 12808109, 0, 0
466066, 12204681, 0, 0
467094, 12836918, 0, 0
468006, 12489950, 0, 0
469072, 13317651, 0, 0
470081, 12607874, 0, 0
471090, 12298189, 0, 0
472006, 12706751, 0, 0
473037, 12565453, 0, 0
474035, 12315359, 0, 0
475013, 11925247, 0, 0
476051, 12645789, 0, 0
477097, 11623486, 0, 0
478095, 12467306, 0, 0
479030, 12800784, 0, 0
480064, 12912329, 0, 0
481053, 12051266, 0, 0
482042, 12365966, 0, 0
483073, 12715386, 0, 0
484063, 12375714, 0, 0
485022, 13124908, 0, 0
486057, 12459522, 0, 0
487082, 12497367, 0, 0
488071, 13178008, 0, 0
489002, 12750455, 0, 0
490012, 12455483, 0, 0
491104, 11615394, 0, 0
492015, 12465236, 0, 0
493045, 12713213, 0, 0
494093, 11904597, 0, 0
495092, 12316992, 0, 0
496057, 13399105, 0, 0
497054, 11864105, 0, 0
498089, 12611691, 0, 0
499076, 12175485, 0, 0
500059, 12283081, 0, 0
501052, 12249552, 0, 0
502008, 11799585, 0, 0
503047, 12514120, 0, 0
504047, 12332651, 0, 0
505033, 12171883, 0, 0
506035, 12510507, 0, 0
507097, 13278874, 0, 0
508021, 12638840, 0, 0
509088, 12126070, 0, 0
510085, 11996634, 0, 0
511078, 12263703, 0, 0
512050, 13483475, 0, 0
513086, 12948572, 0, 0
514082, 12291119, 0, 0
515013, 12923367, 0, 0
516002, 12197896, 0, 0
517013, 12323413, 0, 0
518046, 12910833, 0, 0
519081, 12924018, 0, 0
520070, 12054226, 0, 0
521011, 12889120, 0, 0
522005, 12260775, 0, 0
523026, 12439148, 0, 0
524030, 12247092, 0, 0
525059, 12533641, 0, 0
526033, 12027136, 0, 0
527046, 12489776, 0, 0
528086, 12994308, 0, 0
529028, 12391727, 0, 0
530069, 13009735, 0, 0
531090, 12749231, 0, 0
532091, 12351080, 0, 0
533038, 12791974, 0, 0
534005, 11644577, 0, 0
535003, 12013297, 0, 0
536033, 12867418, 0, 0
537041, 12602394, 0, 0
538064, 12610659, 0, 0
539079, 12682795, 0, 0
540087, 12594615, 0, 0
541078, 12082431, 0, 0
542010, 12759453, 0, 0
543032, 12764732, 0, 0
544076, 11593799, 0, 0
545112, 12941869, 0, 0
546015, 12535057, 0, 0
547065, 13117431, 0, 0
548052, 12337505, 0, 0
549069, 12235966, 0, 0
550050, 12266053, 0, 0
551100, 12951142, 0, 0
552074, 12164987, 0, 0
553075, 12511297, 0, 0
554091, 12693878, 0, 0
555020, 12890238, 0, 0
556022, 12369435, 0, 0
557043, 12588974, 0, 0
558059, 12695482, 0, 0
559004, 12944534, 0, 0
560000, 12280387, 0, 0
561007, 12128096, 0, 0
562068, 13099276, 0, 0
563052, 11845050, 0, 0
564075, 12467453, 0, 0
565030, 12903275, 0, 0
566081, 12970145, 0, 0
567033, 12517018, 0, 0
568022, 11909411, 0, 0
569123, 12221883, 0, 0
570050, 12864740, 0, 0
571102, 12823004, 0, 0
572039, 12828091, 0, 0
573027, 12044161, 0, 0
574096, 12005840, 0, 0
575077, 12097582, 0, 0
576079, 12527134, 0, 0
577053, 12011191, 0, 0
578000, 13148081, 0, 0
579042, 13020997, 0, 0
580036, 11965058, 0, 0
581103, 14417265, 0, 0
582020, 12719731, 0, 0
583037, 12244487, 0, 0
584033, 12293114, 0, 0
585074, 13002551, 0, 0
586055, 12257805, 0, 0
587023, 13444534, 0, 0
588071, 12774500, 0, 0
589107, 12936048, 0, 0
590012, 12561093, 0, 0
591028, 12384238, 0, 0
592066, 12804264, 0, 0
593064, 12316134, 0, 0
594039, 12031435, 0, 0
595055, 12234676, 0, 0
596092, 12488805, 0, 0
597088, 12144426, 0, 0
598071, 11835450, 0, 0
599083, 12486346, 0, 0
600077, 12412583, 0, 0
601073, 11991899, 0, 0
602100, 12670806, 0, 0
603033, 12783054, 0, 0
604020, 13331250, 0, 0
605053, 12280801, 0, 0
606113, 11903301, 0, 0
607013, 11692900, 0, 0
608038, 12484094, 0, 0
609025, 11889728, 0, 0
610064, 12819728, 0, 0
611055, 12224877, 0, 0
612025, 11545395, 0, 0
613050, 12798853, 0, 0
614080, 12709903, 0, 0
615001, 12117291, 0, 0
616090, 12225627, 0, 0
617079, 11913199, 0, 0
618011, 12580292, 0, 0
619003, 12401070, 0, 0
620084, 12135454, 0, 0
621014, 13088908, 0, 0
622004, 11915559, 0, 0
623003, 12336072, 0, 0
624022, 12721397, 0, 0
625013, 12227435, 0, 0
626012, 12185684, 0, 0
627086, 12773950, 0, 0
628039, 12878580, 0, 0
629002, 11872758, 0, 0
630056, 13006025, 0, 0
631076, 12431346, 0, 0
632072, 11996176, 0, 0
633079, 12278547, 0, 0
634031, 12687342, 0, 0
635069, 11647433, 0, 0
636041, 11998061, 0, 0
637084, 12118754, 0, 0
638022, 13019862, 0, 0
639033, 12320504, 0, 0
640014, 12263476, 0, 0
641108, 12277576, 0, 0
642085, 11919463, 0, 0
643012, 12857654, 0, 0
644028, 12391906, 0, 0
645057, 12238802, 0, 0
646062, 12245466, 0, 0
647068, 12419252, 0, 0
648060, 12239821, 0, 0
649067, 12573824, 0, 0
650065, 12470031, 0, 0
651070, 12251034, 0, 0
652092, 12300567, 0, 0
653020, 12703361, 0, 0
654011, 11936178, 0, 0
655043, 12737692, 0, 0
656055, 12484688, 0, 0
657029, 13335207, 0, 0
658067, 12808310, 0, 0
659071, 12389813, 0, 0
660078, 12117840, 0, 0
661076, 12311950, 0, 0
662073, 12153289, 0, 0
663044, 11419882, 0, 0
664029, 12307216, 0, 0
665107, 13132429, 0, 0
666047, 12880773, 0, 0
667028, 11804564, 0, 0
668000, 11700925, 0, 0
669081, 12014205, 0, 0
670084, 12220635, 0, 0
671008, 12142829, 0, 0
672000, 12405427, 0, 0
673010, 12307927, 0, 0
674057, 12917636, 0, 0
675046, 11759929, 0, 0
676058, 12343394, 0, 0
677088, 12548634, 0, 0
678104, 12539847, 0, 0
679003, 12133025, 0, 0
680008, 12406807, 0, 0
681007, 12174552, 0, 0
682083, 12084974, 0, 0
683067, 11842084, 0, 0
684014, 12453108, 0, 0
685029, 12530215, 0, 0
686037, 12592805, 0, 0
687071, 12915801, 0, 0
688011, 12357509, 0, 0
689041, 12719355, 0, 0
690030, 12052321, 0, 0
691023, 12396355, 0, 0
692100, 11707293, 0, 0
693007, 12088594, 0, 0
694016, 12597872, 0, 0
695038, 12459782, 0, 0
696049, 12328155, 0, 0
697095, 12587453, 0, 0
698022, 12868053, 0, 0
699090, 12712717, 0, 0
700001, 12475562, 0, 0
701101, 12342736, 0, 0
702027, 12682013, 0, 0
703020, 12255964, 0, 0
704003, 12132781, 0, 0
705019, 12084854, 0, 0
706075, 12869187, 0, 0
707071, 12140792, 0, 0
708040, 11670329, 0, 0
709075, 12463181, 0, 0
710083, 12285135, 0, 0
711086, 12225431, 0, 0
712070, 12287535, 0, 0
713071, 12512478, 0, 0
714072, 12347376, 0, 0
715081, 12292355, 0, 0
716087, 12261655, 0, 0
717080, 11958748, 0, 0
718076, 11989208, 0, 0
719106, 12407731, 0, 0
720079, 11863203, 0, 0
721058, 11784174, 0, 0
722057, 12173464, 0, 0
723035, 12865965, 0, 0
724052, 12095018, 0, 0
725065, 12051956, 0, 0
726005, 13052254, 0, 0
727104, 12072470, 0, 0
728002, 12286972, 0, 0
729053, 11679902, 0, 0
730051, 12458752, 0, 0
731062, 12631267, 0, 0
732057, 12281008, 0, 0
733046, 12060699, 0, 0
734075, 12380727, 0, 0
735088, 12658983, 0, 0
736013, 12660222, 0, 0
737086, 12193015, 0, 0
738078, 12085666, 0, 0
739055, 13199079, 0, 0
740075, 12434926, 0, 0
741098, 12465050, 0, 0
742008, 12123688, 0, 0
743023, 12523680, 0, 0
744014, 12086841, 0, 0
745047, 12436699, 0, 0
746080, 12589707, 0, 0
747058, 11773926, 0, 0
748041, 12127398, 0, 0
749088, 12615834, 0, 0
750082, 12107399, 0, 0
751041, 12779709, 0, 0
752067, 12510268, 0, 0
753051, 11844735, 0, 0
754028, 13376071, 0, 0
755097, 13026410, 0, 0
756080, 12138095, 0, 0
757056, 12038609, 0, 0
758036, 11801879, 0, 0
759066, 12709735, 0, 0
760021, 11928710, 0, 0
761047, 12977956, 0, 0
762075, 13000990, 0, 0
763080, 12563728, 0, 0
764037, 11252804, 0, 0
765034, 12453701, 0, 0
766038, 11402213, 0, 0
767055, 12550186, 0, 0
768068, 12491932, 0, 0
769066, 12313924, 0, 0
770091, 12054228, 0, 0
771014, 12640839, 0, 0
772017, 12528250, 0, 0
773090, 11785748, 0, 0
774084, 12267228, 0, 0
775011, 12350033, 0, 0
776073, 13100550, 0, 0
777076, 12081484, 0, 0
778013, 11011519, 0, 0
779020, 12280971, 0, 0
780039, 12414677, 0, 0
781033, 11555507, 0, 0
782051, 12713626, 0, 0
783058, 12420400, 0, 0
784079, 12762876, 0, 0
785078, 12171216, 0, 0
786048, 11821882, 0, 0
787066, 12566198, 0, 0
788008, 12900023, 0, 0
789055, 12451766, 0, 0
790093, 12648465, 0, 0
791086, 12101380, 0, 0
792059, 11867199, 0, 0
793021, 13161882, 0, 0
794005, 11852298, 0, 0
795006, 12509907, 0, 0
796015, 12291863, 0, 0
797037, 12302982, 0, 0
798072, 12173447, 0, 0
799003, 12572012, 0, 0
800077, 11670965, 0, 0
801083, 12561307, 0, 0
802017, 12617142, 0, 0
803014, 12150390, 0, 0
804024, 12022787, 0, 0
805029, 12245521, 0, 0
806053, 12486637, 0, 0
807096, 12704390, 0, 0
808012, 11890098, 0, 0
809062, 12961395, 0, 0
810036, 11732147, 0, 0
811023, 12322106, 0, 0
812030, 12430406, 0, 0
813034, 12229959, 0, 0
814066, 12898808, 0, 0
815094, 12838600, 0, 0
816034, 12868728, 0, 0
817078, 12579334, 0, 0
818062, 11170323, 0, 0
819076, 12356321, 0, 0
820005, 12546381, 0, 0
821026, 12601173, 0, 0
822028, 12367943, 0, 0
823034, 12890847, 0, 0
824057, 12458281, 0, 0
825065, 12600053, 0, 0
826069, 11799767, 0, 0
827051, 11974812, 0, 0
828035, 11992333, 0, 0
829049, 12360820, 0, 0
830037, 12185117, 0, 0
831074, 12638319, 0, 0
832037, 12841515, 0, 0
833087, 12795383, 0, 0
834002, 12691438, 0, 0
835080, 12110750, 0, 0
836064, 11988036, 0, 0
837033, 11667423, 0, 0
838048, 12370675, 0, 0
839074, 12666378, 0, 0
840003, 12552994, 0, 0
841043, 12669572, 0, 0
842030, 12178104, 0, 0
843052, 12770591, 0, 0
844097, 12736695, 0, 0
845011, 12685634, 0, 0
846043, 12739422, 0, 0
847008, 12047471, 0, 0
848001, 11540745, 0, 0
849084, 12159916, 0, 0
850033, 11710880, 0, 0
851037, 12232755, 0, 0
852024, 12030837, 0, 0
853040, 12382729, 0, 0
854038, 12322937, 0, 0
855019, 12097116, 0, 0
856035, 12534315, 0, 0
857046, 12484944, 0, 0
858051, 12101184, 0, 0
859014, 11874089, 0, 0
860011, 12302650, 0, 0
861021, 12168049, 0, 0
862033, 11623761, 0, 0
863017, 11984676, 0, 0
864026, 12451041, 0, 0
865036, 12023126, 0, 0
866060, 12480311, 0, 0
867099, 12366341, 0, 0
868082, 11975974, 0, 0
869069, 12323427, 0, 0
870055, 11883771, 0, 0
871003, 13149221, 0, 0
872022, 12418827, 0, 0
873031, 12012868, 0, 0
874103, 11767203, 0, 0
875034, 12934307, 0, 0
876015, 12102561, 0, 0
877085, 12431239, 0, 0
878076, 12224530, 0, 0
879065, 12207558, 0, 0
880065, 12045236, 0, 0
881081, 12379117, 0, 0
882096, 12524112, 0, 0
883040, 12751374, 0, 0
884082, 12698907, 0, 0
885060, 11494927, 0, 0
886078, 12118561, 0, 0
887054, 11893913, 0, 0
888027, 11710598, 0, 0
889077, 12960413, 0, 0
890001, 12648314, 0, 0
891082, 12137070, 0, 0
892042, 14316854, 0, 0
893032, 12066866, 0, 0
894038, 12265124, 0, 0
895035, 12303679, 0, 0
896050, 12075177, 0, 0
897097, 12457126, 0, 0
898036, 12856810, 0, 0
899088, 12661552, 0, 0
900008, 12604466, 0, 0
901050, 12859727, 0, 0
902082, 12424551, 0, 0
903097, 12365331, 0, 0
904007, 12122525, 0, 0
905067, 12929612, 0, 0
906032, 11482586, 0, 0
907033, 11904431, 0, 0
908098, 11571890, 0, 0
909015, 12553118, 0, 0
910008, 11954168, 0, 0
911001, 12247074, 0, 0
912045, 12890004, 0, 0
913024, 11644477, 0, 0
914020, 12294877, 0, 0
915029, 12294565, 0, 0
916003, 11871276, 0, 0
917028, 12190882, 0, 0
918029, 12199070, 0, 0
919034, 12409122, 0, 0
920068, 12439682, 0, 0
921008, 12704489, 0, 0
922081, 12046051, 0, 0
923018, 12159820, 0, 0
924023, 12108319, 0, 0
925003, 12086742, 0, 0
926032, 12104215, 0, 0
927016, 11847796, 0, 0
928103, 12063834, 0, 0
929049, 12277329, 0, 0
930067, 12410284, 0, 0
931000, 12265219, 0, 0
932007, 14187035, 0, 0
933030, 12463339, 0, 0
934022, 12096907, 0, 0
935034, 11894607, 0, 0
936067, 12740911, 0, 0
937047, 11951828, 0, 0
938039, 12239558, 0, 0
939071, 12733197, 0, 0
940044, 11436240, 0, 0
941048, 12237827, 0, 0
942010, 13176845, 0, 0
943046, 12323293, 0, 0
944048, 11773702, 0, 0
945048, 12344270, 0, 0
946074, 12814114, 0, 0
947030, 12915618, 0, 0
948036, 12262910, 0, 0
949037, 12056016, 0, 0
950094, 13034076, 0, 0
951077, 12279468, 0, 0
952008, 12753736, 0, 0
953054, 12588904, 0, 0
954024, 11542255, 0, 0
955040, 12538643, 0, 0
956033, 12404055, 0, 0
957029, 12290123, 0, 0
958033, 12393004, 0, 0
959069, 12323078, 0, 0
960015, 12782347, 0, 0
961010, 12273706, 0, 0
962045, 13263221, 0, 0
963061, 12527033, 0, 0
964082, 12449494, 0, 0
965065, 13645974, 0, 0
966003, 12494468, 0, 0
967103, 12498615, 0, 0
968046, 12240376, 0, 0
969041, 12120343, 0, 0
970095, 11578157, 0, 0
971022, 12349062, 0, 0
972021, 12176714, 0, 0
973091, 12433617, 0, 0
974084, 12411391, 0, 0
975031, 11127639, 0, 0
976029, 11879700, 0, 0
977044, 12682595, 0, 0
978032, 12334630, 0, 0
979080, 11770314, 0, 0
980079, 11890200, 0, 0
981093, 12355180, 0, 0
982075, 11830714, 0, 0
983034, 11832969, 0, 0
984041, 11698395, 0, 0
985005, 11608541, 0, 0
986027, 12299288, 0, 0
987070, 12568763, 0, 0
988032, 12328560, 0, 0
989103, 13207101, 0, 0
990001, 12301951, 0, 0
991015, 12352008, 0, 0
992018, 12227612, 0, 0
993039, 12143989, 0, 0
994100, 12935053, 0, 0
995026, 12682469, 0, 0
996020, 12261996, 0, 0
997023, 11930073, 0, 0
998037, 12215505, 0, 0
999052, 11792493, 0, 0
1000050, 12012659, 0, 0
1001045, 11840938, 0, 0
1002023, 11504061, 0, 0
1003048, 12484503, 0, 0
1004051, 12377875, 0, 0
1005035, 12294963, 0, 0
1006057, 12304661, 0, 0
1007063, 12413373, 0, 0
1008077, 12507775, 0, 0
1009073, 11999072, 0, 0
1010030, 13284847, 0, 0
1011025, 12274418, 0, 0
1012042, 12394915, 0, 0
1013047, 12398947, 0, 0
1014034, 12179494, 0, 0
1015015, 11957237, 0, 0
1016024, 12006489, 0, 0
1017058, 13422944, 0, 0
1018023, 13388359, 0, 0
1019058, 12469660, 0, 0
1020063, 12244729, 0, 0
1021030, 11791396, 0, 0
1022067, 12947255, 0, 0
1023081, 12357031, 0, 0
1024003, 12297429, 0, 0
1025033, 14100325, 0, 0
1026060, 12831124, 0, 0
1027057, 11994121, 0, 0
1028065, 12441930, 0, 0
1029012, 12290140, 0, 0
1030002, 12365316, 0, 0
1031066, 12511454, 0, 0
1032053, 12038560, 0, 0
1033086, 12741261, 0, 0
1034068, 11966255, 0, 0
1035052, 11996866, 0, 0
1036019, 12080509, 0, 0
1037025, 12255920, 0, 0
1038005, 12096474, 0, 0
1039104, 11942756, 0, 0
1040039, 12294544, 0, 0
1041016, 11764144, 0, 0
1042067, 12968595, 0, 0
1043060, 12250228, 0, 0
1044006, 12446495, 0, 0
1045002, 12277536, 0, 0
1046073, 12029342, 0, 0
1047060, 12331318, 0, 0
1048016, 13085882, 0, 0
1049017, 12061546, 0, 0
1050019, 12062913, 0, 0
1051060, 12384685, 0, 0
1052035, 11890109, 0, 0
1053062, 11929737, 0, 0
1054020, 12764424, 0, 0
1055030, 12466639, 0, 0
1056057, 12074923, 0, 0
1057079, 12769342, 0, 0
1058019, 13049337, 0, 0
1059016, 12301391, 0, 0
1060083, 11974130, 0, 0
1061059, 11752591, 0, 0
1062111, 12982113, 0, 0
1063069, 12606931, 0, 0
1064025, 11371951, 0, 0
1065088, 12066295, 0, 0
1066051, 12830685, 0, 0
1067094, 12878269, 0, 0
1068013, 12413561, 0, 0
1069065, 12662666, 0, 0
1070091, 12658102, 0, 0
1071000, 12118685, 0, 0
1072011, 12318872, 0, 0
1073050, 12365290, 0, 0
1074050, 12339134, 0, 0
1075007, 11807751, 0, 0
1076034, 12362291, 0, 0
1077044, 12309679, 0, 0
1078037, 12100599, 0, 0
1079056, 12268754, 0, 0
1080005, 12829053, 0, 0
1081048, 12705796, 0, 0
1082052, 12094910, 0, 0
1083098, 12748255, 0, 0
1084083, 12005042, 0, 0
1085046, 13177886, 0, 0
1086075, 12540547, 0, 0
1087006, 12585949, 0, 0
1088004, 11866691, 0, 0
1089006, 12209881, 0, 0
1090048, 12864078, 0, 0
1091037, 12202643, 0, 0
1092062, 12195959, 0, 0
1093047, 12149955, 0, 0
1094031, 11850047, 0, 0
1095040, 12450724, 0, 0
1096054, 12064473, 0, 0
1097046, 12393361, 0, 0
1098027, 12107035, 0, 0
1099103, 12649584, 0, 0
1100006, 13078003, 0, 0
1101098, 13148667, 0, 0
1102000, 10738010, 0, 0
1103066, 11827523, 0, 0
1104100, 12613613, 0, 0
1105034, 12605768, 0, 0
1106056, 12313302, 0, 0
1107011, 11497321, 0, 0
1108074, 11550107, 0, 0
1109095, 12294451, 0, 0
1110023, 12525111, 0, 0
1111070, 12758625, 0, 0
1112065, 11987692, 0, 0
1113063, 11729977, 0, 0
1114007, 12927074, 0, 0
1115022, 12074277, 0, 0
1116065, 12414339, 0, 0
1117064, 12178865, 0, 0
1118064, 12332939, 0, 0
1119008, 12751140, 0, 0
1120102, 12864691, 0, 0
1121039, 13007936, 0, 0
1122080, 12835908, 0, 0
1123025, 12434395, 0, 0
1124039, 12360803, 0, 0
1125062, 12623475, 0, 0
1126073, 12468818, 0, 0
1127083, 12307759, 0, 0
1128056, 12015607, 0, 0
1129067, 12466407, 0, 0
1130084, 11819371, 0, 0
1131055, 12130885, 0, 0
1132070, 12375104, 0, 0
1133062, 12388496, 0, 0
1134015, 12698336, 0, 0
1135045, 12709413, 0, 0
1136098, 13164732, 0, 0
1137010, 12317272, 0, 0
1138047, 12629987, 0, 0
1139068, 12450853, 0, 0
1140043, 12816109, 0, 0
1141070, 12522411, 0, 0
1142088, 12557191, 0, 0
1143041, 12697525, 0, 0
1144074, 12446450, 0, 0
1145035, 11854786, 0, 0
1146083, 12932016, 0, 0
1147069, 11871107, 0, 0
1148098, 12850394, 0, 0
1149073, 11609979, 0, 0
1150012, 12672308, 0, 0
1151059, 12762347, 0, 0
1152082, 12324613, 0, 0
1153001, 12244041, 0, 0
1154063, 11537238, 0, 0
1155083, 12132948, 0, 0
1156091, 12137904, 0, 0
1157006, 12354872, 0, 0
1158038, 12433741, 0, 0
1159027, 12049690, 0, 0
1160061, 12756224, 0, 0
1161080, 12424475, 0, 0
1162001, 12603909, 0, 0
1163061, 11519944, 0, 0
1164094, 12285612, 0, 0
1165001, 12252347, 0, 0
1166003, 11922919, 0, 0
1167080, 11953043, 0, 0
1168060, 12096910, 0, 0
1169076, 11950522, 0, 0
1170006, 13087692, 0, 0
1171068, 12058753, 0, 0
1172017, 12996336, 0, 0
1173079, 12943310, 0, 0
1174049, 11828442, 0, 0
1175067, 11958054, 0, 0
1176071, 11813854, 0, 0
1177098, 11279288, 0, 0
1178084, 12014479, 0, 0
1179019, 12629440, 0, 0
1180054, 12613806, 0, 0
1181072, 12112228, 0, 0
1182081, 13623021, 0, 0
1183023, 12393259, 0, 0
1184016, 12101026, 0, 0
1185007, 11927424, 0, 0
1186060, 13002775, 0, 0
1187093, 12589301, 0, 0
1188077, 11987806, 0, 0
1189065, 11754633, 0, 0
1190051, 13146101, 0, 0
1191082, 12723521, 0, 0
1192081, 12173611, 0, 0
1193059, 11497571, 0, 0
1194097, 12960160, 0, 0
1195044, 12453389, 0, 0
1196084, 12832074, 0, 0
1197045, 13160444, 0, 0
1198065, 12143323, 0, 0
1199076, 12170904, 0, 0
1200002, 12172582, 0, 0
