1029, 463835050, 0, 0
2013, 480317802, 0, 0
3013, 472455318, 0, 0
4006, 508230394, 0, 0
5036, 495342873, 0, 0
6010, 466004017, 0, 0
7004, 490922690, 0, 0
8022, 454358034, 0, 0
9017, 479969174, 0, 0
10057, 458952618, 0, 0
11006, 455944810, 0, 0
12038, 474831850, 0, 0
13015, 378077977, 0, 0
14034, 467737520, 0, 0
15011, 485566247, 0, 0
16058, 464759465, 0, 0
17038, 486642636, 0, 0
18055, 465054697, 0, 0
19049, 493472070, 0, 0
20020, 468120247, 0, 0
21046, 472077874, 0, 0
22020, 465783505, 0, 0
23011, 477565579, 0, 0
24001, 481498099, 0, 0
25047, 477826365, 0, 0
26042, 444843896, 0, 0
27012, 469940657, 0, 0
28036, 467664675, 0, 0
29047, 454714044, 0, 0
30014, 459391913, 0, 0
31000, 451690266, 0, 0
32028, 479742825, 0, 0
33047, 461806300, 0, 0
34042, 447779639, 0, 0
35002, 460794942, 0, 0
36060, 472430674, 0, 0
37013, 467161614, 0, 0
38039, 461526822, 0, 0
39014, 466208258, 0, 0
40038, 448520976, 0, 0
41026, 466298435, 0, 0
42051, 454961624, 0, 0
43033, 470158294, 0, 0
44039, 437979273, 0, 0
45039, 445051033, 0, 0
46037, 437244742, 0, 0
47044, 434675839, 0, 0
48002, 459296217, 0, 0
49006, 458744357, 0, 0
50044, 462684636, 0, 0
51043, 449265698, 0, 0
52040, 438758723, 0, 0
53002, 455403757, 0, 0
54012, 457119202, 0, 0
55012, 431229821, 0, 0
56045, 451381891, 0, 0
57058, 477010999, 0, 0
58017, 445404564, 0, 0
59000, 472764541, 0, 0
60042, 463872910, 0, 0
61055, 456046145, 0, 0
62010, 447967920, 0, 0
63010, 463045399, 0, 0
64037, 461688651, 0, 0
65063, 457251289, 0, 0
66006, 438948809, 0, 0
67020, 447523835, 0, 0
68003, 445615499, 0, 0
69047, 449245623, 0, 0
70026, 455745745, 0, 0
71024, 442221729, 0, 0
72034, 462627963, 0, 0
73022, 471441359, 0, 0
74051, 449883355, 0, 0
75051, 437296224, 0, 0
76034, 430784505, 0, 0
77016, 431343679, 0, 0
78058, 467647884, 0, 0
79036, 445646567, 0, 0
80006, 460769519, 0, 0
81057, 453248500, 0, 0
82048, 458184128, 0, 0
83009, 447267978, 0, 0
84010, 410581861, 0, 0
85030, 463942570, 0, 0
86035, 420040378, 0, 0
87005, 427412373, 0, 0
88008, 441745457, 0, 0
89005, 429193846, 0, 0
90051, 437613177, 0, 0
91032, 458729954, 0, 0
92008, 442595556, 0, 0
93045, 436516892, 0, 0
94001, 437727315, 0, 0
95019, 446789616, 0, 0
96032, 399887411, 0, 0
97038, 427298324, 0, 0
98004, 449447015, 0, 0
99035, 426546650, 0, 0
100052, 458833132, 0, 0
101000, 431237137, 0, 0
102020, 435425209, 0, 0
103020, 429020524, 0, 0
104046, 430191614, 0, 0
105005, 440084467, 0, 0
106051, 416551986, 0, 0
107021, 423634058, 0, 0
108049, 434463243, 0, 0
109017, 439922611, 0, 0
110007, 425523065, 0, 0
111022, 424653169, 0, 0
112044, 427923849, 0, 0
113041, 467384795, 0, 0
114020, 443609613, 0, 0
115033, 427360318, 0, 0
116049, 414095123, 0, 0
117027, 398293758, 0, 0
118013, 422082547, 0, 0
119005, 442281166, 0, 0
120055, 417622952, 0, 0
121000, 440930432, 0, 0
122030, 412763275, 0, 0
123040, 413546095, 0, 0
124066, 418418459, 0, 0
125011, 464496653, 0, 0
126039, 421852976, 0, 0
127034, 444343923, 0, 0
128055, 440746583, 0, 0
129016, 426999378, 0, 0
130002, 430326355, 0, 0
131011, 381517369, 0, 0
132031, 408380677, 0, 0
133050, 426958956, 0, 0
134016, 432536175, 0, 0
135007, 421135725, 0, 0
136056, 426333276, 0, 0
137049, 415510301, 0, 0
138052, 399767358, 0, 0
139045, 440331022, 0, 0
140014, 410639020, 0, 0
141035, 432387392, 0, 0
142030, 433107538, 0, 0
143045, 410389738, 0, 0
144001, 416269323, 0, 0
145021, 399179144, 0, 0
146053, 415606375, 0, 0
147016, 429854590, 0, 0
148035, 405645550, 0, 0
149003, 413712765, 0, 0
150017, 372037108, 0, 0
151048, 440557971, 0, 0
152060, 404402283, 0, 0
153032, 433122596, 0, 0
154056, 413082711, 0, 0
155039, 411962312, 0, 0
156012, 411821802, 0, 0
157018, 384870258, 0, 0
158024, 416918770, 0, 0
159045, 431201172, 0, 0
160038, 416281360, 0, 0
161004, 414042062, 0, 0
162059, 413399988, 0, 0
163020, 389019325, 0, 0
164043, 417194523, 0, 0
165012, 405648424, 0, 0
166049, 394653253, 0, 0
167031, 400102753, 0, 0
168004, 420079278, 0, 0
169020, 395041230, 0, 0
170047, 419372894, 0, 0
171006, 416041197, 0, 0
172064, 390969217, 0, 0
173021, 405273998, 0, 0
174036, 417758330, 0, 0
175044, 386210413, 0, 0
176025, 402925579, 0, 0
177006, 436680336, 0, 0
178027, 398589934, 0, 0
179063, 398652324, 0, 0
180012, 415984350, 0, 0
181020, 384093862, 0, 0
182019, 389189460, 0, 0
183055, 378924178, 0, 0
184010, 385869263, 0, 0
185032, 399303360, 0, 0
186020, 404482431, 0, 0
187050, 402158676, 0, 0
188003, 386683806, 0, 0
189044, 384001177, 0, 0
190042, 399807077, 0, 0
191025, 391264553, 0, 0
192051, 394759758, 0, 0
193047, 395096325, 0, 0
194061, 358662107, 0, 0
195047, 417589185, 0, 0
196019, 420580170, 0, 0
197046, 413997295, 0, 0
198062, 373641834, 0, 0
199036, 386611704, 0, 0
200016, 363021980, 0, 0
201003, 361655308, 0, 0
202024, 387751288, 0, 0
203032, 363302078, 0, 0
204012, 392581047, 0, 0
205027, 387868954, 0, 0
206055, 409731685, 0, 0
207013, 377403859, 0, 0
208054, 401877466, 0, 0
209035, 380827810, 0, 0
210047, 369380323, 0, 0
211051, 399809029, 0, 0
212008, 350291496, 0, 0
213061, 383330603, 0, 0
214044, 394779719, 0, 0
215032, 365332808, 0, 0
216038, 375772570, 0, 0
217055, 415309363, 0, 0
218031, 357637210, 0, 0
219039, 386863129, 0, 0
220071, 389929253, 0, 0
221036, 391502567, 0, 0
222008, 415171073, 0, 0
223043, 383855039, 0, 0
224004, 376034371, 0, 0
225000, 354490932, 0, 0
226000, 363563275, 0, 0
227021, 392588054, 0, 0
228051, 412747523, 0, 0
229015, 383201169, 0, 0
230056, 398519938, 0, 0
231048, 377385726, 0, 0
232052, 381862857, 0, 0
233019, 402332841, 0, 0
234047, 346146989, 0, 0
235016, 386570580, 0, 0
236035, 397699941, 0, 0
237027, 369119600, 0, 0
238061, 337023029, 0, 0
239022, 361422844, 0, 0
240041, 334602342, 0, 0
241015, 353523189, 0, 0
242046, 376231338, 0, 0
243036, 364283131, 0, 0
244035, 404325242, 0, 0
245055, 366806666, 0, 0
246019, 344206904, 0, 0
247057, 371388074, 0, 0
248006, 359033974, 0, 0
249047, 382927945, 0, 0
250056, 388445863, 0, 0
251015, 332930212, 0, 0
252022, 335189068, 0, 0
253041, 368972289, 0, 0
254020, 362915714, 0, 0
255054, 369603519, 0, 0
256019, 366127606, 0, 0
257002, 390354352, 0, 0
258007, 350969470, 0, 0
259009, 367659441, 0, 0
260018, 360071526, 0, 0
261054, 324897308, 0, 0
262024, 365464808, 0, 0
263027, 360645243, 0, 0
264048, 345293914, 0, 0
265052, 368339973, 0, 0
266057, 337788141, 0, 0
267034, 307531458, 0, 0
268014, 388327120, 0, 0
269003, 360570279, 0, 0
270027, 365965666, 0, 0
271015, 384453158, 0, 0
272037, 344147336, 0, 0
273042, 352766579, 0, 0
274035, 370607475, 0, 0
275005, 337819766, 0, 0
276038, 358294941, 0, 0
277051, 365428506, 0, 0
278027, 362524756, 0, 0
279006, 388398911, 0, 0
280061, 343410489, 0, 0
281052, 347483247, 0, 0
282042, 358376526, 0, 0
283004, 363745341, 0, 0
284044, 324097853, 0, 0
285026, 365731415, 0, 0
286050, 352527208, 0, 0
287050, 345545902, 0, 0
288046, 343258967, 0, 0
289014, 338843830, 0, 0
290041, 331898127, 0, 0
291046, 338179669, 0, 0
292039, 382575947, 0, 0
293064, 326579955, 0, 0
294047, 338701507, 0, 0
295000, 358513966, 0, 0
296013, 345513875, 0, 0
297042, 384767643, 0, 0
298025, 356115646, 0, 0
299039, 307525401, 0, 0
300032, 346707089, 0, 0
301019, 356226064, 0, 0
302027, 350239243, 0, 0
303037, 340680875, 0, 0
304017, 321330619, 0, 0
305055, 337288980, 0, 0
306031, 374431297, 0, 0
307025, 353399202, 0, 0
308051, 333161964, 0, 0
309011, 348676943, 0, 0
310040, 384643667, 0, 0
311031, 344417379, 0, 0
312009, 344046344, 0, 0
313043, 359247436, 0, 0
314007, 368316459, 0, 0
315037, 349413270, 0, 0
316037, 329761612, 0, 0
317048, 350107608, 0, 0
318004, 374909563, 0, 0
319017, 378245940, 0, 0
320007, 327709106, 0, 0
321005, 366934611, 0, 0
322013, 311665141, 0, 0
323012, 350585338, 0, 0
324004, 347277251, 0, 0
325009, 327493394, 0, 0
326044, 355454033, 0, 0
327021, 342343688, 0, 0
328010, 363878728, 0, 0
329064, 365392260, 0, 0
330050, 319212864, 0, 0
331031, 342752472, 0, 0
332012, 339199920, 0, 0
333057, 334847104, 0, 0
334034, 326108697, 0, 0
335012, 356832551, 0, 0
336031, 335974851, 0, 0
337015, 316157701, 0, 0
338048, 347856008, 0, 0
339031, 341406218, 0, 0
340041, 348952713, 0, 0
341015, 342064459, 0, 0
342029, 325954767, 0, 0
343039, 331231041, 0, 0
344025, 317886952, 0, 0
345013, 339176748, 0, 0
346000, 322522304, 0, 0
347014, 324781587, 0, 0
348007, 357838036, 0, 0
349014, 331361666, 0, 0
350011, 309531695, 0, 0
351036, 329978292, 0, 0
352056, 345567654, 0, 0
353003, 326035106, 0, 0
354035, 323395735, 0, 0
355007, 308641706, 0, 0
356061, 313367774, 0, 0
357056, 322999976, 0, 0
358010, 333633194, 0, 0
359060, 316146425, 0, 0
360016, 340777221, 0, 0
361048, 329815254, 0, 0
362013, 310224382, 0, 0
363021, 328461351, 0, 0
364015, 351319584, 0, 0
365026, 309776690, 0, 0
366031, 308931826, 0, 0
367002, 302839055, 0, 0
368037, 361082376, 0, 0
369041, 304511081, 0, 0
370038, 351241806, 0, 0
371019, 328882485, 0, 0
372014, 279228464, 0, 0
373003, 330274973, 0, 0
374008, 320903713, 0, 0
375008, 340565542, 0, 0
376042, 350350730, 0, 0
377001, 334205664, 0, 0
378030, 320230431, 0, 0
379024, 296036081, 0, 0
380064, 304810130, 0, 0
381058, 345373238, 0, 0
382058, 315898162, 0, 0
383050, 303452341, 0, 0
384015, 323659914, 0, 0
385043, 319453850, 0, 0
386027, 324039376, 0, 0
387003, 323738799, 0, 0
388036, 316086296, 0, 0
389026, 312639644, 0, 0
390078, 315589816, 0, 0
391020, 288199785, 0, 0
392052, 329053116, 0, 0
393058, 284884952, 0, 0
394015, 306674555, 0, 0
395040, 302117506, 0, 0
396004, 324223771, 0, 0
397017, 287580911, 0, 0
398054, 292050844, 0, 0
399045, 332489301, 0, 0
400030, 310130768, 0, 0
401042, 298214156, 0, 0
402054, 315322761, 0, 0
403050, 285998526, 0, 0
404007, 301259977, 0, 0
405012, 294157676, 0, 0
406046, 294692660, 0, 0
407002, 315237041, 0, 0
408044, 313160052, 0, 0
409029, 300967272, 0, 0
410012, 292973332, 0, 0
411035, 326236427, 0, 0
412036, 308474460, 0, 0
413009, 284546326, 0, 0
414019, 295834321, 0, 0
415035, 277253103, 0, 0
416035, 294396215, 0, 0
417012, 289418016, 0, 0
418042, 314867052, 0, 0
419045, 299235396, 0, 0
420016, 296874188, 0, 0
421001, 316954213, 0, 0
422056, 326933487, 0, 0
423022, 277483794, 0, 0
424000, 282973305, 0, 0
425036, 283409095, 0, 0
426043, 319163937, 0, 0
427007, 276766220, 0, 0
428023, 301755753, 0, 0
429035, 307215273, 0, 0
430007, 275867937, 0, 0
431039, 297842991, 0, 0
432043, 287405035, 0, 0
433057, 289317102, 0, 0
434047, 274594880, 0, 0
435032, 300688018, 0, 0
436038, 273165741, 0, 0
437046, 298958077, 0, 0
438037, 304633076, 0, 0
439028, 290741612, 0, 0
440039, 307462853, 0, 0
441049, 280700288, 0, 0
442037, 254870074, 0, 0
443041, 261570433, 0, 0
444016, 294467612, 0, 0
445021, 286013964, 0, 0
446018, 309423755, 0, 0
447047, 296945435, 0, 0
448023, 298229620, 0, 0
449041, 320885369, 0, 0
450056, 289692675, 0, 0
451008, 267291639, 0, 0
452048, 270501626, 0, 0
453008, 317739018, 0, 0
454042, 300523489, 0, 0
455044, 280521787, 0, 0
456044, 269860294, 0, 0
457049, 298142905, 0, 0
458028, 298842688, 0, 0
459029, 283635681, 0, 0
460044, 286945332, 0, 0
461017, 311167021, 0, 0
462005, 276166418, 0, 0
463024, 282244474, 0, 0
464049, 257993766, 0, 0
465014, 252612444, 0, 0
466036, 266743867, 0, 0
467022, 250456973, 0, 0
468028, 283259015, 0, 0
469057, 258865206, 0, 0
470031, 279075152, 0, 0
471054, 296864843, 0, 0
472006, 270055481, 0, 0
473036, 273102180, 0, 0
474038, 287683448, 0, 0
475017, 276136207, 0, 0
476000, 283148938, 0, 0
477055, 271564372, 0, 0
478020, 269369105, 0, 0
479044, 273817159, 0, 0
480021, 270606117, 0, 0
481018, 275032321, 0, 0
482016, 252713136, 0, 0
483008, 260698119, 0, 0
484055, 300337877, 0, 0
485050, 267290737, 0, 0
486036, 271898520, 0, 0
487027, 245373762, 0, 0
488059, 273313818, 0, 0
489044, 277744889, 0, 0
490011, 263663421, 0, 0
491013, 297659046, 0, 0
492030, 286021806, 0, 0
493018, 288318315, 0, 0
494037, 261598927, 0, 0
495018, 277375123, 0, 0
496043, 251521642, 0, 0
497011, 264573644, 0, 0
498043, 293467503, 0, 0
499045, 275442389, 0, 0
500034, 263280029, 0, 0
501030, 294756202, 0, 0
502025, 235905979, 0, 0
503048, 254016562, 0, 0
504054, 261758569, 0, 0
505024, 272011257, 0, 0
506013, 268055079, 0, 0
507031, 275117901, 0, 0
508050, 243567542, 0, 0
509037, 249599706, 0, 0
510043, 280125075, 0, 0
511042, 251010879, 0, 0
512044, 284742408, 0, 0
513049, 274109972, 0, 0
514013, 250911570, 0, 0
515045, 281788849, 0, 0
516014, 246565907, 0, 0
517017, 243859407, 0, 0
518024, 234740909, 0, 0
519035, 274816735, 0, 0
520010, 283461839, 0, 0
521042, 258166791, 0, 0
522050, 261174288, 0, 0
523028, 266503641, 0, 0
524012, 255919429, 0, 0
525020, 286338414, 0, 0
526026, 245415965, 0, 0
527026, 234001492, 0, 0
528027, 268277507, 0, 0
529058, 248681964, 0, 0
530026, 261952765, 0, 0
531009, 242427825, 0, 0
532025, 275038284, 0, 0
533049, 240268345, 0, 0
534052, 271780455, 0, 0
535009, 264577568, 0, 0
536037, 261539611, 0, 0
537021, 260391396, 0, 0
538068, 280570297, 0, 0
539025, 230440850, 0, 0
540021, 238349610, 0, 0
541019, 271004417, 0, 0
542026, 244566777, 0, 0
543024, 262450287, 0, 0
544028, 234708805, 0, 0
545047, 241152440, 0, 0
546050, 269663487, 0, 0
547015, 255932066, 0, 0
548015, 251420748, 0, 0
549026, 242450175, 0, 0
550045, 251570431, 0, 0
551007, 208051666, 0, 0
552003, 241174097, 0, 0
553016, 235637379, 0, 0
554005, 230226018, 0, 0
555025, 226789150, 0, 0
556007, 236624355, 0, 0
557052, 216241793, 0, 0
558032, 238181346, 0, 0
559038, 261517340, 0, 0
560019, 261830700, 0, 0
561008, 224459084, 0, 0
562010, 246226071, 0, 0
563003, 223590195, 0, 0
564020, 230255499, 0, 0
565042, 233367925, 0, 0
566003, 215691560, 0, 0
567032, 236141907, 0, 0
568020, 224853108, 0, 0
569032, 223031363, 0, 0
570038, 220431657, 0, 0
571011, 226654576, 0, 0
572022, 228745559, 0, 0
573022, 240090094, 0, 0
574116, 243527068, 0, 0
575028, 287066922, 0, 0
576012, 205037968, 0, 0
577034, 225631226, 0, 0
578041, 250989414, 0, 0
579069, 238130593, 0, 0
580028, 229170576, 0, 0
581048, 222873789, 0, 0
582006, 220306410, 0, 0
583049, 237355536, 0, 0
584003, 234534546, 0, 0
585044, 265108381, 0, 0
586023, 239516930, 0, 0
587042, 254738733, 0, 0
588021, 230840583, 0, 0
589028, 220606294, 0, 0
590048, 218337805, 0, 0
591028, 246334201, 0, 0
592035, 208191285, 0, 0
593017, 230137415, 0, 0
594020, 196563487, 0, 0
595056, 236587409, 0, 0
596008, 235834446, 0, 0
597038, 207734260, 0, 0
598060, 218732239, 0, 0
599038, 235068216, 0, 0
600051, 227055352, 0, 0
601048, 213581267, 0, 0
602008, 220311851, 0, 0
603029, 214738488, 0, 0
604017, 222203778, 0, 0
605023, 227566271, 0, 0
606028, 216696374, 0, 0
607030, 222813874, 0, 0
608051, 230096683, 0, 0
609000, 201949798, 0, 0
610062, 203536856, 0, 0
611046, 231093165, 0, 0
612021, 218135426, 0, 0
613040, 232348005, 0, 0
614028, 206482528, 0, 0
615010, 213719835, 0, 0
616021, 204175928, 0, 0
617027, 243535132, 0, 0
618054, 206398454, 0, 0
619029, 225078351, 0, 0
620039, 232504483, 0, 0
621000, 183510894, 0, 0
622033, 209221549, 0, 0
623029, 214804121, 0, 0
624022, 231325535, 0, 0
625046, 202792113, 0, 0
626003, 202983477, 0, 0
627002, 256281401, 0, 0
628029, 192747602, 0, 0
629023, 180648344, 0, 0
630033, 215872965, 0, 0
631023, 230475574, 0, 0
632003, 198265485, 0, 0
633006, 238675220, 0, 0
634045, 224733662, 0, 0
635015, 221018878, 0, 0
636023, 173500021, 0, 0
637011, 246363835, 0, 0
638043, 221066360, 0, 0
639033, 209018577, 0, 0
640008, 188497642, 0, 0
641022, 197158278, 0, 0
642013, 215718724, 0, 0
643015, 195353973, 0, 0
644040, 224840004, 0, 0
645061, 212991930, 0, 0
646031, 213593312, 0, 0
647000, 187578062, 0, 0
648051, 218449776, 0, 0
649054, 197354527, 0, 0
650020, 203920037, 0, 0
651011, 175244737, 0, 0
652061, 222940548, 0, 0
653053, 201478389, 0, 0
654010, 197441343, 0, 0
655045, 196039603, 0, 0
656032, 188602147, 0, 0
657043, 191507239, 0, 0
658041, 196356862, 0, 0
659020, 211863343, 0, 0
660001, 210081186, 0, 0
661066, 197908134, 0, 0
662038, 205944283, 0, 0
663000, 214124875, 0, 0
664009, 214322418, 0, 0
665049, 201667461, 0, 0
666040, 187128664, 0, 0
667017, 223529476, 0, 0
668012, 210356558, 0, 0
669003, 220329610, 0, 0
670034, 221608691, 0, 0
671019, 193112490, 0, 0
672007, 202317032, 0, 0
673016, 219972519, 0, 0
674002, 223635073, 0, 0
675008, 204834265, 0, 0
676044, 213636788, 0, 0
677026, 198486102, 0, 0
678015, 215055312, 0, 0
679030, 185318018, 0, 0
680032, 176646879, 0, 0
681047, 207160963, 0, 0
682020, 205402133, 0, 0
683015, 207400978, 0, 0
684006, 201923675, 0, 0
685014, 201037960, 0, 0
686005, 214968668, 0, 0
687047, 197170030, 0, 0
688039, 207243188, 0, 0
689018, 187265309, 0, 0
690046, 200240590, 0, 0
691013, 191633559, 0, 0
692019, 220644126, 0, 0
693000, 211502826, 0, 0
694068, 201824630, 0, 0
695049, 211772328, 0, 0
696055, 220832697, 0, 0
697034, 209272582, 0, 0
698008, 220284931, 0, 0
699030, 219147995, 0, 0
700046, 200187979, 0, 0
701056, 218093454, 0, 0
702002, 219928720, 0, 0
703017, 208695596, 0, 0
704001, 218208344, 0, 0
705040, 235875729, 0, 0
706055, 206000633, 0, 0
707013, 186990791, 0, 0
708037, 203005711, 0, 0
709023, 196698839, 0, 0
710024, 187627718, 0, 0
711055, 235273971, 0, 0
712022, 197080839, 0, 0
713036, 176910648, 0, 0
714011, 223110950, 0, 0
715035, 199522977, 0, 0
716026, 200823896, 0, 0
717051, 211662209, 0, 0
718007, 213958735, 0, 0
719000, 193051282, 0, 0
720007, 198950630, 0, 0
721026, 199444247, 0, 0
722040, 181884120, 0, 0
723025, 186998159, 0, 0
724032, 197515136, 0, 0
725002, 217532303, 0, 0
726029, 210207664, 0, 0
727042, 211999166, 0, 0
728056, 204222272, 0, 0
729027, 213910269, 0, 0
730056, 189085103, 0, 0
731004, 201821776, 0, 0
732031, 223794996, 0, 0
733044, 222017193, 0, 0
734013, 210708417, 0, 0
735008, 206239476, 0, 0
736052, 203286335, 0, 0
737060, 188624831, 0, 0
738022, 237040679, 0, 0
739051, 195604758, 0, 0
740028, 194739936, 0, 0
741055, 211984182, 0, 0
742040, 207699821, 0, 0
743022, 207396715, 0, 0
744011, 222326811, 0, 0
745051, 221559787, 0, 0
746025, 219317382, 0, 0
747041, 191395345, 0, 0
748013, 196253868, 0, 0
749046, 229863236, 0, 0
750024, 207749865, 0, 0
751038, 190079481, 0, 0
752055, 211374720, 0, 0
753024, 217235848, 0, 0
754012, 196277219, 0, 0
755025, 189935258, 0, 0
756022, 208417684, 0, 0
757037, 196185200, 0, 0
758041, 188821475, 0, 0
759050, 213756010, 0, 0
760015, 203541175, 0, 0
761017, 194342852, 0, 0
762041, 204775811, 0, 0
763035, 177929570, 0, 0
764034, 205953824, 0, 0
765010, 192166448, 0, 0
766009, 211905328, 0, 0
767043, 214300995, 0, 0
768010, 208115198, 0, 0
769018, 172880869, 0, 0
770039, 195958148, 0, 0
771005, 212118580, 0, 0
772058, 197333432, 0, 0
773038, 229417174, 0, 0
774039, 189988757, 0, 0
775051, 213790735, 0, 0
776039, 188322648, 0, 0
777016, 208013404, 0, 0
778007, 199526710, 0, 0
779045, 197615527, 0, 0
780023, 221665952, 0, 0
781053, 213354420, 0, 0
782020, 198439654, 0, 0
783018, 194817014, 0, 0
784048, 202134205, 0, 0
785002, 204864399, 0, 0
786016, 219188823, 0, 0
787035, 203214347, 0, 0
788024, 220190059, 0, 0
789061, 186067652, 0, 0
790019, 196424398, 0, 0
791043, 203239542, 0, 0
792053, 183261526, 0, 0
793037, 199351147, 0, 0
794002, 203406521, 0, 0
795059, 228678394, 0, 0
796019, 187891025, 0, 0
797025, 213278626, 0, 0
798064, 218011631, 0, 0
799019, 196327771, 0, 0
800002, 195456922, 0, 0
801055, 193931470, 0, 0
802054, 213766897, 0, 0
803046, 213708727, 0, 0
804056, 198520345, 0, 0
805014, 201486647, 0, 0
806047, 207920572, 0, 0
807032, 257861178, 0, 0
808024, 191247456, 0, 0
809000, 214715608, 0, 0
810060, 210804132, 0, 0
811045, 207978453, 0, 0
812061, 211142948, 0, 0
813010, 226311059, 0, 0
814061, 226658197, 0, 0
815061, 218869631, 0, 0
816007, 199291721, 0, 0
817046, 220583512, 0, 0
818031, 194752966, 0, 0
819037, 191447391, 0, 0
820009, 220774328, 0, 0
821062, 200215707, 0, 0
822033, 213833782, 0, 0
823014, 233708632, 0, 0
824056, 206015077, 0, 0
825002, 193826075, 0, 0
826003, 176324570, 0, 0
827028, 187311698, 0, 0
828025, 207634577, 0, 0
829032, 184376062, 0, 0
830058, 192632183, 0, 0
831024, 209269173, 0, 0
832004, 209008706, 0, 0
833045, 230190581, 0, 0
834049, 225329786, 0, 0
835048, 222281309, 0, 0
836028, 207954902, 0, 0
837025, 214229703, 0, 0
838055, 205257606, 0, 0
839023, 200893262, 0, 0
840039, 207786682, 0, 0
841056, 194079735, 0, 0
842001, 212264633, 0, 0
843001, 199463591, 0, 0
844047, 212814979, 0, 0
845029, 192645013, 0, 0
846005, 190206371, 0, 0
847044, 193394912, 0, 0
848049, 183715983, 0, 0
849043, 189376333, 0, 0
850012, 212831997, 0, 0
851025, 201628304, 0, 0
852059, 204648602, 0, 0
853012, 194313608, 0, 0
854029, 220250716, 0, 0
855040, 218254678, 0, 0
856008, 215185334, 0, 0
857028, 210920191, 0, 0
858050, 209346710, 0, 0
859018, 232532802, 0, 0
860005, 197120540, 0, 0
861021, 205050095, 0, 0
862064, 199376322, 0, 0
863016, 193507673, 0, 0
864030, 212020182, 0, 0
865049, 179833965, 0, 0
866053, 215827561, 0, 0
867038, 219218229, 0, 0
868059, 204632697, 0, 0
869028, 222243621, 0, 0
870062, 206187255, 0, 0
871000, 211868998, 0, 0
872008, 199781051, 0, 0
873000, 179676823, 0, 0
874036, 217521008, 0, 0
875013, 183917943, 0, 0
876019, 256657493, 0, 0
877011, 209617462, 0, 0
878028, 208959488, 0, 0
879004, 220462897, 0, 0
880051, 203297999, 0, 0
881015, 210206460, 0, 0
882042, 194897403, 0, 0
883044, 191145324, 0, 0
884053, 179740468, 0, 0
885022, 177907941, 0, 0
886042, 213977014, 0, 0
887007, 210964552, 0, 0
888032, 194499024, 0, 0
889025, 204801212, 0, 0
890042, 202643584, 0, 0
891018, 184172459, 0, 0
892048, 199229230, 0, 0
893044, 189794063, 0, 0
894001, 204263899, 0, 0
895001, 198498482, 0, 0
896006, 180127107, 0, 0
897026, 205333424, 0, 0
898054, 207830473, 0, 0
899054, 220408219, 0, 0
900041, 209394127, 0, 0
901007, 209371853, 0, 0
902034, 203945507, 0, 0
903052, 216060566, 0, 0
904009, 196606365, 0, 0
905026, 224878406, 0, 0
906056, 207112132, 0, 0
907011, 201277436, 0, 0
908042, 219877976, 0, 0
909051, 233224559, 0, 0
910055, 198663112, 0, 0
911019, 189904984, 0, 0
912000, 204561440, 0, 0
913013, 210204921, 0, 0
914022, 181994423, 0, 0
915033, 183829565, 0, 0
916038, 188060796, 0, 0
917043, 189520421, 0, 0
918029, 195446758, 0, 0
919051, 211304060, 0, 0
920005, 178777445, 0, 0
921037, 198471108, 0, 0
922023, 209047431, 0, 0
923000, 193192669, 0, 0
924043, 165350731, 0, 0
925017, 164924831, 0, 0
926070, 224144269, 0, 0
927053, 221806576, 0, 0
928019, 194357349, 0, 0
929039, 214337636, 0, 0
930038, 200815897, 0, 0
931000, 206795806, 0, 0
932010, 219002633, 0, 0
933004, 205832015, 0, 0
934054, 198291097, 0, 0
935030, 194909633, 0, 0
936022, 196643206, 0, 0
937020, 223859665, 0, 0
938045, 209525479, 0, 0
939018, 198975150, 0, 0
940052, 222456665, 0, 0
941002, 174960864, 0, 0
942011, 215362996, 0, 0
943014, 199945268, 0, 0
944035, 190012321, 0, 0
945013, 208656070, 0, 0
946006, 200672211, 0, 0
947017, 219417364, 0, 0
948054, 190130551, 0, 0
949033, 189490046, 0, 0
950056, 203228295, 0, 0
951013, 176934447, 0, 0
952050, 197623153, 0, 0
953037, 200418197, 0, 0
954045, 176214250, 0, 0
955030, 194628349, 0, 0
956018, 190583616, 0, 0
957011, 197687823, 0, 0
958001, 175589772, 0, 0
959057, 181265421, 0, 0
960048, 189396802, 0, 0
961047, 213732028, 0, 0
962040, 201631799, 0, 0
963040, 196035811, 0, 0
964044, 193473814, 0, 0
965055, 189326141, 0, 0
966035, 182843873, 0, 0
967019, 226398573, 0, 0
968034, 216378133, 0, 0
969003, 190383345, 0, 0
970060, 219508504, 0, 0
971012, 190690541, 0, 0
972047, 188344537, 0, 0
973004, 179969697, 0, 0
974016, 210136382, 0, 0
975054, 209029119, 0, 0
976032, 205835209, 0, 0
977008, 190111233, 0, 0
978040, 197515936, 0, 0
979024, 215987709, 0, 0
980016, 179171155, 0, 0
981050, 194702241, 0, 0
982055, 170257380, 0, 0
983036, 211018245, 0, 0
984012, 192355966, 0, 0
985064, 181337697, 0, 0
986010, 223083977, 0, 0
987024, 209179585, 0, 0
988058, 192517488, 0, 0
989031, 192012624, 0, 0
990072, 196775647, 0, 0
991035, 196882528, 0, 0
992023, 201061344, 0, 0
993054, 197492059, 0, 0
994017, 190024572, 0, 0
995046, 228031351, 0, 0
996047, 180912483, 0, 0
997033, 213517131, 0, 0
998034, 185260238, 0, 0
999053, 206504979, 0, 0
1000015, 200549017, 0, 0
1001029, 203600032, 0, 0
1002027, 196467083, 0, 0
1003012, 171648485, 0, 0
1004032, 252148332, 0, 0
1005010, 164060400, 0, 0
1006047, 204032700, 0, 0
1007051, 210630701, 0, 0
1008008, 212248589, 0, 0
1009021, 187109629, 0, 0
1010021, 197179470, 0, 0
1011061, 205388667, 0, 0
1012016, 194709823, 0, 0
1013045, 220231843, 0, 0
1014044, 207669933, 0, 0
1015033, 210927249, 0, 0
1016035, 188532704, 0, 0
1017019, 178650538, 0, 0
1018001, 173492296, 0, 0
1019036, 212303398, 0, 0
1020015, 180209916, 0, 0
1021030, 181590046, 0, 0
1022010, 213533248, 0, 0
1023006, 207643434, 0, 0
1024035, 210255360, 0, 0
1025035, 201895677, 0, 0
1026037, 206083874, 0, 0
1027025, 187550427, 0, 0
1028052, 190962524, 0, 0
1029042, 213029263, 0, 0
1030005, 171066263, 0, 0
1031048, 212348149, 0, 0
1032014, 185135375, 0, 0
1033014, 220903369, 0, 0
1034034, 169536233, 0, 0
1035060, 186359193, 0, 0
1036055, 195142842, 0, 0
1037000, 188443998, 0, 0
1038028, 189510262, 0, 0
1039050, 212138927, 0, 0
1040012, 189485297, 0, 0
1041008, 197543177, 0, 0
1042031, 211460133, 0, 0
1043040, 196968527, 0, 0
1044040, 216467274, 0, 0
1045019, 183815264, 0, 0
1046031, 220181721, 0, 0
1047006, 164230137, 0, 0
1048001, 210255825, 0, 0
1049048, 219573985, 0, 0
1050012, 198798161, 0, 0
1051034, 199608507, 0, 0
1052008, 180261027, 0, 0
1053041, 194711381, 0, 0
1054037, 173424902, 0, 0
1055003, 207082716, 0, 0
1056036, 193896578, 0, 0
1057049, 211506557, 0, 0
1058033, 185987751, 0, 0
1059023, 196460260, 0, 0
1060028, 196518102, 0, 0
1061014, 188477616, 0, 0
1062039, 206936744, 0, 0
1063023, 213960901, 0, 0
1064005, 189813535, 0, 0
1065000, 196997694, 0, 0
1066004, 186122727, 0, 0
1067017, 172363652, 0, 0
1068007, 181443030, 0, 0
1069042, 186453135, 0, 0
1070009, 188630979, 0, 0
1071036, 199835481, 0, 0
1072009, 220174559, 0, 0
1073020, 200819439, 0, 0
1074013, 183566150, 0, 0
1075053, 202591011, 0, 0
1076019, 179633256, 0, 0
1077032, 181012218, 0, 0
1078044, 169259879, 0, 0
1079012, 191652623, 0, 0
1080024, 175754950, 0, 0
1081025, 216143844, 0, 0
1082037, 152351538, 0, 0
1083018, 193372728, 0, 0
1084054, 182914154, 0, 0
1085034, 224132247, 0, 0
1086019, 204910297, 0, 0
1087021, 181219755, 0, 0
1088052, 193095059, 0, 0
1089026, 178704477, 0, 0
1090032, 186869487, 0, 0
1091005, 178430638, 0, 0
1092020, 198230266, 0, 0
1093012, 191325939, 0, 0
1094017, 209444387, 0, 0
1095005, 191353565, 0, 0
1096038, 192731922, 0, 0
1097024, 210787534, 0, 0
1098059, 200181711, 0, 0
1099002, 178585524, 0, 0
1100012, 162989719, 0, 0
1101049, 175626031, 0, 0
1102030, 168626799, 0, 0
1103018, 172985400, 0, 0
1104049, 199793846, 0, 0
1105022, 194485240, 0, 0
1106039, 195306264, 0, 0
1107038, 189955311, 0, 0
1108014, 208734531, 0, 0
1109051, 199489542, 0, 0
1110048, 197403492, 0, 0
1111050, 181312477, 0, 0
1112010, 177573174, 0, 0
1113053, 176945190, 0, 0
1114001, 180961306, 0, 0
1115005, 168886692, 0, 0
1116020, 193063179, 0, 0
1117004, 182193004, 0, 0
1118006, 188497785, 0, 0
1119035, 190504847, 0, 0
1120045, 199136685, 0, 0
1121005, 200959884, 0, 0
1122023, 190152003, 0, 0
1123015, 206000537, 0, 0
1124043, 165068922, 0, 0
1125042, 181979857, 0, 0
1126059, 177621543, 0, 0
1127024, 197952689, 0, 0
1128057, 192671006, 0, 0
1129058, 183166885, 0, 0
1130044, 250462661, 0, 0
1131008, 172178396, 0, 0
1132059, 188074880, 0, 0
1133040, 206605296, 0, 0
1134046, 200728922, 0, 0
1135063, 191580737, 0, 0
1136014, 211700831, 0, 0
1137030, 183424595, 0, 0
1138049, 198701935, 0, 0
1139025, 175243386, 0, 0
1140031, 194094944, 0, 0
1141000, 204238056, 0, 0
1142000, 193709872, 0, 0
1143015, 184826042, 0, 0
1144026, 184024397, 0, 0
1145054, 185279659, 0, 0
1146011, 180540011, 0, 0
1147019, 192137380, 0, 0
1148060, 183556608, 0, 0
1149037, 180033638, 0, 0
1150045, 209278234, 0, 0
1151020, 181184312, 0, 0
1152031, 189359064, 0, 0
1153027, 199339539, 0, 0
1154014, 164622934, 0, 0
1155025, 161776948, 0, 0
1156034, 180035699, 0, 0
1157062, 196154374, 0, 0
1158069, 168288810, 0, 0
1159027, 158837744, 0, 0
1160017, 201608300, 0, 0
1161057, 162875928, 0, 0
1162034, 179817765, 0, 0
1163027, 187138314, 0, 0
1164048, 177989478, 0, 0
1165042, 182875202, 0, 0
1166017, 185343094, 0, 0
1167013, 194048680, 0, 0
1168018, 192802007, 0, 0
1169052, 194739319, 0, 0
1170014, 197093499, 0, 0
1171021, 182892868, 0, 0
1172031, 220379080, 0, 0
1173033, 170040128, 0, 0
1174070, 219197694, 0, 0
1175018, 223731315, 0, 0
1176056, 185397547, 0, 0
1177014, 193071223, 0, 0
1178030, 185681642, 0, 0
1179008, 173423865, 0, 0
1180022, 170888815, 0, 0
1181013, 176476384, 0, 0
1182061, 189539706, 0, 0
1183030, 188821650, 0, 0
1184061, 180784149, 0, 0
1185013, 184010903, 0, 0
1186006, 173452331, 0, 0
1187030, 176065200, 0, 0
1188048, 172990565, 0, 0
1189019, 199383893, 0, 0
1190034, 175954822, 0, 0
1191051, 174396762, 0, 0
1192043, 169445643, 0, 0
1193045, 186851926, 0, 0
1194000, 171303857, 0, 0
1195016, 191784923, 0, 0
1196047, 213645742, 0, 0
1197059, 189106456, 0, 0
1198017, 188324730, 0, 0
1199010, 176027096, 0, 0
1200005, 174988988, 0, 0
1200100, 242012135, 0, 0
