1061, 470395089, 0, 0
2040, 488406826, 0, 0
3045, 476983676, 0, 0
4050, 503276541, 0, 0
5021, 491489472, 0, 0
6055, 469336122, 0, 0
7050, 488602111, 0, 0
8004, 477072681, 0, 0
9000, 488302198, 0, 0
10039, 472400135, 0, 0
11054, 467764454, 0, 0
12022, 485548679, 0, 0
13000, 517739716, 0, 0
14019, 490129489, 0, 0
15058, 489175493, 0, 0
16041, 480440081, 0, 0
17025, 494817292, 0, 0
18040, 466752286, 0, 0
19034, 484182015, 0, 0
20005, 479914320, 0, 0
21028, 481233465, 0, 0
22004, 485342151, 0, 0
23060, 475683166, 0, 0
24048, 481266888, 0, 0
25031, 477841686, 0, 0
26027, 461262060, 0, 0
27055, 474364015, 0, 0
28021, 479814718, 0, 0
29032, 467828771, 0, 0
30000, 470697799, 0, 0
31050, 481418344, 0, 0
32013, 483171230, 0, 0
33032, 471380677, 0, 0
34031, 446554822, 0, 0
35058, 461149858, 0, 0
36043, 483500057, 0, 0
37000, 458546921, 0, 0
38024, 466135704, 0, 0
39062, 471873132, 0, 0
40023, 455106779, 0, 0
41011, 466607435, 0, 0
42019, 455367535, 0, 0
43066, 462927151, 0, 0
44005, 455626225, 0, 0
45011, 462756947, 0, 0
46008, 451859661, 0, 0
47014, 463507151, 0, 0
48030, 462766737, 0, 0
49035, 450925123, 0, 0
50017, 445006964, 0, 0
51015, 453097329, 0, 0
52025, 442561414, 0, 0
53046, 458825525, 0, 0
54057, 456374464, 0, 0
55058, 455155528, 0, 0
56031, 449420588, 0, 0
57043, 487450066, 0, 0
58000, 455651757, 0, 0
59049, 452737066, 0, 0
60025, 467117104, 0, 0
61036, 445031778, 0, 0
62055, 440976707, 0, 0
63038, 458039029, 0, 0
64008, 437697299, 0, 0
65022, 462671919, 0, 0
66036, 457687957, 0, 0
67047, 449192545, 0, 0
68033, 462957391, 0, 0
69016, 451374451, 0, 0
70056, 469670134, 0, 0
71057, 454374515, 0, 0
72003, 470898219, 0, 0
73054, 469977409, 0, 0
74020, 447830620, 0, 0
75021, 439262598, 0, 0
76005, 458433947, 0, 0
77051, 450901115, 0, 0
78020, 439758040, 0, 0
79010, 463906049, 0, 0
80037, 453027454, 0, 0
81027, 444229874, 0, 0
82020, 452088456, 0, 0
83046, 448909910, 0, 0
84057, 471629541, 0, 0
85015, 462645166, 0, 0
86020, 437360948, 0, 0
87053, 429162962, 0, 0
88046, 441974435, 0, 0
89051, 448678704, 0, 0
90032, 458272056, 0, 0
91009, 459974171, 0, 0
92064, 463297119, 0, 0
93028, 455591946, 0, 0
94038, 426629347, 0, 0
95048, 445994775, 0, 0
96017, 437269652, 0, 0
97023, 428321970, 0, 0
98046, 430965281, 0, 0
99021, 435465800, 0, 0
100036, 462721305, 0, 0
101040, 418874916, 0, 0
102004, 441235677, 0, 0
103003, 439822801, 0, 0
104032, 440562232, 0, 0
105047, 437969903, 0, 0
106035, 439197145, 0, 0
107006, 435224645, 0, 0
108034, 456968280, 0, 0
109000, 443676424, 0, 0
110050, 436591864, 0, 0
111008, 452198500, 0, 0
112031, 435540162, 0, 0
113025, 453866420, 0, 0
114006, 433434045, 0, 0
115017, 440134333, 0, 0
116032, 428882627, 0, 0
117016, 432022477, 0, 0
118000, 439143587, 0, 0
119049, 430231324, 0, 0
120038, 443691970, 0, 0
121043, 469125940, 0, 0
122014, 432680274, 0, 0
123026, 420571826, 0, 0
124047, 432667346, 0, 0
125062, 461784516, 0, 0
126053, 468097414, 0, 0
127051, 440074747, 0, 0
128011, 429865492, 0, 0
129031, 418115479, 0, 0
130015, 437981787, 0, 0
131023, 399958922, 0, 0
132046, 411157050, 0, 0
133006, 412686182, 0, 0
134031, 435915846, 0, 0
135025, 431241150, 0, 0
136009, 424464251, 0, 0
137064, 429868587, 0, 0
138007, 398218747, 0, 0
139060, 431341667, 0, 0
140026, 428178264, 0, 0
141048, 419679717, 0, 0
142015, 475718337, 0, 0
143030, 416645639, 0, 0
144052, 398782465, 0, 0
145006, 419572290, 0, 0
146037, 425300836, 0, 0
147002, 410353301, 0, 0
148018, 424137772, 0, 0
149049, 389108574, 0, 0
150002, 416771073, 0, 0
151034, 435105078, 0, 0
152041, 393520736, 0, 0
153018, 448589466, 0, 0
154041, 423048857, 0, 0
155025, 405522922, 0, 0
156055, 417002076, 0, 0
157005, 396151120, 0, 0
158009, 418622125, 0, 0
159028, 419839518, 0, 0
160023, 426727872, 0, 0
161045, 418031420, 0, 0
162045, 422414045, 0, 0
163007, 404189968, 0, 0
164028, 408311181, 0, 0
165062, 408086526, 0, 0
166035, 409340663, 0, 0
167005, 425964488, 0, 0
168034, 403868810, 0, 0
169047, 422073796, 0, 0
170019, 412607880, 0, 0
171036, 394910919, 0, 0
172030, 379675077, 0, 0
173051, 423649225, 0, 0
174008, 410381199, 0, 0
175015, 413495563, 0, 0
176060, 404999639, 0, 0
177038, 411431912, 0, 0
178058, 416036297, 0, 0
179034, 421711426, 0, 0
180045, 398967386, 0, 0
181053, 400314596, 0, 0
182046, 383670057, 0, 0
183025, 396465007, 0, 0
184040, 405004215, 0, 0
185004, 392271732, 0, 0
186051, 409420849, 0, 0
187019, 398262166, 0, 0
188036, 401725135, 0, 0
189015, 432194766, 0, 0
190009, 394718801, 0, 0
191056, 417923957, 0, 0
192019, 410412558, 0, 0
193021, 398605585, 0, 0
194023, 383026606, 0, 0
195016, 400592047, 0, 0
196049, 430818617, 0, 0
197018, 413181411, 0, 0
198023, 406255702, 0, 0
199005, 403754024, 0, 0
200048, 374652213, 0, 0
201035, 397397769, 0, 0
202053, 387137942, 0, 0
203064, 379196833, 0, 0
204042, 397519380, 0, 0
205063, 391586760, 0, 0
206025, 404046995, 0, 0
207041, 377239797, 0, 0
208021, 388454631, 0, 0
209007, 425793862, 0, 0
210018, 395697593, 0, 0
211022, 391838892, 0, 0
212038, 375852581, 0, 0
213028, 379462440, 0, 0
214015, 393211650, 0, 0
215008, 386766654, 0, 0
216011, 397820586, 0, 0
217026, 418884247, 0, 0
218001, 417062789, 0, 0
219011, 397964825, 0, 0
220038, 398377042, 0, 0
221004, 400782634, 0, 0
222041, 387208285, 0, 0
223016, 396694333, 0, 0
224033, 389675182, 0, 0
225026, 370034188, 0, 0
226032, 364267956, 0, 0
227055, 354258974, 0, 0
228024, 387124965, 0, 0
229045, 379350948, 0, 0
230026, 375918348, 0, 0
231018, 383644887, 0, 0
232020, 387212828, 0, 0
233048, 357960103, 0, 0
234016, 374352339, 0, 0
235047, 400132888, 0, 0
236007, 394574571, 0, 0
237055, 376890688, 0, 0
238022, 386910571, 0, 0
239050, 352133555, 0, 0
240009, 362569945, 0, 0
241043, 424712025, 0, 0
242016, 372536112, 0, 0
243005, 347389847, 0, 0
244009, 405108189, 0, 0
245025, 367799325, 0, 0
246050, 367780108, 0, 0
247021, 374578431, 0, 0
248036, 366033981, 0, 0
249019, 354506121, 0, 0
250020, 387087539, 0, 0
251046, 376042162, 0, 0
252052, 380482034, 0, 0
253012, 369187257, 0, 0
254048, 382709131, 0, 0
255022, 385603815, 0, 0
256048, 406409253, 0, 0
257031, 396507328, 0, 0
258031, 382420634, 0, 0
259044, 352535374, 0, 0
260045, 355519454, 0, 0
261026, 354573617, 0, 0
262054, 383990814, 0, 0
263000, 370836894, 0, 0
264014, 375352124, 0, 0
265023, 354116700, 0, 0
266027, 365502286, 0, 0
267002, 400544399, 0, 0
268045, 384389145, 0, 0
269035, 364891204, 0, 0
270063, 368827971, 0, 0
271042, 376042913, 0, 0
272008, 387332232, 0, 0
273007, 380236316, 0, 0
274007, 344996478, 0, 0
275037, 366689180, 0, 0
276008, 392590007, 0, 0
277019, 375355375, 0, 0
278060, 381423420, 0, 0
279032, 371472712, 0, 0
280033, 351137248, 0, 0
281024, 355592842, 0, 0
282009, 357476084, 0, 0
283035, 347856135, 0, 0
284014, 332854934, 0, 0
285055, 337681862, 0, 0
286022, 374384130, 0, 0
287022, 380445009, 0, 0
288017, 358139811, 0, 0
289042, 373265662, 0, 0
290013, 304666539, 0, 0
291020, 384048325, 0, 0
292006, 373051560, 0, 0
293031, 342600270, 0, 0
294017, 367865058, 0, 0
295029, 354511516, 0, 0
296048, 375497389, 0, 0
297013, 392180701, 0, 0
298059, 338657573, 0, 0
299008, 340278175, 0, 0
300003, 359364747, 0, 0
301057, 362015790, 0, 0
302059, 327519624, 0, 0
303000, 342238101, 0, 0
304044, 355456476, 0, 0
305018, 383170551, 0, 0
306001, 329456568, 0, 0
307056, 366355680, 0, 0
308018, 317759201, 0, 0
309044, 337289627, 0, 0
310011, 341509750, 0, 0
311001, 371327218, 0, 0
312040, 344572868, 0, 0
313015, 363903209, 0, 0
314039, 346835565, 0, 0
315004, 364549047, 0, 0
316008, 333520216, 0, 0
317018, 374359805, 0, 0
318037, 336717127, 0, 0
319044, 354390619, 0, 0
320036, 350915719, 0, 0
321038, 359949308, 0, 0
322043, 331201862, 0, 0
323039, 329113828, 0, 0
324033, 318985309, 0, 0
325039, 319637678, 0, 0
326012, 350424998, 0, 0
327049, 327109287, 0, 0
328042, 342434365, 0, 0
329027, 380653295, 0, 0
330023, 324672016, 0, 0
331001, 365912583, 0, 0
332042, 322502676, 0, 0
333026, 321081344, 0, 0
334003, 358452462, 0, 0
335037, 358077244, 0, 0
336006, 345682752, 0, 0
337041, 303697902, 0, 0
338021, 356501349, 0, 0
339003, 346156407, 0, 0
340013, 305666396, 0, 0
341047, 323937191, 0, 0
342001, 335276678, 0, 0
343009, 350031995, 0, 0
344053, 320527019, 0, 0
345043, 309529375, 0, 0
346032, 313033111, 0, 0
347051, 324715746, 0, 0
348036, 331309510, 0, 0
349051, 334066661, 0, 0
350041, 299934069, 0, 0
351005, 336156916, 0, 0
352026, 337885254, 0, 0
353033, 369597488, 0, 0
354008, 316836571, 0, 0
355038, 336038061, 0, 0
356023, 322460020, 0, 0
357024, 336258911, 0, 0
358041, 361271188, 0, 0
359028, 330700814, 0, 0
360045, 326730656, 0, 0
361023, 341493473, 0, 0
362048, 304232023, 0, 0
363050, 340580527, 0, 0
364044, 299917864, 0, 0
365053, 302916258, 0, 0
366000, 314599959, 0, 0
367034, 325119032, 0, 0
368009, 363298658, 0, 0
369006, 304354412, 0, 0
370011, 316362026, 0, 0
371048, 333461063, 0, 0
372040, 311263910, 0, 0
373031, 316693128, 0, 0
374038, 319718299, 0, 0
375041, 339609582, 0, 0
376028, 336456715, 0, 0
377051, 319346942, 0, 0
378016, 311835164, 0, 0
379010, 301771381, 0, 0
380048, 344312931, 0, 0
381033, 315376848, 0, 0
382042, 300110776, 0, 0
383035, 319552818, 0, 0
384002, 314006152, 0, 0
385027, 320147316, 0, 0
386012, 305210883, 0, 0
387046, 329457903, 0, 0
388014, 288199796, 0, 0
389011, 355654010, 0, 0
390051, 323002865, 0, 0
391006, 318723103, 0, 0
392040, 291253762, 0, 0
393043, 307976021, 0, 0
394055, 303289786, 0, 0
395022, 299356741, 0, 0
396055, 313043686, 0, 0
397064, 300238131, 0, 0
398041, 302626345, 0, 0
399031, 332423892, 0, 0
400018, 321095613, 0, 0
401024, 308337266, 0, 0
402041, 315489915, 0, 0
403037, 330341026, 0, 0
404055, 308215703, 0, 0
405057, 302802449, 0, 0
406029, 332053470, 0, 0
407047, 334065986, 0, 0
408026, 322065911, 0, 0
409016, 304536462, 0, 0
410055, 319567180, 0, 0
411017, 309605607, 0, 0
412019, 315458765, 0, 0
413054, 299785692, 0, 0
414005, 303339064, 0, 0
415022, 318524947, 0, 0
416021, 305037316, 0, 0
417005, 283482159, 0, 0
418012, 337188557, 0, 0
419018, 270362381, 0, 0
420045, 304575713, 0, 0
421031, 303941115, 0, 0
422025, 311976879, 0, 0
423055, 351141756, 0, 0
424028, 266592439, 0, 0
425005, 328995665, 0, 0
426015, 315658998, 0, 0
427039, 305262677, 0, 0
428054, 295843416, 0, 0
429008, 292404491, 0, 0
430034, 302371021, 0, 0
431011, 331511370, 0, 0
432013, 324654892, 0, 0
433025, 297176963, 0, 0
434012, 293928261, 0, 0
435066, 309463548, 0, 0
436005, 278839447, 0, 0
437017, 301515085, 0, 0
438008, 301835887, 0, 0
439000, 291331547, 0, 0
440010, 302156638, 0, 0
441020, 299504150, 0, 0
442007, 294015904, 0, 0
443008, 291095266, 0, 0
444046, 292270828, 0, 0
445058, 274894765, 0, 0
446045, 268087683, 0, 0
447018, 296107907, 0, 0
448051, 278138572, 0, 0
449013, 261590446, 0, 0
450024, 272669440, 0, 0
451038, 300157644, 0, 0
452019, 290827391, 0, 0
453037, 284538933, 0, 0
454011, 295895794, 0, 0
455014, 290026260, 0, 0
456017, 285685601, 0, 0
457014, 281514274, 0, 0
458059, 297944310, 0, 0
459044, 290473910, 0, 0
460001, 301404687, 0, 0
461031, 281916201, 0, 0
462020, 283349933, 0, 0
463037, 299580271, 0, 0
464009, 283639761, 0, 0
465030, 274433164, 0, 0
466050, 306597309, 0, 0
467037, 277099535, 0, 0
468043, 268574989, 0, 0
469008, 284893698, 0, 0
470047, 280951265, 0, 0
471004, 296621886, 0, 0
472022, 286098588, 0, 0
473055, 302251189, 0, 0
474051, 279923545, 0, 0
475031, 290382289, 0, 0
476010, 287146140, 0, 0
477008, 282212599, 0, 0
478033, 273724927, 0, 0
479056, 277915581, 0, 0
480037, 271286989, 0, 0
481035, 287801410, 0, 0
482030, 266939363, 0, 0
483020, 245989710, 0, 0
484009, 287247325, 0, 0
485003, 262369070, 0, 0
486051, 281432368, 0, 0
487040, 280050305, 0, 0
488014, 276577877, 0, 0
489058, 315976090, 0, 0
490035, 259265367, 0, 0
491027, 269719478, 0, 0
492044, 253128293, 0, 0
493036, 289145729, 0, 0
494051, 278175747, 0, 0
495033, 275658202, 0, 0
496000, 289753717, 0, 0
497027, 266499432, 0, 0
498057, 263401748, 0, 0
499061, 282425815, 0, 0
500059, 268821921, 0, 0
501015, 278794544, 0, 0
502013, 246128476, 0, 0
503034, 264700900, 0, 0
504040, 283623359, 0, 0
505011, 283315289, 0, 0
506000, 271305356, 0, 0
507015, 258109833, 0, 0
508035, 248555150, 0, 0
509023, 293449043, 0, 0
510028, 265253218, 0, 0
511028, 271729798, 0, 0
512027, 279170321, 0, 0
513036, 250168791, 0, 0
514000, 267216331, 0, 0
515030, 306309979, 0, 0
516002, 252872684, 0, 0
517001, 263379019, 0, 0
518010, 245083483, 0, 0
519019, 257055692, 0, 0
520051, 269733022, 0, 0
521020, 254061937, 0, 0
522034, 286399522, 0, 0
523013, 266974952, 0, 0
524059, 269784862, 0, 0
525068, 257646561, 0, 0
526013, 235698518, 0, 0
527010, 263725692, 0, 0
528014, 247259933, 0, 0
529044, 239231066, 0, 0
530013, 270603836, 0, 0
531056, 240773724, 0, 0
532010, 254407303, 0, 0
533033, 249838722, 0, 0
534040, 244406116, 0, 0
535055, 247231890, 0, 0
536023, 267994009, 0, 0
537009, 242162439, 0, 0
538051, 255338778, 0, 0
539008, 263587986, 0, 0
540006, 235410863, 0, 0
541007, 259054732, 0, 0
542012, 265298242, 0, 0
543039, 277428257, 0, 0
544043, 258011779, 0, 0
545005, 250594362, 0, 0
546005, 240488456, 0, 0
547028, 216340720, 0, 0
548028, 280055653, 0, 0
549041, 209752352, 0, 0
550002, 260676406, 0, 0
551022, 247073217, 0, 0
552017, 261862475, 0, 0
553032, 256063382, 0, 0
554022, 230906756, 0, 0
555039, 254363275, 0, 0
556022, 236592809, 0, 0
557012, 223905718, 0, 0
558047, 237022969, 0, 0
559055, 241751828, 0, 0
560033, 244031146, 0, 0
561041, 257076493, 0, 0
562042, 256772176, 0, 0
563032, 246508948, 0, 0
564057, 264965651, 0, 0
565014, 249656050, 0, 0
566037, 206751319, 0, 0
567004, 243965505, 0, 0
568054, 252779328, 0, 0
569000, 245587804, 0, 0
570007, 232203787, 0, 0
571042, 246936966, 0, 0
572050, 251652445, 0, 0
573054, 223692285, 0, 0
574075, 242343878, 0, 0
575059, 254349567, 0, 0
576044, 237759178, 0, 0
577006, 254823505, 0, 0
578013, 264520037, 0, 0
579037, 239918994, 0, 0
580057, 240934616, 0, 0
581018, 235956428, 0, 0
582038, 224211025, 0, 0
583017, 234013299, 0, 0
584031, 217568291, 0, 0
585019, 262667065, 0, 0
586053, 216559435, 0, 0
587012, 227512593, 0, 0
588049, 218490246, 0, 0
589000, 234049697, 0, 0
590017, 233552967, 0, 0
591059, 200054597, 0, 0
592073, 192876088, 0, 0
593050, 226894466, 0, 0
594050, 229548444, 0, 0
595027, 221635387, 0, 0
596039, 217019978, 0, 0
597010, 233454205, 0, 0
598028, 225632382, 0, 0
599010, 218000001, 0, 0
600027, 226817021, 0, 0
601018, 213632508, 0, 0
602036, 217743377, 0, 0
603001, 208277988, 0, 0
604047, 208768490, 0, 0
605052, 232728180, 0, 0
606061, 237218017, 0, 0
607003, 211866517, 0, 0
608016, 191986970, 0, 0
609025, 208680508, 0, 0
610028, 230860983, 0, 0
611010, 197168518, 0, 0
612050, 184279155, 0, 0
613006, 196998828, 0, 0
614062, 225043622, 0, 0
615038, 205403720, 0, 0
616052, 221171383, 0, 0
617002, 213540039, 0, 0
618020, 222201337, 0, 0
619058, 200596449, 0, 0
620010, 211506039, 0, 0
621027, 221708565, 0, 0
622062, 216109136, 0, 0
623061, 218596845, 0, 0
624050, 236762285, 0, 0
625015, 217654114, 0, 0
626029, 209918682, 0, 0
627017, 233747879, 0, 0
628011, 218489598, 0, 0
629006, 218397252, 0, 0
630017, 211552039, 0, 0
631009, 220599536, 0, 0
632054, 212538216, 0, 0
633056, 216244111, 0, 0
634031, 253883723, 0, 0
635001, 212134427, 0, 0
636006, 207856367, 0, 0
637060, 238779645, 0, 0
638020, 221264640, 0, 0
639021, 193510370, 0, 0
640052, 231497752, 0, 0
641005, 183749136, 0, 0
642056, 197596885, 0, 0
643065, 232973605, 0, 0
644024, 206144914, 0, 0
645046, 207091171, 0, 0
646012, 212955964, 0, 0
647045, 200248490, 0, 0
648037, 199438898, 0, 0
649037, 200442859, 0, 0
650008, 203465611, 0, 0
651053, 181639299, 0, 0
652045, 199597101, 0, 0
653040, 192829121, 0, 0
654054, 190745497, 0, 0
655031, 218357960, 0, 0
656016, 200476023, 0, 0
657028, 190841532, 0, 0
658026, 205352653, 0, 0
659006, 210280712, 0, 0
660042, 196414549, 0, 0
661052, 196112413, 0, 0
662021, 187280655, 0, 0
663044, 188019742, 0, 0
664050, 202608484, 0, 0
665032, 213211505, 0, 0
666026, 205155419, 0, 0
667002, 226500414, 0, 0
668000, 213208459, 0, 0
669045, 231690344, 0, 0
670018, 215470057, 0, 0
671005, 229366052, 0, 0
672053, 209858961, 0, 0
673032, 198512567, 0, 0
674017, 185795628, 0, 0
675022, 194135155, 0, 0
676058, 205585954, 0, 0
677038, 198451292, 0, 0
678030, 212452332, 0, 0
679042, 181205339, 0, 0
680045, 216103607, 0, 0
681003, 191763011, 0, 0
682035, 239889644, 0, 0
683031, 221850562, 0, 0
684021, 223970374, 0, 0
685028, 219354046, 0, 0
686022, 197737679, 0, 0
687001, 212241857, 0, 0
688053, 199445394, 0, 0
689034, 227902913, 0, 0
690001, 223252002, 0, 0
691031, 194588496, 0, 0
692034, 203772979, 0, 0
693014, 199726712, 0, 0
694013, 198819341, 0, 0
695007, 194904146, 0, 0
696008, 205732112, 0, 0
697047, 196255082, 0, 0
698022, 216453534, 0, 0
699046, 184698621, 0, 0
700001, 203230616, 0, 0
701068, 213693417, 0, 0
702020, 202530367, 0, 0
703034, 173857808, 0, 0
704019, 210740104, 0, 0
705054, 211301764, 0, 0
706011, 179812847, 0, 0
707025, 203058665, 0, 0
708054, 205859764, 0, 0
709037, 227816001, 0, 0
710041, 225975219, 0, 0
711040, 214775895, 0, 0
712005, 201209646, 0, 0
713023, 212267904, 0, 0
714052, 204830125, 0, 0
715020, 213068812, 0, 0
716013, 195174926, 0, 0
717036, 182979862, 0, 0
718047, 218327975, 0, 0
719050, 193597003, 0, 0
720049, 214530408, 0, 0
721012, 188615441, 0, 0
722025, 203209696, 0, 0
723009, 196476380, 0, 0
724017, 197087847, 0, 0
725044, 197672939, 0, 0
726013, 187504660, 0, 0
727027, 200325400, 0, 0
728039, 212920601, 0, 0
729014, 203557951, 0, 0
730044, 225217980, 0, 0
731054, 206325858, 0, 0
732018, 213042327, 0, 0
733031, 199005712, 0, 0
734000, 167570238, 0, 0
735053, 222103839, 0, 0
736038, 235435282, 0, 0
737039, 191596776, 0, 0
738008, 211926457, 0, 0
739035, 190552381, 0, 0
740015, 204138476, 0, 0
741038, 221073676, 0, 0
742023, 211752004, 0, 0
743009, 212300228, 0, 0
744060, 197103791, 0, 0
745036, 224032448, 0, 0
746010, 209533036, 0, 0
747029, 226074285, 0, 0
748055, 199018680, 0, 0
749032, 214943047, 0, 0
750011, 219364548, 0, 0
751023, 195044349, 0, 0
752040, 198253753, 0, 0
753011, 255595458, 0, 0
754059, 205428736, 0, 0
755009, 209443171, 0, 0
756007, 185370658, 0, 0
757024, 209424723, 0, 0
758027, 214458695, 0, 0
759036, 184877522, 0, 0
760000, 199788598, 0, 0
761065, 204111438, 0, 0
762027, 197681469, 0, 0
763020, 200314920, 0, 0
764020, 191936834, 0, 0
765049, 181510422, 0, 0
766057, 197501074, 0, 0
767027, 187733086, 0, 0
768053, 215484991, 0, 0
769005, 191819023, 0, 0
770024, 227705828, 0, 0
771048, 210655243, 0, 0
772043, 193279057, 0, 0
773021, 224085416, 0, 0
774022, 185128752, 0, 0
775036, 184366106, 0, 0
776026, 217495893, 0, 0
777000, 216646305, 0, 0
778053, 218198251, 0, 0
779031, 216938828, 0, 0
780004, 200794408, 0, 0
781039, 195470272, 0, 0
782005, 208264413, 0, 0
783005, 195871253, 0, 0
784033, 204831073, 0, 0
785050, 198840807, 0, 0
786001, 211912858, 0, 0
787022, 208031209, 0, 0
788009, 190349459, 0, 0
789045, 187040798, 0, 0
790005, 205918657, 0, 0
791031, 213149539, 0, 0
792038, 186554079, 0, 0
793024, 221422777, 0, 0
794047, 193255223, 0, 0
795044, 236288206, 0, 0
796005, 193406748, 0, 0
797007, 219584109, 0, 0
798049, 217350560, 0, 0
799009, 212554278, 0, 0
800042, 213017049, 0, 0
801041, 218578692, 0, 0
802038, 226649416, 0, 0
803030, 222008510, 0, 0
804041, 228713075, 0, 0
805000, 215630253, 0, 0
806030, 186357432, 0, 0
807017, 223540971, 0, 0
808011, 215753963, 0, 0
809049, 192018326, 0, 0
810042, 199438567, 0, 0
811033, 198528372, 0, 0
812047, 231358913, 0, 0
813058, 210957633, 0, 0
814044, 209689687, 0, 0
815046, 220810271, 0, 0
816053, 218739855, 0, 0
817032, 219779659, 0, 0
818015, 185330568, 0, 0
819024, 209530283, 0, 0
820066, 205658417, 0, 0
821039, 232002419, 0, 0
822014, 206217297, 0, 0
823002, 214986246, 0, 0
824006, 195749052, 0, 0
825027, 214011309, 0, 0
826019, 203803656, 0, 0
827042, 207949972, 0, 0
828040, 184795175, 0, 0
829046, 201860080, 0, 0
830009, 202578728, 0, 0
831045, 203062002, 0, 0
832019, 237982107, 0, 0
833062, 213705381, 0, 0
834064, 211997586, 0, 0
835006, 187131840, 0, 0
836041, 175762064, 0, 0
837039, 218972838, 0, 0
838005, 214167209, 0, 0
839039, 207240146, 0, 0
840052, 231487282, 0, 0
841012, 198802145, 0, 0
842018, 229543033, 0, 0
843013, 213838699, 0, 0
844010, 190838472, 0, 0
845043, 183308907, 0, 0
846019, 231851832, 0, 0
847057, 200347178, 0, 0
848006, 207246264, 0, 0
849059, 196509766, 0, 0
850029, 220632601, 0, 0
851041, 212128935, 0, 0
852008, 198507921, 0, 0
853026, 243111269, 0, 0
854042, 209348314, 0, 0
855056, 198174695, 0, 0
856021, 200941643, 0, 0
857045, 217000564, 0, 0
858066, 223860164, 0, 0
859035, 197362988, 0, 0
860020, 214729208, 0, 0
861036, 201110719, 0, 0
862013, 190423230, 0, 0
863030, 196646331, 0, 0
864047, 199760837, 0, 0
865005, 199119753, 0, 0
866071, 224870170, 0, 0
867054, 219185233, 0, 0
868014, 213963352, 0, 0
869043, 220560691, 0, 0
870007, 210978293, 0, 0
871017, 221842685, 0, 0
872021, 233302904, 0, 0
873023, 221685118, 0, 0
874049, 191541389, 0, 0
875026, 198051351, 0, 0
876033, 201062590, 0, 0
877024, 214305579, 0, 0
878042, 184825033, 0, 0
879033, 218878569, 0, 0
880023, 209808720, 0, 0
881045, 186759961, 0, 0
882012, 210101057, 0, 0
883014, 210004522, 0, 0
884023, 195855649, 0, 0
885053, 248390942, 0, 0
886011, 176696157, 0, 0
887038, 180816084, 0, 0
888004, 204811815, 0, 0
889052, 204432636, 0, 0
890012, 206733436, 0, 0
891048, 185727255, 0, 0
892018, 186611577, 0, 0
893010, 189008766, 0, 0
894030, 228347275, 0, 0
895031, 190270348, 0, 0
896038, 188243112, 0, 0
897060, 209029965, 0, 0
898027, 182058799, 0, 0
899027, 172229656, 0, 0
900011, 196882428, 0, 0
901040, 210069737, 0, 0
902003, 187539462, 0, 0
903022, 209205031, 0, 0
904041, 198393165, 0, 0
905066, 192484226, 0, 0
906021, 211972453, 0, 0
907042, 201957014, 0, 0
908012, 215069773, 0, 0
909021, 209666067, 0, 0
910028, 200222997, 0, 0
911052, 215128348, 0, 0
912026, 201979113, 0, 0
913040, 181958583, 0, 0
914052, 204097551, 0, 0
915004, 218710920, 0, 0
916011, 209433345, 0, 0
917010, 191812975, 0, 0
918059, 207130371, 0, 0
919025, 202447866, 0, 0
920031, 212941375, 0, 0
921021, 226768688, 0, 0
922008, 220432896, 0, 0
923041, 214754892, 0, 0
924060, 197493986, 0, 0
925001, 238472025, 0, 0
926056, 205952053, 0, 0
927039, 216788573, 0, 0
928003, 190531662, 0, 0
929023, 230444227, 0, 0
930025, 205949537, 0, 0
931051, 189374458, 0, 0
932065, 204297516, 0, 0
933048, 211828225, 0, 0
934041, 201831263, 0, 0
935017, 206094325, 0, 0
936008, 192364115, 0, 0
937003, 179584690, 0, 0
938027, 225700966, 0, 0
939057, 215101991, 0, 0
940035, 213628118, 0, 0
941047, 196616708, 0, 0
942061, 208342898, 0, 0
943000, 227136408, 0, 0
944021, 229919564, 0, 0
945057, 182102155, 0, 0
946052, 198876024, 0, 0
947001, 203222425, 0, 0
948039, 190453798, 0, 0
949016, 189286973, 0, 0
950042, 216676038, 0, 0
951065, 203208321, 0, 0
952035, 180908876, 0, 0
953021, 184822321, 0, 0
954031, 234917149, 0, 0
955014, 202657896, 0, 0
956005, 188089059, 0, 0
957058, 206994400, 0, 0
958047, 223627631, 0, 0
959039, 193997123, 0, 0
960035, 224661716, 0, 0
961033, 195942074, 0, 0
962040, 194544622, 0, 0
963009, 224843117, 0, 0
964013, 187468339, 0, 0
965026, 201405764, 0, 0
966002, 212490081, 0, 0
967049, 196171778, 0, 0
968002, 195140108, 0, 0
969033, 196771168, 0, 0
970028, 200196176, 0, 0
971044, 207226314, 0, 0
972020, 202268800, 0, 0
973037, 220683725, 0, 0
974043, 190096967, 0, 0
975025, 198666217, 0, 0
976005, 214828792, 0, 0
977035, 221125849, 0, 0
978009, 182076575, 0, 0
979054, 197816723, 0, 0
980045, 199413189, 0, 0
981023, 188462565, 0, 0
982028, 195596193, 0, 0
983007, 209358769, 0, 0
984041, 203666675, 0, 0
985034, 196305626, 0, 0
986040, 207663672, 0, 0
987056, 215106074, 0, 0
988026, 179644323, 0, 0
989002, 212058071, 0, 0
990034, 184474203, 0, 0
991002, 206684956, 0, 0
992056, 211049147, 0, 0
993024, 194273135, 0, 0
994047, 194129869, 0, 0
995016, 222173949, 0, 0
996019, 176164514, 0, 0
997059, 211901222, 0, 0
998003, 211258279, 0, 0
999023, 195840263, 0, 0
1000045, 197143979, 0, 0
1001056, 207960423, 0, 0
1002054, 175162278, 0, 0
1003045, 217373672, 0, 0
1004033, 209732144, 0, 0
1005040, 187048499, 0, 0
1006014, 200803889, 0, 0
1007023, 219307920, 0, 0
1008034, 233959137, 0, 0
1009052, 179517029, 0, 0
1010054, 226593083, 0, 0
1011032, 214893519, 0, 0
1012048, 217747317, 0, 0
1013010, 227186908, 0, 0
1014014, 183394284, 0, 0
1015001, 205294813, 0, 0
1016007, 216880629, 0, 0
1017049, 171218109, 0, 0
1018032, 184538371, 0, 0
1019007, 215625248, 0, 0
1020041, 212497085, 0, 0
1021058, 190386634, 0, 0
1022041, 200816790, 0, 0
1023044, 224781187, 0, 0
1024004, 184666493, 0, 0
1025000, 211832077, 0, 0
1026004, 221942011, 0, 0
1027057, 210226498, 0, 0
1028022, 196625394, 0, 0
1029012, 178093404, 0, 0
1030037, 226742354, 0, 0
1031021, 217385385, 0, 0
1032042, 188427049, 0, 0
1033041, 204268270, 0, 0
1034005, 217436125, 0, 0
1035026, 189505905, 0, 0
1036027, 215660490, 0, 0
1037029, 189675355, 0, 0
1038061, 202615653, 0, 0
1039022, 205986599, 0, 0
1040040, 180321492, 0, 0
1041036, 186277297, 0, 0
1042000, 202424162, 0, 0
1043009, 178325887, 0, 0
1044006, 208092554, 0, 0
1045050, 217836314, 0, 0
1046045, 242234920, 0, 0
1047020, 211712487, 0, 0
1048025, 225673251, 0, 0
1049001, 184788369, 0, 0
1050025, 179246943, 0, 0
1051004, 205885248, 0, 0
1052040, 214095358, 0, 0
1053010, 175738548, 0, 0
1054007, 212566908, 0, 0
1055032, 190945945, 0, 0
1056004, 203254087, 0, 0
1057008, 217509953, 0, 0
1058004, 209690604, 0, 0
1059053, 203025722, 0, 0
1060067, 186672230, 0, 0
1061047, 211310170, 0, 0
1062012, 192426057, 0, 0
1063052, 215783963, 0, 0
1064034, 205514580, 0, 0
1065015, 218049066, 0, 0
1066036, 215153116, 0, 0
1067045, 181497949, 0, 0
1068038, 199139767, 0, 0
1069014, 194080595, 0, 0
1070045, 217347695, 0, 0
1071004, 198412150, 0, 0
1072039, 227403537, 0, 0
1073050, 181018750, 0, 0
1074041, 188444237, 0, 0
1075022, 198075072, 0, 0
1076050, 184211714, 0, 0
1077003, 169832471, 0, 0
1078018, 186333190, 0, 0
1079043, 174015319, 0, 0
1080055, 185231725, 0, 0
1081052, 200567395, 0, 0
1082008, 203410720, 0, 0
1083049, 202270826, 0, 0
1084022, 205465645, 0, 0
1085064, 188162585, 0, 0
1086046, 203425002, 0, 0
1087051, 204547718, 0, 0
1088040, 227317533, 0, 0
1089058, 206905940, 0, 0
1090001, 182404990, 0, 0
1091037, 178115498, 0, 0
1092053, 172121012, 0, 0
1093043, 183430205, 0, 0
1094046, 206519615, 0, 0
1095050, 184678800, 0, 0
1096026, 181935326, 0, 0
1097010, 184355944, 0, 0
1098043, 204437045, 0, 0
1099052, 193197420, 0, 0
1100066, 178505354, 0, 0
1101035, 189173195, 0, 0
1102014, 209036886, 0, 0
1103000, 170825658, 0, 0
1104032, 187135962, 0, 0
1105006, 210755766, 0, 0
1106022, 207631042, 0, 0
1107011, 214707057, 0, 0
1108045, 204408809, 0, 0
1109022, 179034830, 0, 0
1110015, 197075086, 0, 0
1111020, 172730211, 0, 0
1112036, 192961875, 0, 0
1113018, 183190056, 0, 0
1114031, 211436356, 0, 0
1115035, 173778554, 0, 0
1116045, 174681268, 0, 0
1117032, 209368765, 0, 0
1118039, 195407080, 0, 0
1119062, 208618193, 0, 0
1120016, 191670396, 0, 0
1121035, 213534108, 0, 0
1122052, 187428371, 0, 0
1123048, 186782113, 0, 0
1124014, 196214086, 0, 0
1125015, 193181057, 0, 0
1126024, 196520986, 0, 0
1127055, 197262994, 0, 0
1128028, 201509166, 0, 0
1129025, 204022521, 0, 0
1130005, 216337659, 0, 0
1131060, 172035630, 0, 0
1132043, 202404691, 0, 0
1133024, 173981771, 0, 0
1134031, 177957973, 0, 0
1135046, 177929670, 0, 0
1136000, 175128084, 0, 0
1137013, 182410432, 0, 0
1138037, 181915101, 0, 0
1139012, 209208927, 0, 0
1140014, 224035584, 0, 0
1141045, 216852556, 0, 0
1142044, 203453958, 0, 0
1143002, 213846746, 0, 0
1144010, 198423211, 0, 0
1145039, 204316758, 0, 0
1146056, 189387592, 0, 0
1147002, 183602472, 0, 0
1148046, 201633832, 0, 0
1149019, 204611805, 0, 0
1150033, 218546943, 0, 0
1151005, 184634839, 0, 0
1152014, 184831826, 0, 0
1153013, 192659174, 0, 0
1154000, 171475338, 0, 0
1155010, 168972830, 0, 0
1156020, 173611819, 0, 0
1157048, 171595563, 0, 0
1158053, 186053649, 0, 0
1159012, 204350261, 0, 0
1160000, 191754767, 0, 0
1161042, 183570893, 0, 0
1162017, 182996947, 0, 0
1163014, 218533551, 0, 0
1164034, 195798242, 0, 0
1165028, 196828824, 0, 0
1166002, 182509970, 0, 0
1167001, 190840027, 0, 0
1168002, 173236899, 0, 0
1169037, 188467236, 0, 0
1170058, 191931843, 0, 0
1171008, 181896872, 0, 0
1172031, 222698796, 0, 0
1173017, 170553512, 0, 0
1174055, 200659363, 0, 0
1175003, 215700360, 0, 0
1176039, 217106375, 0, 0
1177000, 175433519, 0, 0
1178015, 206473727, 0, 0
1179057, 194580014, 0, 0
1180006, 166753812, 0, 0
1181053, 201838108, 0, 0
1182045, 179917486, 0, 0
1183013, 174853650, 0, 0
1184042, 186244304, 0, 0
1185058, 197868401, 0, 0
1186050, 170767966, 0, 0
1187015, 159811004, 0, 0
1188033, 188354758, 0, 0
1189002, 165940567, 0, 0
1190019, 161814853, 0, 0
1191036, 201583061, 0, 0
1192030, 170589113, 0, 0
1193030, 205487556, 0, 0
1194042, 180943723, 0, 0
1195060, 184089556, 0, 0
1196030, 176794588, 0, 0
1197044, 167116014, 0, 0
1198001, 201705112, 0, 0
1199050, 203525260, 0, 0
1200046, 189350380, 0, 0
1200148, 249709292, 0, 0
