1046, 477022729, 0, 0
2028, 485450006, 0, 0
3028, 484844554, 0, 0
4019, 516208846, 0, 0
5050, 505108551, 0, 0
6027, 480596638, 0, 0
7023, 494821751, 0, 0
8039, 481791512, 0, 0
9029, 500241126, 0, 0
10011, 469898928, 0, 0
11022, 466147062, 0, 0
12054, 488815172, 0, 0
13032, 529806349, 0, 0
14049, 492958821, 0, 0
15024, 487498507, 0, 0
16006, 475484134, 0, 0
17052, 496168219, 0, 0
18010, 467570490, 0, 0
19005, 498470694, 0, 0
20034, 461382823, 0, 0
21000, 484499278, 0, 0
22037, 481057589, 0, 0
23028, 483810017, 0, 0
24018, 498443474, 0, 0
25002, 482197919, 0, 0
26059, 454991344, 0, 0
27026, 471650817, 0, 0
28049, 481023433, 0, 0
29005, 471800471, 0, 0
30029, 468540388, 0, 0
31014, 464192853, 0, 0
32043, 484188523, 0, 0
33005, 469706757, 0, 0
34003, 451435295, 0, 0
35023, 469370527, 0, 0
36013, 490513479, 0, 0
37028, 474192457, 0, 0
38054, 472139614, 0, 0
39032, 472939091, 0, 0
40050, 456068812, 0, 0
41039, 473001278, 0, 0
42035, 447678976, 0, 0
43016, 455225759, 0, 0
44022, 448174651, 0, 0
45025, 439823103, 0, 0
46024, 454544837, 0, 0
47030, 458554282, 0, 0
48046, 464725378, 0, 0
49050, 463369490, 0, 0
50031, 465886404, 0, 0
51030, 463372571, 0, 0
52011, 431916298, 0, 0
53031, 458484464, 0, 0
54043, 446237463, 0, 0
55043, 452584583, 0, 0
56014, 457419651, 0, 0
57028, 499640967, 0, 0
58047, 444285268, 0, 0
59033, 468526174, 0, 0
60009, 465975941, 0, 0
61017, 464841432, 0, 0
62041, 450871776, 0, 0
63024, 440650774, 0, 0
64022, 462242644, 0, 0
65039, 461150718, 0, 0
66053, 461247578, 0, 0
67005, 455671816, 0, 0
68047, 450569873, 0, 0
69030, 459526562, 0, 0
70005, 477267747, 0, 0
71001, 458390648, 0, 0
72018, 458678921, 0, 0
73011, 462848399, 0, 0
74036, 441678162, 0, 0
75034, 445355442, 0, 0
76018, 445808660, 0, 0
77000, 453110142, 0, 0
78041, 469933709, 0, 0
79022, 464566295, 0, 0
80053, 453789340, 0, 0
81042, 465943114, 0, 0
82036, 474926101, 0, 0
83060, 461298911, 0, 0
84026, 492157136, 0, 0
85045, 462737226, 0, 0
86050, 444788933, 0, 0
87021, 431347525, 0, 0
88021, 420670497, 0, 0
89019, 439015749, 0, 0
90068, 436910475, 0, 0
91045, 468582969, 0, 0
92022, 467186310, 0, 0
93057, 473976091, 0, 0
94012, 426380338, 0, 0
95001, 454006455, 0, 0
96000, 481416089, 0, 0
97054, 441006583, 0, 0
98018, 438958484, 0, 0
99050, 432774097, 0, 0
100006, 466525925, 0, 0
101016, 439225590, 0, 0
102034, 415465619, 0, 0
103034, 419434494, 0, 0
104000, 410960555, 0, 0
105020, 449115855, 0, 0
106007, 467117088, 0, 0
107035, 443100601, 0, 0
108007, 444342260, 0, 0
109033, 456066750, 0, 0
110022, 453105555, 0, 0
111039, 448520849, 0, 0
112068, 425318278, 0, 0
113054, 439287754, 0, 0
114036, 453082022, 0, 0
115047, 394507991, 0, 0
116005, 455624896, 0, 0
117044, 414522304, 0, 0
118028, 412894665, 0, 0
119018, 451962167, 0, 0
120004, 446666153, 0, 0
121013, 471962109, 0, 0
122045, 427051760, 0, 0
123054, 423443924, 0, 0
124016, 389199804, 0, 0
125031, 475437378, 0, 0
126025, 424531183, 0, 0
127017, 432750815, 0, 0
128040, 421599862, 0, 0
129000, 417278917, 0, 0
130044, 446304125, 0, 0
131051, 409467042, 0, 0
132015, 428166483, 0, 0
133035, 421009726, 0, 0
134000, 440311957, 0, 0
135055, 427499915, 0, 0
136041, 434926562, 0, 0
137030, 430527095, 0, 0
138038, 424134692, 0, 0
139032, 440062611, 0, 0
140059, 437684829, 0, 0
141020, 428290380, 0, 0
142043, 423904553, 0, 0
143000, 417311329, 0, 0
144018, 398373710, 0, 0
145035, 417176168, 0, 0
146070, 411779150, 0, 0
147033, 426608674, 0, 0
148048, 413054053, 0, 0
149019, 423382684, 0, 0
150033, 414999017, 0, 0
151001, 404735702, 0, 0
152011, 392556303, 0, 0
153062, 359785073, 0, 0
154026, 400128609, 0, 0
155014, 421222675, 0, 0
156041, 399761704, 0, 0
157045, 398740024, 0, 0
158055, 426060011, 0, 0
159016, 452516189, 0, 0
160007, 415627914, 0, 0
161032, 432996296, 0, 0
162029, 425047695, 0, 0
163050, 414707932, 0, 0
164015, 418702194, 0, 0
165047, 425001696, 0, 0
166013, 421840074, 0, 0
167045, 420215408, 0, 0
168020, 403071610, 0, 0
169034, 443022418, 0, 0
170002, 423655682, 0, 0
171020, 415546075, 0, 0
172008, 433602158, 0, 0
173037, 438435162, 0, 0
174049, 440746379, 0, 0
175001, 436768290, 0, 0
176039, 407092794, 0, 0
177021, 408706233, 0, 0
178042, 403173486, 0, 0
179009, 426177748, 0, 0
180029, 399404354, 0, 0
181037, 403398882, 0, 0
182032, 387242745, 0, 0
183009, 397188372, 0, 0
184024, 387885837, 0, 0
185043, 402742925, 0, 0
186037, 398397594, 0, 0
187005, 422935754, 0, 0
188020, 381225332, 0, 0
189061, 395409072, 0, 0
190055, 401302650, 0, 0
191041, 409849356, 0, 0
192006, 403635922, 0, 0
193010, 423440034, 0, 0
194008, 396701106, 0, 0
195003, 436150786, 0, 0
196033, 430827912, 0, 0
197002, 407771159, 0, 0
198011, 370265219, 0, 0
199050, 407375157, 0, 0
200031, 384881937, 0, 0
201018, 404230066, 0, 0
202038, 388388764, 0, 0
203050, 389954964, 0, 0
204025, 406143303, 0, 0
205045, 406092351, 0, 0
206011, 413579901, 0, 0
207025, 389478132, 0, 0
208006, 390683159, 0, 0
209052, 368287634, 0, 0
210003, 363866880, 0, 0
211008, 383816432, 0, 0
212024, 367887596, 0, 0
213012, 402869129, 0, 0
214000, 413239967, 0, 0
215048, 374112204, 0, 0
216060, 377901756, 0, 0
217014, 417347673, 0, 0
218045, 369976015, 0, 0
219053, 383847187, 0, 0
220012, 377731929, 0, 0
221050, 393352355, 0, 0
222020, 433537263, 0, 0
223056, 403288552, 0, 0
224018, 389029535, 0, 0
225013, 389754636, 0, 0
226014, 364651883, 0, 0
227038, 370246389, 0, 0
228008, 375932435, 0, 0
229031, 384078315, 0, 0
230011, 379893982, 0, 0
231002, 387326187, 0, 0
232003, 387301355, 0, 0
233033, 394615891, 0, 0
234001, 384807880, 0, 0
235030, 364999438, 0, 0
236051, 370399984, 0, 0
237039, 414216867, 0, 0
238006, 396961557, 0, 0
239037, 378432736, 0, 0
240056, 369060009, 0, 0
241029, 410214687, 0, 0
242002, 346688476, 0, 0
243051, 357284300, 0, 0
244050, 402833930, 0, 0
245010, 363130772, 0, 0
246035, 356217110, 0, 0
247007, 387225893, 0, 0
248021, 376142334, 0, 0
249004, 379820486, 0, 0
250037, 376601889, 0, 0
251000, 413278114, 0, 0
252009, 371055344, 0, 0
253024, 386542441, 0, 0
254007, 382292303, 0, 0
255037, 367707059, 0, 0
256005, 353930186, 0, 0
257048, 365761834, 0, 0
258056, 375224510, 0, 0
259060, 376375059, 0, 0
260002, 353355205, 0, 0
261042, 385936784, 0, 0
262007, 342430164, 0, 0
263013, 352691040, 0, 0
264033, 347551858, 0, 0
265038, 366573621, 0, 0
266043, 348420748, 0, 0
267016, 371427700, 0, 0
268000, 387411633, 0, 0
269050, 369521794, 0, 0
270012, 369714822, 0, 0
271059, 368979957, 0, 0
272025, 357023584, 0, 0
273024, 340465789, 0, 0
274021, 350562822, 0, 0
275051, 364158559, 0, 0
276024, 370644299, 0, 0
277036, 354694655, 0, 0
278014, 389156999, 0, 0
279047, 392391497, 0, 0
280047, 344970048, 0, 0
281038, 361819914, 0, 0
282029, 357000736, 0, 0
283052, 354348877, 0, 0
284029, 347659617, 0, 0
285011, 371062175, 0, 0
286035, 364551558, 0, 0
287037, 382814815, 0, 0
288031, 330598576, 0, 0
289002, 357861383, 0, 0
290027, 351504371, 0, 0
291035, 358437014, 0, 0
292022, 384876688, 0, 0
293047, 360784928, 0, 0
294033, 346586259, 0, 0
295043, 371502469, 0, 0
296065, 376832938, 0, 0
297028, 412493920, 0, 0
298009, 344403478, 0, 0
299023, 355188120, 0, 0
300017, 347375055, 0, 0
301003, 348511053, 0, 0
302012, 349682155, 0, 0
303016, 356493346, 0, 0
304002, 366621804, 0, 0
305033, 364574079, 0, 0
306016, 352139820, 0, 0
307011, 345897618, 0, 0
308035, 368136567, 0, 0
309000, 372920329, 0, 0
310024, 356180140, 0, 0
311016, 328605387, 0, 0
312056, 344513464, 0, 0
313028, 348852168, 0, 0
314057, 371051571, 0, 0
315020, 335517287, 0, 0
316022, 318281195, 0, 0
317035, 346631842, 0, 0
318051, 334287055, 0, 0
319002, 353389680, 0, 0
320052, 361816929, 0, 0
321056, 349024086, 0, 0
322056, 329589435, 0, 0
323055, 358236894, 0, 0
324048, 366579667, 0, 0
325054, 337390284, 0, 0
326030, 320026217, 0, 0
327008, 348729086, 0, 0
328055, 336519449, 0, 0
329041, 321985962, 0, 0
330036, 333815866, 0, 0
331016, 316796597, 0, 0
332057, 365332599, 0, 0
333041, 339218167, 0, 0
334049, 370464980, 0, 0
335022, 401744581, 0, 0
336045, 338980249, 0, 0
337027, 317146861, 0, 0
338007, 333898643, 0, 0
339046, 366318565, 0, 0
340000, 340849928, 0, 0
341029, 332294538, 0, 0
342044, 333562622, 0, 0
343056, 316941794, 0, 0
344038, 340038316, 0, 0
345028, 355400927, 0, 0
346016, 354613488, 0, 0
347031, 337218461, 0, 0
348022, 336990598, 0, 0
349029, 303939298, 0, 0
350026, 309363478, 0, 0
351056, 356248300, 0, 0
352013, 360134771, 0, 0
353017, 359166862, 0, 0
354048, 315138707, 0, 0
355024, 343170191, 0, 0
356007, 360815649, 0, 0
357010, 307926914, 0, 0
358028, 349170687, 0, 0
359013, 308356061, 0, 0
360031, 325973851, 0, 0
361010, 324025397, 0, 0
362030, 306388926, 0, 0
363034, 348241122, 0, 0
364030, 292527621, 0, 0
365041, 322605586, 0, 0
366045, 283422960, 0, 0
367019, 347537239, 0, 0
368052, 346581998, 0, 0
369053, 322828856, 0, 0
370053, 299919205, 0, 0
371033, 346545072, 0, 0
372028, 337692951, 0, 0
373018, 326842529, 0, 0
374021, 340768555, 0, 0
375025, 329748859, 0, 0
376000, 355277433, 0, 0
377018, 332376205, 0, 0
378043, 331497366, 0, 0
379039, 342086844, 0, 0
380013, 331008416, 0, 0
381003, 327207843, 0, 0
382014, 311152087, 0, 0
383002, 312366541, 0, 0
384029, 324610427, 0, 0
385060, 325917463, 0, 0
386040, 310338931, 0, 0
387019, 338502325, 0, 0
388049, 323394967, 0, 0
389043, 300325527, 0, 0
390014, 309547266, 0, 0
391035, 316905371, 0, 0
392014, 315748495, 0, 0
393012, 307885102, 0, 0
394030, 302192481, 0, 0
395055, 336717220, 0, 0
396021, 358077943, 0, 0
397033, 319414947, 0, 0
398013, 321146569, 0, 0
399003, 310075551, 0, 0
400043, 327240876, 0, 0
401057, 301849048, 0, 0
402011, 313999528, 0, 0
403004, 305948160, 0, 0
404022, 323304522, 0, 0
405027, 318664915, 0, 0
406059, 300784602, 0, 0
407017, 323963342, 0, 0
408060, 324829791, 0, 0
409043, 316556031, 0, 0
410027, 319051225, 0, 0
411050, 315705765, 0, 0
412052, 321191316, 0, 0
413024, 291456555, 0, 0
414031, 285564472, 0, 0
415051, 315446916, 0, 0
416051, 299504553, 0, 0
417024, 316110162, 0, 0
418028, 323198010, 0, 0
419031, 303653788, 0, 0
420004, 298883794, 0, 0
421047, 326061275, 0, 0
422040, 326103920, 0, 0
423007, 307010758, 0, 0
424044, 293248736, 0, 0
425018, 295765722, 0, 0
426030, 276251541, 0, 0
427056, 311166068, 0, 0
428007, 288338815, 0, 0
429021, 285181943, 0, 0
430051, 322317389, 0, 0
431025, 347561952, 0, 0
432029, 311075816, 0, 0
433041, 297295903, 0, 0
434029, 292212108, 0, 0
435015, 287113049, 0, 0
436022, 289307927, 0, 0
437032, 270577554, 0, 0
438024, 296023594, 0, 0
439012, 286854650, 0, 0
440025, 288875254, 0, 0
441035, 295085613, 0, 0
442021, 279681878, 0, 0
443024, 285506381, 0, 0
444003, 310856111, 0, 0
445002, 274123766, 0, 0
446005, 305119643, 0, 0
447031, 275011879, 0, 0
448008, 276599702, 0, 0
449027, 273194327, 0, 0
450039, 292087098, 0, 0
451055, 291908669, 0, 0
452035, 295000403, 0, 0
453047, 266016536, 0, 0
454028, 278062373, 0, 0
455027, 308396138, 0, 0
456031, 284977802, 0, 0
457037, 320975800, 0, 0
458011, 277206394, 0, 0
459059, 291701955, 0, 0
460014, 280028584, 0, 0
461045, 278731754, 0, 0
462034, 293414931, 0, 0
463050, 286100270, 0, 0
464025, 281948472, 0, 0
465047, 312240036, 0, 0
466004, 301076936, 0, 0
467049, 277377533, 0, 0
468000, 302527556, 0, 0
469025, 265099649, 0, 0
470006, 283192094, 0, 0
471021, 289375199, 0, 0
472036, 298621688, 0, 0
473007, 267111417, 0, 0
474005, 302538356, 0, 0
475047, 290845848, 0, 0
476023, 280970498, 0, 0
477023, 324422507, 0, 0
478048, 280092813, 0, 0
479008, 260906546, 0, 0
480052, 294512312, 0, 0
481050, 292900306, 0, 0
482043, 274101825, 0, 0
483034, 271818732, 0, 0
484026, 276090241, 0, 0
485021, 286908479, 0, 0
486009, 289831437, 0, 0
487055, 277548833, 0, 0
488028, 272400622, 0, 0
489015, 273795145, 0, 0
490050, 265864924, 0, 0
491043, 281637019, 0, 0
492062, 250083368, 0, 0
493053, 267905843, 0, 0
494009, 229756908, 0, 0
495046, 253779658, 0, 0
496014, 276689292, 0, 0
497043, 263495156, 0, 0
498007, 262372151, 0, 0
499018, 264892697, 0, 0
500000, 234974009, 0, 0
501003, 281620905, 0, 0
502040, 243544985, 0, 0
503005, 257962785, 0, 0
504009, 266942906, 0, 0
505039, 287830685, 0, 0
506027, 276766512, 0, 0
507046, 262168223, 0, 0
508005, 269702499, 0, 0
509054, 281771686, 0, 0
510058, 279355076, 0, 0
511058, 280355362, 0, 0
512058, 253591862, 0, 0
513003, 218703619, 0, 0
514029, 266328773, 0, 0
515001, 290992644, 0, 0
516028, 253049725, 0, 0
517033, 252914068, 0, 0
518041, 248291525, 0, 0
519053, 257705144, 0, 0
520024, 259492366, 0, 0
521058, 274553385, 0, 0
522006, 250527979, 0, 0
523043, 264525146, 0, 0
524026, 249617546, 0, 0
525037, 245602395, 0, 0
526041, 239501804, 0, 0
527042, 260577944, 0, 0
528040, 234756042, 0, 0
529015, 261417357, 0, 0
530040, 280890804, 0, 0
531025, 286078491, 0, 0
532038, 255311254, 0, 0
533004, 295090233, 0, 0
534013, 259102815, 0, 0
535022, 265468923, 0, 0
536051, 307309377, 0, 0
537036, 259388859, 0, 0
538013, 250945412, 0, 0
539041, 266047670, 0, 0
540036, 228696243, 0, 0
541034, 278363276, 0, 0
542043, 258389518, 0, 0
543007, 256880203, 0, 0
544015, 237966362, 0, 0
545035, 226994442, 0, 0
546035, 240932992, 0, 0
547000, 261784640, 0, 0
548001, 265261402, 0, 0
549010, 228291570, 0, 0
550031, 270497725, 0, 0
551053, 244118724, 0, 0
552045, 241598870, 0, 0
553004, 238924277, 0, 0
554054, 242283093, 0, 0
555009, 263653338, 0, 0
556049, 228180876, 0, 0
557039, 232063251, 0, 0
558019, 224693674, 0, 0
559023, 286102756, 0, 0
560061, 237811347, 0, 0
561055, 242103719, 0, 0
562057, 243127558, 0, 0
563048, 259316089, 0, 0
564004, 236471315, 0, 0
565028, 258596371, 0, 0
566050, 237835093, 0, 0
567019, 232589744, 0, 0
568004, 240374337, 0, 0
569017, 256262921, 0, 0
570023, 228571410, 0, 0
571055, 230767440, 0, 0
572009, 218757941, 0, 0
573008, 224506021, 0, 0
574091, 235910173, 0, 0
575012, 299233965, 0, 0
576059, 238539050, 0, 0
577020, 247889174, 0, 0
578027, 255276161, 0, 0
579054, 239676813, 0, 0
580012, 221179239, 0, 0
581033, 250462651, 0, 0
582054, 256863544, 0, 0
583032, 222061876, 0, 0
584046, 231107916, 0, 0
585001, 253437726, 0, 0
586039, 228257604, 0, 0
587058, 224182098, 0, 0
588037, 203825002, 0, 0
589041, 211720561, 0, 0
590005, 213953185, 0, 0
591042, 212985534, 0, 0
592058, 236678518, 0, 0
593034, 214701230, 0, 0
594035, 232361994, 0, 0
595041, 246864410, 0, 0
596054, 207764439, 0, 0
597024, 239298612, 0, 0
598044, 245691806, 0, 0
599024, 242778619, 0, 0
600037, 216166992, 0, 0
601031, 220490013, 0, 0
602050, 236332833, 0, 0
603015, 218379625, 0, 0
604000, 238823535, 0, 0
605008, 218054434, 0, 0
606014, 228779298, 0, 0
607017, 212095431, 0, 0
608035, 200806042, 0, 0
609038, 213854463, 0, 0
610046, 234135311, 0, 0
611033, 203915655, 0, 0
612008, 227699670, 0, 0
613022, 203515300, 0, 0
614012, 213026546, 0, 0
615055, 210233580, 0, 0
616065, 208439796, 0, 0
617015, 205676748, 0, 0
618037, 223206866, 0, 0
619013, 221806673, 0, 0
620026, 236445724, 0, 0
621043, 191946717, 0, 0
622019, 220094510, 0, 0
623013, 242910957, 0, 0
624006, 219086557, 0, 0
625029, 212518257, 0, 0
626043, 207994344, 0, 0
627047, 236902845, 0, 0
628045, 216329881, 0, 0
629036, 200045183, 0, 0
630048, 206674022, 0, 0
631036, 225172993, 0, 0
632019, 208366634, 0, 0
633023, 235060360, 0, 0
634004, 220629333, 0, 0
635033, 216105403, 0, 0
636036, 171747695, 0, 0
637028, 208088716, 0, 0
638060, 202637370, 0, 0
639048, 218056893, 0, 0
640023, 217838297, 0, 0
641039, 202413121, 0, 0
642027, 238514861, 0, 0
643028, 239811846, 0, 0
644054, 183037117, 0, 0
645015, 191062981, 0, 0
646045, 220531007, 0, 0
647014, 197066760, 0, 0
648010, 197149380, 0, 0
649007, 206347703, 0, 0
650034, 200940635, 0, 0
651028, 189443336, 0, 0
652013, 205793749, 0, 0
653010, 221076352, 0, 0
654026, 193146454, 0, 0
655003, 200121796, 0, 0
656048, 205892542, 0, 0
657056, 223311128, 0, 0
658053, 206408062, 0, 0
659042, 208051438, 0, 0
660015, 206273629, 0, 0
661024, 219800868, 0, 0
662056, 197921777, 0, 0
663012, 208558559, 0, 0
664021, 230805058, 0, 0
665005, 205858790, 0, 0
666053, 217455089, 0, 0
667034, 214620503, 0, 0
668027, 222500109, 0, 0
669029, 202473781, 0, 0
670004, 182538981, 0, 0
671052, 209864182, 0, 0
672039, 197359532, 0, 0
673047, 189912469, 0, 0
674033, 203022683, 0, 0
675040, 212639302, 0, 0
676015, 201573216, 0, 0
677052, 217800417, 0, 0
678042, 200829324, 0, 0
679002, 190669109, 0, 0
680000, 195665756, 0, 0
681016, 199627773, 0, 0
682047, 210174317, 0, 0
683046, 212864103, 0, 0
684036, 209519729, 0, 0
685044, 195725272, 0, 0
686037, 213654900, 0, 0
687018, 221397980, 0, 0
688013, 221068958, 0, 0
689049, 207231447, 0, 0
690016, 218427560, 0, 0
691047, 208284033, 0, 0
692051, 186385219, 0, 0
693030, 229961535, 0, 0
694036, 223743410, 0, 0
695023, 210894480, 0, 0
696025, 203151065, 0, 0
697064, 215485624, 0, 0
698034, 217527498, 0, 0
699002, 215731591, 0, 0
700016, 187238413, 0, 0
701018, 194252935, 0, 0
702037, 202422671, 0, 0
703051, 197797158, 0, 0
704033, 206965240, 0, 0
705012, 209044792, 0, 0
706025, 177423467, 0, 0
707037, 181176519, 0, 0
708000, 235759428, 0, 0
709053, 187066385, 0, 0
710056, 201239787, 0, 0
711026, 244917104, 0, 0
712047, 187441281, 0, 0
713007, 220511013, 0, 0
714039, 217734911, 0, 0
715005, 209177859, 0, 0
716055, 197687415, 0, 0
717021, 228147545, 0, 0
718033, 195271443, 0, 0
719037, 200368828, 0, 0
720033, 212185417, 0, 0
721000, 182442206, 0, 0
722012, 227918105, 0, 0
723053, 165171529, 0, 0
724003, 225829212, 0, 0
725030, 205763963, 0, 0
726061, 235437544, 0, 0
727013, 215796440, 0, 0
728024, 212933876, 0, 0
729001, 198838197, 0, 0
730030, 231016860, 0, 0
731037, 202002668, 0, 0
732003, 222874291, 0, 0
733020, 193724936, 0, 0
734044, 197504196, 0, 0
735037, 217863164, 0, 0
736023, 209176399, 0, 0
737022, 208181053, 0, 0
738052, 234816561, 0, 0
739016, 207780386, 0, 0
740000, 207360109, 0, 0
741024, 218591118, 0, 0
742000, 213693982, 0, 0
743050, 228683959, 0, 0
744044, 207996988, 0, 0
745023, 193348545, 0, 0
746054, 188435809, 0, 0
747012, 188281538, 0, 0
748041, 209929787, 0, 0
749016, 219563565, 0, 0
750056, 214115162, 0, 0
751007, 203521349, 0, 0
752025, 215355327, 0, 0
753057, 210683967, 0, 0
754045, 197606638, 0, 0
755051, 186413944, 0, 0
756053, 210187487, 0, 0
757009, 228576217, 0, 0
758013, 210709745, 0, 0
759021, 192541279, 0, 0
760047, 187379479, 0, 0
761045, 188921657, 0, 0
762010, 214309215, 0, 0
763006, 189322770, 0, 0
764005, 212326865, 0, 0
765034, 196438168, 0, 0
766043, 192946103, 0, 0
767010, 206709345, 0, 0
768037, 208039928, 0, 0
769046, 192072596, 0, 0
770007, 200583951, 0, 0
771033, 203856117, 0, 0
772027, 201587732, 0, 0
773004, 233220977, 0, 0
774008, 217793583, 0, 0
775023, 199026897, 0, 0
776008, 195808536, 0, 0
777046, 218852446, 0, 0
778040, 217586309, 0, 0
779015, 198596765, 0, 0
780055, 189463945, 0, 0
781025, 227145628, 0, 0
782048, 186794253, 0, 0
783047, 194150735, 0, 0
784022, 200427702, 0, 0
785035, 194425447, 0, 0
786049, 205845163, 0, 0
787005, 216565849, 0, 0
788056, 205343063, 0, 0
789029, 185191535, 0, 0
790050, 213460552, 0, 0
791013, 215836212, 0, 0
792025, 199184817, 0, 0
793009, 202560475, 0, 0
794033, 219489329, 0, 0
795027, 257512263, 0, 0
796051, 228775508, 0, 0
797051, 213793329, 0, 0
798035, 182818369, 0, 0
799047, 206729137, 0, 0
800027, 210211534, 0, 0
801022, 196086750, 0, 0
802022, 205022938, 0, 0
803017, 221475940, 0, 0
804026, 195804820, 0, 0
805044, 218508386, 0, 0
806014, 201760687, 0, 0
807066, 217738066, 0, 0
808051, 205039018, 0, 0
809030, 192152520, 0, 0
810029, 195778399, 0, 0
811020, 212861393, 0, 0
812035, 219476617, 0, 0
813041, 200676333, 0, 0
814028, 230219021, 0, 0
815028, 240096096, 0, 0
816041, 237900113, 0, 0
817016, 227759608, 0, 0
818000, 222062831, 0, 0
819012, 252292626, 0, 0
820041, 220110696, 0, 0
821025, 183420348, 0, 0
822063, 215669976, 0, 0
823042, 203973745, 0, 0
824039, 202251713, 0, 0
825057, 190480292, 0, 0
826052, 209485713, 0, 0
827014, 210893670, 0, 0
828013, 187654320, 0, 0
829018, 224585344, 0, 0
830042, 224290361, 0, 0
831009, 208731929, 0, 0
832046, 203368068, 0, 0
833031, 201501117, 0, 0
834033, 205025205, 0, 0
835035, 217219578, 0, 0
836012, 200303489, 0, 0
837010, 262537913, 0, 0
838036, 214186786, 0, 0
839011, 231848262, 0, 0
840025, 195345610, 0, 0
841043, 215926144, 0, 0
842045, 240110291, 0, 0
843043, 219821767, 0, 0
844037, 204165942, 0, 0
845016, 191105085, 0, 0
846047, 187832279, 0, 0
847029, 210128875, 0, 0
848035, 199905985, 0, 0
849030, 202929490, 0, 0
850060, 205382931, 0, 0
851011, 208671629, 0, 0
852043, 197064680, 0, 0
853057, 229074679, 0, 0
854013, 204813029, 0, 0
855024, 215512276, 0, 0
856047, 209407410, 0, 0
857009, 211197530, 0, 0
858034, 234730593, 0, 0
859065, 195494768, 0, 0
860048, 191164489, 0, 0
861007, 216217703, 0, 0
862042, 222011008, 0, 0
863001, 241895336, 0, 0
864016, 206390355, 0, 0
865033, 221904203, 0, 0
866029, 193869680, 0, 0
867021, 227722687, 0, 0
868043, 212032245, 0, 0
869012, 184683090, 0, 0
870037, 220304915, 0, 0
871045, 198154164, 0, 0
872051, 209369708, 0, 0
873049, 168509808, 0, 0
874022, 219303861, 0, 0
875057, 212593463, 0, 0
876003, 211501944, 0, 0
877051, 202678136, 0, 0
878012, 215117147, 0, 0
879050, 227245114, 0, 0
880037, 205540552, 0, 0
881000, 208429565, 0, 0
882027, 192625470, 0, 0
883030, 206534701, 0, 0
884036, 203387091, 0, 0
885007, 197493905, 0, 0
886028, 206470025, 0, 0
887056, 189931092, 0, 0
888018, 222049875, 0, 0
889009, 202941564, 0, 0
890025, 196933335, 0, 0
891033, 211831560, 0, 0
892003, 197124454, 0, 0
893058, 183657697, 0, 0
894015, 183608939, 0, 0
895018, 196568585, 0, 0
896023, 197486716, 0, 0
897043, 216769120, 0, 0
898012, 193299348, 0, 0
899012, 212308342, 0, 0
900057, 226898141, 0, 0
901025, 200383742, 0, 0
902049, 192154213, 0, 0
903005, 233975619, 0, 0
904026, 191673262, 0, 0
905046, 224244731, 0, 0
906007, 214384626, 0, 0
907029, 210956426, 0, 0
908060, 221088932, 0, 0
909004, 196597968, 0, 0
910005, 226291976, 0, 0
911036, 196351496, 0, 0
912013, 216538719, 0, 0
913025, 196090319, 0, 0
914037, 181463575, 0, 0
915045, 197102129, 0, 0
916051, 189822918, 0, 0
917055, 200170227, 0, 0
918045, 195780687, 0, 0
919009, 169245159, 0, 0
920018, 211898601, 0, 0
921009, 216516544, 0, 0
922050, 206941619, 0, 0
923027, 202392700, 0, 0
924009, 200960399, 0, 0
925049, 210582281, 0, 0
926037, 179103703, 0, 0
927023, 225161618, 0, 0
928048, 208706020, 0, 0
929011, 193057496, 0, 0
930014, 186866316, 0, 0
931034, 183270244, 0, 0
932049, 194810906, 0, 0
933033, 190518670, 0, 0
934028, 199740096, 0, 0
935005, 205501477, 0, 0
936051, 220336024, 0, 0
937047, 236047290, 0, 0
938010, 213814582, 0, 0
939042, 203093655, 0, 0
940020, 214986679, 0, 0
941033, 190705267, 0, 0
942047, 185303847, 0, 0
943046, 213924974, 0, 0
944003, 199094772, 0, 0
945043, 221268407, 0, 0
946038, 185064788, 0, 0
947042, 215696693, 0, 0
948024, 201781305, 0, 0
949000, 192578982, 0, 0
950027, 218018930, 0, 0
951049, 212418986, 0, 0
952018, 191419392, 0, 0
953005, 206346366, 0, 0
954019, 187182278, 0, 0
955002, 199916438, 0, 0
956045, 200577689, 0, 0
957042, 207886140, 0, 0
958033, 215770484, 0, 0
959027, 222879067, 0, 0
960020, 209946649, 0, 0
961016, 186261487, 0, 0
962040, 215373936, 0, 0
963053, 210854041, 0, 0
964062, 195121768, 0, 0
965009, 202666857, 0, 0
966051, 213971800, 0, 0
967033, 206361169, 0, 0
968047, 200840723, 0, 0
969017, 189959413, 0, 0
970012, 199585242, 0, 0
971028, 197552553, 0, 0
972004, 190805060, 0, 0
973020, 211881605, 0, 0
974029, 197167825, 0, 0
975013, 206114839, 0, 0
976044, 207985831, 0, 0
977020, 221538730, 0, 0
978057, 192023458, 0, 0
979039, 211376073, 0, 0
980031, 171598773, 0, 0
981008, 212928081, 0, 0
982013, 208087192, 0, 0
983055, 208793874, 0, 0
984026, 210362967, 0, 0
985015, 199302845, 0, 0
986026, 207016024, 0, 0
987041, 209424983, 0, 0
988009, 223140477, 0, 0
989046, 201508753, 0, 0
990014, 198437986, 0, 0
991054, 212020490, 0, 0
992039, 196758880, 0, 0
993007, 196525840, 0, 0
994033, 183155277, 0, 0
995004, 177343460, 0, 0
996006, 189846445, 0, 0
997047, 198900548, 0, 0
998048, 206065843, 0, 0
999010, 177182106, 0, 0
1000030, 207457150, 0, 0
1001045, 201397916, 0, 0
1002039, 187507104, 0, 0
1003029, 194016236, 0, 0
1004032, 275284461, 0, 0
1005024, 228380410, 0, 0
1006067, 202549347, 0, 0
1007009, 210288402, 0, 0
1008021, 205506076, 0, 0
1009036, 172964807, 0, 0
1010039, 180746175, 0, 0
1011016, 218271321, 0, 0
1012033, 189842485, 0, 0
1013057, 199809491, 0, 0
1014000, 191543243, 0, 0
1015045, 186851445, 0, 0
1016049, 208638693, 0, 0
1017034, 207520348, 0, 0
1018016, 225702016, 0, 0
1019051, 204468194, 0, 0
1020029, 205465594, 0, 0
1021044, 200651813, 0, 0
1022026, 193210542, 0, 0
1023026, 197458383, 0, 0
1024050, 205397407, 0, 0
1025047, 166877846, 0, 0
1026051, 219950059, 0, 0
1027043, 200207408, 0, 0
1028008, 198247363, 0, 0
1029058, 209783083, 0, 0
1030022, 199918104, 0, 0
1031005, 207396345, 0, 0
1032029, 199505624, 0, 0
1033027, 205244268, 0, 0
1034048, 207306060, 0, 0
1035009, 210457042, 0, 0
1036013, 209030905, 0, 0
1037016, 189332899, 0, 0
1038046, 201514413, 0, 0
1039006, 233367580, 0, 0
1040025, 180565276, 0, 0
1041021, 206348934, 0, 0
1042043, 228260446, 0, 0
1043052, 186913559, 0, 0
1044055, 216488986, 0, 0
1045035, 214905519, 0, 0
1046000, 232281355, 0, 0
1047037, 190940579, 0, 0
1048040, 196802071, 0, 0
1049018, 216575930, 0, 0
1050038, 209406297, 0, 0
1051050, 182023675, 0, 0
1052025, 197224976, 0, 0
1053057, 183950466, 0, 0
1054021, 181418356, 0, 0
1055045, 206180134, 0, 0
1056020, 197574762, 0, 0
1057024, 198011453, 0, 0
1058019, 187141091, 0, 0
1059008, 199537647, 0, 0
1060014, 182740803, 0, 0
1061061, 206639418, 0, 0
1062028, 200599578, 0, 0
1063010, 208328961, 0, 0
1064047, 187957074, 0, 0
1065015, 188005691, 0, 0
1066019, 197511340, 0, 0
1067032, 195509488, 0, 0
1068022, 205511358, 0, 0
1069000, 188340163, 0, 0
1070026, 198875430, 0, 0
1071049, 201416493, 0, 0
1072026, 242850486, 0, 0
1073035, 179309681, 0, 0
1074027, 196336487, 0, 0
1075010, 206631586, 0, 0
1076036, 206788511, 0, 0
1077046, 196137512, 0, 0
1078056, 197014910, 0, 0
1079027, 189639380, 0, 0
1080040, 194237590, 0, 0
1081039, 178704186, 0, 0
1082048, 181959164, 0, 0
1083034, 191916846, 0, 0
1084008, 206536962, 0, 0
1085048, 203938933, 0, 0
1086032, 197511111, 0, 0
1087037, 184813333, 0, 0
1088026, 164778474, 0, 0
1089044, 201887963, 0, 0
1090047, 202155799, 0, 0
1091020, 191052132, 0, 0
1092036, 193878240, 0, 0
1093028, 170638567, 0, 0
1094030, 187657324, 0, 0
1095035, 191732280, 0, 0
1096011, 200293958, 0, 0
1097054, 187221386, 0, 0
1098027, 219962693, 0, 0
1099037, 207107302, 0, 0
1100042, 188148003, 0, 0
1101023, 177500803, 0, 0
1102000, 206258741, 0, 0
1103049, 184743609, 0, 0
1104019, 177372979, 0, 0
1105051, 193464967, 0, 0
1106005, 187453269, 0, 0
1107026, 193452967, 0, 0
1108070, 187687467, 0, 0
1109036, 177458483, 0, 0
1110032, 190318295, 0, 0
1111035, 175224598, 0, 0
1112054, 184402049, 0, 0
1113035, 207430202, 0, 0
1114046, 206380062, 0, 0
1115052, 190636807, 0, 0
1116005, 203279876, 0, 0
1117055, 186250516, 0, 0
1118055, 189994355, 0, 0
1119010, 183274278, 0, 0
1120031, 186919340, 0, 0
1121051, 220307196, 0, 0
1122068, 170998167, 0, 0
1123000, 203551279, 0, 0
1124027, 171973831, 0, 0
1125028, 172509624, 0, 0
1126041, 174049476, 0, 0
1127005, 194321895, 0, 0
1128043, 204429585, 0, 0
1129042, 193826463, 0, 0
1130044, 212079889, 0, 0
1131024, 187167839, 0, 0
1132012, 202824068, 0, 0
1133053, 193478846, 0, 0
1134063, 214962435, 0, 0
1135015, 180410668, 0, 0
1136026, 169815783, 0, 0
1137045, 200921652, 0, 0
1138007, 200724424, 0, 0
1139042, 202631876, 0, 0
1140048, 192770262, 0, 0
1141014, 211413222, 0, 0
1142014, 210253470, 0, 0
1143032, 182114715, 0, 0
1144040, 171420910, 0, 0
1145011, 187993237, 0, 0
1146024, 205268197, 0, 0
1147036, 189401888, 0, 0
1148010, 188999158, 0, 0
1149054, 169829702, 0, 0
1150004, 215081726, 0, 0
1151038, 200665885, 0, 0
1152049, 172666413, 0, 0
1153040, 212414832, 0, 0
1154029, 179307898, 0, 0
1155041, 171258437, 0, 0
1156050, 201629267, 0, 0
1157017, 208387789, 0, 0
1158015, 188964146, 0, 0
1159039, 183675660, 0, 0
1160049, 188041973, 0, 0
1161024, 186575277, 0, 0
1162064, 175563480, 0, 0
1163052, 177248745, 0, 0
1164019, 215213411, 0, 0
1165013, 192257920, 0, 0
1166046, 202769134, 0, 0
1167039, 178689562, 0, 0
1168047, 188951745, 0, 0
1169022, 167741568, 0, 0
1170041, 190758695, 0, 0
1171053, 200264537, 0, 0
1172031, 207388337, 0, 0
1173048, 186452639, 0, 0
1174024, 205279583, 0, 0
1175035, 204219720, 0, 0
1176008, 192432543, 0, 0
1177031, 184266905, 0, 0
1178046, 199410159, 0, 0
1179025, 179095662, 0, 0
1180038, 171463049, 0, 0
1181025, 188864908, 0, 0
1182012, 182698616, 0, 0
1183045, 205183949, 0, 0
1184013, 200226561, 0, 0
1185029, 164915755, 0, 0
1186020, 201679840, 0, 0
1187046, 197611622, 0, 0
1188004, 157849041, 0, 0
1189034, 172634227, 0, 0
1190046, 182142949, 0, 0
1191008, 188527886, 0, 0
1192000, 179914795, 0, 0
1193000, 182156303, 0, 0
1194015, 175669156, 0, 0
1195032, 158742860, 0, 0
1196062, 186908974, 0, 0
1197011, 181337273, 0, 0
1198033, 178050709, 0, 0
1199025, 192780974, 0, 0
1200019, 179170950, 0, 0
1200118, 233263655, 0, 0
