999, 20, 0, 0
1999, 128, 0, 0
3000, 135, 0, 0
3999, 127, 0, 0
4999, 128, 0, 0
6000, 136, 0, 0
7000, 136, 0, 0
7999, 128, 0, 0
8999, 138, 0, 0
10000, 129, 0, 0
11000, 129, 0, 0
12000, 138, 0, 0
12999, 130, 0, 0
13999, 128, 0, 0
15000, 129, 0, 0
15999, 130, 0, 0
16999, 138, 0, 0
18000, 129, 0, 0
19000, 136, 0, 0
19999, 127, 0, 0
20999, 114, 0, 0
22000, 137, 0, 0
23000, 139, 0, 0
23999, 130, 0, 0
25000, 146, 0, 0
26000, 138, 0, 0
26999, 134, 0, 0
27999, 141, 0, 0
29000, 139, 0, 0
29999, 131, 0, 0
30999, 140, 0, 0
32000, 131, 0, 0
33000, 137, 0, 0
33999, 140, 0, 0
35000, 130, 0, 0
36000, 151, 0, 0
36999, 131, 0, 0
37999, 132, 0, 0
39000, 143, 0, 0
39999, 133, 0, 0
40999, 125, 0, 0
42000, 129, 0, 0
43000, 133, 0, 0
43999, 124, 0, 0
45000, 140, 0, 0
46000, 130, 0, 0
46999, 140, 0, 0
48000, 133, 0, 0
49000, 141, 0, 0
49999, 149, 0, 0
50999, 130, 0, 0
52000, 128, 0, 0
52999, 147, 0, 0
53999, 146, 0, 0
55000, 144, 0, 0
56000, 145, 0, 0
56999, 136, 0, 0
57999, 142, 0, 0
58999, 145, 0, 0
60000, 143, 0, 0
61000, 132, 0, 0
61999, 136, 0, 0
62999, 135, 0, 0
64000, 135, 0, 0
64999, 144, 0, 0
65999, 138, 0, 0
67000, 144, 0, 0
67999, 145, 0, 0
68999, 136, 0, 0
70000, 133, 0, 0
71000, 143, 0, 0
71999, 139, 0, 0
72999, 152, 0, 0
74000, 145, 0, 0
75000, 145, 0, 0
75999, 140, 0, 0
77000, 137, 0, 0
78000, 142, 0, 0
78999, 146, 0, 0
79999, 134, 0, 0
80999, 133, 0, 0
81999, 153, 0, 0
83000, 139, 0, 0
84000, 142, 0, 0
84999, 137, 0, 0
85999, 149, 0, 0
87000, 144, 0, 0
88000, 138, 0, 0
88999, 144, 0, 0
89999, 139, 0, 0
91000, 123, 0, 0
91999, 140, 0, 0
92999, 146, 0, 0
94000, 142, 0, 0
95000, 143, 0, 0
95999, 134, 0, 0
96999, 148, 0, 0
98000, 148, 0, 0
98999, 140, 0, 0
99999, 149, 0, 0
101000, 142, 0, 0
102000, 157, 0, 0
102999, 132, 0, 0
103999, 134, 0, 0
105000, 136, 0, 0
105999, 147, 0, 0
106999, 153, 0, 0
108000, 137, 0, 0
109000, 141, 0, 0
110000, 158, 0, 0
110999, 130, 0, 0
112000, 146, 0, 0
113000, 141, 0, 0
113999, 164, 0, 0
114999, 149, 0, 0
116000, 146, 0, 0
117000, 151, 0, 0
117999, 145, 0, 0
118999, 155, 0, 0
120000, 141, 0, 0
121000, 141, 0, 0
121999, 143, 0, 0
123000, 161, 0, 0
124000, 154, 0, 0
124999, 155, 0, 0
125999, 162, 0, 0
127000, 162, 0, 0
128000, 143, 0, 0
128999, 145, 0, 0
130000, 148, 0, 0
131000, 153, 0, 0
131999, 148, 0, 0
132999, 146, 0, 0
134000, 160, 0, 0
135000, 150, 0, 0
135999, 149, 0, 0
136999, 147, 0, 0
138000, 142, 0, 0
138999, 146, 0, 0
139999, 155, 0, 0
141000, 152, 0, 0
142000, 139, 0, 0
142999, 152, 0, 0
143999, 151, 0, 0
145000, 158, 0, 0
145999, 152, 0, 0
146999, 160, 0, 0
148000, 156, 0, 0
148999, 143, 0, 0
149999, 150, 0, 0
151000, 154, 0, 0
151999, 151, 0, 0
152999, 157, 0, 0
154000, 151, 0, 0
155000, 154, 0, 0
155999, 155, 0, 0
157000, 147, 0, 0
158000, 139, 0, 0
158999, 170, 0, 0
159999, 159, 0, 0
161000, 153, 0, 0
162000, 153, 0, 0
162999, 155, 0, 0
164000, 156, 0, 0
165000, 154, 0, 0
165999, 161, 0, 0
166999, 156, 0, 0
168000, 154, 0, 0
168999, 146, 0, 0
169999, 148, 0, 0
171000, 149, 0, 0
172000, 153, 0, 0
172999, 140, 0, 0
174000, 165, 0, 0
174999, 148, 0, 0
175999, 165, 0, 0
177000, 158, 0, 0
178000, 162, 0, 0
178999, 148, 0, 0
179999, 160, 0, 0
180999, 156, 0, 0
182000, 149, 0, 0
183000, 155, 0, 0
184000, 158, 0, 0
184999, 152, 0, 0
185999, 153, 0, 0
187000, 152, 0, 0
187999, 154, 0, 0
188999, 157, 0, 0
190000, 148, 0, 0
191000, 165, 0, 0
191999, 172, 0, 0
192999, 164, 0, 0
194000, 147, 0, 0
194999, 157, 0, 0
195999, 162, 0, 0
197000, 169, 0, 0
198000, 149, 0, 0
198999, 144, 0, 0
200000, 144, 0, 0
201000, 152, 0, 0
201999, 170, 0, 0
202999, 169, 0, 0
203999, 170, 0, 0
205000, 155, 0, 0
206000, 143, 0, 0
206999, 148, 0, 0
207999, 164, 0, 0
209000, 165, 0, 0
210000, 157, 0, 0
210999, 154, 0, 0
211999, 178, 0, 0
213000, 167, 0, 0
213999, 162, 0, 0
214999, 175, 0, 0
216000, 145, 0, 0
217000, 147, 0, 0
217999, 160, 0, 0
219000, 174, 0, 0
220000, 180, 0, 0
220999, 150, 0, 0
221999, 158, 0, 0
223000, 163, 0, 0
223999, 163, 0, 0
224999, 166, 0, 0
226000, 178, 0, 0
226999, 178, 0, 0
227999, 171, 0, 0
229000, 164, 0, 0
229999, 162, 0, 0
230999, 164, 0, 0
232000, 168, 0, 0
233000, 154, 0, 0
233999, 168, 0, 0
235000, 164, 0, 0
235999, 178, 0, 0
236999, 147, 0, 0
238000, 166, 0, 0
239000, 180, 0, 0
239999, 176, 0, 0
241000, 176, 0, 0
242000, 161, 0, 0
242999, 156, 0, 0
243999, 160, 0, 0
245000, 176, 0, 0
245999, 177, 0, 0
246999, 163, 0, 0
248000, 165, 0, 0
249000, 173, 0, 0
249999, 173, 0, 0
250999, 172, 0, 0
252000, 164, 0, 0
253000, 190, 0, 0
253999, 186, 0, 0
254999, 180, 0, 0
256000, 157, 0, 0
257000, 160, 0, 0
257999, 152, 0, 0
259000, 180, 0, 0
260000, 171, 0, 0
260999, 163, 0, 0
261999, 189, 0, 0
263000, 168, 0, 0
263999, 166, 0, 0
264999, 185, 0, 0
266000, 169, 0, 0
267000, 153, 0, 0
267999, 172, 0, 0
268999, 171, 0, 0
270000, 178, 0, 0
270999, 167, 0, 0
271999, 178, 0, 0
273000, 170, 0, 0
274000, 150, 0, 0
274999, 178, 0, 0
275999, 184, 0, 0
277000, 186, 0, 0
278000, 169, 0, 0
278999, 170, 0, 0
279999, 166, 0, 0
281000, 179, 0, 0
281999, 179, 0, 0
282999, 153, 0, 0
284000, 177, 0, 0
285000, 169, 0, 0
285999, 153, 0, 0
286999, 183, 0, 0
288000, 166, 0, 0
289000, 176, 0, 0
289999, 164, 0, 0
290999, 173, 0, 0
292000, 169, 0, 0
292999, 180, 0, 0
293999, 155, 0, 0
295000, 189, 0, 0
295999, 165, 0, 0
296999, 178, 0, 0
298000, 199, 0, 0
298999, 183, 0, 0
299999, 166, 0, 0
301000, 177, 0, 0
302000, 180, 0, 0
302999, 168, 0, 0
304000, 177, 0, 0
305000, 167, 0, 0
305999, 184, 0, 0
306999, 170, 0, 0
308000, 174, 0, 0
308999, 185, 0, 0
309999, 171, 0, 0
311000, 178, 0, 0
312000, 202, 0, 0
312999, 180, 0, 0
313999, 179, 0, 0
315000, 162, 0, 0
316000, 180, 0, 0
316999, 186, 0, 0
317999, 175, 0, 0
319000, 180, 0, 0
320000, 184, 0, 0
320999, 175, 0, 0
322000, 176, 0, 0
323000, 180, 0, 0
323999, 176, 0, 0
324999, 172, 0, 0
326000, 186, 0, 0
326999, 183, 0, 0
327999, 157, 0, 0
329000, 196, 0, 0
329999, 198, 0, 0
330999, 176, 0, 0
332000, 174, 0, 0
332999, 201, 0, 0
333999, 174, 0, 0
335000, 187, 0, 0
335999, 188, 0, 0
336999, 206, 0, 0
338000, 205, 0, 0
339000, 199, 0, 0
339999, 196, 0, 0
341000, 207, 0, 0
342000, 186, 0, 0
342999, 184, 0, 0
344000, 189, 0, 0
344999, 169, 0, 0
345999, 174, 0, 0
347000, 191, 0, 0
347999, 198, 0, 0
348999, 188, 0, 0
350000, 209, 0, 0
350999, 195, 0, 0
351999, 167, 0, 0
353000, 177, 0, 0
354000, 196, 0, 0
354999, 207, 0, 0
355999, 192, 0, 0
357000, 201, 0, 0
357999, 197, 0, 0
358999, 177, 0, 0
360000, 200, 0, 0
361000, 208, 0, 0
361999, 174, 0, 0
363000, 203, 0, 0
364000, 196, 0, 0
364999, 191, 0, 0
366000, 197, 0, 0
367000, 175, 0, 0
367999, 191, 0, 0
369000, 190, 0, 0
370000, 198, 0, 0
370999, 189, 0, 0
371999, 222, 0, 0
373000, 174, 0, 0
373999, 197, 0, 0
374999, 188, 0, 0
376000, 177, 0, 0
377000, 183, 0, 0
377999, 202, 0, 0
379000, 209, 0, 0
379999, 214, 0, 0
380999, 218, 0, 0
381999, 178, 0, 0
383000, 207, 0, 0
383999, 186, 0, 0
384999, 195, 0, 0
386000, 177, 0, 0
387000, 193, 0, 0
387999, 195, 0, 0
389000, 196, 0, 0
390000, 182, 0, 0
390999, 194, 0, 0
391999, 178, 0, 0
393000, 209, 0, 0
393999, 173, 0, 0
394999, 185, 0, 0
396000, 187, 0, 0
396999, 225, 0, 0
397999, 195, 0, 0
399000, 208, 0, 0
400000, 201, 0, 0
400999, 206, 0, 0
402000, 203, 0, 0
403000, 199, 0, 0
403999, 218, 0, 0
405000, 216, 0, 0
406000, 210, 0, 0
406999, 202, 0, 0
408000, 184, 0, 0
409000, 201, 0, 0
409999, 183, 0, 0
410999, 220, 0, 0
412000, 213, 0, 0
412999, 177, 0, 0
413999, 212, 0, 0
415000, 222, 0, 0
415999, 219, 0, 0
416999, 205, 0, 0
418000, 231, 0, 0
419000, 231, 0, 0
419999, 176, 0, 0
421000, 202, 0, 0
421999, 195, 0, 0
422999, 206, 0, 0
424000, 207, 0, 0
425000, 194, 0, 0
425999, 210, 0, 0
427000, 202, 0, 0
428000, 214, 0, 0
429000, 196, 0, 0
429999, 220, 0, 0
431000, 191, 0, 0
432000, 208, 0, 0
432999, 216, 0, 0
433999, 217, 0, 0
435000, 224, 0, 0
436000, 197, 0, 0
436999, 207, 0, 0
437999, 234, 0, 0
439000, 211, 0, 0
439999, 221, 0, 0
440999, 218, 0, 0
442000, 211, 0, 0
442999, 203, 0, 0
443999, 212, 0, 0
445000, 235, 0, 0
446000, 216, 0, 0
446999, 224, 0, 0
448000, 206, 0, 0
449000, 193, 0, 0
449999, 213, 0, 0
450999, 224, 0, 0
452000, 210, 0, 0
453000, 230, 0, 0
453999, 251, 0, 0
454999, 216, 0, 0
456000, 248, 0, 0
457000, 213, 0, 0
457999, 220, 0, 0
459000, 218, 0, 0
459999, 243, 0, 0
460999, 214, 0, 0
462000, 235, 0, 0
462999, 224, 0, 0
463999, 243, 0, 0
465000, 222, 0, 0
466000, 196, 0, 0
466999, 224, 0, 0
468000, 240, 0, 0
469000, 210, 0, 0
469999, 229, 0, 0
470999, 187, 0, 0
472000, 208, 0, 0
472999, 209, 0, 0
473999, 223, 0, 0
475000, 227, 0, 0
475999, 223, 0, 0
476999, 229, 0, 0
478000, 220, 0, 0
479000, 226, 0, 0
479999, 233, 0, 0
480999, 220, 0, 0
482000, 231, 0, 0
482999, 233, 0, 0
483999, 251, 0, 0
485000, 228, 0, 0
485999, 228, 0, 0
486999, 232, 0, 0
488000, 234, 0, 0
488999, 223, 0, 0
489999, 237, 0, 0
490999, 252, 0, 0
492000, 213, 0, 0
492999, 211, 0, 0
493999, 217, 0, 0
495000, 228, 0, 0
495999, 224, 0, 0
496999, 227, 0, 0
498000, 220, 0, 0
498999, 239, 0, 0
499999, 242, 0, 0
501000, 218, 0, 0
502000, 250, 0, 0
502999, 249, 0, 0
503999, 218, 0, 0
505000, 251, 0, 0
506000, 264, 0, 0
506999, 238, 0, 0
507999, 224, 0, 0
509000, 229, 0, 0
509999, 267, 0, 0
510999, 195, 0, 0
512000, 243, 0, 0
512999, 258, 0, 0
513999, 223, 0, 0
515000, 270, 0, 0
515999, 247, 0, 0
516999, 221, 0, 0
518000, 229, 0, 0
518999, 211, 0, 0
519999, 222, 0, 0
521000, 225, 0, 0
522000, 248, 0, 0
522999, 231, 0, 0
523999, 237, 0, 0
525000, 253, 0, 0
526000, 255, 0, 0
526999, 232, 0, 0
528000, 238, 0, 0
529000, 228, 0, 0
529999, 285, 0, 0
530999, 234, 0, 0
532000, 253, 0, 0
533000, 300, 0, 0
533999, 252, 0, 0
534999, 241, 0, 0
536000, 258, 0, 0
536999, 268, 0, 0
537999, 252, 0, 0
539000, 256, 0, 0
539999, 231, 0, 0
540999, 269, 0, 0
542000, 258, 0, 0
542999, 260, 0, 0
543999, 299, 0, 0
545000, 267, 0, 0
546000, 257, 0, 0
547000, 281, 0, 0
548000, 244, 0, 0
549000, 254, 0, 0
550000, 234, 0, 0
551001, 252, 0, 0
552000, 266, 0, 0
553000, 229, 0, 0
554000, 250, 0, 0
555000, 270, 0, 0
556000, 258, 0, 0
557000, 262, 0, 0
558000, 235, 0, 0
558999, 266, 0, 0
560000, 272, 0, 0
561000, 252, 0, 0
562000, 251, 0, 0
563000, 270, 0, 0
564000, 252, 0, 0
565000, 270, 0, 0
566000, 292, 0, 0
567000, 253, 0, 0
568000, 278, 0, 0
569000, 231, 0, 0
570000, 277, 0, 0
571000, 261, 0, 0
572000, 267, 0, 0
573000, 292, 0, 0
574000, 281, 0, 0
575000, 286, 0, 0
576000, 253, 0, 0
577000, 285, 0, 0
578000, 305, 0, 0
579000, 267, 0, 0
580000, 277, 0, 0
581000, 271, 0, 0
582000, 245, 0, 0
583000, 289, 0, 0
584000, 265, 0, 0
585000, 223, 0, 0
586000, 277, 0, 0
587000, 253, 0, 0
588000, 280, 0, 0
589000, 307, 0, 0
590000, 295, 0, 0
591000, 295, 0, 0
592000, 281, 0, 0
593000, 269, 0, 0
594000, 326, 0, 0
595000, 278, 0, 0
596000, 318, 0, 0
597000, 257, 0, 0
597999, 260, 0, 0
598999, 257, 0, 0
599998, 279, 0, 0
600999, 257, 0, 0
601999, 276, 0, 0
602998, 264, 0, 0
603998, 268, 0, 0
604998, 266, 0, 0
605998, 312, 0, 0
606998, 258, 0, 0
607997, 242, 0, 0
608997, 312, 0, 0
609997, 321, 0, 0
610997, 287, 0, 0
611997, 290, 0, 0
612996, 316, 0, 0
613996, 288, 0, 0
614996, 269, 0, 0
615996, 273, 0, 0
616996, 321, 0, 0
617995, 304, 0, 0
618996, 330, 0, 0
619995, 269, 0, 0
620995, 296, 0, 0
621995, 315, 0, 0
622994, 310, 0, 0
623995, 284, 0, 0
624994, 282, 0, 0
625994, 322, 0, 0
626993, 268, 0, 0
627993, 307, 0, 0
628994, 314, 0, 0
629993, 305, 0, 0
630993, 310, 0, 0
631992, 308, 0, 0
632992, 308, 0, 0
633993, 287, 0, 0
634992, 299, 0, 0
635992, 303, 0, 0
636992, 276, 0, 0
637992, 298, 0, 0
638992, 340, 0, 0
639991, 274, 0, 0
640991, 310, 0, 0
642000, 276, 0, 0
642991, 324, 0, 0
643991, 292, 0, 0
645000, 312, 0, 0
646000, 293, 0, 0
646999, 284, 0, 0
648000, 269, 0, 0
649000, 313, 0, 0
649999, 323, 0, 0
651000, 342, 0, 0
652000, 266, 0, 0
652999, 294, 0, 0
653999, 270, 0, 0
655000, 312, 0, 0
655999, 296, 0, 0
656999, 291, 0, 0
658000, 339, 0, 0
659000, 308, 0, 0
659999, 255, 0, 0
661000, 240, 0, 0
662000, 299, 0, 0
662999, 323, 0, 0
664000, 272, 0, 0
665000, 320, 0, 0
665999, 303, 0, 0
666999, 292, 0, 0
668000, 332, 0, 0
668999, 280, 0, 0
669999, 257, 0, 0
671000, 317, 0, 0
672000, 286, 0, 0
672999, 321, 0, 0
673999, 299, 0, 0
675000, 293, 0, 0
676000, 304, 0, 0
676999, 318, 0, 0
677999, 319, 0, 0
679000, 312, 0, 0
679999, 301, 0, 0
680999, 325, 0, 0
682000, 311, 0, 0
683000, 294, 0, 0
683999, 288, 0, 0
684999, 306, 0, 0
686000, 299, 0, 0
686999, 351, 0, 0
687999, 314, 0, 0
689000, 280, 0, 0
689999, 300, 0, 0
690999, 296, 0, 0
692000, 290, 0, 0
693000, 328, 0, 0
693999, 274, 0, 0
695000, 306, 0, 0
696000, 288, 0, 0
696999, 325, 0, 0
698000, 329, 0, 0
699000, 329, 0, 0
699999, 309, 0, 0
700999, 306, 0, 0
702000, 303, 0, 0
703000, 301, 0, 0
703999, 302, 0, 0
705000, 294, 0, 0
706000, 329, 0, 0
706999, 324, 0, 0
707999, 296, 0, 0
709000, 332, 0, 0
709999, 275, 0, 0
710999, 302, 0, 0
712000, 318, 0, 0
713000, 270, 0, 0
713999, 335, 0, 0
714999, 298, 0, 0
716000, 329, 0, 0
717000, 304, 0, 0
717999, 308, 0, 0
719000, 294, 0, 0
720000, 305, 0, 0
720999, 301, 0, 0
722000, 344, 0, 0
723000, 324, 0, 0
723999, 282, 0, 0
724999, 361, 0, 0
726000, 305, 0, 0
726999, 292, 0, 0
727999, 299, 0, 0
729000, 352, 0, 0
730000, 324, 0, 0
730999, 315, 0, 0
732000, 322, 0, 0
733000, 298, 0, 0
733999, 295, 0, 0
734999, 287, 0, 0
736000, 288, 0, 0
737000, 308, 0, 0
738000, 278, 0, 0
738999, 325, 0, 0
739999, 317, 0, 0
741000, 317, 0, 0
741999, 330, 0, 0
742999, 300, 0, 0
743999, 342, 0, 0
745000, 277, 0, 0
746000, 285, 0, 0
746999, 318, 0, 0
747999, 344, 0, 0
749000, 303, 0, 0
750000, 336, 0, 0
750999, 294, 0, 0
752000, 308, 0, 0
753000, 265, 0, 0
753999, 292, 0, 0
755000, 318, 0, 0
756000, 336, 0, 0
756999, 307, 0, 0
758000, 294, 0, 0
759000, 294, 0, 0
759999, 293, 0, 0
760999, 269, 0, 0
762000, 319, 0, 0
763000, 267, 0, 0
763999, 321, 0, 0
765000, 302, 0, 0
766000, 309, 0, 0
767000, 310, 0, 0
767999, 310, 0, 0
768999, 382, 0, 0
770000, 343, 0, 0
770999, 290, 0, 0
771999, 281, 0, 0
773000, 308, 0, 0
774000, 276, 0, 0
774999, 309, 0, 0
775999, 319, 0, 0
777000, 283, 0, 0
778000, 313, 0, 0
779000, 332, 0, 0
779999, 304, 0, 0
781000, 298, 0, 0
782000, 313, 0, 0
782999, 281, 0, 0
783999, 305, 0, 0
785000, 274, 0, 0
785999, 304, 0, 0
786999, 356, 0, 0
788000, 306, 0, 0
789000, 340, 0, 0
789999, 299, 0, 0
791000, 297, 0, 0
792000, 317, 0, 0
792999, 266, 0, 0
793999, 309, 0, 0
795000, 307, 0, 0
796000, 323, 0, 0
796999, 280, 0, 0
797999, 277, 0, 0
799000, 337, 0, 0
799999, 323, 0, 0
800999, 306, 0, 0
802000, 298, 0, 0
802999, 321, 0, 0
803999, 261, 0, 0
805000, 335, 0, 0
805999, 314, 0, 0
806999, 303, 0, 0
808000, 318, 0, 0
809000, 299, 0, 0
809999, 314, 0, 0
811000, 326, 0, 0
812000, 317, 0, 0
812999, 291, 0, 0
813999, 297, 0, 0
815000, 274, 0, 0
816000, 322, 0, 0
816999, 276, 0, 0
818000, 298, 0, 0
819000, 332, 0, 0
819999, 337, 0, 0
820999, 302, 0, 0
822000, 306, 0, 0
823000, 303, 0, 0
823999, 299, 0, 0
824999, 308, 0, 0
826000, 293, 0, 0
826999, 313, 0, 0
827999, 312, 0, 0
828999, 288, 0, 0
829999, 337, 0, 0
830999, 317, 0, 0
832000, 293, 0, 0
833000, 293, 0, 0
833999, 300, 0, 0
835000, 299, 0, 0
835999, 271, 0, 0
836999, 239, 0, 0
838000, 322, 0, 0
839000, 327, 0, 0
839999, 298, 0, 0
840999, 321, 0, 0
842000, 308, 0, 0
842999, 327, 0, 0
843999, 307, 0, 0
844999, 267, 0, 0
846000, 340, 0, 0
847000, 309, 0, 0
847999, 315, 0, 0
848999, 286, 0, 0
850000, 268, 0, 0
851000, 296, 0, 0
851999, 296, 0, 0
852999, 317, 0, 0
854000, 302, 0, 0
854999, 296, 0, 0
855999, 303, 0, 0
857000, 285, 0, 0
858000, 309, 0, 0
858999, 318, 0, 0
860000, 295, 0, 0
860999, 283, 0, 0
861999, 301, 0, 0
863000, 269, 0, 0
864000, 316, 0, 0
864999, 311, 0, 0
865999, 285, 0, 0
867000, 310, 0, 0
867999, 305, 0, 0
869000, 304, 0, 0
870000, 277, 0, 0
870999, 295, 0, 0
871999, 307, 0, 0
873000, 308, 0, 0
873999, 272, 0, 0
875000, 282, 0, 0
876000, 293, 0, 0
876999, 292, 0, 0
877999, 288, 0, 0
879000, 262, 0, 0
879999, 285, 0, 0
881000, 313, 0, 0
882000, 284, 0, 0
882999, 311, 0, 0
884000, 305, 0, 0
885000, 313, 0, 0
885999, 313, 0, 0
887000, 265, 0, 0
888000, 298, 0, 0
888999, 266, 0, 0
889999, 336, 0, 0
891000, 287, 0, 0
891999, 262, 0, 0
892999, 286, 0, 0
894000, 303, 0, 0
895000, 295, 0, 0
895999, 261, 0, 0
897000, 293, 0, 0
898000, 288, 0, 0
898999, 310, 0, 0
899999, 327, 0, 0
901000, 279, 0, 0
901999, 338, 0, 0
902999, 281, 0, 0
904000, 325, 0, 0
904999, 312, 0, 0
905999, 298, 0, 0
907000, 334, 0, 0
908000, 286, 0, 0
908999, 289, 0, 0
909999, 293, 0, 0
911000, 298, 0, 0
911999, 362, 0, 0
912999, 308, 0, 0
914000, 285, 0, 0
915000, 289, 0, 0
915999, 273, 0, 0
916999, 305, 0, 0
918000, 301, 0, 0
919000, 281, 0, 0
919999, 332, 0, 0
921000, 314, 0, 0
922000, 315, 0, 0
922999, 315, 0, 0
924000, 323, 0, 0
925000, 277, 0, 0
925999, 325, 0, 0
927000, 309, 0, 0
928000, 320, 0, 0
928999, 287, 0, 0
930000, 314, 0, 0
930999, 272, 0, 0
931999, 257, 0, 0
933000, 286, 0, 0
934000, 285, 0, 0
934999, 308, 0, 0
936000, 318, 0, 0
937000, 292, 0, 0
937999, 299, 0, 0
939000, 264, 0, 0
940000, 268, 0, 0
940999, 316, 0, 0
941999, 283, 0, 0
943000, 317, 0, 0
943999, 269, 0, 0
944999, 281, 0, 0
946000, 263, 0, 0
946999, 300, 0, 0
947999, 295, 0, 0
949000, 325, 0, 0
950000, 286, 0, 0
950999, 291, 0, 0
951999, 312, 0, 0
953000, 309, 0, 0
953999, 311, 0, 0
954999, 296, 0, 0
956000, 270, 0, 0
957000, 315, 0, 0
957999, 262, 0, 0
959000, 296, 0, 0
960000, 271, 0, 0
960999, 279, 0, 0
962000, 262, 0, 0
963000, 302, 0, 0
963999, 313, 0, 0
964999, 274, 0, 0
966000, 325, 0, 0
967000, 283, 0, 0
967999, 286, 0, 0
968999, 292, 0, 0
970000, 280, 0, 0
971000, 280, 0, 0
971999, 295, 0, 0
972999, 274, 0, 0
974000, 303, 0, 0
974999, 318, 0, 0
975999, 316, 0, 0
977000, 285, 0, 0
978000, 284, 0, 0
978999, 276, 0, 0
980000, 276, 0, 0
981000, 253, 0, 0
981999, 302, 0, 0
982999, 291, 0, 0
984000, 278, 0, 0
984999, 272, 0, 0
985999, 334, 0, 0
987000, 316, 0, 0
987999, 265, 0, 0
988999, 301, 0, 0
990000, 283, 0, 0
990999, 303, 0, 0
991999, 269, 0, 0
993000, 271, 0, 0
994000, 288, 0, 0
994999, 305, 0, 0
996000, 286, 0, 0
997000, 281, 0, 0
997999, 279, 0, 0
999000, 260, 0, 0
1000000, 264, 0, 0
1000999, 303, 0, 0
1001999, 269, 0, 0
1003000, 308, 0, 0
1004000, 262, 0, 0
1004999, 287, 0, 0
1005999, 294, 0, 0
1007000, 246, 0, 0
1008000, 275, 0, 0
1008999, 283, 0, 0
1009999, 274, 0, 0
1011000, 294, 0, 0
1011999, 297, 0, 0
1012999, 233, 0, 0
1014000, 275, 0, 0
1014999, 279, 0, 0
1015999, 279, 0, 0
1017000, 259, 0, 0
1018000, 247, 0, 0
1018999, 319, 0, 0
1020000, 278, 0, 0
1021000, 256, 0, 0
1021999, 249, 0, 0
1022999, 263, 0, 0
1024000, 296, 0, 0
1024999, 278, 0, 0
1026000, 246, 0, 0
1027000, 281, 0, 0
1027999, 242, 0, 0
1028999, 324, 0, 0
1030000, 251, 0, 0
1030999, 312, 0, 0
1031999, 277, 0, 0
1033000, 274, 0, 0
1033999, 275, 0, 0
1034999, 264, 0, 0
1036000, 297, 0, 0
1036999, 280, 0, 0
1037999, 292, 0, 0
1039000, 317, 0, 0
1039999, 254, 0, 0
1040999, 291, 0, 0
1042000, 294, 0, 0
1042999, 278, 0, 0
1043999, 277, 0, 0
1045000, 266, 0, 0
1045999, 280, 0, 0
1046999, 281, 0, 0
1048000, 327, 0, 0
1048999, 263, 0, 0
1049999, 245, 0, 0
1051000, 300, 0, 0
1051999, 261, 0, 0
1052999, 306, 0, 0
1054000, 256, 0, 0
1054999, 283, 0, 0
1055999, 236, 0, 0
1057000, 283, 0, 0
1058000, 225, 0, 0
1058999, 270, 0, 0
1060000, 269, 0, 0
1061000, 294, 0, 0
1061999, 257, 0, 0
1063000, 267, 0, 0
1064000, 284, 0, 0
1064999, 258, 0, 0
1065999, 236, 0, 0
1067000, 280, 0, 0
1067999, 272, 0, 0
1068999, 312, 0, 0
1070000, 264, 0, 0
1071000, 275, 0, 0
1071999, 258, 0, 0
1072999, 287, 0, 0
1074000, 264, 0, 0
1074999, 265, 0, 0
1075999, 306, 0, 0
1077000, 275, 0, 0
1077999, 285, 0, 0
1078999, 263, 0, 0
1080000, 294, 0, 0
1081000, 279, 0, 0
1081999, 241, 0, 0
1083000, 285, 0, 0
1084000, 275, 0, 0
1084999, 263, 0, 0
1085999, 271, 0, 0
1087000, 258, 0, 0
1088000, 295, 0, 0
1088999, 266, 0, 0
1089999, 262, 0, 0
1091000, 240, 0, 0
1092000, 258, 0, 0
1092999, 238, 0, 0
1094000, 275, 0, 0
1095000, 292, 0, 0
1095999, 277, 0, 0
1097000, 256, 0, 0
1098000, 281, 0, 0
1098999, 252, 0, 0
1099999, 271, 0, 0
1101000, 269, 0, 0
1101999, 292, 0, 0
1102999, 266, 0, 0
1104000, 278, 0, 0
1104999, 280, 0, 0
1105999, 229, 0, 0
1107000, 263, 0, 0
1108000, 253, 0, 0
1108999, 280, 0, 0
1110000, 255, 0, 0
1111000, 285, 0, 0
1111999, 264, 0, 0
1112999, 266, 0, 0
1114000, 276, 0, 0
1115000, 288, 0, 0
1115999, 212, 0, 0
1116999, 286, 0, 0
1118000, 282, 0, 0
1119000, 278, 0, 0
1119999, 212, 0, 0
1121000, 232, 0, 0
1122000, 278, 0, 0
1122999, 239, 0, 0
1124000, 242, 0, 0
1125000, 273, 0, 0
1125999, 259, 0, 0
1126999, 270, 0, 0
1128000, 268, 0, 0
1128999, 307, 0, 0
1129999, 217, 0, 0
1131000, 276, 0, 0
1132000, 267, 0, 0
1132999, 244, 0, 0
1133999, 284, 0, 0
1135000, 236, 0, 0
1135999, 263, 0, 0
1136999, 251, 0, 0
1138000, 264, 0, 0
1138999, 223, 0, 0
1139999, 259, 0, 0
1141000, 211, 0, 0
1141999, 276, 0, 0
1142999, 264, 0, 0
1144000, 250, 0, 0
1144999, 265, 0, 0
1145999, 277, 0, 0
1147000, 230, 0, 0
1148000, 201, 0, 0
1148999, 248, 0, 0
1150000, 230, 0, 0
1151000, 235, 0, 0
1151999, 257, 0, 0
1152999, 272, 0, 0
1154000, 257, 0, 0
1154999, 213, 0, 0
1155999, 273, 0, 0
1157000, 243, 0, 0
1157999, 240, 0, 0
1158999, 263, 0, 0
1160000, 195, 0, 0
1160999, 265, 0, 0
1162000, 267, 0, 0
1163000, 227, 0, 0
1163999, 246, 0, 0
1164999, 203, 0, 0
1166000, 223, 0, 0
1167000, 225, 0, 0
1167999, 252, 0, 0
1169000, 252, 0, 0
1170000, 244, 0, 0
1170999, 250, 0, 0
1172000, 210, 0, 0
1173000, 240, 0, 0
1173999, 270, 0, 0
1174999, 271, 0, 0
1176000, 256, 0, 0
1176999, 247, 0, 0
1177999, 209, 0, 0
1179000, 222, 0, 0
1180000, 229, 0, 0
1180999, 252, 0, 0
1182000, 258, 0, 0
1182999, 247, 0, 0
1183999, 255, 0, 0
1185000, 230, 0, 0
1186000, 236, 0, 0
1186999, 222, 0, 0
1188000, 250, 0, 0
1189000, 228, 0, 0
1189999, 246, 0, 0
1191000, 275, 0, 0
1192000, 224, 0, 0
1192999, 224, 0, 0
1193999, 222, 0, 0
1195000, 228, 0, 0
1195999, 245, 0, 0
1196999, 269, 0, 0
1198000, 280, 0, 0
1198999, 235, 0, 0
1199999, 218, 0, 0
