1065, 10641995, 0, 0
2046, 7661826, 0, 0
3000, 7940415, 0, 0
4032, 7934711, 0, 0
5061, 7966424, 0, 0
6040, 7584977, 0, 0
7051, 7367296, 0, 0
8039, 7652451, 0, 0
9050, 7379267, 0, 0
10052, 7814710, 0, 0
11045, 7578416, 0, 0
12050, 7325909, 0, 0
13041, 7617764, 0, 0
14009, 7494099, 0, 0
15009, 7571827, 0, 0
16054, 7673918, 0, 0
17055, 8205747, 0, 0
18051, 7772725, 0, 0
19055, 7161719, 0, 0
20053, 7556664, 0, 0
21001, 7828576, 0, 0
22027, 7320802, 0, 0
23013, 7088208, 0, 0
24043, 7299798, 0, 0
25071, 7898634, 0, 0
26041, 7402004, 0, 0
27014, 7840067, 0, 0
28029, 7293385, 0, 0
29027, 7611012, 0, 0
30053, 7428204, 0, 0
31017, 7349538, 0, 0
32036, 6979516, 0, 0
33041, 7217943, 0, 0
34045, 7432696, 0, 0
35012, 7322747, 0, 0
36021, 7145853, 0, 0
37042, 7283818, 0, 0
38006, 7411906, 0, 0
39047, 7427010, 0, 0
40033, 7351992, 0, 0
41003, 7572378, 0, 0
42053, 7339159, 0, 0
43022, 7167291, 0, 0
44051, 7289679, 0, 0
45022, 7300815, 0, 0
46050, 7277538, 0, 0
47003, 7622518, 0, 0
48038, 7550231, 0, 0
49039, 7189151, 0, 0
50048, 7203653, 0, 0
51057, 6854399, 0, 0
52041, 6928882, 0, 0
53031, 6869024, 0, 0
54036, 7547724, 0, 0
55058, 7187415, 0, 0
56023, 7247816, 0, 0
57039, 7099975, 0, 0
58005, 7541454, 0, 0
59023, 7649323, 0, 0
60048, 6823020, 0, 0
61031, 7501229, 0, 0
62007, 7443323, 0, 0
63051, 6905442, 0, 0
64030, 7300231, 0, 0
65008, 7186606, 0, 0
66023, 6538863, 0, 0
67018, 6908077, 0, 0
68053, 7229343, 0, 0
69031, 7239284, 0, 0
70061, 6950961, 0, 0
71038, 7229508, 0, 0
72049, 6825903, 0, 0
73012, 7461428, 0, 0
74039, 7542619, 0, 0
75038, 7679398, 0, 0
76054, 6858732, 0, 0
77062, 6669480, 0, 0
78032, 6682052, 0, 0
79027, 7153699, 0, 0
80035, 6892166, 0, 0
81035, 7349264, 0, 0
82035, 7190354, 0, 0
83016, 7260088, 0, 0
84000, 7281214, 0, 0
85017, 7582156, 0, 0
86023, 7129246, 0, 0
87025, 6950436, 0, 0
88037, 6693251, 0, 0
89037, 7185764, 0, 0
90031, 7250383, 0, 0
91049, 6828130, 0, 0
92051, 7358477, 0, 0
93031, 7098135, 0, 0
94042, 6962058, 0, 0
95014, 7410834, 0, 0
96049, 6805250, 0, 0
97010, 6957998, 0, 0
98010, 7238559, 0, 0
99048, 7008946, 0, 0
100019, 6646539, 0, 0
101015, 6374925, 0, 0
102046, 6775421, 0, 0
103030, 6976200, 0, 0
104042, 6785239, 0, 0
105054, 6784835, 0, 0
106020, 6943683, 0, 0
107029, 7354745, 0, 0
108057, 6668285, 0, 0
109022, 6654585, 0, 0
110060, 6822721, 0, 0
111040, 6891691, 0, 0
112045, 6313901, 0, 0
113022, 6640006, 0, 0
114028, 6931156, 0, 0
115005, 6639350, 0, 0
116002, 6967707, 0, 0
117015, 6655037, 0, 0
118046, 6606565, 0, 0
119044, 6390959, 0, 0
120012, 6486882, 0, 0
121028, 6998526, 0, 0
122058, 6641683, 0, 0
123049, 7066981, 0, 0
124048, 7081964, 0, 0
125016, 6954183, 0, 0
126043, 6535147, 0, 0
127040, 6872030, 0, 0
128038, 6974274, 0, 0
129009, 7131522, 0, 0
130059, 6594238, 0, 0
131056, 6426692, 0, 0
132028, 6605586, 0, 0
133037, 6677081, 0, 0
134001, 6417256, 0, 0
135036, 6941519, 0, 0
136049, 6533011, 0, 0
137006, 6726403, 0, 0
138008, 6031564, 0, 0
139046, 6781317, 0, 0
140034, 7098478, 0, 0
141053, 6971758, 0, 0
142050, 6728192, 0, 0
143006, 6828584, 0, 0
144049, 6590839, 0, 0
145013, 6691645, 0, 0
146039, 6783408, 0, 0
147005, 6187792, 0, 0
148031, 6446624, 0, 0
149030, 6354947, 0, 0
150060, 6597715, 0, 0
151044, 6599189, 0, 0
152019, 6578706, 0, 0
153019, 6016814, 0, 0
154056, 6771635, 0, 0
155019, 6975789, 0, 0
156023, 6822016, 0, 0
157005, 6860026, 0, 0
158038, 6372821, 0, 0
159035, 6868325, 0, 0
160018, 6769222, 0, 0
161009, 6739138, 0, 0
162044, 6894767, 0, 0
163041, 6773154, 0, 0
164009, 6669938, 0, 0
165026, 6233249, 0, 0
166047, 6496336, 0, 0
167033, 6155978, 0, 0
168028, 6137236, 0, 0
169014, 6231401, 0, 0
170027, 6790706, 0, 0
171002, 6582120, 0, 0
172064, 6469863, 0, 0
173021, 6877910, 0, 0
174058, 6475731, 0, 0
175021, 6680597, 0, 0
176034, 6486150, 0, 0
177035, 6289011, 0, 0
178051, 6462024, 0, 0
179021, 6423464, 0, 0
180011, 6724533, 0, 0
181002, 6191073, 0, 0
182011, 6714231, 0, 0
183053, 6309625, 0, 0
184057, 6228573, 0, 0
185028, 6380895, 0, 0
186049, 6112012, 0, 0
187048, 7505030, 0, 0
188049, 6244802, 0, 0
189050, 6370803, 0, 0
190029, 6390468, 0, 0
191023, 6287443, 0, 0
192000, 6502782, 0, 0
193015, 6458083, 0, 0
194036, 6458909, 0, 0
195039, 6382293, 0, 0
196046, 6170592, 0, 0
197016, 6375789, 0, 0
198022, 6280071, 0, 0
199051, 6049274, 0, 0
200033, 6205544, 0, 0
201010, 6340422, 0, 0
202002, 6005679, 0, 0
203026, 6309670, 0, 0
204012, 6571678, 0, 0
205010, 5863634, 0, 0
206021, 7109945, 0, 0
207053, 6329153, 0, 0
208054, 6288778, 0, 0
209013, 6058331, 0, 0
210058, 6105942, 0, 0
211048, 6303175, 0, 0
212017, 5936751, 0, 0
213048, 6091887, 0, 0
214018, 5985217, 0, 0
215056, 6060195, 0, 0
216012, 6326097, 0, 0
217004, 6519451, 0, 0
218007, 5926885, 0, 0
219039, 6029823, 0, 0
220009, 6133350, 0, 0
221030, 6107683, 0, 0
222056, 6175082, 0, 0
223025, 5976100, 0, 0
224008, 6251762, 0, 0
225029, 5794436, 0, 0
226017, 6131440, 0, 0
227053, 6428457, 0, 0
228053, 6018953, 0, 0
229037, 6380423, 0, 0
230003, 6305074, 0, 0
231038, 5909433, 0, 0
232012, 5931678, 0, 0
233057, 6407533, 0, 0
234057, 5225814, 0, 0
235020, 6132889, 0, 0
236047, 5543149, 0, 0
237029, 5944671, 0, 0
238006, 6683450, 0, 0
239007, 6288894, 0, 0
240027, 5394029, 0, 0
241023, 6103664, 0, 0
242033, 6114701, 0, 0
243017, 5955872, 0, 0
244032, 6071751, 0, 0
245034, 5991730, 0, 0
246049, 6036842, 0, 0
247036, 5977483, 0, 0
248041, 5974370, 0, 0
249046, 6010689, 0, 0
250036, 5818318, 0, 0
251044, 5920947, 0, 0
252008, 5732024, 0, 0
253010, 6416048, 0, 0
254044, 6078600, 0, 0
255025, 6044889, 0, 0
256012, 6014800, 0, 0
257009, 5892594, 0, 0
258014, 5974235, 0, 0
259032, 6317824, 0, 0
260050, 5947523, 0, 0
261038, 6246269, 0, 0
262011, 6110738, 0, 0
263023, 5437738, 0, 0
264005, 5838848, 0, 0
265011, 5579468, 0, 0
266011, 5645136, 0, 0
267033, 6147692, 0, 0
268049, 6040171, 0, 0
269037, 6496986, 0, 0
270007, 5801169, 0, 0
271044, 5724130, 0, 0
272008, 6212664, 0, 0
273011, 6185002, 0, 0
274055, 6773838, 0, 0
275036, 5600485, 0, 0
276030, 5871051, 0, 0
277048, 5556877, 0, 0
278041, 6086958, 0, 0
279016, 6011445, 0, 0
280026, 5281631, 0, 0
281044, 6277246, 0, 0
282008, 5942823, 0, 0
283003, 5615657, 0, 0
284011, 5885813, 0, 0
285004, 6363088, 0, 0
286043, 5637583, 0, 0
287034, 5965914, 0, 0
288042, 5717984, 0, 0
289038, 5788617, 0, 0
290054, 5543300, 0, 0
291034, 5468460, 0, 0
292051, 6196089, 0, 0
293009, 5799626, 0, 0
294037, 5671236, 0, 0
295061, 5413960, 0, 0
296026, 5505562, 0, 0
297000, 6006561, 0, 0
298003, 5534079, 0, 0
299051, 6049008, 0, 0
300004, 5471253, 0, 0
301020, 5546338, 0, 0
302001, 5505247, 0, 0
303023, 5551517, 0, 0
304000, 5949252, 0, 0
305056, 5762551, 0, 0
306049, 5700686, 0, 0
307009, 5296950, 0, 0
308021, 5082086, 0, 0
309011, 5257534, 0, 0
310004, 5477615, 0, 0
311027, 5083319, 0, 0
312027, 5371279, 0, 0
313051, 5501348, 0, 0
314057, 5229596, 0, 0
315020, 5528298, 0, 0
316006, 5502149, 0, 0
317050, 5670590, 0, 0
318019, 5657956, 0, 0
319033, 5167620, 0, 0
320007, 5346762, 0, 0
321036, 5410521, 0, 0
322025, 5171386, 0, 0
323048, 5494202, 0, 0
324059, 5073990, 0, 0
325052, 5699026, 0, 0
326014, 4878090, 0, 0
327046, 5599199, 0, 0
328047, 5024816, 0, 0
329021, 5526506, 0, 0
330033, 5525054, 0, 0
331043, 5255035, 0, 0
332029, 6657128, 0, 0
333078, 7128197, 0, 0
334021, 5412944, 0, 0
335060, 5012489, 0, 0
336013, 5601426, 0, 0
337040, 5456606, 0, 0
338014, 5064239, 0, 0
339060, 5907297, 0, 0
340056, 5180340, 0, 0
341031, 5043414, 0, 0
342051, 5659746, 0, 0
343018, 5365474, 0, 0
344046, 5376859, 0, 0
345018, 5191258, 0, 0
346065, 5623741, 0, 0
347062, 5413981, 0, 0
348052, 5616620, 0, 0
349043, 5158335, 0, 0
350046, 5272252, 0, 0
351022, 5076812, 0, 0
352008, 5263980, 0, 0
353050, 5395603, 0, 0
354042, 5157789, 0, 0
355017, 4994313, 0, 0
356051, 5214525, 0, 0
357048, 5471584, 0, 0
358002, 5044527, 0, 0
359018, 5426383, 0, 0
360004, 4685846, 0, 0
361048, 5350330, 0, 0
362053, 4919660, 0, 0
363032, 5040765, 0, 0
364031, 5117681, 0, 0
365011, 5286950, 0, 0
366056, 4902517, 0, 0
367013, 5335990, 0, 0
368014, 5714412, 0, 0
369044, 5069585, 0, 0
370037, 5165110, 0, 0
371036, 5167989, 0, 0
372051, 5543655, 0, 0
373062, 5368721, 0, 0
374031, 5406752, 0, 0
375011, 5629173, 0, 0
376020, 5089463, 0, 0
377016, 5260245, 0, 0
378015, 5392110, 0, 0
379034, 5064293, 0, 0
380004, 5153948, 0, 0
381028, 4407871, 0, 0
382034, 5709974, 0, 0
383046, 4977997, 0, 0
384055, 4916592, 0, 0
385046, 4973653, 0, 0
386003, 5337957, 0, 0
387031, 5403485, 0, 0
388048, 4577978, 0, 0
389012, 5066462, 0, 0
390044, 5177929, 0, 0
391046, 4977776, 0, 0
392000, 4888055, 0, 0
393035, 4877213, 0, 0
394037, 4832641, 0, 0
395006, 4418143, 0, 0
396035, 4609675, 0, 0
397054, 4708409, 0, 0
398054, 5520456, 0, 0
399031, 4928105, 0, 0
400046, 4547601, 0, 0
401054, 5211636, 0, 0
402031, 4858195, 0, 0
403024, 5271850, 0, 0
404002, 4984290, 0, 0
405046, 4826861, 0, 0
406001, 4815145, 0, 0
407013, 4982298, 0, 0
408019, 4584716, 0, 0
409032, 4457283, 0, 0
410011, 4966194, 0, 0
411028, 4263175, 0, 0
412020, 5034081, 0, 0
413037, 4742446, 0, 0
414038, 4588229, 0, 0
415037, 4989911, 0, 0
416052, 4918836, 0, 0
417012, 4994981, 0, 0
418055, 5659721, 0, 0
419001, 4585943, 0, 0
420009, 4841942, 0, 0
421010, 5204695, 0, 0
422008, 4863104, 0, 0
423012, 4706057, 0, 0
424046, 5014433, 0, 0
425018, 4807770, 0, 0
426038, 4991320, 0, 0
427053, 5253253, 0, 0
428052, 4774856, 0, 0
429057, 4045254, 0, 0
430022, 4586890, 0, 0
431014, 4742874, 0, 0
432034, 4427897, 0, 0
433022, 4698876, 0, 0
434017, 5428571, 0, 0
435005, 4567825, 0, 0
436011, 4588250, 0, 0
437066, 4520965, 0, 0
438007, 4744897, 0, 0
439055, 4610590, 0, 0
440044, 4532360, 0, 0
441011, 4368139, 0, 0
442020, 4579404, 0, 0
443035, 4653581, 0, 0
444010, 4505754, 0, 0
445019, 4268793, 0, 0
446043, 4243853, 0, 0
447015, 3897892, 0, 0
448062, 4730770, 0, 0
449022, 4357967, 0, 0
450053, 4416002, 0, 0
451046, 5037896, 0, 0
452051, 4323602, 0, 0
453041, 4684126, 0, 0
454051, 4049729, 0, 0
455044, 4790927, 0, 0
456039, 4850665, 0, 0
457047, 4862022, 0, 0
458051, 4687184, 0, 0
459047, 5075173, 0, 0
460028, 4334036, 0, 0
461019, 4434756, 0, 0
462044, 4358503, 0, 0
463021, 4316347, 0, 0
464056, 4305299, 0, 0
465025, 4699268, 0, 0
466053, 4312125, 0, 0
467020, 4512696, 0, 0
468053, 5080362, 0, 0
469064, 4526921, 0, 0
470021, 4756372, 0, 0
471035, 4019492, 0, 0
472002, 4269691, 0, 0
473032, 4131916, 0, 0
474027, 4777390, 0, 0
475044, 4285746, 0, 0
476010, 4000988, 0, 0
477022, 4317234, 0, 0
478011, 4614569, 0, 0
479033, 4478494, 0, 0
480028, 4869581, 0, 0
481058, 5068991, 0, 0
482069, 4971672, 0, 0
483022, 4447429, 0, 0
484041, 4503016, 0, 0
485036, 4644664, 0, 0
486039, 4410705, 0, 0
487053, 4346880, 0, 0
488016, 4039682, 0, 0
489003, 4716453, 0, 0
490026, 4704526, 0, 0
491033, 4120271, 0, 0
492006, 4561345, 0, 0
493017, 4491443, 0, 0
494006, 4029639, 0, 0
495019, 4495633, 0, 0
496001, 4832168, 0, 0
497033, 4222562, 0, 0
498031, 4528338, 0, 0
499031, 4194131, 0, 0
500065, 4165767, 0, 0
501027, 4615135, 0, 0
502001, 4159515, 0, 0
503011, 4016821, 0, 0
504017, 4066378, 0, 0
505001, 3961342, 0, 0
506027, 4454649, 0, 0
507000, 4096489, 0, 0
508007, 4573086, 0, 0
509016, 4160928, 0, 0
510024, 3948902, 0, 0
511026, 4098161, 0, 0
512012, 4265802, 0, 0
513001, 4064061, 0, 0
514054, 3766860, 0, 0
515005, 3890891, 0, 0
516037, 4173579, 0, 0
517033, 3766567, 0, 0
518027, 3688573, 0, 0
519013, 4226845, 0, 0
520023, 4202770, 0, 0
521040, 3858587, 0, 0
522040, 4110918, 0, 0
523016, 4078245, 0, 0
524021, 4479165, 0, 0
525059, 4144928, 0, 0
526015, 4187103, 0, 0
527055, 4399104, 0, 0
528038, 4074065, 0, 0
529013, 4250149, 0, 0
530004, 4071151, 0, 0
531016, 4077057, 0, 0
532016, 4178515, 0, 0
533045, 3790063, 0, 0
534021, 3803582, 0, 0
535039, 4017253, 0, 0
536030, 4107705, 0, 0
537068, 3925870, 0, 0
538058, 4224615, 0, 0
539003, 3932437, 0, 0
540023, 4192238, 0, 0
541004, 4096415, 0, 0
542043, 4084864, 0, 0
543036, 4293442, 0, 0
544043, 3466682, 0, 0
545026, 3988737, 0, 0
546035, 3873911, 0, 0
547051, 3871939, 0, 0
548057, 3893729, 0, 0
549049, 3752838, 0, 0
550026, 3421981, 0, 0
551041, 4019076, 0, 0
552049, 4341142, 0, 0
553041, 3913794, 0, 0
554033, 3822772, 0, 0
555041, 3827514, 0, 0
556061, 3688861, 0, 0
557051, 3746212, 0, 0
558053, 3745018, 0, 0
559028, 4290731, 0, 0
560039, 3766618, 0, 0
561049, 3846854, 0, 0
562010, 4084561, 0, 0
563045, 3410032, 0, 0
564008, 3830236, 0, 0
565053, 3881129, 0, 0
566016, 3432676, 0, 0
567019, 3324287, 0, 0
568013, 3819925, 0, 0
569031, 3722343, 0, 0
570039, 3632979, 0, 0
571011, 4008572, 0, 0
572054, 3704457, 0, 0
573030, 3622810, 0, 0
574006, 3519192, 0, 0
575031, 3875064, 0, 0
576020, 3756535, 0, 0
577048, 3886541, 0, 0
578012, 3849441, 0, 0
579054, 3986633, 0, 0
580043, 3997170, 0, 0
581029, 4263942, 0, 0
582016, 3716044, 0, 0
583020, 3932180, 0, 0
584049, 3120810, 0, 0
585036, 4231717, 0, 0
586015, 3393811, 0, 0
587017, 3065255, 0, 0
588049, 3966074, 0, 0
589009, 3458994, 0, 0
590027, 3591012, 0, 0
591054, 3838558, 0, 0
592039, 3564244, 0, 0
593011, 4010718, 0, 0
594030, 3544929, 0, 0
595041, 4258044, 0, 0
596041, 4074303, 0, 0
597021, 3572679, 0, 0
598034, 3414291, 0, 0
599037, 3974836, 0, 0
600018, 3782752, 0, 0
601043, 3409107, 0, 0
602002, 3862409, 0, 0
603049, 3381243, 0, 0
604018, 3392860, 0, 0
605050, 3858843, 0, 0
606035, 3346243, 0, 0
607028, 3669945, 0, 0
608005, 3653050, 0, 0
609055, 3295571, 0, 0
610039, 3651525, 0, 0
611011, 3516213, 0, 0
612029, 3591974, 0, 0
613007, 3602836, 0, 0
614057, 3494944, 0, 0
615024, 3317590, 0, 0
616008, 3068772, 0, 0
617003, 3482938, 0, 0
618018, 3659651, 0, 0
619032, 3679337, 0, 0
620022, 3861429, 0, 0
621052, 3584530, 0, 0
622023, 3714232, 0, 0
623033, 3939101, 0, 0
624005, 3607905, 0, 0
625029, 3430364, 0, 0
626021, 3289156, 0, 0
627043, 3541899, 0, 0
628000, 3193327, 0, 0
629038, 3364159, 0, 0
630056, 3355088, 0, 0
631002, 3115333, 0, 0
632040, 3537425, 0, 0
633060, 3241514, 0, 0
634010, 3131697, 0, 0
635051, 3157732, 0, 0
636012, 3413140, 0, 0
637028, 3128306, 0, 0
638052, 3079740, 0, 0
639008, 3268065, 0, 0
640040, 2960135, 0, 0
641050, 3273635, 0, 0
642035, 2798835, 0, 0
643051, 3812470, 0, 0
644023, 3478113, 0, 0
645030, 3244476, 0, 0
646002, 3833905, 0, 0
647047, 3230938, 0, 0
648019, 2887476, 0, 0
649057, 3019755, 0, 0
650045, 3597550, 0, 0
651007, 3200378, 0, 0
652045, 3011530, 0, 0
653027, 2970497, 0, 0
654016, 3345792, 0, 0
655034, 3540470, 0, 0
656000, 3258198, 0, 0
657047, 3393530, 0, 0
658009, 2630751, 0, 0
659040, 2999909, 0, 0
660018, 3138616, 0, 0
661023, 3046351, 0, 0
662028, 3312762, 0, 0
663013, 4060289, 0, 0
664001, 3130866, 0, 0
665026, 3290739, 0, 0
666002, 3453410, 0, 0
667051, 3293613, 0, 0
668005, 2986686, 0, 0
669057, 3735674, 0, 0
670056, 3260419, 0, 0
671018, 3199784, 0, 0
672018, 3360266, 0, 0
673042, 3328465, 0, 0
674042, 3670850, 0, 0
675042, 3250978, 0, 0
676062, 3573189, 0, 0
677017, 2941827, 0, 0
678005, 3277949, 0, 0
679054, 3172556, 0, 0
680040, 3055407, 0, 0
681016, 2968692, 0, 0
682014, 3215282, 0, 0
683062, 3228387, 0, 0
684047, 3652492, 0, 0
685045, 3124448, 0, 0
686035, 3478678, 0, 0
687039, 3151739, 0, 0
688027, 3310679, 0, 0
689013, 3257158, 0, 0
690005, 3725967, 0, 0
691051, 2759003, 0, 0
692042, 3083349, 0, 0
693026, 2904292, 0, 0
694052, 3003037, 0, 0
695025, 3081812, 0, 0
696029, 3075853, 0, 0
697003, 3251492, 0, 0
698000, 3396632, 0, 0
699038, 3218031, 0, 0
700027, 2997609, 0, 0
701052, 3323674, 0, 0
702023, 3576836, 0, 0
703016, 3503420, 0, 0
704058, 3688047, 0, 0
705011, 3409832, 0, 0
706058, 3118810, 0, 0
707035, 3410480, 0, 0
708040, 3390321, 0, 0
709035, 3044373, 0, 0
710000, 3286287, 0, 0
711029, 3379271, 0, 0
712012, 3446332, 0, 0
713029, 2816599, 0, 0
714049, 3067137, 0, 0
715017, 3126621, 0, 0
716009, 3266768, 0, 0
717027, 3434548, 0, 0
718043, 3046278, 0, 0
719011, 3056417, 0, 0
720051, 3212034, 0, 0
721046, 3333832, 0, 0
722041, 3036249, 0, 0
723001, 2958021, 0, 0
724019, 3277833, 0, 0
725042, 3556964, 0, 0
726014, 3132142, 0, 0
727026, 3245878, 0, 0
728041, 3541505, 0, 0
729007, 3092999, 0, 0
730031, 3338021, 0, 0
731018, 3362848, 0, 0
732003, 3005405, 0, 0
733018, 3674291, 0, 0
734003, 3412736, 0, 0
735053, 3579107, 0, 0
736049, 3281501, 0, 0
737018, 2886406, 0, 0
738029, 2985120, 0, 0
739003, 2874957, 0, 0
740032, 3011461, 0, 0
741006, 3144511, 0, 0
742029, 2995100, 0, 0
743009, 3008834, 0, 0
744022, 3382842, 0, 0
745005, 3361421, 0, 0
746031, 3073061, 0, 0
747040, 3100415, 0, 0
748004, 3483774, 0, 0
749049, 3189363, 0, 0
750041, 3324909, 0, 0
751029, 3255234, 0, 0
752037, 3058461, 0, 0
753028, 3531265, 0, 0
754032, 3364055, 0, 0
755061, 2992265, 0, 0
756029, 2857843, 0, 0
757030, 3286468, 0, 0
758016, 3115882, 0, 0
759032, 3149252, 0, 0
760016, 3386711, 0, 0
761059, 3286130, 0, 0
762055, 3500938, 0, 0
763043, 3307819, 0, 0
764023, 3084320, 0, 0
765018, 3029229, 0, 0
766008, 3699528, 0, 0
767044, 3303702, 0, 0
768040, 3188072, 0, 0
769007, 3249059, 0, 0
770017, 3119642, 0, 0
771005, 2866260, 0, 0
772008, 3462363, 0, 0
773029, 3225097, 0, 0
774020, 3692076, 0, 0
775015, 3343872, 0, 0
776017, 3059153, 0, 0
777041, 3405142, 0, 0
778048, 2856565, 0, 0
779025, 3520103, 0, 0
780002, 3045145, 0, 0
781019, 3224729, 0, 0
782051, 3246693, 0, 0
783019, 3253445, 0, 0
784041, 2964627, 0, 0
785048, 3131935, 0, 0
786006, 2738152, 0, 0
787065, 3804121, 0, 0
788008, 2912525, 0, 0
789047, 3326509, 0, 0
790043, 3822464, 0, 0
791003, 2996299, 0, 0
792023, 3703258, 0, 0
793016, 3196424, 0, 0
794023, 3362122, 0, 0
795019, 3523857, 0, 0
796026, 3351664, 0, 0
797050, 3465846, 0, 0
798009, 3048723, 0, 0
799016, 2980054, 0, 0
800041, 3128893, 0, 0
801001, 3151542, 0, 0
802020, 3811901, 0, 0
803001, 3262036, 0, 0
804010, 2963106, 0, 0
805048, 3309622, 0, 0
806014, 3042785, 0, 0
807026, 3145635, 0, 0
808034, 3125227, 0, 0
809043, 2908619, 0, 0
810014, 3057405, 0, 0
811020, 3078249, 0, 0
812037, 3266324, 0, 0
813029, 2719499, 0, 0
814045, 2571081, 0, 0
815056, 3068083, 0, 0
816013, 3112267, 0, 0
817044, 2904107, 0, 0
818012, 3191456, 0, 0
819024, 3517827, 0, 0
820037, 3210778, 0, 0
821013, 3203058, 0, 0
822003, 3445229, 0, 0
823054, 2920910, 0, 0
824012, 3157255, 0, 0
825012, 3206586, 0, 0
826039, 3360715, 0, 0
827037, 3775992, 0, 0
828001, 3316993, 0, 0
829044, 3088690, 0, 0
830002, 2941942, 0, 0
831061, 3019994, 0, 0
832039, 2764071, 0, 0
833060, 3376852, 0, 0
834006, 3335796, 0, 0
835056, 3304989, 0, 0
836038, 3083096, 0, 0
837056, 3108123, 0, 0
838007, 2856561, 0, 0
839006, 2731385, 0, 0
840005, 3427541, 0, 0
841058, 3082719, 0, 0
842046, 3111968, 0, 0
843054, 3201921, 0, 0
844017, 3460679, 0, 0
845054, 3089109, 0, 0
846021, 3216126, 0, 0
847001, 3067761, 0, 0
848007, 3117718, 0, 0
849027, 3010557, 0, 0
850013, 3056875, 0, 0
851045, 3057363, 0, 0
852055, 3240201, 0, 0
853031, 2646957, 0, 0
854046, 3224583, 0, 0
855013, 3499875, 0, 0
856026, 3249759, 0, 0
857014, 3242830, 0, 0
858024, 2652203, 0, 0
859023, 3270521, 0, 0
860057, 2990873, 0, 0
861043, 3113669, 0, 0
862029, 2811199, 0, 0
863046, 3154235, 0, 0
864004, 2930661, 0, 0
865036, 3436251, 0, 0
866022, 3616628, 0, 0
867035, 2898372, 0, 0
868015, 3073744, 0, 0
869050, 2854662, 0, 0
870031, 3411489, 0, 0
871040, 3137462, 0, 0
872064, 3022790, 0, 0
873040, 3112299, 0, 0
874019, 2950715, 0, 0
875008, 2937276, 0, 0
876002, 3016433, 0, 0
877005, 2953508, 0, 0
878027, 3126861, 0, 0
879016, 3800343, 0, 0
880033, 3038646, 0, 0
881060, 3415011, 0, 0
882053, 3058255, 0, 0
883035, 2997181, 0, 0
884028, 3362371, 0, 0
885025, 3566630, 0, 0
886029, 3055668, 0, 0
887040, 3298258, 0, 0
888021, 3198112, 0, 0
889034, 3159244, 0, 0
890048, 3194687, 0, 0
891048, 3107831, 0, 0
892026, 3657277, 0, 0
893054, 3761006, 0, 0
894031, 2815457, 0, 0
895025, 3275036, 0, 0
896057, 3530285, 0, 0
897008, 3152321, 0, 0
898037, 3066613, 0, 0
899029, 2912435, 0, 0
900036, 3294574, 0, 0
901053, 3093489, 0, 0
902004, 2751887, 0, 0
903043, 3626080, 0, 0
904049, 2804768, 0, 0
905050, 2612581, 0, 0
906014, 3134835, 0, 0
907025, 3275944, 0, 0
908026, 3445633, 0, 0
909007, 3098547, 0, 0
910043, 3162920, 0, 0
911058, 3204112, 0, 0
912022, 2806552, 0, 0
913040, 3466753, 0, 0
914012, 3289548, 0, 0
915005, 3228720, 0, 0
916009, 3726898, 0, 0
917060, 3381942, 0, 0
918000, 2671635, 0, 0
919029, 3013004, 0, 0
920013, 3038929, 0, 0
921041, 2857221, 0, 0
922025, 3546840, 0, 0
923048, 2908311, 0, 0
924041, 3303465, 0, 0
925047, 3499316, 0, 0
926008, 3415800, 0, 0
927014, 3534419, 0, 0
928031, 3103819, 0, 0
929018, 3431962, 0, 0
930038, 3093743, 0, 0
931050, 3099766, 0, 0
932055, 3225185, 0, 0
933044, 3427634, 0, 0
934036, 3301926, 0, 0
935033, 2909393, 0, 0
936023, 3553230, 0, 0
937035, 3289445, 0, 0
938004, 3236060, 0, 0
939041, 3088358, 0, 0
940048, 3017410, 0, 0
941036, 3298298, 0, 0
942000, 3260610, 0, 0
943050, 3531591, 0, 0
944010, 3259319, 0, 0
945022, 3456771, 0, 0
946036, 3078039, 0, 0
947047, 3514245, 0, 0
948047, 3053639, 0, 0
949013, 3012602, 0, 0
950035, 2937357, 0, 0
951018, 2795877, 0, 0
952041, 3428452, 0, 0
953003, 2749626, 0, 0
954031, 3137323, 0, 0
955047, 3217642, 0, 0
956000, 3191683, 0, 0
957020, 3013209, 0, 0
958001, 3187822, 0, 0
959012, 2890115, 0, 0
960048, 3447743, 0, 0
961026, 2993000, 0, 0
962040, 4328181, 0, 0
963053, 3522477, 0, 0
964033, 3038841, 0, 0
965027, 3316729, 0, 0
966017, 3219801, 0, 0
967031, 3284323, 0, 0
968009, 2914374, 0, 0
969017, 3276449, 0, 0
970036, 3198759, 0, 0
971011, 3159672, 0, 0
972034, 3004086, 0, 0
973026, 2953387, 0, 0
974043, 3122817, 0, 0
975006, 3043198, 0, 0
976041, 3268511, 0, 0
977020, 3181114, 0, 0
978029, 3290927, 0, 0
979014, 3278650, 0, 0
980021, 2989235, 0, 0
981050, 3230140, 0, 0
982050, 2979376, 0, 0
983057, 3577927, 0, 0
984038, 3002851, 0, 0
985000, 2900873, 0, 0
986001, 3044175, 0, 0
987010, 3585940, 0, 0
988005, 3213848, 0, 0
989048, 3060607, 0, 0
990007, 3069185, 0, 0
991057, 3128091, 0, 0
992038, 3167624, 0, 0
993019, 2804138, 0, 0
994040, 3106565, 0, 0
995017, 3086720, 0, 0
996016, 2840298, 0, 0
997045, 3093754, 0, 0
998012, 3100754, 0, 0
999042, 3155697, 0, 0
1000012, 3258563, 0, 0
1001067, 3172554, 0, 0
1002036, 3528706, 0, 0
1003050, 2900705, 0, 0
1004033, 3334569, 0, 0
1005035, 3067135, 0, 0
1006018, 3386109, 0, 0
1007027, 3033192, 0, 0
1008050, 2850269, 0, 0
1009042, 2544266, 0, 0
1010001, 2981487, 0, 0
1011052, 2834290, 0, 0
1012018, 2692494, 0, 0
1013005, 3199671, 0, 0
1014030, 3033737, 0, 0
1015032, 2958148, 0, 0
1016052, 2842645, 0, 0
1017045, 2906158, 0, 0
1018044, 3217395, 0, 0
1019009, 2936347, 0, 0
1020033, 2869102, 0, 0
1021005, 3440773, 0, 0
1022029, 3203325, 0, 0
1023002, 3216236, 0, 0
1024028, 3181865, 0, 0
1025052, 2807072, 0, 0
1026036, 2888056, 0, 0
1027046, 2953467, 0, 0
1028005, 2909992, 0, 0
1029028, 3159249, 0, 0
1030049, 3236500, 0, 0
1031016, 2771529, 0, 0
1032003, 2745349, 0, 0
1033037, 2929269, 0, 0
1034034, 2772863, 0, 0
1035003, 3129206, 0, 0
1036071, 2826429, 0, 0
1037054, 3025998, 0, 0
1038026, 3417939, 0, 0
1039031, 2591772, 0, 0
1040023, 3345251, 0, 0
1041022, 2678653, 0, 0
1042000, 3010797, 0, 0
1043011, 3247442, 0, 0
1044014, 3069160, 0, 0
1045010, 2792376, 0, 0
1046062, 3161826, 0, 0
1047053, 3023295, 0, 0
1048058, 2967198, 0, 0
1049015, 3100657, 0, 0
1050048, 2904630, 0, 0
1051063, 3322458, 0, 0
1052016, 3160836, 0, 0
1053016, 3136530, 0, 0
1054051, 3055542, 0, 0
1055047, 2923087, 0, 0
1056031, 3399909, 0, 0
1057033, 3301492, 0, 0
1058023, 2931749, 0, 0
1059005, 3041417, 0, 0
1060042, 3117659, 0, 0
1061010, 2894430, 0, 0
1062015, 2799222, 0, 0
1063032, 2726948, 0, 0
1064025, 3179015, 0, 0
1065041, 3100766, 0, 0
1066008, 3133897, 0, 0
1067031, 3208900, 0, 0
1068003, 2985399, 0, 0
1069019, 2769418, 0, 0
1070010, 2926089, 0, 0
1071018, 3030899, 0, 0
1072007, 3426937, 0, 0
1073051, 2822685, 0, 0
1074027, 3583167, 0, 0
1075022, 3342637, 0, 0
1076050, 2826807, 0, 0
1077063, 3414640, 0, 0
1078032, 3256072, 0, 0
1079024, 2744351, 0, 0
1080013, 2754425, 0, 0
1081031, 2665391, 0, 0
1082036, 2742161, 0, 0
1083044, 3143540, 0, 0
1084036, 3081348, 0, 0
1085017, 2410214, 0, 0
1086012, 3163905, 0, 0
1087033, 2995719, 0, 0
1088000, 2959861, 0, 0
1089026, 2745241, 0, 0
1090053, 3185385, 0, 0
1091056, 2724715, 0, 0
1092000, 2999535, 0, 0
1093055, 2968055, 0, 0
1094038, 2699844, 0, 0
1095000, 2992667, 0, 0
1096040, 3252998, 0, 0
1097027, 2536929, 0, 0
1098009, 2901462, 0, 0
1099044, 3300608, 0, 0
1100039, 3223927, 0, 0
1101051, 2942625, 0, 0
1102017, 2958350, 0, 0
1103024, 3122054, 0, 0
1104011, 2813923, 0, 0
1105045, 3069766, 0, 0
1106009, 2978884, 0, 0
1107006, 2891643, 0, 0
1108030, 2839462, 0, 0
1109024, 3013959, 0, 0
1110004, 2693576, 0, 0
1111042, 3150516, 0, 0
1112050, 2786472, 0, 0
1113018, 2848274, 0, 0
1114014, 2916042, 0, 0
1115003, 3140514, 0, 0
1116038, 3123164, 0, 0
1117029, 3190262, 0, 0
1118005, 2727318, 0, 0
1119031, 2959638, 0, 0
1120043, 3068588, 0, 0
1121031, 2971273, 0, 0
1122048, 2841200, 0, 0
1123001, 2747656, 0, 0
1124044, 2762910, 0, 0
1125023, 2873685, 0, 0
1126019, 2751273, 0, 0
1127051, 3120415, 0, 0
1128032, 2697472, 0, 0
1129040, 2552454, 0, 0
1130044, 3397191, 0, 0
1131009, 2515001, 0, 0
1132033, 3060759, 0, 0
1133011, 3400089, 0, 0
1134020, 2790026, 0, 0
1135049, 2796367, 0, 0
1136007, 2562522, 0, 0
1137012, 2856644, 0, 0
1138007, 2640726, 0, 0
1139060, 2936814, 0, 0
1140025, 2567056, 0, 0
1141034, 2594692, 0, 0
1142000, 2963236, 0, 0
1143058, 2687288, 0, 0
1144025, 2997097, 0, 0
1145033, 2784934, 0, 0
1146030, 2719676, 0, 0
1147027, 3099299, 0, 0
1148023, 3040292, 0, 0
1149024, 2838737, 0, 0
1150029, 2732887, 0, 0
1151008, 2652382, 0, 0
1152043, 2994956, 0, 0
1153020, 2613345, 0, 0
1154002, 2472498, 0, 0
1155033, 2612548, 0, 0
1156051, 2819981, 0, 0
1157022, 2974074, 0, 0
1158052, 2955169, 0, 0
1159039, 2764069, 0, 0
1160010, 3077915, 0, 0
1161053, 2873791, 0, 0
1162053, 2533363, 0, 0
1163006, 2880492, 0, 0
1164010, 2723834, 0, 0
1165041, 2698491, 0, 0
1166023, 2722573, 0, 0
1167038, 2708538, 0, 0
1168015, 2655068, 0, 0
1169023, 3106565, 0, 0
1170038, 3069758, 0, 0
1171033, 2719995, 0, 0
1172031, 3035281, 0, 0
1173010, 2640680, 0, 0
1174052, 2774267, 0, 0
1175014, 2564975, 0, 0
1176039, 2602694, 0, 0
1177000, 3154006, 0, 0
1178000, 2828577, 0, 0
1179019, 2879723, 0, 0
1180050, 2638720, 0, 0
1181031, 2947786, 0, 0
1182023, 2499525, 0, 0
1183022, 2589275, 0, 0
1184057, 2752761, 0, 0
1185008, 2674673, 0, 0
1186031, 2797130, 0, 0
1187010, 2888392, 0, 0
1188043, 2794339, 0, 0
1189061, 2768623, 0, 0
1190013, 2650903, 0, 0
1191005, 2626463, 0, 0
1192021, 2711721, 0, 0
1193056, 2716990, 0, 0
1194015, 2710746, 0, 0
1195019, 2715026, 0, 0
1196006, 2750870, 0, 0
1197035, 2745158, 0, 0
1198010, 2520021, 0, 0
1199061, 2528018, 0, 0
1200029, 2580983, 0, 0
