1051, 710030860, 0, 0
2030, 484770911, 0, 0
3041, 511222523, 0, 0
4060, 489335790, 0, 0
5028, 501263913, 0, 0
6009, 503028429, 0, 0
7024, 470616634, 0, 0
8010, 483263409, 0, 0
9023, 480881089, 0, 0
10024, 490181387, 0, 0
11018, 483180184, 0, 0
12018, 481418696, 0, 0
13014, 491024328, 0, 0
14038, 474290933, 0, 0
15040, 488952224, 0, 0
16020, 494112895, 0, 0
17014, 506798706, 0, 0
18019, 515008522, 0, 0
19021, 469819944, 0, 0
20022, 485208840, 0, 0
21031, 503189106, 0, 0
22057, 474463355, 0, 0
23044, 464791038, 0, 0
24014, 451255865, 0, 0
25012, 479354309, 0, 0
26057, 456136095, 0, 0
27028, 515474916, 0, 0
28044, 470253292, 0, 0
29042, 482898619, 0, 0
30007, 472557805, 0, 0
31032, 476211220, 0, 0
32050, 462934354, 0, 0
33010, 432833209, 0, 0
34016, 497778949, 0, 0
35038, 452352918, 0, 0
36050, 459977396, 0, 0
37009, 481345973, 0, 0
38035, 472111591, 0, 0
39020, 474258490, 0, 0
40005, 479625102, 0, 0
41033, 480780916, 0, 0
42010, 479345861, 0, 0
43038, 466308375, 0, 0
44008, 475370721, 0, 0
45035, 473242321, 0, 0
46002, 461855222, 0, 0
47020, 489961287, 0, 0
48055, 474639153, 0, 0
49053, 477641595, 0, 0
50003, 459409107, 0, 0
51009, 466344149, 0, 0
52026, 477820582, 0, 0
53015, 441211836, 0, 0
54019, 476617983, 0, 0
55042, 466342496, 0, 0
56009, 459199182, 0, 0
57021, 450262253, 0, 0
58050, 496491848, 0, 0
59010, 476903573, 0, 0
60033, 460163080, 0, 0
61015, 475829505, 0, 0
62058, 461975080, 0, 0
63035, 464425162, 0, 0
64013, 462781182, 0, 0
65054, 471395863, 0, 0
66054, 447473848, 0, 0
67056, 469327809, 0, 0
68021, 448861284, 0, 0
69060, 477434221, 0, 0
70023, 443757198, 0, 0
71006, 458615877, 0, 0
72021, 455148386, 0, 0
73066, 486236045, 0, 0
74068, 484751684, 0, 0
75011, 472377166, 0, 0
76026, 467629936, 0, 0
77035, 442886168, 0, 0
78004, 461083659, 0, 0
79067, 445419340, 0, 0
80006, 451581711, 0, 0
81006, 447128781, 0, 0
82003, 462921491, 0, 0
83045, 473114616, 0, 0
84030, 465374816, 0, 0
85045, 456457843, 0, 0
86054, 458026944, 0, 0
87053, 423585322, 0, 0
88010, 404946352, 0, 0
89009, 438178543, 0, 0
90060, 440593416, 0, 0
91021, 472228746, 0, 0
92022, 461652418, 0, 0
93000, 440338345, 0, 0
94013, 441395486, 0, 0
95046, 464724274, 0, 0
96018, 424862020, 0, 0
97041, 442039415, 0, 0
98051, 463529759, 0, 0
99014, 427776705, 0, 0
100044, 450697166, 0, 0
101041, 450187754, 0, 0
102018, 414151929, 0, 0
103004, 445365046, 0, 0
104017, 420991245, 0, 0
105025, 428498153, 0, 0
106050, 444448776, 0, 0
107057, 440437886, 0, 0
108027, 457708097, 0, 0
109053, 431787476, 0, 0
110016, 464120088, 0, 0
111002, 427554566, 0, 0
112018, 430375369, 0, 0
113052, 427830710, 0, 0
114061, 441765749, 0, 0
115036, 429232806, 0, 0
116036, 416648667, 0, 0
117046, 423369451, 0, 0
118017, 445649585, 0, 0
119015, 439059796, 0, 0
120043, 446230032, 0, 0
121057, 453839959, 0, 0
122027, 446797113, 0, 0
123019, 449915711, 0, 0
124007, 438348924, 0, 0
125048, 453818129, 0, 0
126060, 412022648, 0, 0
127054, 464874632, 0, 0
128055, 434469957, 0, 0
129025, 470895549, 0, 0
130008, 443170456, 0, 0
131012, 429135519, 0, 0
132042, 430599365, 0, 0
133053, 399942740, 0, 0
134014, 405938765, 0, 0
135050, 430848862, 0, 0
136004, 419328157, 0, 0
137022, 422510962, 0, 0
138021, 413695128, 0, 0
139065, 432070563, 0, 0
140051, 469813431, 0, 0
141010, 409754840, 0, 0
142004, 421188240, 0, 0
143022, 473704030, 0, 0
144001, 435284837, 0, 0
145028, 411101988, 0, 0
146054, 425993863, 0, 0
147020, 434529936, 0, 0
148046, 405945275, 0, 0
149043, 422308900, 0, 0
150012, 441078070, 0, 0
151056, 420606004, 0, 0
152033, 422941384, 0, 0
153033, 411946670, 0, 0
154011, 433050382, 0, 0
155039, 445332063, 0, 0
156040, 432861870, 0, 0
157020, 427388499, 0, 0
158057, 408713937, 0, 0
159049, 435123391, 0, 0
160037, 394592235, 0, 0
161025, 415508152, 0, 0
162060, 425116636, 0, 0
163054, 423383114, 0, 0
164028, 409605302, 0, 0
165041, 437245574, 0, 0
166000, 424291178, 0, 0
167017, 431300359, 0, 0
168014, 396109583, 0, 0
169000, 385403569, 0, 0
170013, 417491430, 0, 0
171051, 417585614, 0, 0
172047, 461344710, 0, 0
173006, 441860079, 0, 0
174040, 433922257, 0, 0
175007, 414087913, 0, 0
176020, 429992786, 0, 0
177019, 413222335, 0, 0
178027, 368760192, 0, 0
179005, 418501940, 0, 0
180054, 402650464, 0, 0
181053, 420273957, 0, 0
182045, 410271471, 0, 0
183039, 437217233, 0, 0
184041, 388155803, 0, 0
185015, 413564753, 0, 0
186032, 407361493, 0, 0
187034, 456853019, 0, 0
188034, 446746431, 0, 0
189036, 402323089, 0, 0
190013, 383242484, 0, 0
191008, 441395342, 0, 0
192041, 412284190, 0, 0
193063, 409794924, 0, 0
194022, 398792306, 0, 0
195025, 414100532, 0, 0
196031, 385831559, 0, 0
197000, 403878521, 0, 0
198009, 412558849, 0, 0
199035, 392039651, 0, 0
200019, 409852696, 0, 0
201055, 386753071, 0, 0
202051, 391086585, 0, 0
203010, 417013997, 0, 0
204065, 415938109, 0, 0
205058, 427930559, 0, 0
206034, 391209204, 0, 0
207010, 425016506, 0, 0
208007, 427979818, 0, 0
209054, 414624100, 0, 0
210032, 376635500, 0, 0
211036, 431374441, 0, 0
212005, 415091123, 0, 0
213033, 393473026, 0, 0
214001, 415888545, 0, 0
215038, 397548101, 0, 0
216054, 394537831, 0, 0
217035, 389272292, 0, 0
218037, 382772809, 0, 0
219009, 373355043, 0, 0
220036, 393237659, 0, 0
221000, 378025821, 0, 0
222017, 385184328, 0, 0
223059, 412716603, 0, 0
224037, 370074215, 0, 0
225066, 382751135, 0, 0
226045, 384180272, 0, 0
227026, 417158698, 0, 0
228023, 391703800, 0, 0
229003, 408662482, 0, 0
230032, 416256892, 0, 0
231006, 407528901, 0, 0
232044, 405194104, 0, 0
233026, 416977070, 0, 0
234025, 363639911, 0, 0
235055, 366201194, 0, 0
236019, 368446433, 0, 0
237063, 395717834, 0, 0
238036, 404662679, 0, 0
239032, 399126898, 0, 0
240057, 369303565, 0, 0
241062, 401221041, 0, 0
242003, 404898509, 0, 0
243047, 396693950, 0, 0
244003, 410174131, 0, 0
245001, 404933540, 0, 0
246019, 371878136, 0, 0
247008, 375391185, 0, 0
248007, 378453631, 0, 0
249016, 384624045, 0, 0
250023, 391679306, 0, 0
251029, 388597723, 0, 0
252056, 377441254, 0, 0
253059, 404983513, 0, 0
254030, 391707242, 0, 0
255010, 368582590, 0, 0
256054, 389896516, 0, 0
257050, 348093812, 0, 0
258061, 393823838, 0, 0
259018, 397856382, 0, 0
260036, 389828474, 0, 0
261021, 391731113, 0, 0
262058, 372937379, 0, 0
263008, 382588124, 0, 0
264052, 380483066, 0, 0
265058, 381180846, 0, 0
266052, 371389799, 0, 0
267019, 367980759, 0, 0
268032, 388104424, 0, 0
269021, 385553566, 0, 0
270056, 364700080, 0, 0
271029, 381249048, 0, 0
272058, 374191750, 0, 0
273056, 408038817, 0, 0
274040, 371143130, 0, 0
275018, 363081057, 0, 0
276013, 364814697, 0, 0
277034, 386626571, 0, 0
278026, 371674768, 0, 0
279004, 362502577, 0, 0
280012, 339129031, 0, 0
281027, 351985406, 0, 0
282054, 360707428, 0, 0
283048, 368075473, 0, 0
284061, 356094353, 0, 0
285044, 361745145, 0, 0
286027, 351750328, 0, 0
287019, 375122241, 0, 0
288028, 338620447, 0, 0
289026, 393821456, 0, 0
290040, 349730281, 0, 0
291020, 356703746, 0, 0
292004, 408863630, 0, 0
293025, 391755441, 0, 0
294049, 347072665, 0, 0
295016, 349022371, 0, 0
296044, 354415702, 0, 0
297013, 395265628, 0, 0
298017, 396132863, 0, 0
299009, 374679757, 0, 0
300019, 341149922, 0, 0
301037, 349620232, 0, 0
302014, 366250217, 0, 0
303037, 336814687, 0, 0
304014, 375519928, 0, 0
305012, 367353111, 0, 0
306005, 365021234, 0, 0
307022, 372675603, 0, 0
308035, 338956413, 0, 0
309023, 363086305, 0, 0
310019, 341162399, 0, 0
311041, 350201647, 0, 0
312053, 359939132, 0, 0
313007, 363917488, 0, 0
314010, 383428130, 0, 0
315034, 333985888, 0, 0
316020, 365169630, 0, 0
317010, 346428326, 0, 0
318034, 380547172, 0, 0
319048, 367252552, 0, 0
320023, 369024941, 0, 0
321050, 334600937, 0, 0
322042, 340435890, 0, 0
323062, 344971463, 0, 0
324000, 329206032, 0, 0
325005, 349419770, 0, 0
326029, 357317996, 0, 0
327063, 338660778, 0, 0
328008, 326018994, 0, 0
329035, 325946038, 0, 0
330048, 337264498, 0, 0
331000, 330841637, 0, 0
332052, 425325114, 0, 0
333092, 456405135, 0, 0
334038, 386185713, 0, 0
335015, 342879684, 0, 0
336028, 353773525, 0, 0
337056, 314413768, 0, 0
338031, 338203047, 0, 0
339011, 356211294, 0, 0
340011, 338415019, 0, 0
341047, 343823511, 0, 0
342003, 371506861, 0, 0
343030, 368365505, 0, 0
344007, 349638231, 0, 0
345032, 339518321, 0, 0
346015, 333250440, 0, 0
347079, 329041849, 0, 0
348001, 364165892, 0, 0
349058, 334151660, 0, 0
350063, 338077225, 0, 0
351036, 335857486, 0, 0
352022, 329872428, 0, 0
353009, 307492723, 0, 0
354055, 340507847, 0, 0
355031, 338234258, 0, 0
356003, 344806979, 0, 0
357003, 348607434, 0, 0
358016, 349492353, 0, 0
359034, 337929958, 0, 0
360021, 325988952, 0, 0
361018, 332743306, 0, 0
362022, 336289014, 0, 0
363005, 321357696, 0, 0
364003, 307967418, 0, 0
365039, 332944834, 0, 0
366026, 347912034, 0, 0
367040, 321911163, 0, 0
368046, 332216239, 0, 0
369017, 325226793, 0, 0
370005, 297943799, 0, 0
371008, 345608137, 0, 0
372018, 320347067, 0, 0
373028, 344921459, 0, 0
374004, 321072085, 0, 0
375041, 336863031, 0, 0
376051, 329798242, 0, 0
377045, 346789373, 0, 0
378047, 324478245, 0, 0
379005, 345136004, 0, 0
380033, 317120702, 0, 0
381066, 309061237, 0, 0
382004, 326037191, 0, 0
383020, 329916365, 0, 0
384023, 355236061, 0, 0
385015, 320950797, 0, 0
386032, 292600839, 0, 0
387005, 345734442, 0, 0
388020, 322289554, 0, 0
389039, 333901473, 0, 0
390016, 341963277, 0, 0
391020, 340605977, 0, 0
392029, 312082978, 0, 0
393008, 312661618, 0, 0
394067, 309532711, 0, 0
395037, 349862708, 0, 0
396004, 314576726, 0, 0
397024, 277222656, 0, 0
398023, 349584415, 0, 0
399004, 320817555, 0, 0
400016, 303605928, 0, 0
401028, 313221936, 0, 0
402001, 294268473, 0, 0
403056, 312583295, 0, 0
404032, 312502335, 0, 0
405013, 328780494, 0, 0
406031, 297887508, 0, 0
407043, 336617658, 0, 0
408051, 307847440, 0, 0
409002, 283509473, 0, 0
410045, 294148844, 0, 0
411066, 301287169, 0, 0
412047, 335908294, 0, 0
413006, 293027329, 0, 0
414007, 311830799, 0, 0
415009, 322646377, 0, 0
416024, 277318385, 0, 0
417044, 311844475, 0, 0
418042, 348092833, 0, 0
419049, 270760848, 0, 0
420050, 302610954, 0, 0
421050, 297835388, 0, 0
422051, 334054483, 0, 0
423061, 282746332, 0, 0
424031, 314724637, 0, 0
425001, 295976387, 0, 0
426023, 291554175, 0, 0
427035, 315338053, 0, 0
428039, 319034099, 0, 0
429040, 287608984, 0, 0
430005, 284492414, 0, 0
431063, 294769968, 0, 0
432017, 301944307, 0, 0
433005, 321613778, 0, 0
434003, 308056159, 0, 0
435055, 292742752, 0, 0
436052, 273590823, 0, 0
437046, 303304986, 0, 0
438051, 313918102, 0, 0
439037, 293668377, 0, 0
440025, 307420310, 0, 0
441053, 285348264, 0, 0
442005, 315603810, 0, 0
443020, 295714536, 0, 0
444055, 296908252, 0, 0
445004, 307762323, 0, 0
446028, 275794764, 0, 0
447002, 274587330, 0, 0
448047, 284360619, 0, 0
449007, 289492750, 0, 0
450042, 322236172, 0, 0
451031, 313151151, 0, 0
452034, 286863693, 0, 0
453025, 310394271, 0, 0
454037, 269398382, 0, 0
455029, 289147470, 0, 0
456023, 317321795, 0, 0
457032, 311500496, 0, 0
458035, 284734818, 0, 0
459004, 293305494, 0, 0
460048, 295050460, 0, 0
461035, 275014559, 0, 0
462001, 292217125, 0, 0
463037, 342860185, 0, 0
464009, 305590264, 0, 0
465041, 289007587, 0, 0
466011, 292057724, 0, 0
467034, 265933913, 0, 0
468012, 264912202, 0, 0
469011, 291479770, 0, 0
470036, 297836142, 0, 0
471052, 256818497, 0, 0
472011, 267445882, 0, 0
473044, 302698996, 0, 0
474044, 298023805, 0, 0
475061, 255707356, 0, 0
476024, 264440442, 0, 0
477034, 272028057, 0, 0
478026, 275134938, 0, 0
479046, 266249300, 0, 0
480041, 282576308, 0, 0
481012, 265737144, 0, 0
482008, 295051940, 0, 0
483039, 283430368, 0, 0
484002, 271248012, 0, 0
485049, 298562714, 0, 0
486054, 279635684, 0, 0
487011, 271276104, 0, 0
488029, 268448770, 0, 0
489018, 288133643, 0, 0
490044, 299612861, 0, 0
491047, 266282872, 0, 0
492018, 253248049, 0, 0
493035, 266696925, 0, 0
494020, 290862360, 0, 0
495033, 264644528, 0, 0
496017, 264695049, 0, 0
497046, 291292690, 0, 0
498045, 262168623, 0, 0
499046, 245313102, 0, 0
500014, 255768437, 0, 0
501060, 298373615, 0, 0
502049, 267321168, 0, 0
503053, 258958365, 0, 0
504003, 267904727, 0, 0
505048, 266283002, 0, 0
506012, 270654356, 0, 0
507042, 257178777, 0, 0
508052, 247079041, 0, 0
509000, 272482164, 0, 0
510010, 311037337, 0, 0
511008, 256963826, 0, 0
512056, 250305514, 0, 0
513050, 273859906, 0, 0
514039, 273310720, 0, 0
515051, 249013179, 0, 0
516022, 303238471, 0, 0
517018, 230072300, 0, 0
518013, 252107219, 0, 0
519055, 263154412, 0, 0
520012, 268012209, 0, 0
521022, 265612801, 0, 0
522025, 270368907, 0, 0
523000, 280134536, 0, 0
524005, 276361654, 0, 0
525043, 262598989, 0, 0
526001, 306274148, 0, 0
527041, 280173828, 0, 0
528026, 257033411, 0, 0
529052, 255291352, 0, 0
530045, 262278091, 0, 0
531002, 251340916, 0, 0
532001, 248616194, 0, 0
533027, 244400373, 0, 0
534008, 242464082, 0, 0
535023, 263061664, 0, 0
536016, 261615674, 0, 0
537046, 272495049, 0, 0
538035, 251092110, 0, 0
539049, 255793580, 0, 0
540051, 230598966, 0, 0
541036, 267172715, 0, 0
542010, 255616549, 0, 0
543007, 286676901, 0, 0
544010, 256562841, 0, 0
545054, 225692621, 0, 0
546007, 244088860, 0, 0
547009, 215812923, 0, 0
548023, 245955479, 0, 0
549020, 291795090, 0, 0
550056, 260842085, 0, 0
551015, 283087021, 0, 0
552026, 222269654, 0, 0
553025, 264229988, 0, 0
554009, 241981605, 0, 0
555025, 230156925, 0, 0
556045, 249892990, 0, 0
557035, 253809454, 0, 0
558031, 249194975, 0, 0
559014, 296399684, 0, 0
560027, 252772717, 0, 0
561035, 249408689, 0, 0
562052, 223064671, 0, 0
563029, 235984772, 0, 0
564055, 263835897, 0, 0
565038, 224506861, 0, 0
566001, 236538041, 0, 0
567005, 245608705, 0, 0
568000, 251282361, 0, 0
569015, 223744670, 0, 0
570023, 223326136, 0, 0
571056, 235281069, 0, 0
572023, 245307351, 0, 0
573015, 254603477, 0, 0
574048, 257331074, 0, 0
575017, 249035508, 0, 0
576007, 238474098, 0, 0
577034, 254421178, 0, 0
578066, 239853342, 0, 0
579040, 236633865, 0, 0
580030, 252954894, 0, 0
581014, 231120770, 0, 0
582003, 258434894, 0, 0
583005, 217257517, 0, 0
584033, 248919196, 0, 0
585008, 247789399, 0, 0
586043, 221455795, 0, 0
587041, 237130331, 0, 0
588018, 237606160, 0, 0
589051, 240695923, 0, 0
590057, 248761820, 0, 0
591023, 225624344, 0, 0
592010, 231850639, 0, 0
593043, 221691492, 0, 0
594001, 235134904, 0, 0
595008, 219363495, 0, 0
596011, 220506693, 0, 0
597052, 227108646, 0, 0
598001, 228277016, 0, 0
599006, 203825458, 0, 0
600052, 227606601, 0, 0
601014, 206079960, 0, 0
602042, 209915296, 0, 0
603021, 202648434, 0, 0
604052, 218074376, 0, 0
605004, 216181580, 0, 0
606004, 248333407, 0, 0
607059, 237660709, 0, 0
608037, 199510843, 0, 0
609025, 221828042, 0, 0
610008, 234273624, 0, 0
611040, 232241092, 0, 0
612000, 240669902, 0, 0
613036, 226547891, 0, 0
614028, 227670868, 0, 0
615056, 211369734, 0, 0
616036, 242604503, 0, 0
617034, 245466514, 0, 0
618051, 239711318, 0, 0
619002, 237638486, 0, 0
620046, 213610716, 0, 0
621023, 225735897, 0, 0
622053, 218085715, 0, 0
623002, 209698942, 0, 0
624035, 202131088, 0, 0
625046, 249025973, 0, 0
626037, 231415943, 0, 0
627057, 276985015, 0, 0
628017, 187275216, 0, 0
629052, 220294754, 0, 0
630012, 245725878, 0, 0
631017, 235688639, 0, 0
632052, 224516332, 0, 0
633013, 226122687, 0, 0
634024, 196762396, 0, 0
635008, 216015901, 0, 0
636027, 194232332, 0, 0
637044, 187731202, 0, 0
638014, 202791440, 0, 0
639023, 222845163, 0, 0
640054, 210982344, 0, 0
641011, 213078794, 0, 0
642052, 229880736, 0, 0
643002, 231344360, 0, 0
644037, 209211893, 0, 0
645044, 219759837, 0, 0
646015, 185202344, 0, 0
647004, 212028515, 0, 0
648034, 206822281, 0, 0
649010, 204131686, 0, 0
650061, 197287225, 0, 0
651024, 218519609, 0, 0
652059, 228411098, 0, 0
653044, 226404096, 0, 0
654029, 216070723, 0, 0
655051, 225748507, 0, 0
656017, 221738349, 0, 0
657004, 198875933, 0, 0
658026, 204135594, 0, 0
659057, 188876490, 0, 0
660035, 224687130, 0, 0
661010, 203607492, 0, 0
662015, 195157480, 0, 0
663028, 209627951, 0, 0
664014, 191664657, 0, 0
665040, 184749536, 0, 0
666017, 215774852, 0, 0
667004, 216469497, 0, 0
668021, 220178727, 0, 0
669015, 236112551, 0, 0
670026, 200247694, 0, 0
671056, 209264405, 0, 0
672047, 212612079, 0, 0
673003, 210158982, 0, 0
674013, 208491895, 0, 0
675013, 188906773, 0, 0
676032, 198799041, 0, 0
677044, 206649136, 0, 0
678036, 213669124, 0, 0
679024, 224783191, 0, 0
680009, 212110180, 0, 0
681049, 224800529, 0, 0
682041, 207158704, 0, 0
683037, 220391877, 0, 0
684016, 223716511, 0, 0
685011, 206339211, 0, 0
686001, 220770415, 0, 0
687012, 211483006, 0, 0
688056, 193856838, 0, 0
689040, 206709339, 0, 0
690036, 204171271, 0, 0
691023, 211919759, 0, 0
692015, 225248865, 0, 0
693052, 209088419, 0, 0
694024, 209418675, 0, 0
695054, 210655751, 0, 0
696062, 187000823, 0, 0
697035, 207500712, 0, 0
698027, 239192499, 0, 0
699009, 220566950, 0, 0
700057, 222663762, 0, 0
701022, 212936420, 0, 0
702051, 199911850, 0, 0
703045, 219537584, 0, 0
704027, 231471856, 0, 0
705045, 221882798, 0, 0
706023, 195143218, 0, 0
707004, 223926896, 0, 0
708009, 206907515, 0, 0
709006, 211921807, 0, 0
710029, 219798361, 0, 0
711060, 223981354, 0, 0
712041, 182569541, 0, 0
713001, 224887096, 0, 0
714009, 199582952, 0, 0
715051, 204523528, 0, 0
716035, 205279784, 0, 0
717054, 206587292, 0, 0
718013, 209613386, 0, 0
719044, 215440549, 0, 0
720017, 204981620, 0, 0
721020, 208627479, 0, 0
722016, 217249838, 0, 0
723034, 207689341, 0, 0
724048, 217073719, 0, 0
725012, 232650829, 0, 0
726043, 201155151, 0, 0
727057, 160939031, 0, 0
728007, 206838621, 0, 0
729045, 231955753, 0, 0
730007, 221759174, 0, 0
731046, 223174129, 0, 0
732028, 209459412, 0, 0
733050, 221395996, 0, 0
734039, 208645320, 0, 0
735022, 212877379, 0, 0
736020, 214125570, 0, 0
737047, 229235563, 0, 0
738004, 211001047, 0, 0
739031, 218091505, 0, 0
740000, 210092732, 0, 0
741039, 266653329, 0, 0
742063, 195057830, 0, 0
743040, 189926134, 0, 0
744051, 208914555, 0, 0
745037, 217716381, 0, 0
746005, 213895265, 0, 0
747007, 202476618, 0, 0
748036, 217621029, 0, 0
749020, 239088566, 0, 0
750010, 221371230, 0, 0
751059, 209624214, 0, 0
752003, 226718471, 0, 0
753058, 252639163, 0, 0
754006, 194624265, 0, 0
755030, 198142223, 0, 0
756002, 209421793, 0, 0
757001, 222230639, 0, 0
758046, 227059294, 0, 0
759003, 202655672, 0, 0
760051, 201235264, 0, 0
761028, 214118042, 0, 0
762022, 205234573, 0, 0
763003, 194062274, 0, 0
764051, 216955754, 0, 0
765048, 213148277, 0, 0
766036, 200029163, 0, 0
767014, 241323480, 0, 0
768010, 185232879, 0, 0
769034, 219557507, 0, 0
770047, 208580761, 0, 0
771034, 228447499, 0, 0
772039, 216185425, 0, 0
773064, 206560011, 0, 0
774053, 222372041, 0, 0
775047, 248123073, 0, 0
776053, 202698856, 0, 0
777007, 191346862, 0, 0
778020, 194845478, 0, 0
779055, 211889123, 0, 0
780035, 210665288, 0, 0
781053, 200967896, 0, 0
782021, 204609562, 0, 0
783046, 228543365, 0, 0
784009, 215115027, 0, 0
785016, 216286225, 0, 0
786035, 207454015, 0, 0
787036, 220935398, 0, 0
788041, 225427109, 0, 0
789018, 225376957, 0, 0
790010, 220272400, 0, 0
791044, 189600597, 0, 0
792050, 202713083, 0, 0
793046, 178948614, 0, 0
794061, 211737828, 0, 0
795050, 209465831, 0, 0
796058, 210809314, 0, 0
797018, 212256273, 0, 0
798039, 213927291, 0, 0
799045, 204574601, 0, 0
800009, 195503582, 0, 0
801035, 200206523, 0, 0
802050, 204599785, 0, 0
803033, 185209718, 0, 0
804040, 213295358, 0, 0
805020, 196756428, 0, 0
806044, 219608563, 0, 0
807054, 189006127, 0, 0
808002, 200379201, 0, 0
809003, 216047535, 0, 0
810043, 180330222, 0, 0
811052, 201096185, 0, 0
812008, 189119802, 0, 0
813056, 205270015, 0, 0
814012, 216748695, 0, 0
815025, 224191110, 0, 0
816044, 188228045, 0, 0
817014, 200982209, 0, 0
818042, 200404325, 0, 0
819054, 187160304, 0, 0
820010, 201202688, 0, 0
821040, 194105529, 0, 0
822028, 202186639, 0, 0
823021, 207998145, 0, 0
824043, 200169931, 0, 0
825040, 198023413, 0, 0
826008, 213230465, 0, 0
827006, 216389608, 0, 0
828030, 220540285, 0, 0
829013, 198999385, 0, 0
830034, 186780247, 0, 0
831023, 217526954, 0, 0
832007, 188648371, 0, 0
833029, 179180457, 0, 0
834033, 190131590, 0, 0
835018, 190681957, 0, 0
836009, 204463902, 0, 0
837022, 246896761, 0, 0
838040, 195627592, 0, 0
839043, 210117125, 0, 0
840049, 202100655, 0, 0
841039, 218973330, 0, 0
842031, 204666386, 0, 0
843039, 206724551, 0, 0
844002, 223367757, 0, 0
845041, 198504132, 0, 0
846008, 203225871, 0, 0
847047, 204966659, 0, 0
848055, 189176944, 0, 0
849013, 211893283, 0, 0
850060, 184709353, 0, 0
851031, 193307834, 0, 0
852040, 212649719, 0, 0
853014, 191650488, 0, 0
854033, 198267693, 0, 0
855000, 197555331, 0, 0
856011, 211867463, 0, 0
857058, 225548545, 0, 0
858009, 198736370, 0, 0
859009, 195795663, 0, 0
860038, 202292735, 0, 0
861028, 208707937, 0, 0
862018, 201173416, 0, 0
863001, 177775755, 0, 0
864021, 205387970, 0, 0
865064, 238012651, 0, 0
866035, 248893802, 0, 0
867052, 201076704, 0, 0
868030, 219688342, 0, 0
869010, 211434270, 0, 0
870046, 205313209, 0, 0
871054, 208479144, 0, 0
872019, 198552122, 0, 0
873057, 208871870, 0, 0
874035, 185094011, 0, 0
875022, 203821698, 0, 0
876019, 218784481, 0, 0
877021, 210022213, 0, 0
878044, 223905447, 0, 0
879002, 190434498, 0, 0
880020, 216460885, 0, 0
881047, 201337574, 0, 0
882039, 202258410, 0, 0
883051, 193034778, 0, 0
884044, 215649725, 0, 0
885038, 185160979, 0, 0
886041, 202204286, 0, 0
887058, 209725311, 0, 0
888038, 219767791, 0, 0
889048, 208756926, 0, 0
890007, 209593083, 0, 0
891009, 220965869, 0, 0
892041, 227221695, 0, 0
893013, 205668513, 0, 0
894044, 210309236, 0, 0
895041, 192420990, 0, 0
896008, 208352264, 0, 0
897023, 178877779, 0, 0
898054, 187521152, 0, 0
899057, 202378092, 0, 0
900050, 201094001, 0, 0
901067, 205724775, 0, 0
902017, 193177514, 0, 0
903000, 212926739, 0, 0
904007, 192940882, 0, 0
905008, 188084087, 0, 0
906028, 209490777, 0, 0
907039, 218743254, 0, 0
908041, 189601753, 0, 0
909020, 199087140, 0, 0
910001, 211738100, 0, 0
911012, 203942313, 0, 0
912038, 214613013, 0, 0
913057, 228280802, 0, 0
914026, 198976767, 0, 0
915019, 194442972, 0, 0
916026, 203831922, 0, 0
917005, 209446465, 0, 0
918014, 198439556, 0, 0
919046, 213214367, 0, 0
920045, 223231278, 0, 0
921059, 236211428, 0, 0
922042, 199816676, 0, 0
923002, 214000341, 0, 0
924057, 207302734, 0, 0
925033, 218682147, 0, 0
926055, 219223072, 0, 0
927063, 219473134, 0, 0
928016, 201453316, 0, 0
929003, 212441746, 0, 0
930023, 191724006, 0, 0
931036, 188176971, 0, 0
932032, 195971453, 0, 0
933027, 214485341, 0, 0
934021, 246157657, 0, 0
935018, 213230675, 0, 0
936007, 191851798, 0, 0
937022, 213445421, 0, 0
938050, 190436165, 0, 0
939027, 223739785, 0, 0
940033, 212138527, 0, 0
941023, 206998954, 0, 0
942041, 200973653, 0, 0
943036, 205528185, 0, 0
944066, 206551994, 0, 0
945005, 206726515, 0, 0
946021, 210391354, 0, 0
947034, 200277183, 0, 0
948033, 192684950, 0, 0
949000, 210787985, 0, 0
950018, 204475234, 0, 0
951001, 212315925, 0, 0
952027, 210303692, 0, 0
953050, 181048949, 0, 0
954015, 211499910, 0, 0
955032, 201884161, 0, 0
956040, 187415483, 0, 0
957008, 179569742, 0, 0
958045, 211572196, 0, 0
959059, 192112816, 0, 0
960032, 204198390, 0, 0
961011, 200965985, 0, 0
962040, 214086578, 0, 0
963036, 220252314, 0, 0
964019, 212249585, 0, 0
965012, 212851619, 0, 0
966000, 210402291, 0, 0
967014, 196634819, 0, 0
968055, 214834463, 0, 0
969000, 190076355, 0, 0
970022, 190971874, 0, 0
971025, 192615970, 0, 0
972049, 205710013, 0, 0
973040, 192402497, 0, 0
974057, 189430235, 0, 0
975023, 211374093, 0, 0
976001, 194083201, 0, 0
977032, 199034498, 0, 0
978042, 200345997, 0, 0
979027, 205514723, 0, 0
980039, 194190285, 0, 0
981009, 165594321, 0, 0
982006, 185512044, 0, 0
983018, 213606907, 0, 0
984064, 198587612, 0, 0
985016, 198268762, 0, 0
986019, 185006445, 0, 0
987060, 187858793, 0, 0
988052, 191546906, 0, 0
989030, 208024818, 0, 0
990054, 193949130, 0, 0
991040, 205658783, 0, 0
992023, 224493753, 0, 0
993004, 213052266, 0, 0
994027, 186858732, 0, 0
995002, 180154989, 0, 0
996002, 191644036, 0, 0
997032, 204177822, 0, 0
998051, 224681270, 0, 0
999027, 189310088, 0, 0
1000000, 197256355, 0, 0
1001042, 184936546, 0, 0
1002021, 213569610, 0, 0
1003035, 187484199, 0, 0
1004032, 225278941, 0, 0
1005010, 175348491, 0, 0
1006048, 192434194, 0, 0
1007058, 205794515, 0, 0
1008023, 216160658, 0, 0
1009013, 224920999, 0, 0
1010033, 184562061, 0, 0
1011025, 202832043, 0, 0
1012050, 204528699, 0, 0
1013036, 209670420, 0, 0
1014062, 215196101, 0, 0
1015004, 201313146, 0, 0
1016019, 180080644, 0, 0
1017016, 198138441, 0, 0
1018010, 203414277, 0, 0
1019039, 196219776, 0, 0
1020004, 185301259, 0, 0
1021035, 194765980, 0, 0
1022063, 197815593, 0, 0
1023042, 185546078, 0, 0
1024060, 209257360, 0, 0
1025024, 202972551, 0, 0
1026003, 202489099, 0, 0
1027020, 177167959, 0, 0
1028042, 187061793, 0, 0
1029055, 191194276, 0, 0
1030006, 194288110, 0, 0
1031028, 206510969, 0, 0
1032019, 176567733, 0, 0
1033061, 182533227, 0, 0
1034047, 173018421, 0, 0
1035020, 221863555, 0, 0
1036009, 216101898, 0, 0
1037070, 184113744, 0, 0
1038041, 177769747, 0, 0
1039045, 201350587, 0, 0
1040037, 206887834, 0, 0
1041037, 179724228, 0, 0
1042013, 189639895, 0, 0
1043025, 207833746, 0, 0
1044026, 192818840, 0, 0
1045024, 191865738, 0, 0
1046049, 218684994, 0, 0
1047038, 201563929, 0, 0
1048040, 182350796, 0, 0
1049000, 197068073, 0, 0
1050033, 201925030, 0, 0
1051048, 205664061, 0, 0
1052002, 194480365, 0, 0
1053002, 194969379, 0, 0
1054034, 181804926, 0, 0
1055030, 211314273, 0, 0
1056016, 198422417, 0, 0
1057018, 198355130, 0, 0
1058007, 193129313, 0, 0
1059056, 198411207, 0, 0
1060026, 199592370, 0, 0
1061053, 195520664, 0, 0
1062057, 188693142, 0, 0
1063015, 175035538, 0, 0
1064041, 159973802, 0, 0
1065056, 194339181, 0, 0
1066036, 199606971, 0, 0
1067002, 196235953, 0, 0
1068035, 213488038, 0, 0
1069045, 181782910, 0, 0
1070041, 199177886, 0, 0
1071049, 198774334, 0, 0
1072035, 188690393, 0, 0
1073023, 191378863, 0, 0
1074002, 203585262, 0, 0
1075051, 183133828, 0, 0
1076023, 176887497, 0, 0
1077032, 186815037, 0, 0
1078062, 202128491, 0, 0
1079064, 214504505, 0, 0
1080028, 181072465, 0, 0
1081046, 199638548, 0, 0
1082049, 186613636, 0, 0
1083000, 176617428, 0, 0
1084052, 202447553, 0, 0
1085033, 178024843, 0, 0
1086027, 196233440, 0, 0
1087047, 167300755, 0, 0
1088037, 215229310, 0, 0
1089000, 166944429, 0, 0
1090024, 198054109, 0, 0
1091026, 182542080, 0, 0
1092028, 202138570, 0, 0
1093015, 195793775, 0, 0
1094007, 198324332, 0, 0
1095031, 184321046, 0, 0
1096010, 182702829, 0, 0
1097058, 172485928, 0, 0
1098041, 168824117, 0, 0
1099014, 186781453, 0, 0
1100007, 162950653, 0, 0
1101024, 171833278, 0, 0
1102048, 179776941, 0, 0
1103057, 215816560, 0, 0
1104042, 191222842, 0, 0
1105018, 191134951, 0, 0
1106034, 177856008, 0, 0
1107037, 185160191, 0, 0
1108003, 184982939, 0, 0
1109050, 175138600, 0, 0
1110035, 169079447, 0, 0
1111014, 166818940, 0, 0
1112019, 156059074, 0, 0
1113047, 178581031, 0, 0
1114052, 186487372, 0, 0
1115034, 190262677, 0, 0
1116002, 210568405, 0, 0
1117055, 173967136, 0, 0
1118038, 212835016, 0, 0
1119005, 179882791, 0, 0
1120014, 201335813, 0, 0
1121002, 165897252, 0, 0
1122019, 172724804, 0, 0
1123030, 179761756, 0, 0
1124010, 196707353, 0, 0
1125052, 187627496, 0, 0
1126051, 190088160, 0, 0
1127001, 163514075, 0, 0
1128047, 197367966, 0, 0
1129054, 194286645, 0, 0
1130044, 209433856, 0, 0
1131040, 188924320, 0, 0
1132004, 195173224, 0, 0
1133039, 184523993, 0, 0
1134050, 179027659, 0, 0
1135020, 197530562, 0, 0
1136036, 186649702, 0, 0
1137042, 181481641, 0, 0
1138065, 187064478, 0, 0
1139045, 212958362, 0, 0
1140012, 209969845, 0, 0
1141018, 177741652, 0, 0
1142042, 171199716, 0, 0
1143043, 180527548, 0, 0
1144041, 162348447, 0, 0
1145048, 190118963, 0, 0
1146046, 181795706, 0, 0
1147010, 195730521, 0, 0
1148009, 177419697, 0, 0
1149012, 192295166, 0, 0
1150015, 180189451, 0, 0
1151050, 157617179, 0, 0
1152027, 194089045, 0, 0
1153008, 168572188, 0, 0
1154040, 176910442, 0, 0
1155019, 189969712, 0, 0
1156036, 160274247, 0, 0
1157005, 158830210, 0, 0
1158041, 185511537, 0, 0
1159022, 183273397, 0, 0
1160062, 182031702, 0, 0
1161041, 176693700, 0, 0
1162040, 176850007, 0, 0
1163048, 189408492, 0, 0
1164050, 198920476, 0, 0
1165027, 187781069, 0, 0
1166047, 188328254, 0, 0
1167058, 177901329, 0, 0
1168032, 190343894, 0, 0
1169040, 172445176, 0, 0
1170055, 176061618, 0, 0
1171050, 172481858, 0, 0
1172031, 217981663, 0, 0
1173024, 159346832, 0, 0
1174006, 190584235, 0, 0
1175029, 168363341, 0, 0
1176054, 203623677, 0, 0
1177017, 175319117, 0, 0
1178017, 206223925, 0, 0
1179033, 173690619, 0, 0
1180005, 140139959, 0, 0
1181046, 168884509, 0, 0
1182038, 162623818, 0, 0
1183036, 163199027, 0, 0
1184073, 178800083, 0, 0
1185023, 182464598, 0, 0
1186045, 170911327, 0, 0
1187025, 194486179, 0, 0
1188056, 158034501, 0, 0
1189006, 163837038, 0, 0
1190030, 170855159, 0, 0
1191019, 199306350, 0, 0
1192045, 153331743, 0, 0
1193014, 192969601, 0, 0
1194028, 156179774, 0, 0
1195036, 178776143, 0, 0
1196020, 172695604, 0, 0
1197047, 173908758, 0, 0
1198024, 176623910, 0, 0
1199008, 184544143, 0, 0
1200044, 161199439, 0, 0
1200199, 260015155, 0, 0
