999, 60, 0, 0
1999, 520, 0, 0
3000, 544, 0, 0
3999, 516, 0, 0
4999, 552, 0, 0
6000, 548, 0, 0
7000, 512, 0, 0
7999, 544, 0, 0
8999, 516, 0, 0
10000, 544, 0, 0
11000, 512, 0, 0
12000, 512, 0, 0
12999, 564, 0, 0
13999, 520, 0, 0
15000, 552, 0, 0
15999, 496, 0, 0
16999, 548, 0, 0
18000, 548, 0, 0
19000, 520, 0, 0
19999, 504, 0, 0
20999, 488, 0, 0
22000, 552, 0, 0
23000, 528, 0, 0
23999, 540, 0, 0
25000, 520, 0, 0
26000, 536, 0, 0
26999, 564, 0, 0
27999, 532, 0, 0
29000, 564, 0, 0
29999, 552, 0, 0
30999, 552, 0, 0
32000, 524, 0, 0
33000, 568, 0, 0
33999, 532, 0, 0
35000, 560, 0, 0
36000, 548, 0, 0
36999, 560, 0, 0
37999, 516, 0, 0
39000, 528, 0, 0
39999, 528, 0, 0
40999, 496, 0, 0
42000, 544, 0, 0
43000, 532, 0, 0
43999, 528, 0, 0
45000, 544, 0, 0
46000, 572, 0, 0
46999, 532, 0, 0
48000, 568, 0, 0
49000, 528, 0, 0
49999, 572, 0, 0
50999, 536, 0, 0
52000, 576, 0, 0
52999, 568, 0, 0
53999, 536, 0, 0
55000, 560, 0, 0
56000, 580, 0, 0
56999, 548, 0, 0
57999, 528, 0, 0
59000, 616, 0, 0
60000, 528, 0, 0
61000, 548, 0, 0
61999, 536, 0, 0
62999, 528, 0, 0
64000, 564, 0, 0
64999, 552, 0, 0
65999, 564, 0, 0
67000, 580, 0, 0
67999, 532, 0, 0
68999, 540, 0, 0
70000, 596, 0, 0
71000, 540, 0, 0
71999, 580, 0, 0
72999, 524, 0, 0
74000, 596, 0, 0
75000, 584, 0, 0
75999, 572, 0, 0
77000, 536, 0, 0
78000, 576, 0, 0
78999, 544, 0, 0
79999, 536, 0, 0
80999, 552, 0, 0
81999, 592, 0, 0
83000, 588, 0, 0
84000, 564, 0, 0
84999, 536, 0, 0
85999, 624, 0, 0
87000, 520, 0, 0
88000, 620, 0, 0
88999, 560, 0, 0
89999, 576, 0, 0
91000, 548, 0, 0
91999, 552, 0, 0
92999, 576, 0, 0
94000, 556, 0, 0
95000, 600, 0, 0
95999, 596, 0, 0
96999, 584, 0, 0
98000, 604, 0, 0
98999, 604, 0, 0
99999, 556, 0, 0
101000, 564, 0, 0
102000, 624, 0, 0
102999, 556, 0, 0
103999, 508, 0, 0
105000, 620, 0, 0
105999, 588, 0, 0
106999, 544, 0, 0
108000, 596, 0, 0
109000, 560, 0, 0
110000, 572, 0, 0
110999, 556, 0, 0
112000, 584, 0, 0
113000, 584, 0, 0
113999, 604, 0, 0
114999, 588, 0, 0
116000, 576, 0, 0
117000, 600, 0, 0
117999, 592, 0, 0
118999, 552, 0, 0
120000, 588, 0, 0
121000, 536, 0, 0
121999, 596, 0, 0
123000, 628, 0, 0
124000, 560, 0, 0
124999, 608, 0, 0
125999, 596, 0, 0
127000, 568, 0, 0
128000, 612, 0, 0
128999, 556, 0, 0
130000, 568, 0, 0
131000, 600, 0, 0
131999, 600, 0, 0
132999, 576, 0, 0
134000, 640, 0, 0
135000, 616, 0, 0
135999, 572, 0, 0
136999, 592, 0, 0
138000, 576, 0, 0
138999, 628, 0, 0
139999, 604, 0, 0
141000, 568, 0, 0
142000, 572, 0, 0
142999, 628, 0, 0
144000, 624, 0, 0
145000, 648, 0, 0
145999, 616, 0, 0
146999, 660, 0, 0
148000, 644, 0, 0
148999, 588, 0, 0
149999, 588, 0, 0
151000, 628, 0, 0
151999, 608, 0, 0
152999, 572, 0, 0
154000, 652, 0, 0
155000, 600, 0, 0
155999, 624, 0, 0
157000, 572, 0, 0
158000, 588, 0, 0
158999, 648, 0, 0
159999, 644, 0, 0
161000, 576, 0, 0
162000, 604, 0, 0
162999, 620, 0, 0
164000, 612, 0, 0
165000, 616, 0, 0
165999, 648, 0, 0
167000, 604, 0, 0
168000, 624, 0, 0
168999, 628, 0, 0
169999, 596, 0, 0
171000, 604, 0, 0
172000, 636, 0, 0
172999, 580, 0, 0
174000, 588, 0, 0
174999, 640, 0, 0
175999, 564, 0, 0
177000, 668, 0, 0
178000, 648, 0, 0
178999, 660, 0, 0
179999, 660, 0, 0
180999, 576, 0, 0
182000, 628, 0, 0
183000, 656, 0, 0
184000, 608, 0, 0
184999, 616, 0, 0
185999, 624, 0, 0
187000, 588, 0, 0
187999, 624, 0, 0
188999, 644, 0, 0
190000, 644, 0, 0
191000, 588, 0, 0
191999, 632, 0, 0
193000, 656, 0, 0
194000, 624, 0, 0
194999, 652, 0, 0
195999, 628, 0, 0
197000, 732, 0, 0
198000, 660, 0, 0
198999, 576, 0, 0
200000, 596, 0, 0
201000, 584, 0, 0
201999, 580, 0, 0
202999, 644, 0, 0
203999, 660, 0, 0
205000, 620, 0, 0
206000, 672, 0, 0
206999, 596, 0, 0
207999, 636, 0, 0
209000, 596, 0, 0
210000, 636, 0, 0
210999, 672, 0, 0
211999, 708, 0, 0
213000, 652, 0, 0
213999, 668, 0, 0
214999, 640, 0, 0
216000, 672, 0, 0
217000, 632, 0, 0
217999, 648, 0, 0
219000, 636, 0, 0
220000, 676, 0, 0
220999, 636, 0, 0
222000, 668, 0, 0
223000, 680, 0, 0
223999, 664, 0, 0
224999, 700, 0, 0
226000, 616, 0, 0
226999, 672, 0, 0
227999, 652, 0, 0
229000, 612, 0, 0
229999, 668, 0, 0
230999, 644, 0, 0
232000, 708, 0, 0
233000, 648, 0, 0
233999, 716, 0, 0
235000, 712, 0, 0
235999, 700, 0, 0
236999, 620, 0, 0
238000, 676, 0, 0
239000, 664, 0, 0
239999, 652, 0, 0
241000, 700, 0, 0
242000, 652, 0, 0
242999, 616, 0, 0
243999, 720, 0, 0
245000, 660, 0, 0
245999, 652, 0, 0
246999, 748, 0, 0
248000, 704, 0, 0
249000, 696, 0, 0
249999, 676, 0, 0
250999, 724, 0, 0
252000, 680, 0, 0
253000, 684, 0, 0
253999, 680, 0, 0
254999, 720, 0, 0
256000, 704, 0, 0
257000, 680, 0, 0
257999, 692, 0, 0
259000, 724, 0, 0
260000, 692, 0, 0
260999, 668, 0, 0
261999, 712, 0, 0
263000, 700, 0, 0
263999, 696, 0, 0
264999, 716, 0, 0
266000, 628, 0, 0
267000, 720, 0, 0
267999, 732, 0, 0
269000, 716, 0, 0
270000, 656, 0, 0
270999, 656, 0, 0
271999, 636, 0, 0
273000, 724, 0, 0
274000, 556, 0, 0
274999, 760, 0, 0
275999, 712, 0, 0
277000, 688, 0, 0
278000, 692, 0, 0
278999, 684, 0, 0
279999, 672, 0, 0
281000, 676, 0, 0
281999, 656, 0, 0
282999, 668, 0, 0
284000, 676, 0, 0
285000, 768, 0, 0
285999, 708, 0, 0
286999, 712, 0, 0
288000, 668, 0, 0
289000, 748, 0, 0
289999, 644, 0, 0
290999, 648, 0, 0
292000, 720, 0, 0
292999, 680, 0, 0
294000, 764, 0, 0
295000, 684, 0, 0
295999, 716, 0, 0
296999, 656, 0, 0
298000, 724, 0, 0
298999, 692, 0, 0
299999, 760, 0, 0
301000, 700, 0, 0
302000, 696, 0, 0
302999, 640, 0, 0
304000, 760, 0, 0
305000, 704, 0, 0
305999, 680, 0, 0
306999, 744, 0, 0
308000, 688, 0, 0
308999, 684, 0, 0
309999, 728, 0, 0
311000, 736, 0, 0
312000, 704, 0, 0
312999, 676, 0, 0
313999, 680, 0, 0
315000, 720, 0, 0
316000, 756, 0, 0
316999, 708, 0, 0
317999, 780, 0, 0
319000, 696, 0, 0
320000, 720, 0, 0
320999, 728, 0, 0
322000, 736, 0, 0
323000, 776, 0, 0
323999, 708, 0, 0
324999, 808, 0, 0
326000, 752, 0, 0
326999, 692, 0, 0
327999, 752, 0, 0
329000, 736, 0, 0
329999, 784, 0, 0
330999, 772, 0, 0
332000, 700, 0, 0
332999, 740, 0, 0
333999, 744, 0, 0
335000, 772, 0, 0
335999, 756, 0, 0
336999, 760, 0, 0
338000, 804, 0, 0
339000, 744, 0, 0
339999, 704, 0, 0
341000, 788, 0, 0
342000, 756, 0, 0
342999, 728, 0, 0
344000, 796, 0, 0
344999, 744, 0, 0
345999, 748, 0, 0
347000, 772, 0, 0
347999, 824, 0, 0
349000, 784, 0, 0
350000, 708, 0, 0
350999, 748, 0, 0
351999, 768, 0, 0
353000, 736, 0, 0
354000, 760, 0, 0
354999, 780, 0, 0
356000, 804, 0, 0
357000, 760, 0, 0
357999, 788, 0, 0
358999, 728, 0, 0
360000, 776, 0, 0
361000, 948, 0, 0
361999, 760, 0, 0
363000, 808, 0, 0
364000, 784, 0, 0
364999, 840, 0, 0
366000, 816, 0, 0
367000, 720, 0, 0
367999, 740, 0, 0
369000, 744, 0, 0
370000, 852, 0, 0
370999, 776, 0, 0
371999, 816, 0, 0
373000, 780, 0, 0
373999, 716, 0, 0
374999, 748, 0, 0
376000, 700, 0, 0
377000, 788, 0, 0
377999, 776, 0, 0
379000, 852, 0, 0
379999, 720, 0, 0
380999, 844, 0, 0
381999, 784, 0, 0
383000, 752, 0, 0
383999, 840, 0, 0
384999, 720, 0, 0
386000, 784, 0, 0
387000, 784, 0, 0
387999, 736, 0, 0
389000, 824, 0, 0
390000, 728, 0, 0
390999, 780, 0, 0
391999, 876, 0, 0
393000, 684, 0, 0
393999, 788, 0, 0
394999, 828, 0, 0
396000, 844, 0, 0
396999, 812, 0, 0
397999, 816, 0, 0
399000, 884, 0, 0
400000, 868, 0, 0
400999, 924, 0, 0
402000, 852, 0, 0
403000, 800, 0, 0
403999, 792, 0, 0
405000, 824, 0, 0
406000, 840, 0, 0
406999, 836, 0, 0
408000, 760, 0, 0
409000, 808, 0, 0
409999, 848, 0, 0
410999, 796, 0, 0
412000, 828, 0, 0
412999, 824, 0, 0
413999, 832, 0, 0
415000, 740, 0, 0
415999, 732, 0, 0
416999, 820, 0, 0
418000, 784, 0, 0
419000, 832, 0, 0
419999, 856, 0, 0
421000, 828, 0, 0
421999, 844, 0, 0
422999, 852, 0, 0
424000, 768, 0, 0
425000, 844, 0, 0
425999, 848, 0, 0
427000, 840, 0, 0
428000, 876, 0, 0
429000, 832, 0, 0
429999, 900, 0, 0
431000, 800, 0, 0
432000, 808, 0, 0
432999, 832, 0, 0
433999, 868, 0, 0
435000, 932, 0, 0
436000, 752, 0, 0
436999, 852, 0, 0
437999, 852, 0, 0
439000, 916, 0, 0
439999, 844, 0, 0
440999, 876, 0, 0
442000, 836, 0, 0
442999, 848, 0, 0
443999, 808, 0, 0
445000, 836, 0, 0
446000, 812, 0, 0
446999, 860, 0, 0
448000, 796, 0, 0
449000, 868, 0, 0
449999, 840, 0, 0
450999, 844, 0, 0
452000, 936, 0, 0
453000, 924, 0, 0
453999, 920, 0, 0
454999, 892, 0, 0
456000, 972, 0, 0
457000, 864, 0, 0
457999, 860, 0, 0
459000, 812, 0, 0
459999, 884, 0, 0
460999, 884, 0, 0
462000, 1000, 0, 0
462999, 828, 0, 0
463999, 920, 0, 0
465000, 888, 0, 0
466000, 888, 0, 0
466999, 928, 0, 0
468000, 932, 0, 0
469000, 920, 0, 0
469999, 820, 0, 0
471000, 908, 0, 0
472000, 932, 0, 0
472999, 840, 0, 0
473999, 876, 0, 0
475000, 964, 0, 0
475999, 828, 0, 0
476999, 884, 0, 0
478000, 996, 0, 0
479000, 972, 0, 0
479999, 872, 0, 0
480999, 1041, 0, 0
482000, 836, 0, 0
482999, 908, 0, 0
483999, 884, 0, 0
485000, 924, 0, 0
485999, 936, 0, 0
486999, 964, 0, 0
488000, 980, 0, 0
488999, 768, 0, 0
489999, 992, 0, 0
491000, 964, 0, 0
492000, 856, 0, 0
492999, 804, 0, 0
493999, 884, 0, 0
495000, 856, 0, 0
495999, 852, 0, 0
496999, 924, 0, 0
498000, 908, 0, 0
498999, 920, 0, 0
499999, 968, 0, 0
501000, 820, 0, 0
502000, 856, 0, 0
502999, 840, 0, 0
503999, 928, 0, 0
505000, 924, 0, 0
506000, 1088, 0, 0
506999, 996, 0, 0
507999, 964, 0, 0
509000, 1044, 0, 0
509999, 1021, 0, 0
510999, 976, 0, 0
512000, 988, 0, 0
512999, 956, 0, 0
513999, 780, 0, 0
515000, 844, 0, 0
515999, 1009, 0, 0
516999, 888, 0, 0
518000, 948, 0, 0
518999, 944, 0, 0
519999, 976, 0, 0
521000, 1040, 0, 0
522000, 952, 0, 0
522999, 884, 0, 0
523999, 1025, 0, 0
525000, 1020, 0, 0
526000, 980, 0, 0
526999, 920, 0, 0
528000, 1024, 0, 0
529000, 940, 0, 0
529999, 924, 0, 0
530999, 1077, 0, 0
532000, 1008, 0, 0
533000, 928, 0, 0
533999, 1097, 0, 0
534999, 1009, 0, 0
536000, 924, 0, 0
536999, 956, 0, 0
537999, 976, 0, 0
539000, 1100, 0, 0
539999, 1009, 0, 0
540999, 960, 0, 0
542000, 928, 0, 0
542999, 928, 0, 0
543999, 1129, 0, 0
545000, 992, 0, 0
546000, 1016, 0, 0
547000, 944, 0, 0
548000, 1080, 0, 0
549000, 988, 0, 0
550000, 924, 0, 0
551001, 1130, 0, 0
552000, 940, 0, 0
553000, 980, 0, 0
554000, 1072, 0, 0
555001, 1144, 0, 0
556000, 944, 0, 0
557000, 1080, 0, 0
558000, 1012, 0, 0
558999, 952, 0, 0
560000, 948, 0, 0
561000, 1128, 0, 0
562000, 1028, 0, 0
563000, 1108, 0, 0
564000, 1152, 0, 0
565000, 980, 0, 0
566000, 1100, 0, 0
567000, 1100, 0, 0
568000, 972, 0, 0
569000, 1088, 0, 0
570000, 1052, 0, 0
571000, 1048, 0, 0
572000, 1216, 0, 0
573000, 976, 0, 0
574000, 1108, 0, 0
575000, 1204, 0, 0
576000, 1052, 0, 0
577000, 1108, 0, 0
578000, 1080, 0, 0
579000, 1104, 0, 0
580000, 1048, 0, 0
581000, 1140, 0, 0
582000, 1148, 0, 0
583000, 1108, 0, 0
584000, 1036, 0, 0
585000, 1004, 0, 0
586000, 1012, 0, 0
587000, 1028, 0, 0
588000, 1080, 0, 0
589000, 1224, 0, 0
590000, 1072, 0, 0
591001, 1078, 0, 0
592000, 1140, 0, 0
593000, 1068, 0, 0
594000, 1148, 0, 0
595000, 1164, 0, 0
596000, 1036, 0, 0
597000, 1236, 0, 0
597999, 1145, 0, 0
598999, 1045, 0, 0
599998, 1094, 0, 0
600999, 1105, 0, 0
601999, 1097, 0, 0
602998, 1226, 0, 0
603998, 1142, 0, 0
604998, 1074, 0, 0
605998, 1222, 0, 0
606998, 1198, 0, 0
607997, 1027, 0, 0
608997, 1235, 0, 0
609997, 1079, 0, 0
610997, 1364, 0, 0
611997, 1123, 0, 0
612996, 1148, 0, 0
613996, 1108, 0, 0
614996, 1236, 0, 0
615996, 1044, 0, 0
616996, 1200, 0, 0
617995, 1129, 0, 0
618996, 1244, 0, 0
619995, 1141, 0, 0
620995, 1089, 0, 0
621995, 1366, 0, 0
622994, 1110, 0, 0
623995, 1089, 0, 0
624994, 1187, 0, 0
625994, 1287, 0, 0
626993, 862, 0, 0
627994, 1263, 0, 0
628994, 1082, 0, 0
629993, 1156, 0, 0
630993, 1156, 0, 0
631992, 1213, 0, 0
632993, 1144, 0, 0
633993, 1240, 0, 0
634992, 1024, 0, 0
635992, 1229, 0, 0
636992, 1193, 0, 0
637992, 1270, 0, 0
638992, 1161, 0, 0
639991, 1198, 0, 0
640991, 1352, 0, 0
642000, 1228, 0, 0
642991, 1158, 0, 0
643991, 1178, 0, 0
645000, 1336, 0, 0
645991, 1105, 0, 0
646999, 1133, 0, 0
648000, 1228, 0, 0
649000, 1324, 0, 0
649999, 1137, 0, 0
651000, 1232, 0, 0
652000, 1196, 0, 0
652999, 1361, 0, 0
653999, 1337, 0, 0
655000, 1348, 0, 0
655999, 1165, 0, 0
656999, 1165, 0, 0
658000, 1156, 0, 0
659000, 1136, 0, 0
659999, 888, 0, 0
661000, 928, 0, 0
662000, 1208, 0, 0
662999, 1257, 0, 0
664000, 1260, 0, 0
665000, 1284, 0, 0
665999, 1341, 0, 0
667000, 1312, 0, 0
668000, 1332, 0, 0
668999, 1321, 0, 0
669999, 1313, 0, 0
671000, 1188, 0, 0
672000, 1348, 0, 0
672999, 1081, 0, 0
673999, 1249, 0, 0
675000, 1308, 0, 0
676000, 1276, 0, 0
676999, 1101, 0, 0
678000, 1288, 0, 0
679000, 1280, 0, 0
679999, 1213, 0, 0
680999, 1249, 0, 0
682000, 1248, 0, 0
683000, 1228, 0, 0
683999, 1281, 0, 0
684999, 1337, 0, 0
686000, 1204, 0, 0
686999, 1153, 0, 0
687999, 1241, 0, 0
689000, 1272, 0, 0
689999, 1233, 0, 0
690999, 1253, 0, 0
692000, 1064, 0, 0
693000, 1192, 0, 0
693999, 1245, 0, 0
695000, 1400, 0, 0
696000, 1352, 0, 0
696999, 1233, 0, 0
698000, 1292, 0, 0
699000, 1324, 0, 0
699999, 1197, 0, 0
700999, 1189, 0, 0
702000, 1272, 0, 0
703000, 1240, 0, 0
703999, 1257, 0, 0
705000, 1204, 0, 0
706000, 1132, 0, 0
706999, 1269, 0, 0
707999, 1425, 0, 0
709000, 1248, 0, 0
709999, 1201, 0, 0
710999, 1213, 0, 0
712000, 1272, 0, 0
713000, 1340, 0, 0
713999, 1237, 0, 0
714999, 1261, 0, 0
716000, 1136, 0, 0
717000, 1092, 0, 0
717999, 1233, 0, 0
719000, 1384, 0, 0
720000, 1148, 0, 0
720999, 1093, 0, 0
722000, 1320, 0, 0
723000, 1268, 0, 0
723999, 1297, 0, 0
724999, 1365, 0, 0
726000, 1148, 0, 0
726999, 1233, 0, 0
727999, 1121, 0, 0
729000, 1160, 0, 0
730000, 1220, 0, 0
730999, 1341, 0, 0
732000, 1244, 0, 0
733000, 1240, 0, 0
733999, 1233, 0, 0
734999, 1341, 0, 0
736000, 1216, 0, 0
737000, 1060, 0, 0
738000, 1292, 0, 0
738999, 1097, 0, 0
740000, 1300, 0, 0
741000, 1184, 0, 0
741999, 1245, 0, 0
742999, 1157, 0, 0
743999, 1217, 0, 0
745000, 1080, 0, 0
746000, 1132, 0, 0
746999, 1325, 0, 0
747999, 1309, 0, 0
749000, 1372, 0, 0
750000, 1116, 0, 0
750999, 1365, 0, 0
752000, 1088, 0, 0
753000, 1080, 0, 0
753999, 1117, 0, 0
755000, 1240, 0, 0
756000, 1184, 0, 0
756999, 1277, 0, 0
758000, 1160, 0, 0
759000, 1224, 0, 0
759999, 1305, 0, 0
761000, 1213, 0, 0
762000, 1136, 0, 0
763000, 1052, 0, 0
763999, 1257, 0, 0
765000, 1220, 0, 0
766000, 1296, 0, 0
767000, 1232, 0, 0
767999, 1201, 0, 0
769000, 1208, 0, 0
770000, 1216, 0, 0
770999, 1253, 0, 0
771999, 1033, 0, 0
773000, 1136, 0, 0
774000, 1080, 0, 0
774999, 1069, 0, 0
775999, 1133, 0, 0
777000, 1216, 0, 0
778000, 1252, 0, 0
779000, 1296, 0, 0
779999, 1157, 0, 0
781000, 1180, 0, 0
782000, 1192, 0, 0
782999, 1225, 0, 0
784000, 1252, 0, 0
785000, 1160, 0, 0
785999, 1221, 0, 0
786999, 1213, 0, 0
788000, 1228, 0, 0
789000, 1068, 0, 0
789999, 1269, 0, 0
791000, 1232, 0, 0
792000, 1304, 0, 0
792999, 1021, 0, 0
793999, 1309, 0, 0
795000, 1120, 0, 0
796000, 1192, 0, 0
796999, 1261, 0, 0
797999, 1173, 0, 0
799000, 1364, 0, 0
799999, 1197, 0, 0
800999, 1269, 0, 0
802000, 1120, 0, 0
802999, 1069, 0, 0
803999, 1341, 0, 0
805000, 1196, 0, 0
805999, 1301, 0, 0
806999, 1105, 0, 0
808000, 1320, 0, 0
809000, 1264, 0, 0
809999, 1229, 0, 0
811000, 1264, 0, 0
812000, 1168, 0, 0
812999, 1249, 0, 0
813999, 1381, 0, 0
815000, 1124, 0, 0
816000, 1132, 0, 0
816999, 1065, 0, 0
818000, 1156, 0, 0
819000, 1120, 0, 0
819999, 1249, 0, 0
820999, 1201, 0, 0
822000, 1236, 0, 0
823000, 1156, 0, 0
823999, 1105, 0, 0
825000, 1356, 0, 0
826000, 1176, 0, 0
826999, 1065, 0, 0
827999, 1129, 0, 0
828999, 1121, 0, 0
829999, 1137, 0, 0
830999, 1289, 0, 0
832000, 1272, 0, 0
833000, 1036, 0, 0
833999, 1273, 0, 0
835000, 1100, 0, 0
835999, 1157, 0, 0
836999, 992, 0, 0
838000, 1336, 0, 0
839000, 1280, 0, 0
839999, 1213, 0, 0
841000, 1309, 0, 0
842000, 1248, 0, 0
842999, 1101, 0, 0
843999, 1297, 0, 0
844999, 1273, 0, 0
846000, 1084, 0, 0
847000, 1252, 0, 0
847999, 1377, 0, 0
848999, 1257, 0, 0
850000, 1344, 0, 0
851000, 1060, 0, 0
851999, 1317, 0, 0
853000, 1208, 0, 0
854000, 1244, 0, 0
854999, 1193, 0, 0
855999, 1337, 0, 0
857000, 1232, 0, 0
858000, 1072, 0, 0
858999, 996, 0, 0
860000, 1212, 0, 0
860999, 1089, 0, 0
861999, 1261, 0, 0
863000, 1284, 0, 0
864000, 1280, 0, 0
864999, 1097, 0, 0
866000, 1192, 0, 0
867000, 1224, 0, 0
867999, 1125, 0, 0
869000, 1288, 0, 0
870000, 1432, 0, 0
870999, 1125, 0, 0
872000, 1228, 0, 0
873000, 1240, 0, 0
873999, 1113, 0, 0
875000, 948, 0, 0
876000, 1240, 0, 0
876999, 1205, 0, 0
878000, 1124, 0, 0
879000, 1244, 0, 0
879999, 1089, 0, 0
881000, 1320, 0, 0
882000, 1112, 0, 0
882999, 1261, 0, 0
884000, 1168, 0, 0
885000, 1112, 0, 0
885999, 1193, 0, 0
887000, 1016, 0, 0
888000, 1196, 0, 0
888999, 1309, 0, 0
890000, 1224, 0, 0
891000, 1296, 0, 0
891999, 1229, 0, 0
892999, 1169, 0, 0
894000, 1204, 0, 0
895000, 1152, 0, 0
895999, 1217, 0, 0
897000, 1264, 0, 0
898000, 1152, 0, 0
898999, 1069, 0, 0
900000, 1256, 0, 0
901000, 1260, 0, 0
901999, 1257, 0, 0
903000, 1216, 0, 0
904000, 1156, 0, 0
904999, 1129, 0, 0
905999, 1129, 0, 0
907000, 1104, 0, 0
908000, 1268, 0, 0
908999, 1077, 0, 0
910000, 1164, 0, 0
911000, 1296, 0, 0
911999, 1181, 0, 0
912999, 1037, 0, 0
914000, 1192, 0, 0
915000, 1076, 0, 0
915999, 1061, 0, 0
916999, 1085, 0, 0
918000, 1068, 0, 0
919000, 1352, 0, 0
919999, 1261, 0, 0
921000, 1152, 0, 0
922000, 1076, 0, 0
922999, 1253, 0, 0
924000, 1076, 0, 0
925000, 1140, 0, 0
925999, 1177, 0, 0
927000, 1244, 0, 0
928000, 1216, 0, 0
928999, 1121, 0, 0
930000, 1112, 0, 0
930999, 1285, 0, 0
931999, 1129, 0, 0
933000, 1088, 0, 0
934000, 960, 0, 0
934999, 1145, 0, 0
936000, 1204, 0, 0
937000, 1032, 0, 0
937999, 1185, 0, 0
939000, 1216, 0, 0
940000, 1152, 0, 0
940999, 1245, 0, 0
941999, 1057, 0, 0
943000, 1124, 0, 0
943999, 1257, 0, 0
944999, 1021, 0, 0
946000, 1096, 0, 0
946999, 1161, 0, 0
947999, 1233, 0, 0
949000, 1192, 0, 0
950000, 1056, 0, 0
950999, 1241, 0, 0
952000, 1001, 0, 0
953000, 1244, 0, 0
953999, 1141, 0, 0
954999, 1237, 0, 0
956000, 1120, 0, 0
957000, 1372, 0, 0
957999, 1093, 0, 0
959000, 1216, 0, 0
960000, 1160, 0, 0
960999, 1137, 0, 0
962000, 964, 0, 0
963000, 1384, 0, 0
963999, 1121, 0, 0
964999, 1173, 0, 0
966000, 1144, 0, 0
967000, 1200, 0, 0
967999, 1273, 0, 0
968999, 1233, 0, 0
970000, 1136, 0, 0
971000, 1272, 0, 0
971999, 1069, 0, 0
973000, 1080, 0, 0
974000, 1048, 0, 0
974999, 1221, 0, 0
975999, 1173, 0, 0
977000, 1316, 0, 0
978000, 1140, 0, 0
978999, 1201, 0, 0
980000, 1164, 0, 0
981000, 1164, 0, 0
981999, 1089, 0, 0
982999, 1081, 0, 0
984000, 1044, 0, 0
984999, 1157, 0, 0
985999, 1221, 0, 0
987000, 1176, 0, 0
987999, 1121, 0, 0
988999, 1129, 0, 0
990000, 1156, 0, 0
990999, 1229, 0, 0
991999, 1017, 0, 0
993000, 1204, 0, 0
994000, 1060, 0, 0
994999, 1245, 0, 0
996000, 1292, 0, 0
997000, 1056, 0, 0
997999, 1045, 0, 0
999000, 1168, 0, 0
1000000, 952, 0, 0
1000999, 1257, 0, 0
1001999, 1125, 0, 0
1003000, 1196, 0, 0
1004000, 1056, 0, 0
1004999, 1057, 0, 0
1005999, 1145, 0, 0
1007000, 1076, 0, 0
1008000, 1336, 0, 0
1008999, 1281, 0, 0
1009999, 1177, 0, 0
1011000, 1064, 0, 0
1011999, 1165, 0, 0
1012999, 1085, 0, 0
1014000, 1136, 0, 0
1014999, 1321, 0, 0
1015999, 1157, 0, 0
1017000, 1028, 0, 0
1018000, 1168, 0, 0
1018999, 1089, 0, 0
1020000, 964, 0, 0
1021000, 1136, 0, 0
1021999, 900, 0, 0
1023000, 1132, 0, 0
1024000, 980, 0, 0
1024999, 1201, 0, 0
1026000, 1112, 0, 0
1027000, 1176, 0, 0
1027999, 1241, 0, 0
1028999, 1033, 0, 0
1030000, 1132, 0, 0
1030999, 1121, 0, 0
1031999, 1073, 0, 0
1033000, 1128, 0, 0
1033999, 988, 0, 0
1034999, 1217, 0, 0
1036000, 1112, 0, 0
1036999, 1129, 0, 0
1037999, 1169, 0, 0
1039000, 980, 0, 0
1039999, 1125, 0, 0
1040999, 1065, 0, 0
1042000, 1112, 0, 0
1042999, 1169, 0, 0
1043999, 1089, 0, 0
1045000, 1176, 0, 0
1045999, 1013, 0, 0
1046999, 1157, 0, 0
1048000, 968, 0, 0
1048999, 1173, 0, 0
1050000, 1092, 0, 0
1051000, 1040, 0, 0
1051999, 1117, 0, 0
1052999, 1093, 0, 0
1054000, 1172, 0, 0
1054999, 1149, 0, 0
1055999, 1033, 0, 0
1057000, 1028, 0, 0
1058000, 1080, 0, 0
1058999, 1089, 0, 0
1060000, 1048, 0, 0
1061000, 1152, 0, 0
1061999, 1101, 0, 0
1063000, 1140, 0, 0
1064000, 1052, 0, 0
1064999, 1157, 0, 0
1066000, 972, 0, 0
1067000, 1100, 0, 0
1067999, 1241, 0, 0
1068999, 1233, 0, 0
1070000, 1140, 0, 0
1071000, 976, 0, 0
1071999, 1017, 0, 0
1072999, 1185, 0, 0
1074000, 1076, 0, 0
1074999, 1065, 0, 0
1075999, 1141, 0, 0
1077000, 1032, 0, 0
1077999, 928, 0, 0
1078999, 1105, 0, 0
1080000, 1160, 0, 0
1081000, 984, 0, 0
1081999, 968, 0, 0
1083000, 1128, 0, 0
1084000, 988, 0, 0
1084999, 1133, 0, 0
1085999, 1025, 0, 0
1087000, 1048, 0, 0
1088000, 1084, 0, 0
1088999, 1077, 0, 0
1089999, 1049, 0, 0
1091000, 1152, 0, 0
1092000, 1024, 0, 0
1092999, 1049, 0, 0
1094000, 996, 0, 0
1095000, 1136, 0, 0
1095999, 1185, 0, 0
1097000, 1092, 0, 0
1098000, 1160, 0, 0
1098999, 968, 0, 0
1099999, 1049, 0, 0
1101000, 1116, 0, 0
1101999, 1009, 0, 0
1102999, 1089, 0, 0
1104000, 1016, 0, 0
1104999, 1041, 0, 0
1105999, 1081, 0, 0
1107000, 1088, 0, 0
1108000, 1040, 0, 0
1108999, 1021, 0, 0
1110000, 1040, 0, 0
1111000, 1116, 0, 0
1111999, 1089, 0, 0
1112999, 1001, 0, 0
1114000, 1024, 0, 0
1115000, 1000, 0, 0
1115999, 1001, 0, 0
1116999, 1033, 0, 0
1118000, 1172, 0, 0
1119000, 1188, 0, 0
1119999, 1149, 0, 0
1121000, 1184, 0, 0
1122000, 996, 0, 0
1122999, 1117, 0, 0
1124000, 1012, 0, 0
1125000, 1020, 0, 0
1125999, 1009, 0, 0
1127000, 1080, 0, 0
1128000, 1092, 0, 0
1128999, 1049, 0, 0
1129999, 896, 0, 0
1131000, 1012, 0, 0
1132000, 1060, 0, 0
1132999, 924, 0, 0
1134000, 1072, 0, 0
1135000, 1076, 0, 0
1135999, 908, 0, 0
1136999, 1181, 0, 0
1138000, 932, 0, 0
1138999, 1073, 0, 0
1140000, 1040, 0, 0
1141000, 1084, 0, 0
1141999, 932, 0, 0
1142999, 1129, 0, 0
1144000, 940, 0, 0
1144999, 900, 0, 0
1145999, 936, 0, 0
1147000, 872, 0, 0
1148000, 916, 0, 0
1148999, 1009, 0, 0
1150000, 1068, 0, 0
1151000, 1120, 0, 0
1151999, 1177, 0, 0
1152999, 1073, 0, 0
1154000, 932, 0, 0
1154999, 1145, 0, 0
1156000, 924, 0, 0
1157000, 908, 0, 0
1157999, 1073, 0, 0
1158999, 940, 0, 0
1160000, 976, 0, 0
1160999, 1081, 0, 0
1162000, 1144, 0, 0
1163000, 1004, 0, 0
1163999, 1033, 0, 0
1164999, 972, 0, 0
1166000, 896, 0, 0
1167000, 1060, 0, 0
1167999, 924, 0, 0
1169000, 1008, 0, 0
1170000, 1060, 0, 0
1170999, 936, 0, 0
1172000, 852, 0, 0
1173000, 1040, 0, 0
1173999, 916, 0, 0
1174999, 1049, 0, 0
1176000, 968, 0, 0
1176999, 924, 0, 0
1177999, 916, 0, 0
1179000, 864, 0, 0
1180000, 1000, 0, 0
1180999, 964, 0, 0
1182000, 988, 0, 0
1182999, 1057, 0, 0
1183999, 932, 0, 0
1185000, 948, 0, 0
1186000, 1044, 0, 0
1186999, 1001, 0, 0
1188000, 924, 0, 0
1189000, 892, 0, 0
1189999, 1057, 0, 0
1191000, 1020, 0, 0
1192000, 944, 0, 0
1192999, 912, 0, 0
1194000, 904, 0, 0
1195000, 864, 0, 0
1195999, 1065, 0, 0
1197000, 984, 0, 0
1198000, 1040, 0, 0
1198999, 932, 0, 0
1199999, 940, 0, 0
