1000, 134, 0, 0
1999, 176, 0, 0
2999, 185, 0, 0
4000, 176, 0, 0
5000, 176, 0, 0
5999, 169, 0, 0
6999, 197, 0, 0
8000, 197, 0, 0
8999, 158, 0, 0
9999, 147, 0, 0
11000, 289, 0, 0
11999, 160, 0, 0
12999, 136, 0, 0
13999, 225, 0, 0
15000, 165, 0, 0
15999, 159, 0, 0
16999, 218, 0, 0
18000, 191, 0, 0
18999, 312, 0, 0
19999, 272, 0, 0
20999, 434, 0, 0
22000, 137, 0, 0
23000, 155, 0, 0
23999, 156, 0, 0
25000, 167, 0, 0
25999, 314, 0, 0
26999, 160, 0, 0
28000, 226, 0, 0
29000, 324, 0, 0
29999, 458, 0, 0
30999, 181, 0, 0
32000, 182, 0, 0
33000, 332, 0, 0
33999, 285, 0, 0
35000, 196, 0, 0
36000, 352, 0, 0
36999, 270, 0, 0
37999, 151, 0, 0
39000, 159, 0, 0
39999, 206, 0, 0
40999, 159, 0, 0
42000, 277, 0, 0
42999, 195, 0, 0
43999, 180, 0, 0
44999, 186, 0, 0
46000, 168, 0, 0
46999, 162, 0, 0
47999, 195, 0, 0
48999, 184, 0, 0
50000, 220, 0, 0
50999, 195, 0, 0
51999, 134, 0, 0
52999, 172, 0, 0
54000, 166, 0, 0
54999, 184, 0, 0
56000, 209, 0, 0
57000, 214, 0, 0
57999, 174, 0, 0
59000, 191, 0, 0
60000, 188, 0, 0
60999, 171, 0, 0
61999, 169, 0, 0
63000, 221, 0, 0
63999, 209, 0, 0
64999, 195, 0, 0
66000, 379, 0, 0
66999, 284, 0, 0
67999, 198, 0, 0
69000, 218, 0, 0
70000, 190, 0, 0
70999, 201, 0, 0
71999, 172, 0, 0
73000, 181, 0, 0
73999, 184, 0, 0
74999, 172, 0, 0
76000, 168, 0, 0
77000, 164, 0, 0
77999, 201, 0, 0
79000, 151, 0, 0
80000, 186, 0, 0
80999, 182, 0, 0
81999, 168, 0, 0
83000, 182, 0, 0
83999, 339, 0, 0
84999, 337, 0, 0
86000, 199, 0, 0
87000, 179, 0, 0
87999, 178, 0, 0
88999, 189, 0, 0
90000, 183, 0, 0
90999, 156, 0, 0
91999, 204, 0, 0
93000, 159, 0, 0
93999, 206, 0, 0
94999, 166, 0, 0
96000, 210, 0, 0
96999, 179, 0, 0
97999, 199, 0, 0
99000, 187, 0, 0
99999, 313, 0, 0
100999, 162, 0, 0
102000, 199, 0, 0
103000, 200, 0, 0
103999, 181, 0, 0
104999, 166, 0, 0
106000, 164, 0, 0
106999, 173, 0, 0
108000, 152, 0, 0
109000, 192, 0, 0
109999, 216, 0, 0
110999, 303, 0, 0
112000, 197, 0, 0
112999, 362, 0, 0
114000, 204, 0, 0
115000, 206, 0, 0
115999, 214, 0, 0
116999, 191, 0, 0
118000, 229, 0, 0
118999, 200, 0, 0
119999, 165, 0, 0
121000, 155, 0, 0
121999, 179, 0, 0
122999, 191, 0, 0
124000, 177, 0, 0
125000, 211, 0, 0
125999, 191, 0, 0
126999, 170, 0, 0
128000, 195, 0, 0
128999, 169, 0, 0
129999, 185, 0, 0
131000, 182, 0, 0
131999, 176, 0, 0
132999, 200, 0, 0
134000, 187, 0, 0
134999, 225, 0, 0
135999, 183, 0, 0
137000, 212, 0, 0
137999, 304, 0, 0
138999, 205, 0, 0
140000, 171, 0, 0
140999, 190, 0, 0
141999, 158, 0, 0
143000, 157, 0, 0
143999, 156, 0, 0
144999, 178, 0, 0
146000, 182, 0, 0
146999, 228, 0, 0
147999, 222, 0, 0
149000, 208, 0, 0
149999, 204, 0, 0
150999, 227, 0, 0
152000, 181, 0, 0
152999, 220, 0, 0
153999, 206, 0, 0
155000, 180, 0, 0
155999, 211, 0, 0
156999, 222, 0, 0
158000, 195, 0, 0
158999, 213, 0, 0
159999, 196, 0, 0
161000, 193, 0, 0
162000, 219, 0, 0
162999, 228, 0, 0
164000, 244, 0, 0
165000, 266, 0, 0
165999, 207, 0, 0
167000, 203, 0, 0
168000, 218, 0, 0
168999, 208, 0, 0
169999, 218, 0, 0
171000, 218, 0, 0
171999, 199, 0, 0
172999, 207, 0, 0
174000, 241, 0, 0
175000, 204, 0, 0
175999, 237, 0, 0
177000, 210, 0, 0
178000, 178, 0, 0
178999, 187, 0, 0
180000, 172, 0, 0
180999, 201, 0, 0
181999, 172, 0, 0
183000, 189, 0, 0
183999, 225, 0, 0
184999, 194, 0, 0
186000, 178, 0, 0
186999, 186, 0, 0
187999, 169, 0, 0
189000, 206, 0, 0
189999, 189, 0, 0
190999, 227, 0, 0
192000, 236, 0, 0
192999, 207, 0, 0
193999, 245, 0, 0
195000, 234, 0, 0
195999, 216, 0, 0
196999, 263, 0, 0
198000, 235, 0, 0
198999, 217, 0, 0
199999, 214, 0, 0
201000, 195, 0, 0
201999, 228, 0, 0
202999, 227, 0, 0
204000, 209, 0, 0
204999, 216, 0, 0
205999, 216, 0, 0
207000, 253, 0, 0
207999, 221, 0, 0
208999, 200, 0, 0
210000, 199, 0, 0
210999, 196, 0, 0
211999, 237, 0, 0
213000, 245, 0, 0
213999, 211, 0, 0
214999, 230, 0, 0
216000, 224, 0, 0
216999, 194, 0, 0
217999, 217, 0, 0
219000, 197, 0, 0
219999, 218, 0, 0
220999, 240, 0, 0
222000, 226, 0, 0
222999, 183, 0, 0
223999, 200, 0, 0
225000, 180, 0, 0
225999, 211, 0, 0
226999, 203, 0, 0
228000, 191, 0, 0
228999, 213, 0, 0
229999, 211, 0, 0
231000, 202, 0, 0
232000, 200, 0, 0
232999, 186, 0, 0
233999, 210, 0, 0
235000, 215, 0, 0
235999, 191, 0, 0
236999, 231, 0, 0
238000, 211, 0, 0
238999, 215, 0, 0
239999, 229, 0, 0
241000, 228, 0, 0
241999, 226, 0, 0
242999, 239, 0, 0
244000, 223, 0, 0
244999, 222, 0, 0
245999, 210, 0, 0
247000, 204, 0, 0
247999, 212, 0, 0
248999, 204, 0, 0
250000, 200, 0, 0
250999, 220, 0, 0
251999, 207, 0, 0
253000, 200, 0, 0
253999, 200, 0, 0
254999, 208, 0, 0
256000, 217, 0, 0
256999, 191, 0, 0
257999, 219, 0, 0
259000, 190, 0, 0
259999, 208, 0, 0
260999, 186, 0, 0
262000, 227, 0, 0
263000, 222, 0, 0
263999, 221, 0, 0
265000, 225, 0, 0
266000, 206, 0, 0
266999, 213, 0, 0
268000, 188, 0, 0
268999, 188, 0, 0
269999, 212, 0, 0
270999, 202, 0, 0
272000, 213, 0, 0
272999, 190, 0, 0
273999, 189, 0, 0
275000, 205, 0, 0
275999, 225, 0, 0
276999, 199, 0, 0
278000, 228, 0, 0
278999, 190, 0, 0
279999, 231, 0, 0
281000, 226, 0, 0
282000, 236, 0, 0
282999, 192, 0, 0
283999, 217, 0, 0
285000, 195, 0, 0
285999, 204, 0, 0
286999, 231, 0, 0
288000, 202, 0, 0
288999, 239, 0, 0
289999, 204, 0, 0
291000, 212, 0, 0
292000, 221, 0, 0
292999, 194, 0, 0
293999, 219, 0, 0
295000, 188, 0, 0
295999, 223, 0, 0
296999, 229, 0, 0
298000, 255, 0, 0
298999, 218, 0, 0
299999, 214, 0, 0
301000, 205, 0, 0
301999, 247, 0, 0
302999, 241, 0, 0
304000, 205, 0, 0
304999, 228, 0, 0
305999, 230, 0, 0
307000, 205, 0, 0
308000, 199, 0, 0
308999, 211, 0, 0
310000, 220, 0, 0
311000, 222, 0, 0
311999, 240, 0, 0
313000, 196, 0, 0
314000, 195, 0, 0
314999, 233, 0, 0
315999, 232, 0, 0
317000, 233, 0, 0
317999, 213, 0, 0
318999, 209, 0, 0
320000, 223, 0, 0
320999, 246, 0, 0
321999, 212, 0, 0
323000, 219, 0, 0
323999, 215, 0, 0
324999, 239, 0, 0
326000, 204, 0, 0
326999, 231, 0, 0
327999, 211, 0, 0
329000, 244, 0, 0
329999, 218, 0, 0
330999, 212, 0, 0
332000, 220, 0, 0
332999, 216, 0, 0
333999, 211, 0, 0
335000, 203, 0, 0
335999, 202, 0, 0
337000, 200, 0, 0
338000, 236, 0, 0
338999, 200, 0, 0
339999, 213, 0, 0
341000, 203, 0, 0
341999, 196, 0, 0
342999, 211, 0, 0
344000, 229, 0, 0
344999, 213, 0, 0
345999, 221, 0, 0
347000, 239, 0, 0
348000, 206, 0, 0
348999, 185, 0, 0
350000, 220, 0, 0
351000, 209, 0, 0
351999, 189, 0, 0
352999, 234, 0, 0
354000, 234, 0, 0
354999, 235, 0, 0
355999, 198, 0, 0
357000, 203, 0, 0
357999, 207, 0, 0
358999, 205, 0, 0
360000, 232, 0, 0
360999, 198, 0, 0
361999, 183, 0, 0
363000, 203, 0, 0
363999, 215, 0, 0
364999, 208, 0, 0
366000, 216, 0, 0
367000, 200, 0, 0
367999, 208, 0, 0
368999, 195, 0, 0
369999, 207, 0, 0
371000, 195, 0, 0
371999, 217, 0, 0
372999, 213, 0, 0
374000, 204, 0, 0
374999, 202, 0, 0
375999, 207, 0, 0
377000, 195, 0, 0
377999, 203, 0, 0
378999, 199, 0, 0
380000, 227, 0, 0
381000, 191, 0, 0
381999, 199, 0, 0
383000, 202, 0, 0
384000, 207, 0, 0
384999, 198, 0, 0
385999, 210, 0, 0
387000, 190, 0, 0
387999, 205, 0, 0
388999, 228, 0, 0
390000, 187, 0, 0
390999, 212, 0, 0
392000, 200, 0, 0
393000, 190, 0, 0
393999, 201, 0, 0
395000, 216, 0, 0
396000, 219, 0, 0
396999, 224, 0, 0
398000, 214, 0, 0
398999, 193, 0, 0
399999, 215, 0, 0
401000, 202, 0, 0
402000, 204, 0, 0
402999, 201, 0, 0
404000, 224, 0, 0
405000, 191, 0, 0
405999, 209, 0, 0
407000, 232, 0, 0
408000, 212, 0, 0
408999, 193, 0, 0
410000, 204, 0, 0
411000, 200, 0, 0
411999, 215, 0, 0
413000, 206, 0, 0
413999, 214, 0, 0
414999, 212, 0, 0
416000, 216, 0, 0
416999, 216, 0, 0
417999, 191, 0, 0
419000, 205, 0, 0
419999, 219, 0, 0
420999, 180, 0, 0
422000, 195, 0, 0
422999, 188, 0, 0
423999, 205, 0, 0
425000, 199, 0, 0
425999, 202, 0, 0
426999, 215, 0, 0
428000, 187, 0, 0
428999, 226, 0, 0
429999, 215, 0, 0
431000, 207, 0, 0
431999, 223, 0, 0
432999, 204, 0, 0
434000, 213, 0, 0
434999, 204, 0, 0
436000, 208, 0, 0
437000, 222, 0, 0
437999, 184, 0, 0
439000, 201, 0, 0
440000, 180, 0, 0
440999, 198, 0, 0
441999, 187, 0, 0
443000, 228, 0, 0
443999, 202, 0, 0
444999, 202, 0, 0
446000, 196, 0, 0
446999, 212, 0, 0
447999, 204, 0, 0
449000, 174, 0, 0
449999, 177, 0, 0
451000, 194, 0, 0
451999, 210, 0, 0
452999, 195, 0, 0
454000, 204, 0, 0
454999, 201, 0, 0
455999, 193, 0, 0
457000, 231, 0, 0
457999, 181, 0, 0
458999, 209, 0, 0
460000, 210, 0, 0
460999, 205, 0, 0
461999, 216, 0, 0
463000, 165, 0, 0
463999, 223, 0, 0
464999, 187, 0, 0
466000, 205, 0, 0
466999, 216, 0, 0
467999, 213, 0, 0
469000, 204, 0, 0
469999, 192, 0, 0
470999, 213, 0, 0
472000, 224, 0, 0
472999, 189, 0, 0
473999, 199, 0, 0
475000, 209, 0, 0
475999, 195, 0, 0
476999, 205, 0, 0
478000, 194, 0, 0
478999, 216, 0, 0
480000, 188, 0, 0
481000, 206, 0, 0
481999, 197, 0, 0
482999, 211, 0, 0
484000, 176, 0, 0
484999, 211, 0, 0
485999, 205, 0, 0
487000, 203, 0, 0
487999, 190, 0, 0
488999, 214, 0, 0
490000, 216, 0, 0
490999, 195, 0, 0
491999, 212, 0, 0
493000, 223, 0, 0
493999, 190, 0, 0
494999, 204, 0, 0
496000, 213, 0, 0
496999, 209, 0, 0
497999, 215, 0, 0
499000, 183, 0, 0
499999, 227, 0, 0
500999, 189, 0, 0
502000, 214, 0, 0
502999, 187, 0, 0
503999, 214, 0, 0
505000, 201, 0, 0
505999, 201, 0, 0
506999, 218, 0, 0
508000, 204, 0, 0
508999, 201, 0, 0
510000, 203, 0, 0
511000, 204, 0, 0
511999, 211, 0, 0
513000, 182, 0, 0
513999, 210, 0, 0
514999, 194, 0, 0
515999, 212, 0, 0
517000, 182, 0, 0
517999, 212, 0, 0
518999, 191, 0, 0
520000, 214, 0, 0
520999, 198, 0, 0
521999, 199, 0, 0
523000, 215, 0, 0
523999, 200, 0, 0
524999, 216, 0, 0
526000, 191, 0, 0
526999, 178, 0, 0
527999, 191, 0, 0
529000, 194, 0, 0
529999, 187, 0, 0
530999, 207, 0, 0
532000, 189, 0, 0
532999, 200, 0, 0
533999, 195, 0, 0
535000, 185, 0, 0
536000, 189, 0, 0
536999, 204, 0, 0
537999, 204, 0, 0
539000, 208, 0, 0
539999, 188, 0, 0
540999, 210, 0, 0
542000, 194, 0, 0
542999, 202, 0, 0
543999, 204, 0, 0
545000, 196, 0, 0
545999, 206, 0, 0
546999, 194, 0, 0
548000, 223, 0, 0
548999, 198, 0, 0
549999, 170, 0, 0
551000, 178, 0, 0
552000, 186, 0, 0
552999, 195, 0, 0
553999, 182, 0, 0
555000, 190, 0, 0
555999, 197, 0, 0
557000, 215, 0, 0
558000, 202, 0, 0
558999, 216, 0, 0
560000, 212, 0, 0
561000, 196, 0, 0
561999, 190, 0, 0
563000, 217, 0, 0
564000, 211, 0, 0
564999, 199, 0, 0
565999, 195, 0, 0
567000, 200, 0, 0
567999, 198, 0, 0
568999, 216, 0, 0
570000, 182, 0, 0
570999, 216, 0, 0
571999, 199, 0, 0
573000, 208, 0, 0
573999, 215, 0, 0
574999, 220, 0, 0
576000, 219, 0, 0
576999, 201, 0, 0
577999, 189, 0, 0
579000, 192, 0, 0
580000, 183, 0, 0
580999, 207, 0, 0
581999, 202, 0, 0
583000, 185, 0, 0
583999, 185, 0, 0
584999, 205, 0, 0
586000, 222, 0, 0
586999, 187, 0, 0
587999, 211, 0, 0
588999, 216, 0, 0
589999, 180, 0, 0
590999, 197, 0, 0
592000, 210, 0, 0
592999, 209, 0, 0
593999, 186, 0, 0
595000, 188, 0, 0
595999, 232, 0, 0
596999, 209, 0, 0
598000, 198, 0, 0
598999, 212, 0, 0
599999, 196, 0, 0
601000, 198, 0, 0
601999, 194, 0, 0
602999, 211, 0, 0
604000, 228, 0, 0
604999, 205, 0, 0
605999, 208, 0, 0
607000, 205, 0, 0
607999, 200, 0, 0
608999, 207, 0, 0
610000, 203, 0, 0
611000, 193, 0, 0
611999, 197, 0, 0
613000, 207, 0, 0
614000, 204, 0, 0
614999, 204, 0, 0
616000, 176, 0, 0
617000, 209, 0, 0
617999, 203, 0, 0
619000, 200, 0, 0
619999, 225, 0, 0
620999, 205, 0, 0
622000, 207, 0, 0
623000, 181, 0, 0
623999, 205, 0, 0
625000, 183, 0, 0
625999, 202, 0, 0
626999, 180, 0, 0
628000, 195, 0, 0
628999, 176, 0, 0
629999, 201, 0, 0
631000, 195, 0, 0
631999, 193, 0, 0
632999, 188, 0, 0
634000, 198, 0, 0
634999, 177, 0, 0
635999, 180, 0, 0
637000, 184, 0, 0
637999, 224, 0, 0
638999, 189, 0, 0
640000, 202, 0, 0
640999, 185, 0, 0
641999, 204, 0, 0
643000, 178, 0, 0
644000, 204, 0, 0
644999, 206, 0, 0
645999, 218, 0, 0
647000, 199, 0, 0
647999, 193, 0, 0
649000, 204, 0, 0
650000, 207, 0, 0
651000, 206, 0, 0
652000, 187, 0, 0
653000, 213, 0, 0
654000, 206, 0, 0
655000, 185, 0, 0
656000, 190, 0, 0
657000, 207, 0, 0
658000, 208, 0, 0
659000, 188, 0, 0
660000, 228, 0, 0
661000, 197, 0, 0
662000, 198, 0, 0
663000, 193, 0, 0
664000, 178, 0, 0
665000, 183, 0, 0
666000, 197, 0, 0
667000, 232, 0, 0
668000, 200, 0, 0
669000, 205, 0, 0
670000, 202, 0, 0
671000, 229, 0, 0
672000, 194, 0, 0
672999, 189, 0, 0
674000, 212, 0, 0
675000, 185, 0, 0
676000, 185, 0, 0
677000, 210, 0, 0
678000, 217, 0, 0
679000, 218, 0, 0
680000, 198, 0, 0
681000, 206, 0, 0
682000, 192, 0, 0
683000, 214, 0, 0
684000, 188, 0, 0
685000, 209, 0, 0
686000, 225, 0, 0
687000, 187, 0, 0
688000, 205, 0, 0
689000, 198, 0, 0
690000, 177, 0, 0
691000, 204, 0, 0
692000, 190, 0, 0
693000, 196, 0, 0
694000, 233, 0, 0
695000, 206, 0, 0
696000, 193, 0, 0
697000, 193, 0, 0
698000, 200, 0, 0
699000, 207, 0, 0
700000, 173, 0, 0
701000, 204, 0, 0
702000, 187, 0, 0
703000, 189, 0, 0
703999, 176, 0, 0
705000, 189, 0, 0
706000, 210, 0, 0
706999, 225, 0, 0
707999, 180, 0, 0
708999, 196, 0, 0
709999, 178, 0, 0
710999, 210, 0, 0
711998, 216, 0, 0
712998, 184, 0, 0
713998, 198, 0, 0
714998, 207, 0, 0
715998, 206, 0, 0
716997, 196, 0, 0
717998, 207, 0, 0
718998, 191, 0, 0
719997, 182, 0, 0
720997, 195, 0, 0
721996, 187, 0, 0
722997, 198, 0, 0
723997, 193, 0, 0
724996, 199, 0, 0
725996, 178, 0, 0
726996, 223, 0, 0
727996, 214, 0, 0
728996, 184, 0, 0
729995, 197, 0, 0
730995, 206, 0, 0
731995, 185, 0, 0
732995, 212, 0, 0
733994, 190, 0, 0
734995, 233, 0, 0
735995, 185, 0, 0
736994, 205, 0, 0
737994, 179, 0, 0
738994, 184, 0, 0
739994, 177, 0, 0
740993, 190, 0, 0
741993, 194, 0, 0
742993, 191, 0, 0
743993, 205, 0, 0
744993, 185, 0, 0
745992, 203, 0, 0
746993, 207, 0, 0
747992, 195, 0, 0
748992, 190, 0, 0
749992, 194, 0, 0
750991, 196, 0, 0
751992, 200, 0, 0
752992, 189, 0, 0
753991, 197, 0, 0
754991, 207, 0, 0
755991, 179, 0, 0
756991, 193, 0, 0
758000, 210, 0, 0
759000, 203, 0, 0
759999, 208, 0, 0
761000, 183, 0, 0
761999, 208, 0, 0
762999, 186, 0, 0
763999, 206, 0, 0
765000, 201, 0, 0
765999, 207, 0, 0
766999, 179, 0, 0
768000, 198, 0, 0
768999, 183, 0, 0
769999, 195, 0, 0
771000, 203, 0, 0
772000, 182, 0, 0
772999, 215, 0, 0
773999, 163, 0, 0
775000, 187, 0, 0
775999, 184, 0, 0
776999, 192, 0, 0
778000, 189, 0, 0
778999, 181, 0, 0
779999, 190, 0, 0
781000, 207, 0, 0
781999, 186, 0, 0
782999, 190, 0, 0
784000, 183, 0, 0
784999, 200, 0, 0
785999, 210, 0, 0
787000, 202, 0, 0
787999, 187, 0, 0
788999, 185, 0, 0
789999, 206, 0, 0
791000, 182, 0, 0
791999, 176, 0, 0
792999, 165, 0, 0
794000, 184, 0, 0
794999, 184, 0, 0
796000, 181, 0, 0
797000, 195, 0, 0
797999, 222, 0, 0
799000, 188, 0, 0
799999, 199, 0, 0
800999, 194, 0, 0
802000, 187, 0, 0
802999, 194, 0, 0
803999, 199, 0, 0
805000, 187, 0, 0
805999, 199, 0, 0
806999, 168, 0, 0
808000, 178, 0, 0
808999, 172, 0, 0
809999, 177, 0, 0
811000, 182, 0, 0
811999, 191, 0, 0
812999, 205, 0, 0
814000, 192, 0, 0
814999, 167, 0, 0
815999, 202, 0, 0
817000, 202, 0, 0
817999, 174, 0, 0
818999, 195, 0, 0
820000, 173, 0, 0
820999, 210, 0, 0
821999, 201, 0, 0
823000, 168, 0, 0
823999, 179, 0, 0
825000, 186, 0, 0
826000, 187, 0, 0
826999, 174, 0, 0
827999, 207, 0, 0
829000, 177, 0, 0
829999, 194, 0, 0
830999, 183, 0, 0
832000, 179, 0, 0
832999, 180, 0, 0
833999, 176, 0, 0
835000, 205, 0, 0
835999, 179, 0, 0
837000, 188, 0, 0
838000, 168, 0, 0
838999, 197, 0, 0
840000, 193, 0, 0
841000, 175, 0, 0
841999, 175, 0, 0
843000, 187, 0, 0
843999, 196, 0, 0
844999, 199, 0, 0
846000, 171, 0, 0
847000, 182, 0, 0
847999, 173, 0, 0
849000, 194, 0, 0
850000, 190, 0, 0
850999, 173, 0, 0
852000, 175, 0, 0
853000, 185, 0, 0
853999, 194, 0, 0
855000, 188, 0, 0
856000, 183, 0, 0
856999, 176, 0, 0
858000, 195, 0, 0
859000, 161, 0, 0
859999, 170, 0, 0
861000, 174, 0, 0
862000, 178, 0, 0
862999, 187, 0, 0
864000, 185, 0, 0
865000, 200, 0, 0
865999, 174, 0, 0
867000, 172, 0, 0
868000, 191, 0, 0
868999, 172, 0, 0
870000, 181, 0, 0
871000, 178, 0, 0
871999, 147, 0, 0
873000, 170, 0, 0
874000, 191, 0, 0
874999, 175, 0, 0
875999, 189, 0, 0
877000, 162, 0, 0
877999, 179, 0, 0
878999, 182, 0, 0
880000, 164, 0, 0
880999, 166, 0, 0
881999, 172, 0, 0
883000, 197, 0, 0
883999, 192, 0, 0
884999, 162, 0, 0
886000, 167, 0, 0
886999, 181, 0, 0
887999, 153, 0, 0
889000, 171, 0, 0
889999, 182, 0, 0
890999, 168, 0, 0
892000, 167, 0, 0
892999, 178, 0, 0
894000, 190, 0, 0
895000, 177, 0, 0
895999, 174, 0, 0
897000, 174, 0, 0
898000, 180, 0, 0
898999, 182, 0, 0
900000, 159, 0, 0
901000, 171, 0, 0
901999, 170, 0, 0
903000, 177, 0, 0
904000, 177, 0, 0
904999, 185, 0, 0
906000, 168, 0, 0
907000, 161, 0, 0
907999, 185, 0, 0
909000, 164, 0, 0
909999, 165, 0, 0
910999, 182, 0, 0
912000, 157, 0, 0
913000, 180, 0, 0
913999, 186, 0, 0
915000, 170, 0, 0
916000, 159, 0, 0
916999, 182, 0, 0
918000, 198, 0, 0
918999, 170, 0, 0
919999, 176, 0, 0
921000, 164, 0, 0
921999, 188, 0, 0
922999, 163, 0, 0
924000, 161, 0, 0
924999, 163, 0, 0
925999, 168, 0, 0
927000, 166, 0, 0
927999, 173, 0, 0
928999, 169, 0, 0
930000, 148, 0, 0
930999, 176, 0, 0
931999, 181, 0, 0
933000, 150, 0, 0
933999, 159, 0, 0
934999, 165, 0, 0
936000, 164, 0, 0
936999, 155, 0, 0
937999, 161, 0, 0
939000, 149, 0, 0
939999, 157, 0, 0
940999, 166, 0, 0
942000, 166, 0, 0
942999, 163, 0, 0
943999, 169, 0, 0
945000, 163, 0, 0
945999, 159, 0, 0
946999, 163, 0, 0
948000, 164, 0, 0
948999, 163, 0, 0
950000, 152, 0, 0
950999, 151, 0, 0
951999, 161, 0, 0
953000, 146, 0, 0
954000, 150, 0, 0
954999, 166, 0, 0
956000, 192, 0, 0
956999, 151, 0, 0
957999, 150, 0, 0
959000, 151, 0, 0
959999, 155, 0, 0
960999, 139, 0, 0
962000, 171, 0, 0
962999, 155, 0, 0
963999, 153, 0, 0
965000, 146, 0, 0
965999, 151, 0, 0
966999, 165, 0, 0
968000, 151, 0, 0
968999, 159, 0, 0
969999, 157, 0, 0
971000, 146, 0, 0
971999, 142, 0, 0
972999, 165, 0, 0
974000, 145, 0, 0
974999, 146, 0, 0
975999, 152, 0, 0
977000, 169, 0, 0
977999, 151, 0, 0
978999, 139, 0, 0
980000, 156, 0, 0
980999, 146, 0, 0
981999, 149, 0, 0
983000, 149, 0, 0
983999, 143, 0, 0
984999, 143, 0, 0
986000, 151, 0, 0
986999, 150, 0, 0
987999, 151, 0, 0
989000, 144, 0, 0
989999, 161, 0, 0
991000, 134, 0, 0
992000, 157, 0, 0
992999, 149, 0, 0
993999, 155, 0, 0
995000, 145, 0, 0
995999, 150, 0, 0
997000, 143, 0, 0
998000, 150, 0, 0
998999, 144, 0, 0
1000000, 153, 0, 0
1001000, 153, 0, 0
1001999, 145, 0, 0
1002999, 145, 0, 0
1004000, 141, 0, 0
1004999, 155, 0, 0
1005999, 154, 0, 0
1007000, 143, 0, 0
1007999, 155, 0, 0
1008999, 140, 0, 0
1010000, 144, 0, 0
1010999, 157, 0, 0
1011999, 141, 0, 0
1013000, 151, 0, 0
1013999, 126, 0, 0
1014999, 135, 0, 0
1016000, 151, 0, 0
1016999, 137, 0, 0
1017999, 148, 0, 0
1019000, 135, 0, 0
1019999, 143, 0, 0
1020999, 135, 0, 0
1022000, 148, 0, 0
1022999, 137, 0, 0
1023999, 147, 0, 0
1025000, 159, 0, 0
1025999, 138, 0, 0
1026999, 147, 0, 0
1028000, 141, 0, 0
1028999, 141, 0, 0
1029999, 151, 0, 0
1031000, 133, 0, 0
1031999, 135, 0, 0
1032999, 153, 0, 0
1034000, 139, 0, 0
1034999, 141, 0, 0
1035999, 135, 0, 0
1037000, 136, 0, 0
1037999, 145, 0, 0
1038999, 148, 0, 0
1040000, 144, 0, 0
1040999, 141, 0, 0
1041999, 148, 0, 0
1043000, 145, 0, 0
1043999, 137, 0, 0
1044999, 132, 0, 0
1046000, 143, 0, 0
1046999, 141, 0, 0
1047999, 135, 0, 0
1049000, 141, 0, 0
1049999, 117, 0, 0
1050999, 142, 0, 0
1052000, 140, 0, 0
1053000, 128, 0, 0
1053999, 146, 0, 0
1055000, 141, 0, 0
1056000, 127, 0, 0
1056999, 122, 0, 0
1058000, 142, 0, 0
1059000, 134, 0, 0
1059999, 137, 0, 0
1060999, 143, 0, 0
1062000, 134, 0, 0
1062999, 125, 0, 0
1063999, 155, 0, 0
1065000, 143, 0, 0
1065999, 134, 0, 0
1066999, 138, 0, 0
1068000, 142, 0, 0
1068999, 130, 0, 0
1069999, 135, 0, 0
1071000, 132, 0, 0
1071999, 146, 0, 0
1072999, 137, 0, 0
1074000, 134, 0, 0
1074999, 139, 0, 0
1075999, 144, 0, 0
1077000, 141, 0, 0
1078000, 137, 0, 0
1078999, 135, 0, 0
1080000, 141, 0, 0
1081000, 134, 0, 0
1081999, 139, 0, 0
1083000, 133, 0, 0
1084000, 121, 0, 0
1084999, 143, 0, 0
1085999, 140, 0, 0
1087000, 138, 0, 0
1087999, 133, 0, 0
1088999, 133, 0, 0
1090000, 140, 0, 0
1090999, 127, 0, 0
1091999, 145, 0, 0
1093000, 131, 0, 0
1093999, 123, 0, 0
1094999, 138, 0, 0
1096000, 136, 0, 0
1097000, 130, 0, 0
1097999, 146, 0, 0
1098999, 135, 0, 0
1100000, 132, 0, 0
1100999, 133, 0, 0
1101999, 130, 0, 0
1103000, 140, 0, 0
1103999, 133, 0, 0
1104999, 139, 0, 0
1106000, 131, 0, 0
1106999, 142, 0, 0
1107999, 141, 0, 0
1109000, 138, 0, 0
1110000, 131, 0, 0
1110999, 132, 0, 0
1111999, 132, 0, 0
1113000, 141, 0, 0
1113999, 130, 0, 0
1114999, 119, 0, 0
1116000, 140, 0, 0
1116999, 144, 0, 0
1117999, 130, 0, 0
1119000, 133, 0, 0
1119999, 133, 0, 0
1120999, 140, 0, 0
1122000, 134, 0, 0
1123000, 133, 0, 0
1123999, 138, 0, 0
1125000, 132, 0, 0
1126000, 139, 0, 0
1126999, 133, 0, 0
1127999, 129, 0, 0
1129000, 144, 0, 0
1129999, 131, 0, 0
1130999, 142, 0, 0
1132000, 129, 0, 0
1133000, 130, 0, 0
1133999, 141, 0, 0
1134999, 140, 0, 0
1136000, 140, 0, 0
1136999, 141, 0, 0
1137999, 139, 0, 0
1139000, 124, 0, 0
1140000, 134, 0, 0
1140999, 129, 0, 0
1141999, 139, 0, 0
1143000, 143, 0, 0
1144000, 121, 0, 0
1144999, 133, 0, 0
1145999, 135, 0, 0
1146999, 138, 0, 0
1148000, 133, 0, 0
1149000, 129, 0, 0
1150000, 141, 0, 0
1151000, 133, 0, 0
1151999, 135, 0, 0
1152999, 142, 0, 0
1154000, 131, 0, 0
1155000, 140, 0, 0
1156000, 133, 0, 0
1157000, 133, 0, 0
1157999, 130, 0, 0
1158999, 132, 0, 0
1159999, 140, 0, 0
1161000, 130, 0, 0
1162000, 138, 0, 0
1163000, 135, 0, 0
1164000, 145, 0, 0
1164999, 140, 0, 0
1165999, 126, 0, 0
1166999, 146, 0, 0
1168000, 140, 0, 0
1169000, 132, 0, 0
1170000, 138, 0, 0
1171000, 137, 0, 0
1171999, 142, 0, 0
1172999, 135, 0, 0
1173999, 136, 0, 0
1175000, 132, 0, 0
1176000, 145, 0, 0
1177000, 144, 0, 0
1178000, 131, 0, 0
1178999, 132, 0, 0
1179999, 138, 0, 0
1180999, 141, 0, 0
1182000, 131, 0, 0
1183000, 134, 0, 0
1184000, 140, 0, 0
1185000, 141, 0, 0
1185999, 133, 0, 0
1186999, 140, 0, 0
1187999, 129, 0, 0
1189000, 134, 0, 0
1190000, 136, 0, 0
1191000, 139, 0, 0
1192000, 146, 0, 0
1192999, 134, 0, 0
1193999, 142, 0, 0
1194999, 131, 0, 0
1196000, 147, 0, 0
1197000, 131, 0, 0
1198000, 139, 0, 0
1198999, 127, 0, 0
1199999, 138, 0, 0
1200999, 131, 0, 0
1202000, 142, 0, 0
1203000, 137, 0, 0
1204000, 133, 0, 0
1205000, 139, 0, 0
1205999, 132, 0, 0
1206999, 141, 0, 0
1208000, 139, 0, 0
1209000, 132, 0, 0
1210000, 135, 0, 0
1211000, 136, 0, 0
1211999, 138, 0, 0
1212999, 126, 0, 0
1214000, 137, 0, 0
1215000, 139, 0, 0
1216000, 143, 0, 0
1217000, 134, 0, 0
1217999, 138, 0, 0
1218999, 136, 0, 0
1220000, 143, 0, 0
1221000, 131, 0, 0
1222000, 133, 0, 0
1223000, 136, 0, 0
1223999, 146, 0, 0
1224999, 134, 0, 0
1225999, 140, 0, 0
1227000, 140, 0, 0
1228000, 137, 0, 0
1229000, 133, 0, 0
1230000, 125, 0, 0
1230999, 140, 0, 0
1231999, 137, 0, 0
1233000, 136, 0, 0
1234000, 130, 0, 0
1235000, 143, 0, 0
1236000, 128, 0, 0
1237000, 130, 0, 0
1238000, 159, 0, 0
1238999, 136, 0, 0
1239999, 142, 0, 0
1240999, 135, 0, 0
1242000, 140, 0, 0
1243000, 142, 0, 0
1244000, 142, 0, 0
1245000, 138, 0, 0
1246000, 136, 0, 0
1246999, 144, 0, 0
1247999, 143, 0, 0
1248999, 143, 0, 0
1250000, 132, 0, 0
1251000, 143, 0, 0
1252000, 139, 0, 0
1253000, 137, 0, 0
1254000, 141, 0, 0
1255000, 140, 0, 0
1255999, 146, 0, 0
1256999, 134, 0, 0
1257999, 142, 0, 0
1259000, 124, 0, 0
1260000, 135, 0, 0
1261000, 120, 0, 0
1262000, 130, 0, 0
1263000, 145, 0, 0
1263999, 144, 0, 0
1264999, 135, 0, 0
1265999, 146, 0, 0
1267000, 145, 0, 0
1268000, 135, 0, 0
1269000, 142, 0, 0
1270000, 133, 0, 0
1271000, 139, 0, 0
1272000, 135, 0, 0
1272999, 131, 0, 0
1273999, 141, 0, 0
1274999, 135, 0, 0
1276000, 147, 0, 0
1277000, 133, 0, 0
1278000, 126, 0, 0
1279000, 136, 0, 0
1280000, 136, 0, 0
1281000, 138, 0, 0
1281999, 144, 0, 0
1282999, 138, 0, 0
1284000, 135, 0, 0
1285000, 143, 0, 0
1286000, 143, 0, 0
1287000, 137, 0, 0
1288000, 139, 0, 0
1289000, 141, 0, 0
1289999, 136, 0, 0
1290999, 137, 0, 0
1292000, 135, 0, 0
1293000, 144, 0, 0
1294000, 135, 0, 0
1295000, 131, 0, 0
1296000, 145, 0, 0
1297000, 134, 0, 0
1297999, 137, 0, 0
1298999, 145, 0, 0
1299999, 143, 0, 0
1301000, 137, 0, 0
1302000, 135, 0, 0
1303000, 133, 0, 0
1304000, 135, 0, 0
1305000, 141, 0, 0
1306000, 134, 0, 0
1306999, 146, 0, 0
1307999, 131, 0, 0
1308999, 135, 0, 0
1310000, 143, 0, 0
1311000, 142, 0, 0
1312000, 138, 0, 0
1313000, 146, 0, 0
1314000, 142, 0, 0
1315000, 132, 0, 0
1315999, 142, 0, 0
1316999, 138, 0, 0
1317999, 142, 0, 0
1319000, 140, 0, 0
1320000, 131, 0, 0
1321000, 132, 0, 0
1322000, 149, 0, 0
1323000, 136, 0, 0
1323999, 149, 0, 0
1324999, 141, 0, 0
1325999, 142, 0, 0
1327000, 136, 0, 0
1328000, 138, 0, 0
1329000, 145, 0, 0
1330000, 134, 0, 0
1331000, 132, 0, 0
1332000, 158, 0, 0
1332999, 140, 0, 0
1333999, 131, 0, 0
1334999, 139, 0, 0
1336000, 134, 0, 0
1337000, 134, 0, 0
1338000, 134, 0, 0
1339000, 141, 0, 0
1340000, 143, 0, 0
1341000, 134, 0, 0
1341999, 140, 0, 0
1342999, 137, 0, 0
1343999, 141, 0, 0
1345000, 141, 0, 0
1346000, 131, 0, 0
1347000, 138, 0, 0
1348000, 142, 0, 0
1349000, 137, 0, 0
1350000, 134, 0, 0
1350999, 133, 0, 0
1351999, 132, 0, 0
1353000, 144, 0, 0
1354000, 133, 0, 0
1355000, 144, 0, 0
1356000, 143, 0, 0
1357000, 139, 0, 0
1358000, 141, 0, 0
1358999, 142, 0, 0
1359999, 141, 0, 0
1360999, 147, 0, 0
1362000, 134, 0, 0
1363000, 145, 0, 0
1364000, 123, 0, 0
1365000, 149, 0, 0
1366000, 136, 0, 0
1367000, 138, 0, 0
1367999, 135, 0, 0
1368999, 141, 0, 0
1369999, 122, 0, 0
1371000, 143, 0, 0
1372000, 143, 0, 0
1373000, 145, 0, 0
1374000, 141, 0, 0
1375000, 148, 0, 0
1376000, 144, 0, 0
1376999, 138, 0, 0
1377999, 133, 0, 0
1379000, 136, 0, 0
1380000, 142, 0, 0
1381000, 144, 0, 0
1382000, 133, 0, 0
1383000, 149, 0, 0
1384000, 132, 0, 0
1384999, 144, 0, 0
1385999, 135, 0, 0
1387000, 132, 0, 0
1388000, 157, 0, 0
1389000, 143, 0, 0
1390000, 133, 0, 0
1391000, 141, 0, 0
1392000, 133, 0, 0
1392999, 141, 0, 0
1393999, 134, 0, 0
1394999, 137, 0, 0
1396000, 149, 0, 0
1397000, 149, 0, 0
1398000, 133, 0, 0
1399000, 139, 0, 0
1400000, 133, 0, 0
1401000, 146, 0, 0
1401999, 143, 0, 0
1402999, 145, 0, 0
1404000, 146, 0, 0
1405000, 124, 0, 0
1406000, 133, 0, 0
1407000, 139, 0, 0
1408000, 142, 0, 0
1408999, 131, 0, 0
1409999, 134, 0, 0
1411000, 134, 0, 0
1412000, 139, 0, 0
1413000, 132, 0, 0
1414000, 132, 0, 0
1414999, 145, 0, 0
1415999, 136, 0, 0
1416999, 138, 0, 0
1418000, 132, 0, 0
1419000, 141, 0, 0
1420000, 134, 0, 0
1421000, 142, 0, 0
1421999, 134, 0, 0
1422999, 157, 0, 0
1424000, 145, 0, 0
1425000, 133, 0, 0
1426000, 148, 0, 0
1427000, 142, 0, 0
1427999, 125, 0, 0
1428999, 133, 0, 0
1430000, 145, 0, 0
1431000, 139, 0, 0
1432000, 134, 0, 0
1433000, 135, 0, 0
1433999, 145, 0, 0
1434999, 136, 0, 0
1435999, 139, 0, 0
1437000, 144, 0, 0
1438000, 140, 0, 0
1439000, 133, 0, 0
1440000, 144, 0, 0
1440999, 125, 0, 0
1441999, 144, 0, 0
1443000, 138, 0, 0
1444000, 141, 0, 0
1445000, 137, 0, 0
1446000, 146, 0, 0
1446999, 141, 0, 0
1448000, 117, 0, 0
1449000, 148, 0, 0
1450000, 145, 0, 0
1451000, 145, 0, 0
1452000, 142, 0, 0
1452999, 132, 0, 0
1454000, 144, 0, 0
1455000, 134, 0, 0
1456000, 157, 0, 0
1457000, 135, 0, 0
1458000, 139, 0, 0
1458999, 142, 0, 0
1459999, 141, 0, 0
1461000, 136, 0, 0
1462000, 133, 0, 0
1463000, 142, 0, 0
1464000, 132, 0, 0
1464999, 134, 0, 0
1465999, 143, 0, 0
1467000, 142, 0, 0
1468000, 142, 0, 0
1469000, 143, 0, 0
1470000, 131, 0, 0
1470999, 134, 0, 0
1471999, 145, 0, 0
1473000, 131, 0, 0
1474000, 133, 0, 0
1475000, 135, 0, 0
1476000, 138, 0, 0
1476999, 142, 0, 0
1477999, 146, 0, 0
1479000, 137, 0, 0
1480000, 134, 0, 0
1481000, 132, 0, 0
1482000, 130, 0, 0
1482999, 136, 0, 0
1483999, 143, 0, 0
1485000, 137, 0, 0
1486000, 143, 0, 0
1487000, 131, 0, 0
1488000, 132, 0, 0
1488999, 133, 0, 0
1489999, 140, 0, 0
1491000, 140, 0, 0
1492000, 136, 0, 0
1493000, 138, 0, 0
1494000, 135, 0, 0
1494999, 138, 0, 0
1495999, 137, 0, 0
1497000, 134, 0, 0
1498000, 135, 0, 0
1499000, 147, 0, 0
1500000, 144, 0, 0
1500999, 131, 0, 0
1501999, 134, 0, 0
1503000, 145, 0, 0
1504000, 141, 0, 0
1505000, 139, 0, 0
1506000, 142, 0, 0
1506999, 138, 0, 0
1507999, 144, 0, 0
1509000, 135, 0, 0
1510000, 145, 0, 0
1511000, 130, 0, 0
1512000, 142, 0, 0
1512999, 135, 0, 0
1513999, 140, 0, 0
1515000, 134, 0, 0
1516000, 136, 0, 0
1517000, 140, 0, 0
1517999, 131, 0, 0
1518999, 133, 0, 0
1520000, 136, 0, 0
1521000, 135, 0, 0
1522000, 135, 0, 0
1523000, 136, 0, 0
1523999, 131, 0, 0
1524999, 145, 0, 0
1525999, 147, 0, 0
1527000, 140, 0, 0
1528000, 141, 0, 0
1529000, 132, 0, 0
1530000, 140, 0, 0
1530999, 140, 0, 0
1531999, 141, 0, 0
1533000, 133, 0, 0
1534000, 131, 0, 0
1535000, 133, 0, 0
1536000, 136, 0, 0
1536999, 129, 0, 0
1537999, 134, 0, 0
1539000, 131, 0, 0
1540000, 132, 0, 0
1541000, 141, 0, 0
1542000, 135, 0, 0
1542999, 142, 0, 0
1543999, 131, 0, 0
1544999, 138, 0, 0
1546000, 134, 0, 0
1547000, 140, 0, 0
1548000, 137, 0, 0
1549000, 132, 0, 0
1549999, 140, 0, 0
1551000, 134, 0, 0
1552000, 142, 0, 0
1553000, 133, 0, 0
1554000, 148, 0, 0
1554999, 145, 0, 0
1555999, 134, 0, 0
1556999, 138, 0, 0
1558000, 145, 0, 0
1559000, 131, 0, 0
1560000, 141, 0, 0
1560999, 147, 0, 0
1561999, 136, 0, 0
1562999, 143, 0, 0
1564000, 137, 0, 0
1565000, 142, 0, 0
1566000, 145, 0, 0
1566999, 135, 0, 0
1567999, 144, 0, 0
1568999, 135, 0, 0
1570000, 130, 0, 0
1571000, 135, 0, 0
1572000, 132, 0, 0
1573000, 124, 0, 0
1573999, 150, 0, 0
1575000, 126, 0, 0
1576000, 135, 0, 0
1577000, 140, 0, 0
1578000, 131, 0, 0
1578999, 148, 0, 0
1579999, 134, 0, 0
1581000, 146, 0, 0
1582000, 134, 0, 0
1583000, 131, 0, 0
1584000, 131, 0, 0
1584999, 137, 0, 0
1585999, 139, 0, 0
1587000, 142, 0, 0
1588000, 144, 0, 0
1589000, 145, 0, 0
1590000, 136, 0, 0
1590999, 143, 0, 0
1591999, 132, 0, 0
1593000, 141, 0, 0
1594000, 147, 0, 0
1595000, 142, 0, 0
1596000, 153, 0, 0
1596999, 138, 0, 0
1597999, 140, 0, 0
1599000, 137, 0, 0
1600000, 151, 0, 0
1601000, 144, 0, 0
1601999, 137, 0, 0
1602999, 142, 0, 0
1603999, 139, 0, 0
1605000, 144, 0, 0
1606000, 138, 0, 0
1607000, 142, 0, 0
1608000, 150, 0, 0
1608999, 142, 0, 0
1609999, 134, 0, 0
1611000, 142, 0, 0
1612000, 136, 0, 0
1613000, 139, 0, 0
1614000, 145, 0, 0
1614999, 146, 0, 0
1615999, 136, 0, 0
1617000, 140, 0, 0
1618000, 124, 0, 0
1619000, 137, 0, 0
1620000, 134, 0, 0
1620999, 135, 0, 0
1621999, 136, 0, 0
1623000, 145, 0, 0
1624000, 136, 0, 0
1625000, 143, 0, 0
1625999, 144, 0, 0
1626999, 132, 0, 0
1628000, 129, 0, 0
1629000, 133, 0, 0
1630000, 137, 0, 0
1631000, 147, 0, 0
1631999, 135, 0, 0
1632999, 138, 0, 0
1634000, 135, 0, 0
1635000, 140, 0, 0
1636000, 137, 0, 0
1637000, 138, 0, 0
1637999, 141, 0, 0
1638999, 136, 0, 0
1640000, 149, 0, 0
1641000, 129, 0, 0
1642000, 135, 0, 0
1643000, 141, 0, 0
1643999, 145, 0, 0
1644999, 134, 0, 0
1646000, 140, 0, 0
1647000, 133, 0, 0
1648000, 145, 0, 0
1649000, 135, 0, 0
1649999, 140, 0, 0
1650999, 118, 0, 0
1652000, 136, 0, 0
1653000, 126, 0, 0
1654000, 109, 0, 0
1655000, 105, 0, 0
1655999, 141, 0, 0
1656999, 148, 0, 0
1658000, 147, 0, 0
1659000, 134, 0, 0
1660000, 146, 0, 0
1661000, 132, 0, 0
1661999, 141, 0, 0
1662999, 140, 0, 0
1664000, 130, 0, 0
1665000, 155, 0, 0
1666000, 136, 0, 0
1667000, 141, 0, 0
1668000, 133, 0, 0
1668999, 137, 0, 0
1670000, 151, 0, 0
1671000, 134, 0, 0
1672000, 145, 0, 0
1673000, 133, 0, 0
1673999, 145, 0, 0
1674999, 135, 0, 0
1676000, 147, 0, 0
1677000, 135, 0, 0
1678000, 136, 0, 0
1679000, 145, 0, 0
1680000, 133, 0, 0
1680999, 134, 0, 0
1681999, 139, 0, 0
1682999, 133, 0, 0
1684000, 125, 0, 0
1685000, 145, 0, 0
1686000, 133, 0, 0
1687000, 143, 0, 0
1688000, 141, 0, 0
1689000, 132, 0, 0
1689999, 141, 0, 0
1690999, 132, 0, 0
1691999, 137, 0, 0
1693000, 137, 0, 0
1694000, 132, 0, 0
1695000, 133, 0, 0
1696000, 131, 0, 0
1697000, 144, 0, 0
1698000, 142, 0, 0
1698999, 119, 0, 0
1699999, 134, 0, 0
1701000, 142, 0, 0
1702000, 140, 0, 0
1703000, 136, 0, 0
1704000, 126, 0, 0
1705000, 141, 0, 0
1705999, 150, 0, 0
1706999, 150, 0, 0
1707999, 135, 0, 0
1709000, 133, 0, 0
1710000, 147, 0, 0
1711000, 140, 0, 0
1712000, 132, 0, 0
1713000, 133, 0, 0
1713999, 142, 0, 0
1714999, 136, 0, 0
1715999, 133, 0, 0
1717000, 140, 0, 0
1718000, 131, 0, 0
1719000, 143, 0, 0
1720000, 130, 0, 0
1721000, 136, 0, 0
1721999, 143, 0, 0
1722999, 135, 0, 0
1723999, 142, 0, 0
1725000, 140, 0, 0
1726000, 145, 0, 0
1727000, 142, 0, 0
1728000, 135, 0, 0
1729000, 140, 0, 0
1729999, 141, 0, 0
1730999, 138, 0, 0
1731999, 132, 0, 0
1732999, 135, 0, 0
1734000, 130, 0, 0
1735000, 135, 0, 0
1736000, 126, 0, 0
1737000, 142, 0, 0
1738000, 140, 0, 0
1738999, 133, 0, 0
1739999, 140, 0, 0
1740999, 130, 0, 0
1742000, 148, 0, 0
1743000, 133, 0, 0
1744000, 146, 0, 0
1745000, 144, 0, 0
1746000, 148, 0, 0
1746999, 131, 0, 0
1747999, 136, 0, 0
1748999, 137, 0, 0
1750000, 133, 0, 0
1751000, 139, 0, 0
1752000, 134, 0, 0
1753000, 143, 0, 0
1754000, 144, 0, 0
1755000, 128, 0, 0
1755999, 139, 0, 0
1756999, 132, 0, 0
1758000, 143, 0, 0
1759000, 132, 0, 0
1760000, 124, 0, 0
1761000, 125, 0, 0
1762000, 139, 0, 0
1762999, 131, 0, 0
1763999, 145, 0, 0
1765000, 136, 0, 0
1766000, 146, 0, 0
1767000, 127, 0, 0
1768000, 143, 0, 0
1769000, 136, 0, 0
1769999, 137, 0, 0
1770999, 149, 0, 0
1772000, 134, 0, 0
1773000, 141, 0, 0
1774000, 143, 0, 0
1774999, 133, 0, 0
1775999, 145, 0, 0
1777000, 135, 0, 0
1778000, 144, 0, 0
1779000, 136, 0, 0
1780000, 136, 0, 0
1780999, 135, 0, 0
1781999, 142, 0, 0
1783000, 140, 0, 0
1784000, 136, 0, 0
1785000, 141, 0, 0
1786000, 135, 0, 0
1786999, 141, 0, 0
1787999, 132, 0, 0
1789000, 143, 0, 0
1790000, 142, 0, 0
1791000, 142, 0, 0
1792000, 132, 0, 0
1792999, 145, 0, 0
1793999, 134, 0, 0
1795000, 150, 0, 0
1796000, 133, 0, 0
1797000, 139, 0, 0
1798000, 136, 0, 0
1798999, 139, 0, 0
1799999, 141, 0, 0
1801000, 133, 0, 0
1802000, 129, 0, 0
1803000, 148, 0, 0
1804000, 129, 0, 0
1804999, 146, 0, 0
1805999, 134, 0, 0
1807000, 146, 0, 0
1808000, 145, 0, 0
1809000, 138, 0, 0
1810000, 132, 0, 0
1810999, 133, 0, 0
1811999, 138, 0, 0
1813000, 134, 0, 0
1814000, 145, 0, 0
1815000, 136, 0, 0
1816000, 137, 0, 0
1816999, 137, 0, 0
1817999, 136, 0, 0
1819000, 146, 0, 0
1820000, 137, 0, 0
1821000, 135, 0, 0
1822000, 125, 0, 0
1822999, 148, 0, 0
1823999, 140, 0, 0
1825000, 132, 0, 0
1826000, 140, 0, 0
1827000, 135, 0, 0
1828000, 142, 0, 0
1828999, 143, 0, 0
1829999, 135, 0, 0
1831000, 145, 0, 0
1832000, 137, 0, 0
1833000, 134, 0, 0
1834000, 139, 0, 0
1834999, 139, 0, 0
1835999, 142, 0, 0
1836999, 134, 0, 0
1838000, 152, 0, 0
1839000, 134, 0, 0
1840000, 129, 0, 0
1841000, 141, 0, 0
1841999, 144, 0, 0
1842999, 134, 0, 0
1843999, 143, 0, 0
1845000, 136, 0, 0
1846000, 134, 0, 0
1847000, 144, 0, 0
1848000, 125, 0, 0
1848999, 136, 0, 0
1849999, 146, 0, 0
1851000, 147, 0, 0
1852000, 132, 0, 0
1853000, 140, 0, 0
1854000, 138, 0, 0
1854999, 145, 0, 0
1855999, 134, 0, 0
1857000, 140, 0, 0
1858000, 144, 0, 0
1859000, 140, 0, 0
1860000, 134, 0, 0
1861000, 136, 0, 0
1861999, 144, 0, 0
1862999, 142, 0, 0
1864000, 134, 0, 0
1865000, 131, 0, 0
1866000, 144, 0, 0
1867000, 138, 0, 0
1867999, 133, 0, 0
1868999, 141, 0, 0
1870000, 139, 0, 0
1871000, 132, 0, 0
1872000, 137, 0, 0
1873000, 140, 0, 0
1873999, 146, 0, 0
1874999, 139, 0, 0
1876000, 134, 0, 0
1877000, 134, 0, 0
1878000, 140, 0, 0
1879000, 135, 0, 0
1879999, 141, 0, 0
1880999, 135, 0, 0
1882000, 133, 0, 0
1883000, 132, 0, 0
1884000, 143, 0, 0
1885000, 136, 0, 0
1885999, 133, 0, 0
1886999, 148, 0, 0
1888000, 135, 0, 0
1889000, 148, 0, 0
1890000, 134, 0, 0
1891000, 133, 0, 0
1891999, 140, 0, 0
1892999, 143, 0, 0
1894000, 152, 0, 0
1895000, 134, 0, 0
1896000, 136, 0, 0
1897000, 140, 0, 0
1897999, 137, 0, 0
1898999, 146, 0, 0
1900000, 134, 0, 0
1901000, 137, 0, 0
1902000, 145, 0, 0
1903000, 137, 0, 0
1903999, 136, 0, 0
1904999, 138, 0, 0
1906000, 145, 0, 0
1907000, 139, 0, 0
1908000, 125, 0, 0
1909000, 138, 0, 0
1909999, 142, 0, 0
1910999, 140, 0, 0
1912000, 137, 0, 0
1913000, 138, 0, 0
1914000, 141, 0, 0
1915000, 135, 0, 0
1915999, 136, 0, 0
1916999, 145, 0, 0
1918000, 144, 0, 0
1919000, 140, 0, 0
1920000, 145, 0, 0
1921000, 136, 0, 0
1921999, 133, 0, 0
1922999, 145, 0, 0
1924000, 147, 0, 0
1925000, 136, 0, 0
1926000, 133, 0, 0
1927000, 135, 0, 0
1927999, 142, 0, 0
1928999, 135, 0, 0
1930000, 146, 0, 0
1931000, 132, 0, 0
1932000, 145, 0, 0
1933000, 141, 0, 0
1933999, 125, 0, 0
1934999, 142, 0, 0
1935999, 135, 0, 0
1937000, 142, 0, 0
1938000, 132, 0, 0
1939000, 133, 0, 0
1940000, 144, 0, 0
1940999, 140, 0, 0
1941999, 126, 0, 0
1943000, 143, 0, 0
1944000, 148, 0, 0
1945000, 132, 0, 0
1946000, 148, 0, 0
1946999, 132, 0, 0
1947999, 143, 0, 0
1949000, 133, 0, 0
1950000, 144, 0, 0
1951000, 140, 0, 0
1952000, 137, 0, 0
1952999, 125, 0, 0
1953999, 130, 0, 0
1955000, 146, 0, 0
1956000, 134, 0, 0
1957000, 142, 0, 0
1957999, 131, 0, 0
1958999, 142, 0, 0
1959999, 134, 0, 0
1961000, 141, 0, 0
1962000, 137, 0, 0
1963000, 122, 0, 0
1963999, 147, 0, 0
1964999, 144, 0, 0
1965999, 137, 0, 0
1967000, 134, 0, 0
1968000, 138, 0, 0
1969000, 143, 0, 0
1970000, 135, 0, 0
1970999, 141, 0, 0
1971999, 145, 0, 0
1973000, 136, 0, 0
1974000, 144, 0, 0
1975000, 132, 0, 0
1975999, 133, 0, 0
1976999, 144, 0, 0
1977999, 130, 0, 0
1979000, 131, 0, 0
1980000, 143, 0, 0
1981000, 142, 0, 0
1982000, 139, 0, 0
1982999, 139, 0, 0
1983999, 139, 0, 0
1985000, 136, 0, 0
1986000, 140, 0, 0
1987000, 144, 0, 0
1987999, 133, 0, 0
1988999, 139, 0, 0
1990000, 133, 0, 0
1991000, 123, 0, 0
1992000, 141, 0, 0
1993000, 138, 0, 0
1993999, 144, 0, 0
1994999, 135, 0, 0
1996000, 123, 0, 0
1997000, 147, 0, 0
1998000, 137, 0, 0
1998999, 130, 0, 0
1999999, 132, 0, 0
2000999, 135, 0, 0
2002000, 152, 0, 0
2003000, 141, 0, 0
2004000, 140, 0, 0
2005000, 132, 0, 0
2005999, 137, 0, 0
2006999, 142, 0, 0
2008000, 140, 0, 0
2009000, 136, 0, 0
2010000, 134, 0, 0
2011000, 130, 0, 0
2012000, 136, 0, 0
2012999, 141, 0, 0
2013999, 130, 0, 0
2014999, 144, 0, 0
2016000, 132, 0, 0
2017000, 135, 0, 0
2018000, 140, 0, 0
2019000, 134, 0, 0
2019999, 134, 0, 0
2020999, 142, 0, 0
2022000, 138, 0, 0
2023000, 125, 0, 0
2024000, 142, 0, 0
2025000, 145, 0, 0
2025999, 138, 0, 0
2026999, 136, 0, 0
2028000, 141, 0, 0
2029000, 132, 0, 0
2030000, 134, 0, 0
2031000, 144, 0, 0
2031999, 143, 0, 0
2032999, 141, 0, 0
2034000, 140, 0, 0
2035000, 141, 0, 0
2036000, 142, 0, 0
2037000, 141, 0, 0
2037999, 135, 0, 0
2038999, 133, 0, 0
2040000, 141, 0, 0
2041000, 140, 0, 0
2042000, 135, 0, 0
2043000, 148, 0, 0
2043999, 135, 0, 0
2044999, 138, 0, 0
2046000, 148, 0, 0
2047000, 140, 0, 0
2048000, 132, 0, 0
2049000, 141, 0, 0
2049999, 134, 0, 0
2050999, 125, 0, 0
2051999, 136, 0, 0
2053000, 133, 0, 0
2054000, 133, 0, 0
2055000, 136, 0, 0
2056000, 123, 0, 0
2056999, 141, 0, 0
2057999, 142, 0, 0
2059000, 132, 0, 0
2060000, 141, 0, 0
2061000, 137, 0, 0
2062000, 139, 0, 0
2062999, 134, 0, 0
2063999, 138, 0, 0
2065000, 132, 0, 0
2066000, 140, 0, 0
2067000, 136, 0, 0
2067999, 124, 0, 0
2068999, 127, 0, 0
2069999, 132, 0, 0
2071000, 131, 0, 0
2072000, 131, 0, 0
2073000, 138, 0, 0
2073999, 139, 0, 0
2074999, 145, 0, 0
2075999, 141, 0, 0
2077000, 134, 0, 0
2078000, 142, 0, 0
2079000, 135, 0, 0
2079999, 136, 0, 0
2080999, 140, 0, 0
2082000, 134, 0, 0
2083000, 140, 0, 0
2084000, 132, 0, 0
2085000, 145, 0, 0
2085999, 151, 0, 0
2086999, 130, 0, 0
2088000, 142, 0, 0
2089000, 141, 0, 0
2090000, 135, 0, 0
2091000, 134, 0, 0
2091999, 132, 0, 0
2092999, 133, 0, 0
2094000, 143, 0, 0
2095000, 143, 0, 0
2096000, 135, 0, 0
2097000, 142, 0, 0
2097999, 130, 0, 0
2098999, 125, 0, 0
2100000, 142, 0, 0
2101000, 136, 0, 0
2102000, 136, 0, 0
2103000, 144, 0, 0
2104000, 141, 0, 0
2105000, 141, 0, 0
2105999, 136, 0, 0
2107000, 132, 0, 0
2108000, 133, 0, 0
2109000, 135, 0, 0
2110000, 134, 0, 0
2111000, 131, 0, 0
2112000, 143, 0, 0
2113000, 142, 0, 0
2114000, 131, 0, 0
2114999, 129, 0, 0
2116000, 128, 0, 0
2117000, 141, 0, 0
2118000, 138, 0, 0
2119000, 138, 0, 0
2120000, 144, 0, 0
2121000, 146, 0, 0
2122000, 138, 0, 0
2123000, 134, 0, 0
2124000, 153, 0, 0
2125000, 131, 0, 0
2125999, 143, 0, 0
2127000, 124, 0, 0
2128000, 143, 0, 0
2129000, 135, 0, 0
2130000, 148, 0, 0
2131000, 134, 0, 0
2132000, 131, 0, 0
2133000, 141, 0, 0
2134000, 141, 0, 0
2135000, 126, 0, 0
2135999, 141, 0, 0
2137000, 123, 0, 0
2138000, 124, 0, 0
2139000, 144, 0, 0
2140000, 134, 0, 0
2141000, 147, 0, 0
2142000, 135, 0, 0
2143000, 143, 0, 0
2144000, 139, 0, 0
2145000, 132, 0, 0
2146000, 136, 0, 0
2147000, 143, 0, 0
2148000, 139, 0, 0
2149000, 138, 0, 0
2150000, 143, 0, 0
2151000, 137, 0, 0
2152000, 141, 0, 0
2153000, 137, 0, 0
2154000, 145, 0, 0
2155000, 138, 0, 0
2156000, 137, 0, 0
2157000, 145, 0, 0
2158000, 132, 0, 0
2158999, 134, 0, 0
2160000, 132, 0, 0
2161000, 139, 0, 0
2161999, 142, 0, 0
2162999, 129, 0, 0
2163999, 141, 0, 0
2164999, 148, 0, 0
2165998, 132, 0, 0
2166998, 132, 0, 0
2167998, 133, 0, 0
2168998, 141, 0, 0
2169998, 136, 0, 0
2170998, 133, 0, 0
2171998, 148, 0, 0
2172998, 140, 0, 0
2173997, 130, 0, 0
2174997, 141, 0, 0
2175997, 130, 0, 0
2176996, 145, 0, 0
2177996, 134, 0, 0
2178996, 130, 0, 0
2179997, 131, 0, 0
2180996, 144, 0, 0
2181996, 135, 0, 0
2182996, 134, 0, 0
2183995, 133, 0, 0
2184995, 136, 0, 0
2185995, 144, 0, 0
2186995, 133, 0, 0
2187994, 143, 0, 0
2188994, 136, 0, 0
2189995, 145, 0, 0
2190995, 134, 0, 0
2191994, 125, 0, 0
2192994, 144, 0, 0
2193994, 143, 0, 0
2194993, 145, 0, 0
2195993, 135, 0, 0
2196993, 148, 0, 0
2197993, 149, 0, 0
2198992, 134, 0, 0
2199993, 131, 0, 0
2200993, 129, 0, 0
2201993, 143, 0, 0
2202992, 131, 0, 0
2203992, 147, 0, 0
2204992, 142, 0, 0
2205991, 138, 0, 0
2206991, 146, 0, 0
2207991, 133, 0, 0
2208991, 143, 0, 0
2209991, 136, 0, 0
2210991, 142, 0, 0
2211991, 136, 0, 0
2212991, 135, 0, 0
2214000, 142, 0, 0
2215000, 133, 0, 0
2216000, 143, 0, 0
2216999, 136, 0, 0
2217999, 150, 0, 0
2219000, 133, 0, 0
2220000, 134, 0, 0
2221000, 146, 0, 0
2222000, 135, 0, 0
2222999, 148, 0, 0
2223999, 138, 0, 0
2224999, 142, 0, 0
2226000, 140, 0, 0
2227000, 141, 0, 0
2228000, 142, 0, 0
2229000, 142, 0, 0
2230000, 131, 0, 0
2230999, 141, 0, 0
2231999, 140, 0, 0
2233000, 142, 0, 0
2234000, 141, 0, 0
2235000, 141, 0, 0
2236000, 146, 0, 0
2236999, 145, 0, 0
2237999, 131, 0, 0
2238999, 141, 0, 0
2240000, 131, 0, 0
2241000, 143, 0, 0
2242000, 138, 0, 0
2242999, 132, 0, 0
2243999, 143, 0, 0
2245000, 137, 0, 0
2246000, 131, 0, 0
2247000, 135, 0, 0
2248000, 137, 0, 0
2249000, 132, 0, 0
2249999, 125, 0, 0
2250999, 115, 0, 0
2252000, 143, 0, 0
2253000, 140, 0, 0
2254000, 124, 0, 0
2255000, 134, 0, 0
2255999, 136, 0, 0
2256999, 146, 0, 0
2258000, 130, 0, 0
2259000, 132, 0, 0
2260000, 142, 0, 0
2261000, 135, 0, 0
2262000, 142, 0, 0
2262999, 132, 0, 0
2263999, 136, 0, 0
2265000, 143, 0, 0
2266000, 132, 0, 0
2267000, 140, 0, 0
2268000, 143, 0, 0
2268999, 131, 0, 0
2269999, 143, 0, 0
2270999, 131, 0, 0
2272000, 144, 0, 0
2273000, 140, 0, 0
2274000, 136, 0, 0
2275000, 144, 0, 0
2276000, 133, 0, 0
2276999, 143, 0, 0
2277999, 146, 0, 0
2279000, 134, 0, 0
2280000, 148, 0, 0
2281000, 120, 0, 0
2282000, 142, 0, 0
2282999, 136, 0, 0
2283999, 137, 0, 0
2285000, 143, 0, 0
2286000, 133, 0, 0
2287000, 140, 0, 0
2288000, 133, 0, 0
2288999, 143, 0, 0
2289999, 135, 0, 0
2291000, 138, 0, 0
2292000, 145, 0, 0
2293000, 136, 0, 0
2294000, 132, 0, 0
2294999, 144, 0, 0
2295999, 129, 0, 0
2296999, 133, 0, 0
2298000, 135, 0, 0
2299000, 138, 0, 0
2300000, 135, 0, 0
2301000, 143, 0, 0
2301999, 135, 0, 0
2302999, 139, 0, 0
2304000, 135, 0, 0
2305000, 132, 0, 0
2306000, 136, 0, 0
2307000, 144, 0, 0
2307999, 133, 0, 0
2308999, 137, 0, 0
2310000, 129, 0, 0
2311000, 140, 0, 0
2312000, 141, 0, 0
2313000, 134, 0, 0
2313999, 133, 0, 0
2314999, 144, 0, 0
2316000, 135, 0, 0
2317000, 141, 0, 0
2318000, 146, 0, 0
2319000, 123, 0, 0
2319999, 146, 0, 0
2320999, 134, 0, 0
2322000, 131, 0, 0
2323000, 146, 0, 0
2324000, 133, 0, 0
2325000, 143, 0, 0
2325999, 142, 0, 0
2326999, 132, 0, 0
2328000, 137, 0, 0
2329000, 150, 0, 0
2330000, 142, 0, 0
2331000, 134, 0, 0
2331999, 153, 0, 0
2332999, 132, 0, 0
2333999, 134, 0, 0
2335000, 141, 0, 0
2336000, 143, 0, 0
2337000, 136, 0, 0
2338000, 135, 0, 0
2338999, 138, 0, 0
2339999, 144, 0, 0
2341000, 132, 0, 0
2342000, 148, 0, 0
2343000, 142, 0, 0
2344000, 130, 0, 0
2344999, 140, 0, 0
2345999, 133, 0, 0
2347000, 131, 0, 0
2348000, 141, 0, 0
2349000, 127, 0, 0
2350000, 145, 0, 0
2350999, 132, 0, 0
2351999, 146, 0, 0
2353000, 125, 0, 0
2354000, 143, 0, 0
2355000, 128, 0, 0
2356000, 142, 0, 0
2356999, 133, 0, 0
2357999, 145, 0, 0
2359000, 141, 0, 0
2360000, 147, 0, 0
2361000, 137, 0, 0
2362000, 124, 0, 0
2362999, 140, 0, 0
2363999, 140, 0, 0
2365000, 143, 0, 0
2366000, 142, 0, 0
2367000, 137, 0, 0
2368000, 144, 0, 0
2369000, 133, 0, 0
2369999, 143, 0, 0
2371000, 139, 0, 0
2372000, 139, 0, 0
2373000, 135, 0, 0
2374000, 138, 0, 0
2375000, 135, 0, 0
2375999, 146, 0, 0
2377000, 142, 0, 0
2378000, 143, 0, 0
2379000, 141, 0, 0
2380000, 136, 0, 0
2381000, 132, 0, 0
2381999, 146, 0, 0
2382999, 140, 0, 0
2384000, 139, 0, 0
2385000, 130, 0, 0
2386000, 139, 0, 0
2386999, 140, 0, 0
2387999, 131, 0, 0
2389000, 133, 0, 0
2390000, 135, 0, 0
2391000, 143, 0, 0
2392000, 136, 0, 0
2392999, 152, 0, 0
2393999, 137, 0, 0
2394999, 137, 0, 0
2396000, 132, 0, 0
2397000, 144, 0, 0
2398000, 147, 0, 0
2399000, 134, 0, 0
2399999, 133, 0, 0
