999, 296, 0, 0
2000, 628, 0, 0
2999, 648, 0, 0
3999, 688, 0, 0
5000, 652, 0, 0
6000, 700, 0, 0
6999, 672, 0, 0
8000, 1264, 0, 0
9000, 1372, 0, 0
9999, 3871, 0, 0
11000, 1720, 0, 0
12000, 724, 0, 0
12999, 788, 0, 0
13999, 1201, 0, 0
15000, 2188, 0, 0
15999, 756, 0, 0
16999, 1161, 0, 0
18000, 676, 0, 0
18999, 516, 0, 0
19999, 708, 0, 0
21000, 1392, 0, 0
21999, 1277, 0, 0
23000, 868, 0, 0
24000, 600, 0, 0
24999, 612, 0, 0
26000, 632, 0, 0
27000, 668, 0, 0
27999, 1261, 0, 0
29000, 1148, 0, 0
30000, 1264, 0, 0
30999, 860, 0, 0
32000, 1656, 0, 0
33000, 764, 0, 0
33999, 772, 0, 0
35000, 1120, 0, 0
36000, 1320, 0, 0
36999, 1313, 0, 0
38000, 1376, 0, 0
39000, 660, 0, 0
39999, 676, 0, 0
41000, 828, 0, 0
41999, 1341, 0, 0
42999, 620, 0, 0
44000, 824, 0, 0
44999, 896, 0, 0
45999, 852, 0, 0
47000, 804, 0, 0
47999, 1253, 0, 0
48999, 940, 0, 0
50000, 2000, 0, 0
50999, 736, 0, 0
51999, 716, 0, 0
53000, 688, 0, 0
53999, 936, 0, 0
54999, 668, 0, 0
56000, 644, 0, 0
56999, 1441, 0, 0
57999, 676, 0, 0
59000, 792, 0, 0
60000, 1436, 0, 0
60999, 1337, 0, 0
62000, 876, 0, 0
63000, 884, 0, 0
63999, 992, 0, 0
65000, 912, 0, 0
66000, 896, 0, 0
66999, 1893, 0, 0
68000, 632, 0, 0
68999, 1557, 0, 0
69999, 668, 0, 0
71000, 800, 0, 0
71999, 948, 0, 0
72999, 604, 0, 0
74000, 664, 0, 0
74999, 696, 0, 0
75999, 876, 0, 0
77000, 816, 0, 0
78000, 656, 0, 0
78999, 868, 0, 0
80000, 848, 0, 0
80999, 564, 0, 0
81999, 620, 0, 0
83000, 1476, 0, 0
84000, 640, 0, 0
84999, 740, 0, 0
86000, 776, 0, 0
86999, 1381, 0, 0
87999, 2382, 0, 0
89000, 1504, 0, 0
89999, 924, 0, 0
90999, 844, 0, 0
92000, 776, 0, 0
92999, 808, 0, 0
93999, 724, 0, 0
95000, 1012, 0, 0
95999, 768, 0, 0
96999, 712, 0, 0
98000, 792, 0, 0
98999, 628, 0, 0
99999, 764, 0, 0
101000, 800, 0, 0
101999, 920, 0, 0
102999, 908, 0, 0
104000, 2072, 0, 0
104999, 920, 0, 0
105999, 900, 0, 0
107000, 1908, 0, 0
107999, 724, 0, 0
109000, 824, 0, 0
110000, 648, 0, 0
110999, 840, 0, 0
112000, 900, 0, 0
113000, 1532, 0, 0
113999, 636, 0, 0
115000, 640, 0, 0
116000, 700, 0, 0
116999, 776, 0, 0
118000, 692, 0, 0
119000, 964, 0, 0
119999, 748, 0, 0
121000, 1288, 0, 0
122000, 1416, 0, 0
122999, 800, 0, 0
124000, 1296, 0, 0
124999, 860, 0, 0
125999, 1061, 0, 0
127000, 1456, 0, 0
127999, 884, 0, 0
128999, 860, 0, 0
130000, 1044, 0, 0
130999, 804, 0, 0
131999, 628, 0, 0
133000, 752, 0, 0
133999, 1401, 0, 0
134999, 1077, 0, 0
136000, 948, 0, 0
136999, 848, 0, 0
137999, 716, 0, 0
139000, 824, 0, 0
140000, 1236, 0, 0
140999, 780, 0, 0
142000, 756, 0, 0
143000, 864, 0, 0
143999, 732, 0, 0
145000, 956, 0, 0
146000, 692, 0, 0
146999, 744, 0, 0
148000, 924, 0, 0
149000, 836, 0, 0
149999, 832, 0, 0
151000, 872, 0, 0
152000, 920, 0, 0
152999, 844, 0, 0
154000, 840, 0, 0
154999, 732, 0, 0
155999, 1117, 0, 0
157000, 764, 0, 0
157999, 880, 0, 0
159000, 804, 0, 0
160000, 772, 0, 0
160999, 912, 0, 0
162000, 784, 0, 0
163000, 1144, 0, 0
163999, 672, 0, 0
165000, 724, 0, 0
166000, 704, 0, 0
166999, 824, 0, 0
168000, 676, 0, 0
169000, 892, 0, 0
169999, 1009, 0, 0
171000, 680, 0, 0
172000, 964, 0, 0
172999, 948, 0, 0
174000, 916, 0, 0
174999, 696, 0, 0
175999, 824, 0, 0
177000, 828, 0, 0
177999, 764, 0, 0
178999, 800, 0, 0
180000, 740, 0, 0
180999, 680, 0, 0
182000, 916, 0, 0
183000, 736, 0, 0
183999, 816, 0, 0
185000, 664, 0, 0
186000, 916, 0, 0
186999, 708, 0, 0
188000, 900, 0, 0
189000, 1084, 0, 0
189999, 748, 0, 0
191000, 676, 0, 0
191999, 880, 0, 0
192999, 680, 0, 0
194000, 852, 0, 0
194999, 964, 0, 0
196000, 852, 0, 0
197000, 888, 0, 0
197999, 1101, 0, 0
198999, 744, 0, 0
200000, 992, 0, 0
200999, 764, 0, 0
202000, 712, 0, 0
203000, 676, 0, 0
203999, 720, 0, 0
205000, 1004, 0, 0
206000, 876, 0, 0
206999, 752, 0, 0
208000, 868, 0, 0
209000, 784, 0, 0
209999, 988, 0, 0
210999, 720, 0, 0
212000, 988, 0, 0
213000, 896, 0, 0
213999, 824, 0, 0
215000, 984, 0, 0
216000, 848, 0, 0
216999, 828, 0, 0
217999, 940, 0, 0
219000, 1048, 0, 0
219999, 984, 0, 0
220999, 776, 0, 0
222000, 796, 0, 0
223000, 808, 0, 0
223999, 972, 0, 0
225000, 964, 0, 0
226000, 1040, 0, 0
226999, 980, 0, 0
227999, 1181, 0, 0
229000, 728, 0, 0
229999, 1113, 0, 0
230999, 772, 0, 0
232000, 896, 0, 0
233000, 876, 0, 0
233999, 784, 0, 0
235000, 936, 0, 0
235999, 984, 0, 0
236999, 952, 0, 0
238000, 840, 0, 0
239000, 880, 0, 0
239999, 772, 0, 0
241000, 732, 0, 0
242000, 936, 0, 0
242999, 1125, 0, 0
243999, 916, 0, 0
245000, 864, 0, 0
245999, 844, 0, 0
246999, 936, 0, 0
248000, 860, 0, 0
248999, 924, 0, 0
249999, 796, 0, 0
251000, 812, 0, 0
251999, 1053, 0, 0
252999, 872, 0, 0
254000, 792, 0, 0
255000, 704, 0, 0
255999, 836, 0, 0
256999, 740, 0, 0
258000, 828, 0, 0
258999, 784, 0, 0
260000, 820, 0, 0
261000, 784, 0, 0
261999, 848, 0, 0
263000, 996, 0, 0
264000, 1064, 0, 0
264999, 728, 0, 0
265999, 944, 0, 0
267000, 832, 0, 0
267999, 864, 0, 0
268999, 788, 0, 0
270000, 880, 0, 0
270999, 872, 0, 0
271999, 720, 0, 0
273000, 764, 0, 0
273999, 736, 0, 0
274999, 960, 0, 0
276000, 968, 0, 0
276999, 1021, 0, 0
277999, 1133, 0, 0
279000, 896, 0, 0
280000, 880, 0, 0
280999, 1005, 0, 0
282000, 936, 0, 0
283000, 1048, 0, 0
283999, 832, 0, 0
285000, 1068, 0, 0
286000, 944, 0, 0
286999, 880, 0, 0
287999, 804, 0, 0
289000, 676, 0, 0
289999, 812, 0, 0
290999, 904, 0, 0
292000, 860, 0, 0
293000, 916, 0, 0
293999, 836, 0, 0
295000, 824, 0, 0
296000, 896, 0, 0
296999, 808, 0, 0
298000, 1148, 0, 0
299000, 924, 0, 0
299999, 964, 0, 0
301000, 920, 0, 0
302000, 864, 0, 0
302999, 788, 0, 0
304000, 828, 0, 0
305000, 820, 0, 0
305999, 928, 0, 0
307000, 860, 0, 0
307999, 844, 0, 0
308999, 788, 0, 0
310000, 764, 0, 0
311000, 992, 0, 0
311999, 904, 0, 0
312999, 784, 0, 0
314000, 920, 0, 0
315000, 848, 0, 0
315999, 812, 0, 0
317000, 916, 0, 0
318000, 896, 0, 0
318999, 892, 0, 0
320000, 956, 0, 0
321000, 968, 0, 0
321999, 920, 0, 0
323000, 936, 0, 0
324000, 908, 0, 0
324999, 880, 0, 0
325999, 940, 0, 0
327000, 876, 0, 0
327999, 1025, 0, 0
328999, 956, 0, 0
330000, 904, 0, 0
330999, 932, 0, 0
331999, 1125, 0, 0
333000, 1068, 0, 0
334000, 1044, 0, 0
334999, 1037, 0, 0
336000, 1028, 0, 0
336999, 904, 0, 0
337999, 1017, 0, 0
339000, 976, 0, 0
339999, 1033, 0, 0
340999, 924, 0, 0
342000, 960, 0, 0
342999, 928, 0, 0
343999, 960, 0, 0
345000, 824, 0, 0
346000, 936, 0, 0
346999, 740, 0, 0
348000, 860, 0, 0
349000, 832, 0, 0
349999, 860, 0, 0
351000, 744, 0, 0
352000, 892, 0, 0
352999, 892, 0, 0
353999, 844, 0, 0
355000, 924, 0, 0
355999, 980, 0, 0
356999, 824, 0, 0
358000, 960, 0, 0
358999, 952, 0, 0
360000, 916, 0, 0
361000, 828, 0, 0
361999, 824, 0, 0
363000, 880, 0, 0
363999, 760, 0, 0
364999, 908, 0, 0
366000, 1024, 0, 0
367000, 988, 0, 0
367999, 912, 0, 0
369000, 940, 0, 0
370000, 820, 0, 0
370999, 868, 0, 0
372000, 744, 0, 0
373000, 888, 0, 0
373999, 864, 0, 0
375000, 1004, 0, 0
376000, 912, 0, 0
376999, 916, 0, 0
378000, 968, 0, 0
379000, 964, 0, 0
379999, 1041, 0, 0
380999, 828, 0, 0
382000, 940, 0, 0
382999, 1013, 0, 0
384000, 888, 0, 0
385000, 900, 0, 0
385999, 948, 0, 0
386999, 916, 0, 0
388000, 852, 0, 0
388999, 916, 0, 0
389999, 848, 0, 0
391000, 892, 0, 0
391999, 880, 0, 0
392999, 888, 0, 0
394000, 976, 0, 0
394999, 864, 0, 0
395999, 880, 0, 0
397000, 936, 0, 0
398000, 928, 0, 0
398999, 888, 0, 0
400000, 996, 0, 0
401000, 876, 0, 0
401999, 976, 0, 0
403000, 956, 0, 0
404000, 956, 0, 0
404999, 952, 0, 0
405999, 880, 0, 0
407000, 880, 0, 0
408000, 1020, 0, 0
408999, 908, 0, 0
410000, 948, 0, 0
411000, 1016, 0, 0
411999, 1025, 0, 0
412999, 864, 0, 0
414000, 940, 0, 0
414999, 880, 0, 0
415999, 812, 0, 0
417000, 844, 0, 0
417999, 888, 0, 0
418999, 888, 0, 0
420000, 940, 0, 0
421000, 944, 0, 0
421999, 976, 0, 0
423000, 920, 0, 0
424000, 880, 0, 0
424999, 844, 0, 0
426000, 1020, 0, 0
427000, 1000, 0, 0
427999, 864, 0, 0
428999, 888, 0, 0
430000, 872, 0, 0
430999, 860, 0, 0
431999, 848, 0, 0
433000, 928, 0, 0
433999, 892, 0, 0
434999, 804, 0, 0
436000, 1000, 0, 0
437000, 880, 0, 0
437999, 816, 0, 0
439000, 808, 0, 0
440000, 808, 0, 0
440999, 812, 0, 0
442000, 824, 0, 0
443000, 996, 0, 0
443999, 932, 0, 0
444999, 828, 0, 0
446000, 940, 0, 0
446999, 832, 0, 0
447999, 968, 0, 0
449000, 964, 0, 0
450000, 820, 0, 0
450999, 824, 0, 0
452000, 856, 0, 0
453000, 868, 0, 0
453999, 892, 0, 0
455000, 932, 0, 0
456000, 856, 0, 0
456999, 1053, 0, 0
458000, 1000, 0, 0
459000, 788, 0, 0
459999, 860, 0, 0
460999, 796, 0, 0
462000, 924, 0, 0
462999, 916, 0, 0
463999, 976, 0, 0
465000, 764, 0, 0
465999, 892, 0, 0
466999, 884, 0, 0
468000, 856, 0, 0
469000, 796, 0, 0
469999, 992, 0, 0
471000, 964, 0, 0
472000, 744, 0, 0
472999, 752, 0, 0
473999, 924, 0, 0
475000, 912, 0, 0
475999, 856, 0, 0
476999, 912, 0, 0
478000, 852, 0, 0
478999, 948, 0, 0
479999, 952, 0, 0
481000, 852, 0, 0
481999, 880, 0, 0
482999, 928, 0, 0
484000, 948, 0, 0
484999, 884, 0, 0
485999, 992, 0, 0
487000, 912, 0, 0
487999, 876, 0, 0
488999, 864, 0, 0
490000, 836, 0, 0
491000, 904, 0, 0
491999, 836, 0, 0
493000, 920, 0, 0
494000, 880, 0, 0
494999, 880, 0, 0
495999, 872, 0, 0
497000, 852, 0, 0
497999, 836, 0, 0
498999, 1009, 0, 0
500000, 872, 0, 0
500999, 812, 0, 0
501999, 1013, 0, 0
503000, 892, 0, 0
503999, 952, 0, 0
504999, 1033, 0, 0
506000, 780, 0, 0
507000, 924, 0, 0
507999, 1005, 0, 0
509000, 836, 0, 0
510000, 804, 0, 0
510999, 896, 0, 0
511999, 796, 0, 0
513000, 1012, 0, 0
513999, 848, 0, 0
514999, 904, 0, 0
516000, 892, 0, 0
516999, 836, 0, 0
517999, 900, 0, 0
519000, 860, 0, 0
520000, 968, 0, 0
520999, 848, 0, 0
521999, 812, 0, 0
523000, 864, 0, 0
524000, 888, 0, 0
524999, 884, 0, 0
526000, 824, 0, 0
526999, 944, 0, 0
527999, 840, 0, 0
529000, 844, 0, 0
530000, 892, 0, 0
530999, 932, 0, 0
532000, 912, 0, 0
533000, 844, 0, 0
533999, 840, 0, 0
535000, 844, 0, 0
536000, 884, 0, 0
536999, 904, 0, 0
537999, 808, 0, 0
539000, 884, 0, 0
539999, 884, 0, 0
540999, 856, 0, 0
542000, 812, 0, 0
543000, 916, 0, 0
543999, 800, 0, 0
545000, 964, 0, 0
546000, 772, 0, 0
546999, 796, 0, 0
547999, 920, 0, 0
549000, 928, 0, 0
550000, 852, 0, 0
550999, 836, 0, 0
552000, 896, 0, 0
553000, 864, 0, 0
553999, 1001, 0, 0
554999, 860, 0, 0
556000, 932, 0, 0
557000, 848, 0, 0
557999, 872, 0, 0
559000, 956, 0, 0
559999, 880, 0, 0
560999, 900, 0, 0
562000, 724, 0, 0
563000, 812, 0, 0
563999, 796, 0, 0
564999, 968, 0, 0
566000, 888, 0, 0
566999, 764, 0, 0
567999, 904, 0, 0
569000, 956, 0, 0
569999, 948, 0, 0
570999, 800, 0, 0
572000, 840, 0, 0
573000, 884, 0, 0
573999, 844, 0, 0
574999, 896, 0, 0
576000, 832, 0, 0
576999, 808, 0, 0
577999, 960, 0, 0
579000, 904, 0, 0
580000, 876, 0, 0
580999, 800, 0, 0
581999, 844, 0, 0
583000, 820, 0, 0
583999, 900, 0, 0
584999, 792, 0, 0
586000, 884, 0, 0
586999, 816, 0, 0
587999, 900, 0, 0
589000, 872, 0, 0
590000, 936, 0, 0
590999, 880, 0, 0
592000, 728, 0, 0
593000, 760, 0, 0
593999, 908, 0, 0
595000, 800, 0, 0
596000, 892, 0, 0
596999, 840, 0, 0
597999, 952, 0, 0
599000, 872, 0, 0
599999, 940, 0, 0
600999, 856, 0, 0
602000, 756, 0, 0
603000, 784, 0, 0
603999, 848, 0, 0
605000, 912, 0, 0
606000, 900, 0, 0
606999, 884, 0, 0
608000, 916, 0, 0
609000, 968, 0, 0
609999, 844, 0, 0
610999, 960, 0, 0
612000, 768, 0, 0
612999, 740, 0, 0
613999, 956, 0, 0
615000, 836, 0, 0
615999, 884, 0, 0
616999, 748, 0, 0
618000, 864, 0, 0
619000, 808, 0, 0
619999, 928, 0, 0
620999, 904, 0, 0
622000, 884, 0, 0
622999, 740, 0, 0
623999, 868, 0, 0
625000, 796, 0, 0
626000, 860, 0, 0
626999, 884, 0, 0
628000, 892, 0, 0
628999, 772, 0, 0
629999, 828, 0, 0
631000, 908, 0, 0
631999, 800, 0, 0
632999, 860, 0, 0
634000, 816, 0, 0
635000, 960, 0, 0
635999, 856, 0, 0
637000, 876, 0, 0
638000, 904, 0, 0
638999, 788, 0, 0
640000, 852, 0, 0
641000, 816, 0, 0
641999, 860, 0, 0
642999, 868, 0, 0
644000, 788, 0, 0
644999, 868, 0, 0
645999, 748, 0, 0
647000, 864, 0, 0
647999, 772, 0, 0
648999, 824, 0, 0
650000, 812, 0, 0
650999, 824, 0, 0
651999, 916, 0, 0
653000, 832, 0, 0
654000, 836, 0, 0
654999, 760, 0, 0
656000, 952, 0, 0
657000, 892, 0, 0
657999, 980, 0, 0
658999, 868, 0, 0
660000, 948, 0, 0
661000, 892, 0, 0
661999, 852, 0, 0
663000, 880, 0, 0
664000, 936, 0, 0
664999, 900, 0, 0
665999, 748, 0, 0
667000, 856, 0, 0
667999, 816, 0, 0
668999, 936, 0, 0
670000, 820, 0, 0
671000, 868, 0, 0
671999, 844, 0, 0
673000, 836, 0, 0
673999, 800, 0, 0
674999, 824, 0, 0
676000, 888, 0, 0
676999, 868, 0, 0
677999, 832, 0, 0
679000, 776, 0, 0
680000, 864, 0, 0
680999, 924, 0, 0
682000, 748, 0, 0
683000, 764, 0, 0
683999, 928, 0, 0
685000, 832, 0, 0
686000, 908, 0, 0
686999, 820, 0, 0
688000, 848, 0, 0
689000, 752, 0, 0
689999, 912, 0, 0
691000, 728, 0, 0
692000, 896, 0, 0
692999, 744, 0, 0
693999, 860, 0, 0
695000, 816, 0, 0
695999, 956, 0, 0
696999, 876, 0, 0
698000, 936, 0, 0
698999, 804, 0, 0
699999, 884, 0, 0
701000, 872, 0, 0
702000, 848, 0, 0
702999, 856, 0, 0
704000, 848, 0, 0
705000, 884, 0, 0
705999, 808, 0, 0
707000, 724, 0, 0
708000, 912, 0, 0
708999, 804, 0, 0
710000, 836, 0, 0
711000, 860, 0, 0
711999, 820, 0, 0
713000, 936, 0, 0
714000, 820, 0, 0
714999, 860, 0, 0
716000, 820, 0, 0
717000, 820, 0, 0
717999, 852, 0, 0
719000, 780, 0, 0
720000, 900, 0, 0
720999, 832, 0, 0
722000, 856, 0, 0
723000, 812, 0, 0
723999, 784, 0, 0
725000, 900, 0, 0
726000, 892, 0, 0
726999, 844, 0, 0
727999, 848, 0, 0
729000, 936, 0, 0
730000, 840, 0, 0
730999, 812, 0, 0
732000, 860, 0, 0
733000, 876, 0, 0
733999, 784, 0, 0
735000, 848, 0, 0
736000, 928, 0, 0
736999, 776, 0, 0
737999, 820, 0, 0
739000, 824, 0, 0
739999, 856, 0, 0
741000, 860, 0, 0
742000, 880, 0, 0
743000, 788, 0, 0
743999, 820, 0, 0
745000, 848, 0, 0
745999, 812, 0, 0
746999, 760, 0, 0
748000, 856, 0, 0
749000, 852, 0, 0
749999, 848, 0, 0
750999, 792, 0, 0
752000, 788, 0, 0
752999, 824, 0, 0
753999, 920, 0, 0
755000, 912, 0, 0
756000, 920, 0, 0
756999, 812, 0, 0
758000, 944, 0, 0
758999, 840, 0, 0
759999, 824, 0, 0
761000, 800, 0, 0
762000, 784, 0, 0
762999, 856, 0, 0
763999, 812, 0, 0
765000, 844, 0, 0
765999, 828, 0, 0
767000, 896, 0, 0
768000, 908, 0, 0
769000, 952, 0, 0
770001, 791, 0, 0
771000, 924, 0, 0
772000, 808, 0, 0
773000, 868, 0, 0
774000, 816, 0, 0
775000, 872, 0, 0
776000, 876, 0, 0
777000, 752, 0, 0
778000, 812, 0, 0
779001, 855, 0, 0
780000, 932, 0, 0
781000, 752, 0, 0
782000, 904, 0, 0
783000, 860, 0, 0
784000, 820, 0, 0
785000, 720, 0, 0
786000, 796, 0, 0
787000, 892, 0, 0
788000, 812, 0, 0
789000, 788, 0, 0
790000, 844, 0, 0
791000, 836, 0, 0
792000, 824, 0, 0
793000, 888, 0, 0
794000, 808, 0, 0
795000, 884, 0, 0
796000, 816, 0, 0
797000, 772, 0, 0
798000, 792, 0, 0
799000, 876, 0, 0
800000, 900, 0, 0
801000, 828, 0, 0
802000, 896, 0, 0
803000, 848, 0, 0
804000, 796, 0, 0
805000, 780, 0, 0
806000, 904, 0, 0
807000, 820, 0, 0
808001, 675, 0, 0
809000, 784, 0, 0
810000, 768, 0, 0
811000, 876, 0, 0
812000, 880, 0, 0
813000, 932, 0, 0
814000, 840, 0, 0
815000, 828, 0, 0
816000, 776, 0, 0
817001, 831, 0, 0
818000, 796, 0, 0
819000, 860, 0, 0
820000, 800, 0, 0
821000, 812, 0, 0
822000, 744, 0, 0
823000, 880, 0, 0
824000, 820, 0, 0
825000, 836, 0, 0
826000, 696, 0, 0
827000, 844, 0, 0
828000, 764, 0, 0
829000, 812, 0, 0
830000, 840, 0, 0
831000, 768, 0, 0
832000, 784, 0, 0
833000, 896, 0, 0
833999, 832, 0, 0
834999, 864, 0, 0
835999, 876, 0, 0
836999, 772, 0, 0
837999, 812, 0, 0
838999, 812, 0, 0
839998, 733, 0, 0
840999, 776, 0, 0
841998, 861, 0, 0
842998, 693, 0, 0
843998, 841, 0, 0
844998, 777, 0, 0
845998, 761, 0, 0
846998, 805, 0, 0
847997, 798, 0, 0
848997, 878, 0, 0
849997, 818, 0, 0
850997, 846, 0, 0
851997, 790, 0, 0
852996, 879, 0, 0
853996, 815, 0, 0
854997, 774, 0, 0
855996, 755, 0, 0
856996, 823, 0, 0
857996, 871, 0, 0
858996, 840, 0, 0
859996, 734, 0, 0
860995, 763, 0, 0
861995, 860, 0, 0
862995, 723, 0, 0
863995, 852, 0, 0
864995, 820, 0, 0
865995, 832, 0, 0
866994, 780, 0, 0
867994, 824, 0, 0
868995, 791, 0, 0
869994, 845, 0, 0
870994, 760, 0, 0
871993, 741, 0, 0
872994, 809, 0, 0
873994, 800, 0, 0
874993, 773, 0, 0
875993, 785, 0, 0
876993, 821, 0, 0
877993, 829, 0, 0
878993, 741, 0, 0
879993, 825, 0, 0
880992, 770, 0, 0
881992, 786, 0, 0
882993, 797, 0, 0
883992, 846, 0, 0
884992, 826, 0, 0
885991, 730, 0, 0
886991, 750, 0, 0
887992, 733, 0, 0
888991, 827, 0, 0
889991, 851, 0, 0
890991, 726, 0, 0
892000, 776, 0, 0
892991, 916, 0, 0
893991, 896, 0, 0
895000, 756, 0, 0
896000, 796, 0, 0
896999, 808, 0, 0
897999, 812, 0, 0
899000, 812, 0, 0
900000, 744, 0, 0
900999, 800, 0, 0
902000, 744, 0, 0
903000, 788, 0, 0
903999, 796, 0, 0
905000, 732, 0, 0
906000, 772, 0, 0
906999, 868, 0, 0
908000, 768, 0, 0
909000, 820, 0, 0
909999, 772, 0, 0
910999, 784, 0, 0
912000, 796, 0, 0
912999, 792, 0, 0
913999, 796, 0, 0
915000, 740, 0, 0
916000, 720, 0, 0
916999, 840, 0, 0
918000, 788, 0, 0
919000, 820, 0, 0
919999, 780, 0, 0
920999, 780, 0, 0
922000, 804, 0, 0
923000, 728, 0, 0
923999, 716, 0, 0
925000, 768, 0, 0
926000, 776, 0, 0
926999, 784, 0, 0
927999, 740, 0, 0
929000, 892, 0, 0
930000, 776, 0, 0
930999, 788, 0, 0
931999, 800, 0, 0
933000, 740, 0, 0
934000, 800, 0, 0
934999, 732, 0, 0
935999, 752, 0, 0
937000, 764, 0, 0
938000, 720, 0, 0
938999, 740, 0, 0
940000, 860, 0, 0
941000, 784, 0, 0
941999, 720, 0, 0
942999, 780, 0, 0
944000, 792, 0, 0
944999, 720, 0, 0
945999, 748, 0, 0
947000, 776, 0, 0
948000, 780, 0, 0
948999, 756, 0, 0
950000, 756, 0, 0
951000, 780, 0, 0
951999, 760, 0, 0
952999, 828, 0, 0
954000, 744, 0, 0
955000, 744, 0, 0
955999, 720, 0, 0
957000, 824, 0, 0
958000, 772, 0, 0
958999, 808, 0, 0
959999, 712, 0, 0
961000, 784, 0, 0
961999, 704, 0, 0
962999, 788, 0, 0
964000, 756, 0, 0
965000, 772, 0, 0
965999, 772, 0, 0
966999, 692, 0, 0
968000, 668, 0, 0
969000, 760, 0, 0
969999, 648, 0, 0
970999, 716, 0, 0
972000, 660, 0, 0
972999, 728, 0, 0
973999, 716, 0, 0
975000, 728, 0, 0
976000, 744, 0, 0
976999, 716, 0, 0
977999, 736, 0, 0
979000, 720, 0, 0
979999, 708, 0, 0
980999, 672, 0, 0
982000, 660, 0, 0
983000, 728, 0, 0
983999, 724, 0, 0
985000, 672, 0, 0
986000, 680, 0, 0
986999, 648, 0, 0
987999, 696, 0, 0
989000, 684, 0, 0
990000, 720, 0, 0
990999, 684, 0, 0
991999, 708, 0, 0
993000, 704, 0, 0
994000, 684, 0, 0
994999, 628, 0, 0
996000, 656, 0, 0
997000, 616, 0, 0
997999, 652, 0, 0
999000, 788, 0, 0
1000000, 680, 0, 0
1000999, 696, 0, 0
1002000, 644, 0, 0
1003000, 692, 0, 0
1003999, 656, 0, 0
1004999, 668, 0, 0
1006000, 608, 0, 0
1006999, 628, 0, 0
1007999, 696, 0, 0
1009000, 628, 0, 0
1010000, 660, 0, 0
1010999, 648, 0, 0
1011999, 652, 0, 0
1013000, 600, 0, 0
1013999, 680, 0, 0
1014999, 644, 0, 0
1015999, 680, 0, 0
1017000, 612, 0, 0
1017999, 656, 0, 0
1018999, 664, 0, 0
1020000, 620, 0, 0
1021000, 628, 0, 0
1021999, 644, 0, 0
1023000, 644, 0, 0
1024000, 712, 0, 0
1024999, 616, 0, 0
1025999, 656, 0, 0
1027000, 588, 0, 0
1028000, 680, 0, 0
1028999, 604, 0, 0
1030000, 608, 0, 0
1031000, 696, 0, 0
1031999, 680, 0, 0
1033000, 584, 0, 0
1034000, 612, 0, 0
1034999, 660, 0, 0
1035999, 672, 0, 0
1037000, 592, 0, 0
1037999, 616, 0, 0
1038999, 628, 0, 0
1040000, 648, 0, 0
1041000, 620, 0, 0
1041999, 624, 0, 0
1042999, 648, 0, 0
1044000, 596, 0, 0
1044999, 572, 0, 0
1045999, 668, 0, 0
1047000, 588, 0, 0
1048000, 624, 0, 0
1048999, 648, 0, 0
1049999, 632, 0, 0
1051000, 644, 0, 0
1051999, 608, 0, 0
1052999, 568, 0, 0
1054000, 612, 0, 0
1054999, 592, 0, 0
1055999, 572, 0, 0
1057000, 628, 0, 0
1057999, 532, 0, 0
1058999, 604, 0, 0
1060000, 560, 0, 0
1060999, 600, 0, 0
1061999, 548, 0, 0
1063000, 616, 0, 0
1064000, 620, 0, 0
1064999, 608, 0, 0
1065999, 620, 0, 0
1067000, 544, 0, 0
1068000, 584, 0, 0
1068999, 616, 0, 0
1069999, 608, 0, 0
1071000, 584, 0, 0
1071999, 556, 0, 0
1072999, 604, 0, 0
1074000, 572, 0, 0
1075000, 592, 0, 0
1075999, 532, 0, 0
1076999, 588, 0, 0
1078000, 556, 0, 0
1078999, 648, 0, 0
1079999, 568, 0, 0
1081000, 580, 0, 0
1082000, 600, 0, 0
1082999, 560, 0, 0
1083999, 564, 0, 0
1085000, 564, 0, 0
1085999, 592, 0, 0
1086999, 532, 0, 0
1088000, 616, 0, 0
1089000, 564, 0, 0
1089999, 544, 0, 0
1090999, 612, 0, 0
1092000, 576, 0, 0
1092999, 528, 0, 0
1093999, 580, 0, 0
1095000, 556, 0, 0
1096000, 596, 0, 0
1096999, 608, 0, 0
1097999, 572, 0, 0
1099000, 540, 0, 0
1099999, 600, 0, 0
1100999, 552, 0, 0
1102000, 556, 0, 0
1103000, 564, 0, 0
1103999, 536, 0, 0
1105000, 584, 0, 0
1106000, 572, 0, 0
1106999, 564, 0, 0
1107999, 544, 0, 0
1109000, 572, 0, 0
1109999, 536, 0, 0
1110999, 560, 0, 0
1112000, 544, 0, 0
1112999, 532, 0, 0
1113999, 564, 0, 0
1115000, 592, 0, 0
1116000, 564, 0, 0
1116999, 528, 0, 0
1117999, 528, 0, 0
1119000, 512, 0, 0
1120000, 572, 0, 0
1120999, 540, 0, 0
1121999, 592, 0, 0
1123000, 532, 0, 0
1123999, 548, 0, 0
1124999, 560, 0, 0
1126000, 568, 0, 0
1127000, 544, 0, 0
1128000, 552, 0, 0
1128999, 560, 0, 0
1130000, 560, 0, 0
1130999, 536, 0, 0
1131999, 540, 0, 0
1133000, 516, 0, 0
1134000, 500, 0, 0
1134999, 568, 0, 0
1136000, 532, 0, 0
1137000, 556, 0, 0
1137999, 528, 0, 0
1138999, 532, 0, 0
1140000, 564, 0, 0
1141000, 560, 0, 0
1141999, 468, 0, 0
1143000, 528, 0, 0
1144000, 528, 0, 0
1144999, 552, 0, 0
1145999, 564, 0, 0
1147000, 556, 0, 0
1147999, 560, 0, 0
1148999, 524, 0, 0
1149999, 568, 0, 0
1151000, 572, 0, 0
1151999, 572, 0, 0
1152999, 560, 0, 0
1154000, 512, 0, 0
1154999, 568, 0, 0
1155999, 496, 0, 0
1157000, 556, 0, 0
1158000, 528, 0, 0
1158999, 548, 0, 0
1160000, 556, 0, 0
1161000, 580, 0, 0
1161999, 568, 0, 0
1162999, 496, 0, 0
1164000, 580, 0, 0
1165000, 532, 0, 0
1165999, 520, 0, 0
1167000, 520, 0, 0
1168000, 560, 0, 0
1169000, 524, 0, 0
1169999, 556, 0, 0
1171000, 528, 0, 0
1172000, 512, 0, 0
1172999, 556, 0, 0
1173999, 572, 0, 0
1175000, 556, 0, 0
1175999, 544, 0, 0
1176999, 496, 0, 0
1178000, 532, 0, 0
1179000, 564, 0, 0
1179999, 556, 0, 0
1181000, 516, 0, 0
1182000, 528, 0, 0
1182999, 576, 0, 0
1183999, 460, 0, 0
1185000, 556, 0, 0
1186000, 556, 0, 0
1186999, 536, 0, 0
1187999, 544, 0, 0
1189000, 544, 0, 0
1190000, 572, 0, 0
1190999, 544, 0, 0
1191999, 620, 0, 0
1193000, 516, 0, 0
1193999, 560, 0, 0
1194999, 556, 0, 0
1196000, 524, 0, 0
1197000, 568, 0, 0
1197999, 600, 0, 0
1198999, 516, 0, 0
1200000, 492, 0, 0
