1000, 165, 0, 0
1999, 316, 0, 0
2999, 177, 0, 0
4000, 197, 0, 0
5000, 175, 0, 0
5999, 191, 0, 0
6999, 170, 0, 0
8000, 179, 0, 0
8999, 338, 0, 0
9999, 148, 0, 0
11000, 214, 0, 0
11999, 180, 0, 0
12999, 182, 0, 0
13999, 185, 0, 0
15000, 172, 0, 0
15999, 277, 0, 0
16999, 179, 0, 0
18000, 211, 0, 0
18999, 139, 0, 0
19999, 152, 0, 0
20999, 166, 0, 0
22000, 135, 0, 0
23000, 153, 0, 0
23999, 172, 0, 0
25000, 201, 0, 0
25999, 178, 0, 0
26999, 184, 0, 0
28000, 181, 0, 0
29000, 161, 0, 0
29999, 184, 0, 0
30999, 254, 0, 0
32000, 267, 0, 0
33000, 259, 0, 0
33999, 155, 0, 0
35000, 374, 0, 0
36000, 229, 0, 0
36999, 173, 0, 0
37999, 170, 0, 0
39000, 161, 0, 0
39999, 312, 0, 0
40999, 175, 0, 0
42000, 148, 0, 0
42999, 432, 0, 0
43999, 206, 0, 0
44999, 166, 0, 0
46000, 180, 0, 0
46999, 213, 0, 0
47999, 318, 0, 0
48999, 202, 0, 0
50000, 204, 0, 0
50999, 349, 0, 0
51999, 149, 0, 0
52999, 205, 0, 0
54000, 169, 0, 0
54999, 280, 0, 0
56000, 154, 0, 0
57000, 152, 0, 0
57999, 303, 0, 0
59000, 187, 0, 0
60000, 150, 0, 0
60999, 168, 0, 0
61999, 170, 0, 0
63000, 145, 0, 0
63999, 176, 0, 0
64999, 173, 0, 0
66000, 169, 0, 0
66999, 183, 0, 0
67999, 173, 0, 0
69000, 202, 0, 0
70000, 180, 0, 0
70999, 171, 0, 0
71999, 160, 0, 0
73000, 160, 0, 0
73999, 468, 0, 0
74999, 194, 0, 0
76000, 173, 0, 0
77000, 196, 0, 0
77999, 167, 0, 0
79000, 194, 0, 0
80000, 169, 0, 0
80999, 242, 0, 0
81999, 254, 0, 0
83000, 192, 0, 0
83999, 190, 0, 0
84999, 217, 0, 0
86000, 204, 0, 0
87000, 190, 0, 0
87999, 298, 0, 0
88999, 260, 0, 0
90000, 237, 0, 0
90999, 269, 0, 0
91999, 198, 0, 0
93000, 192, 0, 0
93999, 231, 0, 0
94999, 293, 0, 0
96000, 205, 0, 0
96999, 203, 0, 0
97999, 246, 0, 0
99000, 256, 0, 0
99999, 206, 0, 0
100999, 216, 0, 0
102000, 262, 0, 0
103000, 223, 0, 0
103999, 161, 0, 0
104999, 202, 0, 0
106000, 206, 0, 0
106999, 207, 0, 0
108000, 211, 0, 0
109000, 228, 0, 0
109999, 352, 0, 0
110999, 216, 0, 0
112000, 199, 0, 0
112999, 221, 0, 0
114000, 237, 0, 0
115000, 245, 0, 0
115999, 232, 0, 0
116999, 197, 0, 0
118000, 194, 0, 0
118999, 182, 0, 0
119999, 189, 0, 0
121000, 191, 0, 0
121999, 188, 0, 0
122999, 170, 0, 0
124000, 186, 0, 0
125000, 194, 0, 0
125999, 199, 0, 0
126999, 199, 0, 0
128000, 195, 0, 0
128999, 194, 0, 0
129999, 222, 0, 0
131000, 192, 0, 0
131999, 185, 0, 0
132999, 196, 0, 0
134000, 195, 0, 0
134999, 218, 0, 0
135999, 220, 0, 0
137000, 268, 0, 0
137999, 272, 0, 0
138999, 245, 0, 0
140000, 180, 0, 0
140999, 172, 0, 0
141999, 168, 0, 0
143000, 163, 0, 0
143999, 188, 0, 0
144999, 174, 0, 0
146000, 174, 0, 0
146999, 165, 0, 0
147999, 210, 0, 0
149000, 207, 0, 0
149999, 197, 0, 0
150999, 200, 0, 0
152000, 187, 0, 0
152999, 216, 0, 0
153999, 194, 0, 0
155000, 196, 0, 0
155999, 199, 0, 0
156999, 261, 0, 0
158000, 254, 0, 0
158999, 213, 0, 0
159999, 207, 0, 0
161000, 220, 0, 0
162000, 186, 0, 0
162999, 183, 0, 0
164000, 198, 0, 0
165000, 221, 0, 0
165999, 218, 0, 0
167000, 192, 0, 0
168000, 205, 0, 0
168999, 206, 0, 0
169999, 226, 0, 0
171000, 215, 0, 0
171999, 232, 0, 0
172999, 216, 0, 0
174000, 198, 0, 0
175000, 195, 0, 0
175999, 179, 0, 0
177000, 185, 0, 0
178000, 172, 0, 0
178999, 177, 0, 0
180000, 196, 0, 0
180999, 206, 0, 0
181999, 209, 0, 0
183000, 204, 0, 0
183999, 200, 0, 0
184999, 223, 0, 0
186000, 200, 0, 0
186999, 218, 0, 0
187999, 214, 0, 0
189000, 224, 0, 0
189999, 217, 0, 0
190999, 212, 0, 0
192000, 242, 0, 0
192999, 187, 0, 0
193999, 218, 0, 0
195000, 196, 0, 0
195999, 226, 0, 0
196999, 240, 0, 0
198000, 234, 0, 0
198999, 212, 0, 0
199999, 209, 0, 0
201000, 213, 0, 0
201999, 243, 0, 0
202999, 211, 0, 0
204000, 207, 0, 0
204999, 223, 0, 0
205999, 208, 0, 0
207000, 209, 0, 0
207999, 224, 0, 0
208999, 196, 0, 0
210000, 228, 0, 0
210999, 208, 0, 0
211999, 197, 0, 0
213000, 211, 0, 0
213999, 217, 0, 0
214999, 224, 0, 0
216000, 193, 0, 0
216999, 218, 0, 0
217999, 240, 0, 0
219000, 216, 0, 0
219999, 255, 0, 0
220999, 246, 0, 0
222000, 237, 0, 0
222999, 223, 0, 0
223999, 239, 0, 0
225000, 224, 0, 0
225999, 231, 0, 0
226999, 233, 0, 0
228000, 216, 0, 0
228999, 208, 0, 0
229999, 215, 0, 0
231000, 211, 0, 0
232000, 193, 0, 0
232999, 199, 0, 0
233999, 192, 0, 0
235000, 230, 0, 0
235999, 217, 0, 0
236999, 215, 0, 0
238000, 212, 0, 0
238999, 210, 0, 0
239999, 241, 0, 0
241000, 207, 0, 0
241999, 231, 0, 0
242999, 210, 0, 0
244000, 219, 0, 0
244999, 195, 0, 0
245999, 201, 0, 0
247000, 200, 0, 0
247999, 184, 0, 0
248999, 240, 0, 0
250000, 193, 0, 0
250999, 229, 0, 0
251999, 237, 0, 0
253000, 205, 0, 0
253999, 238, 0, 0
254999, 213, 0, 0
256000, 250, 0, 0
256999, 214, 0, 0
257999, 220, 0, 0
259000, 220, 0, 0
259999, 206, 0, 0
260999, 189, 0, 0
262000, 262, 0, 0
263000, 221, 0, 0
263999, 210, 0, 0
265000, 195, 0, 0
266000, 215, 0, 0
266999, 221, 0, 0
268000, 203, 0, 0
268999, 189, 0, 0
269999, 205, 0, 0
270999, 224, 0, 0
272000, 202, 0, 0
272999, 207, 0, 0
273999, 196, 0, 0
275000, 247, 0, 0
275999, 222, 0, 0
276999, 221, 0, 0
278000, 227, 0, 0
278999, 213, 0, 0
279999, 224, 0, 0
281000, 231, 0, 0
282000, 241, 0, 0
282999, 221, 0, 0
283999, 221, 0, 0
285000, 195, 0, 0
285999, 207, 0, 0
286999, 222, 0, 0
288000, 230, 0, 0
288999, 206, 0, 0
289999, 191, 0, 0
291000, 229, 0, 0
292000, 206, 0, 0
292999, 190, 0, 0
293999, 204, 0, 0
295000, 206, 0, 0
295999, 188, 0, 0
296999, 225, 0, 0
298000, 209, 0, 0
298999, 201, 0, 0
299999, 211, 0, 0
301000, 206, 0, 0
301999, 203, 0, 0
302999, 185, 0, 0
304000, 212, 0, 0
304999, 220, 0, 0
305999, 208, 0, 0
307000, 204, 0, 0
308000, 230, 0, 0
308999, 206, 0, 0
310000, 202, 0, 0
311000, 200, 0, 0
311999, 198, 0, 0
313000, 188, 0, 0
314000, 223, 0, 0
314999, 215, 0, 0
315999, 210, 0, 0
317000, 206, 0, 0
317999, 208, 0, 0
318999, 215, 0, 0
320000, 200, 0, 0
320999, 240, 0, 0
321999, 213, 0, 0
323000, 225, 0, 0
323999, 244, 0, 0
324999, 198, 0, 0
326000, 242, 0, 0
326999, 201, 0, 0
327999, 216, 0, 0
329000, 227, 0, 0
329999, 219, 0, 0
330999, 205, 0, 0
332000, 228, 0, 0
332999, 211, 0, 0
333999, 242, 0, 0
335000, 224, 0, 0
335999, 204, 0, 0
337000, 189, 0, 0
338000, 187, 0, 0
338999, 210, 0, 0
339999, 247, 0, 0
341000, 240, 0, 0
341999, 214, 0, 0
342999, 225, 0, 0
344000, 203, 0, 0
344999, 172, 0, 0
345999, 210, 0, 0
347000, 242, 0, 0
348000, 216, 0, 0
348999, 218, 0, 0
350000, 222, 0, 0
351000, 219, 0, 0
351999, 200, 0, 0
352999, 201, 0, 0
354000, 230, 0, 0
354999, 196, 0, 0
355999, 190, 0, 0
357000, 216, 0, 0
357999, 200, 0, 0
358999, 227, 0, 0
360000, 221, 0, 0
360999, 194, 0, 0
361999, 185, 0, 0
363000, 207, 0, 0
363999, 248, 0, 0
364999, 219, 0, 0
366000, 213, 0, 0
367000, 221, 0, 0
367999, 204, 0, 0
368999, 193, 0, 0
369999, 217, 0, 0
371000, 257, 0, 0
371999, 208, 0, 0
372999, 217, 0, 0
374000, 213, 0, 0
374999, 213, 0, 0
375999, 222, 0, 0
377000, 233, 0, 0
377999, 234, 0, 0
378999, 208, 0, 0
380000, 201, 0, 0
381000, 247, 0, 0
381999, 234, 0, 0
383000, 186, 0, 0
384000, 193, 0, 0
384999, 222, 0, 0
385999, 205, 0, 0
387000, 187, 0, 0
387999, 226, 0, 0
388999, 204, 0, 0
390000, 210, 0, 0
390999, 223, 0, 0
392000, 205, 0, 0
393000, 191, 0, 0
393999, 220, 0, 0
395000, 208, 0, 0
396000, 233, 0, 0
396999, 213, 0, 0
398000, 219, 0, 0
398999, 227, 0, 0
399999, 204, 0, 0
401000, 223, 0, 0
402000, 216, 0, 0
402999, 194, 0, 0
404000, 200, 0, 0
405000, 189, 0, 0
405999, 205, 0, 0
407000, 210, 0, 0
408000, 217, 0, 0
408999, 205, 0, 0
410000, 215, 0, 0
411000, 188, 0, 0
411999, 222, 0, 0
413000, 198, 0, 0
413999, 193, 0, 0
414999, 234, 0, 0
416000, 210, 0, 0
416999, 206, 0, 0
417999, 217, 0, 0
419000, 179, 0, 0
419999, 207, 0, 0
420999, 199, 0, 0
422000, 206, 0, 0
422999, 218, 0, 0
423999, 197, 0, 0
425000, 220, 0, 0
425999, 214, 0, 0
426999, 171, 0, 0
428000, 192, 0, 0
428999, 261, 0, 0
429999, 191, 0, 0
431000, 228, 0, 0
431999, 206, 0, 0
432999, 202, 0, 0
434000, 202, 0, 0
434999, 192, 0, 0
436000, 200, 0, 0
437000, 229, 0, 0
437999, 204, 0, 0
439000, 220, 0, 0
440000, 206, 0, 0
440999, 201, 0, 0
441999, 214, 0, 0
443000, 206, 0, 0
443999, 213, 0, 0
444999, 215, 0, 0
446000, 201, 0, 0
446999, 201, 0, 0
447999, 220, 0, 0
449000, 183, 0, 0
449999, 195, 0, 0
451000, 199, 0, 0
451999, 191, 0, 0
452999, 191, 0, 0
454000, 194, 0, 0
454999, 212, 0, 0
455999, 213, 0, 0
457000, 171, 0, 0
457999, 212, 0, 0
458999, 198, 0, 0
460000, 195, 0, 0
460999, 221, 0, 0
461999, 232, 0, 0
463000, 193, 0, 0
463999, 200, 0, 0
464999, 235, 0, 0
466000, 198, 0, 0
466999, 200, 0, 0
467999, 208, 0, 0
469000, 200, 0, 0
469999, 166, 0, 0
470999, 231, 0, 0
472000, 195, 0, 0
472999, 189, 0, 0
473999, 213, 0, 0
475000, 196, 0, 0
475999, 186, 0, 0
476999, 203, 0, 0
478000, 214, 0, 0
478999, 205, 0, 0
480000, 194, 0, 0
481000, 199, 0, 0
481999, 215, 0, 0
482999, 197, 0, 0
484000, 207, 0, 0
484999, 183, 0, 0
485999, 196, 0, 0
487000, 197, 0, 0
487999, 202, 0, 0
488999, 212, 0, 0
490000, 195, 0, 0
490999, 193, 0, 0
491999, 213, 0, 0
493000, 218, 0, 0
493999, 212, 0, 0
494999, 228, 0, 0
496000, 202, 0, 0
496999, 200, 0, 0
497999, 184, 0, 0
499000, 190, 0, 0
499999, 184, 0, 0
500999, 180, 0, 0
502000, 217, 0, 0
502999, 182, 0, 0
503999, 180, 0, 0
505000, 203, 0, 0
505999, 203, 0, 0
506999, 208, 0, 0
508000, 210, 0, 0
508999, 209, 0, 0
510000, 211, 0, 0
511000, 208, 0, 0
511999, 179, 0, 0
513000, 196, 0, 0
513999, 190, 0, 0
514999, 189, 0, 0
515999, 187, 0, 0
517000, 198, 0, 0
517999, 218, 0, 0
518999, 203, 0, 0
520000, 204, 0, 0
520999, 195, 0, 0
521999, 225, 0, 0
523000, 194, 0, 0
523999, 200, 0, 0
524999, 214, 0, 0
526000, 183, 0, 0
526999, 216, 0, 0
527999, 217, 0, 0
529000, 214, 0, 0
529999, 198, 0, 0
530999, 215, 0, 0
532000, 183, 0, 0
532999, 230, 0, 0
533999, 192, 0, 0
535000, 196, 0, 0
536000, 199, 0, 0
536999, 201, 0, 0
537999, 211, 0, 0
539000, 205, 0, 0
539999, 197, 0, 0
540999, 210, 0, 0
542000, 227, 0, 0
542999, 184, 0, 0
543999, 201, 0, 0
545000, 189, 0, 0
545999, 198, 0, 0
546999, 220, 0, 0
548000, 200, 0, 0
548999, 200, 0, 0
549999, 203, 0, 0
551000, 208, 0, 0
552000, 173, 0, 0
552999, 193, 0, 0
553999, 186, 0, 0
555000, 208, 0, 0
555999, 212, 0, 0
557000, 198, 0, 0
558000, 210, 0, 0
558999, 205, 0, 0
560000, 176, 0, 0
561000, 190, 0, 0
561999, 204, 0, 0
563000, 183, 0, 0
564000, 202, 0, 0
564999, 195, 0, 0
565999, 204, 0, 0
567000, 194, 0, 0
567999, 210, 0, 0
568999, 204, 0, 0
570000, 209, 0, 0
570999, 184, 0, 0
571999, 202, 0, 0
573000, 219, 0, 0
573999, 197, 0, 0
574999, 209, 0, 0
576000, 198, 0, 0
576999, 173, 0, 0
577999, 186, 0, 0
579000, 206, 0, 0
580000, 198, 0, 0
580999, 196, 0, 0
581999, 197, 0, 0
583000, 208, 0, 0
583999, 217, 0, 0
584999, 207, 0, 0
586000, 200, 0, 0
586999, 216, 0, 0
587999, 222, 0, 0
588999, 198, 0, 0
589999, 192, 0, 0
590999, 214, 0, 0
592000, 193, 0, 0
592999, 209, 0, 0
593999, 191, 0, 0
595000, 185, 0, 0
595999, 191, 0, 0
596999, 209, 0, 0
598000, 212, 0, 0
598999, 170, 0, 0
599999, 193, 0, 0
601000, 217, 0, 0
601999, 198, 0, 0
602999, 211, 0, 0
604000, 204, 0, 0
604999, 181, 0, 0
605999, 210, 0, 0
607000, 207, 0, 0
607999, 188, 0, 0
608999, 218, 0, 0
610000, 200, 0, 0
611000, 199, 0, 0
611999, 196, 0, 0
613000, 219, 0, 0
614000, 180, 0, 0
614999, 212, 0, 0
616000, 205, 0, 0
617000, 203, 0, 0
617999, 206, 0, 0
619000, 186, 0, 0
619999, 200, 0, 0
620999, 197, 0, 0
622000, 177, 0, 0
623000, 208, 0, 0
623999, 204, 0, 0
625000, 201, 0, 0
625999, 187, 0, 0
626999, 199, 0, 0
628000, 186, 0, 0
628999, 190, 0, 0
629999, 198, 0, 0
631000, 211, 0, 0
631999, 202, 0, 0
632999, 199, 0, 0
634000, 187, 0, 0
634999, 201, 0, 0
635999, 196, 0, 0
637000, 173, 0, 0
637999, 236, 0, 0
638999, 184, 0, 0
640000, 189, 0, 0
640999, 188, 0, 0
641999, 196, 0, 0
643000, 187, 0, 0
644000, 221, 0, 0
644999, 212, 0, 0
645999, 214, 0, 0
647000, 205, 0, 0
647999, 222, 0, 0
649000, 190, 0, 0
650000, 199, 0, 0
651000, 187, 0, 0
652000, 189, 0, 0
653000, 189, 0, 0
654000, 182, 0, 0
655000, 207, 0, 0
656000, 201, 0, 0
657000, 213, 0, 0
658000, 183, 0, 0
659000, 214, 0, 0
660000, 209, 0, 0
661000, 191, 0, 0
662000, 181, 0, 0
663000, 231, 0, 0
664000, 206, 0, 0
665000, 210, 0, 0
666000, 177, 0, 0
667000, 207, 0, 0
668000, 201, 0, 0
669000, 204, 0, 0
670000, 197, 0, 0
671000, 214, 0, 0
672000, 198, 0, 0
672999, 184, 0, 0
674000, 206, 0, 0
675000, 203, 0, 0
676000, 218, 0, 0
677000, 193, 0, 0
678000, 190, 0, 0
679000, 201, 0, 0
680000, 205, 0, 0
681000, 178, 0, 0
682000, 182, 0, 0
683000, 201, 0, 0
684000, 186, 0, 0
685000, 202, 0, 0
686000, 175, 0, 0
687000, 222, 0, 0
688000, 213, 0, 0
689000, 198, 0, 0
690000, 182, 0, 0
691000, 212, 0, 0
692000, 184, 0, 0
693000, 213, 0, 0
694000, 197, 0, 0
695000, 192, 0, 0
696000, 180, 0, 0
697000, 224, 0, 0
698000, 199, 0, 0
699000, 188, 0, 0
700000, 186, 0, 0
701000, 195, 0, 0
702000, 188, 0, 0
703000, 194, 0, 0
703999, 183, 0, 0
705000, 218, 0, 0
706000, 195, 0, 0
706999, 200, 0, 0
707999, 199, 0, 0
708999, 190, 0, 0
709999, 192, 0, 0
710999, 195, 0, 0
711998, 171, 0, 0
712998, 193, 0, 0
713998, 195, 0, 0
714998, 199, 0, 0
715998, 199, 0, 0
716997, 183, 0, 0
717998, 219, 0, 0
718998, 207, 0, 0
719997, 179, 0, 0
720997, 204, 0, 0
721996, 210, 0, 0
722997, 204, 0, 0
723997, 189, 0, 0
724996, 209, 0, 0
725996, 201, 0, 0
726996, 200, 0, 0
727996, 191, 0, 0
728996, 197, 0, 0
729995, 190, 0, 0
730995, 186, 0, 0
731995, 191, 0, 0
732995, 185, 0, 0
733994, 189, 0, 0
734995, 204, 0, 0
735995, 193, 0, 0
736994, 186, 0, 0
737994, 185, 0, 0
738994, 197, 0, 0
739994, 183, 0, 0
740993, 190, 0, 0
741993, 182, 0, 0
742993, 195, 0, 0
743993, 189, 0, 0
744993, 194, 0, 0
745992, 208, 0, 0
746993, 190, 0, 0
747992, 227, 0, 0
748992, 194, 0, 0
749992, 216, 0, 0
750991, 207, 0, 0
751992, 195, 0, 0
752992, 209, 0, 0
753991, 200, 0, 0
754991, 204, 0, 0
755991, 193, 0, 0
756991, 192, 0, 0
758000, 217, 0, 0
759000, 194, 0, 0
759999, 184, 0, 0
761000, 201, 0, 0
761999, 196, 0, 0
762999, 175, 0, 0
763999, 195, 0, 0
765000, 208, 0, 0
765999, 191, 0, 0
766999, 210, 0, 0
768000, 189, 0, 0
768999, 200, 0, 0
769999, 193, 0, 0
771000, 206, 0, 0
772000, 175, 0, 0
772999, 185, 0, 0
773999, 202, 0, 0
775000, 197, 0, 0
775999, 176, 0, 0
776999, 167, 0, 0
778000, 214, 0, 0
778999, 167, 0, 0
779999, 209, 0, 0
781000, 195, 0, 0
781999, 185, 0, 0
782999, 185, 0, 0
784000, 214, 0, 0
784999, 187, 0, 0
785999, 221, 0, 0
787000, 182, 0, 0
787999, 179, 0, 0
788999, 202, 0, 0
789999, 198, 0, 0
791000, 187, 0, 0
791999, 193, 0, 0
792999, 170, 0, 0
794000, 212, 0, 0
794999, 191, 0, 0
796000, 179, 0, 0
797000, 189, 0, 0
797999, 194, 0, 0
799000, 173, 0, 0
799999, 207, 0, 0
800999, 178, 0, 0
802000, 194, 0, 0
802999, 189, 0, 0
803999, 187, 0, 0
805000, 186, 0, 0
805999, 211, 0, 0
806999, 183, 0, 0
808000, 183, 0, 0
808999, 195, 0, 0
809999, 198, 0, 0
811000, 203, 0, 0
811999, 192, 0, 0
812999, 166, 0, 0
814000, 193, 0, 0
814999, 178, 0, 0
815999, 186, 0, 0
817000, 197, 0, 0
817999, 180, 0, 0
818999, 188, 0, 0
820000, 170, 0, 0
820999, 199, 0, 0
821999, 190, 0, 0
823000, 174, 0, 0
823999, 184, 0, 0
825000, 189, 0, 0
826000, 213, 0, 0
826999, 190, 0, 0
827999, 189, 0, 0
829000, 198, 0, 0
829999, 177, 0, 0
830999, 202, 0, 0
832000, 185, 0, 0
832999, 193, 0, 0
833999, 176, 0, 0
835000, 190, 0, 0
835999, 190, 0, 0
837000, 191, 0, 0
838000, 162, 0, 0
838999, 189, 0, 0
840000, 180, 0, 0
841000, 177, 0, 0
841999, 193, 0, 0
843000, 190, 0, 0
843999, 201, 0, 0
844999, 199, 0, 0
846000, 171, 0, 0
847000, 155, 0, 0
847999, 182, 0, 0
849000, 193, 0, 0
850000, 175, 0, 0
850999, 172, 0, 0
852000, 188, 0, 0
853000, 186, 0, 0
853999, 173, 0, 0
855000, 172, 0, 0
856000, 189, 0, 0
856999, 197, 0, 0
858000, 202, 0, 0
859000, 198, 0, 0
859999, 179, 0, 0
861000, 169, 0, 0
862000, 176, 0, 0
862999, 167, 0, 0
864000, 173, 0, 0
865000, 169, 0, 0
865999, 163, 0, 0
867000, 175, 0, 0
868000, 196, 0, 0
868999, 172, 0, 0
870000, 168, 0, 0
871000, 206, 0, 0
871999, 158, 0, 0
873000, 175, 0, 0
874000, 194, 0, 0
874999, 179, 0, 0
875999, 194, 0, 0
877000, 177, 0, 0
877999, 173, 0, 0
878999, 186, 0, 0
880000, 161, 0, 0
880999, 179, 0, 0
881999, 184, 0, 0
883000, 181, 0, 0
883999, 177, 0, 0
884999, 176, 0, 0
886000, 188, 0, 0
886999, 179, 0, 0
887999, 164, 0, 0
889000, 175, 0, 0
889999, 182, 0, 0
890999, 172, 0, 0
892000, 165, 0, 0
892999, 168, 0, 0
894000, 180, 0, 0
895000, 174, 0, 0
895999, 189, 0, 0
897000, 178, 0, 0
898000, 179, 0, 0
898999, 183, 0, 0
900000, 166, 0, 0
901000, 170, 0, 0
901999, 186, 0, 0
903000, 180, 0, 0
904000, 167, 0, 0
904999, 191, 0, 0
906000, 160, 0, 0
907000, 168, 0, 0
907999, 202, 0, 0
909000, 171, 0, 0
909999, 158, 0, 0
910999, 168, 0, 0
912000, 179, 0, 0
913000, 165, 0, 0
913999, 174, 0, 0
915000, 178, 0, 0
916000, 161, 0, 0
916999, 193, 0, 0
918000, 164, 0, 0
918999, 170, 0, 0
919999, 171, 0, 0
921000, 175, 0, 0
921999, 178, 0, 0
922999, 147, 0, 0
924000, 157, 0, 0
924999, 164, 0, 0
925999, 168, 0, 0
927000, 159, 0, 0
927999, 178, 0, 0
928999, 158, 0, 0
930000, 155, 0, 0
930999, 170, 0, 0
931999, 171, 0, 0
933000, 153, 0, 0
933999, 159, 0, 0
934999, 162, 0, 0
936000, 165, 0, 0
936999, 158, 0, 0
937999, 172, 0, 0
939000, 154, 0, 0
939999, 176, 0, 0
940999, 167, 0, 0
942000, 165, 0, 0
942999, 157, 0, 0
943999, 166, 0, 0
945000, 158, 0, 0
945999, 154, 0, 0
946999, 161, 0, 0
948000, 154, 0, 0
948999, 153, 0, 0
950000, 161, 0, 0
950999, 147, 0, 0
951999, 172, 0, 0
953000, 158, 0, 0
954000, 154, 0, 0
954999, 164, 0, 0
956000, 162, 0, 0
956999, 155, 0, 0
957999, 173, 0, 0
959000, 160, 0, 0
959999, 157, 0, 0
960999, 143, 0, 0
962000, 153, 0, 0
962999, 150, 0, 0
963999, 166, 0, 0
965000, 164, 0, 0
965999, 160, 0, 0
966999, 160, 0, 0
968000, 157, 0, 0
968999, 165, 0, 0
969999, 163, 0, 0
971000, 163, 0, 0
971999, 142, 0, 0
972999, 163, 0, 0
974000, 159, 0, 0
974999, 149, 0, 0
975999, 155, 0, 0
977000, 146, 0, 0
977999, 147, 0, 0
978999, 153, 0, 0
980000, 142, 0, 0
980999, 137, 0, 0
981999, 165, 0, 0
983000, 149, 0, 0
983999, 134, 0, 0
984999, 153, 0, 0
986000, 144, 0, 0
986999, 152, 0, 0
987999, 146, 0, 0
989000, 148, 0, 0
989999, 144, 0, 0
991000, 149, 0, 0
992000, 157, 0, 0
992999, 143, 0, 0
993999, 145, 0, 0
995000, 158, 0, 0
995999, 145, 0, 0
997000, 145, 0, 0
998000, 139, 0, 0
998999, 151, 0, 0
1000000, 140, 0, 0
1001000, 155, 0, 0
1001999, 145, 0, 0
1002999, 142, 0, 0
1004000, 142, 0, 0
1004999, 152, 0, 0
1005999, 152, 0, 0
1007000, 132, 0, 0
1007999, 153, 0, 0
1008999, 153, 0, 0
1010000, 139, 0, 0
1010999, 151, 0, 0
1011999, 151, 0, 0
1013000, 155, 0, 0
1013999, 147, 0, 0
1014999, 138, 0, 0
1016000, 143, 0, 0
1016999, 148, 0, 0
1017999, 142, 0, 0
1019000, 140, 0, 0
1019999, 143, 0, 0
1020999, 146, 0, 0
1022000, 142, 0, 0
1022999, 146, 0, 0
1023999, 143, 0, 0
1025000, 147, 0, 0
1025999, 139, 0, 0
1026999, 147, 0, 0
1028000, 148, 0, 0
1028999, 140, 0, 0
1029999, 145, 0, 0
1031000, 146, 0, 0
1031999, 138, 0, 0
1032999, 140, 0, 0
1034000, 154, 0, 0
1034999, 130, 0, 0
1035999, 134, 0, 0
1037000, 133, 0, 0
1037999, 141, 0, 0
1038999, 145, 0, 0
1040000, 130, 0, 0
1040999, 142, 0, 0
1041999, 147, 0, 0
1043000, 138, 0, 0
1043999, 138, 0, 0
1044999, 135, 0, 0
1046000, 146, 0, 0
1046999, 138, 0, 0
1047999, 147, 0, 0
1049000, 123, 0, 0
1049999, 129, 0, 0
1050999, 133, 0, 0
1052000, 144, 0, 0
1053000, 136, 0, 0
1053999, 131, 0, 0
1055000, 145, 0, 0
1056000, 122, 0, 0
1056999, 144, 0, 0
1058000, 133, 0, 0
1059000, 133, 0, 0
1059999, 139, 0, 0
1060999, 133, 0, 0
1062000, 132, 0, 0
1062999, 125, 0, 0
1063999, 153, 0, 0
1065000, 140, 0, 0
1065999, 132, 0, 0
1066999, 155, 0, 0
1068000, 135, 0, 0
1068999, 135, 0, 0
1069999, 132, 0, 0
1071000, 136, 0, 0
1071999, 133, 0, 0
1072999, 132, 0, 0
1074000, 140, 0, 0
1074999, 134, 0, 0
1075999, 144, 0, 0
1077000, 141, 0, 0
1078000, 138, 0, 0
1078999, 133, 0, 0
1080000, 130, 0, 0
1081000, 130, 0, 0
1081999, 139, 0, 0
1083000, 131, 0, 0
1084000, 129, 0, 0
1084999, 128, 0, 0
1085999, 141, 0, 0
1087000, 144, 0, 0
1087999, 130, 0, 0
1088999, 141, 0, 0
1090000, 131, 0, 0
1090999, 129, 0, 0
1091999, 132, 0, 0
1093000, 134, 0, 0
1093999, 130, 0, 0
1094999, 131, 0, 0
1096000, 132, 0, 0
1097000, 132, 0, 0
1097999, 131, 0, 0
1098999, 140, 0, 0
1100000, 118, 0, 0
1100999, 141, 0, 0
1101999, 131, 0, 0
1103000, 145, 0, 0
1103999, 130, 0, 0
1104999, 137, 0, 0
1106000, 142, 0, 0
1106999, 141, 0, 0
1107999, 142, 0, 0
1109000, 131, 0, 0
1110000, 128, 0, 0
1110999, 141, 0, 0
1111999, 133, 0, 0
1113000, 132, 0, 0
1113999, 140, 0, 0
1114999, 130, 0, 0
1116000, 144, 0, 0
1116999, 132, 0, 0
1117999, 131, 0, 0
1119000, 131, 0, 0
1119999, 138, 0, 0
1120999, 136, 0, 0
1122000, 131, 0, 0
1123000, 135, 0, 0
1123999, 132, 0, 0
1125000, 138, 0, 0
1126000, 140, 0, 0
1126999, 122, 0, 0
1127999, 142, 0, 0
1129000, 138, 0, 0
1129999, 130, 0, 0
1130999, 132, 0, 0
1132000, 132, 0, 0
1133000, 140, 0, 0
1133999, 142, 0, 0
1134999, 143, 0, 0
1136000, 142, 0, 0
1136999, 143, 0, 0
1137999, 129, 0, 0
1139000, 125, 0, 0
1140000, 134, 0, 0
1140999, 141, 0, 0
1141999, 139, 0, 0
1143000, 129, 0, 0
1144000, 132, 0, 0
1144999, 131, 0, 0
1145999, 130, 0, 0
1146999, 135, 0, 0
1148000, 140, 0, 0
1149000, 131, 0, 0
1150000, 131, 0, 0
1151000, 141, 0, 0
1151999, 133, 0, 0
1152999, 132, 0, 0
1154000, 132, 0, 0
1155000, 137, 0, 0
1156000, 132, 0, 0
1157000, 139, 0, 0
1157999, 131, 0, 0
1158999, 134, 0, 0
1159999, 136, 0, 0
1161000, 143, 0, 0
1162000, 130, 0, 0
1163000, 140, 0, 0
1164000, 131, 0, 0
1164999, 139, 0, 0
1165999, 133, 0, 0
1166999, 132, 0, 0
1168000, 143, 0, 0
1169000, 133, 0, 0
1170000, 143, 0, 0
1171000, 141, 0, 0
1171999, 145, 0, 0
1172999, 136, 0, 0
1173999, 134, 0, 0
1175000, 139, 0, 0
1176000, 142, 0, 0
1177000, 137, 0, 0
1178000, 136, 0, 0
1178999, 146, 0, 0
1179999, 131, 0, 0
1180999, 135, 0, 0
1182000, 136, 0, 0
1183000, 139, 0, 0
1184000, 140, 0, 0
1185000, 131, 0, 0
1185999, 145, 0, 0
1186999, 144, 0, 0
1187999, 135, 0, 0
1189000, 129, 0, 0
1190000, 133, 0, 0
1191000, 132, 0, 0
1192000, 143, 0, 0
1192999, 135, 0, 0
1193999, 144, 0, 0
1194999, 141, 0, 0
1196000, 140, 0, 0
1197000, 136, 0, 0
1198000, 132, 0, 0
1198999, 141, 0, 0
1199999, 147, 0, 0
1200999, 136, 0, 0
1202000, 130, 0, 0
1203000, 140, 0, 0
1204000, 137, 0, 0
1205000, 134, 0, 0
1205999, 143, 0, 0
1206999, 142, 0, 0
1208000, 133, 0, 0
1209000, 143, 0, 0
1210000, 132, 0, 0
1211000, 136, 0, 0
1211999, 144, 0, 0
1212999, 134, 0, 0
1214000, 144, 0, 0
1215000, 133, 0, 0
1216000, 140, 0, 0
1217000, 140, 0, 0
1217999, 135, 0, 0
1218999, 137, 0, 0
1220000, 134, 0, 0
1221000, 132, 0, 0
1222000, 140, 0, 0
1223000, 130, 0, 0
1223999, 136, 0, 0
1224999, 142, 0, 0
1225999, 133, 0, 0
1227000, 140, 0, 0
1228000, 144, 0, 0
1229000, 144, 0, 0
1230000, 124, 0, 0
1230999, 136, 0, 0
1231999, 145, 0, 0
1233000, 137, 0, 0
1234000, 133, 0, 0
1235000, 134, 0, 0
1236000, 133, 0, 0
1237000, 141, 0, 0
1238000, 140, 0, 0
1238999, 131, 0, 0
1239999, 131, 0, 0
1240999, 135, 0, 0
1242000, 144, 0, 0
1243000, 142, 0, 0
1244000, 137, 0, 0
1245000, 145, 0, 0
1246000, 132, 0, 0
1246999, 143, 0, 0
1247999, 139, 0, 0
1248999, 143, 0, 0
1250000, 136, 0, 0
1251000, 145, 0, 0
1252000, 145, 0, 0
1253000, 138, 0, 0
1254000, 135, 0, 0
1255000, 144, 0, 0
1255999, 134, 0, 0
1256999, 142, 0, 0
1257999, 135, 0, 0
1259000, 136, 0, 0
1260000, 134, 0, 0
1261000, 142, 0, 0
1262000, 134, 0, 0
1263000, 144, 0, 0
1263999, 134, 0, 0
1264999, 142, 0, 0
1265999, 148, 0, 0
1267000, 145, 0, 0
1268000, 139, 0, 0
1269000, 141, 0, 0
1270000, 137, 0, 0
1271000, 141, 0, 0
1272000, 129, 0, 0
1272999, 141, 0, 0
1273999, 141, 0, 0
1274999, 134, 0, 0
1276000, 134, 0, 0
1277000, 133, 0, 0
1278000, 130, 0, 0
1279000, 127, 0, 0
1280000, 141, 0, 0
1281000, 135, 0, 0
1281999, 142, 0, 0
1282999, 135, 0, 0
1284000, 145, 0, 0
1285000, 145, 0, 0
1286000, 134, 0, 0
1287000, 143, 0, 0
1288000, 149, 0, 0
1289000, 136, 0, 0
1289999, 133, 0, 0
1290999, 132, 0, 0
1292000, 143, 0, 0
1293000, 132, 0, 0
1294000, 139, 0, 0
1295000, 138, 0, 0
1296000, 142, 0, 0
1297000, 133, 0, 0
1297999, 144, 0, 0
1298999, 144, 0, 0
1299999, 144, 0, 0
1301000, 138, 0, 0
1302000, 138, 0, 0
1303000, 137, 0, 0
1304000, 132, 0, 0
1305000, 140, 0, 0
1306000, 135, 0, 0
1306999, 143, 0, 0
1307999, 136, 0, 0
1308999, 135, 0, 0
1310000, 141, 0, 0
1311000, 142, 0, 0
1312000, 141, 0, 0
1313000, 135, 0, 0
1314000, 140, 0, 0
1315000, 147, 0, 0
1315999, 138, 0, 0
1316999, 132, 0, 0
1317999, 136, 0, 0
1319000, 134, 0, 0
1320000, 130, 0, 0
1321000, 144, 0, 0
1322000, 134, 0, 0
1323000, 134, 0, 0
1323999, 152, 0, 0
1324999, 143, 0, 0
1325999, 134, 0, 0
1327000, 148, 0, 0
1328000, 132, 0, 0
1329000, 133, 0, 0
1330000, 141, 0, 0
1331000, 134, 0, 0
1332000, 155, 0, 0
1332999, 133, 0, 0
1333999, 148, 0, 0
1334999, 144, 0, 0
1336000, 128, 0, 0
1337000, 142, 0, 0
1338000, 132, 0, 0
1339000, 144, 0, 0
1340000, 148, 0, 0
1341000, 120, 0, 0
1341999, 145, 0, 0
1342999, 144, 0, 0
1343999, 146, 0, 0
1345000, 135, 0, 0
1346000, 144, 0, 0
1347000, 137, 0, 0
1348000, 136, 0, 0
1349000, 146, 0, 0
1350000, 128, 0, 0
1350999, 136, 0, 0
1351999, 144, 0, 0
1353000, 136, 0, 0
1354000, 146, 0, 0
1355000, 141, 0, 0
1356000, 134, 0, 0
1357000, 149, 0, 0
1358000, 142, 0, 0
1358999, 133, 0, 0
1359999, 139, 0, 0
1360999, 138, 0, 0
1362000, 133, 0, 0
1363000, 145, 0, 0
1364000, 168, 0, 0
1365000, 138, 0, 0
1366000, 116, 0, 0
1367000, 140, 0, 0
1367999, 136, 0, 0
1368999, 142, 0, 0
1369999, 154, 0, 0
1371000, 142, 0, 0
1372000, 136, 0, 0
1373000, 139, 0, 0
1374000, 147, 0, 0
1375000, 146, 0, 0
1376000, 144, 0, 0
1376999, 142, 0, 0
1377999, 129, 0, 0
1379000, 140, 0, 0
1380000, 143, 0, 0
1381000, 132, 0, 0
1382000, 138, 0, 0
1383000, 145, 0, 0
1384000, 142, 0, 0
1384999, 138, 0, 0
1385999, 127, 0, 0
1387000, 132, 0, 0
1388000, 130, 0, 0
1389000, 142, 0, 0
1390000, 135, 0, 0
1391000, 149, 0, 0
1392000, 149, 0, 0
1392999, 139, 0, 0
1393999, 134, 0, 0
1394999, 134, 0, 0
1396000, 140, 0, 0
1397000, 140, 0, 0
1398000, 134, 0, 0
1399000, 138, 0, 0
1400000, 130, 0, 0
1401000, 150, 0, 0
1401999, 138, 0, 0
1402999, 148, 0, 0
1404000, 148, 0, 0
1405000, 112, 0, 0
1406000, 131, 0, 0
1407000, 140, 0, 0
1408000, 135, 0, 0
1408999, 133, 0, 0
1409999, 140, 0, 0
1411000, 135, 0, 0
1412000, 139, 0, 0
1413000, 147, 0, 0
1414000, 133, 0, 0
1414999, 133, 0, 0
1415999, 149, 0, 0
1416999, 135, 0, 0
1418000, 133, 0, 0
1419000, 145, 0, 0
1420000, 134, 0, 0
1421000, 143, 0, 0
1421999, 134, 0, 0
1422999, 126, 0, 0
1424000, 142, 0, 0
1425000, 143, 0, 0
1426000, 143, 0, 0
1427000, 137, 0, 0
1427999, 136, 0, 0
1428999, 133, 0, 0
1430000, 148, 0, 0
1431000, 136, 0, 0
1432000, 135, 0, 0
1433000, 133, 0, 0
1433999, 131, 0, 0
1434999, 148, 0, 0
1435999, 133, 0, 0
1437000, 144, 0, 0
1438000, 134, 0, 0
1439000, 138, 0, 0
1440000, 134, 0, 0
1440999, 136, 0, 0
1441999, 146, 0, 0
1443000, 141, 0, 0
1444000, 150, 0, 0
1445000, 137, 0, 0
1446000, 145, 0, 0
1446999, 138, 0, 0
1448000, 124, 0, 0
1449000, 135, 0, 0
1450000, 142, 0, 0
1451000, 145, 0, 0
1452000, 137, 0, 0
1452999, 140, 0, 0
1454000, 132, 0, 0
1455000, 139, 0, 0
1456000, 141, 0, 0
1457000, 141, 0, 0
1458000, 140, 0, 0
1458999, 146, 0, 0
1459999, 138, 0, 0
1461000, 132, 0, 0
1462000, 142, 0, 0
1463000, 142, 0, 0
1464000, 133, 0, 0
1464999, 132, 0, 0
1465999, 142, 0, 0
1467000, 142, 0, 0
1468000, 131, 0, 0
1469000, 143, 0, 0
1470000, 134, 0, 0
1470999, 145, 0, 0
1471999, 139, 0, 0
1473000, 137, 0, 0
1474000, 131, 0, 0
1475000, 143, 0, 0
1476000, 137, 0, 0
1476999, 132, 0, 0
1477999, 143, 0, 0
1479000, 136, 0, 0
1480000, 133, 0, 0
1481000, 132, 0, 0
1482000, 137, 0, 0
1482999, 144, 0, 0
1483999, 134, 0, 0
1485000, 132, 0, 0
1486000, 144, 0, 0
1487000, 138, 0, 0
1488000, 133, 0, 0
1488999, 132, 0, 0
1489999, 139, 0, 0
1491000, 144, 0, 0
1492000, 148, 0, 0
1493000, 136, 0, 0
1494000, 133, 0, 0
1494999, 142, 0, 0
1495999, 135, 0, 0
1497000, 133, 0, 0
1498000, 143, 0, 0
1499000, 133, 0, 0
1500000, 130, 0, 0
1500999, 134, 0, 0
1501999, 135, 0, 0
1503000, 152, 0, 0
1504000, 141, 0, 0
1505000, 129, 0, 0
1506000, 132, 0, 0
1506999, 142, 0, 0
1507999, 133, 0, 0
1509000, 133, 0, 0
1510000, 141, 0, 0
1511000, 119, 0, 0
1512000, 142, 0, 0
1512999, 140, 0, 0
1513999, 140, 0, 0
1515000, 130, 0, 0
1516000, 133, 0, 0
1517000, 138, 0, 0
1517999, 137, 0, 0
1518999, 139, 0, 0
1520000, 139, 0, 0
1521000, 132, 0, 0
1522000, 135, 0, 0
1523000, 125, 0, 0
1523999, 140, 0, 0
1524999, 139, 0, 0
1525999, 133, 0, 0
1527000, 144, 0, 0
1528000, 147, 0, 0
1529000, 140, 0, 0
1530000, 143, 0, 0
1530999, 136, 0, 0
1531999, 142, 0, 0
1533000, 142, 0, 0
1534000, 129, 0, 0
1535000, 138, 0, 0
1536000, 140, 0, 0
1536999, 140, 0, 0
1537999, 129, 0, 0
1539000, 123, 0, 0
1540000, 143, 0, 0
1541000, 141, 0, 0
1542000, 134, 0, 0
1542999, 134, 0, 0
1543999, 135, 0, 0
1544999, 136, 0, 0
1546000, 141, 0, 0
1547000, 141, 0, 0
1548000, 135, 0, 0
1549000, 131, 0, 0
1549999, 142, 0, 0
1551000, 137, 0, 0
1552000, 144, 0, 0
1553000, 148, 0, 0
1554000, 143, 0, 0
1554999, 138, 0, 0
1555999, 136, 0, 0
1556999, 142, 0, 0
1558000, 135, 0, 0
1559000, 124, 0, 0
1560000, 142, 0, 0
1560999, 142, 0, 0
1561999, 134, 0, 0
1562999, 143, 0, 0
1564000, 141, 0, 0
1565000, 132, 0, 0
1566000, 143, 0, 0
1566999, 142, 0, 0
1567999, 132, 0, 0
1568999, 133, 0, 0
1570000, 134, 0, 0
1571000, 143, 0, 0
1572000, 139, 0, 0
1573000, 119, 0, 0
1573999, 155, 0, 0
1575000, 138, 0, 0
1576000, 140, 0, 0
1577000, 144, 0, 0
1578000, 132, 0, 0
1578999, 134, 0, 0
1579999, 146, 0, 0
1581000, 139, 0, 0
1582000, 131, 0, 0
1583000, 136, 0, 0
1584000, 136, 0, 0
1584999, 134, 0, 0
1585999, 135, 0, 0
1587000, 142, 0, 0
1588000, 141, 0, 0
1589000, 140, 0, 0
1590000, 144, 0, 0
1590999, 145, 0, 0
1591999, 138, 0, 0
1593000, 139, 0, 0
1594000, 146, 0, 0
1595000, 140, 0, 0
1596000, 145, 0, 0
1596999, 131, 0, 0
1597999, 134, 0, 0
1599000, 136, 0, 0
1600000, 150, 0, 0
1601000, 134, 0, 0
1601999, 134, 0, 0
1602999, 139, 0, 0
1603999, 140, 0, 0
1605000, 143, 0, 0
1606000, 146, 0, 0
1607000, 149, 0, 0
1608000, 144, 0, 0
1608999, 132, 0, 0
1609999, 141, 0, 0
1611000, 142, 0, 0
1612000, 125, 0, 0
1613000, 136, 0, 0
1614000, 140, 0, 0
1614999, 141, 0, 0
1615999, 140, 0, 0
1617000, 132, 0, 0
1618000, 130, 0, 0
1619000, 128, 0, 0
1620000, 134, 0, 0
1620999, 144, 0, 0
1621999, 131, 0, 0
1623000, 147, 0, 0
1624000, 135, 0, 0
1625000, 144, 0, 0
1625999, 135, 0, 0
1626999, 138, 0, 0
1628000, 146, 0, 0
1629000, 141, 0, 0
1630000, 144, 0, 0
1631000, 135, 0, 0
1631999, 133, 0, 0
1632999, 137, 0, 0
1634000, 134, 0, 0
1635000, 141, 0, 0
1636000, 125, 0, 0
1637000, 148, 0, 0
1637999, 135, 0, 0
1638999, 142, 0, 0
1640000, 153, 0, 0
1641000, 125, 0, 0
1642000, 131, 0, 0
1643000, 145, 0, 0
1643999, 139, 0, 0
1644999, 145, 0, 0
1646000, 134, 0, 0
1647000, 145, 0, 0
1648000, 135, 0, 0
1649000, 147, 0, 0
1649999, 130, 0, 0
1650999, 126, 0, 0
1652000, 133, 0, 0
1653000, 125, 0, 0
1654000, 108, 0, 0
1655000, 110, 0, 0
1655999, 140, 0, 0
1656999, 147, 0, 0
1658000, 141, 0, 0
1659000, 136, 0, 0
1660000, 143, 0, 0
1661000, 132, 0, 0
1661999, 145, 0, 0
1662999, 141, 0, 0
1664000, 135, 0, 0
1665000, 139, 0, 0
1666000, 139, 0, 0
1667000, 139, 0, 0
1668000, 130, 0, 0
1668999, 147, 0, 0
1670000, 143, 0, 0
1671000, 136, 0, 0
1672000, 139, 0, 0
1673000, 138, 0, 0
1673999, 131, 0, 0
1674999, 144, 0, 0
1676000, 144, 0, 0
1677000, 135, 0, 0
1678000, 132, 0, 0
1679000, 141, 0, 0
1680000, 135, 0, 0
1680999, 132, 0, 0
1681999, 136, 0, 0
1682999, 137, 0, 0
1684000, 142, 0, 0
1685000, 133, 0, 0
1686000, 134, 0, 0
1687000, 144, 0, 0
1688000, 141, 0, 0
1689000, 136, 0, 0
1689999, 137, 0, 0
1690999, 134, 0, 0
1691999, 138, 0, 0
1693000, 141, 0, 0
1694000, 137, 0, 0
1695000, 132, 0, 0
1696000, 134, 0, 0
1697000, 137, 0, 0
1698000, 144, 0, 0
1698999, 114, 0, 0
1699999, 143, 0, 0
1701000, 140, 0, 0
1702000, 138, 0, 0
1703000, 138, 0, 0
1704000, 128, 0, 0
1705000, 165, 0, 0
1705999, 142, 0, 0
1706999, 134, 0, 0
1707999, 143, 0, 0
1709000, 132, 0, 0
1710000, 135, 0, 0
1711000, 145, 0, 0
1712000, 136, 0, 0
1713000, 143, 0, 0
1713999, 140, 0, 0
1714999, 125, 0, 0
1715999, 148, 0, 0
1717000, 146, 0, 0
1718000, 135, 0, 0
1719000, 136, 0, 0
1720000, 129, 0, 0
1721000, 136, 0, 0
1721999, 143, 0, 0
1722999, 130, 0, 0
1723999, 146, 0, 0
1725000, 144, 0, 0
1726000, 141, 0, 0
1727000, 141, 0, 0
1728000, 133, 0, 0
1729000, 137, 0, 0
1729999, 142, 0, 0
1730999, 144, 0, 0
1731999, 128, 0, 0
1732999, 132, 0, 0
1734000, 133, 0, 0
1735000, 134, 0, 0
1736000, 125, 0, 0
1737000, 140, 0, 0
1738000, 142, 0, 0
1738999, 133, 0, 0
1739999, 145, 0, 0
1740999, 135, 0, 0
1742000, 136, 0, 0
1743000, 146, 0, 0
1744000, 141, 0, 0
1745000, 131, 0, 0
1746000, 147, 0, 0
1746999, 144, 0, 0
1747999, 133, 0, 0
1748999, 137, 0, 0
1750000, 136, 0, 0
1751000, 132, 0, 0
1752000, 145, 0, 0
1753000, 145, 0, 0
1754000, 131, 0, 0
1755000, 137, 0, 0
1755999, 136, 0, 0
1756999, 141, 0, 0
1758000, 135, 0, 0
1759000, 140, 0, 0
1760000, 161, 0, 0
1761000, 130, 0, 0
1762000, 133, 0, 0
1762999, 139, 0, 0
1763999, 142, 0, 0
1765000, 134, 0, 0
1766000, 135, 0, 0
1767000, 133, 0, 0
1768000, 139, 0, 0
1769000, 132, 0, 0
1769999, 142, 0, 0
1770999, 133, 0, 0
1772000, 146, 0, 0
1773000, 134, 0, 0
1774000, 143, 0, 0
1774999, 131, 0, 0
1775999, 142, 0, 0
1777000, 130, 0, 0
1778000, 143, 0, 0
1779000, 138, 0, 0
1780000, 131, 0, 0
1780999, 134, 0, 0
1781999, 136, 0, 0
1783000, 146, 0, 0
1784000, 128, 0, 0
1785000, 142, 0, 0
1786000, 134, 0, 0
1786999, 145, 0, 0
1787999, 141, 0, 0
1789000, 141, 0, 0
1790000, 143, 0, 0
1791000, 140, 0, 0
1792000, 140, 0, 0
1792999, 136, 0, 0
1793999, 139, 0, 0
1795000, 135, 0, 0
1796000, 133, 0, 0
1797000, 134, 0, 0
1798000, 135, 0, 0
1798999, 144, 0, 0
1799999, 133, 0, 0
1801000, 144, 0, 0
1802000, 133, 0, 0
1803000, 138, 0, 0
1804000, 141, 0, 0
1804999, 144, 0, 0
1805999, 133, 0, 0
1807000, 139, 0, 0
1808000, 142, 0, 0
1809000, 134, 0, 0
1810000, 126, 0, 0
1810999, 140, 0, 0
1811999, 137, 0, 0
1813000, 133, 0, 0
1814000, 145, 0, 0
1815000, 121, 0, 0
1816000, 143, 0, 0
1816999, 138, 0, 0
1817999, 134, 0, 0
1819000, 133, 0, 0
1820000, 137, 0, 0
1821000, 135, 0, 0
1822000, 137, 0, 0
1822999, 134, 0, 0
1823999, 140, 0, 0
1825000, 142, 0, 0
1826000, 135, 0, 0
1827000, 143, 0, 0
1828000, 134, 0, 0
1828999, 141, 0, 0
1829999, 140, 0, 0
1831000, 135, 0, 0
1832000, 134, 0, 0
1833000, 131, 0, 0
1834000, 138, 0, 0
1834999, 137, 0, 0
1835999, 143, 0, 0
1836999, 140, 0, 0
1838000, 142, 0, 0
1839000, 137, 0, 0
1840000, 123, 0, 0
1841000, 144, 0, 0
1841999, 137, 0, 0
1842999, 136, 0, 0
1843999, 139, 0, 0
1845000, 138, 0, 0
1846000, 137, 0, 0
1847000, 142, 0, 0
1848000, 133, 0, 0
1848999, 134, 0, 0
1849999, 137, 0, 0
1851000, 140, 0, 0
1852000, 135, 0, 0
1853000, 145, 0, 0
1854000, 136, 0, 0
1854999, 143, 0, 0
1855999, 147, 0, 0
1857000, 131, 0, 0
1858000, 145, 0, 0
1859000, 141, 0, 0
1860000, 134, 0, 0
1861000, 133, 0, 0
1861999, 153, 0, 0
1862999, 134, 0, 0
1864000, 132, 0, 0
1865000, 130, 0, 0
1866000, 146, 0, 0
1867000, 134, 0, 0
1867999, 132, 0, 0
1868999, 142, 0, 0
1870000, 143, 0, 0
1871000, 136, 0, 0
1872000, 142, 0, 0
1873000, 134, 0, 0
1873999, 144, 0, 0
1874999, 121, 0, 0
1876000, 147, 0, 0
1877000, 139, 0, 0
1878000, 149, 0, 0
1879000, 135, 0, 0
1879999, 138, 0, 0
1880999, 144, 0, 0
1882000, 143, 0, 0
1883000, 133, 0, 0
1884000, 146, 0, 0
1885000, 131, 0, 0
1885999, 130, 0, 0
1886999, 140, 0, 0
1888000, 152, 0, 0
1889000, 134, 0, 0
1890000, 143, 0, 0
1891000, 136, 0, 0
1891999, 135, 0, 0
1892999, 143, 0, 0
1894000, 146, 0, 0
1895000, 133, 0, 0
1896000, 137, 0, 0
1897000, 137, 0, 0
1897999, 142, 0, 0
1898999, 134, 0, 0
1900000, 131, 0, 0
1901000, 145, 0, 0
1902000, 135, 0, 0
1903000, 136, 0, 0
1903999, 143, 0, 0
1904999, 136, 0, 0
1906000, 137, 0, 0
1907000, 136, 0, 0
1908000, 134, 0, 0
1909000, 149, 0, 0
1909999, 139, 0, 0
1910999, 143, 0, 0
1912000, 126, 0, 0
1913000, 138, 0, 0
1914000, 130, 0, 0
1915000, 151, 0, 0
1915999, 135, 0, 0
1916999, 139, 0, 0
1918000, 144, 0, 0
1919000, 131, 0, 0
1920000, 142, 0, 0
1921000, 145, 0, 0
1921999, 133, 0, 0
1922999, 136, 0, 0
1924000, 144, 0, 0
1925000, 144, 0, 0
1926000, 137, 0, 0
1927000, 144, 0, 0
1927999, 134, 0, 0
1928999, 131, 0, 0
1930000, 143, 0, 0
1931000, 141, 0, 0
1932000, 138, 0, 0
1933000, 143, 0, 0
1933999, 135, 0, 0
1934999, 134, 0, 0
1935999, 133, 0, 0
1937000, 143, 0, 0
1938000, 134, 0, 0
1939000, 135, 0, 0
1940000, 136, 0, 0
1940999, 142, 0, 0
1941999, 138, 0, 0
1943000, 138, 0, 0
1944000, 138, 0, 0
1945000, 143, 0, 0
1946000, 143, 0, 0
1946999, 129, 0, 0
1947999, 136, 0, 0
1949000, 147, 0, 0
1950000, 139, 0, 0
1951000, 141, 0, 0
1952000, 137, 0, 0
1952999, 125, 0, 0
1953999, 145, 0, 0
1955000, 135, 0, 0
1956000, 139, 0, 0
1957000, 135, 0, 0
1957999, 131, 0, 0
1958999, 133, 0, 0
1959999, 131, 0, 0
1961000, 141, 0, 0
1962000, 147, 0, 0
1963000, 132, 0, 0
1963999, 134, 0, 0
1964999, 142, 0, 0
1965999, 145, 0, 0
1967000, 131, 0, 0
1968000, 131, 0, 0
1969000, 130, 0, 0
1970000, 145, 0, 0
1970999, 132, 0, 0
1971999, 142, 0, 0
1973000, 143, 0, 0
1974000, 146, 0, 0
1975000, 122, 0, 0
1975999, 145, 0, 0
1976999, 135, 0, 0
1977999, 134, 0, 0
1979000, 132, 0, 0
1980000, 142, 0, 0
1981000, 140, 0, 0
1982000, 140, 0, 0
1982999, 132, 0, 0
1983999, 131, 0, 0
1985000, 146, 0, 0
1986000, 140, 0, 0
1987000, 131, 0, 0
1987999, 136, 0, 0
1988999, 133, 0, 0
1990000, 132, 0, 0
1991000, 137, 0, 0
1992000, 142, 0, 0
1993000, 125, 0, 0
1993999, 142, 0, 0
1994999, 133, 0, 0
1996000, 124, 0, 0
1997000, 146, 0, 0
1998000, 133, 0, 0
1998999, 131, 0, 0
1999999, 127, 0, 0
2000999, 145, 0, 0
2002000, 144, 0, 0
2003000, 134, 0, 0
2004000, 145, 0, 0
2005000, 135, 0, 0
2005999, 144, 0, 0
2006999, 132, 0, 0
2008000, 138, 0, 0
2009000, 133, 0, 0
2010000, 135, 0, 0
2011000, 136, 0, 0
2012000, 124, 0, 0
2012999, 144, 0, 0
2013999, 134, 0, 0
2014999, 133, 0, 0
2016000, 144, 0, 0
2017000, 138, 0, 0
2018000, 135, 0, 0
2019000, 131, 0, 0
2019999, 132, 0, 0
2020999, 143, 0, 0
2022000, 138, 0, 0
2023000, 131, 0, 0
2024000, 136, 0, 0
2025000, 139, 0, 0
2025999, 140, 0, 0
2026999, 136, 0, 0
2028000, 140, 0, 0
2029000, 132, 0, 0
2030000, 133, 0, 0
2031000, 141, 0, 0
2031999, 133, 0, 0
2032999, 141, 0, 0
2034000, 139, 0, 0
2035000, 142, 0, 0
2036000, 132, 0, 0
2037000, 143, 0, 0
2037999, 132, 0, 0
2038999, 143, 0, 0
2040000, 134, 0, 0
2041000, 137, 0, 0
2042000, 144, 0, 0
2043000, 140, 0, 0
2043999, 136, 0, 0
2044999, 142, 0, 0
2046000, 146, 0, 0
2047000, 141, 0, 0
2048000, 135, 0, 0
2049000, 132, 0, 0
2049999, 122, 0, 0
2050999, 133, 0, 0
2051999, 137, 0, 0
2053000, 123, 0, 0
2054000, 145, 0, 0
2055000, 127, 0, 0
2056000, 133, 0, 0
2056999, 144, 0, 0
2057999, 139, 0, 0
2059000, 130, 0, 0
2060000, 146, 0, 0
2061000, 142, 0, 0
2062000, 138, 0, 0
2062999, 135, 0, 0
2063999, 139, 0, 0
2065000, 135, 0, 0
2066000, 141, 0, 0
2067000, 130, 0, 0
2067999, 139, 0, 0
2068999, 133, 0, 0
2069999, 132, 0, 0
2071000, 134, 0, 0
2072000, 135, 0, 0
2073000, 132, 0, 0
2073999, 138, 0, 0
2074999, 138, 0, 0
2075999, 142, 0, 0
2077000, 133, 0, 0
2078000, 144, 0, 0
2079000, 132, 0, 0
2079999, 138, 0, 0
2080999, 140, 0, 0
2082000, 137, 0, 0
2083000, 144, 0, 0
2084000, 132, 0, 0
2085000, 139, 0, 0
2085999, 142, 0, 0
2086999, 142, 0, 0
2088000, 140, 0, 0
2089000, 141, 0, 0
2090000, 131, 0, 0
2091000, 137, 0, 0
2091999, 136, 0, 0
2092999, 138, 0, 0
2094000, 141, 0, 0
2095000, 133, 0, 0
2096000, 143, 0, 0
2097000, 147, 0, 0
2097999, 151, 0, 0
2098999, 137, 0, 0
2100000, 133, 0, 0
2101000, 136, 0, 0
2102000, 137, 0, 0
2103000, 143, 0, 0
2104000, 151, 0, 0
2105000, 138, 0, 0
2105999, 134, 0, 0
2107000, 125, 0, 0
2108000, 130, 0, 0
2109000, 136, 0, 0
2110000, 133, 0, 0
2111000, 132, 0, 0
2112000, 144, 0, 0
2113000, 132, 0, 0
2114000, 146, 0, 0
2114999, 131, 0, 0
2116000, 127, 0, 0
2117000, 134, 0, 0
2118000, 138, 0, 0
2119000, 144, 0, 0
2120000, 142, 0, 0
2121000, 137, 0, 0
2122000, 142, 0, 0
2123000, 135, 0, 0
2124000, 146, 0, 0
2125000, 139, 0, 0
2126000, 131, 0, 0
2127000, 138, 0, 0
2128000, 144, 0, 0
2129000, 134, 0, 0
2130000, 136, 0, 0
2131000, 135, 0, 0
2132000, 159, 0, 0
2133000, 143, 0, 0
2134000, 143, 0, 0
2135000, 121, 0, 0
2135999, 143, 0, 0
2137000, 126, 0, 0
2138000, 143, 0, 0
2139000, 132, 0, 0
2140000, 149, 0, 0
2141000, 143, 0, 0
2142000, 138, 0, 0
2143000, 137, 0, 0
2144000, 144, 0, 0
2145000, 139, 0, 0
2146000, 140, 0, 0
2147000, 142, 0, 0
2148000, 148, 0, 0
2149000, 143, 0, 0
2150000, 135, 0, 0
2151000, 131, 0, 0
2152000, 141, 0, 0
2153000, 132, 0, 0
2154000, 129, 0, 0
2155000, 144, 0, 0
2156000, 135, 0, 0
2157000, 139, 0, 0
2158000, 134, 0, 0
2158999, 147, 0, 0
2160000, 125, 0, 0
2161000, 146, 0, 0
2161999, 135, 0, 0
2162999, 135, 0, 0
2163999, 142, 0, 0
2164999, 134, 0, 0
2165998, 136, 0, 0
2166998, 145, 0, 0
2167998, 131, 0, 0
2168998, 134, 0, 0
2169998, 137, 0, 0
2170998, 133, 0, 0
2171998, 135, 0, 0
2172998, 145, 0, 0
2173997, 146, 0, 0
2174997, 136, 0, 0
2175997, 134, 0, 0
2176996, 140, 0, 0
2177996, 135, 0, 0
2178996, 133, 0, 0
2179997, 141, 0, 0
2180996, 144, 0, 0
2181996, 131, 0, 0
2182996, 133, 0, 0
2183995, 144, 0, 0
2184995, 135, 0, 0
2185995, 136, 0, 0
2186995, 140, 0, 0
2187994, 134, 0, 0
2188994, 142, 0, 0
2189995, 141, 0, 0
2190995, 134, 0, 0
2191994, 132, 0, 0
2192994, 139, 0, 0
2193994, 141, 0, 0
2194993, 132, 0, 0
2195993, 138, 0, 0
2196993, 146, 0, 0
2197993, 136, 0, 0
2198992, 147, 0, 0
2199993, 127, 0, 0
2200993, 141, 0, 0
2201993, 133, 0, 0
2202992, 146, 0, 0
2203992, 136, 0, 0
2204992, 133, 0, 0
2205991, 146, 0, 0
2206991, 136, 0, 0
2207991, 144, 0, 0
2208991, 134, 0, 0
2209991, 147, 0, 0
2210991, 134, 0, 0
2211991, 142, 0, 0
2212991, 139, 0, 0
2214000, 144, 0, 0
2215000, 130, 0, 0
2216000, 131, 0, 0
2216999, 139, 0, 0
2217999, 146, 0, 0
2219000, 144, 0, 0
2220000, 131, 0, 0
2221000, 131, 0, 0
2222000, 144, 0, 0
2222999, 142, 0, 0
2223999, 145, 0, 0
2224999, 143, 0, 0
2226000, 144, 0, 0
2227000, 137, 0, 0
2228000, 141, 0, 0
2229000, 144, 0, 0
2230000, 142, 0, 0
2230999, 132, 0, 0
2231999, 143, 0, 0
2233000, 145, 0, 0
2234000, 137, 0, 0
2235000, 149, 0, 0
2236000, 143, 0, 0
2236999, 130, 0, 0
2237999, 143, 0, 0
2239000, 134, 0, 0
2240000, 146, 0, 0
2241000, 138, 0, 0
2242000, 144, 0, 0
2242999, 139, 0, 0
2243999, 133, 0, 0
2245000, 131, 0, 0
2246000, 134, 0, 0
2247000, 140, 0, 0
2248000, 122, 0, 0
2249000, 134, 0, 0
2249999, 134, 0, 0
2250999, 115, 0, 0
2252000, 133, 0, 0
2253000, 141, 0, 0
2254000, 134, 0, 0
2255000, 133, 0, 0
2255999, 134, 0, 0
2256999, 133, 0, 0
2258000, 137, 0, 0
2259000, 136, 0, 0
2260000, 140, 0, 0
2261000, 138, 0, 0
2262000, 138, 0, 0
2262999, 150, 0, 0
2263999, 133, 0, 0
2265000, 139, 0, 0
2266000, 139, 0, 0
2267000, 149, 0, 0
2268000, 147, 0, 0
2268999, 135, 0, 0
2269999, 142, 0, 0
2270999, 133, 0, 0
2272000, 133, 0, 0
2273000, 148, 0, 0
2274000, 135, 0, 0
2275000, 132, 0, 0
2276000, 142, 0, 0
2276999, 141, 0, 0
2277999, 142, 0, 0
2279000, 131, 0, 0
2280000, 139, 0, 0
2281000, 130, 0, 0
2282000, 143, 0, 0
2282999, 137, 0, 0
2283999, 133, 0, 0
2285000, 139, 0, 0
2286000, 131, 0, 0
2287000, 141, 0, 0
2288000, 137, 0, 0
2288999, 135, 0, 0
2289999, 140, 0, 0
2291000, 141, 0, 0
2292000, 136, 0, 0
2293000, 129, 0, 0
2294000, 142, 0, 0
2294999, 128, 0, 0
2295999, 134, 0, 0
2296999, 133, 0, 0
2298000, 133, 0, 0
2299000, 137, 0, 0
2300000, 134, 0, 0
2301000, 142, 0, 0
2301999, 132, 0, 0
2302999, 142, 0, 0
2304000, 137, 0, 0
2305000, 130, 0, 0
2306000, 135, 0, 0
2307000, 141, 0, 0
2307999, 135, 0, 0
2308999, 142, 0, 0
2310000, 144, 0, 0
2311000, 143, 0, 0
2312000, 133, 0, 0
2313000, 140, 0, 0
2313999, 135, 0, 0
2314999, 134, 0, 0
2316000, 145, 0, 0
2317000, 137, 0, 0
2318000, 144, 0, 0
2319000, 140, 0, 0
2319999, 144, 0, 0
2320999, 136, 0, 0
2322000, 136, 0, 0
2323000, 139, 0, 0
2324000, 140, 0, 0
2325000, 140, 0, 0
2325999, 145, 0, 0
2326999, 132, 0, 0
2328000, 133, 0, 0
2329000, 146, 0, 0
2330000, 140, 0, 0
2331000, 133, 0, 0
2331999, 144, 0, 0
2332999, 137, 0, 0
2333999, 147, 0, 0
2335000, 140, 0, 0
2336000, 130, 0, 0
2337000, 134, 0, 0
2338000, 145, 0, 0
2338999, 137, 0, 0
2339999, 141, 0, 0
2341000, 145, 0, 0
2342000, 143, 0, 0
2343000, 132, 0, 0
2344000, 143, 0, 0
2344999, 137, 0, 0
2345999, 135, 0, 0
2347000, 138, 0, 0
2348000, 142, 0, 0
2349000, 135, 0, 0
2350000, 135, 0, 0
2350999, 133, 0, 0
2351999, 141, 0, 0
2353000, 134, 0, 0
2354000, 133, 0, 0
2355000, 135, 0, 0
2356000, 142, 0, 0
2356999, 144, 0, 0
2357999, 142, 0, 0
2359000, 144, 0, 0
2360000, 134, 0, 0
2361000, 148, 0, 0
2362000, 135, 0, 0
2362999, 142, 0, 0
2363999, 132, 0, 0
2365000, 141, 0, 0
2366000, 143, 0, 0
2367000, 126, 0, 0
2368000, 138, 0, 0
2369000, 144, 0, 0
2369999, 142, 0, 0
2371000, 141, 0, 0
2372000, 146, 0, 0
2373000, 135, 0, 0
2374000, 145, 0, 0
2375000, 132, 0, 0
2375999, 141, 0, 0
2377000, 137, 0, 0
2378000, 152, 0, 0
2379000, 143, 0, 0
2380000, 133, 0, 0
2381000, 138, 0, 0
2381999, 140, 0, 0
2382999, 132, 0, 0
2384000, 148, 0, 0
2385000, 134, 0, 0
2386000, 144, 0, 0
2386999, 134, 0, 0
2387999, 149, 0, 0
2389000, 131, 0, 0
2390000, 135, 0, 0
2391000, 151, 0, 0
2392000, 134, 0, 0
2392999, 144, 0, 0
2393999, 136, 0, 0
2394999, 143, 0, 0
2396000, 133, 0, 0
2397000, 137, 0, 0
2398000, 149, 0, 0
2399000, 134, 0, 0
2399999, 133, 0, 0
