1015, 289409684, 0, 0
2020, 192652526, 0, 0
3053, 345318789, 0, 0
4016, 374952853, 0, 0
5010, 221181197, 0, 0
6043, 345062119, 0, 0
7013, 212525105, 0, 0
8030, 191255182, 0, 0
9046, 333173929, 0, 0
10035, 192282440, 0, 0
11003, 123242231, 0, 0
12040, 402466155, 0, 0
13024, 335842503, 0, 0
14003, 309895299, 0, 0
15007, 392612389, 0, 0
16059, 302779983, 0, 0
17005, 131323905, 0, 0
18023, 329460708, 0, 0
19014, 393732770, 0, 0
20029, 405182542, 0, 0
21003, 106729320, 0, 0
22036, 167712721, 0, 0
23051, 229356835, 0, 0
24015, 370993691, 0, 0
25045, 331639890, 0, 0
26056, 245738126, 0, 0
27030, 299277174, 0, 0
28038, 153419818, 0, 0
29046, 183856747, 0, 0
30023, 269762607, 0, 0
31011, 373767774, 0, 0
32015, 377264277, 0, 0
33040, 323426583, 0, 0
34046, 320597198, 0, 0
35019, 191096191, 0, 0
36034, 367086458, 0, 0
37000, 214448417, 0, 0
38047, 192594422, 0, 0
39037, 315406101, 0, 0
40033, 182615293, 0, 0
41038, 400595211, 0, 0
42029, 429755557, 0, 0
43031, 312291658, 0, 0
44053, 120739473, 0, 0
45036, 172217072, 0, 0
46013, 380823108, 0, 0
47025, 366963182, 0, 0
48030, 339723111, 0, 0
49044, 195324080, 0, 0
50047, 325956385, 0, 0
51031, 193333142, 0, 0
52038, 386704038, 0, 0
53013, 379906052, 0, 0
54014, 419469516, 0, 0
55029, 349685622, 0, 0
56053, 334938132, 0, 0
57002, 424227600, 0, 0
58016, 397743699, 0, 0
59004, 413227175, 0, 0
60025, 426234510, 0, 0
61020, 420656084, 0, 0
62018, 366452277, 0, 0
63037, 382140905, 0, 0
64045, 369074549, 0, 0
65015, 373764973, 0, 0
66000, 423969116, 0, 0
67025, 427528247, 0, 0
68027, 422733983, 0, 0
69005, 251467826, 0, 0
70018, 229251706, 0, 0
71004, 322039470, 0, 0
72001, 347526678, 0, 0
73021, 381442454, 0, 0
74025, 341394989, 0, 0
75049, 336020321, 0, 0
76020, 316151718, 0, 0
77001, 341058447, 0, 0
78036, 411271474, 0, 0
79004, 361611432, 0, 0
80015, 279511034, 0, 0
81021, 284361903, 0, 0
82030, 324881093, 0, 0
83001, 340928874, 0, 0
84016, 320913004, 0, 0
85007, 314913868, 0, 0
86028, 333831953, 0, 0
87013, 302417089, 0, 0
88030, 352977997, 0, 0
89035, 212185100, 0, 0
90049, 310405045, 0, 0
91019, 322479736, 0, 0
92027, 225753798, 0, 0
93025, 243546300, 0, 0
94044, 233679191, 0, 0
95040, 361911222, 0, 0
96002, 384197850, 0, 0
97054, 181247495, 0, 0
98021, 252034194, 0, 0
99044, 301061379, 0, 0
100019, 185805479, 0, 0
101024, 299962600, 0, 0
102050, 358491483, 0, 0
103000, 371724715, 0, 0
104057, 176461707, 0, 0
105022, 281975297, 0, 0
106003, 319059878, 0, 0
107022, 347557417, 0, 0
108050, 304265546, 0, 0
109029, 304815203, 0, 0
110008, 385712431, 0, 0
111027, 373351874, 0, 0
112032, 356562544, 0, 0
113053, 391578997, 0, 0
114038, 408488731, 0, 0
115042, 314423987, 0, 0
116014, 327585561, 0, 0
117059, 304070884, 0, 0
118003, 317713754, 0, 0
119006, 297008757, 0, 0
120025, 362905047, 0, 0
121040, 385469811, 0, 0
122000, 310600444, 0, 0
123006, 342540196, 0, 0
124001, 335109627, 0, 0
125002, 375544919, 0, 0
126026, 289740126, 0, 0
127048, 275981438, 0, 0
128010, 380923427, 0, 0
129037, 323428984, 0, 0
130020, 411825261, 0, 0
131023, 407819563, 0, 0
132001, 370203543, 0, 0
133007, 334005333, 0, 0
134037, 315039114, 0, 0
135001, 360129728, 0, 0
136021, 453602349, 0, 0
137009, 335378329, 0, 0
138024, 346986610, 0, 0
139015, 322101529, 0, 0
140057, 328555502, 0, 0
141008, 289669980, 0, 0
142003, 271064206, 0, 0
143003, 194929729, 0, 0
144043, 310954724, 0, 0
145012, 396567609, 0, 0
146041, 343249485, 0, 0
147051, 334206367, 0, 0
148010, 390990870, 0, 0
149038, 367864661, 0, 0
150002, 368699731, 0, 0
151044, 300534141, 0, 0
152053, 339723694, 0, 0
153023, 327200132, 0, 0
154018, 331624522, 0, 0
155020, 298009718, 0, 0
156052, 310268186, 0, 0
157064, 316085685, 0, 0
158036, 337120491, 0, 0
159013, 277615226, 0, 0
160006, 311070289, 0, 0
161041, 330260801, 0, 0
162036, 269839254, 0, 0
163023, 380674912, 0, 0
164027, 404728003, 0, 0
165004, 307799557, 0, 0
166026, 253788993, 0, 0
167029, 379448466, 0, 0
168049, 290352240, 0, 0
169047, 360950070, 0, 0
170003, 319138287, 0, 0
171004, 296666604, 0, 0
172020, 332117652, 0, 0
173041, 279645427, 0, 0
174013, 397124825, 0, 0
175016, 352083824, 0, 0
176002, 279700217, 0, 0
177029, 347753980, 0, 0
178009, 459249470, 0, 0
179050, 370605294, 0, 0
180033, 349860565, 0, 0
181038, 269619189, 0, 0
182019, 248850495, 0, 0
183023, 277118268, 0, 0
184017, 274340467, 0, 0
185036, 300865422, 0, 0
186047, 336806786, 0, 0
187013, 324284053, 0, 0
188029, 352826828, 0, 0
189061, 368297957, 0, 0
190017, 351148840, 0, 0
191044, 289160017, 0, 0
192042, 347924933, 0, 0
193015, 291439575, 0, 0
194026, 280739656, 0, 0
195000, 316984848, 0, 0
196042, 283948471, 0, 0
197001, 378789676, 0, 0
198023, 378775127, 0, 0
199026, 336882378, 0, 0
200003, 268962096, 0, 0
201055, 267499420, 0, 0
202016, 285099155, 0, 0
203004, 328959975, 0, 0
204036, 321815151, 0, 0
205025, 345851976, 0, 0
206055, 309846501, 0, 0
207040, 290030614, 0, 0
208043, 278339446, 0, 0
209036, 282814591, 0, 0
210030, 285272438, 0, 0
211009, 294459531, 0, 0
212046, 301969433, 0, 0
213017, 351437435, 0, 0
214017, 331770469, 0, 0
215054, 256221428, 0, 0
216016, 311350763, 0, 0
217015, 339771128, 0, 0
218067, 319383982, 0, 0
219108, 320604482, 0, 0
220011, 294959523, 0, 0
221024, 266676948, 0, 0
222022, 270318544, 0, 0
223038, 350814273, 0, 0
224054, 339405640, 0, 0
225046, 319219642, 0, 0
226030, 279841873, 0, 0
227036, 275325300, 0, 0
228049, 265211912, 0, 0
229046, 288998371, 0, 0
230039, 305485204, 0, 0
231008, 304791228, 0, 0
232034, 296621042, 0, 0
233004, 332978676, 0, 0
234023, 308192126, 0, 0
235041, 318814748, 0, 0
236014, 348814485, 0, 0
237044, 331586042, 0, 0
238033, 280891610, 0, 0
239048, 302336263, 0, 0
240061, 291304852, 0, 0
241038, 332260504, 0, 0
242011, 292483850, 0, 0
243041, 341191004, 0, 0
244043, 328810939, 0, 0
245049, 309177848, 0, 0
246011, 281005879, 0, 0
247020, 263865110, 0, 0
248024, 299104858, 0, 0
249004, 316579450, 0, 0
250031, 354375349, 0, 0
251050, 341803629, 0, 0
252009, 314304347, 0, 0
253027, 326897325, 0, 0
254058, 277715651, 0, 0
255027, 341464771, 0, 0
256016, 342645702, 0, 0
257056, 336213882, 0, 0
258006, 283883395, 0, 0
259013, 276239931, 0, 0
260026, 282163344, 0, 0
261034, 335764351, 0, 0
262006, 252008435, 0, 0
263005, 291525285, 0, 0
264011, 335407000, 0, 0
265028, 323785106, 0, 0
266033, 289575588, 0, 0
267050, 267848103, 0, 0
268034, 296305874, 0, 0
269043, 310069286, 0, 0
270019, 272993982, 0, 0
271001, 319104938, 0, 0
272019, 328663522, 0, 0
273042, 279079803, 0, 0
274033, 281265466, 0, 0
275033, 325709175, 0, 0
276002, 306194219, 0, 0
277029, 298194410, 0, 0
278029, 273366179, 0, 0
279046, 277748949, 0, 0
280055, 276930801, 0, 0
281000, 266692687, 0, 0
282011, 270161391, 0, 0
283044, 273415936, 0, 0
284039, 312156894, 0, 0
285034, 260460658, 0, 0
286029, 301631436, 0, 0
287023, 267385484, 0, 0
288030, 266698405, 0, 0
289000, 277170444, 0, 0
290032, 251532772, 0, 0
291001, 288207815, 0, 0
292024, 298202593, 0, 0
293044, 288202666, 0, 0
294016, 336277834, 0, 0
295046, 333614075, 0, 0
296003, 282447142, 0, 0
297007, 287360939, 0, 0
298008, 273801122, 0, 0
299038, 284448190, 0, 0
300005, 276171174, 0, 0
301034, 302683015, 0, 0
302026, 271493891, 0, 0
303054, 307553241, 0, 0
304022, 291482248, 0, 0
305054, 308691059, 0, 0
306018, 286135437, 0, 0
307008, 315450218, 0, 0
308006, 258179880, 0, 0
309034, 293246255, 0, 0
310023, 318471813, 0, 0
311028, 273558019, 0, 0
312012, 377687950, 0, 0
313030, 265320283, 0, 0
314017, 317835869, 0, 0
315046, 298208896, 0, 0
316016, 315317543, 0, 0
317013, 273962856, 0, 0
318029, 301615326, 0, 0
319031, 280033600, 0, 0
320020, 280435054, 0, 0
321001, 308591222, 0, 0
322017, 318487201, 0, 0
323035, 300996774, 0, 0
324018, 273629087, 0, 0
325056, 317467272, 0, 0
326000, 280694472, 0, 0
327004, 346198745, 0, 0
328050, 354114151, 0, 0
329025, 315105157, 0, 0
330061, 278619453, 0, 0
331055, 306877978, 0, 0
332037, 295516411, 0, 0
333004, 310368714, 0, 0
334010, 290207190, 0, 0
335066, 285131303, 0, 0
336001, 328098600, 0, 0
337049, 281372080, 0, 0
338067, 288107594, 0, 0
339049, 326151638, 0, 0
340022, 273417720, 0, 0
341075, 289594115, 0, 0
342026, 279173189, 0, 0
343004, 279704677, 0, 0
344048, 296656780, 0, 0
345037, 380240834, 0, 0
346062, 297522805, 0, 0
347014, 288341859, 0, 0
348039, 295286694, 0, 0
349039, 313386720, 0, 0
350032, 273173195, 0, 0
351095, 276357552, 0, 0
352021, 379737770, 0, 0
353035, 285382518, 0, 0
354000, 268838119, 0, 0
355004, 263557534, 0, 0
356047, 303292470, 0, 0
357052, 312488146, 0, 0
358026, 292467728, 0, 0
359027, 295241013, 0, 0
360001, 282489358, 0, 0
361015, 299601907, 0, 0
362048, 307853813, 0, 0
363039, 280999249, 0, 0
364025, 272155469, 0, 0
365048, 297284909, 0, 0
366046, 311848985, 0, 0
367022, 324709507, 0, 0
368026, 297927187, 0, 0
369011, 312198277, 0, 0
370024, 324434632, 0, 0
371024, 256177081, 0, 0
372014, 306194498, 0, 0
373005, 315752341, 0, 0
374034, 306512646, 0, 0
375050, 290064077, 0, 0
376000, 281024208, 0, 0
377031, 286038484, 0, 0
378010, 318018237, 0, 0
379018, 286960079, 0, 0
380007, 307920781, 0, 0
381010, 274621065, 0, 0
382028, 294482152, 0, 0
383034, 254160255, 0, 0
384007, 330644445, 0, 0
385012, 320339368, 0, 0
386005, 305683693, 0, 0
387012, 365684566, 0, 0
388057, 283263983, 0, 0
389017, 296943227, 0, 0
390047, 320881840, 0, 0
391030, 281119938, 0, 0
392002, 326842314, 0, 0
393017, 320113710, 0, 0
394000, 340136506, 0, 0
395002, 286439094, 0, 0
396059, 303210425, 0, 0
397012, 298223168, 0, 0
398029, 313969201, 0, 0
399060, 315303963, 0, 0
400039, 317443799, 0, 0
401051, 280047911, 0, 0
402006, 276933520, 0, 0
403006, 321439620, 0, 0
404034, 295047921, 0, 0
405014, 348816265, 0, 0
406060, 355204571, 0, 0
407004, 325894185, 0, 0
408022, 287177724, 0, 0
409036, 277461879, 0, 0
410021, 273936838, 0, 0
411036, 341362459, 0, 0
412050, 304260214, 0, 0
413047, 332983329, 0, 0
414031, 308761063, 0, 0
415009, 286258272, 0, 0
416055, 295314603, 0, 0
417023, 337808397, 0, 0
418001, 348596541, 0, 0
419006, 289832378, 0, 0
420016, 308027608, 0, 0
421002, 337510288, 0, 0
422046, 294880498, 0, 0
423004, 303956898, 0, 0
424015, 322046713, 0, 0
425049, 305064435, 0, 0
426012, 321568846, 0, 0
427036, 306248829, 0, 0
428049, 281065999, 0, 0
429033, 354683580, 0, 0
430013, 303983056, 0, 0
431031, 317592049, 0, 0
432023, 284371220, 0, 0
433037, 326031598, 0, 0
434046, 330379774, 0, 0
435031, 317562679, 0, 0
436008, 319209836, 0, 0
437020, 328024914, 0, 0
438011, 318803642, 0, 0
439028, 332444481, 0, 0
440044, 302635996, 0, 0
441027, 294843580, 0, 0
442040, 321030748, 0, 0
443015, 308120163, 0, 0
444000, 300757462, 0, 0
445048, 298717034, 0, 0
446040, 312114935, 0, 0
447001, 320702469, 0, 0
448013, 269103655, 0, 0
449021, 299526471, 0, 0
450040, 358877120, 0, 0
451041, 342925485, 0, 0
452025, 307838060, 0, 0
453030, 319174092, 0, 0
454023, 294299300, 0, 0
455060, 297745439, 0, 0
456030, 320762905, 0, 0
457021, 317597637, 0, 0
458061, 318204282, 0, 0
459005, 309650249, 0, 0
460048, 293448185, 0, 0
461012, 308380455, 0, 0
462017, 315067961, 0, 0
463045, 308212608, 0, 0
464047, 307869103, 0, 0
465002, 278659861, 0, 0
466006, 304463479, 0, 0
467051, 313979605, 0, 0
468007, 303682136, 0, 0
469004, 314900927, 0, 0
470022, 326705168, 0, 0
471011, 339058998, 0, 0
472036, 316188471, 0, 0
473040, 344161276, 0, 0
474003, 342073274, 0, 0
475024, 313012052, 0, 0
476033, 304797338, 0, 0
477006, 274932390, 0, 0
478047, 308799652, 0, 0
479012, 281895648, 0, 0
480054, 311238691, 0, 0
481014, 315994567, 0, 0
482030, 329675288, 0, 0
483001, 312215937, 0, 0
484012, 351932437, 0, 0
485047, 349287617, 0, 0
486002, 310115801, 0, 0
487004, 273637820, 0, 0
488053, 315670560, 0, 0
489025, 330330828, 0, 0
490070, 327019220, 0, 0
491063, 307810964, 0, 0
492011, 333404127, 0, 0
493059, 296977489, 0, 0
494036, 327140533, 0, 0
495050, 306494406, 0, 0
496017, 300801930, 0, 0
497052, 313522267, 0, 0
498059, 296688067, 0, 0
499025, 332137765, 0, 0
500064, 302470909, 0, 0
501015, 318160088, 0, 0
502028, 331259030, 0, 0
503011, 333826419, 0, 0
504045, 336492705, 0, 0
505011, 287757049, 0, 0
506018, 306795668, 0, 0
507038, 325097524, 0, 0
508033, 298262395, 0, 0
509040, 314836515, 0, 0
510048, 313281628, 0, 0
511021, 294113318, 0, 0
512013, 391955632, 0, 0
513049, 308350063, 0, 0
514047, 309055556, 0, 0
515024, 318198132, 0, 0
516018, 305769598, 0, 0
517024, 325829324, 0, 0
518011, 291039885, 0, 0
519046, 299202673, 0, 0
520018, 314826730, 0, 0
521031, 304753670, 0, 0
522004, 302019742, 0, 0
523046, 347242844, 0, 0
524024, 314097720, 0, 0
525029, 333315488, 0, 0
526010, 354482706, 0, 0
527045, 310412468, 0, 0
528026, 352658060, 0, 0
529049, 308776509, 0, 0
530030, 323187195, 0, 0
531054, 327286832, 0, 0
532001, 304673088, 0, 0
533032, 335492370, 0, 0
534050, 315909714, 0, 0
535055, 311506718, 0, 0
536007, 338404644, 0, 0
537026, 297095727, 0, 0
538050, 311052577, 0, 0
539000, 307789770, 0, 0
540025, 330841200, 0, 0
541003, 317496670, 0, 0
542028, 314846515, 0, 0
543003, 299222071, 0, 0
544064, 292916665, 0, 0
545026, 310704804, 0, 0
546057, 310644248, 0, 0
547047, 327564439, 0, 0
548033, 344781023, 0, 0
549040, 292717833, 0, 0
550017, 289594254, 0, 0
551035, 330545601, 0, 0
552019, 301786821, 0, 0
553016, 303829892, 0, 0
554039, 348019470, 0, 0
555055, 328259650, 0, 0
556020, 334142503, 0, 0
557040, 314363398, 0, 0
558047, 320936346, 0, 0
559050, 290563625, 0, 0
560015, 312724553, 0, 0
561058, 317198869, 0, 0
562035, 321040972, 0, 0
563010, 301820999, 0, 0
564013, 314028489, 0, 0
565007, 303910660, 0, 0
566023, 321477948, 0, 0
567066, 323005634, 0, 0
568044, 322270749, 0, 0
569000, 326506241, 0, 0
570013, 307569031, 0, 0
571006, 314051337, 0, 0
572024, 334141914, 0, 0
573052, 294067714, 0, 0
574036, 316194513, 0, 0
575032, 285103999, 0, 0
576002, 297905432, 0, 0
577030, 328198794, 0, 0
578039, 289788751, 0, 0
579005, 326676426, 0, 0
580043, 311588734, 0, 0
581051, 312257078, 0, 0
582053, 325336463, 0, 0
583062, 286593722, 0, 0
584033, 318444084, 0, 0
585037, 289858314, 0, 0
586024, 311145273, 0, 0
587033, 309983236, 0, 0
588040, 292247031, 0, 0
589029, 319491171, 0, 0
590036, 326471758, 0, 0
591053, 309652131, 0, 0
592019, 313273661, 0, 0
593022, 283387221, 0, 0
594051, 351665284, 0, 0
595032, 309127330, 0, 0
596048, 351868704, 0, 0
597066, 313161953, 0, 0
598037, 314833055, 0, 0
599033, 310598007, 0, 0
600038, 322579896, 0, 0
601019, 316356468, 0, 0
602032, 282695100, 0, 0
603057, 327756885, 0, 0
604014, 330849922, 0, 0
605029, 328368010, 0, 0
606029, 306986860, 0, 0
607010, 301979986, 0, 0
608026, 342676628, 0, 0
609047, 307580524, 0, 0
610010, 304309549, 0, 0
611055, 331866628, 0, 0
612028, 330934436, 0, 0
613007, 301897155, 0, 0
614031, 331849070, 0, 0
615010, 292476287, 0, 0
616034, 300212350, 0, 0
617002, 330535981, 0, 0
618048, 314163489, 0, 0
619046, 310671281, 0, 0
620016, 325744104, 0, 0
621046, 303557145, 0, 0
622016, 289892687, 0, 0
623010, 315349155, 0, 0
624036, 315799122, 0, 0
625002, 299382363, 0, 0
626060, 346857413, 0, 0
627011, 342026153, 0, 0
628033, 306190727, 0, 0
629043, 308256440, 0, 0
630025, 334038282, 0, 0
631047, 305742170, 0, 0
632045, 329363383, 0, 0
633048, 310171961, 0, 0
634008, 327516896, 0, 0
635042, 337275040, 0, 0
636050, 307283649, 0, 0
637068, 294151033, 0, 0
638060, 317130562, 0, 0
639012, 314748119, 0, 0
640005, 282834854, 0, 0
641003, 318329767, 0, 0
642046, 325180988, 0, 0
643061, 306466141, 0, 0
644055, 311636032, 0, 0
645017, 297496294, 0, 0
646012, 301921171, 0, 0
647001, 321662367, 0, 0
648017, 334423688, 0, 0
649000, 330181083, 0, 0
650017, 312192257, 0, 0
651014, 288861618, 0, 0
652034, 296196555, 0, 0
653026, 323541510, 0, 0
654051, 310543563, 0, 0
655050, 327465519, 0, 0
656049, 330353392, 0, 0
657005, 342480929, 0, 0
658052, 338402849, 0, 0
659018, 307035601, 0, 0
660009, 305041284, 0, 0
661008, 327230147, 0, 0
662047, 326648842, 0, 0
663003, 287065011, 0, 0
664028, 301387165, 0, 0
665018, 297474361, 0, 0
666031, 306664175, 0, 0
667054, 296946924, 0, 0
668031, 295329241, 0, 0
669024, 354286856, 0, 0
670040, 319334452, 0, 0
671016, 335304893, 0, 0
672002, 364558154, 0, 0
673036, 326059051, 0, 0
674044, 337130946, 0, 0
675009, 320709196, 0, 0
676026, 303156577, 0, 0
677030, 317427960, 0, 0
678035, 305958695, 0, 0
679038, 348030056, 0, 0
680064, 287797717, 0, 0
681027, 316556168, 0, 0
682030, 298853713, 0, 0
683000, 320715050, 0, 0
684049, 329606438, 0, 0
685014, 328390476, 0, 0
686019, 311901855, 0, 0
687053, 304269516, 0, 0
688007, 280521200, 0, 0
689014, 306505837, 0, 0
690025, 304907280, 0, 0
691039, 305782930, 0, 0
692046, 332579796, 0, 0
693009, 352298456, 0, 0
694007, 288820676, 0, 0
695009, 291513841, 0, 0
696013, 329263974, 0, 0
697068, 304584414, 0, 0
698006, 310685124, 0, 0
699025, 306945973, 0, 0
700052, 357683430, 0, 0
701058, 322295991, 0, 0
702022, 331481387, 0, 0
703008, 306062006, 0, 0
704033, 338382552, 0, 0
705050, 292626685, 0, 0
706003, 315788162, 0, 0
707025, 337243099, 0, 0
708028, 341060726, 0, 0
709018, 327177888, 0, 0
710060, 339760658, 0, 0
711050, 329605530, 0, 0
712015, 278500936, 0, 0
713035, 319860055, 0, 0
714057, 305376553, 0, 0
715051, 328965604, 0, 0
716013, 321820886, 0, 0
717035, 337086420, 0, 0
718030, 297995090, 0, 0
719000, 306435997, 0, 0
720031, 327963312, 0, 0
721027, 347583375, 0, 0
722003, 312877227, 0, 0
723054, 330688889, 0, 0
724042, 320767848, 0, 0
725010, 335443931, 0, 0
726007, 338480125, 0, 0
727042, 329611985, 0, 0
728007, 319821178, 0, 0
729012, 304083216, 0, 0
730003, 347438620, 0, 0
731054, 322723270, 0, 0
732021, 297450096, 0, 0
733048, 323358431, 0, 0
734049, 301577009, 0, 0
735005, 319554006, 0, 0
736023, 310957730, 0, 0
737048, 310639491, 0, 0
738040, 346168161, 0, 0
739046, 333480969, 0, 0
740045, 313982273, 0, 0
741011, 351457654, 0, 0
742042, 339667900, 0, 0
743013, 311883025, 0, 0
744038, 321831187, 0, 0
745052, 339538081, 0, 0
746009, 335663243, 0, 0
747026, 297894200, 0, 0
748032, 327997548, 0, 0
749024, 359342926, 0, 0
750040, 312674905, 0, 0
751002, 338313876, 0, 0
752023, 280934466, 0, 0
753003, 329797305, 0, 0
754008, 329793216, 0, 0
755061, 310496605, 0, 0
756042, 321986460, 0, 0
757042, 307567395, 0, 0
758002, 323644317, 0, 0
759015, 304522390, 0, 0
760053, 339506994, 0, 0
761018, 317982048, 0, 0
762028, 319507306, 0, 0
763043, 311804107, 0, 0
764035, 320583625, 0, 0
765005, 316119141, 0, 0
766021, 326918906, 0, 0
767055, 328371057, 0, 0
768025, 335452384, 0, 0
769030, 321376293, 0, 0
770022, 303398037, 0, 0
771026, 301300796, 0, 0
772035, 329396999, 0, 0
773015, 309875434, 0, 0
774048, 299616650, 0, 0
775013, 312304065, 0, 0
776042, 345817443, 0, 0
777023, 343575975, 0, 0
778048, 325893991, 0, 0
779038, 333418474, 0, 0
780007, 330721835, 0, 0
781054, 307196690, 0, 0
782039, 325352376, 0, 0
783044, 302375271, 0, 0
784034, 337342041, 0, 0
785020, 309687217, 0, 0
786044, 323770218, 0, 0
787009, 319156067, 0, 0
788029, 326860708, 0, 0
789040, 303545399, 0, 0
790043, 323748618, 0, 0
791026, 325404565, 0, 0
792010, 331848184, 0, 0
793031, 366198116, 0, 0
794047, 326902654, 0, 0
795034, 331625090, 0, 0
796024, 325179770, 0, 0
797017, 312186088, 0, 0
798054, 294888745, 0, 0
799047, 340099177, 0, 0
800033, 320416648, 0, 0
801008, 347602699, 0, 0
802050, 322440844, 0, 0
803039, 330112807, 0, 0
804051, 297777914, 0, 0
805058, 374454575, 0, 0
806016, 325721819, 0, 0
807017, 339080390, 0, 0
808006, 338526088, 0, 0
809015, 318660308, 0, 0
810060, 357280893, 0, 0
811044, 333368489, 0, 0
812030, 307803563, 0, 0
813000, 335668536, 0, 0
814028, 325689537, 0, 0
815005, 342748728, 0, 0
816001, 325049925, 0, 0
817014, 297731045, 0, 0
818033, 351115675, 0, 0
819032, 328498312, 0, 0
820000, 367950093, 0, 0
821003, 312435115, 0, 0
822023, 295419289, 0, 0
823001, 355019809, 0, 0
824037, 305281809, 0, 0
825004, 325491516, 0, 0
826025, 317645020, 0, 0
827020, 335523269, 0, 0
828019, 351892846, 0, 0
829002, 322262687, 0, 0
830022, 334746585, 0, 0
831041, 341695029, 0, 0
832056, 327143292, 0, 0
833003, 360253666, 0, 0
834032, 346101612, 0, 0
835052, 343673807, 0, 0
836041, 310918618, 0, 0
837030, 353475067, 0, 0
838049, 360800561, 0, 0
839003, 354759536, 0, 0
840056, 343930048, 0, 0
841002, 358502658, 0, 0
842039, 349540927, 0, 0
843047, 320168635, 0, 0
844045, 327777314, 0, 0
845005, 319202099, 0, 0
846058, 324125552, 0, 0
847049, 393002266, 0, 0
848046, 338108932, 0, 0
849045, 294507530, 0, 0
850002, 331115702, 0, 0
851042, 364057500, 0, 0
852038, 343935842, 0, 0
853025, 365518634, 0, 0
854001, 359720611, 0, 0
855030, 345870151, 0, 0
856048, 349708227, 0, 0
857044, 333984657, 0, 0
858012, 321826079, 0, 0
859034, 347386400, 0, 0
860027, 341007878, 0, 0
861042, 349519654, 0, 0
862015, 347776407, 0, 0
863016, 346987356, 0, 0
864033, 344383787, 0, 0
865008, 326237866, 0, 0
866038, 327937261, 0, 0
867055, 355541285, 0, 0
868000, 359979037, 0, 0
869010, 366769726, 0, 0
870020, 357234602, 0, 0
871042, 358184051, 0, 0
872057, 365181766, 0, 0
873063, 363011539, 0, 0
874008, 344748180, 0, 0
875013, 338520864, 0, 0
876032, 333425783, 0, 0
877036, 345701469, 0, 0
878057, 360586097, 0, 0
879039, 398620048, 0, 0
880041, 413499220, 0, 0
881011, 364896959, 0, 0
882046, 356529951, 0, 0
883020, 346782820, 0, 0
884005, 344816433, 0, 0
885050, 370616334, 0, 0
886057, 381973405, 0, 0
887032, 371598791, 0, 0
888135, 336367058, 0, 0
889026, 426049345, 0, 0
890035, 384603043, 0, 0
891057, 333080483, 0, 0
892003, 357787777, 0, 0
893009, 377956977, 0, 0
894028, 357119596, 0, 0
895017, 338878941, 0, 0
896011, 374143511, 0, 0
897032, 379174410, 0, 0
898007, 390135469, 0, 0
899007, 353642360, 0, 0
900049, 373071189, 0, 0
901036, 373442761, 0, 0
902010, 379517068, 0, 0
903047, 374732555, 0, 0
904055, 375717599, 0, 0
905000, 357614941, 0, 0
906035, 334806308, 0, 0
907025, 354313778, 0, 0
908014, 339843419, 0, 0
909012, 382354618, 0, 0
910051, 395575297, 0, 0
911018, 381381942, 0, 0
912003, 372446050, 0, 0
913019, 354702934, 0, 0
914044, 351915067, 0, 0
915041, 370300090, 0, 0
916039, 393411843, 0, 0
917012, 360183398, 0, 0
918031, 379759947, 0, 0
919008, 378633936, 0, 0
920029, 353502232, 0, 0
921048, 340360913, 0, 0
922010, 362738454, 0, 0
923032, 381739029, 0, 0
924057, 389057378, 0, 0
925003, 386321008, 0, 0
926030, 392871789, 0, 0
927037, 397561317, 0, 0
928054, 376432723, 0, 0
929024, 341249392, 0, 0
930053, 396842059, 0, 0
931054, 393382530, 0, 0
932014, 349632011, 0, 0
933007, 368817046, 0, 0
934038, 414384736, 0, 0
935038, 372959339, 0, 0
936015, 378871598, 0, 0
937021, 400342431, 0, 0
938049, 382788282, 0, 0
939025, 385876826, 0, 0
940036, 354121290, 0, 0
941002, 356186392, 0, 0
942011, 371302255, 0, 0
943035, 379015657, 0, 0
944011, 381685387, 0, 0
945027, 402036074, 0, 0
946026, 408748890, 0, 0
947040, 381331413, 0, 0
948045, 386483964, 0, 0
949015, 417566404, 0, 0
950010, 399399394, 0, 0
951020, 419938478, 0, 0
952019, 410228189, 0, 0
953050, 412896432, 0, 0
954042, 442666821, 0, 0
955007, 404034481, 0, 0
956029, 388609143, 0, 0
957054, 390241151, 0, 0
958017, 388920002, 0, 0
959006, 384629972, 0, 0
960024, 395381478, 0, 0
961046, 446657941, 0, 0
962007, 375513887, 0, 0
963016, 430264835, 0, 0
964001, 410809029, 0, 0
965034, 410156256, 0, 0
966016, 397735525, 0, 0
967018, 417256744, 0, 0
968056, 402609469, 0, 0
969027, 415953705, 0, 0
970014, 390657433, 0, 0
971041, 404664221, 0, 0
972004, 502058688, 0, 0
973060, 443136499, 0, 0
974028, 395626075, 0, 0
975016, 407343507, 0, 0
976026, 405778432, 0, 0
977003, 392637613, 0, 0
978048, 422998829, 0, 0
979036, 404955133, 0, 0
980003, 420445608, 0, 0
981055, 427465645, 0, 0
982024, 411100357, 0, 0
983042, 416352272, 0, 0
984005, 450850238, 0, 0
985040, 411716862, 0, 0
986059, 434515169, 0, 0
987034, 430781761, 0, 0
988010, 385179510, 0, 0
989025, 426164021, 0, 0
990010, 432614224, 0, 0
991021, 440996899, 0, 0
992039, 408256658, 0, 0
993025, 396606484, 0, 0
994005, 435961948, 0, 0
995021, 414041696, 0, 0
996047, 417555373, 0, 0
997019, 426352684, 0, 0
998042, 427941134, 0, 0
999017, 442136551, 0, 0
1000057, 423170381, 0, 0
1001035, 401082899, 0, 0
1002022, 466928231, 0, 0
1003020, 444387133, 0, 0
1004022, 445130538, 0, 0
1005017, 425424834, 0, 0
1006028, 424477383, 0, 0
1007044, 441768299, 0, 0
1008000, 437034954, 0, 0
1009038, 435364586, 0, 0
1010050, 418014042, 0, 0
1011014, 431036950, 0, 0
1012024, 434812953, 0, 0
1013039, 426580198, 0, 0
1014010, 470988792, 0, 0
1015011, 423190751, 0, 0
1016033, 428131944, 0, 0
1017045, 428550713, 0, 0
1018064, 437429470, 0, 0
1019000, 441353755, 0, 0
1020008, 457416085, 0, 0
1021056, 458474486, 0, 0
1022027, 449377262, 0, 0
1023002, 451022259, 0, 0
1024008, 426533870, 0, 0
1025028, 404293933, 0, 0
1026017, 442417820, 0, 0
1027043, 458636223, 0, 0
1028052, 432227748, 0, 0
1029025, 444869738, 0, 0
1030023, 453972289, 0, 0
1031062, 448459886, 0, 0
1032046, 440978116, 0, 0
1033058, 448606591, 0, 0
1034025, 478837338, 0, 0
1035003, 433346121, 0, 0
1036031, 463588874, 0, 0
1037024, 485455872, 0, 0
1038019, 433244536, 0, 0
1039042, 449378853, 0, 0
1040008, 446652809, 0, 0
1041050, 440360523, 0, 0
1042044, 449197875, 0, 0
1043002, 452610869, 0, 0
1044010, 452977429, 0, 0
1045025, 490655115, 0, 0
1046043, 462773841, 0, 0
1047006, 440883705, 0, 0
1048048, 461669773, 0, 0
1049056, 478009490, 0, 0
1050030, 521055660, 0, 0
1051000, 460972300, 0, 0
1052055, 446949147, 0, 0
1053033, 479603389, 0, 0
1054003, 460596330, 0, 0
1055001, 448075781, 0, 0
1056004, 465065355, 0, 0
1057039, 490400200, 0, 0
1058025, 454781330, 0, 0
1059046, 456042199, 0, 0
1060036, 453629992, 0, 0
1061028, 447964278, 0, 0
1062031, 466168039, 0, 0
1063042, 487054624, 0, 0
1064014, 431093175, 0, 0
1065017, 453514127, 0, 0
1066047, 467811229, 0, 0
1067039, 443461889, 0, 0
1068022, 446112824, 0, 0
1069064, 456599625, 0, 0
1070004, 456719297, 0, 0
1071036, 460951519, 0, 0
1072049, 442521873, 0, 0
1073000, 481993968, 0, 0
1074038, 471979790, 0, 0
1075010, 448094370, 0, 0
1076018, 458220173, 0, 0
1077016, 451889823, 0, 0
1078048, 453397642, 0, 0
1079037, 485054589, 0, 0
1080019, 462960097, 0, 0
1081010, 472512890, 0, 0
1082023, 460705148, 0, 0
1083034, 460586202, 0, 0
1084042, 506770771, 0, 0
1085044, 454405051, 0, 0
1086010, 460857085, 0, 0
1087025, 456221592, 0, 0
1088025, 470589886, 0, 0
1089042, 463870708, 0, 0
1090022, 465280113, 0, 0
1091039, 488714268, 0, 0
1092027, 465888212, 0, 0
1093014, 482784673, 0, 0
1094035, 478281960, 0, 0
1095012, 473241845, 0, 0
1096004, 472829045, 0, 0
1097048, 466130943, 0, 0
1098023, 487541314, 0, 0
1099003, 472289454, 0, 0
1100048, 463587711, 0, 0
1101033, 455392788, 0, 0
1102019, 468352916, 0, 0
1103034, 457643339, 0, 0
1104016, 460021275, 0, 0
1105041, 465607743, 0, 0
1106016, 472153030, 0, 0
1107033, 466793345, 0, 0
1108031, 445043692, 0, 0
1109056, 451599979, 0, 0
1110045, 464067498, 0, 0
1111032, 468180199, 0, 0
1112037, 472442452, 0, 0
1113000, 489048875, 0, 0
1114044, 467426738, 0, 0
1115045, 434663488, 0, 0
1116051, 442268950, 0, 0
1117026, 453122317, 0, 0
1118019, 483139346, 0, 0
1119017, 466535599, 0, 0
1120060, 465894314, 0, 0
1121026, 451424905, 0, 0
1122046, 478174914, 0, 0
1123000, 479787522, 0, 0
1124040, 471609303, 0, 0
1125006, 478963578, 0, 0
1126050, 450720709, 0, 0
1127023, 503847659, 0, 0
1128015, 476134497, 0, 0
1129003, 456394792, 0, 0
1130049, 467046145, 0, 0
1131024, 471239020, 0, 0
1132026, 481861886, 0, 0
1133001, 459690743, 0, 0
1134057, 448065666, 0, 0
1135003, 460633862, 0, 0
1136000, 449884720, 0, 0
1137005, 448339790, 0, 0
1138024, 456561733, 0, 0
1139016, 459530818, 0, 0
1140032, 481229620, 0, 0
1141055, 467288945, 0, 0
1142010, 459952912, 0, 0
1143050, 466808183, 0, 0
1144000, 483131465, 0, 0
1145066, 493617332, 0, 0
1146002, 485998884, 0, 0
1147021, 455547606, 0, 0
1148060, 467420622, 0, 0
1149049, 466594672, 0, 0
1150027, 461495887, 0, 0
1151004, 458782442, 0, 0
1152008, 482353506, 0, 0
1153042, 470586816, 0, 0
1154026, 476482652, 0, 0
1155048, 459003601, 0, 0
1156026, 465061647, 0, 0
1157015, 467922790, 0, 0
1158053, 448514060, 0, 0
1159058, 464872244, 0, 0
1160026, 456120203, 0, 0
1161058, 455003810, 0, 0
1162026, 453301622, 0, 0
1163051, 459070864, 0, 0
1164031, 448337385, 0, 0
1165033, 454888216, 0, 0
1166049, 472596133, 0, 0
1167028, 471626098, 0, 0
1168039, 436752098, 0, 0
1169018, 463315467, 0, 0
1170035, 445830577, 0, 0
1171042, 444120262, 0, 0
1172029, 450013171, 0, 0
1173027, 472783226, 0, 0
1174029, 471022611, 0, 0
1175044, 448504920, 0, 0
1176000, 463097347, 0, 0
1177015, 437582633, 0, 0
1178025, 470084507, 0, 0
1179042, 464948713, 0, 0
1180037, 414589005, 0, 0
1181018, 449079525, 0, 0
1182026, 479991929, 0, 0
1183031, 444647821, 0, 0
1184060, 469273984, 0, 0
1185020, 458863318, 0, 0
1186047, 446966921, 0, 0
1187007, 457947388, 0, 0
1188003, 447007386, 0, 0
1189045, 470124006, 0, 0
1190059, 472409177, 0, 0
1191016, 458050774, 0, 0
1192026, 443197178, 0, 0
1193018, 451345011, 0, 0
1194022, 456258713, 0, 0
1195058, 472576848, 0, 0
1196005, 463636466, 0, 0
1197045, 461301602, 0, 0
1198047, 473635387, 0, 0
1199043, 475059144, 0, 0
1200016, 455884210, 0, 0
1201014, 458529627, 0, 0
1202043, 452791020, 0, 0
1203025, 476902515, 0, 0
1204023, 461434338, 0, 0
1205041, 459927466, 0, 0
1206053, 454941814, 0, 0
1207013, 456161556, 0, 0
1208045, 447750882, 0, 0
1209006, 459865528, 0, 0
1210012, 469762371, 0, 0
1211048, 466082194, 0, 0
1212032, 460419147, 0, 0
1213028, 397476069, 0, 0
1214049, 456262006, 0, 0
1215027, 457133380, 0, 0
1216029, 447325687, 0, 0
1217000, 436712419, 0, 0
1218042, 456407531, 0, 0
1219051, 431235589, 0, 0
1220044, 456608946, 0, 0
1221036, 489577374, 0, 0
1222005, 438831788, 0, 0
1223049, 482713085, 0, 0
1224028, 469655063, 0, 0
1225003, 445930043, 0, 0
1226015, 451922493, 0, 0
1227017, 448340007, 0, 0
1228033, 465325242, 0, 0
1229009, 449680043, 0, 0
1230058, 475815986, 0, 0
1231030, 484880282, 0, 0
1232048, 434666634, 0, 0
1233067, 459609199, 0, 0
1234013, 483383562, 0, 0
1235034, 463229264, 0, 0
1236026, 455660369, 0, 0
1237029, 488227330, 0, 0
1238015, 441479151, 0, 0
1239020, 423714452, 0, 0
1240043, 426228322, 0, 0
1241032, 465558740, 0, 0
1242057, 470066866, 0, 0
1243019, 449943129, 0, 0
1244037, 436861619, 0, 0
1245030, 450521918, 0, 0
1246000, 483830621, 0, 0
1247046, 441549129, 0, 0
1248050, 449607540, 0, 0
1249047, 442704682, 0, 0
1250040, 450714926, 0, 0
1251047, 471108171, 0, 0
1252037, 430518941, 0, 0
1253044, 474651762, 0, 0
1254043, 471516861, 0, 0
1255006, 460355466, 0, 0
1256035, 466652152, 0, 0
1257052, 430804648, 0, 0
1258041, 466046431, 0, 0
1259014, 485567212, 0, 0
1260036, 489088303, 0, 0
1261056, 471435894, 0, 0
1262046, 371857893, 0, 0
1263030, 454282535, 0, 0
1264043, 430943418, 0, 0
1265057, 449904812, 0, 0
1266004, 450830512, 0, 0
1267014, 445024071, 0, 0
1268051, 456321459, 0, 0
1269019, 464803170, 0, 0
1270059, 467134671, 0, 0
1271019, 465915621, 0, 0
1272040, 462526608, 0, 0
1273048, 491211030, 0, 0
1274021, 458793744, 0, 0
1275030, 441678912, 0, 0
1276000, 453597996, 0, 0
1277065, 469917956, 0, 0
1278024, 485372053, 0, 0
1279008, 493907389, 0, 0
1280034, 465784718, 0, 0
1281048, 434784113, 0, 0
1282005, 445245367, 0, 0
1283002, 465222295, 0, 0
1284021, 465109639, 0, 0
1285038, 431779040, 0, 0
1286000, 444734421, 0, 0
1287031, 439486890, 0, 0
1288042, 443010948, 0, 0
1289000, 436683965, 0, 0
1290009, 473534695, 0, 0
1291070, 449682115, 0, 0
1292040, 463541177, 0, 0
1293016, 450842301, 0, 0
1294057, 455703042, 0, 0
1295054, 467156214, 0, 0
1296061, 462727685, 0, 0
1297057, 470849606, 0, 0
1298034, 459476213, 0, 0
1299000, 482402565, 0, 0
1300040, 439104560, 0, 0
1301022, 457384091, 0, 0
1302022, 468479655, 0, 0
1303002, 460998679, 0, 0
1304058, 467403209, 0, 0
1305025, 460333227, 0, 0
1306016, 461108736, 0, 0
1307014, 451863200, 0, 0
1308009, 453388184, 0, 0
1309061, 460932864, 0, 0
1310062, 443710151, 0, 0
1311022, 437378591, 0, 0
1312031, 434766426, 0, 0
1313058, 437215483, 0, 0
1314026, 435620934, 0, 0
1315040, 451801705, 0, 0
1316043, 442441328, 0, 0
1317046, 443497673, 0, 0
1318037, 470583263, 0, 0
1319025, 490330063, 0, 0
1320008, 446390299, 0, 0
1321034, 448682933, 0, 0
1322061, 459168406, 0, 0
1323079, 454535173, 0, 0
1324023, 496124940, 0, 0
1325049, 439845658, 0, 0
1326023, 468020507, 0, 0
1327052, 462027346, 0, 0
1328056, 466759549, 0, 0
1329027, 425662907, 0, 0
1330033, 449921333, 0, 0
1331041, 460294014, 0, 0
1332026, 462873347, 0, 0
1333066, 506810187, 0, 0
1334036, 431244199, 0, 0
1335042, 469679649, 0, 0
1336005, 472139262, 0, 0
1337030, 451114168, 0, 0
1338028, 456219658, 0, 0
1339040, 446715327, 0, 0
1340033, 439644710, 0, 0
1341050, 471101033, 0, 0
1342005, 469181400, 0, 0
1343030, 435607854, 0, 0
1344042, 437481286, 0, 0
1345060, 452674312, 0, 0
1346015, 456257488, 0, 0
1347024, 457808841, 0, 0
1348009, 473128401, 0, 0
1349048, 455591321, 0, 0
1350056, 466509738, 0, 0
1351048, 477184665, 0, 0
1352039, 443670727, 0, 0
1353057, 463021946, 0, 0
1354018, 448535591, 0, 0
1355031, 443940413, 0, 0
1356056, 445730114, 0, 0
1357048, 440915372, 0, 0
1358024, 436906043, 0, 0
1359036, 434818423, 0, 0
1360040, 437309439, 0, 0
1361051, 455344725, 0, 0
1362046, 451782072, 0, 0
1363007, 443951838, 0, 0
1364054, 434708177, 0, 0
1365002, 408284585, 0, 0
1366027, 509918890, 0, 0
1367009, 462557656, 0, 0
1368030, 445029921, 0, 0
1369001, 457381500, 0, 0
1370019, 451851771, 0, 0
1371016, 429582459, 0, 0
1372047, 444847918, 0, 0
1373048, 447653989, 0, 0
1374051, 440420823, 0, 0
1375012, 462936967, 0, 0
1376024, 458029923, 0, 0
1377037, 447868996, 0, 0
1378048, 454519860, 0, 0
1379037, 445732278, 0, 0
1380035, 465856056, 0, 0
1381007, 437873024, 0, 0
1382052, 460243945, 0, 0
1383015, 464992038, 0, 0
1384044, 445457874, 0, 0
1385018, 450765362, 0, 0
1386006, 458717695, 0, 0
1387061, 447439178, 0, 0
1388040, 525324031, 0, 0
1389008, 435146568, 0, 0
1390060, 464003743, 0, 0
1391005, 450336696, 0, 0
1392014, 436075360, 0, 0
1393057, 456143506, 0, 0
1394044, 484016332, 0, 0
1395053, 463056043, 0, 0
1396047, 430318290, 0, 0
1397014, 459063989, 0, 0
1398004, 462028591, 0, 0
1399049, 456957763, 0, 0
1400036, 462483723, 0, 0
1401025, 447884468, 0, 0
1402055, 452346883, 0, 0
1403035, 441213234, 0, 0
1404001, 460542813, 0, 0
1405013, 431389239, 0, 0
1406051, 433260484, 0, 0
1407026, 464593599, 0, 0
1408001, 467048864, 0, 0
1409002, 463654931, 0, 0
1410030, 448662823, 0, 0
1411035, 461121198, 0, 0
1412002, 478867573, 0, 0
1413022, 449264481, 0, 0
1414037, 451301228, 0, 0
1415058, 464248862, 0, 0
1416038, 470788244, 0, 0
1417034, 465661092, 0, 0
1418017, 454604454, 0, 0
1419049, 447038153, 0, 0
1420029, 460128103, 0, 0
1421043, 448702050, 0, 0
1422035, 464164988, 0, 0
1423032, 470850097, 0, 0
1424037, 448561555, 0, 0
1425057, 446429736, 0, 0
1426011, 447021939, 0, 0
1427045, 454162554, 0, 0
1428060, 477134431, 0, 0
1429061, 471150486, 0, 0
1430017, 446406839, 0, 0
1431010, 479580316, 0, 0
1432049, 457426821, 0, 0
1433006, 461606027, 0, 0
1434045, 485402965, 0, 0
1435017, 458289191, 0, 0
1436010, 469084447, 0, 0
1437026, 460470217, 0, 0
1438050, 460053191, 0, 0
1439063, 445517512, 0, 0
1440043, 447971098, 0, 0
1441059, 452538612, 0, 0
1442009, 467250795, 0, 0
1443047, 458319486, 0, 0
1444054, 460822996, 0, 0
1445045, 452492442, 0, 0
1446017, 458358864, 0, 0
1447049, 451052734, 0, 0
1448041, 462851101, 0, 0
1449019, 473517477, 0, 0
1450016, 432856683, 0, 0
1451043, 441816662, 0, 0
1452038, 442576358, 0, 0
1453007, 437850663, 0, 0
1454055, 430775325, 0, 0
1455030, 456116871, 0, 0
1456009, 446935799, 0, 0
1457019, 433003904, 0, 0
1458025, 449241781, 0, 0
1459040, 436845520, 0, 0
1460051, 439850437, 0, 0
1461057, 466263687, 0, 0
1462025, 472844730, 0, 0
1463034, 442387432, 0, 0
1464026, 467540515, 0, 0
1465021, 485585742, 0, 0
1466017, 445791484, 0, 0
1467051, 456108673, 0, 0
1468011, 457181506, 0, 0
1469014, 416900168, 0, 0
1470005, 472616821, 0, 0
1471013, 433680518, 0, 0
1472064, 463119585, 0, 0
1473009, 410089040, 0, 0
1474043, 450784933, 0, 0
1475039, 488470863, 0, 0
1476046, 472368888, 0, 0
1477047, 438434285, 0, 0
1478015, 445528614, 0, 0
1479031, 472555109, 0, 0
1480017, 473830236, 0, 0
1481009, 469478901, 0, 0
1482000, 463170750, 0, 0
1483040, 455430213, 0, 0
1484021, 452352269, 0, 0
1485052, 453644821, 0, 0
1486017, 455025334, 0, 0
1487006, 476428591, 0, 0
1488028, 486813687, 0, 0
1489057, 446067598, 0, 0
1490009, 449689773, 0, 0
1491027, 452919357, 0, 0
1492045, 444882651, 0, 0
1493010, 461282491, 0, 0
1494047, 460873020, 0, 0
1495066, 486154830, 0, 0
1496022, 465581544, 0, 0
1497008, 462099387, 0, 0
1498038, 473834617, 0, 0
1499033, 470218895, 0, 0
1500009, 453928361, 0, 0
1501052, 472776870, 0, 0
1502046, 472425380, 0, 0
1503026, 442485320, 0, 0
1504018, 433376136, 0, 0
1505026, 441283638, 0, 0
1506001, 468409886, 0, 0
1507019, 455496667, 0, 0
1508004, 456083653, 0, 0
1509052, 482874362, 0, 0
1510010, 448026542, 0, 0
1511047, 488443314, 0, 0
1512047, 453918976, 0, 0
1513035, 457317084, 0, 0
1514044, 459665592, 0, 0
1515034, 455846567, 0, 0
1516037, 492055439, 0, 0
1517012, 421975515, 0, 0
1518004, 478815128, 0, 0
1519049, 457603305, 0, 0
1520037, 452178535, 0, 0
1521012, 425934069, 0, 0
1522002, 455427400, 0, 0
1523033, 472623311, 0, 0
1524003, 463284320, 0, 0
1525002, 435099557, 0, 0
1526022, 459004273, 0, 0
1527036, 457709454, 0, 0
1528024, 445209162, 0, 0
1529049, 445661439, 0, 0
1530008, 420855091, 0, 0
1531030, 457215946, 0, 0
1532035, 439550495, 0, 0
1533001, 446287410, 0, 0
1534020, 461873799, 0, 0
1535048, 473392091, 0, 0
1536008, 464292569, 0, 0
1537001, 468408470, 0, 0
1538055, 468595956, 0, 0
1539016, 481158760, 0, 0
1540048, 452311214, 0, 0
1541008, 443036642, 0, 0
1542055, 471196743, 0, 0
1543044, 455971325, 0, 0
1544024, 475419771, 0, 0
1545048, 480477339, 0, 0
1546022, 460432879, 0, 0
1547041, 443283698, 0, 0
1548019, 457871242, 0, 0
1549021, 477979472, 0, 0
1550042, 466578335, 0, 0
1551017, 459343810, 0, 0
1552031, 449737447, 0, 0
1553057, 441793527, 0, 0
1554036, 431415577, 0, 0
1555030, 429611439, 0, 0
1556015, 440037040, 0, 0
1557064, 455477043, 0, 0
1558057, 462839172, 0, 0
1559019, 486572888, 0, 0
1560026, 459122294, 0, 0
1561042, 460555046, 0, 0
1562019, 455586676, 0, 0
1563036, 448201225, 0, 0
1564004, 444053202, 0, 0
1565025, 441698538, 0, 0
1566029, 439704108, 0, 0
1567005, 454332846, 0, 0
1568040, 466638332, 0, 0
1569025, 479037291, 0, 0
1570020, 463188300, 0, 0
1571057, 449426062, 0, 0
1572012, 469242151, 0, 0
1573030, 473887651, 0, 0
1574038, 473420236, 0, 0
1575025, 498345542, 0, 0
1576041, 448224187, 0, 0
1577050, 446087212, 0, 0
1578002, 453768359, 0, 0
1579036, 446665869, 0, 0
1580065, 430020531, 0, 0
1581025, 456041444, 0, 0
1582011, 448096285, 0, 0
1583018, 470068596, 0, 0
1584048, 468527582, 0, 0
1585008, 459597688, 0, 0
1586047, 478270886, 0, 0
1587017, 427356452, 0, 0
1588009, 326578839, 0, 0
1589026, 452766234, 0, 0
1590054, 456166668, 0, 0
1591004, 457204419, 0, 0
1592000, 460903949, 0, 0
1593031, 448169702, 0, 0
1594032, 440951627, 0, 0
1595005, 453789209, 0, 0
1596012, 445480457, 0, 0
1597011, 455982652, 0, 0
1598017, 461284433, 0, 0
1599011, 475741382, 0, 0
1600018, 443282945, 0, 0
1601041, 447112129, 0, 0
1602032, 453605501, 0, 0
1603044, 444002410, 0, 0
1604015, 457488087, 0, 0
1605025, 446120536, 0, 0
1606020, 443967034, 0, 0
1607030, 423359940, 0, 0
1608012, 444601911, 0, 0
1609038, 429307593, 0, 0
1610017, 451297587, 0, 0
1611028, 439971392, 0, 0
1612036, 471893884, 0, 0
1613009, 443331996, 0, 0
1614023, 441801680, 0, 0
1615042, 445200268, 0, 0
1616023, 457664702, 0, 0
1617043, 447831135, 0, 0
1618011, 475637770, 0, 0
1619032, 486030195, 0, 0
1620036, 457351602, 0, 0
1621023, 463473944, 0, 0
1622006, 460074786, 0, 0
1623006, 446160714, 0, 0
1624055, 448914095, 0, 0
1625058, 443088333, 0, 0
1626037, 438947318, 0, 0
1627045, 473850181, 0, 0
1628009, 451040628, 0, 0
1629008, 443312958, 0, 0
1630031, 469280788, 0, 0
1631014, 397204651, 0, 0
1632010, 462667676, 0, 0
1633006, 456840817, 0, 0
1634045, 462905754, 0, 0
1635007, 455525822, 0, 0
1636007, 495688433, 0, 0
1637028, 450798485, 0, 0
1638046, 454688432, 0, 0
1639044, 436705914, 0, 0
1640029, 428155865, 0, 0
1641018, 456600954, 0, 0
1642050, 472245015, 0, 0
1643001, 447892541, 0, 0
1644033, 454234304, 0, 0
1645017, 470672853, 0, 0
1646032, 442543511, 0, 0
1647014, 460468464, 0, 0
1648034, 452851894, 0, 0
1649009, 455990835, 0, 0
1650040, 449276787, 0, 0
1651017, 536163795, 0, 0
1652005, 431691036, 0, 0
1653012, 486499657, 0, 0
1654051, 571787236, 0, 0
1655044, 569260476, 0, 0
1656050, 446348233, 0, 0
1657001, 446007490, 0, 0
1658015, 458190829, 0, 0
1659063, 449159576, 0, 0
1660006, 445732105, 0, 0
1661050, 456132999, 0, 0
1662052, 438230086, 0, 0
1663017, 458931271, 0, 0
1664062, 445356711, 0, 0
1665060, 493826863, 0, 0
1666016, 457479272, 0, 0
1667052, 444092065, 0, 0
1668051, 465963754, 0, 0
1669024, 457588614, 0, 0
1670005, 450517511, 0, 0
1671053, 470050625, 0, 0
1672003, 461535868, 0, 0
1673027, 455397254, 0, 0
1674016, 458216307, 0, 0
1675000, 467632394, 0, 0
1676011, 458798903, 0, 0
1677015, 444782198, 0, 0
1678034, 477548578, 0, 0
1679008, 446818865, 0, 0
1680008, 484529517, 0, 0
1681006, 469306447, 0, 0
1682020, 445338051, 0, 0
1683015, 454860671, 0, 0
1684024, 480536456, 0, 0
1685064, 459526100, 0, 0
1686035, 460098006, 0, 0
1687030, 440694522, 0, 0
1688015, 463560896, 0, 0
1689023, 473336016, 0, 0
1690005, 462219327, 0, 0
1691045, 444261845, 0, 0
1692032, 449267230, 0, 0
1693001, 434793648, 0, 0
1694052, 464804060, 0, 0
1695047, 474373040, 0, 0
1696036, 465098129, 0, 0
1697054, 450356122, 0, 0
1698006, 461017727, 0, 0
1699061, 492282471, 0, 0
1700022, 442080724, 0, 0
1701029, 457301248, 0, 0
1702057, 456664185, 0, 0
1703070, 470801083, 0, 0
1704055, 470516882, 0, 0
1705050, 462605665, 0, 0
1706005, 453168285, 0, 0
1707021, 436137833, 0, 0
1708047, 443936843, 0, 0
1709047, 473714019, 0, 0
1710017, 462037606, 0, 0
1711023, 453177297, 0, 0
1712023, 456620043, 0, 0
1713063, 461437976, 0, 0
1714017, 438278053, 0, 0
1715029, 472773396, 0, 0
1716031, 465160291, 0, 0
1717034, 436602965, 0, 0
1718046, 462120205, 0, 0
1719035, 467186082, 0, 0
1720036, 478280453, 0, 0
1721033, 474799972, 0, 0
1722050, 456321090, 0, 0
1723042, 479487952, 0, 0
1724032, 452904740, 0, 0
1725045, 443407260, 0, 0
1726044, 444102731, 0, 0
1727007, 442813667, 0, 0
1728005, 464431381, 0, 0
1729026, 448599324, 0, 0
1730024, 457619897, 0, 0
1731041, 439534081, 0, 0
1732056, 479172663, 0, 0
1733053, 469747616, 0, 0
1734046, 471048158, 0, 0
1735051, 456804602, 0, 0
1736039, 419129881, 0, 0
1737001, 464744539, 0, 0
1738057, 443183999, 0, 0
1739029, 445084395, 0, 0
1740012, 454151652, 0, 0
1741003, 462006251, 0, 0
1742032, 441927849, 0, 0
1743031, 447656931, 0, 0
1744000, 453727029, 0, 0
1745016, 458786619, 0, 0
1746020, 441585732, 0, 0
1747012, 467942605, 0, 0
1748006, 468607362, 0, 0
1749012, 462800349, 0, 0
1750040, 465499207, 0, 0
1751027, 468319855, 0, 0
1752046, 450211659, 0, 0
1753003, 441836916, 0, 0
1754022, 444772537, 0, 0
1755046, 452224531, 0, 0
1756012, 479580998, 0, 0
1757031, 464772910, 0, 0
1758020, 457852460, 0, 0
1759013, 448404472, 0, 0
1760026, 447488704, 0, 0
1761017, 470199878, 0, 0
1762021, 476203002, 0, 0
1763000, 465704793, 0, 0
1764020, 455395008, 0, 0
1765007, 458184297, 0, 0
1766045, 458774512, 0, 0
1767055, 468415652, 0, 0
1768025, 471292743, 0, 0
1769037, 478095601, 0, 0
1770020, 450291275, 0, 0
1771051, 460826345, 0, 0
1772008, 444781737, 0, 0
1773014, 471133605, 0, 0
1774008, 455355118, 0, 0
1775063, 444635117, 0, 0
1776031, 465326927, 0, 0
1777048, 456251628, 0, 0
1778002, 449189691, 0, 0
1779014, 459110279, 0, 0
1780014, 486786936, 0, 0
1781029, 473303606, 0, 0
1782040, 449946982, 0, 0
1783009, 450129853, 0, 0
1784046, 441741162, 0, 0
1785011, 441378300, 0, 0
1786045, 457107295, 0, 0
1787006, 452347471, 0, 0
1788051, 434777053, 0, 0
1789011, 465272036, 0, 0
1790013, 434333693, 0, 0
1791011, 432589288, 0, 0
1792044, 459523446, 0, 0
1793013, 458657068, 0, 0
1794021, 440642822, 0, 0
1795005, 464926614, 0, 0
1796003, 456590488, 0, 0
1797056, 478516768, 0, 0
1798024, 489583267, 0, 0
1799052, 479073714, 0, 0
1800022, 463169740, 0, 0
1801047, 449165820, 0, 0
1802030, 464231960, 0, 0
1803055, 446156904, 0, 0
1804040, 449455036, 0, 0
1805052, 453805677, 0, 0
1806046, 458912534, 0, 0
1807030, 448617291, 0, 0
1808000, 437720794, 0, 0
1809003, 467342794, 0, 0
1810019, 487105580, 0, 0
1811061, 454248333, 0, 0
1812008, 488771143, 0, 0
1813005, 458993307, 0, 0
1814016, 426556260, 0, 0
1815017, 483595574, 0, 0
1816050, 443636869, 0, 0
1817041, 465950180, 0, 0
1818035, 470192195, 0, 0
1819022, 463026163, 0, 0
1820025, 492377486, 0, 0
1821018, 454638870, 0, 0
1822033, 466061096, 0, 0
1823014, 453251327, 0, 0
1824035, 453258438, 0, 0
1825021, 459820724, 0, 0
1826050, 447291462, 0, 0
1827022, 451475829, 0, 0
1828036, 458029538, 0, 0
1829000, 457055592, 0, 0
1830043, 428660411, 0, 0
1831017, 432822045, 0, 0
1832022, 470895175, 0, 0
1833054, 473810598, 0, 0
1834059, 464638206, 0, 0
1835042, 484461367, 0, 0
1836044, 441575202, 0, 0
1837035, 466413161, 0, 0
1838026, 449782454, 0, 0
1839006, 462571321, 0, 0
1840046, 484725284, 0, 0
1841069, 444515249, 0, 0
1842026, 444469583, 0, 0
1843050, 434740312, 0, 0
1844013, 464263935, 0, 0
1845056, 458474308, 0, 0
1846048, 467654321, 0, 0
1847026, 472989032, 0, 0
1848043, 468647752, 0, 0
1849033, 459323288, 0, 0
1850003, 464663022, 0, 0
1851019, 465985980, 0, 0
1852000, 444273226, 0, 0
1853030, 466508030, 0, 0
1854041, 465869762, 0, 0
1855060, 438049886, 0, 0
1856032, 446941227, 0, 0
1857006, 464491851, 0, 0
1858017, 446532830, 0, 0
1859036, 447450243, 0, 0
1860012, 447359362, 0, 0
1861059, 458310730, 0, 0
1862033, 434756267, 0, 0
1863021, 461133977, 0, 0
1864010, 457894306, 0, 0
1865046, 456991402, 0, 0
1866023, 466609221, 0, 0
1867021, 477168222, 0, 0
1868050, 468000028, 0, 0
1869016, 433793272, 0, 0
1870022, 487512023, 0, 0
1871025, 462077224, 0, 0
1872060, 453314681, 0, 0
1873046, 445097545, 0, 0
1874026, 471965591, 0, 0
1875033, 455514654, 0, 0
1876011, 457590037, 0, 0
1877061, 465820378, 0, 0
1878019, 439436162, 0, 0
1879008, 455592205, 0, 0
1880034, 442132429, 0, 0
1881017, 453485447, 0, 0
1882029, 474848198, 0, 0
1883054, 458613497, 0, 0
1884023, 451732444, 0, 0
1885005, 456465954, 0, 0
1886057, 463428878, 0, 0
1887008, 506109355, 0, 0
1888024, 454373298, 0, 0
1889053, 434351793, 0, 0
1890035, 461359787, 0, 0
1891028, 446791611, 0, 0
1892013, 456134409, 0, 0
1893017, 457708586, 0, 0
1894020, 435583270, 0, 0
1895029, 470910792, 0, 0
1896043, 481047885, 0, 0
1897063, 431512780, 0, 0
1898020, 445515983, 0, 0
1899013, 482368408, 0, 0
1900057, 457740179, 0, 0
1901021, 458976156, 0, 0
1902003, 460148342, 0, 0
1903054, 455759891, 0, 0
1904036, 480490007, 0, 0
1905032, 467046391, 0, 0
1906053, 454934279, 0, 0
1907013, 469364178, 0, 0
1908034, 484104624, 0, 0
1909038, 453762758, 0, 0
1910065, 449643880, 0, 0
1911002, 451850742, 0, 0
1912002, 421345906, 0, 0
1913034, 425419084, 0, 0
1914057, 462473384, 0, 0
1915016, 454749666, 0, 0
1916015, 467949836, 0, 0
1917027, 444028735, 0, 0
1918041, 458666726, 0, 0
1919004, 423957022, 0, 0
1920009, 458928406, 0, 0
1921048, 451349935, 0, 0
1922020, 450627934, 0, 0
1923048, 435991530, 0, 0
1924062, 450711605, 0, 0
1925011, 469769337, 0, 0
1926049, 470493480, 0, 0
1927034, 459981889, 0, 0
1928034, 435369478, 0, 0
1929062, 468213031, 0, 0
1930031, 453673262, 0, 0
1931035, 441012319, 0, 0
1932049, 446780070, 0, 0
1933008, 458791782, 0, 0
1934038, 475224727, 0, 0
1935054, 465208118, 0, 0
1936044, 465594715, 0, 0
1937015, 450192231, 0, 0
1938011, 476561606, 0, 0
1939006, 453038277, 0, 0
1940037, 481908443, 0, 0
1941036, 443241739, 0, 0
1942053, 453530570, 0, 0
1943054, 459238949, 0, 0
1944044, 451015401, 0, 0
1945054, 447355965, 0, 0
1946012, 438353579, 0, 0
1947055, 462852688, 0, 0
1948032, 458977161, 0, 0
1949048, 476738463, 0, 0
1950055, 448264766, 0, 0
1951057, 446298748, 0, 0
1952028, 470703856, 0, 0
1953008, 501669544, 0, 0
1954035, 452480683, 0, 0
1955049, 447374599, 0, 0
1956043, 467990744, 0, 0
1957028, 456737130, 0, 0
1958030, 465795734, 0, 0
1959016, 456492571, 0, 0
1960016, 469451923, 0, 0
1961049, 452932560, 0, 0
1962025, 445510777, 0, 0
1963032, 466032079, 0, 0
1964055, 459094384, 0, 0
1965026, 448658551, 0, 0
1966042, 452119822, 0, 0
1967040, 470095483, 0, 0
1968035, 458697520, 0, 0
1969027, 467480157, 0, 0
1970042, 461609015, 0, 0
1971009, 450081265, 0, 0
1972011, 438123538, 0, 0
1973035, 443360398, 0, 0
1974044, 449294408, 0, 0
1975008, 463502065, 0, 0
1976032, 464866308, 0, 0
1977018, 468719212, 0, 0
1978004, 479610587, 0, 0
1979046, 452899166, 0, 0
1980049, 437253535, 0, 0
1981026, 466372867, 0, 0
1982015, 475289111, 0, 0
1983013, 457594882, 0, 0
1984013, 468075993, 0, 0
1985037, 457750531, 0, 0
1986030, 442233069, 0, 0
1987019, 452116356, 0, 0
1988024, 454550396, 0, 0
1989024, 492598624, 0, 0
1990050, 447037465, 0, 0
1991039, 503621080, 0, 0
1992039, 449054714, 0, 0
1993044, 449398211, 0, 0
1994028, 472079928, 0, 0
1995017, 467651107, 0, 0
1996065, 472195819, 0, 0
1997031, 453428937, 0, 0
1998000, 441310888, 0, 0
1999036, 474849968, 0, 0
2000003, 493424494, 0, 0
2001034, 465142070, 0, 0
2002039, 458449458, 0, 0
2003050, 436930130, 0, 0
2004019, 447872353, 0, 0
2005020, 468508367, 0, 0
2006033, 471095855, 0, 0
2007049, 427182991, 0, 0
2008068, 453353849, 0, 0
2009056, 471709469, 0, 0
2010009, 480628612, 0, 0
2011048, 480339362, 0, 0
2012045, 400504468, 0, 0
2013055, 447683014, 0, 0
2014001, 478935445, 0, 0
2015055, 466726504, 0, 0
2016020, 462505111, 0, 0
2017023, 446552118, 0, 0
2018031, 464848215, 0, 0
2019028, 477052880, 0, 0
2020028, 479122925, 0, 0
2021036, 462851356, 0, 0
2022056, 428457888, 0, 0
2023024, 464749078, 0, 0
2024062, 457187530, 0, 0
2025058, 419602107, 0, 0
2026017, 461058267, 0, 0
2027025, 462464471, 0, 0
2028035, 472714239, 0, 0
2029037, 463649222, 0, 0
2030021, 466211179, 0, 0
2031028, 452835237, 0, 0
2032050, 443910648, 0, 0
2033013, 458440555, 0, 0
2034041, 452227555, 0, 0
2035036, 445491080, 0, 0
2036063, 455212924, 0, 0
2037009, 445300715, 0, 0
2038060, 456314724, 0, 0
2039038, 469508268, 0, 0
2040044, 461327294, 0, 0
2041012, 452388034, 0, 0
2042040, 457473918, 0, 0
2043043, 440247227, 0, 0
2044018, 467822332, 0, 0
2045019, 443362289, 0, 0
2046004, 416690603, 0, 0
2047039, 454128280, 0, 0
2048044, 463304490, 0, 0
2049034, 464740331, 0, 0
2050007, 487811072, 0, 0
2051015, 485174649, 0, 0
2052033, 470369405, 0, 0
2053053, 477646726, 0, 0
2054041, 452358392, 0, 0
2055009, 476282069, 0, 0
2056022, 484222752, 0, 0
2057032, 468633132, 0, 0
2058002, 461415163, 0, 0
2059002, 474960745, 0, 0
2060043, 439938705, 0, 0
2061030, 463737151, 0, 0
2062000, 456443110, 0, 0
2063067, 456861690, 0, 0
2064054, 472503900, 0, 0
2065057, 466404993, 0, 0
2066017, 441104738, 0, 0
2067036, 447506519, 0, 0
2068076, 444120566, 0, 0
2069056, 475374140, 0, 0
2070009, 475874359, 0, 0
2071008, 457704100, 0, 0
2072001, 473837822, 0, 0
2073050, 476633049, 0, 0
2074022, 455059848, 0, 0
2075031, 441633622, 0, 0
2076054, 431823386, 0, 0
2077044, 472606943, 0, 0
2078013, 451925209, 0, 0
2079039, 451194754, 0, 0
2080040, 477838131, 0, 0
2081008, 457714063, 0, 0
2082008, 438411179, 0, 0
2083017, 443456789, 0, 0
2084040, 455116507, 0, 0
2085003, 463775762, 0, 0
2086012, 457115161, 0, 0
2087038, 437826973, 0, 0
2088058, 442608845, 0, 0
2089001, 438111109, 0, 0
2090060, 454611665, 0, 0
2091033, 468699887, 0, 0
2092043, 470347461, 0, 0
2093042, 460891902, 0, 0
2094046, 460375648, 0, 0
2095023, 461498235, 0, 0
2096031, 458184479, 0, 0
2097046, 460615232, 0, 0
2098016, 451786479, 0, 0
2099036, 450573664, 0, 0
2100031, 472380495, 0, 0
2101028, 450648636, 0, 0
2102045, 456461538, 0, 0
2103004, 469254990, 0, 0
2104038, 456653029, 0, 0
2105029, 466295056, 0, 0
2106009, 454342802, 0, 0
2107022, 506609959, 0, 0
2108012, 408652871, 0, 0
2109001, 473030125, 0, 0
2110055, 461299498, 0, 0
2111053, 482577928, 0, 0
2112062, 440405588, 0, 0
2113037, 452382443, 0, 0
2114012, 446156346, 0, 0
2115017, 466248331, 0, 0
2116057, 494767950, 0, 0
2117015, 476615857, 0, 0
2118028, 440195564, 0, 0
2119045, 450334763, 0, 0
2120058, 445633745, 0, 0
2121035, 455718248, 0, 0
2122068, 459946251, 0, 0
2123051, 449184652, 0, 0
2124022, 431478776, 0, 0
2125051, 444455289, 0, 0
2126029, 469067092, 0, 0
2127054, 464507729, 0, 0
2128020, 451709376, 0, 0
2129012, 467321445, 0, 0
2130036, 440892564, 0, 0
2131023, 463841100, 0, 0
2132034, 482798803, 0, 0
2133056, 460280982, 0, 0
2134014, 464140561, 0, 0
2135009, 470650175, 0, 0
2136014, 468438883, 0, 0
2137034, 461513869, 0, 0
2138052, 450854543, 0, 0
2139037, 479156101, 0, 0
2140007, 450210443, 0, 0
2141012, 462214080, 0, 0
2142044, 468651023, 0, 0
2143018, 453335675, 0, 0
2144040, 451339521, 0, 0
2145052, 437697484, 0, 0
2146004, 490385742, 0, 0
2147013, 444364435, 0, 0
2148016, 430862352, 0, 0
2149047, 452426028, 0, 0
2150033, 460946244, 0, 0
2151028, 459954460, 0, 0
2152044, 449195707, 0, 0
2153027, 454687767, 0, 0
2154026, 456796711, 0, 0
2155037, 463256619, 0, 0
2156015, 437443674, 0, 0
2157014, 439855003, 0, 0
2158054, 465234101, 0, 0
2159045, 469594251, 0, 0
2160045, 458071567, 0, 0
2161041, 430540291, 0, 0
2162013, 462352928, 0, 0
2163020, 453801908, 0, 0
2164024, 450904946, 0, 0
2165054, 457387139, 0, 0
2166002, 461400892, 0, 0
2167041, 470898026, 0, 0
2168018, 464236554, 0, 0
2169028, 475740414, 0, 0
2170030, 458946585, 0, 0
2171038, 476967754, 0, 0
2172002, 456505630, 0, 0
2173006, 440033294, 0, 0
2174021, 440261686, 0, 0
2175052, 456134204, 0, 0
2176051, 461363471, 0, 0
2177074, 456057690, 0, 0
2178056, 471934999, 0, 0
2179046, 470489803, 0, 0
2180016, 453049707, 0, 0
2181038, 474932741, 0, 0
2182052, 442423895, 0, 0
2183051, 479787391, 0, 0
2184025, 464596888, 0, 0
2185022, 451225119, 0, 0
2186053, 467582399, 0, 0
2187038, 448375824, 0, 0
2188004, 443765276, 0, 0
2189038, 462888758, 0, 0
2190002, 454986442, 0, 0
2191007, 478443926, 0, 0
2192012, 484276709, 0, 0
2193020, 449781475, 0, 0
2194040, 456120661, 0, 0
2195002, 449446214, 0, 0
2196010, 443295633, 0, 0
2197023, 445523825, 0, 0
2198046, 445558148, 0, 0
2199013, 454209497, 0, 0
2200045, 450588395, 0, 0
2201023, 453416408, 0, 0
2202041, 460548120, 0, 0
2203022, 448801083, 0, 0
2204058, 461235012, 0, 0
2205043, 477632642, 0, 0
2206012, 455192579, 0, 0
2207050, 437210827, 0, 0
2208032, 463095836, 0, 0
2209005, 454286248, 0, 0
2210026, 454676242, 0, 0
2211045, 441172581, 0, 0
2212028, 458269627, 0, 0
2213007, 460399848, 0, 0
2214026, 431369173, 0, 0
2215058, 466231690, 0, 0
2216007, 487567477, 0, 0
2217039, 452194432, 0, 0
2218010, 416468110, 0, 0
2219021, 441153970, 0, 0
2220023, 477190603, 0, 0
2221044, 435529813, 0, 0
2222043, 470315334, 0, 0
2223001, 466918907, 0, 0
2224026, 444714171, 0, 0
2225024, 447797827, 0, 0
2226031, 446121433, 0, 0
2227013, 462699067, 0, 0
2228015, 450092803, 0, 0
2229005, 445723192, 0, 0
2230041, 459391241, 0, 0
2231043, 448617455, 0, 0
2232027, 462875586, 0, 0
2233034, 458837459, 0, 0
2234048, 448408832, 0, 0
2235020, 435290362, 0, 0
2236038, 449070507, 0, 0
2237016, 460200855, 0, 0
2238024, 448207265, 0, 0
2239009, 447856471, 0, 0
2240027, 463722169, 0, 0
2241008, 465637155, 0, 0
2242015, 440223958, 0, 0
2243040, 460873732, 0, 0
2244055, 435321826, 0, 0
2245054, 472508194, 0, 0
2246002, 462614903, 0, 0
2247030, 469350108, 0, 0
2248001, 481082339, 0, 0
2249002, 482293215, 0, 0
2250030, 473942478, 0, 0
2251029, 481417649, 0, 0
2252054, 517880723, 0, 0
2253017, 453025182, 0, 0
2254019, 471267883, 0, 0
2255039, 487476674, 0, 0
2256026, 465375287, 0, 0
2257013, 460783761, 0, 0
2258038, 480002891, 0, 0
2259015, 467434730, 0, 0
2260024, 462501099, 0, 0
2261021, 469551218, 0, 0
2262019, 451691258, 0, 0
2263049, 520069738, 0, 0
2264060, 464019672, 0, 0
2265025, 479211927, 0, 0
2266054, 449311787, 0, 0
2267053, 439474160, 0, 0
2268020, 443260953, 0, 0
2269050, 451189635, 0, 0
2270028, 469035975, 0, 0
2271071, 453511949, 0, 0
2272036, 468684897, 0, 0
2273023, 445902829, 0, 0
2274005, 464824911, 0, 0
2275033, 449884052, 0, 0
2276007, 457991696, 0, 0
2277001, 433457794, 0, 0
2278021, 460534758, 0, 0
2279043, 452257114, 0, 0
2280040, 434133381, 0, 0
2281001, 380269262, 0, 0
2282057, 430586952, 0, 0
2283019, 463103161, 0, 0
2284022, 476955554, 0, 0
2285024, 447123219, 0, 0
2286050, 448562433, 0, 0
2287001, 469305965, 0, 0
2288034, 462372569, 0, 0
2289053, 453162677, 0, 0
2290035, 444658724, 0, 0
2291034, 454723435, 0, 0
2292000, 442235652, 0, 0
2293004, 467964919, 0, 0
2294036, 469635540, 0, 0
2295053, 456028202, 0, 0
2296013, 476856746, 0, 0
2297004, 463307547, 0, 0
2298032, 467802982, 0, 0
2299016, 466521483, 0, 0
2300004, 468680215, 0, 0
2301014, 465280402, 0, 0
2302040, 448009393, 0, 0
2303021, 450225380, 0, 0
2304014, 471087407, 0, 0
2305049, 443582179, 0, 0
2306054, 474075937, 0, 0
2307033, 452751654, 0, 0
2308017, 459370458, 0, 0
2309029, 450058678, 0, 0
2310037, 450404783, 0, 0
2311036, 452150214, 0, 0
2312001, 447923717, 0, 0
2313033, 456686645, 0, 0
2314033, 459431487, 0, 0
2315006, 464248101, 0, 0
2316034, 454014758, 0, 0
2317003, 441380917, 0, 0
2318012, 457733593, 0, 0
2319044, 440999922, 0, 0
2320011, 440342909, 0, 0
2321007, 472353821, 0, 0
2322016, 474594732, 0, 0
2323016, 455449338, 0, 0
2324042, 453333276, 0, 0
2325030, 469979829, 0, 0
2326048, 448738761, 0, 0
2327021, 449098761, 0, 0
2328017, 467881753, 0, 0
2329024, 445089246, 0, 0
2330024, 459124968, 0, 0
2331028, 460188263, 0, 0
2332010, 449655620, 0, 0
2333057, 448678468, 0, 0
2334023, 466016791, 0, 0
2335030, 450735913, 0, 0
2336047, 460777691, 0, 0
2337049, 457354728, 0, 0
2338030, 451407494, 0, 0
2339000, 480951046, 0, 0
2340009, 438558798, 0, 0
2341018, 435142316, 0, 0
2342019, 436396634, 0, 0
2343001, 434946589, 0, 0
2344018, 446368382, 0, 0
2345012, 457786432, 0, 0
2346000, 468958225, 0, 0
2347043, 462499303, 0, 0
2348051, 453009041, 0, 0
2349024, 476732329, 0, 0
2350007, 486986684, 0, 0
2351056, 461319079, 0, 0
2352012, 450366535, 0, 0
2353018, 477030036, 0, 0
2354054, 453914402, 0, 0
2355045, 468647836, 0, 0
2356002, 461889341, 0, 0
2357017, 444167802, 0, 0
2358025, 439709130, 0, 0
2359028, 455113228, 0, 0
2360052, 452529799, 0, 0
2361011, 447757266, 0, 0
2362026, 473559649, 0, 0
2363034, 461038000, 0, 0
2364004, 454295342, 0, 0
2365011, 431736759, 0, 0
2366020, 446916657, 0, 0
2367030, 457142300, 0, 0
2368032, 453740152, 0, 0
2369014, 443962748, 0, 0
2370009, 455128754, 0, 0
2371028, 459736154, 0, 0
2372014, 440787919, 0, 0
2373000, 441418155, 0, 0
2374011, 455589358, 0, 0
2375050, 457406604, 0, 0
2376020, 469975001, 0, 0
2377033, 451613201, 0, 0
2378014, 419036657, 0, 0
2379024, 444064765, 0, 0
2380049, 461832956, 0, 0
2381063, 472225052, 0, 0
2382021, 443573970, 0, 0
2383044, 453361456, 0, 0
2384012, 464824618, 0, 0
2385052, 450687625, 0, 0
2386001, 440800305, 0, 0
2387037, 453712090, 0, 0
2388019, 484761904, 0, 0
2389041, 456405646, 0, 0
2390055, 480991421, 0, 0
2391055, 452433593, 0, 0
2392056, 442615787, 0, 0
2393041, 433659738, 0, 0
2394042, 454507912, 0, 0
2395025, 479125260, 0, 0
2396012, 471734619, 0, 0
2397028, 460826870, 0, 0
2398016, 435523925, 0, 0
2399048, 441425888, 0, 0
2400045, 477232291, 0, 0
2400153, 377428873, 0, 0
