1016, 373943952, 0, 0
2049, 126767931, 0, 0
3023, 318514289, 0, 0
4044, 123428188, 0, 0
5010, 263012279, 0, 0
6038, 258130448, 0, 0
7019, 233995099, 0, 0
8012, 251518579, 0, 0
9037, 120727842, 0, 0
10021, 68660177, 0, 0
11022, 154531102, 0, 0
12025, 178309343, 0, 0
13000, 225949662, 0, 0
14106, 156870074, 0, 0
15047, 82062287, 0, 0
16022, 336973483, 0, 0
17006, 62619948, 0, 0
18029, 77771438, 0, 0
19040, 283238688, 0, 0
20014, 103943323, 0, 0
21014, 182288466, 0, 0
22051, 140566112, 0, 0
23041, 228984041, 0, 0
24008, 146590471, 0, 0
25012, 99395539, 0, 0
26008, 176055326, 0, 0
27027, 100625921, 0, 0
28031, 162389709, 0, 0
29037, 175287165, 0, 0
30046, 248801652, 0, 0
31034, 294091423, 0, 0
32039, 262247551, 0, 0
33039, 227682505, 0, 0
34025, 189924014, 0, 0
35021, 195682276, 0, 0
36029, 156649099, 0, 0
37043, 115932016, 0, 0
38016, 160813688, 0, 0
39006, 133062897, 0, 0
40030, 164399755, 0, 0
41035, 84822575, 0, 0
42054, 120574788, 0, 0
43051, 245429015, 0, 0
44041, 247811819, 0, 0
45004, 184547803, 0, 0
46005, 125729589, 0, 0
47053, 189997953, 0, 0
48020, 287364813, 0, 0
49038, 243926122, 0, 0
50006, 293681042, 0, 0
51013, 367758179, 0, 0
52029, 403809819, 0, 0
53046, 359289259, 0, 0
54045, 162995765, 0, 0
55019, 130720447, 0, 0
56033, 226130924, 0, 0
57014, 251534160, 0, 0
58004, 274977624, 0, 0
59053, 257490318, 0, 0
60031, 260660902, 0, 0
61023, 258621019, 0, 0
62008, 222332726, 0, 0
63001, 224089471, 0, 0
64001, 196807126, 0, 0
65038, 189479783, 0, 0
66026, 153242170, 0, 0
67026, 153993320, 0, 0
68037, 194457551, 0, 0
69006, 210696242, 0, 0
70033, 142591493, 0, 0
71007, 138916799, 0, 0
72017, 125601128, 0, 0
73026, 113681764, 0, 0
74008, 170775574, 0, 0
75039, 137084480, 0, 0
76006, 153408687, 0, 0
77015, 181256711, 0, 0
78051, 223865721, 0, 0
79050, 171685493, 0, 0
80006, 60320216, 0, 0
81034, 146575515, 0, 0
82044, 171608135, 0, 0
83040, 177880948, 0, 0
84026, 147875455, 0, 0
85026, 92627961, 0, 0
86020, 200594471, 0, 0
87005, 238024637, 0, 0
88005, 189064370, 0, 0
89022, 238258595, 0, 0
90047, 177724347, 0, 0
91030, 117170110, 0, 0
92047, 122278969, 0, 0
93009, 215256950, 0, 0
94009, 247072277, 0, 0
95015, 201551665, 0, 0
96008, 102037215, 0, 0
97057, 215086749, 0, 0
98013, 232305882, 0, 0
99013, 147370193, 0, 0
100047, 204703348, 0, 0
101047, 222263069, 0, 0
102047, 126495711, 0, 0
103012, 134675560, 0, 0
104016, 256103962, 0, 0
105033, 212940241, 0, 0
106040, 221678843, 0, 0
107011, 237764991, 0, 0
108053, 251204582, 0, 0
109029, 252189705, 0, 0
110060, 224786932, 0, 0
111062, 182860293, 0, 0
112018, 169024188, 0, 0
113051, 187944668, 0, 0
114063, 168261047, 0, 0
115050, 148054351, 0, 0
116036, 259436304, 0, 0
117004, 290356853, 0, 0
118041, 253359642, 0, 0
119029, 289224491, 0, 0
120036, 188372415, 0, 0
121016, 185879667, 0, 0
122054, 229614460, 0, 0
123017, 238487156, 0, 0
124023, 240859732, 0, 0
125011, 171416527, 0, 0
126037, 165559387, 0, 0
127017, 71165553, 0, 0
128038, 238001067, 0, 0
129058, 322495066, 0, 0
130038, 270199313, 0, 0
131055, 169121893, 0, 0
132007, 186047249, 0, 0
133012, 290033595, 0, 0
134041, 297784013, 0, 0
135025, 290882580, 0, 0
136057, 160503755, 0, 0
137019, 187938853, 0, 0
138029, 176568042, 0, 0
139048, 145666341, 0, 0
140047, 258513313, 0, 0
141038, 208506225, 0, 0
142058, 217382025, 0, 0
143027, 249402610, 0, 0
144055, 265555159, 0, 0
145030, 266115869, 0, 0
146018, 306605460, 0, 0
147040, 263780125, 0, 0
148006, 261795237, 0, 0
149015, 225066111, 0, 0
150007, 225432191, 0, 0
151042, 258443470, 0, 0
152049, 254064618, 0, 0
153042, 269346520, 0, 0
154026, 257591211, 0, 0
155041, 223610378, 0, 0
156050, 234931003, 0, 0
157026, 232930276, 0, 0
158052, 243066630, 0, 0
159018, 224374619, 0, 0
160036, 205509612, 0, 0
161008, 211725076, 0, 0
162027, 237407373, 0, 0
163064, 246944398, 0, 0
164013, 234693891, 0, 0
165032, 268348682, 0, 0
166054, 243077055, 0, 0
167039, 217199727, 0, 0
168006, 211397892, 0, 0
169009, 213101481, 0, 0
170043, 224414156, 0, 0
171001, 260635215, 0, 0
172037, 253477328, 0, 0
173025, 280224618, 0, 0
174018, 247888187, 0, 0
175029, 240551672, 0, 0
176018, 245763147, 0, 0
177058, 230453781, 0, 0
178010, 217136797, 0, 0
179024, 225862158, 0, 0
180063, 213220482, 0, 0
181033, 209412636, 0, 0
182026, 185864658, 0, 0
183013, 210026094, 0, 0
184003, 231318839, 0, 0
185049, 237663502, 0, 0
186023, 242920000, 0, 0
187014, 236200249, 0, 0
188051, 206691120, 0, 0
189041, 224382580, 0, 0
190053, 188514431, 0, 0
191053, 189349433, 0, 0
192024, 192883170, 0, 0
193007, 201584367, 0, 0
194037, 166985007, 0, 0
195033, 210410367, 0, 0
196003, 224800881, 0, 0
197031, 228487036, 0, 0
198031, 264294200, 0, 0
199002, 245481602, 0, 0
200047, 186359102, 0, 0
201076, 231890020, 0, 0
202052, 240618746, 0, 0
203027, 167837009, 0, 0
204038, 199279235, 0, 0
205022, 216227001, 0, 0
206037, 205356689, 0, 0
207021, 259694877, 0, 0
208044, 251747775, 0, 0
209002, 255090490, 0, 0
210050, 285379015, 0, 0
211035, 252684455, 0, 0
212001, 268698495, 0, 0
213022, 259110287, 0, 0
214023, 281878055, 0, 0
215044, 261437401, 0, 0
216040, 271831061, 0, 0
217058, 223587202, 0, 0
218045, 228299737, 0, 0
219009, 259588157, 0, 0
220022, 220348401, 0, 0
221004, 235105788, 0, 0
222019, 235628143, 0, 0
223066, 211883225, 0, 0
224005, 293014286, 0, 0
225008, 223753934, 0, 0
226052, 241301006, 0, 0
227022, 258366096, 0, 0
228041, 250128836, 0, 0
229054, 261851941, 0, 0
230000, 294755403, 0, 0
231053, 258648121, 0, 0
232014, 260952486, 0, 0
233037, 214741938, 0, 0
234046, 207455651, 0, 0
235024, 204495159, 0, 0
236027, 209284558, 0, 0
237031, 226116815, 0, 0
238043, 218816776, 0, 0
239056, 170158044, 0, 0
240062, 221269071, 0, 0
241033, 208304435, 0, 0
242044, 225102663, 0, 0
243049, 267254567, 0, 0
244006, 277567103, 0, 0
245050, 280461840, 0, 0
246023, 240521400, 0, 0
247028, 283752160, 0, 0
248030, 244316328, 0, 0
249016, 231054939, 0, 0
250038, 207938566, 0, 0
251047, 242479557, 0, 0
252037, 233770360, 0, 0
253005, 225637382, 0, 0
254028, 238406204, 0, 0
255025, 230322180, 0, 0
256049, 222198785, 0, 0
257005, 241712589, 0, 0
258016, 218667580, 0, 0
259040, 208201136, 0, 0
260062, 221353456, 0, 0
261044, 221987878, 0, 0
262024, 226417463, 0, 0
263032, 206696873, 0, 0
264000, 204353059, 0, 0
265003, 252951199, 0, 0
266019, 224212119, 0, 0
267026, 222510767, 0, 0
268039, 199801991, 0, 0
269039, 190470580, 0, 0
270039, 218841883, 0, 0
271051, 225312865, 0, 0
272022, 210349335, 0, 0
273030, 237738030, 0, 0
274057, 234175584, 0, 0
275043, 200219186, 0, 0
276019, 239627621, 0, 0
277025, 224766308, 0, 0
278045, 214308364, 0, 0
279053, 211295778, 0, 0
280024, 205843412, 0, 0
281016, 197334463, 0, 0
282052, 204514836, 0, 0
283010, 202874125, 0, 0
284050, 212240052, 0, 0
285006, 192772079, 0, 0
286009, 187955616, 0, 0
287009, 195929801, 0, 0
288019, 183788158, 0, 0
289039, 202923244, 0, 0
290030, 241586018, 0, 0
291032, 214977722, 0, 0
292000, 209169811, 0, 0
293019, 210657517, 0, 0
294022, 196392090, 0, 0
295045, 221045919, 0, 0
296034, 218990080, 0, 0
297039, 206338121, 0, 0
298054, 224410097, 0, 0
299050, 209297015, 0, 0
300045, 207050801, 0, 0
301003, 236631211, 0, 0
302037, 214117900, 0, 0
303004, 233993213, 0, 0
304060, 223235607, 0, 0
305007, 214529563, 0, 0
306028, 213599008, 0, 0
307003, 283137235, 0, 0
308015, 219083385, 0, 0
309012, 204624951, 0, 0
310055, 240335317, 0, 0
311012, 210448683, 0, 0
312032, 211009377, 0, 0
313043, 209699371, 0, 0
314008, 207816260, 0, 0
315013, 252794960, 0, 0
316018, 226642305, 0, 0
317048, 244821601, 0, 0
318018, 217479573, 0, 0
319037, 208812996, 0, 0
320013, 194586413, 0, 0
321022, 222676149, 0, 0
322058, 203590739, 0, 0
323003, 211059542, 0, 0
324002, 237380514, 0, 0
325032, 226195825, 0, 0
326024, 244627155, 0, 0
327031, 231873592, 0, 0
328065, 221729815, 0, 0
329024, 230822456, 0, 0
330027, 241031244, 0, 0
331054, 250078294, 0, 0
332044, 223241275, 0, 0
333007, 241352609, 0, 0
334006, 236650333, 0, 0
335029, 222890834, 0, 0
336037, 216917290, 0, 0
337048, 221439499, 0, 0
338036, 220666687, 0, 0
339060, 177535419, 0, 0
340026, 188871550, 0, 0
341058, 198582139, 0, 0
342042, 232375804, 0, 0
343022, 193124181, 0, 0
344042, 178641709, 0, 0
345047, 184023197, 0, 0
346008, 195238061, 0, 0
347024, 213355385, 0, 0
348017, 211424311, 0, 0
349055, 233995258, 0, 0
350003, 188817222, 0, 0
351046, 190728471, 0, 0
352013, 191179578, 0, 0
353019, 169888887, 0, 0
354014, 203098754, 0, 0
355017, 211977687, 0, 0
356003, 211459753, 0, 0
357027, 185890055, 0, 0
358055, 184848788, 0, 0
359026, 196318167, 0, 0
360054, 215777009, 0, 0
361017, 212951784, 0, 0
362043, 252257037, 0, 0
363009, 241602698, 0, 0
364053, 229739158, 0, 0
365016, 234361903, 0, 0
366055, 224033681, 0, 0
367047, 207456398, 0, 0
368033, 231520884, 0, 0
369054, 208784704, 0, 0
370054, 223476494, 0, 0
371019, 215814385, 0, 0
372030, 208609116, 0, 0
373050, 229407592, 0, 0
374013, 232552235, 0, 0
375019, 221871419, 0, 0
376060, 222026177, 0, 0
377047, 202968584, 0, 0
378038, 193850725, 0, 0
379011, 223225546, 0, 0
380021, 242608251, 0, 0
381038, 209655433, 0, 0
382042, 208409203, 0, 0
383016, 213093890, 0, 0
384006, 210026238, 0, 0
385056, 221918862, 0, 0
386030, 209026489, 0, 0
387031, 198669292, 0, 0
388042, 206016890, 0, 0
389012, 227346938, 0, 0
390104, 207307852, 0, 0
391047, 234573968, 0, 0
392002, 223201480, 0, 0
393046, 220476534, 0, 0
394026, 240051006, 0, 0
395023, 209636497, 0, 0
396005, 232409478, 0, 0
397010, 213488694, 0, 0
398031, 192830933, 0, 0
399017, 204437200, 0, 0
400004, 180569384, 0, 0
401045, 196085815, 0, 0
402029, 200810651, 0, 0
403058, 211352158, 0, 0
404012, 207259851, 0, 0
405004, 190800737, 0, 0
406031, 219571717, 0, 0
407057, 220579839, 0, 0
408019, 192388219, 0, 0
409059, 216122073, 0, 0
410018, 213864543, 0, 0
411023, 203326255, 0, 0
412037, 195060539, 0, 0
413003, 234162873, 0, 0
414034, 197617704, 0, 0
415011, 178165141, 0, 0
416007, 210340769, 0, 0
417021, 191997540, 0, 0
418052, 178227140, 0, 0
419054, 180393884, 0, 0
420040, 181384005, 0, 0
421002, 200884801, 0, 0
422033, 220617789, 0, 0
423019, 209176718, 0, 0
424042, 188995298, 0, 0
425042, 210843300, 0, 0
426017, 189579424, 0, 0
427036, 217646753, 0, 0
428017, 193139749, 0, 0
429054, 206959627, 0, 0
430046, 203406099, 0, 0
431054, 211855199, 0, 0
432052, 208006714, 0, 0
433015, 189287109, 0, 0
434042, 180251632, 0, 0
435039, 204060126, 0, 0
436031, 180322167, 0, 0
437046, 199002448, 0, 0
438036, 189402473, 0, 0
439038, 192345374, 0, 0
440026, 227831107, 0, 0
441017, 181116545, 0, 0
442002, 198513035, 0, 0
443037, 178601988, 0, 0
444001, 179179396, 0, 0
445046, 196376616, 0, 0
446040, 190310056, 0, 0
447048, 250941137, 0, 0
448044, 202027076, 0, 0
449017, 193671909, 0, 0
450029, 191919540, 0, 0
451048, 181787453, 0, 0
452029, 186582272, 0, 0
453049, 185703449, 0, 0
454067, 198191081, 0, 0
455038, 203380688, 0, 0
456028, 202072223, 0, 0
457052, 206245956, 0, 0
458039, 192347858, 0, 0
459052, 198618918, 0, 0
460005, 189946888, 0, 0
461031, 202698635, 0, 0
462041, 185756392, 0, 0
463041, 186733729, 0, 0
464026, 200353559, 0, 0
465004, 189976109, 0, 0
466014, 185212646, 0, 0
467014, 171938859, 0, 0
468032, 183811303, 0, 0
469016, 189566608, 0, 0
470050, 172359020, 0, 0
471053, 207510505, 0, 0
472030, 168044982, 0, 0
473037, 190431903, 0, 0
474061, 224551347, 0, 0
475049, 177412678, 0, 0
476001, 189824886, 0, 0
477027, 203071671, 0, 0
478044, 206022468, 0, 0
479062, 202278659, 0, 0
480052, 199811996, 0, 0
481049, 172444824, 0, 0
482008, 188982082, 0, 0
483039, 181417326, 0, 0
484005, 173887554, 0, 0
485058, 173424691, 0, 0
486010, 194767029, 0, 0
487005, 178784013, 0, 0
488053, 197690860, 0, 0
489001, 199872002, 0, 0
490005, 202243326, 0, 0
491024, 200598990, 0, 0
492035, 202322154, 0, 0
493000, 193747174, 0, 0
494054, 184233915, 0, 0
495016, 195395258, 0, 0
496026, 191504820, 0, 0
497018, 172423421, 0, 0
498033, 185585546, 0, 0
499001, 172364093, 0, 0
500018, 170587968, 0, 0
501050, 156832781, 0, 0
502034, 179945895, 0, 0
503005, 180562511, 0, 0
504013, 203975741, 0, 0
505022, 185762950, 0, 0
506048, 170455394, 0, 0
507039, 194359144, 0, 0
508055, 185738613, 0, 0
509008, 187538071, 0, 0
510015, 184871561, 0, 0
511033, 182171527, 0, 0
512055, 179329814, 0, 0
513049, 210345885, 0, 0
514014, 194448116, 0, 0
515036, 202850222, 0, 0
516005, 232196845, 0, 0
517030, 196578543, 0, 0
518064, 173407501, 0, 0
519047, 220258532, 0, 0
520003, 221353470, 0, 0
521032, 217833621, 0, 0
522016, 212117459, 0, 0
523046, 219558003, 0, 0
524009, 201003865, 0, 0
525039, 192604732, 0, 0
526014, 194033833, 0, 0
527053, 217038898, 0, 0
528036, 196549445, 0, 0
529021, 177875483, 0, 0
530034, 188773755, 0, 0
531011, 209889910, 0, 0
532052, 202635034, 0, 0
533023, 191529504, 0, 0
534028, 188063958, 0, 0
535054, 202224743, 0, 0
536071, 171356447, 0, 0
537012, 222043313, 0, 0
538050, 190269845, 0, 0
539052, 186362620, 0, 0
540011, 210453231, 0, 0
541058, 197450388, 0, 0
542044, 192270789, 0, 0
543029, 196513158, 0, 0
544053, 195536619, 0, 0
545017, 209056851, 0, 0
546012, 217975991, 0, 0
547035, 217096534, 0, 0
548060, 203102656, 0, 0
549027, 212425179, 0, 0
550041, 228186353, 0, 0
551001, 187078542, 0, 0
552051, 172507530, 0, 0
553062, 172184808, 0, 0
554024, 197648552, 0, 0
555018, 177402157, 0, 0
556019, 192825811, 0, 0
557005, 211105871, 0, 0
558031, 217778069, 0, 0
559000, 201263727, 0, 0
560026, 187181260, 0, 0
561044, 178115507, 0, 0
562033, 191408654, 0, 0
563040, 175020969, 0, 0
564000, 189312742, 0, 0
565052, 202423784, 0, 0
566050, 179136471, 0, 0
567006, 165081072, 0, 0
568040, 174662091, 0, 0
569008, 179823464, 0, 0
570001, 200029413, 0, 0
571055, 166941566, 0, 0
572056, 212063330, 0, 0
573002, 181158023, 0, 0
574053, 211700198, 0, 0
575044, 223166704, 0, 0
576045, 203769329, 0, 0
577008, 198621307, 0, 0
578052, 183998292, 0, 0
579023, 173260995, 0, 0
580056, 176797618, 0, 0
581034, 177548682, 0, 0
582059, 183516211, 0, 0
583057, 173210065, 0, 0
584062, 175968135, 0, 0
585029, 169799488, 0, 0
586030, 198695597, 0, 0
587050, 180340735, 0, 0
588007, 168268937, 0, 0
589034, 177403811, 0, 0
590001, 206770405, 0, 0
591046, 198347941, 0, 0
592036, 163191645, 0, 0
593043, 183884048, 0, 0
594015, 198763792, 0, 0
595012, 197638306, 0, 0
596025, 172455795, 0, 0
597048, 197831232, 0, 0
598003, 209481703, 0, 0
599008, 204203299, 0, 0
600036, 243620973, 0, 0
601058, 196052910, 0, 0
602044, 219767948, 0, 0
603000, 186352970, 0, 0
604049, 208898227, 0, 0
605058, 190175698, 0, 0
606027, 190746860, 0, 0
607006, 217586716, 0, 0
608021, 192631177, 0, 0
609013, 215504132, 0, 0
610054, 216235900, 0, 0
611026, 221653621, 0, 0
612034, 235448197, 0, 0
613007, 217653955, 0, 0
614011, 191998114, 0, 0
615004, 214133623, 0, 0
616024, 195336120, 0, 0
617066, 195340888, 0, 0
618014, 186154735, 0, 0
619022, 201186456, 0, 0
620053, 204722637, 0, 0
621006, 192929673, 0, 0
622019, 182753213, 0, 0
623042, 189598322, 0, 0
624012, 192174025, 0, 0
625045, 179120339, 0, 0
626029, 186062660, 0, 0
627009, 198361402, 0, 0
628031, 196959508, 0, 0
629048, 172867672, 0, 0
630029, 150781193, 0, 0
631012, 211499740, 0, 0
632015, 179206591, 0, 0
633035, 194484001, 0, 0
634038, 190834969, 0, 0
635005, 198456887, 0, 0
636022, 182569769, 0, 0
637055, 201276387, 0, 0
638017, 183974269, 0, 0
639049, 219196649, 0, 0
640064, 206093183, 0, 0
641030, 181410066, 0, 0
642036, 175713439, 0, 0
643051, 172819900, 0, 0
644050, 190978787, 0, 0
645050, 188547636, 0, 0
646039, 172530537, 0, 0
647012, 209004732, 0, 0
648045, 193509804, 0, 0
649056, 221467898, 0, 0
650019, 205842462, 0, 0
651055, 222869400, 0, 0
652037, 210345148, 0, 0
653055, 184894322, 0, 0
654057, 171943549, 0, 0
655013, 182239965, 0, 0
656051, 191259425, 0, 0
657024, 165511389, 0, 0
658040, 188328331, 0, 0
659001, 173679559, 0, 0
660026, 154124039, 0, 0
661046, 182828126, 0, 0
662002, 162177384, 0, 0
663026, 170208543, 0, 0
664031, 184351327, 0, 0
665047, 178657881, 0, 0
666051, 196046620, 0, 0
667034, 180912318, 0, 0
668006, 180331019, 0, 0
669043, 182616702, 0, 0
670043, 180130693, 0, 0
671040, 161895356, 0, 0
672020, 187244018, 0, 0
673030, 166005236, 0, 0
674028, 190500805, 0, 0
675036, 195488623, 0, 0
676009, 192136305, 0, 0
677028, 204090303, 0, 0
678025, 205035201, 0, 0
679050, 212165498, 0, 0
680007, 191724076, 0, 0
681004, 223630673, 0, 0
682049, 183225591, 0, 0
683012, 202817740, 0, 0
684046, 191968398, 0, 0
685016, 182704576, 0, 0
686017, 211705426, 0, 0
687022, 155613806, 0, 0
688053, 192436648, 0, 0
689002, 161106174, 0, 0
690019, 196434764, 0, 0
691046, 189714147, 0, 0
692040, 198217211, 0, 0
693015, 170290944, 0, 0
694040, 186482136, 0, 0
695051, 181180642, 0, 0
696011, 197048459, 0, 0
697040, 179265029, 0, 0
698016, 176223910, 0, 0
699042, 182190472, 0, 0
700013, 198770051, 0, 0
701015, 152661746, 0, 0
702002, 172018683, 0, 0
703018, 178941472, 0, 0
704049, 177801913, 0, 0
705005, 182289517, 0, 0
706067, 177940261, 0, 0
707000, 201919154, 0, 0
708025, 175230322, 0, 0
709017, 195832617, 0, 0
710030, 174448120, 0, 0
711027, 180426490, 0, 0
712006, 174942352, 0, 0
713011, 186250520, 0, 0
714048, 177990142, 0, 0
715066, 201492308, 0, 0
716056, 207530720, 0, 0
717002, 195267364, 0, 0
718019, 175271632, 0, 0
719033, 197936826, 0, 0
720043, 212621405, 0, 0
721004, 200951987, 0, 0
722046, 188583536, 0, 0
723004, 191421314, 0, 0
724014, 199863576, 0, 0
725065, 188347449, 0, 0
726025, 186615692, 0, 0
727057, 213335946, 0, 0
728001, 188566944, 0, 0
729026, 189787921, 0, 0
730000, 194183417, 0, 0
731000, 181589474, 0, 0
732050, 185291636, 0, 0
733051, 174039617, 0, 0
734000, 165099515, 0, 0
735021, 158758981, 0, 0
736041, 181765675, 0, 0
737007, 174252244, 0, 0
738025, 189279628, 0, 0
739052, 165145509, 0, 0
740017, 210924520, 0, 0
741003, 194842863, 0, 0
742043, 204911512, 0, 0
743041, 191547633, 0, 0
744040, 196147501, 0, 0
745011, 188621479, 0, 0
746049, 186812146, 0, 0
747049, 219998432, 0, 0
748023, 180325867, 0, 0
749007, 181656410, 0, 0
750042, 195007085, 0, 0
751006, 187854108, 0, 0
752051, 198056462, 0, 0
753047, 197547413, 0, 0
754053, 226565708, 0, 0
755015, 211068005, 0, 0
756019, 194866925, 0, 0
757025, 201191367, 0, 0
758051, 196383865, 0, 0
759041, 192037384, 0, 0
760056, 184625407, 0, 0
761040, 181031240, 0, 0
762049, 179305219, 0, 0
763051, 171117244, 0, 0
764000, 145475583, 0, 0
765051, 173114807, 0, 0
766033, 178998912, 0, 0
767004, 160875851, 0, 0
768035, 184441164, 0, 0
769023, 187787018, 0, 0
770054, 166833510, 0, 0
771004, 185130197, 0, 0
772039, 160525757, 0, 0
773054, 195761015, 0, 0
774026, 165128392, 0, 0
775056, 175180305, 0, 0
776050, 196487219, 0, 0
777056, 182765477, 0, 0
778023, 153883677, 0, 0
779041, 165336671, 0, 0
780053, 199240205, 0, 0
781049, 194191171, 0, 0
782045, 202049493, 0, 0
783027, 191795972, 0, 0
784059, 182602887, 0, 0
785050, 162688546, 0, 0
786032, 179353339, 0, 0
787002, 188049084, 0, 0
788000, 190814386, 0, 0
789052, 183283141, 0, 0
790024, 207199339, 0, 0
791013, 175319830, 0, 0
792016, 199874811, 0, 0
793060, 168762273, 0, 0
794014, 176121093, 0, 0
795000, 187172371, 0, 0
796012, 170551326, 0, 0
797026, 203090078, 0, 0
798031, 193475486, 0, 0
799023, 173955618, 0, 0
800024, 192789466, 0, 0
801056, 199540608, 0, 0
802044, 177548903, 0, 0
803022, 170026299, 0, 0
804018, 174389812, 0, 0
805052, 173207388, 0, 0
806008, 176114328, 0, 0
807052, 191333825, 0, 0
808043, 222321611, 0, 0
809051, 202249218, 0, 0
810022, 175271649, 0, 0
811043, 179555374, 0, 0
812010, 194193351, 0, 0
813022, 170823666, 0, 0
814022, 154167270, 0, 0
815008, 207314894, 0, 0
816037, 187697169, 0, 0
817028, 181661169, 0, 0
818018, 185236418, 0, 0
819037, 185599625, 0, 0
820051, 191616653, 0, 0
821012, 176640260, 0, 0
822062, 202860748, 0, 0
823025, 197276512, 0, 0
824043, 184313026, 0, 0
825025, 180615898, 0, 0
826041, 179265275, 0, 0
827049, 163061621, 0, 0
828030, 208067494, 0, 0
829010, 198431554, 0, 0
830057, 186163378, 0, 0
831017, 176775412, 0, 0
832010, 190869062, 0, 0
833043, 197642677, 0, 0
834024, 187438960, 0, 0
835054, 184281220, 0, 0
836027, 174460338, 0, 0
837060, 184421724, 0, 0
838058, 163672136, 0, 0
839025, 165118166, 0, 0
840045, 166030493, 0, 0
841022, 166909717, 0, 0
842048, 154004994, 0, 0
843047, 146853785, 0, 0
844011, 185635798, 0, 0
845019, 156288270, 0, 0
846034, 175108000, 0, 0
847037, 165242557, 0, 0
848048, 167371837, 0, 0
849009, 173728487, 0, 0
850048, 166800361, 0, 0
851045, 179647256, 0, 0
852037, 180030370, 0, 0
853006, 181748682, 0, 0
854027, 173645841, 0, 0
855031, 181384707, 0, 0
856017, 174791212, 0, 0
857006, 177964320, 0, 0
858042, 175336915, 0, 0
859009, 199917670, 0, 0
860021, 173407629, 0, 0
861039, 183245576, 0, 0
862038, 171535017, 0, 0
863012, 195678007, 0, 0
864012, 193756536, 0, 0
865048, 211639984, 0, 0
866043, 187818985, 0, 0
867015, 198505557, 0, 0
868051, 175553636, 0, 0
869044, 200425682, 0, 0
870033, 186453093, 0, 0
871049, 174872388, 0, 0
872061, 185650108, 0, 0
873020, 172687089, 0, 0
874059, 232017427, 0, 0
875033, 194151535, 0, 0
876004, 183403162, 0, 0
877032, 191881787, 0, 0
878007, 191734737, 0, 0
879032, 195251083, 0, 0
880065, 210766630, 0, 0
881005, 233130540, 0, 0
882016, 196269512, 0, 0
883045, 179367092, 0, 0
884009, 187807131, 0, 0
885056, 180372673, 0, 0
886015, 180952551, 0, 0
887047, 186374673, 0, 0
888032, 182701433, 0, 0
889049, 196556958, 0, 0
890035, 170847323, 0, 0
891046, 217676113, 0, 0
892014, 175291910, 0, 0
893028, 165033175, 0, 0
894034, 182658296, 0, 0
895059, 160808746, 0, 0
896024, 186232700, 0, 0
897034, 186892697, 0, 0
898025, 169713998, 0, 0
899054, 163510135, 0, 0
900000, 166816717, 0, 0
901024, 169732001, 0, 0
902007, 173467012, 0, 0
903014, 147592626, 0, 0
904008, 179325668, 0, 0
905065, 198827569, 0, 0
906027, 175833566, 0, 0
907047, 164338298, 0, 0
908023, 161335746, 0, 0
909040, 184006208, 0, 0
910031, 176484189, 0, 0
911015, 170029931, 0, 0
912004, 175401652, 0, 0
913047, 178165200, 0, 0
914022, 181203246, 0, 0
915030, 193788372, 0, 0
916039, 184912738, 0, 0
917007, 180341441, 0, 0
918005, 207701061, 0, 0
919008, 195924316, 0, 0
920009, 207486042, 0, 0
921049, 183937068, 0, 0
922052, 177024215, 0, 0
923004, 220998036, 0, 0
924004, 184054548, 0, 0
925043, 162547274, 0, 0
926003, 173295796, 0, 0
927028, 147135392, 0, 0
928045, 140345856, 0, 0
929007, 157098506, 0, 0
930000, 148670534, 0, 0
931049, 134931860, 0, 0
932027, 97738538, 0, 0
933012, 204884620, 0, 0
934040, 153594231, 0, 0
935000, 139878980, 0, 0
936020, 154432897, 0, 0
937019, 153434157, 0, 0
938053, 168630526, 0, 0
939016, 155014911, 0, 0
940000, 137513003, 0, 0
941022, 151888134, 0, 0
942030, 146294318, 0, 0
943052, 164010723, 0, 0
944045, 139668878, 0, 0
945011, 142671029, 0, 0
946037, 149030438, 0, 0
947013, 138985851, 0, 0
948020, 151285457, 0, 0
949030, 147024577, 0, 0
950023, 140504417, 0, 0
951043, 119395851, 0, 0
952030, 162486081, 0, 0
953033, 158461793, 0, 0
954032, 136992702, 0, 0
955026, 143413147, 0, 0
956035, 154257133, 0, 0
957033, 144247156, 0, 0
958051, 145630892, 0, 0
959008, 147443899, 0, 0
960002, 169239049, 0, 0
961029, 135101065, 0, 0
962000, 136275258, 0, 0
963054, 146735453, 0, 0
964012, 149955331, 0, 0
965005, 140380898, 0, 0
966047, 158339913, 0, 0
967028, 137652734, 0, 0
968057, 165109341, 0, 0
969060, 168222838, 0, 0
970044, 148834201, 0, 0
971007, 157783953, 0, 0
972028, 149290209, 0, 0
973005, 156911431, 0, 0
974053, 142628061, 0, 0
975025, 168558236, 0, 0
976043, 145398229, 0, 0
977044, 149551741, 0, 0
978039, 147793664, 0, 0
979039, 169759292, 0, 0
980060, 132059992, 0, 0
981051, 125443067, 0, 0
982008, 146067127, 0, 0
983032, 128453019, 0, 0
984000, 136133183, 0, 0
985031, 159324946, 0, 0
986042, 130065067, 0, 0
987047, 129209973, 0, 0
988025, 140832360, 0, 0
989048, 140254343, 0, 0
990038, 140849560, 0, 0
991028, 123338369, 0, 0
992000, 135988990, 0, 0
993006, 127115532, 0, 0
994009, 144185653, 0, 0
995018, 146171715, 0, 0
996049, 141981887, 0, 0
997041, 144984810, 0, 0
998032, 148765479, 0, 0
999017, 145576135, 0, 0
1000046, 137959743, 0, 0
1001035, 144130458, 0, 0
1002008, 138344495, 0, 0
1003034, 143597997, 0, 0
1004047, 124561042, 0, 0
1005021, 143558949, 0, 0
1006028, 117179273, 0, 0
1007039, 138858901, 0, 0
1008035, 129915097, 0, 0
1009051, 119932852, 0, 0
1010024, 128944454, 0, 0
1011027, 134082639, 0, 0
1012046, 142019951, 0, 0
1013037, 120802057, 0, 0
1014030, 129847416, 0, 0
1015031, 150706592, 0, 0
1016067, 119338028, 0, 0
1017020, 145046933, 0, 0
1018032, 122229628, 0, 0
1019044, 108049120, 0, 0
1020004, 103151885, 0, 0
1021033, 128189567, 0, 0
1022002, 123795546, 0, 0
1023012, 121519296, 0, 0
1024029, 128646726, 0, 0
1025025, 134517801, 0, 0
1026001, 133699713, 0, 0
1027033, 121124493, 0, 0
1028051, 133195414, 0, 0
1029045, 151924342, 0, 0
1030042, 125416929, 0, 0
1031026, 126357258, 0, 0
1032018, 106385249, 0, 0
1033055, 134938454, 0, 0
1034014, 137772650, 0, 0
1035005, 126084552, 0, 0
1036056, 135136096, 0, 0
1037036, 111195252, 0, 0
1038030, 142101817, 0, 0
1039009, 125526260, 0, 0
1040033, 123733534, 0, 0
1041016, 123001270, 0, 0
1042010, 120499905, 0, 0
1043034, 124692909, 0, 0
1044048, 129409588, 0, 0
1045064, 116388514, 0, 0
1046026, 121541689, 0, 0
1047007, 122745148, 0, 0
1048026, 115825969, 0, 0
1049019, 120828721, 0, 0
1050035, 109757063, 0, 0
1051040, 118334552, 0, 0
1052045, 114807138, 0, 0
1053049, 121357463, 0, 0
1054000, 124625479, 0, 0
1055001, 109671743, 0, 0
1056040, 109853509, 0, 0
1057010, 123476981, 0, 0
1058046, 127343469, 0, 0
1059000, 96793732, 0, 0
1060042, 120214147, 0, 0
1061026, 120297493, 0, 0
1062000, 107834446, 0, 0
1063000, 127689857, 0, 0
1064040, 104858419, 0, 0
1065024, 109309161, 0, 0
1066003, 118653023, 0, 0
1067030, 104053738, 0, 0
1068022, 104161051, 0, 0
1069024, 124426258, 0, 0
1070011, 121513757, 0, 0
1071057, 101195257, 0, 0
1072041, 106760695, 0, 0
1073009, 113747890, 0, 0
1074022, 116562062, 0, 0
1075021, 103545428, 0, 0
1076034, 107579935, 0, 0
1077002, 119800181, 0, 0
1078050, 121281678, 0, 0
1079000, 100200973, 0, 0
1080020, 108770455, 0, 0
1081038, 105122080, 0, 0
1082024, 118998950, 0, 0
1083051, 123458130, 0, 0
1084052, 116025516, 0, 0
1085007, 112813408, 0, 0
1086009, 108660215, 0, 0
1087008, 105119879, 0, 0
1088028, 108345915, 0, 0
1089012, 124092377, 0, 0
1090051, 94667404, 0, 0
1091014, 92158101, 0, 0
1092029, 108499980, 0, 0
1093020, 112189180, 0, 0
1094040, 113279881, 0, 0
1095020, 109583134, 0, 0
1096001, 128506164, 0, 0
1097012, 125707478, 0, 0
1098041, 112641878, 0, 0
1099023, 103202070, 0, 0
1100059, 105605668, 0, 0
1101022, 99476701, 0, 0
1102045, 104709118, 0, 0
1103044, 113370714, 0, 0
1104048, 103968447, 0, 0
1105006, 107324533, 0, 0
1106056, 108838767, 0, 0
1107041, 89739439, 0, 0
1108037, 109700514, 0, 0
1109059, 94823370, 0, 0
1110064, 102353262, 0, 0
1111003, 111293047, 0, 0
1112024, 102255713, 0, 0
1113061, 103829350, 0, 0
1114025, 100417004, 0, 0
1115011, 97366152, 0, 0
1116021, 98446938, 0, 0
1117039, 100556843, 0, 0
1118018, 111082513, 0, 0
1119029, 119382986, 0, 0
1120033, 119726262, 0, 0
1121025, 102917682, 0, 0
1122047, 103983501, 0, 0
1123012, 95603645, 0, 0
1124041, 105049118, 0, 0
1125002, 104238194, 0, 0
1126001, 91616193, 0, 0
1127036, 120730838, 0, 0
1128018, 86011382, 0, 0
1129034, 111072496, 0, 0
1130036, 115969776, 0, 0
1131038, 103068093, 0, 0
1132064, 106622106, 0, 0
1133044, 112315572, 0, 0
1134044, 104480435, 0, 0
1135048, 108353443, 0, 0
1136024, 101896462, 0, 0
1137027, 104253556, 0, 0
1138026, 125725198, 0, 0
1139048, 102613615, 0, 0
1140045, 99764785, 0, 0
1141053, 101854278, 0, 0
1142063, 112096339, 0, 0
1143045, 115129494, 0, 0
1144005, 106770921, 0, 0
1145002, 95752184, 0, 0
1146041, 97097844, 0, 0
1147047, 112992396, 0, 0
1148008, 106176379, 0, 0
1149036, 114845021, 0, 0
1150005, 118018683, 0, 0
1151047, 100245391, 0, 0
1152005, 103060100, 0, 0
1153031, 106234419, 0, 0
1154011, 106434957, 0, 0
1155000, 118400458, 0, 0
1156038, 115207373, 0, 0
1157022, 105072565, 0, 0
1158050, 107047665, 0, 0
1159000, 106264300, 0, 0
1160032, 104422482, 0, 0
1161061, 122839410, 0, 0
1162007, 118062770, 0, 0
1163040, 112004869, 0, 0
1164054, 123096713, 0, 0
1165042, 108484646, 0, 0
1166026, 122014927, 0, 0
1167027, 115253523, 0, 0
1168002, 111294230, 0, 0
1169060, 130915652, 0, 0
1170008, 131289902, 0, 0
1171067, 116235825, 0, 0
1172020, 116907156, 0, 0
1173026, 102210501, 0, 0
1174030, 135907495, 0, 0
1175039, 131009125, 0, 0
1176031, 115400668, 0, 0
1177023, 117486760, 0, 0
1178061, 134348675, 0, 0
1179008, 119255941, 0, 0
1180016, 123352598, 0, 0
1181045, 133173651, 0, 0
1182003, 120251148, 0, 0
1183042, 109236281, 0, 0
1184052, 162223495, 0, 0
1185030, 120960769, 0, 0
1186051, 117740874, 0, 0
1187047, 122540766, 0, 0
1188047, 113204694, 0, 0
1189048, 133374988, 0, 0
1190027, 121271802, 0, 0
1191017, 98318082, 0, 0
1192035, 123102143, 0, 0
1193011, 133448089, 0, 0
1194058, 124442931, 0, 0
1195033, 124468851, 0, 0
1196062, 111877561, 0, 0
1197045, 130430189, 0, 0
1198054, 103222673, 0, 0
1199015, 153916255, 0, 0
1200021, 147560655, 0, 0
1200158, 308353521, 0, 0
