1043, 643409917, 0, 0
2016, 171047799, 0, 0
3007, 299045254, 0, 0
4027, 263373182, 0, 0
5053, 294737073, 0, 0
6000, 292239034, 0, 0
7036, 114412217, 0, 0
8046, 130231840, 0, 0
9049, 302783234, 0, 0
10038, 361593084, 0, 0
11045, 148926893, 0, 0
12006, 299139773, 0, 0
13037, 163031875, 0, 0
14106, 89030188, 0, 0
15050, 184771066, 0, 0
16048, 183115679, 0, 0
17004, 78331366, 0, 0
18042, 81989409, 0, 0
19066, 119203205, 0, 0
20052, 155068442, 0, 0
21011, 134369087, 0, 0
22016, 339786512, 0, 0
23019, 70408800, 0, 0
24020, 131590743, 0, 0
25035, 236624351, 0, 0
26049, 67933854, 0, 0
27024, 175269230, 0, 0
28038, 184081850, 0, 0
29002, 236447492, 0, 0
30025, 279272946, 0, 0
31030, 217752804, 0, 0
32001, 242584026, 0, 0
33000, 301154204, 0, 0
34009, 115903300, 0, 0
35015, 233644079, 0, 0
36044, 125117234, 0, 0
37046, 150673778, 0, 0
38005, 319185805, 0, 0
39045, 190402972, 0, 0
40002, 73525876, 0, 0
41009, 130032666, 0, 0
42035, 281565171, 0, 0
43027, 231596719, 0, 0
44056, 177506430, 0, 0
45048, 137345108, 0, 0
46030, 123295792, 0, 0
47020, 42439935, 0, 0
48050, 187180833, 0, 0
49045, 111657823, 0, 0
50010, 75111079, 0, 0
51054, 316793047, 0, 0
52045, 174600428, 0, 0
53008, 141713936, 0, 0
54050, 190585419, 0, 0
55046, 103276005, 0, 0
56033, 136202699, 0, 0
57009, 238956805, 0, 0
58030, 148616027, 0, 0
59024, 201283248, 0, 0
60028, 233992163, 0, 0
61050, 250186454, 0, 0
62023, 235216394, 0, 0
63015, 232483668, 0, 0
64038, 186919848, 0, 0
65036, 177374674, 0, 0
66038, 86888053, 0, 0
67015, 169042182, 0, 0
68027, 144756790, 0, 0
69009, 152058330, 0, 0
70040, 237329757, 0, 0
71038, 395060046, 0, 0
72071, 88095440, 0, 0
73035, 91565851, 0, 0
74030, 121385598, 0, 0
75005, 80389727, 0, 0
76027, 145308936, 0, 0
77011, 350249943, 0, 0
78040, 389833953, 0, 0
79027, 260224812, 0, 0
80027, 134386670, 0, 0
81017, 127891617, 0, 0
82038, 104420893, 0, 0
83053, 79304686, 0, 0
84025, 281492262, 0, 0
85053, 261590284, 0, 0
86049, 217806073, 0, 0
87004, 66632350, 0, 0
88034, 154424161, 0, 0
89056, 319043638, 0, 0
90031, 81423124, 0, 0
91006, 237826732, 0, 0
92034, 137128702, 0, 0
93000, 204369899, 0, 0
94001, 89062400, 0, 0
95046, 126351825, 0, 0
96010, 342983157, 0, 0
97046, 86141900, 0, 0
98029, 366808220, 0, 0
99037, 136064525, 0, 0
100037, 139358052, 0, 0
101015, 284973042, 0, 0
102023, 269774869, 0, 0
103016, 213071939, 0, 0
104060, 223837510, 0, 0
105042, 105725630, 0, 0
106012, 166963250, 0, 0
107031, 252631173, 0, 0
108007, 126609205, 0, 0
109058, 180934320, 0, 0
110002, 256915255, 0, 0
111030, 153775175, 0, 0
112035, 131531679, 0, 0
113019, 236268113, 0, 0
114023, 264212169, 0, 0
115027, 150014665, 0, 0
116010, 173805794, 0, 0
117025, 182741129, 0, 0
118052, 223455513, 0, 0
119030, 206648187, 0, 0
120049, 124950343, 0, 0
121046, 267684597, 0, 0
122059, 236071908, 0, 0
123056, 269807264, 0, 0
124049, 102720111, 0, 0
125000, 210279319, 0, 0
126027, 154517234, 0, 0
127027, 298033240, 0, 0
128031, 292351697, 0, 0
129002, 146531858, 0, 0
130046, 255305811, 0, 0
131022, 180249496, 0, 0
132035, 151952681, 0, 0
133005, 261103804, 0, 0
134037, 175031981, 0, 0
135045, 162359056, 0, 0
136003, 176795197, 0, 0
137016, 159124582, 0, 0
138025, 153262449, 0, 0
139056, 215097487, 0, 0
140042, 227351272, 0, 0
141043, 201216094, 0, 0
142018, 249214422, 0, 0
143028, 113466402, 0, 0
144017, 190776046, 0, 0
145033, 231655356, 0, 0
146004, 254969475, 0, 0
147041, 262199174, 0, 0
148058, 154541724, 0, 0
149013, 160299236, 0, 0
150019, 209028989, 0, 0
151007, 262845540, 0, 0
152015, 270036272, 0, 0
153056, 271422087, 0, 0
154049, 173679802, 0, 0
155052, 151165417, 0, 0
156049, 257929061, 0, 0
157018, 190401721, 0, 0
158032, 171780553, 0, 0
159060, 208597288, 0, 0
160001, 253398551, 0, 0
161053, 121045223, 0, 0
162023, 193566492, 0, 0
163060, 175738921, 0, 0
164018, 225491161, 0, 0
165046, 258029140, 0, 0
166030, 340976528, 0, 0
167044, 275579931, 0, 0
168061, 238126295, 0, 0
169024, 283133982, 0, 0
170046, 316726551, 0, 0
171036, 340794695, 0, 0
172045, 305152602, 0, 0
173044, 220074710, 0, 0
174034, 290783543, 0, 0
175027, 296896901, 0, 0
176001, 223320494, 0, 0
177013, 254858780, 0, 0
178043, 257306016, 0, 0
179010, 235181083, 0, 0
180048, 206698292, 0, 0
181023, 189573166, 0, 0
182012, 241344426, 0, 0
183013, 187335365, 0, 0
184007, 214029966, 0, 0
185023, 206912086, 0, 0
186004, 192559738, 0, 0
187050, 194398623, 0, 0
188002, 223825907, 0, 0
189043, 224172081, 0, 0
190040, 156492634, 0, 0
191034, 143964604, 0, 0
192017, 209015371, 0, 0
193049, 240166198, 0, 0
194009, 280650853, 0, 0
195012, 305685167, 0, 0
196047, 315473712, 0, 0
197039, 266439946, 0, 0
198023, 254245131, 0, 0
199007, 252298589, 0, 0
200015, 202019916, 0, 0
201057, 193279085, 0, 0
202045, 209732906, 0, 0
203050, 187273931, 0, 0
204042, 251803483, 0, 0
205012, 237560749, 0, 0
206026, 261922321, 0, 0
207027, 209811639, 0, 0
208001, 224685633, 0, 0
209050, 234931026, 0, 0
210006, 218038076, 0, 0
211052, 155843222, 0, 0
212005, 189728762, 0, 0
213008, 298394816, 0, 0
214021, 300830562, 0, 0
215025, 224621595, 0, 0
216038, 202797453, 0, 0
217011, 206689993, 0, 0
218043, 167256989, 0, 0
219029, 185823276, 0, 0
220031, 209835380, 0, 0
221050, 242748054, 0, 0
222013, 266844267, 0, 0
223066, 282504169, 0, 0
224014, 248313920, 0, 0
225029, 246922499, 0, 0
226060, 266804556, 0, 0
227051, 213501182, 0, 0
228019, 213811890, 0, 0
229060, 187520853, 0, 0
230036, 188277696, 0, 0
231050, 202467987, 0, 0
232005, 230038871, 0, 0
233015, 242977579, 0, 0
234045, 280036869, 0, 0
235059, 296177398, 0, 0
236015, 260362903, 0, 0
237013, 274646930, 0, 0
238015, 244916214, 0, 0
239016, 247044236, 0, 0
240057, 236723765, 0, 0
241020, 204256457, 0, 0
242029, 173043566, 0, 0
243034, 195617807, 0, 0
244020, 253802758, 0, 0
245038, 252376339, 0, 0
246022, 265899782, 0, 0
247000, 254266438, 0, 0
248017, 205866354, 0, 0
249044, 197118961, 0, 0
250033, 232144901, 0, 0
251006, 248264494, 0, 0
252009, 217329860, 0, 0
253059, 249154410, 0, 0
254022, 181489683, 0, 0
255007, 148498091, 0, 0
256009, 231051169, 0, 0
257034, 222466827, 0, 0
258004, 223736467, 0, 0
259045, 289107847, 0, 0
260000, 281007852, 0, 0
261035, 237422271, 0, 0
262014, 228358652, 0, 0
263061, 228440175, 0, 0
264008, 210358180, 0, 0
265003, 214066040, 0, 0
266026, 226679517, 0, 0
267007, 279241369, 0, 0
268048, 223003594, 0, 0
269002, 184634219, 0, 0
270018, 203506527, 0, 0
271051, 193002923, 0, 0
272036, 208060955, 0, 0
273052, 227346884, 0, 0
274036, 211607293, 0, 0
275006, 230461606, 0, 0
276008, 268658130, 0, 0
277018, 198680842, 0, 0
278036, 196607529, 0, 0
279054, 232252023, 0, 0
280060, 262251563, 0, 0
281038, 264304554, 0, 0
282005, 281052161, 0, 0
283045, 238072978, 0, 0
284022, 261384028, 0, 0
285039, 211230435, 0, 0
286025, 207248628, 0, 0
287040, 215079883, 0, 0
288005, 213577563, 0, 0
289013, 236252465, 0, 0
290049, 245728092, 0, 0
291011, 293763673, 0, 0
292040, 248643942, 0, 0
293026, 185970082, 0, 0
294064, 212080326, 0, 0
295018, 186473091, 0, 0
296057, 154852747, 0, 0
297000, 202911482, 0, 0
298019, 222748807, 0, 0
299044, 204518107, 0, 0
300045, 208469236, 0, 0
301004, 180047495, 0, 0
302029, 142467447, 0, 0
303039, 155044528, 0, 0
304016, 199570001, 0, 0
305021, 186691148, 0, 0
306006, 210829133, 0, 0
307022, 231179774, 0, 0
308047, 230606156, 0, 0
309002, 198172792, 0, 0
310050, 216154082, 0, 0
311043, 212618494, 0, 0
312057, 219341421, 0, 0
313037, 214451034, 0, 0
314002, 223150151, 0, 0
315026, 217516692, 0, 0
316016, 225605948, 0, 0
317016, 207221284, 0, 0
318005, 197215198, 0, 0
319010, 226466507, 0, 0
320007, 244782531, 0, 0
321036, 222734838, 0, 0
322037, 204045925, 0, 0
323033, 232308668, 0, 0
324027, 249037904, 0, 0
325041, 249875808, 0, 0
326011, 261753033, 0, 0
327031, 207125707, 0, 0
328014, 216701799, 0, 0
329043, 255034822, 0, 0
330012, 260044007, 0, 0
331015, 246812570, 0, 0
332031, 208967364, 0, 0
333002, 189171525, 0, 0
334035, 184738203, 0, 0
335010, 166793332, 0, 0
336024, 203771612, 0, 0
337000, 198712552, 0, 0
338020, 166081194, 0, 0
339030, 199767040, 0, 0
340042, 187790228, 0, 0
341041, 202327593, 0, 0
342001, 163933449, 0, 0
343045, 192449832, 0, 0
344062, 163749850, 0, 0
345011, 148359581, 0, 0
346039, 235472224, 0, 0
347012, 223919938, 0, 0
348046, 231343724, 0, 0
349063, 174453619, 0, 0
350056, 174182843, 0, 0
351041, 212131895, 0, 0
352012, 179282736, 0, 0
353023, 201211994, 0, 0
354031, 229993805, 0, 0
355046, 222286902, 0, 0
356061, 213417441, 0, 0
357030, 233562428, 0, 0
358039, 184711855, 0, 0
359053, 184470846, 0, 0
360008, 206021444, 0, 0
361027, 183621340, 0, 0
362026, 226169010, 0, 0
363047, 170143540, 0, 0
364029, 226275491, 0, 0
365013, 197417538, 0, 0
366061, 186818882, 0, 0
367018, 222835469, 0, 0
368039, 234533702, 0, 0
369012, 177369167, 0, 0
370017, 172258445, 0, 0
371021, 221369814, 0, 0
372051, 215709536, 0, 0
373033, 165499742, 0, 0
374045, 198155699, 0, 0
375045, 209586688, 0, 0
376005, 219833387, 0, 0
377016, 181489139, 0, 0
378045, 201963342, 0, 0
379051, 211473208, 0, 0
380037, 251140422, 0, 0
381014, 235062208, 0, 0
382044, 215275722, 0, 0
383048, 217342311, 0, 0
384010, 210593413, 0, 0
385040, 199639207, 0, 0
386046, 192028198, 0, 0
387015, 160739033, 0, 0
388053, 172411218, 0, 0
389052, 214286224, 0, 0
390104, 203328815, 0, 0
391014, 240504911, 0, 0
392035, 207640116, 0, 0
393015, 248512793, 0, 0
394025, 230336950, 0, 0
395053, 191963949, 0, 0
396029, 165882019, 0, 0
397048, 224281728, 0, 0
398042, 248133543, 0, 0
399040, 209579631, 0, 0
400042, 235545349, 0, 0
401051, 266976376, 0, 0
402058, 211990868, 0, 0
403011, 183296579, 0, 0
404056, 171516809, 0, 0
405015, 201953084, 0, 0
406058, 207863444, 0, 0
407015, 223487356, 0, 0
408006, 199687054, 0, 0
409047, 226661300, 0, 0
410007, 167932393, 0, 0
411043, 164817640, 0, 0
412005, 169346403, 0, 0
413002, 206787931, 0, 0
414020, 211129295, 0, 0
415015, 186300035, 0, 0
416026, 156168252, 0, 0
417020, 181029697, 0, 0
418051, 190994274, 0, 0
419047, 183313819, 0, 0
420035, 172574866, 0, 0
421007, 154970539, 0, 0
422014, 204017997, 0, 0
423056, 189954994, 0, 0
424022, 196632969, 0, 0
425066, 222161761, 0, 0
426001, 188500737, 0, 0
427016, 153643728, 0, 0
428057, 187300323, 0, 0
429030, 167968816, 0, 0
430048, 177524697, 0, 0
431002, 206841302, 0, 0
432022, 229368779, 0, 0
433003, 211768029, 0, 0
434024, 188494930, 0, 0
435045, 205955442, 0, 0
436054, 194423963, 0, 0
437023, 175996865, 0, 0
438041, 174493624, 0, 0
439001, 186325395, 0, 0
440045, 153405272, 0, 0
441039, 171349464, 0, 0
442048, 184488320, 0, 0
443034, 151535766, 0, 0
444057, 169597733, 0, 0
445055, 181263745, 0, 0
446015, 183929588, 0, 0
447003, 167344808, 0, 0
448037, 195246933, 0, 0
449022, 210818361, 0, 0
450047, 212229992, 0, 0
451011, 247752228, 0, 0
452037, 227323816, 0, 0
453001, 213163501, 0, 0
454049, 203774263, 0, 0
455015, 190699302, 0, 0
456036, 182693161, 0, 0
457007, 168229170, 0, 0
458031, 157465233, 0, 0
459011, 160821249, 0, 0
460015, 188609578, 0, 0
461009, 212308811, 0, 0
462007, 202251614, 0, 0
463004, 184309967, 0, 0
464038, 183739293, 0, 0
465056, 172172994, 0, 0
466022, 227134902, 0, 0
467069, 211242250, 0, 0
468011, 232755842, 0, 0
469051, 235014418, 0, 0
470057, 211034381, 0, 0
471035, 212938603, 0, 0
472004, 212101005, 0, 0
473030, 192681440, 0, 0
474028, 230732816, 0, 0
475048, 190269217, 0, 0
476049, 201013646, 0, 0
477022, 218928005, 0, 0
478025, 191058207, 0, 0
479023, 206863386, 0, 0
480038, 143426202, 0, 0
481038, 186466298, 0, 0
482031, 181102322, 0, 0
483038, 172345826, 0, 0
484039, 169619220, 0, 0
485030, 201774065, 0, 0
486038, 202629657, 0, 0
487022, 196916667, 0, 0
488047, 216540596, 0, 0
489033, 196820785, 0, 0
490006, 212466763, 0, 0
491032, 188984306, 0, 0
492013, 236799840, 0, 0
493039, 234827233, 0, 0
494054, 172223638, 0, 0
495016, 150118112, 0, 0
496051, 167706324, 0, 0
497011, 183002715, 0, 0
498019, 217007417, 0, 0
499022, 228230704, 0, 0
500008, 194043682, 0, 0
501000, 183441560, 0, 0
502028, 195077656, 0, 0
503011, 195743471, 0, 0
504009, 209005144, 0, 0
505000, 268040786, 0, 0
506002, 226290274, 0, 0
507065, 197052944, 0, 0
508008, 204882383, 0, 0
509042, 270703836, 0, 0
510007, 229689599, 0, 0
511014, 179465504, 0, 0
512005, 187061525, 0, 0
513024, 227644263, 0, 0
514020, 201164664, 0, 0
515030, 198972946, 0, 0
516010, 153382730, 0, 0
517029, 139420710, 0, 0
518051, 216444999, 0, 0
519015, 218844775, 0, 0
520013, 236272207, 0, 0
521017, 215538795, 0, 0
522055, 166352434, 0, 0
523043, 185695463, 0, 0
524037, 192215796, 0, 0
525035, 193041474, 0, 0
526023, 181658350, 0, 0
527000, 183754126, 0, 0
528009, 179831541, 0, 0
529037, 164404906, 0, 0
530027, 153503639, 0, 0
531005, 190306586, 0, 0
532035, 209023282, 0, 0
533020, 215743192, 0, 0
534017, 180154663, 0, 0
535048, 162273305, 0, 0
536052, 203146696, 0, 0
537049, 185420914, 0, 0
538010, 203934735, 0, 0
539003, 188388289, 0, 0
540038, 210967615, 0, 0
541054, 168316695, 0, 0
542018, 205508756, 0, 0
543025, 215686478, 0, 0
544011, 243732852, 0, 0
545021, 175299728, 0, 0
546034, 204028349, 0, 0
547060, 216695185, 0, 0
548012, 188794864, 0, 0
549043, 199227747, 0, 0
550048, 159773082, 0, 0
551004, 174755305, 0, 0
552053, 181585861, 0, 0
553007, 192169125, 0, 0
554020, 176668956, 0, 0
555053, 189457494, 0, 0
556048, 163039984, 0, 0
557019, 202843399, 0, 0
558071, 182399008, 0, 0
559017, 168893264, 0, 0
560006, 212975296, 0, 0
561029, 186260127, 0, 0
562032, 182928752, 0, 0
563047, 205619858, 0, 0
564038, 191618931, 0, 0
565019, 225246627, 0, 0
566029, 202763439, 0, 0
567055, 180884360, 0, 0
568008, 188171927, 0, 0
569011, 180764281, 0, 0
570035, 196452831, 0, 0
571053, 149245381, 0, 0
572051, 192589533, 0, 0
573040, 208107842, 0, 0
574055, 209031948, 0, 0
575009, 211990389, 0, 0
576037, 215924988, 0, 0
577021, 209335275, 0, 0
578022, 216807900, 0, 0
579037, 213189157, 0, 0
580053, 227577484, 0, 0
581038, 221446439, 0, 0
582050, 190229848, 0, 0
583045, 158590467, 0, 0
584008, 157833812, 0, 0
585013, 193909426, 0, 0
586024, 210422850, 0, 0
587050, 203321232, 0, 0
588040, 191373935, 0, 0
589031, 177450200, 0, 0
590004, 225138410, 0, 0
591003, 230454613, 0, 0
592050, 222376101, 0, 0
593027, 200478879, 0, 0
594002, 182458823, 0, 0
595021, 178266256, 0, 0
596003, 211636750, 0, 0
597046, 237235383, 0, 0
598050, 215933095, 0, 0
599039, 209924183, 0, 0
600033, 170744423, 0, 0
601031, 178245935, 0, 0
602000, 187524429, 0, 0
603047, 162311754, 0, 0
604018, 203745626, 0, 0
605029, 215808908, 0, 0
606041, 199407763, 0, 0
607022, 189558184, 0, 0
608012, 205008959, 0, 0
609051, 200098050, 0, 0
610014, 168249175, 0, 0
611040, 201176489, 0, 0
612054, 194382225, 0, 0
613045, 161217304, 0, 0
614050, 108790080, 0, 0
615042, 175510781, 0, 0
616038, 160576913, 0, 0
617009, 206471188, 0, 0
618020, 208577372, 0, 0
619048, 210773214, 0, 0
620044, 209741476, 0, 0
621008, 230163895, 0, 0
622008, 198691024, 0, 0
623006, 178327355, 0, 0
624019, 179077256, 0, 0
625056, 177864358, 0, 0
626050, 172126965, 0, 0
627048, 197016666, 0, 0
628022, 212082842, 0, 0
629024, 225710512, 0, 0
630059, 200737937, 0, 0
631043, 172307932, 0, 0
632058, 154741495, 0, 0
633027, 167339452, 0, 0
634047, 148423975, 0, 0
635027, 198407326, 0, 0
636040, 163806227, 0, 0
637055, 219536628, 0, 0
638003, 229141544, 0, 0
639045, 177507258, 0, 0
640042, 208496197, 0, 0
641016, 157655074, 0, 0
642017, 200858728, 0, 0
643049, 206260726, 0, 0
644047, 216790882, 0, 0
645010, 206508256, 0, 0
646053, 203034595, 0, 0
647018, 209171939, 0, 0
648001, 211574210, 0, 0
649054, 232318278, 0, 0
650008, 218699669, 0, 0
651015, 217473979, 0, 0
652025, 203581534, 0, 0
653041, 199940925, 0, 0
654024, 184283101, 0, 0
655043, 214457410, 0, 0
656024, 207940357, 0, 0
657003, 191062527, 0, 0
658035, 204424036, 0, 0
659017, 200945120, 0, 0
660029, 179736641, 0, 0
661010, 213246037, 0, 0
662042, 173133513, 0, 0
663037, 159257690, 0, 0
664047, 222100963, 0, 0
665012, 177340181, 0, 0
666029, 193904300, 0, 0
667037, 191663446, 0, 0
668023, 172455247, 0, 0
669049, 197021332, 0, 0
670055, 184829719, 0, 0
671057, 188055845, 0, 0
672064, 197851723, 0, 0
673047, 195878543, 0, 0
674040, 205287426, 0, 0
675042, 183528862, 0, 0
676047, 205271129, 0, 0
677047, 220193095, 0, 0
678019, 183650659, 0, 0
679036, 192445459, 0, 0
680037, 247142960, 0, 0
681039, 209748923, 0, 0
682030, 224771403, 0, 0
683029, 228842657, 0, 0
684029, 207033118, 0, 0
685010, 231827717, 0, 0
686045, 215110365, 0, 0
687023, 228445111, 0, 0
688021, 189784267, 0, 0
689028, 181717865, 0, 0
690031, 154624888, 0, 0
691058, 166187914, 0, 0
692011, 161224530, 0, 0
693012, 195602495, 0, 0
694052, 177170571, 0, 0
695032, 230254175, 0, 0
696019, 161762987, 0, 0
697037, 178376816, 0, 0
698021, 153320222, 0, 0
699033, 171167246, 0, 0
700009, 235822698, 0, 0
701050, 201510335, 0, 0
702008, 173317012, 0, 0
703039, 182207628, 0, 0
704033, 188198819, 0, 0
705045, 191186047, 0, 0
706000, 199694826, 0, 0
707059, 169214538, 0, 0
708051, 207741763, 0, 0
709037, 191222135, 0, 0
710049, 186715923, 0, 0
711010, 178173371, 0, 0
712033, 167820440, 0, 0
713041, 176581022, 0, 0
714050, 154231422, 0, 0
715031, 166759342, 0, 0
716061, 196563080, 0, 0
717052, 190776268, 0, 0
718009, 187650080, 0, 0
719021, 194803296, 0, 0
720044, 221475214, 0, 0
721018, 206743498, 0, 0
722016, 199811564, 0, 0
723034, 217429163, 0, 0
724000, 204882829, 0, 0
725000, 202064260, 0, 0
726034, 216001829, 0, 0
727055, 184626766, 0, 0
728027, 191634648, 0, 0
729042, 180022617, 0, 0
730000, 215196447, 0, 0
731006, 195667496, 0, 0
732012, 209410430, 0, 0
733049, 201784826, 0, 0
734020, 171357107, 0, 0
735012, 182108844, 0, 0
736023, 178128490, 0, 0
737004, 187509941, 0, 0
738052, 180972636, 0, 0
739008, 180350571, 0, 0
740006, 160671614, 0, 0
741023, 177791194, 0, 0
742017, 196698978, 0, 0
743012, 195919311, 0, 0
744045, 190163978, 0, 0
745010, 151623961, 0, 0
746057, 193806471, 0, 0
747050, 173875961, 0, 0
748001, 174672739, 0, 0
749007, 193232125, 0, 0
750026, 164377149, 0, 0
751059, 167494584, 0, 0
752048, 154969502, 0, 0
753021, 164561924, 0, 0
754005, 173779436, 0, 0
755044, 170460562, 0, 0
756027, 186534736, 0, 0
757038, 186730266, 0, 0
758039, 177912098, 0, 0
759068, 163690181, 0, 0
760046, 195610186, 0, 0
761023, 180093778, 0, 0
762034, 189744534, 0, 0
763011, 159366275, 0, 0
764037, 183447118, 0, 0
765008, 159312112, 0, 0
766045, 208692242, 0, 0
767012, 169901098, 0, 0
768024, 181036593, 0, 0
769039, 173583219, 0, 0
770041, 150564986, 0, 0
771059, 150387382, 0, 0
772011, 153413003, 0, 0
773043, 147230792, 0, 0
774032, 160165999, 0, 0
775062, 172448515, 0, 0
776009, 183367877, 0, 0
777009, 184045388, 0, 0
778040, 179272292, 0, 0
779000, 193975236, 0, 0
780020, 200332616, 0, 0
781057, 184395284, 0, 0
782049, 169266035, 0, 0
783003, 163752262, 0, 0
784000, 189418475, 0, 0
785024, 188592476, 0, 0
786002, 216048205, 0, 0
787031, 216116814, 0, 0
788008, 183387862, 0, 0
789057, 182702225, 0, 0
790002, 175277668, 0, 0
791025, 159506943, 0, 0
792002, 189286077, 0, 0
793002, 206235697, 0, 0
794039, 189754457, 0, 0
795008, 198832480, 0, 0
796012, 230411372, 0, 0
797036, 200347716, 0, 0
798023, 186607229, 0, 0
799049, 170802913, 0, 0
800040, 168537864, 0, 0
801030, 169707069, 0, 0
802034, 157929597, 0, 0
803017, 174639500, 0, 0
804040, 199872673, 0, 0
805009, 204507929, 0, 0
806025, 169095303, 0, 0
807024, 185482749, 0, 0
808038, 199547923, 0, 0
809033, 195512543, 0, 0
810051, 172145311, 0, 0
811017, 176851271, 0, 0
812005, 201794728, 0, 0
813010, 153745860, 0, 0
814026, 160983782, 0, 0
815025, 167663921, 0, 0
816000, 186216066, 0, 0
817011, 182129198, 0, 0
818021, 172374961, 0, 0
819049, 194664226, 0, 0
820053, 212647956, 0, 0
821007, 179529936, 0, 0
822023, 178975623, 0, 0
823032, 199436464, 0, 0
824045, 165593721, 0, 0
825002, 176227981, 0, 0
826007, 176077328, 0, 0
827013, 207209893, 0, 0
828001, 201610652, 0, 0
829025, 192774629, 0, 0
830006, 202213740, 0, 0
831025, 208788089, 0, 0
832046, 214231677, 0, 0
833025, 179949571, 0, 0
834000, 171807139, 0, 0
835008, 184406046, 0, 0
836004, 182978130, 0, 0
837043, 187870958, 0, 0
838033, 203602146, 0, 0
839031, 165795420, 0, 0
840051, 186570852, 0, 0
841021, 181448533, 0, 0
842061, 173535901, 0, 0
843029, 179115317, 0, 0
844054, 170534237, 0, 0
845012, 200681161, 0, 0
846002, 173721727, 0, 0
847005, 174614922, 0, 0
848005, 190053487, 0, 0
849085, 174826804, 0, 0
850039, 178965598, 0, 0
851006, 165921087, 0, 0
852037, 161656912, 0, 0
853009, 197436138, 0, 0
854025, 171992192, 0, 0
855053, 182357707, 0, 0
856048, 196148783, 0, 0
857021, 180082137, 0, 0
858050, 188768267, 0, 0
859012, 174368128, 0, 0
860006, 168798627, 0, 0
861046, 186129569, 0, 0
862015, 172556975, 0, 0
863030, 173424612, 0, 0
864013, 177595332, 0, 0
865001, 162706365, 0, 0
866017, 196242980, 0, 0
867016, 157816142, 0, 0
868013, 150792327, 0, 0
869016, 159421431, 0, 0
870033, 194783482, 0, 0
871044, 163669635, 0, 0
872025, 169691448, 0, 0
873049, 162712108, 0, 0
874017, 186849060, 0, 0
875010, 172415649, 0, 0
876034, 201461352, 0, 0
877019, 177719506, 0, 0
878032, 188354026, 0, 0
879047, 169397101, 0, 0
880050, 194551101, 0, 0
881001, 205773145, 0, 0
882042, 187754060, 0, 0
883051, 220819229, 0, 0
884016, 197042288, 0, 0
885009, 192713627, 0, 0
886013, 209758803, 0, 0
887055, 170888574, 0, 0
888031, 216202654, 0, 0
889031, 162881646, 0, 0
890024, 146389578, 0, 0
891046, 169091658, 0, 0
892048, 161477055, 0, 0
893011, 206242687, 0, 0
894001, 182670067, 0, 0
895036, 186218033, 0, 0
896024, 125975664, 0, 0
897037, 133901284, 0, 0
898035, 155065644, 0, 0
899042, 138109067, 0, 0
900027, 164886352, 0, 0
901033, 146118876, 0, 0
902030, 147689543, 0, 0
903004, 149527852, 0, 0
904050, 135259691, 0, 0
905029, 145308228, 0, 0
906039, 175465943, 0, 0
907050, 128868909, 0, 0
908007, 136297939, 0, 0
909004, 143331592, 0, 0
910059, 138410693, 0, 0
911001, 157736097, 0, 0
912031, 126133785, 0, 0
913052, 145700355, 0, 0
914009, 152302604, 0, 0
915057, 139829811, 0, 0
916022, 146693128, 0, 0
917021, 127096270, 0, 0
918029, 131758024, 0, 0
919015, 139691495, 0, 0
920054, 130201010, 0, 0
921023, 154993369, 0, 0
922051, 137199605, 0, 0
923043, 115476940, 0, 0
924038, 154376348, 0, 0
925042, 152065308, 0, 0
926046, 127107214, 0, 0
927009, 156613497, 0, 0
928047, 150211102, 0, 0
929036, 123453586, 0, 0
930007, 147435680, 0, 0
931006, 134475996, 0, 0
932007, 109688267, 0, 0
933001, 130600397, 0, 0
934012, 132410059, 0, 0
935029, 123084426, 0, 0
936052, 141804864, 0, 0
937009, 137008088, 0, 0
938041, 144501092, 0, 0
939000, 141293194, 0, 0
940025, 138805160, 0, 0
941006, 128862926, 0, 0
942044, 130888744, 0, 0
943008, 125065525, 0, 0
944014, 120436866, 0, 0
945041, 117413740, 0, 0
946023, 131790878, 0, 0
947045, 142184166, 0, 0
948037, 129463783, 0, 0
949000, 123210730, 0, 0
950044, 143430519, 0, 0
951032, 123227680, 0, 0
952000, 120721910, 0, 0
953033, 148718268, 0, 0
954046, 127256556, 0, 0
955030, 118369958, 0, 0
956001, 115255618, 0, 0
957033, 131373259, 0, 0
958002, 117646695, 0, 0
959027, 132430204, 0, 0
960018, 117905909, 0, 0
961005, 122735079, 0, 0
962033, 117143832, 0, 0
963007, 134227986, 0, 0
964036, 152283369, 0, 0
965001, 124001334, 0, 0
966102, 148259403, 0, 0
967006, 130507599, 0, 0
968052, 116431731, 0, 0
969000, 117751842, 0, 0
970017, 120195318, 0, 0
971000, 118461728, 0, 0
972035, 121820487, 0, 0
973006, 135199609, 0, 0
974030, 106725067, 0, 0
975041, 135481504, 0, 0
976047, 117054795, 0, 0
977056, 110982320, 0, 0
978038, 116731486, 0, 0
979046, 123159680, 0, 0
980012, 116644609, 0, 0
981032, 113447662, 0, 0
982029, 112928556, 0, 0
983022, 108221701, 0, 0
984043, 114113477, 0, 0
985001, 110457670, 0, 0
986003, 120730511, 0, 0
987063, 112593557, 0, 0
988018, 100475557, 0, 0
989034, 106880571, 0, 0
990009, 115577512, 0, 0
991034, 109334299, 0, 0
992020, 119677863, 0, 0
993048, 105405760, 0, 0
994010, 132773464, 0, 0
995021, 113632951, 0, 0
996002, 93404935, 0, 0
997005, 117542497, 0, 0
998016, 109240260, 0, 0
999030, 115260101, 0, 0
1000048, 91226816, 0, 0
1001003, 122122385, 0, 0
1002064, 111225146, 0, 0
1003031, 101281994, 0, 0
1004006, 98822178, 0, 0
1005016, 102415609, 0, 0
1006008, 100805185, 0, 0
1007003, 109902319, 0, 0
1008049, 101139103, 0, 0
1009017, 117889578, 0, 0
1010008, 100330563, 0, 0
1011006, 121553797, 0, 0
1012001, 103213609, 0, 0
1013050, 114119842, 0, 0
1014044, 102607349, 0, 0
1015009, 88545343, 0, 0
1016067, 96554185, 0, 0
1017043, 87122635, 0, 0
1018027, 111597453, 0, 0
1019014, 95671768, 0, 0
1020055, 96515727, 0, 0
1021017, 103211825, 0, 0
1022037, 92364421, 0, 0
1023044, 101974605, 0, 0
1024011, 106437016, 0, 0
1025050, 95064067, 0, 0
1026014, 94738221, 0, 0
1027010, 92870462, 0, 0
1028019, 96514774, 0, 0
1029038, 100325885, 0, 0
1030014, 106122385, 0, 0
1031045, 86493629, 0, 0
1032000, 77821433, 0, 0
1033046, 95783080, 0, 0
1034057, 85294846, 0, 0
1035034, 106176700, 0, 0
1036028, 93535732, 0, 0
1037022, 89625181, 0, 0
1038039, 83393929, 0, 0
1039006, 86893380, 0, 0
1040051, 91027138, 0, 0
1041047, 103252576, 0, 0
1042021, 106583390, 0, 0
1043005, 91947537, 0, 0
1044005, 101145025, 0, 0
1045020, 84540869, 0, 0
1046028, 87103503, 0, 0
1047001, 86738487, 0, 0
1048033, 88713841, 0, 0
1049022, 90031783, 0, 0
1050049, 93962137, 0, 0
1051010, 90227625, 0, 0
1052037, 88054988, 0, 0
1053048, 96670162, 0, 0
1054043, 74105051, 0, 0
1055018, 85069890, 0, 0
1056022, 73588930, 0, 0
1057045, 75073988, 0, 0
1058012, 85081516, 0, 0
1059013, 85357556, 0, 0
1060050, 68387289, 0, 0
1061021, 91807863, 0, 0
1062052, 90202421, 0, 0
1063045, 71798971, 0, 0
1064011, 83703125, 0, 0
1065000, 62685335, 0, 0
1066053, 76694109, 0, 0
1067000, 103592182, 0, 0
1068045, 86698746, 0, 0
1069015, 88471269, 0, 0
1070034, 86592344, 0, 0
1071042, 75184700, 0, 0
1072046, 76299232, 0, 0
1073001, 70521761, 0, 0
1074049, 70298115, 0, 0
1075032, 74979153, 0, 0
1076020, 76981320, 0, 0
1077023, 70321508, 0, 0
1078040, 74903162, 0, 0
1079021, 85437310, 0, 0
1080030, 79852694, 0, 0
1081048, 71555415, 0, 0
1082012, 74521332, 0, 0
1083026, 70178591, 0, 0
1084012, 74172664, 0, 0
1085008, 79738980, 0, 0
1086026, 81455896, 0, 0
1087050, 75282810, 0, 0
1088000, 76528892, 0, 0
1089023, 64542869, 0, 0
1090018, 60059071, 0, 0
1091003, 79434889, 0, 0
1092058, 62210829, 0, 0
1093016, 80881494, 0, 0
1094000, 70271407, 0, 0
1095000, 69352195, 0, 0
1096052, 64288014, 0, 0
1097028, 73102467, 0, 0
1098004, 68519366, 0, 0
1099007, 60703786, 0, 0
1100009, 80011770, 0, 0
1101038, 57943041, 0, 0
1102003, 61639548, 0, 0
1103040, 62707088, 0, 0
1104027, 72233786, 0, 0
1105008, 68744342, 0, 0
1106037, 57700350, 0, 0
1107015, 58805145, 0, 0
1108057, 52245511, 0, 0
1109025, 53954926, 0, 0
1110038, 60312813, 0, 0
1111044, 57791607, 0, 0
1112053, 64783328, 0, 0
1113036, 58856790, 0, 0
1114028, 64168524, 0, 0
1115037, 55692404, 0, 0
1116009, 58048217, 0, 0
1117038, 63062598, 0, 0
1118011, 52236503, 0, 0
1119039, 61331816, 0, 0
1120054, 56596706, 0, 0
1121030, 57635668, 0, 0
1122035, 50006205, 0, 0
1123025, 58239318, 0, 0
1124027, 43489775, 0, 0
1125005, 62785066, 0, 0
1126055, 60120534, 0, 0
1127021, 59728976, 0, 0
1128049, 52795322, 0, 0
1129044, 49575707, 0, 0
1130053, 55713781, 0, 0
1131046, 53324854, 0, 0
1132058, 61096897, 0, 0
1133014, 54101939, 0, 0
1134015, 51447882, 0, 0
1135047, 49717648, 0, 0
1136043, 49630264, 0, 0
1137040, 45042024, 0, 0
1138029, 54689481, 0, 0
1139033, 38878099, 0, 0
1140002, 53663649, 0, 0
1141022, 39641216, 0, 0
1142012, 67136161, 0, 0
1143014, 52248540, 0, 0
1144022, 47724258, 0, 0
1145039, 49540068, 0, 0
1146007, 47123119, 0, 0
1147021, 44590359, 0, 0
1148002, 45181122, 0, 0
1149000, 58287933, 0, 0
1150015, 37765758, 0, 0
1151061, 41427204, 0, 0
1152007, 36892942, 0, 0
1153034, 46002429, 0, 0
1154061, 38276920, 0, 0
1155015, 51406832, 0, 0
1156014, 40235977, 0, 0
1157008, 45542321, 0, 0
1158051, 39799681, 0, 0
1159013, 36808155, 0, 0
1160009, 40210099, 0, 0
1161014, 44174913, 0, 0
1162053, 30070804, 0, 0
1163030, 45610853, 0, 0
1164004, 44157409, 0, 0
1165019, 34561231, 0, 0
1166011, 40971933, 0, 0
1167027, 31036144, 0, 0
1168002, 37617787, 0, 0
1169048, 43489229, 0, 0
1170011, 30245221, 0, 0
1171023, 32246665, 0, 0
1172003, 25511657, 0, 0
1173034, 26934339, 0, 0
1174013, 30339786, 0, 0
1175037, 35252009, 0, 0
1176029, 30166076, 0, 0
1177017, 34729354, 0, 0
1178008, 33117171, 0, 0
1179056, 26991322, 0, 0
1180008, 35344235, 0, 0
1181044, 32320047, 0, 0
1182042, 30877171, 0, 0
1183002, 25820233, 0, 0
1184046, 27453114, 0, 0
1185069, 28463946, 0, 0
1186052, 29932080, 0, 0
1187041, 29033849, 0, 0
1188034, 24227894, 0, 0
1189011, 26623119, 0, 0
1190029, 28461079, 0, 0
1191051, 29124019, 0, 0
1192010, 25760045, 0, 0
1193025, 24227644, 0, 0
1194013, 24776735, 0, 0
1195049, 24058301, 0, 0
1196000, 25446515, 0, 0
1197027, 19921038, 0, 0
1198011, 24325637, 0, 0
1199037, 20818837, 0, 0
1200034, 24339638, 0, 0
1200126, 186669644, 0, 0
