1023, 2204940, 0, 0
2051, 2998744, 0, 0
3014, 2769283, 0, 0
4023, 1515031, 0, 0
5035, 3676909, 0, 0
6013, 1865732, 0, 0
7054, 2713088, 0, 0
8049, 4416848, 0, 0
9005, 1337890, 0, 0
10054, 2083221, 0, 0
11015, 1182414, 0, 0
12023, 1481850, 0, 0
13057, 2216765, 0, 0
14023, 669206, 0, 0
15027, 1149804, 0, 0
16042, 926356, 0, 0
17020, 1441046, 0, 0
18021, 1221026, 0, 0
19045, 1716249, 0, 0
20038, 2210929, 0, 0
21033, 1730947, 0, 0
22012, 1302006, 0, 0
23004, 2634076, 0, 0
24008, 3211151, 0, 0
25035, 1999324, 0, 0
26041, 1811662, 0, 0
27004, 2212225, 0, 0
28045, 1479122, 0, 0
29026, 3588097, 0, 0
30017, 3264116, 0, 0
31055, 1192091, 0, 0
32054, 2529208, 0, 0
33038, 2185829, 0, 0
34057, 2104669, 0, 0
35004, 2617680, 0, 0
36010, 3427251, 0, 0
37000, 3291623, 0, 0
38018, 4327622, 0, 0
39018, 4141123, 0, 0
40040, 3001576, 0, 0
41020, 2039582, 0, 0
42056, 2281558, 0, 0
43012, 2040231, 0, 0
44046, 527694, 0, 0
45031, 1695125, 0, 0
46011, 3215577, 0, 0
47041, 2930673, 0, 0
48053, 1753214, 0, 0
49014, 1503087, 0, 0
50031, 1823293, 0, 0
51001, 1466692, 0, 0
52042, 1999239, 0, 0
53029, 1445972, 0, 0
54022, 1210722, 0, 0
55033, 1442186, 0, 0
56035, 2150567, 0, 0
57050, 2126659, 0, 0
58038, 1153966, 0, 0
59040, 1872420, 0, 0
60023, 2548705, 0, 0
61017, 2709305, 0, 0
62039, 3260460, 0, 0
63001, 4615928, 0, 0
64003, 4680548, 0, 0
65038, 5324404, 0, 0
66026, 5115487, 0, 0
67002, 3690139, 0, 0
68027, 2312652, 0, 0
69053, 2353454, 0, 0
70056, 3627903, 0, 0
71006, 3747295, 0, 0
72042, 2678034, 0, 0
73007, 1818988, 0, 0
74038, 2888470, 0, 0
75018, 3409610, 0, 0
76025, 4121286, 0, 0
77016, 4247432, 0, 0
78054, 2711250, 0, 0
79021, 1105277, 0, 0
80054, 2099375, 0, 0
81000, 2398929, 0, 0
82025, 1064520, 0, 0
83007, 2023132, 0, 0
84045, 1036651, 0, 0
85028, 1659503, 0, 0
86056, 3136978, 0, 0
87029, 2726251, 0, 0
88006, 2819972, 0, 0
89036, 2459085, 0, 0
90003, 2619649, 0, 0
91009, 2540572, 0, 0
92007, 1568218, 0, 0
93030, 2632776, 0, 0
94034, 3539039, 0, 0
95017, 3420880, 0, 0
96016, 3257241, 0, 0
97003, 2059921, 0, 0
98025, 2141350, 0, 0
99017, 3561947, 0, 0
100032, 2971561, 0, 0
101030, 2495308, 0, 0
102026, 2823339, 0, 0
103054, 3385939, 0, 0
104035, 3586629, 0, 0
105045, 3405026, 0, 0
106009, 3036202, 0, 0
107036, 2877842, 0, 0
108003, 3957932, 0, 0
109022, 3344103, 0, 0
110008, 3541944, 0, 0
111058, 2863933, 0, 0
112017, 1584725, 0, 0
113043, 1594008, 0, 0
114067, 2535668, 0, 0
115022, 3104832, 0, 0
116002, 3417564, 0, 0
117011, 3228732, 0, 0
118039, 3268529, 0, 0
119006, 2846444, 0, 0
120020, 1892207, 0, 0
121022, 1987290, 0, 0
122020, 2445639, 0, 0
123000, 3304514, 0, 0
124001, 3421409, 0, 0
125033, 3210575, 0, 0
126010, 3261586, 0, 0
127006, 3721609, 0, 0
128048, 3958368, 0, 0
129048, 3752465, 0, 0
130031, 4006917, 0, 0
131013, 3244698, 0, 0
132057, 3580192, 0, 0
133038, 3188660, 0, 0
134029, 2818934, 0, 0
135015, 2929098, 0, 0
136018, 3707366, 0, 0
137009, 2503177, 0, 0
138048, 2399081, 0, 0
139054, 2175556, 0, 0
140051, 2380573, 0, 0
141047, 3078057, 0, 0
142020, 2966470, 0, 0
143048, 3260312, 0, 0
144004, 3243210, 0, 0
145007, 3070290, 0, 0
146044, 3739433, 0, 0
147025, 4203417, 0, 0
148008, 3940078, 0, 0
149007, 3929511, 0, 0
150049, 3810872, 0, 0
151005, 3615347, 0, 0
152027, 3236151, 0, 0
153036, 3427310, 0, 0
154028, 3267283, 0, 0
155025, 3454921, 0, 0
156050, 3590227, 0, 0
157017, 4471285, 0, 0
158005, 3735026, 0, 0
159013, 3134677, 0, 0
160031, 2797604, 0, 0
161041, 2694075, 0, 0
162043, 2809066, 0, 0
163039, 4043139, 0, 0
164065, 3807811, 0, 0
165021, 4612473, 0, 0
166021, 4074056, 0, 0
167023, 3910262, 0, 0
168042, 3054164, 0, 0
169045, 3450603, 0, 0
170039, 3082209, 0, 0
171026, 2766323, 0, 0
172021, 3151911, 0, 0
173023, 4151914, 0, 0
174040, 3428910, 0, 0
175000, 2983505, 0, 0
176025, 3399962, 0, 0
177031, 2528602, 0, 0
178012, 2624467, 0, 0
179042, 2001307, 0, 0
180009, 2308813, 0, 0
181034, 2777441, 0, 0
182015, 2967559, 0, 0
183051, 2809621, 0, 0
184042, 2891268, 0, 0
185024, 3513305, 0, 0
186041, 3039132, 0, 0
187038, 2780499, 0, 0
188021, 2874219, 0, 0
189054, 2906103, 0, 0
190007, 2596362, 0, 0
191047, 2907276, 0, 0
192049, 3425021, 0, 0
193032, 3038883, 0, 0
194021, 3258284, 0, 0
195041, 3700462, 0, 0
196056, 3660547, 0, 0
197028, 3320774, 0, 0
198000, 3791243, 0, 0
199025, 3982540, 0, 0
200057, 4010473, 0, 0
201039, 3754890, 0, 0
202020, 3522123, 0, 0
203038, 3657464, 0, 0
204022, 3584012, 0, 0
205034, 2691257, 0, 0
206058, 2703891, 0, 0
207027, 2763286, 0, 0
208027, 2143415, 0, 0
209009, 2493069, 0, 0
210021, 2365450, 0, 0
211014, 2318352, 0, 0
212055, 2328264, 0, 0
213039, 2618410, 0, 0
214001, 3137136, 0, 0
215054, 3109625, 0, 0
216013, 3149592, 0, 0
217018, 3287443, 0, 0
218047, 3355419, 0, 0
219108, 3953764, 0, 0
220039, 3106996, 0, 0
221010, 3716355, 0, 0
222024, 3372029, 0, 0
223027, 2926308, 0, 0
224027, 3015088, 0, 0
225007, 3547350, 0, 0
226033, 3655359, 0, 0
227015, 3405176, 0, 0
228004, 3404113, 0, 0
229001, 3395490, 0, 0
230038, 3403793, 0, 0
231058, 4467237, 0, 0
232027, 3721340, 0, 0
233046, 3726132, 0, 0
234008, 4215550, 0, 0
235065, 3286062, 0, 0
236029, 2839395, 0, 0
237029, 2762101, 0, 0
238010, 2820724, 0, 0
239016, 3337023, 0, 0
240024, 3319657, 0, 0
241062, 3812103, 0, 0
242011, 3882415, 0, 0
243041, 4015920, 0, 0
244000, 3709874, 0, 0
245013, 3654059, 0, 0
246025, 3870381, 0, 0
247011, 3382069, 0, 0
248040, 3709161, 0, 0
249019, 3100977, 0, 0
250052, 3304961, 0, 0
251003, 3708099, 0, 0
252028, 3503056, 0, 0
253052, 3015468, 0, 0
254025, 2944357, 0, 0
255004, 2735626, 0, 0
256009, 2948752, 0, 0
257050, 3019850, 0, 0
258012, 3180832, 0, 0
259056, 3371183, 0, 0
260039, 3106214, 0, 0
261034, 3298243, 0, 0
262029, 2948323, 0, 0
263023, 2856769, 0, 0
264042, 3198534, 0, 0
265006, 2565525, 0, 0
266061, 3384150, 0, 0
267028, 3104139, 0, 0
268001, 3383254, 0, 0
269018, 3182144, 0, 0
270038, 3211608, 0, 0
271016, 3389059, 0, 0
272023, 3057313, 0, 0
273037, 3514380, 0, 0
274016, 3181543, 0, 0
275042, 4063996, 0, 0
276032, 3098889, 0, 0
277051, 2443050, 0, 0
278032, 2790137, 0, 0
279021, 3122408, 0, 0
280008, 3284268, 0, 0
281030, 3250160, 0, 0
282027, 3179101, 0, 0
283009, 3079422, 0, 0
284026, 2506374, 0, 0
285050, 2398741, 0, 0
286055, 2583706, 0, 0
287026, 2944568, 0, 0
288051, 3008085, 0, 0
289003, 2784903, 0, 0
290004, 2915039, 0, 0
291038, 2980265, 0, 0
292051, 2747713, 0, 0
293004, 2838398, 0, 0
294047, 3212922, 0, 0
295051, 3180906, 0, 0
296024, 2864168, 0, 0
297003, 2626626, 0, 0
298039, 2955229, 0, 0
299005, 2768808, 0, 0
300006, 3052788, 0, 0
301024, 3334348, 0, 0
302010, 3213916, 0, 0
303057, 3129742, 0, 0
304057, 2926938, 0, 0
305045, 2988306, 0, 0
306014, 2598409, 0, 0
307025, 2915014, 0, 0
308021, 3489697, 0, 0
309042, 3048985, 0, 0
310052, 3305609, 0, 0
311018, 3203646, 0, 0
312029, 2765265, 0, 0
313043, 3113704, 0, 0
314056, 2191834, 0, 0
315031, 2852054, 0, 0
316005, 2459122, 0, 0
317025, 2884735, 0, 0
318039, 2619903, 0, 0
319012, 2951759, 0, 0
320042, 2869904, 0, 0
321014, 3212853, 0, 0
322014, 2741696, 0, 0
323037, 2545640, 0, 0
324050, 2412501, 0, 0
325012, 2240015, 0, 0
326009, 2597431, 0, 0
327010, 3133557, 0, 0
328021, 2585248, 0, 0
329018, 2739366, 0, 0
330042, 2770856, 0, 0
331045, 3031777, 0, 0
332031, 2936587, 0, 0
333026, 3367642, 0, 0
334042, 3381844, 0, 0
335024, 2667761, 0, 0
336050, 3075131, 0, 0
337022, 3256879, 0, 0
338048, 3683066, 0, 0
339006, 2684977, 0, 0
340023, 3135087, 0, 0
341053, 2862850, 0, 0
342015, 2614880, 0, 0
343036, 2546901, 0, 0
344059, 2350350, 0, 0
345031, 2686389, 0, 0
346056, 2424237, 0, 0
347024, 2831122, 0, 0
348046, 2842353, 0, 0
349015, 2975174, 0, 0
350058, 3212807, 0, 0
351002, 3375846, 0, 0
352065, 3284415, 0, 0
353013, 3358486, 0, 0
354034, 2781359, 0, 0
355018, 3041418, 0, 0
356013, 2904396, 0, 0
357026, 3403880, 0, 0
358037, 3276482, 0, 0
359040, 3126578, 0, 0
360002, 3233223, 0, 0
361050, 3086490, 0, 0
362015, 2814362, 0, 0
363039, 2697662, 0, 0
364035, 2993932, 0, 0
365021, 2708299, 0, 0
366002, 2705707, 0, 0
367004, 2517237, 0, 0
368017, 2998998, 0, 0
369051, 2745000, 0, 0
370024, 2181036, 0, 0
371040, 2399678, 0, 0
372052, 2464132, 0, 0
373005, 3232479, 0, 0
374000, 3132282, 0, 0
375013, 3242703, 0, 0
376010, 2604058, 0, 0
377015, 2576810, 0, 0
378045, 2661092, 0, 0
379054, 2621790, 0, 0
380016, 3243795, 0, 0
381015, 2932999, 0, 0
382026, 2977436, 0, 0
383049, 2610095, 0, 0
384015, 2396997, 0, 0
385011, 2501676, 0, 0
386021, 2273924, 0, 0
387018, 2494330, 0, 0
388060, 1779827, 0, 0
389007, 2380968, 0, 0
390050, 2280555, 0, 0
391044, 2310900, 0, 0
392012, 2652170, 0, 0
393023, 2934011, 0, 0
394016, 2744691, 0, 0
395037, 3086287, 0, 0
396048, 2734195, 0, 0
397017, 2914288, 0, 0
398041, 2986491, 0, 0
399039, 3056343, 0, 0
400007, 3105619, 0, 0
401006, 3104845, 0, 0
402012, 2813872, 0, 0
403038, 2447557, 0, 0
404030, 2750347, 0, 0
405047, 2634862, 0, 0
406013, 2094024, 0, 0
407016, 2228863, 0, 0
408047, 2609272, 0, 0
409052, 2800430, 0, 0
410001, 3291122, 0, 0
411008, 3251385, 0, 0
412027, 3046679, 0, 0
413052, 3309376, 0, 0
414036, 3352525, 0, 0
415059, 3450014, 0, 0
416036, 3020683, 0, 0
417018, 2576761, 0, 0
418060, 3113414, 0, 0
419048, 2834058, 0, 0
420032, 2749487, 0, 0
421003, 2850138, 0, 0
422037, 2301895, 0, 0
423032, 2240412, 0, 0
424036, 2056018, 0, 0
425023, 2571095, 0, 0
426012, 2868785, 0, 0
427020, 3202436, 0, 0
428049, 3171106, 0, 0
429010, 2449989, 0, 0
430012, 2815600, 0, 0
431054, 2810836, 0, 0
432042, 2535081, 0, 0
433040, 2207612, 0, 0
434041, 2829760, 0, 0
435010, 2877075, 0, 0
436054, 2877711, 0, 0
437027, 3257551, 0, 0
438054, 2776760, 0, 0
439049, 3143412, 0, 0
440054, 3267791, 0, 0
441024, 3546895, 0, 0
442048, 2996047, 0, 0
443030, 3281234, 0, 0
444046, 2571577, 0, 0
445031, 2968876, 0, 0
446020, 2226295, 0, 0
447000, 2487576, 0, 0
448042, 1986694, 0, 0
449013, 2571273, 0, 0
450058, 2435044, 0, 0
451034, 3302484, 0, 0
452040, 2850519, 0, 0
453006, 3192031, 0, 0
454023, 3048681, 0, 0
455055, 3075674, 0, 0
456039, 3166281, 0, 0
457047, 3235237, 0, 0
458039, 3413294, 0, 0
459043, 2745445, 0, 0
460050, 3386428, 0, 0
461033, 3045067, 0, 0
462028, 2820270, 0, 0
463006, 2596892, 0, 0
464033, 2414157, 0, 0
465046, 2740003, 0, 0
466034, 1931091, 0, 0
467002, 2137390, 0, 0
468011, 2528437, 0, 0
469025, 2825404, 0, 0
470005, 3791880, 0, 0
471004, 2529405, 0, 0
472020, 2592935, 0, 0
473006, 2602233, 0, 0
474035, 2440294, 0, 0
475038, 2748386, 0, 0
476055, 2437498, 0, 0
477027, 2771066, 0, 0
478039, 2139610, 0, 0
479038, 2294870, 0, 0
480008, 3153660, 0, 0
481029, 2753538, 0, 0
482027, 2134396, 0, 0
483047, 2651571, 0, 0
484014, 3184314, 0, 0
485028, 3386803, 0, 0
486041, 2894378, 0, 0
487047, 2324396, 0, 0
488010, 2520315, 0, 0
489050, 2730165, 0, 0
490012, 2431450, 0, 0
491019, 2385852, 0, 0
492048, 3240573, 0, 0
493026, 3422542, 0, 0
494006, 3105710, 0, 0
495053, 2593348, 0, 0
496037, 2240598, 0, 0
497041, 3179504, 0, 0
498018, 2886443, 0, 0
499020, 2680233, 0, 0
500007, 2750502, 0, 0
501027, 2866342, 0, 0
502020, 3137673, 0, 0
503028, 3105129, 0, 0
504011, 2874677, 0, 0
505005, 2909931, 0, 0
506058, 2944163, 0, 0
507047, 3056504, 0, 0
508032, 2691019, 0, 0
509053, 2288425, 0, 0
510035, 2475390, 0, 0
511022, 1359337, 0, 0
512043, 2384043, 0, 0
513010, 2758080, 0, 0
514011, 2928713, 0, 0
515015, 2549014, 0, 0
516042, 3015296, 0, 0
517030, 2745684, 0, 0
518012, 2648394, 0, 0
519053, 2152393, 0, 0
520048, 2314711, 0, 0
521022, 3076114, 0, 0
522002, 2599411, 0, 0
523058, 2710737, 0, 0
524038, 2714177, 0, 0
525000, 2636740, 0, 0
526005, 2546056, 0, 0
527035, 3173200, 0, 0
528049, 2923237, 0, 0
529043, 2731846, 0, 0
530039, 2907208, 0, 0
531009, 2449124, 0, 0
532025, 2009183, 0, 0
533000, 3290119, 0, 0
534034, 3373823, 0, 0
535054, 3260097, 0, 0
536001, 3002021, 0, 0
537012, 2864450, 0, 0
538033, 3237308, 0, 0
539033, 2850423, 0, 0
540019, 2403772, 0, 0
541021, 2825450, 0, 0
542048, 3070278, 0, 0
543037, 3266190, 0, 0
544011, 3352452, 0, 0
545043, 2926968, 0, 0
546023, 2917629, 0, 0
547037, 2410322, 0, 0
548031, 3362145, 0, 0
549007, 3083445, 0, 0
550050, 3231315, 0, 0
551013, 3162392, 0, 0
552010, 3375836, 0, 0
553057, 3009985, 0, 0
554033, 2864183, 0, 0
555014, 3264191, 0, 0
556017, 3823473, 0, 0
557040, 2859359, 0, 0
558017, 2816041, 0, 0
559046, 2739924, 0, 0
560069, 2705811, 0, 0
561045, 3006883, 0, 0
562023, 3223366, 0, 0
563010, 3241197, 0, 0
564047, 2904821, 0, 0
565003, 3088591, 0, 0
566043, 2753517, 0, 0
567025, 2782741, 0, 0
568026, 2879253, 0, 0
569027, 3212993, 0, 0
570049, 3089887, 0, 0
571024, 2992981, 0, 0
572012, 2835188, 0, 0
573041, 3130936, 0, 0
574046, 2905715, 0, 0
575042, 3325292, 0, 0
576049, 3564102, 0, 0
577028, 2971151, 0, 0
578000, 3160401, 0, 0
579007, 2736856, 0, 0
580028, 2769174, 0, 0
581021, 3335188, 0, 0
582009, 2953309, 0, 0
583023, 3276084, 0, 0
584002, 2957684, 0, 0
585040, 3199484, 0, 0
586036, 2508724, 0, 0
587050, 2857234, 0, 0
588020, 3363821, 0, 0
589044, 3163951, 0, 0
590023, 2498167, 0, 0
591000, 2576528, 0, 0
592023, 3050010, 0, 0
593060, 2713828, 0, 0
594051, 2510280, 0, 0
595055, 2812723, 0, 0
596034, 2859016, 0, 0
597002, 3242067, 0, 0
598052, 3148012, 0, 0
599025, 3359355, 0, 0
600025, 2770994, 0, 0
601004, 3014779, 0, 0
602052, 2635105, 0, 0
603040, 3053695, 0, 0
604004, 3153529, 0, 0
605036, 3279887, 0, 0
606007, 2909929, 0, 0
607044, 3417526, 0, 0
608032, 2783911, 0, 0
609049, 2456175, 0, 0
610042, 2636224, 0, 0
611011, 2723127, 0, 0
612008, 2327336, 0, 0
613041, 2537965, 0, 0
614017, 3043849, 0, 0
615042, 2949900, 0, 0
616023, 3352288, 0, 0
617037, 3152581, 0, 0
618042, 3300096, 0, 0
619050, 2824585, 0, 0
620030, 3125808, 0, 0
621035, 2951835, 0, 0
622061, 2757796, 0, 0
623001, 2860867, 0, 0
624022, 2798732, 0, 0
625034, 2432276, 0, 0
626055, 2385377, 0, 0
627004, 3034822, 0, 0
628009, 3104821, 0, 0
629050, 3299657, 0, 0
630026, 2986313, 0, 0
631042, 2619579, 0, 0
632010, 2825863, 0, 0
633030, 2487232, 0, 0
634007, 2876782, 0, 0
635011, 2945588, 0, 0
636037, 3645749, 0, 0
637068, 3167263, 0, 0
638016, 2229143, 0, 0
639007, 2496690, 0, 0
640046, 3171765, 0, 0
641001, 2653687, 0, 0
642040, 2928542, 0, 0
643000, 2667884, 0, 0
644056, 3003700, 0, 0
645009, 2468526, 0, 0
646028, 2794155, 0, 0
647030, 3011099, 0, 0
648047, 2986021, 0, 0
649023, 2837632, 0, 0
650033, 2999797, 0, 0
651035, 3271007, 0, 0
652027, 2989758, 0, 0
653043, 2888993, 0, 0
654007, 2762687, 0, 0
655057, 2952228, 0, 0
656024, 2671605, 0, 0
657037, 2598858, 0, 0
658009, 3003872, 0, 0
659017, 2097923, 0, 0
660044, 2696955, 0, 0
661025, 2764005, 0, 0
662056, 2604670, 0, 0
663008, 2986521, 0, 0
664061, 3285088, 0, 0
665041, 3086395, 0, 0
666037, 3096687, 0, 0
667049, 3345228, 0, 0
668016, 3410017, 0, 0
669021, 2843170, 0, 0
670045, 2612352, 0, 0
671052, 2936565, 0, 0
672025, 3326976, 0, 0
673056, 3452273, 0, 0
674058, 2908911, 0, 0
675033, 2418806, 0, 0
676058, 2833406, 0, 0
677007, 3125225, 0, 0
678042, 3063476, 0, 0
679013, 2911999, 0, 0
680041, 2779827, 0, 0
681022, 2922148, 0, 0
682023, 3026534, 0, 0
683043, 2765204, 0, 0
684020, 2929905, 0, 0
685034, 2976630, 0, 0
686053, 3257457, 0, 0
687052, 2659541, 0, 0
688022, 2696155, 0, 0
689056, 2558651, 0, 0
690043, 2677080, 0, 0
691043, 2943692, 0, 0
692002, 2917726, 0, 0
693017, 2274171, 0, 0
694022, 2659825, 0, 0
695052, 2555167, 0, 0
696055, 2678136, 0, 0
697025, 2695671, 0, 0
698039, 2319733, 0, 0
699001, 2672837, 0, 0
700007, 2727815, 0, 0
701050, 2753029, 0, 0
702054, 2913607, 0, 0
703037, 2792860, 0, 0
704057, 2692032, 0, 0
705015, 3218765, 0, 0
706007, 3074237, 0, 0
707008, 3047871, 0, 0
708054, 2615890, 0, 0
709024, 2847544, 0, 0
710031, 2953981, 0, 0
711069, 3093843, 0, 0
712045, 3300800, 0, 0
713016, 3000860, 0, 0
714059, 2702619, 0, 0
715057, 2720980, 0, 0
716026, 2876833, 0, 0
717051, 2330185, 0, 0
718013, 2361905, 0, 0
719033, 3057531, 0, 0
720021, 2464037, 0, 0
721022, 2791682, 0, 0
722056, 2502235, 0, 0
723032, 2782237, 0, 0
724060, 2514313, 0, 0
725046, 2621583, 0, 0
726002, 2348719, 0, 0
727038, 2721976, 0, 0
728001, 2939150, 0, 0
729011, 2686983, 0, 0
730030, 2832532, 0, 0
731039, 2850272, 0, 0
732000, 2531290, 0, 0
733032, 2768192, 0, 0
734048, 2665724, 0, 0
735047, 2313033, 0, 0
736005, 2582138, 0, 0
737054, 2589958, 0, 0
738041, 2768051, 0, 0
739028, 2814787, 0, 0
740059, 2583837, 0, 0
741062, 2705339, 0, 0
742048, 2561049, 0, 0
743013, 2486135, 0, 0
744037, 2517717, 0, 0
745057, 2393767, 0, 0
746015, 3044789, 0, 0
747056, 2739846, 0, 0
748016, 2483301, 0, 0
749025, 2460556, 0, 0
750053, 2915226, 0, 0
751026, 2836636, 0, 0
752048, 2750936, 0, 0
753021, 2450717, 0, 0
754043, 2887376, 0, 0
755055, 2500653, 0, 0
756038, 2455744, 0, 0
757027, 2536958, 0, 0
758028, 2594521, 0, 0
759048, 2506057, 0, 0
760029, 3106764, 0, 0
761039, 2637710, 0, 0
762017, 2880846, 0, 0
763053, 2771760, 0, 0
764001, 2535176, 0, 0
765020, 3645549, 0, 0
766045, 3176091, 0, 0
767011, 2655251, 0, 0
768049, 2590629, 0, 0
769014, 2815354, 0, 0
770053, 3190755, 0, 0
771019, 3021262, 0, 0
772045, 3031511, 0, 0
773011, 2826259, 0, 0
774039, 2817462, 0, 0
775040, 2860453, 0, 0
776001, 2961144, 0, 0
777004, 2626407, 0, 0
778027, 2736348, 0, 0
779016, 2964523, 0, 0
780039, 2638032, 0, 0
781007, 2926618, 0, 0
782059, 2445786, 0, 0
783031, 2948275, 0, 0
784047, 2762150, 0, 0
785010, 2582956, 0, 0
786050, 2315643, 0, 0
787041, 2195303, 0, 0
788047, 2345840, 0, 0
789026, 2653380, 0, 0
790041, 2359058, 0, 0
791056, 2452182, 0, 0
792060, 2621573, 0, 0
793007, 2560431, 0, 0
794047, 2710985, 0, 0
795002, 2922814, 0, 0
796042, 2827999, 0, 0
797012, 2540195, 0, 0
798068, 2911429, 0, 0
799033, 2642854, 0, 0
800039, 2893302, 0, 0
801020, 2530450, 0, 0
802045, 2772284, 0, 0
803028, 2552933, 0, 0
804035, 2187486, 0, 0
805046, 2726584, 0, 0
806047, 2273477, 0, 0
807048, 2459422, 0, 0
808010, 2400645, 0, 0
809028, 2265607, 0, 0
810025, 2420656, 0, 0
811040, 2614244, 0, 0
812030, 2363715, 0, 0
813052, 2410223, 0, 0
814015, 2654090, 0, 0
815030, 2715219, 0, 0
816046, 2597420, 0, 0
817000, 2490480, 0, 0
818018, 3043570, 0, 0
819001, 3010356, 0, 0
820029, 2795147, 0, 0
821006, 2884486, 0, 0
822028, 2455410, 0, 0
823034, 2484474, 0, 0
824019, 2744600, 0, 0
825008, 2965302, 0, 0
826016, 2890811, 0, 0
827054, 2681696, 0, 0
828055, 2648129, 0, 0
829044, 2863177, 0, 0
830001, 2490661, 0, 0
831044, 2726413, 0, 0
832002, 2253818, 0, 0
833013, 2502382, 0, 0
834041, 2590398, 0, 0
835050, 2614087, 0, 0
836031, 2536047, 0, 0
837047, 2612055, 0, 0
838017, 2601526, 0, 0
839057, 2429830, 0, 0
840012, 2653836, 0, 0
841052, 2351757, 0, 0
842019, 2110636, 0, 0
843011, 2237659, 0, 0
844051, 2517725, 0, 0
845000, 2205077, 0, 0
846058, 2771976, 0, 0
847035, 2355239, 0, 0
848050, 2268555, 0, 0
849062, 2609391, 0, 0
850048, 2622836, 0, 0
851021, 2426729, 0, 0
852004, 1929146, 0, 0
853036, 2593769, 0, 0
854046, 1851469, 0, 0
855014, 1357613, 0, 0
856045, 2159137, 0, 0
857002, 1896308, 0, 0
858037, 1746808, 0, 0
859013, 1658733, 0, 0
860018, 2040965, 0, 0
861030, 1925756, 0, 0
862011, 1742194, 0, 0
863042, 1972311, 0, 0
864033, 2211877, 0, 0
865010, 1964978, 0, 0
866039, 1541304, 0, 0
867011, 2101040, 0, 0
868000, 1850195, 0, 0
869030, 1966578, 0, 0
870010, 2084220, 0, 0
871043, 1813471, 0, 0
872021, 1972830, 0, 0
873001, 1558014, 0, 0
874022, 1741917, 0, 0
875034, 1766989, 0, 0
876012, 1884100, 0, 0
877016, 1983778, 0, 0
878043, 1388634, 0, 0
879022, 1817089, 0, 0
880018, 1825574, 0, 0
881024, 2071709, 0, 0
882030, 1606693, 0, 0
883041, 1588492, 0, 0
884065, 1751323, 0, 0
885028, 1685813, 0, 0
886005, 1608635, 0, 0
887024, 1931681, 0, 0
888135, 1992233, 0, 0
889043, 1497490, 0, 0
890025, 1787014, 0, 0
891053, 1914724, 0, 0
892041, 1487038, 0, 0
893050, 1584616, 0, 0
894049, 1734433, 0, 0
895017, 1479871, 0, 0
896017, 1489927, 0, 0
897038, 1617254, 0, 0
898062, 1801224, 0, 0
899028, 1840828, 0, 0
900001, 1539907, 0, 0
901008, 1429375, 0, 0
902046, 1509264, 0, 0
903044, 1423579, 0, 0
904049, 1561478, 0, 0
905046, 1646025, 0, 0
906051, 1575935, 0, 0
907064, 1614894, 0, 0
908018, 1783860, 0, 0
909017, 1391565, 0, 0
910016, 1620541, 0, 0
911024, 1768943, 0, 0
912053, 1587038, 0, 0
913000, 1574498, 0, 0
914055, 1340628, 0, 0
915008, 1628687, 0, 0
916057, 1784657, 0, 0
917020, 1603982, 0, 0
918019, 1572039, 0, 0
919067, 1517866, 0, 0
920051, 1419122, 0, 0
921012, 1741636, 0, 0
922024, 1361499, 0, 0
923051, 1796221, 0, 0
924054, 1518178, 0, 0
925016, 1456652, 0, 0
926045, 1315305, 0, 0
927021, 1557097, 0, 0
928037, 1584362, 0, 0
929008, 1322244, 0, 0
930045, 1789128, 0, 0
931029, 1504503, 0, 0
932011, 1406135, 0, 0
933034, 1544196, 0, 0
934008, 1491780, 0, 0
935017, 1281094, 0, 0
936018, 1544466, 0, 0
937060, 1352879, 0, 0
938012, 1296218, 0, 0
939007, 1419859, 0, 0
940022, 1445663, 0, 0
941063, 1284705, 0, 0
942038, 1258807, 0, 0
943005, 1484736, 0, 0
944005, 1184973, 0, 0
945043, 1307549, 0, 0
946039, 1474662, 0, 0
947019, 1303692, 0, 0
948033, 1335525, 0, 0
949027, 1510043, 0, 0
950015, 1290537, 0, 0
951057, 1316042, 0, 0
952017, 1298946, 0, 0
953023, 1396838, 0, 0
954025, 1410295, 0, 0
955018, 1431542, 0, 0
956032, 1280771, 0, 0
957033, 1392750, 0, 0
958017, 1399672, 0, 0
959042, 1325029, 0, 0
960058, 1146576, 0, 0
961010, 1301285, 0, 0
962054, 1355449, 0, 0
963016, 1136117, 0, 0
964047, 1219699, 0, 0
965005, 1123986, 0, 0
966040, 1198216, 0, 0
967051, 1117621, 0, 0
968033, 1389830, 0, 0
969023, 1191355, 0, 0
970012, 1179595, 0, 0
971026, 933160, 0, 0
972067, 1430361, 0, 0
973024, 1293333, 0, 0
974043, 1168171, 0, 0
975021, 1223572, 0, 0
976002, 1078354, 0, 0
977025, 1096212, 0, 0
978049, 1225469, 0, 0
979058, 1411261, 0, 0
980019, 997139, 0, 0
981030, 863311, 0, 0
982010, 1183699, 0, 0
983032, 1006890, 0, 0
984014, 1153890, 0, 0
985049, 1099120, 0, 0
986010, 1080266, 0, 0
987045, 1218448, 0, 0
988010, 1160641, 0, 0
989016, 1018973, 0, 0
990003, 1111319, 0, 0
991020, 922245, 0, 0
992014, 1112642, 0, 0
993014, 935295, 0, 0
994025, 921811, 0, 0
995036, 1056317, 0, 0
996037, 1002866, 0, 0
997051, 1129216, 0, 0
998028, 1192524, 0, 0
999071, 1268620, 0, 0
1000031, 880382, 0, 0
1001050, 853216, 0, 0
1002024, 999598, 0, 0
1003002, 951422, 0, 0
1004005, 768011, 0, 0
1005065, 1025235, 0, 0
1006026, 992123, 0, 0
1007044, 974855, 0, 0
1008041, 799082, 0, 0
1009015, 875827, 0, 0
1010015, 860124, 0, 0
1011011, 1015562, 0, 0
1012029, 1068811, 0, 0
1013029, 738467, 0, 0
1014015, 846902, 0, 0
1015004, 887976, 0, 0
1016017, 888499, 0, 0
1017032, 723855, 0, 0
1018045, 795823, 0, 0
1019000, 836624, 0, 0
1020014, 978577, 0, 0
1021009, 919939, 0, 0
1022027, 872876, 0, 0
1023025, 770397, 0, 0
1024023, 800138, 0, 0
1025033, 826737, 0, 0
1026022, 873072, 0, 0
1027026, 788627, 0, 0
1028026, 645289, 0, 0
1029033, 837773, 0, 0
1030035, 759817, 0, 0
1031053, 768758, 0, 0
1032040, 709194, 0, 0
1033000, 825864, 0, 0
1034018, 787575, 0, 0
1035016, 874618, 0, 0
1036031, 674088, 0, 0
1037032, 730443, 0, 0
1038059, 720577, 0, 0
1039017, 738068, 0, 0
1040000, 617499, 0, 0
1041058, 631918, 0, 0
1042024, 767593, 0, 0
1043041, 859691, 0, 0
1044038, 775761, 0, 0
1045032, 530087, 0, 0
1046043, 678677, 0, 0
1047015, 643103, 0, 0
1048008, 751916, 0, 0
1049056, 581450, 0, 0
1050032, 771705, 0, 0
1051064, 801218, 0, 0
1052028, 619117, 0, 0
1053015, 644039, 0, 0
1054051, 616782, 0, 0
1055024, 656902, 0, 0
1056035, 694235, 0, 0
1057053, 669749, 0, 0
1058036, 554006, 0, 0
1059041, 570916, 0, 0
1060024, 495425, 0, 0
1061052, 686528, 0, 0
1062047, 673152, 0, 0
1063014, 518509, 0, 0
1064029, 504558, 0, 0
1065036, 562513, 0, 0
1066040, 430682, 0, 0
1067028, 678355, 0, 0
1068048, 412475, 0, 0
1069003, 591596, 0, 0
1070000, 425820, 0, 0
1071059, 515278, 0, 0
1072012, 458070, 0, 0
1073000, 508403, 0, 0
1074047, 496384, 0, 0
1075031, 408439, 0, 0
1076016, 568739, 0, 0
1077000, 438775, 0, 0
1078033, 504059, 0, 0
1079030, 404548, 0, 0
1080006, 417952, 0, 0
1081045, 497741, 0, 0
1082069, 408399, 0, 0
1083009, 382342, 0, 0
1084051, 499812, 0, 0
1085052, 387414, 0, 0
1086000, 351544, 0, 0
1087017, 383376, 0, 0
1088004, 351299, 0, 0
1089048, 367436, 0, 0
1090013, 341799, 0, 0
1091021, 456601, 0, 0
1092002, 376677, 0, 0
1093027, 482692, 0, 0
1094032, 382693, 0, 0
1095020, 386320, 0, 0
1096016, 238420, 0, 0
1097034, 338280, 0, 0
1098006, 260297, 0, 0
1099017, 314668, 0, 0
1100053, 344157, 0, 0
1101053, 231148, 0, 0
1102006, 277868, 0, 0
1103042, 277971, 0, 0
1104009, 270825, 0, 0
1105015, 285951, 0, 0
1106029, 253912, 0, 0
1107023, 221387, 0, 0
1108032, 320007, 0, 0
1109039, 296951, 0, 0
1110003, 261141, 0, 0
1111028, 301223, 0, 0
1112039, 249905, 0, 0
1113037, 212401, 0, 0
1114013, 155162, 0, 0
1115062, 223113, 0, 0
1116042, 281874, 0, 0
1117004, 213893, 0, 0
1118026, 180036, 0, 0
1119003, 119797, 0, 0
1120000, 146484, 0, 0
1121000, 183643, 0, 0
1122015, 168976, 0, 0
1123058, 135587, 0, 0
1124050, 131636, 0, 0
1125042, 141664, 0, 0
1126008, 135288, 0, 0
1127071, 138250, 0, 0
1128027, 111360, 0, 0
1129042, 139055, 0, 0
1130000, 76783, 0, 0
1131000, 80925, 0, 0
1132000, 118154, 0, 0
1133007, 88962, 0, 0
1134000, 73362, 0, 0
1135007, 109253, 0, 0
1136043, 65754, 0, 0
1137037, 78438, 0, 0
1138002, 53782, 0, 0
1139012, 43331, 0, 0
1140026, 40589, 0, 0
1141009, 37714, 0, 0
1142027, 41347, 0, 0
1143011, 22848, 0, 0
1144012, 17180, 0, 0
1145000, 11957, 0, 0
1146000, 7503, 0, 0
1147000, 7202, 0, 0
1148000, 6882, 0, 0
1149000, 6919, 0, 0
1150000, 6805, 0, 0
1151000, 6847, 0, 0
1152000, 6811, 0, 0
1153000, 6806, 0, 0
1154002, 6853, 0, 0
1155000, 6814, 0, 0
1156000, 6819, 0, 0
1157000, 6781, 0, 0
1158000, 6809, 0, 0
1159000, 6803, 0, 0
1160000, 6796, 0, 0
1161000, 6868, 0, 0
1162000, 6817, 0, 0
1163000, 6833, 0, 0
1164000, 6832, 0, 0
1165000, 6807, 0, 0
1166000, 6897, 0, 0
1167000, 6838, 0, 0
1168000, 6844, 0, 0
1169000, 6821, 0, 0
1170000, 6839, 0, 0
1171000, 6813, 0, 0
1172000, 6911, 0, 0
1173000, 6940, 0, 0
1174000, 6859, 0, 0
1175000, 6875, 0, 0
1176000, 6868, 0, 0
1177000, 6838, 0, 0
1178000, 6876, 0, 0
1179000, 6863, 0, 0
1180000, 6885, 0, 0
1181000, 6877, 0, 0
1182000, 6832, 0, 0
1183000, 6855, 0, 0
1184000, 6844, 0, 0
1185000, 6886, 0, 0
1186000, 6898, 0, 0
1187000, 6921, 0, 0
1188000, 6921, 0, 0
1189000, 6893, 0, 0
1190000, 6912, 0, 0
1191000, 6882, 0, 0
1192000, 6910, 0, 0
1193000, 6903, 0, 0
1194000, 6891, 0, 0
1195000, 6899, 0, 0
1196000, 6892, 0, 0
1197000, 6881, 0, 0
1198047, 9205, 0, 0
1199000, 6866, 0, 0
1200000, 6844, 0, 0
1201000, 6783, 0, 0
1202000, 6789, 0, 0
1203000, 6794, 0, 0
1204000, 6814, 0, 0
1205000, 6797, 0, 0
1206000, 6816, 0, 0
1207000, 6791, 0, 0
1208000, 6756, 0, 0
1209000, 6801, 0, 0
1210000, 6797, 0, 0
1211000, 6775, 0, 0
1212000, 6799, 0, 0
1213000, 6822, 0, 0
1214000, 6810, 0, 0
1215000, 6774, 0, 0
1216000, 6831, 0, 0
1217000, 6787, 0, 0
1218000, 6760, 0, 0
1219000, 6791, 0, 0
1220000, 6785, 0, 0
1221000, 6828, 0, 0
1222000, 6774, 0, 0
1223000, 6805, 0, 0
1224000, 6805, 0, 0
1225000, 6809, 0, 0
1226000, 6829, 0, 0
1227000, 6810, 0, 0
1228000, 6806, 0, 0
1229000, 6780, 0, 0
1230000, 6787, 0, 0
1231000, 6807, 0, 0
1232000, 6758, 0, 0
1233000, 6801, 0, 0
1234000, 6767, 0, 0
1235000, 6787, 0, 0
1236000, 6800, 0, 0
1237000, 6820, 0, 0
1238000, 6801, 0, 0
1239000, 7010, 0, 0
1240000, 6784, 0, 0
1241000, 6789, 0, 0
1242000, 6773, 0, 0
1243000, 6756, 0, 0
1244000, 6766, 0, 0
1245000, 6826, 0, 0
1246000, 6815, 0, 0
1247000, 6762, 0, 0
1248000, 6769, 0, 0
1249000, 6790, 0, 0
1250000, 6803, 0, 0
1251000, 6726, 0, 0
1252000, 6759, 0, 0
1253000, 6966, 0, 0
1254000, 6774, 0, 0
1255000, 6808, 0, 0
1256000, 6747, 0, 0
1257000, 6710, 0, 0
1258000, 6777, 0, 0
1259000, 6750, 0, 0
1260000, 6768, 0, 0
1261000, 9392, 0, 0
1262000, 6643, 0, 0
1263000, 6691, 0, 0
1264000, 6749, 0, 0
1265000, 6734, 0, 0
1266000, 6738, 0, 0
1267000, 6764, 0, 0
1268000, 6706, 0, 0
1269000, 6682, 0, 0
1270000, 6686, 0, 0
1271000, 6698, 0, 0
1272000, 6697, 0, 0
1273000, 7364, 0, 0
1274000, 6730, 0, 0
1275000, 6721, 0, 0
1276000, 6706, 0, 0
1277000, 6707, 0, 0
1278000, 6711, 0, 0
1279000, 6715, 0, 0
1280000, 6741, 0, 0
1281000, 6691, 0, 0
1282000, 6682, 0, 0
1283000, 6722, 0, 0
1284000, 6691, 0, 0
1285000, 6746, 0, 0
1286000, 6723, 0, 0
1287000, 6720, 0, 0
1288000, 6772, 0, 0
1289000, 6814, 0, 0
1290000, 6772, 0, 0
1291000, 6781, 0, 0
1292000, 6822, 0, 0
1293000, 6825, 0, 0
1294000, 6742, 0, 0
1295000, 6789, 0, 0
1296000, 6793, 0, 0
1297000, 6769, 0, 0
1298000, 6761, 0, 0
1299000, 6844, 0, 0
1300000, 6719, 0, 0
1301000, 6760, 0, 0
1302000, 6776, 0, 0
1303000, 6754, 0, 0
1304000, 6807, 0, 0
1305000, 6793, 0, 0
1306000, 6772, 0, 0
1307000, 6771, 0, 0
1308000, 6717, 0, 0
1309000, 6747, 0, 0
1310000, 6759, 0, 0
1311000, 6720, 0, 0
1312000, 6733, 0, 0
1313000, 6781, 0, 0
1314000, 6753, 0, 0
1315000, 6758, 0, 0
1316000, 6758, 0, 0
1317000, 6783, 0, 0
1318000, 6760, 0, 0
1319000, 6768, 0, 0
1320000, 6819, 0, 0
1321000, 6766, 0, 0
1322000, 6812, 0, 0
1323079, 7903, 0, 0
1324000, 7598, 0, 0
1325000, 6702, 0, 0
1326000, 6708, 0, 0
1327000, 6774, 0, 0
1328000, 6735, 0, 0
1329000, 6743, 0, 0
1330000, 6715, 0, 0
1331000, 6655, 0, 0
1332000, 6715, 0, 0
1333000, 6691, 0, 0
1334000, 6713, 0, 0
1335000, 6733, 0, 0
1336000, 6705, 0, 0
1337000, 6705, 0, 0
1338000, 6755, 0, 0
1339000, 6730, 0, 0
1340000, 6723, 0, 0
1341000, 6697, 0, 0
1342000, 6706, 0, 0
1343000, 6756, 0, 0
1344000, 6763, 0, 0
1345000, 6663, 0, 0
1346000, 6664, 0, 0
1347000, 6671, 0, 0
1348000, 6675, 0, 0
1349000, 6666, 0, 0
1350000, 6661, 0, 0
1351000, 6724, 0, 0
1352000, 6755, 0, 0
1353000, 6751, 0, 0
1354000, 6695, 0, 0
1355000, 6707, 0, 0
1356000, 6740, 0, 0
1357000, 6782, 0, 0
1358000, 6691, 0, 0
1359000, 6770, 0, 0
1360000, 6766, 0, 0
1361000, 6727, 0, 0
1362000, 6684, 0, 0
1363000, 6684, 0, 0
1364000, 6765, 0, 0
1365000, 6801, 0, 0
1366000, 6753, 0, 0
1367000, 6724, 0, 0
1368000, 6726, 0, 0
1369000, 6779, 0, 0
1370000, 6801, 0, 0
1371000, 6737, 0, 0
1372000, 6732, 0, 0
1373000, 6753, 0, 0
1374000, 6754, 0, 0
1375000, 6960, 0, 0
1376000, 6786, 0, 0
1377000, 6755, 0, 0
1378000, 6781, 0, 0
1379000, 6780, 0, 0
1380000, 6875, 0, 0
1381000, 6749, 0, 0
1382000, 6774, 0, 0
1383000, 6774, 0, 0
1384000, 6797, 0, 0
1385000, 6752, 0, 0
1386000, 9002, 0, 0
1387000, 6691, 0, 0
1388000, 6684, 0, 0
1389000, 6674, 0, 0
1390000, 6688, 0, 0
1391000, 6676, 0, 0
1392000, 6684, 0, 0
1393000, 6695, 0, 0
1394000, 6718, 0, 0
1395000, 6735, 0, 0
1396000, 6625, 0, 0
1397000, 6624, 0, 0
1398000, 6657, 0, 0
1399000, 6723, 0, 0
1400000, 6679, 0, 0
1401000, 6690, 0, 0
1402000, 6654, 0, 0
1403000, 6705, 0, 0
1404000, 6681, 0, 0
1405000, 6798, 0, 0
1406000, 6677, 0, 0
1407000, 6671, 0, 0
1408000, 6668, 0, 0
1409000, 6645, 0, 0
1410000, 6711, 0, 0
1411000, 6670, 0, 0
1412000, 6736, 0, 0
1413000, 6744, 0, 0
1414000, 6692, 0, 0
1415000, 6784, 0, 0
1416000, 6762, 0, 0
1417000, 6731, 0, 0
1418000, 6713, 0, 0
1419000, 6767, 0, 0
1420000, 6714, 0, 0
1421000, 6749, 0, 0
1422000, 6719, 0, 0
1423000, 6724, 0, 0
1424000, 6693, 0, 0
1425000, 6708, 0, 0
1426000, 6676, 0, 0
1427000, 6698, 0, 0
1428000, 6648, 0, 0
1429000, 6643, 0, 0
1430000, 6711, 0, 0
1431000, 6658, 0, 0
1432000, 6675, 0, 0
1433000, 6664, 0, 0
1434000, 6663, 0, 0
1435000, 6739, 0, 0
1436000, 6717, 0, 0
1437000, 6647, 0, 0
1438000, 6669, 0, 0
1439000, 6662, 0, 0
1440000, 6718, 0, 0
1441000, 6660, 0, 0
1442000, 6701, 0, 0
1443000, 6709, 0, 0
1444000, 6760, 0, 0
1445000, 6704, 0, 0
1446000, 6695, 0, 0
1447000, 6709, 0, 0
1448041, 7945, 0, 0
1449000, 7073, 0, 0
1450000, 6630, 0, 0
1451000, 6667, 0, 0
1452000, 6680, 0, 0
1453000, 6720, 0, 0
1454000, 6864, 0, 0
1455000, 6701, 0, 0
1456000, 6768, 0, 0
1457000, 6687, 0, 0
1458000, 6677, 0, 0
1459000, 6719, 0, 0
1460000, 6719, 0, 0
1461000, 6737, 0, 0
1462000, 6716, 0, 0
1463000, 6737, 0, 0
1464000, 6700, 0, 0
1465000, 6690, 0, 0
1466000, 6752, 0, 0
1467000, 6697, 0, 0
1468000, 6698, 0, 0
1469000, 6711, 0, 0
1470000, 6732, 0, 0
1471000, 6757, 0, 0
1472000, 6750, 0, 0
1473000, 6877, 0, 0
1474000, 6704, 0, 0
1475000, 6687, 0, 0
1476000, 6720, 0, 0
1477000, 6703, 0, 0
1478000, 6648, 0, 0
1479000, 6636, 0, 0
1480000, 6684, 0, 0
1481000, 6691, 0, 0
1482000, 6668, 0, 0
1483000, 6687, 0, 0
1484000, 6741, 0, 0
1485000, 6695, 0, 0
1486000, 6702, 0, 0
1487000, 6697, 0, 0
1488000, 6754, 0, 0
1489000, 6670, 0, 0
1490000, 6722, 0, 0
1491000, 6712, 0, 0
1492000, 6682, 0, 0
1493000, 6738, 0, 0
1494000, 6715, 0, 0
1495000, 6691, 0, 0
1496000, 6683, 0, 0
1497000, 6741, 0, 0
1498000, 6683, 0, 0
1499000, 6701, 0, 0
1500000, 6749, 0, 0
1501000, 6680, 0, 0
1502000, 6623, 0, 0
1503000, 6686, 0, 0
1504000, 6645, 0, 0
1505000, 6739, 0, 0
1506000, 6722, 0, 0
1507000, 6760, 0, 0
1508000, 6721, 0, 0
1509000, 6746, 0, 0
1510000, 6737, 0, 0
1511000, 8568, 0, 0
1512000, 6809, 0, 0
1513000, 6829, 0, 0
1514000, 6801, 0, 0
1515000, 6836, 0, 0
1516000, 6766, 0, 0
1517000, 6704, 0, 0
1518000, 6739, 0, 0
1519000, 6714, 0, 0
1520000, 6751, 0, 0
1521000, 6788, 0, 0
1522000, 6749, 0, 0
1523000, 6757, 0, 0
1524000, 6790, 0, 0
1525000, 6702, 0, 0
1526000, 6752, 0, 0
1527000, 6774, 0, 0
1528000, 6741, 0, 0
1529000, 6732, 0, 0
1530000, 6725, 0, 0
1531000, 6799, 0, 0
1532000, 6731, 0, 0
1533000, 6717, 0, 0
1534000, 6746, 0, 0
1535000, 6736, 0, 0
1536000, 6696, 0, 0
1537000, 6732, 0, 0
1538000, 6739, 0, 0
1539000, 6747, 0, 0
1540000, 6672, 0, 0
1541000, 6678, 0, 0
1542000, 6643, 0, 0
1543000, 6706, 0, 0
1544000, 6757, 0, 0
1545000, 6708, 0, 0
1546000, 6743, 0, 0
1547000, 6710, 0, 0
1548000, 6700, 0, 0
1549000, 6728, 0, 0
1550000, 6728, 0, 0
1551000, 6754, 0, 0
1552000, 6709, 0, 0
1553000, 6673, 0, 0
1554000, 6673, 0, 0
1555000, 6769, 0, 0
1556000, 6670, 0, 0
1557000, 6676, 0, 0
1558000, 6673, 0, 0
1559000, 6677, 0, 0
1560000, 6724, 0, 0
1561000, 6662, 0, 0
1562000, 6714, 0, 0
1563000, 6736, 0, 0
1564000, 6754, 0, 0
1565000, 6713, 0, 0
1566000, 6730, 0, 0
1567000, 6678, 0, 0
1568000, 6703, 0, 0
1569000, 6722, 0, 0
1570000, 6718, 0, 0
1571000, 6685, 0, 0
1572000, 6708, 0, 0
1573030, 7850, 0, 0
1574000, 7118, 0, 0
1575000, 6699, 0, 0
1576000, 6714, 0, 0
1577000, 6660, 0, 0
1578000, 6712, 0, 0
1579000, 6696, 0, 0
1580000, 6690, 0, 0
1581000, 6695, 0, 0
1582000, 6688, 0, 0
1583000, 6742, 0, 0
1584000, 6679, 0, 0
1585000, 6759, 0, 0
1586000, 6713, 0, 0
1587000, 6729, 0, 0
1588000, 6711, 0, 0
1589000, 6651, 0, 0
1590000, 6680, 0, 0
1591000, 6726, 0, 0
1592000, 6665, 0, 0
1593000, 6663, 0, 0
1594000, 6683, 0, 0
1595000, 6735, 0, 0
1596000, 6746, 0, 0
1597000, 6696, 0, 0
1598000, 6692, 0, 0
1599000, 6656, 0, 0
1600000, 6755, 0, 0
1601000, 6664, 0, 0
1602000, 6663, 0, 0
1603000, 6733, 0, 0
1604000, 6703, 0, 0
1605000, 6739, 0, 0
1606000, 6817, 0, 0
1607000, 6759, 0, 0
1608000, 6770, 0, 0
1609000, 6717, 0, 0
1610000, 6845, 0, 0
1611000, 6747, 0, 0
1612000, 6715, 0, 0
1613000, 6715, 0, 0
1614000, 6769, 0, 0
1615000, 6728, 0, 0
1616000, 6723, 0, 0
1617000, 6769, 0, 0
1618000, 6717, 0, 0
1619000, 6731, 0, 0
1620000, 6720, 0, 0
1621000, 6774, 0, 0
1622000, 6722, 0, 0
1623000, 6760, 0, 0
1624000, 6795, 0, 0
1625000, 6783, 0, 0
1626000, 6790, 0, 0
1627000, 6781, 0, 0
1628000, 6720, 0, 0
1629000, 6690, 0, 0
1630000, 6713, 0, 0
1631000, 6775, 0, 0
1632000, 6791, 0, 0
1633000, 6795, 0, 0
1634000, 6800, 0, 0
1635000, 6805, 0, 0
1636000, 8792, 0, 0
1637000, 6759, 0, 0
1638000, 6717, 0, 0
1639000, 6834, 0, 0
1640000, 6757, 0, 0
1641000, 6714, 0, 0
1642000, 6739, 0, 0
1643000, 6750, 0, 0
1644000, 6703, 0, 0
1645000, 6699, 0, 0
1646000, 6698, 0, 0
1647000, 6737, 0, 0
1648000, 6669, 0, 0
1649000, 6676, 0, 0
1650000, 6730, 0, 0
1651000, 6705, 0, 0
1652000, 6714, 0, 0
1653000, 6729, 0, 0
1654000, 6673, 0, 0
1655000, 6691, 0, 0
1656000, 6715, 0, 0
1657000, 6676, 0, 0
1658000, 6671, 0, 0
1659000, 6687, 0, 0
1660000, 6740, 0, 0
1661000, 6697, 0, 0
1662000, 6734, 0, 0
1663000, 6727, 0, 0
1664000, 6710, 0, 0
1665000, 6652, 0, 0
1666000, 6682, 0, 0
1667000, 6653, 0, 0
1668000, 6661, 0, 0
1669000, 6636, 0, 0
1670000, 6664, 0, 0
1671000, 6875, 0, 0
1672000, 6680, 0, 0
1673000, 6726, 0, 0
1674000, 6735, 0, 0
1675000, 6694, 0, 0
1676000, 6669, 0, 0
1677000, 6693, 0, 0
1678000, 6726, 0, 0
1679000, 6710, 0, 0
1680000, 6694, 0, 0
1681000, 6688, 0, 0
1682000, 6720, 0, 0
1683000, 6730, 0, 0
1684000, 6810, 0, 0
1685000, 6692, 0, 0
1686000, 6709, 0, 0
1687000, 6738, 0, 0
1688000, 6706, 0, 0
1689000, 6721, 0, 0
1690000, 6750, 0, 0
1691000, 6743, 0, 0
1692000, 6724, 0, 0
1693000, 6743, 0, 0
1694000, 6688, 0, 0
1695000, 6679, 0, 0
1696000, 6723, 0, 0
1697000, 6751, 0, 0
1698000, 6670, 0, 0
1699000, 8607, 0, 0
1700000, 6679, 0, 0
1701000, 6657, 0, 0
1702000, 6671, 0, 0
1703000, 6712, 0, 0
1704000, 6698, 0, 0
1705000, 6844, 0, 0
1706000, 6687, 0, 0
1707000, 6764, 0, 0
1708000, 6706, 0, 0
1709000, 6705, 0, 0
1710000, 6721, 0, 0
1711000, 6706, 0, 0
1712000, 6714, 0, 0
1713000, 6721, 0, 0
1714000, 6687, 0, 0
1715000, 6663, 0, 0
1716000, 6647, 0, 0
1717000, 6708, 0, 0
1718000, 6618, 0, 0
1719000, 6657, 0, 0
1720000, 6648, 0, 0
1721000, 6643, 0, 0
1722000, 6640, 0, 0
1723000, 6643, 0, 0
1724000, 6690, 0, 0
1725000, 6699, 0, 0
1726000, 6726, 0, 0
1727000, 6682, 0, 0
1728000, 6696, 0, 0
1729000, 6722, 0, 0
1730000, 6711, 0, 0
1731000, 6695, 0, 0
1732000, 6674, 0, 0
1733000, 6670, 0, 0
1734000, 6694, 0, 0
1735000, 6701, 0, 0
1736000, 6768, 0, 0
1737000, 6768, 0, 0
1738000, 6664, 0, 0
1739000, 6674, 0, 0
1740000, 6678, 0, 0
1741000, 6733, 0, 0
1742000, 6693, 0, 0
1743000, 6740, 0, 0
1744000, 6699, 0, 0
1745000, 6690, 0, 0
1746000, 6711, 0, 0
1747000, 6803, 0, 0
1748000, 6698, 0, 0
1749000, 6684, 0, 0
1750000, 6728, 0, 0
1751000, 6702, 0, 0
1752000, 6621, 0, 0
1753000, 6701, 0, 0
1754000, 6730, 0, 0
1755000, 6651, 0, 0
1756000, 6647, 0, 0
1757000, 6638, 0, 0
1758000, 6667, 0, 0
1759000, 6643, 0, 0
1760000, 6671, 0, 0
1761000, 7923, 0, 0
1762000, 7082, 0, 0
1763000, 6700, 0, 0
1764000, 6727, 0, 0
1765000, 6710, 0, 0
1766000, 6705, 0, 0
1767000, 6672, 0, 0
1768000, 6708, 0, 0
1769000, 6786, 0, 0
1770000, 6652, 0, 0
1771000, 6690, 0, 0
1772000, 6711, 0, 0
1773000, 6675, 0, 0
1774000, 6736, 0, 0
1775000, 6668, 0, 0
1776000, 6749, 0, 0
1777000, 6740, 0, 0
1778000, 6682, 0, 0
1779000, 6704, 0, 0
1780000, 6716, 0, 0
1781000, 6676, 0, 0
1782000, 6665, 0, 0
1783000, 6715, 0, 0
1784000, 6677, 0, 0
1785000, 6662, 0, 0
1786000, 6669, 0, 0
1787000, 6691, 0, 0
1788000, 6663, 0, 0
1789000, 6642, 0, 0
1790000, 6648, 0, 0
1791000, 6697, 0, 0
1792000, 6648, 0, 0
1793000, 6656, 0, 0
1794000, 6678, 0, 0
1795000, 6668, 0, 0
1796000, 6671, 0, 0
1797000, 6656, 0, 0
1798000, 6670, 0, 0
1799000, 6733, 0, 0
1800000, 6715, 0, 0
1801000, 6723, 0, 0
1802000, 6662, 0, 0
1803000, 6700, 0, 0
1804000, 6649, 0, 0
1805000, 6717, 0, 0
1806000, 6766, 0, 0
1807000, 6752, 0, 0
1808000, 6702, 0, 0
1809000, 6695, 0, 0
1810000, 6698, 0, 0
1811000, 6725, 0, 0
1812000, 6704, 0, 0
1813000, 6674, 0, 0
1814000, 6668, 0, 0
1815000, 6701, 0, 0
1816000, 6642, 0, 0
1817000, 6684, 0, 0
1818000, 6640, 0, 0
1819000, 6728, 0, 0
1820000, 6714, 0, 0
1821000, 6677, 0, 0
1822000, 6663, 0, 0
1823000, 6696, 0, 0
1824000, 8468, 0, 0
1825000, 6550, 0, 0
1826000, 6640, 0, 0
1827000, 6687, 0, 0
1828000, 6690, 0, 0
1829000, 6680, 0, 0
1830000, 6821, 0, 0
1831000, 6698, 0, 0
1832000, 6749, 0, 0
1833000, 6721, 0, 0
1834000, 6652, 0, 0
1835000, 6681, 0, 0
1836000, 6679, 0, 0
1837000, 6694, 0, 0
1838000, 6691, 0, 0
1839000, 6705, 0, 0
1840000, 6647, 0, 0
1841000, 6660, 0, 0
1842000, 6666, 0, 0
1843000, 6676, 0, 0
1844000, 6663, 0, 0
1845000, 6721, 0, 0
1846000, 6641, 0, 0
1847000, 6587, 0, 0
1848000, 6584, 0, 0
1849000, 6657, 0, 0
1850000, 6627, 0, 0
1851000, 6683, 0, 0
1852000, 6659, 0, 0
1853000, 6654, 0, 0
1854000, 6702, 0, 0
1855000, 6672, 0, 0
1856000, 6650, 0, 0
1857000, 6689, 0, 0
1858000, 6624, 0, 0
1859000, 6730, 0, 0
1860000, 6684, 0, 0
1861000, 6708, 0, 0
1862000, 6681, 0, 0
1863000, 6648, 0, 0
1864000, 6653, 0, 0
1865000, 6655, 0, 0
1866000, 6599, 0, 0
1867000, 6685, 0, 0
1868000, 6657, 0, 0
1869000, 6725, 0, 0
1870000, 6730, 0, 0
1871000, 6720, 0, 0
1872000, 7318, 0, 0
1873000, 6693, 0, 0
1874000, 6677, 0, 0
1875000, 6686, 0, 0
1876000, 6662, 0, 0
1877000, 6695, 0, 0
1878000, 6709, 0, 0
1879000, 6694, 0, 0
1880000, 6699, 0, 0
1881000, 6709, 0, 0
1882000, 6661, 0, 0
1883000, 6772, 0, 0
1884000, 6702, 0, 0
1885000, 6744, 0, 0
1886000, 6691, 0, 0
1887000, 8582, 0, 0
1888000, 6656, 0, 0
1889000, 6678, 0, 0
1890000, 6711, 0, 0
1891000, 6729, 0, 0
1892000, 6748, 0, 0
1893000, 6796, 0, 0
1894000, 6686, 0, 0
1895000, 6666, 0, 0
1896000, 6713, 0, 0
1897000, 6717, 0, 0
1898000, 6695, 0, 0
1899000, 6714, 0, 0
1900000, 6697, 0, 0
1901000, 6692, 0, 0
1902000, 6708, 0, 0
1903000, 6705, 0, 0
1904000, 6637, 0, 0
1905000, 6722, 0, 0
1906000, 6683, 0, 0
1907000, 6688, 0, 0
1908000, 6690, 0, 0
1909000, 6718, 0, 0
1910000, 6643, 0, 0
1911000, 6671, 0, 0
1912000, 6729, 0, 0
1913000, 6663, 0, 0
1914000, 6689, 0, 0
1915000, 6679, 0, 0
1916000, 6742, 0, 0
1917000, 6726, 0, 0
1918000, 6691, 0, 0
1919000, 6678, 0, 0
1920000, 6736, 0, 0
1921000, 6678, 0, 0
1922000, 6639, 0, 0
1923000, 6766, 0, 0
1924000, 6732, 0, 0
1925000, 6823, 0, 0
1926000, 6704, 0, 0
1927000, 6732, 0, 0
1928000, 6731, 0, 0
1929000, 6705, 0, 0
1930000, 6712, 0, 0
1931000, 6701, 0, 0
1932000, 6682, 0, 0
1933000, 6726, 0, 0
1934000, 6682, 0, 0
1935000, 6736, 0, 0
1936000, 6762, 0, 0
1937000, 6767, 0, 0
1938000, 6768, 0, 0
1939000, 6722, 0, 0
1940000, 7300, 0, 0
1941000, 6769, 0, 0
1942000, 6669, 0, 0
1943000, 6665, 0, 0
1944000, 6731, 0, 0
1945000, 6705, 0, 0
1946000, 6703, 0, 0
1947000, 6687, 0, 0
1948000, 6683, 0, 0
1949000, 8771, 0, 0
1950000, 6701, 0, 0
1951000, 6720, 0, 0
1952000, 6724, 0, 0
1953000, 6745, 0, 0
1954000, 6783, 0, 0
1955000, 6803, 0, 0
1956000, 6745, 0, 0
1957000, 6815, 0, 0
1958000, 6763, 0, 0
1959000, 6758, 0, 0
1960000, 6752, 0, 0
1961000, 6768, 0, 0
1962000, 6775, 0, 0
1963000, 6730, 0, 0
1964000, 6740, 0, 0
1965000, 6746, 0, 0
1966000, 6768, 0, 0
1967000, 6768, 0, 0
1968000, 6784, 0, 0
1969000, 6718, 0, 0
1970000, 6795, 0, 0
1971000, 6747, 0, 0
1972000, 6816, 0, 0
1973000, 6731, 0, 0
1974000, 6756, 0, 0
1975000, 6735, 0, 0
1976000, 6720, 0, 0
1977000, 6760, 0, 0
1978000, 6705, 0, 0
1979000, 6747, 0, 0
1980000, 6778, 0, 0
1981000, 6814, 0, 0
1982000, 6742, 0, 0
1983000, 6797, 0, 0
1984000, 6740, 0, 0
1985000, 6780, 0, 0
1986000, 6735, 0, 0
1987000, 6798, 0, 0
1988000, 6809, 0, 0
1989000, 6785, 0, 0
1990000, 6778, 0, 0
1991000, 6746, 0, 0
1992000, 6782, 0, 0
1993000, 6828, 0, 0
1994000, 6782, 0, 0
1995000, 6754, 0, 0
1996000, 6725, 0, 0
1997000, 6771, 0, 0
1998000, 6786, 0, 0
1999000, 6749, 0, 0
2000000, 6761, 0, 0
2001000, 6824, 0, 0
2002000, 6726, 0, 0
2003000, 6750, 0, 0
2004000, 6780, 0, 0
2005000, 6766, 0, 0
2006000, 6756, 0, 0
2007000, 6729, 0, 0
2008000, 6746, 0, 0
2009000, 6744, 0, 0
2010000, 6789, 0, 0
2011000, 6818, 0, 0
2012000, 8862, 0, 0
2013000, 6733, 0, 0
2014000, 6682, 0, 0
2015000, 6692, 0, 0
2016000, 6672, 0, 0
2017000, 6746, 0, 0
2018000, 6749, 0, 0
2019000, 6707, 0, 0
2020000, 6755, 0, 0
2021000, 6701, 0, 0
2022000, 6725, 0, 0
2023000, 6734, 0, 0
2024000, 6732, 0, 0
2025000, 6930, 0, 0
2026000, 6681, 0, 0
2027000, 6746, 0, 0
2028000, 6762, 0, 0
2029000, 6739, 0, 0
2030000, 6706, 0, 0
2031000, 6686, 0, 0
2032000, 6694, 0, 0
2033000, 6686, 0, 0
2034000, 6702, 0, 0
2035000, 6678, 0, 0
2036000, 6661, 0, 0
2037000, 6669, 0, 0
2038000, 6749, 0, 0
2039000, 6670, 0, 0
2040000, 6676, 0, 0
2041000, 6717, 0, 0
2042000, 6710, 0, 0
2043000, 6724, 0, 0
2044000, 6717, 0, 0
2045000, 6711, 0, 0
2046000, 6715, 0, 0
2047000, 6764, 0, 0
2048000, 6674, 0, 0
2049000, 6728, 0, 0
2050000, 6715, 0, 0
2051000, 6749, 0, 0
2052000, 6745, 0, 0
2053000, 6690, 0, 0
2054000, 6739, 0, 0
2055000, 6684, 0, 0
2056000, 6702, 0, 0
2057000, 6726, 0, 0
2058000, 6709, 0, 0
2059000, 6742, 0, 0
2060000, 6740, 0, 0
2061000, 6720, 0, 0
2062000, 6727, 0, 0
2063000, 6722, 0, 0
2064000, 6721, 0, 0
2065000, 6744, 0, 0
2066000, 6713, 0, 0
2067000, 6860, 0, 0
2068000, 6728, 0, 0
2069000, 6721, 0, 0
2070000, 6707, 0, 0
2071000, 6688, 0, 0
2072000, 6649, 0, 0
2073000, 6746, 0, 0
2074000, 7980, 0, 0
2075000, 7290, 0, 0
2076000, 6746, 0, 0
2077000, 6732, 0, 0
2078000, 6769, 0, 0
2079000, 6719, 0, 0
2080000, 6671, 0, 0
2081000, 6729, 0, 0
2082000, 6721, 0, 0
2083000, 6724, 0, 0
2084000, 6712, 0, 0
2085000, 6701, 0, 0
2086000, 6774, 0, 0
2087000, 6724, 0, 0
2088000, 6734, 0, 0
2089000, 6734, 0, 0
2090000, 6712, 0, 0
2091000, 6714, 0, 0
2092000, 6702, 0, 0
2093000, 6788, 0, 0
2094000, 6705, 0, 0
2095000, 6734, 0, 0
2096000, 6713, 0, 0
2097000, 6684, 0, 0
2098000, 6736, 0, 0
2099000, 6670, 0, 0
2100000, 6762, 0, 0
2101000, 6721, 0, 0
2102000, 6719, 0, 0
2103000, 6685, 0, 0
2104000, 6697, 0, 0
2105000, 6719, 0, 0
2106000, 6676, 0, 0
2107000, 6690, 0, 0
2108000, 6752, 0, 0
2109000, 6735, 0, 0
2110000, 6683, 0, 0
2111000, 6710, 0, 0
2112000, 6707, 0, 0
2113000, 6747, 0, 0
2114000, 6707, 0, 0
2115000, 6718, 0, 0
2116000, 6733, 0, 0
2117000, 6714, 0, 0
2118000, 6734, 0, 0
2119000, 6762, 0, 0
2120000, 6810, 0, 0
2121000, 6745, 0, 0
2122000, 6694, 0, 0
2123000, 6698, 0, 0
2124000, 6722, 0, 0
2125000, 6743, 0, 0
2126000, 6706, 0, 0
2127000, 6777, 0, 0
2128000, 6792, 0, 0
2129000, 6676, 0, 0
2130000, 6726, 0, 0
2131000, 6715, 0, 0
2132000, 6896, 0, 0
2133000, 6679, 0, 0
2134000, 6771, 0, 0
2135000, 6665, 0, 0
2136000, 6701, 0, 0
2137000, 8060, 0, 0
2138000, 7235, 0, 0
2139000, 6680, 0, 0
2140000, 6721, 0, 0
2141000, 6701, 0, 0
2142000, 6675, 0, 0
2143000, 6651, 0, 0
2144000, 6697, 0, 0
2145000, 6710, 0, 0
2146000, 6688, 0, 0
2147000, 6734, 0, 0
2148000, 6734, 0, 0
2149000, 6688, 0, 0
2150000, 6703, 0, 0
2151000, 6735, 0, 0
2152000, 6695, 0, 0
2153000, 6721, 0, 0
2154000, 6737, 0, 0
2155000, 6696, 0, 0
2156000, 6723, 0, 0
2157000, 6713, 0, 0
2158000, 6689, 0, 0
2159000, 6694, 0, 0
2160000, 6770, 0, 0
2161000, 6729, 0, 0
2162000, 6680, 0, 0
2163000, 6688, 0, 0
2164000, 6748, 0, 0
2165000, 6768, 0, 0
2166000, 6718, 0, 0
2167000, 6712, 0, 0
2168000, 6759, 0, 0
2169000, 6754, 0, 0
2170000, 6818, 0, 0
2171000, 6805, 0, 0
2172000, 6729, 0, 0
2173000, 6715, 0, 0
2174000, 6745, 0, 0
2175000, 6790, 0, 0
2176000, 6808, 0, 0
2177000, 6683, 0, 0
2178000, 6721, 0, 0
2179000, 6717, 0, 0
2180000, 6730, 0, 0
2181000, 6822, 0, 0
2182000, 6773, 0, 0
2183000, 6846, 0, 0
2184000, 6830, 0, 0
2185000, 6782, 0, 0
2186000, 6726, 0, 0
2187000, 6814, 0, 0
2188000, 6842, 0, 0
2189000, 6711, 0, 0
2190000, 6761, 0, 0
2191000, 6792, 0, 0
2192000, 6758, 0, 0
2193000, 6787, 0, 0
2194000, 6795, 0, 0
2195000, 6774, 0, 0
2196000, 6771, 0, 0
2197000, 6782, 0, 0
2198000, 6774, 0, 0
2199000, 6771, 0, 0
2200000, 8636, 0, 0
2201000, 6745, 0, 0
2202000, 6723, 0, 0
2203000, 6746, 0, 0
2204000, 6721, 0, 0
2205000, 6744, 0, 0
2206000, 6738, 0, 0
2207000, 6676, 0, 0
2208000, 6765, 0, 0
2209000, 6692, 0, 0
2210000, 6733, 0, 0
2211000, 6735, 0, 0
2212000, 6753, 0, 0
2213000, 6711, 0, 0
2214000, 6724, 0, 0
2215000, 6713, 0, 0
2216000, 6691, 0, 0
2217000, 6734, 0, 0
2218000, 6703, 0, 0
2219000, 6694, 0, 0
2220000, 6724, 0, 0
2221000, 6718, 0, 0
2222000, 6730, 0, 0
2223000, 6725, 0, 0
2224000, 6769, 0, 0
2225000, 6721, 0, 0
2226000, 6787, 0, 0
2227000, 6737, 0, 0
2228000, 6711, 0, 0
2229000, 6723, 0, 0
2230000, 6721, 0, 0
2231000, 6741, 0, 0
2232000, 6775, 0, 0
2233000, 6641, 0, 0
2234000, 6779, 0, 0
2235000, 6768, 0, 0
2236000, 6785, 0, 0
2237000, 6780, 0, 0
2238000, 6728, 0, 0
2239000, 6773, 0, 0
2240000, 6765, 0, 0
2241000, 6764, 0, 0
2242000, 6738, 0, 0
2243000, 6738, 0, 0
2244000, 6798, 0, 0
2245000, 6718, 0, 0
2246000, 6769, 0, 0
2247000, 6725, 0, 0
2248000, 6732, 0, 0
2249000, 6742, 0, 0
2250000, 6782, 0, 0
2251000, 6726, 0, 0
2252000, 6703, 0, 0
2253000, 6689, 0, 0
2254000, 6718, 0, 0
2255000, 6764, 0, 0
2256000, 6760, 0, 0
2257000, 6820, 0, 0
2258000, 6760, 0, 0
2259000, 6753, 0, 0
2260000, 6760, 0, 0
2261000, 6794, 0, 0
2262000, 6807, 0, 0
2263000, 8695, 0, 0
2264000, 6788, 0, 0
2265000, 6766, 0, 0
2266000, 6777, 0, 0
2267000, 6798, 0, 0
2268000, 6821, 0, 0
2269000, 6764, 0, 0
2270000, 6744, 0, 0
2271000, 6780, 0, 0
2272000, 6761, 0, 0
2273000, 6749, 0, 0
2274000, 6772, 0, 0
2275000, 6769, 0, 0
2276000, 6799, 0, 0
2277000, 6783, 0, 0
2278000, 6742, 0, 0
2279000, 6748, 0, 0
2280000, 6797, 0, 0
2281000, 6859, 0, 0
2282000, 6774, 0, 0
2283000, 6767, 0, 0
2284000, 6762, 0, 0
2285000, 6769, 0, 0
2286000, 6778, 0, 0
2287000, 6763, 0, 0
2288000, 6768, 0, 0
2289000, 6771, 0, 0
2290000, 6749, 0, 0
2291000, 6751, 0, 0
2292000, 6748, 0, 0
2293000, 6776, 0, 0
2294000, 6762, 0, 0
2295000, 6753, 0, 0
2296000, 6705, 0, 0
2297000, 6726, 0, 0
2298000, 6739, 0, 0
2299000, 6763, 0, 0
2300000, 6749, 0, 0
2301000, 6758, 0, 0
2302000, 6752, 0, 0
2303000, 6749, 0, 0
2304000, 6710, 0, 0
2305000, 6724, 0, 0
2306000, 6737, 0, 0
2307000, 6815, 0, 0
2308000, 6762, 0, 0
2309000, 6684, 0, 0
2310000, 6738, 0, 0
2311000, 6781, 0, 0
2312000, 6821, 0, 0
2313000, 6739, 0, 0
2314000, 6747, 0, 0
2315000, 6757, 0, 0
2316000, 6741, 0, 0
2317000, 6756, 0, 0
2318000, 6753, 0, 0
2319000, 6793, 0, 0
2320000, 6733, 0, 0
2321000, 6664, 0, 0
2322000, 6757, 0, 0
2323000, 6781, 0, 0
2324000, 6763, 0, 0
2325000, 8886, 0, 0
2326000, 6681, 0, 0
2327000, 6724, 0, 0
2328000, 6732, 0, 0
2329000, 6899, 0, 0
2330000, 6707, 0, 0
2331000, 6727, 0, 0
2332000, 6693, 0, 0
2333000, 6724, 0, 0
2334000, 6717, 0, 0
2335000, 6757, 0, 0
2336000, 6715, 0, 0
2337000, 6782, 0, 0
2338000, 6688, 0, 0
2339000, 6741, 0, 0
2340000, 6713, 0, 0
2341000, 6717, 0, 0
2342000, 6747, 0, 0
2343000, 6726, 0, 0
2344000, 6714, 0, 0
2345000, 6693, 0, 0
2346000, 6729, 0, 0
2347000, 6683, 0, 0
2348000, 6703, 0, 0
2349000, 6644, 0, 0
2350000, 6741, 0, 0
2351000, 6690, 0, 0
2352000, 6799, 0, 0
2353000, 6745, 0, 0
2354000, 6695, 0, 0
2355000, 6755, 0, 0
2356000, 6712, 0, 0
2357000, 6719, 0, 0
2358000, 6741, 0, 0
2359000, 6739, 0, 0
2360000, 6699, 0, 0
2361000, 6752, 0, 0
2362000, 6753, 0, 0
2363000, 6750, 0, 0
2364000, 6765, 0, 0
2365000, 6654, 0, 0
2366000, 6690, 0, 0
2367000, 6711, 0, 0
2368000, 6677, 0, 0
2369000, 6638, 0, 0
2370000, 6665, 0, 0
2371000, 6713, 0, 0
2372000, 6680, 0, 0
2373000, 6746, 0, 0
2374000, 6728, 0, 0
2375000, 6724, 0, 0
2376000, 6758, 0, 0
2377000, 6723, 0, 0
2378000, 6755, 0, 0
2379000, 6709, 0, 0
2380000, 6725, 0, 0
2381000, 6682, 0, 0
2382000, 6798, 0, 0
2383000, 6756, 0, 0
2384000, 6737, 0, 0
2385000, 6793, 0, 0
2386000, 6717, 0, 0
2387000, 6759, 0, 0
2388000, 8791, 0, 0
2389000, 6726, 0, 0
2390000, 6762, 0, 0
2391000, 6892, 0, 0
2392000, 6782, 0, 0
2393000, 6686, 0, 0
2394000, 6797, 0, 0
2395000, 6761, 0, 0
2396000, 6766, 0, 0
2397000, 6793, 0, 0
2398000, 6729, 0, 0
2399000, 6740, 0, 0
2400000, 6705, 0, 0
