999, 74, 0, 0
2000, 157, 0, 0
2999, 162, 0, 0
3999, 172, 0, 0
5000, 163, 0, 0
6000, 175, 0, 0
6999, 168, 0, 0
8000, 316, 0, 0
9000, 343, 0, 0
9999, 967, 0, 0
11000, 430, 0, 0
12000, 181, 0, 0
12999, 197, 0, 0
13999, 300, 0, 0
15000, 547, 0, 0
15999, 189, 0, 0
16999, 290, 0, 0
18000, 169, 0, 0
18999, 129, 0, 0
19999, 177, 0, 0
21000, 348, 0, 0
21999, 319, 0, 0
23000, 217, 0, 0
24000, 150, 0, 0
24999, 153, 0, 0
26000, 158, 0, 0
27000, 167, 0, 0
27999, 315, 0, 0
29000, 287, 0, 0
30000, 316, 0, 0
30999, 215, 0, 0
32000, 414, 0, 0
33000, 191, 0, 0
33999, 193, 0, 0
35000, 280, 0, 0
36000, 330, 0, 0
36999, 328, 0, 0
38000, 344, 0, 0
39000, 165, 0, 0
39999, 169, 0, 0
41000, 207, 0, 0
41999, 335, 0, 0
42999, 155, 0, 0
44000, 206, 0, 0
44999, 224, 0, 0
45999, 213, 0, 0
47000, 201, 0, 0
47999, 313, 0, 0
48999, 235, 0, 0
50000, 500, 0, 0
50999, 184, 0, 0
51999, 179, 0, 0
53000, 172, 0, 0
53999, 234, 0, 0
54999, 167, 0, 0
56000, 161, 0, 0
56999, 360, 0, 0
57999, 169, 0, 0
59000, 198, 0, 0
60000, 359, 0, 0
60999, 334, 0, 0
62000, 219, 0, 0
63000, 221, 0, 0
63999, 248, 0, 0
65000, 228, 0, 0
66000, 224, 0, 0
66999, 473, 0, 0
68000, 158, 0, 0
68999, 389, 0, 0
69999, 167, 0, 0
71000, 200, 0, 0
71999, 237, 0, 0
72999, 151, 0, 0
74000, 166, 0, 0
74999, 174, 0, 0
75999, 219, 0, 0
77000, 204, 0, 0
78000, 164, 0, 0
78999, 217, 0, 0
80000, 212, 0, 0
80999, 141, 0, 0
81999, 155, 0, 0
83000, 369, 0, 0
84000, 160, 0, 0
84999, 185, 0, 0
86000, 194, 0, 0
86999, 345, 0, 0
87999, 595, 0, 0
89000, 376, 0, 0
89999, 231, 0, 0
90999, 211, 0, 0
92000, 194, 0, 0
92999, 202, 0, 0
93999, 181, 0, 0
95000, 253, 0, 0
95999, 192, 0, 0
96999, 178, 0, 0
98000, 198, 0, 0
98999, 157, 0, 0
99999, 191, 0, 0
101000, 200, 0, 0
101999, 230, 0, 0
102999, 227, 0, 0
104000, 518, 0, 0
104999, 230, 0, 0
105999, 225, 0, 0
107000, 477, 0, 0
107999, 181, 0, 0
109000, 206, 0, 0
110000, 162, 0, 0
110999, 210, 0, 0
112000, 225, 0, 0
113000, 383, 0, 0
113999, 159, 0, 0
115000, 160, 0, 0
116000, 175, 0, 0
116999, 194, 0, 0
118000, 173, 0, 0
119000, 241, 0, 0
119999, 187, 0, 0
121000, 322, 0, 0
122000, 354, 0, 0
122999, 200, 0, 0
124000, 324, 0, 0
124999, 215, 0, 0
125999, 265, 0, 0
127000, 364, 0, 0
127999, 221, 0, 0
128999, 215, 0, 0
130000, 261, 0, 0
130999, 201, 0, 0
131999, 157, 0, 0
133000, 188, 0, 0
133999, 350, 0, 0
134999, 269, 0, 0
136000, 237, 0, 0
136999, 212, 0, 0
137999, 179, 0, 0
139000, 206, 0, 0
140000, 309, 0, 0
140999, 195, 0, 0
142000, 189, 0, 0
143000, 216, 0, 0
143999, 183, 0, 0
145000, 239, 0, 0
146000, 173, 0, 0
146999, 186, 0, 0
148000, 231, 0, 0
149000, 209, 0, 0
149999, 208, 0, 0
151000, 218, 0, 0
152000, 230, 0, 0
152999, 211, 0, 0
154000, 210, 0, 0
154999, 183, 0, 0
155999, 279, 0, 0
157000, 191, 0, 0
157999, 220, 0, 0
159000, 201, 0, 0
160000, 193, 0, 0
160999, 228, 0, 0
162000, 196, 0, 0
163000, 286, 0, 0
163999, 168, 0, 0
165000, 181, 0, 0
166000, 176, 0, 0
166999, 206, 0, 0
168000, 169, 0, 0
169000, 223, 0, 0
169999, 252, 0, 0
171000, 170, 0, 0
172000, 241, 0, 0
172999, 237, 0, 0
174000, 229, 0, 0
174999, 174, 0, 0
175999, 206, 0, 0
177000, 207, 0, 0
177999, 191, 0, 0
178999, 200, 0, 0
180000, 185, 0, 0
180999, 170, 0, 0
182000, 229, 0, 0
183000, 184, 0, 0
183999, 204, 0, 0
185000, 166, 0, 0
186000, 229, 0, 0
186999, 177, 0, 0
188000, 225, 0, 0
189000, 271, 0, 0
189999, 187, 0, 0
191000, 169, 0, 0
191999, 220, 0, 0
192999, 170, 0, 0
194000, 213, 0, 0
194999, 241, 0, 0
196000, 213, 0, 0
197000, 222, 0, 0
197999, 275, 0, 0
198999, 186, 0, 0
200000, 248, 0, 0
200999, 191, 0, 0
202000, 178, 0, 0
203000, 169, 0, 0
203999, 180, 0, 0
205000, 251, 0, 0
206000, 219, 0, 0
206999, 188, 0, 0
208000, 217, 0, 0
209000, 196, 0, 0
209999, 247, 0, 0
210999, 180, 0, 0
212000, 247, 0, 0
213000, 224, 0, 0
213999, 206, 0, 0
215000, 246, 0, 0
216000, 212, 0, 0
216999, 207, 0, 0
217999, 235, 0, 0
219000, 262, 0, 0
219999, 246, 0, 0
220999, 194, 0, 0
222000, 199, 0, 0
223000, 202, 0, 0
223999, 243, 0, 0
225000, 241, 0, 0
226000, 260, 0, 0
226999, 245, 0, 0
227999, 295, 0, 0
229000, 182, 0, 0
229999, 278, 0, 0
230999, 193, 0, 0
232000, 224, 0, 0
233000, 219, 0, 0
233999, 196, 0, 0
235000, 234, 0, 0
235999, 246, 0, 0
236999, 238, 0, 0
238000, 210, 0, 0
239000, 220, 0, 0
239999, 193, 0, 0
241000, 183, 0, 0
242000, 234, 0, 0
242999, 281, 0, 0
243999, 229, 0, 0
245000, 216, 0, 0
245999, 211, 0, 0
246999, 234, 0, 0
248000, 215, 0, 0
248999, 231, 0, 0
249999, 199, 0, 0
251000, 203, 0, 0
251999, 263, 0, 0
252999, 218, 0, 0
254000, 198, 0, 0
255000, 176, 0, 0
255999, 209, 0, 0
256999, 185, 0, 0
258000, 207, 0, 0
258999, 196, 0, 0
260000, 205, 0, 0
261000, 196, 0, 0
261999, 212, 0, 0
263000, 249, 0, 0
264000, 266, 0, 0
264999, 182, 0, 0
265999, 236, 0, 0
267000, 208, 0, 0
267999, 216, 0, 0
268999, 197, 0, 0
270000, 220, 0, 0
270999, 218, 0, 0
271999, 180, 0, 0
273000, 191, 0, 0
273999, 184, 0, 0
274999, 240, 0, 0
276000, 242, 0, 0
276999, 255, 0, 0
277999, 283, 0, 0
279000, 224, 0, 0
280000, 220, 0, 0
280999, 251, 0, 0
282000, 234, 0, 0
283000, 262, 0, 0
283999, 208, 0, 0
285000, 267, 0, 0
286000, 236, 0, 0
286999, 220, 0, 0
287999, 201, 0, 0
289000, 169, 0, 0
289999, 203, 0, 0
290999, 226, 0, 0
292000, 215, 0, 0
293000, 229, 0, 0
293999, 209, 0, 0
295000, 206, 0, 0
296000, 224, 0, 0
296999, 202, 0, 0
298000, 287, 0, 0
299000, 231, 0, 0
299999, 241, 0, 0
301000, 230, 0, 0
302000, 216, 0, 0
302999, 197, 0, 0
304000, 207, 0, 0
305000, 205, 0, 0
305999, 232, 0, 0
307000, 215, 0, 0
307999, 211, 0, 0
308999, 197, 0, 0
310000, 191, 0, 0
311000, 248, 0, 0
311999, 226, 0, 0
312999, 196, 0, 0
314000, 230, 0, 0
315000, 212, 0, 0
315999, 203, 0, 0
317000, 229, 0, 0
318000, 224, 0, 0
318999, 223, 0, 0
320000, 239, 0, 0
321000, 242, 0, 0
321999, 230, 0, 0
323000, 234, 0, 0
324000, 227, 0, 0
324999, 220, 0, 0
325999, 235, 0, 0
327000, 219, 0, 0
327999, 256, 0, 0
328999, 239, 0, 0
330000, 226, 0, 0
330999, 233, 0, 0
331999, 281, 0, 0
333000, 267, 0, 0
334000, 261, 0, 0
334999, 259, 0, 0
336000, 257, 0, 0
336999, 226, 0, 0
337999, 254, 0, 0
339000, 244, 0, 0
339999, 258, 0, 0
340999, 231, 0, 0
342000, 240, 0, 0
342999, 232, 0, 0
343999, 240, 0, 0
345000, 206, 0, 0
346000, 234, 0, 0
346999, 185, 0, 0
348000, 215, 0, 0
349000, 208, 0, 0
349999, 215, 0, 0
351000, 186, 0, 0
352000, 223, 0, 0
352999, 223, 0, 0
353999, 211, 0, 0
355000, 231, 0, 0
355999, 245, 0, 0
356999, 206, 0, 0
358000, 240, 0, 0
358999, 238, 0, 0
360000, 229, 0, 0
361000, 207, 0, 0
361999, 206, 0, 0
363000, 220, 0, 0
363999, 190, 0, 0
364999, 227, 0, 0
366000, 256, 0, 0
367000, 247, 0, 0
367999, 228, 0, 0
369000, 235, 0, 0
370000, 205, 0, 0
370999, 217, 0, 0
372000, 186, 0, 0
373000, 222, 0, 0
373999, 216, 0, 0
375000, 251, 0, 0
376000, 228, 0, 0
376999, 229, 0, 0
378000, 242, 0, 0
379000, 241, 0, 0
379999, 260, 0, 0
380999, 207, 0, 0
382000, 235, 0, 0
382999, 253, 0, 0
384000, 222, 0, 0
385000, 225, 0, 0
385999, 237, 0, 0
386999, 229, 0, 0
388000, 213, 0, 0
388999, 229, 0, 0
389999, 212, 0, 0
391000, 223, 0, 0
391999, 220, 0, 0
392999, 222, 0, 0
394000, 244, 0, 0
394999, 216, 0, 0
395999, 220, 0, 0
397000, 234, 0, 0
398000, 232, 0, 0
398999, 222, 0, 0
400000, 249, 0, 0
401000, 219, 0, 0
401999, 244, 0, 0
403000, 239, 0, 0
404000, 239, 0, 0
404999, 238, 0, 0
405999, 220, 0, 0
407000, 220, 0, 0
408000, 255, 0, 0
408999, 227, 0, 0
410000, 237, 0, 0
411000, 254, 0, 0
411999, 256, 0, 0
412999, 216, 0, 0
414000, 235, 0, 0
414999, 220, 0, 0
415999, 203, 0, 0
417000, 211, 0, 0
417999, 222, 0, 0
418999, 222, 0, 0
420000, 235, 0, 0
421000, 236, 0, 0
421999, 244, 0, 0
423000, 230, 0, 0
424000, 220, 0, 0
424999, 211, 0, 0
426000, 255, 0, 0
427000, 250, 0, 0
427999, 216, 0, 0
428999, 222, 0, 0
430000, 218, 0, 0
430999, 215, 0, 0
431999, 212, 0, 0
433000, 232, 0, 0
433999, 223, 0, 0
434999, 201, 0, 0
436000, 250, 0, 0
437000, 220, 0, 0
437999, 204, 0, 0
439000, 202, 0, 0
440000, 202, 0, 0
440999, 203, 0, 0
442000, 206, 0, 0
443000, 249, 0, 0
443999, 233, 0, 0
444999, 207, 0, 0
446000, 235, 0, 0
446999, 208, 0, 0
447999, 242, 0, 0
449000, 241, 0, 0
450000, 205, 0, 0
450999, 206, 0, 0
452000, 214, 0, 0
453000, 217, 0, 0
453999, 223, 0, 0
455000, 233, 0, 0
456000, 214, 0, 0
456999, 263, 0, 0
458000, 250, 0, 0
459000, 197, 0, 0
459999, 215, 0, 0
460999, 199, 0, 0
462000, 231, 0, 0
462999, 229, 0, 0
463999, 244, 0, 0
465000, 191, 0, 0
465999, 223, 0, 0
466999, 221, 0, 0
468000, 214, 0, 0
469000, 199, 0, 0
469999, 248, 0, 0
471000, 241, 0, 0
472000, 186, 0, 0
472999, 188, 0, 0
473999, 231, 0, 0
475000, 228, 0, 0
475999, 214, 0, 0
476999, 228, 0, 0
478000, 213, 0, 0
478999, 237, 0, 0
479999, 238, 0, 0
481000, 213, 0, 0
481999, 220, 0, 0
482999, 232, 0, 0
484000, 237, 0, 0
484999, 221, 0, 0
485999, 248, 0, 0
487000, 228, 0, 0
487999, 219, 0, 0
488999, 216, 0, 0
490000, 209, 0, 0
491000, 226, 0, 0
491999, 209, 0, 0
493000, 230, 0, 0
494000, 220, 0, 0
494999, 220, 0, 0
495999, 218, 0, 0
497000, 213, 0, 0
497999, 209, 0, 0
498999, 252, 0, 0
500000, 218, 0, 0
500999, 203, 0, 0
501999, 253, 0, 0
503000, 223, 0, 0
503999, 238, 0, 0
504999, 258, 0, 0
506000, 195, 0, 0
507000, 231, 0, 0
507999, 251, 0, 0
509000, 209, 0, 0
510000, 201, 0, 0
510999, 224, 0, 0
511999, 199, 0, 0
513000, 253, 0, 0
513999, 212, 0, 0
514999, 226, 0, 0
516000, 223, 0, 0
516999, 209, 0, 0
517999, 225, 0, 0
519000, 215, 0, 0
520000, 242, 0, 0
520999, 212, 0, 0
522000, 203, 0, 0
523000, 216, 0, 0
524000, 222, 0, 0
524999, 221, 0, 0
526000, 206, 0, 0
526999, 236, 0, 0
527999, 210, 0, 0
529000, 211, 0, 0
530000, 223, 0, 0
530999, 233, 0, 0
532000, 228, 0, 0
533000, 211, 0, 0
533999, 210, 0, 0
535000, 211, 0, 0
536000, 221, 0, 0
536999, 226, 0, 0
537999, 202, 0, 0
539000, 221, 0, 0
539999, 221, 0, 0
540999, 214, 0, 0
542000, 203, 0, 0
543000, 229, 0, 0
543999, 200, 0, 0
545000, 241, 0, 0
546000, 193, 0, 0
546999, 199, 0, 0
547999, 230, 0, 0
549000, 232, 0, 0
550000, 213, 0, 0
550999, 209, 0, 0
552000, 224, 0, 0
553000, 216, 0, 0
553999, 250, 0, 0
554999, 215, 0, 0
556000, 233, 0, 0
557000, 212, 0, 0
557999, 218, 0, 0
559000, 239, 0, 0
559999, 220, 0, 0
560999, 225, 0, 0
562000, 181, 0, 0
563000, 203, 0, 0
563999, 199, 0, 0
564999, 242, 0, 0
566000, 222, 0, 0
566999, 191, 0, 0
567999, 226, 0, 0
569000, 239, 0, 0
569999, 237, 0, 0
570999, 200, 0, 0
572000, 210, 0, 0
573000, 221, 0, 0
573999, 211, 0, 0
574999, 224, 0, 0
576000, 208, 0, 0
576999, 202, 0, 0
577999, 240, 0, 0
579000, 226, 0, 0
580000, 219, 0, 0
580999, 200, 0, 0
582000, 211, 0, 0
583000, 205, 0, 0
583999, 225, 0, 0
584999, 198, 0, 0
586000, 221, 0, 0
586999, 204, 0, 0
587999, 225, 0, 0
589000, 218, 0, 0
590000, 234, 0, 0
590999, 220, 0, 0
592000, 182, 0, 0
593000, 190, 0, 0
593999, 227, 0, 0
595000, 200, 0, 0
596000, 223, 0, 0
596999, 210, 0, 0
597999, 238, 0, 0
599000, 218, 0, 0
599999, 235, 0, 0
600999, 214, 0, 0
602000, 189, 0, 0
603000, 196, 0, 0
603999, 212, 0, 0
605000, 228, 0, 0
606000, 225, 0, 0
606999, 221, 0, 0
608000, 229, 0, 0
609000, 242, 0, 0
609999, 211, 0, 0
610999, 240, 0, 0
612000, 192, 0, 0
612999, 185, 0, 0
613999, 239, 0, 0
615000, 209, 0, 0
615999, 221, 0, 0
616999, 187, 0, 0
618000, 216, 0, 0
619000, 202, 0, 0
619999, 232, 0, 0
620999, 226, 0, 0
622000, 221, 0, 0
622999, 185, 0, 0
623999, 217, 0, 0
625000, 199, 0, 0
626000, 215, 0, 0
626999, 221, 0, 0
628000, 223, 0, 0
628999, 193, 0, 0
629999, 207, 0, 0
631000, 227, 0, 0
631999, 200, 0, 0
632999, 215, 0, 0
634000, 204, 0, 0
635000, 240, 0, 0
635999, 214, 0, 0
637000, 219, 0, 0
638000, 226, 0, 0
638999, 197, 0, 0
640000, 213, 0, 0
641000, 204, 0, 0
641999, 215, 0, 0
642999, 217, 0, 0
644000, 197, 0, 0
644999, 217, 0, 0
645999, 187, 0, 0
647000, 216, 0, 0
647999, 193, 0, 0
648999, 206, 0, 0
650000, 203, 0, 0
650999, 206, 0, 0
651999, 229, 0, 0
653000, 208, 0, 0
654000, 209, 0, 0
654999, 190, 0, 0
656000, 238, 0, 0
657000, 223, 0, 0
657999, 245, 0, 0
658999, 217, 0, 0
660000, 237, 0, 0
661000, 223, 0, 0
661999, 213, 0, 0
663000, 220, 0, 0
664000, 234, 0, 0
664999, 225, 0, 0
665999, 187, 0, 0
667000, 214, 0, 0
667999, 204, 0, 0
668999, 234, 0, 0
670000, 205, 0, 0
671000, 217, 0, 0
671999, 211, 0, 0
673000, 209, 0, 0
673999, 200, 0, 0
674999, 206, 0, 0
676000, 222, 0, 0
676999, 217, 0, 0
677999, 208, 0, 0
679000, 194, 0, 0
680000, 216, 0, 0
680999, 231, 0, 0
682000, 187, 0, 0
683000, 191, 0, 0
683999, 232, 0, 0
685000, 208, 0, 0
686000, 227, 0, 0
686999, 205, 0, 0
688000, 212, 0, 0
689000, 188, 0, 0
689999, 228, 0, 0
691000, 182, 0, 0
692000, 224, 0, 0
692999, 186, 0, 0
693999, 215, 0, 0
695000, 204, 0, 0
695999, 239, 0, 0
696999, 219, 0, 0
698000, 234, 0, 0
698999, 201, 0, 0
699999, 221, 0, 0
701000, 218, 0, 0
702000, 212, 0, 0
702999, 214, 0, 0
704000, 212, 0, 0
705000, 221, 0, 0
705999, 202, 0, 0
707000, 181, 0, 0
708000, 228, 0, 0
708999, 201, 0, 0
710000, 209, 0, 0
711000, 215, 0, 0
711999, 205, 0, 0
713000, 234, 0, 0
714000, 205, 0, 0
714999, 215, 0, 0
716000, 205, 0, 0
717000, 205, 0, 0
717999, 213, 0, 0
719000, 195, 0, 0
720000, 225, 0, 0
720999, 208, 0, 0
722000, 214, 0, 0
723000, 203, 0, 0
723999, 196, 0, 0
725000, 225, 0, 0
726000, 223, 0, 0
726999, 211, 0, 0
727999, 212, 0, 0
729000, 234, 0, 0
730000, 210, 0, 0
730999, 203, 0, 0
732000, 215, 0, 0
733000, 219, 0, 0
733999, 196, 0, 0
735000, 212, 0, 0
736000, 232, 0, 0
736999, 194, 0, 0
737999, 205, 0, 0
739000, 206, 0, 0
739999, 214, 0, 0
741000, 215, 0, 0
742000, 220, 0, 0
743000, 197, 0, 0
743999, 205, 0, 0
745000, 212, 0, 0
745999, 203, 0, 0
746999, 190, 0, 0
748000, 214, 0, 0
749000, 213, 0, 0
749999, 212, 0, 0
750999, 198, 0, 0
752000, 197, 0, 0
752999, 206, 0, 0
753999, 230, 0, 0
755000, 228, 0, 0
756000, 230, 0, 0
756999, 203, 0, 0
758000, 236, 0, 0
758999, 210, 0, 0
759999, 206, 0, 0
761000, 200, 0, 0
762000, 196, 0, 0
762999, 214, 0, 0
763999, 203, 0, 0
765000, 211, 0, 0
765999, 207, 0, 0
767000, 224, 0, 0
768000, 227, 0, 0
769000, 238, 0, 0
770001, 197, 0, 0
771000, 231, 0, 0
772000, 202, 0, 0
773000, 217, 0, 0
774000, 204, 0, 0
775000, 218, 0, 0
776000, 219, 0, 0
777000, 188, 0, 0
778000, 203, 0, 0
779001, 213, 0, 0
780000, 233, 0, 0
781000, 188, 0, 0
782000, 226, 0, 0
783000, 215, 0, 0
784000, 205, 0, 0
785000, 180, 0, 0
786000, 199, 0, 0
787000, 223, 0, 0
788000, 203, 0, 0
789000, 197, 0, 0
790000, 211, 0, 0
791000, 209, 0, 0
792000, 206, 0, 0
793000, 222, 0, 0
794000, 202, 0, 0
795000, 221, 0, 0
796000, 204, 0, 0
797000, 193, 0, 0
798000, 198, 0, 0
799000, 219, 0, 0
800000, 225, 0, 0
801000, 207, 0, 0
802000, 224, 0, 0
803000, 212, 0, 0
804000, 199, 0, 0
805000, 195, 0, 0
806000, 226, 0, 0
807000, 205, 0, 0
808001, 168, 0, 0
809000, 196, 0, 0
810000, 192, 0, 0
811000, 219, 0, 0
812000, 220, 0, 0
813000, 233, 0, 0
814000, 210, 0, 0
815000, 207, 0, 0
816000, 194, 0, 0
817001, 207, 0, 0
818000, 199, 0, 0
819000, 215, 0, 0
820000, 200, 0, 0
821000, 203, 0, 0
822000, 186, 0, 0
823000, 220, 0, 0
824000, 205, 0, 0
825000, 209, 0, 0
826000, 174, 0, 0
827000, 211, 0, 0
828000, 191, 0, 0
829000, 203, 0, 0
830000, 210, 0, 0
831000, 192, 0, 0
832000, 196, 0, 0
833000, 224, 0, 0
833999, 208, 0, 0
834999, 216, 0, 0
835999, 219, 0, 0
836999, 193, 0, 0
837999, 203, 0, 0
838999, 203, 0, 0
839998, 183, 0, 0
840999, 194, 0, 0
841998, 215, 0, 0
842998, 173, 0, 0
843998, 210, 0, 0
844998, 194, 0, 0
845998, 190, 0, 0
846998, 201, 0, 0
847997, 199, 0, 0
848997, 219, 0, 0
849997, 204, 0, 0
850997, 211, 0, 0
851997, 197, 0, 0
852996, 219, 0, 0
853996, 203, 0, 0
854997, 193, 0, 0
855996, 188, 0, 0
856996, 205, 0, 0
857996, 217, 0, 0
858996, 210, 0, 0
859996, 183, 0, 0
860995, 190, 0, 0
861995, 215, 0, 0
862995, 180, 0, 0
863995, 213, 0, 0
864995, 205, 0, 0
865995, 208, 0, 0
866994, 195, 0, 0
867994, 206, 0, 0
868995, 197, 0, 0
869994, 211, 0, 0
870994, 190, 0, 0
871993, 185, 0, 0
872994, 202, 0, 0
873994, 200, 0, 0
874993, 193, 0, 0
875993, 196, 0, 0
876993, 205, 0, 0
877993, 207, 0, 0
878993, 185, 0, 0
879993, 206, 0, 0
880992, 192, 0, 0
881992, 196, 0, 0
882993, 199, 0, 0
883992, 211, 0, 0
884992, 206, 0, 0
885991, 182, 0, 0
886991, 187, 0, 0
887992, 183, 0, 0
888991, 206, 0, 0
889991, 212, 0, 0
890991, 181, 0, 0
892000, 194, 0, 0
892991, 229, 0, 0
893991, 224, 0, 0
895000, 189, 0, 0
896000, 199, 0, 0
896999, 202, 0, 0
897999, 203, 0, 0
899000, 203, 0, 0
900000, 186, 0, 0
900999, 200, 0, 0
902000, 186, 0, 0
903000, 197, 0, 0
903999, 199, 0, 0
905000, 183, 0, 0
906000, 193, 0, 0
906999, 217, 0, 0
908000, 192, 0, 0
909000, 205, 0, 0
909999, 193, 0, 0
910999, 196, 0, 0
912000, 199, 0, 0
912999, 198, 0, 0
913999, 199, 0, 0
915000, 185, 0, 0
916000, 180, 0, 0
916999, 210, 0, 0
918000, 197, 0, 0
919000, 205, 0, 0
919999, 195, 0, 0
920999, 195, 0, 0
922000, 201, 0, 0
923000, 182, 0, 0
923999, 179, 0, 0
925000, 192, 0, 0
926000, 194, 0, 0
926999, 196, 0, 0
927999, 185, 0, 0
929000, 223, 0, 0
930000, 194, 0, 0
930999, 197, 0, 0
931999, 200, 0, 0
933000, 185, 0, 0
934000, 200, 0, 0
934999, 183, 0, 0
935999, 188, 0, 0
937000, 191, 0, 0
938000, 180, 0, 0
938999, 185, 0, 0
940000, 215, 0, 0
941000, 196, 0, 0
941999, 180, 0, 0
942999, 195, 0, 0
944000, 198, 0, 0
944999, 180, 0, 0
945999, 187, 0, 0
947000, 194, 0, 0
948000, 195, 0, 0
948999, 189, 0, 0
950000, 189, 0, 0
951000, 195, 0, 0
951999, 190, 0, 0
952999, 207, 0, 0
954000, 186, 0, 0
955000, 186, 0, 0
955999, 180, 0, 0
957000, 206, 0, 0
958000, 193, 0, 0
958999, 202, 0, 0
959999, 178, 0, 0
961000, 196, 0, 0
961999, 176, 0, 0
962999, 197, 0, 0
964000, 189, 0, 0
965000, 193, 0, 0
965999, 193, 0, 0
966999, 173, 0, 0
968000, 167, 0, 0
969000, 190, 0, 0
969999, 162, 0, 0
970999, 179, 0, 0
972000, 165, 0, 0
972999, 182, 0, 0
973999, 179, 0, 0
975000, 182, 0, 0
976000, 186, 0, 0
976999, 179, 0, 0
977999, 184, 0, 0
979000, 180, 0, 0
979999, 177, 0, 0
980999, 168, 0, 0
982000, 165, 0, 0
983000, 182, 0, 0
983999, 181, 0, 0
985000, 168, 0, 0
986000, 170, 0, 0
986999, 162, 0, 0
987999, 174, 0, 0
989000, 171, 0, 0
990000, 180, 0, 0
990999, 171, 0, 0
991999, 177, 0, 0
993000, 176, 0, 0
994000, 171, 0, 0
994999, 157, 0, 0
996000, 164, 0, 0
997000, 154, 0, 0
997999, 163, 0, 0
999000, 197, 0, 0
1000000, 170, 0, 0
1000999, 174, 0, 0
1002000, 161, 0, 0
1003000, 173, 0, 0
1003999, 164, 0, 0
1004999, 167, 0, 0
1006000, 152, 0, 0
1006999, 157, 0, 0
1007999, 174, 0, 0
1009000, 157, 0, 0
1010000, 165, 0, 0
1010999, 162, 0, 0
1011999, 163, 0, 0
1013000, 150, 0, 0
1013999, 170, 0, 0
1014999, 161, 0, 0
1015999, 170, 0, 0
1017000, 153, 0, 0
1017999, 164, 0, 0
1018999, 166, 0, 0
1020000, 155, 0, 0
1021000, 157, 0, 0
1021999, 161, 0, 0
1023000, 161, 0, 0
1024000, 178, 0, 0
1024999, 154, 0, 0
1025999, 164, 0, 0
1027000, 147, 0, 0
1028000, 170, 0, 0
1028999, 151, 0, 0
1030000, 152, 0, 0
1031000, 174, 0, 0
1031999, 170, 0, 0
1033000, 146, 0, 0
1034000, 153, 0, 0
1034999, 165, 0, 0
1035999, 168, 0, 0
1037000, 148, 0, 0
1037999, 154, 0, 0
1038999, 157, 0, 0
1040000, 162, 0, 0
1041000, 155, 0, 0
1041999, 156, 0, 0
1042999, 162, 0, 0
1044000, 149, 0, 0
1044999, 143, 0, 0
1045999, 167, 0, 0
1047000, 147, 0, 0
1048000, 156, 0, 0
1048999, 162, 0, 0
1049999, 158, 0, 0
1051000, 161, 0, 0
1051999, 152, 0, 0
1052999, 142, 0, 0
1054000, 153, 0, 0
1054999, 148, 0, 0
1055999, 143, 0, 0
1057000, 157, 0, 0
1057999, 133, 0, 0
1058999, 151, 0, 0
1060000, 140, 0, 0
1060999, 150, 0, 0
1061999, 137, 0, 0
1063000, 154, 0, 0
1064000, 155, 0, 0
1064999, 152, 0, 0
1065999, 155, 0, 0
1067000, 136, 0, 0
1068000, 146, 0, 0
1068999, 154, 0, 0
1069999, 152, 0, 0
1071000, 146, 0, 0
1071999, 139, 0, 0
1072999, 151, 0, 0
1074000, 143, 0, 0
1075000, 148, 0, 0
1075999, 133, 0, 0
1076999, 147, 0, 0
1078000, 139, 0, 0
1078999, 162, 0, 0
1079999, 142, 0, 0
1081000, 145, 0, 0
1082000, 150, 0, 0
1082999, 140, 0, 0
1083999, 141, 0, 0
1085000, 141, 0, 0
1085999, 148, 0, 0
1086999, 133, 0, 0
1088000, 154, 0, 0
1089000, 141, 0, 0
1089999, 136, 0, 0
1090999, 153, 0, 0
1092000, 144, 0, 0
1092999, 132, 0, 0
1093999, 145, 0, 0
1095000, 139, 0, 0
1096000, 149, 0, 0
1096999, 152, 0, 0
1097999, 143, 0, 0
1099000, 135, 0, 0
1099999, 150, 0, 0
1100999, 138, 0, 0
1102000, 139, 0, 0
1103000, 141, 0, 0
1103999, 134, 0, 0
1105000, 146, 0, 0
1106000, 143, 0, 0
1106999, 141, 0, 0
1107999, 136, 0, 0
1109000, 143, 0, 0
1109999, 134, 0, 0
1110999, 140, 0, 0
1112000, 136, 0, 0
1112999, 133, 0, 0
1113999, 141, 0, 0
1115000, 148, 0, 0
1116000, 141, 0, 0
1116999, 132, 0, 0
1117999, 132, 0, 0
1119000, 128, 0, 0
1120000, 143, 0, 0
1120999, 135, 0, 0
1121999, 148, 0, 0
1123000, 133, 0, 0
1123999, 137, 0, 0
1124999, 140, 0, 0
1126000, 142, 0, 0
1127000, 136, 0, 0
1128000, 138, 0, 0
1128999, 140, 0, 0
1130000, 140, 0, 0
1130999, 134, 0, 0
1131999, 135, 0, 0
1133000, 129, 0, 0
1134000, 125, 0, 0
1134999, 142, 0, 0
1136000, 133, 0, 0
1137000, 139, 0, 0
1137999, 132, 0, 0
1138999, 133, 0, 0
1140000, 141, 0, 0
1141000, 140, 0, 0
1141999, 117, 0, 0
1143000, 132, 0, 0
1144000, 132, 0, 0
1144999, 138, 0, 0
1145999, 141, 0, 0
1147000, 139, 0, 0
1147999, 140, 0, 0
1148999, 131, 0, 0
1149999, 142, 0, 0
1151000, 143, 0, 0
1151999, 143, 0, 0
1152999, 140, 0, 0
1154000, 128, 0, 0
1154999, 142, 0, 0
1155999, 124, 0, 0
1157000, 139, 0, 0
1158000, 132, 0, 0
1158999, 137, 0, 0
1160000, 139, 0, 0
1161000, 145, 0, 0
1161999, 142, 0, 0
1162999, 124, 0, 0
1164000, 145, 0, 0
1165000, 133, 0, 0
1165999, 130, 0, 0
1167000, 130, 0, 0
1168000, 140, 0, 0
1169000, 131, 0, 0
1169999, 139, 0, 0
1171000, 132, 0, 0
1172000, 128, 0, 0
1172999, 139, 0, 0
1173999, 143, 0, 0
1175000, 139, 0, 0
1175999, 136, 0, 0
1176999, 124, 0, 0
1178000, 133, 0, 0
1179000, 141, 0, 0
1179999, 139, 0, 0
1181000, 129, 0, 0
1182000, 132, 0, 0
1182999, 144, 0, 0
1183999, 115, 0, 0
1185000, 139, 0, 0
1186000, 139, 0, 0
1186999, 134, 0, 0
1187999, 136, 0, 0
1189000, 136, 0, 0
1190000, 143, 0, 0
1190999, 136, 0, 0
1191999, 155, 0, 0
1193000, 129, 0, 0
1193999, 140, 0, 0
1194999, 139, 0, 0
1196000, 131, 0, 0
1197000, 142, 0, 0
1197999, 150, 0, 0
1198999, 129, 0, 0
1200000, 123, 0, 0
