1011, 99402975, 0, 0
2021, 250779275, 0, 0
3058, 159676089, 0, 0
4039, 258951419, 0, 0
5018, 156630071, 0, 0
6024, 106315971, 0, 0
7036, 96998362, 0, 0
8024, 250151804, 0, 0
9041, 219787599, 0, 0
10022, 203127288, 0, 0
11004, 261858130, 0, 0
12053, 117853945, 0, 0
13049, 171560934, 0, 0
14018, 139285431, 0, 0
15062, 221506224, 0, 0
16046, 164500422, 0, 0
17001, 139703995, 0, 0
18065, 228171226, 0, 0
19002, 200488485, 0, 0
20004, 51817182, 0, 0
21050, 307666850, 0, 0
22022, 116366281, 0, 0
23055, 335393564, 0, 0
24002, 219885372, 0, 0
25041, 77864604, 0, 0
26007, 349544424, 0, 0
27005, 85998799, 0, 0
28004, 365125241, 0, 0
29037, 128403472, 0, 0
30027, 115068301, 0, 0
31005, 150607696, 0, 0
32041, 172555580, 0, 0
33057, 299812247, 0, 0
34036, 264095000, 0, 0
35058, 162255069, 0, 0
36059, 253271465, 0, 0
37043, 236178951, 0, 0
38029, 403841858, 0, 0
39003, 80083152, 0, 0
40002, 169062133, 0, 0
41031, 291262139, 0, 0
42021, 253981709, 0, 0
43070, 112087327, 0, 0
44036, 153283673, 0, 0
45037, 80962279, 0, 0
46047, 212592051, 0, 0
47036, 168546935, 0, 0
48006, 126769465, 0, 0
49048, 120195395, 0, 0
50019, 114524579, 0, 0
51032, 153983699, 0, 0
52011, 89939677, 0, 0
53039, 103699313, 0, 0
54015, 317516153, 0, 0
55032, 118495857, 0, 0
56048, 67168969, 0, 0
57048, 109712709, 0, 0
58046, 283062971, 0, 0
59029, 127489472, 0, 0
60044, 138794471, 0, 0
61052, 134887535, 0, 0
62057, 317406315, 0, 0
63040, 221703026, 0, 0
64056, 144333634, 0, 0
65020, 235374497, 0, 0
66028, 172146221, 0, 0
67022, 265365098, 0, 0
68003, 318878846, 0, 0
69044, 281052711, 0, 0
70023, 132619884, 0, 0
71057, 228351906, 0, 0
72011, 403331577, 0, 0
73024, 296625928, 0, 0
74051, 166129715, 0, 0
75041, 140668273, 0, 0
76033, 206836026, 0, 0
77057, 138760144, 0, 0
78005, 80575008, 0, 0
79037, 134284059, 0, 0
80004, 258590472, 0, 0
81021, 156833776, 0, 0
82019, 294842430, 0, 0
83045, 111863232, 0, 0
84014, 74600430, 0, 0
85034, 188653988, 0, 0
86013, 203259306, 0, 0
87021, 217849514, 0, 0
88004, 155028572, 0, 0
89033, 106491161, 0, 0
90018, 154363057, 0, 0
91053, 170930727, 0, 0
92017, 138565351, 0, 0
93044, 157068425, 0, 0
94014, 248863585, 0, 0
95037, 276420356, 0, 0
96061, 146372836, 0, 0
97000, 77307259, 0, 0
98037, 249390125, 0, 0
99042, 373379354, 0, 0
100038, 300316737, 0, 0
101021, 257483567, 0, 0
102055, 177652094, 0, 0
103041, 64835029, 0, 0
104050, 148270213, 0, 0
105052, 94254230, 0, 0
106052, 380615234, 0, 0
107001, 306200734, 0, 0
108034, 97608991, 0, 0
109049, 174472206, 0, 0
110008, 269386260, 0, 0
111025, 310775453, 0, 0
112043, 193474436, 0, 0
113045, 117010188, 0, 0
114005, 345648274, 0, 0
115053, 350404595, 0, 0
116052, 234725823, 0, 0
117035, 172543775, 0, 0
118044, 277212151, 0, 0
119055, 149081539, 0, 0
120014, 216738811, 0, 0
121051, 342071687, 0, 0
122015, 260733469, 0, 0
123051, 313720628, 0, 0
124040, 381824441, 0, 0
125013, 98406180, 0, 0
126024, 152482401, 0, 0
127035, 201524508, 0, 0
128060, 223017725, 0, 0
129003, 287228616, 0, 0
130030, 257558795, 0, 0
131033, 236653941, 0, 0
132052, 248509270, 0, 0
133011, 141102441, 0, 0
134039, 180573094, 0, 0
135010, 223274537, 0, 0
136044, 248502324, 0, 0
137030, 299971205, 0, 0
138013, 295779139, 0, 0
139012, 256115008, 0, 0
140027, 254047087, 0, 0
141031, 247896694, 0, 0
142048, 268735120, 0, 0
143042, 189875847, 0, 0
144034, 181436897, 0, 0
145017, 325810944, 0, 0
146023, 282578924, 0, 0
147030, 237084743, 0, 0
148000, 268373031, 0, 0
149014, 260904679, 0, 0
150030, 256964602, 0, 0
151053, 244806644, 0, 0
152012, 127043584, 0, 0
153037, 328239010, 0, 0
154015, 162313144, 0, 0
155008, 153119361, 0, 0
156038, 201404834, 0, 0
157019, 222619664, 0, 0
158013, 258278572, 0, 0
159040, 172305586, 0, 0
160003, 189212118, 0, 0
161020, 158796333, 0, 0
162012, 185324501, 0, 0
163012, 291909053, 0, 0
164030, 365224764, 0, 0
165055, 332735027, 0, 0
166039, 366011856, 0, 0
167047, 249393225, 0, 0
168041, 245012372, 0, 0
169065, 283960276, 0, 0
170033, 281947503, 0, 0
171035, 240534928, 0, 0
172026, 200092850, 0, 0
173059, 161693614, 0, 0
174023, 256144085, 0, 0
175048, 241291583, 0, 0
176022, 247805862, 0, 0
177013, 231254723, 0, 0
178010, 284781985, 0, 0
179028, 286762340, 0, 0
180034, 211090931, 0, 0
181007, 235416440, 0, 0
182032, 278218268, 0, 0
183023, 246022193, 0, 0
184040, 244322801, 0, 0
185016, 288286996, 0, 0
186023, 276002119, 0, 0
187038, 302126194, 0, 0
188036, 299117574, 0, 0
189011, 250989647, 0, 0
190025, 166012295, 0, 0
191034, 181772605, 0, 0
192063, 229123241, 0, 0
193055, 192266527, 0, 0
194007, 177424819, 0, 0
195002, 240508159, 0, 0
196030, 265572408, 0, 0
197050, 255134961, 0, 0
198048, 263731406, 0, 0
199011, 286054303, 0, 0
200053, 259281979, 0, 0
201004, 227432262, 0, 0
202028, 242468822, 0, 0
203023, 232549163, 0, 0
204059, 248266723, 0, 0
205009, 270973584, 0, 0
206016, 242404108, 0, 0
207041, 233430940, 0, 0
208008, 262038436, 0, 0
209031, 244153599, 0, 0
210050, 224212551, 0, 0
211001, 186385184, 0, 0
212050, 210231904, 0, 0
213049, 262013928, 0, 0
214035, 335363698, 0, 0
215059, 242255995, 0, 0
216036, 182134711, 0, 0
217031, 239260968, 0, 0
218015, 255791028, 0, 0
219108, 305263795, 0, 0
220019, 280669882, 0, 0
221058, 303746937, 0, 0
222021, 271823417, 0, 0
223042, 245041564, 0, 0
224027, 170799583, 0, 0
225052, 166078152, 0, 0
226032, 173221524, 0, 0
227038, 203398117, 0, 0
228043, 255329437, 0, 0
229048, 212197375, 0, 0
230055, 179460696, 0, 0
231035, 165814068, 0, 0
232023, 241131162, 0, 0
233024, 261000616, 0, 0
234028, 200538890, 0, 0
235037, 243822424, 0, 0
236014, 278407406, 0, 0
237033, 304843185, 0, 0
238011, 289776464, 0, 0
239021, 329886513, 0, 0
240029, 264174450, 0, 0
241021, 193540537, 0, 0
242045, 221454816, 0, 0
243053, 236580899, 0, 0
244056, 206586454, 0, 0
245052, 183413896, 0, 0
246000, 214786968, 0, 0
247009, 227506250, 0, 0
248038, 252487076, 0, 0
249015, 265669261, 0, 0
250060, 335766972, 0, 0
251060, 278361992, 0, 0
252044, 278779492, 0, 0
253030, 236861857, 0, 0
254027, 229742535, 0, 0
255021, 201841126, 0, 0
256027, 215043091, 0, 0
257057, 222620551, 0, 0
258058, 234240271, 0, 0
259063, 246556177, 0, 0
260032, 237823918, 0, 0
261034, 249703278, 0, 0
262035, 224011301, 0, 0
263057, 231841936, 0, 0
264022, 217461558, 0, 0
265038, 263875728, 0, 0
266005, 304858343, 0, 0
267032, 227870418, 0, 0
268003, 205775305, 0, 0
269054, 277547710, 0, 0
270039, 255121365, 0, 0
271051, 300781344, 0, 0
272054, 296836027, 0, 0
273012, 293676998, 0, 0
274042, 291768078, 0, 0
275053, 247029520, 0, 0
276030, 231497710, 0, 0
277044, 268790346, 0, 0
278017, 278934519, 0, 0
279021, 215030755, 0, 0
280039, 247518547, 0, 0
281021, 263950242, 0, 0
282052, 271796808, 0, 0
283046, 275183646, 0, 0
284001, 234818250, 0, 0
285045, 231100522, 0, 0
286005, 226473784, 0, 0
287008, 214418886, 0, 0
288054, 174574982, 0, 0
289033, 233556483, 0, 0
290040, 263343824, 0, 0
291068, 227395041, 0, 0
292020, 189943355, 0, 0
293000, 217803872, 0, 0
294051, 194911608, 0, 0
295049, 182011785, 0, 0
296011, 202656639, 0, 0
297014, 203170446, 0, 0
298004, 189754050, 0, 0
299033, 233860510, 0, 0
300045, 274360818, 0, 0
301052, 196098255, 0, 0
302011, 205724766, 0, 0
303019, 248681907, 0, 0
304052, 268560007, 0, 0
305008, 219563392, 0, 0
306041, 217190990, 0, 0
307030, 217038594, 0, 0
308053, 229770903, 0, 0
309010, 201003869, 0, 0
310033, 213707706, 0, 0
311036, 200682258, 0, 0
312027, 203595401, 0, 0
313019, 241531639, 0, 0
314035, 211485239, 0, 0
315036, 206358415, 0, 0
316033, 258158620, 0, 0
317042, 217539876, 0, 0
318012, 262809422, 0, 0
319004, 209678823, 0, 0
320030, 237265291, 0, 0
321062, 189247640, 0, 0
322028, 192813152, 0, 0
323056, 230883699, 0, 0
324012, 227502821, 0, 0
325045, 238502919, 0, 0
326037, 261412161, 0, 0
327039, 245472199, 0, 0
328008, 226342655, 0, 0
329009, 232489154, 0, 0
330038, 252274736, 0, 0
331049, 241710702, 0, 0
332056, 214871646, 0, 0
333034, 266660833, 0, 0
334031, 248141901, 0, 0
335005, 219606738, 0, 0
336053, 225720045, 0, 0
337029, 196513814, 0, 0
338022, 205949648, 0, 0
339003, 196389178, 0, 0
340033, 216496411, 0, 0
341028, 215057358, 0, 0
342055, 186990758, 0, 0
343048, 210291198, 0, 0
344020, 195951628, 0, 0
345001, 229246309, 0, 0
346028, 228905921, 0, 0
347046, 189989045, 0, 0
348030, 219196538, 0, 0
349016, 249835061, 0, 0
350044, 251310652, 0, 0
351000, 265385272, 0, 0
352048, 238275271, 0, 0
353025, 256703627, 0, 0
354055, 219182618, 0, 0
355056, 248840952, 0, 0
356056, 219293235, 0, 0
357049, 228013446, 0, 0
358013, 194524477, 0, 0
359044, 186470483, 0, 0
360044, 202986046, 0, 0
361006, 214855478, 0, 0
362001, 237753150, 0, 0
363017, 219191022, 0, 0
364032, 177141829, 0, 0
365000, 214615291, 0, 0
366045, 210868133, 0, 0
367023, 247549632, 0, 0
368003, 226019962, 0, 0
369018, 216221759, 0, 0
370009, 202060149, 0, 0
371018, 261337461, 0, 0
372017, 210302955, 0, 0
373010, 197757317, 0, 0
374021, 182573461, 0, 0
375030, 183016916, 0, 0
376013, 216586910, 0, 0
377056, 216244731, 0, 0
378033, 228455954, 0, 0
379037, 217229315, 0, 0
380032, 256243618, 0, 0
381078, 217672982, 0, 0
382025, 244646355, 0, 0
383035, 221687199, 0, 0
384055, 201636809, 0, 0
385002, 202965885, 0, 0
386038, 208042590, 0, 0
387001, 219997066, 0, 0
388004, 214191918, 0, 0
389026, 228291459, 0, 0
390040, 231862582, 0, 0
391005, 213584973, 0, 0
392019, 225609077, 0, 0
393044, 190276123, 0, 0
394005, 227562837, 0, 0
395048, 235316141, 0, 0
396006, 226559016, 0, 0
397005, 197016546, 0, 0
398011, 194784751, 0, 0
399025, 206665644, 0, 0
400056, 220341230, 0, 0
401021, 266025996, 0, 0
402000, 272358895, 0, 0
403047, 214255559, 0, 0
404000, 246386636, 0, 0
405029, 240838987, 0, 0
406031, 246168451, 0, 0
407005, 231660484, 0, 0
408019, 239777590, 0, 0
409043, 229718055, 0, 0
410003, 225133928, 0, 0
411024, 207759379, 0, 0
412020, 213878229, 0, 0
413022, 195420263, 0, 0
414030, 217521473, 0, 0
415030, 195888523, 0, 0
416035, 228369650, 0, 0
417027, 215568491, 0, 0
418046, 204762717, 0, 0
419031, 227192945, 0, 0
420046, 230523753, 0, 0
421053, 206967783, 0, 0
422008, 211517457, 0, 0
423031, 214365418, 0, 0
424008, 219403788, 0, 0
425024, 234405687, 0, 0
426039, 220244414, 0, 0
427051, 230488224, 0, 0
428049, 214924544, 0, 0
429025, 184186334, 0, 0
430012, 196279998, 0, 0
431012, 209429489, 0, 0
432046, 180089489, 0, 0
433005, 216486796, 0, 0
434036, 221979845, 0, 0
435051, 212108085, 0, 0
436046, 188162461, 0, 0
437045, 241285975, 0, 0
438002, 227073987, 0, 0
439038, 209492855, 0, 0
440013, 188946987, 0, 0
441004, 224232659, 0, 0
442044, 251014771, 0, 0
443026, 214695219, 0, 0
444030, 231426123, 0, 0
445019, 233620600, 0, 0
446033, 224280809, 0, 0
447011, 202088195, 0, 0
448044, 193749009, 0, 0
449048, 231693545, 0, 0
450005, 235981380, 0, 0
451058, 187255991, 0, 0
452011, 213710499, 0, 0
453052, 190988607, 0, 0
454008, 211588404, 0, 0
455013, 210158422, 0, 0
456053, 207373703, 0, 0
457015, 204196512, 0, 0
458029, 199167050, 0, 0
459004, 216134092, 0, 0
460039, 213415132, 0, 0
461024, 229641119, 0, 0
462003, 235200864, 0, 0
463039, 220979278, 0, 0
464044, 202201186, 0, 0
465007, 179855651, 0, 0
466026, 205892228, 0, 0
467049, 199432870, 0, 0
468023, 223245797, 0, 0
469045, 206114518, 0, 0
470059, 221027892, 0, 0
471049, 175794847, 0, 0
472015, 213350192, 0, 0
473061, 191782603, 0, 0
474003, 222459316, 0, 0
475028, 190288051, 0, 0
476041, 209530255, 0, 0
477031, 197910806, 0, 0
478051, 208474156, 0, 0
479002, 189905843, 0, 0
480015, 203986673, 0, 0
481022, 203497955, 0, 0
482063, 214641614, 0, 0
483031, 211351777, 0, 0
484048, 220212225, 0, 0
485041, 159275841, 0, 0
486044, 215936111, 0, 0
487055, 219026080, 0, 0
488025, 194250422, 0, 0
489021, 229836333, 0, 0
490016, 191344990, 0, 0
491060, 201521582, 0, 0
492010, 210691054, 0, 0
493008, 226604962, 0, 0
494068, 220874306, 0, 0
495027, 227062925, 0, 0
496000, 212636995, 0, 0
497035, 211037257, 0, 0
498003, 215186748, 0, 0
499045, 180506431, 0, 0
500048, 217454013, 0, 0
501005, 226659962, 0, 0
502047, 214199758, 0, 0
503046, 230957541, 0, 0
504031, 187231863, 0, 0
505041, 205571461, 0, 0
506034, 201916805, 0, 0
507050, 192204005, 0, 0
508034, 201295910, 0, 0
509009, 221526039, 0, 0
510038, 227517334, 0, 0
511024, 232103906, 0, 0
512023, 243449570, 0, 0
513054, 171127984, 0, 0
514044, 193411344, 0, 0
515041, 212961447, 0, 0
516013, 190686976, 0, 0
517042, 168275692, 0, 0
518056, 183125711, 0, 0
519025, 190740483, 0, 0
520028, 182202671, 0, 0
521031, 213455065, 0, 0
522047, 213335747, 0, 0
523028, 189216783, 0, 0
524049, 185727798, 0, 0
525048, 189349926, 0, 0
526018, 204577180, 0, 0
527034, 202442962, 0, 0
528013, 177044007, 0, 0
529035, 201829003, 0, 0
530029, 204860655, 0, 0
531002, 202457095, 0, 0
532008, 187197170, 0, 0
533031, 183455444, 0, 0
534030, 159751449, 0, 0
535042, 209067503, 0, 0
536030, 213459131, 0, 0
537035, 204055247, 0, 0
538007, 218682465, 0, 0
539022, 202535956, 0, 0
540047, 210352129, 0, 0
541010, 183734348, 0, 0
542012, 194236776, 0, 0
543008, 209018779, 0, 0
544037, 213341687, 0, 0
545043, 209240501, 0, 0
546033, 203318251, 0, 0
547016, 174517601, 0, 0
548002, 211419921, 0, 0
549016, 187459577, 0, 0
550036, 195233884, 0, 0
551002, 197133393, 0, 0
552001, 195312371, 0, 0
553018, 186288128, 0, 0
554048, 202472621, 0, 0
555010, 180110509, 0, 0
556017, 187395519, 0, 0
557047, 172985597, 0, 0
558045, 215178702, 0, 0
559003, 186818830, 0, 0
560038, 202067943, 0, 0
561030, 201192762, 0, 0
562008, 202124119, 0, 0
563033, 203728075, 0, 0
564037, 188794259, 0, 0
565019, 204114207, 0, 0
566036, 219823209, 0, 0
567006, 198233036, 0, 0
568003, 189594188, 0, 0
569043, 203290913, 0, 0
570034, 188027280, 0, 0
571011, 168853663, 0, 0
572026, 195334958, 0, 0
573047, 203706356, 0, 0
574055, 183403054, 0, 0
575014, 203498844, 0, 0
576024, 213070481, 0, 0
577006, 212790393, 0, 0
578015, 204356681, 0, 0
579030, 207543034, 0, 0
580019, 191703797, 0, 0
581001, 205485718, 0, 0
582052, 213663694, 0, 0
583054, 189354312, 0, 0
584053, 170567530, 0, 0
585025, 168922692, 0, 0
586057, 157452588, 0, 0
587053, 163020357, 0, 0
588045, 225379495, 0, 0
589046, 200046969, 0, 0
590042, 188669806, 0, 0
591000, 172071849, 0, 0
592056, 178361694, 0, 0
593048, 195722720, 0, 0
594036, 186452894, 0, 0
595054, 185951058, 0, 0
596057, 211280634, 0, 0
597061, 226341456, 0, 0
598042, 171523744, 0, 0
599015, 175763685, 0, 0
600015, 178443400, 0, 0
601038, 162817221, 0, 0
602066, 173281118, 0, 0
603024, 196586038, 0, 0
604008, 176795292, 0, 0
605019, 169934490, 0, 0
606041, 213319479, 0, 0
607022, 176414105, 0, 0
608048, 164678797, 0, 0
609022, 208980451, 0, 0
610054, 184965329, 0, 0
611034, 218995523, 0, 0
612010, 193904042, 0, 0
613052, 210085654, 0, 0
614047, 191158849, 0, 0
615055, 172082765, 0, 0
616053, 205934297, 0, 0
617001, 197989567, 0, 0
618031, 191963255, 0, 0
619008, 179789413, 0, 0
620000, 201900236, 0, 0
621057, 195526970, 0, 0
622024, 240709425, 0, 0
623019, 185750672, 0, 0
624016, 216371540, 0, 0
625011, 194550144, 0, 0
626049, 191772568, 0, 0
627012, 168316722, 0, 0
628060, 180532976, 0, 0
629003, 181101329, 0, 0
630001, 176800721, 0, 0
631027, 160409466, 0, 0
632049, 171571552, 0, 0
633055, 159767356, 0, 0
634052, 191767623, 0, 0
635019, 167259426, 0, 0
636016, 195779351, 0, 0
637068, 203147039, 0, 0
638031, 188329901, 0, 0
639052, 186317134, 0, 0
640051, 155971618, 0, 0
641008, 169463282, 0, 0
642053, 157521348, 0, 0
643000, 185379129, 0, 0
644015, 161838109, 0, 0
645043, 151129051, 0, 0
646040, 154888077, 0, 0
647054, 158401479, 0, 0
648001, 183551281, 0, 0
649035, 185320017, 0, 0
650008, 168480885, 0, 0
651031, 174103346, 0, 0
652024, 184152181, 0, 0
653005, 159637424, 0, 0
654037, 162905696, 0, 0
655019, 167395190, 0, 0
656000, 179421347, 0, 0
657000, 168455703, 0, 0
658014, 188184923, 0, 0
659041, 151995665, 0, 0
660012, 176313198, 0, 0
661040, 200106787, 0, 0
662052, 188866975, 0, 0
663016, 179752067, 0, 0
664048, 208768084, 0, 0
665032, 176828104, 0, 0
666030, 182966593, 0, 0
667049, 190214580, 0, 0
668035, 177592233, 0, 0
669011, 202023277, 0, 0
670035, 202639391, 0, 0
671014, 173302243, 0, 0
672025, 205727773, 0, 0
673045, 154495052, 0, 0
674027, 167149030, 0, 0
675049, 157643004, 0, 0
676003, 143054712, 0, 0
677026, 189177789, 0, 0
678064, 174280844, 0, 0
679032, 173161194, 0, 0
680006, 150316852, 0, 0
681010, 247482331, 0, 0
682044, 197534418, 0, 0
683003, 219463042, 0, 0
684052, 193070640, 0, 0
685002, 140506741, 0, 0
686008, 157381517, 0, 0
687049, 153450841, 0, 0
688026, 181487877, 0, 0
689052, 134378622, 0, 0
690009, 145527647, 0, 0
691024, 139406084, 0, 0
692007, 101675137, 0, 0
693015, 147706659, 0, 0
694015, 177981644, 0, 0
695031, 215319865, 0, 0
696008, 176351486, 0, 0
697006, 184397309, 0, 0
698009, 162238408, 0, 0
699017, 179211013, 0, 0
700044, 196839222, 0, 0
701010, 176601246, 0, 0
702014, 187650301, 0, 0
703004, 198695553, 0, 0
704059, 174196123, 0, 0
705062, 217617516, 0, 0
706014, 238401850, 0, 0
707027, 164451860, 0, 0
708029, 151364486, 0, 0
709026, 204939464, 0, 0
710031, 213449257, 0, 0
711030, 141704365, 0, 0
712003, 167628460, 0, 0
713053, 186283049, 0, 0
714055, 135173064, 0, 0
715058, 149934327, 0, 0
716041, 157564753, 0, 0
717032, 188914551, 0, 0
718003, 162279756, 0, 0
719049, 198640740, 0, 0
720016, 208847682, 0, 0
721038, 205212119, 0, 0
722014, 160956619, 0, 0
723052, 207881359, 0, 0
724022, 195946719, 0, 0
725047, 187724229, 0, 0
726030, 161085148, 0, 0
727004, 197751686, 0, 0
728033, 215831083, 0, 0
729012, 213371014, 0, 0
730042, 154965213, 0, 0
731007, 167557401, 0, 0
732010, 166299939, 0, 0
733028, 231971874, 0, 0
734008, 203796023, 0, 0
735045, 145656829, 0, 0
736030, 176106382, 0, 0
737060, 239961274, 0, 0
738039, 192382887, 0, 0
739049, 194471213, 0, 0
740053, 148861594, 0, 0
741046, 145209987, 0, 0
742045, 196470271, 0, 0
743031, 234192960, 0, 0
744001, 219953181, 0, 0
745049, 222213604, 0, 0
746049, 216083040, 0, 0
747001, 151377889, 0, 0
748063, 197970388, 0, 0
749015, 224312047, 0, 0
750003, 209825240, 0, 0
751032, 163626244, 0, 0
752041, 196277103, 0, 0
753033, 182900628, 0, 0
754014, 157434989, 0, 0
755002, 177408121, 0, 0
756025, 145275335, 0, 0
757029, 191844127, 0, 0
758004, 217896106, 0, 0
759054, 191912871, 0, 0
760031, 178395396, 0, 0
761003, 179021196, 0, 0
762043, 174246408, 0, 0
763041, 186221706, 0, 0
764033, 229942532, 0, 0
765029, 206200545, 0, 0
766031, 206548672, 0, 0
767002, 165038271, 0, 0
768009, 151462790, 0, 0
769045, 183881997, 0, 0
770042, 177355139, 0, 0
771018, 174388587, 0, 0
772038, 222419190, 0, 0
773038, 188645747, 0, 0
774024, 206286124, 0, 0
775040, 149554251, 0, 0
776041, 157060226, 0, 0
777005, 182855556, 0, 0
778010, 185291939, 0, 0
779024, 199831109, 0, 0
780026, 173483068, 0, 0
781050, 205652653, 0, 0
782029, 174364955, 0, 0
783023, 168374721, 0, 0
784010, 201389454, 0, 0
785047, 140207619, 0, 0
786026, 156923220, 0, 0
787011, 176979126, 0, 0
788011, 165861631, 0, 0
789021, 219030791, 0, 0
790010, 186736627, 0, 0
791052, 218088202, 0, 0
792030, 195425249, 0, 0
793010, 164696958, 0, 0
794058, 174477514, 0, 0
795002, 154031254, 0, 0
796015, 184645667, 0, 0
797033, 155248894, 0, 0
798003, 204410259, 0, 0
799040, 217197272, 0, 0
800009, 195813308, 0, 0
801025, 195753622, 0, 0
802045, 150727930, 0, 0
803017, 182267819, 0, 0
804043, 200780510, 0, 0
805045, 202278197, 0, 0
806054, 180407045, 0, 0
807028, 149636466, 0, 0
808050, 184805832, 0, 0
809023, 215207749, 0, 0
810021, 204879524, 0, 0
811041, 182428000, 0, 0
812047, 156940494, 0, 0
813059, 209519401, 0, 0
814029, 217609520, 0, 0
815003, 160502606, 0, 0
816014, 166330336, 0, 0
817047, 168822346, 0, 0
818035, 167780623, 0, 0
819045, 206624219, 0, 0
820034, 145884138, 0, 0
821016, 155974470, 0, 0
822002, 233316033, 0, 0
823059, 213052009, 0, 0
824009, 190131563, 0, 0
825047, 197083774, 0, 0
826031, 171355188, 0, 0
827058, 176280234, 0, 0
828024, 185145147, 0, 0
829046, 192615200, 0, 0
830044, 217086435, 0, 0
831011, 210474451, 0, 0
832059, 169653521, 0, 0
833010, 155370050, 0, 0
834035, 181495230, 0, 0
835002, 186597486, 0, 0
836042, 205973527, 0, 0
837037, 162551845, 0, 0
838004, 139695609, 0, 0
839045, 161332152, 0, 0
840004, 208793915, 0, 0
841006, 213165777, 0, 0
842032, 227382237, 0, 0
843030, 196124416, 0, 0
844042, 186973244, 0, 0
845014, 199247649, 0, 0
846058, 214866907, 0, 0
847006, 195355883, 0, 0
848000, 161956643, 0, 0
849059, 178755199, 0, 0
850032, 176453657, 0, 0
851027, 160168909, 0, 0
852059, 138118980, 0, 0
853015, 147688448, 0, 0
854000, 148689844, 0, 0
855060, 218443004, 0, 0
856046, 236980706, 0, 0
857006, 210833044, 0, 0
858011, 224301146, 0, 0
859032, 162979734, 0, 0
860001, 146646612, 0, 0
861028, 152298911, 0, 0
862039, 171388362, 0, 0
863013, 153234087, 0, 0
864000, 175158624, 0, 0
865015, 202334890, 0, 0
866022, 179717451, 0, 0
867053, 172962412, 0, 0
868010, 181460181, 0, 0
869034, 205842875, 0, 0
870016, 216905153, 0, 0
871039, 213152116, 0, 0
872027, 187189501, 0, 0
873034, 172645718, 0, 0
874005, 150624968, 0, 0
875031, 141189927, 0, 0
876046, 200389596, 0, 0
877029, 197057418, 0, 0
878038, 174511354, 0, 0
879027, 172378706, 0, 0
880052, 176736179, 0, 0
881026, 155119650, 0, 0
882043, 166599667, 0, 0
883044, 179782887, 0, 0
884008, 162396777, 0, 0
885043, 187367813, 0, 0
886014, 196792012, 0, 0
887039, 175716120, 0, 0
888135, 177223561, 0, 0
889002, 208697884, 0, 0
890055, 200559412, 0, 0
891004, 177284781, 0, 0
892003, 158792289, 0, 0
893045, 196849487, 0, 0
894019, 212727630, 0, 0
895014, 181566823, 0, 0
896026, 157722158, 0, 0
897014, 163665667, 0, 0
898049, 168383292, 0, 0
899040, 163821519, 0, 0
900050, 158303631, 0, 0
901018, 160687938, 0, 0
902022, 172298295, 0, 0
903033, 172217528, 0, 0
904032, 204166671, 0, 0
905050, 205361531, 0, 0
906022, 195056450, 0, 0
907037, 181096984, 0, 0
908024, 208456508, 0, 0
909025, 183941184, 0, 0
910059, 154238580, 0, 0
911010, 179245113, 0, 0
912051, 153764196, 0, 0
913031, 158231429, 0, 0
914009, 161350050, 0, 0
915010, 128468844, 0, 0
916030, 158734030, 0, 0
917030, 198849920, 0, 0
918059, 200429409, 0, 0
919056, 199183308, 0, 0
920030, 173089452, 0, 0
921012, 154268040, 0, 0
922030, 138854706, 0, 0
923053, 141167244, 0, 0
924060, 159664608, 0, 0
925059, 143397403, 0, 0
926007, 155721100, 0, 0
927046, 173244120, 0, 0
928058, 147664616, 0, 0
929015, 165394736, 0, 0
930016, 162041831, 0, 0
931020, 140402460, 0, 0
932036, 156160381, 0, 0
933044, 160098908, 0, 0
934012, 166454663, 0, 0
935040, 129310920, 0, 0
936048, 162813901, 0, 0
937017, 137981692, 0, 0
938023, 133100653, 0, 0
939042, 121189313, 0, 0
940006, 135767500, 0, 0
941016, 148241556, 0, 0
942045, 162444894, 0, 0
943013, 130670541, 0, 0
944062, 159218181, 0, 0
945043, 135876325, 0, 0
946058, 139344498, 0, 0
947027, 132789166, 0, 0
948023, 130557759, 0, 0
949019, 135454924, 0, 0
950000, 130678544, 0, 0
951053, 118782879, 0, 0
952023, 130010789, 0, 0
953041, 127173469, 0, 0
954028, 134732167, 0, 0
955051, 138799675, 0, 0
956003, 141192369, 0, 0
957007, 131624724, 0, 0
958050, 144878532, 0, 0
959028, 150635116, 0, 0
960029, 144778700, 0, 0
961051, 152499938, 0, 0
962060, 127785406, 0, 0
963051, 137977008, 0, 0
964023, 140195152, 0, 0
965016, 164403677, 0, 0
966040, 127723589, 0, 0
967042, 162741281, 0, 0
968024, 144742042, 0, 0
969056, 131359460, 0, 0
970042, 141300063, 0, 0
971012, 133547178, 0, 0
972024, 151216136, 0, 0
973010, 108331379, 0, 0
974050, 135587083, 0, 0
975007, 142960927, 0, 0
976028, 134334965, 0, 0
977008, 143341731, 0, 0
978019, 116104554, 0, 0
979034, 138314915, 0, 0
980035, 125139712, 0, 0
981035, 134320174, 0, 0
982040, 133999561, 0, 0
983003, 133601393, 0, 0
984023, 148236524, 0, 0
985044, 130681671, 0, 0
986040, 114324839, 0, 0
987041, 143632577, 0, 0
988023, 158793530, 0, 0
989006, 138963336, 0, 0
990008, 124142706, 0, 0
991048, 130261352, 0, 0
992019, 106538837, 0, 0
993033, 120366325, 0, 0
994019, 123220539, 0, 0
995041, 137433935, 0, 0
996012, 118890159, 0, 0
997005, 134703316, 0, 0
998015, 115769967, 0, 0
999028, 111278787, 0, 0
1000048, 126093405, 0, 0
1001031, 119238123, 0, 0
1002016, 113536695, 0, 0
1003023, 110614495, 0, 0
1004029, 127782111, 0, 0
1005038, 122684718, 0, 0
1006017, 133109008, 0, 0
1007061, 110381859, 0, 0
1008023, 134365321, 0, 0
1009036, 127000134, 0, 0
1010051, 131719909, 0, 0
1011049, 127114309, 0, 0
1012004, 124491654, 0, 0
1013062, 117614505, 0, 0
1014031, 144097858, 0, 0
1015034, 111309531, 0, 0
1016024, 131840381, 0, 0
1017022, 129107328, 0, 0
1018006, 97859714, 0, 0
1019050, 126184335, 0, 0
1020039, 130271803, 0, 0
1021000, 95661656, 0, 0
1022000, 120119773, 0, 0
1023041, 135146311, 0, 0
1024034, 118398491, 0, 0
1025051, 124596685, 0, 0
1026019, 125415430, 0, 0
1027010, 135161800, 0, 0
1028017, 113429972, 0, 0
1029044, 118396071, 0, 0
1030048, 114263271, 0, 0
1031031, 107429887, 0, 0
1032029, 114461706, 0, 0
1033003, 118861598, 0, 0
1034001, 124505138, 0, 0
1035043, 121235296, 0, 0
1036045, 114902954, 0, 0
1037057, 130220636, 0, 0
1038037, 125890523, 0, 0
1039038, 155639288, 0, 0
1040038, 121219668, 0, 0
1041011, 119558583, 0, 0
1042025, 113111513, 0, 0
1043010, 128927656, 0, 0
1044026, 117408728, 0, 0
1045046, 116239236, 0, 0
1046043, 128863182, 0, 0
1047002, 120737014, 0, 0
1048047, 131809899, 0, 0
1049027, 131056306, 0, 0
1050034, 125564534, 0, 0
1051010, 106820275, 0, 0
1052029, 122629999, 0, 0
1053054, 125630278, 0, 0
1054058, 139244806, 0, 0
1055018, 131602568, 0, 0
1056020, 119506605, 0, 0
1057029, 116175751, 0, 0
1058013, 105197561, 0, 0
1059029, 121230023, 0, 0
1060030, 127473914, 0, 0
1061009, 119097715, 0, 0
1062034, 113850031, 0, 0
1063009, 116378737, 0, 0
1064007, 122229494, 0, 0
1065033, 150485512, 0, 0
1066029, 146651635, 0, 0
1067035, 124209452, 0, 0
1068005, 116214730, 0, 0
1069033, 122248057, 0, 0
1070021, 127358991, 0, 0
1071053, 132025091, 0, 0
1072049, 140168860, 0, 0
1073039, 113799383, 0, 0
1074047, 135150164, 0, 0
1075003, 122014558, 0, 0
1076042, 133581013, 0, 0
1077020, 112540757, 0, 0
1078044, 130676655, 0, 0
1079024, 133524614, 0, 0
1080023, 102013613, 0, 0
1081058, 136806239, 0, 0
1082051, 141774282, 0, 0
1083036, 130849607, 0, 0
1084024, 119305524, 0, 0
1085044, 139803615, 0, 0
1086002, 116954195, 0, 0
1087053, 132419667, 0, 0
1088025, 147246421, 0, 0
1089030, 161766132, 0, 0
1090004, 154757416, 0, 0
1091020, 132615677, 0, 0
1092048, 127822500, 0, 0
1093030, 122382897, 0, 0
1094036, 130658036, 0, 0
1095050, 139367020, 0, 0
1096025, 134269343, 0, 0
1097046, 125273705, 0, 0
1098040, 118064149, 0, 0
1099033, 129016374, 0, 0
1100048, 135871615, 0, 0
1101011, 130506078, 0, 0
1102049, 135530065, 0, 0
1103012, 125897406, 0, 0
1104014, 154340420, 0, 0
1105008, 170746943, 0, 0
1106053, 148118217, 0, 0
1107040, 139776303, 0, 0
1108020, 135185007, 0, 0
1109028, 143146712, 0, 0
1110013, 127300605, 0, 0
1111023, 134623969, 0, 0
1112029, 141382963, 0, 0
1113049, 141727270, 0, 0
1114043, 139052427, 0, 0
1115042, 137228242, 0, 0
1116012, 142496256, 0, 0
1117056, 134287456, 0, 0
1118038, 130883023, 0, 0
1119013, 136255453, 0, 0
1120054, 152840237, 0, 0
1121046, 146699696, 0, 0
1122009, 140341124, 0, 0
1123006, 164677554, 0, 0
1124042, 145644025, 0, 0
1125052, 127554388, 0, 0
1126001, 138070435, 0, 0
1127049, 139376774, 0, 0
1128048, 139992436, 0, 0
1129037, 128119298, 0, 0
1130047, 145848187, 0, 0
1131054, 143711458, 0, 0
1132003, 159658373, 0, 0
1133046, 149649626, 0, 0
1134015, 143579067, 0, 0
1135000, 141500567, 0, 0
1136047, 148910978, 0, 0
1137016, 152463645, 0, 0
1138047, 139577563, 0, 0
1139012, 144260917, 0, 0
1140025, 177199047, 0, 0
1141061, 147467589, 0, 0
1142000, 147340866, 0, 0
1143027, 143272890, 0, 0
1144042, 148530239, 0, 0
1145038, 140888104, 0, 0
1146064, 153377396, 0, 0
1147044, 163497767, 0, 0
1148013, 149682755, 0, 0
1149032, 156527500, 0, 0
1150054, 155612031, 0, 0
1151016, 155526290, 0, 0
1152031, 163794233, 0, 0
1153000, 137613830, 0, 0
1154036, 152817646, 0, 0
1155058, 148460446, 0, 0
1156029, 157995242, 0, 0
1157048, 136262896, 0, 0
1158038, 154436991, 0, 0
1159041, 174643704, 0, 0
1160007, 164460508, 0, 0
1161027, 152573184, 0, 0
1162004, 158612965, 0, 0
1163044, 160526477, 0, 0
1164041, 168287089, 0, 0
1165050, 148503437, 0, 0
1166013, 159687420, 0, 0
1167044, 147985494, 0, 0
1168025, 156242890, 0, 0
1169023, 154938826, 0, 0
1170011, 159184114, 0, 0
1171018, 146737237, 0, 0
1172023, 183100358, 0, 0
1173061, 149441645, 0, 0
1174020, 186954390, 0, 0
1175046, 165523569, 0, 0
1176071, 130859632, 0, 0
1177052, 169899767, 0, 0
1178020, 147861601, 0, 0
1179050, 160141392, 0, 0
1180030, 189470557, 0, 0
1181014, 146922208, 0, 0
1182032, 163559575, 0, 0
1183000, 160008639, 0, 0
1184047, 171151726, 0, 0
1185010, 145158101, 0, 0
1186000, 158027188, 0, 0
1187013, 163636949, 0, 0
1188037, 145404344, 0, 0
1189051, 148288679, 0, 0
1190049, 141745778, 0, 0
1191000, 161033844, 0, 0
1192026, 150736451, 0, 0
1193007, 155755008, 0, 0
1194021, 165774398, 0, 0
1195039, 146717817, 0, 0
1196017, 161572770, 0, 0
1197061, 153932708, 0, 0
1198047, 171191889, 0, 0
1199036, 118447227, 0, 0
1200049, 167695194, 0, 0
1201032, 175066232, 0, 0
1202047, 158868190, 0, 0
1203019, 178443793, 0, 0
1204013, 163519324, 0, 0
1205041, 160452492, 0, 0
1206006, 154487484, 0, 0
1207058, 151088006, 0, 0
1208017, 165880845, 0, 0
1209040, 155651128, 0, 0
1210024, 139686054, 0, 0
1211009, 164674964, 0, 0
1212027, 141535348, 0, 0
1213057, 156161291, 0, 0
1214032, 168408424, 0, 0
1215005, 157585580, 0, 0
1216001, 171385462, 0, 0
1217001, 152640749, 0, 0
1218049, 160097073, 0, 0
1219038, 155135782, 0, 0
1220025, 153722698, 0, 0
1221024, 158660426, 0, 0
1222039, 146641584, 0, 0
1223067, 153107059, 0, 0
1224041, 162732973, 0, 0
1225052, 165343222, 0, 0
1226018, 172605963, 0, 0
1227026, 167172269, 0, 0
1228034, 171452306, 0, 0
1229034, 172233126, 0, 0
1230062, 177475936, 0, 0
1231046, 166217464, 0, 0
1232000, 167953454, 0, 0
1233046, 157397568, 0, 0
1234026, 175909302, 0, 0
1235055, 160450290, 0, 0
1236057, 163357810, 0, 0
1237006, 152399173, 0, 0
1238020, 156864903, 0, 0
1239010, 167706263, 0, 0
1240004, 170879330, 0, 0
1241020, 148709443, 0, 0
1242032, 160136891, 0, 0
1243012, 150136862, 0, 0
1244032, 151809543, 0, 0
1245061, 149261176, 0, 0
1246049, 155262813, 0, 0
1247052, 157379186, 0, 0
1248028, 177316266, 0, 0
1249039, 165300067, 0, 0
1250075, 177892687, 0, 0
1251030, 192515693, 0, 0
1252006, 146047975, 0, 0
1253029, 171265725, 0, 0
1254021, 160151893, 0, 0
1255058, 173753126, 0, 0
1256028, 144997174, 0, 0
1257000, 148223097, 0, 0
1258010, 155883974, 0, 0
1259016, 154479422, 0, 0
1260011, 194543362, 0, 0
1261056, 150530143, 0, 0
1262024, 165179364, 0, 0
1263054, 152843717, 0, 0
1264057, 169004726, 0, 0
1265025, 158815564, 0, 0
1266013, 148226904, 0, 0
1267045, 165434721, 0, 0
1268052, 153437413, 0, 0
1269052, 154151557, 0, 0
1270018, 172431991, 0, 0
1271003, 164406991, 0, 0
1272022, 168195097, 0, 0
1273027, 171275816, 0, 0
1274005, 160727629, 0, 0
1275035, 193687822, 0, 0
1276027, 162365424, 0, 0
1277008, 184188266, 0, 0
1278030, 169128584, 0, 0
1279017, 201370906, 0, 0
1280026, 168927690, 0, 0
1281035, 138919818, 0, 0
1282035, 157021735, 0, 0
1283010, 162873680, 0, 0
1284032, 146316749, 0, 0
1285046, 172451201, 0, 0
1286015, 146085310, 0, 0
1287052, 175701991, 0, 0
1288003, 154509521, 0, 0
1289038, 178369587, 0, 0
1290039, 164202504, 0, 0
1291039, 158505671, 0, 0
1292008, 141560482, 0, 0
1293012, 161497956, 0, 0
1294017, 180346695, 0, 0
1295032, 161872844, 0, 0
1296040, 153287709, 0, 0
1297044, 154492326, 0, 0
1298012, 144963778, 0, 0
1299039, 168202731, 0, 0
1300058, 158522902, 0, 0
1301024, 164871423, 0, 0
1302011, 172207648, 0, 0
1303000, 190278666, 0, 0
1304008, 148596855, 0, 0
1305066, 146238391, 0, 0
1306050, 182180633, 0, 0
1307003, 154009312, 0, 0
1308048, 163170537, 0, 0
1309046, 155936867, 0, 0
1310054, 180263756, 0, 0
1311034, 161126648, 0, 0
1312038, 152700277, 0, 0
1313028, 156546336, 0, 0
1314003, 166981830, 0, 0
1315004, 167560410, 0, 0
1316053, 161827441, 0, 0
1317018, 152910974, 0, 0
1318066, 149493041, 0, 0
1319020, 154489017, 0, 0
1320046, 157925288, 0, 0
1321011, 170567595, 0, 0
1322042, 167444971, 0, 0
1323079, 159438719, 0, 0
1324055, 154820066, 0, 0
1325003, 151895700, 0, 0
1326050, 167832118, 0, 0
1327016, 158013287, 0, 0
1328018, 183610974, 0, 0
1329043, 148805341, 0, 0
1330009, 182220010, 0, 0
1331005, 178153716, 0, 0
1332029, 143210063, 0, 0
1333003, 152007977, 0, 0
1334014, 165840030, 0, 0
1335038, 169371776, 0, 0
1336066, 155042672, 0, 0
1337067, 195572309, 0, 0
1338045, 159216723, 0, 0
1339003, 171785744, 0, 0
1340056, 153031444, 0, 0
1341011, 163258984, 0, 0
1342039, 177509595, 0, 0
1343027, 161687530, 0, 0
1344057, 178699846, 0, 0
1345034, 151077514, 0, 0
1346034, 161364143, 0, 0
1347047, 168041651, 0, 0
1348050, 159814394, 0, 0
1349013, 167384907, 0, 0
1350040, 162497308, 0, 0
1351048, 152263239, 0, 0
1352028, 155293420, 0, 0
1353014, 156118980, 0, 0
1354055, 172953667, 0, 0
1355050, 175491360, 0, 0
1356008, 179176631, 0, 0
1357027, 173467252, 0, 0
1358036, 162283835, 0, 0
1359034, 170309306, 0, 0
1360005, 190010986, 0, 0
1361057, 190232315, 0, 0
1362015, 167909056, 0, 0
1363043, 169017868, 0, 0
1364009, 153688401, 0, 0
1365040, 161761042, 0, 0
1366009, 149987988, 0, 0
1367028, 171317057, 0, 0
1368041, 164951126, 0, 0
1369045, 167146448, 0, 0
1370024, 165683939, 0, 0
1371050, 151010832, 0, 0
1372040, 164009986, 0, 0
1373006, 184674433, 0, 0
1374033, 176115876, 0, 0
1375048, 143444079, 0, 0
1376008, 148765802, 0, 0
1377041, 174052632, 0, 0
1378025, 161838180, 0, 0
1379022, 174719207, 0, 0
1380048, 167661345, 0, 0
1381011, 171078973, 0, 0
1382057, 175181522, 0, 0
1383013, 173052078, 0, 0
1384039, 166979045, 0, 0
1385012, 190202301, 0, 0
1386022, 167173465, 0, 0
1387010, 165419155, 0, 0
1388023, 147646164, 0, 0
1389048, 152804155, 0, 0
1390021, 161759430, 0, 0
1391028, 160995289, 0, 0
1392030, 159101871, 0, 0
1393058, 151848170, 0, 0
1394025, 176252622, 0, 0
1395045, 171661276, 0, 0
1396054, 163050922, 0, 0
1397025, 174663905, 0, 0
1398004, 159653989, 0, 0
1399041, 160391732, 0, 0
1400060, 175342836, 0, 0
1401012, 171253065, 0, 0
1402006, 176468444, 0, 0
1403013, 166241938, 0, 0
1404053, 193948200, 0, 0
1405041, 188645230, 0, 0
1406052, 165257867, 0, 0
1407012, 168439172, 0, 0
1408032, 163551139, 0, 0
1409014, 156227855, 0, 0
1410039, 179492980, 0, 0
1411005, 170680148, 0, 0
1412019, 170111321, 0, 0
1413009, 151620193, 0, 0
1414011, 164994063, 0, 0
1415047, 162522625, 0, 0
1416041, 150051945, 0, 0
1417017, 175200929, 0, 0
1418052, 169182524, 0, 0
1419002, 158455809, 0, 0
1420043, 156341644, 0, 0
1421004, 169900207, 0, 0
1422035, 165154491, 0, 0
1423047, 156378528, 0, 0
1424007, 155763872, 0, 0
1425033, 169050780, 0, 0
1426024, 185587454, 0, 0
1427059, 183950115, 0, 0
1428030, 176912174, 0, 0
1429054, 178115036, 0, 0
1430020, 167971716, 0, 0
1431012, 160221583, 0, 0
1432051, 163902223, 0, 0
1433025, 153016523, 0, 0
1434049, 161971781, 0, 0
1435040, 160822598, 0, 0
1436044, 149967474, 0, 0
1437046, 141371465, 0, 0
1438000, 151116327, 0, 0
1439017, 146266492, 0, 0
1440023, 157499790, 0, 0
1441031, 146685183, 0, 0
1442016, 166492032, 0, 0
1443037, 163246318, 0, 0
1444006, 157576197, 0, 0
1445018, 149254396, 0, 0
1446006, 142697523, 0, 0
1447019, 150731933, 0, 0
1448041, 172708027, 0, 0
1449035, 145977649, 0, 0
1450069, 168163935, 0, 0
1451045, 152317047, 0, 0
1452016, 178014321, 0, 0
1453010, 168002735, 0, 0
1454005, 167883457, 0, 0
1455040, 161482033, 0, 0
1456006, 193111347, 0, 0
1457036, 182257951, 0, 0
1458001, 155698997, 0, 0
1459003, 142069969, 0, 0
1460048, 168099734, 0, 0
1461041, 165030377, 0, 0
1462034, 167433059, 0, 0
1463028, 153078443, 0, 0
1464060, 154729247, 0, 0
1465047, 149063814, 0, 0
1466011, 176952307, 0, 0
1467023, 179882542, 0, 0
1468041, 159822273, 0, 0
1469046, 162295956, 0, 0
1470033, 166167636, 0, 0
1471009, 171427486, 0, 0
1472025, 170974418, 0, 0
1473030, 156842304, 0, 0
1474010, 182786145, 0, 0
1475002, 141994939, 0, 0
1476057, 162813383, 0, 0
1477028, 171783461, 0, 0
1478058, 152067194, 0, 0
1479031, 160668697, 0, 0
1480032, 177157587, 0, 0
1481006, 153478081, 0, 0
1482053, 142467644, 0, 0
1483041, 180061071, 0, 0
1484052, 146960536, 0, 0
1485057, 157087325, 0, 0
1486000, 167253550, 0, 0
1487016, 159024063, 0, 0
1488012, 150544335, 0, 0
1489045, 156844812, 0, 0
1490034, 174053445, 0, 0
1491035, 155090368, 0, 0
1492051, 164845387, 0, 0
1493015, 146040188, 0, 0
1494082, 156702858, 0, 0
1495032, 144879314, 0, 0
1496048, 135935317, 0, 0
1497059, 172488230, 0, 0
1498027, 158265014, 0, 0
1499027, 161198347, 0, 0
1500017, 156178311, 0, 0
1501002, 167704681, 0, 0
1502044, 159491782, 0, 0
1503038, 151639269, 0, 0
1504007, 168057305, 0, 0
1505032, 160115376, 0, 0
1506051, 132229485, 0, 0
1507025, 156472902, 0, 0
1508014, 165334674, 0, 0
1509055, 186555488, 0, 0
1510011, 165783797, 0, 0
1511012, 136638681, 0, 0
1512035, 167044618, 0, 0
1513037, 163814358, 0, 0
1514058, 171997685, 0, 0
1515011, 146584283, 0, 0
1516007, 176059889, 0, 0
1517049, 154956589, 0, 0
1518019, 149519172, 0, 0
1519050, 167535652, 0, 0
1520010, 135391715, 0, 0
1521062, 172815140, 0, 0
1522000, 161366342, 0, 0
1523017, 145764529, 0, 0
1524017, 170674994, 0, 0
1525026, 159134138, 0, 0
1526040, 151601705, 0, 0
1527057, 174572742, 0, 0
1528012, 163494863, 0, 0
1529043, 173239306, 0, 0
1530000, 173684025, 0, 0
1531010, 176803040, 0, 0
1532025, 149710621, 0, 0
1533016, 168158782, 0, 0
1534036, 152349909, 0, 0
1535010, 149177547, 0, 0
1536052, 175089297, 0, 0
1537020, 155979338, 0, 0
1538042, 162783358, 0, 0
1539053, 169133226, 0, 0
1540026, 161646321, 0, 0
1541008, 169240102, 0, 0
1542034, 156674891, 0, 0
1543034, 168448267, 0, 0
1544045, 166079048, 0, 0
1545038, 156918269, 0, 0
1546009, 159578336, 0, 0
1547037, 168994812, 0, 0
1548005, 186350220, 0, 0
1549017, 168392546, 0, 0
1550020, 185804487, 0, 0
1551024, 180510186, 0, 0
1552057, 175691776, 0, 0
1553061, 165296767, 0, 0
1554042, 158265737, 0, 0
1555025, 172887619, 0, 0
1556037, 170824629, 0, 0
1557043, 164857424, 0, 0
1558047, 152917556, 0, 0
1559053, 150067084, 0, 0
1560017, 152046796, 0, 0
1561047, 166271033, 0, 0
1562053, 158872349, 0, 0
1563033, 147667582, 0, 0
1564060, 176715309, 0, 0
1565021, 160218207, 0, 0
1566002, 190344445, 0, 0
1567033, 180642169, 0, 0
1568015, 175061281, 0, 0
1569052, 163411208, 0, 0
1570017, 142135815, 0, 0
1571052, 178616403, 0, 0
1572012, 161370098, 0, 0
1573030, 165025598, 0, 0
1574036, 166700277, 0, 0
1575047, 158547461, 0, 0
1576017, 160697458, 0, 0
1577016, 164221128, 0, 0
1578049, 150655040, 0, 0
1579037, 174940798, 0, 0
1580011, 156388820, 0, 0
1581000, 168320149, 0, 0
1582000, 162607736, 0, 0
1583054, 172699286, 0, 0
1584016, 153526702, 0, 0
1585036, 164616468, 0, 0
1586005, 153165441, 0, 0
1587048, 160304286, 0, 0
1588021, 166275068, 0, 0
1589031, 165260648, 0, 0
1590063, 166190929, 0, 0
1591025, 165686390, 0, 0
1592005, 159133156, 0, 0
1593017, 159917857, 0, 0
1594040, 155995727, 0, 0
1595068, 167463508, 0, 0
1596018, 167428420, 0, 0
1597008, 180838197, 0, 0
1598014, 147000567, 0, 0
1599035, 155384233, 0, 0
1600064, 148754777, 0, 0
1601047, 146377825, 0, 0
1602062, 155393502, 0, 0
1603013, 153959888, 0, 0
1604018, 171125235, 0, 0
1605026, 167726197, 0, 0
1606004, 180227175, 0, 0
1607013, 185500693, 0, 0
1608052, 178446593, 0, 0
1609050, 148268006, 0, 0
1610039, 175061447, 0, 0
1611049, 153400891, 0, 0
1612035, 145896512, 0, 0
1613050, 169230090, 0, 0
1614023, 161581379, 0, 0
1615006, 162966922, 0, 0
1616020, 156315763, 0, 0
1617014, 180730067, 0, 0
1618028, 177611377, 0, 0
1619013, 152755261, 0, 0
1620038, 162377491, 0, 0
1621031, 166281801, 0, 0
1622039, 161107528, 0, 0
1623025, 153340250, 0, 0
1624005, 181227739, 0, 0
1625007, 162826108, 0, 0
1626054, 160055024, 0, 0
1627058, 154199823, 0, 0
1628002, 173439753, 0, 0
1629025, 167235192, 0, 0
1630054, 158402097, 0, 0
1631032, 160598158, 0, 0
1632043, 164182635, 0, 0
1633017, 181436723, 0, 0
1634029, 154018320, 0, 0
1635021, 165089969, 0, 0
1636049, 159953868, 0, 0
1637002, 162970537, 0, 0
1638027, 157484137, 0, 0
1639038, 173256936, 0, 0
1640013, 180735492, 0, 0
1641029, 173869948, 0, 0
1642003, 158740973, 0, 0
1643016, 166232836, 0, 0
1644038, 169340083, 0, 0
1645051, 158962755, 0, 0
1646044, 146944609, 0, 0
1647039, 160013658, 0, 0
1648006, 165345932, 0, 0
1649000, 160102375, 0, 0
1650010, 149799932, 0, 0
1651044, 186059108, 0, 0
1652049, 165140997, 0, 0
1653013, 180171077, 0, 0
1654056, 162512533, 0, 0
1655037, 177693588, 0, 0
1656041, 156870035, 0, 0
1657013, 181204624, 0, 0
1658023, 172542435, 0, 0
1659059, 157111581, 0, 0
1660016, 162983219, 0, 0
1661042, 162781392, 0, 0
1662000, 157198383, 0, 0
1663024, 168533966, 0, 0
1664018, 155176732, 0, 0
1665033, 162514739, 0, 0
1666057, 151651214, 0, 0
1667031, 171839313, 0, 0
1668048, 173258218, 0, 0
1669024, 179938125, 0, 0
1670045, 175437733, 0, 0
1671057, 152973859, 0, 0
1672031, 162376263, 0, 0
1673043, 162609043, 0, 0
1674050, 152006776, 0, 0
1675050, 163134477, 0, 0
1676060, 173571176, 0, 0
1677015, 168716047, 0, 0
1678041, 182701257, 0, 0
1679017, 151467140, 0, 0
1680033, 144643055, 0, 0
1681016, 160114364, 0, 0
1682011, 173680320, 0, 0
1683052, 153717070, 0, 0
1684023, 161407871, 0, 0
1685058, 158642203, 0, 0
1686029, 200195649, 0, 0
1687017, 152204670, 0, 0
1688039, 151754357, 0, 0
1689032, 158426455, 0, 0
1690057, 162709106, 0, 0
1691018, 151139563, 0, 0
1692008, 149638782, 0, 0
1693036, 141139532, 0, 0
1694056, 155528720, 0, 0
1695040, 175197753, 0, 0
1696057, 179756711, 0, 0
1697027, 194396357, 0, 0
1698054, 168393591, 0, 0
1699018, 161323745, 0, 0
1700024, 178406394, 0, 0
1701006, 159015142, 0, 0
1702017, 171543297, 0, 0
1703020, 170521553, 0, 0
1704027, 170570620, 0, 0
1705036, 161721760, 0, 0
1706045, 164749856, 0, 0
1707010, 166704444, 0, 0
1708063, 167909765, 0, 0
1709027, 176699954, 0, 0
1710012, 154211029, 0, 0
1711058, 173789751, 0, 0
1712006, 176696661, 0, 0
1713029, 153743458, 0, 0
1714004, 162413630, 0, 0
1715033, 174636803, 0, 0
1716048, 176318707, 0, 0
1717056, 163616422, 0, 0
1718043, 150212961, 0, 0
1719039, 146585695, 0, 0
1720034, 170007039, 0, 0
1721045, 153820093, 0, 0
1722004, 174631380, 0, 0
1723020, 139988450, 0, 0
1724048, 170480793, 0, 0
1725019, 174157092, 0, 0
1726053, 164695980, 0, 0
1727056, 164965243, 0, 0
1728061, 161621860, 0, 0
1729059, 165093395, 0, 0
1730024, 173095363, 0, 0
1731040, 164326792, 0, 0
1732001, 165006177, 0, 0
1733010, 168111815, 0, 0
1734033, 142845502, 0, 0
1735039, 171265998, 0, 0
1736046, 158901191, 0, 0
1737058, 149466538, 0, 0
1738014, 168276818, 0, 0
1739029, 138108506, 0, 0
1740059, 154557521, 0, 0
1741004, 148467020, 0, 0
1742061, 146594132, 0, 0
1743058, 154638678, 0, 0
1744017, 186530367, 0, 0
1745040, 183753821, 0, 0
1746057, 152191627, 0, 0
1747054, 147819051, 0, 0
1748028, 159729022, 0, 0
1749002, 159088645, 0, 0
1750022, 166688450, 0, 0
1751052, 152636685, 0, 0
1752051, 159273120, 0, 0
1753017, 150883460, 0, 0
1754033, 162453889, 0, 0
1755000, 170356367, 0, 0
1756031, 160253364, 0, 0
1757005, 141738688, 0, 0
1758040, 167991468, 0, 0
1759041, 150547952, 0, 0
1760003, 162280037, 0, 0
1761053, 180453925, 0, 0
1762022, 144411916, 0, 0
1763033, 165790127, 0, 0
1764036, 171443740, 0, 0
1765046, 175182408, 0, 0
1766047, 174844274, 0, 0
1767024, 155901784, 0, 0
1768001, 148574963, 0, 0
1769060, 169781207, 0, 0
1770045, 160924614, 0, 0
1771008, 161680561, 0, 0
1772047, 158392747, 0, 0
1773054, 134064718, 0, 0
1774002, 155252553, 0, 0
1775019, 143816033, 0, 0
1776044, 147702004, 0, 0
1777034, 156626738, 0, 0
1778029, 173871883, 0, 0
1779004, 167031112, 0, 0
1780027, 167788924, 0, 0
1781059, 178798300, 0, 0
1782015, 161330025, 0, 0
1783033, 148999267, 0, 0
1784003, 159523146, 0, 0
1785031, 153832863, 0, 0
1786003, 158166627, 0, 0
1787018, 167050436, 0, 0
1788058, 177154869, 0, 0
1789029, 156681214, 0, 0
1790058, 159558713, 0, 0
1791020, 168277699, 0, 0
1792020, 172692466, 0, 0
1793046, 154223259, 0, 0
1794037, 158399988, 0, 0
1795050, 156734486, 0, 0
1796031, 169255016, 0, 0
1797035, 161328732, 0, 0
1798024, 202032285, 0, 0
1799000, 183722171, 0, 0
1800054, 166810602, 0, 0
1801045, 177610534, 0, 0
1802018, 161744522, 0, 0
1803000, 152882315, 0, 0
1804009, 165789391, 0, 0
1805003, 152247082, 0, 0
1806052, 144931084, 0, 0
1807010, 160588782, 0, 0
1808040, 145741585, 0, 0
1809047, 182102349, 0, 0
1810033, 177094847, 0, 0
1811006, 172827125, 0, 0
1812031, 170873707, 0, 0
1813059, 183388261, 0, 0
1814058, 163340538, 0, 0
1815018, 165195655, 0, 0
1816000, 164433743, 0, 0
1817050, 159620699, 0, 0
1818052, 156273418, 0, 0
1819038, 146950455, 0, 0
1820027, 168590235, 0, 0
1821024, 162968623, 0, 0
1822056, 176869791, 0, 0
1823029, 161516473, 0, 0
1824031, 159872931, 0, 0
1825013, 148898576, 0, 0
1826014, 158242945, 0, 0
1827034, 151920735, 0, 0
1828020, 183618567, 0, 0
1829020, 155264722, 0, 0
1830055, 177837791, 0, 0
1831028, 153930574, 0, 0
1832026, 144984389, 0, 0
1833060, 161751447, 0, 0
1834023, 158745084, 0, 0
1835021, 153693260, 0, 0
1836027, 143660409, 0, 0
1837034, 182137426, 0, 0
1838043, 172076147, 0, 0
1839037, 156808285, 0, 0
1840002, 151913723, 0, 0
1841052, 152856921, 0, 0
1842009, 153288840, 0, 0
1843012, 147745697, 0, 0
1844023, 160404599, 0, 0
1845043, 189124531, 0, 0
1846010, 157567982, 0, 0
1847003, 176869974, 0, 0
1848033, 178541796, 0, 0
1849057, 162617002, 0, 0
1850001, 180018481, 0, 0
1851022, 156714756, 0, 0
1852014, 163307307, 0, 0
1853045, 155317215, 0, 0
1854014, 165436167, 0, 0
1855037, 165946505, 0, 0
1856003, 156613583, 0, 0
1857016, 169164220, 0, 0
1858033, 193674850, 0, 0
1859032, 176912285, 0, 0
1860028, 160543332, 0, 0
1861046, 171613577, 0, 0
1862030, 167061210, 0, 0
1863024, 154994899, 0, 0
1864055, 152622708, 0, 0
1865011, 163323332, 0, 0
1866051, 167209970, 0, 0
1867017, 180062607, 0, 0
1868011, 180478713, 0, 0
1869055, 197116758, 0, 0
1870016, 150001344, 0, 0
1871011, 154555742, 0, 0
1872026, 173576570, 0, 0
1873040, 167032477, 0, 0
1874039, 180902957, 0, 0
1875014, 159699931, 0, 0
1876013, 176921143, 0, 0
1877032, 158233105, 0, 0
1878005, 183414087, 0, 0
1879037, 169792090, 0, 0
1880047, 172658568, 0, 0
1881012, 152036727, 0, 0
1882022, 158180370, 0, 0
1883023, 209304375, 0, 0
1884000, 147412198, 0, 0
1885032, 164697544, 0, 0
1886032, 156373909, 0, 0
1887048, 151281735, 0, 0
1888007, 163263311, 0, 0
1889000, 159970742, 0, 0
1890026, 145018986, 0, 0
1891004, 168328790, 0, 0
1892026, 170202507, 0, 0
1893006, 175393883, 0, 0
1894031, 151940525, 0, 0
1895006, 161988663, 0, 0
1896025, 171542237, 0, 0
1897045, 151038079, 0, 0
1898007, 166076073, 0, 0
1899055, 171392108, 0, 0
1900067, 159676201, 0, 0
1901041, 168813460, 0, 0
1902050, 162884744, 0, 0
1903057, 164151485, 0, 0
1904043, 191972856, 0, 0
1905004, 147477327, 0, 0
1906025, 141940314, 0, 0
1907007, 183358847, 0, 0
1908022, 152188453, 0, 0
1909039, 156383455, 0, 0
1910033, 153481230, 0, 0
1911001, 171926886, 0, 0
1912041, 175906382, 0, 0
1913000, 164752919, 0, 0
1914018, 149539764, 0, 0
1915005, 166367880, 0, 0
1916061, 163038726, 0, 0
1917036, 167064432, 0, 0
1918052, 169322474, 0, 0
1919047, 191872000, 0, 0
1920005, 155124100, 0, 0
1921038, 167706616, 0, 0
1922023, 158204280, 0, 0
1923055, 163893434, 0, 0
1924022, 154264672, 0, 0
1925007, 186175676, 0, 0
1926028, 165190409, 0, 0
1927048, 155181490, 0, 0
1928033, 161965416, 0, 0
1929045, 155982435, 0, 0
1930005, 156128012, 0, 0
1931028, 150162535, 0, 0
1932044, 151630569, 0, 0
1933034, 149192655, 0, 0
1934003, 185167884, 0, 0
1935034, 167480965, 0, 0
1936019, 166697292, 0, 0
1937047, 155003501, 0, 0
1938031, 168622045, 0, 0
1939024, 180864868, 0, 0
1940043, 168892577, 0, 0
1941034, 145236040, 0, 0
1942056, 154523512, 0, 0
1943003, 177105623, 0, 0
1944006, 166139188, 0, 0
1945042, 157676732, 0, 0
1946010, 167325146, 0, 0
1947001, 152454391, 0, 0
1948000, 136438614, 0, 0
1949005, 157548944, 0, 0
1950002, 154041665, 0, 0
1951030, 161512970, 0, 0
1952023, 179874797, 0, 0
1953007, 162040560, 0, 0
1954037, 152230297, 0, 0
1955057, 186402538, 0, 0
1956048, 149713051, 0, 0
1957052, 164838076, 0, 0
1958059, 167456879, 0, 0
1959040, 168702408, 0, 0
1960013, 171571163, 0, 0
1961001, 158342275, 0, 0
1962008, 159585368, 0, 0
1963025, 170737671, 0, 0
1964005, 174698848, 0, 0
1965005, 144747806, 0, 0
1966014, 159751379, 0, 0
1967016, 161268500, 0, 0
1968040, 177797580, 0, 0
1969009, 174449483, 0, 0
1970033, 155477624, 0, 0
1971050, 181444862, 0, 0
1972013, 155904963, 0, 0
1973027, 172140308, 0, 0
1974032, 146449055, 0, 0
1975056, 159827244, 0, 0
1976038, 164568856, 0, 0
1977047, 150679845, 0, 0
1978051, 156179706, 0, 0
1979029, 162019192, 0, 0
1980046, 185604043, 0, 0
1981017, 156685529, 0, 0
1982009, 157527810, 0, 0
1983036, 142076536, 0, 0
1984026, 154261507, 0, 0
1985023, 162666917, 0, 0
1986001, 177873921, 0, 0
1987044, 164208786, 0, 0
1988017, 157392972, 0, 0
1989036, 150310632, 0, 0
1990016, 150797282, 0, 0
1991001, 149157092, 0, 0
1992032, 169915678, 0, 0
1993051, 139763428, 0, 0
1994022, 158731165, 0, 0
1995044, 159536602, 0, 0
1996012, 142732319, 0, 0
1997072, 156371232, 0, 0
1998035, 150468058, 0, 0
1999033, 160151738, 0, 0
2000054, 176375391, 0, 0
2001050, 165840694, 0, 0
2002037, 151237783, 0, 0
2003022, 131185738, 0, 0
2004020, 168535304, 0, 0
2005048, 170170497, 0, 0
2006033, 155070391, 0, 0
2007059, 161786396, 0, 0
2008023, 155055746, 0, 0
2009034, 149554196, 0, 0
2010055, 174660154, 0, 0
2011007, 181169754, 0, 0
2012016, 154342546, 0, 0
2013019, 162134068, 0, 0
2014048, 141749067, 0, 0
2015056, 146330604, 0, 0
2016059, 170030667, 0, 0
2017028, 145345622, 0, 0
2018012, 168716725, 0, 0
2019026, 168841832, 0, 0
2020016, 156431710, 0, 0
2021038, 157743627, 0, 0
2022046, 170861583, 0, 0
2023010, 148727922, 0, 0
2024006, 169974787, 0, 0
2025019, 167019367, 0, 0
2026031, 159630047, 0, 0
2027056, 152745459, 0, 0
2028004, 158279571, 0, 0
2029034, 187377618, 0, 0
2030055, 149460730, 0, 0
2031003, 170453874, 0, 0
2032005, 183444756, 0, 0
2033014, 152327625, 0, 0
2034012, 152050647, 0, 0
2035044, 160727297, 0, 0
2036058, 157641135, 0, 0
2037035, 169535216, 0, 0
2038000, 162568405, 0, 0
2039013, 182733774, 0, 0
2040046, 172449688, 0, 0
2041018, 155131247, 0, 0
2042034, 164560290, 0, 0
2043060, 163861001, 0, 0
2044049, 190393303, 0, 0
2045048, 150349699, 0, 0
2046013, 150988626, 0, 0
2047005, 176667683, 0, 0
2048055, 173600405, 0, 0
2049020, 145461766, 0, 0
2050013, 145863013, 0, 0
2051038, 163366754, 0, 0
2052052, 176774366, 0, 0
2053034, 168188997, 0, 0
2054003, 148601959, 0, 0
2055040, 159056433, 0, 0
2056005, 176372843, 0, 0
2057037, 172612185, 0, 0
2058056, 153590207, 0, 0
2059052, 170646703, 0, 0
2060001, 170883927, 0, 0
2061026, 152112271, 0, 0
2062039, 153383668, 0, 0
2063047, 170057663, 0, 0
2064049, 141097336, 0, 0
2065046, 158704270, 0, 0
2066047, 150312596, 0, 0
2067041, 191106709, 0, 0
2068057, 170445966, 0, 0
2069048, 182829225, 0, 0
2070041, 168808667, 0, 0
2071026, 167218142, 0, 0
2072006, 145692746, 0, 0
2073013, 151450511, 0, 0
2074012, 163156634, 0, 0
2075021, 127485021, 0, 0
2076024, 154480453, 0, 0
2077056, 157969964, 0, 0
2078038, 154249099, 0, 0
2079024, 167920854, 0, 0
2080022, 167813371, 0, 0
2081060, 182265510, 0, 0
2082007, 176011938, 0, 0
2083006, 162490673, 0, 0
2084007, 133166646, 0, 0
2085059, 152170109, 0, 0
2086040, 158561784, 0, 0
2087051, 153905704, 0, 0
2088040, 167327667, 0, 0
2089015, 141983043, 0, 0
2090030, 150903653, 0, 0
2091035, 164399743, 0, 0
2092052, 172452366, 0, 0
2093006, 160311152, 0, 0
2094014, 169876331, 0, 0
2095003, 151065000, 0, 0
2096012, 170271766, 0, 0
2097058, 178554006, 0, 0
2098039, 156649311, 0, 0
2099020, 165894083, 0, 0
2100026, 154401273, 0, 0
2101000, 160483714, 0, 0
2102025, 166041355, 0, 0
2103006, 190101746, 0, 0
2104055, 162467534, 0, 0
2105053, 168487554, 0, 0
2106046, 185037701, 0, 0
2107051, 140319222, 0, 0
2108034, 173170131, 0, 0
2109048, 192476706, 0, 0
2110014, 141871410, 0, 0
2111054, 159924183, 0, 0
2112049, 162130550, 0, 0
2113039, 148267385, 0, 0
2114035, 181082705, 0, 0
2115008, 166503764, 0, 0
2116049, 151629472, 0, 0
2117013, 167516012, 0, 0
2118063, 152850757, 0, 0
2119047, 167956153, 0, 0
2120011, 178365665, 0, 0
2121117, 191475100, 0, 0
2122018, 214013090, 0, 0
2123030, 165630272, 0, 0
2124044, 161044006, 0, 0
2125019, 151526635, 0, 0
2126053, 171748480, 0, 0
2127002, 143511066, 0, 0
2128037, 186334004, 0, 0
2129004, 170549482, 0, 0
2130028, 141693343, 0, 0
2131040, 155511492, 0, 0
2132064, 150849564, 0, 0
2133046, 147166830, 0, 0
2134054, 177518545, 0, 0
2135019, 193695383, 0, 0
2136065, 149213238, 0, 0
2137001, 192008819, 0, 0
2138029, 137055838, 0, 0
2139004, 149255793, 0, 0
2140040, 153916233, 0, 0
2141058, 169212005, 0, 0
2142028, 179082178, 0, 0
2143021, 154805427, 0, 0
2144022, 160272432, 0, 0
2145053, 181093440, 0, 0
2146011, 146850407, 0, 0
2147011, 164326721, 0, 0
2148037, 150045263, 0, 0
2149046, 168991226, 0, 0
2150033, 171655950, 0, 0
2151047, 159464454, 0, 0
2152050, 141989866, 0, 0
2153050, 161415839, 0, 0
2154027, 164194264, 0, 0
2155030, 154414537, 0, 0
2156052, 188935825, 0, 0
2157013, 139664158, 0, 0
2158057, 174471257, 0, 0
2159002, 195141537, 0, 0
2160026, 169284331, 0, 0
2161046, 156839308, 0, 0
2162032, 180809885, 0, 0
2163031, 172545270, 0, 0
2164002, 159527611, 0, 0
2165032, 160328384, 0, 0
2166034, 150315145, 0, 0
2167016, 154872458, 0, 0
2168063, 170464296, 0, 0
2169039, 151375220, 0, 0
2170008, 167621161, 0, 0
2171059, 167454664, 0, 0
2172014, 172860081, 0, 0
2173000, 153582612, 0, 0
2174038, 170439483, 0, 0
2175050, 154614225, 0, 0
2176025, 177695089, 0, 0
2177027, 164613289, 0, 0
2178027, 173320191, 0, 0
2179008, 158818952, 0, 0
2180043, 159924931, 0, 0
2181024, 171370985, 0, 0
2182046, 156666403, 0, 0
2183006, 147570587, 0, 0
2184025, 184296579, 0, 0
2185055, 188611373, 0, 0
2186004, 139445026, 0, 0
2187017, 159340321, 0, 0
2188061, 182966902, 0, 0
2189029, 162299388, 0, 0
2190046, 159165863, 0, 0
2191018, 156998598, 0, 0
2192015, 179406446, 0, 0
2193061, 155896558, 0, 0
2194046, 175840496, 0, 0
2195027, 157638590, 0, 0
2196002, 148850999, 0, 0
2197048, 153298057, 0, 0
2198024, 188042338, 0, 0
2199045, 153815613, 0, 0
2200002, 156389139, 0, 0
2201010, 156760745, 0, 0
2202054, 161638774, 0, 0
2203003, 156308931, 0, 0
2204010, 157820461, 0, 0
2205003, 165280082, 0, 0
2206012, 157808018, 0, 0
2207057, 172358376, 0, 0
2208046, 179211004, 0, 0
2209021, 150660848, 0, 0
2210045, 158125419, 0, 0
2211065, 160646790, 0, 0
2212007, 165878569, 0, 0
2213046, 168196652, 0, 0
2214023, 167117325, 0, 0
2215031, 155609224, 0, 0
2216010, 150651795, 0, 0
2217021, 163096332, 0, 0
2218054, 158003502, 0, 0
2219052, 150073819, 0, 0
2220009, 197718858, 0, 0
2221022, 199288065, 0, 0
2222046, 146577109, 0, 0
2223022, 157978996, 0, 0
2224026, 175564898, 0, 0
2225046, 157437979, 0, 0
2226016, 169976688, 0, 0
2227047, 160050056, 0, 0
2228045, 184175375, 0, 0
2229019, 183330332, 0, 0
2230000, 169415775, 0, 0
2231044, 145372488, 0, 0
2232024, 166711388, 0, 0
2233035, 194379810, 0, 0
2234023, 153392474, 0, 0
2235059, 164282559, 0, 0
2236051, 180176009, 0, 0
2237019, 199551934, 0, 0
2238015, 175566357, 0, 0
2239038, 136010424, 0, 0
2240056, 165958215, 0, 0
2241012, 158352365, 0, 0
2242061, 143119053, 0, 0
2243052, 196053428, 0, 0
2244030, 171572180, 0, 0
2245039, 189980388, 0, 0
2246010, 164451179, 0, 0
2247042, 164490296, 0, 0
2248019, 158218137, 0, 0
2249028, 165042966, 0, 0
2250013, 176387870, 0, 0
2251014, 185191223, 0, 0
2252017, 150208094, 0, 0
2253059, 168965489, 0, 0
2254055, 158960666, 0, 0
2255050, 141963313, 0, 0
2256029, 153307896, 0, 0
2257054, 150078954, 0, 0
2258003, 145500661, 0, 0
2259023, 166571538, 0, 0
2260039, 150966453, 0, 0
2261028, 158413517, 0, 0
2262040, 162734942, 0, 0
2263053, 172380397, 0, 0
2264005, 175042860, 0, 0
2265054, 149935803, 0, 0
2266022, 156392086, 0, 0
2267016, 154019617, 0, 0
2268044, 154557688, 0, 0
2269043, 155385214, 0, 0
2270025, 151771481, 0, 0
2271053, 152576675, 0, 0
2272015, 168515331, 0, 0
2273023, 163505585, 0, 0
2274044, 155764879, 0, 0
2275000, 167704207, 0, 0
2276039, 148205948, 0, 0
2277027, 160292724, 0, 0
2278067, 153208108, 0, 0
2279016, 166320826, 0, 0
2280019, 155651720, 0, 0
2281018, 159596082, 0, 0
2282018, 162622174, 0, 0
2283007, 165799825, 0, 0
2284050, 167225126, 0, 0
2285000, 195179471, 0, 0
2286020, 145972706, 0, 0
2287055, 176918654, 0, 0
2288016, 151773118, 0, 0
2289040, 152118750, 0, 0
2290016, 175613240, 0, 0
2291019, 184072387, 0, 0
2292025, 163730944, 0, 0
2293020, 193750110, 0, 0
2294035, 176965203, 0, 0
2295081, 156060691, 0, 0
2296055, 172352683, 0, 0
2297042, 154037997, 0, 0
2298024, 174764331, 0, 0
2299055, 175877696, 0, 0
2300054, 178051990, 0, 0
2301068, 173707854, 0, 0
2302047, 141920628, 0, 0
2303017, 146220662, 0, 0
2304004, 167013556, 0, 0
2305042, 174204692, 0, 0
2306028, 151483801, 0, 0
2307016, 167125713, 0, 0
2308037, 144979567, 0, 0
2309007, 171641578, 0, 0
2310020, 173345915, 0, 0
2311041, 147139986, 0, 0
2312025, 174343517, 0, 0
2313052, 141470998, 0, 0
2314052, 172855186, 0, 0
2315033, 166652291, 0, 0
2316048, 188352313, 0, 0
2317040, 163210025, 0, 0
2318025, 146845210, 0, 0
2319003, 159505400, 0, 0
2320009, 182012652, 0, 0
2321047, 163838428, 0, 0
2322053, 161645192, 0, 0
2323041, 152057953, 0, 0
2324010, 158330406, 0, 0
2325005, 181102680, 0, 0
2326007, 158994811, 0, 0
2327038, 161965652, 0, 0
2328045, 157480638, 0, 0
2329040, 192966542, 0, 0
2330061, 167098878, 0, 0
2331017, 161177428, 0, 0
2332043, 158599290, 0, 0
2333000, 147957112, 0, 0
2334055, 164826428, 0, 0
2335005, 156127569, 0, 0
2336001, 156592746, 0, 0
2337032, 143491590, 0, 0
2338010, 134909224, 0, 0
2339062, 162519105, 0, 0
2340019, 143867914, 0, 0
2341036, 175690044, 0, 0
2342007, 175204054, 0, 0
2343029, 140749313, 0, 0
2344013, 166511920, 0, 0
2345056, 159121840, 0, 0
2346002, 156443652, 0, 0
2347012, 158527570, 0, 0
2348051, 169847058, 0, 0
2349000, 181586917, 0, 0
2350020, 165584749, 0, 0
2351028, 155416401, 0, 0
2352021, 151165281, 0, 0
2353048, 170919388, 0, 0
2354052, 149167781, 0, 0
2355057, 163149108, 0, 0
2356050, 159350210, 0, 0
2357028, 143126404, 0, 0
2358000, 149994915, 0, 0
2359042, 160734486, 0, 0
2360048, 162498529, 0, 0
2361041, 157070970, 0, 0
2362022, 168422217, 0, 0
2363012, 155914329, 0, 0
2364049, 154130121, 0, 0
2365018, 161148243, 0, 0
2366037, 152345286, 0, 0
2367009, 165598146, 0, 0
2368005, 136149042, 0, 0
2369035, 172051024, 0, 0
2370020, 155774905, 0, 0
2371052, 143598482, 0, 0
2372046, 174818328, 0, 0
2373011, 167003399, 0, 0
2374034, 180255756, 0, 0
2375000, 155309554, 0, 0
2376021, 184887032, 0, 0
2377001, 166708171, 0, 0
2378038, 142262100, 0, 0
2379006, 161395883, 0, 0
2380027, 165151099, 0, 0
2381049, 150840939, 0, 0
2382046, 153666486, 0, 0
2383046, 169539721, 0, 0
2384024, 174660054, 0, 0
2385004, 161081510, 0, 0
2386015, 178095721, 0, 0
2387003, 152618761, 0, 0
2388056, 163085438, 0, 0
2389021, 145454619, 0, 0
2390039, 151110022, 0, 0
2391031, 150480897, 0, 0
2392000, 165705094, 0, 0
2393060, 147051272, 0, 0
2394012, 162533094, 0, 0
2395012, 174031389, 0, 0
2396018, 138323235, 0, 0
2397050, 149285196, 0, 0
2398003, 162036817, 0, 0
2399025, 171299767, 0, 0
2400059, 158262981, 0, 0
2400134, 201984698, 0, 0
