1000, 1616, 0, 0
1999, 672, 0, 0
2999, 1265, 0, 0
4000, 1216, 0, 0
5000, 1228, 0, 0
5999, 640, 0, 0
6999, 692, 0, 0
8000, 1228, 0, 0
8999, 1713, 0, 0
9999, 736, 0, 0
11000, 2816, 0, 0
12000, 704, 0, 0
12999, 1253, 0, 0
14000, 1796, 0, 0
15000, 1244, 0, 0
15999, 612, 0, 0
16999, 800, 0, 0
18000, 1836, 0, 0
18999, 676, 0, 0
20000, 640, 0, 0
21000, 684, 0, 0
21999, 576, 0, 0
23000, 3692, 0, 0
24000, 732, 0, 0
24999, 752, 0, 0
25999, 1241, 0, 0
27000, 1152, 0, 0
28000, 848, 0, 0
28999, 932, 0, 0
29999, 620, 0, 0
31000, 1608, 0, 0
31999, 1749, 0, 0
32999, 728, 0, 0
34000, 996, 0, 0
34999, 1025, 0, 0
35999, 1337, 0, 0
37000, 664, 0, 0
37999, 548, 0, 0
39000, 576, 0, 0
39999, 1473, 0, 0
40999, 796, 0, 0
42000, 1076, 0, 0
43000, 1548, 0, 0
43999, 2670, 0, 0
44999, 1013, 0, 0
46000, 1112, 0, 0
46999, 720, 0, 0
47999, 1165, 0, 0
49000, 768, 0, 0
49999, 1565, 0, 0
51000, 640, 0, 0
52000, 664, 0, 0
52999, 652, 0, 0
54000, 1028, 0, 0
55000, 1424, 0, 0
55999, 1129, 0, 0
57000, 928, 0, 0
57999, 1257, 0, 0
58999, 948, 0, 0
60000, 2068, 0, 0
61000, 980, 0, 0
61999, 1193, 0, 0
63000, 872, 0, 0
64000, 708, 0, 0
64999, 604, 0, 0
65999, 1121, 0, 0
67000, 1960, 0, 0
67999, 1233, 0, 0
69000, 1364, 0, 0
70000, 1600, 0, 0
70999, 920, 0, 0
71999, 780, 0, 0
73000, 904, 0, 0
73999, 864, 0, 0
74999, 860, 0, 0
76000, 1392, 0, 0
76999, 1357, 0, 0
77999, 1977, 0, 0
79000, 888, 0, 0
80000, 744, 0, 0
80999, 720, 0, 0
82000, 664, 0, 0
83000, 648, 0, 0
83999, 536, 0, 0
85000, 780, 0, 0
85999, 1009, 0, 0
86999, 1369, 0, 0
87999, 1113, 0, 0
89000, 1020, 0, 0
89999, 668, 0, 0
90999, 772, 0, 0
92000, 836, 0, 0
92999, 972, 0, 0
93999, 1701, 0, 0
95000, 1212, 0, 0
95999, 924, 0, 0
96999, 800, 0, 0
98000, 708, 0, 0
98999, 696, 0, 0
99999, 672, 0, 0
101000, 736, 0, 0
101999, 680, 0, 0
102999, 624, 0, 0
104000, 736, 0, 0
104999, 688, 0, 0
105999, 752, 0, 0
107000, 804, 0, 0
107999, 692, 0, 0
109000, 772, 0, 0
110000, 868, 0, 0
111000, 764, 0, 0
112000, 728, 0, 0
113000, 792, 0, 0
113999, 812, 0, 0
115000, 788, 0, 0
115999, 1013, 0, 0
116999, 1121, 0, 0
118000, 1004, 0, 0
118999, 892, 0, 0
120000, 756, 0, 0
121000, 716, 0, 0
121999, 664, 0, 0
123000, 672, 0, 0
123999, 712, 0, 0
124999, 792, 0, 0
126000, 1076, 0, 0
126999, 1189, 0, 0
127999, 1305, 0, 0
129000, 936, 0, 0
129999, 1009, 0, 0
131000, 808, 0, 0
131999, 824, 0, 0
132999, 832, 0, 0
134000, 888, 0, 0
134999, 904, 0, 0
135999, 924, 0, 0
137000, 944, 0, 0
137999, 1033, 0, 0
139000, 1200, 0, 0
140000, 1128, 0, 0
140999, 836, 0, 0
142000, 852, 0, 0
142999, 904, 0, 0
143999, 920, 0, 0
145000, 1116, 0, 0
145999, 1189, 0, 0
147000, 1276, 0, 0
147999, 1377, 0, 0
148999, 1217, 0, 0
150000, 1168, 0, 0
150999, 976, 0, 0
151999, 688, 0, 0
153000, 816, 0, 0
153999, 1001, 0, 0
155000, 952, 0, 0
156000, 1052, 0, 0
156999, 720, 0, 0
158000, 704, 0, 0
159000, 672, 0, 0
159999, 644, 0, 0
161000, 676, 0, 0
161999, 652, 0, 0
162999, 720, 0, 0
164000, 920, 0, 0
164999, 828, 0, 0
165999, 960, 0, 0
167000, 796, 0, 0
167999, 792, 0, 0
169000, 684, 0, 0
169999, 844, 0, 0
170999, 848, 0, 0
172000, 924, 0, 0
172999, 724, 0, 0
174000, 652, 0, 0
174999, 712, 0, 0
175999, 696, 0, 0
177000, 976, 0, 0
177999, 1477, 0, 0
179000, 1392, 0, 0
180000, 952, 0, 0
180999, 1041, 0, 0
182000, 928, 0, 0
182999, 792, 0, 0
183999, 704, 0, 0
185000, 732, 0, 0
185999, 900, 0, 0
186999, 696, 0, 0
188000, 664, 0, 0
188999, 648, 0, 0
189999, 720, 0, 0
191000, 936, 0, 0
191999, 788, 0, 0
192999, 872, 0, 0
194000, 796, 0, 0
194999, 864, 0, 0
195999, 852, 0, 0
197000, 740, 0, 0
197999, 736, 0, 0
198999, 696, 0, 0
200000, 744, 0, 0
200999, 628, 0, 0
201999, 820, 0, 0
203000, 748, 0, 0
203999, 860, 0, 0
204999, 808, 0, 0
206000, 692, 0, 0
206999, 780, 0, 0
207999, 792, 0, 0
209000, 704, 0, 0
209999, 676, 0, 0
210999, 836, 0, 0
212000, 680, 0, 0
213000, 772, 0, 0
213999, 752, 0, 0
214999, 828, 0, 0
216000, 736, 0, 0
217000, 820, 0, 0
217999, 724, 0, 0
218999, 780, 0, 0
220000, 768, 0, 0
220999, 796, 0, 0
221999, 740, 0, 0
223000, 776, 0, 0
223999, 772, 0, 0
224999, 828, 0, 0
226000, 772, 0, 0
227000, 792, 0, 0
227999, 752, 0, 0
229000, 736, 0, 0
230000, 772, 0, 0
230999, 752, 0, 0
232000, 680, 0, 0
233000, 740, 0, 0
233999, 800, 0, 0
235000, 748, 0, 0
235999, 800, 0, 0
236999, 740, 0, 0
238000, 836, 0, 0
238999, 892, 0, 0
239999, 804, 0, 0
241000, 880, 0, 0
242000, 720, 0, 0
242999, 808, 0, 0
244000, 796, 0, 0
245000, 816, 0, 0
245999, 872, 0, 0
247000, 708, 0, 0
247999, 704, 0, 0
248999, 736, 0, 0
250000, 712, 0, 0
250999, 772, 0, 0
251999, 924, 0, 0
253000, 840, 0, 0
253999, 896, 0, 0
254999, 724, 0, 0
256000, 764, 0, 0
256999, 732, 0, 0
258000, 756, 0, 0
258999, 648, 0, 0
259999, 756, 0, 0
261000, 784, 0, 0
262000, 828, 0, 0
262999, 892, 0, 0
264000, 772, 0, 0
264999, 648, 0, 0
265999, 752, 0, 0
267000, 824, 0, 0
267999, 804, 0, 0
268999, 724, 0, 0
270000, 772, 0, 0
270999, 696, 0, 0
271999, 712, 0, 0
273000, 772, 0, 0
273999, 768, 0, 0
274999, 752, 0, 0
276000, 916, 0, 0
277000, 848, 0, 0
277999, 760, 0, 0
279000, 820, 0, 0
280000, 772, 0, 0
280999, 752, 0, 0
281999, 768, 0, 0
282999, 664, 0, 0
283999, 712, 0, 0
284999, 820, 0, 0
286000, 696, 0, 0
286999, 816, 0, 0
287999, 728, 0, 0
289000, 732, 0, 0
289999, 784, 0, 0
290999, 752, 0, 0
292000, 796, 0, 0
292999, 732, 0, 0
293999, 680, 0, 0
295000, 692, 0, 0
295999, 768, 0, 0
296999, 736, 0, 0
298000, 764, 0, 0
298999, 736, 0, 0
299999, 788, 0, 0
301000, 904, 0, 0
301999, 824, 0, 0
302999, 804, 0, 0
303999, 808, 0, 0
305000, 808, 0, 0
305999, 748, 0, 0
307000, 960, 0, 0
307999, 816, 0, 0
308999, 824, 0, 0
310000, 848, 0, 0
310999, 892, 0, 0
311999, 768, 0, 0
313000, 712, 0, 0
313999, 760, 0, 0
314999, 748, 0, 0
316000, 720, 0, 0
316999, 712, 0, 0
317999, 640, 0, 0
318999, 752, 0, 0
320000, 836, 0, 0
320999, 912, 0, 0
321999, 784, 0, 0
323000, 888, 0, 0
323999, 780, 0, 0
324999, 840, 0, 0
326000, 784, 0, 0
327000, 736, 0, 0
327999, 780, 0, 0
329000, 832, 0, 0
330000, 696, 0, 0
330999, 848, 0, 0
332000, 872, 0, 0
332999, 792, 0, 0
333999, 836, 0, 0
335000, 752, 0, 0
335999, 832, 0, 0
336999, 728, 0, 0
338000, 832, 0, 0
338999, 804, 0, 0
339999, 884, 0, 0
341000, 764, 0, 0
341999, 720, 0, 0
342999, 824, 0, 0
344000, 788, 0, 0
344999, 796, 0, 0
345999, 752, 0, 0
347000, 772, 0, 0
347999, 760, 0, 0
349000, 708, 0, 0
349999, 852, 0, 0
350999, 780, 0, 0
352000, 840, 0, 0
353000, 820, 0, 0
353999, 924, 0, 0
355000, 712, 0, 0
356000, 836, 0, 0
356999, 840, 0, 0
358000, 720, 0, 0
358999, 968, 0, 0
359999, 768, 0, 0
361000, 752, 0, 0
361999, 776, 0, 0
362999, 932, 0, 0
364000, 736, 0, 0
364999, 792, 0, 0
366000, 732, 0, 0
367000, 864, 0, 0
367999, 772, 0, 0
369000, 704, 0, 0
369999, 832, 0, 0
370999, 776, 0, 0
372000, 836, 0, 0
372999, 804, 0, 0
374000, 864, 0, 0
374999, 764, 0, 0
375999, 816, 0, 0
377000, 764, 0, 0
377999, 876, 0, 0
378999, 860, 0, 0
379999, 756, 0, 0
381000, 792, 0, 0
381999, 844, 0, 0
382999, 812, 0, 0
384000, 860, 0, 0
385000, 780, 0, 0
385999, 764, 0, 0
387000, 884, 0, 0
388000, 780, 0, 0
388999, 792, 0, 0
390000, 748, 0, 0
391000, 780, 0, 0
391999, 736, 0, 0
393000, 792, 0, 0
393999, 780, 0, 0
395000, 856, 0, 0
396000, 872, 0, 0
396999, 888, 0, 0
397999, 772, 0, 0
399000, 792, 0, 0
399999, 812, 0, 0
401000, 808, 0, 0
402000, 712, 0, 0
402999, 796, 0, 0
404000, 820, 0, 0
405000, 768, 0, 0
405999, 764, 0, 0
406999, 876, 0, 0
408000, 848, 0, 0
409000, 840, 0, 0
409999, 852, 0, 0
411000, 784, 0, 0
411999, 832, 0, 0
412999, 832, 0, 0
414000, 908, 0, 0
414999, 780, 0, 0
416000, 864, 0, 0
417000, 856, 0, 0
417999, 888, 0, 0
419000, 808, 0, 0
419999, 796, 0, 0
420999, 892, 0, 0
422000, 824, 0, 0
423000, 840, 0, 0
423999, 760, 0, 0
425000, 816, 0, 0
426000, 840, 0, 0
426999, 860, 0, 0
428000, 800, 0, 0
429000, 740, 0, 0
429999, 944, 0, 0
430999, 816, 0, 0
432000, 772, 0, 0
432999, 828, 0, 0
433999, 784, 0, 0
435000, 920, 0, 0
435999, 860, 0, 0
436999, 780, 0, 0
438000, 876, 0, 0
439000, 856, 0, 0
439999, 876, 0, 0
441000, 764, 0, 0
442000, 920, 0, 0
442999, 856, 0, 0
443999, 820, 0, 0
445000, 828, 0, 0
445999, 888, 0, 0
446999, 772, 0, 0
448000, 908, 0, 0
448999, 936, 0, 0
449999, 768, 0, 0
451000, 1004, 0, 0
451999, 804, 0, 0
452999, 740, 0, 0
454000, 896, 0, 0
454999, 892, 0, 0
456000, 940, 0, 0
457000, 908, 0, 0
457999, 852, 0, 0
459000, 824, 0, 0
459999, 832, 0, 0
460999, 824, 0, 0
461999, 724, 0, 0
462999, 752, 0, 0
464000, 876, 0, 0
465000, 784, 0, 0
465999, 880, 0, 0
466999, 884, 0, 0
468000, 892, 0, 0
468999, 932, 0, 0
469999, 812, 0, 0
471000, 792, 0, 0
471999, 716, 0, 0
472999, 904, 0, 0
473999, 792, 0, 0
475000, 848, 0, 0
475999, 828, 0, 0
476999, 856, 0, 0
478000, 764, 0, 0
478999, 732, 0, 0
479999, 824, 0, 0
481000, 796, 0, 0
482000, 844, 0, 0
482999, 928, 0, 0
483999, 784, 0, 0
485000, 848, 0, 0
485999, 924, 0, 0
486999, 796, 0, 0
488000, 1012, 0, 0
488999, 768, 0, 0
490000, 872, 0, 0
491000, 788, 0, 0
491999, 876, 0, 0
493000, 864, 0, 0
493999, 848, 0, 0
494999, 748, 0, 0
496000, 876, 0, 0
497000, 912, 0, 0
497999, 852, 0, 0
499000, 820, 0, 0
499999, 812, 0, 0
500999, 836, 0, 0
502000, 736, 0, 0
502999, 904, 0, 0
503999, 844, 0, 0
505000, 900, 0, 0
505999, 848, 0, 0
506999, 916, 0, 0
508000, 808, 0, 0
508999, 992, 0, 0
509999, 760, 0, 0
511000, 776, 0, 0
511999, 800, 0, 0
512999, 844, 0, 0
514000, 852, 0, 0
514999, 888, 0, 0
515999, 864, 0, 0
517000, 872, 0, 0
517999, 864, 0, 0
518999, 808, 0, 0
520000, 856, 0, 0
520999, 860, 0, 0
521999, 764, 0, 0
523000, 824, 0, 0
523999, 856, 0, 0
524999, 848, 0, 0
526000, 836, 0, 0
526999, 828, 0, 0
527999, 960, 0, 0
529000, 904, 0, 0
529999, 896, 0, 0
531000, 712, 0, 0
532000, 816, 0, 0
532999, 848, 0, 0
534000, 916, 0, 0
534999, 912, 0, 0
535999, 872, 0, 0
537000, 812, 0, 0
537999, 864, 0, 0
538999, 856, 0, 0
540000, 880, 0, 0
540999, 896, 0, 0
542000, 856, 0, 0
542999, 832, 0, 0
543999, 848, 0, 0
545000, 756, 0, 0
545999, 852, 0, 0
547000, 792, 0, 0
547999, 900, 0, 0
548999, 748, 0, 0
550000, 772, 0, 0
550999, 784, 0, 0
551999, 816, 0, 0
553000, 912, 0, 0
553999, 876, 0, 0
555000, 860, 0, 0
555999, 920, 0, 0
556999, 860, 0, 0
558000, 936, 0, 0
558999, 832, 0, 0
559999, 844, 0, 0
561000, 844, 0, 0
561999, 868, 0, 0
562999, 908, 0, 0
564000, 808, 0, 0
564999, 840, 0, 0
565999, 848, 0, 0
567000, 848, 0, 0
567999, 696, 0, 0
569000, 880, 0, 0
569999, 808, 0, 0
570999, 844, 0, 0
572000, 872, 0, 0
572999, 880, 0, 0
574000, 908, 0, 0
575000, 872, 0, 0
575999, 896, 0, 0
577000, 804, 0, 0
577999, 912, 0, 0
578999, 936, 0, 0
580000, 924, 0, 0
580999, 856, 0, 0
582000, 884, 0, 0
583000, 944, 0, 0
583999, 812, 0, 0
585000, 776, 0, 0
585999, 888, 0, 0
586999, 784, 0, 0
588000, 976, 0, 0
588999, 804, 0, 0
589999, 820, 0, 0
591000, 864, 0, 0
591999, 744, 0, 0
592999, 840, 0, 0
593999, 820, 0, 0
594999, 900, 0, 0
596000, 876, 0, 0
596999, 872, 0, 0
597999, 896, 0, 0
599000, 908, 0, 0
599999, 828, 0, 0
600999, 824, 0, 0
602000, 768, 0, 0
602999, 900, 0, 0
603999, 960, 0, 0
605000, 948, 0, 0
605999, 884, 0, 0
607000, 872, 0, 0
607999, 880, 0, 0
608999, 860, 0, 0
610000, 956, 0, 0
610999, 800, 0, 0
611999, 968, 0, 0
613000, 956, 0, 0
613999, 864, 0, 0
614999, 848, 0, 0
616000, 856, 0, 0
616999, 800, 0, 0
617999, 948, 0, 0
619000, 776, 0, 0
619999, 824, 0, 0
620999, 880, 0, 0
622000, 820, 0, 0
623000, 848, 0, 0
623999, 908, 0, 0
624999, 744, 0, 0
626000, 848, 0, 0
626999, 880, 0, 0
627999, 792, 0, 0
629000, 736, 0, 0
629999, 844, 0, 0
630999, 864, 0, 0
632000, 908, 0, 0
632999, 860, 0, 0
633999, 880, 0, 0
635000, 840, 0, 0
635999, 804, 0, 0
636999, 804, 0, 0
638000, 860, 0, 0
638999, 832, 0, 0
639999, 900, 0, 0
641000, 816, 0, 0
641999, 880, 0, 0
642999, 828, 0, 0
644000, 916, 0, 0
645000, 796, 0, 0
645999, 816, 0, 0
647000, 828, 0, 0
648000, 900, 0, 0
648999, 892, 0, 0
650000, 832, 0, 0
650999, 936, 0, 0
651999, 892, 0, 0
653000, 884, 0, 0
653999, 1005, 0, 0
655000, 956, 0, 0
655999, 844, 0, 0
656999, 900, 0, 0
658000, 924, 0, 0
659000, 792, 0, 0
659999, 844, 0, 0
661000, 912, 0, 0
661999, 852, 0, 0
662999, 808, 0, 0
664000, 816, 0, 0
664999, 868, 0, 0
666000, 752, 0, 0
666999, 980, 0, 0
667999, 940, 0, 0
669000, 864, 0, 0
669999, 880, 0, 0
670999, 808, 0, 0
672000, 916, 0, 0
672999, 832, 0, 0
673999, 948, 0, 0
675000, 784, 0, 0
675999, 868, 0, 0
676999, 912, 0, 0
678000, 912, 0, 0
678999, 756, 0, 0
679999, 796, 0, 0
681000, 772, 0, 0
681999, 852, 0, 0
683000, 820, 0, 0
684000, 928, 0, 0
684999, 856, 0, 0
685999, 844, 0, 0
687000, 848, 0, 0
687999, 1037, 0, 0
688999, 712, 0, 0
690000, 844, 0, 0
690999, 972, 0, 0
691999, 856, 0, 0
693000, 848, 0, 0
693999, 904, 0, 0
694999, 820, 0, 0
696000, 776, 0, 0
696999, 864, 0, 0
698000, 940, 0, 0
698999, 836, 0, 0
699999, 812, 0, 0
701000, 916, 0, 0
701999, 976, 0, 0
702999, 856, 0, 0
704000, 828, 0, 0
704999, 824, 0, 0
705999, 884, 0, 0
707000, 844, 0, 0
707999, 868, 0, 0
708999, 816, 0, 0
710000, 884, 0, 0
710999, 836, 0, 0
712000, 840, 0, 0
713000, 896, 0, 0
713999, 800, 0, 0
715000, 796, 0, 0
715999, 832, 0, 0
716999, 788, 0, 0
718000, 768, 0, 0
718999, 896, 0, 0
719999, 848, 0, 0
721000, 944, 0, 0
722000, 840, 0, 0
722999, 868, 0, 0
723999, 856, 0, 0
725000, 732, 0, 0
725999, 908, 0, 0
726999, 892, 0, 0
728000, 740, 0, 0
728999, 948, 0, 0
729999, 852, 0, 0
731000, 976, 0, 0
731999, 728, 0, 0
732999, 884, 0, 0
734000, 892, 0, 0
734999, 888, 0, 0
735999, 860, 0, 0
737000, 988, 0, 0
737999, 804, 0, 0
738999, 864, 0, 0
740000, 744, 0, 0
740999, 896, 0, 0
741999, 952, 0, 0
743000, 976, 0, 0
743999, 760, 0, 0
745000, 824, 0, 0
746000, 884, 0, 0
746999, 868, 0, 0
747999, 984, 0, 0
749000, 804, 0, 0
750000, 844, 0, 0
750999, 892, 0, 0
752000, 820, 0, 0
752999, 824, 0, 0
753999, 844, 0, 0
755000, 880, 0, 0
755999, 856, 0, 0
756999, 864, 0, 0
758000, 924, 0, 0
758999, 840, 0, 0
760000, 872, 0, 0
761000, 896, 0, 0
761999, 808, 0, 0
762999, 844, 0, 0
764000, 904, 0, 0
765000, 888, 0, 0
765999, 860, 0, 0
766999, 908, 0, 0
768000, 816, 0, 0
769000, 896, 0, 0
769999, 912, 0, 0
771000, 844, 0, 0
771999, 916, 0, 0
772999, 872, 0, 0
774000, 832, 0, 0
774999, 848, 0, 0
775999, 824, 0, 0
777000, 900, 0, 0
777999, 916, 0, 0
778999, 720, 0, 0
780000, 864, 0, 0
780999, 844, 0, 0
781999, 812, 0, 0
783000, 864, 0, 0
784000, 884, 0, 0
784999, 872, 0, 0
786000, 836, 0, 0
787000, 868, 0, 0
788000, 920, 0, 0
789000, 836, 0, 0
789999, 760, 0, 0
791000, 900, 0, 0
792000, 932, 0, 0
793000, 772, 0, 0
794000, 920, 0, 0
795000, 864, 0, 0
796000, 816, 0, 0
797000, 832, 0, 0
797999, 812, 0, 0
799000, 832, 0, 0
800000, 800, 0, 0
801000, 884, 0, 0
802000, 952, 0, 0
803001, 831, 0, 0
803999, 800, 0, 0
805000, 908, 0, 0
806000, 808, 0, 0
807000, 940, 0, 0
808000, 892, 0, 0
809000, 864, 0, 0
810000, 924, 0, 0
811000, 836, 0, 0
812000, 768, 0, 0
813000, 924, 0, 0
814000, 904, 0, 0
815000, 808, 0, 0
816000, 808, 0, 0
817000, 856, 0, 0
818000, 916, 0, 0
819000, 840, 0, 0
820000, 960, 0, 0
821000, 960, 0, 0
822000, 848, 0, 0
823000, 840, 0, 0
824000, 920, 0, 0
825000, 784, 0, 0
826000, 760, 0, 0
827000, 912, 0, 0
828000, 788, 0, 0
829000, 876, 0, 0
830000, 872, 0, 0
831000, 900, 0, 0
832000, 756, 0, 0
833000, 696, 0, 0
834000, 912, 0, 0
835000, 936, 0, 0
835999, 748, 0, 0
837000, 940, 0, 0
838000, 932, 0, 0
839000, 912, 0, 0
840000, 916, 0, 0
841000, 880, 0, 0
842000, 816, 0, 0
843000, 760, 0, 0
844000, 844, 0, 0
845000, 944, 0, 0
846000, 868, 0, 0
847000, 840, 0, 0
848000, 808, 0, 0
848999, 944, 0, 0
850000, 932, 0, 0
850999, 876, 0, 0
851999, 916, 0, 0
852999, 776, 0, 0
853999, 852, 0, 0
854999, 736, 0, 0
855999, 804, 0, 0
856998, 861, 0, 0
857998, 845, 0, 0
858999, 860, 0, 0
859998, 801, 0, 0
860998, 789, 0, 0
861997, 874, 0, 0
862998, 761, 0, 0
863998, 805, 0, 0
864997, 898, 0, 0
865997, 938, 0, 0
866997, 866, 0, 0
867997, 874, 0, 0
868997, 770, 0, 0
869996, 847, 0, 0
870997, 850, 0, 0
871997, 794, 0, 0
872996, 867, 0, 0
873996, 923, 0, 0
874995, 816, 0, 0
875996, 975, 0, 0
876996, 771, 0, 0
877995, 739, 0, 0
878995, 856, 0, 0
879996, 823, 0, 0
880995, 872, 0, 0
881995, 832, 0, 0
882994, 901, 0, 0
883995, 848, 0, 0
884995, 1001, 0, 0
885994, 917, 0, 0
886994, 820, 0, 0
887994, 925, 0, 0
888993, 866, 0, 0
889994, 820, 0, 0
890993, 1031, 0, 0
891993, 849, 0, 0
892994, 961, 0, 0
893993, 890, 0, 0
894993, 934, 0, 0
895993, 922, 0, 0
896993, 958, 0, 0
897993, 793, 0, 0
898992, 814, 0, 0
899992, 866, 0, 0
900993, 821, 0, 0
901992, 899, 0, 0
902992, 826, 0, 0
903991, 892, 0, 0
904992, 685, 0, 0
905992, 903, 0, 0
906991, 887, 0, 0
907992, 879, 0, 0
908991, 831, 0, 0
909991, 892, 0, 0
910991, 875, 0, 0
912000, 1008, 0, 0
912991, 908, 0, 0
913999, 876, 0, 0
915000, 776, 0, 0
915999, 872, 0, 0
916999, 840, 0, 0
918000, 808, 0, 0
918999, 916, 0, 0
919999, 764, 0, 0
921000, 884, 0, 0
921999, 956, 0, 0
922999, 772, 0, 0
924000, 852, 0, 0
924999, 800, 0, 0
925999, 904, 0, 0
927000, 836, 0, 0
927999, 844, 0, 0
928999, 892, 0, 0
930000, 968, 0, 0
930999, 972, 0, 0
931999, 744, 0, 0
933000, 944, 0, 0
933999, 844, 0, 0
934999, 900, 0, 0
936000, 788, 0, 0
936999, 868, 0, 0
938000, 936, 0, 0
939000, 892, 0, 0
939999, 940, 0, 0
940999, 784, 0, 0
942000, 928, 0, 0
942999, 884, 0, 0
943999, 804, 0, 0
945000, 796, 0, 0
945999, 816, 0, 0
947000, 844, 0, 0
948000, 880, 0, 0
948999, 900, 0, 0
950000, 964, 0, 0
950999, 796, 0, 0
951999, 832, 0, 0
953000, 848, 0, 0
953999, 1001, 0, 0
954999, 860, 0, 0
956000, 880, 0, 0
956999, 684, 0, 0
957999, 892, 0, 0
959000, 836, 0, 0
959999, 1001, 0, 0
960999, 836, 0, 0
962000, 960, 0, 0
962999, 764, 0, 0
963999, 836, 0, 0
965000, 776, 0, 0
965999, 872, 0, 0
966999, 876, 0, 0
968000, 912, 0, 0
968999, 980, 0, 0
969999, 852, 0, 0
971000, 928, 0, 0
971999, 824, 0, 0
972999, 772, 0, 0
974000, 872, 0, 0
974999, 860, 0, 0
975999, 952, 0, 0
977000, 880, 0, 0
977999, 788, 0, 0
978999, 864, 0, 0
980000, 944, 0, 0
980999, 820, 0, 0
982000, 916, 0, 0
982999, 904, 0, 0
983999, 888, 0, 0
985000, 860, 0, 0
985999, 776, 0, 0
986999, 948, 0, 0
988000, 860, 0, 0
989000, 888, 0, 0
989999, 860, 0, 0
990999, 808, 0, 0
992000, 836, 0, 0
992999, 864, 0, 0
994000, 864, 0, 0
995000, 872, 0, 0
995999, 820, 0, 0
997000, 784, 0, 0
998000, 1036, 0, 0
998999, 920, 0, 0
1000000, 916, 0, 0
1000999, 912, 0, 0
1001999, 804, 0, 0
1003000, 928, 0, 0
1003999, 924, 0, 0
1004999, 780, 0, 0
1006000, 828, 0, 0
1006999, 884, 0, 0
1007999, 868, 0, 0
1009000, 920, 0, 0
1009999, 848, 0, 0
1010999, 856, 0, 0
1012000, 996, 0, 0
1012999, 884, 0, 0
1014000, 868, 0, 0
1014999, 952, 0, 0
1015999, 848, 0, 0
1017000, 1064, 0, 0
1017999, 908, 0, 0
1018999, 844, 0, 0
1020000, 840, 0, 0
1020999, 896, 0, 0
1022000, 800, 0, 0
1023000, 832, 0, 0
1023999, 908, 0, 0
1025000, 848, 0, 0
1025999, 860, 0, 0
1026999, 808, 0, 0
1028000, 840, 0, 0
1028999, 820, 0, 0
1029999, 808, 0, 0
1031000, 716, 0, 0
1031999, 900, 0, 0
1032999, 888, 0, 0
1034000, 740, 0, 0
1034999, 780, 0, 0
1035999, 800, 0, 0
1037000, 868, 0, 0
1037999, 880, 0, 0
1038999, 932, 0, 0
1040000, 960, 0, 0
1040999, 812, 0, 0
1042000, 916, 0, 0
1043000, 1012, 0, 0
1043999, 868, 0, 0
1044999, 800, 0, 0
1046000, 856, 0, 0
1046999, 848, 0, 0
1047999, 824, 0, 0
1048999, 812, 0, 0
1049999, 860, 0, 0
1050999, 860, 0, 0
1052000, 904, 0, 0
1052999, 856, 0, 0
1053999, 892, 0, 0
1055000, 876, 0, 0
1055999, 816, 0, 0
1057000, 924, 0, 0
1057999, 812, 0, 0
1058999, 920, 0, 0
1060000, 916, 0, 0
1060999, 884, 0, 0
1061999, 816, 0, 0
1063000, 824, 0, 0
1063999, 784, 0, 0
1065000, 988, 0, 0
1065999, 820, 0, 0
1066999, 872, 0, 0
1068000, 848, 0, 0
1069000, 912, 0, 0
1069999, 904, 0, 0
1071000, 932, 0, 0
1071999, 888, 0, 0
1072999, 856, 0, 0
1074000, 796, 0, 0
1074999, 892, 0, 0
1075999, 796, 0, 0
1077000, 912, 0, 0
1077999, 928, 0, 0
1078999, 964, 0, 0
1080000, 888, 0, 0
1081000, 860, 0, 0
1081999, 1005, 0, 0
1083000, 848, 0, 0
1083999, 792, 0, 0
1084999, 952, 0, 0
1086000, 908, 0, 0
1086999, 856, 0, 0
1087999, 932, 0, 0
1089000, 924, 0, 0
1089999, 924, 0, 0
1090999, 872, 0, 0
1092000, 828, 0, 0
1092999, 1053, 0, 0
1093999, 884, 0, 0
1095000, 836, 0, 0
1095999, 896, 0, 0
1096999, 988, 0, 0
1098000, 960, 0, 0
1098999, 968, 0, 0
1099999, 864, 0, 0
1101000, 924, 0, 0
1101999, 900, 0, 0
1103000, 964, 0, 0
1104000, 808, 0, 0
1104999, 1037, 0, 0
1106000, 856, 0, 0
1107000, 948, 0, 0
1107999, 884, 0, 0
1109000, 932, 0, 0
1109999, 800, 0, 0
1110999, 868, 0, 0
1112000, 852, 0, 0
1112999, 896, 0, 0
1113999, 884, 0, 0
1115000, 936, 0, 0
1116000, 1032, 0, 0
1116999, 868, 0, 0
1118000, 1004, 0, 0
1118999, 688, 0, 0
1119999, 928, 0, 0
1121000, 840, 0, 0
1122000, 840, 0, 0
1122999, 932, 0, 0
1124000, 860, 0, 0
1124999, 764, 0, 0
1125999, 948, 0, 0
1127000, 948, 0, 0
1127999, 916, 0, 0
1128999, 936, 0, 0
1130000, 896, 0, 0
1130999, 872, 0, 0
1132000, 840, 0, 0
1132999, 888, 0, 0
1133999, 968, 0, 0
1135000, 836, 0, 0
1135999, 952, 0, 0
1136999, 892, 0, 0
1138000, 832, 0, 0
1138999, 812, 0, 0
1139999, 816, 0, 0
1141000, 872, 0, 0
1141999, 892, 0, 0
1142999, 852, 0, 0
1144000, 988, 0, 0
1144999, 868, 0, 0
1146000, 992, 0, 0
1147000, 980, 0, 0
1147999, 896, 0, 0
1148999, 912, 0, 0
1150000, 932, 0, 0
1151000, 976, 0, 0
1151999, 968, 0, 0
1152999, 948, 0, 0
1154000, 932, 0, 0
1154999, 812, 0, 0
1155999, 868, 0, 0
1157000, 908, 0, 0
1158000, 896, 0, 0
1158999, 904, 0, 0
1160000, 996, 0, 0
1161000, 944, 0, 0
1161999, 808, 0, 0
1163000, 1024, 0, 0
1163999, 1017, 0, 0
1164999, 872, 0, 0
1166000, 972, 0, 0
1166999, 1033, 0, 0
1167999, 936, 0, 0
1169000, 988, 0, 0
1169999, 884, 0, 0
1170999, 972, 0, 0
1172000, 916, 0, 0
1172999, 972, 0, 0
1174000, 868, 0, 0
1175000, 968, 0, 0
1175999, 916, 0, 0
1177000, 924, 0, 0
1177999, 820, 0, 0
1178999, 908, 0, 0
1180000, 840, 0, 0
1180999, 1009, 0, 0
1182000, 760, 0, 0
1182999, 836, 0, 0
1183999, 928, 0, 0
1185000, 956, 0, 0
1185999, 928, 0, 0
1186999, 1025, 0, 0
1188000, 908, 0, 0
1188999, 824, 0, 0
1189999, 788, 0, 0
1191000, 944, 0, 0
1191999, 940, 0, 0
1193000, 768, 0, 0
1193999, 936, 0, 0
1194999, 940, 0, 0
1196000, 1028, 0, 0
1196999, 920, 0, 0
1197999, 988, 0, 0
1199000, 948, 0, 0
1199999, 932, 0, 0
1201000, 888, 0, 0
1201999, 876, 0, 0
1202999, 964, 0, 0
1204000, 904, 0, 0
1205000, 876, 0, 0
1205999, 904, 0, 0
1207000, 860, 0, 0
1207999, 1029, 0, 0
1208999, 828, 0, 0
1209999, 876, 0, 0
1211000, 936, 0, 0
1211999, 816, 0, 0
1212999, 888, 0, 0
1214000, 888, 0, 0
1214999, 936, 0, 0
1216000, 964, 0, 0
1216999, 984, 0, 0
1217999, 832, 0, 0
1219000, 924, 0, 0
1219999, 916, 0, 0
1221000, 896, 0, 0
1222000, 1024, 0, 0
1222999, 940, 0, 0
1223999, 788, 0, 0
1225000, 948, 0, 0
1225999, 1001, 0, 0
1226999, 1021, 0, 0
1228000, 964, 0, 0
1228999, 984, 0, 0
1230000, 820, 0, 0
1230999, 1029, 0, 0
1231999, 876, 0, 0
1233000, 944, 0, 0
1233999, 908, 0, 0
1235000, 1049, 0, 0
1236000, 996, 0, 0
1236999, 952, 0, 0
1238000, 1040, 0, 0
1238999, 1097, 0, 0
1239999, 836, 0, 0
1241000, 924, 0, 0
1241999, 908, 0, 0
1242999, 856, 0, 0
1244000, 1004, 0, 0
1244999, 1025, 0, 0
1246000, 868, 0, 0
1247000, 928, 0, 0
1247999, 904, 0, 0
1249000, 1028, 0, 0
1249999, 784, 0, 0
1250999, 948, 0, 0
1252000, 936, 0, 0
1252999, 800, 0, 0
1253999, 900, 0, 0
1255000, 808, 0, 0
1255999, 928, 0, 0
1256999, 924, 0, 0
1258000, 988, 0, 0
1258999, 920, 0, 0
1259999, 1041, 0, 0
1261000, 888, 0, 0
1261999, 852, 0, 0
1262999, 892, 0, 0
1264000, 988, 0, 0
1265000, 844, 0, 0
1265999, 860, 0, 0
1266999, 784, 0, 0
1268000, 984, 0, 0
1268999, 832, 0, 0
1269999, 904, 0, 0
1271000, 956, 0, 0
1271999, 940, 0, 0
1272999, 936, 0, 0
1274000, 920, 0, 0
1275000, 828, 0, 0
1275999, 924, 0, 0
1276999, 892, 0, 0
1278000, 948, 0, 0
1278999, 972, 0, 0
1280000, 1016, 0, 0
1281000, 864, 0, 0
1281999, 928, 0, 0
1283000, 972, 0, 0
1284000, 900, 0, 0
1284999, 892, 0, 0
1285999, 1057, 0, 0
1287000, 892, 0, 0
1287999, 884, 0, 0
1288999, 984, 0, 0
1290000, 916, 0, 0
1291000, 868, 0, 0
1291999, 936, 0, 0
1292999, 1061, 0, 0
1294000, 784, 0, 0
1294999, 904, 0, 0
1296000, 920, 0, 0
1296999, 948, 0, 0
1297999, 912, 0, 0
1299000, 976, 0, 0
1299999, 956, 0, 0
1300999, 908, 0, 0
1302000, 920, 0, 0
1302999, 1009, 0, 0
1304000, 912, 0, 0
1304999, 932, 0, 0
1305999, 912, 0, 0
1307000, 796, 0, 0
1307999, 808, 0, 0
1308999, 980, 0, 0
1310000, 992, 0, 0
1310999, 832, 0, 0
1312000, 996, 0, 0
1312999, 856, 0, 0
1313999, 800, 0, 0
1315000, 872, 0, 0
1315999, 976, 0, 0
1317000, 912, 0, 0
1317999, 856, 0, 0
1318999, 824, 0, 0
1320000, 848, 0, 0
1320999, 1057, 0, 0
1322000, 976, 0, 0
1323000, 792, 0, 0
1323999, 928, 0, 0
1325000, 964, 0, 0
1326000, 848, 0, 0
1326999, 1045, 0, 0
1328000, 916, 0, 0
1328999, 952, 0, 0
1329999, 884, 0, 0
1331000, 980, 0, 0
1331999, 780, 0, 0
1333000, 936, 0, 0
1334000, 928, 0, 0
1334999, 912, 0, 0
1336000, 860, 0, 0
1337000, 912, 0, 0
1337999, 848, 0, 0
1339000, 876, 0, 0
1339999, 1029, 0, 0
1340999, 924, 0, 0
1342000, 860, 0, 0
1342999, 896, 0, 0
1343999, 1017, 0, 0
1345000, 844, 0, 0
1345999, 888, 0, 0
1346999, 856, 0, 0
1348000, 916, 0, 0
1348999, 1013, 0, 0
1349999, 944, 0, 0
1351000, 796, 0, 0
1351999, 904, 0, 0
1353000, 1044, 0, 0
1353999, 904, 0, 0
1354999, 1037, 0, 0
1356000, 904, 0, 0
1356999, 924, 0, 0
1357999, 912, 0, 0
1359000, 900, 0, 0
1359999, 904, 0, 0
1361000, 900, 0, 0
1361999, 876, 0, 0
1362999, 940, 0, 0
1364000, 920, 0, 0
1364999, 928, 0, 0
1366000, 1036, 0, 0
1366999, 1005, 0, 0
1367999, 960, 0, 0
1369000, 948, 0, 0
1369999, 984, 0, 0
1370999, 868, 0, 0
1372000, 880, 0, 0
1372999, 940, 0, 0
1374000, 864, 0, 0
1375000, 896, 0, 0
1375999, 844, 0, 0
1377000, 940, 0, 0
1377999, 1021, 0, 0
1378999, 996, 0, 0
1380000, 884, 0, 0
1380999, 872, 0, 0
1381999, 964, 0, 0
1383000, 956, 0, 0
1383999, 828, 0, 0
1384999, 844, 0, 0
1386000, 872, 0, 0
1387000, 1060, 0, 0
1387999, 940, 0, 0
1388999, 932, 0, 0
1390000, 824, 0, 0
1390999, 924, 0, 0
1392000, 936, 0, 0
1393000, 912, 0, 0
1393999, 916, 0, 0
1394999, 908, 0, 0
1396000, 928, 0, 0
1396999, 968, 0, 0
1397999, 848, 0, 0
1399000, 1000, 0, 0
1399999, 952, 0, 0
1400999, 924, 0, 0
1402000, 908, 0, 0
1402999, 812, 0, 0
1403999, 852, 0, 0
1404999, 952, 0, 0
1406000, 980, 0, 0
1406999, 976, 0, 0
1408000, 980, 0, 0
1409000, 992, 0, 0
1409999, 896, 0, 0
1411000, 1004, 0, 0
1411999, 904, 0, 0
1412999, 796, 0, 0
1414000, 1128, 0, 0
1414999, 944, 0, 0
1415999, 952, 0, 0
1417000, 844, 0, 0
1418000, 860, 0, 0
1418999, 1025, 0, 0
1420000, 948, 0, 0
1421000, 856, 0, 0
1421999, 976, 0, 0
1422999, 884, 0, 0
1424000, 932, 0, 0
1424999, 740, 0, 0
1425999, 856, 0, 0
1427000, 844, 0, 0
1427999, 988, 0, 0
1428999, 988, 0, 0
1430000, 956, 0, 0
1430999, 828, 0, 0
1431999, 808, 0, 0
1433000, 964, 0, 0
1433999, 792, 0, 0
1434999, 992, 0, 0
1436000, 892, 0, 0
1436999, 844, 0, 0
1438000, 948, 0, 0
1438999, 948, 0, 0
1439999, 856, 0, 0
1441000, 892, 0, 0
1441999, 948, 0, 0
1442999, 988, 0, 0
1444000, 896, 0, 0
1444999, 880, 0, 0
1446000, 968, 0, 0
1446999, 920, 0, 0
1447999, 932, 0, 0
1449000, 1000, 0, 0
1449999, 908, 0, 0
1450999, 948, 0, 0
1452000, 872, 0, 0
1452999, 948, 0, 0
1453999, 1045, 0, 0
1455000, 1064, 0, 0
1455999, 924, 0, 0
1456999, 972, 0, 0
1458000, 992, 0, 0
1459000, 860, 0, 0
1459999, 840, 0, 0
1460999, 960, 0, 0
1462000, 1028, 0, 0
1462999, 824, 0, 0
1463999, 940, 0, 0
1465000, 920, 0, 0
1466000, 916, 0, 0
1466999, 948, 0, 0
1467999, 940, 0, 0
1469000, 800, 0, 0
1469999, 920, 0, 0
1470999, 844, 0, 0
1472000, 928, 0, 0
1472999, 944, 0, 0
1474000, 872, 0, 0
1475000, 936, 0, 0
1475999, 952, 0, 0
1477000, 832, 0, 0
1478000, 812, 0, 0
1478999, 936, 0, 0
1480000, 932, 0, 0
1480999, 884, 0, 0
1482000, 936, 0, 0
1482999, 1073, 0, 0
1483999, 832, 0, 0
1485000, 940, 0, 0
1485999, 928, 0, 0
1486999, 932, 0, 0
1487999, 948, 0, 0
1489000, 936, 0, 0
1489999, 928, 0, 0
1490999, 892, 0, 0
1492000, 928, 0, 0
1492999, 916, 0, 0
1493999, 1029, 0, 0
1495000, 972, 0, 0
1496000, 944, 0, 0
1496999, 988, 0, 0
1498000, 948, 0, 0
1499000, 900, 0, 0
1499999, 948, 0, 0
1501000, 904, 0, 0
1502000, 996, 0, 0
1502999, 976, 0, 0
1504000, 1016, 0, 0
1505000, 920, 0, 0
1505999, 1005, 0, 0
1506999, 956, 0, 0
1508000, 1036, 0, 0
1508999, 920, 0, 0
1510000, 1001, 0, 0
1511000, 932, 0, 0
1511999, 764, 0, 0
1513000, 804, 0, 0
1514000, 956, 0, 0
1514999, 796, 0, 0
1516000, 864, 0, 0
1517000, 864, 0, 0
1517999, 904, 0, 0
1518999, 1001, 0, 0
1520000, 928, 0, 0
1520999, 988, 0, 0
1521999, 984, 0, 0
1523000, 920, 0, 0
1523999, 844, 0, 0
1524999, 968, 0, 0
1526000, 888, 0, 0
1526999, 1037, 0, 0
1527999, 972, 0, 0
1529000, 848, 0, 0
1529999, 1045, 0, 0
1530999, 960, 0, 0
1532000, 780, 0, 0
1533000, 876, 0, 0
1533999, 860, 0, 0
1535000, 1024, 0, 0
1536000, 936, 0, 0
1536999, 892, 0, 0
1537999, 924, 0, 0
1539000, 852, 0, 0
1539999, 848, 0, 0
1540999, 1037, 0, 0
1542000, 776, 0, 0
1542999, 976, 0, 0
1543999, 960, 0, 0
1545000, 928, 0, 0
1545999, 932, 0, 0
1546999, 1009, 0, 0
1548000, 904, 0, 0
1548999, 976, 0, 0
1549999, 1033, 0, 0
1551000, 860, 0, 0
1551999, 940, 0, 0
1553000, 804, 0, 0
1554000, 936, 0, 0
1554999, 920, 0, 0
1556000, 912, 0, 0
1556999, 864, 0, 0
1557999, 908, 0, 0
1559000, 880, 0, 0
1559999, 912, 0, 0
1560999, 884, 0, 0
1562000, 856, 0, 0
1562999, 940, 0, 0
1564000, 860, 0, 0
1565000, 912, 0, 0
1565999, 780, 0, 0
1567000, 996, 0, 0
1568000, 944, 0, 0
1568999, 928, 0, 0
1570000, 888, 0, 0
1571000, 856, 0, 0
1571999, 960, 0, 0
1573000, 896, 0, 0
1573999, 952, 0, 0
1574999, 916, 0, 0
1576000, 856, 0, 0
1576999, 868, 0, 0
1577999, 952, 0, 0
1579000, 876, 0, 0
1580000, 956, 0, 0
1580999, 940, 0, 0
1582000, 836, 0, 0
1582999, 868, 0, 0
1583999, 892, 0, 0
1585000, 948, 0, 0
1586000, 916, 0, 0
1586999, 884, 0, 0
1588000, 876, 0, 0
1588999, 848, 0, 0
1589999, 816, 0, 0
1591000, 888, 0, 0
1591999, 756, 0, 0
1592999, 932, 0, 0
1594000, 820, 0, 0
1594999, 924, 0, 0
1596000, 812, 0, 0
1597000, 1000, 0, 0
1597999, 912, 0, 0
1599000, 944, 0, 0
1600000, 828, 0, 0
1600999, 840, 0, 0
1602000, 864, 0, 0
1602999, 1017, 0, 0
1603999, 876, 0, 0
1605000, 892, 0, 0
1605999, 988, 0, 0
1606999, 1057, 0, 0
1608000, 852, 0, 0
1608999, 908, 0, 0
1609999, 948, 0, 0
1611000, 868, 0, 0
1611999, 888, 0, 0
1612999, 904, 0, 0
1614000, 908, 0, 0
1614999, 984, 0, 0
1615999, 976, 0, 0
1617000, 908, 0, 0
1617999, 848, 0, 0
1619000, 836, 0, 0
1620000, 868, 0, 0
1620999, 964, 0, 0
1622000, 952, 0, 0
1622999, 960, 0, 0
1623999, 968, 0, 0
1625000, 924, 0, 0
1625999, 796, 0, 0
1626999, 852, 0, 0
1628000, 956, 0, 0
1628999, 976, 0, 0
1629999, 836, 0, 0
1631000, 936, 0, 0
1631999, 912, 0, 0
1633000, 1064, 0, 0
1634000, 932, 0, 0
1634999, 828, 0, 0
1636000, 1120, 0, 0
1636999, 948, 0, 0
1637999, 952, 0, 0
1639000, 900, 0, 0
1639999, 952, 0, 0
1641000, 908, 0, 0
1642000, 784, 0, 0
1642999, 908, 0, 0
1644000, 784, 0, 0
1644999, 816, 0, 0
1645999, 992, 0, 0
1647000, 984, 0, 0
1647999, 864, 0, 0
1648999, 864, 0, 0
1650000, 868, 0, 0
1650999, 1069, 0, 0
1651999, 780, 0, 0
1653000, 908, 0, 0
1654000, 904, 0, 0
1654999, 936, 0, 0
1656000, 932, 0, 0
1657000, 840, 0, 0
1657999, 944, 0, 0
1658999, 808, 0, 0
1660000, 864, 0, 0
1660999, 928, 0, 0
1661999, 904, 0, 0
1663000, 888, 0, 0
1663999, 968, 0, 0
1664999, 832, 0, 0
1666000, 936, 0, 0
1667000, 996, 0, 0
1667999, 860, 0, 0
1668999, 920, 0, 0
1670000, 836, 0, 0
1670999, 960, 0, 0
1671999, 840, 0, 0
1673000, 908, 0, 0
1673999, 952, 0, 0
1674999, 928, 0, 0
1676000, 992, 0, 0
1676999, 964, 0, 0
1677999, 784, 0, 0
1679000, 860, 0, 0
1680000, 876, 0, 0
1680999, 912, 0, 0
1682000, 900, 0, 0
1683000, 944, 0, 0
1683999, 744, 0, 0
1685000, 876, 0, 0
1686000, 708, 0, 0
1686999, 864, 0, 0
1688000, 976, 0, 0
1689000, 960, 0, 0
1689999, 960, 0, 0
1691000, 824, 0, 0
1691999, 824, 0, 0
1692999, 900, 0, 0
1694000, 876, 0, 0
1694999, 1013, 0, 0
1695999, 800, 0, 0
1697000, 896, 0, 0
1697999, 812, 0, 0
1698999, 896, 0, 0
1700000, 852, 0, 0
1700999, 932, 0, 0
1701999, 888, 0, 0
1703000, 844, 0, 0
1703999, 900, 0, 0
1704999, 860, 0, 0
1705999, 1013, 0, 0
1706999, 784, 0, 0
1708000, 800, 0, 0
1709000, 840, 0, 0
1709999, 1045, 0, 0
1710999, 1009, 0, 0
1712000, 936, 0, 0
1712999, 972, 0, 0
1713999, 952, 0, 0
1715000, 908, 0, 0
1715999, 968, 0, 0
1717000, 808, 0, 0
1718000, 896, 0, 0
1718999, 992, 0, 0
1719999, 856, 0, 0
1721000, 868, 0, 0
1721999, 908, 0, 0
1722999, 960, 0, 0
1724000, 944, 0, 0
1724999, 912, 0, 0
1725999, 872, 0, 0
1727000, 984, 0, 0
1727999, 944, 0, 0
1728999, 940, 0, 0
1730000, 860, 0, 0
1730999, 872, 0, 0
1731999, 764, 0, 0
1732999, 936, 0, 0
1733999, 972, 0, 0
1734999, 916, 0, 0
1736000, 900, 0, 0
1736999, 852, 0, 0
1737999, 856, 0, 0
1739000, 984, 0, 0
1739999, 924, 0, 0
1740999, 888, 0, 0
1742000, 1012, 0, 0
1742999, 796, 0, 0
1744000, 796, 0, 0
1745000, 960, 0, 0
1745999, 884, 0, 0
1747000, 924, 0, 0
1747999, 884, 0, 0
1748999, 908, 0, 0
1750000, 884, 0, 0
1750999, 788, 0, 0
1751999, 904, 0, 0
1753000, 884, 0, 0
1753999, 804, 0, 0
1754999, 836, 0, 0
1756000, 860, 0, 0
1756999, 816, 0, 0
1757999, 964, 0, 0
1759000, 884, 0, 0
1759999, 836, 0, 0
1760999, 932, 0, 0
1762000, 948, 0, 0
1762999, 824, 0, 0
1764000, 808, 0, 0
1765000, 972, 0, 0
1765999, 880, 0, 0
1767000, 932, 0, 0
1767999, 848, 0, 0
1768999, 852, 0, 0
1770000, 816, 0, 0
1770999, 904, 0, 0
1771999, 820, 0, 0
1773000, 988, 0, 0
1773999, 824, 0, 0
1774999, 836, 0, 0
1776000, 776, 0, 0
1776999, 996, 0, 0
1777999, 948, 0, 0
1779000, 876, 0, 0
1779999, 860, 0, 0
1780999, 860, 0, 0
1781999, 968, 0, 0
1783000, 956, 0, 0
1783999, 1021, 0, 0
1785000, 888, 0, 0
1786000, 848, 0, 0
1786999, 788, 0, 0
1788000, 864, 0, 0
1789000, 916, 0, 0
1789999, 832, 0, 0
1791000, 804, 0, 0
1792000, 908, 0, 0
1792999, 820, 0, 0
1794000, 808, 0, 0
1794999, 864, 0, 0
1795999, 944, 0, 0
1797000, 940, 0, 0
1797999, 788, 0, 0
1798999, 904, 0, 0
1800000, 888, 0, 0
1800999, 948, 0, 0
1801999, 836, 0, 0
1803000, 896, 0, 0
1803999, 936, 0, 0
1804999, 956, 0, 0
1806000, 840, 0, 0
1806999, 920, 0, 0
1807999, 976, 0, 0
1809000, 888, 0, 0
1809999, 812, 0, 0
1811000, 856, 0, 0
1811999, 856, 0, 0
1812999, 880, 0, 0
1814000, 832, 0, 0
1814999, 816, 0, 0
1815999, 856, 0, 0
1817000, 1008, 0, 0
1817999, 980, 0, 0
1818999, 776, 0, 0
1820000, 976, 0, 0
1820999, 900, 0, 0
1821999, 1017, 0, 0
1823000, 952, 0, 0
1823999, 788, 0, 0
1824999, 988, 0, 0
1826000, 816, 0, 0
1826999, 864, 0, 0
1828000, 816, 0, 0
1829000, 876, 0, 0
1829999, 820, 0, 0
1831000, 888, 0, 0
1831999, 932, 0, 0
1832999, 980, 0, 0
1834000, 884, 0, 0
1834999, 904, 0, 0
1836000, 1084, 0, 0
1837000, 952, 0, 0
1837999, 724, 0, 0
1839000, 832, 0, 0
1840000, 780, 0, 0
1840999, 812, 0, 0
1842000, 868, 0, 0
1843000, 876, 0, 0
1843999, 820, 0, 0
1845000, 864, 0, 0
1845999, 960, 0, 0
1846999, 784, 0, 0
1848000, 768, 0, 0
1848999, 848, 0, 0
1849999, 836, 0, 0
1851000, 976, 0, 0
1851999, 820, 0, 0
1852999, 1009, 0, 0
1854000, 876, 0, 0
1854999, 856, 0, 0
1855999, 884, 0, 0
1857000, 876, 0, 0
1858000, 956, 0, 0
1858999, 928, 0, 0
1860000, 976, 0, 0
1861000, 840, 0, 0
1861999, 892, 0, 0
1863000, 1008, 0, 0
1864000, 696, 0, 0
1864999, 888, 0, 0
1865999, 896, 0, 0
1867000, 992, 0, 0
1867999, 880, 0, 0
1868999, 888, 0, 0
1870000, 888, 0, 0
1870999, 744, 0, 0
1871999, 824, 0, 0
1873000, 952, 0, 0
1873999, 888, 0, 0
1874999, 812, 0, 0
1876000, 828, 0, 0
1877000, 952, 0, 0
1877999, 868, 0, 0
1879000, 844, 0, 0
1879999, 884, 0, 0
1880999, 928, 0, 0
1882000, 796, 0, 0
1883000, 868, 0, 0
1883999, 916, 0, 0
1885000, 812, 0, 0
1885999, 824, 0, 0
1886999, 840, 0, 0
1888000, 832, 0, 0
1888999, 864, 0, 0
1889999, 812, 0, 0
1891000, 828, 0, 0
1891999, 868, 0, 0
1892999, 876, 0, 0
1894000, 1020, 0, 0
1895000, 932, 0, 0
1895999, 800, 0, 0
1896999, 876, 0, 0
1898000, 820, 0, 0
1898999, 892, 0, 0
1900000, 804, 0, 0
1900999, 960, 0, 0
1901999, 716, 0, 0
1902999, 892, 0, 0
1904000, 864, 0, 0
1904999, 940, 0, 0
1905999, 812, 0, 0
1906999, 868, 0, 0
1908000, 636, 0, 0
1908999, 880, 0, 0
1909999, 964, 0, 0
1911000, 772, 0, 0
1911999, 864, 0, 0
1913000, 908, 0, 0
1913999, 848, 0, 0
1914999, 808, 0, 0
1916000, 816, 0, 0
1916999, 868, 0, 0
1917999, 820, 0, 0
1919000, 908, 0, 0
1920000, 888, 0, 0
1920999, 820, 0, 0
1921999, 916, 0, 0
1923000, 904, 0, 0
1923999, 984, 0, 0
1924999, 872, 0, 0
1926000, 836, 0, 0
1926999, 856, 0, 0
1927999, 864, 0, 0
1929000, 848, 0, 0
1929999, 820, 0, 0
1930999, 896, 0, 0
1932000, 916, 0, 0
1932999, 764, 0, 0
1933999, 824, 0, 0
1935000, 836, 0, 0
1935999, 804, 0, 0
1936999, 900, 0, 0
1938000, 780, 0, 0
1938999, 820, 0, 0
1939999, 888, 0, 0
1941000, 836, 0, 0
1941999, 800, 0, 0
1942999, 856, 0, 0
1944000, 844, 0, 0
1944999, 880, 0, 0
1945999, 840, 0, 0
1947000, 760, 0, 0
1947999, 856, 0, 0
1948999, 748, 0, 0
1950000, 884, 0, 0
1951000, 836, 0, 0
1951999, 780, 0, 0
1953000, 924, 0, 0
1953999, 836, 0, 0
1954999, 920, 0, 0
1956000, 904, 0, 0
1956999, 884, 0, 0
1957999, 852, 0, 0
1959000, 760, 0, 0
1959999, 916, 0, 0
1960999, 828, 0, 0
1962000, 856, 0, 0
1963000, 840, 0, 0
1963999, 784, 0, 0
1965000, 892, 0, 0
1966000, 880, 0, 0
1966999, 772, 0, 0
1968000, 676, 0, 0
1969000, 916, 0, 0
1969999, 832, 0, 0
1971000, 920, 0, 0
1972000, 780, 0, 0
1972999, 828, 0, 0
1974000, 832, 0, 0
1974999, 828, 0, 0
1975999, 896, 0, 0
1977000, 768, 0, 0
1977999, 796, 0, 0
1978999, 808, 0, 0
1980000, 940, 0, 0
1980999, 856, 0, 0
1981999, 812, 0, 0
1983000, 860, 0, 0
1983999, 804, 0, 0
1984999, 840, 0, 0
1986000, 964, 0, 0
1986999, 936, 0, 0
1987999, 840, 0, 0
1989000, 812, 0, 0
1989999, 856, 0, 0
1991000, 784, 0, 0
1992000, 848, 0, 0
1992999, 884, 0, 0
1994000, 764, 0, 0
1994999, 936, 0, 0
1995999, 876, 0, 0
1997000, 808, 0, 0
1997999, 840, 0, 0
1998999, 872, 0, 0
2000000, 832, 0, 0
2000999, 744, 0, 0
2001999, 824, 0, 0
2002999, 788, 0, 0
2004000, 840, 0, 0
2004999, 816, 0, 0
2006000, 896, 0, 0
2007000, 892, 0, 0
2007999, 716, 0, 0
2008999, 780, 0, 0
2010000, 876, 0, 0
2010999, 788, 0, 0
2011999, 872, 0, 0
2013000, 828, 0, 0
2013999, 820, 0, 0
2014999, 852, 0, 0
2016000, 844, 0, 0
2016999, 696, 0, 0
2017999, 804, 0, 0
2019000, 824, 0, 0
2019999, 772, 0, 0
2021000, 824, 0, 0
2022000, 780, 0, 0
2022999, 756, 0, 0
2024000, 832, 0, 0
2024999, 904, 0, 0
2025999, 800, 0, 0
2027000, 772, 0, 0
2027999, 848, 0, 0
2028999, 812, 0, 0
2030000, 888, 0, 0
2031000, 848, 0, 0
2031999, 804, 0, 0
2033000, 880, 0, 0
2033999, 780, 0, 0
2034999, 740, 0, 0
2036000, 956, 0, 0
2036999, 868, 0, 0
2037999, 924, 0, 0
2039000, 696, 0, 0
2039999, 836, 0, 0
2041000, 820, 0, 0
2042000, 828, 0, 0
2042999, 772, 0, 0
2044000, 748, 0, 0
2044999, 844, 0, 0
2045999, 820, 0, 0
2047000, 816, 0, 0
2047999, 748, 0, 0
2048999, 748, 0, 0
2050000, 804, 0, 0
2050999, 900, 0, 0
2051999, 712, 0, 0
2053000, 772, 0, 0
2053999, 768, 0, 0
2054999, 796, 0, 0
2056000, 808, 0, 0
2056999, 824, 0, 0
2057999, 828, 0, 0
2059000, 760, 0, 0
2059999, 872, 0, 0
2060999, 780, 0, 0
2062000, 808, 0, 0
2062999, 836, 0, 0
2064000, 772, 0, 0
2065000, 824, 0, 0
2065999, 800, 0, 0
2067000, 752, 0, 0
2067999, 820, 0, 0
2068999, 784, 0, 0
2070000, 880, 0, 0
2071000, 812, 0, 0
2071999, 836, 0, 0
2072999, 760, 0, 0
2074000, 824, 0, 0
2074999, 856, 0, 0
2075999, 728, 0, 0
2077000, 872, 0, 0
2077999, 816, 0, 0
2078999, 812, 0, 0
2080000, 808, 0, 0
2080999, 788, 0, 0
2081999, 820, 0, 0
2083000, 672, 0, 0
2083999, 820, 0, 0
2084999, 852, 0, 0
2086000, 788, 0, 0
2086999, 724, 0, 0
2087999, 696, 0, 0
2089000, 820, 0, 0
2090000, 868, 0, 0
2090999, 776, 0, 0
2092000, 740, 0, 0
2093000, 892, 0, 0
2093999, 720, 0, 0
2094999, 764, 0, 0
2095999, 884, 0, 0
2096999, 784, 0, 0
2097999, 804, 0, 0
2099000, 836, 0, 0
2100000, 860, 0, 0
2100999, 764, 0, 0
2102000, 900, 0, 0
2102999, 732, 0, 0
2103999, 752, 0, 0
2105000, 744, 0, 0
2105999, 764, 0, 0
2106999, 832, 0, 0
2108000, 732, 0, 0
2108999, 816, 0, 0
2109999, 852, 0, 0
2111000, 840, 0, 0
2111999, 720, 0, 0
2112999, 768, 0, 0
2114000, 860, 0, 0
2114999, 768, 0, 0
2115999, 672, 0, 0
2117000, 812, 0, 0
2117999, 820, 0, 0
2119000, 700, 0, 0
2119999, 748, 0, 0
2120999, 740, 0, 0
2122000, 748, 0, 0
2122999, 768, 0, 0
2123999, 748, 0, 0
2125000, 808, 0, 0
2125999, 876, 0, 0
2126999, 628, 0, 0
2128000, 760, 0, 0
2128999, 736, 0, 0
2130000, 828, 0, 0
2131000, 836, 0, 0
2131999, 772, 0, 0
2132999, 760, 0, 0
2134000, 780, 0, 0
2134999, 716, 0, 0
2135999, 784, 0, 0
2137000, 820, 0, 0
2137999, 820, 0, 0
2138999, 740, 0, 0
2140000, 840, 0, 0
2140999, 764, 0, 0
2141999, 752, 0, 0
2143000, 720, 0, 0
2143999, 784, 0, 0
2144999, 760, 0, 0
2146000, 728, 0, 0
2146999, 744, 0, 0
2147999, 724, 0, 0
2149000, 760, 0, 0
2149999, 864, 0, 0
2150999, 776, 0, 0
2152000, 712, 0, 0
2152999, 788, 0, 0
2153999, 784, 0, 0
2155000, 724, 0, 0
2155999, 796, 0, 0
2156999, 656, 0, 0
2158000, 756, 0, 0
2158999, 776, 0, 0
2159999, 720, 0, 0
2161000, 776, 0, 0
2161999, 864, 0, 0
2162999, 752, 0, 0
2164000, 792, 0, 0
2164999, 724, 0, 0
2165999, 760, 0, 0
2167000, 752, 0, 0
2167999, 780, 0, 0
2168999, 684, 0, 0
2170000, 692, 0, 0
2170999, 664, 0, 0
2171999, 728, 0, 0
2173000, 664, 0, 0
2173999, 804, 0, 0
2174999, 752, 0, 0
2176000, 680, 0, 0
2177000, 816, 0, 0
2177999, 712, 0, 0
2178999, 720, 0, 0
2180000, 740, 0, 0
2181000, 744, 0, 0
2181999, 788, 0, 0
2183000, 748, 0, 0
2183999, 688, 0, 0
2184999, 716, 0, 0
2185999, 712, 0, 0
2187000, 712, 0, 0
2187999, 644, 0, 0
2189000, 768, 0, 0
2190000, 764, 0, 0
2190999, 816, 0, 0
2192000, 732, 0, 0
2192999, 704, 0, 0
2193999, 716, 0, 0
2195000, 652, 0, 0
2195999, 720, 0, 0
2197000, 724, 0, 0
2198000, 672, 0, 0
2198999, 796, 0, 0
2200000, 680, 0, 0
2200999, 700, 0, 0
2201999, 740, 0, 0
2203000, 704, 0, 0
2203999, 752, 0, 0
2204999, 748, 0, 0
2206000, 784, 0, 0
2206999, 732, 0, 0
2207999, 792, 0, 0
2209000, 760, 0, 0
2210000, 656, 0, 0
2210999, 792, 0, 0
2211999, 692, 0, 0
2213000, 764, 0, 0
2213999, 732, 0, 0
2214999, 664, 0, 0
2216000, 764, 0, 0
2216999, 632, 0, 0
2217999, 696, 0, 0
2219000, 792, 0, 0
2219999, 732, 0, 0
2220999, 736, 0, 0
2222000, 760, 0, 0
2222999, 740, 0, 0
2223999, 652, 0, 0
2225000, 720, 0, 0
2225999, 720, 0, 0
2226999, 696, 0, 0
2228000, 696, 0, 0
2228999, 736, 0, 0
2229999, 776, 0, 0
2231000, 752, 0, 0
2231999, 732, 0, 0
2232999, 672, 0, 0
2234000, 772, 0, 0
2235000, 716, 0, 0
2235999, 804, 0, 0
2236999, 776, 0, 0
2238000, 764, 0, 0
2238999, 684, 0, 0
2239999, 676, 0, 0
2241000, 696, 0, 0
2241999, 700, 0, 0
2242999, 660, 0, 0
2244000, 776, 0, 0
2244999, 688, 0, 0
2245999, 644, 0, 0
2247000, 716, 0, 0
2247999, 692, 0, 0
2248999, 748, 0, 0
2249999, 684, 0, 0
2250999, 812, 0, 0
2251999, 644, 0, 0
2253000, 804, 0, 0
2253999, 796, 0, 0
2254999, 728, 0, 0
2256000, 692, 0, 0
2256999, 660, 0, 0
2257999, 636, 0, 0
2259000, 756, 0, 0
2259999, 676, 0, 0
2260999, 712, 0, 0
2262000, 724, 0, 0
2262999, 676, 0, 0
2263999, 684, 0, 0
2265000, 668, 0, 0
2265999, 676, 0, 0
2267000, 620, 0, 0
2267999, 688, 0, 0
2268999, 684, 0, 0
2270000, 676, 0, 0
2270999, 688, 0, 0
2271999, 708, 0, 0
2273000, 660, 0, 0
2274000, 660, 0, 0
2274999, 676, 0, 0
2275999, 624, 0, 0
2277000, 652, 0, 0
2277999, 712, 0, 0
2278999, 684, 0, 0
2280000, 780, 0, 0
2280999, 648, 0, 0
2281999, 704, 0, 0
2283000, 632, 0, 0
2283999, 740, 0, 0
2284999, 660, 0, 0
2286000, 688, 0, 0
2286999, 704, 0, 0
2287999, 612, 0, 0
2289000, 780, 0, 0
2289999, 592, 0, 0
2290999, 772, 0, 0
2292000, 676, 0, 0
2292999, 760, 0, 0
2293999, 716, 0, 0
2294999, 744, 0, 0
2295999, 672, 0, 0
2297000, 676, 0, 0
2297999, 660, 0, 0
2298999, 692, 0, 0
2300000, 652, 0, 0
2300999, 684, 0, 0
2301999, 640, 0, 0
2303000, 612, 0, 0
2303999, 584, 0, 0
2305000, 680, 0, 0
2305999, 592, 0, 0
2306999, 632, 0, 0
2308000, 652, 0, 0
2308999, 672, 0, 0
2309999, 712, 0, 0
2311000, 640, 0, 0
2311999, 680, 0, 0
2312999, 696, 0, 0
2314000, 628, 0, 0
2314999, 712, 0, 0
2315999, 656, 0, 0
2317000, 724, 0, 0
2317999, 680, 0, 0
2318999, 692, 0, 0
2320000, 712, 0, 0
2320999, 644, 0, 0
2321999, 668, 0, 0
2323000, 652, 0, 0
2324000, 644, 0, 0
2324999, 656, 0, 0
2325999, 672, 0, 0
2327000, 664, 0, 0
2327999, 708, 0, 0
2328999, 656, 0, 0
2330000, 676, 0, 0
2330999, 684, 0, 0
2331999, 596, 0, 0
2333000, 672, 0, 0
2333999, 636, 0, 0
2334999, 672, 0, 0
2336000, 604, 0, 0
2336999, 624, 0, 0
2337999, 640, 0, 0
2339000, 628, 0, 0
2340000, 632, 0, 0
2340999, 612, 0, 0
2341999, 680, 0, 0
2343000, 668, 0, 0
2343999, 636, 0, 0
2344999, 608, 0, 0
2346000, 668, 0, 0
2346999, 644, 0, 0
2347999, 640, 0, 0
2349000, 644, 0, 0
2350000, 636, 0, 0
2350999, 620, 0, 0
2351999, 732, 0, 0
2353000, 672, 0, 0
2354000, 624, 0, 0
2354999, 652, 0, 0
2356000, 572, 0, 0
2357000, 664, 0, 0
2357999, 660, 0, 0
2359000, 632, 0, 0
2360000, 668, 0, 0
2361000, 616, 0, 0
2361999, 648, 0, 0
2363000, 580, 0, 0
2364000, 624, 0, 0
2365000, 696, 0, 0
2365999, 660, 0, 0
2366999, 564, 0, 0
2368000, 668, 0, 0
2369000, 644, 0, 0
2370000, 652, 0, 0
2371000, 652, 0, 0
2372000, 588, 0, 0
2372999, 596, 0, 0
2373999, 604, 0, 0
2375000, 688, 0, 0
2376000, 616, 0, 0
2377000, 692, 0, 0
2378000, 608, 0, 0
2379000, 600, 0, 0
2379999, 664, 0, 0
2380999, 656, 0, 0
2382000, 680, 0, 0
2383000, 596, 0, 0
2384000, 640, 0, 0
2385000, 652, 0, 0
2385999, 724, 0, 0
2386999, 696, 0, 0
2388000, 664, 0, 0
2389000, 652, 0, 0
2390000, 672, 0, 0
2391000, 704, 0, 0
2392000, 696, 0, 0
2392999, 580, 0, 0
2393999, 584, 0, 0
2395000, 604, 0, 0
2396000, 628, 0, 0
2397000, 632, 0, 0
2398000, 664, 0, 0
2399000, 572, 0, 0
2399999, 608, 0, 0
