1000, 1428, 0, 0
1999, 1101, 0, 0
2999, 644, 0, 0
4000, 2772, 0, 0
5000, 1164, 0, 0
5999, 540, 0, 0
6999, 724, 0, 0
8000, 1676, 0, 0
8999, 708, 0, 0
9999, 1641, 0, 0
11000, 1128, 0, 0
12000, 688, 0, 0
12999, 560, 0, 0
14000, 1732, 0, 0
15000, 1700, 0, 0
15999, 1105, 0, 0
16999, 520, 0, 0
18000, 1228, 0, 0
18999, 688, 0, 0
19999, 1261, 0, 0
21000, 608, 0, 0
21999, 572, 0, 0
23000, 564, 0, 0
24000, 788, 0, 0
24999, 620, 0, 0
25999, 656, 0, 0
27000, 2176, 0, 0
28000, 1556, 0, 0
28999, 1133, 0, 0
29999, 1225, 0, 0
31000, 728, 0, 0
31999, 692, 0, 0
32999, 1189, 0, 0
34000, 592, 0, 0
34999, 1129, 0, 0
35999, 1821, 0, 0
37000, 1196, 0, 0
37999, 600, 0, 0
39000, 1256, 0, 0
39999, 552, 0, 0
40999, 600, 0, 0
41999, 712, 0, 0
43000, 2268, 0, 0
43999, 1881, 0, 0
44999, 1337, 0, 0
46000, 576, 0, 0
46999, 2326, 0, 0
47999, 1797, 0, 0
49000, 620, 0, 0
49999, 1317, 0, 0
50999, 1185, 0, 0
52000, 1256, 0, 0
52999, 524, 0, 0
54000, 524, 0, 0
55000, 584, 0, 0
55999, 1109, 0, 0
57000, 604, 0, 0
57999, 1889, 0, 0
58999, 812, 0, 0
60000, 676, 0, 0
61000, 700, 0, 0
61999, 560, 0, 0
62999, 1053, 0, 0
64000, 564, 0, 0
64999, 652, 0, 0
65999, 1825, 0, 0
67000, 880, 0, 0
67999, 924, 0, 0
68999, 728, 0, 0
70000, 772, 0, 0
70999, 1257, 0, 0
71999, 1429, 0, 0
73000, 936, 0, 0
73999, 612, 0, 0
74999, 628, 0, 0
76000, 648, 0, 0
76999, 676, 0, 0
77999, 1121, 0, 0
79000, 948, 0, 0
80000, 720, 0, 0
80999, 760, 0, 0
82000, 1296, 0, 0
83000, 2400, 0, 0
83999, 676, 0, 0
84999, 696, 0, 0
85999, 708, 0, 0
86999, 648, 0, 0
87999, 796, 0, 0
89000, 604, 0, 0
89999, 704, 0, 0
90999, 720, 0, 0
92000, 1368, 0, 0
92999, 1033, 0, 0
93999, 892, 0, 0
95000, 1692, 0, 0
95999, 932, 0, 0
96999, 652, 0, 0
98000, 772, 0, 0
98999, 892, 0, 0
99999, 2278, 0, 0
101000, 708, 0, 0
101999, 1289, 0, 0
102999, 672, 0, 0
104000, 580, 0, 0
104999, 560, 0, 0
105999, 688, 0, 0
107000, 756, 0, 0
107999, 628, 0, 0
108999, 604, 0, 0
110000, 644, 0, 0
111000, 728, 0, 0
111999, 732, 0, 0
113000, 1000, 0, 0
113999, 1073, 0, 0
115000, 1016, 0, 0
115999, 1377, 0, 0
116999, 1365, 0, 0
118000, 708, 0, 0
118999, 620, 0, 0
119999, 688, 0, 0
121000, 620, 0, 0
121999, 768, 0, 0
123000, 736, 0, 0
123999, 788, 0, 0
124999, 836, 0, 0
126000, 776, 0, 0
126999, 740, 0, 0
127999, 808, 0, 0
129000, 876, 0, 0
129999, 3227, 0, 0
131000, 1124, 0, 0
131999, 1101, 0, 0
132999, 952, 0, 0
134000, 808, 0, 0
134999, 636, 0, 0
135999, 756, 0, 0
137000, 720, 0, 0
137999, 800, 0, 0
139000, 700, 0, 0
140000, 772, 0, 0
140999, 684, 0, 0
142000, 732, 0, 0
142999, 648, 0, 0
143999, 784, 0, 0
145000, 776, 0, 0
145999, 696, 0, 0
147000, 796, 0, 0
147999, 932, 0, 0
148999, 1373, 0, 0
150000, 976, 0, 0
150999, 720, 0, 0
151999, 660, 0, 0
153000, 764, 0, 0
153999, 728, 0, 0
154999, 912, 0, 0
156000, 808, 0, 0
156999, 852, 0, 0
157999, 912, 0, 0
159000, 908, 0, 0
159999, 752, 0, 0
161000, 620, 0, 0
161999, 688, 0, 0
162999, 772, 0, 0
164000, 776, 0, 0
164999, 844, 0, 0
165999, 1273, 0, 0
167000, 1268, 0, 0
167999, 1121, 0, 0
169000, 1160, 0, 0
169999, 1321, 0, 0
170999, 1137, 0, 0
172000, 784, 0, 0
172999, 724, 0, 0
174000, 716, 0, 0
174999, 744, 0, 0
175999, 772, 0, 0
177000, 1048, 0, 0
177999, 948, 0, 0
178999, 896, 0, 0
180000, 788, 0, 0
180999, 752, 0, 0
182000, 776, 0, 0
182999, 820, 0, 0
183999, 1121, 0, 0
185000, 1548, 0, 0
185999, 1005, 0, 0
186999, 732, 0, 0
188000, 756, 0, 0
188999, 768, 0, 0
189999, 756, 0, 0
191000, 764, 0, 0
191999, 756, 0, 0
192999, 832, 0, 0
194000, 856, 0, 0
194999, 852, 0, 0
195999, 808, 0, 0
197000, 804, 0, 0
197999, 956, 0, 0
198999, 888, 0, 0
200000, 1012, 0, 0
200999, 780, 0, 0
201999, 804, 0, 0
202999, 832, 0, 0
203999, 844, 0, 0
204999, 824, 0, 0
206000, 844, 0, 0
206999, 868, 0, 0
207999, 852, 0, 0
209000, 796, 0, 0
209999, 620, 0, 0
210999, 732, 0, 0
211999, 692, 0, 0
213000, 680, 0, 0
213999, 740, 0, 0
214999, 772, 0, 0
216000, 824, 0, 0
217000, 796, 0, 0
217999, 704, 0, 0
218999, 740, 0, 0
220000, 852, 0, 0
220999, 908, 0, 0
221999, 816, 0, 0
223000, 824, 0, 0
223999, 672, 0, 0
224999, 740, 0, 0
225999, 772, 0, 0
227000, 764, 0, 0
227999, 728, 0, 0
228999, 748, 0, 0
230000, 708, 0, 0
230999, 752, 0, 0
232000, 648, 0, 0
233000, 700, 0, 0
233999, 664, 0, 0
235000, 660, 0, 0
235999, 728, 0, 0
236999, 768, 0, 0
238000, 736, 0, 0
238999, 712, 0, 0
239999, 724, 0, 0
241000, 740, 0, 0
242000, 704, 0, 0
242999, 836, 0, 0
243999, 932, 0, 0
245000, 908, 0, 0
245999, 784, 0, 0
247000, 828, 0, 0
247999, 788, 0, 0
248999, 716, 0, 0
250000, 712, 0, 0
250999, 824, 0, 0
251999, 720, 0, 0
253000, 744, 0, 0
253999, 808, 0, 0
254999, 720, 0, 0
256000, 704, 0, 0
256999, 740, 0, 0
258000, 788, 0, 0
258999, 792, 0, 0
259999, 736, 0, 0
261000, 788, 0, 0
262000, 696, 0, 0
262999, 712, 0, 0
264000, 804, 0, 0
264999, 796, 0, 0
265999, 880, 0, 0
267000, 804, 0, 0
267999, 832, 0, 0
268999, 768, 0, 0
270000, 696, 0, 0
270999, 812, 0, 0
271999, 916, 0, 0
273000, 912, 0, 0
273999, 856, 0, 0
274999, 832, 0, 0
276000, 764, 0, 0
277000, 764, 0, 0
277999, 708, 0, 0
279000, 924, 0, 0
280000, 768, 0, 0
280999, 796, 0, 0
281999, 880, 0, 0
282999, 864, 0, 0
283999, 820, 0, 0
284999, 776, 0, 0
286000, 692, 0, 0
286999, 792, 0, 0
287999, 856, 0, 0
289000, 748, 0, 0
289999, 792, 0, 0
290999, 752, 0, 0
292000, 756, 0, 0
292999, 724, 0, 0
293999, 812, 0, 0
295000, 752, 0, 0
295999, 676, 0, 0
296999, 748, 0, 0
298000, 796, 0, 0
298999, 752, 0, 0
299999, 920, 0, 0
301000, 756, 0, 0
301999, 760, 0, 0
302999, 652, 0, 0
303999, 840, 0, 0
305000, 756, 0, 0
305999, 712, 0, 0
307000, 744, 0, 0
307999, 688, 0, 0
308999, 844, 0, 0
310000, 884, 0, 0
310999, 864, 0, 0
311999, 800, 0, 0
313000, 864, 0, 0
313999, 788, 0, 0
314999, 948, 0, 0
316000, 808, 0, 0
316999, 916, 0, 0
317999, 796, 0, 0
318999, 728, 0, 0
320000, 752, 0, 0
320999, 772, 0, 0
321999, 676, 0, 0
323000, 752, 0, 0
323999, 764, 0, 0
324999, 768, 0, 0
326000, 740, 0, 0
327000, 812, 0, 0
327999, 816, 0, 0
329000, 832, 0, 0
330000, 840, 0, 0
330999, 812, 0, 0
332000, 800, 0, 0
332999, 840, 0, 0
333999, 880, 0, 0
335000, 884, 0, 0
335999, 908, 0, 0
336999, 736, 0, 0
338000, 872, 0, 0
338999, 748, 0, 0
339999, 920, 0, 0
341000, 916, 0, 0
341999, 920, 0, 0
342999, 960, 0, 0
344000, 748, 0, 0
344999, 780, 0, 0
345999, 812, 0, 0
347000, 880, 0, 0
347999, 680, 0, 0
349000, 780, 0, 0
349999, 696, 0, 0
350999, 684, 0, 0
352000, 744, 0, 0
353000, 748, 0, 0
353999, 756, 0, 0
354999, 788, 0, 0
356000, 832, 0, 0
356999, 808, 0, 0
357999, 824, 0, 0
358999, 768, 0, 0
359999, 664, 0, 0
361000, 800, 0, 0
361999, 692, 0, 0
362999, 824, 0, 0
364000, 828, 0, 0
364999, 784, 0, 0
365999, 824, 0, 0
367000, 900, 0, 0
367999, 732, 0, 0
369000, 832, 0, 0
369999, 788, 0, 0
370999, 792, 0, 0
372000, 792, 0, 0
372999, 812, 0, 0
374000, 764, 0, 0
374999, 888, 0, 0
375999, 884, 0, 0
377000, 844, 0, 0
377999, 856, 0, 0
378999, 744, 0, 0
379999, 800, 0, 0
381000, 904, 0, 0
381999, 776, 0, 0
382999, 800, 0, 0
384000, 784, 0, 0
385000, 864, 0, 0
385999, 828, 0, 0
387000, 960, 0, 0
388000, 836, 0, 0
388999, 824, 0, 0
390000, 728, 0, 0
391000, 812, 0, 0
391999, 948, 0, 0
393000, 1004, 0, 0
393999, 844, 0, 0
395000, 812, 0, 0
396000, 880, 0, 0
396999, 772, 0, 0
397999, 944, 0, 0
399000, 800, 0, 0
399999, 876, 0, 0
400999, 880, 0, 0
402000, 824, 0, 0
402999, 856, 0, 0
403999, 852, 0, 0
405000, 776, 0, 0
405999, 784, 0, 0
406999, 816, 0, 0
408000, 964, 0, 0
409000, 868, 0, 0
409999, 956, 0, 0
411000, 864, 0, 0
411999, 824, 0, 0
412999, 808, 0, 0
414000, 932, 0, 0
414999, 796, 0, 0
415999, 748, 0, 0
417000, 856, 0, 0
417999, 828, 0, 0
419000, 852, 0, 0
419999, 836, 0, 0
420999, 752, 0, 0
422000, 696, 0, 0
423000, 816, 0, 0
423999, 848, 0, 0
424999, 788, 0, 0
426000, 864, 0, 0
426999, 776, 0, 0
428000, 752, 0, 0
429000, 916, 0, 0
429999, 984, 0, 0
430999, 984, 0, 0
432000, 908, 0, 0
432999, 920, 0, 0
433999, 736, 0, 0
435000, 812, 0, 0
435999, 928, 0, 0
436999, 696, 0, 0
438000, 684, 0, 0
439000, 744, 0, 0
439999, 796, 0, 0
440999, 844, 0, 0
442000, 868, 0, 0
442999, 736, 0, 0
443999, 924, 0, 0
445000, 832, 0, 0
445999, 928, 0, 0
446999, 724, 0, 0
448000, 804, 0, 0
448999, 836, 0, 0
449999, 736, 0, 0
451000, 876, 0, 0
451999, 856, 0, 0
452999, 844, 0, 0
454000, 964, 0, 0
454999, 816, 0, 0
456000, 864, 0, 0
457000, 724, 0, 0
457999, 924, 0, 0
459000, 804, 0, 0
459999, 864, 0, 0
460999, 884, 0, 0
461999, 804, 0, 0
462999, 844, 0, 0
463999, 876, 0, 0
465000, 808, 0, 0
465999, 856, 0, 0
466999, 944, 0, 0
468000, 884, 0, 0
468999, 920, 0, 0
469999, 812, 0, 0
471000, 980, 0, 0
471999, 816, 0, 0
472999, 812, 0, 0
473999, 704, 0, 0
475000, 816, 0, 0
475999, 832, 0, 0
476999, 816, 0, 0
478000, 732, 0, 0
478999, 900, 0, 0
479999, 844, 0, 0
480999, 904, 0, 0
482000, 788, 0, 0
482999, 888, 0, 0
483999, 856, 0, 0
485000, 764, 0, 0
485999, 816, 0, 0
486999, 908, 0, 0
488000, 920, 0, 0
488999, 860, 0, 0
489999, 868, 0, 0
491000, 796, 0, 0
491999, 872, 0, 0
493000, 904, 0, 0
493999, 840, 0, 0
494999, 952, 0, 0
496000, 920, 0, 0
497000, 840, 0, 0
497999, 844, 0, 0
499000, 804, 0, 0
499999, 832, 0, 0
500999, 840, 0, 0
502000, 856, 0, 0
502999, 836, 0, 0
503999, 848, 0, 0
505000, 856, 0, 0
505999, 752, 0, 0
506999, 832, 0, 0
508000, 1000, 0, 0
508999, 872, 0, 0
509999, 876, 0, 0
511000, 980, 0, 0
511999, 876, 0, 0
512999, 924, 0, 0
514000, 772, 0, 0
514999, 936, 0, 0
515999, 740, 0, 0
517000, 892, 0, 0
517999, 856, 0, 0
518999, 816, 0, 0
520000, 776, 0, 0
520999, 796, 0, 0
521999, 948, 0, 0
523000, 976, 0, 0
523999, 872, 0, 0
524999, 804, 0, 0
526000, 816, 0, 0
526999, 764, 0, 0
527999, 740, 0, 0
529000, 908, 0, 0
529999, 848, 0, 0
530999, 892, 0, 0
532000, 872, 0, 0
532999, 828, 0, 0
534000, 924, 0, 0
534999, 844, 0, 0
535999, 800, 0, 0
537000, 764, 0, 0
537999, 900, 0, 0
538999, 764, 0, 0
540000, 880, 0, 0
540999, 980, 0, 0
542000, 1012, 0, 0
542999, 800, 0, 0
543999, 824, 0, 0
545000, 900, 0, 0
545999, 860, 0, 0
547000, 824, 0, 0
547999, 872, 0, 0
548999, 824, 0, 0
550000, 856, 0, 0
550999, 944, 0, 0
551999, 872, 0, 0
553000, 964, 0, 0
553999, 832, 0, 0
554999, 924, 0, 0
555999, 860, 0, 0
556999, 860, 0, 0
558000, 860, 0, 0
558999, 780, 0, 0
559999, 820, 0, 0
561000, 852, 0, 0
561999, 860, 0, 0
562999, 868, 0, 0
564000, 780, 0, 0
564999, 884, 0, 0
565999, 816, 0, 0
567000, 824, 0, 0
567999, 680, 0, 0
569000, 1008, 0, 0
569999, 848, 0, 0
570999, 860, 0, 0
572000, 976, 0, 0
572999, 880, 0, 0
573999, 868, 0, 0
575000, 860, 0, 0
575999, 836, 0, 0
577000, 928, 0, 0
577999, 788, 0, 0
578999, 800, 0, 0
580000, 916, 0, 0
580999, 876, 0, 0
581999, 848, 0, 0
583000, 804, 0, 0
583999, 840, 0, 0
585000, 756, 0, 0
585999, 1005, 0, 0
586999, 840, 0, 0
588000, 1028, 0, 0
588999, 804, 0, 0
589999, 912, 0, 0
591000, 976, 0, 0
591999, 840, 0, 0
592999, 932, 0, 0
593999, 836, 0, 0
594999, 864, 0, 0
596000, 828, 0, 0
596999, 888, 0, 0
597999, 796, 0, 0
599000, 764, 0, 0
599999, 908, 0, 0
600999, 888, 0, 0
602000, 652, 0, 0
602999, 852, 0, 0
603999, 908, 0, 0
605000, 832, 0, 0
605999, 892, 0, 0
607000, 836, 0, 0
607999, 776, 0, 0
608999, 892, 0, 0
610000, 980, 0, 0
610999, 856, 0, 0
611999, 828, 0, 0
613000, 800, 0, 0
613999, 832, 0, 0
614999, 768, 0, 0
616000, 936, 0, 0
616999, 932, 0, 0
617999, 872, 0, 0
619000, 920, 0, 0
619999, 816, 0, 0
620999, 884, 0, 0
622000, 948, 0, 0
623000, 860, 0, 0
623999, 980, 0, 0
624999, 884, 0, 0
626000, 820, 0, 0
626999, 904, 0, 0
627999, 840, 0, 0
629000, 984, 0, 0
629999, 980, 0, 0
630999, 936, 0, 0
632000, 880, 0, 0
632999, 856, 0, 0
633999, 928, 0, 0
635000, 856, 0, 0
635999, 848, 0, 0
636999, 836, 0, 0
638000, 840, 0, 0
638999, 912, 0, 0
639999, 832, 0, 0
641000, 804, 0, 0
641999, 924, 0, 0
642999, 848, 0, 0
644000, 864, 0, 0
645000, 804, 0, 0
645999, 900, 0, 0
646999, 880, 0, 0
648000, 836, 0, 0
648999, 812, 0, 0
650000, 952, 0, 0
650999, 852, 0, 0
651999, 896, 0, 0
653000, 740, 0, 0
653999, 848, 0, 0
655000, 716, 0, 0
655999, 872, 0, 0
656999, 828, 0, 0
658000, 864, 0, 0
659000, 916, 0, 0
659999, 940, 0, 0
661000, 832, 0, 0
661999, 804, 0, 0
662999, 792, 0, 0
664000, 868, 0, 0
664999, 888, 0, 0
666000, 900, 0, 0
666999, 792, 0, 0
667999, 768, 0, 0
669000, 844, 0, 0
669999, 832, 0, 0
670999, 904, 0, 0
672000, 788, 0, 0
672999, 852, 0, 0
673999, 916, 0, 0
675000, 796, 0, 0
675999, 868, 0, 0
676999, 896, 0, 0
678000, 940, 0, 0
678999, 956, 0, 0
679999, 896, 0, 0
681000, 848, 0, 0
681999, 848, 0, 0
682999, 780, 0, 0
684000, 840, 0, 0
684999, 924, 0, 0
685999, 960, 0, 0
687000, 836, 0, 0
687999, 732, 0, 0
688999, 880, 0, 0
690000, 848, 0, 0
690999, 812, 0, 0
691999, 868, 0, 0
693000, 916, 0, 0
693999, 856, 0, 0
694999, 816, 0, 0
696000, 788, 0, 0
696999, 976, 0, 0
698000, 780, 0, 0
698999, 912, 0, 0
699999, 820, 0, 0
701000, 788, 0, 0
701999, 916, 0, 0
702999, 820, 0, 0
704000, 748, 0, 0
704999, 832, 0, 0
705999, 840, 0, 0
707000, 788, 0, 0
707999, 928, 0, 0
708999, 816, 0, 0
710000, 940, 0, 0
710999, 944, 0, 0
712000, 808, 0, 0
713000, 848, 0, 0
713999, 892, 0, 0
715000, 856, 0, 0
715999, 800, 0, 0
716999, 788, 0, 0
718000, 804, 0, 0
718999, 800, 0, 0
719999, 808, 0, 0
721000, 844, 0, 0
722000, 868, 0, 0
722999, 840, 0, 0
723999, 820, 0, 0
725000, 820, 0, 0
725999, 912, 0, 0
726999, 928, 0, 0
728000, 896, 0, 0
728999, 844, 0, 0
729999, 908, 0, 0
731000, 820, 0, 0
731999, 828, 0, 0
732999, 796, 0, 0
734000, 772, 0, 0
734999, 840, 0, 0
735999, 892, 0, 0
737000, 876, 0, 0
737999, 824, 0, 0
738999, 900, 0, 0
740000, 868, 0, 0
740999, 828, 0, 0
741999, 916, 0, 0
743000, 824, 0, 0
743999, 856, 0, 0
745000, 784, 0, 0
746000, 804, 0, 0
746999, 852, 0, 0
747999, 800, 0, 0
749000, 864, 0, 0
750000, 940, 0, 0
750999, 820, 0, 0
752000, 880, 0, 0
752999, 900, 0, 0
753999, 896, 0, 0
755000, 876, 0, 0
755999, 784, 0, 0
756999, 836, 0, 0
758000, 884, 0, 0
758999, 904, 0, 0
759999, 912, 0, 0
761000, 912, 0, 0
761999, 856, 0, 0
762999, 868, 0, 0
764000, 932, 0, 0
765000, 908, 0, 0
765999, 868, 0, 0
766999, 792, 0, 0
768000, 852, 0, 0
769000, 772, 0, 0
769999, 792, 0, 0
771000, 784, 0, 0
771999, 740, 0, 0
772999, 816, 0, 0
774000, 936, 0, 0
774999, 1005, 0, 0
775999, 884, 0, 0
777000, 836, 0, 0
777999, 928, 0, 0
778999, 888, 0, 0
780000, 888, 0, 0
780999, 764, 0, 0
781999, 820, 0, 0
783000, 924, 0, 0
784000, 888, 0, 0
784999, 924, 0, 0
786000, 824, 0, 0
787000, 792, 0, 0
788000, 816, 0, 0
789000, 796, 0, 0
789999, 792, 0, 0
791000, 900, 0, 0
792000, 804, 0, 0
793000, 896, 0, 0
793999, 880, 0, 0
795000, 776, 0, 0
796000, 808, 0, 0
797000, 828, 0, 0
797999, 864, 0, 0
799000, 800, 0, 0
800000, 808, 0, 0
801000, 892, 0, 0
802000, 716, 0, 0
803001, 835, 0, 0
803999, 736, 0, 0
805000, 788, 0, 0
806000, 796, 0, 0
807000, 892, 0, 0
808000, 760, 0, 0
809000, 772, 0, 0
810000, 812, 0, 0
811000, 960, 0, 0
812000, 748, 0, 0
813000, 948, 0, 0
814000, 916, 0, 0
815000, 1016, 0, 0
816000, 856, 0, 0
817000, 772, 0, 0
818000, 860, 0, 0
819000, 840, 0, 0
820000, 768, 0, 0
821000, 796, 0, 0
822000, 832, 0, 0
823000, 880, 0, 0
824000, 880, 0, 0
825000, 868, 0, 0
826000, 904, 0, 0
827000, 828, 0, 0
828000, 820, 0, 0
829000, 812, 0, 0
830000, 700, 0, 0
831000, 804, 0, 0
832000, 864, 0, 0
833000, 796, 0, 0
834000, 852, 0, 0
835000, 944, 0, 0
835999, 860, 0, 0
837000, 780, 0, 0
838000, 888, 0, 0
839000, 872, 0, 0
840000, 792, 0, 0
841000, 928, 0, 0
842000, 772, 0, 0
843000, 804, 0, 0
844000, 756, 0, 0
845000, 944, 0, 0
846000, 824, 0, 0
847000, 832, 0, 0
848000, 820, 0, 0
848999, 812, 0, 0
850000, 804, 0, 0
850999, 816, 0, 0
851999, 856, 0, 0
852999, 832, 0, 0
853999, 896, 0, 0
854999, 924, 0, 0
855999, 832, 0, 0
856998, 837, 0, 0
857998, 881, 0, 0
858999, 900, 0, 0
859998, 793, 0, 0
860998, 957, 0, 0
861997, 818, 0, 0
862998, 845, 0, 0
863998, 809, 0, 0
864997, 866, 0, 0
865997, 982, 0, 0
866997, 798, 0, 0
867997, 914, 0, 0
868997, 850, 0, 0
869996, 811, 0, 0
870997, 882, 0, 0
871997, 842, 0, 0
872996, 763, 0, 0
873996, 815, 0, 0
874995, 836, 0, 0
875996, 895, 0, 0
876996, 955, 0, 0
877995, 808, 0, 0
878995, 1001, 0, 0
879996, 871, 0, 0
880995, 872, 0, 0
881995, 779, 0, 0
882994, 865, 0, 0
883995, 992, 0, 0
884995, 771, 0, 0
885994, 881, 0, 0
886994, 969, 0, 0
887994, 784, 0, 0
888993, 866, 0, 0
889994, 921, 0, 0
890993, 817, 0, 0
891993, 998, 0, 0
892994, 961, 0, 0
893993, 902, 0, 0
894993, 1015, 0, 0
895993, 729, 0, 0
896993, 825, 0, 0
897993, 841, 0, 0
898992, 790, 0, 0
899992, 689, 0, 0
900993, 902, 0, 0
901992, 770, 0, 0
902992, 903, 0, 0
903991, 726, 0, 0
904992, 895, 0, 0
905992, 891, 0, 0
906991, 875, 0, 0
907991, 887, 0, 0
908991, 843, 0, 0
909991, 823, 0, 0
910991, 875, 0, 0
912000, 880, 0, 0
912991, 839, 0, 0
913999, 960, 0, 0
915000, 836, 0, 0
915999, 820, 0, 0
916999, 816, 0, 0
918000, 920, 0, 0
918999, 780, 0, 0
919999, 848, 0, 0
921000, 828, 0, 0
921999, 836, 0, 0
922999, 836, 0, 0
924000, 944, 0, 0
924999, 820, 0, 0
925999, 772, 0, 0
927000, 796, 0, 0
927999, 892, 0, 0
928999, 856, 0, 0
930000, 820, 0, 0
930999, 804, 0, 0
931999, 824, 0, 0
933000, 884, 0, 0
933999, 880, 0, 0
934999, 840, 0, 0
936000, 864, 0, 0
936999, 760, 0, 0
937999, 896, 0, 0
939000, 972, 0, 0
939999, 860, 0, 0
940999, 832, 0, 0
942000, 852, 0, 0
942999, 884, 0, 0
943999, 720, 0, 0
945000, 872, 0, 0
945999, 828, 0, 0
947000, 740, 0, 0
948000, 860, 0, 0
948999, 788, 0, 0
950000, 740, 0, 0
950999, 860, 0, 0
951999, 856, 0, 0
953000, 820, 0, 0
953999, 820, 0, 0
954999, 764, 0, 0
956000, 780, 0, 0
956999, 692, 0, 0
957999, 832, 0, 0
959000, 764, 0, 0
959999, 852, 0, 0
960999, 872, 0, 0
962000, 780, 0, 0
962999, 852, 0, 0
963999, 812, 0, 0
965000, 872, 0, 0
965999, 796, 0, 0
966999, 816, 0, 0
968000, 900, 0, 0
968999, 820, 0, 0
969999, 876, 0, 0
971000, 828, 0, 0
971999, 804, 0, 0
972999, 864, 0, 0
974000, 876, 0, 0
974999, 844, 0, 0
975999, 864, 0, 0
977000, 876, 0, 0
977999, 848, 0, 0
978999, 900, 0, 0
980000, 872, 0, 0
980999, 844, 0, 0
982000, 836, 0, 0
982999, 852, 0, 0
983999, 912, 0, 0
985000, 836, 0, 0
985999, 808, 0, 0
986999, 920, 0, 0
988000, 800, 0, 0
989000, 940, 0, 0
989999, 892, 0, 0
990999, 780, 0, 0
992000, 880, 0, 0
992999, 856, 0, 0
993999, 828, 0, 0
995000, 740, 0, 0
995999, 800, 0, 0
997000, 852, 0, 0
998000, 732, 0, 0
998999, 796, 0, 0
1000000, 748, 0, 0
1000999, 788, 0, 0
1001999, 880, 0, 0
1003000, 864, 0, 0
1003999, 968, 0, 0
1004999, 828, 0, 0
1006000, 796, 0, 0
1006999, 804, 0, 0
1007999, 812, 0, 0
1009000, 808, 0, 0
1009999, 888, 0, 0
1010999, 832, 0, 0
1012000, 784, 0, 0
1012999, 900, 0, 0
1014000, 864, 0, 0
1014999, 824, 0, 0
1015999, 916, 0, 0
1017000, 888, 0, 0
1017999, 956, 0, 0
1018999, 836, 0, 0
1020000, 848, 0, 0
1020999, 836, 0, 0
1021999, 828, 0, 0
1023000, 812, 0, 0
1023999, 844, 0, 0
1025000, 836, 0, 0
1025999, 836, 0, 0
1026999, 852, 0, 0
1028000, 904, 0, 0
1028999, 736, 0, 0
1029999, 908, 0, 0
1031000, 676, 0, 0
1031999, 900, 0, 0
1032999, 892, 0, 0
1034000, 884, 0, 0
1034999, 848, 0, 0
1035999, 896, 0, 0
1037000, 844, 0, 0
1037999, 788, 0, 0
1038999, 832, 0, 0
1040000, 820, 0, 0
1040999, 748, 0, 0
1041999, 756, 0, 0
1043000, 776, 0, 0
1043999, 932, 0, 0
1044999, 820, 0, 0
1046000, 852, 0, 0
1046999, 904, 0, 0
1047999, 772, 0, 0
1048999, 856, 0, 0
1049999, 788, 0, 0
1050999, 800, 0, 0
1052000, 796, 0, 0
1052999, 760, 0, 0
1053999, 792, 0, 0
1055000, 1024, 0, 0
1055999, 824, 0, 0
1057000, 836, 0, 0
1057999, 844, 0, 0
1058999, 788, 0, 0
1060000, 856, 0, 0
1060999, 836, 0, 0
1061999, 784, 0, 0
1063000, 744, 0, 0
1063999, 796, 0, 0
1064999, 880, 0, 0
1065999, 892, 0, 0
1066999, 684, 0, 0
1068000, 816, 0, 0
1069000, 816, 0, 0
1069999, 860, 0, 0
1071000, 1020, 0, 0
1071999, 868, 0, 0
1072999, 820, 0, 0
1074000, 948, 0, 0
1074999, 788, 0, 0
1075999, 936, 0, 0
1077000, 892, 0, 0
1077999, 860, 0, 0
1078999, 848, 0, 0
1080000, 804, 0, 0
1081000, 864, 0, 0
1081999, 940, 0, 0
1083000, 908, 0, 0
1083999, 764, 0, 0
1084999, 876, 0, 0
1086000, 760, 0, 0
1086999, 880, 0, 0
1087999, 912, 0, 0
1089000, 832, 0, 0
1089999, 908, 0, 0
1090999, 972, 0, 0
1092000, 928, 0, 0
1092999, 864, 0, 0
1093999, 732, 0, 0
1095000, 908, 0, 0
1095999, 912, 0, 0
1096999, 936, 0, 0
1098000, 888, 0, 0
1098999, 816, 0, 0
1099999, 1005, 0, 0
1101000, 904, 0, 0
1101999, 884, 0, 0
1102999, 868, 0, 0
1104000, 844, 0, 0
1104999, 828, 0, 0
1106000, 792, 0, 0
1107000, 728, 0, 0
1107999, 920, 0, 0
1109000, 840, 0, 0
1109999, 852, 0, 0
1110999, 936, 0, 0
1112000, 920, 0, 0
1112999, 800, 0, 0
1113999, 932, 0, 0
1115000, 820, 0, 0
1116000, 864, 0, 0
1116999, 880, 0, 0
1117999, 868, 0, 0
1118999, 764, 0, 0
1119999, 824, 0, 0
1121000, 884, 0, 0
1122000, 936, 0, 0
1122999, 764, 0, 0
1124000, 840, 0, 0
1124999, 1021, 0, 0
1125999, 804, 0, 0
1127000, 940, 0, 0
1127999, 864, 0, 0
1128999, 792, 0, 0
1130000, 848, 0, 0
1130999, 880, 0, 0
1132000, 864, 0, 0
1132999, 808, 0, 0
1133999, 892, 0, 0
1135000, 888, 0, 0
1135999, 848, 0, 0
1136999, 924, 0, 0
1138000, 920, 0, 0
1138999, 788, 0, 0
1139999, 932, 0, 0
1141000, 880, 0, 0
1141999, 892, 0, 0
1142999, 808, 0, 0
1144000, 856, 0, 0
1144999, 884, 0, 0
1145999, 840, 0, 0
1147000, 840, 0, 0
1147999, 804, 0, 0
1148999, 812, 0, 0
1150000, 892, 0, 0
1151000, 928, 0, 0
1151999, 928, 0, 0
1152999, 908, 0, 0
1154000, 904, 0, 0
1154999, 792, 0, 0
1155999, 748, 0, 0
1156999, 932, 0, 0
1158000, 844, 0, 0
1158999, 796, 0, 0
1159999, 828, 0, 0
1161000, 932, 0, 0
1161999, 784, 0, 0
1163000, 760, 0, 0
1163999, 976, 0, 0
1164999, 844, 0, 0
1166000, 796, 0, 0
1166999, 828, 0, 0
1167999, 912, 0, 0
1169000, 816, 0, 0
1169999, 840, 0, 0
1170999, 876, 0, 0
1172000, 908, 0, 0
1172999, 796, 0, 0
1173999, 792, 0, 0
1175000, 840, 0, 0
1175999, 816, 0, 0
1177000, 772, 0, 0
1177999, 844, 0, 0
1178999, 864, 0, 0
1180000, 884, 0, 0
1180999, 816, 0, 0
1182000, 872, 0, 0
1182999, 872, 0, 0
1183999, 896, 0, 0
1185000, 840, 0, 0
1185999, 828, 0, 0
1186999, 808, 0, 0
1188000, 904, 0, 0
1188999, 856, 0, 0
1189999, 896, 0, 0
1191000, 876, 0, 0
1191999, 756, 0, 0
1193000, 716, 0, 0
1193999, 828, 0, 0
1194999, 796, 0, 0
1196000, 828, 0, 0
1196999, 892, 0, 0
1197999, 800, 0, 0
1199000, 808, 0, 0
1199999, 804, 0, 0
1201000, 912, 0, 0
1201999, 864, 0, 0
1202999, 856, 0, 0
1204000, 788, 0, 0
1205000, 804, 0, 0
1205999, 816, 0, 0
1207000, 820, 0, 0
1207999, 804, 0, 0
1208999, 808, 0, 0
1209999, 908, 0, 0
1211000, 852, 0, 0
1211999, 824, 0, 0
1212999, 724, 0, 0
1214000, 984, 0, 0
1214999, 836, 0, 0
1216000, 876, 0, 0
1216999, 768, 0, 0
1217999, 828, 0, 0
1219000, 800, 0, 0
1219999, 988, 0, 0
1220999, 780, 0, 0
1222000, 856, 0, 0
1222999, 920, 0, 0
1223999, 888, 0, 0
1225000, 808, 0, 0
1225999, 840, 0, 0
1226999, 864, 0, 0
1228000, 796, 0, 0
1228999, 752, 0, 0
1230000, 1044, 0, 0
1230999, 812, 0, 0
1231999, 904, 0, 0
1233000, 832, 0, 0
1233999, 952, 0, 0
1234999, 804, 0, 0
1236000, 932, 0, 0
1236999, 860, 0, 0
1237999, 796, 0, 0
1238999, 888, 0, 0
1239999, 824, 0, 0
1241000, 788, 0, 0
1241999, 808, 0, 0
1242999, 712, 0, 0
1244000, 940, 0, 0
1244999, 868, 0, 0
1246000, 968, 0, 0
1247000, 844, 0, 0
1247999, 844, 0, 0
1249000, 776, 0, 0
1249999, 848, 0, 0
1250999, 828, 0, 0
1252000, 904, 0, 0
1252999, 708, 0, 0
1253999, 788, 0, 0
1255000, 932, 0, 0
1255999, 852, 0, 0
1256999, 824, 0, 0
1258000, 920, 0, 0
1258999, 904, 0, 0
1259999, 752, 0, 0
1261000, 820, 0, 0
1261999, 760, 0, 0
1262999, 808, 0, 0
1264000, 852, 0, 0
1265000, 828, 0, 0
1265999, 848, 0, 0
1266999, 840, 0, 0
1268000, 848, 0, 0
1268999, 784, 0, 0
1269999, 900, 0, 0
1271000, 876, 0, 0
1271999, 920, 0, 0
1272999, 896, 0, 0
1274000, 732, 0, 0
1275000, 924, 0, 0
1275999, 764, 0, 0
1276999, 876, 0, 0
1278000, 848, 0, 0
1278999, 792, 0, 0
1279999, 764, 0, 0
1281000, 772, 0, 0
1281999, 772, 0, 0
1282999, 920, 0, 0
1284000, 840, 0, 0
1284999, 808, 0, 0
1285999, 772, 0, 0
1287000, 864, 0, 0
1287999, 736, 0, 0
1288999, 820, 0, 0
1290000, 836, 0, 0
1291000, 900, 0, 0
1291999, 836, 0, 0
1292999, 744, 0, 0
1294000, 712, 0, 0
1294999, 852, 0, 0
1296000, 856, 0, 0
1296999, 768, 0, 0
1297999, 812, 0, 0
1299000, 820, 0, 0
1299999, 876, 0, 0
1300999, 760, 0, 0
1302000, 840, 0, 0
1302999, 928, 0, 0
1304000, 840, 0, 0
1304999, 792, 0, 0
1305999, 924, 0, 0
1307000, 788, 0, 0
1307999, 908, 0, 0
1308999, 888, 0, 0
1310000, 784, 0, 0
1310999, 924, 0, 0
1312000, 796, 0, 0
1312999, 864, 0, 0
1313999, 896, 0, 0
1315000, 924, 0, 0
1315999, 716, 0, 0
1316999, 712, 0, 0
1317999, 852, 0, 0
1318999, 944, 0, 0
1320000, 872, 0, 0
1320999, 808, 0, 0
1321999, 732, 0, 0
1323000, 788, 0, 0
1323999, 812, 0, 0
1325000, 852, 0, 0
1326000, 864, 0, 0
1326999, 764, 0, 0
1328000, 796, 0, 0
1328999, 808, 0, 0
1329999, 820, 0, 0
1331000, 732, 0, 0
1331999, 804, 0, 0
1332999, 820, 0, 0
1334000, 764, 0, 0
1334999, 752, 0, 0
1336000, 816, 0, 0
1337000, 768, 0, 0
1337999, 756, 0, 0
1339000, 856, 0, 0
1339999, 792, 0, 0
1340999, 872, 0, 0
1342000, 752, 0, 0
1342999, 820, 0, 0
1343999, 788, 0, 0
1345000, 820, 0, 0
1345999, 944, 0, 0
1346999, 832, 0, 0
1348000, 820, 0, 0
1348999, 792, 0, 0
1349999, 780, 0, 0
1351000, 864, 0, 0
1351999, 844, 0, 0
1353000, 828, 0, 0
1353999, 696, 0, 0
1354999, 796, 0, 0
1356000, 896, 0, 0
1356999, 832, 0, 0
1357999, 912, 0, 0
1359000, 860, 0, 0
1359999, 804, 0, 0
1361000, 780, 0, 0
1361999, 844, 0, 0
1362999, 748, 0, 0
1364000, 788, 0, 0
1364999, 772, 0, 0
1366000, 916, 0, 0
1366999, 812, 0, 0
1367999, 780, 0, 0
1369000, 896, 0, 0
1369999, 784, 0, 0
1370999, 784, 0, 0
1372000, 860, 0, 0
1372999, 812, 0, 0
1373999, 944, 0, 0
1375000, 864, 0, 0
1375999, 792, 0, 0
1377000, 904, 0, 0
1377999, 808, 0, 0
1378999, 800, 0, 0
1380000, 808, 0, 0
1380999, 724, 0, 0
1381999, 844, 0, 0
1383000, 820, 0, 0
1383999, 776, 0, 0
1384999, 856, 0, 0
1386000, 744, 0, 0
1387000, 768, 0, 0
1387999, 812, 0, 0
1388999, 832, 0, 0
1390000, 856, 0, 0
1390999, 800, 0, 0
1391999, 820, 0, 0
1393000, 816, 0, 0
1393999, 744, 0, 0
1394999, 808, 0, 0
1396000, 892, 0, 0
1396999, 796, 0, 0
1397999, 784, 0, 0
1399000, 656, 0, 0
1399999, 896, 0, 0
1400999, 672, 0, 0
1402000, 840, 0, 0
1402999, 716, 0, 0
1403999, 868, 0, 0
1404999, 852, 0, 0
1406000, 856, 0, 0
1406999, 868, 0, 0
1407999, 720, 0, 0
1409000, 900, 0, 0
1409999, 740, 0, 0
1411000, 796, 0, 0
1411999, 748, 0, 0
1412999, 900, 0, 0
1414000, 828, 0, 0
1414999, 760, 0, 0
1415999, 816, 0, 0
1417000, 896, 0, 0
1418000, 760, 0, 0
1418999, 864, 0, 0
1419999, 840, 0, 0
1421000, 832, 0, 0
1421999, 684, 0, 0
1422999, 800, 0, 0
1424000, 776, 0, 0
1424999, 684, 0, 0
1425999, 848, 0, 0
1427000, 732, 0, 0
1427999, 844, 0, 0
1428999, 756, 0, 0
1430000, 768, 0, 0
1430999, 792, 0, 0
1431999, 744, 0, 0
1433000, 848, 0, 0
1433999, 760, 0, 0
1434999, 808, 0, 0
1436000, 728, 0, 0
1436999, 824, 0, 0
1438000, 816, 0, 0
1438999, 872, 0, 0
1439999, 848, 0, 0
1441000, 788, 0, 0
1441999, 752, 0, 0
1442999, 868, 0, 0
1444000, 704, 0, 0
1444999, 752, 0, 0
1446000, 800, 0, 0
1446999, 736, 0, 0
1447999, 740, 0, 0
1449000, 812, 0, 0
1449999, 924, 0, 0
1450999, 848, 0, 0
1452000, 900, 0, 0
1452999, 768, 0, 0
1453999, 832, 0, 0
1455000, 812, 0, 0
1455999, 752, 0, 0
1456999, 716, 0, 0
1458000, 748, 0, 0
1459000, 736, 0, 0
1459999, 776, 0, 0
1460999, 744, 0, 0
1462000, 868, 0, 0
1462999, 764, 0, 0
1463999, 892, 0, 0
1465000, 828, 0, 0
1466000, 776, 0, 0
1466999, 808, 0, 0
1467999, 772, 0, 0
1469000, 744, 0, 0
1469999, 764, 0, 0
1470999, 784, 0, 0
1472000, 792, 0, 0
1472999, 740, 0, 0
1474000, 728, 0, 0
1475000, 852, 0, 0
1475999, 796, 0, 0
1476999, 716, 0, 0
1478000, 828, 0, 0
1478999, 928, 0, 0
1480000, 696, 0, 0
1480999, 828, 0, 0
1482000, 756, 0, 0
1482999, 884, 0, 0
1483999, 724, 0, 0
1485000, 808, 0, 0
1485999, 796, 0, 0
1486999, 720, 0, 0
1487999, 732, 0, 0
1489000, 788, 0, 0
1489999, 840, 0, 0
1490999, 760, 0, 0
1492000, 772, 0, 0
1492999, 768, 0, 0
1493999, 772, 0, 0
1495000, 748, 0, 0
1496000, 856, 0, 0
1496999, 880, 0, 0
1498000, 736, 0, 0
1499000, 784, 0, 0
1499999, 776, 0, 0
1501000, 728, 0, 0
1502000, 844, 0, 0
1502999, 744, 0, 0
1504000, 688, 0, 0
1505000, 772, 0, 0
1505999, 824, 0, 0
1506999, 724, 0, 0
1508000, 740, 0, 0
1508999, 724, 0, 0
1509999, 796, 0, 0
1511000, 804, 0, 0
1511999, 740, 0, 0
1513000, 772, 0, 0
1514000, 776, 0, 0
1514999, 856, 0, 0
1515999, 748, 0, 0
1517000, 816, 0, 0
1517999, 776, 0, 0
1518999, 704, 0, 0
1520000, 784, 0, 0
1520999, 780, 0, 0
1521999, 808, 0, 0
1523000, 724, 0, 0
1523999, 824, 0, 0
1524999, 740, 0, 0
1526000, 808, 0, 0
1526999, 828, 0, 0
1527999, 796, 0, 0
1529000, 724, 0, 0
1529999, 716, 0, 0
1530999, 780, 0, 0
1532000, 780, 0, 0
1533000, 768, 0, 0
1533999, 728, 0, 0
1535000, 816, 0, 0
1536000, 812, 0, 0
1536999, 772, 0, 0
1537999, 676, 0, 0
1539000, 748, 0, 0
1539999, 720, 0, 0
1540999, 732, 0, 0
1542000, 764, 0, 0
1542999, 836, 0, 0
1543999, 772, 0, 0
1545000, 768, 0, 0
1545999, 852, 0, 0
1546999, 820, 0, 0
1548000, 744, 0, 0
1548999, 736, 0, 0
1549999, 832, 0, 0
1551000, 692, 0, 0
1551999, 764, 0, 0
1553000, 828, 0, 0
1554000, 724, 0, 0
1554999, 760, 0, 0
1556000, 744, 0, 0
1556999, 800, 0, 0
1557999, 808, 0, 0
1559000, 724, 0, 0
1559999, 756, 0, 0
1560999, 872, 0, 0
1562000, 772, 0, 0
1562999, 744, 0, 0
1564000, 720, 0, 0
1565000, 640, 0, 0
1565999, 804, 0, 0
1567000, 796, 0, 0
1568000, 708, 0, 0
1568999, 784, 0, 0
1570000, 756, 0, 0
1571000, 760, 0, 0
1571999, 804, 0, 0
1573000, 716, 0, 0
1573999, 728, 0, 0
1574999, 748, 0, 0
1576000, 856, 0, 0
1576999, 748, 0, 0
1577999, 744, 0, 0
1579000, 784, 0, 0
1580000, 724, 0, 0
1580999, 688, 0, 0
1582000, 844, 0, 0
1582999, 752, 0, 0
1583999, 704, 0, 0
1585000, 788, 0, 0
1586000, 840, 0, 0
1586999, 652, 0, 0
1588000, 792, 0, 0
1588999, 764, 0, 0
1589999, 760, 0, 0
1591000, 760, 0, 0
1591999, 656, 0, 0
1592999, 768, 0, 0
1594000, 692, 0, 0
1594999, 780, 0, 0
1596000, 664, 0, 0
1597000, 772, 0, 0
1597999, 680, 0, 0
1599000, 720, 0, 0
1600000, 820, 0, 0
1600999, 756, 0, 0
1602000, 784, 0, 0
1602999, 736, 0, 0
1603999, 792, 0, 0
1605000, 784, 0, 0
1605999, 672, 0, 0
1606999, 684, 0, 0
1608000, 804, 0, 0
1608999, 720, 0, 0
1609999, 728, 0, 0
1611000, 736, 0, 0
1611999, 760, 0, 0
1612999, 740, 0, 0
1614000, 820, 0, 0
1614999, 760, 0, 0
1615999, 780, 0, 0
1617000, 764, 0, 0
1617999, 752, 0, 0
1618999, 720, 0, 0
1620000, 724, 0, 0
1620999, 812, 0, 0
1622000, 784, 0, 0
1622999, 736, 0, 0
1623999, 780, 0, 0
1625000, 720, 0, 0
1625999, 804, 0, 0
1626999, 704, 0, 0
1628000, 756, 0, 0
1628999, 708, 0, 0
1629999, 788, 0, 0
1631000, 660, 0, 0
1631999, 708, 0, 0
1633000, 720, 0, 0
1634000, 776, 0, 0
1634999, 764, 0, 0
1636000, 704, 0, 0
1636999, 784, 0, 0
1637999, 784, 0, 0
1639000, 760, 0, 0
1639999, 800, 0, 0
1640999, 736, 0, 0
1642000, 760, 0, 0
1642999, 788, 0, 0
1644000, 732, 0, 0
1644999, 720, 0, 0
1645999, 772, 0, 0
1647000, 764, 0, 0
1647999, 720, 0, 0
1648999, 696, 0, 0
1650000, 816, 0, 0
1650999, 656, 0, 0
1651999, 676, 0, 0
1653000, 728, 0, 0
1654000, 732, 0, 0
1654999, 684, 0, 0
1655999, 760, 0, 0
1657000, 804, 0, 0
1657999, 780, 0, 0
1658999, 728, 0, 0
1660000, 664, 0, 0
1660999, 776, 0, 0
1661999, 724, 0, 0
1663000, 688, 0, 0
1663999, 664, 0, 0
1664999, 632, 0, 0
1666000, 692, 0, 0
1667000, 756, 0, 0
1667999, 724, 0, 0
1668999, 716, 0, 0
1670000, 796, 0, 0
1670999, 712, 0, 0
1671999, 804, 0, 0
1673000, 736, 0, 0
1673999, 604, 0, 0
1674999, 640, 0, 0
1676000, 760, 0, 0
1676999, 724, 0, 0
1677999, 732, 0, 0
1679000, 768, 0, 0
1680000, 764, 0, 0
1680999, 756, 0, 0
1682000, 700, 0, 0
1683000, 668, 0, 0
1683999, 752, 0, 0
1685000, 788, 0, 0
1686000, 684, 0, 0
1686999, 760, 0, 0
1688000, 672, 0, 0
1689000, 720, 0, 0
1689999, 696, 0, 0
1691000, 672, 0, 0
1691999, 652, 0, 0
1692999, 764, 0, 0
1694000, 756, 0, 0
1694999, 756, 0, 0
1695999, 736, 0, 0
1697000, 684, 0, 0
1697999, 724, 0, 0
1698999, 644, 0, 0
1700000, 832, 0, 0
1700999, 724, 0, 0
1701999, 680, 0, 0
1703000, 688, 0, 0
1703999, 720, 0, 0
1704999, 680, 0, 0
1705999, 656, 0, 0
1706999, 760, 0, 0
1707999, 700, 0, 0
1709000, 780, 0, 0
1709999, 768, 0, 0
1710999, 728, 0, 0
1712000, 684, 0, 0
1712999, 768, 0, 0
1713999, 708, 0, 0
1715000, 696, 0, 0
1715999, 752, 0, 0
1716999, 700, 0, 0
1718000, 792, 0, 0
1718999, 736, 0, 0
1719999, 732, 0, 0
1721000, 740, 0, 0
1721999, 764, 0, 0
1722999, 724, 0, 0
1724000, 644, 0, 0
1724999, 656, 0, 0
1725999, 712, 0, 0
1727000, 728, 0, 0
1727999, 704, 0, 0
1728999, 656, 0, 0
1730000, 764, 0, 0
1730999, 764, 0, 0
1731999, 632, 0, 0
1732999, 756, 0, 0
1733999, 708, 0, 0
1734999, 736, 0, 0
1736000, 700, 0, 0
1736999, 684, 0, 0
1737999, 720, 0, 0
1739000, 640, 0, 0
1739999, 680, 0, 0
1740999, 664, 0, 0
1742000, 772, 0, 0
1742999, 688, 0, 0
1743999, 796, 0, 0
1745000, 752, 0, 0
1745999, 648, 0, 0
1747000, 696, 0, 0
1747999, 684, 0, 0
1748999, 748, 0, 0
1749999, 688, 0, 0
1750999, 668, 0, 0
1751999, 648, 0, 0
1753000, 712, 0, 0
1753999, 708, 0, 0
1754999, 692, 0, 0
1756000, 608, 0, 0
1756999, 684, 0, 0
1757999, 696, 0, 0
1759000, 696, 0, 0
1759999, 692, 0, 0
1760999, 720, 0, 0
1762000, 696, 0, 0
1762999, 712, 0, 0
1764000, 680, 0, 0
1765000, 672, 0, 0
1765999, 732, 0, 0
1767000, 648, 0, 0
1767999, 704, 0, 0
1768999, 696, 0, 0
1770000, 688, 0, 0
1770999, 652, 0, 0
1771999, 660, 0, 0
1773000, 724, 0, 0
1773999, 680, 0, 0
1774999, 772, 0, 0
1776000, 524, 0, 0
1776999, 756, 0, 0
1777999, 668, 0, 0
1779000, 680, 0, 0
1779999, 700, 0, 0
1780999, 696, 0, 0
1781999, 720, 0, 0
1783000, 684, 0, 0
1783999, 668, 0, 0
1785000, 680, 0, 0
1786000, 720, 0, 0
1786999, 744, 0, 0
1788000, 640, 0, 0
1789000, 732, 0, 0
1789999, 716, 0, 0
1791000, 676, 0, 0
1792000, 664, 0, 0
1792999, 608, 0, 0
1794000, 696, 0, 0
1794999, 684, 0, 0
1795999, 728, 0, 0
1797000, 628, 0, 0
1797999, 768, 0, 0
1798999, 704, 0, 0
1800000, 792, 0, 0
1800999, 712, 0, 0
1801999, 676, 0, 0
1803000, 592, 0, 0
1803999, 692, 0, 0
1804999, 572, 0, 0
1806000, 696, 0, 0
1806999, 652, 0, 0
1807999, 660, 0, 0
1809000, 712, 0, 0
1809999, 688, 0, 0
1810999, 672, 0, 0
1811999, 700, 0, 0
1812999, 672, 0, 0
1814000, 700, 0, 0
1814999, 684, 0, 0
1815999, 624, 0, 0
1817000, 688, 0, 0
1817999, 656, 0, 0
1818999, 632, 0, 0
1820000, 668, 0, 0
1820999, 752, 0, 0
1821999, 752, 0, 0
1823000, 712, 0, 0
1823999, 692, 0, 0
1824999, 708, 0, 0
1826000, 660, 0, 0
1826999, 652, 0, 0
1828000, 624, 0, 0
1829000, 676, 0, 0
1829999, 724, 0, 0
1831000, 660, 0, 0
1831999, 652, 0, 0
1832999, 744, 0, 0
1834000, 592, 0, 0
1834999, 632, 0, 0
1836000, 652, 0, 0
1837000, 604, 0, 0
1837999, 672, 0, 0
1839000, 696, 0, 0
1840000, 652, 0, 0
1840999, 656, 0, 0
1842000, 672, 0, 0
1843000, 604, 0, 0
1843999, 688, 0, 0
1845000, 624, 0, 0
1845999, 648, 0, 0
1846999, 688, 0, 0
1848000, 600, 0, 0
1848999, 648, 0, 0
1849999, 636, 0, 0
1851000, 672, 0, 0
1851999, 732, 0, 0
1852999, 656, 0, 0
1854000, 616, 0, 0
1854999, 696, 0, 0
1855999, 624, 0, 0
1856999, 624, 0, 0
1858000, 612, 0, 0
1858999, 628, 0, 0
1859999, 704, 0, 0
1861000, 660, 0, 0
1861999, 640, 0, 0
1863000, 628, 0, 0
1864000, 488, 0, 0
1864999, 684, 0, 0
1865999, 700, 0, 0
1867000, 660, 0, 0
1867999, 612, 0, 0
1868999, 648, 0, 0
1870000, 688, 0, 0
1870999, 664, 0, 0
1871999, 668, 0, 0
1873000, 624, 0, 0
1873999, 680, 0, 0
1874999, 664, 0, 0
1876000, 644, 0, 0
1877000, 600, 0, 0
1877999, 660, 0, 0
1879000, 656, 0, 0
1879999, 656, 0, 0
1880999, 612, 0, 0
1882000, 592, 0, 0
1883000, 624, 0, 0
1883999, 680, 0, 0
1885000, 720, 0, 0
1885999, 604, 0, 0
1886999, 704, 0, 0
1888000, 672, 0, 0
1888999, 712, 0, 0
1889999, 644, 0, 0
1891000, 648, 0, 0
1891999, 664, 0, 0
1892999, 660, 0, 0
1894000, 652, 0, 0
1895000, 652, 0, 0
1895999, 664, 0, 0
1896999, 692, 0, 0
1898000, 612, 0, 0
1898999, 668, 0, 0
1899999, 596, 0, 0
1900999, 668, 0, 0
1901999, 640, 0, 0
1902999, 700, 0, 0
1904000, 652, 0, 0
1904999, 676, 0, 0
1905999, 664, 0, 0
1906999, 656, 0, 0
1908000, 640, 0, 0
1908999, 612, 0, 0
1909999, 612, 0, 0
1911000, 596, 0, 0
1911999, 648, 0, 0
1913000, 600, 0, 0
1913999, 660, 0, 0
1914999, 656, 0, 0
1916000, 700, 0, 0
1916999, 640, 0, 0
1917999, 644, 0, 0
1919000, 652, 0, 0
1920000, 628, 0, 0
1920999, 596, 0, 0
1921999, 652, 0, 0
1923000, 624, 0, 0
1923999, 648, 0, 0
1924999, 600, 0, 0
1926000, 596, 0, 0
1926999, 652, 0, 0
1927999, 612, 0, 0
1929000, 612, 0, 0
1929999, 644, 0, 0
1930999, 628, 0, 0
1932000, 672, 0, 0
1932999, 636, 0, 0
1933999, 568, 0, 0
1935000, 648, 0, 0
1935999, 612, 0, 0
1936999, 636, 0, 0
1938000, 596, 0, 0
1938999, 644, 0, 0
1939999, 616, 0, 0
1941000, 616, 0, 0
1941999, 668, 0, 0
1942999, 684, 0, 0
1944000, 632, 0, 0
1944999, 648, 0, 0
1945999, 704, 0, 0
1947000, 628, 0, 0
1947999, 596, 0, 0
1948999, 600, 0, 0
1950000, 704, 0, 0
1951000, 552, 0, 0
1951999, 664, 0, 0
1953000, 656, 0, 0
1953999, 652, 0, 0
1954999, 668, 0, 0
1956000, 600, 0, 0
1956999, 640, 0, 0
1957999, 664, 0, 0
1959000, 588, 0, 0
1959999, 688, 0, 0
1960999, 632, 0, 0
1962000, 616, 0, 0
1963000, 616, 0, 0
1963999, 644, 0, 0
1965000, 584, 0, 0
1966000, 628, 0, 0
1966999, 560, 0, 0
1967999, 636, 0, 0
1969000, 568, 0, 0
1969999, 636, 0, 0
1970999, 648, 0, 0
1972000, 644, 0, 0
1972999, 636, 0, 0
1974000, 672, 0, 0
1974999, 592, 0, 0
1975999, 592, 0, 0
1977000, 652, 0, 0
1977999, 632, 0, 0
1978999, 664, 0, 0
1980000, 616, 0, 0
1980999, 596, 0, 0
1981999, 644, 0, 0
1983000, 628, 0, 0
1983999, 624, 0, 0
1984999, 644, 0, 0
1986000, 668, 0, 0
1986999, 600, 0, 0
1987999, 680, 0, 0
1989000, 604, 0, 0
1989999, 644, 0, 0
1991000, 596, 0, 0
1992000, 628, 0, 0
1992999, 632, 0, 0
1994000, 624, 0, 0
1994999, 588, 0, 0
1995999, 656, 0, 0
1997000, 664, 0, 0
1997999, 624, 0, 0
1998999, 632, 0, 0
2000000, 652, 0, 0
2000999, 592, 0, 0
2001999, 600, 0, 0
2002999, 604, 0, 0
2004000, 600, 0, 0
2004999, 616, 0, 0
2005999, 612, 0, 0
2007000, 560, 0, 0
2007999, 600, 0, 0
2008999, 648, 0, 0
2010000, 652, 0, 0
2010999, 552, 0, 0
2011999, 608, 0, 0
2013000, 608, 0, 0
2013999, 560, 0, 0
2014999, 612, 0, 0
2016000, 660, 0, 0
2016999, 632, 0, 0
2017999, 660, 0, 0
2019000, 612, 0, 0
2019999, 584, 0, 0
2021000, 588, 0, 0
2022000, 636, 0, 0
2022999, 616, 0, 0
2023999, 540, 0, 0
2024999, 628, 0, 0
2025999, 648, 0, 0
2027000, 580, 0, 0
2027999, 600, 0, 0
2028999, 620, 0, 0
2030000, 556, 0, 0
2031000, 656, 0, 0
2031999, 612, 0, 0
2033000, 616, 0, 0
2033999, 644, 0, 0
2034999, 608, 0, 0
2036000, 600, 0, 0
2036999, 664, 0, 0
2037999, 612, 0, 0
2039000, 496, 0, 0
2039999, 580, 0, 0
2041000, 600, 0, 0
2042000, 596, 0, 0
2042999, 604, 0, 0
2044000, 556, 0, 0
2044999, 608, 0, 0
2045999, 624, 0, 0
2047000, 628, 0, 0
2047999, 620, 0, 0
2048999, 632, 0, 0
2050000, 596, 0, 0
2050999, 616, 0, 0
2051999, 596, 0, 0
2053000, 596, 0, 0
2053999, 596, 0, 0
2054999, 568, 0, 0
2056000, 572, 0, 0
2056999, 628, 0, 0
2057999, 648, 0, 0
2059000, 620, 0, 0
2059999, 572, 0, 0
2060999, 612, 0, 0
2062000, 588, 0, 0
2062999, 596, 0, 0
2063999, 660, 0, 0
2065000, 556, 0, 0
2065999, 628, 0, 0
2067000, 612, 0, 0
2067999, 592, 0, 0
2068999, 644, 0, 0
2070000, 616, 0, 0
2071000, 652, 0, 0
2071999, 636, 0, 0
2072999, 604, 0, 0
2074000, 688, 0, 0
2074999, 556, 0, 0
2075999, 592, 0, 0
2077000, 700, 0, 0
2077999, 568, 0, 0
2078999, 616, 0, 0
2080000, 640, 0, 0
2080999, 584, 0, 0
2081999, 628, 0, 0
2083000, 584, 0, 0
2083999, 612, 0, 0
2084999, 608, 0, 0
2086000, 568, 0, 0
2086999, 624, 0, 0
2087999, 568, 0, 0
2089000, 580, 0, 0
2090000, 652, 0, 0
2090999, 624, 0, 0
2091999, 612, 0, 0
2093000, 592, 0, 0
2093999, 628, 0, 0
2094999, 624, 0, 0
2095999, 576, 0, 0
2096999, 628, 0, 0
2097999, 532, 0, 0
2099000, 584, 0, 0
2100000, 544, 0, 0
2100999, 568, 0, 0
2102000, 588, 0, 0
2102999, 604, 0, 0
2103999, 580, 0, 0
2105000, 632, 0, 0
2105999, 612, 0, 0
2106999, 620, 0, 0
2108000, 568, 0, 0
2108999, 604, 0, 0
2109999, 624, 0, 0
2111000, 556, 0, 0
2111999, 544, 0, 0
2112999, 572, 0, 0
2114000, 616, 0, 0
2114999, 584, 0, 0
2115999, 580, 0, 0
2117000, 572, 0, 0
2117999, 624, 0, 0
2119000, 564, 0, 0
2119999, 548, 0, 0
2120999, 660, 0, 0
2122000, 572, 0, 0
2122999, 540, 0, 0
2123999, 644, 0, 0
2125000, 592, 0, 0
2125999, 608, 0, 0
2126999, 596, 0, 0
2128000, 624, 0, 0
2128999, 596, 0, 0
2129999, 616, 0, 0
2131000, 620, 0, 0
2131999, 576, 0, 0
2132999, 584, 0, 0
2134000, 620, 0, 0
2134999, 556, 0, 0
2135999, 564, 0, 0
2137000, 604, 0, 0
2137999, 588, 0, 0
2138999, 552, 0, 0
2140000, 588, 0, 0
2140999, 580, 0, 0
2141999, 548, 0, 0
2143000, 612, 0, 0
2143999, 592, 0, 0
2144999, 576, 0, 0
2146000, 612, 0, 0
2146999, 592, 0, 0
2147999, 592, 0, 0
2149000, 572, 0, 0
2149999, 572, 0, 0
2150999, 636, 0, 0
2152000, 568, 0, 0
2152999, 572, 0, 0
2153999, 560, 0, 0
2155000, 592, 0, 0
2155999, 648, 0, 0
2156999, 636, 0, 0
2158000, 552, 0, 0
2158999, 604, 0, 0
2159999, 564, 0, 0
2161000, 600, 0, 0
2161999, 596, 0, 0
2162999, 640, 0, 0
2164000, 612, 0, 0
2164999, 580, 0, 0
2165999, 564, 0, 0
2167000, 616, 0, 0
2167999, 580, 0, 0
2168999, 592, 0, 0
2170000, 564, 0, 0
2170999, 544, 0, 0
2171999, 580, 0, 0
2173000, 604, 0, 0
2173999, 580, 0, 0
2174999, 548, 0, 0
2176000, 632, 0, 0
2177000, 584, 0, 0
2177999, 604, 0, 0
2178999, 584, 0, 0
2180000, 576, 0, 0
2181000, 544, 0, 0
2181999, 548, 0, 0
2183000, 556, 0, 0
2183999, 576, 0, 0
2184999, 588, 0, 0
2185999, 624, 0, 0
2187000, 572, 0, 0
2187999, 604, 0, 0
2189000, 584, 0, 0
2190000, 556, 0, 0
2190999, 568, 0, 0
2192000, 548, 0, 0
2192999, 584, 0, 0
2193999, 548, 0, 0
2195000, 572, 0, 0
2195999, 568, 0, 0
2196999, 556, 0, 0
2198000, 560, 0, 0
2198999, 568, 0, 0
2200000, 552, 0, 0
2200999, 568, 0, 0
2201999, 584, 0, 0
2203000, 608, 0, 0
2203999, 584, 0, 0
2204999, 580, 0, 0
2206000, 648, 0, 0
2206999, 572, 0, 0
2207999, 600, 0, 0
2209000, 568, 0, 0
2210000, 564, 0, 0
2210999, 548, 0, 0
2211999, 540, 0, 0
2213000, 588, 0, 0
2213999, 576, 0, 0
2214999, 552, 0, 0
2216000, 576, 0, 0
2216999, 572, 0, 0
2217999, 588, 0, 0
2219000, 548, 0, 0
2219999, 608, 0, 0
2220999, 612, 0, 0
2222000, 600, 0, 0
2222999, 544, 0, 0
2223999, 564, 0, 0
2225000, 576, 0, 0
2225999, 576, 0, 0
2226999, 584, 0, 0
2228000, 568, 0, 0
2228999, 604, 0, 0
2229999, 564, 0, 0
2231000, 588, 0, 0
2231999, 568, 0, 0
2232999, 600, 0, 0
2233999, 556, 0, 0
2235000, 584, 0, 0
2235999, 568, 0, 0
2236999, 568, 0, 0
2238000, 600, 0, 0
2238999, 576, 0, 0
2239999, 560, 0, 0
2241000, 616, 0, 0
2241999, 564, 0, 0
2242999, 588, 0, 0
2244000, 556, 0, 0
2244999, 540, 0, 0
2245999, 604, 0, 0
2247000, 544, 0, 0
2247999, 580, 0, 0
2248999, 580, 0, 0
2249999, 596, 0, 0
2250999, 576, 0, 0
2251999, 524, 0, 0
2253000, 600, 0, 0
2253999, 576, 0, 0
2254999, 580, 0, 0
2256000, 584, 0, 0
2256999, 552, 0, 0
2257999, 536, 0, 0
2259000, 584, 0, 0
2259999, 568, 0, 0
2260999, 572, 0, 0
2262000, 580, 0, 0
2262999, 548, 0, 0
2263999, 592, 0, 0
2265000, 636, 0, 0
2265999, 584, 0, 0
2267000, 548, 0, 0
2267999, 596, 0, 0
2268999, 588, 0, 0
2270000, 568, 0, 0
2270999, 556, 0, 0
2271999, 600, 0, 0
2273000, 560, 0, 0
2274000, 552, 0, 0
2274999, 564, 0, 0
2275999, 560, 0, 0
2277000, 592, 0, 0
2277999, 564, 0, 0
2278999, 556, 0, 0
2280000, 524, 0, 0
2280999, 588, 0, 0
2281999, 592, 0, 0
2283000, 564, 0, 0
2283999, 540, 0, 0
2284999, 572, 0, 0
2286000, 536, 0, 0
2286999, 564, 0, 0
2287999, 596, 0, 0
2289000, 524, 0, 0
2289999, 592, 0, 0
2290999, 588, 0, 0
2292000, 556, 0, 0
2292999, 620, 0, 0
2293999, 548, 0, 0
2294999, 560, 0, 0
2295999, 600, 0, 0
2297000, 524, 0, 0
2297999, 588, 0, 0
2298999, 524, 0, 0
2300000, 604, 0, 0
2300999, 516, 0, 0
2301999, 528, 0, 0
2303000, 560, 0, 0
2303999, 612, 0, 0
2305000, 588, 0, 0
2305999, 600, 0, 0
2306999, 564, 0, 0
2308000, 528, 0, 0
2308999, 600, 0, 0
2309999, 532, 0, 0
2311000, 612, 0, 0
2311999, 528, 0, 0
2312999, 604, 0, 0
2314000, 536, 0, 0
2314999, 600, 0, 0
2315999, 604, 0, 0
2317000, 524, 0, 0
2317999, 564, 0, 0
2318999, 528, 0, 0
2320000, 576, 0, 0
2320999, 544, 0, 0
2321999, 564, 0, 0
2322999, 628, 0, 0
2324000, 600, 0, 0
2324999, 556, 0, 0
2325999, 572, 0, 0
2327000, 564, 0, 0
2327999, 536, 0, 0
2328999, 580, 0, 0
2330000, 536, 0, 0
2330999, 572, 0, 0
2331999, 544, 0, 0
2333000, 528, 0, 0
2333999, 520, 0, 0
2334999, 588, 0, 0
2336000, 572, 0, 0
2336999, 532, 0, 0
2337999, 572, 0, 0
2339000, 540, 0, 0
2340000, 548, 0, 0
2340999, 572, 0, 0
2341999, 556, 0, 0
2343000, 516, 0, 0
2343999, 508, 0, 0
2344999, 572, 0, 0
2346000, 660, 0, 0
2346999, 588, 0, 0
2347999, 560, 0, 0
2349000, 540, 0, 0
2350000, 568, 0, 0
2350999, 564, 0, 0
2351999, 612, 0, 0
2353000, 508, 0, 0
2354000, 580, 0, 0
2354999, 560, 0, 0
2356000, 576, 0, 0
2357000, 592, 0, 0
2357999, 584, 0, 0
2359000, 536, 0, 0
2360000, 616, 0, 0
2361000, 612, 0, 0
2361999, 576, 0, 0
2363000, 584, 0, 0
2364000, 528, 0, 0
2365000, 580, 0, 0
2365999, 564, 0, 0
2366999, 556, 0, 0
2367999, 600, 0, 0
2369000, 564, 0, 0
2370000, 548, 0, 0
2371000, 564, 0, 0
2372000, 580, 0, 0
2372999, 556, 0, 0
2373999, 544, 0, 0
2375000, 568, 0, 0
2376000, 532, 0, 0
2377000, 532, 0, 0
2378000, 576, 0, 0
2379000, 604, 0, 0
2379999, 560, 0, 0
2380999, 560, 0, 0
2382000, 560, 0, 0
2383000, 556, 0, 0
2384000, 548, 0, 0
2385000, 576, 0, 0
2385999, 580, 0, 0
2386999, 532, 0, 0
2387999, 576, 0, 0
2389000, 536, 0, 0
2390000, 584, 0, 0
2391000, 540, 0, 0
2392000, 580, 0, 0
2392999, 540, 0, 0
2393999, 504, 0, 0
2394999, 556, 0, 0
2396000, 564, 0, 0
2397000, 600, 0, 0
2398000, 568, 0, 0
2399000, 552, 0, 0
2399999, 576, 0, 0
