1052, 135926992, 0, 0
2006, 359171582, 0, 0
3008, 200814285, 0, 0
4014, 204181831, 0, 0
5039, 213125501, 0, 0
6067, 410395270, 0, 0
7002, 348802408, 0, 0
8013, 208642720, 0, 0
9034, 155693987, 0, 0
10008, 347442665, 0, 0
11025, 91596144, 0, 0
12003, 338091428, 0, 0
13060, 217171212, 0, 0
14017, 142609646, 0, 0
15004, 200991626, 0, 0
16019, 418334070, 0, 0
17009, 328687938, 0, 0
18058, 148621383, 0, 0
19011, 345215602, 0, 0
20054, 407414429, 0, 0
21057, 380659523, 0, 0
22030, 448054018, 0, 0
23068, 63361476, 0, 0
24010, 366687858, 0, 0
25003, 335841385, 0, 0
26001, 207594829, 0, 0
27006, 224184699, 0, 0
28061, 331546639, 0, 0
29044, 252009272, 0, 0
30050, 414484730, 0, 0
31046, 174814954, 0, 0
32006, 132985199, 0, 0
33017, 353030603, 0, 0
34019, 272248437, 0, 0
35035, 238207304, 0, 0
36027, 191998690, 0, 0
37037, 354141224, 0, 0
38026, 465681717, 0, 0
39034, 471188935, 0, 0
40021, 180875683, 0, 0
41001, 286644088, 0, 0
42012, 266575930, 0, 0
43042, 169229258, 0, 0
44005, 94642451, 0, 0
45044, 258258535, 0, 0
46011, 210870168, 0, 0
47032, 348537664, 0, 0
48027, 236744846, 0, 0
49055, 328729204, 0, 0
50064, 169990090, 0, 0
51035, 370343273, 0, 0
52010, 370513919, 0, 0
53030, 393550428, 0, 0
54042, 278144836, 0, 0
55043, 183448191, 0, 0
56016, 219670093, 0, 0
57007, 247506337, 0, 0
58064, 230742957, 0, 0
59035, 264904527, 0, 0
60020, 124225319, 0, 0
61025, 248737978, 0, 0
62053, 217579205, 0, 0
63020, 283497710, 0, 0
64070, 362156469, 0, 0
65037, 407296418, 0, 0
66039, 255714891, 0, 0
67024, 127858378, 0, 0
68045, 209207454, 0, 0
69011, 180632834, 0, 0
70037, 166719393, 0, 0
71044, 277678657, 0, 0
72005, 295400931, 0, 0
73031, 296311299, 0, 0
74007, 285101555, 0, 0
75019, 308120869, 0, 0
76028, 189380669, 0, 0
77030, 195154615, 0, 0
78038, 123274390, 0, 0
79023, 271291040, 0, 0
80000, 349212376, 0, 0
81036, 352116700, 0, 0
82016, 388295978, 0, 0
83057, 379346862, 0, 0
84037, 479538181, 0, 0
85046, 358189799, 0, 0
86058, 264917074, 0, 0
87041, 180509262, 0, 0
88013, 219665526, 0, 0
89057, 255635703, 0, 0
90001, 359462670, 0, 0
91076, 352133399, 0, 0
92040, 320548954, 0, 0
93020, 254820179, 0, 0
94014, 155568514, 0, 0
95031, 205326211, 0, 0
96022, 271483263, 0, 0
97041, 317820761, 0, 0
98001, 345970205, 0, 0
99054, 389216189, 0, 0
100021, 366211878, 0, 0
101030, 346137153, 0, 0
102023, 376294942, 0, 0
103012, 378658016, 0, 0
104031, 376263868, 0, 0
105037, 366680983, 0, 0
106046, 358208772, 0, 0
107000, 319382232, 0, 0
108007, 340425854, 0, 0
109046, 350203690, 0, 0
110034, 300162111, 0, 0
111006, 317024867, 0, 0
112046, 370737126, 0, 0
113035, 317916484, 0, 0
114027, 317393143, 0, 0
115012, 315642290, 0, 0
116044, 269725249, 0, 0
117023, 223452463, 0, 0
118027, 249520892, 0, 0
119027, 288502316, 0, 0
120020, 319989410, 0, 0
121033, 360652100, 0, 0
122041, 395006857, 0, 0
123047, 382698029, 0, 0
124055, 363029640, 0, 0
125042, 339977317, 0, 0
126032, 237552151, 0, 0
127033, 215147285, 0, 0
128053, 196731246, 0, 0
129011, 254624028, 0, 0
130028, 266495907, 0, 0
131044, 312060594, 0, 0
132063, 311721896, 0, 0
133006, 288364300, 0, 0
134065, 305458425, 0, 0
135057, 299347879, 0, 0
136068, 280041271, 0, 0
137021, 256733159, 0, 0
138005, 244625874, 0, 0
139023, 217259697, 0, 0
140021, 216927409, 0, 0
141006, 304181497, 0, 0
142010, 295422331, 0, 0
143001, 283548864, 0, 0
144036, 290122485, 0, 0
145027, 228831151, 0, 0
146027, 222628451, 0, 0
147003, 197576938, 0, 0
148034, 194748721, 0, 0
149037, 209620882, 0, 0
150010, 208715899, 0, 0
151046, 263374320, 0, 0
152000, 339396461, 0, 0
153008, 332936089, 0, 0
154009, 250048750, 0, 0
155024, 285131746, 0, 0
156029, 238067552, 0, 0
157043, 336454261, 0, 0
158006, 356559405, 0, 0
159031, 397081751, 0, 0
160059, 395489687, 0, 0
161058, 382859105, 0, 0
162042, 392059300, 0, 0
163056, 367273771, 0, 0
164063, 288688131, 0, 0
165018, 281590790, 0, 0
166045, 282507320, 0, 0
167003, 293595387, 0, 0
168035, 336453784, 0, 0
169012, 374920299, 0, 0
170036, 312336677, 0, 0
171031, 300440430, 0, 0
172028, 280016391, 0, 0
173055, 339752421, 0, 0
174054, 395472510, 0, 0
175037, 358421962, 0, 0
176011, 345373843, 0, 0
177009, 291193618, 0, 0
178047, 183573672, 0, 0
179050, 176263096, 0, 0
180048, 263293442, 0, 0
181048, 256111744, 0, 0
182049, 262759550, 0, 0
183034, 321761513, 0, 0
184001, 345962544, 0, 0
185008, 339335558, 0, 0
186019, 303580726, 0, 0
187003, 345858416, 0, 0
188004, 373414527, 0, 0
189025, 406303612, 0, 0
190019, 366649746, 0, 0
191031, 276147657, 0, 0
192008, 326197722, 0, 0
193022, 294789758, 0, 0
194000, 317193721, 0, 0
195052, 297929444, 0, 0
196062, 303279016, 0, 0
197023, 346861394, 0, 0
198030, 338815587, 0, 0
199017, 370641208, 0, 0
200044, 358244507, 0, 0
201005, 368314829, 0, 0
202044, 336426267, 0, 0
203003, 320997732, 0, 0
204016, 306444289, 0, 0
205039, 324260412, 0, 0
206009, 359153940, 0, 0
207026, 341509910, 0, 0
208043, 330818045, 0, 0
209057, 342406319, 0, 0
210034, 382048891, 0, 0
211059, 313630570, 0, 0
212045, 369435080, 0, 0
213058, 329271571, 0, 0
214053, 350504921, 0, 0
215058, 316325751, 0, 0
216002, 316018828, 0, 0
217018, 324863199, 0, 0
218020, 343088687, 0, 0
219027, 333124382, 0, 0
220037, 347936816, 0, 0
221045, 325721779, 0, 0
222014, 314282004, 0, 0
223001, 335343081, 0, 0
224055, 337626335, 0, 0
225038, 314667234, 0, 0
226032, 325534914, 0, 0
227051, 342419682, 0, 0
228044, 335138527, 0, 0
229056, 341789689, 0, 0
230028, 333687404, 0, 0
231051, 340725255, 0, 0
232058, 382145502, 0, 0
233033, 341320030, 0, 0
234063, 317668393, 0, 0
235054, 351332500, 0, 0
236048, 313568315, 0, 0
237016, 336339554, 0, 0
238003, 306585438, 0, 0
239027, 289647231, 0, 0
240044, 321457848, 0, 0
241055, 303072116, 0, 0
242000, 327688002, 0, 0
243008, 317340188, 0, 0
244013, 320274636, 0, 0
245036, 324644055, 0, 0
246051, 301153556, 0, 0
247045, 334982615, 0, 0
248020, 365376956, 0, 0
249026, 368918275, 0, 0
250035, 357929363, 0, 0
251019, 326468014, 0, 0
252005, 281570059, 0, 0
253011, 301109543, 0, 0
254018, 300462178, 0, 0
255003, 321692960, 0, 0
256027, 349887243, 0, 0
257041, 351492874, 0, 0
258050, 340023880, 0, 0
259018, 369563219, 0, 0
260000, 344613307, 0, 0
261028, 336530770, 0, 0
262006, 311836770, 0, 0
263039, 292367353, 0, 0
264047, 327595972, 0, 0
265003, 370451560, 0, 0
266014, 359146142, 0, 0
267010, 295354339, 0, 0
268003, 322480982, 0, 0
269004, 350855462, 0, 0
270048, 340482484, 0, 0
271020, 367545811, 0, 0
272004, 353592217, 0, 0
273056, 354265213, 0, 0
274006, 312277082, 0, 0
275005, 341874394, 0, 0
276037, 293156485, 0, 0
277036, 296035836, 0, 0
278014, 317187527, 0, 0
279052, 331458940, 0, 0
280053, 326610863, 0, 0
281026, 333210455, 0, 0
282018, 342336412, 0, 0
283001, 362652650, 0, 0
284004, 365219864, 0, 0
285045, 323734447, 0, 0
286011, 338537240, 0, 0
287029, 336107444, 0, 0
288021, 349480688, 0, 0
289000, 341278587, 0, 0
290048, 334039374, 0, 0
291020, 355666873, 0, 0
292017, 311848663, 0, 0
293047, 347901782, 0, 0
294015, 381219375, 0, 0
295002, 353243677, 0, 0
296018, 343441445, 0, 0
297047, 346842718, 0, 0
298028, 330585422, 0, 0
299000, 345889301, 0, 0
300019, 320081313, 0, 0
301055, 298827524, 0, 0
302012, 306704606, 0, 0
303012, 318217849, 0, 0
304052, 323252118, 0, 0
305052, 320766573, 0, 0
306008, 324478757, 0, 0
307054, 288938802, 0, 0
308038, 302576400, 0, 0
309010, 296277021, 0, 0
310024, 301667462, 0, 0
311055, 302064585, 0, 0
312009, 316307904, 0, 0
313012, 349207317, 0, 0
314044, 346159007, 0, 0
315066, 353404846, 0, 0
316020, 343924739, 0, 0
317054, 374092748, 0, 0
318065, 376812539, 0, 0
319056, 362962834, 0, 0
320034, 294066099, 0, 0
321056, 301376164, 0, 0
322022, 296114855, 0, 0
323037, 307274650, 0, 0
324023, 311705377, 0, 0
325053, 315784660, 0, 0
326051, 320537097, 0, 0
327014, 340384015, 0, 0
328000, 333341723, 0, 0
329029, 307480097, 0, 0
330016, 358424480, 0, 0
331040, 323208423, 0, 0
332018, 279971905, 0, 0
333058, 326919073, 0, 0
334045, 314727506, 0, 0
335029, 318296195, 0, 0
336054, 327513452, 0, 0
337021, 330167452, 0, 0
338041, 308395201, 0, 0
339049, 336866209, 0, 0
340054, 294772915, 0, 0
341021, 310272633, 0, 0
342043, 362000451, 0, 0
343052, 327699321, 0, 0
344055, 322718891, 0, 0
345055, 319583335, 0, 0
346027, 326660145, 0, 0
347063, 339068471, 0, 0
348047, 334905821, 0, 0
349008, 347597504, 0, 0
350043, 308407176, 0, 0
351023, 325723966, 0, 0
352040, 316566280, 0, 0
353045, 312618017, 0, 0
354059, 276204847, 0, 0
355003, 337944066, 0, 0
356021, 319186815, 0, 0
357033, 306174054, 0, 0
358002, 322055879, 0, 0
359029, 288414212, 0, 0
360036, 320482637, 0, 0
361008, 335754998, 0, 0
362048, 356419656, 0, 0
363046, 273561825, 0, 0
364001, 329055987, 0, 0
365046, 329659296, 0, 0
366022, 344784707, 0, 0
367038, 302534920, 0, 0
368064, 341028641, 0, 0
369001, 351268393, 0, 0
370020, 307088458, 0, 0
371018, 317252213, 0, 0
372030, 322640960, 0, 0
373003, 302319930, 0, 0
374009, 299961859, 0, 0
375015, 342849816, 0, 0
376038, 316516125, 0, 0
377050, 332302733, 0, 0
378044, 297935485, 0, 0
379040, 296410479, 0, 0
380045, 329003496, 0, 0
381004, 319548638, 0, 0
382024, 307076014, 0, 0
383020, 321400327, 0, 0
384029, 301307839, 0, 0
385042, 321430688, 0, 0
386038, 340213537, 0, 0
387032, 295143860, 0, 0
388015, 317411692, 0, 0
389053, 324692994, 0, 0
390020, 323819432, 0, 0
391017, 335346907, 0, 0
392020, 358485909, 0, 0
393048, 313069641, 0, 0
394004, 332780225, 0, 0
395012, 298204602, 0, 0
396051, 309259544, 0, 0
397023, 279958544, 0, 0
398037, 331476129, 0, 0
399056, 325966007, 0, 0
400041, 317201287, 0, 0
401070, 314912297, 0, 0
402026, 346556076, 0, 0
403029, 334365016, 0, 0
404006, 309888186, 0, 0
405037, 326181240, 0, 0
406040, 329853147, 0, 0
407055, 309492252, 0, 0
408003, 288277113, 0, 0
409032, 307487222, 0, 0
410030, 299196362, 0, 0
411014, 330948273, 0, 0
412017, 302839147, 0, 0
413016, 311075159, 0, 0
414053, 291585347, 0, 0
415018, 303074822, 0, 0
416001, 307118772, 0, 0
417050, 306009767, 0, 0
418059, 300828195, 0, 0
419041, 296385295, 0, 0
420027, 321216974, 0, 0
421024, 298631524, 0, 0
422026, 299481662, 0, 0
423064, 306447061, 0, 0
424009, 323858966, 0, 0
425002, 322259616, 0, 0
426013, 308293646, 0, 0
427015, 297451503, 0, 0
428056, 324800299, 0, 0
429000, 323385210, 0, 0
430055, 296930829, 0, 0
431027, 294699826, 0, 0
432006, 316493767, 0, 0
433052, 338230643, 0, 0
434006, 306730354, 0, 0
435044, 293521597, 0, 0
436030, 279533794, 0, 0
437031, 344300167, 0, 0
438039, 286256209, 0, 0
439018, 304211953, 0, 0
440035, 294683156, 0, 0
441028, 312031714, 0, 0
442027, 296038091, 0, 0
443027, 294113498, 0, 0
444000, 314292978, 0, 0
445024, 304043227, 0, 0
446025, 292916245, 0, 0
447003, 301900629, 0, 0
448027, 305102495, 0, 0
449033, 279316081, 0, 0
450003, 312305635, 0, 0
451020, 263530563, 0, 0
452013, 311444651, 0, 0
453018, 348640929, 0, 0
454018, 284929255, 0, 0
455030, 289697643, 0, 0
456045, 291987819, 0, 0
457059, 275095632, 0, 0
458012, 287551102, 0, 0
459038, 308654910, 0, 0
460049, 310196349, 0, 0
461068, 326259565, 0, 0
462020, 346910963, 0, 0
463006, 317724440, 0, 0
464044, 314864080, 0, 0
465008, 305878939, 0, 0
466014, 297373703, 0, 0
467022, 285337042, 0, 0
468047, 297014538, 0, 0
469032, 273934596, 0, 0
470026, 321937385, 0, 0
471048, 310167171, 0, 0
472044, 354775375, 0, 0
473049, 297463700, 0, 0
474006, 305288111, 0, 0
475053, 316707653, 0, 0
476028, 300823328, 0, 0
477023, 294405419, 0, 0
478047, 336489754, 0, 0
479030, 338023048, 0, 0
480052, 333829359, 0, 0
481012, 305023866, 0, 0
482031, 309491043, 0, 0
483057, 290021531, 0, 0
484026, 309810252, 0, 0
485008, 296881594, 0, 0
486017, 283644611, 0, 0
487028, 320420334, 0, 0
488052, 260734480, 0, 0
489021, 310681998, 0, 0
490047, 310203105, 0, 0
491025, 316036324, 0, 0
492021, 289110470, 0, 0
493025, 298103000, 0, 0
494033, 304405122, 0, 0
495005, 326818139, 0, 0
496001, 298093549, 0, 0
497011, 287806099, 0, 0
498023, 297141698, 0, 0
499046, 319935693, 0, 0
500043, 312102920, 0, 0
501050, 299041780, 0, 0
502007, 333842654, 0, 0
503057, 305665961, 0, 0
504021, 291179668, 0, 0
505051, 295210498, 0, 0
506022, 296798978, 0, 0
507063, 297354965, 0, 0
508008, 291098121, 0, 0
509053, 274299175, 0, 0
510026, 323123430, 0, 0
511055, 338223711, 0, 0
512000, 296061648, 0, 0
513027, 301203949, 0, 0
514030, 319014985, 0, 0
515045, 294909120, 0, 0
516005, 280990188, 0, 0
517032, 299158471, 0, 0
518044, 294061100, 0, 0
519050, 320842322, 0, 0
520040, 304507096, 0, 0
521095, 298614853, 0, 0
522016, 319384002, 0, 0
523048, 313405227, 0, 0
524028, 310830664, 0, 0
525039, 302498825, 0, 0
526003, 292553559, 0, 0
527008, 297008691, 0, 0
528068, 291271838, 0, 0
529011, 269138968, 0, 0
530018, 296084892, 0, 0
531015, 326410799, 0, 0
532018, 325759100, 0, 0
533012, 309555616, 0, 0
534028, 277615611, 0, 0
535036, 280010878, 0, 0
536023, 298027195, 0, 0
537025, 309158454, 0, 0
538047, 301863795, 0, 0
539063, 303421570, 0, 0
540016, 290928337, 0, 0
541029, 275227045, 0, 0
542040, 305555055, 0, 0
543001, 296582202, 0, 0
544019, 314327682, 0, 0
545006, 325616899, 0, 0
546061, 317528044, 0, 0
547058, 313645975, 0, 0
548055, 294617313, 0, 0
549014, 323567953, 0, 0
550039, 338684210, 0, 0
551043, 341590613, 0, 0
552007, 293391842, 0, 0
553020, 282830444, 0, 0
554051, 294789979, 0, 0
555023, 296789679, 0, 0
556025, 274338473, 0, 0
557032, 299978979, 0, 0
558051, 288850759, 0, 0
559018, 284626975, 0, 0
560025, 312890185, 0, 0
561047, 308144004, 0, 0
562014, 274482377, 0, 0
563046, 301000189, 0, 0
564021, 311137132, 0, 0
565000, 294346996, 0, 0
566045, 307082887, 0, 0
567055, 319085338, 0, 0
568010, 338610056, 0, 0
569053, 298305022, 0, 0
570016, 309554831, 0, 0
571019, 308912109, 0, 0
572016, 291251547, 0, 0
573016, 297551864, 0, 0
574039, 291940473, 0, 0
575055, 292493557, 0, 0
576016, 280451550, 0, 0
577025, 313237131, 0, 0
578019, 275002271, 0, 0
579030, 285445244, 0, 0
580018, 269740118, 0, 0
581044, 300572235, 0, 0
582036, 303446423, 0, 0
583063, 265092341, 0, 0
584038, 312987642, 0, 0
585006, 304687272, 0, 0
586042, 314089353, 0, 0
587032, 313554478, 0, 0
588053, 278001072, 0, 0
589029, 297764955, 0, 0
590029, 318197306, 0, 0
591019, 292379239, 0, 0
592032, 331507790, 0, 0
593028, 330140929, 0, 0
594011, 285754488, 0, 0
595020, 300680115, 0, 0
596022, 296009537, 0, 0
597030, 296590858, 0, 0
598043, 287862968, 0, 0
599027, 271542993, 0, 0
600045, 311714757, 0, 0
601035, 302801861, 0, 0
602004, 330420664, 0, 0
603013, 295373202, 0, 0
604030, 265944450, 0, 0
605042, 273126438, 0, 0
606015, 275325853, 0, 0
607032, 293842146, 0, 0
608000, 291210639, 0, 0
609053, 309675236, 0, 0
610026, 269818878, 0, 0
611018, 298498696, 0, 0
612001, 278975150, 0, 0
613060, 278170213, 0, 0
614011, 275712377, 0, 0
615012, 301926165, 0, 0
616057, 314205260, 0, 0
617016, 290428863, 0, 0
618046, 292404790, 0, 0
619054, 330971291, 0, 0
620001, 296017816, 0, 0
621017, 288902043, 0, 0
622062, 333290385, 0, 0
623016, 291134933, 0, 0
624063, 280979048, 0, 0
625036, 347138889, 0, 0
626019, 302473425, 0, 0
627039, 295833292, 0, 0
628056, 319405067, 0, 0
629021, 328230480, 0, 0
630029, 318939841, 0, 0
631025, 301457018, 0, 0
632030, 290947931, 0, 0
633020, 282836124, 0, 0
634032, 299514329, 0, 0
635056, 298393129, 0, 0
636035, 306788489, 0, 0
637028, 349519642, 0, 0
638058, 284762157, 0, 0
639007, 293144881, 0, 0
640059, 299874630, 0, 0
641025, 308990209, 0, 0
642034, 287193127, 0, 0
643012, 309385661, 0, 0
644034, 280761628, 0, 0
645001, 302437582, 0, 0
646014, 320325796, 0, 0
647022, 320360271, 0, 0
648028, 278909972, 0, 0
649054, 298939135, 0, 0
650041, 300917971, 0, 0
651034, 272951264, 0, 0
652017, 286347764, 0, 0
653034, 289038649, 0, 0
654009, 257085937, 0, 0
655050, 266357914, 0, 0
656004, 304719477, 0, 0
657019, 276906282, 0, 0
658016, 271320688, 0, 0
659006, 326652337, 0, 0
660016, 311453573, 0, 0
661026, 282242601, 0, 0
662026, 309761443, 0, 0
663046, 299358965, 0, 0
664002, 313038507, 0, 0
665021, 301806998, 0, 0
666029, 326951978, 0, 0
667050, 281451019, 0, 0
668014, 263447328, 0, 0
669013, 288867869, 0, 0
670051, 301723284, 0, 0
671000, 297162743, 0, 0
672014, 286821428, 0, 0
673008, 310770277, 0, 0
674056, 290458536, 0, 0
675033, 295173925, 0, 0
676012, 296866753, 0, 0
677015, 279723335, 0, 0
678023, 279099468, 0, 0
679039, 354375188, 0, 0
680063, 322550579, 0, 0
681014, 316864428, 0, 0
682018, 307158719, 0, 0
683003, 298842300, 0, 0
684012, 284545715, 0, 0
685042, 312790942, 0, 0
686044, 305414157, 0, 0
687018, 297617377, 0, 0
688053, 255877942, 0, 0
689007, 320067537, 0, 0
690054, 326074780, 0, 0
691046, 266457494, 0, 0
692061, 299140620, 0, 0
693002, 298689258, 0, 0
694005, 272328001, 0, 0
695012, 309204849, 0, 0
696027, 332389733, 0, 0
697041, 289663837, 0, 0
698001, 286448377, 0, 0
699008, 296371810, 0, 0
700015, 306841015, 0, 0
701006, 286568398, 0, 0
702055, 276151685, 0, 0
703005, 276046598, 0, 0
704044, 323626798, 0, 0
705022, 305261798, 0, 0
706041, 294382777, 0, 0
707049, 311994534, 0, 0
708010, 285554846, 0, 0
709029, 310635836, 0, 0
710042, 299681573, 0, 0
711020, 303087446, 0, 0
712000, 296457286, 0, 0
713019, 285000256, 0, 0
714012, 323965503, 0, 0
715020, 314216173, 0, 0
716064, 326360952, 0, 0
717028, 310743114, 0, 0
718022, 323848994, 0, 0
719035, 293095710, 0, 0
720025, 313659644, 0, 0
721036, 265101303, 0, 0
722005, 296420384, 0, 0
723046, 311630686, 0, 0
724047, 298193681, 0, 0
725036, 346125834, 0, 0
726036, 285098618, 0, 0
727054, 281211126, 0, 0
728014, 324810069, 0, 0
729012, 280629671, 0, 0
730017, 290804836, 0, 0
731068, 287737579, 0, 0
732059, 337934639, 0, 0
733042, 289304480, 0, 0
734036, 284333046, 0, 0
735027, 282652232, 0, 0
736023, 307027711, 0, 0
737054, 265570189, 0, 0
738003, 296977041, 0, 0
739025, 310056055, 0, 0
740017, 330701320, 0, 0
741003, 282765188, 0, 0
742027, 284773346, 0, 0
743047, 263512421, 0, 0
744026, 313736195, 0, 0
745039, 314102488, 0, 0
746058, 297824457, 0, 0
747000, 290162510, 0, 0
748025, 268411926, 0, 0
749022, 303556577, 0, 0
750035, 319157507, 0, 0
751008, 276518664, 0, 0
752028, 310425190, 0, 0
753043, 312376638, 0, 0
754035, 316373563, 0, 0
755024, 280477154, 0, 0
756012, 294173014, 0, 0
757044, 307922020, 0, 0
758069, 277008621, 0, 0
759051, 309889462, 0, 0
760044, 288457105, 0, 0
761001, 280110132, 0, 0
762002, 302918966, 0, 0
763043, 320294353, 0, 0
764026, 286835750, 0, 0
765005, 274269053, 0, 0
766014, 302067751, 0, 0
767006, 286277969, 0, 0
768001, 295595861, 0, 0
769018, 298758888, 0, 0
770016, 282040973, 0, 0
771048, 307467565, 0, 0
772046, 281089006, 0, 0
773053, 300363225, 0, 0
774037, 300009595, 0, 0
775054, 299197303, 0, 0
776007, 297387584, 0, 0
777019, 283353344, 0, 0
778057, 295996970, 0, 0
779004, 320136323, 0, 0
780023, 314979480, 0, 0
781014, 302369689, 0, 0
782057, 316421903, 0, 0
783022, 300382579, 0, 0
784010, 288671498, 0, 0
785048, 297615914, 0, 0
786053, 308080053, 0, 0
787057, 297272303, 0, 0
788047, 278759789, 0, 0
789020, 292965766, 0, 0
790005, 333426762, 0, 0
791049, 297270359, 0, 0
792057, 276225061, 0, 0
793037, 311605683, 0, 0
794048, 291267701, 0, 0
795029, 297789344, 0, 0
796000, 308152814, 0, 0
797005, 301810219, 0, 0
798060, 333475976, 0, 0
799027, 285837567, 0, 0
800055, 335342798, 0, 0
801024, 288985425, 0, 0
802022, 268694328, 0, 0
803042, 309200593, 0, 0
804038, 315789123, 0, 0
805045, 296079941, 0, 0
806030, 295909637, 0, 0
807042, 282944374, 0, 0
808038, 281358615, 0, 0
809002, 288889706, 0, 0
810060, 291726689, 0, 0
811017, 288778235, 0, 0
812031, 286899376, 0, 0
813015, 323516347, 0, 0
814051, 292310133, 0, 0
815019, 301568628, 0, 0
816031, 320938769, 0, 0
817032, 295299624, 0, 0
818058, 292511201, 0, 0
819008, 292289487, 0, 0
820049, 273154565, 0, 0
821041, 268131970, 0, 0
822040, 297928548, 0, 0
823016, 299503151, 0, 0
824053, 288994383, 0, 0
825052, 320920294, 0, 0
826031, 321899652, 0, 0
827050, 298609356, 0, 0
828014, 313375051, 0, 0
829037, 300467125, 0, 0
830006, 280497169, 0, 0
831044, 294697867, 0, 0
832056, 337949759, 0, 0
833006, 353476872, 0, 0
834003, 281379910, 0, 0
835056, 284828285, 0, 0
836006, 336157697, 0, 0
837031, 271273376, 0, 0
838041, 285429358, 0, 0
839058, 281703779, 0, 0
840061, 286498311, 0, 0
841054, 277468940, 0, 0
842025, 307167762, 0, 0
843000, 323333183, 0, 0
844028, 313425172, 0, 0
845047, 279230522, 0, 0
846029, 294567608, 0, 0
847049, 304588201, 0, 0
848015, 311738105, 0, 0
849061, 272129872, 0, 0
850031, 271878231, 0, 0
851004, 289460333, 0, 0
852038, 288263220, 0, 0
853006, 303570927, 0, 0
854056, 312249298, 0, 0
855029, 351188981, 0, 0
856038, 338734648, 0, 0
857010, 272050341, 0, 0
858045, 320580215, 0, 0
859040, 287488158, 0, 0
860060, 334451390, 0, 0
861034, 312804407, 0, 0
862047, 297961638, 0, 0
863045, 338335852, 0, 0
864000, 307028783, 0, 0
865042, 301917401, 0, 0
866039, 267241804, 0, 0
867024, 296549131, 0, 0
868034, 286751859, 0, 0
869058, 328118367, 0, 0
870021, 308309961, 0, 0
871062, 293168437, 0, 0
872022, 327418376, 0, 0
873008, 299195891, 0, 0
874045, 281355319, 0, 0
875050, 322701855, 0, 0
876028, 263424414, 0, 0
877063, 312077299, 0, 0
878009, 355911149, 0, 0
879006, 306206354, 0, 0
880051, 318898592, 0, 0
881034, 296124156, 0, 0
882022, 298692503, 0, 0
883028, 293715695, 0, 0
884009, 304606762, 0, 0
885023, 256482644, 0, 0
886009, 280587138, 0, 0
887016, 301511411, 0, 0
888052, 291274120, 0, 0
889039, 301657558, 0, 0
890002, 291022658, 0, 0
891021, 265288088, 0, 0
892057, 286004465, 0, 0
893039, 281156056, 0, 0
894060, 278402741, 0, 0
895052, 288211874, 0, 0
896023, 274344117, 0, 0
897026, 273305941, 0, 0
898028, 314141481, 0, 0
899018, 311033969, 0, 0
900036, 321931987, 0, 0
901030, 299265588, 0, 0
902037, 295933002, 0, 0
903011, 294726228, 0, 0
904055, 304925415, 0, 0
905013, 342811721, 0, 0
906019, 301634632, 0, 0
907022, 290875562, 0, 0
908031, 290266264, 0, 0
909015, 310985521, 0, 0
910012, 291684474, 0, 0
911008, 289290470, 0, 0
912052, 275580236, 0, 0
913014, 273037166, 0, 0
914049, 288383224, 0, 0
915046, 320250940, 0, 0
916030, 298983147, 0, 0
917001, 291344325, 0, 0
918026, 321209928, 0, 0
919058, 297383463, 0, 0
920048, 332981521, 0, 0
921004, 285440402, 0, 0
922047, 276558620, 0, 0
923068, 329850519, 0, 0
924010, 297061943, 0, 0
925036, 309137064, 0, 0
926044, 293996496, 0, 0
927059, 296424374, 0, 0
928006, 293853413, 0, 0
929024, 291587659, 0, 0
930046, 280718979, 0, 0
931041, 258462292, 0, 0
932005, 309017699, 0, 0
933024, 289444586, 0, 0
934013, 294610557, 0, 0
935058, 308091030, 0, 0
936016, 306543429, 0, 0
937035, 295181708, 0, 0
938022, 280052142, 0, 0
939018, 282286322, 0, 0
940052, 285273721, 0, 0
941064, 318605508, 0, 0
942035, 272856829, 0, 0
943050, 293864308, 0, 0
944047, 318867966, 0, 0
945056, 324112733, 0, 0
946018, 298636144, 0, 0
947012, 297493926, 0, 0
948021, 287195294, 0, 0
949025, 292697003, 0, 0
950055, 284603762, 0, 0
951047, 309272314, 0, 0
952005, 302561980, 0, 0
953005, 294502974, 0, 0
954034, 270687443, 0, 0
955044, 296657541, 0, 0
956000, 274975363, 0, 0
957002, 352445883, 0, 0
958010, 319825243, 0, 0
959004, 288503897, 0, 0
960050, 274744263, 0, 0
961013, 282510600, 0, 0
962048, 284527491, 0, 0
963015, 314694738, 0, 0
964077, 328569011, 0, 0
965024, 304793120, 0, 0
966062, 300284216, 0, 0
967013, 303600145, 0, 0
968043, 276195793, 0, 0
969044, 259869523, 0, 0
970042, 298637736, 0, 0
971022, 276529823, 0, 0
972045, 305110249, 0, 0
973009, 319572252, 0, 0
974016, 303592931, 0, 0
975008, 295739761, 0, 0
976050, 292318476, 0, 0
977059, 283093743, 0, 0
978055, 323221506, 0, 0
979036, 291187040, 0, 0
980039, 268544035, 0, 0
981027, 305302734, 0, 0
982021, 291527020, 0, 0
983028, 272917468, 0, 0
984030, 292799708, 0, 0
985053, 299466702, 0, 0
986026, 327408482, 0, 0
987020, 261119662, 0, 0
988020, 308840100, 0, 0
989043, 290062470, 0, 0
990053, 299617812, 0, 0
991039, 310736426, 0, 0
992019, 313982066, 0, 0
993054, 298418861, 0, 0
994056, 293295874, 0, 0
995013, 263835766, 0, 0
996050, 336605549, 0, 0
997007, 319585764, 0, 0
998053, 262670753, 0, 0
999060, 275648747, 0, 0
1000015, 266910337, 0, 0
1001019, 281742496, 0, 0
1002032, 326222991, 0, 0
1003019, 269542282, 0, 0
1004046, 284099577, 0, 0
1005009, 309981695, 0, 0
1006049, 329875733, 0, 0
1007027, 282535563, 0, 0
1008028, 294425594, 0, 0
1009032, 282835517, 0, 0
1010020, 289700311, 0, 0
1011025, 304130797, 0, 0
1012033, 260151621, 0, 0
1013026, 288301717, 0, 0
1014030, 297003145, 0, 0
1015056, 271172749, 0, 0
1016054, 303647613, 0, 0
1017030, 240584714, 0, 0
1018021, 278849279, 0, 0
1019043, 295296057, 0, 0
1020024, 308354163, 0, 0
1021027, 283753094, 0, 0
1022033, 307087676, 0, 0
1023039, 314224765, 0, 0
1024040, 284452379, 0, 0
1025019, 313767470, 0, 0
1026048, 295935405, 0, 0
1027037, 317246710, 0, 0
1028039, 300664532, 0, 0
1029060, 323493372, 0, 0
1030034, 289931260, 0, 0
1031006, 319505270, 0, 0
1032048, 333578780, 0, 0
1033042, 289675693, 0, 0
1034030, 341782975, 0, 0
1035010, 302296980, 0, 0
1036027, 342623808, 0, 0
1037005, 276504798, 0, 0
1038039, 299792724, 0, 0
1039027, 286947076, 0, 0
1040032, 272204013, 0, 0
1041011, 298133616, 0, 0
1042047, 284181099, 0, 0
1043070, 259764095, 0, 0
1044031, 285108103, 0, 0
1045008, 306042764, 0, 0
1046010, 309250160, 0, 0
1047016, 310558337, 0, 0
1048054, 315928599, 0, 0
1049045, 319999306, 0, 0
1050003, 282856662, 0, 0
1051019, 291972855, 0, 0
1052040, 295877863, 0, 0
1053041, 287381373, 0, 0
1054005, 286329462, 0, 0
1055036, 297226215, 0, 0
1056032, 305181290, 0, 0
1057044, 293521888, 0, 0
1058004, 297178014, 0, 0
1059023, 290359332, 0, 0
1060022, 275032848, 0, 0
1061064, 301829076, 0, 0
1062013, 282007160, 0, 0
1063033, 327705594, 0, 0
1064018, 303981492, 0, 0
1065054, 285273567, 0, 0
1066001, 295262891, 0, 0
1067018, 298238441, 0, 0
1068028, 301970360, 0, 0
1069023, 293890748, 0, 0
1070029, 278916567, 0, 0
1071027, 271600642, 0, 0
1072008, 281289698, 0, 0
1073068, 309752439, 0, 0
1074038, 322051195, 0, 0
1075029, 289149515, 0, 0
1076010, 303283205, 0, 0
1077024, 279641369, 0, 0
1078041, 289163492, 0, 0
1079045, 258269993, 0, 0
1080000, 310248386, 0, 0
1081001, 272363794, 0, 0
1082059, 273016126, 0, 0
1083034, 266739461, 0, 0
1084020, 334561162, 0, 0
1085024, 276390342, 0, 0
1086048, 281377452, 0, 0
1087041, 305376987, 0, 0
1088060, 278291226, 0, 0
1089053, 278020536, 0, 0
1090058, 277232234, 0, 0
1091050, 286824973, 0, 0
1092015, 306997170, 0, 0
1093005, 240585286, 0, 0
1094046, 289514492, 0, 0
1095000, 303720715, 0, 0
1096011, 289852642, 0, 0
1097020, 253817195, 0, 0
1098028, 271384459, 0, 0
1099055, 278800511, 0, 0
1100055, 293567485, 0, 0
1101030, 277040418, 0, 0
1102045, 268858808, 0, 0
1103017, 271224785, 0, 0
1104014, 304216764, 0, 0
1105035, 261366346, 0, 0
1106032, 295487885, 0, 0
1107043, 276924262, 0, 0
1108015, 280828769, 0, 0
1109059, 281815261, 0, 0
1110018, 299099021, 0, 0
1111051, 305844128, 0, 0
1112011, 293276567, 0, 0
1113047, 278820380, 0, 0
1114034, 293502771, 0, 0
1115020, 279134343, 0, 0
1116054, 263524295, 0, 0
1117014, 271864207, 0, 0
1118058, 274827726, 0, 0
1119008, 336672234, 0, 0
1120049, 284714688, 0, 0
1121005, 302041641, 0, 0
1122000, 295609638, 0, 0
1123061, 292280985, 0, 0
1124038, 289683641, 0, 0
1125038, 323017857, 0, 0
1126023, 280760190, 0, 0
1127031, 270043006, 0, 0
1128026, 284502466, 0, 0
1129070, 274187434, 0, 0
1130055, 289022196, 0, 0
1131052, 298788160, 0, 0
1132002, 278004649, 0, 0
1133008, 288999948, 0, 0
1134035, 283454693, 0, 0
1135015, 283216152, 0, 0
1136051, 295026694, 0, 0
1137004, 258457690, 0, 0
1138002, 312483403, 0, 0
1139020, 317703969, 0, 0
1140005, 304477789, 0, 0
1141055, 312047587, 0, 0
1142001, 280124003, 0, 0
1143046, 303052724, 0, 0
1144028, 270126235, 0, 0
1145025, 279718430, 0, 0
1146031, 261433131, 0, 0
1147053, 266101272, 0, 0
1148012, 282186731, 0, 0
1149025, 290812513, 0, 0
1150020, 256638478, 0, 0
1151018, 275852280, 0, 0
1152044, 266298902, 0, 0
1153003, 259118910, 0, 0
1154050, 276785725, 0, 0
1155009, 305851754, 0, 0
1156041, 312959902, 0, 0
1157002, 266642038, 0, 0
1158025, 285315179, 0, 0
1159027, 281043017, 0, 0
1160013, 263055654, 0, 0
1161001, 269850655, 0, 0
1162000, 325958754, 0, 0
1163012, 245786447, 0, 0
1164005, 244002983, 0, 0
1165022, 296811340, 0, 0
1166003, 261104001, 0, 0
1167050, 249621306, 0, 0
1168047, 286721925, 0, 0
1169055, 253836900, 0, 0
1170040, 291162030, 0, 0
1171045, 257746932, 0, 0
1172046, 289331367, 0, 0
1173050, 260524462, 0, 0
1174005, 287434964, 0, 0
1175051, 275665135, 0, 0
1176006, 257317583, 0, 0
1177058, 285904017, 0, 0
1178030, 305162509, 0, 0
1179013, 285462395, 0, 0
1180045, 307147145, 0, 0
1181029, 257144426, 0, 0
1182000, 308429359, 0, 0
1183021, 324231682, 0, 0
1184013, 275094930, 0, 0
1185034, 279884770, 0, 0
1186000, 261282066, 0, 0
1187022, 252273680, 0, 0
1188015, 286757370, 0, 0
1189033, 316065602, 0, 0
1190032, 327504080, 0, 0
1191066, 277434532, 0, 0
1192010, 258537044, 0, 0
1193005, 328365495, 0, 0
1194032, 287303283, 0, 0
1195003, 254432520, 0, 0
1196046, 261410094, 0, 0
1197012, 265606464, 0, 0
1198061, 273845639, 0, 0
1199057, 265109240, 0, 0
1200045, 274660744, 0, 0
1201069, 288170146, 0, 0
1202015, 287378225, 0, 0
1203000, 267210556, 0, 0
1204005, 271421746, 0, 0
1205012, 302082888, 0, 0
1206022, 284532975, 0, 0
1207021, 292765171, 0, 0
1208024, 256855704, 0, 0
1209055, 317858482, 0, 0
1210021, 281054949, 0, 0
1211049, 274123992, 0, 0
1212005, 298361300, 0, 0
1213025, 298027564, 0, 0
1214058, 301612847, 0, 0
1215039, 274866556, 0, 0
1216038, 256955067, 0, 0
1217052, 262207070, 0, 0
1218026, 291619604, 0, 0
1219030, 285201488, 0, 0
1220014, 271419618, 0, 0
1221008, 291781784, 0, 0
1222052, 266672623, 0, 0
1223048, 257642698, 0, 0
1224022, 330121053, 0, 0
1225005, 257966021, 0, 0
1226005, 256065770, 0, 0
1227058, 264982008, 0, 0
1228019, 255245546, 0, 0
1229045, 278417702, 0, 0
1230001, 289760832, 0, 0
1231019, 250877324, 0, 0
1232003, 287595298, 0, 0
1233048, 283050933, 0, 0
1234018, 267877963, 0, 0
1235017, 253194629, 0, 0
1236024, 257330703, 0, 0
1237003, 262289229, 0, 0
1238015, 246802599, 0, 0
1239049, 248119867, 0, 0
1240001, 280198805, 0, 0
1241049, 298362824, 0, 0
1242027, 258847187, 0, 0
1243033, 316148628, 0, 0
1244000, 255161276, 0, 0
1245060, 254375937, 0, 0
1246012, 285637824, 0, 0
1247012, 275228865, 0, 0
1248009, 285957249, 0, 0
1249027, 245580620, 0, 0
1250012, 326248745, 0, 0
1251047, 281110960, 0, 0
1252028, 258146979, 0, 0
1253065, 334334679, 0, 0
1254012, 279002959, 0, 0
1255025, 305527792, 0, 0
1256048, 287232910, 0, 0
1257016, 273311178, 0, 0
1258034, 266445854, 0, 0
1259014, 269038460, 0, 0
1260051, 252897828, 0, 0
1261015, 271259598, 0, 0
1262024, 311770129, 0, 0
1263042, 290100522, 0, 0
1264020, 261561339, 0, 0
1265024, 284770638, 0, 0
1266049, 310579008, 0, 0
1267004, 323525585, 0, 0
1268056, 260928301, 0, 0
1269031, 292413506, 0, 0
1270026, 298609565, 0, 0
1271004, 263680104, 0, 0
1272014, 275063949, 0, 0
1273011, 275286709, 0, 0
1274053, 282609751, 0, 0
1275040, 303589661, 0, 0
1276051, 290623821, 0, 0
1277002, 268587965, 0, 0
1278033, 275626660, 0, 0
1279001, 270444466, 0, 0
1280065, 253848094, 0, 0
1281008, 274180947, 0, 0
1282035, 297560585, 0, 0
1283053, 261836862, 0, 0
1284015, 269082373, 0, 0
1285025, 289704652, 0, 0
1286052, 252835282, 0, 0
1287031, 284637167, 0, 0
1288044, 274251277, 0, 0
1289045, 275932758, 0, 0
1290064, 282536576, 0, 0
1291042, 292661212, 0, 0
1292036, 259542670, 0, 0
1293059, 250323085, 0, 0
1294014, 309540050, 0, 0
1295032, 295169716, 0, 0
1296035, 278113725, 0, 0
1297020, 266636631, 0, 0
1298041, 285312472, 0, 0
1299033, 264268555, 0, 0
1300011, 256681455, 0, 0
1301013, 273968078, 0, 0
1302006, 287856304, 0, 0
1303038, 262571569, 0, 0
1304014, 273311106, 0, 0
1305059, 279675543, 0, 0
1306061, 282909814, 0, 0
1307015, 306707146, 0, 0
1308000, 311829226, 0, 0
1309020, 282026498, 0, 0
1310041, 247659690, 0, 0
1311011, 301458015, 0, 0
1312022, 258071527, 0, 0
1313032, 299035810, 0, 0
1314034, 308520461, 0, 0
1315008, 303707194, 0, 0
1316019, 263521561, 0, 0
1317016, 281685932, 0, 0
1318054, 294970773, 0, 0
1319015, 318817465, 0, 0
1320040, 293819103, 0, 0
1321046, 260836200, 0, 0
1322069, 259182843, 0, 0
1323001, 295397366, 0, 0
1324012, 283467145, 0, 0
1325019, 271379978, 0, 0
1326037, 303246336, 0, 0
1327053, 257684722, 0, 0
1328010, 253805411, 0, 0
1329033, 270164753, 0, 0
1330014, 290645730, 0, 0
1331040, 276396910, 0, 0
1332014, 306552394, 0, 0
1333030, 274610628, 0, 0
1334000, 274740443, 0, 0
1335038, 299178345, 0, 0
1336008, 278700812, 0, 0
1337097, 270771097, 0, 0
1338043, 322959550, 0, 0
1339000, 294270183, 0, 0
1340027, 246097987, 0, 0
1341001, 267195963, 0, 0
1342043, 304671371, 0, 0
1343016, 281690147, 0, 0
1344057, 263817891, 0, 0
1345011, 286362581, 0, 0
1346020, 295890567, 0, 0
1347010, 295043299, 0, 0
1348042, 287032022, 0, 0
1349038, 265055817, 0, 0
1350064, 263664407, 0, 0
1351012, 310536443, 0, 0
1352002, 280697748, 0, 0
1353047, 255612686, 0, 0
1354015, 272459835, 0, 0
1355024, 256201759, 0, 0
1356030, 284035546, 0, 0
1357054, 278828099, 0, 0
1358032, 271644763, 0, 0
1359027, 284630593, 0, 0
1360052, 286701517, 0, 0
1361016, 274139725, 0, 0
1362019, 295491547, 0, 0
1363031, 287731998, 0, 0
1364019, 268370485, 0, 0
1365008, 271272950, 0, 0
1366037, 259206044, 0, 0
1367034, 252222238, 0, 0
1368036, 257744596, 0, 0
1369042, 268010355, 0, 0
1370036, 267665929, 0, 0
1371013, 288892342, 0, 0
1372011, 290368545, 0, 0
1373024, 278442756, 0, 0
1374020, 289806507, 0, 0
1375041, 295407656, 0, 0
1376002, 299432636, 0, 0
1377016, 265529738, 0, 0
1378048, 257992875, 0, 0
1379049, 262503938, 0, 0
1380014, 279589568, 0, 0
1381034, 309837633, 0, 0
1382032, 253076432, 0, 0
1383000, 275930362, 0, 0
1384026, 292722047, 0, 0
1385069, 305364995, 0, 0
1386026, 291060557, 0, 0
1387024, 244974165, 0, 0
1388036, 270060284, 0, 0
1389034, 282082242, 0, 0
1390004, 291409296, 0, 0
1391011, 277626251, 0, 0
1392039, 294219091, 0, 0
1393025, 270503018, 0, 0
1394027, 265954418, 0, 0
1395065, 302288674, 0, 0
1396046, 277437021, 0, 0
1397057, 266619073, 0, 0
1398030, 289102519, 0, 0
1399002, 259697551, 0, 0
1400046, 263751024, 0, 0
1401060, 284661618, 0, 0
1402060, 279543353, 0, 0
1403046, 306223202, 0, 0
1404046, 318956404, 0, 0
1405051, 264439957, 0, 0
1406031, 266465331, 0, 0
1407032, 251953132, 0, 0
1408058, 265542590, 0, 0
1409028, 259841872, 0, 0
1410060, 284344527, 0, 0
1411055, 264255347, 0, 0
1412054, 273075509, 0, 0
1413006, 302809553, 0, 0
1414061, 247560918, 0, 0
1415011, 250378252, 0, 0
1416026, 275544010, 0, 0
1417010, 295459159, 0, 0
1418016, 300889846, 0, 0
1419043, 255290680, 0, 0
1420027, 266837219, 0, 0
1421029, 298396695, 0, 0
1422058, 268449962, 0, 0
1423009, 275808260, 0, 0
1424032, 279474796, 0, 0
1425021, 337218740, 0, 0
1426050, 314983440, 0, 0
1427014, 288864580, 0, 0
1428002, 262219649, 0, 0
1429027, 270827709, 0, 0
1430033, 267819326, 0, 0
1431009, 282408829, 0, 0
1432034, 333068495, 0, 0
1433059, 277168194, 0, 0
1434014, 304417858, 0, 0
1435058, 266291945, 0, 0
1436050, 292075504, 0, 0
1437006, 287416249, 0, 0
1438023, 272539779, 0, 0
1439033, 276118577, 0, 0
1440022, 283502643, 0, 0
1441007, 307395245, 0, 0
1442061, 269715165, 0, 0
1443038, 254247818, 0, 0
1444050, 282692681, 0, 0
1445002, 291365723, 0, 0
1446003, 249026462, 0, 0
1447017, 287902036, 0, 0
1448044, 289427174, 0, 0
1449033, 249094213, 0, 0
1450002, 277269103, 0, 0
1451061, 266711718, 0, 0
1452001, 295058821, 0, 0
1453034, 276477300, 0, 0
1454031, 246684893, 0, 0
1455017, 241706315, 0, 0
1456004, 272705226, 0, 0
1457009, 259263906, 0, 0
1458055, 269057179, 0, 0
1459009, 287896221, 0, 0
1460019, 283293725, 0, 0
1461016, 278791868, 0, 0
1462046, 270741463, 0, 0
1463003, 289783532, 0, 0
1464010, 264530592, 0, 0
1465033, 299948670, 0, 0
1466005, 260759175, 0, 0
1467011, 269848993, 0, 0
1468028, 282868185, 0, 0
1469011, 317770742, 0, 0
1470048, 285799479, 0, 0
1471010, 277416969, 0, 0
1472053, 291105494, 0, 0
1473048, 287167622, 0, 0
1474068, 262529553, 0, 0
1475023, 292112491, 0, 0
1476060, 272254162, 0, 0
1477012, 295119527, 0, 0
1478014, 306883746, 0, 0
1479052, 283519782, 0, 0
1480000, 274649898, 0, 0
1481043, 288174267, 0, 0
1482025, 270076842, 0, 0
1483030, 247045654, 0, 0
1484031, 297685994, 0, 0
1485002, 262316182, 0, 0
1486008, 290534189, 0, 0
1487021, 273702687, 0, 0
1488019, 273441904, 0, 0
1489014, 275752927, 0, 0
1490057, 275862688, 0, 0
1491000, 272835811, 0, 0
1492028, 293149797, 0, 0
1493023, 274393900, 0, 0
1494035, 246153857, 0, 0
1495004, 258002728, 0, 0
1496029, 277845130, 0, 0
1497043, 261855818, 0, 0
1498057, 280729714, 0, 0
1499024, 267222384, 0, 0
1500048, 281684026, 0, 0
1501000, 271834519, 0, 0
1502004, 248863826, 0, 0
1503015, 269184177, 0, 0
1504030, 258796251, 0, 0
1505008, 269686605, 0, 0
1506062, 271745123, 0, 0
1507020, 248827065, 0, 0
1508055, 253297977, 0, 0
1509007, 280543129, 0, 0
1510050, 256758379, 0, 0
1511052, 266023278, 0, 0
1512001, 328316384, 0, 0
1513054, 329488880, 0, 0
1514064, 271286358, 0, 0
1515050, 313190972, 0, 0
1516002, 289333185, 0, 0
1517033, 305790977, 0, 0
1518004, 279268381, 0, 0
1519023, 260848633, 0, 0
1520009, 271340188, 0, 0
1521065, 268816639, 0, 0
1522004, 245750057, 0, 0
1523036, 280790317, 0, 0
1524013, 305313857, 0, 0
1525039, 274959125, 0, 0
1526035, 276935254, 0, 0
1527049, 258146265, 0, 0
1528054, 273569813, 0, 0
1529015, 284424929, 0, 0
1530004, 244068293, 0, 0
1531044, 269711515, 0, 0
1532017, 313664344, 0, 0
1533003, 285383232, 0, 0
1534036, 317040964, 0, 0
1535017, 239942554, 0, 0
1536053, 285494661, 0, 0
1537045, 299448887, 0, 0
1538054, 273704372, 0, 0
1539004, 272805406, 0, 0
1540022, 312899359, 0, 0
1541052, 254994491, 0, 0
1542015, 308188877, 0, 0
1543047, 286926577, 0, 0
1544044, 258847640, 0, 0
1545014, 266775703, 0, 0
1546040, 284363808, 0, 0
1547037, 255879294, 0, 0
1548003, 274319997, 0, 0
1549048, 274371033, 0, 0
1550030, 237319523, 0, 0
1551035, 300110230, 0, 0
1552043, 268530381, 0, 0
1553001, 311042025, 0, 0
1554046, 297867315, 0, 0
1555025, 262809908, 0, 0
1556024, 273016498, 0, 0
1557033, 297009129, 0, 0
1558049, 299338692, 0, 0
1559022, 273843944, 0, 0
1560037, 285516702, 0, 0
1561030, 293352669, 0, 0
1562023, 291595742, 0, 0
1563030, 280431324, 0, 0
1564015, 280908564, 0, 0
1565058, 304611723, 0, 0
1566013, 305558171, 0, 0
1567024, 255814532, 0, 0
1568027, 285690602, 0, 0
1569015, 264255867, 0, 0
1570009, 282050680, 0, 0
1571045, 302081024, 0, 0
1572054, 285820043, 0, 0
1573011, 269576707, 0, 0
1574024, 271804705, 0, 0
1575050, 282446114, 0, 0
1576026, 294495791, 0, 0
1577001, 285337061, 0, 0
1578054, 289435020, 0, 0
1579041, 283811057, 0, 0
1580046, 262873055, 0, 0
1581031, 270717726, 0, 0
1582019, 298957057, 0, 0
1583065, 311391106, 0, 0
1584038, 282662460, 0, 0
1585067, 275814841, 0, 0
1586016, 273264828, 0, 0
1587018, 279990724, 0, 0
1588009, 290521181, 0, 0
1589042, 313499727, 0, 0
1590024, 297648327, 0, 0
1591041, 308760327, 0, 0
1592039, 327059091, 0, 0
1593021, 280700172, 0, 0
1594053, 306654885, 0, 0
1595013, 282013675, 0, 0
1596003, 299091143, 0, 0
1597014, 271398131, 0, 0
1598039, 279913321, 0, 0
1599001, 255357395, 0, 0
1600041, 318803861, 0, 0
1601056, 324744289, 0, 0
1602033, 274191128, 0, 0
1603045, 267440702, 0, 0
1604048, 276482017, 0, 0
1605050, 298828452, 0, 0
1606008, 243099821, 0, 0
1607044, 255837320, 0, 0
1608009, 286717709, 0, 0
1609009, 271998358, 0, 0
1610028, 280442411, 0, 0
1611022, 297719180, 0, 0
1612032, 295250259, 0, 0
1613004, 274865453, 0, 0
1614002, 283498565, 0, 0
1615006, 266002101, 0, 0
1616062, 266825118, 0, 0
1617049, 287285013, 0, 0
1618044, 291229722, 0, 0
1619023, 286856009, 0, 0
1620046, 303636498, 0, 0
1621004, 269048376, 0, 0
1622004, 269685199, 0, 0
1623013, 258856839, 0, 0
1624019, 272230898, 0, 0
1625055, 286006527, 0, 0
1626049, 315509387, 0, 0
1627015, 287845057, 0, 0
1628058, 277379426, 0, 0
1629046, 273191468, 0, 0
1630031, 284459565, 0, 0
1631023, 274246006, 0, 0
1632009, 283993916, 0, 0
1633038, 254985206, 0, 0
1634055, 276951573, 0, 0
1635008, 282249321, 0, 0
1636053, 245371117, 0, 0
1637028, 257347377, 0, 0
1638021, 259468174, 0, 0
1639059, 294693766, 0, 0
1640053, 279042881, 0, 0
1641049, 270438584, 0, 0
1642003, 311003316, 0, 0
1643058, 301657990, 0, 0
1644013, 314031177, 0, 0
1645007, 313434451, 0, 0
1646052, 274894260, 0, 0
1647055, 258899425, 0, 0
1648026, 277494142, 0, 0
1649036, 305199425, 0, 0
1650000, 280844383, 0, 0
1651036, 251238695, 0, 0
1652005, 312058817, 0, 0
1653032, 292376236, 0, 0
1654042, 284196585, 0, 0
1655046, 269065333, 0, 0
1656046, 294908908, 0, 0
1657011, 268739531, 0, 0
1658017, 283766906, 0, 0
1659043, 311043453, 0, 0
1660010, 299106093, 0, 0
1661004, 269047921, 0, 0
1662016, 295629083, 0, 0
1663003, 278989008, 0, 0
1664006, 265606988, 0, 0
1665001, 303374606, 0, 0
1666020, 281922933, 0, 0
1667047, 267704238, 0, 0
1668025, 296186690, 0, 0
1669049, 279420962, 0, 0
1670002, 291037040, 0, 0
1671056, 267260121, 0, 0
1672030, 310814437, 0, 0
1673032, 283501349, 0, 0
1674020, 272584690, 0, 0
1675010, 254161579, 0, 0
1676030, 284731930, 0, 0
1677035, 260038811, 0, 0
1678014, 308942359, 0, 0
1679013, 302876590, 0, 0
1680005, 282390117, 0, 0
1681013, 291584583, 0, 0
1682033, 293531034, 0, 0
1683057, 279407383, 0, 0
1684041, 324253293, 0, 0
1685044, 297496404, 0, 0
1686032, 353164753, 0, 0
1687008, 295256234, 0, 0
1688011, 263575294, 0, 0
1689064, 286563149, 0, 0
1690034, 258299915, 0, 0
1691031, 286383706, 0, 0
1692013, 317168487, 0, 0
1693053, 297856199, 0, 0
1694066, 292779673, 0, 0
1695078, 260985050, 0, 0
1696005, 291113514, 0, 0
1697036, 303417488, 0, 0
1698024, 300235479, 0, 0
1699033, 292949219, 0, 0
1700036, 301315604, 0, 0
1701030, 268341253, 0, 0
1702054, 301163990, 0, 0
1703070, 303110234, 0, 0
1704050, 275964509, 0, 0
1705016, 283953402, 0, 0
1706043, 270428233, 0, 0
1707000, 306651900, 0, 0
1708015, 311347192, 0, 0
1709026, 313296327, 0, 0
1710022, 250505671, 0, 0
1711004, 250385828, 0, 0
1712007, 289999383, 0, 0
1713023, 248830758, 0, 0
1714020, 277715664, 0, 0
1715054, 291885273, 0, 0
1716065, 260131898, 0, 0
1717036, 300948312, 0, 0
1718046, 305968029, 0, 0
1719055, 252493666, 0, 0
1720018, 291672542, 0, 0
1721000, 304080968, 0, 0
1722066, 285804170, 0, 0
1723056, 256969658, 0, 0
1724036, 273187218, 0, 0
1725029, 268834600, 0, 0
1726024, 294530214, 0, 0
1727041, 266494231, 0, 0
1728033, 279240537, 0, 0
1729053, 274135585, 0, 0
1730007, 275662194, 0, 0
1731033, 307187775, 0, 0
1732068, 287183073, 0, 0
1733001, 299140370, 0, 0
1734064, 275201247, 0, 0
1735001, 270735623, 0, 0
1736023, 288795860, 0, 0
1737051, 299236677, 0, 0
1738007, 294822182, 0, 0
1739016, 267263709, 0, 0
1740034, 271197210, 0, 0
1741005, 295981071, 0, 0
1742060, 263377422, 0, 0
1743051, 304529541, 0, 0
1744022, 315529848, 0, 0
1745024, 271997721, 0, 0
1746041, 293246382, 0, 0
1747004, 276004561, 0, 0
1748016, 295296613, 0, 0
1749014, 274547592, 0, 0
1750060, 302941444, 0, 0
1751020, 292946341, 0, 0
1752052, 296599540, 0, 0
1753056, 301102984, 0, 0
1754016, 298286766, 0, 0
1755041, 315894814, 0, 0
1756051, 306629781, 0, 0
1757006, 293625318, 0, 0
1758036, 275573885, 0, 0
1759010, 279772125, 0, 0
1760033, 311251557, 0, 0
1761009, 276270854, 0, 0
1762056, 279139588, 0, 0
1763046, 301468642, 0, 0
1764001, 301316700, 0, 0
1765028, 279712845, 0, 0
1766031, 291444208, 0, 0
1767050, 273875235, 0, 0
1768000, 277217691, 0, 0
1769040, 325840183, 0, 0
1770054, 309716914, 0, 0
1771053, 293952935, 0, 0
1772005, 298086667, 0, 0
1773063, 269077150, 0, 0
1774007, 293228571, 0, 0
1775033, 311637602, 0, 0
1776006, 322979991, 0, 0
1777012, 261787716, 0, 0
1778022, 277143710, 0, 0
1779014, 289768003, 0, 0
1780047, 299904828, 0, 0
1781007, 289784518, 0, 0
1782030, 272814930, 0, 0
1783049, 271265734, 0, 0
1784055, 253748120, 0, 0
1785058, 283469566, 0, 0
1786053, 298736476, 0, 0
1787038, 319420943, 0, 0
1788017, 295012420, 0, 0
1789027, 273898382, 0, 0
1790054, 313537447, 0, 0
1791000, 313816913, 0, 0
1792004, 289083950, 0, 0
1793096, 296974295, 0, 0
1794046, 350327684, 0, 0
1795027, 274921622, 0, 0
1796033, 284220743, 0, 0
1797047, 270086981, 0, 0
1798011, 314146614, 0, 0
1799026, 290522303, 0, 0
1800034, 278736031, 0, 0
1801047, 280571822, 0, 0
1802024, 294060487, 0, 0
1803041, 287759961, 0, 0
1804034, 276513499, 0, 0
1805061, 267115534, 0, 0
1806028, 304998876, 0, 0
1807041, 276744035, 0, 0
1808035, 267982838, 0, 0
1809047, 281953906, 0, 0
1810055, 321355269, 0, 0
1811036, 290593370, 0, 0
1812046, 307502744, 0, 0
1813031, 283348581, 0, 0
1814026, 308886512, 0, 0
1815006, 300841515, 0, 0
1816019, 303803680, 0, 0
1817030, 271112607, 0, 0
1818056, 259016570, 0, 0
1819018, 316747557, 0, 0
1820005, 268532206, 0, 0
1821066, 288864932, 0, 0
1822037, 254202164, 0, 0
1823048, 263868195, 0, 0
1824014, 308673004, 0, 0
1825070, 276644290, 0, 0
1826038, 297805485, 0, 0
1827025, 302110673, 0, 0
1828002, 294096370, 0, 0
1829003, 304829938, 0, 0
1830018, 315301043, 0, 0
1831004, 279609712, 0, 0
1832003, 276321353, 0, 0
1833038, 265929121, 0, 0
1834055, 305026027, 0, 0
1835047, 280762754, 0, 0
1836049, 240937960, 0, 0
1837052, 263582468, 0, 0
1838010, 322220968, 0, 0
1839028, 322228003, 0, 0
1840013, 308139984, 0, 0
1841010, 309497344, 0, 0
1842031, 317599628, 0, 0
1843061, 298978935, 0, 0
1844047, 299419937, 0, 0
1845045, 299235344, 0, 0
1846027, 264689726, 0, 0
1847058, 341648536, 0, 0
1848001, 314993052, 0, 0
1849026, 314319367, 0, 0
1850003, 301562660, 0, 0
1851060, 265623201, 0, 0
1852004, 308074521, 0, 0
1853045, 262211813, 0, 0
1854028, 281968745, 0, 0
1855054, 298213173, 0, 0
1856057, 303081955, 0, 0
1857052, 280349312, 0, 0
1858057, 288265194, 0, 0
1859007, 257291864, 0, 0
1860027, 260441061, 0, 0
1861063, 304542713, 0, 0
1862004, 288386629, 0, 0
1863027, 251033030, 0, 0
1864023, 371104647, 0, 0
1865004, 275235784, 0, 0
1866048, 308068975, 0, 0
1867052, 253285980, 0, 0
1868061, 276818861, 0, 0
1869035, 291454494, 0, 0
1870055, 293569771, 0, 0
1871027, 332214364, 0, 0
1872008, 310059594, 0, 0
1873030, 282680464, 0, 0
1874032, 284953863, 0, 0
1875003, 304402193, 0, 0
1876013, 314075872, 0, 0
1877062, 283670962, 0, 0
1878069, 293115509, 0, 0
1879004, 286966234, 0, 0
1880028, 292636247, 0, 0
1881045, 279712751, 0, 0
1882012, 308780956, 0, 0
1883048, 311419173, 0, 0
1884038, 288286807, 0, 0
1885032, 301812767, 0, 0
1886038, 305699578, 0, 0
1887039, 309088902, 0, 0
1888042, 309409050, 0, 0
1889054, 300371073, 0, 0
1890010, 300842078, 0, 0
1891036, 318429163, 0, 0
1892005, 290760225, 0, 0
1893008, 292497504, 0, 0
1894022, 254127310, 0, 0
1895045, 278048546, 0, 0
1896021, 319836503, 0, 0
1897050, 292153681, 0, 0
1898042, 316939818, 0, 0
1899053, 288479646, 0, 0
1900024, 299417632, 0, 0
1901055, 282669351, 0, 0
1902014, 337750863, 0, 0
1903030, 290143277, 0, 0
1904042, 303586945, 0, 0
1905042, 285982854, 0, 0
1906008, 281745083, 0, 0
1907003, 305230861, 0, 0
1908018, 399315325, 0, 0
1909003, 287765981, 0, 0
1910037, 284131486, 0, 0
1911003, 301286627, 0, 0
1912000, 298548585, 0, 0
1913026, 296561317, 0, 0
1914041, 293948289, 0, 0
1915025, 318547872, 0, 0
1916016, 311827869, 0, 0
1917002, 284537779, 0, 0
1918015, 322352398, 0, 0
1919029, 289701938, 0, 0
1920002, 276460247, 0, 0
1921032, 318961611, 0, 0
1922035, 285737888, 0, 0
1923026, 269049372, 0, 0
1924041, 271186178, 0, 0
1925061, 296206783, 0, 0
1926010, 289428986, 0, 0
1927007, 304096131, 0, 0
1928034, 306136620, 0, 0
1929051, 289360997, 0, 0
1930000, 318135224, 0, 0
1931038, 292218454, 0, 0
1932050, 280089352, 0, 0
1933042, 331087126, 0, 0
1934010, 299903112, 0, 0
1935021, 307997964, 0, 0
1936054, 320222245, 0, 0
1937026, 295838748, 0, 0
1938063, 326930490, 0, 0
1939040, 290533940, 0, 0
1940055, 313900357, 0, 0
1941052, 301482837, 0, 0
1942011, 303942554, 0, 0
1943034, 302385060, 0, 0
1944023, 306460831, 0, 0
1945019, 291344236, 0, 0
1946035, 303611315, 0, 0
1947011, 323979204, 0, 0
1948018, 305516479, 0, 0
1949031, 344444277, 0, 0
1950032, 291906807, 0, 0
1951035, 306649651, 0, 0
1952011, 328331989, 0, 0
1953028, 286413729, 0, 0
1954054, 306637419, 0, 0
1955068, 283093542, 0, 0
1956013, 274484533, 0, 0
1957028, 284982574, 0, 0
1958046, 301515085, 0, 0
1959038, 330470866, 0, 0
1960028, 286930875, 0, 0
1961042, 314701088, 0, 0
1962047, 285082778, 0, 0
1963067, 319432765, 0, 0
1964035, 310535402, 0, 0
1965039, 309741955, 0, 0
1966024, 267372079, 0, 0
1967060, 334384061, 0, 0
1968022, 380633778, 0, 0
1969046, 286967963, 0, 0
1970015, 286749826, 0, 0
1971050, 303033277, 0, 0
1972014, 303611589, 0, 0
1973017, 317778382, 0, 0
1974030, 315454751, 0, 0
1975053, 313790447, 0, 0
1976057, 284254892, 0, 0
1977028, 324975431, 0, 0
1978010, 313093972, 0, 0
1979008, 328342948, 0, 0
1980028, 268251513, 0, 0
1981039, 288006805, 0, 0
1982039, 329998222, 0, 0
1983040, 294209324, 0, 0
1984037, 312701273, 0, 0
1985005, 308608853, 0, 0
1986022, 264773160, 0, 0
1987023, 276789057, 0, 0
1988029, 304587712, 0, 0
1989047, 313513271, 0, 0
1990052, 309249218, 0, 0
1991002, 304161310, 0, 0
1992043, 324775569, 0, 0
1993043, 291775868, 0, 0
1994002, 301825878, 0, 0
1995052, 305380170, 0, 0
1996003, 285241571, 0, 0
1997021, 292182444, 0, 0
1998053, 321196771, 0, 0
1999039, 300364518, 0, 0
2000060, 304108877, 0, 0
2001052, 351272985, 0, 0
2002016, 292296684, 0, 0
2003047, 331467516, 0, 0
2004058, 310129474, 0, 0
2005014, 301532726, 0, 0
2006040, 289977173, 0, 0
2007065, 289004699, 0, 0
2008051, 363978111, 0, 0
2009035, 313916847, 0, 0
2010065, 305193912, 0, 0
2011029, 312847350, 0, 0
2012055, 310069253, 0, 0
2013000, 308682840, 0, 0
2014046, 296008205, 0, 0
2015009, 296285014, 0, 0
2016037, 306753121, 0, 0
2017011, 353202387, 0, 0
2018028, 336710365, 0, 0
2019020, 301864459, 0, 0
2020021, 329644227, 0, 0
2021022, 317029059, 0, 0
2022000, 311580440, 0, 0
2023027, 348497961, 0, 0
2024021, 314038560, 0, 0
2025062, 295662748, 0, 0
2026042, 313332131, 0, 0
2027001, 304222756, 0, 0
2028015, 322868831, 0, 0
2029013, 306795825, 0, 0
2030053, 296774835, 0, 0
2031037, 301035134, 0, 0
2032061, 321296030, 0, 0
2033055, 297349534, 0, 0
2034000, 311383121, 0, 0
2035012, 338121427, 0, 0
2036014, 286056272, 0, 0
2037015, 272615294, 0, 0
2038048, 291378026, 0, 0
2039013, 329455315, 0, 0
2040044, 345374396, 0, 0
2041033, 304433554, 0, 0
2042030, 295138261, 0, 0
2043037, 359860779, 0, 0
2044005, 315125740, 0, 0
2045031, 306002207, 0, 0
2046038, 322556084, 0, 0
2047057, 313435819, 0, 0
2048000, 326871780, 0, 0
2049026, 349106562, 0, 0
2050019, 324848427, 0, 0
2051048, 292697125, 0, 0
2052020, 330755162, 0, 0
2053032, 344033814, 0, 0
2054035, 336720044, 0, 0
2055017, 316656944, 0, 0
2056003, 312752882, 0, 0
2057018, 313513511, 0, 0
2058016, 306528042, 0, 0
2059021, 341287620, 0, 0
2060042, 303788488, 0, 0
2061028, 325045899, 0, 0
2062011, 299203040, 0, 0
2063003, 315923304, 0, 0
2064034, 329089320, 0, 0
2065012, 321575917, 0, 0
2066054, 318252860, 0, 0
2067014, 328578665, 0, 0
2068042, 319827394, 0, 0
2069026, 323055635, 0, 0
2070025, 297748383, 0, 0
2071020, 305676783, 0, 0
2072035, 319648511, 0, 0
2073018, 318736218, 0, 0
2074028, 314478947, 0, 0
2075051, 313314987, 0, 0
2076000, 321464718, 0, 0
2077027, 312240712, 0, 0
2078045, 325112760, 0, 0
2079050, 312957695, 0, 0
2080029, 316636995, 0, 0
2081011, 308529507, 0, 0
2082051, 311443371, 0, 0
2083058, 392711521, 0, 0
2084031, 308354378, 0, 0
2085018, 296778830, 0, 0
2086052, 328596950, 0, 0
2087068, 338554927, 0, 0
2088035, 372247335, 0, 0
2089046, 311559991, 0, 0
2090062, 306697681, 0, 0
2091055, 331763372, 0, 0
2092008, 336877974, 0, 0
2093013, 289724882, 0, 0
2094013, 322225205, 0, 0
2095022, 352483935, 0, 0
2096018, 302290885, 0, 0
2097049, 335266808, 0, 0
2098003, 298056985, 0, 0
2099029, 320362503, 0, 0
2100037, 297629639, 0, 0
2101013, 321984072, 0, 0
2102058, 298708526, 0, 0
2103016, 336342701, 0, 0
2104019, 338041411, 0, 0
2105041, 348850937, 0, 0
2106042, 344282868, 0, 0
2107041, 311203687, 0, 0
2108002, 332899192, 0, 0
2109001, 307508747, 0, 0
2110006, 303994246, 0, 0
2111057, 324581563, 0, 0
2112047, 336389712, 0, 0
2113001, 329336915, 0, 0
2114003, 302960333, 0, 0
2115038, 325242014, 0, 0
2116018, 383662861, 0, 0
2117013, 321051033, 0, 0
2118051, 325679550, 0, 0
2119013, 328827980, 0, 0
2120028, 347914810, 0, 0
2121038, 350800702, 0, 0
2122056, 358514012, 0, 0
2123040, 329395156, 0, 0
2124013, 326540576, 0, 0
2125042, 336498694, 0, 0
2126031, 285775872, 0, 0
2127031, 402048414, 0, 0
2128050, 341233905, 0, 0
2129065, 352223829, 0, 0
2130000, 300922491, 0, 0
2131032, 311745081, 0, 0
2132026, 329913516, 0, 0
2133013, 334282258, 0, 0
2134035, 335774430, 0, 0
2135012, 349195753, 0, 0
2136041, 331991373, 0, 0
2137024, 307775696, 0, 0
2138025, 312707571, 0, 0
2139059, 344530416, 0, 0
2140055, 312092418, 0, 0
2141057, 334198187, 0, 0
2142036, 336739873, 0, 0
2143035, 353022803, 0, 0
2144039, 321179451, 0, 0
2145053, 347537146, 0, 0
2146006, 332917273, 0, 0
2147050, 356502549, 0, 0
2148024, 366554541, 0, 0
2149045, 332579937, 0, 0
2150031, 300782736, 0, 0
2151008, 317332282, 0, 0
2152026, 353507518, 0, 0
2153018, 330028144, 0, 0
2154015, 320441778, 0, 0
2155039, 360144151, 0, 0
2156052, 333423544, 0, 0
2157039, 376061193, 0, 0
2158050, 352736540, 0, 0
2159026, 317397338, 0, 0
2160065, 358966134, 0, 0
2161007, 329684177, 0, 0
2162048, 299089792, 0, 0
2163053, 343208877, 0, 0
2164051, 318748587, 0, 0
2165035, 345526529, 0, 0
2166015, 336430765, 0, 0
2167039, 340438330, 0, 0
2168045, 343343689, 0, 0
2169025, 352008635, 0, 0
2170033, 371070959, 0, 0
2171032, 388523913, 0, 0
2172055, 351071025, 0, 0
2173008, 380510143, 0, 0
2174007, 326724883, 0, 0
2175026, 345576501, 0, 0
2176037, 367431681, 0, 0
2177029, 321855748, 0, 0
2178017, 342300981, 0, 0
2179013, 361237185, 0, 0
2180002, 334325437, 0, 0
2181017, 355906260, 0, 0
2182024, 329757942, 0, 0
2183019, 336416309, 0, 0
2184014, 361478169, 0, 0
2185047, 363005951, 0, 0
2186057, 363039806, 0, 0
2187044, 364025023, 0, 0
2188000, 382858817, 0, 0
2189031, 354022346, 0, 0
2190014, 327057525, 0, 0
2191070, 325268251, 0, 0
2192002, 330807645, 0, 0
2193014, 358047498, 0, 0
2194031, 377204743, 0, 0
2195016, 361946196, 0, 0
2196032, 367756461, 0, 0
2197001, 361106360, 0, 0
2198017, 368822147, 0, 0
2199016, 322297614, 0, 0
2200019, 386125348, 0, 0
2201049, 382165909, 0, 0
2202044, 340913972, 0, 0
2203056, 358093049, 0, 0
2204048, 354610956, 0, 0
2205054, 331545468, 0, 0
2206039, 322710378, 0, 0
2207034, 348263393, 0, 0
2208016, 312722854, 0, 0
2209053, 361099586, 0, 0
2210008, 352861459, 0, 0
2211023, 346539424, 0, 0
2212024, 361143442, 0, 0
2213049, 344098536, 0, 0
2214046, 353888450, 0, 0
2215035, 359967415, 0, 0
2216024, 338768055, 0, 0
2217025, 400798998, 0, 0
2218007, 366008422, 0, 0
2219016, 339685143, 0, 0
2220014, 338106777, 0, 0
2221006, 348400673, 0, 0
2222051, 351986923, 0, 0
2223050, 350372600, 0, 0
2224000, 357148474, 0, 0
2225022, 371736230, 0, 0
2226039, 360113688, 0, 0
2227069, 365210052, 0, 0
2228018, 362098987, 0, 0
2229051, 354924655, 0, 0
2230006, 313436293, 0, 0
2231029, 354006528, 0, 0
2232039, 356922440, 0, 0
2233035, 369191161, 0, 0
2234057, 350240414, 0, 0
2235051, 343332808, 0, 0
2236037, 332292494, 0, 0
2237030, 319270511, 0, 0
2238031, 335954487, 0, 0
2239057, 363243908, 0, 0
2240048, 377120032, 0, 0
2241009, 374442401, 0, 0
2242064, 370611561, 0, 0
2243030, 374122978, 0, 0
2244029, 336845700, 0, 0
2245037, 364354373, 0, 0
2246042, 406787392, 0, 0
2247046, 366552460, 0, 0
2248005, 363807779, 0, 0
2249059, 347692042, 0, 0
2250024, 356451510, 0, 0
2251041, 322895534, 0, 0
2252021, 394538754, 0, 0
2253049, 334986957, 0, 0
2254024, 312039362, 0, 0
2255031, 340975045, 0, 0
2256043, 370324102, 0, 0
2257008, 383727378, 0, 0
2258004, 411998892, 0, 0
2259054, 347127754, 0, 0
2260001, 353791073, 0, 0
2261028, 360754616, 0, 0
2262039, 365105733, 0, 0
2263067, 391272044, 0, 0
2264018, 353686408, 0, 0
2265046, 396214584, 0, 0
2266048, 366945230, 0, 0
2267005, 400940311, 0, 0
2268002, 375512423, 0, 0
2269006, 371940052, 0, 0
2270022, 393425093, 0, 0
2271058, 385748481, 0, 0
2272055, 355986362, 0, 0
2273002, 372173750, 0, 0
2274004, 371397466, 0, 0
2275026, 395827369, 0, 0
2276055, 422697598, 0, 0
2277040, 388315551, 0, 0
2278054, 368153442, 0, 0
2279010, 361742253, 0, 0
2280057, 341424140, 0, 0
2281019, 386490524, 0, 0
2282024, 358169888, 0, 0
2283000, 396850966, 0, 0
2284054, 370081359, 0, 0
2285001, 358882635, 0, 0
2286009, 376770474, 0, 0
2287038, 366594764, 0, 0
2288008, 405955809, 0, 0
2289065, 353342831, 0, 0
2290000, 392566169, 0, 0
2291059, 356243937, 0, 0
2292002, 366441895, 0, 0
2293008, 335331850, 0, 0
2294036, 357070835, 0, 0
2295060, 358917302, 0, 0
2296036, 376358320, 0, 0
2297047, 384036237, 0, 0
2298013, 361172602, 0, 0
2299066, 394802223, 0, 0
2300032, 385084671, 0, 0
2301045, 371831749, 0, 0
2302055, 406344931, 0, 0
2303050, 394209996, 0, 0
2304017, 436394799, 0, 0
2305059, 395490099, 0, 0
2306029, 415946841, 0, 0
2307002, 395682755, 0, 0
2308001, 397128675, 0, 0
2309008, 395160720, 0, 0
2310043, 356346562, 0, 0
2311003, 396837949, 0, 0
2312047, 375377081, 0, 0
2313044, 391814913, 0, 0
2314020, 367907783, 0, 0
2315029, 376098165, 0, 0
2316011, 384306263, 0, 0
2317034, 359459083, 0, 0
2318033, 374257582, 0, 0
2319017, 375769432, 0, 0
2320059, 355393554, 0, 0
2321037, 398673810, 0, 0
2322028, 379482964, 0, 0
2323005, 391540147, 0, 0
2324034, 397654507, 0, 0
2325047, 407207651, 0, 0
2326025, 374347918, 0, 0
2327020, 380097559, 0, 0
2328039, 370837358, 0, 0
2329009, 378442569, 0, 0
2330014, 363910380, 0, 0
2331050, 394536833, 0, 0
2332007, 411552129, 0, 0
2333029, 391449568, 0, 0
2334015, 388257040, 0, 0
2335064, 393331048, 0, 0
2336035, 416453641, 0, 0
2337052, 421149057, 0, 0
2338021, 395704887, 0, 0
2339001, 393227249, 0, 0
2340041, 423352658, 0, 0
2341030, 410240602, 0, 0
2342044, 378180093, 0, 0
2343038, 382106478, 0, 0
2344024, 401502250, 0, 0
2345010, 413104394, 0, 0
2346047, 412507765, 0, 0
2347012, 370724727, 0, 0
2348026, 410754837, 0, 0
2349050, 412358332, 0, 0
2350037, 390116600, 0, 0
2351005, 389805375, 0, 0
2352051, 372039217, 0, 0
2353055, 389874360, 0, 0
2354008, 381375250, 0, 0
2355046, 399163271, 0, 0
2356017, 435231210, 0, 0
2357056, 401452901, 0, 0
2358042, 386249219, 0, 0
2359047, 409687784, 0, 0
2360073, 387649757, 0, 0
2361017, 409771549, 0, 0
2362036, 403844623, 0, 0
2363017, 408036627, 0, 0
2364003, 422395415, 0, 0
2365006, 372421771, 0, 0
2366018, 389688790, 0, 0
2367009, 438155526, 0, 0
2368013, 393676572, 0, 0
2369006, 397287980, 0, 0
2370015, 391629667, 0, 0
2371046, 398821498, 0, 0
2372031, 419139241, 0, 0
2373060, 449435679, 0, 0
2374013, 402398579, 0, 0
2375033, 395572240, 0, 0
2376005, 390837165, 0, 0
2377051, 385369245, 0, 0
2378006, 405066323, 0, 0
2379009, 422683251, 0, 0
2380011, 400097937, 0, 0
2381011, 379682023, 0, 0
2382048, 387692466, 0, 0
2383055, 436963669, 0, 0
2384002, 393944791, 0, 0
2385011, 382561483, 0, 0
2386008, 358854732, 0, 0
2387059, 393040259, 0, 0
2388017, 353917002, 0, 0
2389022, 396007192, 0, 0
2390002, 378645153, 0, 0
2391016, 370009090, 0, 0
2392048, 380903159, 0, 0
2393028, 406564771, 0, 0
2394043, 452691290, 0, 0
2395064, 432745894, 0, 0
2396012, 390410011, 0, 0
2397020, 415360311, 0, 0
2398058, 402471523, 0, 0
2399027, 436241502, 0, 0
2400018, 376591769, 0, 0
2400140, 446192961, 0, 0
