1000, 1248, 0, 0
1999, 708, 0, 0
2999, 616, 0, 0
4000, 636, 0, 0
5000, 1648, 0, 0
5999, 592, 0, 0
6999, 1245, 0, 0
8000, 1260, 0, 0
8999, 1713, 0, 0
9999, 708, 0, 0
11000, 1816, 0, 0
12000, 612, 0, 0
12999, 2430, 0, 0
14000, 1536, 0, 0
15000, 868, 0, 0
15999, 676, 0, 0
16999, 708, 0, 0
18000, 1252, 0, 0
18999, 712, 0, 0
20000, 1652, 0, 0
21000, 720, 0, 0
21999, 1721, 0, 0
23000, 2472, 0, 0
24000, 1404, 0, 0
24999, 592, 0, 0
25999, 564, 0, 0
27000, 568, 0, 0
28000, 668, 0, 0
28999, 760, 0, 0
29999, 660, 0, 0
31000, 592, 0, 0
31999, 556, 0, 0
32999, 596, 0, 0
34000, 1172, 0, 0
34999, 640, 0, 0
35999, 1817, 0, 0
37000, 620, 0, 0
37999, 656, 0, 0
39000, 632, 0, 0
39999, 2934, 0, 0
40999, 540, 0, 0
42000, 1220, 0, 0
43000, 1236, 0, 0
43999, 644, 0, 0
44999, 1833, 0, 0
46000, 580, 0, 0
46999, 732, 0, 0
47999, 728, 0, 0
49000, 1800, 0, 0
49999, 1881, 0, 0
51000, 624, 0, 0
52000, 652, 0, 0
52999, 548, 0, 0
54000, 608, 0, 0
55000, 676, 0, 0
55999, 1213, 0, 0
57000, 3392, 0, 0
57999, 796, 0, 0
58999, 1313, 0, 0
60000, 560, 0, 0
61000, 536, 0, 0
61999, 812, 0, 0
62999, 752, 0, 0
64000, 1228, 0, 0
64999, 2794, 0, 0
65999, 700, 0, 0
67000, 832, 0, 0
67999, 2366, 0, 0
69000, 1336, 0, 0
70000, 784, 0, 0
70999, 1109, 0, 0
71999, 1093, 0, 0
73000, 1316, 0, 0
73999, 560, 0, 0
74999, 1917, 0, 0
76000, 1280, 0, 0
76999, 676, 0, 0
77999, 796, 0, 0
79000, 640, 0, 0
80000, 800, 0, 0
80999, 652, 0, 0
82000, 1296, 0, 0
83000, 1264, 0, 0
83999, 620, 0, 0
85000, 592, 0, 0
85999, 708, 0, 0
86999, 2450, 0, 0
87999, 844, 0, 0
89000, 792, 0, 0
89999, 860, 0, 0
91000, 1909, 0, 0
92000, 704, 0, 0
92999, 688, 0, 0
93999, 736, 0, 0
95000, 572, 0, 0
95999, 1913, 0, 0
96999, 732, 0, 0
98000, 740, 0, 0
98999, 608, 0, 0
99999, 600, 0, 0
101000, 628, 0, 0
101999, 1313, 0, 0
102999, 632, 0, 0
104000, 928, 0, 0
104999, 1169, 0, 0
105999, 608, 0, 0
107000, 740, 0, 0
107999, 856, 0, 0
109000, 600, 0, 0
110000, 584, 0, 0
111000, 804, 0, 0
111999, 1133, 0, 0
113000, 612, 0, 0
113999, 588, 0, 0
115000, 680, 0, 0
115999, 744, 0, 0
116999, 592, 0, 0
118000, 600, 0, 0
118999, 676, 0, 0
120000, 1461, 0, 0
121000, 684, 0, 0
121999, 588, 0, 0
123000, 2072, 0, 0
123999, 2514, 0, 0
124999, 832, 0, 0
126000, 792, 0, 0
126999, 620, 0, 0
127999, 608, 0, 0
129000, 680, 0, 0
129999, 684, 0, 0
131000, 632, 0, 0
131999, 644, 0, 0
132999, 780, 0, 0
134000, 628, 0, 0
134999, 1349, 0, 0
135999, 652, 0, 0
137000, 716, 0, 0
137999, 580, 0, 0
139000, 696, 0, 0
140000, 752, 0, 0
140999, 612, 0, 0
142000, 1196, 0, 0
142999, 792, 0, 0
143999, 2014, 0, 0
145000, 852, 0, 0
145999, 684, 0, 0
147000, 644, 0, 0
147999, 1473, 0, 0
148999, 2006, 0, 0
150000, 824, 0, 0
150999, 664, 0, 0
151999, 648, 0, 0
153000, 764, 0, 0
153999, 916, 0, 0
154999, 1309, 0, 0
156000, 832, 0, 0
156999, 596, 0, 0
158000, 816, 0, 0
159000, 700, 0, 0
159999, 784, 0, 0
161000, 792, 0, 0
161999, 888, 0, 0
162999, 2050, 0, 0
164000, 772, 0, 0
164999, 1973, 0, 0
165999, 796, 0, 0
167000, 660, 0, 0
167999, 740, 0, 0
169000, 760, 0, 0
169999, 1393, 0, 0
170999, 916, 0, 0
172000, 700, 0, 0
172999, 628, 0, 0
174000, 776, 0, 0
174999, 804, 0, 0
175999, 648, 0, 0
177000, 568, 0, 0
177999, 600, 0, 0
179000, 736, 0, 0
180000, 676, 0, 0
180999, 852, 0, 0
182000, 828, 0, 0
182999, 1045, 0, 0
183999, 904, 0, 0
185000, 800, 0, 0
185999, 732, 0, 0
186999, 644, 0, 0
188000, 892, 0, 0
188999, 604, 0, 0
189999, 676, 0, 0
191000, 644, 0, 0
191999, 884, 0, 0
192999, 1429, 0, 0
194000, 808, 0, 0
194999, 808, 0, 0
195999, 772, 0, 0
197000, 1344, 0, 0
197999, 1445, 0, 0
198999, 612, 0, 0
200000, 724, 0, 0
200999, 872, 0, 0
201999, 960, 0, 0
203000, 692, 0, 0
203999, 1401, 0, 0
204999, 656, 0, 0
206000, 720, 0, 0
206999, 768, 0, 0
207999, 836, 0, 0
209000, 856, 0, 0
209999, 744, 0, 0
210999, 708, 0, 0
211999, 812, 0, 0
213000, 684, 0, 0
213999, 696, 0, 0
214999, 652, 0, 0
216000, 708, 0, 0
217000, 680, 0, 0
217999, 716, 0, 0
218999, 832, 0, 0
220000, 808, 0, 0
220999, 716, 0, 0
221999, 744, 0, 0
223000, 904, 0, 0
223999, 768, 0, 0
224999, 852, 0, 0
226000, 700, 0, 0
227000, 664, 0, 0
227999, 932, 0, 0
229000, 716, 0, 0
230000, 676, 0, 0
230999, 772, 0, 0
232000, 752, 0, 0
233000, 948, 0, 0
233999, 844, 0, 0
235000, 812, 0, 0
235999, 772, 0, 0
236999, 752, 0, 0
238000, 820, 0, 0
238999, 668, 0, 0
239999, 716, 0, 0
241000, 660, 0, 0
242000, 628, 0, 0
242999, 780, 0, 0
243999, 848, 0, 0
245000, 748, 0, 0
245999, 732, 0, 0
247000, 684, 0, 0
247999, 748, 0, 0
248999, 828, 0, 0
250000, 908, 0, 0
250999, 808, 0, 0
251999, 744, 0, 0
253000, 836, 0, 0
253999, 820, 0, 0
254999, 908, 0, 0
256000, 752, 0, 0
256999, 860, 0, 0
258000, 736, 0, 0
258999, 776, 0, 0
259999, 712, 0, 0
261000, 724, 0, 0
262000, 784, 0, 0
262999, 716, 0, 0
264000, 760, 0, 0
264999, 788, 0, 0
265999, 912, 0, 0
267000, 872, 0, 0
267999, 820, 0, 0
268999, 800, 0, 0
270000, 644, 0, 0
270999, 680, 0, 0
271999, 952, 0, 0
273000, 852, 0, 0
273999, 816, 0, 0
274999, 900, 0, 0
276000, 868, 0, 0
277000, 928, 0, 0
277999, 784, 0, 0
279000, 732, 0, 0
280000, 780, 0, 0
280999, 680, 0, 0
281999, 784, 0, 0
282999, 748, 0, 0
283999, 816, 0, 0
284999, 848, 0, 0
286000, 736, 0, 0
286999, 780, 0, 0
287999, 744, 0, 0
289000, 796, 0, 0
289999, 764, 0, 0
290999, 684, 0, 0
292000, 736, 0, 0
292999, 880, 0, 0
293999, 720, 0, 0
295000, 740, 0, 0
295999, 704, 0, 0
296999, 764, 0, 0
298000, 860, 0, 0
298999, 820, 0, 0
299999, 788, 0, 0
301000, 900, 0, 0
301999, 956, 0, 0
302999, 820, 0, 0
303999, 820, 0, 0
305000, 728, 0, 0
305999, 760, 0, 0
307000, 848, 0, 0
307999, 708, 0, 0
308999, 848, 0, 0
310000, 888, 0, 0
310999, 844, 0, 0
311999, 816, 0, 0
313000, 804, 0, 0
313999, 732, 0, 0
314999, 692, 0, 0
316000, 756, 0, 0
316999, 820, 0, 0
317999, 788, 0, 0
318999, 900, 0, 0
320000, 836, 0, 0
320999, 812, 0, 0
321999, 852, 0, 0
323000, 748, 0, 0
323999, 704, 0, 0
324999, 852, 0, 0
326000, 824, 0, 0
327000, 892, 0, 0
327999, 812, 0, 0
329000, 880, 0, 0
330000, 848, 0, 0
330999, 852, 0, 0
332000, 800, 0, 0
332999, 872, 0, 0
333999, 1021, 0, 0
335000, 924, 0, 0
335999, 900, 0, 0
336999, 744, 0, 0
338000, 764, 0, 0
338999, 840, 0, 0
339999, 760, 0, 0
341000, 800, 0, 0
341999, 796, 0, 0
342999, 840, 0, 0
344000, 740, 0, 0
344999, 888, 0, 0
345999, 904, 0, 0
347000, 852, 0, 0
347999, 868, 0, 0
349000, 916, 0, 0
349999, 1005, 0, 0
350999, 764, 0, 0
352000, 788, 0, 0
353000, 780, 0, 0
353999, 776, 0, 0
355000, 676, 0, 0
356000, 824, 0, 0
356999, 724, 0, 0
358000, 864, 0, 0
358999, 796, 0, 0
359999, 824, 0, 0
361000, 732, 0, 0
361999, 748, 0, 0
362999, 868, 0, 0
364000, 744, 0, 0
364999, 804, 0, 0
366000, 828, 0, 0
367000, 780, 0, 0
367999, 900, 0, 0
369000, 824, 0, 0
369999, 780, 0, 0
370999, 772, 0, 0
372000, 800, 0, 0
372999, 796, 0, 0
374000, 752, 0, 0
374999, 796, 0, 0
375999, 812, 0, 0
377000, 780, 0, 0
377999, 752, 0, 0
378999, 804, 0, 0
379999, 888, 0, 0
381000, 824, 0, 0
381999, 904, 0, 0
382999, 892, 0, 0
384000, 912, 0, 0
385000, 900, 0, 0
385999, 752, 0, 0
387000, 912, 0, 0
388000, 800, 0, 0
388999, 848, 0, 0
390000, 832, 0, 0
391000, 788, 0, 0
391999, 736, 0, 0
393000, 768, 0, 0
393999, 852, 0, 0
395000, 804, 0, 0
396000, 812, 0, 0
396999, 792, 0, 0
397999, 780, 0, 0
399000, 840, 0, 0
399999, 832, 0, 0
401000, 968, 0, 0
402000, 792, 0, 0
402999, 952, 0, 0
404000, 968, 0, 0
405000, 844, 0, 0
405999, 880, 0, 0
406999, 852, 0, 0
408000, 788, 0, 0
409000, 812, 0, 0
409999, 780, 0, 0
411000, 928, 0, 0
411999, 960, 0, 0
412999, 868, 0, 0
414000, 888, 0, 0
414999, 852, 0, 0
416000, 768, 0, 0
417000, 840, 0, 0
417999, 696, 0, 0
419000, 824, 0, 0
419999, 812, 0, 0
420999, 884, 0, 0
422000, 788, 0, 0
423000, 872, 0, 0
423999, 824, 0, 0
425000, 808, 0, 0
426000, 848, 0, 0
426999, 996, 0, 0
428000, 868, 0, 0
429000, 888, 0, 0
429999, 936, 0, 0
430999, 904, 0, 0
432000, 876, 0, 0
432999, 844, 0, 0
433999, 836, 0, 0
435000, 940, 0, 0
435999, 856, 0, 0
436999, 1013, 0, 0
438000, 860, 0, 0
439000, 880, 0, 0
439999, 880, 0, 0
441000, 904, 0, 0
442000, 828, 0, 0
442999, 816, 0, 0
443999, 776, 0, 0
445000, 768, 0, 0
445999, 864, 0, 0
446999, 812, 0, 0
448000, 840, 0, 0
448999, 844, 0, 0
449999, 776, 0, 0
451000, 952, 0, 0
451999, 912, 0, 0
452999, 912, 0, 0
454000, 960, 0, 0
454999, 1033, 0, 0
456000, 920, 0, 0
457000, 816, 0, 0
457999, 808, 0, 0
459000, 724, 0, 0
459999, 836, 0, 0
460999, 852, 0, 0
461999, 880, 0, 0
462999, 832, 0, 0
464000, 936, 0, 0
465000, 872, 0, 0
465999, 884, 0, 0
466999, 820, 0, 0
468000, 864, 0, 0
468999, 820, 0, 0
469999, 860, 0, 0
471000, 868, 0, 0
471999, 832, 0, 0
472999, 912, 0, 0
473999, 852, 0, 0
475000, 788, 0, 0
475999, 932, 0, 0
476999, 820, 0, 0
478000, 936, 0, 0
478999, 812, 0, 0
479999, 900, 0, 0
481000, 776, 0, 0
482000, 844, 0, 0
482999, 880, 0, 0
483999, 888, 0, 0
485000, 908, 0, 0
485999, 800, 0, 0
486999, 860, 0, 0
488000, 864, 0, 0
488999, 860, 0, 0
490000, 888, 0, 0
491000, 912, 0, 0
491999, 824, 0, 0
493000, 792, 0, 0
493999, 824, 0, 0
494999, 888, 0, 0
496000, 856, 0, 0
497000, 876, 0, 0
497999, 880, 0, 0
499000, 848, 0, 0
499999, 824, 0, 0
500999, 864, 0, 0
502000, 856, 0, 0
502999, 876, 0, 0
503999, 872, 0, 0
505000, 860, 0, 0
505999, 836, 0, 0
506999, 924, 0, 0
508000, 776, 0, 0
508999, 916, 0, 0
509999, 864, 0, 0
511000, 904, 0, 0
511999, 904, 0, 0
512999, 876, 0, 0
514000, 1024, 0, 0
514999, 916, 0, 0
515999, 764, 0, 0
517000, 904, 0, 0
517999, 792, 0, 0
518999, 916, 0, 0
520000, 896, 0, 0
520999, 840, 0, 0
521999, 796, 0, 0
523000, 940, 0, 0
523999, 872, 0, 0
524999, 784, 0, 0
526000, 876, 0, 0
526999, 948, 0, 0
527999, 860, 0, 0
529000, 864, 0, 0
529999, 860, 0, 0
531000, 868, 0, 0
532000, 816, 0, 0
532999, 1053, 0, 0
534000, 880, 0, 0
534999, 928, 0, 0
535999, 836, 0, 0
537000, 904, 0, 0
537999, 756, 0, 0
538999, 836, 0, 0
540000, 900, 0, 0
540999, 840, 0, 0
542000, 912, 0, 0
542999, 968, 0, 0
543999, 880, 0, 0
545000, 960, 0, 0
545999, 844, 0, 0
547000, 1012, 0, 0
547999, 912, 0, 0
548999, 748, 0, 0
550000, 788, 0, 0
550999, 924, 0, 0
551999, 880, 0, 0
553000, 868, 0, 0
553999, 804, 0, 0
555000, 900, 0, 0
555999, 908, 0, 0
556999, 820, 0, 0
558000, 892, 0, 0
558999, 888, 0, 0
559999, 928, 0, 0
561000, 912, 0, 0
561999, 932, 0, 0
562999, 896, 0, 0
564000, 920, 0, 0
564999, 908, 0, 0
565999, 1001, 0, 0
567000, 900, 0, 0
567999, 832, 0, 0
569000, 892, 0, 0
569999, 824, 0, 0
570999, 912, 0, 0
572000, 868, 0, 0
572999, 908, 0, 0
574000, 824, 0, 0
575000, 852, 0, 0
575999, 812, 0, 0
577000, 892, 0, 0
577999, 856, 0, 0
578999, 860, 0, 0
580000, 896, 0, 0
580999, 844, 0, 0
582000, 852, 0, 0
583000, 880, 0, 0
583999, 792, 0, 0
585000, 868, 0, 0
585999, 940, 0, 0
586999, 1009, 0, 0
588000, 856, 0, 0
588999, 980, 0, 0
589999, 820, 0, 0
591000, 888, 0, 0
591999, 764, 0, 0
593000, 804, 0, 0
593999, 912, 0, 0
594999, 948, 0, 0
596000, 848, 0, 0
596999, 860, 0, 0
597999, 900, 0, 0
599000, 956, 0, 0
599999, 916, 0, 0
600999, 844, 0, 0
602000, 916, 0, 0
602999, 864, 0, 0
603999, 920, 0, 0
605000, 940, 0, 0
605999, 916, 0, 0
607000, 780, 0, 0
607999, 836, 0, 0
608999, 948, 0, 0
610000, 896, 0, 0
610999, 880, 0, 0
611999, 920, 0, 0
613000, 832, 0, 0
613999, 836, 0, 0
614999, 928, 0, 0
616000, 940, 0, 0
616999, 892, 0, 0
617999, 864, 0, 0
619000, 824, 0, 0
619999, 804, 0, 0
620999, 764, 0, 0
622000, 872, 0, 0
623000, 864, 0, 0
623999, 864, 0, 0
624999, 988, 0, 0
626000, 800, 0, 0
626999, 960, 0, 0
627999, 960, 0, 0
629000, 880, 0, 0
629999, 928, 0, 0
630999, 820, 0, 0
632000, 888, 0, 0
632999, 836, 0, 0
633999, 780, 0, 0
635000, 912, 0, 0
635999, 812, 0, 0
636999, 828, 0, 0
638000, 908, 0, 0
638999, 940, 0, 0
639999, 988, 0, 0
641000, 956, 0, 0
641999, 1089, 0, 0
642999, 1061, 0, 0
644000, 912, 0, 0
645000, 932, 0, 0
645999, 908, 0, 0
646999, 824, 0, 0
648000, 904, 0, 0
648999, 936, 0, 0
650000, 924, 0, 0
650999, 908, 0, 0
651999, 920, 0, 0
653000, 860, 0, 0
653999, 948, 0, 0
655000, 824, 0, 0
655999, 888, 0, 0
656999, 956, 0, 0
658000, 920, 0, 0
659000, 936, 0, 0
659999, 952, 0, 0
661000, 1024, 0, 0
661999, 880, 0, 0
662999, 904, 0, 0
664000, 796, 0, 0
664999, 928, 0, 0
666000, 988, 0, 0
666999, 860, 0, 0
667999, 920, 0, 0
669000, 888, 0, 0
669999, 1021, 0, 0
670999, 900, 0, 0
672000, 908, 0, 0
672999, 972, 0, 0
673999, 1005, 0, 0
675000, 876, 0, 0
675999, 880, 0, 0
676999, 876, 0, 0
678000, 908, 0, 0
678999, 880, 0, 0
679999, 864, 0, 0
681000, 912, 0, 0
681999, 908, 0, 0
682999, 856, 0, 0
684000, 996, 0, 0
684999, 888, 0, 0
685999, 880, 0, 0
687000, 928, 0, 0
687999, 944, 0, 0
688999, 828, 0, 0
690000, 848, 0, 0
690999, 944, 0, 0
691999, 768, 0, 0
693000, 888, 0, 0
693999, 888, 0, 0
694999, 932, 0, 0
696000, 756, 0, 0
696999, 836, 0, 0
698000, 836, 0, 0
698999, 916, 0, 0
699999, 884, 0, 0
701000, 964, 0, 0
701999, 948, 0, 0
702999, 928, 0, 0
704000, 1016, 0, 0
704999, 1101, 0, 0
705999, 816, 0, 0
707000, 1012, 0, 0
707999, 944, 0, 0
708999, 820, 0, 0
710000, 976, 0, 0
710999, 932, 0, 0
712000, 792, 0, 0
713000, 872, 0, 0
713999, 976, 0, 0
715000, 784, 0, 0
715999, 956, 0, 0
716999, 836, 0, 0
718000, 884, 0, 0
718999, 904, 0, 0
719999, 904, 0, 0
721000, 952, 0, 0
722000, 928, 0, 0
722999, 908, 0, 0
723999, 896, 0, 0
725000, 1032, 0, 0
725999, 892, 0, 0
726999, 884, 0, 0
728000, 1008, 0, 0
728999, 1017, 0, 0
729999, 824, 0, 0
731000, 948, 0, 0
731999, 788, 0, 0
732999, 848, 0, 0
734000, 880, 0, 0
734999, 848, 0, 0
735999, 1033, 0, 0
737000, 864, 0, 0
737999, 920, 0, 0
738999, 996, 0, 0
740000, 808, 0, 0
740999, 1041, 0, 0
741999, 752, 0, 0
743000, 988, 0, 0
743999, 824, 0, 0
745000, 888, 0, 0
746000, 984, 0, 0
746999, 908, 0, 0
747999, 752, 0, 0
749000, 940, 0, 0
750000, 892, 0, 0
750999, 856, 0, 0
752000, 960, 0, 0
752999, 928, 0, 0
753999, 924, 0, 0
755000, 756, 0, 0
755999, 928, 0, 0
756999, 904, 0, 0
758000, 932, 0, 0
758999, 876, 0, 0
760000, 888, 0, 0
761000, 848, 0, 0
761999, 792, 0, 0
762999, 948, 0, 0
764000, 976, 0, 0
765000, 976, 0, 0
765999, 892, 0, 0
766999, 864, 0, 0
768000, 924, 0, 0
769000, 880, 0, 0
769999, 904, 0, 0
771000, 776, 0, 0
771999, 908, 0, 0
772999, 952, 0, 0
774000, 928, 0, 0
774999, 808, 0, 0
775999, 876, 0, 0
777000, 912, 0, 0
777999, 928, 0, 0
778999, 888, 0, 0
780000, 972, 0, 0
780999, 952, 0, 0
781999, 1025, 0, 0
783000, 944, 0, 0
784000, 944, 0, 0
784999, 912, 0, 0
786000, 924, 0, 0
787000, 884, 0, 0
788000, 968, 0, 0
789000, 920, 0, 0
789999, 756, 0, 0
791000, 820, 0, 0
792000, 876, 0, 0
793000, 824, 0, 0
794000, 840, 0, 0
795000, 800, 0, 0
796000, 852, 0, 0
797000, 804, 0, 0
797999, 876, 0, 0
799000, 816, 0, 0
800000, 800, 0, 0
801000, 896, 0, 0
802000, 868, 0, 0
803001, 971, 0, 0
803999, 880, 0, 0
805000, 912, 0, 0
806000, 928, 0, 0
807000, 956, 0, 0
808000, 1028, 0, 0
809000, 872, 0, 0
810000, 784, 0, 0
811000, 896, 0, 0
812000, 892, 0, 0
813000, 768, 0, 0
814000, 816, 0, 0
815000, 888, 0, 0
816000, 808, 0, 0
817000, 864, 0, 0
818000, 984, 0, 0
819000, 900, 0, 0
820000, 828, 0, 0
821000, 940, 0, 0
822000, 872, 0, 0
823000, 892, 0, 0
824000, 812, 0, 0
825000, 900, 0, 0
826000, 972, 0, 0
827000, 888, 0, 0
828000, 888, 0, 0
829000, 844, 0, 0
830000, 836, 0, 0
831000, 844, 0, 0
832000, 928, 0, 0
833000, 904, 0, 0
834000, 852, 0, 0
835000, 900, 0, 0
835999, 824, 0, 0
837000, 864, 0, 0
838000, 844, 0, 0
839000, 900, 0, 0
840000, 976, 0, 0
841000, 892, 0, 0
842000, 952, 0, 0
843000, 796, 0, 0
844000, 908, 0, 0
845000, 952, 0, 0
846000, 828, 0, 0
847000, 1004, 0, 0
848000, 920, 0, 0
848999, 908, 0, 0
850000, 1032, 0, 0
850999, 908, 0, 0
851999, 748, 0, 0
852999, 896, 0, 0
853999, 740, 0, 0
854999, 956, 0, 0
855999, 856, 0, 0
856998, 801, 0, 0
857998, 929, 0, 0
858999, 956, 0, 0
859998, 785, 0, 0
860998, 873, 0, 0
861997, 978, 0, 0
862998, 893, 0, 0
863998, 1066, 0, 0
864997, 1027, 0, 0
865997, 926, 0, 0
866997, 906, 0, 0
867997, 990, 0, 0
868997, 946, 0, 0
869996, 927, 0, 0
870997, 886, 0, 0
871997, 850, 0, 0
872996, 883, 0, 0
873996, 899, 0, 0
874995, 924, 0, 0
875996, 855, 0, 0
876996, 923, 0, 0
877995, 920, 0, 0
878995, 924, 0, 0
879996, 951, 0, 0
880995, 900, 0, 0
881995, 916, 0, 0
882994, 861, 0, 0
883995, 960, 0, 0
884995, 836, 0, 0
885994, 893, 0, 0
886994, 816, 0, 0
887994, 853, 0, 0
888993, 966, 0, 0
889994, 901, 0, 0
890993, 970, 0, 0
891993, 870, 0, 0
892994, 865, 0, 0
893993, 902, 0, 0
894993, 974, 0, 0
895993, 890, 0, 0
896993, 809, 0, 0
897993, 721, 0, 0
898992, 653, 0, 0
899992, 741, 0, 0
900993, 777, 0, 0
901992, 899, 0, 0
902992, 846, 0, 0
903991, 1001, 0, 0
904992, 903, 0, 0
905992, 911, 0, 0
906991, 940, 0, 0
907992, 858, 0, 0
908991, 779, 0, 0
909991, 883, 0, 0
910991, 859, 0, 0
912000, 924, 0, 0
912991, 835, 0, 0
913999, 972, 0, 0
915000, 876, 0, 0
915999, 796, 0, 0
916999, 960, 0, 0
918000, 836, 0, 0
918999, 820, 0, 0
919999, 804, 0, 0
921000, 844, 0, 0
921999, 804, 0, 0
922999, 900, 0, 0
924000, 908, 0, 0
924999, 772, 0, 0
925999, 896, 0, 0
927000, 996, 0, 0
927999, 788, 0, 0
928999, 936, 0, 0
930000, 904, 0, 0
930999, 944, 0, 0
931999, 840, 0, 0
933000, 900, 0, 0
933999, 856, 0, 0
934999, 1013, 0, 0
936000, 936, 0, 0
936999, 868, 0, 0
938000, 960, 0, 0
939000, 864, 0, 0
939999, 932, 0, 0
940999, 956, 0, 0
942000, 780, 0, 0
942999, 860, 0, 0
943999, 1021, 0, 0
945000, 892, 0, 0
945999, 880, 0, 0
947000, 880, 0, 0
948000, 844, 0, 0
948999, 876, 0, 0
950000, 900, 0, 0
950999, 984, 0, 0
951999, 924, 0, 0
953000, 868, 0, 0
953999, 836, 0, 0
954999, 900, 0, 0
956000, 804, 0, 0
956999, 896, 0, 0
957999, 768, 0, 0
959000, 836, 0, 0
959999, 828, 0, 0
960999, 836, 0, 0
962000, 868, 0, 0
962999, 868, 0, 0
963999, 884, 0, 0
965000, 788, 0, 0
965999, 780, 0, 0
966999, 864, 0, 0
968000, 792, 0, 0
968999, 992, 0, 0
969999, 928, 0, 0
971000, 788, 0, 0
971999, 936, 0, 0
972999, 820, 0, 0
974000, 872, 0, 0
974999, 752, 0, 0
975999, 904, 0, 0
977000, 924, 0, 0
977999, 900, 0, 0
978999, 836, 0, 0
980000, 880, 0, 0
980999, 884, 0, 0
982000, 816, 0, 0
982999, 872, 0, 0
983999, 968, 0, 0
985000, 836, 0, 0
985999, 892, 0, 0
986999, 772, 0, 0
988000, 740, 0, 0
989000, 840, 0, 0
989999, 776, 0, 0
990999, 860, 0, 0
992000, 928, 0, 0
992999, 864, 0, 0
994000, 736, 0, 0
995000, 908, 0, 0
995999, 772, 0, 0
997000, 864, 0, 0
998000, 832, 0, 0
998999, 840, 0, 0
1000000, 872, 0, 0
1000999, 948, 0, 0
1001999, 736, 0, 0
1003000, 784, 0, 0
1003999, 932, 0, 0
1004999, 852, 0, 0
1006000, 820, 0, 0
1006999, 772, 0, 0
1007999, 960, 0, 0
1009000, 924, 0, 0
1009999, 952, 0, 0
1010999, 984, 0, 0
1012000, 872, 0, 0
1012999, 912, 0, 0
1014000, 904, 0, 0
1014999, 876, 0, 0
1015999, 956, 0, 0
1017000, 820, 0, 0
1017999, 884, 0, 0
1018999, 824, 0, 0
1020000, 908, 0, 0
1020999, 852, 0, 0
1022000, 808, 0, 0
1023000, 856, 0, 0
1023999, 1033, 0, 0
1025000, 812, 0, 0
1025999, 932, 0, 0
1026999, 952, 0, 0
1028000, 828, 0, 0
1028999, 868, 0, 0
1029999, 820, 0, 0
1031000, 756, 0, 0
1031999, 892, 0, 0
1032999, 852, 0, 0
1034000, 880, 0, 0
1034999, 936, 0, 0
1035999, 860, 0, 0
1037000, 812, 0, 0
1037999, 772, 0, 0
1038999, 920, 0, 0
1040000, 1012, 0, 0
1040999, 940, 0, 0
1042000, 1000, 0, 0
1043000, 1136, 0, 0
1043999, 1093, 0, 0
1044999, 1209, 0, 0
1046000, 1484, 0, 0
1046999, 1189, 0, 0
1047999, 948, 0, 0
1048999, 940, 0, 0
1049999, 904, 0, 0
1050999, 852, 0, 0
1052000, 916, 0, 0
1052999, 940, 0, 0
1053999, 928, 0, 0
1055000, 864, 0, 0
1055999, 1001, 0, 0
1057000, 852, 0, 0
1057999, 892, 0, 0
1058999, 1113, 0, 0
1060000, 1064, 0, 0
1060999, 948, 0, 0
1061999, 924, 0, 0
1063000, 924, 0, 0
1063999, 912, 0, 0
1065000, 1024, 0, 0
1065999, 884, 0, 0
1066999, 1089, 0, 0
1068000, 836, 0, 0
1069000, 984, 0, 0
1069999, 1005, 0, 0
1071000, 916, 0, 0
1071999, 912, 0, 0
1072999, 1025, 0, 0
1074000, 1092, 0, 0
1074999, 880, 0, 0
1075999, 1077, 0, 0
1077000, 924, 0, 0
1077999, 944, 0, 0
1078999, 920, 0, 0
1080000, 1024, 0, 0
1081000, 988, 0, 0
1081999, 888, 0, 0
1083000, 932, 0, 0
1083999, 932, 0, 0
1084999, 960, 0, 0
1086000, 840, 0, 0
1086999, 908, 0, 0
1087999, 912, 0, 0
1089000, 952, 0, 0
1089999, 920, 0, 0
1090999, 1061, 0, 0
1092000, 944, 0, 0
1092999, 1049, 0, 0
1093999, 948, 0, 0
1095000, 976, 0, 0
1095999, 932, 0, 0
1096999, 900, 0, 0
1098000, 864, 0, 0
1098999, 1025, 0, 0
1099999, 1041, 0, 0
1101000, 928, 0, 0
1101999, 908, 0, 0
1103000, 936, 0, 0
1104000, 912, 0, 0
1104999, 928, 0, 0
1106000, 956, 0, 0
1107000, 888, 0, 0
1107999, 1013, 0, 0
1109000, 852, 0, 0
1109999, 1005, 0, 0
1110999, 1093, 0, 0
1112000, 936, 0, 0
1112999, 1045, 0, 0
1113999, 896, 0, 0
1115000, 960, 0, 0
1116000, 904, 0, 0
1116999, 916, 0, 0
1118000, 920, 0, 0
1118999, 900, 0, 0
1119999, 980, 0, 0
1121000, 980, 0, 0
1122000, 988, 0, 0
1122999, 984, 0, 0
1124000, 860, 0, 0
1124999, 992, 0, 0
1125999, 936, 0, 0
1127000, 916, 0, 0
1127999, 1001, 0, 0
1128999, 824, 0, 0
1130000, 828, 0, 0
1130999, 960, 0, 0
1132000, 968, 0, 0
1132999, 984, 0, 0
1133999, 820, 0, 0
1135000, 972, 0, 0
1135999, 924, 0, 0
1136999, 984, 0, 0
1138000, 904, 0, 0
1138999, 1061, 0, 0
1139999, 872, 0, 0
1141000, 956, 0, 0
1141999, 940, 0, 0
1142999, 952, 0, 0
1144000, 940, 0, 0
1144999, 1049, 0, 0
1146000, 980, 0, 0
1147000, 980, 0, 0
1147999, 932, 0, 0
1148999, 908, 0, 0
1150000, 892, 0, 0
1151000, 1072, 0, 0
1151999, 948, 0, 0
1152999, 1009, 0, 0
1154000, 1036, 0, 0
1154999, 972, 0, 0
1155999, 1057, 0, 0
1156999, 904, 0, 0
1158000, 1004, 0, 0
1158999, 1129, 0, 0
1160000, 1041, 0, 0
1161000, 900, 0, 0
1161999, 1077, 0, 0
1163000, 1092, 0, 0
1163999, 940, 0, 0
1164999, 804, 0, 0
1166000, 880, 0, 0
1166999, 1045, 0, 0
1167999, 844, 0, 0
1169000, 956, 0, 0
1169999, 1017, 0, 0
1170999, 1005, 0, 0
1172000, 996, 0, 0
1172999, 936, 0, 0
1174000, 1008, 0, 0
1175000, 1116, 0, 0
1175999, 976, 0, 0
1177000, 964, 0, 0
1177999, 988, 0, 0
1178999, 992, 0, 0
1180000, 988, 0, 0
1180999, 924, 0, 0
1182000, 972, 0, 0
1182999, 972, 0, 0
1183999, 928, 0, 0
1185000, 1056, 0, 0
1185999, 948, 0, 0
1186999, 916, 0, 0
1188000, 988, 0, 0
1188999, 1021, 0, 0
1189999, 976, 0, 0
1191000, 1076, 0, 0
1191999, 904, 0, 0
1193000, 724, 0, 0
1193999, 1013, 0, 0
1194999, 1021, 0, 0
1196000, 908, 0, 0
1196999, 936, 0, 0
1197999, 1025, 0, 0
1199000, 1020, 0, 0
1199999, 996, 0, 0
1201000, 1028, 0, 0
1201999, 968, 0, 0
1202999, 868, 0, 0
1204000, 992, 0, 0
1205000, 992, 0, 0
1205999, 928, 0, 0
1207000, 884, 0, 0
1207999, 960, 0, 0
1208999, 1025, 0, 0
1209999, 912, 0, 0
1211000, 1012, 0, 0
1211999, 964, 0, 0
1212999, 1053, 0, 0
1214000, 1088, 0, 0
1214999, 1049, 0, 0
1216000, 1052, 0, 0
1216999, 1021, 0, 0
1217999, 840, 0, 0
1219000, 860, 0, 0
1219999, 1017, 0, 0
1221000, 840, 0, 0
1222000, 944, 0, 0
1222999, 1089, 0, 0
1223999, 948, 0, 0
1225000, 992, 0, 0
1225999, 972, 0, 0
1226999, 1001, 0, 0
1228000, 1172, 0, 0
1228999, 1013, 0, 0
1230000, 1064, 0, 0
1230999, 888, 0, 0
1231999, 980, 0, 0
1233000, 936, 0, 0
1233999, 1009, 0, 0
1235000, 932, 0, 0
1236000, 972, 0, 0
1236999, 932, 0, 0
1238000, 1060, 0, 0
1238999, 948, 0, 0
1239999, 936, 0, 0
1241000, 976, 0, 0
1241999, 1021, 0, 0
1243000, 1009, 0, 0
1244000, 952, 0, 0
1244999, 952, 0, 0
1246000, 1020, 0, 0
1247000, 960, 0, 0
1247999, 940, 0, 0
1249000, 1060, 0, 0
1249999, 960, 0, 0
1250999, 956, 0, 0
1252000, 940, 0, 0
1252999, 1097, 0, 0
1253999, 972, 0, 0
1255000, 908, 0, 0
1255999, 944, 0, 0
1256999, 968, 0, 0
1258000, 960, 0, 0
1258999, 960, 0, 0
1259999, 876, 0, 0
1261000, 1000, 0, 0
1261999, 1037, 0, 0
1262999, 1033, 0, 0
1264000, 996, 0, 0
1265000, 944, 0, 0
1265999, 1021, 0, 0
1266999, 1013, 0, 0
1268000, 1092, 0, 0
1268999, 1013, 0, 0
1269999, 956, 0, 0
1271000, 928, 0, 0
1271999, 1005, 0, 0
1272999, 928, 0, 0
1274000, 1020, 0, 0
1275000, 860, 0, 0
1275999, 1025, 0, 0
1276999, 1065, 0, 0
1278000, 964, 0, 0
1278999, 836, 0, 0
1280000, 1052, 0, 0
1281000, 920, 0, 0
1281999, 1045, 0, 0
1283000, 980, 0, 0
1284000, 944, 0, 0
1284999, 956, 0, 0
1285999, 1009, 0, 0
1287000, 1100, 0, 0
1287999, 960, 0, 0
1288999, 1017, 0, 0
1290000, 984, 0, 0
1291000, 1080, 0, 0
1291999, 1061, 0, 0
1292999, 972, 0, 0
1294000, 892, 0, 0
1294999, 1001, 0, 0
1296000, 940, 0, 0
1296999, 956, 0, 0
1297999, 1001, 0, 0
1299000, 904, 0, 0
1299999, 968, 0, 0
1300999, 980, 0, 0
1302000, 968, 0, 0
1302999, 920, 0, 0
1304000, 1032, 0, 0
1304999, 972, 0, 0
1305999, 1097, 0, 0
1307000, 964, 0, 0
1307999, 1013, 0, 0
1308999, 1021, 0, 0
1310000, 1092, 0, 0
1310999, 984, 0, 0
1312000, 940, 0, 0
1312999, 1017, 0, 0
1313999, 1013, 0, 0
1315000, 1076, 0, 0
1315999, 1057, 0, 0
1317000, 916, 0, 0
1317999, 984, 0, 0
1318999, 1045, 0, 0
1320000, 972, 0, 0
1320999, 1021, 0, 0
1322000, 1084, 0, 0
1323000, 964, 0, 0
1323999, 904, 0, 0
1325000, 1072, 0, 0
1326000, 1048, 0, 0
1326999, 1089, 0, 0
1328000, 1040, 0, 0
1328999, 1109, 0, 0
1329999, 892, 0, 0
1331000, 964, 0, 0
1331999, 1021, 0, 0
1332999, 972, 0, 0
1334000, 1032, 0, 0
1334999, 1129, 0, 0
1336000, 1116, 0, 0
1337000, 888, 0, 0
1337999, 912, 0, 0
1339000, 936, 0, 0
1339999, 928, 0, 0
1340999, 1069, 0, 0
1342000, 1012, 0, 0
1342999, 988, 0, 0
1343999, 1085, 0, 0
1345000, 932, 0, 0
1345999, 932, 0, 0
1346999, 1033, 0, 0
1348000, 876, 0, 0
1348999, 1133, 0, 0
1349999, 996, 0, 0
1351000, 1104, 0, 0
1351999, 976, 0, 0
1353000, 1152, 0, 0
1353999, 1109, 0, 0
1354999, 948, 0, 0
1356000, 1056, 0, 0
1356999, 1025, 0, 0
1357999, 892, 0, 0
1359000, 1104, 0, 0
1359999, 904, 0, 0
1361000, 1096, 0, 0
1361999, 964, 0, 0
1362999, 1013, 0, 0
1364000, 992, 0, 0
1364999, 1013, 0, 0
1366000, 952, 0, 0
1366999, 1005, 0, 0
1367999, 1029, 0, 0
1369000, 1160, 0, 0
1369999, 972, 0, 0
1370999, 932, 0, 0
1372000, 1036, 0, 0
1372999, 1037, 0, 0
1374000, 1045, 0, 0
1375000, 940, 0, 0
1375999, 1049, 0, 0
1377000, 952, 0, 0
1377999, 896, 0, 0
1378999, 988, 0, 0
1380000, 1084, 0, 0
1380999, 892, 0, 0
1381999, 984, 0, 0
1383000, 796, 0, 0
1383999, 936, 0, 0
1384999, 1033, 0, 0
1386000, 1060, 0, 0
1387000, 976, 0, 0
1387999, 992, 0, 0
1388999, 872, 0, 0
1390000, 1028, 0, 0
1390999, 1157, 0, 0
1392000, 1036, 0, 0
1393000, 988, 0, 0
1393999, 976, 0, 0
1394999, 1013, 0, 0
1396000, 1084, 0, 0
1396999, 988, 0, 0
1397999, 1077, 0, 0
1399000, 1028, 0, 0
1399999, 1041, 0, 0
1400999, 1009, 0, 0
1402000, 1080, 0, 0
1402999, 1049, 0, 0
1403999, 1105, 0, 0
1404999, 916, 0, 0
1406000, 1012, 0, 0
1406999, 1009, 0, 0
1408000, 1065, 0, 0
1409000, 828, 0, 0
1409999, 1049, 0, 0
1411000, 1072, 0, 0
1411999, 964, 0, 0
1412999, 1017, 0, 0
1414000, 884, 0, 0
1414999, 948, 0, 0
1415999, 988, 0, 0
1417000, 968, 0, 0
1418000, 1016, 0, 0
1418999, 1101, 0, 0
1420000, 908, 0, 0
1421000, 1008, 0, 0
1421999, 1185, 0, 0
1422999, 956, 0, 0
1424000, 984, 0, 0
1424999, 936, 0, 0
1425999, 1113, 0, 0
1427000, 904, 0, 0
1427999, 1021, 0, 0
1428999, 1037, 0, 0
1430000, 1020, 0, 0
1430999, 1049, 0, 0
1431999, 1045, 0, 0
1433000, 1000, 0, 0
1433999, 1177, 0, 0
1434999, 1009, 0, 0
1436000, 1080, 0, 0
1436999, 984, 0, 0
1438000, 1000, 0, 0
1438999, 1025, 0, 0
1439999, 1009, 0, 0
1441000, 868, 0, 0
1441999, 1065, 0, 0
1442999, 1001, 0, 0
1444000, 1028, 0, 0
1444999, 940, 0, 0
1446000, 924, 0, 0
1446999, 928, 0, 0
1447999, 1089, 0, 0
1449000, 1112, 0, 0
1449999, 996, 0, 0
1450999, 1249, 0, 0
1452000, 1028, 0, 0
1452999, 884, 0, 0
1453999, 1101, 0, 0
1455000, 992, 0, 0
1455999, 940, 0, 0
1456999, 912, 0, 0
1458000, 964, 0, 0
1459000, 1028, 0, 0
1459999, 1025, 0, 0
1460999, 1029, 0, 0
1462000, 1124, 0, 0
1462999, 1113, 0, 0
1463999, 860, 0, 0
1465000, 1172, 0, 0
1466000, 1124, 0, 0
1466999, 992, 0, 0
1467999, 1041, 0, 0
1469000, 796, 0, 0
1469999, 1121, 0, 0
1470999, 996, 0, 0
1472000, 1068, 0, 0
1472999, 1013, 0, 0
1474000, 1132, 0, 0
1475000, 976, 0, 0
1475999, 1005, 0, 0
1477000, 972, 0, 0
1478000, 1036, 0, 0
1478999, 880, 0, 0
1480000, 1224, 0, 0
1480999, 920, 0, 0
1482000, 1032, 0, 0
1482999, 936, 0, 0
1483999, 1017, 0, 0
1485000, 1048, 0, 0
1485999, 1045, 0, 0
1486999, 1033, 0, 0
1487999, 1121, 0, 0
1489000, 1060, 0, 0
1489999, 1145, 0, 0
1490999, 1009, 0, 0
1492000, 1100, 0, 0
1492999, 1005, 0, 0
1493999, 1097, 0, 0
1495000, 944, 0, 0
1496000, 1016, 0, 0
1496999, 1045, 0, 0
1498000, 1132, 0, 0
1499000, 1080, 0, 0
1499999, 996, 0, 0
1501000, 1192, 0, 0
1502000, 936, 0, 0
1502999, 1065, 0, 0
1504000, 948, 0, 0
1505000, 1108, 0, 0
1505999, 1069, 0, 0
1506999, 1029, 0, 0
1508000, 1104, 0, 0
1508999, 960, 0, 0
1509999, 1241, 0, 0
1511000, 1148, 0, 0
1511999, 1081, 0, 0
1513000, 1176, 0, 0
1514000, 1080, 0, 0
1514999, 1097, 0, 0
1516000, 1057, 0, 0
1517000, 956, 0, 0
1517999, 1049, 0, 0
1518999, 1049, 0, 0
1520000, 1116, 0, 0
1520999, 1025, 0, 0
1521999, 1101, 0, 0
1523000, 1084, 0, 0
1523999, 1149, 0, 0
1524999, 1213, 0, 0
1526000, 1140, 0, 0
1526999, 992, 0, 0
1527999, 1269, 0, 0
1529000, 964, 0, 0
1529999, 1057, 0, 0
1530999, 872, 0, 0
1532000, 1004, 0, 0
1533000, 1112, 0, 0
1533999, 1145, 0, 0
1535000, 1216, 0, 0
1536000, 1188, 0, 0
1536999, 1097, 0, 0
1537999, 1045, 0, 0
1539000, 1068, 0, 0
1539999, 1113, 0, 0
1540999, 996, 0, 0
1542000, 1040, 0, 0
1542999, 1021, 0, 0
1543999, 1145, 0, 0
1545000, 1116, 0, 0
1545999, 1041, 0, 0
1546999, 1037, 0, 0
1548000, 1156, 0, 0
1548999, 1093, 0, 0
1549999, 1177, 0, 0
1551000, 1196, 0, 0
1551999, 1145, 0, 0
1553000, 1052, 0, 0
1554000, 1076, 0, 0
1554999, 1089, 0, 0
1556000, 1248, 0, 0
1556999, 1153, 0, 0
1557999, 1137, 0, 0
1559000, 1104, 0, 0
1559999, 1097, 0, 0
1560999, 1017, 0, 0
1562000, 1176, 0, 0
1562999, 1053, 0, 0
1564000, 1100, 0, 0
1565000, 1072, 0, 0
1565999, 1173, 0, 0
1567000, 1232, 0, 0
1568000, 948, 0, 0
1568999, 1077, 0, 0
1570000, 1136, 0, 0
1571000, 1172, 0, 0
1571999, 1165, 0, 0
1573000, 1136, 0, 0
1573999, 1137, 0, 0
1574999, 1001, 0, 0
1576000, 1204, 0, 0
1576999, 1005, 0, 0
1577999, 1209, 0, 0
1579000, 1124, 0, 0
1580000, 1088, 0, 0
1580999, 1161, 0, 0
1582000, 1164, 0, 0
1582999, 996, 0, 0
1583999, 1241, 0, 0
1585000, 1100, 0, 0
1586000, 1020, 0, 0
1586999, 1041, 0, 0
1588000, 1264, 0, 0
1588999, 1185, 0, 0
1589999, 1029, 0, 0
1591000, 1112, 0, 0
1591999, 1053, 0, 0
1592999, 1129, 0, 0
1594000, 1132, 0, 0
1594999, 1193, 0, 0
1596000, 1180, 0, 0
1597000, 1240, 0, 0
1597999, 1053, 0, 0
1599000, 1016, 0, 0
1600000, 1164, 0, 0
1600999, 1001, 0, 0
1602000, 1160, 0, 0
1602999, 1053, 0, 0
1603999, 1161, 0, 0
1605000, 1196, 0, 0
1605999, 1045, 0, 0
1606999, 1245, 0, 0
1608000, 1108, 0, 0
1608999, 1173, 0, 0
1609999, 1037, 0, 0
1611000, 1204, 0, 0
1611999, 1045, 0, 0
1612999, 1121, 0, 0
1614000, 1160, 0, 0
1614999, 1285, 0, 0
1615999, 1149, 0, 0
1617000, 1248, 0, 0
1617999, 1153, 0, 0
1619000, 1141, 0, 0
1620000, 1080, 0, 0
1620999, 980, 0, 0
1622000, 1016, 0, 0
1622999, 1165, 0, 0
1623999, 1265, 0, 0
1625000, 1120, 0, 0
1625999, 1145, 0, 0
1626999, 1237, 0, 0
1628000, 1308, 0, 0
1628999, 1237, 0, 0
1629999, 1197, 0, 0
1631000, 1192, 0, 0
1631999, 1201, 0, 0
1633000, 1248, 0, 0
1634000, 1108, 0, 0
1634999, 1045, 0, 0
1636000, 1136, 0, 0
1636999, 1069, 0, 0
1637999, 1329, 0, 0
1639000, 1164, 0, 0
1639999, 1349, 0, 0
1641000, 1081, 0, 0
1642000, 1144, 0, 0
1642999, 1261, 0, 0
1644000, 1212, 0, 0
1644999, 1037, 0, 0
1645999, 1381, 0, 0
1647000, 1228, 0, 0
1647999, 1077, 0, 0
1648999, 1249, 0, 0
1650000, 1268, 0, 0
1650999, 1097, 0, 0
1651999, 1105, 0, 0
1653000, 1340, 0, 0
1654000, 1292, 0, 0
1654999, 952, 0, 0
1656000, 1213, 0, 0
1657000, 1148, 0, 0
1657999, 1313, 0, 0
1658999, 1237, 0, 0
1660000, 1280, 0, 0
1660999, 1221, 0, 0
1661999, 1245, 0, 0
1663000, 976, 0, 0
1663999, 1257, 0, 0
1664999, 1217, 0, 0
1666000, 1204, 0, 0
1667000, 1168, 0, 0
1667999, 1085, 0, 0
1668999, 1233, 0, 0
1670000, 1264, 0, 0
1670999, 1201, 0, 0
1671999, 1169, 0, 0
1673000, 1300, 0, 0
1673999, 1261, 0, 0
1674999, 1137, 0, 0
1676000, 1220, 0, 0
1676999, 1197, 0, 0
1677999, 1137, 0, 0
1679000, 1256, 0, 0
1680000, 1180, 0, 0
1680999, 1165, 0, 0
1682000, 1400, 0, 0
1683000, 1148, 0, 0
1683999, 1169, 0, 0
1685000, 1144, 0, 0
1686000, 1140, 0, 0
1686999, 1113, 0, 0
1688000, 1312, 0, 0
1689000, 1164, 0, 0
1689999, 1029, 0, 0
1691000, 1324, 0, 0
1691999, 1269, 0, 0
1692999, 1217, 0, 0
1694000, 1248, 0, 0
1694999, 1313, 0, 0
1695999, 1437, 0, 0
1697000, 1300, 0, 0
1697999, 1301, 0, 0
1698999, 1237, 0, 0
1700000, 1188, 0, 0
1700999, 1221, 0, 0
1701999, 1001, 0, 0
1703000, 1260, 0, 0
1703999, 1193, 0, 0
1704999, 1261, 0, 0
1705999, 1153, 0, 0
1706999, 1297, 0, 0
1708000, 1164, 0, 0
1709000, 1364, 0, 0
1709999, 1113, 0, 0
1710999, 1097, 0, 0
1712000, 1224, 0, 0
1712999, 1361, 0, 0
1713999, 1209, 0, 0
1715000, 1244, 0, 0
1715999, 1433, 0, 0
1717000, 1621, 0, 0
1718000, 1400, 0, 0
1718999, 1161, 0, 0
1719999, 1377, 0, 0
1721000, 1036, 0, 0
1721999, 1221, 0, 0
1722999, 1397, 0, 0
1724000, 1168, 0, 0
1724999, 1125, 0, 0
1725999, 1569, 0, 0
1727000, 1212, 0, 0
1727999, 1181, 0, 0
1728999, 1329, 0, 0
1730000, 1360, 0, 0
1730999, 1045, 0, 0
1731999, 1221, 0, 0
1732999, 1173, 0, 0
1733999, 1225, 0, 0
1734999, 1445, 0, 0
1736000, 1212, 0, 0
1736999, 1357, 0, 0
1737999, 1273, 0, 0
1739000, 1292, 0, 0
1739999, 1305, 0, 0
1740999, 1405, 0, 0
1742000, 1432, 0, 0
1742999, 1317, 0, 0
1744000, 1245, 0, 0
1745000, 1176, 0, 0
1745999, 1317, 0, 0
1747000, 1240, 0, 0
1747999, 1245, 0, 0
1748999, 1173, 0, 0
1749999, 1317, 0, 0
1750999, 1385, 0, 0
1751999, 1241, 0, 0
1753000, 1304, 0, 0
1753999, 1485, 0, 0
1754999, 1361, 0, 0
1756000, 1260, 0, 0
1756999, 1377, 0, 0
1757999, 1477, 0, 0
1759000, 1144, 0, 0
1759999, 1505, 0, 0
1760999, 1365, 0, 0
1762000, 1376, 0, 0
1762999, 1321, 0, 0
1764000, 1328, 0, 0
1765000, 1412, 0, 0
1765999, 1333, 0, 0
1767000, 1368, 0, 0
1767999, 1377, 0, 0
1768999, 1617, 0, 0
1770000, 1500, 0, 0
1770999, 1225, 0, 0
1771999, 1281, 0, 0
1773000, 1340, 0, 0
1773999, 1217, 0, 0
1774999, 1413, 0, 0
1776000, 1176, 0, 0
1776999, 1437, 0, 0
1777999, 1269, 0, 0
1779000, 1588, 0, 0
1779999, 1413, 0, 0
1780999, 1425, 0, 0
1781999, 1453, 0, 0
1783000, 1460, 0, 0
1783999, 1381, 0, 0
1785000, 1220, 0, 0
1786000, 1484, 0, 0
1786999, 1333, 0, 0
1788000, 1520, 0, 0
1789000, 1348, 0, 0
1789999, 1261, 0, 0
1791000, 1548, 0, 0
1792000, 1340, 0, 0
1792999, 1565, 0, 0
1794000, 1032, 0, 0
1794999, 1305, 0, 0
1795999, 1393, 0, 0
1797000, 1448, 0, 0
1797999, 1373, 0, 0
1798999, 1353, 0, 0
1800000, 1484, 0, 0
1800999, 1465, 0, 0
1801999, 1473, 0, 0
1803000, 1352, 0, 0
1803999, 1309, 0, 0
1804999, 1433, 0, 0
1806000, 1512, 0, 0
1806999, 1461, 0, 0
1807999, 1477, 0, 0
1809000, 1204, 0, 0
1809999, 1593, 0, 0
1811000, 1244, 0, 0
1811999, 1493, 0, 0
1812999, 1261, 0, 0
1814000, 1292, 0, 0
1814999, 1457, 0, 0
1815999, 1481, 0, 0
1817000, 1680, 0, 0
1817999, 1313, 0, 0
1818999, 1921, 0, 0
1820000, 1108, 0, 0
1820999, 1489, 0, 0
1821999, 1325, 0, 0
1823000, 1432, 0, 0
1823999, 1541, 0, 0
1824999, 1485, 0, 0
1826000, 1520, 0, 0
1826999, 1453, 0, 0
1828000, 1456, 0, 0
1829000, 1540, 0, 0
1829999, 1377, 0, 0
1831000, 1520, 0, 0
1831999, 1321, 0, 0
1832999, 1445, 0, 0
1834000, 1208, 0, 0
1834999, 1525, 0, 0
1836000, 1460, 0, 0
1837000, 1440, 0, 0
1837999, 1517, 0, 0
1839000, 1360, 0, 0
1840000, 1472, 0, 0
1840999, 1481, 0, 0
1842000, 1436, 0, 0
1843000, 1316, 0, 0
1843999, 1481, 0, 0
1845000, 1556, 0, 0
1845999, 1509, 0, 0
1846999, 1461, 0, 0
1848000, 1392, 0, 0
1848999, 1349, 0, 0
1849999, 1437, 0, 0
1851000, 1428, 0, 0
1851999, 1609, 0, 0
1852999, 1585, 0, 0
1854000, 1352, 0, 0
1854999, 1629, 0, 0
1855999, 1457, 0, 0
1857000, 1304, 0, 0
1858000, 1592, 0, 0
1858999, 1641, 0, 0
1860000, 1820, 0, 0
1861000, 1508, 0, 0
1861999, 1493, 0, 0
1863000, 1380, 0, 0
1864000, 1336, 0, 0
1864999, 1613, 0, 0
1865999, 1509, 0, 0
1867000, 1772, 0, 0
1867999, 1637, 0, 0
1868999, 1301, 0, 0
1870000, 1404, 0, 0
1870999, 1573, 0, 0
1871999, 1401, 0, 0
1873000, 1392, 0, 0
1873999, 1617, 0, 0
1874999, 1581, 0, 0
1876000, 1756, 0, 0
1877000, 1444, 0, 0
1877999, 1593, 0, 0
1879000, 1624, 0, 0
1879999, 1665, 0, 0
1880999, 1317, 0, 0
1882000, 1340, 0, 0
1883000, 1628, 0, 0
1883999, 1561, 0, 0
1885000, 1472, 0, 0
1885999, 1625, 0, 0
1886999, 1633, 0, 0
1888000, 1500, 0, 0
1888999, 1725, 0, 0
1889999, 1629, 0, 0
1891000, 1612, 0, 0
1891999, 1545, 0, 0
1892999, 1565, 0, 0
1894000, 1628, 0, 0
1895000, 1704, 0, 0
1895999, 1637, 0, 0
1896999, 1821, 0, 0
1898000, 1608, 0, 0
1898999, 1725, 0, 0
1900000, 1840, 0, 0
1900999, 1869, 0, 0
1901999, 1389, 0, 0
1902999, 1625, 0, 0
1904000, 1400, 0, 0
1904999, 1653, 0, 0
1905999, 1897, 0, 0
1906999, 1657, 0, 0
1908000, 1532, 0, 0
1908999, 1985, 0, 0
1909999, 1745, 0, 0
1911000, 1820, 0, 0
1911999, 1589, 0, 0
1913000, 1612, 0, 0
1913999, 1777, 0, 0
1914999, 1489, 0, 0
1916000, 1896, 0, 0
1916999, 1489, 0, 0
1917999, 1621, 0, 0
1919000, 1500, 0, 0
1920000, 1480, 0, 0
1920999, 1589, 0, 0
1921999, 1793, 0, 0
1923000, 1592, 0, 0
1923999, 2018, 0, 0
1924999, 1809, 0, 0
1926000, 1760, 0, 0
1926999, 1709, 0, 0
1927999, 1765, 0, 0
1929000, 1524, 0, 0
1929999, 1673, 0, 0
1930999, 1661, 0, 0
1932000, 1728, 0, 0
1932999, 1969, 0, 0
1933999, 1825, 0, 0
1935000, 1664, 0, 0
1935999, 1501, 0, 0
1936999, 1545, 0, 0
1938000, 1652, 0, 0
1938999, 1645, 0, 0
1939999, 1781, 0, 0
1941000, 1760, 0, 0
1941999, 1713, 0, 0
1942999, 1913, 0, 0
1944000, 1824, 0, 0
1944999, 1981, 0, 0
1945999, 1545, 0, 0
1947000, 1904, 0, 0
1947999, 1825, 0, 0
1948999, 1749, 0, 0
1950000, 1808, 0, 0
1951000, 1768, 0, 0
1951999, 1805, 0, 0
1953000, 2048, 0, 0
1953999, 1897, 0, 0
1954999, 1869, 0, 0
1956000, 1668, 0, 0
1956999, 1797, 0, 0
1957999, 2026, 0, 0
1959000, 1852, 0, 0
1959999, 2274, 0, 0
1960999, 1865, 0, 0
1962000, 1676, 0, 0
1963000, 1948, 0, 0
1963999, 1929, 0, 0
1965000, 2164, 0, 0
1966000, 2220, 0, 0
1966999, 1797, 0, 0
1968000, 1889, 0, 0
1969000, 1820, 0, 0
1969999, 1917, 0, 0
1971000, 1913, 0, 0
1972000, 1960, 0, 0
1972999, 1761, 0, 0
1974000, 1948, 0, 0
1974999, 2142, 0, 0
1975999, 1837, 0, 0
1977000, 1812, 0, 0
1977999, 2018, 0, 0
1978999, 2058, 0, 0
1980000, 1852, 0, 0
1980999, 2150, 0, 0
1981999, 1721, 0, 0
1983000, 1552, 0, 0
1983999, 1813, 0, 0
1984999, 1793, 0, 0
1986000, 1896, 0, 0
1986999, 1897, 0, 0
1987999, 2286, 0, 0
1989000, 2172, 0, 0
1989999, 2070, 0, 0
1991000, 1988, 0, 0
1992000, 2048, 0, 0
1992999, 2162, 0, 0
1994000, 2028, 0, 0
1994999, 1937, 0, 0
1995999, 1749, 0, 0
1997000, 2144, 0, 0
1997999, 2206, 0, 0
1998999, 1969, 0, 0
2000000, 2104, 0, 0
2000999, 2278, 0, 0
2001999, 2102, 0, 0
2002999, 1889, 0, 0
2004000, 2108, 0, 0
2004999, 2354, 0, 0
2006000, 2088, 0, 0
2007000, 2228, 0, 0
2007999, 2118, 0, 0
2008999, 2162, 0, 0
2010000, 2148, 0, 0
2010999, 2406, 0, 0
2011999, 1929, 0, 0
2013000, 1924, 0, 0
2013999, 2282, 0, 0
2014999, 2510, 0, 0
2016000, 2108, 0, 0
2016999, 2086, 0, 0
2017999, 2494, 0, 0
2019000, 2112, 0, 0
2019999, 2158, 0, 0
2021000, 1920, 0, 0
2022000, 2144, 0, 0
2022999, 2466, 0, 0
2024000, 2200, 0, 0
2024999, 2230, 0, 0
2025999, 2386, 0, 0
2027000, 2172, 0, 0
2027999, 2098, 0, 0
2028999, 2238, 0, 0
2030000, 1628, 0, 0
2031000, 2028, 0, 0
2031999, 2782, 0, 0
2033000, 2416, 0, 0
2033999, 2290, 0, 0
2034999, 2342, 0, 0
2036000, 2408, 0, 0
2036999, 2246, 0, 0
2037999, 2126, 0, 0
2039000, 1940, 0, 0
2039999, 1989, 0, 0
2041000, 2540, 0, 0
2042000, 2276, 0, 0
2042999, 2386, 0, 0
2044000, 2432, 0, 0
2044999, 2610, 0, 0
2045999, 2210, 0, 0
2047000, 2184, 0, 0
2047999, 2358, 0, 0
2048999, 2150, 0, 0
2050000, 2668, 0, 0
2050999, 2146, 0, 0
2051999, 2634, 0, 0
2053000, 2496, 0, 0
2053999, 2618, 0, 0
2054999, 2058, 0, 0
2056000, 2128, 0, 0
2056999, 2402, 0, 0
2057999, 2682, 0, 0
2059000, 2212, 0, 0
2059999, 1993, 0, 0
2060999, 2186, 0, 0
2062000, 2708, 0, 0
2062999, 2222, 0, 0
2064000, 2210, 0, 0
2065000, 2440, 0, 0
2065999, 2182, 0, 0
2067000, 2844, 0, 0
2067999, 2250, 0, 0
2068999, 2470, 0, 0
2070000, 2384, 0, 0
2071000, 2284, 0, 0
2071999, 2650, 0, 0
2072999, 2390, 0, 0
2074000, 2476, 0, 0
2074999, 2334, 0, 0
2075999, 2854, 0, 0
2077000, 2404, 0, 0
2077999, 2414, 0, 0
2078999, 2362, 0, 0
2080000, 3164, 0, 0
2080999, 2434, 0, 0
2081999, 3255, 0, 0
2083000, 2480, 0, 0
2083999, 2506, 0, 0
2084999, 2562, 0, 0
2086000, 2436, 0, 0
2086999, 3163, 0, 0
2087999, 2490, 0, 0
2089000, 2440, 0, 0
2090000, 2628, 0, 0
2090999, 2526, 0, 0
2092000, 2576, 0, 0
2093000, 2976, 0, 0
2093999, 2842, 0, 0
2094999, 2550, 0, 0
2095999, 2726, 0, 0
2096999, 2594, 0, 0
2097999, 2934, 0, 0
2099000, 2888, 0, 0
2100000, 2856, 0, 0
2100999, 2854, 0, 0
2102000, 2848, 0, 0
2102999, 3243, 0, 0
2103999, 2794, 0, 0
2105000, 2652, 0, 0
2105999, 2898, 0, 0
2106999, 2742, 0, 0
2108000, 2704, 0, 0
2108999, 2902, 0, 0
2109999, 2982, 0, 0
2111000, 3172, 0, 0
2111999, 2926, 0, 0
2112999, 3171, 0, 0
2114000, 3092, 0, 0
2114999, 3215, 0, 0
2115999, 2838, 0, 0
2117000, 2900, 0, 0
2117999, 3271, 0, 0
2119000, 3276, 0, 0
2119999, 2942, 0, 0
2120999, 3195, 0, 0
2122000, 3100, 0, 0
2122999, 3223, 0, 0
2123999, 2850, 0, 0
2125000, 3128, 0, 0
2125999, 3167, 0, 0
2126999, 3095, 0, 0
2128000, 3156, 0, 0
2128999, 2686, 0, 0
2130000, 3515, 0, 0
2131000, 2656, 0, 0
2131999, 2902, 0, 0
2132999, 3703, 0, 0
2134000, 3296, 0, 0
2134999, 2678, 0, 0
2135999, 2850, 0, 0
2137000, 3344, 0, 0
2137999, 3415, 0, 0
2138999, 2846, 0, 0
2140000, 2888, 0, 0
2140999, 3935, 0, 0
2141999, 3363, 0, 0
2143000, 3356, 0, 0
2143999, 3147, 0, 0
2144999, 4024, 0, 0
2146000, 3008, 0, 0
2146999, 3371, 0, 0
2147999, 3695, 0, 0
2149000, 4048, 0, 0
2149999, 3415, 0, 0
2150999, 3675, 0, 0
2152000, 3364, 0, 0
2152999, 3087, 0, 0
2153999, 3267, 0, 0
2155000, 3244, 0, 0
2155999, 3567, 0, 0
2156999, 4100, 0, 0
2158000, 3204, 0, 0
2158999, 3691, 0, 0
2159999, 3379, 0, 0
2161000, 3788, 0, 0
2161999, 4328, 0, 0
2162999, 3439, 0, 0
2164000, 3976, 0, 0
2164999, 4024, 0, 0
2165999, 3123, 0, 0
2167000, 3096, 0, 0
2167999, 3575, 0, 0
2168999, 4208, 0, 0
2170000, 3560, 0, 0
2170999, 4092, 0, 0
2171999, 4028, 0, 0
2173000, 3764, 0, 0
2173999, 3599, 0, 0
2174999, 4320, 0, 0
2176000, 3512, 0, 0
2177000, 3240, 0, 0
2177999, 3483, 0, 0
2178999, 3879, 0, 0
2180000, 4508, 0, 0
2181000, 5004, 0, 0
2181999, 5117, 0, 0
2183000, 4336, 0, 0
2183999, 3911, 0, 0
2184999, 4376, 0, 0
2185999, 4312, 0, 0
2187000, 4524, 0, 0
2187999, 4732, 0, 0
2189000, 3524, 0, 0
2190000, 3896, 0, 0
2190999, 4336, 0, 0
2192000, 4080, 0, 0
2192999, 4992, 0, 0
2193999, 4732, 0, 0
2195000, 4128, 0, 0
2195999, 3743, 0, 0
2197000, 4752, 0, 0
2198000, 4440, 0, 0
2198999, 4396, 0, 0
2200000, 4668, 0, 0
2200999, 3487, 0, 0
2201999, 4356, 0, 0
2203000, 5268, 0, 0
2203999, 3975, 0, 0
2204999, 4008, 0, 0
2206000, 4812, 0, 0
2206999, 3883, 0, 0
2207999, 4468, 0, 0
2209000, 4324, 0, 0
2210000, 4680, 0, 0
2210999, 4284, 0, 0
2211999, 4036, 0, 0
2213000, 4624, 0, 0
2213999, 4472, 0, 0
2214999, 4832, 0, 0
2216000, 4588, 0, 0
2216999, 4680, 0, 0
2217999, 4260, 0, 0
2219000, 3872, 0, 0
2219999, 5485, 0, 0
2220999, 5433, 0, 0
2222000, 4268, 0, 0
2222999, 5353, 0, 0
2223999, 4580, 0, 0
2225000, 5708, 0, 0
2225999, 5081, 0, 0
2226999, 5093, 0, 0
2228000, 5428, 0, 0
2228999, 5425, 0, 0
2229999, 4912, 0, 0
2231000, 5740, 0, 0
2231999, 6210, 0, 0
2232999, 4812, 0, 0
2234000, 5304, 0, 0
2235000, 7440, 0, 0
2235999, 5437, 0, 0
2236999, 6262, 0, 0
2238000, 5800, 0, 0
2238999, 5381, 0, 0
2239999, 5941, 0, 0
2241000, 6644, 0, 0
2241999, 5793, 0, 0
2242999, 5813, 0, 0
2244000, 5876, 0, 0
2244999, 5633, 0, 0
2245999, 5605, 0, 0
2247000, 6028, 0, 0
2247999, 6410, 0, 0
2248999, 7843, 0, 0
2249999, 6566, 0, 0
2250999, 5689, 0, 0
2251999, 5493, 0, 0
2253000, 5616, 0, 0
2253999, 6530, 0, 0
2254999, 6038, 0, 0
2256000, 8208, 0, 0
2256999, 7767, 0, 0
2257999, 6498, 0, 0
2259000, 6956, 0, 0
2259999, 8180, 0, 0
2260999, 6430, 0, 0
2262000, 7104, 0, 0
2262999, 7151, 0, 0
2264000, 7743, 0, 0
2265000, 6676, 0, 0
2265999, 7839, 0, 0
2267000, 9008, 0, 0
2267999, 7951, 0, 0
2268999, 8656, 0, 0
2270000, 8380, 0, 0
2270999, 6986, 0, 0
2271999, 7319, 0, 0
2273000, 8864, 0, 0
2274000, 8684, 0, 0
2274999, 6818, 0, 0
2275999, 8892, 0, 0
2277000, 7492, 0, 0
2277999, 7479, 0, 0
2278999, 8924, 0, 0
2280000, 9684, 0, 0
2280999, 9381, 0, 0
2281999, 6410, 0, 0
2283000, 9052, 0, 0
2283999, 8012, 0, 0
2284999, 10430, 0, 0
2286000, 7916, 0, 0
2286999, 6538, 0, 0
2287999, 10210, 0, 0
2289000, 8220, 0, 0
2289999, 9009, 0, 0
2290999, 10670, 0, 0
2292000, 8076, 0, 0
2292999, 9437, 0, 0
2293999, 11195, 0, 0
2294999, 10386, 0, 0
2295999, 9597, 0, 0
2297000, 12660, 0, 0
2297999, 10626, 0, 0
2298999, 12812, 0, 0
2300000, 13664, 0, 0
2300999, 11363, 0, 0
2301999, 7299, 0, 0
2303000, 11528, 0, 0
2303999, 11147, 0, 0
2305000, 12936, 0, 0
2305999, 14226, 0, 0
2306999, 10938, 0, 0
2308000, 11928, 0, 0
2308999, 13617, 0, 0
2309999, 13289, 0, 0
2311000, 8928, 0, 0
2311999, 12644, 0, 0
2312999, 13993, 0, 0
2314000, 13696, 0, 0
2314999, 17021, 0, 0
2315999, 13133, 0, 0
2317000, 17684, 0, 0
2317999, 15643, 0, 0
2318999, 15655, 0, 0
2320000, 13228, 0, 0
2320999, 15051, 0, 0
2321999, 12532, 0, 0
2323000, 18624, 0, 0
2324000, 20912, 0, 0
2324999, 17737, 0, 0
2325999, 14074, 0, 0
2327000, 17016, 0, 0
2327999, 20332, 0, 0
2328999, 18050, 0, 0
2330000, 14824, 0, 0
2330999, 23715, 0, 0
2331999, 15479, 0, 0
2333000, 23808, 0, 0
2333999, 26730, 0, 0
2334999, 22314, 0, 0
2336000, 32160, 0, 0
2336999, 28880, 0, 0
2337999, 13661, 0, 0
2339000, 18284, 0, 0
2340000, 23580, 0, 0
2340999, 25937, 0, 0
2341999, 36624, 0, 0
2343000, 31332, 0, 0
2343999, 37485, 0, 0
2344999, 40328, 0, 0
2346000, 26508, 0, 0
2346999, 39723, 0, 0
2347999, 38242, 0, 0
2349000, 40284, 0, 0
2350000, 55844, 0, 0
2350999, 47519, 0, 0
2351999, 27107, 0, 0
2353000, 52292, 0, 0
2354000, 54264, 0, 0
2354999, 61921, 0, 0
2356000, 53884, 0, 0
2357000, 47136, 0, 0
2357999, 74338, 0, 0
2359000, 100200, 0, 0
2360000, 74104, 0, 0
2361000, 123400, 0, 0
2361999, 104912, 0, 0
2363000, 154496, 0, 0
2364000, 176512, 0, 0
2365000, 210860, 0, 0
2365999, 323371, 0, 0
2366999, 383483, 0, 0
2368000, 391076, 0, 0
2369000, 388800, 0, 0
2370000, 392408, 0, 0
2371000, 394636, 0, 0
2372000, 393412, 0, 0
2372999, 385789, 0, 0
2373999, 395639, 0, 0
2375000, 392608, 0, 0
2376000, 392896, 0, 0
2377000, 392324, 0, 0
2378000, 392900, 0, 0
2379000, 392272, 0, 0
2379999, 392624, 0, 0
2380999, 392568, 0, 0
2382000, 390644, 0, 0
2383000, 392972, 0, 0
2384000, 391672, 0, 0
2385000, 391796, 0, 0
2385999, 391859, 0, 0
2386999, 390614, 0, 0
2388000, 391420, 0, 0
2389000, 392152, 0, 0
2390000, 392152, 0, 0
2391000, 393184, 0, 0
2392000, 391892, 0, 0
2392999, 383471, 0, 0
2393999, 390766, 0, 0
2395000, 384228, 0, 0
2396000, 386596, 0, 0
2397000, 390656, 0, 0
2398000, 386836, 0, 0
2399000, 389964, 0, 0
2399999, 307379, 0, 0
