1063, 160684434, 0, 0
2058, 226778939, 0, 0
3025, 424819392, 0, 0
4028, 373750812, 0, 0
5036, 363251876, 0, 0
6035, 157661488, 0, 0
7007, 326557690, 0, 0
8048, 386703068, 0, 0
9020, 155059981, 0, 0
10036, 163324791, 0, 0
11009, 228664322, 0, 0
12059, 228635687, 0, 0
13017, 332230932, 0, 0
14036, 398081455, 0, 0
15015, 135813191, 0, 0
16017, 425539997, 0, 0
17018, 342767144, 0, 0
18025, 210738574, 0, 0
19017, 213724156, 0, 0
20052, 368985304, 0, 0
21054, 362389175, 0, 0
22047, 155180139, 0, 0
23068, 327472788, 0, 0
24020, 429039175, 0, 0
25047, 458994236, 0, 0
26030, 421722481, 0, 0
27038, 428836308, 0, 0
28044, 152085457, 0, 0
29031, 207071295, 0, 0
30049, 403634484, 0, 0
31018, 333598023, 0, 0
32014, 149365196, 0, 0
33037, 373763789, 0, 0
34056, 409929970, 0, 0
35040, 354645499, 0, 0
36041, 354350301, 0, 0
37058, 359074192, 0, 0
38063, 144307640, 0, 0
39009, 400639368, 0, 0
40007, 445447157, 0, 0
41011, 151579442, 0, 0
42051, 382832253, 0, 0
43019, 373624641, 0, 0
44035, 205645967, 0, 0
45030, 365961363, 0, 0
46020, 377963657, 0, 0
47054, 414971950, 0, 0
48016, 424400576, 0, 0
49002, 216358481, 0, 0
50051, 110851503, 0, 0
51009, 206838469, 0, 0
52046, 215318892, 0, 0
53062, 394395390, 0, 0
54017, 210723408, 0, 0
55055, 90875119, 0, 0
56041, 195830739, 0, 0
57051, 138684530, 0, 0
58015, 388221886, 0, 0
59038, 158157928, 0, 0
60022, 226191416, 0, 0
61054, 313901709, 0, 0
62008, 348824771, 0, 0
63024, 344232778, 0, 0
64036, 261182277, 0, 0
65056, 361035285, 0, 0
66018, 437297751, 0, 0
67046, 378908339, 0, 0
68013, 392066489, 0, 0
69060, 388584230, 0, 0
70060, 364099861, 0, 0
71044, 336046718, 0, 0
72059, 376697378, 0, 0
73026, 380333229, 0, 0
74055, 102167433, 0, 0
75049, 148909831, 0, 0
76063, 172893449, 0, 0
77046, 400603929, 0, 0
78001, 245597622, 0, 0
79014, 111521913, 0, 0
80019, 176333634, 0, 0
81042, 329357663, 0, 0
82021, 129202671, 0, 0
83004, 355776836, 0, 0
84000, 103292176, 0, 0
85014, 313185014, 0, 0
86000, 193940748, 0, 0
87033, 137445472, 0, 0
88037, 343794383, 0, 0
89059, 141966101, 0, 0
90041, 367463696, 0, 0
91017, 205347883, 0, 0
92034, 155837846, 0, 0
93007, 185407020, 0, 0
94050, 414159740, 0, 0
95009, 354610437, 0, 0
96022, 197079965, 0, 0
97040, 247457152, 0, 0
98055, 375363073, 0, 0
99004, 397317254, 0, 0
100030, 352061021, 0, 0
101052, 331915706, 0, 0
102017, 370727938, 0, 0
103003, 329573771, 0, 0
104035, 250653673, 0, 0
105021, 202527761, 0, 0
106045, 275913559, 0, 0
107016, 107222029, 0, 0
108062, 272881494, 0, 0
109014, 114128686, 0, 0
110014, 194032570, 0, 0
111020, 320483488, 0, 0
112042, 369567227, 0, 0
113034, 369255179, 0, 0
114028, 195735989, 0, 0
115046, 222968928, 0, 0
116001, 223512897, 0, 0
117045, 173927835, 0, 0
118051, 351898241, 0, 0
119032, 421240836, 0, 0
120050, 371855968, 0, 0
121033, 171549162, 0, 0
122049, 204342720, 0, 0
123002, 218983792, 0, 0
124001, 255579332, 0, 0
125054, 308108633, 0, 0
126042, 51790817, 0, 0
127054, 397211864, 0, 0
128051, 187248404, 0, 0
129033, 322924002, 0, 0
130011, 178231303, 0, 0
131055, 299297727, 0, 0
132037, 175921086, 0, 0
133027, 179041217, 0, 0
134049, 285718502, 0, 0
135007, 369220666, 0, 0
136052, 385112233, 0, 0
137010, 402087531, 0, 0
138028, 303372239, 0, 0
139000, 367607063, 0, 0
140059, 381063253, 0, 0
141008, 325579919, 0, 0
142020, 301463615, 0, 0
143056, 325095282, 0, 0
144017, 360092055, 0, 0
145000, 436367994, 0, 0
146029, 430070902, 0, 0
147049, 369419501, 0, 0
148048, 373461042, 0, 0
149044, 376936956, 0, 0
150003, 405120243, 0, 0
151040, 188986885, 0, 0
152002, 308666290, 0, 0
153025, 308580991, 0, 0
154029, 189742956, 0, 0
155064, 343496780, 0, 0
156010, 381001732, 0, 0
157014, 172495503, 0, 0
158063, 382215120, 0, 0
159060, 388241125, 0, 0
160012, 387880344, 0, 0
161000, 323872282, 0, 0
162009, 165398667, 0, 0
163031, 366366112, 0, 0
164017, 325595917, 0, 0
165031, 404520828, 0, 0
166058, 341759018, 0, 0
167033, 290961535, 0, 0
168016, 325975441, 0, 0
169031, 377529590, 0, 0
170036, 395417038, 0, 0
171041, 395320034, 0, 0
172009, 376459836, 0, 0
173063, 360381254, 0, 0
174066, 402383260, 0, 0
175037, 285183334, 0, 0
176044, 368359172, 0, 0
177017, 382047479, 0, 0
178034, 387874759, 0, 0
179030, 320414238, 0, 0
180016, 283720252, 0, 0
181008, 340024192, 0, 0
182032, 388556790, 0, 0
183041, 190077777, 0, 0
184012, 320084802, 0, 0
185032, 315152655, 0, 0
186035, 310591628, 0, 0
187031, 311422003, 0, 0
188053, 398302195, 0, 0
189056, 320553636, 0, 0
190043, 304810759, 0, 0
191005, 325282638, 0, 0
192031, 377358995, 0, 0
193036, 383849622, 0, 0
194028, 317600111, 0, 0
195043, 317784620, 0, 0
196014, 320752372, 0, 0
197064, 370270033, 0, 0
198043, 370548512, 0, 0
199062, 431732959, 0, 0
200016, 360601605, 0, 0
201024, 340011009, 0, 0
202027, 373035698, 0, 0
203031, 358405117, 0, 0
204040, 281267252, 0, 0
205021, 394297669, 0, 0
206057, 310121370, 0, 0
207010, 268123724, 0, 0
208044, 280910281, 0, 0
209044, 347269435, 0, 0
210057, 270626549, 0, 0
211014, 400741991, 0, 0
212021, 390990383, 0, 0
213016, 314286950, 0, 0
214016, 347425556, 0, 0
215055, 381524478, 0, 0
216014, 286036879, 0, 0
217028, 326424653, 0, 0
218020, 392313394, 0, 0
219062, 321596418, 0, 0
220063, 288365285, 0, 0
221004, 373991039, 0, 0
222036, 375301348, 0, 0
223062, 304648246, 0, 0
224025, 328794852, 0, 0
225023, 341871339, 0, 0
226063, 396373387, 0, 0
227012, 378390527, 0, 0
228040, 357789779, 0, 0
229056, 363852290, 0, 0
230016, 300271972, 0, 0
231035, 357118948, 0, 0
232039, 345906578, 0, 0
233023, 324357033, 0, 0
234042, 390401988, 0, 0
235005, 287140690, 0, 0
236039, 340782068, 0, 0
237049, 279161649, 0, 0
238008, 355665087, 0, 0
239052, 344322100, 0, 0
240042, 342682719, 0, 0
241028, 321630381, 0, 0
242095, 306083712, 0, 0
243054, 353019227, 0, 0
244031, 274488878, 0, 0
245024, 261111884, 0, 0
246004, 255323044, 0, 0
247002, 341069202, 0, 0
248037, 344127050, 0, 0
249026, 359572569, 0, 0
250043, 376316718, 0, 0
251046, 348060911, 0, 0
252030, 336563745, 0, 0
253050, 263542568, 0, 0
254018, 275701236, 0, 0
255012, 298929418, 0, 0
256029, 301460398, 0, 0
257016, 284409736, 0, 0
258030, 263343476, 0, 0
259035, 282653287, 0, 0
260048, 304805612, 0, 0
261042, 336810438, 0, 0
262049, 402153319, 0, 0
263031, 390046898, 0, 0
264027, 357611972, 0, 0
265052, 368848881, 0, 0
266061, 375761040, 0, 0
267050, 351435717, 0, 0
268046, 378318998, 0, 0
269015, 367902974, 0, 0
270040, 296486613, 0, 0
271014, 357447881, 0, 0
272041, 273610646, 0, 0
273044, 339111798, 0, 0
274018, 310602133, 0, 0
275054, 338272534, 0, 0
276001, 329621171, 0, 0
277051, 387191875, 0, 0
278056, 358535127, 0, 0
279035, 315943734, 0, 0
280051, 303770088, 0, 0
281045, 300861050, 0, 0
282067, 360806808, 0, 0
283028, 307623701, 0, 0
284039, 316409182, 0, 0
285050, 263670884, 0, 0
286011, 246710033, 0, 0
287017, 369354150, 0, 0
288059, 343906811, 0, 0
289041, 275479910, 0, 0
290046, 319201224, 0, 0
291014, 342268615, 0, 0
292057, 358795940, 0, 0
293056, 341304927, 0, 0
294047, 340765937, 0, 0
295055, 331780919, 0, 0
296050, 332635474, 0, 0
297004, 353453286, 0, 0
298014, 339867253, 0, 0
299062, 368506063, 0, 0
300011, 347827815, 0, 0
301043, 337517425, 0, 0
302065, 303430020, 0, 0
303038, 283342889, 0, 0
304039, 316001424, 0, 0
305065, 289962340, 0, 0
306031, 332564774, 0, 0
307037, 266588704, 0, 0
308059, 285804578, 0, 0
309056, 332956597, 0, 0
310010, 345438922, 0, 0
311028, 300421611, 0, 0
312054, 317705271, 0, 0
313042, 284819662, 0, 0
314043, 349385263, 0, 0
315027, 302354586, 0, 0
316044, 264277701, 0, 0
317033, 271059587, 0, 0
318017, 264737488, 0, 0
319058, 290029334, 0, 0
320051, 296467804, 0, 0
321054, 286477862, 0, 0
322015, 342483146, 0, 0
323026, 294247553, 0, 0
324051, 258877023, 0, 0
325021, 263964300, 0, 0
326058, 348540199, 0, 0
327044, 285680295, 0, 0
328022, 324653176, 0, 0
329046, 337755249, 0, 0
330040, 323626995, 0, 0
331007, 361128010, 0, 0
332037, 316520119, 0, 0
333000, 276398831, 0, 0
334013, 308472707, 0, 0
335001, 304486066, 0, 0
336022, 283885008, 0, 0
337042, 280587336, 0, 0
338042, 335728402, 0, 0
339070, 349742731, 0, 0
340050, 332588702, 0, 0
341008, 362428772, 0, 0
342039, 317450358, 0, 0
343012, 342587114, 0, 0
344021, 345392995, 0, 0
345030, 288086718, 0, 0
346043, 349759683, 0, 0
347027, 301291658, 0, 0
348023, 352411884, 0, 0
349022, 321579152, 0, 0
350013, 332980447, 0, 0
351011, 240104317, 0, 0
352026, 296434610, 0, 0
353039, 328661857, 0, 0
354012, 312551123, 0, 0
355026, 306385511, 0, 0
356007, 305729421, 0, 0
357044, 308580332, 0, 0
358061, 305529871, 0, 0
359013, 308829716, 0, 0
360002, 269465638, 0, 0
361007, 325049964, 0, 0
362023, 335414837, 0, 0
363051, 312689548, 0, 0
364005, 341608704, 0, 0
365026, 301311053, 0, 0
366011, 310177851, 0, 0
367018, 323964394, 0, 0
368045, 289528014, 0, 0
369010, 293410127, 0, 0
370060, 331699847, 0, 0
371017, 347376341, 0, 0
372052, 335924595, 0, 0
373019, 301311735, 0, 0
374005, 273351047, 0, 0
375017, 301250691, 0, 0
376010, 252531660, 0, 0
377027, 274062384, 0, 0
378034, 286751696, 0, 0
379030, 311402705, 0, 0
380031, 279520941, 0, 0
381036, 297005981, 0, 0
382049, 293910767, 0, 0
383031, 291680212, 0, 0
384050, 308947860, 0, 0
385004, 295944885, 0, 0
386049, 305202322, 0, 0
387046, 298267652, 0, 0
388029, 267436996, 0, 0
389021, 252083452, 0, 0
390018, 272564077, 0, 0
391011, 313199203, 0, 0
392032, 295751599, 0, 0
393046, 269581078, 0, 0
394040, 269487756, 0, 0
395044, 286173911, 0, 0
396045, 273749269, 0, 0
397051, 309551976, 0, 0
398054, 280373917, 0, 0
399032, 293994972, 0, 0
400016, 282489297, 0, 0
401064, 308382562, 0, 0
402035, 286127807, 0, 0
403060, 300330436, 0, 0
404045, 302269312, 0, 0
405011, 339135450, 0, 0
406018, 294564756, 0, 0
407036, 304181890, 0, 0
408043, 313927888, 0, 0
409055, 298757624, 0, 0
410001, 324243538, 0, 0
411045, 304920343, 0, 0
412035, 291621174, 0, 0
413061, 279486638, 0, 0
414051, 305481147, 0, 0
415054, 290049421, 0, 0
416038, 310484401, 0, 0
417003, 314575349, 0, 0
418044, 288166741, 0, 0
419040, 295282515, 0, 0
420043, 294386931, 0, 0
421046, 298975302, 0, 0
422006, 298167098, 0, 0
423014, 296021535, 0, 0
424019, 259203210, 0, 0
425015, 275161782, 0, 0
426058, 315447579, 0, 0
427009, 256102668, 0, 0
428051, 271525718, 0, 0
429053, 273373598, 0, 0
430064, 305425441, 0, 0
431069, 251893544, 0, 0
432014, 294299125, 0, 0
433045, 298392233, 0, 0
434049, 285712159, 0, 0
435069, 313439670, 0, 0
436043, 285112683, 0, 0
437029, 256402107, 0, 0
438000, 284705509, 0, 0
439013, 268592046, 0, 0
440036, 283125613, 0, 0
441036, 298129463, 0, 0
442038, 323862192, 0, 0
443000, 330889115, 0, 0
444045, 286245149, 0, 0
445003, 319577810, 0, 0
446069, 262606018, 0, 0
447027, 282202081, 0, 0
448019, 254691078, 0, 0
449027, 295298113, 0, 0
450043, 300581557, 0, 0
451030, 275030199, 0, 0
452020, 274370195, 0, 0
453020, 304106416, 0, 0
454031, 304141687, 0, 0
455013, 332976289, 0, 0
456045, 289331089, 0, 0
457011, 314057063, 0, 0
458005, 319541465, 0, 0
459047, 333225896, 0, 0
460017, 321001606, 0, 0
461052, 260587745, 0, 0
462014, 327536079, 0, 0
463000, 261406776, 0, 0
464053, 255083691, 0, 0
465025, 276717551, 0, 0
466007, 304124613, 0, 0
467001, 321067119, 0, 0
468043, 285498271, 0, 0
469073, 252588333, 0, 0
470031, 314536309, 0, 0
471046, 264116924, 0, 0
472040, 294591105, 0, 0
473017, 289630229, 0, 0
474020, 272501531, 0, 0
475026, 285900393, 0, 0
476031, 242816559, 0, 0
477041, 267943585, 0, 0
478029, 274703802, 0, 0
479028, 295023553, 0, 0
480027, 288864688, 0, 0
481048, 280779496, 0, 0
482034, 264525554, 0, 0
483041, 286686171, 0, 0
484046, 279631231, 0, 0
485011, 291353727, 0, 0
486045, 295152619, 0, 0
487062, 295512709, 0, 0
488043, 299637392, 0, 0
489044, 268361023, 0, 0
490043, 291882932, 0, 0
491007, 280008203, 0, 0
492053, 274658280, 0, 0
493024, 265690770, 0, 0
494030, 305447063, 0, 0
495043, 306228197, 0, 0
496065, 299870421, 0, 0
497010, 278269647, 0, 0
498045, 255781126, 0, 0
499023, 278268288, 0, 0
500029, 239400923, 0, 0
501001, 250231029, 0, 0
502039, 308444912, 0, 0
503013, 280807828, 0, 0
504035, 281869378, 0, 0
505020, 267564133, 0, 0
506020, 311868436, 0, 0
507018, 279652274, 0, 0
508017, 288207212, 0, 0
509019, 284514675, 0, 0
510015, 258156994, 0, 0
511044, 275705698, 0, 0
512055, 272690449, 0, 0
513019, 282033032, 0, 0
514013, 244533370, 0, 0
515000, 285584173, 0, 0
516033, 271576104, 0, 0
517000, 290421679, 0, 0
518030, 285108226, 0, 0
519003, 300497625, 0, 0
520009, 325461403, 0, 0
521009, 300076074, 0, 0
522047, 284205795, 0, 0
523024, 268570308, 0, 0
524060, 298366801, 0, 0
525034, 331740487, 0, 0
526045, 281502054, 0, 0
527036, 310067187, 0, 0
528059, 306915551, 0, 0
529046, 265236129, 0, 0
530042, 263477794, 0, 0
531043, 277587627, 0, 0
532043, 284616766, 0, 0
533024, 274889479, 0, 0
534028, 278682062, 0, 0
535025, 262634386, 0, 0
536026, 272061580, 0, 0
537009, 273083316, 0, 0
538035, 273448647, 0, 0
539045, 261887728, 0, 0
540059, 283121737, 0, 0
541014, 295510543, 0, 0
542003, 292877268, 0, 0
543028, 286780153, 0, 0
544057, 298898301, 0, 0
545035, 288666425, 0, 0
546038, 309518803, 0, 0
547054, 261967778, 0, 0
548025, 262656271, 0, 0
549028, 290109458, 0, 0
550016, 322444055, 0, 0
551006, 251103358, 0, 0
552060, 250750467, 0, 0
553000, 260975233, 0, 0
554024, 296623111, 0, 0
555068, 268828727, 0, 0
556015, 284090239, 0, 0
557025, 284762348, 0, 0
558004, 274721167, 0, 0
559061, 271992921, 0, 0
560026, 263856775, 0, 0
561009, 260749411, 0, 0
562053, 298131627, 0, 0
563054, 264181315, 0, 0
564008, 287681782, 0, 0
565034, 283281135, 0, 0
566003, 305584971, 0, 0
567054, 279193107, 0, 0
568003, 269695850, 0, 0
569056, 311304970, 0, 0
570024, 280250259, 0, 0
571046, 315242383, 0, 0
572057, 301659697, 0, 0
573036, 297589850, 0, 0
574020, 283532197, 0, 0
575005, 298047670, 0, 0
576018, 286594673, 0, 0
577007, 293324010, 0, 0
578016, 277102453, 0, 0
579033, 278053737, 0, 0
580035, 296418160, 0, 0
581038, 259286894, 0, 0
582049, 303729721, 0, 0
583021, 271031526, 0, 0
584052, 286767929, 0, 0
585022, 284551286, 0, 0
586026, 313877679, 0, 0
587017, 285774683, 0, 0
588048, 310390161, 0, 0
589029, 262668869, 0, 0
590011, 256500551, 0, 0
591013, 279869938, 0, 0
592044, 321736303, 0, 0
593034, 291475489, 0, 0
594036, 292543676, 0, 0
595052, 270095620, 0, 0
596014, 292482258, 0, 0
597045, 282417080, 0, 0
598056, 279102653, 0, 0
599000, 280335826, 0, 0
600012, 300768787, 0, 0
601027, 281519927, 0, 0
602000, 282006450, 0, 0
603020, 254398525, 0, 0
604000, 312572629, 0, 0
605051, 245694668, 0, 0
606051, 260529981, 0, 0
607004, 302773229, 0, 0
608026, 296326117, 0, 0
609042, 292735097, 0, 0
610047, 310409411, 0, 0
611006, 281830234, 0, 0
612005, 299127886, 0, 0
613062, 309594920, 0, 0
614052, 312762614, 0, 0
615037, 270321777, 0, 0
616003, 287461380, 0, 0
617045, 269445036, 0, 0
618042, 298205804, 0, 0
619015, 296400063, 0, 0
620023, 294665330, 0, 0
621019, 286813969, 0, 0
622002, 275235940, 0, 0
623012, 297183841, 0, 0
624023, 275323532, 0, 0
625068, 260191899, 0, 0
626038, 307315027, 0, 0
627057, 324567177, 0, 0
628024, 334627248, 0, 0
629054, 296392191, 0, 0
630000, 266073042, 0, 0
631053, 287796797, 0, 0
632044, 310305551, 0, 0
633053, 257301049, 0, 0
634028, 285088926, 0, 0
635000, 311467595, 0, 0
636017, 288333310, 0, 0
637011, 318831882, 0, 0
638051, 245532857, 0, 0
639000, 254588184, 0, 0
640018, 286832950, 0, 0
641007, 289683204, 0, 0
642059, 262872242, 0, 0
643003, 256892604, 0, 0
644009, 302833005, 0, 0
645027, 280893253, 0, 0
646021, 272278869, 0, 0
647029, 303162125, 0, 0
648053, 267471871, 0, 0
649034, 272500397, 0, 0
650064, 283638863, 0, 0
651018, 277764740, 0, 0
652008, 278845948, 0, 0
653035, 294051579, 0, 0
654054, 233349414, 0, 0
655023, 307204887, 0, 0
656038, 272578068, 0, 0
657059, 270409521, 0, 0
658036, 291167559, 0, 0
659056, 273979060, 0, 0
660021, 253440201, 0, 0
661024, 281792368, 0, 0
662017, 291981625, 0, 0
663027, 297549437, 0, 0
664060, 271448890, 0, 0
665021, 287500703, 0, 0
666065, 272018891, 0, 0
667058, 297541722, 0, 0
668021, 278977658, 0, 0
669048, 290520085, 0, 0
670011, 271797988, 0, 0
671039, 283942694, 0, 0
672063, 276604496, 0, 0
673012, 245994741, 0, 0
674014, 263457711, 0, 0
675055, 258342225, 0, 0
676058, 254795463, 0, 0
677011, 286221544, 0, 0
678054, 287721229, 0, 0
679051, 293025040, 0, 0
680052, 297451871, 0, 0
681031, 272306189, 0, 0
682040, 287068001, 0, 0
683029, 254651264, 0, 0
684056, 268959548, 0, 0
685063, 289758979, 0, 0
686055, 293149704, 0, 0
687048, 300226123, 0, 0
688044, 274373058, 0, 0
689045, 279151875, 0, 0
690058, 277881474, 0, 0
691010, 280602026, 0, 0
692032, 289660842, 0, 0
693045, 294019432, 0, 0
694042, 264638474, 0, 0
695031, 279024758, 0, 0
696013, 299083761, 0, 0
697056, 281608972, 0, 0
698015, 286788007, 0, 0
699033, 292208794, 0, 0
700062, 299792223, 0, 0
701051, 285494772, 0, 0
702049, 252717628, 0, 0
703000, 272984535, 0, 0
704005, 279976665, 0, 0
705010, 260130998, 0, 0
706049, 251449779, 0, 0
707001, 279123545, 0, 0
708003, 299638031, 0, 0
709022, 274235610, 0, 0
710045, 276012185, 0, 0
711063, 241917674, 0, 0
712050, 279899837, 0, 0
713013, 297346071, 0, 0
714024, 270159152, 0, 0
715029, 292492240, 0, 0
716010, 279573055, 0, 0
717014, 255298439, 0, 0
718024, 287952801, 0, 0
719026, 300834206, 0, 0
720025, 252427682, 0, 0
721013, 285569561, 0, 0
722029, 258416110, 0, 0
723032, 311086095, 0, 0
724030, 295405132, 0, 0
725019, 314155062, 0, 0
726061, 259785647, 0, 0
727028, 289744233, 0, 0
728022, 292406532, 0, 0
729027, 268759392, 0, 0
730055, 294805130, 0, 0
731024, 294191618, 0, 0
732015, 301463390, 0, 0
733056, 311395756, 0, 0
734020, 324958814, 0, 0
735049, 303517372, 0, 0
736017, 264667017, 0, 0
737022, 290828765, 0, 0
738018, 298982690, 0, 0
739052, 281624139, 0, 0
740032, 296491229, 0, 0
741014, 265597452, 0, 0
742032, 258285577, 0, 0
743017, 242694586, 0, 0
744036, 248696842, 0, 0
745000, 288387462, 0, 0
746010, 274388424, 0, 0
747013, 278483687, 0, 0
748032, 251116472, 0, 0
749038, 264648248, 0, 0
750038, 270214094, 0, 0
751054, 280474775, 0, 0
752033, 275352556, 0, 0
753047, 269459590, 0, 0
754018, 269830116, 0, 0
755038, 296237258, 0, 0
756009, 300717417, 0, 0
757062, 279143793, 0, 0
758056, 275565988, 0, 0
759031, 296769338, 0, 0
760057, 239224544, 0, 0
761060, 241709785, 0, 0
762045, 304510902, 0, 0
763056, 315381891, 0, 0
764045, 269546008, 0, 0
765023, 311455655, 0, 0
766051, 292674923, 0, 0
767042, 275837730, 0, 0
768009, 285898841, 0, 0
769030, 291734586, 0, 0
770046, 287883332, 0, 0
771040, 305069334, 0, 0
772055, 287633845, 0, 0
773065, 267936606, 0, 0
774012, 271598299, 0, 0
775043, 257985638, 0, 0
776046, 267310025, 0, 0
777054, 290131404, 0, 0
778003, 308180930, 0, 0
779052, 325325627, 0, 0
780055, 260262859, 0, 0
781055, 300109463, 0, 0
782020, 319339138, 0, 0
783028, 285229388, 0, 0
784043, 280404082, 0, 0
785066, 271167525, 0, 0
786033, 295936455, 0, 0
787051, 286552728, 0, 0
788054, 277786662, 0, 0
789038, 278055304, 0, 0
790028, 322795219, 0, 0
791044, 282622334, 0, 0
792019, 324514366, 0, 0
793010, 271722130, 0, 0
794023, 279602712, 0, 0
795043, 266627437, 0, 0
796013, 271283470, 0, 0
797062, 283062127, 0, 0
798040, 275774727, 0, 0
799009, 288473661, 0, 0
800053, 251025368, 0, 0
801006, 293389472, 0, 0
802061, 280702822, 0, 0
803002, 297077380, 0, 0
804000, 244751357, 0, 0
805022, 276807247, 0, 0
806035, 267403211, 0, 0
807034, 273704829, 0, 0
808038, 293537787, 0, 0
809039, 279223583, 0, 0
810059, 303057177, 0, 0
811016, 304196588, 0, 0
812031, 289083658, 0, 0
813002, 303375879, 0, 0
814042, 233802350, 0, 0
815004, 261863463, 0, 0
816014, 287608712, 0, 0
817001, 260828433, 0, 0
818043, 258941927, 0, 0
819028, 283502571, 0, 0
820007, 287582255, 0, 0
821027, 284438354, 0, 0
822045, 274921499, 0, 0
823004, 315769890, 0, 0
824024, 295134358, 0, 0
825024, 316832029, 0, 0
826025, 267705261, 0, 0
827045, 274841596, 0, 0
828025, 263115381, 0, 0
829021, 268265653, 0, 0
830007, 283190989, 0, 0
831047, 278157059, 0, 0
832037, 282818707, 0, 0
833053, 305225040, 0, 0
834060, 281657471, 0, 0
835019, 301114725, 0, 0
836056, 278800626, 0, 0
837017, 299781872, 0, 0
838045, 320261274, 0, 0
839049, 255426888, 0, 0
840020, 253910141, 0, 0
841014, 258093290, 0, 0
842019, 296797624, 0, 0
843001, 299498205, 0, 0
844032, 295806804, 0, 0
845007, 270285410, 0, 0
846059, 307561378, 0, 0
847021, 253707100, 0, 0
848008, 236840497, 0, 0
849014, 263490522, 0, 0
850037, 319356880, 0, 0
851028, 302842889, 0, 0
852054, 305179569, 0, 0
853051, 283694178, 0, 0
854034, 301786791, 0, 0
855027, 325739369, 0, 0
856016, 346215305, 0, 0
857012, 287428921, 0, 0
858011, 295984648, 0, 0
859023, 312729525, 0, 0
860047, 298511026, 0, 0
861051, 335128151, 0, 0
862024, 234727726, 0, 0
863017, 306285502, 0, 0
864034, 282067081, 0, 0
865036, 295897434, 0, 0
866001, 309536127, 0, 0
867056, 306676657, 0, 0
868011, 300506691, 0, 0
869071, 266046410, 0, 0
870009, 269523450, 0, 0
871034, 306739666, 0, 0
872035, 290684480, 0, 0
873002, 293444355, 0, 0
874050, 325252628, 0, 0
875019, 303474750, 0, 0
876011, 302436734, 0, 0
877005, 290723252, 0, 0
878035, 304165114, 0, 0
879007, 285067975, 0, 0
880056, 273135809, 0, 0
881028, 276070735, 0, 0
882031, 273807752, 0, 0
883022, 313966680, 0, 0
884017, 251190806, 0, 0
885026, 293468618, 0, 0
886039, 316050601, 0, 0
887000, 280640948, 0, 0
888056, 321074496, 0, 0
889020, 324937386, 0, 0
890030, 266513913, 0, 0
891062, 273305067, 0, 0
892015, 300063553, 0, 0
893043, 278750852, 0, 0
894054, 246679607, 0, 0
895053, 323707446, 0, 0
896016, 354539820, 0, 0
897056, 321458898, 0, 0
898071, 396817008, 0, 0
899076, 394321839, 0, 0
900044, 353220409, 0, 0
901032, 289626116, 0, 0
902040, 288679804, 0, 0
903056, 276343658, 0, 0
904043, 260361319, 0, 0
905043, 273224857, 0, 0
906037, 308289622, 0, 0
907024, 318626459, 0, 0
908052, 256634079, 0, 0
909043, 263508351, 0, 0
910056, 302188499, 0, 0
911005, 283324614, 0, 0
912061, 268746753, 0, 0
913044, 240582595, 0, 0
914025, 268398724, 0, 0
915012, 249216066, 0, 0
916054, 267344259, 0, 0
917007, 275778081, 0, 0
918053, 276328532, 0, 0
919049, 319501486, 0, 0
920016, 314475741, 0, 0
921017, 314946795, 0, 0
922006, 291509886, 0, 0
923029, 295084020, 0, 0
924027, 303627916, 0, 0
925030, 306605283, 0, 0
926031, 284937115, 0, 0
927020, 316757055, 0, 0
928042, 301302576, 0, 0
929002, 325559552, 0, 0
930058, 304615491, 0, 0
931030, 294334182, 0, 0
932053, 277517087, 0, 0
933051, 294812492, 0, 0
934022, 281335772, 0, 0
935048, 263854022, 0, 0
936044, 297522673, 0, 0
937039, 266436433, 0, 0
938061, 322556735, 0, 0
939002, 289182618, 0, 0
940017, 314126238, 0, 0
941022, 265128104, 0, 0
942053, 305450966, 0, 0
943050, 308446662, 0, 0
944060, 353011078, 0, 0
945043, 293202660, 0, 0
946057, 268640969, 0, 0
947052, 268933744, 0, 0
948001, 304183704, 0, 0
949014, 308332791, 0, 0
950070, 342098581, 0, 0
951028, 299093502, 0, 0
952027, 284380734, 0, 0
953027, 296760163, 0, 0
954066, 295190397, 0, 0
955007, 302245148, 0, 0
956008, 293224551, 0, 0
957049, 279863112, 0, 0
958052, 307704092, 0, 0
959038, 261242516, 0, 0
960026, 272721077, 0, 0
961043, 349791615, 0, 0
962047, 326707844, 0, 0
963047, 269964503, 0, 0
964050, 269727289, 0, 0
965055, 268854266, 0, 0
966045, 286635395, 0, 0
967058, 268046089, 0, 0
968032, 285000197, 0, 0
969025, 273747087, 0, 0
970008, 239464975, 0, 0
971020, 300618020, 0, 0
972044, 308637410, 0, 0
973034, 251531201, 0, 0
974027, 291304864, 0, 0
975018, 280534112, 0, 0
976019, 240068200, 0, 0
977058, 306064296, 0, 0
978017, 256468243, 0, 0
979039, 288451499, 0, 0
980002, 291857732, 0, 0
981013, 272891950, 0, 0
982021, 333997809, 0, 0
983006, 269768727, 0, 0
984053, 287282158, 0, 0
985046, 283610894, 0, 0
986017, 324065981, 0, 0
987015, 308314319, 0, 0
988042, 291201052, 0, 0
989047, 295182684, 0, 0
990012, 309433857, 0, 0
991043, 273805892, 0, 0
992000, 314192951, 0, 0
993017, 300514939, 0, 0
994001, 353123489, 0, 0
995011, 314218451, 0, 0
996047, 274107057, 0, 0
997043, 260313889, 0, 0
998039, 294063191, 0, 0
999069, 269926072, 0, 0
1000054, 253337855, 0, 0
1001095, 258514514, 0, 0
1002013, 302801835, 0, 0
1003051, 276694963, 0, 0
1004059, 308728381, 0, 0
1005011, 294196340, 0, 0
1006047, 310211729, 0, 0
1007015, 325560868, 0, 0
1008035, 337358172, 0, 0
1009021, 292002433, 0, 0
1010058, 302829390, 0, 0
1011004, 290839190, 0, 0
1012036, 279890827, 0, 0
1013059, 299708652, 0, 0
1014054, 303543890, 0, 0
1015044, 250147850, 0, 0
1016015, 269095039, 0, 0
1017002, 272745176, 0, 0
1018065, 294732262, 0, 0
1019001, 253301016, 0, 0
1020029, 302459794, 0, 0
1021012, 315062176, 0, 0
1022053, 326599294, 0, 0
1023033, 292871575, 0, 0
1024019, 329701501, 0, 0
1025066, 352826066, 0, 0
1026010, 313411525, 0, 0
1027035, 263243935, 0, 0
1028041, 286528907, 0, 0
1029047, 295741236, 0, 0
1030033, 280305205, 0, 0
1031006, 297519546, 0, 0
1032032, 330565903, 0, 0
1033012, 273846346, 0, 0
1034021, 275473418, 0, 0
1035004, 371814144, 0, 0
1036069, 299281245, 0, 0
1037042, 325312579, 0, 0
1038060, 303556614, 0, 0
1039004, 271527009, 0, 0
1040054, 280360241, 0, 0
1041034, 309864277, 0, 0
1042013, 295529271, 0, 0
1043037, 309711641, 0, 0
1044006, 266074970, 0, 0
1045012, 231505960, 0, 0
1046027, 185129527, 0, 0
1047034, 263091428, 0, 0
1048010, 306603050, 0, 0
1049059, 272109778, 0, 0
1050060, 273865063, 0, 0
1051054, 273715829, 0, 0
1052060, 260477047, 0, 0
1053023, 292641224, 0, 0
1054044, 268412975, 0, 0
1055039, 257371753, 0, 0
1056014, 270105903, 0, 0
1057012, 268689566, 0, 0
1058009, 286905248, 0, 0
1059033, 243464697, 0, 0
1060056, 264220731, 0, 0
1061039, 260745692, 0, 0
1062007, 251559886, 0, 0
1063007, 289395171, 0, 0
1064004, 282388300, 0, 0
1065027, 243049872, 0, 0
1066011, 286500703, 0, 0
1067021, 263561969, 0, 0
1068038, 265132179, 0, 0
1069057, 266063473, 0, 0
1070058, 248477987, 0, 0
1071002, 292270749, 0, 0
1072051, 264225940, 0, 0
1073054, 275041248, 0, 0
1074006, 239537844, 0, 0
1075022, 278004341, 0, 0
1076014, 256700714, 0, 0
1077062, 279050899, 0, 0
1078054, 293559894, 0, 0
1079061, 264319350, 0, 0
1080060, 262593826, 0, 0
1081002, 250651211, 0, 0
1082027, 253150972, 0, 0
1083021, 257124862, 0, 0
1084053, 306889111, 0, 0
1085007, 271694448, 0, 0
1086025, 275013331, 0, 0
1087051, 285748218, 0, 0
1088015, 283353959, 0, 0
1089039, 284245854, 0, 0
1090042, 278651918, 0, 0
1091021, 261955962, 0, 0
1092051, 268057925, 0, 0
1093022, 232607952, 0, 0
1094020, 251184503, 0, 0
1095003, 270397531, 0, 0
1096063, 238833707, 0, 0
1097051, 252960126, 0, 0
1098045, 287414137, 0, 0
1099013, 270455193, 0, 0
1100014, 269849489, 0, 0
1101026, 258459166, 0, 0
1102037, 254163238, 0, 0
1103043, 304546153, 0, 0
1104036, 266573358, 0, 0
1105042, 284749275, 0, 0
1106029, 277819105, 0, 0
1107004, 246467923, 0, 0
1108000, 250896077, 0, 0
1109061, 239958883, 0, 0
1110063, 271717213, 0, 0
1111054, 263952411, 0, 0
1112051, 248557079, 0, 0
1113042, 285528026, 0, 0
1114020, 269845906, 0, 0
1115000, 252202240, 0, 0
1116069, 258240580, 0, 0
1117047, 261578895, 0, 0
1118060, 241902683, 0, 0
1119044, 329192488, 0, 0
1120058, 242305279, 0, 0
1121034, 286591499, 0, 0
1122021, 238689191, 0, 0
1123024, 294157667, 0, 0
1124002, 302198201, 0, 0
1125024, 278123073, 0, 0
1126037, 250267801, 0, 0
1127028, 262821911, 0, 0
1128018, 303315656, 0, 0
1129011, 286221218, 0, 0
1130052, 276476211, 0, 0
1131010, 279020674, 0, 0
1132045, 270459239, 0, 0
1133027, 288770158, 0, 0
1134022, 259584105, 0, 0
1135039, 242188590, 0, 0
1136053, 269079719, 0, 0
1137036, 267679338, 0, 0
1138039, 249493349, 0, 0
1139008, 228810768, 0, 0
1140005, 241509254, 0, 0
1141021, 250287677, 0, 0
1142043, 268384745, 0, 0
1143000, 238218001, 0, 0
1144049, 270645388, 0, 0
1145022, 257762013, 0, 0
1146009, 234530796, 0, 0
1147050, 258383141, 0, 0
1148049, 255722483, 0, 0
1149004, 281310060, 0, 0
1150050, 287860771, 0, 0
1151057, 251253181, 0, 0
1152045, 248545209, 0, 0
1153043, 277115865, 0, 0
1154011, 247425516, 0, 0
1155013, 248039371, 0, 0
1156038, 245051158, 0, 0
1157027, 244243349, 0, 0
1158000, 242389488, 0, 0
1159064, 233765529, 0, 0
1160029, 240549034, 0, 0
1161031, 297517035, 0, 0
1162012, 313804383, 0, 0
1163018, 273884069, 0, 0
1164061, 261789019, 0, 0
1165011, 254159652, 0, 0
1166036, 248918173, 0, 0
1167011, 257185626, 0, 0
1168046, 250464082, 0, 0
1169002, 262306416, 0, 0
1170049, 270620467, 0, 0
1171000, 245251960, 0, 0
1172000, 273959005, 0, 0
1173009, 253443378, 0, 0
1174044, 274584387, 0, 0
1175036, 229223378, 0, 0
1176013, 259318792, 0, 0
1177004, 241631738, 0, 0
1178015, 228345518, 0, 0
1179046, 279711227, 0, 0
1180027, 269071729, 0, 0
1181042, 245459485, 0, 0
1182039, 242178039, 0, 0
1183043, 235980672, 0, 0
1184056, 259926307, 0, 0
1185039, 265161359, 0, 0
1186057, 248892309, 0, 0
1187005, 248546095, 0, 0
1188033, 236878475, 0, 0
1189057, 257198183, 0, 0
1190046, 248773301, 0, 0
1191010, 260610466, 0, 0
1192027, 240994713, 0, 0
1193055, 268443599, 0, 0
1194024, 251940388, 0, 0
1195052, 268010739, 0, 0
1196062, 263004591, 0, 0
1197018, 251915884, 0, 0
1198023, 245982084, 0, 0
1199002, 283338300, 0, 0
1200019, 245038356, 0, 0
1201000, 275174466, 0, 0
1202021, 278924496, 0, 0
1203062, 304472414, 0, 0
1204046, 260232201, 0, 0
1205015, 259535337, 0, 0
1206005, 256775186, 0, 0
1207042, 216370960, 0, 0
1208000, 279834053, 0, 0
1209063, 258541681, 0, 0
1210030, 260512016, 0, 0
1211049, 262966181, 0, 0
1212001, 251292196, 0, 0
1213005, 263223863, 0, 0
1214043, 230175097, 0, 0
1215000, 261353595, 0, 0
1216037, 267488697, 0, 0
1217008, 263198570, 0, 0
1218018, 249411598, 0, 0
1219013, 247248634, 0, 0
1220051, 246259039, 0, 0
1221057, 264070721, 0, 0
1222025, 249435064, 0, 0
1223027, 246392958, 0, 0
1224047, 264565998, 0, 0
1225054, 275162757, 0, 0
1226023, 253826614, 0, 0
1227043, 292908085, 0, 0
1228007, 234312010, 0, 0
1229067, 228586717, 0, 0
1230058, 269210516, 0, 0
1231022, 231012042, 0, 0
1232027, 244352011, 0, 0
1233019, 255694565, 0, 0
1234049, 239846802, 0, 0
1235032, 241374299, 0, 0
1236009, 275072650, 0, 0
1237039, 249807634, 0, 0
1238033, 254715857, 0, 0
1239026, 252266604, 0, 0
1240019, 248963474, 0, 0
1241037, 264514132, 0, 0
1242001, 285340973, 0, 0
1243044, 238635011, 0, 0
1244050, 248735309, 0, 0
1245018, 256757699, 0, 0
1246017, 268855177, 0, 0
1247038, 271357168, 0, 0
1248024, 275002444, 0, 0
1249039, 260537721, 0, 0
1250020, 290738489, 0, 0
1251064, 246270692, 0, 0
1252061, 220403387, 0, 0
1253061, 263489613, 0, 0
1254009, 283043223, 0, 0
1255022, 258626821, 0, 0
1256037, 225638048, 0, 0
1257003, 242816735, 0, 0
1258016, 264933573, 0, 0
1259015, 258030265, 0, 0
1260054, 241431896, 0, 0
1261052, 275316847, 0, 0
1262026, 252308726, 0, 0
1263017, 256436425, 0, 0
1264042, 222500731, 0, 0
1265001, 276220708, 0, 0
1266031, 241765807, 0, 0
1267039, 233801513, 0, 0
1268053, 239612359, 0, 0
1269017, 262146936, 0, 0
1270059, 242033043, 0, 0
1271061, 274842460, 0, 0
1272016, 280823109, 0, 0
1273036, 251944398, 0, 0
1274029, 265349472, 0, 0
1275039, 274399401, 0, 0
1276023, 245292499, 0, 0
1277001, 263526137, 0, 0
1278016, 278011206, 0, 0
1279048, 238496178, 0, 0
1280042, 265063429, 0, 0
1281029, 265273756, 0, 0
1282038, 264490152, 0, 0
1283025, 256843793, 0, 0
1284049, 251450160, 0, 0
1285058, 271367769, 0, 0
1286040, 228675520, 0, 0
1287018, 244110412, 0, 0
1288049, 252573026, 0, 0
1289021, 248590652, 0, 0
1290019, 270952404, 0, 0
1291007, 251392135, 0, 0
1292025, 260397395, 0, 0
1293031, 282822384, 0, 0
1294057, 253121591, 0, 0
1295009, 238479820, 0, 0
1296026, 244452274, 0, 0
1297024, 252444874, 0, 0
1298013, 235791999, 0, 0
1299059, 252547423, 0, 0
1300049, 252242098, 0, 0
1301032, 254123207, 0, 0
1302024, 255229423, 0, 0
1303003, 255183624, 0, 0
1304036, 239475783, 0, 0
1305006, 261408523, 0, 0
1306018, 260476181, 0, 0
1307040, 232288021, 0, 0
1308015, 272306258, 0, 0
1309018, 249124784, 0, 0
1310034, 252007386, 0, 0
1311039, 236704279, 0, 0
1312004, 250558566, 0, 0
1313029, 218986596, 0, 0
1314058, 208910454, 0, 0
1315060, 230957147, 0, 0
1316060, 246675611, 0, 0
1317010, 240372583, 0, 0
1318056, 263539918, 0, 0
1319054, 243606942, 0, 0
1320050, 248618962, 0, 0
1321000, 253490963, 0, 0
1322050, 254957786, 0, 0
1323057, 216076748, 0, 0
1324005, 269497355, 0, 0
1325042, 257663498, 0, 0
1326056, 283750789, 0, 0
1327007, 226581571, 0, 0
1328002, 251444643, 0, 0
1329003, 243176741, 0, 0
1330013, 248460119, 0, 0
1331040, 263959547, 0, 0
1332041, 242594729, 0, 0
1333004, 267347723, 0, 0
1334035, 240640477, 0, 0
1335045, 241456045, 0, 0
1336002, 236540258, 0, 0
1337097, 272635490, 0, 0
1338009, 246414922, 0, 0
1339027, 254923103, 0, 0
1340044, 238764191, 0, 0
1341029, 237441961, 0, 0
1342043, 236043624, 0, 0
1343023, 240572963, 0, 0
1344010, 224031845, 0, 0
1345016, 246425984, 0, 0
1346027, 244777873, 0, 0
1347056, 247961533, 0, 0
1348040, 235530004, 0, 0
1349001, 240324817, 0, 0
1350011, 237990222, 0, 0
1351010, 237784647, 0, 0
1352022, 275623661, 0, 0
1353036, 263408384, 0, 0
1354059, 246935318, 0, 0
1355021, 251334389, 0, 0
1356053, 257152309, 0, 0
1357000, 236903737, 0, 0
1358049, 265021964, 0, 0
1359011, 282368349, 0, 0
1360028, 254420087, 0, 0
1361016, 275022208, 0, 0
1362019, 259295794, 0, 0
1363056, 265064968, 0, 0
1364032, 248144685, 0, 0
1365046, 227738976, 0, 0
1366056, 268287083, 0, 0
1367031, 264065995, 0, 0
1368032, 245514585, 0, 0
1369006, 265509220, 0, 0
1370062, 245138361, 0, 0
1371051, 255715670, 0, 0
1372006, 271758668, 0, 0
1373018, 233809112, 0, 0
1374065, 244120689, 0, 0
1375020, 232856484, 0, 0
1376022, 253646548, 0, 0
1377073, 265261917, 0, 0
1378041, 267991047, 0, 0
1379045, 242214786, 0, 0
1380009, 232320325, 0, 0
1381006, 256263641, 0, 0
1382033, 265089457, 0, 0
1383042, 240600670, 0, 0
1384040, 280478340, 0, 0
1385056, 234576358, 0, 0
1386067, 252393445, 0, 0
1387022, 249224630, 0, 0
1388008, 247967523, 0, 0
1389046, 253060836, 0, 0
1390061, 235259672, 0, 0
1391002, 269746295, 0, 0
1392004, 242544594, 0, 0
1393018, 230427339, 0, 0
1394031, 256160245, 0, 0
1395003, 268598481, 0, 0
1396000, 240970801, 0, 0
1397059, 215966960, 0, 0
1398045, 241207531, 0, 0
1399061, 231331697, 0, 0
1400004, 217994063, 0, 0
1401000, 249775907, 0, 0
1402001, 254696140, 0, 0
1403005, 272284729, 0, 0
1404014, 240010929, 0, 0
1405066, 272783779, 0, 0
1406011, 255625067, 0, 0
1407044, 240440830, 0, 0
1408012, 276397794, 0, 0
1409065, 252752489, 0, 0
1410015, 247804613, 0, 0
1411039, 254494133, 0, 0
1412023, 248521711, 0, 0
1413049, 240120484, 0, 0
1414033, 246263792, 0, 0
1415026, 241240368, 0, 0
1416056, 240882927, 0, 0
1417024, 256171490, 0, 0
1418037, 238314644, 0, 0
1419010, 226059778, 0, 0
1420030, 218701340, 0, 0
1421012, 230218591, 0, 0
1422001, 248959634, 0, 0
1423036, 234055092, 0, 0
1424044, 230576681, 0, 0
1425014, 264071366, 0, 0
1426056, 206910592, 0, 0
1427023, 223986079, 0, 0
1428021, 255059866, 0, 0
1429029, 220892672, 0, 0
1430027, 220769804, 0, 0
1431038, 245962472, 0, 0
1432017, 256849650, 0, 0
1433062, 269625503, 0, 0
1434048, 255455444, 0, 0
1435039, 248113861, 0, 0
1436040, 232703121, 0, 0
1437003, 231761326, 0, 0
1438033, 247805855, 0, 0
1439024, 240319568, 0, 0
1440026, 240320895, 0, 0
1441054, 252704982, 0, 0
1442020, 246120009, 0, 0
1443049, 241712179, 0, 0
1444023, 245751784, 0, 0
1445001, 246279830, 0, 0
1446061, 228967434, 0, 0
1447031, 254163398, 0, 0
1448043, 232079356, 0, 0
1449008, 239119814, 0, 0
1450043, 246383484, 0, 0
1451020, 241812994, 0, 0
1452019, 237848095, 0, 0
1453054, 268362261, 0, 0
1454061, 229949754, 0, 0
1455019, 265223317, 0, 0
1456040, 279991410, 0, 0
1457004, 247491915, 0, 0
1458023, 237521043, 0, 0
1459035, 251866347, 0, 0
1460049, 250861395, 0, 0
1461020, 256836824, 0, 0
1462007, 239779980, 0, 0
1463013, 234999768, 0, 0
1464016, 260057044, 0, 0
1465018, 251915329, 0, 0
1466008, 255714383, 0, 0
1467000, 251641978, 0, 0
1468010, 263259798, 0, 0
1469028, 220157719, 0, 0
1470055, 250548711, 0, 0
1471065, 245796074, 0, 0
1472057, 228708785, 0, 0
1473018, 236365359, 0, 0
1474012, 245336360, 0, 0
1475003, 239469560, 0, 0
1476071, 228307748, 0, 0
1477023, 233650719, 0, 0
1478008, 263516470, 0, 0
1479000, 226318686, 0, 0
1480035, 236418073, 0, 0
1481023, 285723161, 0, 0
1482050, 221612527, 0, 0
1483043, 249592473, 0, 0
1484007, 250429378, 0, 0
1485050, 210813011, 0, 0
1486002, 234412728, 0, 0
1487016, 244709082, 0, 0
1488010, 241154163, 0, 0
1489023, 246303544, 0, 0
1490044, 235577675, 0, 0
1491041, 249443762, 0, 0
1492034, 245196559, 0, 0
1493059, 238828199, 0, 0
1494046, 201994784, 0, 0
1495012, 255361309, 0, 0
1496049, 234039269, 0, 0
1497052, 221996558, 0, 0
1498000, 222940527, 0, 0
1499019, 242749527, 0, 0
1500021, 229643754, 0, 0
1501024, 230814478, 0, 0
1502048, 200621643, 0, 0
1503034, 222935870, 0, 0
1504056, 239835535, 0, 0
1505011, 256722569, 0, 0
1506034, 234735772, 0, 0
1507031, 265640217, 0, 0
1508035, 208508511, 0, 0
1509061, 251846933, 0, 0
1510044, 237014023, 0, 0
1511042, 238340445, 0, 0
1512045, 263128150, 0, 0
1513000, 227646564, 0, 0
1514007, 247999251, 0, 0
1515037, 248769194, 0, 0
1516061, 218297789, 0, 0
1517061, 249373189, 0, 0
1518053, 255297964, 0, 0
1519025, 271805175, 0, 0
1520002, 251419821, 0, 0
1521057, 248601157, 0, 0
1522051, 242869129, 0, 0
1523058, 200723413, 0, 0
1524000, 229760372, 0, 0
1525041, 232456691, 0, 0
1526066, 224130070, 0, 0
1527028, 252285374, 0, 0
1528013, 234790757, 0, 0
1529042, 258357111, 0, 0
1530011, 202160731, 0, 0
1531032, 249142907, 0, 0
1532073, 206326146, 0, 0
1533023, 249713243, 0, 0
1534042, 220607925, 0, 0
1535046, 226244177, 0, 0
1536028, 230963886, 0, 0
1537054, 221318857, 0, 0
1538055, 235945748, 0, 0
1539057, 243328501, 0, 0
1540029, 255011511, 0, 0
1541001, 237794876, 0, 0
1542039, 238597353, 0, 0
1543047, 235168670, 0, 0
1544062, 224307006, 0, 0
1545000, 252345684, 0, 0
1546050, 210337578, 0, 0
1547044, 228104247, 0, 0
1548043, 199836914, 0, 0
1549024, 217601152, 0, 0
1550021, 238852839, 0, 0
1551033, 242957213, 0, 0
1552031, 225773587, 0, 0
1553019, 245143584, 0, 0
1554019, 226793400, 0, 0
1555048, 264470466, 0, 0
1556021, 251014560, 0, 0
1557016, 245671744, 0, 0
1558012, 235738707, 0, 0
1559008, 235949748, 0, 0
1560005, 216250146, 0, 0
1561033, 220659089, 0, 0
1562057, 177394963, 0, 0
1563040, 247493009, 0, 0
1564017, 218931656, 0, 0
1565050, 245410201, 0, 0
1566013, 211815252, 0, 0
1567001, 210249652, 0, 0
1568023, 268804947, 0, 0
1569005, 262989217, 0, 0
1570063, 206751393, 0, 0
1571052, 230678517, 0, 0
1572040, 215718049, 0, 0
1573039, 219118252, 0, 0
1574047, 208075042, 0, 0
1575066, 234938340, 0, 0
1576007, 224149917, 0, 0
1577025, 212008741, 0, 0
1578047, 244188836, 0, 0
1579000, 238719154, 0, 0
1580064, 224878251, 0, 0
1581012, 224271149, 0, 0
1582020, 242047998, 0, 0
1583061, 209968160, 0, 0
1584026, 218286085, 0, 0
1585034, 231116489, 0, 0
1586008, 230557106, 0, 0
1587006, 272615777, 0, 0
1588041, 212593248, 0, 0
1589064, 200841492, 0, 0
1590031, 220946250, 0, 0
1591063, 205238407, 0, 0
1592025, 233297757, 0, 0
1593010, 215863389, 0, 0
1594033, 217927399, 0, 0
1595005, 232482661, 0, 0
1596020, 225036220, 0, 0
1597028, 234671478, 0, 0
1598031, 236594075, 0, 0
1599034, 226670480, 0, 0
1600011, 210340394, 0, 0
1601004, 232473431, 0, 0
1602034, 227681552, 0, 0
1603065, 229720296, 0, 0
1604031, 235220547, 0, 0
1605029, 228405598, 0, 0
1606070, 222824424, 0, 0
1607026, 231169439, 0, 0
1608059, 225678137, 0, 0
1609043, 208943624, 0, 0
1610053, 226029756, 0, 0
1611024, 212025962, 0, 0
1612034, 212345319, 0, 0
1613017, 222971239, 0, 0
1614056, 231158363, 0, 0
1615003, 223910453, 0, 0
1616019, 229720818, 0, 0
1617059, 227895515, 0, 0
1618063, 215209053, 0, 0
1619023, 243693632, 0, 0
1620027, 186424482, 0, 0
1621005, 215578687, 0, 0
1622020, 224171202, 0, 0
1623037, 251022474, 0, 0
1624056, 174693057, 0, 0
1625024, 221240489, 0, 0
1626024, 253262210, 0, 0
1627025, 225255192, 0, 0
1628015, 228530749, 0, 0
1629051, 249823667, 0, 0
1630045, 223285139, 0, 0
1631045, 211782998, 0, 0
1632000, 218081491, 0, 0
1633017, 208539639, 0, 0
1634016, 239146543, 0, 0
1635043, 240286745, 0, 0
1636010, 207396701, 0, 0
1637035, 215904929, 0, 0
1638000, 221194842, 0, 0
1639051, 217899125, 0, 0
1640057, 222572296, 0, 0
1641044, 206884825, 0, 0
1642042, 192584822, 0, 0
1643051, 213068400, 0, 0
1644011, 195043092, 0, 0
1645043, 273733482, 0, 0
1646045, 209213639, 0, 0
1647025, 227603578, 0, 0
1648050, 195017719, 0, 0
1649041, 216220026, 0, 0
1650038, 239540508, 0, 0
1651031, 189172335, 0, 0
1652018, 243988482, 0, 0
1653008, 221962628, 0, 0
1654043, 214135854, 0, 0
1655031, 224048080, 0, 0
1656005, 190485570, 0, 0
1657004, 204556431, 0, 0
1658058, 207213356, 0, 0
1659029, 210448732, 0, 0
1660000, 242709494, 0, 0
1661007, 208957509, 0, 0
1662030, 196051213, 0, 0
1663049, 214396470, 0, 0
1664045, 222673909, 0, 0
1665016, 200850315, 0, 0
1666040, 209155902, 0, 0
1667046, 179017472, 0, 0
1668049, 223721467, 0, 0
1669031, 222838142, 0, 0
1670010, 213936684, 0, 0
1671026, 213263598, 0, 0
1672029, 216824657, 0, 0
1673037, 236224278, 0, 0
1674043, 217297083, 0, 0
1675056, 231491858, 0, 0
1676058, 218157130, 0, 0
1677029, 211193084, 0, 0
1678024, 212813148, 0, 0
1679056, 195716313, 0, 0
1680037, 189666495, 0, 0
1681027, 231422554, 0, 0
1682049, 216732585, 0, 0
1683018, 222381173, 0, 0
1684039, 205466746, 0, 0
1685036, 234054233, 0, 0
1686028, 204956895, 0, 0
1687016, 211644140, 0, 0
1688032, 204259320, 0, 0
1689025, 230209707, 0, 0
1690022, 219366399, 0, 0
1691021, 197083855, 0, 0
1692033, 201560288, 0, 0
1693046, 203698744, 0, 0
1694074, 191963519, 0, 0
1695028, 187562137, 0, 0
1696025, 184054478, 0, 0
1697033, 200176883, 0, 0
1698004, 202180306, 0, 0
1699022, 198148272, 0, 0
1700037, 188808061, 0, 0
1701013, 223072357, 0, 0
1702055, 209148386, 0, 0
1703042, 198253070, 0, 0
1704063, 181870003, 0, 0
1705022, 201683292, 0, 0
1706040, 188029382, 0, 0
1707017, 193133606, 0, 0
1708019, 205446698, 0, 0
1709011, 190029771, 0, 0
1710031, 197608233, 0, 0
1711046, 199752340, 0, 0
1712040, 178251272, 0, 0
1713040, 212272063, 0, 0
1714032, 196931133, 0, 0
1715026, 202232153, 0, 0
1716038, 224132404, 0, 0
1717034, 190881292, 0, 0
1718055, 185158553, 0, 0
1719035, 206528479, 0, 0
1720055, 208563813, 0, 0
1721045, 190290022, 0, 0
1722008, 202867298, 0, 0
1723060, 196953014, 0, 0
1724043, 159452988, 0, 0
1725026, 216087308, 0, 0
1726046, 195185824, 0, 0
1727027, 194844810, 0, 0
1728033, 180438764, 0, 0
1729037, 186085913, 0, 0
1730014, 187977943, 0, 0
1731027, 188651713, 0, 0
1732068, 189964642, 0, 0
1733023, 212404822, 0, 0
1734055, 197807228, 0, 0
1735038, 173133413, 0, 0
1736007, 183626153, 0, 0
1737053, 181438390, 0, 0
1738043, 174602763, 0, 0
1739038, 173482352, 0, 0
1740001, 181472590, 0, 0
1741051, 175409234, 0, 0
1742063, 188970632, 0, 0
1743057, 214283756, 0, 0
1744077, 189788867, 0, 0
1745060, 212564156, 0, 0
1746010, 195280448, 0, 0
1747019, 188775539, 0, 0
1748012, 194836366, 0, 0
1749049, 199544016, 0, 0
1750075, 192039678, 0, 0
1751039, 212265968, 0, 0
1752032, 213346452, 0, 0
1753032, 202219727, 0, 0
1754040, 198356078, 0, 0
1755003, 189675809, 0, 0
1756048, 201312303, 0, 0
1757055, 181188226, 0, 0
1758048, 176444832, 0, 0
1759000, 205382424, 0, 0
1760071, 163678332, 0, 0
1761003, 184846723, 0, 0
1762001, 180314986, 0, 0
1763005, 191610224, 0, 0
1764017, 205382211, 0, 0
1765046, 190339973, 0, 0
1766036, 189934717, 0, 0
1767024, 197045990, 0, 0
1768022, 181786665, 0, 0
1769012, 165649320, 0, 0
1770031, 193904447, 0, 0
1771053, 196989583, 0, 0
1772062, 179027432, 0, 0
1773037, 171352169, 0, 0
1774046, 180684644, 0, 0
1775054, 180533796, 0, 0
1776006, 193140902, 0, 0
1777036, 181731317, 0, 0
1778046, 201902922, 0, 0
1779012, 198169642, 0, 0
1780023, 165244249, 0, 0
1781048, 188608960, 0, 0
1782014, 178874770, 0, 0
1783026, 175088150, 0, 0
1784049, 171417770, 0, 0
1785018, 192427276, 0, 0
1786013, 202778769, 0, 0
1787056, 169520723, 0, 0
1788053, 181203180, 0, 0
1789041, 172967602, 0, 0
1790044, 193101828, 0, 0
1791055, 182817065, 0, 0
1792046, 183051560, 0, 0
1793047, 186707578, 0, 0
1794001, 203639321, 0, 0
1795073, 173022756, 0, 0
1796019, 188185631, 0, 0
1797018, 174066680, 0, 0
1798032, 183002447, 0, 0
1799037, 170378475, 0, 0
1800043, 172833271, 0, 0
1801006, 184075585, 0, 0
1802000, 162701634, 0, 0
1803017, 167398331, 0, 0
1804056, 183768963, 0, 0
1805012, 181183948, 0, 0
1806035, 171324317, 0, 0
1807004, 174162452, 0, 0
1808034, 160185325, 0, 0
1809054, 188100086, 0, 0
1810030, 191972419, 0, 0
1811011, 186463511, 0, 0
1812039, 164394263, 0, 0
1813054, 170700675, 0, 0
1814062, 176759940, 0, 0
1815047, 183193112, 0, 0
1816041, 169374598, 0, 0
1817038, 171381020, 0, 0
1818005, 172255483, 0, 0
1819055, 155572526, 0, 0
1820055, 192032524, 0, 0
1821025, 161384193, 0, 0
1822042, 176967352, 0, 0
1823047, 192856707, 0, 0
1824042, 189917527, 0, 0
1825036, 169952521, 0, 0
1826008, 195435406, 0, 0
1827024, 177929312, 0, 0
1828013, 203132633, 0, 0
1829004, 157923442, 0, 0
1830043, 187234606, 0, 0
1831008, 174902112, 0, 0
1832032, 175415717, 0, 0
1833029, 167686483, 0, 0
1834040, 179786424, 0, 0
1835053, 179635313, 0, 0
1836022, 157235750, 0, 0
1837056, 175848760, 0, 0
1838061, 173232114, 0, 0
1839021, 161067963, 0, 0
1840009, 152032039, 0, 0
1841060, 174447810, 0, 0
1842063, 186106424, 0, 0
1843094, 197616684, 0, 0
1844026, 173893730, 0, 0
1845008, 157274868, 0, 0
1846043, 192455685, 0, 0
1847056, 173617885, 0, 0
1848062, 161775578, 0, 0
1849034, 162617727, 0, 0
1850019, 165227685, 0, 0
1851028, 167069360, 0, 0
1852051, 165938700, 0, 0
1853062, 166902933, 0, 0
1854042, 173809212, 0, 0
1855042, 173391616, 0, 0
1856050, 171925779, 0, 0
1857029, 162872855, 0, 0
1858053, 160942883, 0, 0
1859042, 158859911, 0, 0
1860012, 159067848, 0, 0
1861007, 156021908, 0, 0
1862016, 170872041, 0, 0
1863045, 166379506, 0, 0
1864040, 163265950, 0, 0
1865042, 145384242, 0, 0
1866043, 162422278, 0, 0
1867015, 141769109, 0, 0
1868008, 187992065, 0, 0
1869004, 166581943, 0, 0
1870012, 158498698, 0, 0
1871007, 147183310, 0, 0
1872026, 149612172, 0, 0
1873006, 181152098, 0, 0
1874001, 154332511, 0, 0
1875033, 159367397, 0, 0
1876046, 160839349, 0, 0
1877038, 164738009, 0, 0
1878017, 142514884, 0, 0
1879053, 151593597, 0, 0
1880012, 165875889, 0, 0
1881042, 147877230, 0, 0
1882054, 168146952, 0, 0
1883050, 164292027, 0, 0
1884010, 160238226, 0, 0
1885030, 157652652, 0, 0
1886000, 160067820, 0, 0
1887042, 168252709, 0, 0
1888042, 151027722, 0, 0
1889010, 156555658, 0, 0
1890056, 164557325, 0, 0
1891013, 160717612, 0, 0
1892019, 170253657, 0, 0
1893019, 137143170, 0, 0
1894041, 139160340, 0, 0
1895000, 159050582, 0, 0
1896025, 151994322, 0, 0
1897007, 163746245, 0, 0
1898012, 159055886, 0, 0
1899009, 169613280, 0, 0
1900011, 141915571, 0, 0
1901043, 147971532, 0, 0
1902025, 162050138, 0, 0
1903123, 171571535, 0, 0
1904022, 177820524, 0, 0
1905042, 187016936, 0, 0
1906022, 138187384, 0, 0
1907038, 156259022, 0, 0
1908029, 191212141, 0, 0
1909038, 140289326, 0, 0
1910057, 137999946, 0, 0
1911021, 139132910, 0, 0
1912022, 153532487, 0, 0
1913029, 159250115, 0, 0
1914009, 166666665, 0, 0
1915014, 155227985, 0, 0
1916005, 172645772, 0, 0
1917058, 150886709, 0, 0
1918000, 130467619, 0, 0
1919005, 146882513, 0, 0
1920060, 150957986, 0, 0
1921049, 167774321, 0, 0
1922017, 155286708, 0, 0
1923025, 136164633, 0, 0
1924033, 154633633, 0, 0
1925036, 144212377, 0, 0
1926003, 178165854, 0, 0
1927015, 133628798, 0, 0
1928038, 146612233, 0, 0
1929025, 129468497, 0, 0
1930007, 145187533, 0, 0
1931006, 142512885, 0, 0
1932022, 134454701, 0, 0
1933029, 128769537, 0, 0
1934017, 158991849, 0, 0
1935059, 131065094, 0, 0
1936029, 132963574, 0, 0
1937062, 143817581, 0, 0
1938004, 133944009, 0, 0
1939035, 160045837, 0, 0
1940043, 146296182, 0, 0
1941041, 142844944, 0, 0
1942054, 141183061, 0, 0
1943012, 132045474, 0, 0
1944028, 131675597, 0, 0
1945005, 136522770, 0, 0
1946036, 147530574, 0, 0
1947032, 158809829, 0, 0
1948013, 137311878, 0, 0
1949040, 146920758, 0, 0
1950046, 145636438, 0, 0
1951024, 146475427, 0, 0
1952004, 165241515, 0, 0
1953063, 140443744, 0, 0
1954002, 146517389, 0, 0
1955030, 132970412, 0, 0
1956041, 135811338, 0, 0
1957044, 137135458, 0, 0
1958017, 125328771, 0, 0
1959017, 106821992, 0, 0
1960017, 138178493, 0, 0
1961007, 104054190, 0, 0
1962031, 135957053, 0, 0
1963036, 122730954, 0, 0
1964058, 138538337, 0, 0
1965003, 151042729, 0, 0
1966022, 134497468, 0, 0
1967001, 133664050, 0, 0
1968064, 122709668, 0, 0
1969002, 117281296, 0, 0
1970037, 134588663, 0, 0
1971006, 125959136, 0, 0
1972024, 139484520, 0, 0
1973049, 139513274, 0, 0
1974035, 130160059, 0, 0
1975045, 126123001, 0, 0
1976048, 143228713, 0, 0
1977035, 113570540, 0, 0
1978060, 129610281, 0, 0
1979023, 135558356, 0, 0
1980006, 118655993, 0, 0
1981038, 119759778, 0, 0
1982043, 129165177, 0, 0
1983051, 148799179, 0, 0
1984013, 127000411, 0, 0
1985010, 121678546, 0, 0
1986040, 124294838, 0, 0
1987000, 128080247, 0, 0
1988011, 125882836, 0, 0
1989000, 123270562, 0, 0
1990048, 110333546, 0, 0
1991008, 105431731, 0, 0
1992027, 125242942, 0, 0
1993004, 123708248, 0, 0
1994016, 140312239, 0, 0
1995049, 127207814, 0, 0
1996051, 142171051, 0, 0
1997010, 138111117, 0, 0
1998027, 124836009, 0, 0
1999047, 111207471, 0, 0
2000047, 114736034, 0, 0
2001037, 139714811, 0, 0
2002054, 135145547, 0, 0
2003006, 134903177, 0, 0
2004043, 106041617, 0, 0
2005024, 111190608, 0, 0
2006058, 134665201, 0, 0
2007011, 124987590, 0, 0
2008057, 127701772, 0, 0
2009029, 124046322, 0, 0
2010056, 126863894, 0, 0
2011055, 116093587, 0, 0
2012044, 127832186, 0, 0
2013031, 110558445, 0, 0
2014019, 117396764, 0, 0
2015036, 119670811, 0, 0
2016023, 116082801, 0, 0
2017046, 124385908, 0, 0
2018039, 98673431, 0, 0
2019021, 111398328, 0, 0
2020054, 126030762, 0, 0
2021049, 127601968, 0, 0
2022015, 113597613, 0, 0
2023041, 121440736, 0, 0
2024037, 110709513, 0, 0
2025047, 112085192, 0, 0
2026009, 120992893, 0, 0
2027032, 116162304, 0, 0
2028042, 103722801, 0, 0
2029035, 118923162, 0, 0
2030050, 113878463, 0, 0
2031021, 118229684, 0, 0
2032039, 103611137, 0, 0
2033023, 113930978, 0, 0
2034046, 106686747, 0, 0
2035031, 103255139, 0, 0
2036058, 110366791, 0, 0
2037004, 103663466, 0, 0
2038014, 103835942, 0, 0
2039013, 121168316, 0, 0
2040059, 106746976, 0, 0
2041045, 112475984, 0, 0
2042002, 107086782, 0, 0
2043011, 102572198, 0, 0
2044004, 94962915, 0, 0
2045008, 108203274, 0, 0
2046000, 105132520, 0, 0
2047019, 96595661, 0, 0
2048030, 127089159, 0, 0
2049016, 102617850, 0, 0
2050022, 114208364, 0, 0
2051062, 103576266, 0, 0
2052003, 96604296, 0, 0
2053030, 110848790, 0, 0
2054007, 102568656, 0, 0
2055045, 87058627, 0, 0
2056009, 104354691, 0, 0
2057001, 98857978, 0, 0
2058030, 113988153, 0, 0
2059016, 103684379, 0, 0
2060046, 106545406, 0, 0
2061031, 106774383, 0, 0
2062017, 105716045, 0, 0
2063033, 87384049, 0, 0
2064000, 116124655, 0, 0
2065005, 98398744, 0, 0
2066038, 96324880, 0, 0
2067045, 90008818, 0, 0
2068018, 95176668, 0, 0
2069046, 86232759, 0, 0
2070013, 90305815, 0, 0
2071053, 105522558, 0, 0
2072014, 95900408, 0, 0
2073033, 100558358, 0, 0
2074007, 94095245, 0, 0
2075012, 103699298, 0, 0
2076034, 107303684, 0, 0
2077000, 97048350, 0, 0
2078028, 101694542, 0, 0
2079043, 86815199, 0, 0
2080021, 91985407, 0, 0
2081042, 96216615, 0, 0
2082020, 91810837, 0, 0
2083034, 121088765, 0, 0
2084002, 84821713, 0, 0
2085005, 90137700, 0, 0
2086023, 119876052, 0, 0
2087012, 102009784, 0, 0
2088041, 92183331, 0, 0
2089049, 90113759, 0, 0
2090072, 110958982, 0, 0
2091023, 84555628, 0, 0
2092004, 91394363, 0, 0
2093033, 80259435, 0, 0
2094038, 78703744, 0, 0
2095051, 99096400, 0, 0
2096047, 90227192, 0, 0
2097043, 90251174, 0, 0
2098028, 100169543, 0, 0
2099005, 107949968, 0, 0
2100037, 89204078, 0, 0
2101018, 86237074, 0, 0
2102001, 81587586, 0, 0
2103054, 90173658, 0, 0
2104057, 74658882, 0, 0
2105020, 78986332, 0, 0
2106014, 90976424, 0, 0
2107025, 102322703, 0, 0
2108052, 89959013, 0, 0
2109025, 91080042, 0, 0
2110042, 91242346, 0, 0
2111039, 86849197, 0, 0
2112034, 83568391, 0, 0
2113040, 75651186, 0, 0
2114022, 89637026, 0, 0
2115063, 82293703, 0, 0
2116043, 85976955, 0, 0
2117020, 81263941, 0, 0
2118048, 92771149, 0, 0
2119067, 90355579, 0, 0
2120043, 91540726, 0, 0
2121036, 83917846, 0, 0
2122015, 82017073, 0, 0
2123020, 76645402, 0, 0
2124004, 79907387, 0, 0
2125053, 91582148, 0, 0
2126076, 82054504, 0, 0
2127014, 103093868, 0, 0
2128029, 79091444, 0, 0
2129028, 75585209, 0, 0
2130002, 74460739, 0, 0
2131046, 79009805, 0, 0
2132052, 78183280, 0, 0
2133020, 78954251, 0, 0
2134021, 81960079, 0, 0
2135028, 68306418, 0, 0
2136062, 93718069, 0, 0
2137025, 73863658, 0, 0
2138056, 71137518, 0, 0
2139021, 78531753, 0, 0
2140026, 62043178, 0, 0
2141005, 69383324, 0, 0
2142026, 67618332, 0, 0
2143020, 75515673, 0, 0
2144011, 68495513, 0, 0
2145040, 63028686, 0, 0
2146055, 82951985, 0, 0
2147040, 74905439, 0, 0
2148055, 58780380, 0, 0
2149058, 71370452, 0, 0
2150007, 74843684, 0, 0
2151064, 72124884, 0, 0
2152008, 78133933, 0, 0
2153034, 73483139, 0, 0
2154036, 72323634, 0, 0
2155057, 75085433, 0, 0
2156005, 66697076, 0, 0
2157016, 68492637, 0, 0
2158061, 68627415, 0, 0
2159018, 73226511, 0, 0
2160016, 74239241, 0, 0
2161037, 70099416, 0, 0
2162054, 68624894, 0, 0
2163028, 72287898, 0, 0
2164043, 63664423, 0, 0
2165000, 66442318, 0, 0
2166076, 68498072, 0, 0
2167050, 62623749, 0, 0
2168016, 59821038, 0, 0
2169020, 74772218, 0, 0
2170057, 70213149, 0, 0
2171002, 66659596, 0, 0
2172000, 63811654, 0, 0
2173034, 68646659, 0, 0
2174008, 71894001, 0, 0
2175017, 66843506, 0, 0
2176051, 62175057, 0, 0
2177063, 58422196, 0, 0
2178063, 64379107, 0, 0
2179025, 63219207, 0, 0
2180051, 61465047, 0, 0
2181051, 60653841, 0, 0
2182056, 64042330, 0, 0
2183049, 67470550, 0, 0
2184001, 56866069, 0, 0
2185044, 50959682, 0, 0
2186049, 56720474, 0, 0
2187032, 65401147, 0, 0
2188039, 59584725, 0, 0
2189022, 57023838, 0, 0
2190024, 65639819, 0, 0
2191001, 57239312, 0, 0
2192007, 63488364, 0, 0
2193043, 67725556, 0, 0
2194042, 50660010, 0, 0
2195009, 50293788, 0, 0
2196055, 55268067, 0, 0
2197071, 48905722, 0, 0
2198056, 57207609, 0, 0
2199035, 54227595, 0, 0
2200052, 55171818, 0, 0
2201028, 48495957, 0, 0
2202020, 59003627, 0, 0
2203041, 55937569, 0, 0
2204020, 49441048, 0, 0
2205046, 60283393, 0, 0
2206002, 54537636, 0, 0
2207024, 62443577, 0, 0
2208007, 47577398, 0, 0
2209002, 44729985, 0, 0
2210007, 52563298, 0, 0
2211038, 54806288, 0, 0
2212000, 49464839, 0, 0
2213074, 47073488, 0, 0
2214047, 50253137, 0, 0
2215028, 58486985, 0, 0
2216041, 58144377, 0, 0
2217100, 54899287, 0, 0
2218083, 46580390, 0, 0
2219039, 47537486, 0, 0
2220077, 49882663, 0, 0
2221003, 49777248, 0, 0
2222065, 45643641, 0, 0
2223027, 46323665, 0, 0
2224040, 49779946, 0, 0
2225000, 61036159, 0, 0
2226036, 36579349, 0, 0
2227023, 39020868, 0, 0
2228044, 47175360, 0, 0
2229005, 38812928, 0, 0
2230066, 38833630, 0, 0
2231046, 63511037, 0, 0
2232011, 46432855, 0, 0
2233015, 46426310, 0, 0
2234045, 45988251, 0, 0
2235011, 38805521, 0, 0
2236000, 42606259, 0, 0
2237011, 38341421, 0, 0
2238008, 45034320, 0, 0
2239033, 48406459, 0, 0
2240014, 48843523, 0, 0
2241080, 51007369, 0, 0
2242009, 42605149, 0, 0
2243034, 45834354, 0, 0
2244031, 41932419, 0, 0
2245107, 32249913, 0, 0
2246063, 61136983, 0, 0
2247036, 39276755, 0, 0
2248052, 34583801, 0, 0
2249000, 43910082, 0, 0
2250037, 32923683, 0, 0
2251023, 37644707, 0, 0
2252030, 30046357, 0, 0
2253026, 45140370, 0, 0
2254068, 43120329, 0, 0
2255036, 37191448, 0, 0
2256026, 33778981, 0, 0
2257057, 42258107, 0, 0
2258034, 52903260, 0, 0
2259075, 43148619, 0, 0
2260049, 39112985, 0, 0
2261066, 41111387, 0, 0
2262007, 30633654, 0, 0
2263026, 39046136, 0, 0
2264050, 35250648, 0, 0
2265016, 38413642, 0, 0
2266050, 34736351, 0, 0
2267011, 37824446, 0, 0
2268035, 40174139, 0, 0
2269004, 38123663, 0, 0
2270001, 28664054, 0, 0
2271038, 35317767, 0, 0
2272036, 26533104, 0, 0
2273051, 42023075, 0, 0
2274012, 35183028, 0, 0
2275049, 29716995, 0, 0
2276051, 35993367, 0, 0
2277034, 30791354, 0, 0
2278013, 33190761, 0, 0
2279032, 27944558, 0, 0
2280011, 22747206, 0, 0
2281042, 32032970, 0, 0
2282060, 32937067, 0, 0
2283046, 24457050, 0, 0
2284005, 25522477, 0, 0
2285005, 28533027, 0, 0
2286063, 28445267, 0, 0
2287037, 21423704, 0, 0
2288010, 29179147, 0, 0
2289001, 23112333, 0, 0
2290043, 32597290, 0, 0
2291081, 28777333, 0, 0
2292042, 29365586, 0, 0
2293021, 26932463, 0, 0
2294023, 23528856, 0, 0
2295037, 22809468, 0, 0
2296049, 23838108, 0, 0
2297050, 25406326, 0, 0
2298037, 24744131, 0, 0
2299060, 24615126, 0, 0
2300048, 30716435, 0, 0
2301011, 21959501, 0, 0
2302038, 23803179, 0, 0
2303026, 29374143, 0, 0
2304052, 24162440, 0, 0
2305014, 22505599, 0, 0
2306000, 18083278, 0, 0
2307027, 21960669, 0, 0
2308042, 20201955, 0, 0
2309001, 18556997, 0, 0
2310003, 16283016, 0, 0
2311014, 20262246, 0, 0
2312012, 17652323, 0, 0
2313027, 17815874, 0, 0
2314054, 19214564, 0, 0
2315017, 14669487, 0, 0
2316016, 15511172, 0, 0
2317000, 12684947, 0, 0
2318009, 15907219, 0, 0
2319046, 23787354, 0, 0
2320043, 15514564, 0, 0
2321028, 12371494, 0, 0
2322000, 18983495, 0, 0
2323031, 12406063, 0, 0
2324035, 20190493, 0, 0
2325031, 15017655, 0, 0
2326049, 11652019, 0, 0
2327049, 15822246, 0, 0
2328010, 15037955, 0, 0
2329000, 13467173, 0, 0
2330045, 13608725, 0, 0
2331001, 14775457, 0, 0
2332043, 9719141, 0, 0
2333007, 12683595, 0, 0
2334045, 16444075, 0, 0
2335035, 12218618, 0, 0
2336004, 16990264, 0, 0
2337049, 12711169, 0, 0
2338042, 10158905, 0, 0
2339032, 10332969, 0, 0
2340000, 11361905, 0, 0
2341000, 7712041, 0, 0
2342095, 12281377, 0, 0
2343025, 6619312, 0, 0
2344047, 8814703, 0, 0
2345000, 7126307, 0, 0
2346032, 7297397, 0, 0
2347006, 6467908, 0, 0
2348002, 7498887, 0, 0
2349037, 7904211, 0, 0
2350024, 9578080, 0, 0
2351032, 6564709, 0, 0
2352038, 5414533, 0, 0
2353035, 6366480, 0, 0
2354032, 5543640, 0, 0
2355030, 4425345, 0, 0
2356000, 4545472, 0, 0
2357015, 4551079, 0, 0
2358019, 2932935, 0, 0
2359000, 3593528, 0, 0
2360045, 2424257, 0, 0
2361000, 2690993, 0, 0
2362000, 1808606, 0, 0
2363000, 1708096, 0, 0
2364000, 1764615, 0, 0
2365000, 1301974, 0, 0
2366000, 731457, 0, 0
2367000, 718030, 0, 0
2368000, 646373, 0, 0
2369000, 655027, 0, 0
2370000, 654262, 0, 0
2371000, 654745, 0, 0
2372000, 652525, 0, 0
2373000, 670915, 0, 0
2374000, 652891, 0, 0
2375000, 659226, 0, 0
2376000, 658687, 0, 0
2377000, 655418, 0, 0
2378000, 653689, 0, 0
2379000, 657391, 0, 0
2380000, 654758, 0, 0
2381000, 654158, 0, 0
2382000, 654634, 0, 0
2383000, 652744, 0, 0
2384000, 656880, 0, 0
2385000, 657296, 0, 0
2386000, 655659, 0, 0
2387000, 655149, 0, 0
2388000, 657768, 0, 0
2389000, 656380, 0, 0
2390000, 655859, 0, 0
2391000, 656506, 0, 0
2392000, 657651, 0, 0
2393000, 671133, 0, 0
2394000, 654987, 0, 0
2395000, 669554, 0, 0
2396000, 659842, 0, 0
2397000, 658405, 0, 0
2398000, 661708, 0, 0
2399000, 655379, 0, 0
2400000, 830829, 0, 0
2400000, 1239558, 0, 0
