1000, 336, 0, 0
1999, 265, 0, 0
2999, 152, 0, 0
4000, 170, 0, 0
5000, 172, 0, 0
5999, 419, 0, 0
6999, 185, 0, 0
8000, 170, 0, 0
8999, 361, 0, 0
9999, 403, 0, 0
11000, 267, 0, 0
12000, 301, 0, 0
12999, 172, 0, 0
14000, 167, 0, 0
15000, 447, 0, 0
15999, 158, 0, 0
16999, 179, 0, 0
18000, 288, 0, 0
18999, 304, 0, 0
20000, 171, 0, 0
21000, 184, 0, 0
21999, 408, 0, 0
23000, 157, 0, 0
24000, 153, 0, 0
24999, 147, 0, 0
25999, 151, 0, 0
27000, 141, 0, 0
28000, 424, 0, 0
28999, 302, 0, 0
29999, 163, 0, 0
31000, 184, 0, 0
31999, 393, 0, 0
32999, 180, 0, 0
34000, 156, 0, 0
34999, 174, 0, 0
35999, 179, 0, 0
37000, 179, 0, 0
37999, 449, 0, 0
39000, 139, 0, 0
39999, 140, 0, 0
40999, 448, 0, 0
41999, 165, 0, 0
43000, 165, 0, 0
43999, 304, 0, 0
44999, 172, 0, 0
46000, 165, 0, 0
46999, 156, 0, 0
47999, 140, 0, 0
49000, 305, 0, 0
49999, 588, 0, 0
50999, 291, 0, 0
52000, 305, 0, 0
52999, 157, 0, 0
54000, 290, 0, 0
55000, 757, 0, 0
55999, 303, 0, 0
57000, 454, 0, 0
57999, 156, 0, 0
58999, 444, 0, 0
60000, 266, 0, 0
61000, 201, 0, 0
61999, 175, 0, 0
62999, 180, 0, 0
64000, 260, 0, 0
64999, 161, 0, 0
65999, 142, 0, 0
67000, 170, 0, 0
67999, 160, 0, 0
69000, 166, 0, 0
70000, 181, 0, 0
70999, 169, 0, 0
71999, 177, 0, 0
73000, 158, 0, 0
73999, 719, 0, 0
74999, 403, 0, 0
76000, 330, 0, 0
76999, 147, 0, 0
77999, 286, 0, 0
79000, 579, 0, 0
80000, 344, 0, 0
80999, 203, 0, 0
82000, 430, 0, 0
83000, 173, 0, 0
83999, 648, 0, 0
84999, 187, 0, 0
85999, 364, 0, 0
86999, 410, 0, 0
87999, 196, 0, 0
89000, 435, 0, 0
89999, 175, 0, 0
90999, 301, 0, 0
92000, 421, 0, 0
92999, 301, 0, 0
93999, 155, 0, 0
95000, 181, 0, 0
95999, 329, 0, 0
96999, 260, 0, 0
98000, 158, 0, 0
98999, 150, 0, 0
99999, 189, 0, 0
101000, 192, 0, 0
101999, 167, 0, 0
102999, 200, 0, 0
104000, 234, 0, 0
104999, 342, 0, 0
105999, 215, 0, 0
107000, 653, 0, 0
107999, 222, 0, 0
108999, 500, 0, 0
110000, 337, 0, 0
111000, 191, 0, 0
111999, 165, 0, 0
113000, 186, 0, 0
113999, 301, 0, 0
115000, 314, 0, 0
115999, 282, 0, 0
116999, 337, 0, 0
118000, 169, 0, 0
118999, 151, 0, 0
119999, 184, 0, 0
121000, 332, 0, 0
121999, 341, 0, 0
123000, 296, 0, 0
123999, 208, 0, 0
124999, 227, 0, 0
126000, 1091, 0, 0
126999, 172, 0, 0
127999, 350, 0, 0
129000, 175, 0, 0
129999, 359, 0, 0
131000, 228, 0, 0
131999, 325, 0, 0
132999, 357, 0, 0
134000, 220, 0, 0
134999, 166, 0, 0
135999, 167, 0, 0
137000, 153, 0, 0
137999, 220, 0, 0
139000, 155, 0, 0
140000, 184, 0, 0
140999, 182, 0, 0
142000, 211, 0, 0
142999, 193, 0, 0
143999, 168, 0, 0
145000, 141, 0, 0
145999, 148, 0, 0
147000, 178, 0, 0
147999, 170, 0, 0
148999, 163, 0, 0
150000, 154, 0, 0
150999, 361, 0, 0
151999, 197, 0, 0
153000, 197, 0, 0
153999, 334, 0, 0
154999, 194, 0, 0
156000, 152, 0, 0
156999, 375, 0, 0
157999, 175, 0, 0
159000, 159, 0, 0
159999, 157, 0, 0
161000, 202, 0, 0
161999, 362, 0, 0
162999, 177, 0, 0
164000, 189, 0, 0
164999, 156, 0, 0
165999, 197, 0, 0
167000, 209, 0, 0
167999, 185, 0, 0
169000, 167, 0, 0
169999, 161, 0, 0
170999, 162, 0, 0
172000, 160, 0, 0
172999, 184, 0, 0
174000, 157, 0, 0
174999, 215, 0, 0
175999, 172, 0, 0
177000, 156, 0, 0
177999, 179, 0, 0
178999, 186, 0, 0
180000, 238, 0, 0
180999, 169, 0, 0
182000, 164, 0, 0
182999, 343, 0, 0
183999, 189, 0, 0
185000, 205, 0, 0
185999, 208, 0, 0
186999, 198, 0, 0
188000, 159, 0, 0
188999, 201, 0, 0
189999, 205, 0, 0
191000, 175, 0, 0
191999, 178, 0, 0
192999, 169, 0, 0
194000, 198, 0, 0
194999, 193, 0, 0
195999, 184, 0, 0
197000, 184, 0, 0
197999, 166, 0, 0
198999, 145, 0, 0
200000, 177, 0, 0
200999, 181, 0, 0
201999, 166, 0, 0
202999, 178, 0, 0
203999, 231, 0, 0
204999, 158, 0, 0
206000, 218, 0, 0
206999, 215, 0, 0
207999, 234, 0, 0
209000, 184, 0, 0
209999, 224, 0, 0
210999, 148, 0, 0
211999, 166, 0, 0
213000, 203, 0, 0
213999, 175, 0, 0
214999, 176, 0, 0
216000, 225, 0, 0
217000, 179, 0, 0
217999, 169, 0, 0
218999, 198, 0, 0
220000, 216, 0, 0
220999, 158, 0, 0
221999, 180, 0, 0
223000, 210, 0, 0
223999, 187, 0, 0
224999, 174, 0, 0
225999, 165, 0, 0
227000, 160, 0, 0
227999, 186, 0, 0
228999, 167, 0, 0
230000, 210, 0, 0
230999, 176, 0, 0
232000, 187, 0, 0
233000, 178, 0, 0
233999, 173, 0, 0
235000, 213, 0, 0
235999, 202, 0, 0
236999, 219, 0, 0
238000, 169, 0, 0
238999, 183, 0, 0
239999, 187, 0, 0
241000, 204, 0, 0
242000, 188, 0, 0
242999, 192, 0, 0
243999, 223, 0, 0
245000, 252, 0, 0
245999, 236, 0, 0
247000, 171, 0, 0
247999, 208, 0, 0
248999, 157, 0, 0
250000, 175, 0, 0
250999, 184, 0, 0
251999, 183, 0, 0
253000, 247, 0, 0
253999, 220, 0, 0
254999, 214, 0, 0
256000, 211, 0, 0
256999, 220, 0, 0
258000, 234, 0, 0
258999, 235, 0, 0
259999, 197, 0, 0
261000, 184, 0, 0
262000, 162, 0, 0
262999, 157, 0, 0
264000, 174, 0, 0
264999, 171, 0, 0
265999, 172, 0, 0
267000, 179, 0, 0
267999, 167, 0, 0
268999, 174, 0, 0
270000, 208, 0, 0
270999, 174, 0, 0
271999, 246, 0, 0
273000, 175, 0, 0
273999, 203, 0, 0
274999, 189, 0, 0
276000, 182, 0, 0
277000, 172, 0, 0
277999, 173, 0, 0
279000, 201, 0, 0
280000, 215, 0, 0
280999, 194, 0, 0
281999, 184, 0, 0
282999, 198, 0, 0
283999, 201, 0, 0
284999, 260, 0, 0
286000, 206, 0, 0
286999, 178, 0, 0
287999, 198, 0, 0
289000, 228, 0, 0
289999, 196, 0, 0
290999, 175, 0, 0
292000, 188, 0, 0
292999, 187, 0, 0
293999, 185, 0, 0
295000, 180, 0, 0
295999, 191, 0, 0
296999, 169, 0, 0
298000, 185, 0, 0
298999, 178, 0, 0
299999, 184, 0, 0
301000, 189, 0, 0
301999, 205, 0, 0
302999, 220, 0, 0
303999, 201, 0, 0
305000, 225, 0, 0
305999, 182, 0, 0
307000, 242, 0, 0
307999, 224, 0, 0
308999, 188, 0, 0
310000, 171, 0, 0
310999, 220, 0, 0
311999, 196, 0, 0
313000, 217, 0, 0
313999, 183, 0, 0
314999, 218, 0, 0
316000, 234, 0, 0
316999, 234, 0, 0
317999, 228, 0, 0
318999, 225, 0, 0
320000, 216, 0, 0
320999, 210, 0, 0
321999, 177, 0, 0
323000, 221, 0, 0
323999, 261, 0, 0
324999, 219, 0, 0
326000, 187, 0, 0
327000, 221, 0, 0
327999, 187, 0, 0
329000, 189, 0, 0
330000, 196, 0, 0
330999, 164, 0, 0
332000, 214, 0, 0
332999, 227, 0, 0
333999, 195, 0, 0
335000, 207, 0, 0
335999, 230, 0, 0
336999, 229, 0, 0
338000, 177, 0, 0
338999, 188, 0, 0
339999, 182, 0, 0
341000, 173, 0, 0
341999, 205, 0, 0
342999, 176, 0, 0
344000, 184, 0, 0
344999, 225, 0, 0
345999, 178, 0, 0
347000, 204, 0, 0
347999, 185, 0, 0
349000, 194, 0, 0
349999, 196, 0, 0
350999, 253, 0, 0
352000, 216, 0, 0
353000, 188, 0, 0
353999, 207, 0, 0
354999, 201, 0, 0
356000, 208, 0, 0
356999, 204, 0, 0
357999, 213, 0, 0
358999, 196, 0, 0
359999, 233, 0, 0
361000, 188, 0, 0
361999, 190, 0, 0
362999, 216, 0, 0
364000, 171, 0, 0
364999, 214, 0, 0
365999, 195, 0, 0
367000, 201, 0, 0
367999, 222, 0, 0
369000, 208, 0, 0
369999, 193, 0, 0
370999, 174, 0, 0
372000, 195, 0, 0
372999, 217, 0, 0
374000, 217, 0, 0
374999, 214, 0, 0
375999, 249, 0, 0
377000, 235, 0, 0
377999, 220, 0, 0
378999, 201, 0, 0
379999, 229, 0, 0
381000, 206, 0, 0
381999, 220, 0, 0
382999, 214, 0, 0
384000, 204, 0, 0
385000, 201, 0, 0
385999, 223, 0, 0
387000, 215, 0, 0
388000, 226, 0, 0
388999, 253, 0, 0
390000, 218, 0, 0
391000, 205, 0, 0
391999, 223, 0, 0
393000, 234, 0, 0
393999, 233, 0, 0
395000, 229, 0, 0
396000, 214, 0, 0
396999, 217, 0, 0
397999, 215, 0, 0
399000, 216, 0, 0
399999, 215, 0, 0
400999, 206, 0, 0
402000, 224, 0, 0
402999, 213, 0, 0
403999, 196, 0, 0
405000, 186, 0, 0
405999, 222, 0, 0
406999, 205, 0, 0
408000, 203, 0, 0
409000, 214, 0, 0
409999, 185, 0, 0
411000, 221, 0, 0
411999, 211, 0, 0
412999, 224, 0, 0
414000, 206, 0, 0
414999, 212, 0, 0
415999, 200, 0, 0
417000, 202, 0, 0
417999, 230, 0, 0
419000, 205, 0, 0
419999, 213, 0, 0
420999, 206, 0, 0
422000, 203, 0, 0
423000, 231, 0, 0
423999, 242, 0, 0
425000, 223, 0, 0
426000, 207, 0, 0
426999, 243, 0, 0
428000, 229, 0, 0
429000, 232, 0, 0
429999, 213, 0, 0
430999, 246, 0, 0
432000, 206, 0, 0
432999, 222, 0, 0
433999, 209, 0, 0
435000, 210, 0, 0
435999, 222, 0, 0
436999, 238, 0, 0
438000, 228, 0, 0
439000, 224, 0, 0
439999, 229, 0, 0
440999, 209, 0, 0
442000, 192, 0, 0
442999, 181, 0, 0
443999, 233, 0, 0
445000, 196, 0, 0
445999, 241, 0, 0
446999, 229, 0, 0
448000, 237, 0, 0
448999, 208, 0, 0
449999, 225, 0, 0
451000, 221, 0, 0
451999, 232, 0, 0
452999, 203, 0, 0
454000, 205, 0, 0
454999, 193, 0, 0
456000, 216, 0, 0
457000, 193, 0, 0
457999, 199, 0, 0
459000, 195, 0, 0
459999, 201, 0, 0
460999, 246, 0, 0
461999, 187, 0, 0
462999, 226, 0, 0
463999, 266, 0, 0
465000, 215, 0, 0
465999, 210, 0, 0
466999, 195, 0, 0
468000, 231, 0, 0
468999, 254, 0, 0
469999, 196, 0, 0
471000, 238, 0, 0
471999, 209, 0, 0
472999, 219, 0, 0
473999, 223, 0, 0
475000, 227, 0, 0
475999, 269, 0, 0
476999, 231, 0, 0
478000, 224, 0, 0
478999, 219, 0, 0
479999, 211, 0, 0
480999, 238, 0, 0
482000, 235, 0, 0
482999, 215, 0, 0
483999, 232, 0, 0
485000, 206, 0, 0
485999, 214, 0, 0
486999, 215, 0, 0
488000, 213, 0, 0
488999, 231, 0, 0
490000, 224, 0, 0
491000, 212, 0, 0
491999, 248, 0, 0
493000, 218, 0, 0
493999, 213, 0, 0
494999, 202, 0, 0
496000, 224, 0, 0
497000, 212, 0, 0
497999, 245, 0, 0
499000, 227, 0, 0
499999, 271, 0, 0
500999, 237, 0, 0
502000, 215, 0, 0
502999, 209, 0, 0
503999, 235, 0, 0
505000, 232, 0, 0
505999, 206, 0, 0
506999, 229, 0, 0
508000, 208, 0, 0
508999, 223, 0, 0
509999, 246, 0, 0
511000, 237, 0, 0
511999, 233, 0, 0
512999, 207, 0, 0
514000, 264, 0, 0
514999, 219, 0, 0
515999, 237, 0, 0
517000, 205, 0, 0
517999, 230, 0, 0
518999, 202, 0, 0
520000, 188, 0, 0
520999, 215, 0, 0
521999, 236, 0, 0
523000, 233, 0, 0
523999, 217, 0, 0
524999, 177, 0, 0
526000, 234, 0, 0
526999, 200, 0, 0
527999, 213, 0, 0
529000, 242, 0, 0
529999, 230, 0, 0
530999, 231, 0, 0
532000, 222, 0, 0
532999, 216, 0, 0
534000, 232, 0, 0
534999, 232, 0, 0
535999, 239, 0, 0
537000, 221, 0, 0
537999, 242, 0, 0
538999, 245, 0, 0
540000, 215, 0, 0
540999, 198, 0, 0
542000, 228, 0, 0
542999, 223, 0, 0
543999, 212, 0, 0
545000, 218, 0, 0
545999, 211, 0, 0
547000, 237, 0, 0
547999, 238, 0, 0
548999, 212, 0, 0
550000, 197, 0, 0
550999, 256, 0, 0
551999, 257, 0, 0
553000, 217, 0, 0
553999, 229, 0, 0
554999, 234, 0, 0
555999, 212, 0, 0
556999, 234, 0, 0
558000, 224, 0, 0
558999, 242, 0, 0
559999, 229, 0, 0
561000, 226, 0, 0
561999, 234, 0, 0
562999, 233, 0, 0
564000, 198, 0, 0
564999, 239, 0, 0
565999, 198, 0, 0
567000, 235, 0, 0
567999, 223, 0, 0
569000, 216, 0, 0
569999, 216, 0, 0
570999, 200, 0, 0
572000, 209, 0, 0
572999, 213, 0, 0
573999, 214, 0, 0
575000, 213, 0, 0
575999, 215, 0, 0
577000, 219, 0, 0
577999, 230, 0, 0
578999, 234, 0, 0
580000, 213, 0, 0
580999, 249, 0, 0
582000, 206, 0, 0
583000, 220, 0, 0
583999, 224, 0, 0
585000, 214, 0, 0
585999, 197, 0, 0
586999, 222, 0, 0
588000, 222, 0, 0
588999, 228, 0, 0
589999, 247, 0, 0
591000, 221, 0, 0
591999, 182, 0, 0
592999, 231, 0, 0
593999, 224, 0, 0
594999, 232, 0, 0
596000, 205, 0, 0
596999, 228, 0, 0
597999, 234, 0, 0
599000, 210, 0, 0
599999, 212, 0, 0
600999, 227, 0, 0
602000, 217, 0, 0
602999, 254, 0, 0
603999, 196, 0, 0
605000, 268, 0, 0
605999, 239, 0, 0
607000, 194, 0, 0
607999, 221, 0, 0
608999, 218, 0, 0
610000, 211, 0, 0
610999, 208, 0, 0
611999, 217, 0, 0
613000, 217, 0, 0
613999, 200, 0, 0
614999, 220, 0, 0
616000, 214, 0, 0
616999, 242, 0, 0
617999, 222, 0, 0
619000, 199, 0, 0
619999, 214, 0, 0
620999, 221, 0, 0
622000, 216, 0, 0
623000, 226, 0, 0
623999, 227, 0, 0
624999, 249, 0, 0
626000, 202, 0, 0
626999, 193, 0, 0
627999, 180, 0, 0
629000, 230, 0, 0
629999, 220, 0, 0
630999, 221, 0, 0
632000, 220, 0, 0
632999, 236, 0, 0
633999, 211, 0, 0
635000, 199, 0, 0
635999, 225, 0, 0
636999, 203, 0, 0
638000, 264, 0, 0
638999, 222, 0, 0
639999, 222, 0, 0
641000, 218, 0, 0
641999, 253, 0, 0
642999, 228, 0, 0
644000, 209, 0, 0
645000, 229, 0, 0
645999, 238, 0, 0
646999, 207, 0, 0
648000, 242, 0, 0
648999, 228, 0, 0
650000, 227, 0, 0
650999, 214, 0, 0
651999, 227, 0, 0
653000, 224, 0, 0
653999, 257, 0, 0
655000, 210, 0, 0
655999, 235, 0, 0
656999, 234, 0, 0
658000, 212, 0, 0
659000, 229, 0, 0
659999, 245, 0, 0
661000, 222, 0, 0
661999, 218, 0, 0
662999, 210, 0, 0
664000, 247, 0, 0
664999, 208, 0, 0
666000, 244, 0, 0
666999, 203, 0, 0
667999, 219, 0, 0
669000, 216, 0, 0
669999, 230, 0, 0
670999, 237, 0, 0
672000, 233, 0, 0
672999, 240, 0, 0
673999, 238, 0, 0
675000, 263, 0, 0
675999, 238, 0, 0
676999, 213, 0, 0
678000, 222, 0, 0
678999, 220, 0, 0
679999, 208, 0, 0
681000, 232, 0, 0
681999, 220, 0, 0
682999, 237, 0, 0
684000, 246, 0, 0
684999, 214, 0, 0
685999, 210, 0, 0
687000, 217, 0, 0
687999, 234, 0, 0
688999, 213, 0, 0
690000, 238, 0, 0
690999, 217, 0, 0
691999, 218, 0, 0
693000, 225, 0, 0
693999, 224, 0, 0
694999, 224, 0, 0
696000, 211, 0, 0
696999, 232, 0, 0
698000, 212, 0, 0
698999, 221, 0, 0
699999, 208, 0, 0
701000, 217, 0, 0
701999, 253, 0, 0
702999, 231, 0, 0
704000, 220, 0, 0
704999, 249, 0, 0
705999, 249, 0, 0
707000, 215, 0, 0
707999, 216, 0, 0
708999, 225, 0, 0
710000, 237, 0, 0
710999, 267, 0, 0
712000, 218, 0, 0
713000, 212, 0, 0
713999, 228, 0, 0
715000, 220, 0, 0
715999, 223, 0, 0
716999, 246, 0, 0
718000, 223, 0, 0
718999, 206, 0, 0
719999, 242, 0, 0
721000, 234, 0, 0
722000, 239, 0, 0
722999, 198, 0, 0
723999, 222, 0, 0
725000, 198, 0, 0
725999, 253, 0, 0
726999, 204, 0, 0
728000, 219, 0, 0
728999, 223, 0, 0
729999, 232, 0, 0
731000, 197, 0, 0
731999, 214, 0, 0
732999, 213, 0, 0
734000, 178, 0, 0
734999, 223, 0, 0
735999, 229, 0, 0
737000, 217, 0, 0
737999, 204, 0, 0
738999, 241, 0, 0
740000, 200, 0, 0
740999, 241, 0, 0
741999, 248, 0, 0
743000, 256, 0, 0
743999, 252, 0, 0
745000, 215, 0, 0
746000, 233, 0, 0
746999, 230, 0, 0
747999, 253, 0, 0
749000, 233, 0, 0
750000, 233, 0, 0
750999, 225, 0, 0
752000, 230, 0, 0
752999, 245, 0, 0
753999, 218, 0, 0
755000, 220, 0, 0
755999, 203, 0, 0
756999, 235, 0, 0
758000, 228, 0, 0
758999, 212, 0, 0
759999, 267, 0, 0
761000, 254, 0, 0
761999, 202, 0, 0
762999, 206, 0, 0
764000, 238, 0, 0
765000, 188, 0, 0
765999, 227, 0, 0
766999, 221, 0, 0
768000, 220, 0, 0
769000, 218, 0, 0
769999, 220, 0, 0
771000, 205, 0, 0
771999, 221, 0, 0
772999, 244, 0, 0
774000, 224, 0, 0
774999, 251, 0, 0
775999, 240, 0, 0
777000, 205, 0, 0
777999, 191, 0, 0
778999, 213, 0, 0
780000, 240, 0, 0
780999, 209, 0, 0
781999, 196, 0, 0
783000, 222, 0, 0
784000, 225, 0, 0
784999, 233, 0, 0
786000, 203, 0, 0
787000, 233, 0, 0
788000, 223, 0, 0
789000, 217, 0, 0
789999, 194, 0, 0
791000, 234, 0, 0
792000, 190, 0, 0
793000, 235, 0, 0
793999, 220, 0, 0
795000, 238, 0, 0
796000, 221, 0, 0
797000, 239, 0, 0
797999, 225, 0, 0
799000, 215, 0, 0
800000, 252, 0, 0
801000, 213, 0, 0
802000, 229, 0, 0
803001, 209, 0, 0
803999, 250, 0, 0
805000, 240, 0, 0
806000, 235, 0, 0
807000, 231, 0, 0
808000, 212, 0, 0
809000, 223, 0, 0
810000, 211, 0, 0
811000, 207, 0, 0
812000, 185, 0, 0
813000, 230, 0, 0
814000, 293, 0, 0
815000, 217, 0, 0
816000, 224, 0, 0
817000, 233, 0, 0
818000, 265, 0, 0
819000, 213, 0, 0
820000, 214, 0, 0
821000, 223, 0, 0
822000, 234, 0, 0
823000, 189, 0, 0
824000, 217, 0, 0
825000, 209, 0, 0
826000, 232, 0, 0
827000, 233, 0, 0
828000, 237, 0, 0
829000, 238, 0, 0
830000, 208, 0, 0
831000, 243, 0, 0
832000, 213, 0, 0
833000, 212, 0, 0
834000, 228, 0, 0
835000, 199, 0, 0
835999, 236, 0, 0
837000, 197, 0, 0
838000, 208, 0, 0
839000, 250, 0, 0
840000, 240, 0, 0
841000, 240, 0, 0
842000, 209, 0, 0
843000, 215, 0, 0
844000, 216, 0, 0
845000, 224, 0, 0
846000, 213, 0, 0
847000, 247, 0, 0
848000, 263, 0, 0
848999, 234, 0, 0
850000, 203, 0, 0
850999, 206, 0, 0
851999, 214, 0, 0
852999, 226, 0, 0
853999, 197, 0, 0
854999, 196, 0, 0
855999, 185, 0, 0
856998, 209, 0, 0
857998, 214, 0, 0
858999, 209, 0, 0
859998, 207, 0, 0
860998, 192, 0, 0
861997, 260, 0, 0
862998, 208, 0, 0
863998, 220, 0, 0
864997, 216, 0, 0
865997, 197, 0, 0
866997, 216, 0, 0
867997, 209, 0, 0
868997, 230, 0, 0
869996, 234, 0, 0
870997, 208, 0, 0
871997, 214, 0, 0
872996, 218, 0, 0
873996, 199, 0, 0
874995, 200, 0, 0
875996, 205, 0, 0
876996, 216, 0, 0
877995, 214, 0, 0
878995, 210, 0, 0
879996, 251, 0, 0
880995, 227, 0, 0
881995, 228, 0, 0
882994, 201, 0, 0
883995, 255, 0, 0
884995, 210, 0, 0
885994, 199, 0, 0
886994, 216, 0, 0
887994, 204, 0, 0
888993, 195, 0, 0
889994, 255, 0, 0
890993, 217, 0, 0
891993, 210, 0, 0
892994, 244, 0, 0
893993, 254, 0, 0
894993, 190, 0, 0
895993, 168, 0, 0
896993, 189, 0, 0
897993, 159, 0, 0
898992, 157, 0, 0
899992, 205, 0, 0
900993, 219, 0, 0
901992, 221, 0, 0
902992, 228, 0, 0
903991, 245, 0, 0
904992, 227, 0, 0
905992, 199, 0, 0
906991, 209, 0, 0
907991, 256, 0, 0
908991, 223, 0, 0
909991, 203, 0, 0
910991, 230, 0, 0
912000, 250, 0, 0
912991, 255, 0, 0
913999, 233, 0, 0
915000, 248, 0, 0
915999, 247, 0, 0
916999, 214, 0, 0
918000, 235, 0, 0
918999, 199, 0, 0
919999, 198, 0, 0
921000, 191, 0, 0
921999, 222, 0, 0
922999, 216, 0, 0
924000, 206, 0, 0
924999, 206, 0, 0
925999, 223, 0, 0
927000, 198, 0, 0
927999, 207, 0, 0
928999, 180, 0, 0
930000, 233, 0, 0
930999, 206, 0, 0
931999, 224, 0, 0
933000, 218, 0, 0
933999, 228, 0, 0
934999, 240, 0, 0
936000, 203, 0, 0
936999, 227, 0, 0
937999, 218, 0, 0
939000, 195, 0, 0
939999, 208, 0, 0
940999, 231, 0, 0
942000, 217, 0, 0
942999, 200, 0, 0
943999, 181, 0, 0
945000, 219, 0, 0
945999, 237, 0, 0
947000, 229, 0, 0
948000, 194, 0, 0
948999, 204, 0, 0
950000, 198, 0, 0
950999, 210, 0, 0
951999, 213, 0, 0
953000, 211, 0, 0
953999, 225, 0, 0
954999, 193, 0, 0
956000, 211, 0, 0
956999, 240, 0, 0
957999, 211, 0, 0
959000, 236, 0, 0
959999, 218, 0, 0
960999, 181, 0, 0
962000, 205, 0, 0
962999, 222, 0, 0
963999, 240, 0, 0
965000, 240, 0, 0
965999, 225, 0, 0
966999, 229, 0, 0
968000, 210, 0, 0
968999, 237, 0, 0
969999, 262, 0, 0
971000, 208, 0, 0
971999, 204, 0, 0
972999, 250, 0, 0
974000, 216, 0, 0
974999, 229, 0, 0
975999, 244, 0, 0
977000, 230, 0, 0
977999, 220, 0, 0
978999, 231, 0, 0
980000, 209, 0, 0
980999, 222, 0, 0
982000, 195, 0, 0
982999, 234, 0, 0
983999, 227, 0, 0
985000, 209, 0, 0
985999, 197, 0, 0
986999, 203, 0, 0
988000, 230, 0, 0
989000, 208, 0, 0
989999, 194, 0, 0
990999, 234, 0, 0
992000, 204, 0, 0
992999, 203, 0, 0
993999, 172, 0, 0
995000, 219, 0, 0
995999, 229, 0, 0
997000, 245, 0, 0
998000, 205, 0, 0
998999, 241, 0, 0
1000000, 250, 0, 0
1000999, 240, 0, 0
1001999, 202, 0, 0
1003000, 233, 0, 0
1003999, 208, 0, 0
1004999, 208, 0, 0
1006000, 201, 0, 0
1006999, 188, 0, 0
1007999, 195, 0, 0
1009000, 214, 0, 0
1009999, 203, 0, 0
1010999, 219, 0, 0
1012000, 220, 0, 0
1012999, 219, 0, 0
1014000, 210, 0, 0
1014999, 246, 0, 0
1015999, 235, 0, 0
1017000, 227, 0, 0
1017999, 228, 0, 0
1018999, 232, 0, 0
1020000, 211, 0, 0
1020999, 196, 0, 0
1022000, 199, 0, 0
1023000, 215, 0, 0
1023999, 181, 0, 0
1025000, 189, 0, 0
1025999, 197, 0, 0
1026999, 243, 0, 0
1028000, 216, 0, 0
1028999, 219, 0, 0
1029999, 221, 0, 0
1031000, 174, 0, 0
1031999, 229, 0, 0
1032999, 232, 0, 0
1034000, 215, 0, 0
1034999, 175, 0, 0
1035999, 217, 0, 0
1037000, 190, 0, 0
1037999, 209, 0, 0
1038999, 224, 0, 0
1040000, 234, 0, 0
1040999, 200, 0, 0
1041999, 199, 0, 0
1043000, 213, 0, 0
1043999, 233, 0, 0
1044999, 304, 0, 0
1046000, 317, 0, 0
1046999, 235, 0, 0
1047999, 203, 0, 0
1048999, 244, 0, 0
1049999, 230, 0, 0
1050999, 227, 0, 0
1052000, 241, 0, 0
1052999, 204, 0, 0
1053999, 249, 0, 0
1055000, 236, 0, 0
1055999, 224, 0, 0
1057000, 238, 0, 0
1057999, 227, 0, 0
1058999, 265, 0, 0
1060000, 238, 0, 0
1060999, 239, 0, 0
1061999, 240, 0, 0
1063000, 212, 0, 0
1063999, 233, 0, 0
1064999, 259, 0, 0
1065999, 216, 0, 0
1066999, 242, 0, 0
1068000, 247, 0, 0
1069000, 243, 0, 0
1069999, 253, 0, 0
1071000, 199, 0, 0
1071999, 248, 0, 0
1072999, 241, 0, 0
1074000, 237, 0, 0
1074999, 245, 0, 0
1075999, 233, 0, 0
1077000, 237, 0, 0
1077999, 213, 0, 0
1078999, 235, 0, 0
1080000, 237, 0, 0
1081000, 245, 0, 0
1081999, 254, 0, 0
1083000, 238, 0, 0
1083999, 213, 0, 0
1084999, 226, 0, 0
1086000, 224, 0, 0
1086999, 230, 0, 0
1087999, 219, 0, 0
1089000, 224, 0, 0
1089999, 224, 0, 0
1090999, 241, 0, 0
1092000, 249, 0, 0
1092999, 258, 0, 0
1093999, 251, 0, 0
1095000, 228, 0, 0
1095999, 282, 0, 0
1096999, 238, 0, 0
1098000, 219, 0, 0
1098999, 225, 0, 0
1099999, 233, 0, 0
1101000, 252, 0, 0
1101999, 230, 0, 0
1103000, 218, 0, 0
1104000, 242, 0, 0
1104999, 213, 0, 0
1106000, 233, 0, 0
1107000, 248, 0, 0
1107999, 252, 0, 0
1109000, 267, 0, 0
1109999, 241, 0, 0
1110999, 237, 0, 0
1112000, 245, 0, 0
1112999, 222, 0, 0
1113999, 235, 0, 0
1115000, 240, 0, 0
1116000, 256, 0, 0
1116999, 241, 0, 0
1117999, 261, 0, 0
1118999, 193, 0, 0
1119999, 260, 0, 0
1121000, 217, 0, 0
1122000, 255, 0, 0
1122999, 205, 0, 0
1124000, 215, 0, 0
1124999, 233, 0, 0
1125999, 252, 0, 0
1127000, 235, 0, 0
1127999, 212, 0, 0
1128999, 217, 0, 0
1130000, 229, 0, 0
1130999, 220, 0, 0
1132000, 246, 0, 0
1132999, 212, 0, 0
1133999, 241, 0, 0
1135000, 260, 0, 0
1135999, 239, 0, 0
1136999, 231, 0, 0
1138000, 263, 0, 0
1138999, 263, 0, 0
1139999, 262, 0, 0
1141000, 248, 0, 0
1141999, 248, 0, 0
1142999, 238, 0, 0
1144000, 252, 0, 0
1144999, 247, 0, 0
1146000, 260, 0, 0
1147000, 249, 0, 0
1147999, 235, 0, 0
1148999, 224, 0, 0
1150000, 230, 0, 0
1151000, 255, 0, 0
1151999, 245, 0, 0
1152999, 235, 0, 0
1154000, 235, 0, 0
1154999, 265, 0, 0
1155999, 264, 0, 0
1156999, 252, 0, 0
1158000, 268, 0, 0
1158999, 278, 0, 0
1159999, 249, 0, 0
1161000, 201, 0, 0
1161999, 202, 0, 0
1163000, 243, 0, 0
1163999, 235, 0, 0
1164999, 242, 0, 0
1166000, 259, 0, 0
1166999, 237, 0, 0
1167999, 253, 0, 0
1169000, 238, 0, 0
1169999, 249, 0, 0
1170999, 229, 0, 0
1172000, 238, 0, 0
1172999, 251, 0, 0
1173999, 237, 0, 0
1175000, 276, 0, 0
1175999, 238, 0, 0
1177000, 274, 0, 0
1177999, 250, 0, 0
1178999, 239, 0, 0
1180000, 232, 0, 0
1180999, 262, 0, 0
1182000, 257, 0, 0
1182999, 273, 0, 0
1183999, 235, 0, 0
1185000, 235, 0, 0
1185999, 262, 0, 0
1186999, 243, 0, 0
1188000, 260, 0, 0
1188999, 257, 0, 0
1189999, 252, 0, 0
1191000, 237, 0, 0
1191999, 273, 0, 0
1193000, 232, 0, 0
1193999, 246, 0, 0
1194999, 236, 0, 0
1196000, 243, 0, 0
1196999, 239, 0, 0
1197999, 259, 0, 0
1199000, 218, 0, 0
1199999, 270, 0, 0
1201000, 219, 0, 0
1201999, 228, 0, 0
1202999, 214, 0, 0
1204000, 245, 0, 0
1205000, 229, 0, 0
1205999, 257, 0, 0
1207000, 295, 0, 0
1207999, 211, 0, 0
1208999, 250, 0, 0
1209999, 242, 0, 0
1211000, 244, 0, 0
1211999, 246, 0, 0
1212999, 231, 0, 0
1214000, 294, 0, 0
1214999, 220, 0, 0
1216000, 242, 0, 0
1216999, 233, 0, 0
1217999, 255, 0, 0
1219000, 269, 0, 0
1219999, 245, 0, 0
1220999, 254, 0, 0
1222000, 246, 0, 0
1222999, 248, 0, 0
1223999, 247, 0, 0
1225000, 236, 0, 0
1225999, 226, 0, 0
1226999, 226, 0, 0
1228000, 258, 0, 0
1228999, 294, 0, 0
1230000, 235, 0, 0
1230999, 257, 0, 0
1231999, 261, 0, 0
1233000, 248, 0, 0
1233999, 269, 0, 0
1234999, 251, 0, 0
1236000, 227, 0, 0
1236999, 254, 0, 0
1237999, 251, 0, 0
1238999, 238, 0, 0
1239999, 268, 0, 0
1241000, 233, 0, 0
1241999, 216, 0, 0
1242999, 275, 0, 0
1244000, 256, 0, 0
1244999, 234, 0, 0
1246000, 236, 0, 0
1247000, 237, 0, 0
1247999, 223, 0, 0
1249000, 246, 0, 0
1249999, 216, 0, 0
1250999, 268, 0, 0
1252000, 277, 0, 0
1252999, 245, 0, 0
1253999, 214, 0, 0
1255000, 244, 0, 0
1255999, 289, 0, 0
1256999, 239, 0, 0
1258000, 247, 0, 0
1258999, 249, 0, 0
1259999, 262, 0, 0
1261000, 231, 0, 0
1261999, 248, 0, 0
1262999, 249, 0, 0
1264000, 267, 0, 0
1265000, 230, 0, 0
1265999, 268, 0, 0
1266999, 262, 0, 0
1268000, 266, 0, 0
1268999, 243, 0, 0
1269999, 271, 0, 0
1271000, 221, 0, 0
1271999, 216, 0, 0
1272999, 261, 0, 0
1274000, 232, 0, 0
1275000, 235, 0, 0
1275999, 251, 0, 0
1276999, 228, 0, 0
1278000, 240, 0, 0
1278999, 268, 0, 0
1279999, 236, 0, 0
1281000, 237, 0, 0
1281999, 235, 0, 0
1282999, 251, 0, 0
1284000, 248, 0, 0
1284999, 234, 0, 0
1285999, 266, 0, 0
1287000, 258, 0, 0
1287999, 262, 0, 0
1288999, 248, 0, 0
1290000, 223, 0, 0
1291000, 249, 0, 0
1291999, 247, 0, 0
1292999, 229, 0, 0
1294000, 255, 0, 0
1294999, 241, 0, 0
1296000, 276, 0, 0
1296999, 251, 0, 0
1297999, 261, 0, 0
1299000, 245, 0, 0
1299999, 251, 0, 0
1300999, 243, 0, 0
1302000, 248, 0, 0
1302999, 254, 0, 0
1304000, 269, 0, 0
1304999, 231, 0, 0
1305999, 249, 0, 0
1307000, 283, 0, 0
1307999, 218, 0, 0
1308999, 268, 0, 0
1310000, 241, 0, 0
1310999, 259, 0, 0
1312000, 246, 0, 0
1312999, 297, 0, 0
1313999, 312, 0, 0
1315000, 273, 0, 0
1315999, 249, 0, 0
1316999, 244, 0, 0
1317999, 262, 0, 0
1318999, 253, 0, 0
1320000, 253, 0, 0
1320999, 227, 0, 0
1322000, 268, 0, 0
1323000, 302, 0, 0
1323999, 218, 0, 0
1325000, 247, 0, 0
1326000, 235, 0, 0
1326999, 266, 0, 0
1328000, 241, 0, 0
1328999, 250, 0, 0
1329999, 260, 0, 0
1331000, 245, 0, 0
1331999, 266, 0, 0
1332999, 227, 0, 0
1334000, 272, 0, 0
1334999, 260, 0, 0
1336000, 266, 0, 0
1337000, 208, 0, 0
1337999, 272, 0, 0
1339000, 247, 0, 0
1339999, 275, 0, 0
1340999, 262, 0, 0
1342000, 265, 0, 0
1342999, 268, 0, 0
1343999, 271, 0, 0
1345000, 245, 0, 0
1345999, 269, 0, 0
1346999, 264, 0, 0
1348000, 270, 0, 0
1348999, 246, 0, 0
1349999, 264, 0, 0
1351000, 258, 0, 0
1351999, 240, 0, 0
1353000, 237, 0, 0
1353999, 264, 0, 0
1354999, 235, 0, 0
1356000, 263, 0, 0
1356999, 250, 0, 0
1357999, 237, 0, 0
1359000, 216, 0, 0
1359999, 258, 0, 0
1361000, 223, 0, 0
1361999, 253, 0, 0
1362999, 241, 0, 0
1364000, 255, 0, 0
1364999, 269, 0, 0
1366000, 244, 0, 0
1366999, 234, 0, 0
1367999, 255, 0, 0
1369000, 231, 0, 0
1369999, 272, 0, 0
1370999, 244, 0, 0
1372000, 225, 0, 0
1372999, 272, 0, 0
1373999, 269, 0, 0
1375000, 252, 0, 0
1375999, 245, 0, 0
1377000, 252, 0, 0
1377999, 230, 0, 0
1378999, 269, 0, 0
1380000, 261, 0, 0
1380999, 233, 0, 0
1381999, 249, 0, 0
1383000, 265, 0, 0
1383999, 227, 0, 0
1384999, 271, 0, 0
1386000, 242, 0, 0
1387000, 255, 0, 0
1387999, 251, 0, 0
1388999, 256, 0, 0
1390000, 269, 0, 0
1390999, 223, 0, 0
1392000, 258, 0, 0
1393000, 277, 0, 0
1393999, 245, 0, 0
1394999, 237, 0, 0
1396000, 269, 0, 0
1396999, 287, 0, 0
1397999, 268, 0, 0
1399000, 271, 0, 0
1399999, 278, 0, 0
1400999, 239, 0, 0
1402000, 265, 0, 0
1402999, 229, 0, 0
1403999, 264, 0, 0
1404999, 240, 0, 0
1406000, 232, 0, 0
1406999, 274, 0, 0
1407999, 214, 0, 0
1409000, 265, 0, 0
1409999, 246, 0, 0
1411000, 245, 0, 0
1411999, 255, 0, 0
1412999, 263, 0, 0
1414000, 255, 0, 0
1414999, 270, 0, 0
1415999, 265, 0, 0
1417000, 240, 0, 0
1418000, 261, 0, 0
1418999, 269, 0, 0
1419999, 293, 0, 0
1421000, 275, 0, 0
1421999, 257, 0, 0
1422999, 276, 0, 0
1424000, 272, 0, 0
1424999, 236, 0, 0
1425999, 314, 0, 0
1427000, 264, 0, 0
1427999, 239, 0, 0
1428999, 302, 0, 0
1430000, 287, 0, 0
1430999, 255, 0, 0
1431999, 239, 0, 0
1433000, 254, 0, 0
1433999, 224, 0, 0
1434999, 260, 0, 0
1436000, 272, 0, 0
1436999, 274, 0, 0
1438000, 254, 0, 0
1438999, 257, 0, 0
1439999, 256, 0, 0
1441000, 262, 0, 0
1441999, 245, 0, 0
1442999, 274, 0, 0
1444000, 241, 0, 0
1444999, 258, 0, 0
1446000, 289, 0, 0
1446999, 231, 0, 0
1447999, 291, 0, 0
1449000, 234, 0, 0
1449999, 272, 0, 0
1450999, 266, 0, 0
1452000, 260, 0, 0
1452999, 238, 0, 0
1453999, 278, 0, 0
1455000, 227, 0, 0
1455999, 240, 0, 0
1456999, 241, 0, 0
1458000, 271, 0, 0
1459000, 253, 0, 0
1459999, 257, 0, 0
1460999, 233, 0, 0
1462000, 237, 0, 0
1462999, 285, 0, 0
1463999, 250, 0, 0
1465000, 249, 0, 0
1466000, 238, 0, 0
1466999, 253, 0, 0
1467999, 251, 0, 0
1469000, 288, 0, 0
1469999, 245, 0, 0
1470999, 268, 0, 0
1472000, 276, 0, 0
1472999, 247, 0, 0
1474000, 261, 0, 0
1475000, 262, 0, 0
1475999, 286, 0, 0
1476999, 258, 0, 0
1478000, 232, 0, 0
1478999, 282, 0, 0
1480000, 275, 0, 0
1480999, 223, 0, 0
1482000, 284, 0, 0
1482999, 254, 0, 0
1483999, 251, 0, 0
1485000, 314, 0, 0
1485999, 251, 0, 0
1486999, 258, 0, 0
1487999, 262, 0, 0
1489000, 253, 0, 0
1489999, 276, 0, 0
1490999, 257, 0, 0
1492000, 252, 0, 0
1492999, 274, 0, 0
1493999, 309, 0, 0
1495000, 233, 0, 0
1496000, 279, 0, 0
1496999, 290, 0, 0
1498000, 260, 0, 0
1499000, 261, 0, 0
1499999, 278, 0, 0
1501000, 283, 0, 0
1502000, 322, 0, 0
1502999, 273, 0, 0
1504000, 261, 0, 0
1505000, 245, 0, 0
1505999, 267, 0, 0
1506999, 231, 0, 0
1508000, 309, 0, 0
1508999, 264, 0, 0
1509999, 255, 0, 0
1511000, 266, 0, 0
1511999, 244, 0, 0
1513000, 260, 0, 0
1514000, 253, 0, 0
1514999, 273, 0, 0
1515999, 279, 0, 0
1517000, 259, 0, 0
1517999, 239, 0, 0
1518999, 231, 0, 0
1520000, 244, 0, 0
1520999, 263, 0, 0
1521999, 266, 0, 0
1523000, 311, 0, 0
1523999, 260, 0, 0
1524999, 296, 0, 0
1526000, 264, 0, 0
1526999, 238, 0, 0
1527999, 271, 0, 0
1529000, 257, 0, 0
1529999, 294, 0, 0
1530999, 262, 0, 0
1532000, 315, 0, 0
1533000, 242, 0, 0
1533999, 291, 0, 0
1535000, 278, 0, 0
1536000, 272, 0, 0
1536999, 287, 0, 0
1537999, 267, 0, 0
1539000, 249, 0, 0
1539999, 249, 0, 0
1540999, 263, 0, 0
1542000, 276, 0, 0
1542999, 259, 0, 0
1543999, 285, 0, 0
1545000, 267, 0, 0
1545999, 282, 0, 0
1546999, 288, 0, 0
1548000, 304, 0, 0
1548999, 279, 0, 0
1549999, 262, 0, 0
1551000, 265, 0, 0
1551999, 286, 0, 0
1553000, 248, 0, 0
1554000, 279, 0, 0
1554999, 249, 0, 0
1556000, 239, 0, 0
1556999, 264, 0, 0
1557999, 255, 0, 0
1559000, 263, 0, 0
1559999, 295, 0, 0
1560999, 292, 0, 0
1562000, 376, 0, 0
1562999, 246, 0, 0
1564000, 275, 0, 0
1565000, 265, 0, 0
1565999, 288, 0, 0
1567000, 307, 0, 0
1568000, 232, 0, 0
1568999, 232, 0, 0
1570000, 343, 0, 0
1571000, 250, 0, 0
1571999, 302, 0, 0
1573000, 288, 0, 0
1573999, 307, 0, 0
1574999, 265, 0, 0
1576000, 269, 0, 0
1576999, 295, 0, 0
1577999, 260, 0, 0
1579000, 264, 0, 0
1580000, 289, 0, 0
1580999, 258, 0, 0
1582000, 277, 0, 0
1582999, 312, 0, 0
1583999, 279, 0, 0
1585000, 283, 0, 0
1586000, 251, 0, 0
1586999, 239, 0, 0
1588000, 303, 0, 0
1588999, 331, 0, 0
1589999, 258, 0, 0
1591000, 323, 0, 0
1591999, 256, 0, 0
1592999, 293, 0, 0
1594000, 292, 0, 0
1594999, 265, 0, 0
1596000, 289, 0, 0
1597000, 259, 0, 0
1597999, 274, 0, 0
1599000, 286, 0, 0
1600000, 283, 0, 0
1600999, 275, 0, 0
1602000, 282, 0, 0
1602999, 280, 0, 0
1603999, 255, 0, 0
1605000, 277, 0, 0
1605999, 298, 0, 0
1606999, 260, 0, 0
1608000, 288, 0, 0
1608999, 292, 0, 0
1609999, 295, 0, 0
1611000, 275, 0, 0
1611999, 309, 0, 0
1612999, 269, 0, 0
1614000, 292, 0, 0
1614999, 267, 0, 0
1615999, 275, 0, 0
1617000, 284, 0, 0
1617999, 277, 0, 0
1618999, 267, 0, 0
1620000, 341, 0, 0
1620999, 291, 0, 0
1622000, 281, 0, 0
1622999, 256, 0, 0
1623999, 375, 0, 0
1625000, 253, 0, 0
1625999, 262, 0, 0
1626999, 277, 0, 0
1628000, 268, 0, 0
1628999, 263, 0, 0
1629999, 283, 0, 0
1631000, 303, 0, 0
1631999, 279, 0, 0
1633000, 298, 0, 0
1634000, 260, 0, 0
1634999, 272, 0, 0
1636000, 297, 0, 0
1636999, 306, 0, 0
1637999, 268, 0, 0
1639000, 299, 0, 0
1639999, 289, 0, 0
1640999, 300, 0, 0
1642000, 333, 0, 0
1642999, 299, 0, 0
1644000, 302, 0, 0
1644999, 240, 0, 0
1645999, 301, 0, 0
1647000, 274, 0, 0
1647999, 337, 0, 0
1648999, 278, 0, 0
1650000, 266, 0, 0
1650999, 321, 0, 0
1651999, 261, 0, 0
1653000, 271, 0, 0
1654000, 306, 0, 0
1654999, 284, 0, 0
1655999, 329, 0, 0
1657000, 306, 0, 0
1657999, 315, 0, 0
1658999, 284, 0, 0
1660000, 263, 0, 0
1660999, 304, 0, 0
1661999, 334, 0, 0
1663000, 289, 0, 0
1663999, 283, 0, 0
1664999, 308, 0, 0
1666000, 311, 0, 0
1667000, 356, 0, 0
1667999, 275, 0, 0
1668999, 271, 0, 0
1670000, 298, 0, 0
1670999, 296, 0, 0
1671999, 287, 0, 0
1673000, 266, 0, 0
1673999, 307, 0, 0
1674999, 270, 0, 0
1676000, 287, 0, 0
1676999, 296, 0, 0
1677999, 297, 0, 0
1679000, 322, 0, 0
1680000, 330, 0, 0
1680999, 256, 0, 0
1682000, 298, 0, 0
1683000, 290, 0, 0
1683999, 306, 0, 0
1685000, 278, 0, 0
1686000, 294, 0, 0
1686999, 300, 0, 0
1688000, 317, 0, 0
1689000, 272, 0, 0
1689999, 272, 0, 0
1691000, 324, 0, 0
1691999, 313, 0, 0
1692999, 333, 0, 0
1694000, 325, 0, 0
1694999, 334, 0, 0
1695999, 341, 0, 0
1697000, 303, 0, 0
1697999, 305, 0, 0
1698999, 330, 0, 0
1700000, 328, 0, 0
1700999, 270, 0, 0
1701999, 329, 0, 0
1703000, 293, 0, 0
1703999, 353, 0, 0
1704999, 322, 0, 0
1705999, 339, 0, 0
1706999, 322, 0, 0
1708000, 304, 0, 0
1709000, 333, 0, 0
1709999, 313, 0, 0
1710999, 325, 0, 0
1712000, 342, 0, 0
1712999, 300, 0, 0
1713999, 332, 0, 0
1715000, 300, 0, 0
1715999, 288, 0, 0
1716999, 327, 0, 0
1718000, 348, 0, 0
1718999, 301, 0, 0
1719999, 307, 0, 0
1721000, 326, 0, 0
1721999, 302, 0, 0
1722999, 347, 0, 0
1724000, 371, 0, 0
1724999, 286, 0, 0
1725999, 329, 0, 0
1727000, 321, 0, 0
1727999, 357, 0, 0
1728999, 331, 0, 0
1730000, 329, 0, 0
1730999, 339, 0, 0
1731999, 295, 0, 0
1732999, 329, 0, 0
1733999, 335, 0, 0
1734999, 340, 0, 0
1736000, 352, 0, 0
1736999, 343, 0, 0
1737999, 372, 0, 0
1739000, 357, 0, 0
1739999, 337, 0, 0
1740999, 368, 0, 0
1742000, 339, 0, 0
1742999, 289, 0, 0
1743999, 338, 0, 0
1745000, 289, 0, 0
1745999, 317, 0, 0
1747000, 340, 0, 0
1747999, 313, 0, 0
1748999, 325, 0, 0
1749999, 330, 0, 0
1750999, 292, 0, 0
1751999, 297, 0, 0
1753000, 310, 0, 0
1753999, 321, 0, 0
1754999, 321, 0, 0
1756000, 342, 0, 0
1756999, 330, 0, 0
1757999, 358, 0, 0
1759000, 311, 0, 0
1759999, 382, 0, 0
1760999, 330, 0, 0
1762000, 340, 0, 0
1762999, 341, 0, 0
1764000, 300, 0, 0
1765000, 349, 0, 0
1765999, 317, 0, 0
1767000, 306, 0, 0
1767999, 373, 0, 0
1768999, 364, 0, 0
1770000, 342, 0, 0
1770999, 323, 0, 0
1771999, 357, 0, 0
1773000, 356, 0, 0
1773999, 355, 0, 0
1774999, 353, 0, 0
1776000, 296, 0, 0
1776999, 361, 0, 0
1777999, 310, 0, 0
1779000, 322, 0, 0
1779999, 380, 0, 0
1780999, 333, 0, 0
1781999, 338, 0, 0
1783000, 376, 0, 0
1783999, 374, 0, 0
1785000, 317, 0, 0
1786000, 315, 0, 0
1786999, 381, 0, 0
1788000, 341, 0, 0
1789000, 370, 0, 0
1789999, 316, 0, 0
1791000, 367, 0, 0
1792000, 333, 0, 0
1792999, 329, 0, 0
1794000, 306, 0, 0
1794999, 382, 0, 0
1795999, 315, 0, 0
1797000, 361, 0, 0
1797999, 351, 0, 0
1798999, 378, 0, 0
1800000, 369, 0, 0
1800999, 316, 0, 0
1801999, 392, 0, 0
1803000, 382, 0, 0
1803999, 370, 0, 0
1804999, 317, 0, 0
1806000, 387, 0, 0
1806999, 339, 0, 0
1807999, 400, 0, 0
1809000, 344, 0, 0
1809999, 334, 0, 0
1810999, 327, 0, 0
1811999, 387, 0, 0
1812999, 372, 0, 0
1814000, 354, 0, 0
1814999, 362, 0, 0
1815999, 361, 0, 0
1817000, 363, 0, 0
1817999, 346, 0, 0
1818999, 437, 0, 0
1820000, 334, 0, 0
1820999, 363, 0, 0
1821999, 371, 0, 0
1823000, 318, 0, 0
1823999, 334, 0, 0
1824999, 375, 0, 0
1826000, 307, 0, 0
1826999, 354, 0, 0
1828000, 324, 0, 0
1829000, 390, 0, 0
1829999, 339, 0, 0
1831000, 350, 0, 0
1831999, 376, 0, 0
1832999, 371, 0, 0
1834000, 359, 0, 0
1834999, 350, 0, 0
1836000, 388, 0, 0
1837000, 376, 0, 0
1837999, 360, 0, 0
1839000, 372, 0, 0
1840000, 427, 0, 0
1840999, 356, 0, 0
1842000, 355, 0, 0
1843000, 305, 0, 0
1843999, 364, 0, 0
1845000, 390, 0, 0
1845999, 350, 0, 0
1846999, 351, 0, 0
1848000, 389, 0, 0
1848999, 388, 0, 0
1849999, 382, 0, 0
1851000, 372, 0, 0
1851999, 376, 0, 0
1852999, 386, 0, 0
1854000, 361, 0, 0
1854999, 361, 0, 0
1855999, 369, 0, 0
1856999, 384, 0, 0
1858000, 406, 0, 0
1858999, 397, 0, 0
1860000, 376, 0, 0
1861000, 398, 0, 0
1861999, 374, 0, 0
1863000, 387, 0, 0
1864000, 384, 0, 0
1864999, 440, 0, 0
1865999, 388, 0, 0
1867000, 422, 0, 0
1867999, 333, 0, 0
1868999, 364, 0, 0
1870000, 419, 0, 0
1870999, 429, 0, 0
1871999, 411, 0, 0
1873000, 363, 0, 0
1873999, 401, 0, 0
1874999, 414, 0, 0
1876000, 388, 0, 0
1877000, 370, 0, 0
1877999, 448, 0, 0
1879000, 431, 0, 0
1879999, 370, 0, 0
1880999, 419, 0, 0
1882000, 380, 0, 0
1883000, 376, 0, 0
1883999, 383, 0, 0
1885000, 414, 0, 0
1885999, 384, 0, 0
1886999, 393, 0, 0
1888000, 403, 0, 0
1888999, 399, 0, 0
1889999, 399, 0, 0
1891000, 376, 0, 0
1891999, 378, 0, 0
1892999, 456, 0, 0
1894000, 459, 0, 0
1895000, 396, 0, 0
1895999, 414, 0, 0
1896999, 377, 0, 0
1898000, 397, 0, 0
1898999, 374, 0, 0
1900000, 448, 0, 0
1900999, 417, 0, 0
1901999, 393, 0, 0
1902999, 380, 0, 0
1904000, 335, 0, 0
1904999, 348, 0, 0
1905999, 445, 0, 0
1906999, 389, 0, 0
1908000, 344, 0, 0
1908999, 459, 0, 0
1909999, 461, 0, 0
1911000, 437, 0, 0
1911999, 402, 0, 0
1913000, 397, 0, 0
1913999, 375, 0, 0
1914999, 415, 0, 0
1916000, 356, 0, 0
1916999, 447, 0, 0
1917999, 452, 0, 0
1919000, 440, 0, 0
1920000, 420, 0, 0
1920999, 389, 0, 0
1921999, 386, 0, 0
1923000, 470, 0, 0
1923999, 415, 0, 0
1924999, 425, 0, 0
1926000, 348, 0, 0
1926999, 489, 0, 0
1927999, 437, 0, 0
1929000, 470, 0, 0
1929999, 434, 0, 0
1930999, 443, 0, 0
1932000, 468, 0, 0
1932999, 481, 0, 0
1933999, 396, 0, 0
1935000, 497, 0, 0
1935999, 469, 0, 0
1936999, 457, 0, 0
1938000, 431, 0, 0
1938999, 401, 0, 0
1939999, 448, 0, 0
1941000, 439, 0, 0
1941999, 442, 0, 0
1942999, 470, 0, 0
1944000, 483, 0, 0
1944999, 439, 0, 0
1945999, 444, 0, 0
1947000, 395, 0, 0
1947999, 447, 0, 0
1948999, 447, 0, 0
1950000, 432, 0, 0
1951000, 428, 0, 0
1951999, 355, 0, 0
1953000, 493, 0, 0
1953999, 408, 0, 0
1954999, 478, 0, 0
1956000, 476, 0, 0
1956999, 478, 0, 0
1957999, 488, 0, 0
1959000, 568, 0, 0
1959999, 468, 0, 0
1960999, 585, 0, 0
1962000, 475, 0, 0
1963000, 513, 0, 0
1963999, 462, 0, 0
1965000, 400, 0, 0
1966000, 468, 0, 0
1966999, 468, 0, 0
1967999, 549, 0, 0
1969000, 498, 0, 0
1969999, 483, 0, 0
1970999, 486, 0, 0
1972000, 467, 0, 0
1972999, 454, 0, 0
1974000, 486, 0, 0
1974999, 496, 0, 0
1975999, 453, 0, 0
1977000, 538, 0, 0
1977999, 511, 0, 0
1978999, 437, 0, 0
1980000, 526, 0, 0
1980999, 535, 0, 0
1981999, 494, 0, 0
1983000, 422, 0, 0
1983999, 481, 0, 0
1984999, 525, 0, 0
1986000, 508, 0, 0
1986999, 485, 0, 0
1987999, 505, 0, 0
1989000, 504, 0, 0
1989999, 603, 0, 0
1991000, 550, 0, 0
1992000, 520, 0, 0
1992999, 491, 0, 0
1994000, 459, 0, 0
1994999, 513, 0, 0
1995999, 438, 0, 0
1997000, 451, 0, 0
1997999, 493, 0, 0
1998999, 598, 0, 0
2000000, 543, 0, 0
2000999, 443, 0, 0
2001999, 482, 0, 0
2002999, 432, 0, 0
2004000, 633, 0, 0
2004999, 563, 0, 0
2006000, 477, 0, 0
2007000, 473, 0, 0
2007999, 510, 0, 0
2008999, 515, 0, 0
2010000, 496, 0, 0
2010999, 545, 0, 0
2011999, 490, 0, 0
2013000, 550, 0, 0
2013999, 522, 0, 0
2014999, 556, 0, 0
2016000, 550, 0, 0
2016999, 508, 0, 0
2017999, 625, 0, 0
2019000, 555, 0, 0
2019999, 521, 0, 0
2021000, 483, 0, 0
2022000, 541, 0, 0
2022999, 536, 0, 0
2023999, 574, 0, 0
2024999, 553, 0, 0
2025999, 516, 0, 0
2027000, 543, 0, 0
2027999, 615, 0, 0
2028999, 519, 0, 0
2030000, 590, 0, 0
2031000, 499, 0, 0
2031999, 625, 0, 0
2033000, 555, 0, 0
2033999, 601, 0, 0
2034999, 577, 0, 0
2036000, 594, 0, 0
2036999, 581, 0, 0
2037999, 626, 0, 0
2039000, 468, 0, 0
2039999, 663, 0, 0
2041000, 553, 0, 0
2042000, 566, 0, 0
2042999, 601, 0, 0
2044000, 664, 0, 0
2044999, 585, 0, 0
2045999, 629, 0, 0
2047000, 629, 0, 0
2047999, 500, 0, 0
2048999, 595, 0, 0
2050000, 566, 0, 0
2050999, 650, 0, 0
2051999, 614, 0, 0
2053000, 585, 0, 0
2053999, 597, 0, 0
2054999, 722, 0, 0
2056000, 594, 0, 0
2056999, 632, 0, 0
2057999, 571, 0, 0
2059000, 602, 0, 0
2059999, 589, 0, 0
2060999, 596, 0, 0
2062000, 589, 0, 0
2062999, 744, 0, 0
2063999, 532, 0, 0
2065000, 643, 0, 0
2065999, 651, 0, 0
2067000, 716, 0, 0
2067999, 630, 0, 0
2068999, 775, 0, 0
2070000, 646, 0, 0
2071000, 643, 0, 0
2071999, 639, 0, 0
2072999, 617, 0, 0
2074000, 657, 0, 0
2074999, 603, 0, 0
2075999, 596, 0, 0
2077000, 640, 0, 0
2077999, 639, 0, 0
2078999, 742, 0, 0
2080000, 678, 0, 0
2080999, 671, 0, 0
2081999, 631, 0, 0
2083000, 570, 0, 0
2083999, 678, 0, 0
2084999, 704, 0, 0
2086000, 555, 0, 0
2086999, 595, 0, 0
2087999, 694, 0, 0
2089000, 684, 0, 0
2090000, 585, 0, 0
2090999, 721, 0, 0
2091999, 705, 0, 0
2093000, 762, 0, 0
2093999, 827, 0, 0
2094999, 644, 0, 0
2095999, 696, 0, 0
2096999, 682, 0, 0
2097999, 637, 0, 0
2099000, 544, 0, 0
2100000, 760, 0, 0
2100999, 724, 0, 0
2102000, 755, 0, 0
2102999, 738, 0, 0
2103999, 816, 0, 0
2105000, 785, 0, 0
2105999, 660, 0, 0
2106999, 651, 0, 0
2108000, 718, 0, 0
2108999, 671, 0, 0
2109999, 695, 0, 0
2111000, 723, 0, 0
2111999, 773, 0, 0
2112999, 841, 0, 0
2114000, 675, 0, 0
2114999, 799, 0, 0
2115999, 732, 0, 0
2117000, 753, 0, 0
2117999, 690, 0, 0
2119000, 697, 0, 0
2119999, 655, 0, 0
2120999, 754, 0, 0
2122000, 780, 0, 0
2122999, 832, 0, 0
2123999, 742, 0, 0
2125000, 750, 0, 0
2125999, 764, 0, 0
2126999, 593, 0, 0
2128000, 768, 0, 0
2128999, 874, 0, 0
2129999, 813, 0, 0
2131000, 822, 0, 0
2131999, 803, 0, 0
2132999, 795, 0, 0
2134000, 729, 0, 0
2134999, 940, 0, 0
2135999, 718, 0, 0
2137000, 856, 0, 0
2137999, 888, 0, 0
2138999, 773, 0, 0
2140000, 1018, 0, 0
2140999, 889, 0, 0
2141999, 938, 0, 0
2143000, 833, 0, 0
2143999, 917, 0, 0
2144999, 1047, 0, 0
2146000, 762, 0, 0
2146999, 826, 0, 0
2147999, 1088, 0, 0
2149000, 874, 0, 0
2149999, 811, 0, 0
2150999, 887, 0, 0
2152000, 794, 0, 0
2152999, 889, 0, 0
2153999, 874, 0, 0
2155000, 809, 0, 0
2155999, 950, 0, 0
2156999, 927, 0, 0
2158000, 939, 0, 0
2158999, 822, 0, 0
2159999, 856, 0, 0
2161000, 931, 0, 0
2161999, 917, 0, 0
2162999, 831, 0, 0
2164000, 1023, 0, 0
2164999, 917, 0, 0
2165999, 985, 0, 0
2167000, 982, 0, 0
2167999, 1020, 0, 0
2168999, 854, 0, 0
2170000, 924, 0, 0
2170999, 908, 0, 0
2171999, 1000, 0, 0
2173000, 921, 0, 0
2173999, 852, 0, 0
2174999, 953, 0, 0
2176000, 1056, 0, 0
2177000, 1057, 0, 0
2177999, 987, 0, 0
2178999, 979, 0, 0
2180000, 1060, 0, 0
2181000, 1039, 0, 0
2181999, 988, 0, 0
2183000, 907, 0, 0
2183999, 1074, 0, 0
2184999, 1255, 0, 0
2185999, 1100, 0, 0
2187000, 989, 0, 0
2187999, 1051, 0, 0
2189000, 1079, 0, 0
2190000, 969, 0, 0
2190999, 1088, 0, 0
2192000, 1004, 0, 0
2192999, 966, 0, 0
2193999, 1228, 0, 0
2195000, 1231, 0, 0
2195999, 1183, 0, 0
2196999, 1278, 0, 0
2198000, 1094, 0, 0
2198999, 1150, 0, 0
2200000, 1174, 0, 0
2200999, 1275, 0, 0
2201999, 1041, 0, 0
2203000, 1126, 0, 0
2203999, 1304, 0, 0
2204999, 1058, 0, 0
2206000, 1075, 0, 0
2206999, 1058, 0, 0
2207999, 1328, 0, 0
2209000, 1403, 0, 0
2210000, 1192, 0, 0
2210999, 1161, 0, 0
2211999, 1205, 0, 0
2213000, 1452, 0, 0
2213999, 1251, 0, 0
2214999, 1016, 0, 0
2216000, 1132, 0, 0
2216999, 1187, 0, 0
2217999, 1341, 0, 0
2219000, 1291, 0, 0
2219999, 1280, 0, 0
2220999, 1186, 0, 0
2222000, 1457, 0, 0
2222999, 1343, 0, 0
2223999, 1285, 0, 0
2225000, 992, 0, 0
2225999, 1779, 0, 0
2226999, 1601, 0, 0
2228000, 1359, 0, 0
2228999, 1570, 0, 0
2229999, 1633, 0, 0
2231000, 999, 0, 0
2231999, 1332, 0, 0
2232999, 1323, 0, 0
2234000, 1473, 0, 0
2235000, 1562, 0, 0
2235999, 1482, 0, 0
2236999, 1535, 0, 0
2238000, 1489, 0, 0
2238999, 1323, 0, 0
2239999, 1275, 0, 0
2241000, 1277, 0, 0
2241999, 1393, 0, 0
2242999, 1423, 0, 0
2244000, 1501, 0, 0
2244999, 1994, 0, 0
2245999, 1027, 0, 0
2247000, 1584, 0, 0
2247999, 1864, 0, 0
2248999, 1432, 0, 0
2249999, 1860, 0, 0
2250999, 1718, 0, 0
2251999, 2037, 0, 0
2253000, 1406, 0, 0
2253999, 1443, 0, 0
2254999, 1737, 0, 0
2256000, 1817, 0, 0
2256999, 1485, 0, 0
2257999, 1251, 0, 0
2259000, 1450, 0, 0
2259999, 1600, 0, 0
2260999, 1551, 0, 0
2262000, 1924, 0, 0
2262999, 1695, 0, 0
2263999, 1805, 0, 0
2265000, 1498, 0, 0
2265999, 1961, 0, 0
2267000, 1533, 0, 0
2267999, 1673, 0, 0
2268999, 1605, 0, 0
2270000, 2164, 0, 0
2270999, 1892, 0, 0
2271999, 2355, 0, 0
2273000, 1546, 0, 0
2274000, 1620, 0, 0
2274999, 2266, 0, 0
2275999, 1756, 0, 0
2277000, 2042, 0, 0
2277999, 1866, 0, 0
2278999, 2286, 0, 0
2280000, 2692, 0, 0
2280999, 2059, 0, 0
2281999, 1877, 0, 0
2283000, 2502, 0, 0
2283999, 2463, 0, 0
2284999, 2301, 0, 0
2286000, 2221, 0, 0
2286999, 2820, 0, 0
2287999, 2180, 0, 0
2289000, 2570, 0, 0
2289999, 2106, 0, 0
2290999, 2164, 0, 0
2292000, 2159, 0, 0
2292999, 2327, 0, 0
2293999, 2674, 0, 0
2294999, 2761, 0, 0
2295999, 2655, 0, 0
2297000, 2539, 0, 0
2297999, 2536, 0, 0
2298999, 2570, 0, 0
2300000, 2052, 0, 0
2300999, 2757, 0, 0
2301999, 2624, 0, 0
2303000, 2151, 0, 0
2303999, 2680, 0, 0
2305000, 2759, 0, 0
2305999, 3600, 0, 0
2306999, 2815, 0, 0
2308000, 3123, 0, 0
2308999, 3299, 0, 0
2309999, 3885, 0, 0
2311000, 3189, 0, 0
2311999, 3545, 0, 0
2312999, 3455, 0, 0
2314000, 3481, 0, 0
2314999, 4229, 0, 0
2315999, 3957, 0, 0
2317000, 5148, 0, 0
2317999, 3850, 0, 0
2318999, 2734, 0, 0
2320000, 3905, 0, 0
2320999, 5026, 0, 0
2321999, 3465, 0, 0
2323000, 4948, 0, 0
2324000, 3156, 0, 0
2324999, 4190, 0, 0
2325999, 5431, 0, 0
2327000, 4017, 0, 0
2327999, 4046, 0, 0
2328999, 4892, 0, 0
2330000, 4635, 0, 0
2330999, 3812, 0, 0
2331999, 6924, 0, 0
2333000, 4757, 0, 0
2333999, 4010, 0, 0
2334999, 5309, 0, 0
2336000, 3532, 0, 0
2336999, 5098, 0, 0
2337999, 5954, 0, 0
2339000, 6411, 0, 0
2340000, 5696, 0, 0
2340999, 8011, 0, 0
2341999, 5299, 0, 0
2343000, 8886, 0, 0
2343999, 7472, 0, 0
2344999, 9053, 0, 0
2346000, 8404, 0, 0
2346999, 9479, 0, 0
2347999, 8479, 0, 0
2349000, 8302, 0, 0
2350000, 6290, 0, 0
2350999, 9658, 0, 0
2351999, 11936, 0, 0
2353000, 9791, 0, 0
2354000, 11309, 0, 0
2354999, 14064, 0, 0
2356000, 14326, 0, 0
2357000, 13789, 0, 0
2357999, 20774, 0, 0
2359000, 18398, 0, 0
2360000, 25741, 0, 0
2361000, 23407, 0, 0
2361999, 34697, 0, 0
2363000, 37027, 0, 0
2364000, 35295, 0, 0
2365000, 48914, 0, 0
2365999, 86059, 0, 0
2366999, 90786, 0, 0
2367999, 97773, 0, 0
2369000, 96352, 0, 0
2370000, 96469, 0, 0
2371000, 96394, 0, 0
2372000, 96719, 0, 0
2372999, 94070, 0, 0
2373999, 96766, 0, 0
2375000, 95739, 0, 0
2376000, 95819, 0, 0
2377000, 96295, 0, 0
2378000, 96551, 0, 0
2379000, 96006, 0, 0
2379999, 96391, 0, 0
2380999, 96578, 0, 0
2382000, 96408, 0, 0
2383000, 96688, 0, 0
2384000, 96081, 0, 0
2385000, 96024, 0, 0
2385999, 96262, 0, 0
2386999, 96431, 0, 0
2388000, 96049, 0, 0
2389000, 96152, 0, 0
2390000, 96230, 0, 0
2391000, 96130, 0, 0
2392000, 95966, 0, 0
2392999, 94040, 0, 0
2393999, 96454, 0, 0
2394999, 94343, 0, 0
2396000, 95662, 0, 0
2397000, 95859, 0, 0
2398000, 95381, 0, 0
2399000, 96300, 0, 0
2399999, 75919, 0, 0
