1034, 138406400, 0, 0
2061, 233667540, 0, 0
3011, 402214689, 0, 0
4014, 99816778, 0, 0
5049, 183722978, 0, 0
6009, 461296357, 0, 0
7006, 356327431, 0, 0
8041, 152693062, 0, 0
9036, 356217700, 0, 0
10004, 141342964, 0, 0
11028, 234721537, 0, 0
12020, 374845252, 0, 0
13031, 441791182, 0, 0
14021, 149214855, 0, 0
15041, 150601941, 0, 0
16044, 216166651, 0, 0
17053, 493062775, 0, 0
18023, 207509483, 0, 0
19019, 363489462, 0, 0
20036, 204634976, 0, 0
21006, 393849050, 0, 0
22058, 448853415, 0, 0
23068, 414403686, 0, 0
24062, 358976631, 0, 0
25012, 384497738, 0, 0
26053, 392763535, 0, 0
27052, 125161170, 0, 0
28054, 163384746, 0, 0
29036, 216857966, 0, 0
30050, 210853478, 0, 0
31038, 331326704, 0, 0
32007, 341500043, 0, 0
33035, 205052229, 0, 0
34037, 437899334, 0, 0
35048, 243907492, 0, 0
36069, 130794328, 0, 0
37006, 203719188, 0, 0
38011, 407133750, 0, 0
39076, 216341913, 0, 0
40036, 452800371, 0, 0
41025, 412303968, 0, 0
42034, 359076520, 0, 0
43020, 126645626, 0, 0
44018, 111758779, 0, 0
45033, 193860904, 0, 0
46025, 432722201, 0, 0
47032, 110902262, 0, 0
48012, 137687773, 0, 0
49021, 382177079, 0, 0
50027, 217557689, 0, 0
51021, 201606713, 0, 0
52044, 190200602, 0, 0
53049, 476557672, 0, 0
54029, 483882431, 0, 0
55042, 436087025, 0, 0
56031, 220016558, 0, 0
57008, 426758423, 0, 0
58043, 139906321, 0, 0
59033, 321453467, 0, 0
60007, 345335201, 0, 0
61052, 363306022, 0, 0
62035, 446236423, 0, 0
63000, 219077245, 0, 0
64051, 473891673, 0, 0
65020, 395833240, 0, 0
66057, 140021919, 0, 0
67002, 303922755, 0, 0
68054, 273716543, 0, 0
69031, 331862091, 0, 0
70030, 337222414, 0, 0
71000, 203335326, 0, 0
72029, 173957757, 0, 0
73013, 238106013, 0, 0
74054, 423347269, 0, 0
75068, 420791236, 0, 0
76048, 381867837, 0, 0
77046, 373157093, 0, 0
78037, 242767961, 0, 0
79006, 241900668, 0, 0
80037, 357184136, 0, 0
81002, 320370335, 0, 0
82052, 199078787, 0, 0
83022, 110783002, 0, 0
84009, 347273976, 0, 0
85008, 348396136, 0, 0
86021, 379647349, 0, 0
87002, 361900184, 0, 0
88017, 324510504, 0, 0
89028, 399491694, 0, 0
90016, 374838785, 0, 0
91010, 358652234, 0, 0
92003, 191899429, 0, 0
93033, 222858724, 0, 0
94002, 301360939, 0, 0
95012, 151743412, 0, 0
96025, 251200429, 0, 0
97010, 387956959, 0, 0
98010, 338912687, 0, 0
99022, 294405231, 0, 0
100017, 98637617, 0, 0
101010, 371632333, 0, 0
102060, 212986498, 0, 0
103046, 329068824, 0, 0
104023, 433669631, 0, 0
105036, 446227587, 0, 0
106016, 392806091, 0, 0
107054, 319556875, 0, 0
108008, 397934979, 0, 0
109053, 427848126, 0, 0
110015, 389382896, 0, 0
111009, 349460444, 0, 0
112046, 358034310, 0, 0
113026, 254250825, 0, 0
114003, 227928215, 0, 0
115006, 241345542, 0, 0
116054, 204224073, 0, 0
117046, 177571960, 0, 0
118022, 310700560, 0, 0
119045, 416854178, 0, 0
120023, 374367051, 0, 0
121025, 399683321, 0, 0
122025, 343912320, 0, 0
123002, 330767249, 0, 0
124018, 328214186, 0, 0
125032, 300959716, 0, 0
126043, 337521208, 0, 0
127057, 332919715, 0, 0
128047, 319839264, 0, 0
129059, 291069438, 0, 0
130042, 81480690, 0, 0
131000, 217125983, 0, 0
132021, 205824108, 0, 0
133055, 279696246, 0, 0
134044, 310104817, 0, 0
135001, 354045368, 0, 0
136002, 359781058, 0, 0
137000, 344884368, 0, 0
138050, 335152315, 0, 0
139025, 350278176, 0, 0
140027, 328451853, 0, 0
141044, 359044343, 0, 0
142039, 343536699, 0, 0
143035, 393062745, 0, 0
144043, 335075347, 0, 0
145048, 303468844, 0, 0
146021, 378182275, 0, 0
147004, 299712715, 0, 0
148065, 291610578, 0, 0
149045, 183756001, 0, 0
150013, 243314550, 0, 0
151019, 328735942, 0, 0
152013, 402374912, 0, 0
153057, 342657615, 0, 0
154011, 327050347, 0, 0
155048, 315844446, 0, 0
156039, 273584527, 0, 0
157062, 319393230, 0, 0
158061, 275725792, 0, 0
159010, 261444361, 0, 0
160065, 327217445, 0, 0
161016, 393396484, 0, 0
162017, 376005373, 0, 0
163038, 345632544, 0, 0
164043, 330805461, 0, 0
165015, 284829151, 0, 0
166046, 213217509, 0, 0
167005, 188794955, 0, 0
168009, 221751793, 0, 0
169057, 232101076, 0, 0
170039, 187892385, 0, 0
171053, 215283704, 0, 0
172032, 312147219, 0, 0
173047, 338601979, 0, 0
174036, 348149394, 0, 0
175022, 352674666, 0, 0
176030, 316862112, 0, 0
177059, 247341319, 0, 0
178054, 272692988, 0, 0
179049, 268856000, 0, 0
180070, 319984881, 0, 0
181005, 332990308, 0, 0
182030, 314767214, 0, 0
183055, 329299018, 0, 0
184037, 228468910, 0, 0
185054, 170226038, 0, 0
186055, 229384344, 0, 0
187035, 344309444, 0, 0
188045, 332092487, 0, 0
189031, 318322869, 0, 0
190006, 342344759, 0, 0
191026, 319212173, 0, 0
192065, 343707083, 0, 0
193011, 298882201, 0, 0
194040, 300253301, 0, 0
195058, 304105079, 0, 0
196051, 316704555, 0, 0
197023, 297790341, 0, 0
198029, 273247181, 0, 0
199028, 289723723, 0, 0
200041, 241065862, 0, 0
201059, 325753065, 0, 0
202042, 300100963, 0, 0
203011, 295306802, 0, 0
204038, 318450740, 0, 0
205003, 299231684, 0, 0
206017, 300086716, 0, 0
207039, 283807729, 0, 0
208017, 295772033, 0, 0
209041, 326658112, 0, 0
210002, 371289163, 0, 0
211048, 369637660, 0, 0
212026, 349808269, 0, 0
213046, 377780656, 0, 0
214028, 353767571, 0, 0
215064, 308878850, 0, 0
216017, 311593143, 0, 0
217045, 325432210, 0, 0
218052, 346686936, 0, 0
219052, 349096173, 0, 0
220013, 296006633, 0, 0
221023, 267491031, 0, 0
222036, 320933465, 0, 0
223027, 299953786, 0, 0
224055, 368429279, 0, 0
225040, 346714550, 0, 0
226021, 319014181, 0, 0
227006, 329588909, 0, 0
228040, 348024516, 0, 0
229055, 345665264, 0, 0
230026, 345780380, 0, 0
231037, 336230142, 0, 0
232021, 383646109, 0, 0
233032, 364172432, 0, 0
234015, 364391875, 0, 0
235027, 389216152, 0, 0
236040, 365952186, 0, 0
237054, 334011143, 0, 0
238060, 330748546, 0, 0
239060, 357912393, 0, 0
240052, 346681625, 0, 0
241042, 332554428, 0, 0
242095, 344173834, 0, 0
243014, 315176306, 0, 0
244053, 270363875, 0, 0
245034, 289515588, 0, 0
246059, 308790646, 0, 0
247032, 303414163, 0, 0
248067, 327701583, 0, 0
249065, 349865452, 0, 0
250036, 344545651, 0, 0
251048, 319502987, 0, 0
252060, 338467287, 0, 0
253019, 322896539, 0, 0
254026, 332806790, 0, 0
255054, 335348224, 0, 0
256017, 354263100, 0, 0
257056, 351584159, 0, 0
258006, 318779403, 0, 0
259016, 302481206, 0, 0
260018, 358990088, 0, 0
261040, 321477257, 0, 0
262046, 362052942, 0, 0
263016, 343650777, 0, 0
264000, 325137563, 0, 0
265007, 315720520, 0, 0
266040, 288129892, 0, 0
267052, 315034482, 0, 0
268048, 302922445, 0, 0
269059, 330857760, 0, 0
270010, 338932415, 0, 0
271032, 320533759, 0, 0
272039, 278372689, 0, 0
273063, 297510673, 0, 0
274004, 261282408, 0, 0
275005, 306033234, 0, 0
276037, 332103360, 0, 0
277028, 338277297, 0, 0
278016, 336508792, 0, 0
279044, 295915785, 0, 0
280012, 313352208, 0, 0
281056, 327170989, 0, 0
282036, 285489343, 0, 0
283036, 281328806, 0, 0
284021, 310740455, 0, 0
285036, 317762012, 0, 0
286011, 357551078, 0, 0
287014, 320174255, 0, 0
288039, 306287925, 0, 0
289058, 338437181, 0, 0
290059, 312521113, 0, 0
291014, 338591406, 0, 0
292046, 321677654, 0, 0
293004, 347276469, 0, 0
294031, 316521961, 0, 0
295038, 345840827, 0, 0
296049, 360176735, 0, 0
297014, 339068177, 0, 0
298012, 314687820, 0, 0
299002, 332415253, 0, 0
300010, 277984881, 0, 0
301034, 329917732, 0, 0
302044, 338039369, 0, 0
303018, 369357279, 0, 0
304039, 316328625, 0, 0
305044, 332008749, 0, 0
306010, 330330337, 0, 0
307054, 350601452, 0, 0
308035, 365139070, 0, 0
309028, 315501584, 0, 0
310061, 284140506, 0, 0
311030, 282706506, 0, 0
312049, 325263365, 0, 0
313023, 283172713, 0, 0
314033, 322490716, 0, 0
315058, 273687297, 0, 0
316036, 307388523, 0, 0
317047, 271798003, 0, 0
318042, 312116136, 0, 0
319028, 340315179, 0, 0
320000, 316337172, 0, 0
321033, 336294184, 0, 0
322009, 381331978, 0, 0
323036, 336678415, 0, 0
324008, 331904063, 0, 0
325035, 334471541, 0, 0
326019, 340140609, 0, 0
327020, 312251448, 0, 0
328022, 304952036, 0, 0
329021, 307163175, 0, 0
330020, 299197283, 0, 0
331030, 316394350, 0, 0
332018, 307936972, 0, 0
333021, 289786810, 0, 0
334027, 296287297, 0, 0
335020, 291324680, 0, 0
336025, 264590339, 0, 0
337027, 350791717, 0, 0
338024, 295096491, 0, 0
339042, 334586863, 0, 0
340031, 277653682, 0, 0
341060, 274026120, 0, 0
342023, 276617750, 0, 0
343055, 261450001, 0, 0
344011, 315545881, 0, 0
345035, 331501923, 0, 0
346055, 322774420, 0, 0
347042, 275536352, 0, 0
348010, 352092488, 0, 0
349035, 341150104, 0, 0
350038, 356483710, 0, 0
351042, 365382742, 0, 0
352012, 334337736, 0, 0
353023, 349131091, 0, 0
354015, 323162199, 0, 0
355019, 326717782, 0, 0
356016, 302413501, 0, 0
357040, 312140448, 0, 0
358057, 318277552, 0, 0
359057, 323049507, 0, 0
360015, 352907101, 0, 0
361045, 335219886, 0, 0
362038, 365595080, 0, 0
363032, 301272896, 0, 0
364046, 304122582, 0, 0
365039, 312740212, 0, 0
366017, 303051844, 0, 0
367062, 301552474, 0, 0
368006, 326135507, 0, 0
369035, 309188867, 0, 0
370037, 313881222, 0, 0
371006, 320739730, 0, 0
372018, 313719636, 0, 0
373034, 319942405, 0, 0
374128, 310915605, 0, 0
375021, 299308332, 0, 0
376019, 272651087, 0, 0
377012, 297313326, 0, 0
378027, 305115593, 0, 0
379032, 335792176, 0, 0
380018, 319891959, 0, 0
381029, 283622796, 0, 0
382007, 300027089, 0, 0
383012, 314907346, 0, 0
384060, 330023515, 0, 0
385058, 317292607, 0, 0
386061, 290285262, 0, 0
387028, 268379498, 0, 0
388036, 294001439, 0, 0
389041, 306133714, 0, 0
390056, 349851234, 0, 0
391013, 291862387, 0, 0
392014, 270263968, 0, 0
393057, 265187199, 0, 0
394017, 281067628, 0, 0
395028, 324216660, 0, 0
396038, 282154026, 0, 0
397033, 323156545, 0, 0
398029, 262341559, 0, 0
399017, 314858783, 0, 0
400034, 289634155, 0, 0
401044, 296829250, 0, 0
402032, 296223899, 0, 0
403046, 293687101, 0, 0
404059, 308301071, 0, 0
405034, 314136083, 0, 0
406059, 332625562, 0, 0
407007, 287112127, 0, 0
408018, 270762122, 0, 0
409023, 286644315, 0, 0
410055, 275860906, 0, 0
411061, 287347801, 0, 0
412006, 307906724, 0, 0
413047, 308313929, 0, 0
414060, 274281089, 0, 0
415061, 321719299, 0, 0
416023, 307771534, 0, 0
417040, 310432562, 0, 0
418031, 316867588, 0, 0
419004, 268334777, 0, 0
420042, 309028952, 0, 0
421048, 334352793, 0, 0
422030, 339336469, 0, 0
423027, 326893727, 0, 0
424054, 299422072, 0, 0
425018, 305172985, 0, 0
426015, 305694037, 0, 0
427022, 316118016, 0, 0
428001, 330096802, 0, 0
429024, 291659217, 0, 0
430012, 254511546, 0, 0
431019, 253631166, 0, 0
432002, 268972496, 0, 0
433046, 297807348, 0, 0
434028, 320072888, 0, 0
435043, 320523015, 0, 0
436047, 274813086, 0, 0
437000, 303414543, 0, 0
438001, 379536999, 0, 0
439044, 359782274, 0, 0
440003, 324187968, 0, 0
441035, 297747040, 0, 0
442055, 307713190, 0, 0
443019, 333639559, 0, 0
444014, 260440680, 0, 0
445057, 317120694, 0, 0
446057, 279964558, 0, 0
447048, 336755472, 0, 0
448014, 315506732, 0, 0
449050, 303056752, 0, 0
450019, 327342067, 0, 0
451031, 290452670, 0, 0
452037, 300204187, 0, 0
453024, 290858892, 0, 0
454040, 277672254, 0, 0
455029, 285201056, 0, 0
456022, 298046241, 0, 0
457006, 338469473, 0, 0
458030, 292570725, 0, 0
459062, 310470597, 0, 0
460024, 284926358, 0, 0
461029, 286111279, 0, 0
462022, 312880483, 0, 0
463026, 296017316, 0, 0
464060, 300235761, 0, 0
465012, 298108516, 0, 0
466015, 284374868, 0, 0
467017, 274652167, 0, 0
468028, 287985650, 0, 0
469025, 283618453, 0, 0
470013, 300967460, 0, 0
471052, 266150088, 0, 0
472003, 290934984, 0, 0
473049, 316790327, 0, 0
474006, 347022996, 0, 0
475065, 323170347, 0, 0
476012, 297970078, 0, 0
477032, 298325270, 0, 0
478008, 334540820, 0, 0
479063, 307131620, 0, 0
480015, 282352742, 0, 0
481053, 292691657, 0, 0
482005, 299640418, 0, 0
483047, 292245023, 0, 0
484062, 295154223, 0, 0
485062, 333897345, 0, 0
486020, 301202005, 0, 0
487036, 283116331, 0, 0
488072, 276684991, 0, 0
489033, 292751805, 0, 0
490046, 299676501, 0, 0
491014, 297499122, 0, 0
492007, 288340754, 0, 0
493050, 294204077, 0, 0
494059, 304364972, 0, 0
495052, 254713777, 0, 0
496064, 278218177, 0, 0
497017, 283357664, 0, 0
498006, 298521693, 0, 0
499006, 309092007, 0, 0
500053, 318549659, 0, 0
501023, 284203664, 0, 0
502018, 300588766, 0, 0
503052, 305849425, 0, 0
504052, 300552910, 0, 0
505030, 281698508, 0, 0
506074, 342742765, 0, 0
507057, 313376935, 0, 0
508058, 260036689, 0, 0
509005, 269612891, 0, 0
510003, 278531921, 0, 0
511064, 281640720, 0, 0
512029, 271913757, 0, 0
513049, 280859860, 0, 0
514030, 314802642, 0, 0
515037, 270019106, 0, 0
516000, 321213101, 0, 0
517022, 292911571, 0, 0
518037, 308037433, 0, 0
519057, 304654072, 0, 0
520048, 320462951, 0, 0
521018, 300850824, 0, 0
522052, 289085658, 0, 0
523045, 261191663, 0, 0
524057, 281548077, 0, 0
525012, 302820064, 0, 0
526048, 308254522, 0, 0
527015, 327814969, 0, 0
528002, 343403798, 0, 0
529038, 285791738, 0, 0
530007, 277753242, 0, 0
531032, 297696796, 0, 0
532013, 285386078, 0, 0
533043, 303447502, 0, 0
534024, 281494410, 0, 0
535050, 289994843, 0, 0
536027, 306035646, 0, 0
537006, 320907797, 0, 0
538044, 298644871, 0, 0
539016, 321569288, 0, 0
540042, 281919457, 0, 0
541046, 276598174, 0, 0
542072, 248792505, 0, 0
543042, 309874656, 0, 0
544032, 294456106, 0, 0
545005, 273480738, 0, 0
546019, 291554539, 0, 0
547022, 323154467, 0, 0
548052, 285008460, 0, 0
549059, 307445964, 0, 0
550005, 294493899, 0, 0
551007, 253357665, 0, 0
552033, 297181710, 0, 0
553048, 268725429, 0, 0
554017, 278445240, 0, 0
555046, 305748418, 0, 0
556030, 279588844, 0, 0
557052, 294877252, 0, 0
558049, 289148897, 0, 0
559028, 319333711, 0, 0
560052, 309528787, 0, 0
561020, 303182856, 0, 0
562007, 285761649, 0, 0
563039, 279655582, 0, 0
564004, 326856034, 0, 0
565050, 287399836, 0, 0
566006, 306365315, 0, 0
567067, 315372468, 0, 0
568005, 347124671, 0, 0
569050, 261904103, 0, 0
570023, 296391667, 0, 0
571037, 299115392, 0, 0
572053, 267344405, 0, 0
573007, 264476734, 0, 0
574048, 296248864, 0, 0
575049, 296965663, 0, 0
576033, 301291198, 0, 0
577023, 266518804, 0, 0
578042, 320655298, 0, 0
579002, 306673744, 0, 0
580041, 282097023, 0, 0
581054, 303039014, 0, 0
582066, 288384823, 0, 0
583010, 305907402, 0, 0
584032, 308635758, 0, 0
585000, 318975191, 0, 0
586006, 261381486, 0, 0
587008, 281971572, 0, 0
588058, 273987365, 0, 0
589023, 276063762, 0, 0
590020, 288312647, 0, 0
591034, 264553656, 0, 0
592036, 303252963, 0, 0
593043, 274663704, 0, 0
594049, 296958080, 0, 0
595026, 276802574, 0, 0
596015, 303550342, 0, 0
597022, 283587702, 0, 0
598032, 324642472, 0, 0
599002, 329355052, 0, 0
600055, 288328629, 0, 0
601105, 286108103, 0, 0
602020, 350641366, 0, 0
603046, 314329316, 0, 0
604019, 276862186, 0, 0
605021, 297854845, 0, 0
606029, 278558973, 0, 0
607030, 312898133, 0, 0
608021, 309866421, 0, 0
609055, 299866957, 0, 0
610035, 250565757, 0, 0
611035, 281636504, 0, 0
612057, 323777570, 0, 0
613052, 304337098, 0, 0
614003, 306334846, 0, 0
615033, 321568870, 0, 0
616026, 275012114, 0, 0
617030, 270847336, 0, 0
618036, 278012424, 0, 0
619039, 288748114, 0, 0
620002, 289687659, 0, 0
621042, 304242413, 0, 0
622034, 266654066, 0, 0
623024, 281095502, 0, 0
624008, 252052643, 0, 0
625033, 292947459, 0, 0
626013, 295131540, 0, 0
627021, 281911460, 0, 0
628028, 299987863, 0, 0
629043, 275422011, 0, 0
630043, 247251115, 0, 0
631027, 271513732, 0, 0
632059, 290214179, 0, 0
633063, 291597744, 0, 0
634006, 261852385, 0, 0
635025, 287854852, 0, 0
636048, 306001803, 0, 0
637009, 308671665, 0, 0
638035, 288561299, 0, 0
639035, 280949188, 0, 0
640032, 306851595, 0, 0
641055, 326212178, 0, 0
642035, 266040301, 0, 0
643063, 295465984, 0, 0
644031, 273098258, 0, 0
645008, 316523527, 0, 0
646035, 297429511, 0, 0
647058, 290856573, 0, 0
648013, 278803920, 0, 0
649024, 317943532, 0, 0
650019, 263643173, 0, 0
651007, 292993465, 0, 0
652045, 287892369, 0, 0
653029, 331011592, 0, 0
654030, 302451699, 0, 0
655038, 342522321, 0, 0
656045, 301552381, 0, 0
657017, 296483190, 0, 0
658029, 293516862, 0, 0
659036, 282291874, 0, 0
660043, 269723155, 0, 0
661043, 298155159, 0, 0
662022, 307671464, 0, 0
663000, 303413081, 0, 0
664004, 290493932, 0, 0
665033, 298814704, 0, 0
666052, 285281225, 0, 0
667013, 302936483, 0, 0
668015, 329314723, 0, 0
669031, 309364856, 0, 0
670034, 291202027, 0, 0
671055, 290957142, 0, 0
672005, 302986286, 0, 0
673005, 292255181, 0, 0
674043, 296299066, 0, 0
675057, 310268827, 0, 0
676002, 284236055, 0, 0
677034, 285894388, 0, 0
678019, 260595683, 0, 0
679054, 272490787, 0, 0
680019, 269413534, 0, 0
681028, 300902815, 0, 0
682052, 306418419, 0, 0
683033, 315834585, 0, 0
684017, 310900457, 0, 0
685021, 264656356, 0, 0
686064, 271237785, 0, 0
687033, 285484393, 0, 0
688009, 346204981, 0, 0
689035, 295256692, 0, 0
690020, 279514478, 0, 0
691042, 323814578, 0, 0
692040, 294867557, 0, 0
693044, 274192639, 0, 0
694047, 293523027, 0, 0
695002, 297990685, 0, 0
696030, 327822888, 0, 0
697046, 267914105, 0, 0
698029, 305978525, 0, 0
699062, 291318126, 0, 0
700018, 294350407, 0, 0
701010, 303718820, 0, 0
702020, 290279181, 0, 0
703034, 305554016, 0, 0
704054, 326455293, 0, 0
705027, 297916149, 0, 0
706049, 308700879, 0, 0
707007, 320182297, 0, 0
708061, 278959314, 0, 0
709002, 301742703, 0, 0
710055, 283181838, 0, 0
711059, 263549878, 0, 0
712027, 299044250, 0, 0
713001, 293587772, 0, 0
714043, 304340388, 0, 0
715063, 279494377, 0, 0
716030, 315665705, 0, 0
717053, 317548820, 0, 0
718017, 299766492, 0, 0
719062, 330851719, 0, 0
720023, 300522557, 0, 0
721018, 302334219, 0, 0
722017, 293739711, 0, 0
723049, 305436185, 0, 0
724020, 309217856, 0, 0
725012, 305389096, 0, 0
726003, 266603987, 0, 0
727024, 273497515, 0, 0
728051, 293769533, 0, 0
729050, 299639420, 0, 0
730026, 260994127, 0, 0
731040, 317778989, 0, 0
732040, 309586498, 0, 0
733017, 298735496, 0, 0
734053, 329973926, 0, 0
735005, 300529439, 0, 0
736057, 300309831, 0, 0
737004, 274066067, 0, 0
738025, 313345273, 0, 0
739054, 281437794, 0, 0
740009, 283747920, 0, 0
741000, 293446466, 0, 0
742026, 280174726, 0, 0
743019, 304237011, 0, 0
744055, 308958167, 0, 0
745010, 299847265, 0, 0
746035, 315055217, 0, 0
747043, 308968774, 0, 0
748016, 312022331, 0, 0
749021, 288118602, 0, 0
750053, 278009944, 0, 0
751009, 288697991, 0, 0
752051, 301828196, 0, 0
753047, 287794376, 0, 0
754023, 264651842, 0, 0
755053, 296918378, 0, 0
756013, 305781335, 0, 0
757014, 306618492, 0, 0
758031, 287131826, 0, 0
759033, 276774258, 0, 0
760024, 287276943, 0, 0
761059, 270155022, 0, 0
762044, 305009801, 0, 0
763041, 291851460, 0, 0
764040, 262618524, 0, 0
765000, 288801710, 0, 0
766050, 282540440, 0, 0
767018, 305318075, 0, 0
768047, 297372482, 0, 0
769031, 331133699, 0, 0
770036, 318097265, 0, 0
771058, 334303014, 0, 0
772031, 322570771, 0, 0
773059, 320421809, 0, 0
774007, 256792525, 0, 0
775048, 258181607, 0, 0
776020, 281884389, 0, 0
777025, 293603365, 0, 0
778005, 277749623, 0, 0
779035, 295015703, 0, 0
780048, 275166128, 0, 0
781024, 322609201, 0, 0
782023, 306543171, 0, 0
783038, 288452567, 0, 0
784026, 275317982, 0, 0
785033, 270030145, 0, 0
786046, 304802324, 0, 0
787005, 313244713, 0, 0
788005, 313226671, 0, 0
789049, 317308705, 0, 0
790001, 305821039, 0, 0
791053, 295913050, 0, 0
792015, 295772265, 0, 0
793011, 288116919, 0, 0
794034, 287362895, 0, 0
795000, 320765189, 0, 0
796005, 301248660, 0, 0
797024, 317402964, 0, 0
798007, 286578891, 0, 0
799004, 308260630, 0, 0
800004, 304373209, 0, 0
801053, 306979370, 0, 0
802027, 335975377, 0, 0
803031, 312298574, 0, 0
804032, 331921443, 0, 0
805014, 319568180, 0, 0
806036, 316896581, 0, 0
807019, 290698283, 0, 0
808043, 328260616, 0, 0
809004, 308100636, 0, 0
810021, 327942233, 0, 0
811023, 268761708, 0, 0
812031, 286208414, 0, 0
813046, 300673535, 0, 0
814040, 287311087, 0, 0
815033, 246141583, 0, 0
816059, 296287779, 0, 0
817007, 305486770, 0, 0
818053, 307502835, 0, 0
819051, 309651039, 0, 0
820008, 306676327, 0, 0
821031, 316428511, 0, 0
822060, 307534866, 0, 0
823007, 283188520, 0, 0
824004, 281741392, 0, 0
825002, 279857471, 0, 0
826039, 288943146, 0, 0
827009, 299861257, 0, 0
828044, 328490485, 0, 0
829062, 301383703, 0, 0
830019, 343706632, 0, 0
831001, 315033608, 0, 0
832051, 307131757, 0, 0
833011, 305396728, 0, 0
834011, 289621306, 0, 0
835047, 292427537, 0, 0
836069, 281481411, 0, 0
837008, 308831514, 0, 0
838039, 295926403, 0, 0
839034, 289794160, 0, 0
840006, 297052054, 0, 0
841054, 288423491, 0, 0
842059, 328653314, 0, 0
843045, 305345623, 0, 0
844023, 329450713, 0, 0
845023, 274841315, 0, 0
846039, 297783379, 0, 0
847042, 309661887, 0, 0
848034, 307356719, 0, 0
849038, 317427448, 0, 0
850032, 302680572, 0, 0
851025, 294245074, 0, 0
852029, 319206647, 0, 0
853054, 299979494, 0, 0
854048, 282979968, 0, 0
855018, 260431728, 0, 0
856014, 305101121, 0, 0
857005, 304147739, 0, 0
858060, 296959505, 0, 0
859044, 279238566, 0, 0
860055, 295813264, 0, 0
861034, 279508483, 0, 0
862047, 294596102, 0, 0
863029, 306218741, 0, 0
864032, 301074243, 0, 0
865009, 296881730, 0, 0
866048, 274724173, 0, 0
867003, 288510531, 0, 0
868046, 285003860, 0, 0
869057, 301552506, 0, 0
870017, 304395498, 0, 0
871036, 295072568, 0, 0
872041, 297402795, 0, 0
873040, 331153398, 0, 0
874020, 306957350, 0, 0
875010, 296156314, 0, 0
876061, 274986712, 0, 0
877051, 276684476, 0, 0
878013, 304481445, 0, 0
879063, 276516712, 0, 0
880062, 273112958, 0, 0
881038, 287951003, 0, 0
882025, 315414485, 0, 0
883026, 297622107, 0, 0
884042, 275062380, 0, 0
885009, 296095376, 0, 0
886025, 301740524, 0, 0
887038, 264013397, 0, 0
888009, 306289455, 0, 0
889015, 296982901, 0, 0
890039, 276092851, 0, 0
891000, 314327238, 0, 0
892013, 258032853, 0, 0
893028, 259211022, 0, 0
894005, 269772411, 0, 0
895055, 264387340, 0, 0
896004, 328954729, 0, 0
897035, 316141382, 0, 0
898016, 299785480, 0, 0
899053, 315117855, 0, 0
900008, 377000998, 0, 0
901037, 292048474, 0, 0
902000, 314471901, 0, 0
903039, 291496986, 0, 0
904013, 324205720, 0, 0
905014, 305115052, 0, 0
906057, 288642920, 0, 0
907015, 279689177, 0, 0
908023, 292428752, 0, 0
909041, 302124341, 0, 0
910012, 309852998, 0, 0
911010, 281723935, 0, 0
912021, 289533553, 0, 0
913041, 310883669, 0, 0
914065, 264499662, 0, 0
915035, 296849389, 0, 0
916003, 305014096, 0, 0
917008, 302986040, 0, 0
918040, 285782209, 0, 0
919034, 315119851, 0, 0
920054, 308026747, 0, 0
921047, 303936095, 0, 0
922012, 283700393, 0, 0
923008, 307992045, 0, 0
924055, 283984514, 0, 0
925054, 299985341, 0, 0
926006, 305113583, 0, 0
927008, 323241887, 0, 0
928024, 285009049, 0, 0
929061, 305490291, 0, 0
930054, 305315205, 0, 0
931049, 301616320, 0, 0
932058, 311350396, 0, 0
933051, 287910448, 0, 0
934047, 280278075, 0, 0
935005, 295406856, 0, 0
936027, 288188134, 0, 0
937009, 326314842, 0, 0
938005, 274242527, 0, 0
939038, 272733094, 0, 0
940041, 297273595, 0, 0
941052, 313142480, 0, 0
942048, 301674270, 0, 0
943019, 266405074, 0, 0
944005, 339352883, 0, 0
945026, 296272033, 0, 0
946040, 308906689, 0, 0
947015, 325061591, 0, 0
948021, 308173196, 0, 0
949035, 307665639, 0, 0
950008, 337603173, 0, 0
951046, 306195058, 0, 0
952024, 288582880, 0, 0
953027, 306766467, 0, 0
954070, 316097808, 0, 0
955006, 307529281, 0, 0
956026, 337478935, 0, 0
957032, 358784879, 0, 0
958063, 301704830, 0, 0
959018, 336007924, 0, 0
960040, 296053869, 0, 0
961033, 289901743, 0, 0
962011, 315124703, 0, 0
963055, 310102637, 0, 0
964016, 301133231, 0, 0
965051, 290310900, 0, 0
966055, 326002335, 0, 0
967049, 305911546, 0, 0
968073, 292194876, 0, 0
969026, 287579075, 0, 0
970062, 306619908, 0, 0
971056, 297183893, 0, 0
972018, 294787692, 0, 0
973007, 303209845, 0, 0
974026, 281062298, 0, 0
975019, 299913659, 0, 0
976005, 287276309, 0, 0
977012, 288761065, 0, 0
978030, 310306625, 0, 0
979026, 274610425, 0, 0
980001, 281046418, 0, 0
981025, 304797130, 0, 0
982037, 296507857, 0, 0
983004, 292309225, 0, 0
984040, 294302272, 0, 0
985046, 288831763, 0, 0
986003, 308834286, 0, 0
987032, 270633795, 0, 0
988016, 315861595, 0, 0
989003, 274550817, 0, 0
990034, 267649366, 0, 0
991004, 316509128, 0, 0
992019, 300905349, 0, 0
993037, 305847359, 0, 0
994050, 309771940, 0, 0
995009, 323662715, 0, 0
996030, 316104536, 0, 0
997064, 306839592, 0, 0
998038, 341291782, 0, 0
999033, 309652721, 0, 0
1000046, 334181521, 0, 0
1001034, 321983418, 0, 0
1002008, 287749103, 0, 0
1003038, 290236364, 0, 0
1004042, 268576694, 0, 0
1005007, 286674183, 0, 0
1006018, 330594861, 0, 0
1007029, 311727235, 0, 0
1008010, 296993588, 0, 0
1009054, 331750521, 0, 0
1010015, 275364010, 0, 0
1011025, 299701618, 0, 0
1012034, 321983767, 0, 0
1013021, 287531442, 0, 0
1014019, 282355914, 0, 0
1015050, 315673649, 0, 0
1016034, 277971938, 0, 0
1017060, 283810684, 0, 0
1018012, 250117998, 0, 0
1019013, 292058256, 0, 0
1020032, 310028822, 0, 0
1021026, 297484475, 0, 0
1022024, 311531892, 0, 0
1023044, 313403878, 0, 0
1024041, 290499362, 0, 0
1025036, 312327482, 0, 0
1026035, 302708710, 0, 0
1027040, 288819626, 0, 0
1028031, 278490887, 0, 0
1029048, 344858346, 0, 0
1030049, 282411679, 0, 0
1031006, 301669337, 0, 0
1032044, 332289262, 0, 0
1033025, 273828275, 0, 0
1034019, 284804673, 0, 0
1035001, 296439022, 0, 0
1036024, 288727205, 0, 0
1037044, 282666875, 0, 0
1038014, 325742988, 0, 0
1039034, 310329606, 0, 0
1040047, 299676693, 0, 0
1041014, 331645360, 0, 0
1042029, 339619108, 0, 0
1043028, 324400974, 0, 0
1044061, 287127871, 0, 0
1045045, 295902302, 0, 0
1046025, 295451676, 0, 0
1047030, 275699555, 0, 0
1048061, 332095621, 0, 0
1049063, 299009792, 0, 0
1050022, 310351928, 0, 0
1051043, 318993196, 0, 0
1052052, 324058392, 0, 0
1053036, 312228681, 0, 0
1054003, 315702256, 0, 0
1055036, 254327109, 0, 0
1056056, 311118754, 0, 0
1057038, 290967797, 0, 0
1058028, 304509934, 0, 0
1059051, 330696928, 0, 0
1060001, 281117077, 0, 0
1061010, 292208616, 0, 0
1062050, 331351013, 0, 0
1063014, 331936580, 0, 0
1064026, 317053880, 0, 0
1065049, 300677175, 0, 0
1066060, 292565406, 0, 0
1067001, 329291062, 0, 0
1068028, 317668753, 0, 0
1069049, 315458462, 0, 0
1070001, 291019081, 0, 0
1071057, 254365777, 0, 0
1072010, 267189989, 0, 0
1073003, 315912238, 0, 0
1074064, 282725339, 0, 0
1075007, 310338017, 0, 0
1076012, 262717751, 0, 0
1077022, 288268567, 0, 0
1078010, 290739768, 0, 0
1079019, 296807184, 0, 0
1080031, 315773909, 0, 0
1081030, 297767282, 0, 0
1082033, 273258878, 0, 0
1083053, 273611430, 0, 0
1084011, 308372724, 0, 0
1085034, 302326614, 0, 0
1086000, 305663434, 0, 0
1087059, 310634965, 0, 0
1088007, 271708687, 0, 0
1089020, 298888571, 0, 0
1090009, 282038479, 0, 0
1091013, 256857751, 0, 0
1092016, 271531096, 0, 0
1093039, 296789567, 0, 0
1094010, 334031627, 0, 0
1095039, 280812025, 0, 0
1096024, 282016153, 0, 0
1097034, 266461538, 0, 0
1098058, 284669566, 0, 0
1099014, 308936324, 0, 0
1100006, 241160416, 0, 0
1101019, 286687221, 0, 0
1102008, 283481398, 0, 0
1103029, 288334723, 0, 0
1104035, 293924701, 0, 0
1105004, 301650690, 0, 0
1106028, 328945634, 0, 0
1107020, 340631476, 0, 0
1108059, 290751310, 0, 0
1109017, 280508535, 0, 0
1110037, 295317833, 0, 0
1111031, 270193198, 0, 0
1112057, 286121899, 0, 0
1113001, 292089158, 0, 0
1114038, 296852405, 0, 0
1115020, 281240493, 0, 0
1116030, 310948437, 0, 0
1117054, 278222708, 0, 0
1118051, 297171497, 0, 0
1119058, 331896961, 0, 0
1120017, 294263294, 0, 0
1121050, 290390227, 0, 0
1122041, 279378020, 0, 0
1123008, 303924829, 0, 0
1124005, 297180637, 0, 0
1125049, 270514712, 0, 0
1126007, 283228895, 0, 0
1127026, 282083647, 0, 0
1128046, 296177131, 0, 0
1129063, 321375112, 0, 0
1130002, 284059609, 0, 0
1131015, 279087539, 0, 0
1132013, 291056664, 0, 0
1133023, 325301370, 0, 0
1134052, 285993264, 0, 0
1135056, 281961837, 0, 0
1136010, 288003724, 0, 0
1137002, 264202402, 0, 0
1138057, 290917543, 0, 0
1139010, 303889570, 0, 0
1140052, 287911345, 0, 0
1141038, 274403216, 0, 0
1142040, 277926552, 0, 0
1143009, 307062454, 0, 0
1144023, 300797974, 0, 0
1145021, 288055447, 0, 0
1146013, 295875300, 0, 0
1147032, 305262545, 0, 0
1148052, 299311876, 0, 0
1149008, 323471000, 0, 0
1150034, 285292109, 0, 0
1151049, 279173317, 0, 0
1152046, 274987721, 0, 0
1153060, 278739314, 0, 0
1154055, 286864799, 0, 0
1155022, 282859805, 0, 0
1156011, 338179854, 0, 0
1157035, 283287503, 0, 0
1158048, 310061134, 0, 0
1159002, 280918721, 0, 0
1160023, 323071812, 0, 0
1161046, 279111849, 0, 0
1162041, 301968886, 0, 0
1163022, 335710325, 0, 0
1164027, 272270786, 0, 0
1165017, 277975051, 0, 0
1166004, 313516956, 0, 0
1167016, 310551017, 0, 0
1168047, 277309778, 0, 0
1169026, 308433852, 0, 0
1170011, 298351140, 0, 0
1171010, 287891109, 0, 0
1172044, 277873929, 0, 0
1173007, 319330588, 0, 0
1174022, 315798409, 0, 0
1175055, 310641563, 0, 0
1176053, 301521212, 0, 0
1177006, 324675141, 0, 0
1178026, 299349304, 0, 0
1179036, 303586537, 0, 0
1180034, 279756459, 0, 0
1181014, 296058953, 0, 0
1182027, 290622189, 0, 0
1183047, 304044071, 0, 0
1184007, 278927436, 0, 0
1185050, 295391986, 0, 0
1186044, 302085013, 0, 0
1187001, 300349753, 0, 0
1188003, 292560406, 0, 0
1189056, 298226246, 0, 0
1190004, 275981063, 0, 0
1191050, 289769508, 0, 0
1192018, 312821799, 0, 0
1193023, 371768557, 0, 0
1194056, 302687126, 0, 0
1195008, 299411506, 0, 0
1196028, 321591406, 0, 0
1197053, 293631745, 0, 0
1198029, 299393079, 0, 0
1199057, 308403627, 0, 0
1200012, 308713611, 0, 0
1201064, 292093544, 0, 0
1202008, 278707104, 0, 0
1203019, 294292731, 0, 0
1204015, 323871335, 0, 0
1205011, 307757764, 0, 0
1206035, 314793355, 0, 0
1207051, 309196905, 0, 0
1208046, 317720670, 0, 0
1209024, 306892198, 0, 0
1210049, 279319907, 0, 0
1211000, 289777218, 0, 0
1212063, 315711507, 0, 0
1213006, 329052950, 0, 0
1214015, 264017500, 0, 0
1215029, 297785016, 0, 0
1216033, 286597810, 0, 0
1217028, 323958194, 0, 0
1218049, 319499387, 0, 0
1219007, 295802916, 0, 0
1220058, 277821417, 0, 0
1221018, 303142617, 0, 0
1222018, 301018428, 0, 0
1223044, 276959081, 0, 0
1224031, 278174214, 0, 0
1225062, 318932879, 0, 0
1226038, 295379808, 0, 0
1227021, 295139749, 0, 0
1228031, 312005731, 0, 0
1229020, 322588408, 0, 0
1230043, 254332008, 0, 0
1231027, 305574487, 0, 0
1232039, 284059629, 0, 0
1233034, 299283663, 0, 0
1234042, 267487721, 0, 0
1235051, 306739442, 0, 0
1236042, 272461042, 0, 0
1237064, 298648278, 0, 0
1238009, 301333879, 0, 0
1239013, 286031363, 0, 0
1240015, 305715602, 0, 0
1241037, 318346308, 0, 0
1242062, 319400172, 0, 0
1243021, 330687861, 0, 0
1244032, 291778742, 0, 0
1245023, 285643623, 0, 0
1246008, 256686061, 0, 0
1247040, 297225563, 0, 0
1248060, 312959811, 0, 0
1249015, 305820062, 0, 0
1250054, 324026710, 0, 0
1251026, 283371691, 0, 0
1252057, 283858530, 0, 0
1253005, 336023528, 0, 0
1254004, 325469663, 0, 0
1255056, 280710402, 0, 0
1256039, 289557779, 0, 0
1257045, 304101698, 0, 0
1258045, 287514546, 0, 0
1259026, 280282083, 0, 0
1260028, 319928698, 0, 0
1261048, 309477350, 0, 0
1262041, 335738856, 0, 0
1263029, 299843454, 0, 0
1264002, 300379815, 0, 0
1265021, 309352459, 0, 0
1266032, 293628189, 0, 0
1267007, 297219914, 0, 0
1268011, 292726036, 0, 0
1269007, 320977273, 0, 0
1270037, 300339140, 0, 0
1271037, 267373262, 0, 0
1272024, 281251859, 0, 0
1273056, 298413042, 0, 0
1274017, 312562414, 0, 0
1275020, 281406721, 0, 0
1276002, 322842654, 0, 0
1277044, 306468949, 0, 0
1278036, 281599619, 0, 0
1279008, 304371754, 0, 0
1280016, 331654732, 0, 0
1281021, 333635376, 0, 0
1282025, 328868465, 0, 0
1283036, 280799906, 0, 0
1284027, 288249720, 0, 0
1285015, 315144192, 0, 0
1286019, 325839234, 0, 0
1287054, 310173564, 0, 0
1288023, 318070890, 0, 0
1289026, 315815078, 0, 0
1290028, 299359437, 0, 0
1291038, 283785620, 0, 0
1292007, 288849030, 0, 0
1293004, 333055360, 0, 0
1294010, 356216149, 0, 0
1295026, 308947427, 0, 0
1296070, 303376021, 0, 0
1297022, 317766181, 0, 0
1298046, 310087372, 0, 0
1299048, 302157383, 0, 0
1300039, 300913511, 0, 0
1301040, 317654817, 0, 0
1302024, 301392729, 0, 0
1303028, 282020094, 0, 0
1304066, 300633116, 0, 0
1305012, 304734046, 0, 0
1306057, 285965983, 0, 0
1307006, 299735541, 0, 0
1308056, 279754475, 0, 0
1309005, 275527182, 0, 0
1310003, 320996983, 0, 0
1311065, 287899484, 0, 0
1312025, 311899708, 0, 0
1313049, 291876235, 0, 0
1314013, 273471464, 0, 0
1315057, 282148247, 0, 0
1316037, 348506599, 0, 0
1317000, 320314864, 0, 0
1318006, 309504607, 0, 0
1319043, 299249966, 0, 0
1320060, 277303155, 0, 0
1321024, 304424734, 0, 0
1322018, 318029057, 0, 0
1323033, 332778114, 0, 0
1324050, 317742546, 0, 0
1325009, 289344619, 0, 0
1326031, 299248288, 0, 0
1327011, 323554838, 0, 0
1328058, 323452739, 0, 0
1329028, 314551395, 0, 0
1330016, 294356257, 0, 0
1331019, 329479546, 0, 0
1332009, 328372192, 0, 0
1333016, 312605068, 0, 0
1334008, 314204236, 0, 0
1335009, 343843005, 0, 0
1336004, 308903429, 0, 0
1337097, 320283987, 0, 0
1338029, 360867959, 0, 0
1339048, 283310404, 0, 0
1340010, 321397966, 0, 0
1341015, 289486633, 0, 0
1342027, 333092961, 0, 0
1343027, 303419365, 0, 0
1344048, 316468609, 0, 0
1345002, 310526656, 0, 0
1346053, 287934026, 0, 0
1347012, 283987638, 0, 0
1348032, 302340018, 0, 0
1349047, 326248635, 0, 0
1350054, 317605993, 0, 0
1351011, 287660100, 0, 0
1352001, 291091798, 0, 0
1353044, 316035202, 0, 0
1354016, 354500447, 0, 0
1355002, 314175982, 0, 0
1356051, 301912830, 0, 0
1357006, 285500581, 0, 0
1358058, 288452155, 0, 0
1359042, 294535561, 0, 0
1360013, 301931649, 0, 0
1361011, 318629015, 0, 0
1362056, 307987581, 0, 0
1363035, 325672014, 0, 0
1364063, 332267318, 0, 0
1365039, 320215351, 0, 0
1366009, 264522435, 0, 0
1367043, 324110782, 0, 0
1368015, 313491430, 0, 0
1369020, 288782909, 0, 0
1370062, 310419720, 0, 0
1371051, 339661978, 0, 0
1372054, 289085040, 0, 0
1373042, 308836596, 0, 0
1374050, 269002051, 0, 0
1375045, 300693666, 0, 0
1376012, 308871968, 0, 0
1377054, 287154044, 0, 0
1378057, 304959516, 0, 0
1379057, 318929581, 0, 0
1380024, 301791775, 0, 0
1381045, 340693754, 0, 0
1382036, 316906629, 0, 0
1383045, 302018069, 0, 0
1384005, 302075003, 0, 0
1385039, 299220671, 0, 0
1386017, 349235864, 0, 0
1387034, 325160589, 0, 0
1388026, 312931773, 0, 0
1389023, 302966534, 0, 0
1390023, 289080969, 0, 0
1391051, 319424558, 0, 0
1392008, 301331173, 0, 0
1393038, 306753866, 0, 0
1394014, 336132383, 0, 0
1395017, 312864214, 0, 0
1396017, 289383260, 0, 0
1397017, 309443496, 0, 0
1398039, 333401776, 0, 0
1399025, 371906618, 0, 0
1400023, 284497175, 0, 0
1401014, 360055866, 0, 0
1402102, 318764975, 0, 0
1403010, 345692655, 0, 0
1404004, 285768773, 0, 0
1405059, 312531444, 0, 0
1406034, 283847596, 0, 0
1407036, 301883846, 0, 0
1408011, 331806175, 0, 0
1409059, 286017897, 0, 0
1410019, 331430668, 0, 0
1411085, 323567515, 0, 0
1412024, 331325167, 0, 0
1413040, 293688550, 0, 0
1414053, 302611364, 0, 0
1415032, 326819497, 0, 0
1416019, 297188838, 0, 0
1417029, 290876882, 0, 0
1418004, 327000612, 0, 0
1419022, 289602041, 0, 0
1420017, 303105425, 0, 0
1421040, 309910519, 0, 0
1422006, 345967639, 0, 0
1423034, 332395065, 0, 0
1424002, 303034291, 0, 0
1425011, 364940488, 0, 0
1426028, 314729414, 0, 0
1427037, 332515417, 0, 0
1428039, 312614679, 0, 0
1429024, 325848635, 0, 0
1430030, 327010909, 0, 0
1431064, 333053736, 0, 0
1432015, 319158267, 0, 0
1433032, 295164281, 0, 0
1434043, 337606874, 0, 0
1435036, 319114018, 0, 0
1436023, 331919565, 0, 0
1437034, 313697835, 0, 0
1438029, 314823680, 0, 0
1439050, 291828415, 0, 0
1440052, 295030859, 0, 0
1441006, 304254767, 0, 0
1442076, 356887203, 0, 0
1443039, 285272312, 0, 0
1444024, 330008814, 0, 0
1445000, 349723328, 0, 0
1446059, 318263213, 0, 0
1447041, 347804247, 0, 0
1448002, 323070021, 0, 0
1449006, 313685089, 0, 0
1450028, 292653102, 0, 0
1451023, 288745882, 0, 0
1452041, 285345103, 0, 0
1453008, 312470502, 0, 0
1454054, 314852215, 0, 0
1455041, 307660688, 0, 0
1456028, 317887065, 0, 0
1457027, 358276732, 0, 0
1458040, 344674038, 0, 0
1459007, 331783267, 0, 0
1460040, 332179306, 0, 0
1461030, 331617087, 0, 0
1462048, 310409538, 0, 0
1463002, 305422180, 0, 0
1464027, 292475548, 0, 0
1465004, 297132306, 0, 0
1466044, 333791680, 0, 0
1467057, 316955702, 0, 0
1468059, 332689159, 0, 0
1469028, 327735110, 0, 0
1470029, 318965016, 0, 0
1471054, 331738729, 0, 0
1472034, 323619179, 0, 0
1473043, 322225312, 0, 0
1474001, 340335559, 0, 0
1475045, 314469707, 0, 0
1476042, 313300070, 0, 0
1477047, 345397399, 0, 0
1478007, 302332060, 0, 0
1479062, 286780740, 0, 0
1480042, 340090142, 0, 0
1481050, 314768701, 0, 0
1482008, 315093303, 0, 0
1483047, 303912905, 0, 0
1484021, 316762576, 0, 0
1485021, 326442687, 0, 0
1486053, 330354071, 0, 0
1487028, 333576263, 0, 0
1488044, 352198526, 0, 0
1489031, 329766535, 0, 0
1490052, 300910309, 0, 0
1491000, 314278572, 0, 0
1492010, 323052052, 0, 0
1493029, 335428870, 0, 0
1494055, 344153176, 0, 0
1495030, 324753672, 0, 0
1496042, 296482596, 0, 0
1497065, 290199437, 0, 0
1498002, 320052585, 0, 0
1499035, 335312612, 0, 0
1500048, 320090968, 0, 0
1501015, 344159299, 0, 0
1502033, 302522990, 0, 0
1503038, 325731040, 0, 0
1504046, 375856194, 0, 0
1505031, 323098290, 0, 0
1506044, 313582733, 0, 0
1507005, 336772542, 0, 0
1508021, 331511431, 0, 0
1509000, 367572934, 0, 0
1510010, 315443672, 0, 0
1511039, 308038806, 0, 0
1512014, 332923708, 0, 0
1513008, 332284316, 0, 0
1514059, 334164402, 0, 0
1515056, 298273431, 0, 0
1516018, 317175508, 0, 0
1517048, 326416558, 0, 0
1518038, 321199863, 0, 0
1519035, 344129102, 0, 0
1520036, 326176272, 0, 0
1521035, 330961105, 0, 0
1522064, 316122666, 0, 0
1523006, 343847642, 0, 0
1524022, 306805683, 0, 0
1525024, 327933280, 0, 0
1526009, 308652891, 0, 0
1527017, 305494501, 0, 0
1528031, 324929783, 0, 0
1529009, 337767872, 0, 0
1530000, 356398142, 0, 0
1531018, 315068090, 0, 0
1532047, 343171294, 0, 0
1533051, 327406055, 0, 0
1534011, 334734459, 0, 0
1535030, 314069219, 0, 0
1536042, 318566226, 0, 0
1537055, 320233199, 0, 0
1538033, 365720020, 0, 0
1539049, 340401103, 0, 0
1540006, 341665378, 0, 0
1541022, 348634033, 0, 0
1542025, 334012091, 0, 0
1543053, 304896219, 0, 0
1544019, 315894053, 0, 0
1545001, 332215650, 0, 0
1546024, 290598733, 0, 0
1547056, 323760499, 0, 0
1548018, 327044464, 0, 0
1549006, 332219129, 0, 0
1550066, 313682287, 0, 0
1551012, 353801725, 0, 0
1552049, 336534187, 0, 0
1553051, 312919710, 0, 0
1554037, 341843206, 0, 0
1555042, 328219596, 0, 0
1556040, 335506865, 0, 0
1557050, 327936020, 0, 0
1558042, 318569236, 0, 0
1559017, 318428786, 0, 0
1560033, 342259816, 0, 0
1561049, 308259380, 0, 0
1562055, 315695885, 0, 0
1563056, 331921373, 0, 0
1564048, 342836724, 0, 0
1565005, 372896081, 0, 0
1566037, 341943506, 0, 0
1567057, 319103400, 0, 0
1568025, 334668887, 0, 0
1569026, 326524284, 0, 0
1570024, 329367357, 0, 0
1571015, 333768790, 0, 0
1572028, 332296528, 0, 0
1573033, 330024017, 0, 0
1574002, 335056541, 0, 0
1575036, 350616389, 0, 0
1576051, 303356019, 0, 0
1577025, 336138039, 0, 0
1578024, 322667732, 0, 0
1579037, 335081521, 0, 0
1580001, 326972022, 0, 0
1581008, 372526932, 0, 0
1582009, 308740422, 0, 0
1583018, 325049804, 0, 0
1584044, 374150700, 0, 0
1585025, 321020349, 0, 0
1586050, 290409133, 0, 0
1587009, 370840740, 0, 0
1588004, 335245415, 0, 0
1589009, 321913527, 0, 0
1590037, 344486784, 0, 0
1591047, 331934813, 0, 0
1592019, 367305304, 0, 0
1593049, 343302967, 0, 0
1594003, 342626129, 0, 0
1595020, 331845510, 0, 0
1596017, 370174361, 0, 0
1597025, 342498333, 0, 0
1598010, 341764727, 0, 0
1599003, 353682691, 0, 0
1600012, 322406596, 0, 0
1601042, 335330212, 0, 0
1602049, 331095342, 0, 0
1603016, 321691925, 0, 0
1604040, 337853910, 0, 0
1605050, 311280029, 0, 0
1606025, 364532771, 0, 0
1607006, 377279087, 0, 0
1608053, 310085687, 0, 0
1609023, 346549579, 0, 0
1610053, 365401590, 0, 0
1611043, 331811219, 0, 0
1612047, 334906442, 0, 0
1613004, 330089952, 0, 0
1614014, 305663735, 0, 0
1615034, 346162868, 0, 0
1616057, 323749624, 0, 0
1617020, 324099279, 0, 0
1618035, 332569737, 0, 0
1619017, 336201176, 0, 0
1620021, 350025747, 0, 0
1621047, 321570934, 0, 0
1622061, 327960029, 0, 0
1623039, 344944610, 0, 0
1624062, 331084447, 0, 0
1625029, 331685116, 0, 0
1626057, 322452524, 0, 0
1627024, 339689144, 0, 0
1628009, 328662403, 0, 0
1629040, 357709989, 0, 0
1630063, 346211266, 0, 0
1631008, 355474445, 0, 0
1632047, 363676706, 0, 0
1633039, 345144355, 0, 0
1634058, 333867073, 0, 0
1635047, 323223508, 0, 0
1636029, 356236849, 0, 0
1637029, 333123876, 0, 0
1638039, 309988876, 0, 0
1639046, 341521002, 0, 0
1640052, 322305827, 0, 0
1641034, 323617921, 0, 0
1642002, 323200997, 0, 0
1643050, 334028790, 0, 0
1644063, 340704666, 0, 0
1645031, 357355009, 0, 0
1646052, 320535172, 0, 0
1647034, 341735353, 0, 0
1648014, 326332363, 0, 0
1649013, 358397419, 0, 0
1650050, 327705877, 0, 0
1651029, 367696407, 0, 0
1652009, 366882698, 0, 0
1653050, 365117997, 0, 0
1654045, 345052540, 0, 0
1655023, 356732961, 0, 0
1656040, 335643842, 0, 0
1657001, 304458605, 0, 0
1658071, 340696941, 0, 0
1659052, 351076162, 0, 0
1660006, 348040342, 0, 0
1661030, 328701697, 0, 0
1662034, 356670608, 0, 0
1663034, 357221432, 0, 0
1664049, 382152732, 0, 0
1665009, 378161311, 0, 0
1666010, 379473697, 0, 0
1667025, 344138981, 0, 0
1668018, 344959950, 0, 0
1669003, 349140753, 0, 0
1670034, 328663377, 0, 0
1671017, 333926648, 0, 0
1672016, 324222309, 0, 0
1673018, 335518880, 0, 0
1674006, 387592417, 0, 0
1675009, 397193796, 0, 0
1676006, 350877945, 0, 0
1677010, 341414444, 0, 0
1678004, 338915619, 0, 0
1679015, 344601134, 0, 0
1680025, 332032645, 0, 0
1681046, 335415442, 0, 0
1682003, 353246433, 0, 0
1683014, 367768114, 0, 0
1684005, 331475947, 0, 0
1685077, 347792703, 0, 0
1686002, 330366874, 0, 0
1687056, 352351996, 0, 0
1688015, 362018071, 0, 0
1689034, 361295159, 0, 0
1690044, 378268298, 0, 0
1691041, 361385456, 0, 0
1692026, 373312931, 0, 0
1693035, 345034702, 0, 0
1694052, 326293961, 0, 0
1695049, 340805009, 0, 0
1696053, 347949437, 0, 0
1697017, 341270041, 0, 0
1698056, 372076542, 0, 0
1699022, 371633736, 0, 0
1700066, 323292095, 0, 0
1701061, 327833659, 0, 0
1702046, 378377856, 0, 0
1703026, 365563750, 0, 0
1704048, 349356684, 0, 0
1705010, 362357319, 0, 0
1706017, 371364721, 0, 0
1707024, 342529445, 0, 0
1708050, 372155333, 0, 0
1709028, 314634763, 0, 0
1710043, 338602414, 0, 0
1711063, 338792683, 0, 0
1712052, 366970687, 0, 0
1713057, 342310644, 0, 0
1714010, 328776241, 0, 0
1715006, 363961258, 0, 0
1716034, 357032231, 0, 0
1717016, 325243775, 0, 0
1718040, 346310032, 0, 0
1719013, 330756440, 0, 0
1720030, 351968010, 0, 0
1721056, 349793057, 0, 0
1722039, 331501566, 0, 0
1723051, 341588363, 0, 0
1724009, 361896905, 0, 0
1725020, 394709526, 0, 0
1726032, 353993131, 0, 0
1727051, 360085831, 0, 0
1728005, 343993480, 0, 0
1729001, 361422821, 0, 0
1730048, 358066079, 0, 0
1731065, 328168308, 0, 0
1732068, 353432992, 0, 0
1733051, 377241505, 0, 0
1734009, 333082337, 0, 0
1735001, 343842862, 0, 0
1736015, 358805181, 0, 0
1737002, 381996350, 0, 0
1738046, 355371897, 0, 0
1739001, 376144970, 0, 0
1740004, 369768308, 0, 0
1741014, 382247749, 0, 0
1742031, 329377082, 0, 0
1743027, 367270695, 0, 0
1744017, 318837962, 0, 0
1745017, 330030079, 0, 0
1746016, 390188018, 0, 0
1747020, 359353343, 0, 0
1748006, 371267477, 0, 0
1749053, 353825035, 0, 0
1750035, 360446394, 0, 0
1751049, 380630946, 0, 0
1752052, 367211457, 0, 0
1753060, 369664924, 0, 0
1754062, 352644558, 0, 0
1755033, 351553063, 0, 0
1756002, 400401808, 0, 0
1757018, 382062905, 0, 0
1758033, 379871008, 0, 0
1759025, 347643236, 0, 0
1760016, 356666871, 0, 0
1761038, 364083516, 0, 0
1762009, 346359994, 0, 0
1763032, 366856973, 0, 0
1764038, 365731838, 0, 0
1765050, 384647091, 0, 0
1766044, 339287742, 0, 0
1767003, 376687226, 0, 0
1768029, 372870161, 0, 0
1769039, 351703711, 0, 0
1770033, 369138280, 0, 0
1771022, 391011999, 0, 0
1772023, 379730807, 0, 0
1773036, 350750843, 0, 0
1774018, 358113743, 0, 0
1775050, 341124350, 0, 0
1776006, 406510302, 0, 0
1777011, 382207913, 0, 0
1778027, 369446677, 0, 0
1779019, 370098948, 0, 0
1780041, 369562084, 0, 0
1781059, 365632947, 0, 0
1782055, 348152334, 0, 0
1783052, 377040980, 0, 0
1784016, 345801778, 0, 0
1785015, 387760677, 0, 0
1786015, 356126233, 0, 0
1787057, 330775653, 0, 0
1788016, 389131628, 0, 0
1789030, 348011803, 0, 0
1790005, 341629106, 0, 0
1791023, 375005001, 0, 0
1792018, 385740211, 0, 0
1793020, 373168275, 0, 0
1794040, 405166538, 0, 0
1795036, 366255394, 0, 0
1796051, 355138877, 0, 0
1797007, 361099339, 0, 0
1798056, 358688722, 0, 0
1799004, 335506010, 0, 0
1800036, 328921258, 0, 0
1801022, 365503558, 0, 0
1802063, 365789235, 0, 0
1803032, 413445339, 0, 0
1804048, 379650227, 0, 0
1805004, 411188111, 0, 0
1806050, 381872892, 0, 0
1807017, 371660680, 0, 0
1808017, 378224932, 0, 0
1809014, 369007385, 0, 0
1810006, 353943155, 0, 0
1811000, 374953172, 0, 0
1812051, 377606657, 0, 0
1813029, 363324562, 0, 0
1814012, 354008498, 0, 0
1815030, 374172377, 0, 0
1816041, 402480578, 0, 0
1817061, 375393774, 0, 0
1818021, 372324496, 0, 0
1819029, 391288254, 0, 0
1820026, 389624426, 0, 0
1821029, 333458306, 0, 0
1822055, 350247929, 0, 0
1823051, 351837609, 0, 0
1824010, 346831936, 0, 0
1825034, 362692835, 0, 0
1826061, 380604075, 0, 0
1827042, 389055694, 0, 0
1828011, 386126543, 0, 0
1829015, 381845932, 0, 0
1830051, 358542686, 0, 0
1831055, 402947656, 0, 0
1832033, 364854653, 0, 0
1833051, 343727384, 0, 0
1834034, 410432944, 0, 0
1835013, 393462363, 0, 0
1836064, 384994600, 0, 0
1837042, 423652552, 0, 0
1838003, 370823989, 0, 0
1839007, 367912793, 0, 0
1840012, 373327819, 0, 0
1841033, 403164695, 0, 0
1842038, 378801813, 0, 0
1843002, 389068082, 0, 0
1844066, 371213653, 0, 0
1845067, 418899622, 0, 0
1846012, 387054601, 0, 0
1847039, 370699584, 0, 0
1848010, 395385237, 0, 0
1849034, 390773170, 0, 0
1850004, 395709174, 0, 0
1851023, 393542112, 0, 0
1852035, 354000084, 0, 0
1853058, 380667391, 0, 0
1854032, 398458168, 0, 0
1855043, 370784593, 0, 0
1856017, 380124799, 0, 0
1857029, 401334088, 0, 0
1858050, 426792899, 0, 0
1859038, 409050373, 0, 0
1860001, 334860770, 0, 0
1861030, 400454890, 0, 0
1862064, 401047617, 0, 0
1863064, 397188303, 0, 0
1864012, 483689504, 0, 0
1865008, 382291620, 0, 0
1866015, 354523682, 0, 0
1867031, 391117023, 0, 0
1868018, 393153592, 0, 0
1869043, 416445718, 0, 0
1870043, 363595551, 0, 0
1871046, 373410100, 0, 0
1872038, 377434379, 0, 0
1873005, 382959297, 0, 0
1874000, 386638421, 0, 0
1875029, 390625426, 0, 0
1876047, 391318173, 0, 0
1877015, 394155481, 0, 0
1878027, 408691391, 0, 0
1879024, 374033694, 0, 0
1880056, 383182030, 0, 0
1881020, 383768693, 0, 0
1882001, 439958927, 0, 0
1883021, 408034444, 0, 0
1884002, 358347091, 0, 0
1885039, 366843770, 0, 0
1886007, 404499889, 0, 0
1887011, 361831883, 0, 0
1888036, 393415933, 0, 0
1889064, 357661214, 0, 0
1890023, 375068594, 0, 0
1891042, 389891150, 0, 0
1892049, 388124333, 0, 0
1893058, 391861519, 0, 0
1894000, 370874848, 0, 0
1895062, 398098311, 0, 0
1896044, 375178034, 0, 0
1897047, 369776375, 0, 0
1898009, 383011989, 0, 0
1899041, 389755343, 0, 0
1900013, 415979205, 0, 0
1901031, 390842674, 0, 0
1902000, 371997345, 0, 0
1903051, 382393255, 0, 0
1904038, 376255706, 0, 0
1905044, 375953292, 0, 0
1906044, 387441090, 0, 0
1907021, 369489948, 0, 0
1908015, 398627364, 0, 0
1909012, 399805990, 0, 0
1910050, 420886367, 0, 0
1911046, 432305719, 0, 0
1912042, 383409895, 0, 0
1913016, 401500960, 0, 0
1914058, 406783991, 0, 0
1915012, 361040980, 0, 0
1916039, 374969987, 0, 0
1917054, 402132016, 0, 0
1918028, 372919398, 0, 0
1919023, 386591967, 0, 0
1920054, 405123750, 0, 0
1921031, 422338081, 0, 0
1922046, 399253346, 0, 0
1923021, 388590577, 0, 0
1924043, 401101386, 0, 0
1925014, 409180607, 0, 0
1926042, 417520334, 0, 0
1927050, 403494767, 0, 0
1928064, 407727758, 0, 0
1929040, 408928277, 0, 0
1930062, 390053218, 0, 0
1931000, 387868560, 0, 0
1932067, 397741643, 0, 0
1933052, 394821601, 0, 0
1934011, 428715650, 0, 0
1935045, 387929396, 0, 0
1936062, 424238814, 0, 0
1937030, 385095448, 0, 0
1938063, 421511519, 0, 0
1939038, 392673534, 0, 0
1940061, 418835758, 0, 0
1941007, 388605380, 0, 0
1942048, 391565244, 0, 0
1943052, 376920026, 0, 0
1944007, 387352733, 0, 0
1945013, 390817422, 0, 0
1946024, 366049347, 0, 0
1947007, 384579568, 0, 0
1948072, 434934942, 0, 0
1949011, 401303179, 0, 0
1950073, 382145468, 0, 0
1951009, 406970830, 0, 0
1952046, 418555044, 0, 0
1953043, 379456672, 0, 0
1954057, 389506374, 0, 0
1955063, 384540312, 0, 0
1956039, 395079544, 0, 0
1957023, 398644681, 0, 0
1958046, 388881525, 0, 0
1959015, 413455964, 0, 0
1960053, 373058620, 0, 0
1961000, 384376009, 0, 0
1962003, 410710056, 0, 0
1963007, 399401220, 0, 0
1964054, 420940071, 0, 0
1965046, 416741169, 0, 0
1966062, 413787798, 0, 0
1967023, 415164105, 0, 0
1968059, 426678395, 0, 0
1969034, 420354177, 0, 0
1970042, 416360697, 0, 0
1971048, 387366369, 0, 0
1972030, 382423711, 0, 0
1973003, 387442948, 0, 0
1974049, 388967335, 0, 0
1975017, 412362873, 0, 0
1976002, 421942894, 0, 0
1977008, 390458251, 0, 0
1978044, 416955138, 0, 0
1979027, 374692074, 0, 0
1980015, 393496331, 0, 0
1981028, 431430326, 0, 0
1982020, 386464057, 0, 0
1983056, 401594290, 0, 0
1984020, 404174505, 0, 0
1985027, 397376728, 0, 0
1986032, 377744531, 0, 0
1987004, 397124733, 0, 0
1988037, 387439105, 0, 0
1989007, 407124243, 0, 0
1990049, 412006594, 0, 0
1991022, 403319713, 0, 0
1992030, 408576181, 0, 0
1993016, 385957181, 0, 0
1994042, 420668000, 0, 0
1995000, 405409323, 0, 0
1996019, 395566016, 0, 0
1997045, 397448296, 0, 0
1998026, 387138348, 0, 0
1999032, 397669237, 0, 0
2000049, 396099188, 0, 0
2001058, 431340047, 0, 0
2002055, 424336326, 0, 0
2003046, 412035369, 0, 0
2004044, 410891922, 0, 0
2005020, 410333852, 0, 0
2006035, 409944441, 0, 0
2007006, 438491422, 0, 0
2008024, 422876620, 0, 0
2009018, 401862026, 0, 0
2010064, 388994002, 0, 0
2011022, 438237638, 0, 0
2012034, 430309711, 0, 0
2013048, 414142127, 0, 0
2014031, 436481105, 0, 0
2015046, 419497621, 0, 0
2016055, 381620731, 0, 0
2017056, 415426947, 0, 0
2018015, 354687628, 0, 0
2019033, 411177712, 0, 0
2020050, 442583048, 0, 0
2021006, 418487119, 0, 0
2022031, 407485959, 0, 0
2023046, 411553465, 0, 0
2024007, 444928208, 0, 0
2025047, 422604413, 0, 0
2026057, 387047152, 0, 0
2027009, 413076922, 0, 0
2028030, 428246415, 0, 0
2029029, 420235061, 0, 0
2030000, 424583040, 0, 0
2031029, 391581632, 0, 0
2032003, 406025945, 0, 0
2033030, 429112512, 0, 0
2034038, 399838988, 0, 0
2035045, 401716510, 0, 0
2036030, 414202143, 0, 0
2037033, 391528002, 0, 0
2038041, 394231224, 0, 0
2039013, 462907563, 0, 0
2040004, 478350391, 0, 0
2041000, 407708830, 0, 0
2042002, 432668718, 0, 0
2043058, 422093862, 0, 0
2044004, 444310208, 0, 0
2045030, 413349039, 0, 0
2046011, 408344417, 0, 0
2047013, 413215849, 0, 0
2048044, 399210274, 0, 0
2049047, 413340535, 0, 0
2050023, 400476660, 0, 0
2051041, 423193606, 0, 0
2052049, 425335973, 0, 0
2053044, 415316035, 0, 0
2054053, 417919225, 0, 0
2055061, 456744841, 0, 0
2056038, 432061419, 0, 0
2057010, 407697838, 0, 0
2058032, 386825613, 0, 0
2059025, 397839244, 0, 0
2060009, 435013477, 0, 0
2061050, 421710910, 0, 0
2062033, 433327083, 0, 0
2063001, 403165343, 0, 0
2064037, 393201073, 0, 0
2065041, 448313406, 0, 0
2066041, 415257272, 0, 0
2067063, 418713280, 0, 0
2068045, 401903935, 0, 0
2069005, 396090946, 0, 0
2070009, 392010525, 0, 0
2071039, 411538667, 0, 0
2072050, 396280103, 0, 0
2073037, 413788679, 0, 0
2074051, 377804548, 0, 0
2075010, 420583510, 0, 0
2076012, 418160220, 0, 0
2077063, 391944298, 0, 0
2078011, 410541719, 0, 0
2079009, 412069736, 0, 0
2080000, 390261635, 0, 0
2081057, 456733063, 0, 0
2082039, 390878242, 0, 0
2083047, 452501830, 0, 0
2084043, 399579401, 0, 0
2085036, 409445302, 0, 0
2086024, 432357909, 0, 0
2087026, 407478174, 0, 0
2088012, 426439948, 0, 0
2089018, 435970466, 0, 0
2090017, 406592980, 0, 0
2091010, 391979759, 0, 0
2092024, 416942285, 0, 0
2093017, 422277485, 0, 0
2094043, 408428864, 0, 0
2095035, 411865786, 0, 0
2096000, 409476330, 0, 0
2097055, 420041214, 0, 0
2098006, 455382640, 0, 0
2099044, 451440186, 0, 0
2100019, 440019943, 0, 0
2101055, 453461447, 0, 0
2102039, 438836249, 0, 0
2103044, 415000365, 0, 0
2104005, 416582842, 0, 0
2105062, 427500571, 0, 0
2106038, 397420172, 0, 0
2107053, 424193851, 0, 0
2108020, 420729537, 0, 0
2109023, 418717570, 0, 0
2110049, 419997202, 0, 0
2111030, 439433936, 0, 0
2112045, 445156347, 0, 0
2113014, 438281517, 0, 0
2114030, 416487612, 0, 0
2115000, 415440659, 0, 0
2116004, 445604941, 0, 0
2117042, 446185653, 0, 0
2118030, 405877674, 0, 0
2119002, 429170270, 0, 0
2120018, 481114203, 0, 0
2121051, 391436621, 0, 0
2122060, 448533511, 0, 0
2123000, 418107146, 0, 0
2124035, 423929871, 0, 0
2125035, 423861969, 0, 0
2126045, 422667095, 0, 0
2127010, 421105530, 0, 0
2128006, 389848075, 0, 0
2129032, 427330869, 0, 0
2130044, 414301164, 0, 0
2131019, 397838546, 0, 0
2132059, 433144067, 0, 0
2133025, 432113946, 0, 0
2134020, 409837795, 0, 0
2135035, 447789373, 0, 0
2136002, 436324777, 0, 0
2137059, 448432726, 0, 0
2138049, 424893398, 0, 0
2139010, 425893585, 0, 0
2140037, 443465533, 0, 0
2141053, 445832024, 0, 0
2142009, 436869264, 0, 0
2143032, 419553048, 0, 0
2144017, 416901866, 0, 0
2145015, 447206064, 0, 0
2146015, 411849078, 0, 0
2147024, 430226267, 0, 0
2148020, 427116424, 0, 0
2149057, 432716797, 0, 0
2150008, 438545917, 0, 0
2151060, 424452196, 0, 0
2152049, 423980853, 0, 0
2153038, 443737557, 0, 0
2154005, 430571653, 0, 0
2155004, 429288723, 0, 0
2156016, 389385066, 0, 0
2157075, 416032832, 0, 0
2158016, 443485274, 0, 0
2159049, 414412759, 0, 0
2160015, 444952674, 0, 0
2161048, 428327072, 0, 0
2162041, 421577989, 0, 0
2163026, 389416500, 0, 0
2164047, 425850964, 0, 0
2165015, 423770353, 0, 0
2166028, 430623606, 0, 0
2167045, 421386075, 0, 0
2168044, 440621140, 0, 0
2169058, 434368165, 0, 0
2170013, 414536900, 0, 0
2171032, 480915286, 0, 0
2172044, 421961160, 0, 0
2173041, 433758997, 0, 0
2174059, 443301172, 0, 0
2175001, 428035338, 0, 0
2176032, 416965404, 0, 0
2177048, 432848686, 0, 0
2178002, 403114421, 0, 0
2179034, 443444080, 0, 0
2180029, 431889866, 0, 0
2181016, 467533545, 0, 0
2182050, 461836263, 0, 0
2183010, 438068008, 0, 0
2184037, 451788925, 0, 0
2185050, 435504268, 0, 0
2186061, 401097616, 0, 0
2187002, 421783428, 0, 0
2188003, 413944487, 0, 0
2189000, 444832510, 0, 0
2190015, 433536018, 0, 0
2191040, 458835639, 0, 0
2192013, 461998123, 0, 0
2193052, 428875243, 0, 0
2194008, 463283845, 0, 0
2195055, 446926529, 0, 0
2196045, 447487925, 0, 0
2197029, 439857904, 0, 0
2198006, 437846944, 0, 0
2199049, 461772814, 0, 0
2200014, 441744761, 0, 0
2201044, 462718949, 0, 0
2202055, 439925982, 0, 0
2203078, 408605981, 0, 0
2204047, 425336833, 0, 0
2205043, 430686149, 0, 0
2206053, 399083725, 0, 0
2207021, 422432355, 0, 0
2208010, 422289304, 0, 0
2209018, 435834229, 0, 0
2210079, 465646546, 0, 0
2211053, 458585695, 0, 0
2212012, 445785906, 0, 0
2213029, 442179265, 0, 0
2214055, 445847118, 0, 0
2215000, 432951833, 0, 0
2216009, 439731002, 0, 0
2217030, 451178866, 0, 0
2218043, 433239722, 0, 0
2219014, 445586079, 0, 0
2220039, 427249244, 0, 0
2221050, 417814327, 0, 0
2222042, 413057649, 0, 0
2223025, 455892640, 0, 0
2224000, 435889242, 0, 0
2225012, 434310426, 0, 0
2226012, 444550869, 0, 0
2227011, 432938109, 0, 0
2228040, 446327610, 0, 0
2229061, 427695726, 0, 0
2230016, 444143419, 0, 0
2231025, 437624449, 0, 0
2232020, 418388499, 0, 0
2233060, 456794779, 0, 0
2234051, 429567439, 0, 0
2235047, 442756070, 0, 0
2236056, 440709330, 0, 0
2237031, 425718675, 0, 0
2238009, 424918040, 0, 0
2239041, 440366358, 0, 0
2240000, 448173065, 0, 0
2241026, 419310198, 0, 0
2242036, 437296010, 0, 0
2243050, 427587671, 0, 0
2244048, 450412942, 0, 0
2245019, 456471301, 0, 0
2246041, 428893815, 0, 0
2247024, 458824595, 0, 0
2248059, 437534354, 0, 0
2249048, 455978105, 0, 0
2250047, 405842151, 0, 0
2251064, 455862833, 0, 0
2252000, 428574834, 0, 0
2253025, 446089667, 0, 0
2254009, 428046749, 0, 0
2255029, 438774679, 0, 0
2256055, 439854997, 0, 0
2257017, 440170455, 0, 0
2258051, 497621861, 0, 0
2259052, 431515334, 0, 0
2260056, 441850576, 0, 0
2261024, 419939411, 0, 0
2262034, 453719569, 0, 0
2263006, 443622473, 0, 0
2264011, 422978289, 0, 0
2265057, 421499667, 0, 0
2266066, 424111677, 0, 0
2267044, 453123955, 0, 0
2268036, 412671198, 0, 0
2269025, 431757949, 0, 0
2270003, 427671933, 0, 0
2271048, 464995379, 0, 0
2272061, 443578667, 0, 0
2273021, 429754358, 0, 0
2274055, 474905297, 0, 0
2275035, 436175564, 0, 0
2276031, 441349730, 0, 0
2277062, 438118385, 0, 0
2278042, 442316310, 0, 0
2279058, 443553306, 0, 0
2280010, 468212902, 0, 0
2281048, 442692684, 0, 0
2282058, 435377986, 0, 0
2283059, 450917046, 0, 0
2284043, 452049229, 0, 0
2285058, 456272656, 0, 0
2286017, 436263931, 0, 0
2287000, 449445479, 0, 0
2288057, 445125634, 0, 0
2289018, 460433421, 0, 0
2290027, 429802510, 0, 0
2291045, 440814954, 0, 0
2292003, 420364839, 0, 0
2293065, 439338697, 0, 0
2294004, 429715225, 0, 0
2295030, 459291358, 0, 0
2296028, 439165511, 0, 0
2297002, 457022485, 0, 0
2298049, 442380550, 0, 0
2299037, 466791249, 0, 0
2300051, 426306747, 0, 0
2301018, 468639336, 0, 0
2302004, 494146944, 0, 0
2303007, 441042345, 0, 0
2304039, 426675315, 0, 0
2305025, 423043344, 0, 0
2306024, 413262509, 0, 0
2307063, 453367718, 0, 0
2308008, 470075887, 0, 0
2309039, 436927032, 0, 0
2310046, 453057706, 0, 0
2311050, 432149796, 0, 0
2312005, 447226831, 0, 0
2313042, 430257118, 0, 0
2314003, 458534135, 0, 0
2315012, 428232464, 0, 0
2316049, 435330935, 0, 0
2317013, 456790228, 0, 0
2318055, 453101993, 0, 0
2319027, 478108607, 0, 0
2320052, 442471015, 0, 0
2321020, 449713234, 0, 0
2322009, 448490640, 0, 0
2323064, 420845523, 0, 0
2324051, 422185801, 0, 0
2325010, 418644130, 0, 0
2326019, 446508036, 0, 0
2327051, 456917009, 0, 0
2328029, 461484059, 0, 0
2329056, 452303408, 0, 0
2330022, 452889440, 0, 0
2331052, 452641420, 0, 0
2332027, 449620254, 0, 0
2333106, 479472780, 0, 0
2334001, 459540056, 0, 0
2335046, 474998253, 0, 0
2336049, 423944455, 0, 0
2337007, 457390735, 0, 0
2338049, 458663605, 0, 0
2339054, 464354733, 0, 0
2340022, 431325563, 0, 0
2341051, 460645516, 0, 0
2342064, 465588271, 0, 0
2343041, 475966195, 0, 0
2344016, 484234511, 0, 0
2345062, 444735792, 0, 0
2346004, 390299948, 0, 0
2347032, 414917758, 0, 0
2348058, 463175159, 0, 0
2349012, 455081487, 0, 0
2350016, 442897738, 0, 0
2351027, 451146797, 0, 0
2352042, 421506378, 0, 0
2353027, 477123928, 0, 0
2354011, 437996056, 0, 0
2355028, 460730175, 0, 0
2356029, 431695058, 0, 0
2357070, 443434732, 0, 0
2358041, 421066976, 0, 0
2359015, 466504268, 0, 0
2360009, 416256271, 0, 0
2361024, 401991468, 0, 0
2362052, 442391483, 0, 0
2363028, 427988182, 0, 0
2364017, 463300544, 0, 0
2365056, 452341314, 0, 0
2366046, 450677566, 0, 0
2367010, 426330277, 0, 0
2368012, 425204307, 0, 0
2369065, 467675078, 0, 0
2370046, 450123610, 0, 0
2371051, 455528892, 0, 0
2372051, 423768191, 0, 0
2373064, 467529747, 0, 0
2374040, 457662559, 0, 0
2375056, 440974901, 0, 0
2376024, 464487306, 0, 0
2377000, 451426611, 0, 0
2378022, 460963216, 0, 0
2379016, 413442028, 0, 0
2380020, 449792506, 0, 0
2381021, 454024523, 0, 0
2382007, 441914706, 0, 0
2383023, 452740995, 0, 0
2384003, 451337828, 0, 0
2385005, 447560028, 0, 0
2386042, 443035009, 0, 0
2387009, 446196448, 0, 0
2388034, 452434650, 0, 0
2389024, 468950587, 0, 0
2390040, 454037081, 0, 0
2391006, 440435576, 0, 0
2392033, 452574227, 0, 0
2393045, 455850750, 0, 0
2394056, 498406310, 0, 0
2395009, 439082701, 0, 0
2396029, 461715037, 0, 0
2397049, 430926786, 0, 0
2398048, 439870189, 0, 0
2399038, 451660643, 0, 0
2400039, 451331310, 0, 0
2400158, 354064006, 0, 0
