1037, 2148187, 0, 0
2054, 3560630, 0, 0
3049, 2592437, 0, 0
4067, 5467878, 0, 0
5021, 5574306, 0, 0
6052, 3651743, 0, 0
7025, 5033612, 0, 0
8044, 1923342, 0, 0
9000, 7239329, 0, 0
10039, 6692620, 0, 0
11056, 6272695, 0, 0
12035, 1700464, 0, 0
13029, 6282725, 0, 0
14050, 6841851, 0, 0
15036, 5729299, 0, 0
16048, 3300191, 0, 0
17039, 5156967, 0, 0
18027, 6370613, 0, 0
19041, 2250775, 0, 0
20029, 5336126, 0, 0
21026, 3210354, 0, 0
22058, 5856677, 0, 0
23068, 2463803, 0, 0
24040, 5744521, 0, 0
25039, 1020446, 0, 0
26029, 5783353, 0, 0
27046, 5550622, 0, 0
28028, 5480931, 0, 0
29012, 5988966, 0, 0
30020, 5113815, 0, 0
31018, 7220800, 0, 0
32034, 6041499, 0, 0
33048, 6370208, 0, 0
34054, 2286546, 0, 0
35001, 6480677, 0, 0
36060, 3135876, 0, 0
37005, 5650661, 0, 0
38059, 5482506, 0, 0
39004, 7103511, 0, 0
40049, 1644643, 0, 0
41033, 2502943, 0, 0
42046, 3651270, 0, 0
43012, 1606304, 0, 0
44035, 3263574, 0, 0
45014, 2995312, 0, 0
46039, 1683182, 0, 0
47000, 5786528, 0, 0
48054, 1724956, 0, 0
49022, 5522624, 0, 0
50036, 4845597, 0, 0
51004, 3390155, 0, 0
52045, 4043741, 0, 0
53061, 3690537, 0, 0
54003, 3699928, 0, 0
55017, 3296010, 0, 0
56049, 5184030, 0, 0
57044, 1681864, 0, 0
58029, 4618842, 0, 0
59002, 5492680, 0, 0
60052, 4944757, 0, 0
61054, 3021376, 0, 0
62023, 3211977, 0, 0
63004, 1136092, 0, 0
64044, 3061305, 0, 0
65018, 6529243, 0, 0
66026, 2978050, 0, 0
67005, 6652800, 0, 0
68013, 5592188, 0, 0
69041, 6500998, 0, 0
70005, 3523580, 0, 0
71014, 3034844, 0, 0
72034, 6658028, 0, 0
73072, 3673438, 0, 0
74037, 6891775, 0, 0
75047, 2046939, 0, 0
76059, 2198722, 0, 0
77003, 6682527, 0, 0
78011, 5414646, 0, 0
79054, 6725233, 0, 0
80029, 7550133, 0, 0
81004, 7214004, 0, 0
82056, 5907483, 0, 0
83008, 5307119, 0, 0
84005, 5007099, 0, 0
85013, 5060595, 0, 0
86025, 2961525, 0, 0
87007, 3091005, 0, 0
88043, 2139190, 0, 0
89022, 4813084, 0, 0
90032, 4923771, 0, 0
91041, 5168837, 0, 0
92012, 4530785, 0, 0
93051, 5827454, 0, 0
94044, 5570125, 0, 0
95002, 6696213, 0, 0
96048, 5442812, 0, 0
97013, 5473616, 0, 0
98035, 7142824, 0, 0
99020, 7132037, 0, 0
100059, 5578415, 0, 0
101001, 5003843, 0, 0
102053, 6328731, 0, 0
103042, 1249362, 0, 0
104000, 4808326, 0, 0
105004, 5277581, 0, 0
106014, 4896300, 0, 0
107028, 6748738, 0, 0
108044, 5129022, 0, 0
109004, 1496567, 0, 0
110005, 5149663, 0, 0
111038, 4869536, 0, 0
112016, 6599201, 0, 0
113008, 3037686, 0, 0
114056, 4715395, 0, 0
115045, 3103379, 0, 0
116012, 5189095, 0, 0
117049, 3073391, 0, 0
118001, 6424843, 0, 0
119057, 6895234, 0, 0
120051, 4988581, 0, 0
121062, 2833838, 0, 0
122015, 5317010, 0, 0
123019, 2954201, 0, 0
124026, 6292479, 0, 0
125015, 6055739, 0, 0
126000, 6654291, 0, 0
127004, 6550087, 0, 0
128024, 4945189, 0, 0
129038, 5388604, 0, 0
130000, 5823366, 0, 0
131018, 5844101, 0, 0
132029, 3244703, 0, 0
133043, 2995385, 0, 0
134028, 1975807, 0, 0
135024, 6296999, 0, 0
136035, 3223095, 0, 0
137054, 4710669, 0, 0
138037, 6134701, 0, 0
139051, 5219336, 0, 0
140053, 6213869, 0, 0
141037, 4889403, 0, 0
142039, 5380253, 0, 0
143029, 5851589, 0, 0
144004, 2920758, 0, 0
145060, 6392433, 0, 0
146063, 5757023, 0, 0
147036, 5167740, 0, 0
148005, 5380304, 0, 0
149008, 6221614, 0, 0
150041, 5107817, 0, 0
151012, 6213187, 0, 0
152033, 6542038, 0, 0
153046, 3119643, 0, 0
154045, 5701708, 0, 0
155041, 5345233, 0, 0
156044, 4391185, 0, 0
157002, 5065766, 0, 0
158021, 6362341, 0, 0
159046, 3195624, 0, 0
160012, 5513906, 0, 0
161013, 4364347, 0, 0
162062, 5456261, 0, 0
163015, 2820499, 0, 0
164006, 4458569, 0, 0
165035, 5588744, 0, 0
166003, 6115314, 0, 0
167018, 6498464, 0, 0
168049, 3109018, 0, 0
169028, 5590100, 0, 0
170052, 5944785, 0, 0
171044, 4905012, 0, 0
172047, 5889436, 0, 0
173010, 5200636, 0, 0
174009, 5168083, 0, 0
175052, 3144782, 0, 0
176043, 5496816, 0, 0
177037, 4683150, 0, 0
178018, 1751360, 0, 0
179013, 5427247, 0, 0
180018, 5517618, 0, 0
181018, 4600522, 0, 0
182011, 4531013, 0, 0
183069, 5590519, 0, 0
184034, 5602377, 0, 0
185041, 5714498, 0, 0
186047, 5842564, 0, 0
187028, 6408862, 0, 0
188032, 5896778, 0, 0
189055, 5463690, 0, 0
190046, 6000895, 0, 0
191062, 5287606, 0, 0
192038, 6017094, 0, 0
193053, 6067705, 0, 0
194026, 6154629, 0, 0
195018, 6157130, 0, 0
196025, 6287631, 0, 0
197057, 6363258, 0, 0
198004, 4614152, 0, 0
199049, 4700544, 0, 0
200005, 2443975, 0, 0
201040, 6307908, 0, 0
202008, 5688618, 0, 0
203032, 5647384, 0, 0
204049, 4662821, 0, 0
205007, 4488244, 0, 0
206040, 4544649, 0, 0
207058, 5557223, 0, 0
208014, 5216640, 0, 0
209025, 5404592, 0, 0
210002, 4758601, 0, 0
211017, 4801670, 0, 0
212016, 5173301, 0, 0
213027, 5799564, 0, 0
214020, 6124876, 0, 0
215019, 6048732, 0, 0
216043, 5912188, 0, 0
217052, 6033889, 0, 0
218050, 6235471, 0, 0
219056, 4031733, 0, 0
220003, 4205587, 0, 0
221016, 4864580, 0, 0
222044, 4664048, 0, 0
223030, 5210384, 0, 0
224030, 5775749, 0, 0
225002, 5485490, 0, 0
226005, 5928645, 0, 0
227018, 5846277, 0, 0
228011, 5218123, 0, 0
229026, 3870357, 0, 0
230000, 5344035, 0, 0
231023, 6350114, 0, 0
232029, 6087524, 0, 0
233068, 5607477, 0, 0
234026, 4885622, 0, 0
235024, 5692517, 0, 0
236017, 4911879, 0, 0
237049, 5888530, 0, 0
238034, 4893587, 0, 0
239052, 5985587, 0, 0
240009, 5108414, 0, 0
241021, 5556279, 0, 0
242095, 4853650, 0, 0
243054, 4178578, 0, 0
244056, 4348907, 0, 0
245020, 5598810, 0, 0
246034, 4779535, 0, 0
247031, 4650315, 0, 0
248005, 5286172, 0, 0
249009, 5396464, 0, 0
250019, 5964285, 0, 0
251006, 4587400, 0, 0
252047, 4950141, 0, 0
253059, 4282351, 0, 0
254000, 5630811, 0, 0
255053, 4910011, 0, 0
256013, 4321276, 0, 0
257024, 5045521, 0, 0
258033, 5928802, 0, 0
259002, 5664286, 0, 0
260055, 5420410, 0, 0
261009, 4764153, 0, 0
262052, 5030970, 0, 0
263024, 4829136, 0, 0
264031, 5132912, 0, 0
265051, 4848594, 0, 0
266000, 4911609, 0, 0
267052, 5004784, 0, 0
268058, 5127172, 0, 0
269052, 5424055, 0, 0
270032, 5018020, 0, 0
271005, 5524533, 0, 0
272070, 5185580, 0, 0
273031, 5551185, 0, 0
274053, 5259839, 0, 0
275060, 5216072, 0, 0
276020, 5295330, 0, 0
277020, 5675816, 0, 0
278000, 4867423, 0, 0
279035, 5331987, 0, 0
280037, 5002393, 0, 0
281011, 5091472, 0, 0
282002, 4806672, 0, 0
283053, 5495564, 0, 0
284054, 5776265, 0, 0
285029, 5182663, 0, 0
286011, 5451842, 0, 0
287015, 4283379, 0, 0
288005, 4392623, 0, 0
289050, 5325400, 0, 0
290032, 5770338, 0, 0
291007, 5471952, 0, 0
292002, 5201999, 0, 0
293027, 5785961, 0, 0
294001, 6000806, 0, 0
295052, 5279085, 0, 0
296001, 5448381, 0, 0
297030, 4916494, 0, 0
298011, 4473095, 0, 0
299043, 5125544, 0, 0
300004, 5550959, 0, 0
301037, 5058769, 0, 0
302060, 5240011, 0, 0
303064, 5420468, 0, 0
304035, 5448827, 0, 0
305037, 5557953, 0, 0
306056, 5501710, 0, 0
307039, 5061465, 0, 0
308023, 4657798, 0, 0
309054, 4720411, 0, 0
310008, 4741194, 0, 0
311038, 4697466, 0, 0
312057, 4844268, 0, 0
313059, 5080927, 0, 0
314027, 5142517, 0, 0
315040, 5083989, 0, 0
316007, 5400091, 0, 0
317030, 5291019, 0, 0
318048, 5651122, 0, 0
319042, 5802788, 0, 0
320019, 5080821, 0, 0
321043, 4942772, 0, 0
322006, 5431816, 0, 0
323022, 4858811, 0, 0
324007, 4968821, 0, 0
325039, 5231451, 0, 0
326035, 5556060, 0, 0
327002, 5997792, 0, 0
328051, 4920208, 0, 0
329014, 4293095, 0, 0
330005, 4378683, 0, 0
331049, 4825847, 0, 0
332043, 5016397, 0, 0
333006, 5224929, 0, 0
334000, 5173853, 0, 0
335043, 5455012, 0, 0
336002, 5091526, 0, 0
337035, 4937678, 0, 0
338056, 4413032, 0, 0
339004, 4853757, 0, 0
340009, 5427256, 0, 0
341034, 5277755, 0, 0
342068, 6184595, 0, 0
343005, 4729768, 0, 0
344011, 4273752, 0, 0
345012, 4648020, 0, 0
346055, 5184980, 0, 0
347026, 5297312, 0, 0
348017, 5133198, 0, 0
349039, 5638288, 0, 0
350014, 5442788, 0, 0
351052, 5206826, 0, 0
352008, 4544929, 0, 0
353019, 5491222, 0, 0
354027, 4532736, 0, 0
355034, 4931791, 0, 0
356052, 4619861, 0, 0
357002, 4918009, 0, 0
358042, 5139084, 0, 0
359003, 4526820, 0, 0
360002, 5310945, 0, 0
361040, 4984205, 0, 0
362011, 5128739, 0, 0
363015, 4435604, 0, 0
364035, 4973142, 0, 0
365016, 5382071, 0, 0
366052, 4810117, 0, 0
367004, 4574528, 0, 0
368025, 4973660, 0, 0
369040, 4968446, 0, 0
370055, 4627329, 0, 0
371051, 4976724, 0, 0
372000, 5092604, 0, 0
373032, 5286299, 0, 0
374129, 6119926, 0, 0
375029, 4781530, 0, 0
376057, 4623955, 0, 0
377000, 4260538, 0, 0
378056, 4776193, 0, 0
379058, 4220018, 0, 0
380062, 4706640, 0, 0
381017, 4943660, 0, 0
382041, 4801285, 0, 0
383035, 5198708, 0, 0
384043, 5297379, 0, 0
385066, 5034051, 0, 0
386053, 5865861, 0, 0
387051, 4963572, 0, 0
388030, 4212088, 0, 0
389073, 5108001, 0, 0
390035, 4155050, 0, 0
391033, 4911296, 0, 0
392034, 5494205, 0, 0
393062, 4914462, 0, 0
394018, 5186332, 0, 0
395027, 4603679, 0, 0
396012, 5434701, 0, 0
397039, 4909010, 0, 0
398051, 4393635, 0, 0
399014, 4854802, 0, 0
400055, 4858381, 0, 0
401000, 4815617, 0, 0
402042, 4711119, 0, 0
403043, 4922367, 0, 0
404059, 5175964, 0, 0
405018, 4989175, 0, 0
406027, 4776019, 0, 0
407040, 5140100, 0, 0
408050, 5144371, 0, 0
409018, 5090265, 0, 0
410017, 5114468, 0, 0
411000, 5225878, 0, 0
412002, 4833999, 0, 0
413056, 4849996, 0, 0
414038, 4829702, 0, 0
415003, 4379565, 0, 0
416044, 4076672, 0, 0
417033, 4595179, 0, 0
418013, 4707198, 0, 0
419055, 4388545, 0, 0
420040, 5072994, 0, 0
421038, 4813077, 0, 0
422039, 5129001, 0, 0
423009, 4867358, 0, 0
424024, 5017944, 0, 0
425023, 4637943, 0, 0
426028, 4919486, 0, 0
427033, 4441053, 0, 0
428007, 4795565, 0, 0
429018, 5021893, 0, 0
430009, 5099724, 0, 0
431041, 5077261, 0, 0
432021, 4921617, 0, 0
433008, 4649580, 0, 0
434021, 4912585, 0, 0
435005, 4589728, 0, 0
436045, 4399860, 0, 0
437048, 5009879, 0, 0
438054, 4544352, 0, 0
439043, 4726519, 0, 0
440049, 4486034, 0, 0
441043, 5250170, 0, 0
442044, 4695097, 0, 0
443042, 5164108, 0, 0
444017, 4550654, 0, 0
445041, 4843050, 0, 0
446039, 4704382, 0, 0
447021, 4926499, 0, 0
448041, 5305914, 0, 0
449050, 4602902, 0, 0
450017, 4686546, 0, 0
451035, 3970946, 0, 0
452035, 4897566, 0, 0
453034, 4891254, 0, 0
454035, 4779340, 0, 0
455045, 4349839, 0, 0
456060, 4206295, 0, 0
457009, 4668264, 0, 0
458029, 4026652, 0, 0
459054, 4965440, 0, 0
460008, 4581872, 0, 0
461012, 4686410, 0, 0
462033, 4591097, 0, 0
463020, 4232690, 0, 0
464060, 4965923, 0, 0
465023, 4715743, 0, 0
466043, 4784632, 0, 0
467055, 4765188, 0, 0
468020, 4440141, 0, 0
469003, 5167851, 0, 0
470054, 5196567, 0, 0
471001, 5140442, 0, 0
472012, 5432596, 0, 0
473017, 4197129, 0, 0
474047, 4698366, 0, 0
475022, 5237824, 0, 0
476057, 4990658, 0, 0
477055, 4913158, 0, 0
478009, 5119196, 0, 0
479064, 4705871, 0, 0
480019, 4452488, 0, 0
481049, 4876947, 0, 0
482064, 4351700, 0, 0
483014, 4963097, 0, 0
484052, 4472058, 0, 0
485038, 4066887, 0, 0
486049, 4547169, 0, 0
487059, 4848688, 0, 0
488020, 4382405, 0, 0
489055, 4495579, 0, 0
490016, 4227764, 0, 0
491053, 5098338, 0, 0
492051, 4575203, 0, 0
493058, 4676905, 0, 0
494002, 5208792, 0, 0
495039, 4863624, 0, 0
496031, 5000679, 0, 0
497041, 4922720, 0, 0
498054, 4378214, 0, 0
499014, 4520314, 0, 0
500010, 4999082, 0, 0
501067, 4491210, 0, 0
502026, 5068543, 0, 0
503008, 4497630, 0, 0
504037, 4873200, 0, 0
505007, 5071713, 0, 0
506053, 4997633, 0, 0
507019, 5001259, 0, 0
508039, 4447797, 0, 0
509021, 4457992, 0, 0
510054, 4665673, 0, 0
511027, 4982791, 0, 0
512036, 4290529, 0, 0
513058, 4454466, 0, 0
514003, 4916129, 0, 0
515013, 4426651, 0, 0
516042, 4190747, 0, 0
517000, 5117217, 0, 0
518014, 4560873, 0, 0
519019, 4462163, 0, 0
520013, 4471726, 0, 0
521063, 5192123, 0, 0
522046, 4631617, 0, 0
523014, 4352142, 0, 0
524001, 5160330, 0, 0
525008, 4980520, 0, 0
526029, 4511374, 0, 0
527037, 4373896, 0, 0
528030, 4679112, 0, 0
529047, 4884758, 0, 0
530054, 4695351, 0, 0
531047, 5196069, 0, 0
532049, 4292617, 0, 0
533040, 4580584, 0, 0
534060, 5019649, 0, 0
535001, 4563436, 0, 0
536050, 4850865, 0, 0
537057, 4550305, 0, 0
538015, 4531515, 0, 0
539031, 4613567, 0, 0
540046, 4445574, 0, 0
541067, 4901642, 0, 0
542002, 4286255, 0, 0
543036, 4566156, 0, 0
544048, 4393257, 0, 0
545039, 4541614, 0, 0
546025, 4207078, 0, 0
547023, 4591305, 0, 0
548024, 5052028, 0, 0
549048, 4688629, 0, 0
550069, 5484243, 0, 0
551012, 5354047, 0, 0
552040, 4600829, 0, 0
553046, 5263319, 0, 0
554022, 4452435, 0, 0
555056, 4263216, 0, 0
556057, 4482220, 0, 0
557003, 4974394, 0, 0
558022, 5041630, 0, 0
559045, 4598156, 0, 0
560056, 4570967, 0, 0
561015, 4985107, 0, 0
562047, 4771978, 0, 0
563016, 4399869, 0, 0
564055, 4530612, 0, 0
565030, 4752920, 0, 0
566008, 4669589, 0, 0
567021, 4478794, 0, 0
568054, 4775710, 0, 0
569017, 5005875, 0, 0
570048, 4883311, 0, 0
571051, 4769298, 0, 0
572050, 4914451, 0, 0
573046, 4438890, 0, 0
574010, 4629809, 0, 0
575027, 4284321, 0, 0
576048, 4656722, 0, 0
577062, 4688118, 0, 0
578048, 4759799, 0, 0
579003, 4411559, 0, 0
580054, 4337636, 0, 0
581012, 4882516, 0, 0
582006, 4296420, 0, 0
583028, 4663162, 0, 0
584069, 4682154, 0, 0
585043, 4284939, 0, 0
586016, 4061632, 0, 0
587002, 4561027, 0, 0
588019, 4493379, 0, 0
589066, 4841951, 0, 0
590065, 4532396, 0, 0
591051, 4320046, 0, 0
592000, 5382071, 0, 0
593043, 5010614, 0, 0
594050, 5080134, 0, 0
595052, 4566428, 0, 0
596052, 4923285, 0, 0
597002, 4673180, 0, 0
598000, 4260638, 0, 0
599043, 4910701, 0, 0
600070, 4519547, 0, 0
601051, 4707122, 0, 0
602020, 4261792, 0, 0
603028, 4414514, 0, 0
604044, 4158385, 0, 0
605058, 4386543, 0, 0
606029, 4215661, 0, 0
607048, 4520263, 0, 0
608020, 4646638, 0, 0
609005, 5045014, 0, 0
610045, 4473074, 0, 0
611038, 4470647, 0, 0
612021, 4672838, 0, 0
613014, 4634593, 0, 0
614031, 4725594, 0, 0
615027, 4498042, 0, 0
616004, 5054429, 0, 0
617030, 5123485, 0, 0
618003, 5142046, 0, 0
619011, 5163801, 0, 0
620016, 4827675, 0, 0
621031, 4967508, 0, 0
622014, 4501658, 0, 0
623031, 5160028, 0, 0
624017, 4414085, 0, 0
625053, 4809759, 0, 0
626036, 4887511, 0, 0
627055, 5189603, 0, 0
628009, 4763318, 0, 0
629040, 4683972, 0, 0
630043, 4451563, 0, 0
631042, 4372949, 0, 0
632043, 4927373, 0, 0
633038, 4847177, 0, 0
634048, 4560592, 0, 0
635000, 4637689, 0, 0
636060, 4993812, 0, 0
637059, 5365864, 0, 0
638025, 4572621, 0, 0
639037, 4615640, 0, 0
640028, 4643946, 0, 0
641065, 4582862, 0, 0
642001, 4772127, 0, 0
643041, 4574034, 0, 0
644007, 5026876, 0, 0
645031, 4502362, 0, 0
646048, 4978331, 0, 0
647051, 4353677, 0, 0
648001, 4519318, 0, 0
649024, 4959083, 0, 0
650011, 4177818, 0, 0
651062, 4446181, 0, 0
652048, 4318859, 0, 0
653006, 4000595, 0, 0
654038, 4294209, 0, 0
655014, 4470577, 0, 0
656034, 4671975, 0, 0
657054, 4265121, 0, 0
658047, 4273229, 0, 0
659039, 4763473, 0, 0
660045, 4403499, 0, 0
661056, 5207309, 0, 0
662056, 4579830, 0, 0
663011, 4582353, 0, 0
664030, 4606743, 0, 0
665050, 4467686, 0, 0
666057, 4296383, 0, 0
667023, 4406012, 0, 0
668044, 4392314, 0, 0
669048, 4361811, 0, 0
670017, 4630870, 0, 0
671034, 4594459, 0, 0
672048, 4797278, 0, 0
673073, 5277836, 0, 0
674022, 4990583, 0, 0
675005, 4881140, 0, 0
676042, 4753579, 0, 0
677054, 4882809, 0, 0
678056, 4651852, 0, 0
679007, 5082521, 0, 0
680025, 4268909, 0, 0
681044, 4463836, 0, 0
682049, 4235747, 0, 0
683033, 4747672, 0, 0
684043, 4757619, 0, 0
685016, 4736765, 0, 0
686012, 4500865, 0, 0
687047, 4269765, 0, 0
688019, 4256841, 0, 0
689039, 4738615, 0, 0
690025, 4516109, 0, 0
691008, 4382332, 0, 0
692027, 4870943, 0, 0
693033, 4203637, 0, 0
694037, 4417895, 0, 0
695049, 4532541, 0, 0
696055, 4875166, 0, 0
697009, 4560317, 0, 0
698033, 4332952, 0, 0
699049, 4902173, 0, 0
700045, 4945977, 0, 0
701036, 4670581, 0, 0
702027, 4757572, 0, 0
703035, 4598079, 0, 0
704011, 4511929, 0, 0
705052, 4330744, 0, 0
706011, 4837395, 0, 0
707018, 4427398, 0, 0
708044, 4341885, 0, 0
709063, 4407818, 0, 0
710013, 5016481, 0, 0
711054, 4519079, 0, 0
712031, 4358340, 0, 0
713051, 4757536, 0, 0
714040, 5175654, 0, 0
715050, 4644307, 0, 0
716030, 5264782, 0, 0
717063, 4506265, 0, 0
718054, 5126008, 0, 0
719003, 5040516, 0, 0
720058, 4447591, 0, 0
721003, 4763906, 0, 0
722035, 4561979, 0, 0
723017, 4807707, 0, 0
724017, 4686094, 0, 0
725052, 4970079, 0, 0
726051, 4773312, 0, 0
727071, 5017850, 0, 0
728032, 4505126, 0, 0
729026, 4729926, 0, 0
730030, 4706043, 0, 0
731016, 4476128, 0, 0
732010, 4353403, 0, 0
733056, 4880961, 0, 0
734055, 3959281, 0, 0
735044, 4611595, 0, 0
736038, 4729980, 0, 0
737009, 4638035, 0, 0
738020, 4878922, 0, 0
739042, 5400397, 0, 0
740030, 5084720, 0, 0
741020, 4535632, 0, 0
742040, 5020159, 0, 0
743057, 4434315, 0, 0
744040, 4721027, 0, 0
745056, 4278667, 0, 0
746008, 4570961, 0, 0
747017, 4706342, 0, 0
748039, 4908539, 0, 0
749037, 4392559, 0, 0
750052, 4442698, 0, 0
751023, 4826099, 0, 0
752043, 4828499, 0, 0
753059, 4390034, 0, 0
754050, 5130071, 0, 0
755036, 4645773, 0, 0
756028, 4402634, 0, 0
757059, 4637040, 0, 0
758015, 4526116, 0, 0
759007, 4672185, 0, 0
760063, 4087582, 0, 0
761018, 4914636, 0, 0
762035, 4790332, 0, 0
763000, 4188240, 0, 0
764040, 4903246, 0, 0
765021, 4664509, 0, 0
766029, 4636817, 0, 0
767023, 4086092, 0, 0
768017, 5224295, 0, 0
769050, 4523970, 0, 0
770043, 4219279, 0, 0
771013, 4087174, 0, 0
772016, 4814803, 0, 0
773021, 4736256, 0, 0
774006, 4659790, 0, 0
775026, 4783507, 0, 0
776037, 4054780, 0, 0
777051, 4438046, 0, 0
778026, 4705512, 0, 0
779036, 4626546, 0, 0
780062, 4515952, 0, 0
781045, 4380227, 0, 0
782024, 4362500, 0, 0
783052, 5037108, 0, 0
784043, 4495995, 0, 0
785015, 4664771, 0, 0
786026, 4314059, 0, 0
787024, 4333063, 0, 0
788018, 4820201, 0, 0
789050, 4310223, 0, 0
790035, 4336413, 0, 0
791018, 4605325, 0, 0
792029, 5154990, 0, 0
793008, 4700011, 0, 0
794017, 4399873, 0, 0
795002, 4389196, 0, 0
796032, 5017606, 0, 0
797042, 4806445, 0, 0
798026, 4840074, 0, 0
799060, 5112596, 0, 0
800023, 5404913, 0, 0
801056, 4708019, 0, 0
802052, 4363830, 0, 0
803006, 4351969, 0, 0
804000, 4487582, 0, 0
805019, 4629871, 0, 0
806067, 4629896, 0, 0
807009, 4354652, 0, 0
808010, 4994930, 0, 0
809028, 4385168, 0, 0
810028, 5064964, 0, 0
811045, 4477738, 0, 0
812031, 5181682, 0, 0
813029, 4118403, 0, 0
814004, 5069854, 0, 0
815034, 4899793, 0, 0
816045, 4805461, 0, 0
817047, 4330972, 0, 0
818011, 4316177, 0, 0
819027, 4431317, 0, 0
820006, 5040945, 0, 0
821000, 3905737, 0, 0
822060, 5018654, 0, 0
823033, 4837648, 0, 0
824004, 4384788, 0, 0
825003, 4434795, 0, 0
826055, 4609977, 0, 0
827007, 4522741, 0, 0
828027, 4299613, 0, 0
829050, 4772711, 0, 0
830024, 5094710, 0, 0
831059, 5250380, 0, 0
832008, 4831274, 0, 0
833023, 4586749, 0, 0
834020, 5298072, 0, 0
835007, 4582388, 0, 0
836021, 4848063, 0, 0
837047, 4700552, 0, 0
838054, 4858905, 0, 0
839013, 4695764, 0, 0
840012, 4471263, 0, 0
841008, 5182754, 0, 0
842039, 5072647, 0, 0
843020, 4599065, 0, 0
844045, 4945095, 0, 0
845000, 4497716, 0, 0
846046, 4163013, 0, 0
847066, 4243779, 0, 0
848034, 4903736, 0, 0
849015, 4732838, 0, 0
850046, 4420507, 0, 0
851023, 5301731, 0, 0
852054, 4904131, 0, 0
853017, 4452152, 0, 0
854001, 3931899, 0, 0
855043, 4862285, 0, 0
856055, 4471976, 0, 0
857025, 4482211, 0, 0
858005, 4256369, 0, 0
859054, 4594937, 0, 0
860004, 4839560, 0, 0
861049, 4853501, 0, 0
862059, 4504544, 0, 0
863071, 4571374, 0, 0
864015, 5071874, 0, 0
865058, 4250308, 0, 0
866056, 4635535, 0, 0
867037, 4473708, 0, 0
868047, 4114995, 0, 0
869013, 4897361, 0, 0
870036, 4622506, 0, 0
871014, 4104063, 0, 0
872038, 4206916, 0, 0
873020, 4761385, 0, 0
874062, 4195263, 0, 0
875005, 4958265, 0, 0
876043, 4626906, 0, 0
877011, 4604319, 0, 0
878025, 4418099, 0, 0
879020, 4601089, 0, 0
880003, 4837720, 0, 0
881047, 4397796, 0, 0
882039, 4562817, 0, 0
883045, 4762662, 0, 0
884023, 4244464, 0, 0
885040, 4724672, 0, 0
886025, 4799998, 0, 0
887032, 5030532, 0, 0
888005, 4736954, 0, 0
889052, 4648919, 0, 0
890017, 4939413, 0, 0
891041, 4010578, 0, 0
892011, 4266665, 0, 0
893052, 4601619, 0, 0
894014, 4367568, 0, 0
895008, 4594253, 0, 0
896035, 4365643, 0, 0
897039, 4985616, 0, 0
898042, 4818599, 0, 0
899033, 4265389, 0, 0
900052, 5137604, 0, 0
901045, 4744266, 0, 0
902056, 4697046, 0, 0
903031, 4022235, 0, 0
904006, 4509780, 0, 0
905029, 4685316, 0, 0
906033, 4141351, 0, 0
907038, 4943288, 0, 0
908046, 5220159, 0, 0
909030, 5311493, 0, 0
910029, 4278874, 0, 0
911024, 4194583, 0, 0
912006, 4713019, 0, 0
913030, 4463871, 0, 0
914064, 4873192, 0, 0
915005, 4894694, 0, 0
916044, 4098198, 0, 0
917016, 4477027, 0, 0
918044, 5031518, 0, 0
919014, 4343341, 0, 0
920001, 4760326, 0, 0
921018, 4883390, 0, 0
922004, 4396276, 0, 0
923012, 4434783, 0, 0
924024, 4450872, 0, 0
925052, 5380556, 0, 0
926061, 4663421, 0, 0
927008, 4877445, 0, 0
928021, 4395268, 0, 0
929037, 4550810, 0, 0
930000, 4453665, 0, 0
931057, 4999324, 0, 0
932027, 4868140, 0, 0
933037, 4853435, 0, 0
934030, 4486122, 0, 0
935010, 4613721, 0, 0
936031, 5101467, 0, 0
937050, 5115029, 0, 0
938041, 4558070, 0, 0
939032, 5212606, 0, 0
940013, 5101347, 0, 0
941009, 4399426, 0, 0
942050, 5227986, 0, 0
943003, 4384551, 0, 0
944033, 4742140, 0, 0
945041, 4984069, 0, 0
946003, 4898394, 0, 0
947064, 4418074, 0, 0
948007, 4756462, 0, 0
949005, 4930904, 0, 0
950044, 5295337, 0, 0
951030, 4579530, 0, 0
952068, 4671304, 0, 0
953059, 5125359, 0, 0
954022, 4935286, 0, 0
955030, 4317270, 0, 0
956044, 5065902, 0, 0
957047, 4658877, 0, 0
958059, 4140071, 0, 0
959051, 4524405, 0, 0
960028, 4646082, 0, 0
961060, 4815577, 0, 0
962033, 4379094, 0, 0
963059, 4740775, 0, 0
964062, 5190858, 0, 0
965006, 5208900, 0, 0
966045, 4720076, 0, 0
967070, 4631181, 0, 0
968024, 4471393, 0, 0
969027, 4356371, 0, 0
970028, 4479354, 0, 0
971009, 4472574, 0, 0
972027, 4541721, 0, 0
973057, 5193353, 0, 0
974000, 4830868, 0, 0
975055, 4462247, 0, 0
976034, 5069026, 0, 0
977046, 4592342, 0, 0
978036, 5177532, 0, 0
979020, 4290086, 0, 0
980024, 4962124, 0, 0
981011, 4832734, 0, 0
982006, 4874616, 0, 0
983013, 4613712, 0, 0
984014, 4381656, 0, 0
985035, 4452670, 0, 0
986011, 4776397, 0, 0
987005, 4431020, 0, 0
988004, 4493875, 0, 0
989026, 5183182, 0, 0
990040, 4941511, 0, 0
991024, 4771079, 0, 0
992004, 4724656, 0, 0
993039, 4555178, 0, 0
994041, 4765926, 0, 0
995063, 4767285, 0, 0
996035, 4434222, 0, 0
997054, 4169438, 0, 0
998008, 5094390, 0, 0
999009, 4236904, 0, 0
1000031, 4979484, 0, 0
1001035, 3993072, 0, 0
1002048, 5057210, 0, 0
1003033, 4297447, 0, 0
1004061, 4886097, 0, 0
1005026, 4945084, 0, 0
1006003, 4516240, 0, 0
1007043, 4971218, 0, 0
1008045, 4350611, 0, 0
1009056, 4120397, 0, 0
1010035, 4341580, 0, 0
1011042, 4174023, 0, 0
1012047, 4713250, 0, 0
1013042, 4684199, 0, 0
1014047, 3977181, 0, 0
1015015, 4689098, 0, 0
1016013, 4391554, 0, 0
1017047, 4567777, 0, 0
1018039, 4272246, 0, 0
1019057, 4287925, 0, 0
1020041, 4863169, 0, 0
1021041, 4645536, 0, 0
1022046, 4078977, 0, 0
1023056, 4240683, 0, 0
1024053, 3769362, 0, 0
1025032, 4090130, 0, 0
1026002, 5124802, 0, 0
1027052, 4422444, 0, 0
1028056, 4688356, 0, 0
1029013, 4547158, 0, 0
1030051, 4610909, 0, 0
1031006, 6233004, 0, 0
1032005, 4938697, 0, 0
1033060, 4621861, 0, 0
1034044, 4506553, 0, 0
1035024, 4291367, 0, 0
1036042, 4773128, 0, 0
1037022, 4446546, 0, 0
1038060, 5083667, 0, 0
1039042, 4584850, 0, 0
1040049, 4445515, 0, 0
1041025, 4731413, 0, 0
1042004, 5040114, 0, 0
1043021, 4557761, 0, 0
1044048, 4065981, 0, 0
1045023, 4467225, 0, 0
1046024, 4804749, 0, 0
1047033, 4500532, 0, 0
1048006, 5141388, 0, 0
1049065, 4334105, 0, 0
1050018, 4083983, 0, 0
1051033, 4427459, 0, 0
1052058, 5220366, 0, 0
1053057, 4705217, 0, 0
1054022, 4821361, 0, 0
1055050, 4819473, 0, 0
1056045, 4497975, 0, 0
1057062, 4533642, 0, 0
1058021, 4784915, 0, 0
1059037, 4879785, 0, 0
1060039, 4468116, 0, 0
1061012, 4358168, 0, 0
1062029, 4374292, 0, 0
1063047, 4422205, 0, 0
1064035, 4674710, 0, 0
1065002, 4432396, 0, 0
1066015, 4249099, 0, 0
1067032, 4127354, 0, 0
1068043, 4525816, 0, 0
1069038, 4476625, 0, 0
1070044, 4739191, 0, 0
1071039, 4825654, 0, 0
1072026, 4419452, 0, 0
1073012, 4375522, 0, 0
1074055, 4529500, 0, 0
1075002, 4435415, 0, 0
1076050, 3934889, 0, 0
1077051, 4366401, 0, 0
1078013, 4121604, 0, 0
1079011, 4813584, 0, 0
1080028, 4398001, 0, 0
1081031, 4072569, 0, 0
1082027, 4603523, 0, 0
1083002, 4507276, 0, 0
1084050, 4236052, 0, 0
1085053, 4723579, 0, 0
1086015, 4249264, 0, 0
1087013, 4617676, 0, 0
1088030, 4045062, 0, 0
1089021, 4318811, 0, 0
1090025, 3996349, 0, 0
1091020, 4120039, 0, 0
1092044, 4605283, 0, 0
1093039, 3911282, 0, 0
1094013, 4569827, 0, 0
1095040, 4255396, 0, 0
1096045, 3980407, 0, 0
1097053, 4534909, 0, 0
1098068, 4239186, 0, 0
1099027, 4693640, 0, 0
1100025, 4657529, 0, 0
1101002, 4739053, 0, 0
1102013, 4276620, 0, 0
1103052, 4051015, 0, 0
1104044, 4740585, 0, 0
1105007, 3974413, 0, 0
1106006, 4299060, 0, 0
1107014, 4320895, 0, 0
1108047, 4370591, 0, 0
1109031, 4254278, 0, 0
1110063, 4442298, 0, 0
1111019, 4319156, 0, 0
1112041, 4065402, 0, 0
1113015, 4480334, 0, 0
1114006, 4342354, 0, 0
1115056, 4045037, 0, 0
1116025, 4886538, 0, 0
1117042, 4557665, 0, 0
1118026, 4268352, 0, 0
1119039, 4437780, 0, 0
1120010, 4638144, 0, 0
1121034, 5089087, 0, 0
1122032, 4549511, 0, 0
1123033, 4113621, 0, 0
1124007, 4503903, 0, 0
1125008, 4234051, 0, 0
1126053, 4400953, 0, 0
1127060, 4700445, 0, 0
1128055, 4247572, 0, 0
1129038, 4670975, 0, 0
1130020, 4265047, 0, 0
1131023, 4429837, 0, 0
1132033, 4364616, 0, 0
1133048, 4407797, 0, 0
1134007, 4673980, 0, 0
1135050, 4800644, 0, 0
1136021, 4404549, 0, 0
1137032, 4352920, 0, 0
1138047, 4761344, 0, 0
1139054, 4786845, 0, 0
1140033, 4267714, 0, 0
1141027, 4557089, 0, 0
1142035, 4431682, 0, 0
1143016, 4314476, 0, 0
1144056, 4619329, 0, 0
1145054, 4016369, 0, 0
1146004, 4271080, 0, 0
1147023, 4756794, 0, 0
1148040, 4127067, 0, 0
1149049, 4148548, 0, 0
1150048, 4005034, 0, 0
1151049, 4586729, 0, 0
1152006, 4950624, 0, 0
1153033, 4185525, 0, 0
1154019, 4623319, 0, 0
1155041, 4095454, 0, 0
1156011, 3938935, 0, 0
1157044, 4627198, 0, 0
1158054, 4624253, 0, 0
1159054, 4581503, 0, 0
1160041, 4107691, 0, 0
1161033, 4110120, 0, 0
1162045, 4391526, 0, 0
1163045, 4537144, 0, 0
1164036, 4304985, 0, 0
1165046, 4166939, 0, 0
1166035, 3810845, 0, 0
1167021, 4246507, 0, 0
1168018, 4807020, 0, 0
1169025, 4354402, 0, 0
1170014, 3603756, 0, 0
1171009, 4943291, 0, 0
1172018, 3981820, 0, 0
1173017, 4558820, 0, 0
1174034, 4975904, 0, 0
1175021, 3851119, 0, 0
1176037, 4227352, 0, 0
1177024, 4398515, 0, 0
1178001, 4062116, 0, 0
1179041, 4139217, 0, 0
1180014, 4222092, 0, 0
1181003, 4149341, 0, 0
1182027, 4940197, 0, 0
1183054, 4257008, 0, 0
1184048, 4068716, 0, 0
1185074, 4696844, 0, 0
1186032, 4159881, 0, 0
1187054, 4578041, 0, 0
1188050, 4501008, 0, 0
1189001, 4652930, 0, 0
1190002, 4082190, 0, 0
1191027, 4409235, 0, 0
1192055, 3946766, 0, 0
1193036, 4735955, 0, 0
1194064, 4644269, 0, 0
1195037, 4358222, 0, 0
1196001, 4695603, 0, 0
1197042, 4259114, 0, 0
1198030, 4720834, 0, 0
1199023, 4701365, 0, 0
1200016, 3872451, 0, 0
1201030, 4480411, 0, 0
1202045, 4189473, 0, 0
1203034, 4657250, 0, 0
1204037, 4471878, 0, 0
1205045, 4473601, 0, 0
1206053, 4884688, 0, 0
1207052, 4417388, 0, 0
1208050, 4238043, 0, 0
1209024, 4210226, 0, 0
1210053, 4392183, 0, 0
1211016, 4234764, 0, 0
1212035, 4464432, 0, 0
1213057, 4639689, 0, 0
1214029, 4622482, 0, 0
1215010, 4147114, 0, 0
1216066, 4358068, 0, 0
1217022, 4381178, 0, 0
1218067, 4154639, 0, 0
1219001, 4736835, 0, 0
1220048, 4771706, 0, 0
1221038, 4896854, 0, 0
1222024, 4436204, 0, 0
1223014, 4534692, 0, 0
1224052, 4564244, 0, 0
1225033, 4579960, 0, 0
1226037, 4660968, 0, 0
1227027, 4208380, 0, 0
1228051, 4295572, 0, 0
1229013, 4348865, 0, 0
1230028, 3882466, 0, 0
1231051, 4204028, 0, 0
1232047, 4399168, 0, 0
1233033, 4666243, 0, 0
1234004, 4573238, 0, 0
1235059, 4407593, 0, 0
1236007, 4618161, 0, 0
1237046, 3917490, 0, 0
1238000, 4328804, 0, 0
1239031, 4183356, 0, 0
1240075, 4920045, 0, 0
1241034, 4291117, 0, 0
1242009, 4273527, 0, 0
1243013, 4057625, 0, 0
1244051, 4046375, 0, 0
1245045, 4187023, 0, 0
1246056, 4087200, 0, 0
1247059, 4451563, 0, 0
1248051, 4146747, 0, 0
1249010, 4091497, 0, 0
1250052, 4484786, 0, 0
1251030, 5309256, 0, 0
1252013, 4285241, 0, 0
1253049, 4812560, 0, 0
1254061, 4193992, 0, 0
1255009, 4616293, 0, 0
1256026, 4340418, 0, 0
1257001, 4706257, 0, 0
1258020, 4730644, 0, 0
1259056, 4497905, 0, 0
1260036, 4029415, 0, 0
1261066, 4211683, 0, 0
1262011, 4347883, 0, 0
1263028, 4180239, 0, 0
1264005, 3919381, 0, 0
1265011, 4184178, 0, 0
1266035, 4502922, 0, 0
1267057, 4747725, 0, 0
1268037, 4079857, 0, 0
1269017, 4406300, 0, 0
1270011, 4261120, 0, 0
1271047, 3875056, 0, 0
1272056, 4639357, 0, 0
1273056, 4383067, 0, 0
1274038, 4665984, 0, 0
1275020, 4158143, 0, 0
1276038, 4557691, 0, 0
1277051, 4472878, 0, 0
1278018, 4495804, 0, 0
1279051, 4296576, 0, 0
1280047, 4195302, 0, 0
1281052, 4270950, 0, 0
1282019, 4181265, 0, 0
1283040, 4569166, 0, 0
1284001, 4403072, 0, 0
1285008, 4103546, 0, 0
1286039, 4150538, 0, 0
1287017, 4628342, 0, 0
1288029, 4299817, 0, 0
1289027, 4575168, 0, 0
1290047, 4589169, 0, 0
1291028, 4661131, 0, 0
1292022, 4121216, 0, 0
1293041, 4169396, 0, 0
1294058, 4955516, 0, 0
1295015, 4172468, 0, 0
1296018, 4789609, 0, 0
1297005, 4041954, 0, 0
1298025, 4104117, 0, 0
1299017, 4464587, 0, 0
1300064, 4213006, 0, 0
1301054, 4261101, 0, 0
1302061, 4549439, 0, 0
1303021, 4589731, 0, 0
1304066, 4418446, 0, 0
1305042, 5106972, 0, 0
1306047, 4059692, 0, 0
1307071, 4226712, 0, 0
1308047, 4639510, 0, 0
1309006, 4562880, 0, 0
1310026, 4173062, 0, 0
1311059, 4046391, 0, 0
1312006, 3954656, 0, 0
1313017, 4694918, 0, 0
1314021, 4755850, 0, 0
1315055, 4411085, 0, 0
1316003, 4527706, 0, 0
1317001, 4033209, 0, 0
1318037, 4538974, 0, 0
1319002, 4361515, 0, 0
1320022, 4025422, 0, 0
1321031, 4400216, 0, 0
1322056, 4969394, 0, 0
1323047, 4456528, 0, 0
1324061, 4563504, 0, 0
1325003, 4054311, 0, 0
1326023, 4368879, 0, 0
1327037, 4460544, 0, 0
1328057, 4431023, 0, 0
1329017, 4168322, 0, 0
1330081, 4282380, 0, 0
1331024, 4780142, 0, 0
1332057, 3620222, 0, 0
1333017, 4275400, 0, 0
1334052, 4006213, 0, 0
1335022, 4485426, 0, 0
1336066, 4532110, 0, 0
1337097, 5148829, 0, 0
1338055, 4037616, 0, 0
1339015, 4654322, 0, 0
1340038, 4348352, 0, 0
1341018, 3943658, 0, 0
1342025, 4594383, 0, 0
1343002, 4453857, 0, 0
1344042, 4362877, 0, 0
1345058, 4279626, 0, 0
1346004, 3986374, 0, 0
1347068, 4579964, 0, 0
1348028, 4168278, 0, 0
1349024, 4215686, 0, 0
1350049, 4653450, 0, 0
1351001, 4397596, 0, 0
1352049, 4221263, 0, 0
1353032, 4056853, 0, 0
1354062, 4451118, 0, 0
1355078, 3801098, 0, 0
1356014, 4267545, 0, 0
1357041, 4679388, 0, 0
1358019, 4481384, 0, 0
1359012, 4468422, 0, 0
1360036, 4462740, 0, 0
1361060, 4781379, 0, 0
1362003, 4461903, 0, 0
1363015, 4108933, 0, 0
1364007, 4287259, 0, 0
1365056, 3714788, 0, 0
1366018, 4468996, 0, 0
1367018, 4058687, 0, 0
1368050, 4188180, 0, 0
1369058, 4534349, 0, 0
1370050, 4040284, 0, 0
1371030, 4489930, 0, 0
1372027, 4544706, 0, 0
1373039, 4284848, 0, 0
1374037, 4186649, 0, 0
1375065, 3994278, 0, 0
1376021, 4631637, 0, 0
1377033, 4595285, 0, 0
1378006, 4457634, 0, 0
1379004, 4256877, 0, 0
1380036, 4296252, 0, 0
1381019, 5277045, 0, 0
1382047, 4105677, 0, 0
1383014, 4510122, 0, 0
1384041, 4499257, 0, 0
1385005, 4864200, 0, 0
1386039, 4712648, 0, 0
1387038, 4377074, 0, 0
1388054, 4314463, 0, 0
1389050, 4401210, 0, 0
1390019, 4323534, 0, 0
1391027, 4573123, 0, 0
1392054, 4036212, 0, 0
1393044, 4452725, 0, 0
1394043, 4435630, 0, 0
1395017, 4363446, 0, 0
1396005, 4400800, 0, 0
1397008, 4245178, 0, 0
1398045, 4407504, 0, 0
1399033, 4421465, 0, 0
1400012, 4570951, 0, 0
1401028, 4243020, 0, 0
1402028, 4804227, 0, 0
1403015, 4338869, 0, 0
1404018, 4450907, 0, 0
1405023, 4366824, 0, 0
1406006, 4305364, 0, 0
1407004, 4048361, 0, 0
1408024, 4142462, 0, 0
1409058, 4301879, 0, 0
1410028, 4587264, 0, 0
1411024, 4304655, 0, 0
1412021, 4610495, 0, 0
1413036, 4087159, 0, 0
1414028, 4092791, 0, 0
1415041, 4537406, 0, 0
1416066, 4282080, 0, 0
1417039, 3763285, 0, 0
1418046, 3807939, 0, 0
1419013, 4558274, 0, 0
1420058, 4221870, 0, 0
1421000, 4023056, 0, 0
1422027, 3797051, 0, 0
1423039, 4429071, 0, 0
1424004, 4658467, 0, 0
1425038, 4488484, 0, 0
1426022, 4254648, 0, 0
1427048, 4613025, 0, 0
1428037, 4349923, 0, 0
1429058, 4195454, 0, 0
1430064, 4019862, 0, 0
1431041, 4240496, 0, 0
1432005, 4582953, 0, 0
1433026, 4179135, 0, 0
1434043, 4596111, 0, 0
1435024, 4492060, 0, 0
1436018, 4555394, 0, 0
1437036, 4326613, 0, 0
1438051, 4188183, 0, 0
1439006, 4628930, 0, 0
1440047, 4459539, 0, 0
1441042, 4247684, 0, 0
1442026, 5170804, 0, 0
1443007, 4017474, 0, 0
1444014, 3896032, 0, 0
1445029, 4564391, 0, 0
1446037, 4395031, 0, 0
1447049, 5031598, 0, 0
1448012, 4830877, 0, 0
1449001, 4183147, 0, 0
1450030, 4941133, 0, 0
1451029, 4436212, 0, 0
1452031, 4187371, 0, 0
1453003, 4391110, 0, 0
1454000, 3962647, 0, 0
1455052, 4415939, 0, 0
1456037, 4049118, 0, 0
1457041, 4336480, 0, 0
1458024, 3689839, 0, 0
1459040, 4174561, 0, 0
1460053, 3731813, 0, 0
1461047, 4319091, 0, 0
1462012, 4029859, 0, 0
1463037, 4569863, 0, 0
1464040, 4353083, 0, 0
1465004, 4455357, 0, 0
1466035, 3993385, 0, 0
1467040, 4249067, 0, 0
1468054, 4237669, 0, 0
1469043, 4331991, 0, 0
1470016, 4376353, 0, 0
1471040, 4227000, 0, 0
1472022, 4496082, 0, 0
1473017, 4038400, 0, 0
1474098, 3940671, 0, 0
1475038, 4578185, 0, 0
1476008, 4726404, 0, 0
1477038, 4528654, 0, 0
1478030, 4422341, 0, 0
1479067, 3864079, 0, 0
1480015, 3799915, 0, 0
1481060, 4110035, 0, 0
1482040, 4794646, 0, 0
1483046, 4202400, 0, 0
1484049, 4244584, 0, 0
1485018, 4521838, 0, 0
1486025, 4316532, 0, 0
1487035, 4503154, 0, 0
1488034, 4474777, 0, 0
1489029, 4174680, 0, 0
1490003, 4280867, 0, 0
1491017, 4562373, 0, 0
1492042, 4319064, 0, 0
1493035, 4217731, 0, 0
1494050, 4426843, 0, 0
1495019, 3777677, 0, 0
1496044, 4492582, 0, 0
1497062, 4096696, 0, 0
1498015, 4247925, 0, 0
1499039, 4209803, 0, 0
1500000, 4080656, 0, 0
1501014, 4602914, 0, 0
1502058, 4595751, 0, 0
1503074, 4042464, 0, 0
1504016, 4563526, 0, 0
1505063, 4322918, 0, 0
1506044, 4333308, 0, 0
1507006, 4575240, 0, 0
1508040, 4064260, 0, 0
1509051, 4467161, 0, 0
1510034, 4283555, 0, 0
1511035, 4328490, 0, 0
1512052, 4953575, 0, 0
1513015, 5258518, 0, 0
1514026, 4568099, 0, 0
1515020, 4512566, 0, 0
1516029, 4359800, 0, 0
1517065, 4974544, 0, 0
1518031, 4752121, 0, 0
1519054, 4647260, 0, 0
1520043, 3885241, 0, 0
1521018, 4288109, 0, 0
1522040, 4749680, 0, 0
1523006, 4507873, 0, 0
1524041, 4551330, 0, 0
1525012, 3990952, 0, 0
1526002, 4515897, 0, 0
1527017, 4405675, 0, 0
1528020, 4156402, 0, 0
1529043, 4383545, 0, 0
1530033, 4187709, 0, 0
1531012, 4328001, 0, 0
1532047, 4379114, 0, 0
1533037, 4578025, 0, 0
1534004, 4366809, 0, 0
1535045, 4225845, 0, 0
1536024, 4383310, 0, 0
1537014, 4687822, 0, 0
1538025, 4566186, 0, 0
1539037, 3915012, 0, 0
1540053, 4009899, 0, 0
1541022, 3919005, 0, 0
1542048, 4180765, 0, 0
1543020, 4028556, 0, 0
1544012, 3942961, 0, 0
1545046, 4081491, 0, 0
1546010, 4132960, 0, 0
1547005, 4171645, 0, 0
1548034, 4161548, 0, 0
1549015, 4470833, 0, 0
1550053, 4131233, 0, 0
1551004, 4180865, 0, 0
1552010, 4203156, 0, 0
1553035, 4633846, 0, 0
1554017, 4878270, 0, 0
1555054, 4298497, 0, 0
1556054, 5040090, 0, 0
1557050, 5157745, 0, 0
1558005, 4312736, 0, 0
1559036, 4363459, 0, 0
1560052, 4531094, 0, 0
1561046, 4185434, 0, 0
1562035, 4371381, 0, 0
1563046, 4487573, 0, 0
1564041, 4941963, 0, 0
1565012, 4274493, 0, 0
1566030, 4252567, 0, 0
1567040, 4150771, 0, 0
1568044, 4300264, 0, 0
1569031, 4267253, 0, 0
1570033, 4314358, 0, 0
1571000, 4348846, 0, 0
1572010, 4185891, 0, 0
1573028, 4289254, 0, 0
1574040, 4550968, 0, 0
1575006, 4662627, 0, 0
1576041, 4613421, 0, 0
1577018, 4495166, 0, 0
1578012, 4750935, 0, 0
1579056, 4068910, 0, 0
1580060, 4378117, 0, 0
1581046, 4540566, 0, 0
1582034, 4695610, 0, 0
1583014, 4253861, 0, 0
1584053, 4612708, 0, 0
1585019, 4798944, 0, 0
1586032, 4162981, 0, 0
1587048, 4192463, 0, 0
1588044, 4440879, 0, 0
1589007, 4495293, 0, 0
1590055, 4269952, 0, 0
1591008, 4690109, 0, 0
1592010, 4504409, 0, 0
1593050, 4554382, 0, 0
1594017, 4601262, 0, 0
1595041, 4687774, 0, 0
1596034, 4169382, 0, 0
1597046, 4090302, 0, 0
1598009, 4108807, 0, 0
1599032, 4421734, 0, 0
1600010, 4120959, 0, 0
1601022, 5207701, 0, 0
1602002, 4533045, 0, 0
1603006, 4124264, 0, 0
1604018, 4679292, 0, 0
1605019, 4164539, 0, 0
1606040, 4976066, 0, 0
1607009, 4479206, 0, 0
1608042, 4242541, 0, 0
1609040, 4152278, 0, 0
1610062, 4017753, 0, 0
1611057, 4758279, 0, 0
1612064, 3866818, 0, 0
1613035, 4572446, 0, 0
1614035, 4844910, 0, 0
1615036, 4546657, 0, 0
1616028, 4481639, 0, 0
1617021, 4814540, 0, 0
1618013, 4787814, 0, 0
1619057, 4071422, 0, 0
1620015, 4664551, 0, 0
1621037, 4100911, 0, 0
1622033, 4625313, 0, 0
1623047, 4234494, 0, 0
1624052, 4876085, 0, 0
1625025, 4807640, 0, 0
1626021, 4163180, 0, 0
1627041, 4566301, 0, 0
1628016, 3846441, 0, 0
1629012, 4401098, 0, 0
1630066, 4898327, 0, 0
1631054, 4608736, 0, 0
1632043, 4064216, 0, 0
1633005, 4429030, 0, 0
1634024, 4085146, 0, 0
1635036, 4299014, 0, 0
1636017, 4473392, 0, 0
1637064, 5123926, 0, 0
1638051, 4211559, 0, 0
1639025, 4816474, 0, 0
1640012, 4141975, 0, 0
1641018, 4368886, 0, 0
1642033, 4347736, 0, 0
1643028, 4579717, 0, 0
1644042, 4384851, 0, 0
1645051, 4600537, 0, 0
1646022, 4467534, 0, 0
1647024, 5238377, 0, 0
1648057, 4015658, 0, 0
1649008, 4456125, 0, 0
1650025, 4556073, 0, 0
1651002, 4222016, 0, 0
1652039, 4684290, 0, 0
1653061, 4068812, 0, 0
1654011, 4428856, 0, 0
1655011, 4689457, 0, 0
1656015, 4250306, 0, 0
1657043, 5081871, 0, 0
1658049, 4385861, 0, 0
1659003, 3969689, 0, 0
1660041, 4668894, 0, 0
1661033, 4383536, 0, 0
1662045, 4009748, 0, 0
1663032, 4397453, 0, 0
1664023, 4056700, 0, 0
1665018, 4995893, 0, 0
1666032, 4254746, 0, 0
1667061, 4890064, 0, 0
1668040, 4769508, 0, 0
1669001, 4342652, 0, 0
1670017, 3949698, 0, 0
1671008, 4414703, 0, 0
1672043, 4420970, 0, 0
1673049, 4150519, 0, 0
1674038, 4426582, 0, 0
1675027, 3998244, 0, 0
1676048, 4075685, 0, 0
1677049, 4485454, 0, 0
1678030, 4431396, 0, 0
1679028, 4656713, 0, 0
1680044, 4026929, 0, 0
1681000, 4379611, 0, 0
1682018, 4015122, 0, 0
1683040, 4579276, 0, 0
1684023, 5061418, 0, 0
1685029, 5343452, 0, 0
1686015, 4998309, 0, 0
1687053, 4689666, 0, 0
1688058, 4543561, 0, 0
1689027, 4320358, 0, 0
1690002, 4019598, 0, 0
1691001, 4775959, 0, 0
1692041, 5065061, 0, 0
1693036, 3794528, 0, 0
1694042, 4544103, 0, 0
1695059, 4553917, 0, 0
1696051, 3885038, 0, 0
1697023, 4578595, 0, 0
1698007, 4959340, 0, 0
1699017, 4277058, 0, 0
1700019, 4784342, 0, 0
1701011, 3929498, 0, 0
1702037, 4363516, 0, 0
1703052, 4170755, 0, 0
1704033, 4043616, 0, 0
1705003, 4121533, 0, 0
1706026, 4752992, 0, 0
1707049, 4819077, 0, 0
1708061, 4570906, 0, 0
1709058, 4424946, 0, 0
1710056, 4333352, 0, 0
1711034, 4230143, 0, 0
1712037, 4490067, 0, 0
1713052, 4505109, 0, 0
1714051, 4373880, 0, 0
1715020, 4419904, 0, 0
1716030, 4237922, 0, 0
1717006, 4998441, 0, 0
1718005, 4641418, 0, 0
1719025, 4650872, 0, 0
1720053, 4403453, 0, 0
1721029, 4708445, 0, 0
1722031, 4278804, 0, 0
1723026, 4870955, 0, 0
1724005, 4055871, 0, 0
1725057, 4323465, 0, 0
1726056, 4531369, 0, 0
1727010, 4393315, 0, 0
1728002, 4252325, 0, 0
1729022, 4387738, 0, 0
1730037, 4389549, 0, 0
1731006, 4203539, 0, 0
1732068, 5556040, 0, 0
1733031, 3847555, 0, 0
1734025, 4449118, 0, 0
1735030, 4711892, 0, 0
1736053, 4309651, 0, 0
1737007, 4162525, 0, 0
1738041, 4845595, 0, 0
1739045, 4379413, 0, 0
1740068, 4622283, 0, 0
1741037, 5013269, 0, 0
1742030, 4508230, 0, 0
1743013, 4611012, 0, 0
1744056, 4097285, 0, 0
1745041, 4945158, 0, 0
1746057, 4569025, 0, 0
1747020, 4645875, 0, 0
1748035, 4781321, 0, 0
1749031, 4499881, 0, 0
1750014, 4482722, 0, 0
1751037, 4709748, 0, 0
1752007, 3755113, 0, 0
1753008, 4542082, 0, 0
1754033, 4283307, 0, 0
1755055, 4097397, 0, 0
1756009, 4580260, 0, 0
1757022, 4250267, 0, 0
1758056, 4430427, 0, 0
1759025, 4723270, 0, 0
1760048, 4152925, 0, 0
1761026, 4356873, 0, 0
1762012, 4758908, 0, 0
1763000, 4040171, 0, 0
1764018, 4892411, 0, 0
1765042, 4584961, 0, 0
1766047, 4893277, 0, 0
1767003, 4772947, 0, 0
1768015, 4076524, 0, 0
1769055, 4023215, 0, 0
1770006, 4378565, 0, 0
1771005, 4535131, 0, 0
1772020, 4647170, 0, 0
1773016, 4692281, 0, 0
1774024, 4302464, 0, 0
1775049, 4487807, 0, 0
1776006, 5252022, 0, 0
1777061, 4464662, 0, 0
1778008, 4547679, 0, 0
1779067, 4352493, 0, 0
1780034, 4948596, 0, 0
1781059, 5224586, 0, 0
1782015, 4150331, 0, 0
1783032, 4885672, 0, 0
1784038, 4424527, 0, 0
1785044, 4672201, 0, 0
1786036, 4128493, 0, 0
1787013, 4415048, 0, 0
1788002, 4166489, 0, 0
1789011, 4515156, 0, 0
1790037, 4341503, 0, 0
1791048, 4629562, 0, 0
1792021, 3796276, 0, 0
1793110, 5155681, 0, 0
1794005, 4491777, 0, 0
1795044, 4433398, 0, 0
1796048, 4516281, 0, 0
1797065, 4834977, 0, 0
1798024, 4603897, 0, 0
1799039, 4507997, 0, 0
1800054, 4368025, 0, 0
1801002, 4684174, 0, 0
1802041, 4851145, 0, 0
1803056, 4650149, 0, 0
1804019, 4736438, 0, 0
1805044, 4334853, 0, 0
1806013, 4462163, 0, 0
1807015, 4201819, 0, 0
1808021, 4829663, 0, 0
1809021, 5022043, 0, 0
1810038, 4636052, 0, 0
1811019, 4663587, 0, 0
1812035, 4174329, 0, 0
1813016, 5027107, 0, 0
1814008, 4325143, 0, 0
1815051, 4731699, 0, 0
1816004, 4667809, 0, 0
1817017, 4556029, 0, 0
1818039, 4769230, 0, 0
1819002, 4535879, 0, 0
1820035, 4800016, 0, 0
1821036, 4606239, 0, 0
1822006, 4138238, 0, 0
1823011, 4326658, 0, 0
1824044, 4606153, 0, 0
1825036, 4856628, 0, 0
1826008, 4254057, 0, 0
1827065, 4670105, 0, 0
1828033, 4603329, 0, 0
1829040, 5130560, 0, 0
1830049, 4539350, 0, 0
1831036, 4248704, 0, 0
1832033, 4590625, 0, 0
1833008, 4442396, 0, 0
1834024, 4553292, 0, 0
1835020, 4438728, 0, 0
1836019, 4684197, 0, 0
1837018, 4682919, 0, 0
1838041, 4797641, 0, 0
1839068, 4885494, 0, 0
1840040, 4512184, 0, 0
1841038, 4552917, 0, 0
1842003, 4587855, 0, 0
1843024, 4614477, 0, 0
1844021, 4652262, 0, 0
1845015, 4352524, 0, 0
1846111, 4699149, 0, 0
1847024, 4467992, 0, 0
1848029, 5044348, 0, 0
1849057, 4561866, 0, 0
1850036, 4884991, 0, 0
1851028, 4062255, 0, 0
1852039, 4240279, 0, 0
1853015, 3884271, 0, 0
1854059, 4417321, 0, 0
1855023, 4719144, 0, 0
1856028, 4538870, 0, 0
1857023, 4687907, 0, 0
1858024, 4503195, 0, 0
1859037, 4599184, 0, 0
1860060, 4840871, 0, 0
1861031, 5272981, 0, 0
1862038, 4655294, 0, 0
1863061, 4439246, 0, 0
1864008, 4981820, 0, 0
1865049, 4141062, 0, 0
1866030, 4276687, 0, 0
1867039, 4598887, 0, 0
1868036, 4404351, 0, 0
1869017, 5731743, 0, 0
1870039, 4727593, 0, 0
1871013, 4912968, 0, 0
1872052, 4567275, 0, 0
1873013, 4505328, 0, 0
1874015, 4101784, 0, 0
1875052, 4502896, 0, 0
1876054, 4832292, 0, 0
1877045, 4302090, 0, 0
1878044, 4619646, 0, 0
1879046, 4551811, 0, 0
1880011, 4541573, 0, 0
1881028, 4198516, 0, 0
1882062, 4611537, 0, 0
1883031, 4188306, 0, 0
1884022, 4245557, 0, 0
1885018, 4248178, 0, 0
1886022, 4398523, 0, 0
1887025, 4863468, 0, 0
1888029, 4773015, 0, 0
1889038, 4481165, 0, 0
1890059, 4491064, 0, 0
1891018, 4605891, 0, 0
1892050, 4580265, 0, 0
1893057, 4312736, 0, 0
1894010, 4385196, 0, 0
1895028, 4707234, 0, 0
1896007, 4938273, 0, 0
1897033, 4397623, 0, 0
1898026, 4961020, 0, 0
1899039, 4598254, 0, 0
1900012, 5086829, 0, 0
1901025, 4681049, 0, 0
1902045, 4738992, 0, 0
1903002, 4853981, 0, 0
1904001, 4728120, 0, 0
1905004, 4551148, 0, 0
1906039, 4325387, 0, 0
1907032, 4956002, 0, 0
1908006, 4912572, 0, 0
1909047, 4638479, 0, 0
1910019, 5366529, 0, 0
1911052, 4709932, 0, 0
1912040, 4838689, 0, 0
1913001, 5272495, 0, 0
1914027, 4857568, 0, 0
1915010, 4362663, 0, 0
1916001, 5152988, 0, 0
1917052, 4335763, 0, 0
1918000, 4857761, 0, 0
1919013, 5108878, 0, 0
1920054, 4951724, 0, 0
1921017, 5058960, 0, 0
1922021, 4286382, 0, 0
1923009, 4366695, 0, 0
1924028, 5036791, 0, 0
1925047, 4710799, 0, 0
1926057, 4308966, 0, 0
1927062, 4756727, 0, 0
1928019, 4806702, 0, 0
1929034, 4503343, 0, 0
1930045, 4429622, 0, 0
1931022, 4599306, 0, 0
1932034, 5262885, 0, 0
1933024, 4393699, 0, 0
1934060, 5073242, 0, 0
1935007, 4877460, 0, 0
1936038, 5021943, 0, 0
1937010, 4411451, 0, 0
1938048, 4507684, 0, 0
1939024, 4873172, 0, 0
1940038, 5223144, 0, 0
1941037, 4493461, 0, 0
1942061, 4606199, 0, 0
1943019, 5255562, 0, 0
1944005, 5104337, 0, 0
1945066, 4772946, 0, 0
1946021, 4518412, 0, 0
1947064, 4958031, 0, 0
1948071, 4767862, 0, 0
1949015, 4784131, 0, 0
1950016, 4718871, 0, 0
1951020, 4915280, 0, 0
1952025, 5279541, 0, 0
1953042, 4598634, 0, 0
1954012, 4964444, 0, 0
1955004, 5245788, 0, 0
1956027, 4440431, 0, 0
1957046, 4347407, 0, 0
1958063, 5182049, 0, 0
1959057, 5254613, 0, 0
1960041, 5094191, 0, 0
1961056, 4502272, 0, 0
1962060, 4777169, 0, 0
1963021, 5104734, 0, 0
1964049, 4776104, 0, 0
1965054, 4990223, 0, 0
1966038, 4388085, 0, 0
1967014, 4850238, 0, 0
1968048, 5462388, 0, 0
1969002, 4741412, 0, 0
1970032, 4453659, 0, 0
1971003, 4326290, 0, 0
1972034, 5150836, 0, 0
1973034, 4969116, 0, 0
1974043, 4841140, 0, 0
1975004, 5000650, 0, 0
1976006, 4632198, 0, 0
1977044, 5009996, 0, 0
1978028, 5337887, 0, 0
1979024, 5211849, 0, 0
1980040, 4855156, 0, 0
1981063, 4726541, 0, 0
1982063, 4194669, 0, 0
1983052, 4389391, 0, 0
1984050, 4617684, 0, 0
1985030, 4821605, 0, 0
1986039, 4622641, 0, 0
1987040, 4921085, 0, 0
1988043, 4982781, 0, 0
1989001, 4906125, 0, 0
1990003, 4391686, 0, 0
1991016, 4683024, 0, 0
1992057, 4314418, 0, 0
1993059, 4833507, 0, 0
1994018, 4908418, 0, 0
1995004, 4437063, 0, 0
1996051, 5416617, 0, 0
1997006, 5075378, 0, 0
1998040, 4627415, 0, 0
1999024, 5405345, 0, 0
2000042, 5265316, 0, 0
2001035, 5222834, 0, 0
2002066, 4512460, 0, 0
2003035, 5067078, 0, 0
2004042, 5005911, 0, 0
2005062, 4692319, 0, 0
2006015, 4831122, 0, 0
2007040, 4969374, 0, 0
2008036, 4501813, 0, 0
2009020, 4307991, 0, 0
2010049, 4587190, 0, 0
2011014, 4997309, 0, 0
2012036, 4835444, 0, 0
2013052, 4831067, 0, 0
2014033, 5386917, 0, 0
2015058, 4736366, 0, 0
2016017, 5206545, 0, 0
2017058, 5389463, 0, 0
2018011, 5060272, 0, 0
2019005, 4617397, 0, 0
2020006, 4693069, 0, 0
2021007, 5073680, 0, 0
2022050, 5315603, 0, 0
2023011, 4402545, 0, 0
2024006, 4921856, 0, 0
2025048, 4909260, 0, 0
2026025, 4927865, 0, 0
2027048, 5108740, 0, 0
2028062, 5504285, 0, 0
2029058, 4497216, 0, 0
2030038, 5797627, 0, 0
2031021, 5221802, 0, 0
2032044, 5209906, 0, 0
2033040, 5075332, 0, 0
2034041, 4761564, 0, 0
2035061, 5689769, 0, 0
2036002, 4583689, 0, 0
2037001, 4729729, 0, 0
2038032, 4810547, 0, 0
2039013, 5240371, 0, 0
2040011, 5110237, 0, 0
2041004, 4938219, 0, 0
2042070, 5216261, 0, 0
2043010, 5337103, 0, 0
2044039, 5325115, 0, 0
2045002, 5089552, 0, 0
2046007, 5094548, 0, 0
2047025, 5032126, 0, 0
2048033, 4986573, 0, 0
2049059, 5197708, 0, 0
2050047, 5090037, 0, 0
2051018, 4869033, 0, 0
2052052, 5674804, 0, 0
2053066, 4988903, 0, 0
2054003, 4951310, 0, 0
2055051, 5659636, 0, 0
2056032, 5078256, 0, 0
2057052, 5197882, 0, 0
2058049, 5053460, 0, 0
2059052, 5300664, 0, 0
2060009, 4596062, 0, 0
2061001, 4586862, 0, 0
2062046, 5380045, 0, 0
2063034, 4788823, 0, 0
2064001, 4979112, 0, 0
2065041, 4576185, 0, 0
2066027, 4873576, 0, 0
2067044, 5054257, 0, 0
2068009, 4941766, 0, 0
2069060, 5612405, 0, 0
2070056, 5103751, 0, 0
2071053, 4740162, 0, 0
2072005, 5198064, 0, 0
2073047, 5001504, 0, 0
2074000, 5115822, 0, 0
2075021, 4858783, 0, 0
2076030, 4622113, 0, 0
2077056, 4833199, 0, 0
2078016, 5322243, 0, 0
2079018, 5136374, 0, 0
2080060, 4582642, 0, 0
2081044, 4888158, 0, 0
2082016, 4621776, 0, 0
2083026, 4760572, 0, 0
2084003, 4901982, 0, 0
2085054, 4974471, 0, 0
2086014, 4674708, 0, 0
2087033, 5038816, 0, 0
2088005, 5109956, 0, 0
2089004, 5224381, 0, 0
2090025, 4720039, 0, 0
2091026, 5404392, 0, 0
2092038, 5133797, 0, 0
2093043, 4848357, 0, 0
2094043, 5455729, 0, 0
2095052, 5067862, 0, 0
2096051, 4816637, 0, 0
2097016, 4891043, 0, 0
2098038, 5520657, 0, 0
2099058, 4991317, 0, 0
2100002, 5073613, 0, 0
2101000, 4883254, 0, 0
2102040, 4878374, 0, 0
2103062, 4905135, 0, 0
2104007, 4968816, 0, 0
2105023, 5125436, 0, 0
2106026, 5441779, 0, 0
2107028, 5003454, 0, 0
2108046, 4754447, 0, 0
2109051, 5634603, 0, 0
2110051, 5284821, 0, 0
2111041, 4600785, 0, 0
2112032, 5049848, 0, 0
2113046, 5011318, 0, 0
2114051, 4734416, 0, 0
2115024, 6037854, 0, 0
2116005, 5159276, 0, 0
2117055, 4990605, 0, 0
2118036, 5076796, 0, 0
2119067, 5022573, 0, 0
2120013, 4871769, 0, 0
2121023, 4875574, 0, 0
2122040, 4633678, 0, 0
2123025, 4754901, 0, 0
2124057, 5103871, 0, 0
2125027, 4610914, 0, 0
2126019, 5328266, 0, 0
2127058, 5640075, 0, 0
2128023, 5234817, 0, 0
2129026, 5115570, 0, 0
2130031, 5309222, 0, 0
2131007, 4971953, 0, 0
2132060, 5562668, 0, 0
2133043, 5642626, 0, 0
2134001, 4739416, 0, 0
2135047, 5558430, 0, 0
2136013, 5605961, 0, 0
2137063, 4620295, 0, 0
2138060, 4654913, 0, 0
2139029, 5939222, 0, 0
2140025, 5099613, 0, 0
2141025, 5228401, 0, 0
2142008, 5366431, 0, 0
2143003, 4845996, 0, 0
2144000, 4931440, 0, 0
2145025, 5535305, 0, 0
2146040, 4919493, 0, 0
2147019, 5554286, 0, 0
2148057, 5516404, 0, 0
2149009, 5798730, 0, 0
2150003, 4702849, 0, 0
2151033, 4764102, 0, 0
2152054, 5513176, 0, 0
2153052, 5112534, 0, 0
2154048, 5494950, 0, 0
2155013, 5506473, 0, 0
2156023, 5094059, 0, 0
2157008, 5291954, 0, 0
2158009, 6134022, 0, 0
2159000, 4897214, 0, 0
2160030, 5780857, 0, 0
2161036, 5491059, 0, 0
2162016, 5048037, 0, 0
2163025, 5443075, 0, 0
2164017, 5270257, 0, 0
2165007, 5435355, 0, 0
2166044, 4603675, 0, 0
2167007, 5142396, 0, 0
2168010, 4957430, 0, 0
2169054, 5294869, 0, 0
2170000, 5137396, 0, 0
2171015, 5996223, 0, 0
2172038, 5215485, 0, 0
2173053, 5196698, 0, 0
2174057, 5482696, 0, 0
2175009, 5058314, 0, 0
2176021, 4768174, 0, 0
2177043, 5574491, 0, 0
2178034, 5322668, 0, 0
2179032, 5698864, 0, 0
2180019, 5358750, 0, 0
2181031, 5000635, 0, 0
2182039, 5136562, 0, 0
2183032, 5303685, 0, 0
2184030, 5831768, 0, 0
2185063, 5429690, 0, 0
2186004, 5247569, 0, 0
2187062, 5010273, 0, 0
2188015, 5697251, 0, 0
2189047, 5961468, 0, 0
2190028, 5538359, 0, 0
2191007, 5039234, 0, 0
2192018, 5427752, 0, 0
2193027, 5726811, 0, 0
2194045, 5914248, 0, 0
2195032, 5472855, 0, 0
2196044, 5682486, 0, 0
2197017, 5459616, 0, 0
2198032, 5790573, 0, 0
2199032, 5616789, 0, 0
2200032, 5517785, 0, 0
2201003, 6335663, 0, 0
2202059, 5497971, 0, 0
2203007, 5700558, 0, 0
2204003, 4927156, 0, 0
2205013, 5601554, 0, 0
2206055, 4979083, 0, 0
2207049, 5612850, 0, 0
2208029, 5500818, 0, 0
2209010, 5182212, 0, 0
2210024, 5445605, 0, 0
2211039, 5927844, 0, 0
2212038, 5734067, 0, 0
2213003, 5881435, 0, 0
2214040, 5507908, 0, 0
2215018, 5193224, 0, 0
2216007, 5460714, 0, 0
2217008, 5617043, 0, 0
2218052, 5010648, 0, 0
2219000, 5603550, 0, 0
2220000, 5843403, 0, 0
2221057, 5276710, 0, 0
2222037, 5205463, 0, 0
2223034, 5474613, 0, 0
2224045, 5396722, 0, 0
2225007, 5587466, 0, 0
2226027, 5147730, 0, 0
2227054, 5604446, 0, 0
2228002, 5638715, 0, 0
2229038, 5019451, 0, 0
2230050, 5350468, 0, 0
2231016, 5882914, 0, 0
2232022, 5843936, 0, 0
2233019, 5157833, 0, 0
2234040, 5398355, 0, 0
2235034, 5542779, 0, 0
2236021, 5664736, 0, 0
2237016, 5680415, 0, 0
2238015, 5423491, 0, 0
2239042, 5545431, 0, 0
2240034, 5793751, 0, 0
2241052, 5496708, 0, 0
2242046, 5914017, 0, 0
2243003, 5493769, 0, 0
2244016, 5187588, 0, 0
2245023, 6095354, 0, 0
2246026, 5627488, 0, 0
2247031, 5610508, 0, 0
2248056, 5623696, 0, 0
2249040, 5783169, 0, 0
2250009, 5262191, 0, 0
2251028, 5327552, 0, 0
2252006, 5886050, 0, 0
2253031, 5720293, 0, 0
2254007, 6018555, 0, 0
2255017, 5862398, 0, 0
2256027, 5396914, 0, 0
2257059, 5886385, 0, 0
2258019, 6112118, 0, 0
2259012, 5391872, 0, 0
2260014, 5718023, 0, 0
2261043, 5614353, 0, 0
2262055, 5878929, 0, 0
2263016, 5645661, 0, 0
2264042, 5723727, 0, 0
2265059, 6088351, 0, 0
2266002, 5505085, 0, 0
2267021, 5721522, 0, 0
2268016, 5847820, 0, 0
2269021, 5364536, 0, 0
2270047, 5994326, 0, 0
2271010, 6248459, 0, 0
2272007, 5689742, 0, 0
2273017, 5541095, 0, 0
2274022, 5941089, 0, 0
2275078, 5613702, 0, 0
2276010, 6041151, 0, 0
2277055, 5705242, 0, 0
2278012, 6050639, 0, 0
2279030, 5650959, 0, 0
2280013, 5707143, 0, 0
2281034, 5761901, 0, 0
2282041, 6060436, 0, 0
2283014, 5820153, 0, 0
2284010, 5884293, 0, 0
2285019, 5859190, 0, 0
2286025, 5525926, 0, 0
2287053, 5577861, 0, 0
2288033, 6161199, 0, 0
2289012, 5522250, 0, 0
2290014, 6178028, 0, 0
2291014, 6322338, 0, 0
2292029, 5965155, 0, 0
2293022, 5702391, 0, 0
2294054, 6360789, 0, 0
2295020, 6033256, 0, 0
2296049, 5498201, 0, 0
2297008, 6139229, 0, 0
2298027, 5716513, 0, 0
2299020, 6201546, 0, 0
2300048, 6147336, 0, 0
2301059, 5774000, 0, 0
2302073, 7033456, 0, 0
2303011, 6208023, 0, 0
2304034, 5834593, 0, 0
2305011, 5951468, 0, 0
2306042, 6401291, 0, 0
2307018, 5730116, 0, 0
2308018, 6057242, 0, 0
2309020, 5719307, 0, 0
2310057, 5452732, 0, 0
2311020, 6498428, 0, 0
2312062, 5949182, 0, 0
2313000, 5412484, 0, 0
2314038, 5764789, 0, 0
2315046, 5719352, 0, 0
2316027, 5598064, 0, 0
2317051, 5811327, 0, 0
2318047, 5852294, 0, 0
2319033, 5725434, 0, 0
2320075, 5480757, 0, 0
2321052, 6252979, 0, 0
2322045, 5608440, 0, 0
2323030, 6690599, 0, 0
2324049, 6130824, 0, 0
2325000, 6422626, 0, 0
2326040, 6074412, 0, 0
2327037, 5965253, 0, 0
2328055, 6162095, 0, 0
2329023, 6045670, 0, 0
2330032, 6947244, 0, 0
2331005, 6078674, 0, 0
2332024, 5915260, 0, 0
2333044, 5924642, 0, 0
2334030, 5864017, 0, 0
2335010, 5858509, 0, 0
2336049, 6141138, 0, 0
2337004, 6721248, 0, 0
2338037, 6000443, 0, 0
2339018, 6162700, 0, 0
2340057, 6180833, 0, 0
2341047, 5683180, 0, 0
2342004, 6289000, 0, 0
2343054, 6242156, 0, 0
2344043, 5985902, 0, 0
2345023, 6489464, 0, 0
2346011, 5979294, 0, 0
2347054, 6511500, 0, 0
2348058, 5971573, 0, 0
2349020, 6200510, 0, 0
2350007, 6238197, 0, 0
2351038, 6520525, 0, 0
2352014, 5605227, 0, 0
2353024, 5932893, 0, 0
2354040, 6303545, 0, 0
2355011, 5951244, 0, 0
2356048, 7094586, 0, 0
2357024, 6021523, 0, 0
2358011, 6360002, 0, 0
2359013, 6029557, 0, 0
2360038, 5952868, 0, 0
2361045, 6132097, 0, 0
2362009, 5836216, 0, 0
2363050, 6118910, 0, 0
2364030, 6752692, 0, 0
2365036, 6092880, 0, 0
2366054, 6091970, 0, 0
2367041, 6010150, 0, 0
2368045, 5769470, 0, 0
2369037, 5661984, 0, 0
2370048, 6396445, 0, 0
2371015, 5931221, 0, 0
2372064, 6312413, 0, 0
2373019, 7405719, 0, 0
2374048, 6509199, 0, 0
2375001, 6219838, 0, 0
2376032, 6206665, 0, 0
2377020, 5710178, 0, 0
2378035, 5827937, 0, 0
2379039, 6558263, 0, 0
2380042, 6264425, 0, 0
2381042, 6209410, 0, 0
2382015, 6396990, 0, 0
2383024, 6634463, 0, 0
2384029, 6204485, 0, 0
2385040, 6160248, 0, 0
2386043, 6302933, 0, 0
2387030, 5838209, 0, 0
2388046, 5972388, 0, 0
2389054, 6334410, 0, 0
2390036, 6543912, 0, 0
2391051, 6108861, 0, 0
2392011, 6034470, 0, 0
2393043, 5578180, 0, 0
2394066, 7457543, 0, 0
2395006, 6438953, 0, 0
2396029, 5974960, 0, 0
2397033, 6437138, 0, 0
2398010, 6101663, 0, 0
2399044, 6184039, 0, 0
2400061, 6089481, 0, 0
