1051, 2962887, 0, 0
2009, 3027332, 0, 0
3028, 6023285, 0, 0
4029, 1221846, 0, 0
5002, 7257383, 0, 0
6026, 5560355, 0, 0
7024, 5419870, 0, 0
8064, 6881671, 0, 0
9061, 7777425, 0, 0
10019, 1848579, 0, 0
11044, 3540198, 0, 0
12035, 3181179, 0, 0
13049, 5718298, 0, 0
14037, 3389070, 0, 0
15055, 5440190, 0, 0
16060, 5425055, 0, 0
17009, 7241224, 0, 0
18040, 1498306, 0, 0
19033, 6889120, 0, 0
20055, 5029509, 0, 0
21021, 5575972, 0, 0
22011, 2210100, 0, 0
23068, 6991081, 0, 0
24031, 4929490, 0, 0
25043, 5844195, 0, 0
26021, 7185565, 0, 0
27015, 3506490, 0, 0
28024, 5449376, 0, 0
29005, 2218310, 0, 0
30021, 2508783, 0, 0
31067, 1447941, 0, 0
32045, 5087287, 0, 0
33003, 2180753, 0, 0
34009, 3403614, 0, 0
35005, 2261506, 0, 0
36043, 5375969, 0, 0
37052, 3344751, 0, 0
38064, 7273327, 0, 0
39058, 7467846, 0, 0
40021, 2894111, 0, 0
41013, 3194144, 0, 0
42019, 2317152, 0, 0
43005, 3742765, 0, 0
44070, 6691771, 0, 0
45015, 1884579, 0, 0
46010, 4515375, 0, 0
47017, 4743926, 0, 0
48056, 3771884, 0, 0
49004, 5321687, 0, 0
50012, 5215695, 0, 0
51006, 6126103, 0, 0
52027, 4301345, 0, 0
53032, 4306681, 0, 0
54012, 1846673, 0, 0
55027, 4351197, 0, 0
56015, 4959249, 0, 0
57065, 5890893, 0, 0
58031, 4000351, 0, 0
59016, 4260389, 0, 0
60047, 2631453, 0, 0
61035, 5112886, 0, 0
62017, 5975285, 0, 0
63047, 2669358, 0, 0
64034, 4326322, 0, 0
65001, 4143930, 0, 0
66040, 3151305, 0, 0
67048, 2160404, 0, 0
68007, 5880823, 0, 0
69045, 4468255, 0, 0
70048, 2030972, 0, 0
71014, 6032119, 0, 0
72044, 5415191, 0, 0
73030, 3124695, 0, 0
74012, 6329375, 0, 0
75015, 2198112, 0, 0
76005, 3504626, 0, 0
77001, 3536710, 0, 0
78052, 3846630, 0, 0
79020, 2249940, 0, 0
80054, 3486238, 0, 0
81017, 4126279, 0, 0
82000, 1177645, 0, 0
83037, 3851371, 0, 0
84023, 6311867, 0, 0
85022, 4300430, 0, 0
86038, 2784399, 0, 0
87015, 5811869, 0, 0
88033, 5463466, 0, 0
89043, 6431288, 0, 0
90029, 3025733, 0, 0
91028, 2175368, 0, 0
92020, 6740903, 0, 0
93049, 5941883, 0, 0
94017, 2226151, 0, 0
95062, 4616807, 0, 0
96011, 4364613, 0, 0
97037, 3822147, 0, 0
98038, 7194221, 0, 0
99051, 6449692, 0, 0
100052, 4972988, 0, 0
101040, 5167231, 0, 0
102024, 5518243, 0, 0
103015, 4647211, 0, 0
104055, 5273902, 0, 0
105002, 3192489, 0, 0
106045, 5084032, 0, 0
107021, 5355983, 0, 0
108040, 6972713, 0, 0
109024, 2189082, 0, 0
110047, 3428901, 0, 0
111093, 3690431, 0, 0
112019, 5166574, 0, 0
113055, 5530388, 0, 0
114036, 2828677, 0, 0
115041, 6976295, 0, 0
116022, 3180398, 0, 0
117018, 5286617, 0, 0
118053, 6016103, 0, 0
119015, 3008348, 0, 0
120060, 5798783, 0, 0
121055, 5147721, 0, 0
122054, 4753100, 0, 0
123031, 5418061, 0, 0
124056, 5564469, 0, 0
125000, 5715699, 0, 0
126011, 5129771, 0, 0
127027, 3322094, 0, 0
128018, 2810385, 0, 0
129027, 6676572, 0, 0
130011, 6301021, 0, 0
131030, 2998602, 0, 0
132055, 7371703, 0, 0
133027, 5164973, 0, 0
134012, 3024194, 0, 0
135034, 6584959, 0, 0
136035, 2957501, 0, 0
137030, 4847049, 0, 0
138017, 6890700, 0, 0
139052, 5384421, 0, 0
140058, 5647102, 0, 0
141003, 2521646, 0, 0
142009, 4546972, 0, 0
143003, 4914097, 0, 0
144010, 6208074, 0, 0
145018, 5137166, 0, 0
146052, 4319021, 0, 0
147034, 2933778, 0, 0
148031, 6000609, 0, 0
149007, 2604996, 0, 0
150043, 2577662, 0, 0
151052, 2934106, 0, 0
152041, 3258442, 0, 0
153029, 4386192, 0, 0
154043, 5249182, 0, 0
155008, 6217588, 0, 0
156057, 7030255, 0, 0
157012, 4820741, 0, 0
158018, 6440729, 0, 0
159026, 2068732, 0, 0
160010, 6103506, 0, 0
161033, 5211406, 0, 0
162032, 5456881, 0, 0
163053, 6105277, 0, 0
164065, 5374224, 0, 0
165031, 5545117, 0, 0
166063, 2994149, 0, 0
167021, 5733323, 0, 0
168024, 6111288, 0, 0
169009, 2856253, 0, 0
170054, 5379782, 0, 0
171006, 5527547, 0, 0
172046, 5874130, 0, 0
173002, 5420843, 0, 0
174053, 4373247, 0, 0
175037, 2551638, 0, 0
176043, 5316789, 0, 0
177007, 5500848, 0, 0
178004, 5296766, 0, 0
179064, 4902801, 0, 0
180017, 3962358, 0, 0
181019, 3164040, 0, 0
182048, 5014393, 0, 0
183006, 4759186, 0, 0
184053, 5258807, 0, 0
185001, 2656144, 0, 0
186000, 6083420, 0, 0
187053, 5974614, 0, 0
188003, 5104364, 0, 0
189045, 4907002, 0, 0
190023, 5036026, 0, 0
191041, 5810612, 0, 0
192008, 6002704, 0, 0
193023, 4670817, 0, 0
194057, 5136965, 0, 0
195014, 6290826, 0, 0
196065, 5830094, 0, 0
197039, 5561315, 0, 0
198045, 5581299, 0, 0
199044, 5420019, 0, 0
200060, 3036378, 0, 0
201011, 4129335, 0, 0
202002, 5262959, 0, 0
203024, 5738959, 0, 0
204052, 5546549, 0, 0
205018, 4660304, 0, 0
206034, 4678768, 0, 0
207055, 6453494, 0, 0
208031, 6171961, 0, 0
209060, 6500930, 0, 0
210016, 5720108, 0, 0
211003, 5056753, 0, 0
212043, 4851495, 0, 0
213061, 5438204, 0, 0
214041, 4773588, 0, 0
215008, 4513494, 0, 0
216031, 4404792, 0, 0
217060, 4893911, 0, 0
218000, 5182235, 0, 0
219004, 6873321, 0, 0
220031, 6104601, 0, 0
221038, 5814671, 0, 0
222051, 4796143, 0, 0
223042, 4872952, 0, 0
224009, 5222807, 0, 0
225056, 5151448, 0, 0
226033, 5776877, 0, 0
227019, 5759578, 0, 0
228054, 5617196, 0, 0
229006, 4262682, 0, 0
230043, 4752461, 0, 0
231063, 5692910, 0, 0
232035, 4757494, 0, 0
233049, 3968667, 0, 0
234030, 4100462, 0, 0
235044, 4665495, 0, 0
236056, 5775250, 0, 0
237005, 4742358, 0, 0
238014, 4497291, 0, 0
239014, 5609410, 0, 0
240001, 4440999, 0, 0
241059, 5419509, 0, 0
242095, 4928580, 0, 0
243033, 5322449, 0, 0
244006, 4242408, 0, 0
245053, 4933676, 0, 0
246008, 4538730, 0, 0
247047, 4803522, 0, 0
248016, 6126364, 0, 0
249011, 4496958, 0, 0
250053, 5335037, 0, 0
251003, 5859739, 0, 0
252011, 5469656, 0, 0
253033, 4727444, 0, 0
254045, 4745125, 0, 0
255010, 4654001, 0, 0
256031, 5427163, 0, 0
257010, 4629562, 0, 0
258026, 5738025, 0, 0
259031, 4560462, 0, 0
260035, 4751912, 0, 0
261056, 5367174, 0, 0
262000, 6005834, 0, 0
263030, 5947767, 0, 0
264017, 5765132, 0, 0
265023, 4926396, 0, 0
266056, 4585834, 0, 0
267003, 5769375, 0, 0
268004, 5741491, 0, 0
269008, 5481136, 0, 0
270025, 4659655, 0, 0
271048, 4601779, 0, 0
272056, 5499742, 0, 0
273014, 5631809, 0, 0
274018, 4010223, 0, 0
275019, 3871362, 0, 0
276054, 4400962, 0, 0
277045, 5500136, 0, 0
278029, 5612210, 0, 0
279061, 5606657, 0, 0
280027, 4527546, 0, 0
281011, 5585681, 0, 0
282048, 5202225, 0, 0
283050, 4259919, 0, 0
284035, 5287246, 0, 0
285051, 5313109, 0, 0
286011, 5241379, 0, 0
287061, 5090443, 0, 0
288021, 5673872, 0, 0
289045, 4913953, 0, 0
290046, 4327995, 0, 0
291041, 4497660, 0, 0
292012, 5604899, 0, 0
293029, 6197986, 0, 0
294060, 4657033, 0, 0
295006, 5366047, 0, 0
296018, 4375901, 0, 0
297048, 5848310, 0, 0
298042, 5010340, 0, 0
299030, 4062149, 0, 0
300039, 4231345, 0, 0
301075, 5148652, 0, 0
302009, 5585357, 0, 0
303048, 4898080, 0, 0
304004, 5159991, 0, 0
305030, 5536801, 0, 0
306060, 4360305, 0, 0
307037, 4393160, 0, 0
308016, 5622089, 0, 0
309012, 4459857, 0, 0
310043, 5628248, 0, 0
311012, 5695967, 0, 0
312034, 5699294, 0, 0
313002, 4936107, 0, 0
314019, 4743765, 0, 0
315043, 4604323, 0, 0
316018, 5383937, 0, 0
317033, 5278112, 0, 0
318028, 4665566, 0, 0
319012, 5521857, 0, 0
320043, 5446384, 0, 0
321010, 5653827, 0, 0
322058, 4865234, 0, 0
323020, 5056735, 0, 0
324061, 5654988, 0, 0
325021, 5445236, 0, 0
326066, 4809390, 0, 0
327005, 4532602, 0, 0
328007, 4312535, 0, 0
329007, 4869500, 0, 0
330004, 4835549, 0, 0
331060, 5298510, 0, 0
332050, 5204761, 0, 0
333049, 4685057, 0, 0
334056, 4587804, 0, 0
335048, 4565467, 0, 0
336058, 4366315, 0, 0
337054, 4196664, 0, 0
338049, 4801133, 0, 0
339006, 4928771, 0, 0
340061, 3957971, 0, 0
341030, 5376030, 0, 0
342050, 5889331, 0, 0
343025, 4921671, 0, 0
344041, 4784718, 0, 0
345008, 5190034, 0, 0
346024, 5233850, 0, 0
347009, 5406226, 0, 0
348040, 4971862, 0, 0
349002, 5689029, 0, 0
350005, 4612304, 0, 0
351009, 4439121, 0, 0
352040, 4900068, 0, 0
353064, 4804350, 0, 0
354049, 4729221, 0, 0
355050, 5462143, 0, 0
356047, 5470897, 0, 0
357003, 4612036, 0, 0
358025, 4575797, 0, 0
359026, 4544523, 0, 0
360045, 4257934, 0, 0
361015, 5379456, 0, 0
362007, 4933464, 0, 0
363001, 5037603, 0, 0
364013, 4790461, 0, 0
365011, 5082301, 0, 0
366033, 5156696, 0, 0
367012, 4091747, 0, 0
368023, 4949890, 0, 0
369052, 5062490, 0, 0
370052, 5066955, 0, 0
371021, 4396668, 0, 0
372034, 4082088, 0, 0
373049, 4545489, 0, 0
374128, 5889493, 0, 0
375038, 4305554, 0, 0
376035, 4182679, 0, 0
377030, 4534542, 0, 0
378040, 5176431, 0, 0
379047, 5078792, 0, 0
380032, 5122620, 0, 0
381045, 4730086, 0, 0
382028, 4069917, 0, 0
383030, 4789495, 0, 0
384010, 5206710, 0, 0
385012, 4508894, 0, 0
386011, 4513643, 0, 0
387044, 5760314, 0, 0
388053, 4501120, 0, 0
389055, 5238985, 0, 0
390039, 5039622, 0, 0
391065, 5150577, 0, 0
392001, 5079530, 0, 0
393012, 5230645, 0, 0
394031, 4689371, 0, 0
395045, 4987555, 0, 0
396054, 4623232, 0, 0
397049, 4560245, 0, 0
398044, 5371024, 0, 0
399032, 5165813, 0, 0
400052, 5334266, 0, 0
401001, 4031331, 0, 0
402049, 5397158, 0, 0
403064, 4604195, 0, 0
404013, 4992046, 0, 0
405051, 4297993, 0, 0
406011, 4635293, 0, 0
407024, 4639909, 0, 0
408034, 4581041, 0, 0
409048, 4989344, 0, 0
410007, 4475224, 0, 0
411010, 4278872, 0, 0
412020, 4311609, 0, 0
413065, 4330415, 0, 0
414010, 5299729, 0, 0
415010, 5022120, 0, 0
416037, 5398160, 0, 0
417055, 4558347, 0, 0
418046, 4806490, 0, 0
419021, 4795450, 0, 0
420057, 4971670, 0, 0
421004, 4980855, 0, 0
422045, 4481307, 0, 0
423042, 4253228, 0, 0
424010, 4985799, 0, 0
425035, 4781995, 0, 0
426030, 5046481, 0, 0
427037, 4071015, 0, 0
428018, 5235981, 0, 0
429038, 4945443, 0, 0
430028, 4433985, 0, 0
431035, 4787005, 0, 0
432015, 4469098, 0, 0
433060, 3908593, 0, 0
434045, 4618420, 0, 0
435054, 5333271, 0, 0
436000, 4748355, 0, 0
437019, 5140785, 0, 0
438015, 6546012, 0, 0
439060, 5863621, 0, 0
440019, 4374448, 0, 0
441055, 4876654, 0, 0
442005, 5129961, 0, 0
443033, 5238415, 0, 0
444058, 4143628, 0, 0
445040, 4956722, 0, 0
446041, 4756759, 0, 0
447034, 4864120, 0, 0
448063, 4988431, 0, 0
449033, 4965988, 0, 0
450002, 4031868, 0, 0
451015, 5137316, 0, 0
452022, 4351571, 0, 0
453011, 4680309, 0, 0
454022, 4853416, 0, 0
455013, 5186217, 0, 0
456004, 4708629, 0, 0
457051, 5056197, 0, 0
458015, 4835427, 0, 0
459046, 5174520, 0, 0
460009, 5062062, 0, 0
461014, 5017777, 0, 0
462051, 4911432, 0, 0
463059, 4491799, 0, 0
464021, 4252125, 0, 0
465048, 4660728, 0, 0
466046, 5190793, 0, 0
467049, 4862885, 0, 0
468060, 5288076, 0, 0
469053, 4788251, 0, 0
470041, 5090136, 0, 0
471021, 4365843, 0, 0
472033, 4535618, 0, 0
473021, 4880154, 0, 0
474039, 4500348, 0, 0
475028, 4911779, 0, 0
476047, 4625932, 0, 0
477060, 4439030, 0, 0
478035, 5151810, 0, 0
479029, 4136565, 0, 0
480045, 4571407, 0, 0
481022, 4184166, 0, 0
482034, 4656768, 0, 0
483015, 4455790, 0, 0
484030, 5223512, 0, 0
485028, 4508713, 0, 0
486052, 4608002, 0, 0
487007, 4435464, 0, 0
488029, 4396817, 0, 0
489000, 4778475, 0, 0
490013, 4601641, 0, 0
491043, 4249926, 0, 0
492042, 4935579, 0, 0
493020, 4742823, 0, 0
494026, 4805042, 0, 0
495022, 4459910, 0, 0
496029, 5080380, 0, 0
497047, 4235553, 0, 0
498038, 4073270, 0, 0
499032, 4748262, 0, 0
500024, 4810125, 0, 0
501052, 4504237, 0, 0
502053, 4500851, 0, 0
503017, 4861857, 0, 0
504021, 4601137, 0, 0
505002, 4534227, 0, 0
506056, 4832131, 0, 0
507043, 3938392, 0, 0
508043, 4232162, 0, 0
509051, 4661578, 0, 0
510043, 4027317, 0, 0
511045, 4369127, 0, 0
512012, 4620377, 0, 0
513032, 4527980, 0, 0
514014, 4600803, 0, 0
515021, 5031752, 0, 0
516047, 4677465, 0, 0
517005, 4930007, 0, 0
518020, 5018526, 0, 0
519040, 4631485, 0, 0
520032, 3960350, 0, 0
521000, 4559611, 0, 0
522034, 5272886, 0, 0
523032, 4634476, 0, 0
524037, 4362309, 0, 0
525065, 4605969, 0, 0
526030, 4359464, 0, 0
527000, 4842319, 0, 0
528047, 4888981, 0, 0
529024, 4599396, 0, 0
530051, 4601733, 0, 0
531018, 4575861, 0, 0
532057, 4375696, 0, 0
533027, 4306591, 0, 0
534010, 4502989, 0, 0
535033, 5058230, 0, 0
536013, 4199877, 0, 0
537051, 4844938, 0, 0
538017, 4869966, 0, 0
539000, 5334028, 0, 0
540027, 4599061, 0, 0
541032, 4899507, 0, 0
542055, 5158345, 0, 0
543024, 5150212, 0, 0
544018, 4984892, 0, 0
545061, 5291832, 0, 0
546002, 4330291, 0, 0
547006, 4914013, 0, 0
548033, 4538103, 0, 0
549044, 4549010, 0, 0
550050, 4925599, 0, 0
551050, 4176644, 0, 0
552009, 4350593, 0, 0
553035, 4113666, 0, 0
554002, 4389673, 0, 0
555033, 4975305, 0, 0
556016, 4543238, 0, 0
557035, 4445468, 0, 0
558037, 4219615, 0, 0
559014, 4627436, 0, 0
560036, 4555746, 0, 0
561006, 4460727, 0, 0
562053, 4303495, 0, 0
563022, 4838821, 0, 0
564048, 4836201, 0, 0
565026, 4718245, 0, 0
566067, 4461082, 0, 0
567052, 4918863, 0, 0
568049, 5758259, 0, 0
569036, 4690880, 0, 0
570009, 4809850, 0, 0
571024, 4713406, 0, 0
572037, 4751366, 0, 0
573054, 4515678, 0, 0
574033, 4544194, 0, 0
575033, 4498443, 0, 0
576018, 4555335, 0, 0
577006, 4077276, 0, 0
578028, 4575323, 0, 0
579052, 4276017, 0, 0
580025, 4359524, 0, 0
581037, 4699573, 0, 0
582049, 4790905, 0, 0
583052, 3791476, 0, 0
584018, 4684250, 0, 0
585046, 5109227, 0, 0
586054, 4107431, 0, 0
587055, 4543700, 0, 0
588041, 4356474, 0, 0
589006, 4633941, 0, 0
590004, 4859702, 0, 0
591024, 5253455, 0, 0
592022, 5565246, 0, 0
593017, 4800572, 0, 0
594021, 4381091, 0, 0
595062, 4478036, 0, 0
596047, 4799226, 0, 0
597057, 5018353, 0, 0
598004, 4636087, 0, 0
599028, 4278240, 0, 0
600018, 4599351, 0, 0
601032, 4500580, 0, 0
602048, 4611997, 0, 0
603014, 4638766, 0, 0
604049, 5116926, 0, 0
605059, 4289478, 0, 0
606064, 5151468, 0, 0
607061, 4833947, 0, 0
608053, 5187381, 0, 0
609026, 4855642, 0, 0
610003, 5110366, 0, 0
611004, 4946448, 0, 0
612025, 4636530, 0, 0
613023, 4331098, 0, 0
614035, 4415247, 0, 0
615000, 4679032, 0, 0
616057, 3835812, 0, 0
617001, 4690925, 0, 0
618000, 4680719, 0, 0
619004, 4622543, 0, 0
620036, 4520805, 0, 0
621012, 4923730, 0, 0
622007, 4316711, 0, 0
623056, 4808470, 0, 0
624041, 4410733, 0, 0
625002, 5245680, 0, 0
626046, 4757670, 0, 0
627050, 4382013, 0, 0
628060, 4273540, 0, 0
629012, 4925100, 0, 0
630011, 3958512, 0, 0
631060, 4475407, 0, 0
632026, 4707005, 0, 0
633032, 4781258, 0, 0
634045, 4362085, 0, 0
635052, 4811707, 0, 0
636019, 4472501, 0, 0
637044, 4650775, 0, 0
638068, 4588731, 0, 0
639010, 4562179, 0, 0
640063, 4656795, 0, 0
641022, 5063618, 0, 0
642004, 4498669, 0, 0
643030, 4832985, 0, 0
644064, 4740484, 0, 0
645042, 4785523, 0, 0
646001, 4295134, 0, 0
647026, 4374986, 0, 0
648042, 4610032, 0, 0
649054, 4011737, 0, 0
650050, 4417712, 0, 0
651038, 5085351, 0, 0
652009, 4368098, 0, 0
653057, 4653638, 0, 0
654000, 4461762, 0, 0
655009, 4146501, 0, 0
656014, 4362811, 0, 0
657051, 4408177, 0, 0
658057, 4565823, 0, 0
659003, 4518649, 0, 0
660012, 4479449, 0, 0
661011, 4493581, 0, 0
662052, 4295449, 0, 0
663033, 4492517, 0, 0
664044, 4899934, 0, 0
665001, 5033874, 0, 0
666013, 4655857, 0, 0
667044, 4742954, 0, 0
668045, 4900977, 0, 0
669063, 4841392, 0, 0
670002, 4836830, 0, 0
671027, 4991479, 0, 0
672036, 4518028, 0, 0
673040, 4476609, 0, 0
674007, 4143816, 0, 0
675028, 5050083, 0, 0
676042, 4710952, 0, 0
677006, 4834434, 0, 0
678049, 4757262, 0, 0
679022, 5009045, 0, 0
680051, 5064850, 0, 0
681010, 5094888, 0, 0
682037, 5178793, 0, 0
683016, 4988613, 0, 0
684004, 4058431, 0, 0
685005, 4543929, 0, 0
686045, 4479582, 0, 0
687016, 4893302, 0, 0
688058, 5395208, 0, 0
689019, 4173568, 0, 0
690003, 4485321, 0, 0
691022, 4823325, 0, 0
692026, 4867562, 0, 0
693028, 4566116, 0, 0
694034, 5024244, 0, 0
695044, 4897695, 0, 0
696018, 4887468, 0, 0
697031, 5061666, 0, 0
698014, 5112646, 0, 0
699048, 4015522, 0, 0
700002, 5068784, 0, 0
701058, 4730830, 0, 0
702006, 4904303, 0, 0
703016, 5395845, 0, 0
704041, 5274821, 0, 0
705010, 4544751, 0, 0
706033, 4912377, 0, 0
707054, 4808310, 0, 0
708045, 4398766, 0, 0
709051, 4447090, 0, 0
710042, 4174835, 0, 0
711042, 4970390, 0, 0
712012, 4964061, 0, 0
713052, 4578833, 0, 0
714027, 4526140, 0, 0
715047, 4970850, 0, 0
716014, 4273152, 0, 0
717039, 4760672, 0, 0
718002, 4760473, 0, 0
719045, 4608138, 0, 0
720006, 4191598, 0, 0
721067, 4308040, 0, 0
722000, 4138681, 0, 0
723034, 4944382, 0, 0
724004, 5123959, 0, 0
725042, 4488335, 0, 0
726039, 4163110, 0, 0
727060, 4742923, 0, 0
728017, 4445593, 0, 0
729023, 4808089, 0, 0
730056, 4486000, 0, 0
731014, 5085952, 0, 0
732008, 4821058, 0, 0
733051, 4451218, 0, 0
734022, 4369023, 0, 0
735036, 4689231, 0, 0
736025, 4572361, 0, 0
737032, 4153275, 0, 0
738000, 4785117, 0, 0
739014, 4915047, 0, 0
740040, 4478088, 0, 0
741031, 4735543, 0, 0
742056, 4825200, 0, 0
743049, 4569404, 0, 0
744027, 4500542, 0, 0
745042, 4714820, 0, 0
746001, 4769206, 0, 0
747009, 4073034, 0, 0
748048, 4433171, 0, 0
749054, 4223957, 0, 0
750022, 4494827, 0, 0
751038, 4450748, 0, 0
752020, 4625631, 0, 0
753018, 4983520, 0, 0
754050, 4772319, 0, 0
755020, 5042234, 0, 0
756042, 4661860, 0, 0
757042, 3886109, 0, 0
758001, 4311403, 0, 0
759003, 4654791, 0, 0
760055, 4305268, 0, 0
761026, 4270310, 0, 0
762014, 5089494, 0, 0
763057, 4798549, 0, 0
764059, 4789683, 0, 0
765013, 4625595, 0, 0
766004, 5181692, 0, 0
767031, 5028261, 0, 0
768063, 4705085, 0, 0
769050, 5241531, 0, 0
770051, 4880217, 0, 0
771012, 4280493, 0, 0
772047, 4341886, 0, 0
773011, 4563888, 0, 0
774022, 4950430, 0, 0
775001, 4232952, 0, 0
776034, 4772832, 0, 0
777040, 4526276, 0, 0
778021, 5133462, 0, 0
779053, 4880254, 0, 0
780005, 4926978, 0, 0
781040, 5018306, 0, 0
782039, 4867756, 0, 0
783051, 5292539, 0, 0
784040, 5172656, 0, 0
785051, 5074067, 0, 0
786001, 4816147, 0, 0
787024, 5238600, 0, 0
788020, 5654467, 0, 0
789002, 4902179, 0, 0
790026, 4756093, 0, 0
791004, 4766688, 0, 0
792030, 4572612, 0, 0
793028, 4372593, 0, 0
794048, 4944257, 0, 0
795015, 5005559, 0, 0
796022, 4789498, 0, 0
797039, 4678226, 0, 0
798020, 4688382, 0, 0
799022, 4675932, 0, 0
800022, 5369867, 0, 0
801007, 4512678, 0, 0
802042, 5114767, 0, 0
803047, 4946877, 0, 0
804046, 4683562, 0, 0
805029, 4266683, 0, 0
806050, 5071023, 0, 0
807034, 4889818, 0, 0
808000, 5329473, 0, 0
809018, 5063037, 0, 0
810038, 4871194, 0, 0
811036, 4187468, 0, 0
812031, 5431678, 0, 0
813030, 4156664, 0, 0
814026, 4826925, 0, 0
815017, 5051879, 0, 0
816045, 4351186, 0, 0
817054, 4642125, 0, 0
818040, 4923038, 0, 0
819038, 4886983, 0, 0
820057, 5165070, 0, 0
821016, 4670291, 0, 0
822043, 4772249, 0, 0
823052, 4774133, 0, 0
824045, 4678991, 0, 0
825047, 4858265, 0, 0
826024, 4513688, 0, 0
827062, 4822461, 0, 0
828032, 4591358, 0, 0
829046, 4501733, 0, 0
830065, 4482802, 0, 0
831050, 4753440, 0, 0
832036, 4134142, 0, 0
833054, 4461377, 0, 0
834057, 4172924, 0, 0
835033, 4896106, 0, 0
836055, 4455096, 0, 0
837053, 4682142, 0, 0
838023, 5353785, 0, 0
839019, 5073917, 0, 0
840054, 4897180, 0, 0
841038, 5093649, 0, 0
842043, 5044918, 0, 0
843030, 5054749, 0, 0
844006, 4428545, 0, 0
845013, 4790445, 0, 0
846024, 4274856, 0, 0
847027, 4794944, 0, 0
848019, 4522271, 0, 0
849022, 4470520, 0, 0
850012, 4710293, 0, 0
851011, 5141825, 0, 0
852009, 5448746, 0, 0
853037, 4501892, 0, 0
854032, 4944607, 0, 0
855004, 4513674, 0, 0
856000, 4974470, 0, 0
857046, 4924514, 0, 0
858045, 4600799, 0, 0
859028, 4501791, 0, 0
860038, 4803504, 0, 0
861018, 4635081, 0, 0
862028, 4003394, 0, 0
863010, 4623829, 0, 0
864017, 5053078, 0, 0
865056, 5190126, 0, 0
866032, 4640600, 0, 0
867049, 4704868, 0, 0
868029, 4967060, 0, 0
869042, 4771588, 0, 0
870001, 4991095, 0, 0
871025, 5191107, 0, 0
872024, 4817725, 0, 0
873023, 4820282, 0, 0
874006, 4588571, 0, 0
875057, 4728572, 0, 0
876046, 5308277, 0, 0
877035, 4573418, 0, 0
878059, 4627192, 0, 0
879043, 4348974, 0, 0
880044, 4898556, 0, 0
881025, 4804040, 0, 0
882010, 4966853, 0, 0
883010, 4283304, 0, 0
884026, 4320856, 0, 0
885053, 4555067, 0, 0
886008, 4563523, 0, 0
887021, 5413769, 0, 0
888058, 4838240, 0, 0
889059, 4443361, 0, 0
890019, 4584796, 0, 0
891047, 4644405, 0, 0
892061, 4754237, 0, 0
893012, 4568412, 0, 0
894050, 4755037, 0, 0
895039, 4470024, 0, 0
896057, 4705252, 0, 0
897019, 4978256, 0, 0
898002, 4654635, 0, 0
899039, 4930715, 0, 0
900054, 5791174, 0, 0
901023, 4818782, 0, 0
902040, 4813691, 0, 0
903027, 5056023, 0, 0
904060, 5157798, 0, 0
905065, 4233372, 0, 0
906044, 4838244, 0, 0
907069, 4922334, 0, 0
908007, 4854092, 0, 0
909022, 4672119, 0, 0
910064, 5005233, 0, 0
911052, 5032900, 0, 0
912005, 5346199, 0, 0
913026, 4678912, 0, 0
914047, 4594238, 0, 0
915022, 4992612, 0, 0
916049, 4619311, 0, 0
917057, 5008678, 0, 0
918023, 5024826, 0, 0
919017, 5424632, 0, 0
920038, 4636555, 0, 0
921035, 4693043, 0, 0
922050, 4242517, 0, 0
923053, 4959070, 0, 0
924039, 4665581, 0, 0
925036, 4465579, 0, 0
926045, 4844634, 0, 0
927059, 5193199, 0, 0
928009, 4789869, 0, 0
929045, 5049446, 0, 0
930039, 4989923, 0, 0
931032, 4907906, 0, 0
932041, 4892958, 0, 0
933037, 4714428, 0, 0
934031, 4795196, 0, 0
935061, 5528571, 0, 0
936010, 4431502, 0, 0
937059, 4892313, 0, 0
938055, 4628094, 0, 0
939024, 4261168, 0, 0
940024, 4970955, 0, 0
941035, 4829050, 0, 0
942032, 4784769, 0, 0
943005, 4859128, 0, 0
944040, 4457617, 0, 0
945055, 4757209, 0, 0
946005, 4652142, 0, 0
947048, 4647888, 0, 0
948053, 4605512, 0, 0
949004, 4279243, 0, 0
950040, 4401105, 0, 0
951014, 4154462, 0, 0
952053, 5551334, 0, 0
953060, 5002426, 0, 0
954037, 4854842, 0, 0
955038, 4952247, 0, 0
956056, 4749617, 0, 0
957003, 4872124, 0, 0
958026, 4463152, 0, 0
959046, 4589429, 0, 0
960011, 4815572, 0, 0
961066, 4622802, 0, 0
962042, 4875126, 0, 0
963019, 5245617, 0, 0
964044, 5222076, 0, 0
965021, 4784069, 0, 0
966020, 5036863, 0, 0
967016, 4217828, 0, 0
968043, 4618469, 0, 0
969066, 5407546, 0, 0
970028, 4976657, 0, 0
971025, 4292786, 0, 0
972055, 4872114, 0, 0
973035, 4471888, 0, 0
974057, 4657271, 0, 0
975047, 5319993, 0, 0
976031, 4653078, 0, 0
977039, 4818708, 0, 0
978061, 5832372, 0, 0
979055, 5426069, 0, 0
980033, 4858288, 0, 0
981053, 4805453, 0, 0
982006, 4959644, 0, 0
983033, 5605139, 0, 0
984012, 4654498, 0, 0
985017, 4309041, 0, 0
986034, 5048786, 0, 0
987000, 4212573, 0, 0
988030, 5594987, 0, 0
989028, 5329536, 0, 0
990054, 5335621, 0, 0
991020, 5051794, 0, 0
992035, 4782777, 0, 0
993050, 4991918, 0, 0
994002, 4731923, 0, 0
995024, 4789480, 0, 0
996043, 4756815, 0, 0
997013, 5354045, 0, 0
998053, 5189817, 0, 0
999048, 4690374, 0, 0
1000059, 4428357, 0, 0
1001049, 4374112, 0, 0
1002022, 4984037, 0, 0
1003053, 4947678, 0, 0
1004060, 4632184, 0, 0
1005025, 5448574, 0, 0
1006036, 5398778, 0, 0
1007043, 5105299, 0, 0
1008029, 4757818, 0, 0
1009010, 5501927, 0, 0
1010032, 4475931, 0, 0
1011040, 4414218, 0, 0
1012048, 4515078, 0, 0
1013039, 5025154, 0, 0
1014036, 4698326, 0, 0
1015071, 4653885, 0, 0
1016049, 4605411, 0, 0
1017013, 4673962, 0, 0
1018028, 4587079, 0, 0
1019025, 4291271, 0, 0
1020045, 4692754, 0, 0
1021041, 5075549, 0, 0
1022039, 4680572, 0, 0
1023060, 4926040, 0, 0
1024054, 4409424, 0, 0
1025055, 4627696, 0, 0
1026051, 4629742, 0, 0
1027054, 4572114, 0, 0
1028045, 4669305, 0, 0
1029005, 5096484, 0, 0
1030003, 4773779, 0, 0
1031006, 5471983, 0, 0
1032012, 4370393, 0, 0
1033067, 5164605, 0, 0
1034047, 4406701, 0, 0
1035030, 4982725, 0, 0
1036059, 5297280, 0, 0
1037010, 5495476, 0, 0
1038046, 5195520, 0, 0
1039005, 4938056, 0, 0
1040006, 4739455, 0, 0
1041051, 4276254, 0, 0
1042076, 4632919, 0, 0
1043059, 4584747, 0, 0
1044028, 4459835, 0, 0
1045015, 4789025, 0, 0
1046056, 5119641, 0, 0
1047002, 4698472, 0, 0
1048030, 4546065, 0, 0
1049047, 4975124, 0, 0
1050005, 5009154, 0, 0
1051030, 4785434, 0, 0
1052035, 5176010, 0, 0
1053020, 4450313, 0, 0
1054054, 4778329, 0, 0
1055022, 4672082, 0, 0
1056042, 4897009, 0, 0
1057024, 5134631, 0, 0
1058013, 4508477, 0, 0
1059037, 4354186, 0, 0
1060055, 4164121, 0, 0
1061064, 4822059, 0, 0
1062035, 5186440, 0, 0
1063000, 4564925, 0, 0
1064010, 4293145, 0, 0
1065031, 4951356, 0, 0
1066042, 4586676, 0, 0
1067049, 4703155, 0, 0
1068013, 4962966, 0, 0
1069034, 4762902, 0, 0
1070050, 4591038, 0, 0
1071039, 4614592, 0, 0
1072058, 4294312, 0, 0
1073046, 4548182, 0, 0
1074048, 4761177, 0, 0
1075036, 4570602, 0, 0
1076044, 4192272, 0, 0
1077053, 4112040, 0, 0
1078038, 4533406, 0, 0
1079051, 4984847, 0, 0
1080000, 5178522, 0, 0
1081062, 4694743, 0, 0
1082001, 4831939, 0, 0
1083019, 4867866, 0, 0
1084041, 5002460, 0, 0
1085066, 4673049, 0, 0
1086029, 4736573, 0, 0
1087023, 3908555, 0, 0
1088040, 4494663, 0, 0
1089050, 4522943, 0, 0
1090043, 3811641, 0, 0
1091044, 4586724, 0, 0
1092049, 4642908, 0, 0
1093004, 4796114, 0, 0
1094043, 4717616, 0, 0
1095009, 5356831, 0, 0
1096054, 4789963, 0, 0
1097063, 4772287, 0, 0
1098018, 4436238, 0, 0
1099044, 4233597, 0, 0
1100034, 4848564, 0, 0
1101052, 4049343, 0, 0
1102037, 4551006, 0, 0
1103058, 5051123, 0, 0
1104004, 4434105, 0, 0
1105040, 4420399, 0, 0
1106069, 4735915, 0, 0
1107053, 4701049, 0, 0
1108026, 3917742, 0, 0
1109050, 4546873, 0, 0
1110005, 4839008, 0, 0
1111062, 4256467, 0, 0
1112025, 4855563, 0, 0
1113031, 4652202, 0, 0
1114054, 5033677, 0, 0
1115036, 4736963, 0, 0
1116046, 5174542, 0, 0
1117068, 4638526, 0, 0
1118004, 4648940, 0, 0
1119042, 4780605, 0, 0
1120001, 4835761, 0, 0
1121021, 4736186, 0, 0
1122025, 4284967, 0, 0
1123083, 4739089, 0, 0
1124049, 4800436, 0, 0
1125034, 5258595, 0, 0
1126054, 4547785, 0, 0
1127011, 4977071, 0, 0
1128031, 5121716, 0, 0
1129048, 4905479, 0, 0
1130049, 4759381, 0, 0
1131062, 4515435, 0, 0
1132001, 4810351, 0, 0
1133009, 4493617, 0, 0
1134037, 4648221, 0, 0
1135044, 4088222, 0, 0
1136053, 4579602, 0, 0
1137048, 4337578, 0, 0
1138040, 4269389, 0, 0
1139052, 4453222, 0, 0
1140036, 4817007, 0, 0
1141025, 4548720, 0, 0
1142025, 4248575, 0, 0
1143058, 4889992, 0, 0
1144006, 4427448, 0, 0
1145008, 4761038, 0, 0
1146062, 4127008, 0, 0
1147015, 4714854, 0, 0
1148034, 4963499, 0, 0
1149057, 4890200, 0, 0
1150021, 4883591, 0, 0
1151031, 4672437, 0, 0
1152034, 4838518, 0, 0
1153041, 3792146, 0, 0
1154038, 4675924, 0, 0
1155003, 4892717, 0, 0
1156057, 4440729, 0, 0
1157021, 4767170, 0, 0
1158031, 4669591, 0, 0
1159056, 4546933, 0, 0
1160008, 5530417, 0, 0
1161032, 4963232, 0, 0
1162025, 5275905, 0, 0
1163005, 5127280, 0, 0
1164014, 5085647, 0, 0
1165003, 4100308, 0, 0
1166053, 4637613, 0, 0
1167061, 4864719, 0, 0
1168029, 4741034, 0, 0
1169012, 5139299, 0, 0
1170055, 4713567, 0, 0
1171058, 4814168, 0, 0
1172029, 5022562, 0, 0
1173053, 4351336, 0, 0
1174008, 4699073, 0, 0
1175039, 4619105, 0, 0
1176035, 4852227, 0, 0
1177052, 4660406, 0, 0
1178011, 5258774, 0, 0
1179021, 4849659, 0, 0
1180019, 5009566, 0, 0
1181060, 4685054, 0, 0
1182012, 5000882, 0, 0
1183034, 4455635, 0, 0
1184052, 4237733, 0, 0
1185031, 4889992, 0, 0
1186027, 4876029, 0, 0
1187053, 4787207, 0, 0
1188056, 4789744, 0, 0
1189040, 4869706, 0, 0
1190045, 4439662, 0, 0
1191035, 4640527, 0, 0
1192067, 4794177, 0, 0
1193008, 5628987, 0, 0
1194040, 4815268, 0, 0
1195061, 4594093, 0, 0
1196015, 4762503, 0, 0
1197038, 4463128, 0, 0
1198012, 4402418, 0, 0
1199042, 4897884, 0, 0
1200059, 4471890, 0, 0
1201047, 4425777, 0, 0
1202057, 4944680, 0, 0
1203003, 5104005, 0, 0
1204061, 4314923, 0, 0
1205059, 4699924, 0, 0
1206004, 4310746, 0, 0
1207017, 4302475, 0, 0
1208015, 5084221, 0, 0
1209052, 4428274, 0, 0
1210022, 5016566, 0, 0
1211033, 4631132, 0, 0
1212031, 5008518, 0, 0
1213037, 4407721, 0, 0
1214052, 4827719, 0, 0
1215060, 5056882, 0, 0
1216003, 4112613, 0, 0
1217063, 5242896, 0, 0
1218019, 5300473, 0, 0
1219044, 5068236, 0, 0
1220027, 4213508, 0, 0
1221046, 5015968, 0, 0
1222047, 4524058, 0, 0
1223013, 4998119, 0, 0
1224002, 4347317, 0, 0
1225028, 4702928, 0, 0
1226008, 5071605, 0, 0
1227052, 4674330, 0, 0
1228065, 5324660, 0, 0
1229052, 4695124, 0, 0
1230008, 4794622, 0, 0
1231055, 4667457, 0, 0
1232008, 4785314, 0, 0
1233001, 4446075, 0, 0
1234009, 4659827, 0, 0
1235017, 4106648, 0, 0
1236004, 4161983, 0, 0
1237026, 4974549, 0, 0
1238040, 4667905, 0, 0
1239043, 4750443, 0, 0
1240045, 4147831, 0, 0
1241003, 4737086, 0, 0
1242030, 5052597, 0, 0
1243050, 5071321, 0, 0
1244066, 4786147, 0, 0
1245056, 4704847, 0, 0
1246041, 4223455, 0, 0
1247075, 5012759, 0, 0
1248023, 4852169, 0, 0
1249050, 5154160, 0, 0
1250038, 5139786, 0, 0
1251013, 4679098, 0, 0
1252040, 5053492, 0, 0
1253053, 4579982, 0, 0
1254047, 4661215, 0, 0
1255042, 4844593, 0, 0
1256021, 5173680, 0, 0
1257028, 5266822, 0, 0
1258032, 4749752, 0, 0
1259013, 5326328, 0, 0
1260006, 5062394, 0, 0
1261029, 4327981, 0, 0
1262026, 5442582, 0, 0
1263017, 4896717, 0, 0
1264051, 4823299, 0, 0
1265005, 4887139, 0, 0
1266013, 4839651, 0, 0
1267050, 4816030, 0, 0
1268059, 4756864, 0, 0
1269037, 3937369, 0, 0
1270007, 5095226, 0, 0
1271008, 4738409, 0, 0
1272053, 4479017, 0, 0
1273020, 4199885, 0, 0
1274047, 4703958, 0, 0
1275059, 4765748, 0, 0
1276032, 5141407, 0, 0
1277011, 5177070, 0, 0
1278008, 4325874, 0, 0
1279040, 5399767, 0, 0
1280050, 5199527, 0, 0
1281054, 4160080, 0, 0
1282060, 4151408, 0, 0
1283010, 4582250, 0, 0
1284000, 4471065, 0, 0
1285051, 4545798, 0, 0
1286053, 4387476, 0, 0
1287022, 5259411, 0, 0
1288058, 4837630, 0, 0
1289060, 5379369, 0, 0
1290055, 4495024, 0, 0
1291006, 4479832, 0, 0
1292041, 4901673, 0, 0
1293038, 5212442, 0, 0
1294026, 5393501, 0, 0
1295041, 4758471, 0, 0
1296014, 4299018, 0, 0
1297036, 5027650, 0, 0
1298064, 4542810, 0, 0
1299065, 4900752, 0, 0
1300057, 4927156, 0, 0
1301057, 5373919, 0, 0
1302041, 4609228, 0, 0
1303043, 4572164, 0, 0
1304005, 5307964, 0, 0
1305030, 5277611, 0, 0
1306012, 4953135, 0, 0
1307020, 4511482, 0, 0
1308012, 4633030, 0, 0
1309020, 4883911, 0, 0
1310019, 4819700, 0, 0
1311013, 5336733, 0, 0
1312041, 4844689, 0, 0
1313005, 5121465, 0, 0
1314029, 4174426, 0, 0
1315006, 4220814, 0, 0
1316055, 4617596, 0, 0
1317015, 4583207, 0, 0
1318024, 4799431, 0, 0
1319057, 4938362, 0, 0
1320011, 5122267, 0, 0
1321039, 4403638, 0, 0
1322038, 4870370, 0, 0
1323047, 5036275, 0, 0
1324000, 5060110, 0, 0
1325027, 4933526, 0, 0
1326045, 5158940, 0, 0
1327026, 4603641, 0, 0
1328006, 5468727, 0, 0
1329047, 4927689, 0, 0
1330045, 5033228, 0, 0
1331037, 5051244, 0, 0
1332024, 4717794, 0, 0
1333030, 4878497, 0, 0
1334021, 4396265, 0, 0
1335026, 5044543, 0, 0
1336020, 4773238, 0, 0
1337097, 5690814, 0, 0
1338043, 4797116, 0, 0
1339062, 4799944, 0, 0
1340026, 5206745, 0, 0
1341030, 4818774, 0, 0
1342046, 4950850, 0, 0
1343043, 4403969, 0, 0
1344064, 5027128, 0, 0
1345016, 4705691, 0, 0
1346009, 4524684, 0, 0
1347029, 4716374, 0, 0
1348047, 4754114, 0, 0
1349063, 5452448, 0, 0
1350009, 4774417, 0, 0
1351027, 4685451, 0, 0
1352016, 4721713, 0, 0
1353002, 5267487, 0, 0
1354034, 4931127, 0, 0
1355017, 5456906, 0, 0
1356006, 4333568, 0, 0
1357021, 4715112, 0, 0
1358007, 4997698, 0, 0
1359055, 4777271, 0, 0
1360037, 5057041, 0, 0
1361026, 4592646, 0, 0
1362013, 4785498, 0, 0
1363052, 5292910, 0, 0
1364009, 4576931, 0, 0
1365056, 5174858, 0, 0
1366023, 4951211, 0, 0
1367059, 5227162, 0, 0
1368033, 5118157, 0, 0
1369036, 4792496, 0, 0
1370016, 4468844, 0, 0
1371070, 5398787, 0, 0
1372007, 4567531, 0, 0
1373061, 5183724, 0, 0
1374001, 5050138, 0, 0
1375059, 4738335, 0, 0
1376025, 5132196, 0, 0
1377006, 4873930, 0, 0
1378008, 5530504, 0, 0
1379009, 4582437, 0, 0
1380040, 4836319, 0, 0
1381010, 5233727, 0, 0
1382001, 4828829, 0, 0
1383014, 5243499, 0, 0
1384031, 5127628, 0, 0
1385002, 4732637, 0, 0
1386050, 4932714, 0, 0
1387006, 4948101, 0, 0
1388055, 4875287, 0, 0
1389056, 4996330, 0, 0
1390053, 4880821, 0, 0
1391016, 5060431, 0, 0
1392041, 4632794, 0, 0
1393007, 4529318, 0, 0
1394043, 4813168, 0, 0
1395049, 5490398, 0, 0
1396046, 4546881, 0, 0
1397045, 4709085, 0, 0
1398002, 5221477, 0, 0
1399057, 5091226, 0, 0
1400055, 4747049, 0, 0
1401044, 5336510, 0, 0
1402068, 5382373, 0, 0
1403038, 4967317, 0, 0
1404034, 5053623, 0, 0
1405027, 4504990, 0, 0
1406065, 5292593, 0, 0
1407005, 5126186, 0, 0
1408055, 4969675, 0, 0
1409031, 4901108, 0, 0
1410051, 4826570, 0, 0
1411054, 5139098, 0, 0
1412049, 5044808, 0, 0
1413009, 5239236, 0, 0
1414025, 5049626, 0, 0
1415001, 4872719, 0, 0
1416050, 4965267, 0, 0
1417000, 5210775, 0, 0
1418037, 4795823, 0, 0
1419054, 4597528, 0, 0
1420049, 5041741, 0, 0
1421007, 5035083, 0, 0
1422037, 5225155, 0, 0
1423001, 4763630, 0, 0
1424037, 4560600, 0, 0
1425014, 5271269, 0, 0
1426042, 4867429, 0, 0
1427051, 5039753, 0, 0
1428055, 5012181, 0, 0
1429038, 5060473, 0, 0
1430043, 4733672, 0, 0
1431008, 4941119, 0, 0
1432028, 5598485, 0, 0
1433046, 5161217, 0, 0
1434062, 5430174, 0, 0
1435052, 4371279, 0, 0
1436043, 5025279, 0, 0
1437047, 4868271, 0, 0
1438045, 4655338, 0, 0
1439002, 5221979, 0, 0
1440005, 5114934, 0, 0
1441024, 5038385, 0, 0
1442016, 5237740, 0, 0
1443053, 4912503, 0, 0
1444045, 5241001, 0, 0
1445014, 5039466, 0, 0
1446011, 5242255, 0, 0
1447059, 5421212, 0, 0
1448015, 4825722, 0, 0
1449022, 5025144, 0, 0
1450043, 4657833, 0, 0
1451040, 5294867, 0, 0
1452054, 5274805, 0, 0
1453022, 4606591, 0, 0
1454000, 5223020, 0, 0
1455054, 5135370, 0, 0
1456045, 4924079, 0, 0
1457041, 5346172, 0, 0
1458057, 5101235, 0, 0
1459026, 4788233, 0, 0
1460055, 5327322, 0, 0
1461054, 5168650, 0, 0
1462006, 4732970, 0, 0
1463018, 5182123, 0, 0
1464045, 5340995, 0, 0
1465020, 5381901, 0, 0
1466000, 4945840, 0, 0
1467010, 4969256, 0, 0
1468012, 4696485, 0, 0
1469012, 4779553, 0, 0
1470014, 5589697, 0, 0
1471037, 5034384, 0, 0
1472020, 5640483, 0, 0
1473024, 4870318, 0, 0
1474059, 5192448, 0, 0
1475032, 4584967, 0, 0
1476029, 4383472, 0, 0
1477033, 5015680, 0, 0
1478061, 5550605, 0, 0
1479046, 4994710, 0, 0
1480027, 4350727, 0, 0
1481035, 5111976, 0, 0
1482052, 5317431, 0, 0
1483030, 4720470, 0, 0
1484004, 5199441, 0, 0
1485006, 5268427, 0, 0
1486039, 5263294, 0, 0
1487015, 4850817, 0, 0
1488024, 5538344, 0, 0
1489017, 5390887, 0, 0
1490035, 5008665, 0, 0
1491059, 5615015, 0, 0
1492055, 5211178, 0, 0
1493013, 5287356, 0, 0
1494040, 5101613, 0, 0
1495012, 4951935, 0, 0
1496026, 4669705, 0, 0
1497049, 4864699, 0, 0
1498046, 4628199, 0, 0
1499017, 5107578, 0, 0
1500030, 5587095, 0, 0
1501002, 4926555, 0, 0
1502019, 4619016, 0, 0
1503022, 4983892, 0, 0
1504030, 5298411, 0, 0
1505012, 5391484, 0, 0
1506028, 5511894, 0, 0
1507051, 5009815, 0, 0
1508005, 6030851, 0, 0
1509050, 4853513, 0, 0
1510061, 4902562, 0, 0
1511024, 4981508, 0, 0
1512059, 5168821, 0, 0
1513052, 6165834, 0, 0
1514031, 4789799, 0, 0
1515042, 4549594, 0, 0
1516003, 5551272, 0, 0
1517031, 4864333, 0, 0
1518022, 5529171, 0, 0
1519063, 5198592, 0, 0
1520004, 5631552, 0, 0
1521005, 5741238, 0, 0
1522036, 5364953, 0, 0
1523040, 5038643, 0, 0
1524052, 5156113, 0, 0
1525056, 5145232, 0, 0
1526042, 5073715, 0, 0
1527048, 4834311, 0, 0
1528061, 4980909, 0, 0
1529036, 4942317, 0, 0
1530031, 5434048, 0, 0
1531048, 5804971, 0, 0
1532010, 4922285, 0, 0
1533022, 4930975, 0, 0
1534040, 5111053, 0, 0
1535062, 5052104, 0, 0
1536014, 5197263, 0, 0
1537014, 5071245, 0, 0
1538066, 5200022, 0, 0
1539016, 5361632, 0, 0
1540034, 5007142, 0, 0
1541057, 5296726, 0, 0
1542054, 5325643, 0, 0
1543020, 4897699, 0, 0
1544051, 5361103, 0, 0
1545038, 5215167, 0, 0
1546054, 4854633, 0, 0
1547024, 5047121, 0, 0
1548053, 4894030, 0, 0
1549036, 5845932, 0, 0
1550035, 5061068, 0, 0
1551044, 4753999, 0, 0
1552012, 5141586, 0, 0
1553022, 5095490, 0, 0
1554007, 5261560, 0, 0
1555008, 5433079, 0, 0
1556011, 5111320, 0, 0
1557019, 6373859, 0, 0
1558008, 4792901, 0, 0
1559050, 4687797, 0, 0
1560005, 4817442, 0, 0
1561018, 5330290, 0, 0
1562025, 5105438, 0, 0
1563027, 5590791, 0, 0
1564019, 5383557, 0, 0
1565035, 5178223, 0, 0
1566004, 5174980, 0, 0
1567028, 5325842, 0, 0
1568055, 5315061, 0, 0
1569054, 5146106, 0, 0
1570055, 5315197, 0, 0
1571045, 5526158, 0, 0
1572060, 4588856, 0, 0
1573002, 5197888, 0, 0
1574045, 5422558, 0, 0
1575004, 5178455, 0, 0
1576022, 4985400, 0, 0
1577059, 5232944, 0, 0
1578055, 5178723, 0, 0
1579007, 4975794, 0, 0
1580038, 5000172, 0, 0
1581038, 5173815, 0, 0
1582039, 5404231, 0, 0
1583056, 5524562, 0, 0
1584006, 5330610, 0, 0
1585058, 5645710, 0, 0
1586023, 5449848, 0, 0
1587050, 5234275, 0, 0
1588062, 5401958, 0, 0
1589054, 5003371, 0, 0
1590022, 5198224, 0, 0
1591029, 5881530, 0, 0
1592003, 5346220, 0, 0
1593035, 5398447, 0, 0
1594059, 4821990, 0, 0
1595070, 5580113, 0, 0
1596033, 5343996, 0, 0
1597040, 5132823, 0, 0
1598026, 5934497, 0, 0
1599018, 5726379, 0, 0
1600028, 4970237, 0, 0
1601058, 6393114, 0, 0
1602004, 5187761, 0, 0
1603032, 4868629, 0, 0
1604054, 5635772, 0, 0
1605000, 5079381, 0, 0
1606042, 5232649, 0, 0
1607021, 5589274, 0, 0
1608069, 5203036, 0, 0
1609041, 5365141, 0, 0
1610006, 5539741, 0, 0
1611061, 5042870, 0, 0
1612000, 5453351, 0, 0
1613021, 4767003, 0, 0
1614028, 5317784, 0, 0
1615051, 5133837, 0, 0
1616008, 5561386, 0, 0
1617034, 5507082, 0, 0
1618051, 5374675, 0, 0
1619032, 5477827, 0, 0
1620037, 5016368, 0, 0
1621004, 5250138, 0, 0
1622011, 5351123, 0, 0
1623053, 4771156, 0, 0
1624011, 5202048, 0, 0
1625043, 5454047, 0, 0
1626010, 5550432, 0, 0
1627041, 5418541, 0, 0
1628025, 5014578, 0, 0
1629055, 6053879, 0, 0
1630012, 5224177, 0, 0
1631025, 5059107, 0, 0
1632001, 5323799, 0, 0
1633060, 4921751, 0, 0
1634011, 5719589, 0, 0
1635000, 5251817, 0, 0
1636044, 5241550, 0, 0
1637045, 4926227, 0, 0
1638054, 5301387, 0, 0
1639001, 5600544, 0, 0
1640008, 5583831, 0, 0
1641049, 4953164, 0, 0
1642019, 5503751, 0, 0
1643001, 5947675, 0, 0
1644016, 5418269, 0, 0
1645046, 5066397, 0, 0
1646006, 5297199, 0, 0
1647050, 5432917, 0, 0
1648031, 4996655, 0, 0
1649029, 5605718, 0, 0
1650002, 5193888, 0, 0
1651044, 5536030, 0, 0
1652025, 5538101, 0, 0
1653006, 5697049, 0, 0
1654063, 5416139, 0, 0
1655040, 5479457, 0, 0
1656053, 5498176, 0, 0
1657022, 5014424, 0, 0
1658017, 5616597, 0, 0
1659006, 6172742, 0, 0
1660022, 5736296, 0, 0
1661043, 5700261, 0, 0
1662049, 4760478, 0, 0
1663050, 5552074, 0, 0
1664030, 4661508, 0, 0
1665065, 5811778, 0, 0
1666061, 5524911, 0, 0
1667012, 5246351, 0, 0
1668000, 4884791, 0, 0
1669043, 5694848, 0, 0
1670020, 5304253, 0, 0
1671003, 6063108, 0, 0
1672000, 5467822, 0, 0
1673001, 5783599, 0, 0
1674057, 5992643, 0, 0
1675061, 5634739, 0, 0
1676051, 5046422, 0, 0
1677062, 5578057, 0, 0
1678057, 5584546, 0, 0
1679002, 5824646, 0, 0
1680010, 5563031, 0, 0
1681029, 5330774, 0, 0
1682044, 5827621, 0, 0
1683000, 5102446, 0, 0
1684057, 5416425, 0, 0
1685058, 5372741, 0, 0
1686053, 5618808, 0, 0
1687043, 5491104, 0, 0
1688057, 5248674, 0, 0
1689000, 4980024, 0, 0
1690010, 5426300, 0, 0
1691008, 6005374, 0, 0
1692058, 6028379, 0, 0
1693004, 5193150, 0, 0
1694010, 5488110, 0, 0
1695018, 5387027, 0, 0
1696023, 5605348, 0, 0
1697052, 6013909, 0, 0
1698017, 5843260, 0, 0
1699053, 5946125, 0, 0
1700036, 5483260, 0, 0
1701029, 5250386, 0, 0
1702019, 5920255, 0, 0
1703057, 5543178, 0, 0
1704018, 5816018, 0, 0
1705043, 5598696, 0, 0
1706052, 6261489, 0, 0
1707057, 5252358, 0, 0
1708024, 5518550, 0, 0
1709062, 5345703, 0, 0
1710009, 5376213, 0, 0
1711030, 5826168, 0, 0
1712019, 6173233, 0, 0
1713024, 5517696, 0, 0
1714040, 5176203, 0, 0
1715039, 5801246, 0, 0
1716005, 5481993, 0, 0
1717048, 5484157, 0, 0
1718005, 5658319, 0, 0
1719046, 5740992, 0, 0
1720001, 5243808, 0, 0
1721019, 5293909, 0, 0
1722009, 5559154, 0, 0
1723023, 6327980, 0, 0
1724040, 5873818, 0, 0
1725051, 5906208, 0, 0
1726059, 5590901, 0, 0
1727019, 5609277, 0, 0
1728041, 6078861, 0, 0
1729036, 5648309, 0, 0
1730016, 5860525, 0, 0
1731032, 5577141, 0, 0
1732068, 6120463, 0, 0
1733039, 5326338, 0, 0
1734056, 5742671, 0, 0
1735055, 5422360, 0, 0
1736059, 5279087, 0, 0
1737042, 5772365, 0, 0
1738032, 6469344, 0, 0
1739041, 5503299, 0, 0
1740048, 5352696, 0, 0
1741000, 5466622, 0, 0
1742016, 6112215, 0, 0
1743012, 5207795, 0, 0
1744001, 5370291, 0, 0
1745004, 5567659, 0, 0
1746003, 5800887, 0, 0
1747007, 5828916, 0, 0
1748050, 6429863, 0, 0
1749042, 6158028, 0, 0
1750015, 5400459, 0, 0
1751033, 5586099, 0, 0
1752037, 5508226, 0, 0
1753043, 5432933, 0, 0
1754042, 5871058, 0, 0
1755008, 5921509, 0, 0
1756056, 6121334, 0, 0
1757001, 5520283, 0, 0
1758016, 5663995, 0, 0
1759011, 5810240, 0, 0
1760062, 5867520, 0, 0
1761022, 5477193, 0, 0
1762056, 5642140, 0, 0
1763018, 5340040, 0, 0
1764023, 5516348, 0, 0
1765035, 5521256, 0, 0
1766031, 5378531, 0, 0
1767049, 5552982, 0, 0
1768016, 5456647, 0, 0
1769020, 5869345, 0, 0
1770018, 6388961, 0, 0
1771006, 5608141, 0, 0
1772010, 5663005, 0, 0
1773022, 5583814, 0, 0
1774001, 5964984, 0, 0
1775032, 5692265, 0, 0
1776006, 6848973, 0, 0
1777054, 5395943, 0, 0
1778014, 5995009, 0, 0
1779005, 5562264, 0, 0
1780025, 6060689, 0, 0
1781045, 5892799, 0, 0
1782037, 5968147, 0, 0
1783037, 5947824, 0, 0
1784063, 5821549, 0, 0
1785058, 6022957, 0, 0
1786000, 5636915, 0, 0
1787042, 6123392, 0, 0
1788000, 5800332, 0, 0
1789012, 6203906, 0, 0
1790044, 5539243, 0, 0
1791008, 6252302, 0, 0
1792004, 5528790, 0, 0
1793006, 6583838, 0, 0
1794023, 5838694, 0, 0
1795023, 5313833, 0, 0
1796035, 5979624, 0, 0
1797050, 6181055, 0, 0
1798043, 5834249, 0, 0
1799051, 6068555, 0, 0
1800017, 5996948, 0, 0
1801003, 5827427, 0, 0
1802048, 5893316, 0, 0
1803017, 6682352, 0, 0
1804019, 5990088, 0, 0
1805036, 5905324, 0, 0
1806021, 5287741, 0, 0
1807048, 5549710, 0, 0
1808048, 6162973, 0, 0
1809044, 5379713, 0, 0
1810041, 5264541, 0, 0
1811031, 5995254, 0, 0
1812023, 5356585, 0, 0
1813061, 5633326, 0, 0
1814044, 6255474, 0, 0
1815002, 6646337, 0, 0
1816013, 5840440, 0, 0
1817029, 6039534, 0, 0
1818053, 5619519, 0, 0
1819059, 5739630, 0, 0
1820040, 6450651, 0, 0
1821046, 5613762, 0, 0
1822006, 6031634, 0, 0
1823003, 5595320, 0, 0
1824025, 5735158, 0, 0
1825048, 5942391, 0, 0
1826010, 5856227, 0, 0
1827060, 6099793, 0, 0
1828024, 6094728, 0, 0
1829030, 6089567, 0, 0
1830009, 5753271, 0, 0
1831009, 5641512, 0, 0
1832045, 6019705, 0, 0
1833071, 5726220, 0, 0
1834050, 6743069, 0, 0
1835028, 5817108, 0, 0
1836021, 6044861, 0, 0
1837060, 6141501, 0, 0
1838019, 5805220, 0, 0
1839024, 5944258, 0, 0
1840028, 5542069, 0, 0
1841052, 6434559, 0, 0
1842052, 6125970, 0, 0
1843019, 6195152, 0, 0
1844015, 5233052, 0, 0
1845052, 6433173, 0, 0
1846061, 6463752, 0, 0
1847021, 5958899, 0, 0
1848057, 6508621, 0, 0
1849018, 6150136, 0, 0
1850051, 6409917, 0, 0
1851006, 5647177, 0, 0
1852022, 5898906, 0, 0
1853041, 6061605, 0, 0
1854013, 6387934, 0, 0
1855028, 5858727, 0, 0
1856004, 6249035, 0, 0
1857012, 5923531, 0, 0
1858036, 6126081, 0, 0
1859027, 6109756, 0, 0
1860047, 6029098, 0, 0
1861015, 5524871, 0, 0
1862046, 5788177, 0, 0
1863046, 5908249, 0, 0
1864043, 6512685, 0, 0
1865038, 5914392, 0, 0
1866046, 6332227, 0, 0
1867065, 6025644, 0, 0
1868054, 6247775, 0, 0
1869018, 6735843, 0, 0
1870012, 6204479, 0, 0
1871017, 6238463, 0, 0
1872006, 5881365, 0, 0
1873040, 6261464, 0, 0
1874034, 6163150, 0, 0
1875061, 6454156, 0, 0
1876020, 6302056, 0, 0
1877053, 6787441, 0, 0
1878000, 5953528, 0, 0
1879060, 5720488, 0, 0
1880028, 6361659, 0, 0
1881049, 5603597, 0, 0
1882031, 6174021, 0, 0
1883050, 6920117, 0, 0
1884035, 5858885, 0, 0
1885012, 6337413, 0, 0
1886042, 6511711, 0, 0
1887047, 5973536, 0, 0
1888006, 5992525, 0, 0
1889028, 5766647, 0, 0
1890054, 5890342, 0, 0
1891011, 5828151, 0, 0
1892019, 6671891, 0, 0
1893025, 6048232, 0, 0
1894033, 6034615, 0, 0
1895029, 5993443, 0, 0
1896012, 5878236, 0, 0
1897015, 5661896, 0, 0
1898041, 6248305, 0, 0
1899008, 6190478, 0, 0
1900044, 6162111, 0, 0
1901016, 5847923, 0, 0
1902045, 5976609, 0, 0
1903037, 6155529, 0, 0
1904021, 5920853, 0, 0
1905030, 5570518, 0, 0
1906028, 6345752, 0, 0
1907006, 6304793, 0, 0
1908029, 6506696, 0, 0
1909029, 6617983, 0, 0
1910067, 6523229, 0, 0
1911062, 6580252, 0, 0
1912057, 5373113, 0, 0
1913031, 6952224, 0, 0
1914010, 6607939, 0, 0
1915027, 5840261, 0, 0
1916054, 5764724, 0, 0
1917008, 6028258, 0, 0
1918042, 6379078, 0, 0
1919039, 6033146, 0, 0
1920014, 6449852, 0, 0
1921048, 6040853, 0, 0
1922007, 5988797, 0, 0
1923036, 6266842, 0, 0
1924061, 6025340, 0, 0
1925030, 6168476, 0, 0
1926060, 6429194, 0, 0
1927002, 6112149, 0, 0
1928010, 6061912, 0, 0
1929054, 6482114, 0, 0
1930009, 6396832, 0, 0
1931016, 6176754, 0, 0
1932006, 6256336, 0, 0
1933004, 6042902, 0, 0
1934059, 6799609, 0, 0
1935028, 6770629, 0, 0
1936045, 6118325, 0, 0
1937014, 6054502, 0, 0
1938048, 6703985, 0, 0
1939022, 6157288, 0, 0
1940047, 6283188, 0, 0
1941055, 6374704, 0, 0
1942034, 6989428, 0, 0
1943038, 6512318, 0, 0
1944055, 6307898, 0, 0
1945054, 6278143, 0, 0
1946010, 6162573, 0, 0
1947047, 6128757, 0, 0
1948054, 6893424, 0, 0
1949053, 6563782, 0, 0
1950056, 6503467, 0, 0
1951054, 6605346, 0, 0
1952028, 6315071, 0, 0
1953026, 5970925, 0, 0
1954041, 6499103, 0, 0
1955045, 6644684, 0, 0
1956022, 6255429, 0, 0
1957005, 5811937, 0, 0
1958032, 6618880, 0, 0
1959001, 6671163, 0, 0
1960038, 6438591, 0, 0
1961047, 6146688, 0, 0
1962047, 5871861, 0, 0
1963063, 7100912, 0, 0
1964038, 6245247, 0, 0
1965028, 6964250, 0, 0
1966044, 6383742, 0, 0
1967007, 6773850, 0, 0
1968043, 6681504, 0, 0
1969015, 6264980, 0, 0
1970026, 5936760, 0, 0
1971031, 6565384, 0, 0
1972011, 6154648, 0, 0
1973052, 6339906, 0, 0
1974023, 5917129, 0, 0
1975001, 6739193, 0, 0
1976047, 6449006, 0, 0
1977056, 6222284, 0, 0
1978030, 6275081, 0, 0
1979014, 6070943, 0, 0
1980065, 6560977, 0, 0
1981015, 6159602, 0, 0
1982005, 5890269, 0, 0
1983042, 6515155, 0, 0
1984008, 6474818, 0, 0
1985013, 6652046, 0, 0
1986015, 6101692, 0, 0
1987049, 6540738, 0, 0
1988022, 6480678, 0, 0
1989052, 6232555, 0, 0
1990032, 6949499, 0, 0
1991007, 6280018, 0, 0
1992013, 6403411, 0, 0
1993000, 6162309, 0, 0
1994027, 6333109, 0, 0
1995045, 6647577, 0, 0
1996058, 6741678, 0, 0
1997020, 6817146, 0, 0
1998055, 6386438, 0, 0
1999063, 6626448, 0, 0
2000013, 6365347, 0, 0
2001028, 6584540, 0, 0
2002021, 6486514, 0, 0
2003017, 6859787, 0, 0
2004014, 6511189, 0, 0
2005055, 6046112, 0, 0
2006003, 6309877, 0, 0
2007042, 7017023, 0, 0
2008055, 6488781, 0, 0
2009051, 6675851, 0, 0
2010049, 6602451, 0, 0
2011009, 6392461, 0, 0
2012021, 6437675, 0, 0
2013025, 6780017, 0, 0
2014017, 7230305, 0, 0
2015028, 6739286, 0, 0
2016043, 6621921, 0, 0
2017044, 6540254, 0, 0
2018061, 6863659, 0, 0
2019011, 6080447, 0, 0
2020035, 7155042, 0, 0
2021056, 6335191, 0, 0
2022017, 5927659, 0, 0
2023029, 7021221, 0, 0
2024054, 6651430, 0, 0
2025033, 7031342, 0, 0
2026041, 6717789, 0, 0
2027061, 6887488, 0, 0
2028013, 6694029, 0, 0
2029016, 6546426, 0, 0
2030047, 6606916, 0, 0
2031014, 6483765, 0, 0
2032055, 6884537, 0, 0
2033015, 6312883, 0, 0
2034023, 6453816, 0, 0
2035027, 6730171, 0, 0
2036014, 6751648, 0, 0
2037018, 6643311, 0, 0
2038008, 6462634, 0, 0
2039013, 6832061, 0, 0
2040034, 6333905, 0, 0
2041031, 6304595, 0, 0
2042036, 6971864, 0, 0
2043023, 7202008, 0, 0
2044033, 6591528, 0, 0
2045065, 6522427, 0, 0
2046042, 6508050, 0, 0
2047044, 6589361, 0, 0
2048011, 6757093, 0, 0
2049015, 6596359, 0, 0
2050057, 6505555, 0, 0
2051013, 6496906, 0, 0
2052016, 6723580, 0, 0
2053013, 6640881, 0, 0
2054014, 6803343, 0, 0
2055030, 6190754, 0, 0
2056005, 6951953, 0, 0
2057041, 6351659, 0, 0
2058066, 6652568, 0, 0
2059053, 6439461, 0, 0
2060040, 6325104, 0, 0
2061008, 6401346, 0, 0
2062050, 7281711, 0, 0
2063016, 7042604, 0, 0
2064051, 6381493, 0, 0
2065055, 6518397, 0, 0
2066054, 6651608, 0, 0
2067013, 6516255, 0, 0
2068057, 6730196, 0, 0
2069018, 6074628, 0, 0
2070024, 7075856, 0, 0
2071056, 6327388, 0, 0
2072004, 6357412, 0, 0
2073053, 6276011, 0, 0
2074007, 6439291, 0, 0
2075029, 6539384, 0, 0
2076028, 6980099, 0, 0
2077008, 6445939, 0, 0
2078029, 7132313, 0, 0
2079025, 6591292, 0, 0
2080016, 6301721, 0, 0
2081004, 6762211, 0, 0
2082055, 6518690, 0, 0
2083062, 7242273, 0, 0
2084057, 6534897, 0, 0
2085052, 6415365, 0, 0
2086040, 6666864, 0, 0
2087044, 6554447, 0, 0
2088025, 6955014, 0, 0
2089031, 6927677, 0, 0
2090032, 6250782, 0, 0
2091024, 6356360, 0, 0
2092036, 6692872, 0, 0
2093031, 6174267, 0, 0
2094059, 6625079, 0, 0
2095048, 6255671, 0, 0
2096014, 6889276, 0, 0
2097006, 6567765, 0, 0
2098023, 7410604, 0, 0
2099060, 6687881, 0, 0
2100034, 6805673, 0, 0
2101020, 7085287, 0, 0
2102008, 6452874, 0, 0
2103009, 6171732, 0, 0
2104044, 6796999, 0, 0
2105028, 6304468, 0, 0
2106009, 6951817, 0, 0
2107019, 6771162, 0, 0
2108051, 6522217, 0, 0
2109051, 7140748, 0, 0
2110018, 6901307, 0, 0
2111064, 6963710, 0, 0
2112012, 7344500, 0, 0
2113045, 6744971, 0, 0
2114059, 6665487, 0, 0
2115027, 6757335, 0, 0
2116036, 6588515, 0, 0
2117010, 7053366, 0, 0
2118061, 6687664, 0, 0
2119036, 7063568, 0, 0
2120052, 7514500, 0, 0
2121014, 6773322, 0, 0
2122028, 6326236, 0, 0
2123031, 6817558, 0, 0
2124005, 6578098, 0, 0
2125007, 6581616, 0, 0
2126007, 6281334, 0, 0
2127022, 8182915, 0, 0
2128021, 6565027, 0, 0
2129047, 6610057, 0, 0
2130060, 6615077, 0, 0
2131037, 7229215, 0, 0
2132010, 6617601, 0, 0
2133042, 7058264, 0, 0
2134035, 6614743, 0, 0
2135049, 6412103, 0, 0
2136018, 6675426, 0, 0
2137010, 7181970, 0, 0
2138065, 6587158, 0, 0
2139024, 6697719, 0, 0
2140053, 6809062, 0, 0
2141004, 7197553, 0, 0
2142024, 6934354, 0, 0
2143046, 6340665, 0, 0
2144030, 6735376, 0, 0
2145028, 6781855, 0, 0
2146029, 6989968, 0, 0
2147039, 6307649, 0, 0
2148034, 6584623, 0, 0
2149011, 6685003, 0, 0
2150023, 6781073, 0, 0
2151010, 7046410, 0, 0
2152005, 6581210, 0, 0
2153055, 6356736, 0, 0
2154021, 7047906, 0, 0
2155020, 6612636, 0, 0
2156033, 6565555, 0, 0
2157014, 6449843, 0, 0
2158030, 6545694, 0, 0
2159067, 6956136, 0, 0
2160032, 6302879, 0, 0
2161003, 6928153, 0, 0
2162055, 6177508, 0, 0
2163042, 6449945, 0, 0
2164004, 7113915, 0, 0
2165033, 6310079, 0, 0
2166044, 6826345, 0, 0
2167063, 6359228, 0, 0
2168002, 6698939, 0, 0
2169011, 7051332, 0, 0
2170024, 6616809, 0, 0
2171063, 7055642, 0, 0
2172016, 6616542, 0, 0
2173008, 6651455, 0, 0
2174028, 6926655, 0, 0
2175029, 6666741, 0, 0
2176002, 6847909, 0, 0
2177017, 6948299, 0, 0
2178039, 6940506, 0, 0
2179002, 7406464, 0, 0
2180054, 6527793, 0, 0
2181054, 7239562, 0, 0
2182021, 7428017, 0, 0
2183043, 6853035, 0, 0
2184006, 6971415, 0, 0
2185011, 6828271, 0, 0
2186028, 6641487, 0, 0
2187034, 6401254, 0, 0
2188042, 6711460, 0, 0
2189025, 6462737, 0, 0
2190047, 6997979, 0, 0
2191009, 6964612, 0, 0
2192047, 7054406, 0, 0
2193022, 6906248, 0, 0
2194041, 6653806, 0, 0
2195015, 7204749, 0, 0
2196018, 5825946, 0, 0
2197067, 7129899, 0, 0
2198038, 7236408, 0, 0
2199016, 7297763, 0, 0
2200040, 6912149, 0, 0
2201011, 7181932, 0, 0
2202027, 6765685, 0, 0
2203046, 7377466, 0, 0
2204016, 6831045, 0, 0
2205008, 6513501, 0, 0
2206016, 6856443, 0, 0
2207052, 6761556, 0, 0
2208039, 6802598, 0, 0
2209044, 6877561, 0, 0
2210032, 6856405, 0, 0
2211020, 7258467, 0, 0
2212045, 6779077, 0, 0
2213000, 6960820, 0, 0
2214023, 7359024, 0, 0
2215033, 7201672, 0, 0
2216038, 7333828, 0, 0
2217001, 7231702, 0, 0
2218010, 6763336, 0, 0
2219040, 7004922, 0, 0
2220011, 7029490, 0, 0
2221018, 7031464, 0, 0
2222014, 6768257, 0, 0
2223052, 6961402, 0, 0
2224034, 6815218, 0, 0
2225043, 7197871, 0, 0
2226043, 7036293, 0, 0
2227042, 6981124, 0, 0
2228009, 6997949, 0, 0
2229019, 7258935, 0, 0
2230045, 7272333, 0, 0
2231056, 7114861, 0, 0
2232002, 6700790, 0, 0
2233046, 6820693, 0, 0
2234037, 6918885, 0, 0
2235033, 7059354, 0, 0
2236043, 6960563, 0, 0
2237015, 6560806, 0, 0
2238063, 6190711, 0, 0
2239018, 6769101, 0, 0
2240043, 6522701, 0, 0
2241010, 6483915, 0, 0
2242022, 6481236, 0, 0
2243032, 6954449, 0, 0
2244032, 7570907, 0, 0
2245003, 7351847, 0, 0
2246026, 6900292, 0, 0
2247007, 7543916, 0, 0
2248042, 6984061, 0, 0
2249037, 6856351, 0, 0
2250032, 6760141, 0, 0
2251047, 7141030, 0, 0
2252042, 7056898, 0, 0
2253012, 6416985, 0, 0
2254059, 6415442, 0, 0
2255012, 6703130, 0, 0
2256037, 7109668, 0, 0
2257005, 6810177, 0, 0
2258018, 7077027, 0, 0
2259020, 6675380, 0, 0
2260027, 6751405, 0, 0
2261057, 7049505, 0, 0
2262005, 6912707, 0, 0
2263037, 6523408, 0, 0
2264040, 7106124, 0, 0
2265029, 6727189, 0, 0
2266033, 6639035, 0, 0
2267006, 7256768, 0, 0
2268002, 7053684, 0, 0
2269054, 6371772, 0, 0
2270032, 6878173, 0, 0
2271014, 7434537, 0, 0
2272030, 7103444, 0, 0
2273053, 6998327, 0, 0
2274027, 6851923, 0, 0
2275004, 6684552, 0, 0
2276001, 6917847, 0, 0
2277029, 7183785, 0, 0
2278011, 6495344, 0, 0
2279014, 7370064, 0, 0
2280039, 6919149, 0, 0
2281017, 6925094, 0, 0
2282029, 7070193, 0, 0
2283025, 7269866, 0, 0
2284012, 6990833, 0, 0
2285027, 6850121, 0, 0
2286051, 6776583, 0, 0
2287029, 6695107, 0, 0
2288025, 6856301, 0, 0
2289056, 7011445, 0, 0
2290057, 6710766, 0, 0
2291013, 6454096, 0, 0
2292032, 6829627, 0, 0
2293034, 6856530, 0, 0
2294036, 6629699, 0, 0
2295002, 6848241, 0, 0
2296061, 7054393, 0, 0
2297031, 6820784, 0, 0
2298021, 7496922, 0, 0
2299003, 7159069, 0, 0
2300019, 7148567, 0, 0
2301051, 7209836, 0, 0
2302034, 6544875, 0, 0
2303034, 6795871, 0, 0
2304005, 6738194, 0, 0
2305057, 6822427, 0, 0
2306050, 6941918, 0, 0
2307046, 6813426, 0, 0
2308036, 6824896, 0, 0
2309013, 7394986, 0, 0
2310012, 7502264, 0, 0
2311023, 6962892, 0, 0
2312033, 6866848, 0, 0
2313007, 7258686, 0, 0
2314035, 6942440, 0, 0
2315045, 6912436, 0, 0
2316019, 6706855, 0, 0
2317043, 6960222, 0, 0
2318026, 6968437, 0, 0
2319055, 6946609, 0, 0
2320016, 6953539, 0, 0
2321050, 6840931, 0, 0
2322043, 6748918, 0, 0
2323029, 6988193, 0, 0
2324020, 7019104, 0, 0
2325043, 6906499, 0, 0
2326050, 7189366, 0, 0
2327037, 6801733, 0, 0
2328008, 6976370, 0, 0
2329042, 7031709, 0, 0
2330005, 7284499, 0, 0
2331036, 7306882, 0, 0
2332009, 6942263, 0, 0
2333089, 7940281, 0, 0
2334044, 7172177, 0, 0
2335031, 7308407, 0, 0
2336031, 6839567, 0, 0
2337069, 7107436, 0, 0
2338035, 6606104, 0, 0
2339041, 7127360, 0, 0
2340008, 7001485, 0, 0
2341039, 6644496, 0, 0
2342047, 6628044, 0, 0
2343026, 7586511, 0, 0
2344000, 7312632, 0, 0
2345047, 6624570, 0, 0
2346045, 6870567, 0, 0
2347018, 6757359, 0, 0
2348044, 7371716, 0, 0
2349063, 6444314, 0, 0
2350060, 6683094, 0, 0
2351013, 6483698, 0, 0
2352026, 7077560, 0, 0
2353008, 7663989, 0, 0
2354057, 6939993, 0, 0
2355013, 7353812, 0, 0
2356016, 6722226, 0, 0
2357040, 6870601, 0, 0
2358025, 6608073, 0, 0
2359002, 7022506, 0, 0
2360054, 6566559, 0, 0
2361008, 7396293, 0, 0
2362019, 6433565, 0, 0
2363058, 6826747, 0, 0
2364052, 7360087, 0, 0
2365018, 7052873, 0, 0
2366011, 6616986, 0, 0
2367046, 7033041, 0, 0
2368045, 6885136, 0, 0
2369035, 7441629, 0, 0
2370015, 6753862, 0, 0
2371020, 7229859, 0, 0
2372011, 6971351, 0, 0
2373048, 7149622, 0, 0
2374026, 6982511, 0, 0
2375006, 6803977, 0, 0
2376041, 6854809, 0, 0
2377014, 7098537, 0, 0
2378038, 7057029, 0, 0
2379031, 6887951, 0, 0
2380034, 7372358, 0, 0
2381033, 6843801, 0, 0
2382022, 6546073, 0, 0
2383042, 7130366, 0, 0
2384017, 6908953, 0, 0
2385019, 7052876, 0, 0
2386058, 7418136, 0, 0
2387023, 7249491, 0, 0
2388047, 7158220, 0, 0
2389041, 7886066, 0, 0
2390060, 6886225, 0, 0
2391024, 6978479, 0, 0
2392050, 7169696, 0, 0
2393002, 7738890, 0, 0
2394006, 8093657, 0, 0
2395024, 7316508, 0, 0
2396045, 6850790, 0, 0
2397066, 7187672, 0, 0
2398005, 6468997, 0, 0
2399053, 6985322, 0, 0
2400054, 6900506, 0, 0
