1044, 169639623, 0, 0
2045, 354449738, 0, 0
3010, 388124826, 0, 0
4010, 392568129, 0, 0
5018, 153867123, 0, 0
6015, 427543715, 0, 0
7056, 210786168, 0, 0
8027, 198717016, 0, 0
9053, 156220571, 0, 0
10007, 325124252, 0, 0
11045, 156196698, 0, 0
12028, 368463242, 0, 0
13052, 109142195, 0, 0
14006, 172718669, 0, 0
15049, 269210744, 0, 0
16048, 372030562, 0, 0
17049, 360475050, 0, 0
18056, 196596601, 0, 0
19046, 360900863, 0, 0
20021, 148577092, 0, 0
21021, 335600583, 0, 0
22005, 145271088, 0, 0
23068, 111573497, 0, 0
24005, 161585021, 0, 0
25033, 429573939, 0, 0
26016, 422591570, 0, 0
27021, 455918150, 0, 0
28029, 405570695, 0, 0
29016, 343788462, 0, 0
30036, 352288229, 0, 0
31002, 408027421, 0, 0
32070, 459381161, 0, 0
33024, 418354926, 0, 0
34043, 228147329, 0, 0
35025, 387065855, 0, 0
36026, 135539205, 0, 0
37042, 430438951, 0, 0
38051, 361581275, 0, 0
39024, 409582462, 0, 0
40022, 88629419, 0, 0
41030, 440925577, 0, 0
42002, 198491481, 0, 0
43033, 221256420, 0, 0
44050, 375522268, 0, 0
45042, 145229629, 0, 0
46037, 400172366, 0, 0
47011, 366517326, 0, 0
48031, 322473103, 0, 0
49023, 146332987, 0, 0
50004, 132425774, 0, 0
51025, 403482862, 0, 0
52029, 380564192, 0, 0
53044, 461776969, 0, 0
54003, 422671661, 0, 0
55021, 373111225, 0, 0
56009, 223131755, 0, 0
57019, 75177760, 0, 0
58043, 307206989, 0, 0
59005, 197742284, 0, 0
60053, 403883843, 0, 0
61022, 455176505, 0, 0
62046, 338653025, 0, 0
63052, 336757083, 0, 0
64007, 217708630, 0, 0
65028, 94390361, 0, 0
66049, 319752085, 0, 0
67061, 309396389, 0, 0
68058, 101915900, 0, 0
69043, 193584438, 0, 0
70037, 317626777, 0, 0
71058, 213997432, 0, 0
72011, 219784807, 0, 0
73041, 216666141, 0, 0
74008, 396190469, 0, 0
75001, 141301047, 0, 0
76014, 187936991, 0, 0
77000, 372980157, 0, 0
78021, 333602947, 0, 0
79029, 362116041, 0, 0
80037, 335115223, 0, 0
81057, 388211201, 0, 0
82035, 195427347, 0, 0
83019, 214425536, 0, 0
84013, 344511868, 0, 0
85028, 442795158, 0, 0
86011, 347448125, 0, 0
87053, 110510443, 0, 0
88049, 311747674, 0, 0
89009, 294385650, 0, 0
90056, 313245235, 0, 0
91038, 126701559, 0, 0
92049, 349614919, 0, 0
93020, 367347728, 0, 0
94004, 344321280, 0, 0
95023, 407637094, 0, 0
96041, 145983506, 0, 0
97055, 347026557, 0, 0
98012, 321977357, 0, 0
99017, 395252866, 0, 0
100044, 430080201, 0, 0
101000, 407934255, 0, 0
102034, 192939902, 0, 0
103017, 401739067, 0, 0
104049, 286681139, 0, 0
105039, 190173369, 0, 0
106060, 435670959, 0, 0
107033, 344556092, 0, 0
108011, 292633901, 0, 0
109028, 409845028, 0, 0
110028, 421674698, 0, 0
111093, 344705286, 0, 0
112028, 202524639, 0, 0
113014, 406046476, 0, 0
114012, 435238859, 0, 0
115032, 378924405, 0, 0
116047, 338396890, 0, 0
117032, 424081098, 0, 0
118037, 410208456, 0, 0
119020, 397071456, 0, 0
120034, 175177256, 0, 0
121020, 351246594, 0, 0
122035, 430606710, 0, 0
123044, 121647760, 0, 0
124045, 108363686, 0, 0
125039, 292590324, 0, 0
126026, 295965075, 0, 0
127037, 419014291, 0, 0
128037, 408533964, 0, 0
129020, 381006783, 0, 0
130058, 362119036, 0, 0
131041, 394836509, 0, 0
132021, 375505146, 0, 0
133014, 349961515, 0, 0
134030, 380355398, 0, 0
135058, 205309390, 0, 0
136036, 361392681, 0, 0
137062, 345279053, 0, 0
138015, 429395897, 0, 0
139061, 371968913, 0, 0
140045, 323403683, 0, 0
141054, 422373688, 0, 0
142006, 202112781, 0, 0
143039, 328195150, 0, 0
144075, 141017993, 0, 0
145043, 284912194, 0, 0
146013, 323904672, 0, 0
147034, 391936182, 0, 0
148031, 181188267, 0, 0
149030, 129159716, 0, 0
150053, 291261416, 0, 0
151026, 361426335, 0, 0
152055, 409800127, 0, 0
153010, 336027959, 0, 0
154015, 269292720, 0, 0
155047, 217262135, 0, 0
156060, 265405652, 0, 0
157001, 409506160, 0, 0
158046, 331082182, 0, 0
159046, 331000849, 0, 0
160057, 353318620, 0, 0
161048, 320093269, 0, 0
162057, 283281309, 0, 0
163016, 118140967, 0, 0
164000, 304601960, 0, 0
165015, 132380507, 0, 0
166045, 325596032, 0, 0
167018, 368578043, 0, 0
168001, 338341598, 0, 0
169009, 328244063, 0, 0
170022, 186915777, 0, 0
171023, 270533117, 0, 0
172055, 376871909, 0, 0
173049, 391758745, 0, 0
174047, 320880664, 0, 0
175021, 324028010, 0, 0
176028, 360035846, 0, 0
177002, 425325444, 0, 0
178022, 436600134, 0, 0
179016, 354448367, 0, 0
180000, 380458167, 0, 0
181055, 312329712, 0, 0
182012, 289457133, 0, 0
183025, 245451457, 0, 0
184052, 292084850, 0, 0
185015, 288666692, 0, 0
186018, 341222489, 0, 0
187012, 383318709, 0, 0
188035, 303411664, 0, 0
189041, 398682572, 0, 0
190029, 375233101, 0, 0
191054, 393528141, 0, 0
192016, 290824748, 0, 0
193022, 172581484, 0, 0
194012, 318315639, 0, 0
195027, 305868341, 0, 0
196000, 360128014, 0, 0
197046, 168433028, 0, 0
198026, 167589198, 0, 0
199032, 420900721, 0, 0
200049, 352347956, 0, 0
201070, 308899493, 0, 0
202053, 262197718, 0, 0
203002, 325050671, 0, 0
204005, 181053687, 0, 0
205007, 387279012, 0, 0
206040, 361103511, 0, 0
207053, 339218031, 0, 0
208027, 291414326, 0, 0
209028, 284373214, 0, 0
210043, 350268734, 0, 0
211000, 339069165, 0, 0
212005, 321256107, 0, 0
213003, 349475186, 0, 0
214003, 356341525, 0, 0
215038, 401978527, 0, 0
216060, 375946505, 0, 0
217016, 359163589, 0, 0
218003, 337774926, 0, 0
219036, 316514995, 0, 0
220047, 314030206, 0, 0
221049, 351761218, 0, 0
222017, 339017217, 0, 0
223045, 287437612, 0, 0
224010, 309624877, 0, 0
225009, 296373173, 0, 0
226026, 358910855, 0, 0
227028, 372451663, 0, 0
228058, 289992638, 0, 0
229008, 333807161, 0, 0
230029, 369525586, 0, 0
231049, 336941325, 0, 0
232055, 354417616, 0, 0
233039, 257119314, 0, 0
234059, 295258090, 0, 0
235023, 307014123, 0, 0
236056, 334157041, 0, 0
237004, 319866638, 0, 0
238057, 322223429, 0, 0
239036, 363296434, 0, 0
240025, 347729969, 0, 0
241012, 377056536, 0, 0
242095, 379698938, 0, 0
243040, 354869867, 0, 0
244016, 290424256, 0, 0
245009, 328019636, 0, 0
246049, 368803384, 0, 0
247049, 361477917, 0, 0
248021, 328917597, 0, 0
249008, 300384327, 0, 0
250029, 282139270, 0, 0
251029, 315156518, 0, 0
252014, 330092496, 0, 0
253035, 302209157, 0, 0
254005, 313178643, 0, 0
255056, 278160220, 0, 0
256016, 336557871, 0, 0
257061, 313156437, 0, 0
258015, 313394902, 0, 0
259011, 319009700, 0, 0
260034, 350302161, 0, 0
261027, 354897183, 0, 0
262036, 328292267, 0, 0
263015, 330205202, 0, 0
264011, 338694915, 0, 0
265035, 337566591, 0, 0
266045, 288053011, 0, 0
267037, 273894970, 0, 0
268032, 309034062, 0, 0
269066, 305524106, 0, 0
270020, 390742125, 0, 0
271000, 357892488, 0, 0
272026, 288693075, 0, 0
273027, 284841543, 0, 0
274003, 297134754, 0, 0
275038, 301266359, 0, 0
276052, 291030325, 0, 0
277037, 268641866, 0, 0
278044, 309392394, 0, 0
279018, 339365280, 0, 0
280034, 333834691, 0, 0
281032, 349527022, 0, 0
282052, 339219167, 0, 0
283012, 326562085, 0, 0
284023, 316140616, 0, 0
285036, 294420545, 0, 0
286011, 328528759, 0, 0
287035, 322260707, 0, 0
288013, 345563570, 0, 0
289057, 342489712, 0, 0
290001, 299453253, 0, 0
291028, 376391965, 0, 0
292014, 330704759, 0, 0
293013, 300848338, 0, 0
294003, 339115009, 0, 0
295070, 357429734, 0, 0
296000, 337578483, 0, 0
297020, 341155542, 0, 0
298031, 300558107, 0, 0
299009, 288812400, 0, 0
300027, 333535335, 0, 0
301061, 286590272, 0, 0
302011, 258468650, 0, 0
303058, 303153764, 0, 0
304063, 317153906, 0, 0
305019, 327167353, 0, 0
306049, 338056757, 0, 0
307052, 314156139, 0, 0
308007, 323319353, 0, 0
309011, 304478426, 0, 0
310026, 293022167, 0, 0
311043, 290413741, 0, 0
312007, 301385253, 0, 0
313058, 336423804, 0, 0
314058, 332435280, 0, 0
315041, 366704790, 0, 0
316059, 335880881, 0, 0
317050, 315952043, 0, 0
318033, 298730709, 0, 0
319007, 288409958, 0, 0
320002, 289221112, 0, 0
321003, 308357915, 0, 0
322030, 302777588, 0, 0
323050, 334937954, 0, 0
324008, 351737345, 0, 0
325041, 315079440, 0, 0
326007, 297771455, 0, 0
327000, 290305004, 0, 0
328037, 297809052, 0, 0
329000, 289829422, 0, 0
330005, 286390812, 0, 0
331047, 310809594, 0, 0
332004, 300166726, 0, 0
333035, 308196590, 0, 0
334045, 248664127, 0, 0
335032, 272340493, 0, 0
336055, 278216114, 0, 0
337007, 324969598, 0, 0
338014, 327271885, 0, 0
339034, 307207968, 0, 0
340011, 321478866, 0, 0
341040, 319668803, 0, 0
342024, 306401268, 0, 0
343065, 316695040, 0, 0
344009, 317750062, 0, 0
345015, 293281826, 0, 0
346026, 296385965, 0, 0
347011, 279730111, 0, 0
348009, 286229278, 0, 0
349004, 281596414, 0, 0
350059, 263363691, 0, 0
351058, 313389439, 0, 0
352013, 313507411, 0, 0
353022, 317131461, 0, 0
354057, 350443727, 0, 0
355011, 338215912, 0, 0
356062, 317733315, 0, 0
357027, 352667546, 0, 0
358043, 298941654, 0, 0
359057, 324908056, 0, 0
360050, 283493813, 0, 0
361056, 345191879, 0, 0
362008, 339590609, 0, 0
363035, 296575911, 0, 0
364052, 339063410, 0, 0
365010, 304281354, 0, 0
366067, 312346988, 0, 0
367002, 310336805, 0, 0
368029, 288509340, 0, 0
369056, 312573909, 0, 0
370043, 311892775, 0, 0
371002, 319492167, 0, 0
372035, 329198440, 0, 0
373003, 302790483, 0, 0
374128, 338170652, 0, 0
375048, 326378458, 0, 0
376042, 305435815, 0, 0
377061, 335706011, 0, 0
378065, 324524203, 0, 0
379060, 320201255, 0, 0
380015, 284201298, 0, 0
381019, 294339377, 0, 0
382033, 290037184, 0, 0
383015, 274562376, 0, 0
384036, 287914675, 0, 0
385051, 284160589, 0, 0
386033, 315570048, 0, 0
387031, 288194925, 0, 0
388013, 307660487, 0, 0
389003, 274779161, 0, 0
390004, 306710143, 0, 0
391057, 334934427, 0, 0
392016, 336014576, 0, 0
393030, 323452053, 0, 0
394023, 314216823, 0, 0
395028, 298056765, 0, 0
396029, 315375026, 0, 0
397035, 319878387, 0, 0
398038, 328215297, 0, 0
399018, 286895963, 0, 0
400002, 306135991, 0, 0
401045, 276784589, 0, 0
402022, 298279217, 0, 0
403045, 276936668, 0, 0
404028, 248729305, 0, 0
405060, 304075438, 0, 0
406004, 290199199, 0, 0
407010, 284843261, 0, 0
408016, 309978185, 0, 0
409019, 323562207, 0, 0
410032, 321683252, 0, 0
411016, 271293334, 0, 0
412003, 268574841, 0, 0
413035, 293587707, 0, 0
414016, 272381623, 0, 0
415019, 302869910, 0, 0
416007, 315990920, 0, 0
417035, 311465523, 0, 0
418058, 374917298, 0, 0
419053, 304889832, 0, 0
420057, 297524818, 0, 0
421063, 293812604, 0, 0
422025, 297327511, 0, 0
423029, 299280738, 0, 0
424035, 304455311, 0, 0
425032, 321330858, 0, 0
426013, 281545034, 0, 0
427022, 263205494, 0, 0
428001, 279157026, 0, 0
429009, 293232163, 0, 0
430012, 266441051, 0, 0
431018, 280683400, 0, 0
432030, 280670401, 0, 0
433059, 325315580, 0, 0
434000, 281874068, 0, 0
435013, 272880171, 0, 0
436057, 281175398, 0, 0
437046, 266714565, 0, 0
438014, 277922920, 0, 0
439029, 287738892, 0, 0
440051, 296333156, 0, 0
441092, 280062909, 0, 0
442054, 308689153, 0, 0
443016, 283930395, 0, 0
444063, 342356733, 0, 0
445016, 317432188, 0, 0
446017, 277146333, 0, 0
447045, 330195763, 0, 0
448034, 299713171, 0, 0
449056, 303115714, 0, 0
450000, 317607573, 0, 0
451047, 274067576, 0, 0
452035, 261468996, 0, 0
453033, 285125541, 0, 0
454046, 271345642, 0, 0
455044, 247576804, 0, 0
456016, 253587171, 0, 0
457043, 312944618, 0, 0
458035, 316495113, 0, 0
459015, 333174174, 0, 0
460048, 320395477, 0, 0
461020, 290599000, 0, 0
462043, 298442841, 0, 0
463029, 286747937, 0, 0
464022, 273104454, 0, 0
465055, 285016613, 0, 0
466036, 299456923, 0, 0
467032, 284491701, 0, 0
468013, 292863943, 0, 0
469032, 301938230, 0, 0
470003, 294708728, 0, 0
471017, 296644075, 0, 0
472010, 306616391, 0, 0
473048, 284286678, 0, 0
474063, 289019258, 0, 0
475052, 317604757, 0, 0
476063, 278651910, 0, 0
477008, 287503227, 0, 0
478061, 284725785, 0, 0
479000, 290324824, 0, 0
480055, 296617954, 0, 0
481015, 311886627, 0, 0
482004, 301668157, 0, 0
483011, 286276905, 0, 0
484009, 284577153, 0, 0
485045, 283584951, 0, 0
486010, 302749233, 0, 0
487027, 298752716, 0, 0
488014, 290530339, 0, 0
489016, 286473063, 0, 0
490016, 286109871, 0, 0
491037, 279698181, 0, 0
492021, 306777477, 0, 0
493055, 318615448, 0, 0
494001, 299143077, 0, 0
495005, 286957407, 0, 0
496027, 295910261, 0, 0
497043, 291147832, 0, 0
498011, 287211235, 0, 0
499055, 298119616, 0, 0
500000, 304943242, 0, 0
501050, 297005152, 0, 0
502021, 282725555, 0, 0
503000, 281805302, 0, 0
504021, 294010585, 0, 0
505006, 293776078, 0, 0
506004, 301409172, 0, 0
507002, 274655339, 0, 0
508003, 308449952, 0, 0
509004, 283351955, 0, 0
510000, 280404674, 0, 0
511028, 290841259, 0, 0
512037, 287545916, 0, 0
513003, 279269212, 0, 0
514061, 269860996, 0, 0
515047, 260522991, 0, 0
516015, 315953914, 0, 0
517055, 288161723, 0, 0
518013, 300177767, 0, 0
519051, 304083634, 0, 0
520063, 270361401, 0, 0
521057, 305481730, 0, 0
522030, 299040373, 0, 0
523008, 272193045, 0, 0
524043, 286710366, 0, 0
525018, 313360702, 0, 0
526029, 291261797, 0, 0
527005, 261008504, 0, 0
528027, 300993265, 0, 0
529012, 295627044, 0, 0
530003, 282955391, 0, 0
531008, 292629847, 0, 0
532016, 308252977, 0, 0
533055, 255304580, 0, 0
534058, 284796893, 0, 0
535055, 269656644, 0, 0
536055, 284367182, 0, 0
537056, 290908914, 0, 0
538003, 318123975, 0, 0
539013, 297696096, 0, 0
540021, 296788799, 0, 0
541047, 296248097, 0, 0
542031, 279311545, 0, 0
543056, 268244082, 0, 0
544025, 275406959, 0, 0
545070, 270080496, 0, 0
546009, 284195401, 0, 0
547023, 255542564, 0, 0
548057, 285086489, 0, 0
549000, 306960430, 0, 0
550001, 319305634, 0, 0
551051, 292595174, 0, 0
552035, 287012040, 0, 0
553048, 279501920, 0, 0
554007, 307069647, 0, 0
555038, 290658262, 0, 0
556061, 283296914, 0, 0
557011, 296042746, 0, 0
558047, 294286353, 0, 0
559045, 282956256, 0, 0
560009, 261871060, 0, 0
561055, 283135918, 0, 0
562040, 268803327, 0, 0
563039, 287022580, 0, 0
564049, 267589001, 0, 0
565021, 274478985, 0, 0
566051, 264613790, 0, 0
567037, 269391167, 0, 0
568054, 299322796, 0, 0
569040, 282772449, 0, 0
570010, 295640818, 0, 0
571030, 286494168, 0, 0
572042, 290443791, 0, 0
573022, 273849990, 0, 0
574065, 302775150, 0, 0
575049, 306047969, 0, 0
576004, 297138625, 0, 0
577053, 297273349, 0, 0
578002, 275203609, 0, 0
579016, 298175534, 0, 0
580021, 285632641, 0, 0
581024, 292378356, 0, 0
582035, 309004724, 0, 0
583034, 289793536, 0, 0
584070, 308038499, 0, 0
585036, 292471027, 0, 0
586042, 266656584, 0, 0
587031, 253458491, 0, 0
588003, 279910087, 0, 0
589045, 277451851, 0, 0
590024, 298467137, 0, 0
591026, 286470075, 0, 0
592070, 313547326, 0, 0
593001, 308527234, 0, 0
594023, 288692186, 0, 0
595038, 277793716, 0, 0
596069, 287570917, 0, 0
597028, 279068922, 0, 0
598039, 294876182, 0, 0
599046, 263801104, 0, 0
600056, 281642679, 0, 0
601008, 277392472, 0, 0
602041, 294900454, 0, 0
603006, 276911632, 0, 0
604042, 286775286, 0, 0
605037, 252301733, 0, 0
606034, 283993625, 0, 0
607056, 312979803, 0, 0
608013, 299260619, 0, 0
609028, 274798799, 0, 0
610034, 290321087, 0, 0
611052, 285622841, 0, 0
612063, 274833131, 0, 0
613047, 293336202, 0, 0
614034, 294333415, 0, 0
615020, 269312419, 0, 0
616060, 274742041, 0, 0
617033, 279220700, 0, 0
618026, 295150155, 0, 0
619063, 311145289, 0, 0
620006, 295521249, 0, 0
621004, 327160604, 0, 0
622050, 298648889, 0, 0
623059, 308673062, 0, 0
624005, 273326131, 0, 0
625053, 265715749, 0, 0
626019, 298879992, 0, 0
627040, 272383237, 0, 0
628005, 258962860, 0, 0
629039, 287600973, 0, 0
630045, 278533986, 0, 0
631040, 294857735, 0, 0
632031, 283079390, 0, 0
633036, 299167546, 0, 0
634012, 321561339, 0, 0
635048, 283298798, 0, 0
636003, 294703106, 0, 0
637040, 326490485, 0, 0
638018, 274475522, 0, 0
639034, 265508574, 0, 0
640048, 265838865, 0, 0
641037, 249414896, 0, 0
642032, 237359938, 0, 0
643053, 239962371, 0, 0
644035, 275156586, 0, 0
645000, 257981938, 0, 0
646055, 289431968, 0, 0
647002, 292156071, 0, 0
648019, 282533935, 0, 0
649004, 261273320, 0, 0
650032, 286443919, 0, 0
651051, 274960437, 0, 0
652038, 285758172, 0, 0
653003, 278177325, 0, 0
654011, 262850750, 0, 0
655056, 320048864, 0, 0
656004, 265194910, 0, 0
657029, 290037880, 0, 0
658007, 250890465, 0, 0
659021, 273547959, 0, 0
660047, 278008801, 0, 0
661054, 241274793, 0, 0
662049, 285213386, 0, 0
663059, 275347322, 0, 0
664029, 307380715, 0, 0
665053, 278560370, 0, 0
666021, 252297577, 0, 0
667028, 291391535, 0, 0
668057, 282411053, 0, 0
669018, 285837298, 0, 0
670041, 241949383, 0, 0
671006, 278296931, 0, 0
672029, 283278358, 0, 0
673037, 260524733, 0, 0
674046, 249005205, 0, 0
675028, 287214012, 0, 0
676026, 280915557, 0, 0
677043, 299249080, 0, 0
678022, 273950685, 0, 0
679024, 269490218, 0, 0
680021, 298443804, 0, 0
681017, 279949865, 0, 0
682027, 282855311, 0, 0
683016, 283279057, 0, 0
684041, 253377418, 0, 0
685048, 288820467, 0, 0
686038, 286586274, 0, 0
687034, 271950858, 0, 0
688029, 262242446, 0, 0
689030, 304685485, 0, 0
690033, 295096640, 0, 0
691055, 272295587, 0, 0
692014, 313453451, 0, 0
693028, 300894950, 0, 0
694027, 280216198, 0, 0
695009, 258519026, 0, 0
696059, 364316508, 0, 0
697039, 287723936, 0, 0
698000, 293005377, 0, 0
699017, 277119661, 0, 0
700044, 292229080, 0, 0
701036, 257668787, 0, 0
702036, 266580630, 0, 0
703052, 282952664, 0, 0
704051, 249967764, 0, 0
705052, 230377816, 0, 0
706033, 284391225, 0, 0
707054, 259969126, 0, 0
708048, 276161870, 0, 0
709003, 278806522, 0, 0
710029, 272864084, 0, 0
711046, 269098350, 0, 0
712034, 311311469, 0, 0
713000, 287695484, 0, 0
714008, 257410309, 0, 0
715007, 318281479, 0, 0
716056, 278236746, 0, 0
717062, 292242422, 0, 0
718010, 285543379, 0, 0
719006, 269662606, 0, 0
720009, 286220481, 0, 0
721061, 276615117, 0, 0
722014, 256505918, 0, 0
723018, 271041354, 0, 0
724017, 289871133, 0, 0
725050, 252183734, 0, 0
726018, 265303933, 0, 0
727058, 293774247, 0, 0
728051, 257350355, 0, 0
729054, 247595943, 0, 0
730025, 291814633, 0, 0
731054, 280387991, 0, 0
732049, 299724675, 0, 0
733024, 305933044, 0, 0
734057, 283189110, 0, 0
735017, 285697375, 0, 0
736049, 266142765, 0, 0
737050, 283202819, 0, 0
738047, 269213148, 0, 0
739024, 253888962, 0, 0
740066, 319065789, 0, 0
741048, 239125591, 0, 0
742002, 313221686, 0, 0
743057, 278150441, 0, 0
744006, 291482822, 0, 0
745034, 288781022, 0, 0
746044, 268606884, 0, 0
747042, 269131419, 0, 0
748002, 316097283, 0, 0
749007, 261134298, 0, 0
750010, 295409353, 0, 0
751021, 290684440, 0, 0
752004, 257069085, 0, 0
753017, 281921932, 0, 0
754046, 277108944, 0, 0
755011, 312075405, 0, 0
756038, 282422587, 0, 0
757028, 280931366, 0, 0
758027, 274580212, 0, 0
759000, 267570135, 0, 0
760026, 301333804, 0, 0
761031, 297033874, 0, 0
762011, 303021372, 0, 0
763024, 288009508, 0, 0
764017, 248038339, 0, 0
765053, 262672118, 0, 0
766025, 273894909, 0, 0
767006, 282000882, 0, 0
768050, 283547855, 0, 0
769013, 293781937, 0, 0
770031, 281322246, 0, 0
771010, 309770800, 0, 0
772025, 287381639, 0, 0
773032, 265151847, 0, 0
774044, 273799718, 0, 0
775010, 299463779, 0, 0
776017, 292876316, 0, 0
777021, 279482499, 0, 0
778035, 264030415, 0, 0
779021, 284377547, 0, 0
780024, 258154680, 0, 0
781021, 264892521, 0, 0
782051, 255662630, 0, 0
783060, 271621691, 0, 0
784014, 256680162, 0, 0
785026, 275931075, 0, 0
786001, 270004522, 0, 0
787015, 268271660, 0, 0
788020, 284720379, 0, 0
789072, 267824385, 0, 0
790056, 332711646, 0, 0
791014, 297851518, 0, 0
792053, 299284563, 0, 0
793037, 305661881, 0, 0
794060, 299214928, 0, 0
795012, 306958905, 0, 0
796047, 301566417, 0, 0
797011, 308051293, 0, 0
798064, 301324271, 0, 0
799024, 295554892, 0, 0
800005, 306950492, 0, 0
801023, 288012511, 0, 0
802016, 296034786, 0, 0
803015, 260809278, 0, 0
804014, 280241521, 0, 0
805035, 286661854, 0, 0
806051, 270597310, 0, 0
807048, 274871495, 0, 0
808057, 245295904, 0, 0
809056, 275893719, 0, 0
810012, 296051676, 0, 0
811030, 293872713, 0, 0
812031, 257921510, 0, 0
813036, 352706867, 0, 0
814012, 309132089, 0, 0
815033, 289819567, 0, 0
816043, 309620959, 0, 0
817034, 292351737, 0, 0
818014, 257709528, 0, 0
819063, 287218212, 0, 0
820039, 307071824, 0, 0
821057, 265103442, 0, 0
822013, 273918802, 0, 0
823036, 289426677, 0, 0
824057, 312569773, 0, 0
825052, 283123656, 0, 0
826051, 264185545, 0, 0
827011, 263672426, 0, 0
828052, 296922613, 0, 0
829056, 303487817, 0, 0
830052, 291706411, 0, 0
831011, 301520144, 0, 0
832007, 269408577, 0, 0
833022, 279791019, 0, 0
834031, 290056559, 0, 0
835052, 291067984, 0, 0
836023, 293060296, 0, 0
837047, 299121505, 0, 0
838012, 289198493, 0, 0
839019, 280081150, 0, 0
840056, 268796952, 0, 0
841045, 277321805, 0, 0
842050, 269217985, 0, 0
843030, 320731286, 0, 0
844000, 290367597, 0, 0
845038, 258268917, 0, 0
846026, 292707215, 0, 0
847052, 257421661, 0, 0
848048, 263845862, 0, 0
849042, 278535119, 0, 0
850009, 241443876, 0, 0
851061, 288673648, 0, 0
852021, 322573359, 0, 0
853020, 286175258, 0, 0
854004, 332560805, 0, 0
855063, 275737781, 0, 0
856030, 309924553, 0, 0
857026, 283802991, 0, 0
858026, 271604119, 0, 0
859041, 274093690, 0, 0
860000, 309089613, 0, 0
861009, 289137539, 0, 0
862038, 274694943, 0, 0
863029, 272838082, 0, 0
864055, 244917558, 0, 0
865051, 236887200, 0, 0
866019, 266781124, 0, 0
867003, 284759778, 0, 0
868026, 255480107, 0, 0
869011, 265224442, 0, 0
870023, 279506984, 0, 0
871052, 283855391, 0, 0
872051, 295126808, 0, 0
873016, 279358685, 0, 0
874066, 277797681, 0, 0
875037, 282343519, 0, 0
876025, 300122285, 0, 0
877022, 266443248, 0, 0
878050, 286528842, 0, 0
879022, 255192431, 0, 0
880009, 275074779, 0, 0
881047, 275580311, 0, 0
882055, 288978301, 0, 0
883035, 292426129, 0, 0
884034, 264807328, 0, 0
885044, 293707592, 0, 0
886055, 284103267, 0, 0
887020, 305582985, 0, 0
888002, 300036850, 0, 0
889035, 268937522, 0, 0
890046, 288272506, 0, 0
891017, 248990536, 0, 0
892032, 286933000, 0, 0
893059, 286497127, 0, 0
894003, 292456800, 0, 0
895007, 263481605, 0, 0
896031, 292952662, 0, 0
897010, 278138940, 0, 0
898023, 347551399, 0, 0
899016, 380062035, 0, 0
900010, 372839308, 0, 0
901001, 318618306, 0, 0
902004, 294479460, 0, 0
903014, 284170754, 0, 0
904014, 272346554, 0, 0
905009, 276758115, 0, 0
906005, 281014180, 0, 0
907058, 265574282, 0, 0
908022, 303814104, 0, 0
909013, 311595073, 0, 0
910024, 286589058, 0, 0
911033, 318124300, 0, 0
912030, 272563489, 0, 0
913011, 285858270, 0, 0
914055, 277772404, 0, 0
915043, 287744921, 0, 0
916022, 294127546, 0, 0
917040, 280531926, 0, 0
918021, 287139727, 0, 0
919019, 296460378, 0, 0
920047, 320732459, 0, 0
921050, 311275001, 0, 0
922038, 301721684, 0, 0
923059, 293817604, 0, 0
924061, 271753377, 0, 0
925004, 321934600, 0, 0
926003, 272339589, 0, 0
927053, 266473788, 0, 0
928012, 301041186, 0, 0
929033, 282967955, 0, 0
930023, 280944306, 0, 0
931016, 246882661, 0, 0
932040, 321039019, 0, 0
933031, 278339949, 0, 0
934001, 279558163, 0, 0
935031, 274882050, 0, 0
936028, 246299135, 0, 0
937025, 291896428, 0, 0
938028, 278453782, 0, 0
939035, 290642824, 0, 0
940049, 269204086, 0, 0
941056, 257743916, 0, 0
942022, 322587633, 0, 0
943014, 277489016, 0, 0
944030, 265982185, 0, 0
945009, 271183651, 0, 0
946025, 287211840, 0, 0
947023, 286027593, 0, 0
948030, 299348991, 0, 0
949041, 296369710, 0, 0
950036, 273252500, 0, 0
951059, 264952111, 0, 0
952066, 271641489, 0, 0
953063, 279081996, 0, 0
954032, 302329924, 0, 0
955040, 283007579, 0, 0
956039, 309410888, 0, 0
957022, 279669762, 0, 0
958019, 316138028, 0, 0
959005, 307045386, 0, 0
960065, 316217408, 0, 0
961015, 296134579, 0, 0
962017, 285026021, 0, 0
963020, 297449313, 0, 0
964019, 286812845, 0, 0
965013, 300461217, 0, 0
966016, 331885081, 0, 0
967028, 305468098, 0, 0
968004, 303929564, 0, 0
969064, 272351605, 0, 0
970040, 267821292, 0, 0
971052, 312428068, 0, 0
972015, 272796849, 0, 0
973004, 290107177, 0, 0
974059, 296721768, 0, 0
975053, 338824419, 0, 0
976051, 287086606, 0, 0
977028, 263028088, 0, 0
978053, 286779236, 0, 0
979004, 298142951, 0, 0
980034, 282290060, 0, 0
981042, 285522756, 0, 0
982049, 301366695, 0, 0
983037, 292616447, 0, 0
984023, 265907695, 0, 0
985012, 284486225, 0, 0
986048, 297404387, 0, 0
987045, 327501106, 0, 0
988011, 331528321, 0, 0
989018, 303127246, 0, 0
990040, 319013765, 0, 0
991010, 295945997, 0, 0
992035, 273088720, 0, 0
993054, 300644264, 0, 0
994035, 318684394, 0, 0
995040, 290933125, 0, 0
996010, 312546194, 0, 0
997015, 299151430, 0, 0
998005, 285117268, 0, 0
999029, 320317218, 0, 0
1000024, 290052205, 0, 0
1001037, 261069699, 0, 0
1002045, 338926387, 0, 0
1003019, 317125897, 0, 0
1004027, 283630919, 0, 0
1005053, 294807996, 0, 0
1006021, 293364309, 0, 0
1007050, 341503753, 0, 0
1008004, 264633486, 0, 0
1009052, 270201711, 0, 0
1010028, 263642598, 0, 0
1011038, 254525743, 0, 0
1012006, 273943580, 0, 0
1013027, 302162687, 0, 0
1014023, 271183162, 0, 0
1015014, 274175373, 0, 0
1016046, 277689212, 0, 0
1017029, 299404988, 0, 0
1018031, 287984325, 0, 0
1019028, 303137481, 0, 0
1020061, 293505846, 0, 0
1021041, 284546224, 0, 0
1022018, 291893212, 0, 0
1023008, 304792466, 0, 0
1024048, 254499853, 0, 0
1025040, 295946728, 0, 0
1026040, 277918705, 0, 0
1027005, 263272223, 0, 0
1028059, 301790998, 0, 0
1029063, 307191277, 0, 0
1030048, 300398836, 0, 0
1031006, 280226498, 0, 0
1032044, 320665166, 0, 0
1033027, 293368324, 0, 0
1034036, 284250530, 0, 0
1035022, 279838893, 0, 0
1036013, 277208696, 0, 0
1037058, 322792734, 0, 0
1038015, 308087229, 0, 0
1039020, 280711801, 0, 0
1040007, 254391012, 0, 0
1041049, 277855093, 0, 0
1042028, 247165207, 0, 0
1043053, 233382204, 0, 0
1044020, 221184651, 0, 0
1045028, 215119547, 0, 0
1046044, 170060332, 0, 0
1047049, 202494349, 0, 0
1048027, 265278983, 0, 0
1049009, 266566416, 0, 0
1050015, 276030880, 0, 0
1051010, 299340210, 0, 0
1052012, 264293226, 0, 0
1053039, 279865701, 0, 0
1054064, 276327582, 0, 0
1055054, 280549615, 0, 0
1056029, 257298219, 0, 0
1057027, 289965593, 0, 0
1058041, 285006638, 0, 0
1059004, 234176484, 0, 0
1060023, 233099505, 0, 0
1061004, 253715289, 0, 0
1062036, 281987246, 0, 0
1063042, 273905959, 0, 0
1064034, 282357774, 0, 0
1065057, 254225728, 0, 0
1066051, 275402810, 0, 0
1067054, 235572195, 0, 0
1068007, 283062726, 0, 0
1069027, 257634996, 0, 0
1070027, 259561312, 0, 0
1071032, 264756028, 0, 0
1072017, 273198680, 0, 0
1073021, 255234487, 0, 0
1074041, 236910425, 0, 0
1075009, 283652622, 0, 0
1076000, 230709707, 0, 0
1077038, 271504492, 0, 0
1078039, 274843687, 0, 0
1079045, 275649233, 0, 0
1080044, 238171446, 0, 0
1081046, 265797932, 0, 0
1082007, 252570298, 0, 0
1083006, 279478926, 0, 0
1084035, 276273653, 0, 0
1085053, 268283897, 0, 0
1086009, 275058306, 0, 0
1087028, 293735939, 0, 0
1088001, 269676497, 0, 0
1089023, 277217649, 0, 0
1090025, 266054824, 0, 0
1091007, 242259233, 0, 0
1092030, 262755795, 0, 0
1093010, 242650386, 0, 0
1094007, 259654033, 0, 0
1095048, 263754753, 0, 0
1096045, 270419349, 0, 0
1097035, 272987376, 0, 0
1098029, 302324947, 0, 0
1099058, 253233261, 0, 0
1100058, 242718335, 0, 0
1101010, 249665544, 0, 0
1102024, 280653691, 0, 0
1103026, 272048234, 0, 0
1104010, 274783206, 0, 0
1105008, 263088695, 0, 0
1106062, 284972166, 0, 0
1107038, 269834685, 0, 0
1108030, 255650093, 0, 0
1109029, 293110795, 0, 0
1110028, 248027796, 0, 0
1111025, 232299862, 0, 0
1112015, 274255884, 0, 0
1113014, 238383478, 0, 0
1114056, 280140135, 0, 0
1115032, 268792351, 0, 0
1116024, 271828477, 0, 0
1117018, 279750213, 0, 0
1118029, 271447750, 0, 0
1119059, 285571682, 0, 0
1120000, 244938072, 0, 0
1121046, 272464646, 0, 0
1122035, 254430113, 0, 0
1123043, 252616646, 0, 0
1124020, 272088729, 0, 0
1125039, 264992270, 0, 0
1126053, 263916007, 0, 0
1127049, 279860275, 0, 0
1128032, 256717043, 0, 0
1129027, 300566181, 0, 0
1130069, 312922316, 0, 0
1131033, 252371842, 0, 0
1132067, 272728568, 0, 0
1133045, 263005550, 0, 0
1134043, 291198276, 0, 0
1135054, 262021785, 0, 0
1136006, 256908737, 0, 0
1137051, 277486336, 0, 0
1138053, 271123081, 0, 0
1139022, 237269997, 0, 0
1140022, 277546680, 0, 0
1141039, 277725260, 0, 0
1142001, 253676731, 0, 0
1143012, 272910415, 0, 0
1144006, 257771734, 0, 0
1145037, 263037063, 0, 0
1146023, 246534628, 0, 0
1147064, 254852278, 0, 0
1148065, 274624753, 0, 0
1149021, 263751445, 0, 0
1150003, 284305791, 0, 0
1151075, 244702555, 0, 0
1152003, 260113948, 0, 0
1153059, 258996652, 0, 0
1154027, 241691464, 0, 0
1155030, 256624134, 0, 0
1156053, 237824470, 0, 0
1157042, 271374864, 0, 0
1158018, 255854137, 0, 0
1159015, 220283894, 0, 0
1160041, 252893427, 0, 0
1161045, 267595716, 0, 0
1162059, 256646679, 0, 0
1163051, 224185334, 0, 0
1164028, 252533845, 0, 0
1165048, 299725779, 0, 0
1166008, 286547859, 0, 0
1167043, 253189704, 0, 0
1168013, 284656607, 0, 0
1169033, 279512802, 0, 0
1170020, 241568999, 0, 0
1171028, 256348238, 0, 0
1172032, 252067677, 0, 0
1173050, 275021908, 0, 0
1174017, 242635981, 0, 0
1175002, 226915977, 0, 0
1176046, 252999051, 0, 0
1177034, 266921840, 0, 0
1178052, 244144138, 0, 0
1179010, 262779994, 0, 0
1180000, 249685537, 0, 0
1181015, 278085228, 0, 0
1182011, 260082704, 0, 0
1183016, 264867078, 0, 0
1184021, 266150612, 0, 0
1185001, 237059910, 0, 0
1186020, 269867407, 0, 0
1187036, 274837141, 0, 0
1188005, 248009242, 0, 0
1189027, 253108381, 0, 0
1190002, 255508441, 0, 0
1191042, 238375781, 0, 0
1192055, 281211803, 0, 0
1193019, 323071075, 0, 0
1194054, 272700321, 0, 0
1195018, 227670133, 0, 0
1196031, 288409802, 0, 0
1197056, 274571505, 0, 0
1198054, 251834512, 0, 0
1199032, 232759799, 0, 0
1200052, 269438804, 0, 0
1201031, 235897192, 0, 0
1202054, 259671532, 0, 0
1203034, 283871441, 0, 0
1204017, 248766535, 0, 0
1205045, 262224170, 0, 0
1206050, 289221670, 0, 0
1207024, 269542407, 0, 0
1208047, 264464037, 0, 0
1209047, 249517351, 0, 0
1210016, 258015139, 0, 0
1211037, 259110771, 0, 0
1212046, 260454902, 0, 0
1213049, 250217973, 0, 0
1214028, 223093052, 0, 0
1215044, 247512783, 0, 0
1216019, 233821597, 0, 0
1217050, 250059567, 0, 0
1218001, 275139929, 0, 0
1219034, 306580053, 0, 0
1220089, 255907673, 0, 0
1221041, 291578259, 0, 0
1222011, 260685645, 0, 0
1223012, 230872082, 0, 0
1224032, 270176895, 0, 0
1225037, 254753653, 0, 0
1226005, 251770029, 0, 0
1227031, 263274176, 0, 0
1228052, 216458363, 0, 0
1229047, 254557656, 0, 0
1230044, 235743768, 0, 0
1231005, 264562956, 0, 0
1232011, 267815987, 0, 0
1233005, 256849445, 0, 0
1234034, 262446915, 0, 0
1235015, 259634776, 0, 0
1236056, 267714168, 0, 0
1237022, 270886412, 0, 0
1238020, 242847549, 0, 0
1239008, 245468402, 0, 0
1240002, 274822078, 0, 0
1241021, 272163856, 0, 0
1242045, 243958454, 0, 0
1243030, 247732794, 0, 0
1244033, 266510426, 0, 0
1245002, 256610793, 0, 0
1246002, 258471155, 0, 0
1247023, 259478345, 0, 0
1248008, 256319566, 0, 0
1249026, 250444608, 0, 0
1250054, 269800253, 0, 0
1251028, 252437989, 0, 0
1252025, 259067134, 0, 0
1253026, 241076228, 0, 0
1254043, 258497418, 0, 0
1255051, 279548263, 0, 0
1256007, 259365498, 0, 0
1257037, 259349885, 0, 0
1258054, 266277273, 0, 0
1259057, 270094906, 0, 0
1260026, 269150165, 0, 0
1261022, 263948682, 0, 0
1262056, 257385508, 0, 0
1263049, 231361810, 0, 0
1264012, 247374076, 0, 0
1265031, 267119500, 0, 0
1266062, 252855674, 0, 0
1267005, 242643425, 0, 0
1268021, 241444801, 0, 0
1269048, 244787977, 0, 0
1270028, 260940269, 0, 0
1271021, 268295992, 0, 0
1272051, 250357447, 0, 0
1273006, 262596224, 0, 0
1274060, 267084711, 0, 0
1275025, 278470015, 0, 0
1276005, 234154250, 0, 0
1277048, 252763280, 0, 0
1278058, 263395023, 0, 0
1279034, 285078512, 0, 0
1280026, 245522103, 0, 0
1281016, 270897764, 0, 0
1282022, 247460041, 0, 0
1283012, 249713307, 0, 0
1284034, 274753966, 0, 0
1285044, 266918125, 0, 0
1286023, 246376011, 0, 0
1287002, 222998982, 0, 0
1288035, 264380991, 0, 0
1289004, 250707853, 0, 0
1290002, 245952799, 0, 0
1291046, 251204659, 0, 0
1292001, 227928460, 0, 0
1293018, 261863134, 0, 0
1294026, 282195169, 0, 0
1295041, 247904696, 0, 0
1296056, 267764504, 0, 0
1297066, 272326841, 0, 0
1298046, 258517209, 0, 0
1299025, 259940730, 0, 0
1300009, 268211289, 0, 0
1301001, 249640413, 0, 0
1302062, 269397247, 0, 0
1303033, 273350871, 0, 0
1304008, 239925948, 0, 0
1305038, 263407318, 0, 0
1306053, 229849197, 0, 0
1307011, 252360144, 0, 0
1308045, 262509761, 0, 0
1309049, 251317082, 0, 0
1310010, 209213721, 0, 0
1311066, 278902481, 0, 0
1312034, 263363166, 0, 0
1313062, 241698376, 0, 0
1314028, 248820603, 0, 0
1315026, 238932322, 0, 0
1316028, 235029550, 0, 0
1317041, 278814319, 0, 0
1318022, 251132644, 0, 0
1319027, 238235622, 0, 0
1320019, 258137593, 0, 0
1321030, 252470555, 0, 0
1322024, 229014147, 0, 0
1323025, 269803308, 0, 0
1324034, 270057431, 0, 0
1325014, 235947134, 0, 0
1326025, 240827076, 0, 0
1327035, 230003558, 0, 0
1328034, 250431863, 0, 0
1329034, 220421893, 0, 0
1330047, 286851334, 0, 0
1331005, 247922666, 0, 0
1332009, 254068223, 0, 0
1333036, 254644131, 0, 0
1334005, 252026138, 0, 0
1335011, 228652456, 0, 0
1336034, 227834774, 0, 0
1337097, 257746722, 0, 0
1338058, 295071731, 0, 0
1339013, 268601985, 0, 0
1340027, 263388624, 0, 0
1341013, 240723393, 0, 0
1342029, 254041377, 0, 0
1343012, 250439499, 0, 0
1344060, 241048864, 0, 0
1345075, 267324636, 0, 0
1346015, 252181854, 0, 0
1347030, 256948095, 0, 0
1348024, 284601464, 0, 0
1349056, 230307498, 0, 0
1350056, 259906396, 0, 0
1351055, 228100765, 0, 0
1352008, 240454299, 0, 0
1353021, 218956291, 0, 0
1354044, 235145494, 0, 0
1355004, 245370105, 0, 0
1356036, 253532459, 0, 0
1357045, 254245129, 0, 0
1358034, 269891738, 0, 0
1359059, 240683025, 0, 0
1360014, 252896882, 0, 0
1361001, 226867657, 0, 0
1362005, 257555532, 0, 0
1363039, 265836261, 0, 0
1364018, 254322754, 0, 0
1365018, 251074373, 0, 0
1366039, 264588269, 0, 0
1367016, 248162552, 0, 0
1368017, 243649511, 0, 0
1369056, 228299004, 0, 0
1370049, 253524986, 0, 0
1371036, 274470636, 0, 0
1372048, 249252540, 0, 0
1373004, 224764945, 0, 0
1374049, 246842385, 0, 0
1375006, 258898529, 0, 0
1376007, 240920542, 0, 0
1377052, 272187565, 0, 0
1378015, 276673116, 0, 0
1379030, 253208685, 0, 0
1380061, 245559282, 0, 0
1381019, 270265114, 0, 0
1382017, 263510037, 0, 0
1383024, 300343340, 0, 0
1384023, 282525604, 0, 0
1385039, 246683147, 0, 0
1386051, 229162326, 0, 0
1387007, 254796755, 0, 0
1388054, 265436422, 0, 0
1389029, 283776774, 0, 0
1390040, 249094763, 0, 0
1391043, 221165438, 0, 0
1392049, 238707374, 0, 0
1393003, 237958698, 0, 0
1394014, 263862523, 0, 0
1395049, 261175196, 0, 0
1396043, 229247768, 0, 0
1397044, 252275900, 0, 0
1398027, 241680215, 0, 0
1399048, 246596803, 0, 0
1400049, 235537970, 0, 0
1401047, 243111857, 0, 0
1402048, 245147078, 0, 0
1403055, 241948502, 0, 0
1404056, 233404015, 0, 0
1405041, 256548088, 0, 0
1406059, 259382903, 0, 0
1407031, 242408471, 0, 0
1408058, 246912106, 0, 0
1409048, 277683588, 0, 0
1410000, 250183417, 0, 0
1411022, 221025540, 0, 0
1412006, 266051156, 0, 0
1413035, 261272230, 0, 0
1414016, 280257708, 0, 0
1415008, 261839537, 0, 0
1416039, 264590687, 0, 0
1417006, 245491793, 0, 0
1418023, 253538820, 0, 0
1419054, 242773302, 0, 0
1420014, 247256693, 0, 0
1421060, 271746108, 0, 0
1422045, 216567674, 0, 0
1423023, 249837459, 0, 0
1424029, 254296794, 0, 0
1425047, 281939308, 0, 0
1426002, 210172498, 0, 0
1427037, 286012644, 0, 0
1428037, 253597558, 0, 0
1429041, 246841128, 0, 0
1430045, 234609925, 0, 0
1431052, 254084056, 0, 0
1432044, 243334837, 0, 0
1433029, 244524290, 0, 0
1434015, 213306539, 0, 0
1435009, 243601865, 0, 0
1436011, 230516610, 0, 0
1437031, 267694056, 0, 0
1438002, 247636801, 0, 0
1439053, 247062792, 0, 0
1440061, 261119555, 0, 0
1441025, 269797990, 0, 0
1442051, 251954777, 0, 0
1443018, 244536957, 0, 0
1444066, 252854681, 0, 0
1445032, 252022897, 0, 0
1446029, 281964530, 0, 0
1447002, 260977106, 0, 0
1448014, 234732682, 0, 0
1449038, 231009767, 0, 0
1450011, 245539747, 0, 0
1451048, 213977617, 0, 0
1452051, 237937135, 0, 0
1453014, 275900870, 0, 0
1454021, 239016623, 0, 0
1455048, 259397785, 0, 0
1456002, 244465974, 0, 0
1457048, 288305580, 0, 0
1458062, 268858099, 0, 0
1459001, 238648841, 0, 0
1460016, 240677934, 0, 0
1461051, 249935176, 0, 0
1462066, 221866851, 0, 0
1463000, 234066862, 0, 0
1464001, 278751764, 0, 0
1465004, 223842985, 0, 0
1466055, 228244761, 0, 0
1467048, 254220390, 0, 0
1468067, 242038368, 0, 0
1469010, 300851730, 0, 0
1470038, 226182785, 0, 0
1471050, 262839802, 0, 0
1472042, 236941970, 0, 0
1473065, 243668046, 0, 0
1474062, 230007533, 0, 0
1475047, 263744503, 0, 0
1476054, 245226632, 0, 0
1477007, 248167391, 0, 0
1478053, 252947520, 0, 0
1479017, 280835585, 0, 0
1480065, 205520592, 0, 0
1481039, 278583680, 0, 0
1482066, 245269878, 0, 0
1483059, 272152292, 0, 0
1484022, 233220799, 0, 0
1485009, 241864796, 0, 0
1486019, 239901833, 0, 0
1487037, 248273613, 0, 0
1488025, 225826890, 0, 0
1489038, 242471222, 0, 0
1490059, 229606623, 0, 0
1491057, 243150779, 0, 0
1492049, 232174478, 0, 0
1493005, 234677384, 0, 0
1494006, 229435781, 0, 0
1495029, 271867346, 0, 0
1496002, 245285941, 0, 0
1497004, 237064055, 0, 0
1498015, 225149954, 0, 0
1499034, 243698704, 0, 0
1500039, 256325545, 0, 0
1501042, 210411897, 0, 0
1502004, 248138165, 0, 0
1503048, 256660503, 0, 0
1504000, 249482466, 0, 0
1505024, 237587286, 0, 0
1506050, 235947843, 0, 0
1507052, 248738184, 0, 0
1508053, 227073136, 0, 0
1509013, 251614869, 0, 0
1510058, 219405852, 0, 0
1511057, 209963896, 0, 0
1512063, 236438700, 0, 0
1513050, 212068306, 0, 0
1514064, 236610770, 0, 0
1515023, 222758140, 0, 0
1516044, 233196805, 0, 0
1517047, 272466425, 0, 0
1518037, 237381035, 0, 0
1519008, 241927893, 0, 0
1520047, 231161268, 0, 0
1521039, 241181675, 0, 0
1522037, 230039439, 0, 0
1523044, 225652186, 0, 0
1524046, 232755490, 0, 0
1525027, 197524140, 0, 0
1526047, 227233514, 0, 0
1527012, 245442849, 0, 0
1528060, 210332712, 0, 0
1529026, 239680117, 0, 0
1530042, 248367178, 0, 0
1531061, 284246045, 0, 0
1532033, 250885663, 0, 0
1533058, 235050498, 0, 0
1534013, 211420379, 0, 0
1535018, 211624364, 0, 0
1536013, 209109886, 0, 0
1537037, 229610495, 0, 0
1538025, 236799110, 0, 0
1539020, 244319556, 0, 0
1540058, 230316664, 0, 0
1541032, 245360018, 0, 0
1542007, 242633403, 0, 0
1543017, 245906281, 0, 0
1544022, 222360957, 0, 0
1545033, 229017452, 0, 0
1546013, 232715823, 0, 0
1547015, 246359583, 0, 0
1548057, 227720928, 0, 0
1549040, 226184455, 0, 0
1550033, 214217208, 0, 0
1551049, 219160821, 0, 0
1552045, 216411499, 0, 0
1553036, 236060315, 0, 0
1554032, 223443574, 0, 0
1555000, 224708783, 0, 0
1556038, 224542444, 0, 0
1557042, 214897017, 0, 0
1558043, 217798416, 0, 0
1559040, 213851124, 0, 0
1560035, 241185443, 0, 0
1561001, 239348224, 0, 0
1562026, 220598944, 0, 0
1563004, 224601156, 0, 0
1564048, 240619957, 0, 0
1565019, 236183135, 0, 0
1566045, 221484586, 0, 0
1567036, 198627173, 0, 0
1568057, 262376405, 0, 0
1569035, 232224446, 0, 0
1570029, 225516112, 0, 0
1571020, 211277058, 0, 0
1572005, 220852409, 0, 0
1573007, 216622740, 0, 0
1574013, 232746620, 0, 0
1575037, 235454243, 0, 0
1576037, 221355446, 0, 0
1577061, 244462013, 0, 0
1578016, 216550141, 0, 0
1579034, 218318812, 0, 0
1580030, 233956184, 0, 0
1581049, 216456296, 0, 0
1582054, 214762223, 0, 0
1583027, 256136852, 0, 0
1584060, 204145435, 0, 0
1585003, 220965955, 0, 0
1586043, 246029821, 0, 0
1587054, 257305500, 0, 0
1588028, 194331866, 0, 0
1589041, 213763101, 0, 0
1590014, 237785962, 0, 0
1591046, 234481132, 0, 0
1592007, 237704936, 0, 0
1593054, 226649373, 0, 0
1594018, 215870025, 0, 0
1595053, 219295488, 0, 0
1596051, 213380435, 0, 0
1597063, 209736806, 0, 0
1598000, 215870046, 0, 0
1599002, 244315893, 0, 0
1600045, 228822277, 0, 0
1601035, 252167605, 0, 0
1602000, 207711979, 0, 0
1603036, 246496513, 0, 0
1604000, 226341754, 0, 0
1605061, 208664506, 0, 0
1606040, 243839100, 0, 0
1607060, 204396432, 0, 0
1608026, 212452112, 0, 0
1609015, 214230509, 0, 0
1610025, 242597895, 0, 0
1611052, 223654601, 0, 0
1612070, 239132810, 0, 0
1613047, 226784291, 0, 0
1614027, 217727950, 0, 0
1615039, 191687653, 0, 0
1616053, 227606468, 0, 0
1617023, 193224423, 0, 0
1618031, 216531896, 0, 0
1619051, 224159697, 0, 0
1620062, 233433073, 0, 0
1621047, 256433717, 0, 0
1622051, 252684966, 0, 0
1623006, 207260332, 0, 0
1624025, 202851747, 0, 0
1625058, 229393431, 0, 0
1626051, 213271351, 0, 0
1627000, 213106784, 0, 0
1628043, 189549494, 0, 0
1629020, 198300300, 0, 0
1630014, 209514792, 0, 0
1631016, 212051768, 0, 0
1632030, 214170004, 0, 0
1633047, 204525197, 0, 0
1634053, 226921141, 0, 0
1635007, 233750222, 0, 0
1636039, 236339669, 0, 0
1637005, 214243644, 0, 0
1638029, 200589299, 0, 0
1639018, 213122419, 0, 0
1640017, 190875748, 0, 0
1641009, 227788063, 0, 0
1642012, 219594517, 0, 0
1643022, 197903537, 0, 0
1644041, 216361622, 0, 0
1645001, 232023573, 0, 0
1646060, 191482847, 0, 0
1647052, 196600298, 0, 0
1648004, 239473170, 0, 0
1649057, 210974199, 0, 0
1650052, 194222706, 0, 0
1651049, 218705693, 0, 0
1652032, 232202075, 0, 0
1653024, 189218315, 0, 0
1654065, 202427515, 0, 0
1655047, 255928985, 0, 0
1656017, 204186940, 0, 0
1657018, 214451765, 0, 0
1658011, 197088705, 0, 0
1659045, 210243824, 0, 0
1660016, 187711775, 0, 0
1661024, 213607761, 0, 0
1662048, 199809298, 0, 0
1663005, 239675168, 0, 0
1664060, 223088396, 0, 0
1665033, 197928359, 0, 0
1666056, 221072034, 0, 0
1667058, 206638086, 0, 0
1668002, 219438534, 0, 0
1669044, 215418675, 0, 0
1670030, 198543825, 0, 0
1671053, 211624308, 0, 0
1672042, 214586338, 0, 0
1673056, 197328838, 0, 0
1674060, 207431464, 0, 0
1675010, 204071199, 0, 0
1676009, 204001737, 0, 0
1677045, 218050120, 0, 0
1678039, 224157735, 0, 0
1679070, 203355484, 0, 0
1680062, 205097629, 0, 0
1681040, 221623275, 0, 0
1682066, 182225831, 0, 0
1683032, 209041087, 0, 0
1684056, 224870473, 0, 0
1685051, 219352625, 0, 0
1686051, 224597658, 0, 0
1687031, 221123806, 0, 0
1688046, 196310071, 0, 0
1689040, 212412196, 0, 0
1690037, 239479523, 0, 0
1691038, 198521519, 0, 0
1692048, 193736991, 0, 0
1693002, 202026238, 0, 0
1694015, 208446014, 0, 0
1695042, 200009899, 0, 0
1696040, 164789649, 0, 0
1697050, 200843697, 0, 0
1698017, 193164675, 0, 0
1699038, 196251391, 0, 0
1700051, 223809921, 0, 0
1701028, 194198296, 0, 0
1702004, 240860125, 0, 0
1703056, 214145113, 0, 0
1704010, 201403770, 0, 0
1705039, 213872975, 0, 0
1706055, 217280670, 0, 0
1707031, 194648426, 0, 0
1708036, 219070731, 0, 0
1709057, 186103646, 0, 0
1710017, 220345796, 0, 0
1711032, 223185709, 0, 0
1712026, 209102267, 0, 0
1713025, 186609450, 0, 0
1714019, 205071362, 0, 0
1715010, 198186854, 0, 0
1716021, 183681436, 0, 0
1717019, 158170561, 0, 0
1718039, 173059031, 0, 0
1719022, 213411127, 0, 0
1720041, 194212865, 0, 0
1721030, 228319902, 0, 0
1722055, 209662201, 0, 0
1723045, 182799931, 0, 0
1724030, 222240902, 0, 0
1725010, 216503551, 0, 0
1726031, 167671386, 0, 0
1727009, 198247966, 0, 0
1728019, 214098856, 0, 0
1729021, 189244219, 0, 0
1730058, 197653212, 0, 0
1731008, 224836927, 0, 0
1732068, 188255699, 0, 0
1733054, 234224031, 0, 0
1734024, 205947950, 0, 0
1735005, 173649182, 0, 0
1736037, 216054684, 0, 0
1737022, 179959243, 0, 0
1738013, 201570614, 0, 0
1739009, 192002899, 0, 0
1740027, 197471857, 0, 0
1741015, 179325069, 0, 0
1742031, 172210190, 0, 0
1743027, 192128841, 0, 0
1744030, 201099727, 0, 0
1745024, 207304389, 0, 0
1746044, 206550355, 0, 0
1747037, 203884560, 0, 0
1748028, 193592724, 0, 0
1749003, 210391452, 0, 0
1750017, 197147177, 0, 0
1751055, 187126375, 0, 0
1752047, 205050894, 0, 0
1753047, 192101832, 0, 0
1754058, 174711118, 0, 0
1755019, 173970102, 0, 0
1756001, 190850797, 0, 0
1757025, 196463359, 0, 0
1758020, 168878466, 0, 0
1759028, 216939897, 0, 0
1760031, 171565576, 0, 0
1761037, 176415385, 0, 0
1762027, 188791101, 0, 0
1763036, 187195150, 0, 0
1764031, 189505951, 0, 0
1765062, 186549725, 0, 0
1766051, 187630909, 0, 0
1767043, 177302152, 0, 0
1768035, 184517692, 0, 0
1769033, 160621863, 0, 0
1770046, 171493472, 0, 0
1771011, 193360027, 0, 0
1772014, 198129233, 0, 0
1773053, 191525652, 0, 0
1774061, 212336520, 0, 0
1775011, 167357096, 0, 0
1776006, 212461237, 0, 0
1777022, 178296703, 0, 0
1778028, 197685435, 0, 0
1779070, 172319413, 0, 0
1780009, 167074169, 0, 0
1781031, 180552237, 0, 0
1782057, 179907978, 0, 0
1783007, 160490609, 0, 0
1784033, 187911748, 0, 0
1785001, 193902196, 0, 0
1786062, 177626093, 0, 0
1787042, 194433315, 0, 0
1788036, 165790368, 0, 0
1789026, 184591063, 0, 0
1790025, 198342204, 0, 0
1791038, 163277792, 0, 0
1792022, 191525798, 0, 0
1793029, 159771613, 0, 0
1794048, 240494033, 0, 0
1795051, 201165010, 0, 0
1796003, 167868297, 0, 0
1797063, 184022269, 0, 0
1798015, 182264161, 0, 0
1799022, 187355737, 0, 0
1800028, 163793112, 0, 0
1801055, 182497796, 0, 0
1802044, 165001188, 0, 0
1803002, 181697538, 0, 0
1804017, 194944158, 0, 0
1805041, 178718283, 0, 0
1806005, 161869338, 0, 0
1807039, 178019303, 0, 0
1808048, 171312064, 0, 0
1809003, 201092121, 0, 0
1810048, 167179641, 0, 0
1811027, 192899124, 0, 0
1812056, 172132685, 0, 0
1813012, 198667989, 0, 0
1814015, 189791964, 0, 0
1815070, 175402282, 0, 0
1816054, 178091960, 0, 0
1817055, 155288660, 0, 0
1818020, 175599517, 0, 0
1819039, 134753810, 0, 0
1820022, 228366394, 0, 0
1821057, 177323973, 0, 0
1822010, 173785357, 0, 0
1823015, 175428600, 0, 0
1824015, 164017259, 0, 0
1825003, 172311453, 0, 0
1826036, 170859360, 0, 0
1827057, 176960812, 0, 0
1828042, 176809688, 0, 0
1829032, 156943093, 0, 0
1830009, 176946695, 0, 0
1831036, 171871188, 0, 0
1832002, 183061761, 0, 0
1833060, 178769053, 0, 0
1834009, 199058952, 0, 0
1835023, 167178843, 0, 0
1836052, 179051240, 0, 0
1837024, 177230839, 0, 0
1838029, 164145181, 0, 0
1839053, 190251586, 0, 0
1840040, 171722608, 0, 0
1841021, 156685649, 0, 0
1842031, 188149450, 0, 0
1843012, 184098662, 0, 0
1844054, 183281182, 0, 0
1845036, 150393190, 0, 0
1846015, 171031028, 0, 0
1847028, 169530060, 0, 0
1848027, 187242644, 0, 0
1849003, 173021984, 0, 0
1850050, 183110620, 0, 0
1851058, 181773053, 0, 0
1852015, 152737051, 0, 0
1853029, 162632512, 0, 0
1854005, 181742815, 0, 0
1855006, 150519915, 0, 0
1856020, 177570078, 0, 0
1857001, 186836795, 0, 0
1858020, 167527527, 0, 0
1859016, 146980879, 0, 0
1860048, 145753799, 0, 0
1861038, 166728999, 0, 0
1862048, 174096005, 0, 0
1863017, 172373848, 0, 0
1864055, 190439118, 0, 0
1865055, 159826372, 0, 0
1866059, 166493490, 0, 0
1867029, 142979252, 0, 0
1868030, 145388293, 0, 0
1869021, 194319803, 0, 0
1870027, 188444365, 0, 0
1871020, 158519516, 0, 0
1872038, 177691144, 0, 0
1873020, 176923204, 0, 0
1874017, 161041597, 0, 0
1875049, 162222503, 0, 0
1876001, 138519040, 0, 0
1877052, 173952451, 0, 0
1878030, 162471643, 0, 0
1879034, 153112227, 0, 0
1880056, 154098409, 0, 0
1881025, 188027618, 0, 0
1882036, 185570895, 0, 0
1883034, 159461502, 0, 0
1884055, 166286789, 0, 0
1885014, 161057835, 0, 0
1886046, 158053427, 0, 0
1887025, 151341349, 0, 0
1888027, 169507005, 0, 0
1889056, 148678820, 0, 0
1890041, 160510502, 0, 0
1891064, 152764282, 0, 0
1892005, 157062882, 0, 0
1893005, 158573634, 0, 0
1894025, 160812576, 0, 0
1895054, 152904963, 0, 0
1896000, 143935140, 0, 0
1897050, 145076921, 0, 0
1898054, 156981971, 0, 0
1899022, 142867202, 0, 0
1900027, 138638248, 0, 0
1901025, 135542383, 0, 0
1902008, 180600062, 0, 0
1903106, 151757316, 0, 0
1904005, 172448241, 0, 0
1905026, 157294922, 0, 0
1906040, 141214562, 0, 0
1907052, 146180472, 0, 0
1908047, 167638187, 0, 0
1909052, 129963016, 0, 0
1910001, 133823360, 0, 0
1911033, 145060223, 0, 0
1912037, 150706131, 0, 0
1913050, 163754081, 0, 0
1914027, 139736268, 0, 0
1915000, 156080502, 0, 0
1916051, 147024026, 0, 0
1917041, 167308572, 0, 0
1918046, 155360893, 0, 0
1919052, 170529168, 0, 0
1920042, 170482252, 0, 0
1921034, 156017304, 0, 0
1922062, 143888640, 0, 0
1923010, 153263529, 0, 0
1924017, 126491047, 0, 0
1925018, 135032151, 0, 0
1926056, 149814860, 0, 0
1927003, 141893358, 0, 0
1928024, 145051905, 0, 0
1929011, 158335740, 0, 0
1930058, 159293102, 0, 0
1931050, 150011007, 0, 0
1932002, 140349922, 0, 0
1933013, 125434228, 0, 0
1934000, 142465008, 0, 0
1935042, 155968242, 0, 0
1936011, 163391419, 0, 0
1937047, 169154454, 0, 0
1938056, 151902747, 0, 0
1939021, 148419934, 0, 0
1940030, 142613681, 0, 0
1941027, 145104000, 0, 0
1942040, 146488106, 0, 0
1943056, 136644780, 0, 0
1944015, 135792711, 0, 0
1945058, 125572570, 0, 0
1946022, 158906122, 0, 0
1947017, 134589461, 0, 0
1948061, 141989098, 0, 0
1949022, 139957918, 0, 0
1950029, 143342801, 0, 0
1951007, 138072982, 0, 0
1952032, 141888538, 0, 0
1953031, 121315491, 0, 0
1954034, 133423881, 0, 0
1955060, 140383108, 0, 0
1956009, 143360615, 0, 0
1957014, 138897093, 0, 0
1958050, 134885540, 0, 0
1959050, 131291107, 0, 0
1960048, 109331437, 0, 0
1961042, 135910151, 0, 0
1962003, 141548353, 0, 0
1963066, 139382651, 0, 0
1964017, 124237582, 0, 0
1965034, 119455419, 0, 0
1966051, 114619952, 0, 0
1967038, 141180692, 0, 0
1968032, 133706073, 0, 0
1969036, 135510827, 0, 0
1970022, 126221024, 0, 0
1971019, 135479713, 0, 0
1972050, 132346929, 0, 0
1973006, 137272459, 0, 0
1974018, 128921086, 0, 0
1975029, 123365007, 0, 0
1976023, 136424899, 0, 0
1977018, 134947270, 0, 0
1978005, 126133661, 0, 0
1979038, 126397149, 0, 0
1980026, 129785392, 0, 0
1981055, 120541378, 0, 0
1982002, 143150372, 0, 0
1983006, 163720416, 0, 0
1984028, 140318323, 0, 0
1985026, 142296472, 0, 0
1986057, 134703190, 0, 0
1987011, 129511993, 0, 0
1988027, 111564183, 0, 0
1989016, 112973537, 0, 0
1990018, 121917143, 0, 0
1991039, 130704555, 0, 0
1992061, 125859237, 0, 0
1993034, 114151044, 0, 0
1994048, 125588052, 0, 0
1995018, 123402560, 0, 0
1996020, 146025363, 0, 0
1997042, 121043519, 0, 0
1998057, 114370888, 0, 0
1999018, 125612659, 0, 0
2000015, 118095585, 0, 0
2001020, 113818799, 0, 0
2002039, 121071463, 0, 0
2003056, 136305698, 0, 0
2004028, 117124196, 0, 0
2005006, 105159811, 0, 0
2006041, 122355195, 0, 0
2007055, 117452106, 0, 0
2008043, 111399006, 0, 0
2009015, 117908260, 0, 0
2010037, 117504300, 0, 0
2011042, 108280039, 0, 0
2012028, 122508484, 0, 0
2013015, 137147778, 0, 0
2014004, 104626006, 0, 0
2015019, 105264253, 0, 0
2016007, 114700408, 0, 0
2017029, 119961524, 0, 0
2018056, 107309840, 0, 0
2019040, 114882999, 0, 0
2020009, 117061518, 0, 0
2021000, 125000609, 0, 0
2022031, 123388251, 0, 0
2023056, 108313340, 0, 0
2024050, 112551954, 0, 0
2025003, 105784193, 0, 0
2026023, 108325355, 0, 0
2027047, 122067829, 0, 0
2028000, 113265485, 0, 0
2029047, 113641988, 0, 0
2030007, 146715249, 0, 0
2031036, 132601065, 0, 0
2032053, 93064996, 0, 0
2033038, 101778611, 0, 0
2034061, 113592237, 0, 0
2035048, 101318774, 0, 0
2036004, 106163745, 0, 0
2037021, 111536363, 0, 0
2038031, 113264668, 0, 0
2039013, 121021954, 0, 0
2040026, 140552013, 0, 0
2041030, 101597697, 0, 0
2042050, 114146761, 0, 0
2043056, 103875109, 0, 0
2044040, 102430719, 0, 0
2045037, 96884493, 0, 0
2046047, 112139107, 0, 0
2047001, 110773381, 0, 0
2048015, 108267331, 0, 0
2049000, 116859465, 0, 0
2050008, 94426187, 0, 0
2051014, 120258820, 0, 0
2052017, 98425562, 0, 0
2053045, 102974657, 0, 0
2054025, 93065976, 0, 0
2055060, 126314009, 0, 0
2056023, 114911127, 0, 0
2057017, 103805327, 0, 0
2058045, 95399206, 0, 0
2059029, 111450014, 0, 0
2060059, 132911460, 0, 0
2061049, 116652458, 0, 0
2062035, 91444906, 0, 0
2063053, 111339617, 0, 0
2064048, 113872943, 0, 0
2065048, 102140349, 0, 0
2066019, 113565761, 0, 0
2067014, 90734475, 0, 0
2068052, 114106322, 0, 0
2069016, 98267523, 0, 0
2070044, 110805148, 0, 0
2071007, 106385234, 0, 0
2072026, 97129883, 0, 0
2073052, 104331462, 0, 0
2074020, 102931242, 0, 0
2075025, 104454964, 0, 0
2076053, 92354075, 0, 0
2077022, 96967320, 0, 0
2078000, 106928701, 0, 0
2079017, 108321519, 0, 0
2080053, 83131577, 0, 0
2081009, 96872662, 0, 0
2082051, 82946269, 0, 0
2083018, 102388956, 0, 0
2084049, 98558801, 0, 0
2085058, 98647365, 0, 0
2086008, 101905406, 0, 0
2087054, 80361902, 0, 0
2088023, 98223130, 0, 0
2089034, 102293063, 0, 0
2090053, 100826480, 0, 0
2091041, 100255401, 0, 0
2092021, 96097965, 0, 0
2093057, 84873248, 0, 0
2094023, 83627851, 0, 0
2095034, 101398702, 0, 0
2096034, 94317436, 0, 0
2097028, 97187424, 0, 0
2098015, 85313475, 0, 0
2099052, 90760519, 0, 0
2100019, 84855269, 0, 0
2101068, 90639821, 0, 0
2102050, 86257108, 0, 0
2103037, 77044329, 0, 0
2104040, 89961481, 0, 0
2105005, 94290147, 0, 0
2106029, 87068552, 0, 0
2107040, 93397984, 0, 0
2108003, 92904145, 0, 0
2109045, 88730485, 0, 0
2110000, 86431110, 0, 0
2111054, 76889747, 0, 0
2112047, 87443048, 0, 0
2113011, 78534011, 0, 0
2114007, 79877856, 0, 0
2115050, 82235247, 0, 0
2116011, 86175991, 0, 0
2117004, 83627928, 0, 0
2118030, 81081658, 0, 0
2119053, 78706161, 0, 0
2120027, 81016451, 0, 0
2121066, 80580261, 0, 0
2122000, 80674677, 0, 0
2123035, 77893274, 0, 0
2124018, 89635054, 0, 0
2125037, 81657792, 0, 0
2126060, 80399179, 0, 0
2127029, 80029585, 0, 0
2128045, 78571886, 0, 0
2129014, 92963104, 0, 0
2130050, 72821246, 0, 0
2131028, 96302260, 0, 0
2132008, 80098093, 0, 0
2133037, 72006106, 0, 0
2134059, 76421117, 0, 0
2135013, 93221338, 0, 0
2136014, 89493330, 0, 0
2137012, 73429416, 0, 0
2138041, 79078504, 0, 0
2139007, 82584101, 0, 0
2140010, 87364057, 0, 0
2141021, 66109192, 0, 0
2142039, 77485339, 0, 0
2143055, 75604399, 0, 0
2144045, 78134649, 0, 0
2145054, 64126902, 0, 0
2146042, 81045413, 0, 0
2147025, 75247041, 0, 0
2148040, 68360478, 0, 0
2149010, 60954394, 0, 0
2150060, 75556446, 0, 0
2151050, 69145070, 0, 0
2152061, 76538081, 0, 0
2153050, 80954042, 0, 0
2154023, 75049010, 0, 0
2155007, 74147898, 0, 0
2156021, 74139990, 0, 0
2157047, 62415656, 0, 0
2158030, 73483434, 0, 0
2159057, 72887335, 0, 0
2160000, 69824019, 0, 0
2161004, 68879241, 0, 0
2162024, 59176363, 0, 0
2163054, 75194364, 0, 0
2164025, 60878914, 0, 0
2165050, 64866533, 0, 0
2166008, 74362066, 0, 0
2167026, 84349067, 0, 0
2168002, 70150172, 0, 0
2169006, 60966440, 0, 0
2170043, 72357855, 0, 0
2171029, 61290899, 0, 0
2172031, 61570451, 0, 0
2173003, 65615169, 0, 0
2174037, 71311923, 0, 0
2175044, 59444998, 0, 0
2176022, 70371697, 0, 0
2177024, 76728973, 0, 0
2178031, 75080953, 0, 0
2179009, 63141018, 0, 0
2180039, 56974526, 0, 0
2181034, 50131280, 0, 0
2182044, 50133585, 0, 0
2183000, 59045644, 0, 0
2184017, 61691146, 0, 0
2185011, 58048516, 0, 0
2186020, 58787823, 0, 0
2187002, 54661831, 0, 0
2188006, 52456171, 0, 0
2189056, 76058432, 0, 0
2190056, 64642867, 0, 0
2191043, 57723493, 0, 0
2192007, 56946755, 0, 0
2193013, 53221223, 0, 0
2194007, 51348615, 0, 0
2195038, 63980639, 0, 0
2196027, 67286657, 0, 0
2197010, 52502261, 0, 0
2198041, 58733690, 0, 0
2199003, 55377759, 0, 0
2200013, 54624489, 0, 0
2201000, 69901073, 0, 0
2202005, 54755606, 0, 0
2203009, 50719929, 0, 0
2204034, 63030419, 0, 0
2205060, 66822200, 0, 0
2206034, 51080255, 0, 0
2207058, 66388880, 0, 0
2208026, 55839280, 0, 0
2209035, 52899017, 0, 0
2210055, 59124077, 0, 0
2211022, 55392073, 0, 0
2212046, 66452449, 0, 0
2213022, 53070909, 0, 0
2214004, 53753972, 0, 0
2215014, 53620165, 0, 0
2216024, 54678439, 0, 0
2217065, 54770396, 0, 0
2218006, 58951021, 0, 0
2219009, 64717441, 0, 0
2220018, 46609066, 0, 0
2221047, 46962922, 0, 0
2222024, 58148020, 0, 0
2223073, 47733881, 0, 0
2224000, 54685244, 0, 0
2225075, 45195143, 0, 0
2226052, 49922220, 0, 0
2227039, 48836343, 0, 0
2228077, 46774530, 0, 0
2229048, 46044395, 0, 0
2230036, 48776537, 0, 0
2231031, 45769407, 0, 0
2232025, 40293024, 0, 0
2233046, 53410442, 0, 0
2234001, 46152587, 0, 0
2235000, 35339601, 0, 0
2236017, 43036150, 0, 0
2237027, 40520566, 0, 0
2238023, 45327408, 0, 0
2239018, 45058512, 0, 0
2240031, 43777395, 0, 0
2241008, 37166990, 0, 0
2242058, 45938799, 0, 0
2243017, 41350966, 0, 0
2244014, 42711312, 0, 0
2245038, 45492807, 0, 0
2246036, 44875253, 0, 0
2247002, 40981572, 0, 0
2248024, 40637763, 0, 0
2249032, 31237452, 0, 0
2250006, 39244091, 0, 0
2251000, 43029421, 0, 0
2252014, 43731479, 0, 0
2253008, 47476272, 0, 0
2254034, 38357812, 0, 0
2255003, 42178975, 0, 0
2256059, 31513477, 0, 0
2257038, 32336667, 0, 0
2258020, 39539939, 0, 0
2259014, 34545133, 0, 0
2260032, 31373443, 0, 0
2261015, 37061204, 0, 0
2262037, 37657685, 0, 0
2263040, 35518566, 0, 0
2264033, 32467098, 0, 0
2265032, 38276405, 0, 0
2266038, 32197363, 0, 0
2267049, 26487104, 0, 0
2268020, 32316061, 0, 0
2269020, 29081494, 0, 0
2270029, 31050103, 0, 0
2271025, 35246349, 0, 0
2272005, 34351630, 0, 0
2273022, 28397470, 0, 0
2274012, 28936427, 0, 0
2275000, 38182304, 0, 0
2276067, 28912615, 0, 0
2277017, 32203928, 0, 0
2278000, 34303926, 0, 0
2279000, 26227542, 0, 0
2280026, 27550491, 0, 0
2281014, 26479082, 0, 0
2282012, 38673396, 0, 0
2283029, 29180066, 0, 0
2284024, 30862793, 0, 0
2285034, 24832983, 0, 0
2286046, 31960047, 0, 0
2287003, 35752319, 0, 0
2288024, 25385190, 0, 0
2289051, 31898919, 0, 0
2290005, 26524781, 0, 0
2291004, 23814825, 0, 0
2292028, 31756562, 0, 0
2293055, 27617114, 0, 0
2294054, 22264500, 0, 0
2295005, 22927834, 0, 0
2296017, 27005761, 0, 0
2297033, 20078748, 0, 0
2298000, 23398203, 0, 0
2299010, 19707012, 0, 0
2300015, 18014698, 0, 0
2301058, 23769874, 0, 0
2302022, 32395152, 0, 0
2303009, 21819746, 0, 0
2304034, 23544051, 0, 0
2305000, 18796794, 0, 0
2306051, 18419099, 0, 0
2307060, 23685805, 0, 0
2308026, 20272409, 0, 0
2309017, 18060380, 0, 0
2310047, 19631239, 0, 0
2311000, 29546451, 0, 0
2312026, 19391566, 0, 0
2313057, 18055071, 0, 0
2314024, 18094870, 0, 0
2315034, 14271546, 0, 0
2316044, 20184250, 0, 0
2317042, 14209541, 0, 0
2318056, 16453646, 0, 0
2319000, 15062692, 0, 0
2320000, 20207356, 0, 0
2321013, 16526892, 0, 0
2322027, 19496399, 0, 0
2323017, 13594664, 0, 0
2324019, 12005289, 0, 0
2325048, 14642522, 0, 0
2326002, 17135557, 0, 0
2327016, 15038914, 0, 0
2328057, 12767456, 0, 0
2329023, 13537991, 0, 0
2330015, 17174676, 0, 0
2331032, 10687864, 0, 0
2332011, 15545219, 0, 0
2333000, 11349583, 0, 0
2334016, 8876740, 0, 0
2335004, 11601450, 0, 0
2336090, 8025207, 0, 0
2337087, 8874234, 0, 0
2338012, 17471082, 0, 0
2339015, 13826652, 0, 0
2340009, 10682345, 0, 0
2341029, 10023398, 0, 0
2342019, 6718029, 0, 0
2343007, 8277507, 0, 0
2344013, 6532139, 0, 0
2345000, 6124175, 0, 0
2346000, 9783092, 0, 0
2347051, 6629275, 0, 0
2348036, 6493979, 0, 0
2349008, 6000626, 0, 0
2350040, 4665627, 0, 0
2351000, 5432968, 0, 0
2352024, 9048204, 0, 0
2353020, 4809652, 0, 0
2354015, 4735483, 0, 0
2355000, 3879648, 0, 0
2356007, 4770540, 0, 0
2357000, 5566153, 0, 0
2358032, 3326953, 0, 0
2359000, 2536950, 0, 0
2360017, 3406001, 0, 0
2361015, 2014765, 0, 0
2362000, 2425781, 0, 0
2363000, 1661544, 0, 0
2364011, 1399486, 0, 0
2365000, 1210926, 0, 0
2366000, 778607, 0, 0
2367000, 676240, 0, 0
2368000, 646532, 0, 0
2369000, 649457, 0, 0
2370000, 643358, 0, 0
2371000, 639757, 0, 0
2372000, 641735, 0, 0
2373000, 654383, 0, 0
2374000, 638763, 0, 0
2375000, 643052, 0, 0
2376000, 642584, 0, 0
2377000, 643518, 0, 0
2378000, 642584, 0, 0
2379000, 643577, 0, 0
2380000, 643011, 0, 0
2381000, 643765, 0, 0
2382000, 646268, 0, 0
2383000, 642449, 0, 0
2384000, 644602, 0, 0
2385000, 644309, 0, 0
2386000, 644344, 0, 0
2387000, 646973, 0, 0
2388000, 644999, 0, 0
2389000, 643783, 0, 0
2390000, 643811, 0, 0
2391000, 642041, 0, 0
2392000, 644218, 0, 0
2393000, 658387, 0, 0
2394000, 646713, 0, 0
2395000, 657646, 0, 0
2396000, 653125, 0, 0
2397000, 646250, 0, 0
2398000, 652656, 0, 0
2399000, 647384, 0, 0
2400000, 820888, 0, 0
2400000, 618315, 0, 0
