1003, 93865111, 0, 0
2027, 344563945, 0, 0
3043, 355840043, 0, 0
4046, 205524078, 0, 0
5016, 350530472, 0, 0
6042, 438564666, 0, 0
7041, 375588134, 0, 0
8013, 454393123, 0, 0
9076, 224207047, 0, 0
10032, 116202144, 0, 0
11061, 142018899, 0, 0
12049, 218402094, 0, 0
13062, 143487079, 0, 0
14051, 358224010, 0, 0
15004, 374661564, 0, 0
16013, 378052241, 0, 0
17023, 443373143, 0, 0
18057, 224713412, 0, 0
19050, 372691675, 0, 0
20005, 355322073, 0, 0
21032, 403764856, 0, 0
22026, 456075702, 0, 0
23068, 356062043, 0, 0
24014, 239245369, 0, 0
25029, 333249507, 0, 0
26000, 374162474, 0, 0
27068, 391944157, 0, 0
28006, 445832225, 0, 0
29052, 232309127, 0, 0
30005, 103104347, 0, 0
31051, 234649405, 0, 0
32026, 246445142, 0, 0
33049, 317396172, 0, 0
34052, 328248967, 0, 0
35005, 182010220, 0, 0
36012, 221481341, 0, 0
37020, 189971643, 0, 0
38028, 291085274, 0, 0
39017, 301677416, 0, 0
40053, 121640757, 0, 0
41040, 332891375, 0, 0
42053, 424554206, 0, 0
43034, 410588350, 0, 0
44035, 209017066, 0, 0
45048, 397876919, 0, 0
46042, 399089236, 0, 0
47045, 352968975, 0, 0
48027, 234323645, 0, 0
49041, 233824150, 0, 0
50042, 225946278, 0, 0
51038, 245506106, 0, 0
52059, 288280288, 0, 0
53064, 280507610, 0, 0
54042, 220917340, 0, 0
55055, 162536324, 0, 0
56046, 336789045, 0, 0
57034, 367013979, 0, 0
58057, 464603793, 0, 0
59048, 400662297, 0, 0
60020, 415006925, 0, 0
61069, 376208898, 0, 0
62050, 317290805, 0, 0
63017, 131442958, 0, 0
64004, 335740961, 0, 0
65037, 326977164, 0, 0
66000, 288244453, 0, 0
67031, 312363575, 0, 0
68037, 220258897, 0, 0
69014, 348437237, 0, 0
70014, 217615329, 0, 0
71045, 307181509, 0, 0
72013, 377427738, 0, 0
73068, 350525326, 0, 0
74040, 345080603, 0, 0
75049, 357757477, 0, 0
76035, 358575028, 0, 0
77033, 139054102, 0, 0
78021, 395204071, 0, 0
79057, 391682620, 0, 0
80022, 353284701, 0, 0
81050, 220426704, 0, 0
82035, 149887384, 0, 0
83005, 326286175, 0, 0
84052, 430257564, 0, 0
85052, 177351772, 0, 0
86004, 169639585, 0, 0
87047, 248941011, 0, 0
88070, 236459322, 0, 0
89014, 376386198, 0, 0
90000, 346592397, 0, 0
91064, 336192348, 0, 0
92046, 226672046, 0, 0
93016, 336442520, 0, 0
94053, 387879183, 0, 0
95030, 415875777, 0, 0
96039, 329800720, 0, 0
97054, 223129749, 0, 0
98053, 296718925, 0, 0
99005, 221740314, 0, 0
100002, 394979849, 0, 0
101057, 413573421, 0, 0
102043, 369602860, 0, 0
103031, 333085941, 0, 0
104009, 326835972, 0, 0
105022, 308110655, 0, 0
106063, 206425830, 0, 0
107038, 114719058, 0, 0
108056, 355251114, 0, 0
109038, 413130986, 0, 0
110000, 410920737, 0, 0
111093, 248299135, 0, 0
112034, 303281695, 0, 0
113007, 385842441, 0, 0
114056, 342657074, 0, 0
115055, 347590293, 0, 0
116040, 409530982, 0, 0
117032, 103654074, 0, 0
118006, 316029472, 0, 0
119030, 158473785, 0, 0
120007, 288379348, 0, 0
121011, 356876345, 0, 0
122011, 339386197, 0, 0
123045, 268510218, 0, 0
124001, 221299210, 0, 0
125016, 325185717, 0, 0
126028, 431383309, 0, 0
127041, 401897389, 0, 0
128035, 320369709, 0, 0
129042, 389399715, 0, 0
130026, 148470782, 0, 0
131043, 130071175, 0, 0
132006, 313714892, 0, 0
133042, 350784511, 0, 0
134028, 407830555, 0, 0
135050, 369476257, 0, 0
136052, 212700996, 0, 0
137045, 348796867, 0, 0
138033, 364053817, 0, 0
139010, 390108944, 0, 0
140012, 332048822, 0, 0
141027, 334956999, 0, 0
142025, 342426719, 0, 0
143020, 125008516, 0, 0
144025, 315164868, 0, 0
145033, 339186153, 0, 0
146005, 216637263, 0, 0
147052, 239331565, 0, 0
148049, 217748963, 0, 0
149059, 199517338, 0, 0
150028, 305188512, 0, 0
151037, 304006671, 0, 0
152027, 355509381, 0, 0
153013, 334986420, 0, 0
154027, 244519710, 0, 0
155023, 297461689, 0, 0
156009, 443766441, 0, 0
157029, 418482682, 0, 0
158034, 352835401, 0, 0
159038, 330575721, 0, 0
160030, 350276215, 0, 0
161047, 412267928, 0, 0
162048, 351950606, 0, 0
163006, 197249405, 0, 0
164008, 318537564, 0, 0
165047, 325560749, 0, 0
166010, 281432057, 0, 0
167036, 361180056, 0, 0
168041, 391543725, 0, 0
169024, 411596633, 0, 0
170001, 400109993, 0, 0
171022, 313166015, 0, 0
172002, 354734100, 0, 0
173017, 255165438, 0, 0
174001, 124537422, 0, 0
175051, 252063112, 0, 0
176000, 330769273, 0, 0
177023, 347121741, 0, 0
178020, 373229700, 0, 0
179006, 373551649, 0, 0
180036, 384300477, 0, 0
181035, 309990852, 0, 0
182064, 318606414, 0, 0
183021, 294213436, 0, 0
184072, 314176006, 0, 0
185020, 332971697, 0, 0
186020, 302703537, 0, 0
187008, 333926369, 0, 0
188017, 301012916, 0, 0
189004, 223560326, 0, 0
190038, 270409699, 0, 0
191060, 309022086, 0, 0
192028, 315025119, 0, 0
193040, 319237826, 0, 0
194009, 282279165, 0, 0
195029, 285249240, 0, 0
196016, 389570445, 0, 0
197058, 389985196, 0, 0
198000, 411580404, 0, 0
199011, 404467231, 0, 0
200027, 357775129, 0, 0
201043, 330079200, 0, 0
202029, 375408122, 0, 0
203061, 364268420, 0, 0
204020, 309292896, 0, 0
205052, 283309426, 0, 0
206000, 335695738, 0, 0
207024, 317368696, 0, 0
208000, 365499176, 0, 0
209024, 371209954, 0, 0
210046, 368249574, 0, 0
211034, 365347822, 0, 0
212010, 371196303, 0, 0
213032, 410117164, 0, 0
214014, 358557137, 0, 0
215047, 336953061, 0, 0
216000, 322363352, 0, 0
217028, 304368897, 0, 0
218033, 292786580, 0, 0
219034, 284150141, 0, 0
220065, 274934906, 0, 0
221009, 266136599, 0, 0
222021, 336086648, 0, 0
223013, 318806192, 0, 0
224041, 301421318, 0, 0
225025, 321839251, 0, 0
226006, 335091422, 0, 0
227053, 319523289, 0, 0
228020, 330040555, 0, 0
229037, 320306563, 0, 0
230009, 343578009, 0, 0
231021, 315735133, 0, 0
232004, 295849208, 0, 0
233015, 344173374, 0, 0
234001, 344560187, 0, 0
235012, 322170866, 0, 0
236028, 327536031, 0, 0
237037, 299219493, 0, 0
238042, 295493531, 0, 0
239047, 320137983, 0, 0
240035, 336950539, 0, 0
241025, 357854171, 0, 0
242095, 330460591, 0, 0
243064, 329324525, 0, 0
244039, 331359617, 0, 0
245019, 346862676, 0, 0
246043, 305681149, 0, 0
247014, 311759298, 0, 0
248049, 322486830, 0, 0
249046, 351917197, 0, 0
250019, 373555941, 0, 0
251030, 363410805, 0, 0
252044, 366706797, 0, 0
253005, 338390441, 0, 0
254009, 298123452, 0, 0
255038, 354368190, 0, 0
256000, 369657530, 0, 0
257040, 379270565, 0, 0
258061, 347281289, 0, 0
259060, 306921041, 0, 0
260000, 329360693, 0, 0
261025, 277684777, 0, 0
262033, 324544237, 0, 0
263000, 327093082, 0, 0
264047, 288405309, 0, 0
265059, 286695070, 0, 0
266022, 264814934, 0, 0
267037, 266084419, 0, 0
268032, 319951651, 0, 0
269042, 340516598, 0, 0
270057, 360424268, 0, 0
271018, 346552640, 0, 0
272024, 379520242, 0, 0
273046, 364652687, 0, 0
274050, 331152535, 0, 0
275051, 325740047, 0, 0
276022, 356231970, 0, 0
277012, 363715892, 0, 0
278003, 356926237, 0, 0
279029, 361865447, 0, 0
280059, 342518154, 0, 0
281039, 304872538, 0, 0
282021, 293024487, 0, 0
283020, 278648440, 0, 0
284008, 322265483, 0, 0
285020, 330953187, 0, 0
286011, 351366507, 0, 0
287026, 288268484, 0, 0
288055, 297406261, 0, 0
289008, 338162139, 0, 0
290014, 341563074, 0, 0
291001, 339888374, 0, 0
292029, 287037099, 0, 0
293045, 299641462, 0, 0
294016, 249223229, 0, 0
295020, 269973506, 0, 0
296032, 274900216, 0, 0
297001, 303172680, 0, 0
298056, 315623948, 0, 0
299046, 297786306, 0, 0
300055, 329436367, 0, 0
301015, 333859584, 0, 0
302026, 323842911, 0, 0
303063, 281403654, 0, 0
304020, 321628359, 0, 0
305012, 320186941, 0, 0
306044, 325003974, 0, 0
307020, 330017104, 0, 0
308003, 312176147, 0, 0
309058, 329840852, 0, 0
310027, 340733831, 0, 0
311059, 324572736, 0, 0
312020, 338342983, 0, 0
313055, 316365984, 0, 0
314004, 269550534, 0, 0
315030, 277500059, 0, 0
316002, 315784146, 0, 0
317016, 315963337, 0, 0
318013, 304514278, 0, 0
319060, 282719345, 0, 0
320028, 297766716, 0, 0
321072, 287593735, 0, 0
322043, 354079696, 0, 0
323005, 356774509, 0, 0
324042, 366151312, 0, 0
325009, 368059531, 0, 0
326050, 321070314, 0, 0
327052, 295509177, 0, 0
328056, 327717177, 0, 0
329054, 298524942, 0, 0
330005, 313379263, 0, 0
331045, 314465994, 0, 0
332034, 311009169, 0, 0
333036, 284646672, 0, 0
334041, 317492791, 0, 0
335033, 308682238, 0, 0
336041, 317177340, 0, 0
337041, 303820808, 0, 0
338036, 319710853, 0, 0
339056, 328184410, 0, 0
340048, 298787091, 0, 0
341012, 332908452, 0, 0
342037, 340526162, 0, 0
343006, 299376212, 0, 0
344026, 332784622, 0, 0
345052, 342659204, 0, 0
346008, 327906722, 0, 0
347056, 279698834, 0, 0
348026, 317586150, 0, 0
349051, 300923250, 0, 0
350055, 338494685, 0, 0
351061, 314862091, 0, 0
352025, 284889959, 0, 0
353046, 289193481, 0, 0
354034, 303886036, 0, 0
355034, 334177097, 0, 0
356029, 319183742, 0, 0
357054, 310433652, 0, 0
358010, 278991168, 0, 0
359012, 285607894, 0, 0
360031, 309751056, 0, 0
361059, 314987581, 0, 0
362052, 322845626, 0, 0
363047, 282102862, 0, 0
364059, 277128019, 0, 0
365055, 309612028, 0, 0
366048, 304817826, 0, 0
367032, 315673632, 0, 0
368039, 306807927, 0, 0
369008, 297362482, 0, 0
370007, 310571737, 0, 0
371034, 316280197, 0, 0
372053, 294355105, 0, 0
373004, 282298517, 0, 0
374128, 261740575, 0, 0
375055, 290589300, 0, 0
376052, 255173107, 0, 0
377044, 299895275, 0, 0
378055, 302595410, 0, 0
379064, 324317026, 0, 0
380050, 298538932, 0, 0
381000, 313761937, 0, 0
382045, 278423708, 0, 0
383045, 283566481, 0, 0
384027, 279542340, 0, 0
385026, 289789852, 0, 0
386031, 287968024, 0, 0
387059, 327249935, 0, 0
388005, 299945286, 0, 0
389011, 265437274, 0, 0
390023, 309372411, 0, 0
391047, 303440524, 0, 0
392046, 311529453, 0, 0
393026, 334870078, 0, 0
394051, 344855936, 0, 0
395062, 294063263, 0, 0
396008, 267927847, 0, 0
397000, 296538177, 0, 0
398062, 282992625, 0, 0
399046, 255070040, 0, 0
400066, 262012599, 0, 0
401015, 283460284, 0, 0
402064, 274536785, 0, 0
403013, 296615950, 0, 0
404030, 295803255, 0, 0
405003, 310874109, 0, 0
406027, 285549362, 0, 0
407039, 281474475, 0, 0
408050, 301038289, 0, 0
409065, 327563898, 0, 0
410026, 329556397, 0, 0
411027, 291432789, 0, 0
412035, 340274878, 0, 0
413011, 299107206, 0, 0
414026, 302528080, 0, 0
415027, 293467540, 0, 0
416051, 305071057, 0, 0
417006, 288000675, 0, 0
418062, 305227187, 0, 0
419039, 293719757, 0, 0
420013, 270234577, 0, 0
421018, 312828410, 0, 0
422062, 325810252, 0, 0
423057, 298845088, 0, 0
424024, 319320511, 0, 0
425050, 332119909, 0, 0
426044, 347665470, 0, 0
427055, 297406551, 0, 0
428034, 317917053, 0, 0
429056, 289889187, 0, 0
430042, 292760864, 0, 0
431051, 272080674, 0, 0
432028, 308602336, 0, 0
433015, 262864809, 0, 0
434062, 284517219, 0, 0
435009, 294732355, 0, 0
436018, 303362699, 0, 0
437034, 282231226, 0, 0
438031, 361095365, 0, 0
439013, 377734619, 0, 0
440037, 313501996, 0, 0
441006, 272773727, 0, 0
442017, 297874660, 0, 0
443049, 285837135, 0, 0
444044, 252021064, 0, 0
445025, 269678799, 0, 0
446025, 278066390, 0, 0
447020, 319531092, 0, 0
448046, 320040507, 0, 0
449018, 337745440, 0, 0
450050, 294338224, 0, 0
451063, 313441013, 0, 0
452005, 306916168, 0, 0
453054, 299284786, 0, 0
454007, 287288172, 0, 0
455000, 293757546, 0, 0
456056, 292911691, 0, 0
457037, 282800116, 0, 0
458000, 295276233, 0, 0
459030, 290451366, 0, 0
460059, 306328803, 0, 0
461001, 298537612, 0, 0
462036, 318116844, 0, 0
463044, 270939530, 0, 0
464004, 293451787, 0, 0
465030, 280235961, 0, 0
466030, 298715690, 0, 0
467033, 286710889, 0, 0
468045, 308514614, 0, 0
469040, 304572038, 0, 0
470026, 297950114, 0, 0
471004, 245624003, 0, 0
472018, 266479143, 0, 0
473004, 288755666, 0, 0
474022, 266849282, 0, 0
475013, 307482364, 0, 0
476030, 274436865, 0, 0
477046, 290641922, 0, 0
478021, 321190626, 0, 0
479012, 280654240, 0, 0
480030, 333414263, 0, 0
481008, 276949233, 0, 0
482019, 322163213, 0, 0
483001, 325885044, 0, 0
484017, 306192105, 0, 0
485011, 282858367, 0, 0
486036, 297655613, 0, 0
487053, 297845298, 0, 0
488012, 279872043, 0, 0
489050, 256893030, 0, 0
490000, 290699498, 0, 0
491031, 338357906, 0, 0
492024, 300978865, 0, 0
493008, 293939703, 0, 0
494010, 289602655, 0, 0
495007, 305055687, 0, 0
496012, 308907712, 0, 0
497031, 306182883, 0, 0
498024, 290568302, 0, 0
499017, 307520198, 0, 0
500010, 288644984, 0, 0
501067, 307807016, 0, 0
502000, 311776382, 0, 0
503034, 332310424, 0, 0
504038, 286094439, 0, 0
505014, 327801134, 0, 0
506042, 307864352, 0, 0
507024, 309845451, 0, 0
508030, 319076327, 0, 0
509037, 297764018, 0, 0
510030, 299342740, 0, 0
511031, 297629390, 0, 0
512059, 327063661, 0, 0
513015, 291002381, 0, 0
514059, 334819210, 0, 0
515006, 300144174, 0, 0
516030, 309314845, 0, 0
517059, 302832512, 0, 0
518004, 324409538, 0, 0
519023, 314824173, 0, 0
520015, 276481242, 0, 0
521051, 272734786, 0, 0
522019, 300580841, 0, 0
523017, 307857116, 0, 0
524021, 311018393, 0, 0
525047, 279041348, 0, 0
526013, 300792075, 0, 0
527044, 319254951, 0, 0
528034, 310621690, 0, 0
529010, 275449655, 0, 0
530034, 312090539, 0, 0
531000, 293890182, 0, 0
532043, 278025345, 0, 0
533006, 286099789, 0, 0
534060, 288394304, 0, 0
535014, 305637669, 0, 0
536060, 319017707, 0, 0
537038, 313710074, 0, 0
538079, 326867647, 0, 0
539050, 312122391, 0, 0
540010, 307553703, 0, 0
541014, 314491129, 0, 0
542033, 309230205, 0, 0
543007, 307516679, 0, 0
544002, 332141150, 0, 0
545042, 338961815, 0, 0
546048, 293835445, 0, 0
547053, 299505517, 0, 0
548014, 276431811, 0, 0
549029, 279393725, 0, 0
550020, 309916790, 0, 0
551021, 295291858, 0, 0
552048, 283757198, 0, 0
553003, 275133242, 0, 0
554033, 304921900, 0, 0
555004, 303370154, 0, 0
556048, 286769441, 0, 0
557068, 310233987, 0, 0
558001, 274249285, 0, 0
559043, 271234752, 0, 0
560005, 309041688, 0, 0
561044, 286936240, 0, 0
562022, 265285978, 0, 0
563053, 325472446, 0, 0
564019, 302918837, 0, 0
565066, 272577319, 0, 0
566025, 305208160, 0, 0
567022, 324906661, 0, 0
568017, 297493053, 0, 0
569005, 293286131, 0, 0
570038, 315156330, 0, 0
571053, 325306629, 0, 0
572007, 280024175, 0, 0
573024, 325981808, 0, 0
574000, 302557694, 0, 0
575001, 296796974, 0, 0
576049, 283696364, 0, 0
577036, 303692433, 0, 0
578057, 322061587, 0, 0
579019, 332290741, 0, 0
580059, 328196179, 0, 0
581003, 289577540, 0, 0
582012, 303754324, 0, 0
583023, 280830286, 0, 0
584045, 280460841, 0, 0
585016, 266329049, 0, 0
586021, 289767995, 0, 0
587024, 332528169, 0, 0
588012, 329398613, 0, 0
589041, 294774687, 0, 0
590042, 304287130, 0, 0
591053, 306390697, 0, 0
592051, 329524475, 0, 0
593000, 307569361, 0, 0
594036, 274380459, 0, 0
595010, 293302390, 0, 0
596061, 322253221, 0, 0
597004, 315746929, 0, 0
598018, 316061967, 0, 0
599041, 259690618, 0, 0
600036, 276848024, 0, 0
601090, 271926664, 0, 0
602004, 292437915, 0, 0
603031, 325198025, 0, 0
604002, 291014389, 0, 0
605002, 243425470, 0, 0
606011, 283743224, 0, 0
607009, 285387552, 0, 0
608005, 288888452, 0, 0
609040, 287528957, 0, 0
610018, 276899228, 0, 0
611020, 286647338, 0, 0
612042, 338481635, 0, 0
613037, 264200677, 0, 0
614049, 308692001, 0, 0
615019, 281058991, 0, 0
616008, 337057307, 0, 0
617016, 317765082, 0, 0
618017, 311544562, 0, 0
619025, 303405229, 0, 0
620056, 278117894, 0, 0
621027, 311422120, 0, 0
622020, 300184037, 0, 0
623010, 305408224, 0, 0
624059, 268648495, 0, 0
625020, 301469890, 0, 0
626063, 299651332, 0, 0
627004, 294274114, 0, 0
628014, 302256145, 0, 0
629028, 301297757, 0, 0
630028, 266872978, 0, 0
631012, 292293651, 0, 0
632041, 268955326, 0, 0
633047, 341012771, 0, 0
634060, 293126232, 0, 0
635008, 283567710, 0, 0
636035, 310808160, 0, 0
637059, 343628151, 0, 0
638016, 302117762, 0, 0
639022, 282899287, 0, 0
640014, 303666321, 0, 0
641037, 323079592, 0, 0
642019, 293280760, 0, 0
643046, 282127108, 0, 0
644011, 261184808, 0, 0
645058, 287559126, 0, 0
646018, 339014925, 0, 0
647041, 311695686, 0, 0
648055, 321635296, 0, 0
649012, 307290794, 0, 0
650003, 290621827, 0, 0
651054, 313235892, 0, 0
652029, 283081833, 0, 0
653014, 289901004, 0, 0
654014, 289822218, 0, 0
655023, 285351784, 0, 0
656031, 305740154, 0, 0
657002, 265299676, 0, 0
658015, 275155559, 0, 0
659020, 287686250, 0, 0
660028, 302767149, 0, 0
661029, 283231822, 0, 0
662035, 304709732, 0, 0
663017, 309238329, 0, 0
664023, 298831183, 0, 0
665050, 288828180, 0, 0
666000, 281522435, 0, 0
667030, 302393009, 0, 0
668029, 297287405, 0, 0
669048, 306979773, 0, 0
670049, 319700825, 0, 0
671005, 301479625, 0, 0
672021, 287590400, 0, 0
673023, 299250210, 0, 0
674060, 283751668, 0, 0
675012, 331653278, 0, 0
676024, 279764907, 0, 0
677050, 313278563, 0, 0
678032, 307747866, 0, 0
679005, 293959805, 0, 0
680034, 315110073, 0, 0
681041, 329245881, 0, 0
682006, 312124160, 0, 0
683049, 305203872, 0, 0
684032, 278336817, 0, 0
685039, 314208536, 0, 0
686008, 273451178, 0, 0
687047, 307779515, 0, 0
688026, 314280112, 0, 0
689050, 273362017, 0, 0
690035, 297459503, 0, 0
691059, 249178944, 0, 0
692055, 285366743, 0, 0
693058, 293825209, 0, 0
694000, 286673090, 0, 0
695016, 296591227, 0, 0
696046, 293794146, 0, 0
697000, 307002671, 0, 0
698042, 313294437, 0, 0
699014, 261485651, 0, 0
700033, 291791548, 0, 0
701024, 303237465, 0, 0
702038, 266338279, 0, 0
703052, 267028033, 0, 0
704010, 303844727, 0, 0
705043, 314260108, 0, 0
706063, 267166117, 0, 0
707024, 248574226, 0, 0
708015, 307948135, 0, 0
709020, 297882574, 0, 0
710013, 286693289, 0, 0
711012, 303606938, 0, 0
712044, 261888784, 0, 0
713015, 304998936, 0, 0
714057, 305199713, 0, 0
715011, 325946699, 0, 0
716044, 321173732, 0, 0
717005, 289748905, 0, 0
718033, 321394841, 0, 0
719011, 301019763, 0, 0
720037, 305042939, 0, 0
721034, 269924274, 0, 0
722034, 288304506, 0, 0
723000, 276976518, 0, 0
724036, 311331405, 0, 0
725054, 293559060, 0, 0
726056, 286481130, 0, 0
727007, 306427893, 0, 0
728032, 287440198, 0, 0
729037, 272937377, 0, 0
730003, 265878276, 0, 0
731029, 280476296, 0, 0
732023, 292659049, 0, 0
733000, 306745579, 0, 0
734038, 297429190, 0, 0
735053, 285137187, 0, 0
736040, 291874360, 0, 0
737050, 284297550, 0, 0
738011, 267724441, 0, 0
739037, 282788052, 0, 0
740058, 298118547, 0, 0
741044, 289672775, 0, 0
742009, 299761185, 0, 0
743005, 336928146, 0, 0
744040, 322767494, 0, 0
745055, 314151004, 0, 0
746018, 315607844, 0, 0
747026, 298555555, 0, 0
748002, 327938128, 0, 0
749007, 364073979, 0, 0
750035, 267134215, 0, 0
751052, 317004374, 0, 0
752036, 317509945, 0, 0
753032, 308322033, 0, 0
754007, 314455387, 0, 0
755035, 287507517, 0, 0
756058, 255638289, 0, 0
757000, 318526596, 0, 0
758014, 277975235, 0, 0
759018, 309274892, 0, 0
760008, 304862901, 0, 0
761043, 305292795, 0, 0
762030, 322497634, 0, 0
763000, 279377887, 0, 0
764010, 283165613, 0, 0
765033, 291765638, 0, 0
766019, 298747785, 0, 0
767049, 280699999, 0, 0
768015, 297646848, 0, 0
769000, 278294849, 0, 0
770005, 285753540, 0, 0
771028, 264833797, 0, 0
772001, 281189229, 0, 0
773024, 297567292, 0, 0
774036, 313516908, 0, 0
775015, 286954998, 0, 0
776052, 308956477, 0, 0
777055, 292234882, 0, 0
778038, 306207219, 0, 0
779005, 311833563, 0, 0
780019, 326369769, 0, 0
781056, 327579049, 0, 0
782053, 273158840, 0, 0
783007, 281296258, 0, 0
784000, 291188465, 0, 0
785001, 284938436, 0, 0
786016, 317440433, 0, 0
787041, 286209750, 0, 0
788037, 323675007, 0, 0
789019, 291701530, 0, 0
790046, 300689161, 0, 0
791021, 306408531, 0, 0
792044, 315278139, 0, 0
793045, 319840813, 0, 0
794066, 309221701, 0, 0
795031, 308541602, 0, 0
796038, 290409086, 0, 0
797053, 347001584, 0, 0
798035, 291322743, 0, 0
799037, 300097595, 0, 0
800040, 319145775, 0, 0
801019, 287194450, 0, 0
802060, 309672139, 0, 0
803064, 313621547, 0, 0
804060, 285740465, 0, 0
805044, 290155958, 0, 0
806008, 307984543, 0, 0
807047, 290554712, 0, 0
808013, 309826509, 0, 0
809032, 292318818, 0, 0
810053, 297537894, 0, 0
811051, 297331008, 0, 0
812031, 282731632, 0, 0
813062, 280388442, 0, 0
814054, 315104770, 0, 0
815050, 281384061, 0, 0
816012, 294878735, 0, 0
817022, 290753908, 0, 0
818005, 279351508, 0, 0
819005, 310339921, 0, 0
820023, 296868664, 0, 0
821045, 268690867, 0, 0
822010, 324046019, 0, 0
823022, 284741311, 0, 0
824019, 309975589, 0, 0
825017, 302899144, 0, 0
826055, 281767204, 0, 0
827025, 320487016, 0, 0
828003, 303269391, 0, 0
829011, 313817942, 0, 0
830033, 290428782, 0, 0
831020, 285420401, 0, 0
832003, 331901124, 0, 0
833028, 312483095, 0, 0
834024, 282353477, 0, 0
835004, 282615823, 0, 0
836009, 291278136, 0, 0
837022, 295103427, 0, 0
838056, 281393493, 0, 0
839049, 280484797, 0, 0
840021, 317187256, 0, 0
841007, 291186031, 0, 0
842011, 326910293, 0, 0
843001, 336550123, 0, 0
844039, 326204561, 0, 0
845040, 311872461, 0, 0
846056, 285251904, 0, 0
847058, 348325928, 0, 0
848050, 287642527, 0, 0
849054, 302383419, 0, 0
850051, 302611228, 0, 0
851040, 312960566, 0, 0
852040, 278053542, 0, 0
853006, 309815777, 0, 0
854005, 282804318, 0, 0
855033, 287833373, 0, 0
856052, 309002358, 0, 0
857032, 257554009, 0, 0
858027, 293487362, 0, 0
859013, 318096944, 0, 0
860025, 311266623, 0, 0
861001, 297908051, 0, 0
862008, 334967927, 0, 0
863070, 293480733, 0, 0
864002, 280057621, 0, 0
865042, 299491602, 0, 0
866015, 297359859, 0, 0
867034, 306975194, 0, 0
868015, 306882085, 0, 0
869028, 320445960, 0, 0
870049, 316164859, 0, 0
871009, 322530960, 0, 0
872004, 311150873, 0, 0
873008, 334176849, 0, 0
874052, 329440149, 0, 0
875040, 323564406, 0, 0
876030, 272843452, 0, 0
877020, 326516424, 0, 0
878045, 310225220, 0, 0
879027, 324264076, 0, 0
880028, 332869821, 0, 0
881007, 315316537, 0, 0
882056, 349574514, 0, 0
883059, 338055138, 0, 0
884008, 298430277, 0, 0
885039, 307514692, 0, 0
886064, 282762186, 0, 0
887004, 297312449, 0, 0
888038, 317426053, 0, 0
889046, 315225919, 0, 0
890003, 301928313, 0, 0
891032, 300160114, 0, 0
892043, 303662820, 0, 0
893058, 271648297, 0, 0
894034, 277021970, 0, 0
895024, 330077511, 0, 0
896042, 326603732, 0, 0
897001, 316115406, 0, 0
898049, 317272589, 0, 0
899024, 275031633, 0, 0
900038, 337286341, 0, 0
901005, 305218823, 0, 0
902028, 303324542, 0, 0
903013, 319542452, 0, 0
904047, 323783975, 0, 0
905048, 345739094, 0, 0
906030, 336897129, 0, 0
907048, 307541007, 0, 0
908051, 315642151, 0, 0
909010, 296189403, 0, 0
910050, 310098392, 0, 0
911038, 353335459, 0, 0
912054, 309650561, 0, 0
913008, 324858407, 0, 0
914033, 299187237, 0, 0
915008, 298644168, 0, 0
916032, 285925219, 0, 0
917040, 302182304, 0, 0
918007, 309970615, 0, 0
919004, 315767787, 0, 0
920021, 276120639, 0, 0
921018, 277837039, 0, 0
922037, 301139902, 0, 0
923038, 289644627, 0, 0
924022, 311314421, 0, 0
925021, 296279345, 0, 0
926031, 338839938, 0, 0
927042, 310866932, 0, 0
928056, 281468851, 0, 0
929030, 327185400, 0, 0
930020, 336194002, 0, 0
931016, 284251735, 0, 0
932026, 311592385, 0, 0
933021, 302364793, 0, 0
934016, 281293349, 0, 0
935039, 342772836, 0, 0
936061, 280076685, 0, 0
937043, 315052795, 0, 0
938038, 277555248, 0, 0
939005, 326743802, 0, 0
940009, 308959001, 0, 0
941022, 325189666, 0, 0
942015, 337736888, 0, 0
943048, 301650046, 0, 0
944023, 304609879, 0, 0
945041, 304162791, 0, 0
946055, 295054636, 0, 0
947033, 316122521, 0, 0
948037, 293036092, 0, 0
949051, 300041501, 0, 0
950021, 301083382, 0, 0
951063, 321956439, 0, 0
952039, 287679498, 0, 0
953043, 295796328, 0, 0
954020, 304987282, 0, 0
955026, 344826550, 0, 0
956042, 307568765, 0, 0
957017, 278618912, 0, 0
958045, 333972082, 0, 0
959001, 301856866, 0, 0
960026, 304713110, 0, 0
961008, 278079520, 0, 0
962059, 291139184, 0, 0
963036, 326487170, 0, 0
964002, 283216140, 0, 0
965034, 308641717, 0, 0
966037, 293285861, 0, 0
967034, 264569121, 0, 0
968059, 276322304, 0, 0
969079, 292939250, 0, 0
970045, 315234035, 0, 0
971041, 298257094, 0, 0
972003, 273836134, 0, 0
973050, 285870482, 0, 0
974012, 300982689, 0, 0
975004, 287663756, 0, 0
976045, 285855504, 0, 0
977054, 336005006, 0, 0
978012, 320349589, 0, 0
979009, 282479864, 0, 0
980047, 278917535, 0, 0
981011, 300736106, 0, 0
982021, 288740458, 0, 0
983056, 312423501, 0, 0
984025, 303855216, 0, 0
985032, 293139226, 0, 0
986048, 313331699, 0, 0
987015, 267580570, 0, 0
988047, 354257608, 0, 0
989045, 283093962, 0, 0
990000, 319635780, 0, 0
991036, 300731515, 0, 0
992049, 316201989, 0, 0
993005, 329694963, 0, 0
994018, 304209729, 0, 0
995041, 310801255, 0, 0
996060, 282251384, 0, 0
997031, 304986790, 0, 0
998009, 311608299, 0, 0
999001, 273351992, 0, 0
1000013, 296878603, 0, 0
1001005, 324150419, 0, 0
1002040, 317539831, 0, 0
1003002, 330213479, 0, 0
1004012, 282249691, 0, 0
1005042, 331058673, 0, 0
1006046, 297724015, 0, 0
1007060, 326630634, 0, 0
1008055, 298575885, 0, 0
1009025, 333684921, 0, 0
1010046, 295103658, 0, 0
1011055, 298351535, 0, 0
1012000, 312070428, 0, 0
1013055, 340874895, 0, 0
1014055, 319638247, 0, 0
1015013, 311334930, 0, 0
1016065, 303581659, 0, 0
1017025, 314374584, 0, 0
1018045, 311198909, 0, 0
1019040, 308857117, 0, 0
1020001, 311118425, 0, 0
1021000, 299452651, 0, 0
1022055, 271863732, 0, 0
1023014, 306139939, 0, 0
1024007, 303561766, 0, 0
1025002, 309982084, 0, 0
1026001, 299941812, 0, 0
1027008, 284208798, 0, 0
1028004, 309310664, 0, 0
1029018, 315494213, 0, 0
1030020, 303050977, 0, 0
1031006, 283653056, 0, 0
1032059, 292284005, 0, 0
1033043, 303960889, 0, 0
1034033, 292309096, 0, 0
1035046, 317869384, 0, 0
1036007, 326845123, 0, 0
1037028, 295643834, 0, 0
1038000, 303180946, 0, 0
1039020, 294835471, 0, 0
1040031, 307868264, 0, 0
1041001, 289279299, 0, 0
1042010, 293774798, 0, 0
1043012, 292457495, 0, 0
1044046, 278903096, 0, 0
1045030, 302758352, 0, 0
1046011, 324800778, 0, 0
1047016, 308636051, 0, 0
1048045, 308196142, 0, 0
1049032, 358525043, 0, 0
1050067, 325259449, 0, 0
1051015, 312866295, 0, 0
1052018, 321626873, 0, 0
1053005, 301123144, 0, 0
1054035, 312516190, 0, 0
1055006, 323723108, 0, 0
1056027, 343219855, 0, 0
1057009, 297208325, 0, 0
1058067, 317739246, 0, 0
1059023, 325710155, 0, 0
1060036, 315627053, 0, 0
1061048, 312984969, 0, 0
1062021, 338778307, 0, 0
1063047, 300456181, 0, 0
1064059, 321448827, 0, 0
1065015, 339476291, 0, 0
1066023, 351854966, 0, 0
1067032, 315724259, 0, 0
1068000, 310513132, 0, 0
1069016, 271098697, 0, 0
1070034, 299614057, 0, 0
1071023, 309682862, 0, 0
1072042, 323207489, 0, 0
1073032, 243959814, 0, 0
1074032, 208371420, 0, 0
1075021, 284195473, 0, 0
1076027, 205503462, 0, 0
1077035, 241157646, 0, 0
1078024, 275891801, 0, 0
1079033, 276276275, 0, 0
1080048, 292392898, 0, 0
1081047, 313500995, 0, 0
1082047, 295934229, 0, 0
1083006, 300505799, 0, 0
1084026, 262894298, 0, 0
1085048, 278653552, 0, 0
1086013, 286398279, 0, 0
1087007, 290820173, 0, 0
1088023, 292879727, 0, 0
1089034, 303225656, 0, 0
1090025, 281535816, 0, 0
1091029, 290117986, 0, 0
1092036, 266839029, 0, 0
1093054, 302210676, 0, 0
1094027, 277020122, 0, 0
1095055, 289403842, 0, 0
1096037, 263702697, 0, 0
1097048, 263629760, 0, 0
1098001, 306227664, 0, 0
1099030, 310167354, 0, 0
1100019, 293890971, 0, 0
1101035, 270243867, 0, 0
1102022, 298669015, 0, 0
1103043, 273370564, 0, 0
1104051, 303663443, 0, 0
1105023, 295286125, 0, 0
1106053, 316776485, 0, 0
1107036, 280385055, 0, 0
1108014, 307809673, 0, 0
1109033, 316383204, 0, 0
1110057, 315654044, 0, 0
1111046, 323029797, 0, 0
1112007, 287507271, 0, 0
1113017, 292151244, 0, 0
1114005, 316039946, 0, 0
1115053, 287572315, 0, 0
1116062, 301908644, 0, 0
1117014, 262635983, 0, 0
1118018, 285283566, 0, 0
1119004, 315942995, 0, 0
1120032, 299818863, 0, 0
1121064, 281254626, 0, 0
1122060, 319627526, 0, 0
1123027, 277695490, 0, 0
1124021, 303693557, 0, 0
1125004, 289950122, 0, 0
1126023, 314803548, 0, 0
1127040, 280753487, 0, 0
1128000, 316840536, 0, 0
1129012, 290382529, 0, 0
1130019, 313554515, 0, 0
1131028, 298132797, 0, 0
1132028, 274055154, 0, 0
1133037, 312074970, 0, 0
1134007, 288461402, 0, 0
1135016, 268712623, 0, 0
1136024, 302307011, 0, 0
1137018, 298563057, 0, 0
1138009, 313693349, 0, 0
1139025, 307761379, 0, 0
1140007, 296272266, 0, 0
1141056, 262991021, 0, 0
1142056, 302750463, 0, 0
1143026, 332346707, 0, 0
1144040, 299415627, 0, 0
1145035, 282433193, 0, 0
1146028, 305579918, 0, 0
1147047, 293139192, 0, 0
1148001, 293062083, 0, 0
1149024, 292139428, 0, 0
1150048, 301208341, 0, 0
1151001, 309731922, 0, 0
1152006, 303663019, 0, 0
1153011, 294522919, 0, 0
1154001, 317885391, 0, 0
1155038, 313067325, 0, 0
1156025, 320968368, 0, 0
1157050, 281057582, 0, 0
1158005, 296369617, 0, 0
1159021, 308847347, 0, 0
1160040, 311976949, 0, 0
1161001, 324922246, 0, 0
1162056, 261300855, 0, 0
1163038, 309964941, 0, 0
1164045, 351278691, 0, 0
1165032, 314602029, 0, 0
1166021, 302944714, 0, 0
1167031, 330367485, 0, 0
1168065, 290772078, 0, 0
1169040, 282678241, 0, 0
1170026, 298113360, 0, 0
1171027, 294763006, 0, 0
1172001, 300182619, 0, 0
1173021, 306670182, 0, 0
1174040, 284548761, 0, 0
1175009, 272596552, 0, 0
1176002, 284353225, 0, 0
1177022, 329349490, 0, 0
1178045, 287419490, 0, 0
1179051, 303047699, 0, 0
1180047, 331447596, 0, 0
1181027, 279347116, 0, 0
1182043, 321461161, 0, 0
1183003, 292507947, 0, 0
1184019, 329081351, 0, 0
1185065, 303548410, 0, 0
1186061, 302262477, 0, 0
1187022, 277830237, 0, 0
1188016, 260452760, 0, 0
1189006, 286077212, 0, 0
1190017, 299010242, 0, 0
1191065, 300595875, 0, 0
1192034, 290635754, 0, 0
1193038, 345958511, 0, 0
1194009, 263792490, 0, 0
1195025, 285334890, 0, 0
1196047, 292615215, 0, 0
1197010, 284294946, 0, 0
1198045, 298234338, 0, 0
1199008, 300507964, 0, 0
1200029, 318499009, 0, 0
1201016, 304320056, 0, 0
1202022, 296686732, 0, 0
1203035, 273827548, 0, 0
1204032, 263268865, 0, 0
1205030, 331299272, 0, 0
1206051, 301007376, 0, 0
1207000, 294357211, 0, 0
1208062, 301779503, 0, 0
1209039, 280034269, 0, 0
1210004, 332321580, 0, 0
1211015, 303738881, 0, 0
1212011, 300424276, 0, 0
1213023, 299185137, 0, 0
1214034, 295371901, 0, 0
1215046, 277789882, 0, 0
1216045, 292794386, 0, 0
1217046, 305095859, 0, 0
1218001, 327994609, 0, 0
1219025, 307510458, 0, 0
1220012, 319744258, 0, 0
1221032, 314014884, 0, 0
1222035, 300360903, 0, 0
1223060, 332406978, 0, 0
1224049, 311695391, 0, 0
1225045, 301543908, 0, 0
1226025, 340859845, 0, 0
1227006, 311538793, 0, 0
1228012, 320540415, 0, 0
1229003, 325496689, 0, 0
1230057, 330852043, 0, 0
1231040, 276056491, 0, 0
1232055, 308529916, 0, 0
1233051, 277613194, 0, 0
1234055, 312871481, 0, 0
1235000, 293521358, 0, 0
1236057, 309034319, 0, 0
1237008, 330246154, 0, 0
1238025, 296626703, 0, 0
1239029, 297810286, 0, 0
1240029, 298447130, 0, 0
1241058, 306882349, 0, 0
1242012, 324543496, 0, 0
1243036, 353554081, 0, 0
1244049, 316868775, 0, 0
1245040, 310733554, 0, 0
1246025, 308142442, 0, 0
1247059, 312844967, 0, 0
1248006, 319655618, 0, 0
1249032, 315865309, 0, 0
1250022, 317449722, 0, 0
1251055, 307656969, 0, 0
1252023, 314407040, 0, 0
1253037, 298230008, 0, 0
1254032, 290275331, 0, 0
1255028, 296784016, 0, 0
1256006, 301080673, 0, 0
1257011, 308421263, 0, 0
1258016, 302397883, 0, 0
1259059, 287585451, 0, 0
1260060, 298061296, 0, 0
1261010, 285291754, 0, 0
1262011, 286377800, 0, 0
1263000, 309328725, 0, 0
1264035, 314031932, 0, 0
1265050, 284855687, 0, 0
1266065, 328138106, 0, 0
1267036, 334277663, 0, 0
1268043, 292229033, 0, 0
1269052, 280986796, 0, 0
1270022, 295734944, 0, 0
1271021, 309640204, 0, 0
1272007, 304339769, 0, 0
1273036, 271966481, 0, 0
1274002, 333287565, 0, 0
1275002, 317106234, 0, 0
1276049, 333129867, 0, 0
1277028, 300729711, 0, 0
1278022, 296549889, 0, 0
1279053, 328683395, 0, 0
1280003, 322482462, 0, 0
1281002, 337462616, 0, 0
1282012, 302927898, 0, 0
1283023, 296123153, 0, 0
1284012, 273616238, 0, 0
1285001, 309534495, 0, 0
1286005, 316505544, 0, 0
1287037, 320931859, 0, 0
1288005, 313539793, 0, 0
1289013, 314485330, 0, 0
1290010, 302226577, 0, 0
1291021, 352172685, 0, 0
1292055, 287597947, 0, 0
1293054, 328825282, 0, 0
1294059, 310971945, 0, 0
1295010, 315188917, 0, 0
1296053, 330499101, 0, 0
1297005, 337742336, 0, 0
1298029, 339818073, 0, 0
1299031, 338748729, 0, 0
1300026, 295377391, 0, 0
1301025, 331412574, 0, 0
1302011, 326141828, 0, 0
1303010, 295551218, 0, 0
1304039, 318103467, 0, 0
1305061, 322525043, 0, 0
1306042, 313596728, 0, 0
1307049, 326349846, 0, 0
1308039, 331153717, 0, 0
1309053, 283155292, 0, 0
1310048, 296304108, 0, 0
1311044, 281068643, 0, 0
1312010, 318227876, 0, 0
1313034, 311601448, 0, 0
1314058, 321283362, 0, 0
1315041, 283368496, 0, 0
1316020, 312143424, 0, 0
1317030, 311420254, 0, 0
1318041, 331185780, 0, 0
1319011, 277323988, 0, 0
1320026, 280929323, 0, 0
1321055, 329862897, 0, 0
1322052, 295639957, 0, 0
1323005, 280213919, 0, 0
1324016, 310974983, 0, 0
1325044, 329233647, 0, 0
1326061, 302048099, 0, 0
1327042, 349392791, 0, 0
1328023, 301161139, 0, 0
1329062, 307568336, 0, 0
1330063, 289627603, 0, 0
1331054, 311511680, 0, 0
1332041, 293952365, 0, 0
1333045, 314183587, 0, 0
1334038, 297221253, 0, 0
1335042, 298432262, 0, 0
1336034, 303355064, 0, 0
1337097, 301226291, 0, 0
1338012, 274719326, 0, 0
1339030, 312372613, 0, 0
1340056, 320315260, 0, 0
1341064, 310265041, 0, 0
1342010, 316389006, 0, 0
1343011, 280807190, 0, 0
1344034, 308461720, 0, 0
1345048, 316143614, 0, 0
1346040, 291424877, 0, 0
1347060, 326788604, 0, 0
1348017, 327041548, 0, 0
1349031, 303835189, 0, 0
1350037, 300925275, 0, 0
1351057, 275066312, 0, 0
1352054, 327996842, 0, 0
1353030, 351366971, 0, 0
1354068, 323049483, 0, 0
1355044, 329703240, 0, 0
1356036, 309221492, 0, 0
1357055, 294080734, 0, 0
1358045, 318139642, 0, 0
1359028, 299088558, 0, 0
1360065, 326185950, 0, 0
1361058, 295752128, 0, 0
1362042, 273972048, 0, 0
1363021, 308741570, 0, 0
1364049, 302596277, 0, 0
1365021, 346757860, 0, 0
1366054, 327222945, 0, 0
1367029, 328180522, 0, 0
1368001, 313663485, 0, 0
1369006, 321474501, 0, 0
1370047, 315572766, 0, 0
1371031, 337171177, 0, 0
1372036, 300595726, 0, 0
1373023, 301961342, 0, 0
1374033, 301428396, 0, 0
1375030, 317819793, 0, 0
1376056, 323149453, 0, 0
1377037, 326911747, 0, 0
1378042, 311144550, 0, 0
1379041, 317977401, 0, 0
1380005, 309663245, 0, 0
1381061, 367412581, 0, 0
1382018, 310104428, 0, 0
1383028, 298458295, 0, 0
1384050, 311612329, 0, 0
1385022, 319079142, 0, 0
1386064, 337316566, 0, 0
1387022, 329513515, 0, 0
1388012, 323804096, 0, 0
1389007, 294677266, 0, 0
1390008, 313378652, 0, 0
1391034, 324716986, 0, 0
1392057, 315652002, 0, 0
1393023, 332618500, 0, 0
1394058, 355872131, 0, 0
1395065, 318924888, 0, 0
1396003, 294496116, 0, 0
1397004, 297893868, 0, 0
1398020, 366019738, 0, 0
1399011, 342744733, 0, 0
1400006, 324176449, 0, 0
1401059, 318065914, 0, 0
1402084, 318405217, 0, 0
1403052, 329250822, 0, 0
1404048, 309459089, 0, 0
1405044, 339731034, 0, 0
1406015, 319301309, 0, 0
1407022, 335495982, 0, 0
1408071, 317979952, 0, 0
1409046, 320244901, 0, 0
1410005, 319582157, 0, 0
1411071, 331869519, 0, 0
1412011, 345009475, 0, 0
1413023, 280731961, 0, 0
1414039, 332256869, 0, 0
1415018, 309242748, 0, 0
1416005, 331081218, 0, 0
1417013, 339563589, 0, 0
1418052, 319745239, 0, 0
1419006, 308720022, 0, 0
1420064, 307112681, 0, 0
1421023, 285866711, 0, 0
1422054, 315088272, 0, 0
1423017, 311504097, 0, 0
1424054, 334218247, 0, 0
1425028, 358064279, 0, 0
1426060, 333456899, 0, 0
1427005, 364974819, 0, 0
1428012, 319099128, 0, 0
1429055, 352146489, 0, 0
1430001, 295217697, 0, 0
1431024, 326471214, 0, 0
1432042, 338694068, 0, 0
1433061, 324495587, 0, 0
1434009, 343731766, 0, 0
1435003, 311581589, 0, 0
1436056, 324562828, 0, 0
1437005, 345163078, 0, 0
1438058, 320279868, 0, 0
1439018, 328466809, 0, 0
1440019, 297399465, 0, 0
1441038, 315966239, 0, 0
1442035, 338106372, 0, 0
1443009, 344360346, 0, 0
1444063, 298141855, 0, 0
1445030, 306293961, 0, 0
1446024, 338265347, 0, 0
1447009, 348165484, 0, 0
1448030, 312731537, 0, 0
1449035, 304860046, 0, 0
1450056, 315701617, 0, 0
1451054, 319845126, 0, 0
1452009, 330827013, 0, 0
1453037, 307067189, 0, 0
1454020, 334450154, 0, 0
1455013, 349747824, 0, 0
1456060, 311148844, 0, 0
1457056, 322876369, 0, 0
1458011, 348382430, 0, 0
1459041, 334421711, 0, 0
1460006, 346367453, 0, 0
1461069, 311487528, 0, 0
1462022, 283485610, 0, 0
1463033, 289589939, 0, 0
1464060, 318228782, 0, 0
1465035, 299414494, 0, 0
1466017, 335926986, 0, 0
1467027, 298871809, 0, 0
1468029, 310588368, 0, 0
1469061, 341452853, 0, 0
1470061, 325183945, 0, 0
1471024, 332338258, 0, 0
1472006, 318895199, 0, 0
1473010, 306502264, 0, 0
1474043, 321702864, 0, 0
1475018, 322403250, 0, 0
1476008, 305125871, 0, 0
1477016, 341402930, 0, 0
1478038, 349107114, 0, 0
1479030, 291537225, 0, 0
1480010, 308977086, 0, 0
1481022, 323831518, 0, 0
1482037, 322276771, 0, 0
1483016, 338488791, 0, 0
1484056, 310882841, 0, 0
1485054, 313248605, 0, 0
1486025, 330738291, 0, 0
1487064, 333039254, 0, 0
1488007, 327613481, 0, 0
1489003, 341448871, 0, 0
1490017, 307527991, 0, 0
1491031, 321397160, 0, 0
1492038, 316380269, 0, 0
1493061, 309994662, 0, 0
1494026, 314051953, 0, 0
1495063, 316803882, 0, 0
1496011, 351059277, 0, 0
1497035, 308513580, 0, 0
1498031, 300329368, 0, 0
1499001, 332002855, 0, 0
1500014, 329201615, 0, 0
1501044, 330605590, 0, 0
1502003, 354866029, 0, 0
1503002, 303527789, 0, 0
1504017, 339930154, 0, 0
1505063, 355042454, 0, 0
1506011, 311169818, 0, 0
1507036, 329521523, 0, 0
1508060, 347766047, 0, 0
1509033, 329694430, 0, 0
1510045, 308111270, 0, 0
1511008, 320524567, 0, 0
1512046, 332482699, 0, 0
1513039, 337864193, 0, 0
1514012, 312441140, 0, 0
1515028, 353281009, 0, 0
1516059, 360972094, 0, 0
1517018, 336046549, 0, 0
1518003, 304882752, 0, 0
1519010, 299336819, 0, 0
1520021, 306925310, 0, 0
1521020, 332744418, 0, 0
1522051, 343292594, 0, 0
1523051, 333805044, 0, 0
1524007, 338945762, 0, 0
1525007, 340196760, 0, 0
1526058, 320849191, 0, 0
1527004, 308051304, 0, 0
1528015, 334571815, 0, 0
1529052, 332928286, 0, 0
1530046, 328253828, 0, 0
1531002, 336719192, 0, 0
1532025, 346859279, 0, 0
1533036, 328808218, 0, 0
1534055, 334923159, 0, 0
1535013, 328816337, 0, 0
1536028, 347349563, 0, 0
1537031, 296813640, 0, 0
1538016, 327816211, 0, 0
1539033, 356023847, 0, 0
1540050, 331503303, 0, 0
1541007, 326101742, 0, 0
1542008, 313314554, 0, 0
1543035, 307227491, 0, 0
1544004, 322882201, 0, 0
1545052, 336324483, 0, 0
1546008, 338113265, 0, 0
1547039, 318006044, 0, 0
1548003, 325150834, 0, 0
1549050, 336387688, 0, 0
1550052, 326524053, 0, 0
1551057, 301012080, 0, 0
1552036, 367037080, 0, 0
1553034, 352381029, 0, 0
1554023, 328324901, 0, 0
1555027, 371658196, 0, 0
1556027, 329065398, 0, 0
1557004, 355663729, 0, 0
1558054, 354417178, 0, 0
1559032, 336612219, 0, 0
1560050, 352511547, 0, 0
1561003, 346128319, 0, 0
1562011, 343331930, 0, 0
1563009, 355991995, 0, 0
1564001, 373919132, 0, 0
1565020, 297206075, 0, 0
1566052, 300817345, 0, 0
1567013, 351376544, 0, 0
1568038, 342048859, 0, 0
1569039, 367052136, 0, 0
1570040, 328253383, 0, 0
1571029, 329783726, 0, 0
1572045, 334126656, 0, 0
1573049, 326294862, 0, 0
1574022, 329239605, 0, 0
1575050, 358995439, 0, 0
1576005, 344644455, 0, 0
1577040, 396182143, 0, 0
1578040, 323581242, 0, 0
1579054, 336972738, 0, 0
1580018, 359135460, 0, 0
1581024, 375667210, 0, 0
1582023, 316313239, 0, 0
1583037, 311033091, 0, 0
1584059, 348597339, 0, 0
1585040, 336949103, 0, 0
1586009, 309004400, 0, 0
1587023, 359086957, 0, 0
1588021, 334857828, 0, 0
1589023, 317905453, 0, 0
1590052, 321324399, 0, 0
1591064, 337110578, 0, 0
1592035, 362481422, 0, 0
1593002, 335532883, 0, 0
1594020, 359153580, 0, 0
1595038, 332635995, 0, 0
1596045, 391675194, 0, 0
1597061, 344760832, 0, 0
1598044, 299166185, 0, 0
1599035, 360276837, 0, 0
1600045, 355429037, 0, 0
1601026, 357179727, 0, 0
1602034, 354649228, 0, 0
1603000, 305409935, 0, 0
1604024, 349964920, 0, 0
1605031, 342047154, 0, 0
1606009, 346711663, 0, 0
1607054, 347756622, 0, 0
1608033, 349693736, 0, 0
1609006, 348986640, 0, 0
1610036, 374815077, 0, 0
1611030, 330140773, 0, 0
1612032, 341424873, 0, 0
1613053, 314500104, 0, 0
1614001, 359135763, 0, 0
1615021, 342263314, 0, 0
1616043, 334616276, 0, 0
1617005, 323160920, 0, 0
1618021, 350549632, 0, 0
1619001, 349188589, 0, 0
1620004, 341974622, 0, 0
1621035, 339680803, 0, 0
1622049, 335383470, 0, 0
1623024, 339310182, 0, 0
1624042, 346295681, 0, 0
1625014, 337671596, 0, 0
1626041, 357840931, 0, 0
1627006, 358353218, 0, 0
1628055, 345414900, 0, 0
1629026, 325799102, 0, 0
1630045, 355394083, 0, 0
1631068, 357521067, 0, 0
1632032, 352960090, 0, 0
1633025, 346102714, 0, 0
1634041, 334770192, 0, 0
1635033, 346592284, 0, 0
1636004, 355447843, 0, 0
1637015, 375837617, 0, 0
1638022, 346016362, 0, 0
1639031, 361423717, 0, 0
1640038, 320151649, 0, 0
1641020, 333449448, 0, 0
1642048, 362846427, 0, 0
1643034, 384438339, 0, 0
1644049, 330324091, 0, 0
1645017, 373466493, 0, 0
1646037, 336279794, 0, 0
1647019, 364270629, 0, 0
1648061, 325560297, 0, 0
1649065, 360728927, 0, 0
1650034, 344631558, 0, 0
1651017, 351725213, 0, 0
1652058, 331228944, 0, 0
1653035, 350080127, 0, 0
1654026, 360861846, 0, 0
1655009, 371655126, 0, 0
1656026, 352078143, 0, 0
1657053, 341436140, 0, 0
1658054, 340739666, 0, 0
1659038, 361095962, 0, 0
1660058, 350097823, 0, 0
1661013, 344773953, 0, 0
1662015, 364485487, 0, 0
1663017, 359627655, 0, 0
1664070, 335296507, 0, 0
1665023, 395382172, 0, 0
1666026, 392216308, 0, 0
1667043, 358338233, 0, 0
1668033, 342359540, 0, 0
1669017, 355066740, 0, 0
1670050, 322157597, 0, 0
1671034, 352145007, 0, 0
1672030, 359907443, 0, 0
1673033, 351369119, 0, 0
1674022, 375592328, 0, 0
1675025, 367164187, 0, 0
1676020, 352713751, 0, 0
1677029, 324110319, 0, 0
1678023, 377381490, 0, 0
1679030, 370969547, 0, 0
1680040, 332680514, 0, 0
1681063, 340357350, 0, 0
1682017, 343800710, 0, 0
1683029, 397323304, 0, 0
1684023, 352829566, 0, 0
1685011, 318667747, 0, 0
1686017, 360532150, 0, 0
1687010, 377265968, 0, 0
1688032, 349297517, 0, 0
1689052, 328114840, 0, 0
1690060, 364960669, 0, 0
1691055, 368416574, 0, 0
1692041, 342832259, 0, 0
1693048, 343056658, 0, 0
1694069, 341191212, 0, 0
1695002, 374059614, 0, 0
1696008, 351616611, 0, 0
1697032, 374054897, 0, 0
1698003, 387552197, 0, 0
1699038, 376619429, 0, 0
1700018, 345315925, 0, 0
1701015, 346332440, 0, 0
1702003, 344358667, 0, 0
1703041, 349357694, 0, 0
1704000, 351465105, 0, 0
1705026, 329326609, 0, 0
1706034, 386841777, 0, 0
1707040, 383635885, 0, 0
1708006, 344497171, 0, 0
1709044, 360954556, 0, 0
1710060, 329768636, 0, 0
1711013, 336120555, 0, 0
1712071, 348148124, 0, 0
1713010, 348454532, 0, 0
1714024, 344508536, 0, 0
1715023, 380586813, 0, 0
1716051, 362550161, 0, 0
1717033, 396688859, 0, 0
1718054, 360398558, 0, 0
1719030, 346596289, 0, 0
1720044, 350030144, 0, 0
1721001, 370571353, 0, 0
1722056, 372722146, 0, 0
1723010, 386803021, 0, 0
1724025, 363842003, 0, 0
1725035, 365286661, 0, 0
1726046, 368749371, 0, 0
1727002, 373099346, 0, 0
1728023, 361789256, 0, 0
1729018, 400985116, 0, 0
1730001, 392762078, 0, 0
1731013, 359121088, 0, 0
1732068, 375266560, 0, 0
1733009, 353406411, 0, 0
1734023, 341753905, 0, 0
1735018, 364992546, 0, 0
1736028, 371943889, 0, 0
1737016, 340329727, 0, 0
1738060, 370557201, 0, 0
1739015, 357856652, 0, 0
1740020, 369508173, 0, 0
1741029, 358763490, 0, 0
1742047, 397770015, 0, 0
1743043, 360774230, 0, 0
1744034, 347913080, 0, 0
1745035, 352664441, 0, 0
1746032, 380818326, 0, 0
1747035, 360731438, 0, 0
1748022, 389173153, 0, 0
1749013, 409843068, 0, 0
1750049, 326495518, 0, 0
1751001, 360085089, 0, 0
1752068, 386311113, 0, 0
1753012, 382404863, 0, 0
1754011, 367807671, 0, 0
1755045, 372957835, 0, 0
1756020, 395703327, 0, 0
1757033, 364378559, 0, 0
1758050, 379628263, 0, 0
1759038, 370336134, 0, 0
1760033, 369120214, 0, 0
1761057, 343747309, 0, 0
1762024, 385310623, 0, 0
1763048, 356576104, 0, 0
1764056, 357674245, 0, 0
1765006, 363737234, 0, 0
1766001, 341266378, 0, 0
1767020, 381989578, 0, 0
1768043, 387941215, 0, 0
1769054, 364491236, 0, 0
1770050, 402380225, 0, 0
1771037, 419537092, 0, 0
1772038, 381528186, 0, 0
1773051, 373677289, 0, 0
1774033, 375702458, 0, 0
1775001, 341816086, 0, 0
1776006, 409086375, 0, 0
1777026, 365844955, 0, 0
1778042, 376896362, 0, 0
1779036, 336469048, 0, 0
1780057, 379412127, 0, 0
1781011, 364745581, 0, 0
1782009, 379680730, 0, 0
1783003, 375870847, 0, 0
1784033, 380094532, 0, 0
1785029, 336028739, 0, 0
1786031, 360678955, 0, 0
1787007, 376947499, 0, 0
1788030, 370919490, 0, 0
1789044, 354028835, 0, 0
1790017, 362655754, 0, 0
1791037, 336065536, 0, 0
1792036, 386163366, 0, 0
1793038, 359187555, 0, 0
1794052, 431775557, 0, 0
1795053, 380593186, 0, 0
1796002, 376998167, 0, 0
1797020, 359282472, 0, 0
1798012, 376664407, 0, 0
1799020, 397907312, 0, 0
1800050, 404355647, 0, 0
1801037, 405463235, 0, 0
1802014, 407037329, 0, 0
1803047, 404895323, 0, 0
1804005, 381814097, 0, 0
1805052, 367976227, 0, 0
1806034, 365763969, 0, 0
1807003, 395098714, 0, 0
1808004, 390884580, 0, 0
1809000, 370784483, 0, 0
1810059, 364621944, 0, 0
1811048, 400026210, 0, 0
1812040, 383128639, 0, 0
1813012, 379174632, 0, 0
1814001, 373918484, 0, 0
1815016, 368156828, 0, 0
1816030, 370218575, 0, 0
1817046, 359338054, 0, 0
1818007, 372225848, 0, 0
1819012, 365794055, 0, 0
1820058, 398417880, 0, 0
1821060, 386197093, 0, 0
1822021, 377059988, 0, 0
1823021, 365584534, 0, 0
1824042, 363168788, 0, 0
1825004, 397570121, 0, 0
1826026, 383786745, 0, 0
1827013, 377846854, 0, 0
1828040, 383932364, 0, 0
1829047, 402757806, 0, 0
1830023, 364641419, 0, 0
1831024, 380134363, 0, 0
1832059, 360619610, 0, 0
1833018, 359491340, 0, 0
1834003, 370672211, 0, 0
1835045, 380082136, 0, 0
1836036, 380223022, 0, 0
1837009, 392236683, 0, 0
1838035, 376995096, 0, 0
1839042, 365803852, 0, 0
1840044, 402761780, 0, 0
1841002, 379393559, 0, 0
1842009, 370407674, 0, 0
1843035, 410716714, 0, 0
1844052, 375641774, 0, 0
1845010, 355221901, 0, 0
1846027, 385793428, 0, 0
1847052, 396394677, 0, 0
1848025, 396595214, 0, 0
1849049, 389440311, 0, 0
1850018, 409139852, 0, 0
1851037, 393522586, 0, 0
1852051, 423236216, 0, 0
1853012, 412659444, 0, 0
1854045, 416088613, 0, 0
1855003, 380222983, 0, 0
1856032, 378650817, 0, 0
1857044, 373257447, 0, 0
1858005, 403117398, 0, 0
1859050, 360646199, 0, 0
1860016, 390774125, 0, 0
1861043, 419783140, 0, 0
1862011, 357176761, 0, 0
1863008, 382403609, 0, 0
1864000, 446070378, 0, 0
1865053, 366575565, 0, 0
1866000, 381897870, 0, 0
1867016, 379306443, 0, 0
1868002, 393694384, 0, 0
1869030, 411776437, 0, 0
1870025, 401137864, 0, 0
1871032, 378934281, 0, 0
1872024, 385079312, 0, 0
1873056, 367111601, 0, 0
1874047, 388490422, 0, 0
1875015, 415381511, 0, 0
1876032, 388003131, 0, 0
1877070, 376109004, 0, 0
1878012, 391631495, 0, 0
1879009, 379949194, 0, 0
1880043, 394782054, 0, 0
1881007, 389940779, 0, 0
1882048, 418596106, 0, 0
1883007, 402334515, 0, 0
1884050, 384318392, 0, 0
1885026, 398347173, 0, 0
1886057, 394122314, 0, 0
1887062, 376308170, 0, 0
1888022, 422300087, 0, 0
1889051, 387927610, 0, 0
1890006, 352197876, 0, 0
1891026, 418148786, 0, 0
1892035, 356933675, 0, 0
1893042, 351891902, 0, 0
1894049, 401303387, 0, 0
1895044, 387747968, 0, 0
1896030, 400930417, 0, 0
1897032, 367069958, 0, 0
1898058, 406285849, 0, 0
1899024, 401326697, 0, 0
1900059, 353453155, 0, 0
1901002, 405051257, 0, 0
1902032, 404391994, 0, 0
1903021, 405507000, 0, 0
1904001, 363562461, 0, 0
1905016, 384401717, 0, 0
1906013, 391327960, 0, 0
1907054, 380667173, 0, 0
1908044, 456982395, 0, 0
1909044, 399904658, 0, 0
1910016, 406863100, 0, 0
1911010, 407872239, 0, 0
1912009, 418758654, 0, 0
1913051, 401571322, 0, 0
1914028, 396239394, 0, 0
1915042, 433424524, 0, 0
1916006, 412830132, 0, 0
1917023, 395353403, 0, 0
1918001, 366275960, 0, 0
1919057, 391681548, 0, 0
1920029, 409528013, 0, 0
1921003, 382787220, 0, 0
1922020, 386538989, 0, 0
1923051, 389226058, 0, 0
1924012, 418552764, 0, 0
1925045, 404533753, 0, 0
1926013, 419967731, 0, 0
1927016, 402254459, 0, 0
1928027, 417655501, 0, 0
1929009, 441088502, 0, 0
1930024, 409138814, 0, 0
1931033, 385270777, 0, 0
1932028, 407707843, 0, 0
1933018, 395405047, 0, 0
1934026, 431639205, 0, 0
1935061, 407284725, 0, 0
1936013, 401525700, 0, 0
1937048, 429210183, 0, 0
1938013, 439196484, 0, 0
1939054, 419047984, 0, 0
1940014, 431786981, 0, 0
1941024, 421031240, 0, 0
1942061, 430326025, 0, 0
1943010, 423667935, 0, 0
1944023, 404430206, 0, 0
1945029, 408527338, 0, 0
1946040, 416326432, 0, 0
1947019, 403191258, 0, 0
1948019, 408550737, 0, 0
1949025, 411158791, 0, 0
1950018, 412342167, 0, 0
1951022, 401792380, 0, 0
1952061, 428499825, 0, 0
1953059, 402844483, 0, 0
1954006, 418221342, 0, 0
1955014, 393858640, 0, 0
1956054, 406465024, 0, 0
1957038, 425871676, 0, 0
1958064, 379666774, 0, 0
1959032, 426342316, 0, 0
1960003, 429447088, 0, 0
1961017, 400415968, 0, 0
1962016, 435855562, 0, 0
1963026, 403639380, 0, 0
1964007, 439658091, 0, 0
1965061, 401205435, 0, 0
1966014, 399012375, 0, 0
1967039, 408410973, 0, 0
1968012, 402670515, 0, 0
1969051, 393558041, 0, 0
1970058, 414282079, 0, 0
1971002, 412864667, 0, 0
1972044, 390082898, 0, 0
1973018, 384321262, 0, 0
1974067, 429332916, 0, 0
1975032, 426511300, 0, 0
1976016, 431968177, 0, 0
1977026, 423188884, 0, 0
1978057, 420709013, 0, 0
1979045, 415567925, 0, 0
1980032, 411461770, 0, 0
1981040, 407808710, 0, 0
1982034, 409953811, 0, 0
1983010, 414824415, 0, 0
1984035, 417266482, 0, 0
1985042, 397576602, 0, 0
1986050, 408668946, 0, 0
1987021, 397608946, 0, 0
1988051, 388890575, 0, 0
1989021, 438722065, 0, 0
1990004, 420137679, 0, 0
1991037, 438497361, 0, 0
1992047, 410887758, 0, 0
1993032, 408794064, 0, 0
1994057, 438287034, 0, 0
1995014, 415902197, 0, 0
1996004, 416308616, 0, 0
1997034, 422222794, 0, 0
1998007, 395303136, 0, 0
1999015, 418102406, 0, 0
2000031, 461185290, 0, 0
2001042, 415784194, 0, 0
2002036, 386897248, 0, 0
2003032, 423736247, 0, 0
2004032, 412839539, 0, 0
2005002, 392869407, 0, 0
2006019, 417780004, 0, 0
2007058, 424346793, 0, 0
2008011, 400680806, 0, 0
2009001, 379271841, 0, 0
2010031, 439973899, 0, 0
2011058, 413817171, 0, 0
2012004, 416609936, 0, 0
2013003, 400713324, 0, 0
2014002, 427577835, 0, 0
2015011, 380085627, 0, 0
2016024, 386555075, 0, 0
2017028, 431940327, 0, 0
2018046, 414952562, 0, 0
2019069, 444593917, 0, 0
2020018, 425733124, 0, 0
2021032, 422015514, 0, 0
2022061, 416977273, 0, 0
2023013, 428620907, 0, 0
2024040, 404420981, 0, 0
2025020, 429182600, 0, 0
2026024, 393959814, 0, 0
2027043, 434054187, 0, 0
2028062, 436064890, 0, 0
2029002, 417518346, 0, 0
2030029, 436092226, 0, 0
2031060, 454119024, 0, 0
2032030, 430994655, 0, 0
2033000, 455045252, 0, 0
2034009, 414757028, 0, 0
2035010, 429438720, 0, 0
2036059, 433187273, 0, 0
2037001, 454808149, 0, 0
2038041, 449910787, 0, 0
2039013, 467962966, 0, 0
2040019, 420063170, 0, 0
2041015, 409735455, 0, 0
2042019, 441121364, 0, 0
2043007, 438114017, 0, 0
2044018, 436953791, 0, 0
2045047, 465736588, 0, 0
2046023, 423715295, 0, 0
2047025, 389278997, 0, 0
2048059, 436440711, 0, 0
2049002, 424241541, 0, 0
2050041, 385820345, 0, 0
2051057, 416120690, 0, 0
2052000, 427305129, 0, 0
2053000, 415306022, 0, 0
2054070, 409779172, 0, 0
2055012, 407125592, 0, 0
2056053, 405599289, 0, 0
2057026, 402834500, 0, 0
2058047, 406337285, 0, 0
2059039, 414790407, 0, 0
2060024, 400910270, 0, 0
2061067, 434775098, 0, 0
2062020, 372019172, 0, 0
2063043, 425892773, 0, 0
2064023, 413085569, 0, 0
2065027, 421494722, 0, 0
2066025, 407299868, 0, 0
2067047, 416035807, 0, 0
2068030, 404726990, 0, 0
2069051, 413466106, 0, 0
2070051, 409375546, 0, 0
2071024, 391781557, 0, 0
2072036, 418347733, 0, 0
2073019, 406091644, 0, 0
2074035, 382315976, 0, 0
2075057, 411172093, 0, 0
2076056, 439148371, 0, 0
2077038, 418708153, 0, 0
2078062, 425675321, 0, 0
2079059, 400849066, 0, 0
2080056, 427410576, 0, 0
2081041, 434341830, 0, 0
2082020, 433422557, 0, 0
2083032, 458913738, 0, 0
2084026, 426041594, 0, 0
2085022, 430238394, 0, 0
2086007, 465244718, 0, 0
2087001, 432144448, 0, 0
2088053, 466505970, 0, 0
2089000, 428563475, 0, 0
2090003, 420040616, 0, 0
2091055, 404029358, 0, 0
2092013, 415664202, 0, 0
2093062, 414263779, 0, 0
2094021, 428152239, 0, 0
2095015, 415786993, 0, 0
2096044, 402829939, 0, 0
2097038, 430779593, 0, 0
2098057, 432820966, 0, 0
2099026, 445547584, 0, 0
2100001, 421469758, 0, 0
2101038, 411315163, 0, 0
2102022, 416634285, 0, 0
2103028, 397318773, 0, 0
2104058, 452212766, 0, 0
2105045, 444574086, 0, 0
2106023, 422635756, 0, 0
2107036, 436772174, 0, 0
2108005, 423281024, 0, 0
2109005, 426476145, 0, 0
2110033, 430358606, 0, 0
2111014, 418198620, 0, 0
2112028, 436416926, 0, 0
2113060, 454247843, 0, 0
2114013, 429392852, 0, 0
2115040, 460133334, 0, 0
2116051, 432315358, 0, 0
2117027, 419297908, 0, 0
2118012, 411310405, 0, 0
2119052, 419403609, 0, 0
2120003, 480921979, 0, 0
2121032, 450663132, 0, 0
2122045, 417395664, 0, 0
2123048, 423778907, 0, 0
2124019, 444626269, 0, 0
2125022, 422797877, 0, 0
2126026, 421860127, 0, 0
2127039, 464880716, 0, 0
2128036, 424151410, 0, 0
2129004, 416698247, 0, 0
2130012, 432591152, 0, 0
2131052, 441562209, 0, 0
2132027, 443023190, 0, 0
2133061, 462571329, 0, 0
2134052, 420794051, 0, 0
2135004, 436972544, 0, 0
2136033, 430209554, 0, 0
2137028, 439823100, 0, 0
2138013, 429649070, 0, 0
2139040, 415135086, 0, 0
2140004, 439637204, 0, 0
2141019, 449986168, 0, 0
2142038, 448708928, 0, 0
2143000, 432548509, 0, 0
2144044, 421009710, 0, 0
2145041, 419947033, 0, 0
2146046, 425219183, 0, 0
2147055, 416604089, 0, 0
2148049, 434348975, 0, 0
2149028, 424152400, 0, 0
2150034, 430755134, 0, 0
2151027, 432670604, 0, 0
2152019, 417652253, 0, 0
2153009, 421086720, 0, 0
2154034, 445108996, 0, 0
2155036, 414646250, 0, 0
2156050, 432750632, 0, 0
2157039, 421919715, 0, 0
2158054, 449271836, 0, 0
2159013, 425881885, 0, 0
2160048, 445413429, 0, 0
2161019, 425445824, 0, 0
2162012, 413882041, 0, 0
2163059, 421108528, 0, 0
2164017, 430490704, 0, 0
2165048, 437848991, 0, 0
2166060, 443957937, 0, 0
2167010, 455862032, 0, 0
2168016, 437954144, 0, 0
2169026, 402930896, 0, 0
2170046, 412837735, 0, 0
2171015, 525953881, 0, 0
2172030, 453288750, 0, 0
2173025, 425151290, 0, 0
2174044, 425859813, 0, 0
2175046, 418763874, 0, 0
2176017, 399961191, 0, 0
2177035, 435508504, 0, 0
2178055, 417193372, 0, 0
2179019, 449982275, 0, 0
2180011, 424704221, 0, 0
2181001, 462350060, 0, 0
2182035, 451471069, 0, 0
2183061, 452324703, 0, 0
2184022, 446219650, 0, 0
2185030, 440140776, 0, 0
2186044, 451566462, 0, 0
2187049, 435989716, 0, 0
2188056, 436836404, 0, 0
2189040, 427433963, 0, 0
2190064, 441969606, 0, 0
2191025, 460637913, 0, 0
2192064, 438171867, 0, 0
2193036, 441896053, 0, 0
2194055, 442967439, 0, 0
2195038, 436190143, 0, 0
2196030, 424760736, 0, 0
2197012, 427343627, 0, 0
2198051, 420475453, 0, 0
2199031, 436204890, 0, 0
2200055, 422642462, 0, 0
2201029, 432088163, 0, 0
2202041, 448210329, 0, 0
2203061, 428545996, 0, 0
2204031, 442111812, 0, 0
2205027, 427457154, 0, 0
2206035, 442886204, 0, 0
2207006, 451107048, 0, 0
2208054, 439314360, 0, 0
2209004, 450343188, 0, 0
2210061, 460989303, 0, 0
2211037, 470128326, 0, 0
2212060, 468936259, 0, 0
2213013, 437480945, 0, 0
2214037, 431315682, 0, 0
2215046, 495333869, 0, 0
2216056, 420226700, 0, 0
2217013, 433735124, 0, 0
2218029, 441820979, 0, 0
2219000, 442540250, 0, 0
2220025, 463238960, 0, 0
2221034, 442599912, 0, 0
2222028, 438716253, 0, 0
2223009, 447220814, 0, 0
2224051, 452424887, 0, 0
2225057, 462705887, 0, 0
2226056, 472014727, 0, 0
2227059, 434934677, 0, 0
2228025, 428951391, 0, 0
2229036, 436837359, 0, 0
2230060, 443784327, 0, 0
2231009, 454137881, 0, 0
2232035, 450176367, 0, 0
2233013, 452530008, 0, 0
2234004, 427414368, 0, 0
2235002, 452523563, 0, 0
2236008, 423089213, 0, 0
2237049, 404824890, 0, 0
2238028, 399407802, 0, 0
2239060, 416069008, 0, 0
2240015, 476624762, 0, 0
2241042, 415243965, 0, 0
2242051, 437873455, 0, 0
2243062, 433161533, 0, 0
2244001, 481695246, 0, 0
2245033, 462831909, 0, 0
2246058, 440041694, 0, 0
2247039, 480563627, 0, 0
2248015, 456022111, 0, 0
2249008, 449349216, 0, 0
2250060, 414228499, 0, 0
2251009, 463584797, 0, 0
2252015, 426585771, 0, 0
2253040, 420208691, 0, 0
2254026, 430731072, 0, 0
2255044, 440694441, 0, 0
2256007, 449627540, 0, 0
2257033, 467335420, 0, 0
2258040, 504964521, 0, 0
2259034, 432559245, 0, 0
2260045, 442824372, 0, 0
2261011, 411265016, 0, 0
2262022, 465613308, 0, 0
2263056, 456416530, 0, 0
2264054, 449492902, 0, 0
2265043, 437650308, 0, 0
2266049, 427897365, 0, 0
2267021, 460828437, 0, 0
2268020, 451507117, 0, 0
2269008, 455337802, 0, 0
2270046, 438208810, 0, 0
2271029, 456770776, 0, 0
2272045, 450547991, 0, 0
2273007, 470828495, 0, 0
2274040, 455405041, 0, 0
2275022, 422265557, 0, 0
2276016, 448727340, 0, 0
2277047, 456430153, 0, 0
2278025, 420083273, 0, 0
2279041, 467140207, 0, 0
2280054, 442580859, 0, 0
2281031, 446583676, 0, 0
2282044, 439502973, 0, 0
2283041, 464478743, 0, 0
2284027, 451124006, 0, 0
2285041, 426771714, 0, 0
2286002, 436923140, 0, 0
2287046, 436509471, 0, 0
2288041, 408008565, 0, 0
2289003, 438410618, 0, 0
2290010, 417703308, 0, 0
2291028, 411142392, 0, 0
2292048, 442989973, 0, 0
2293052, 437749708, 0, 0
2294050, 439243603, 0, 0
2295013, 450650115, 0, 0
2296013, 443617828, 0, 0
2297048, 440207547, 0, 0
2298035, 444257173, 0, 0
2299020, 450175291, 0, 0
2300036, 436014342, 0, 0
2301002, 464898262, 0, 0
2302051, 521552452, 0, 0
2303052, 430966519, 0, 0
2304023, 440115267, 0, 0
2305010, 465604314, 0, 0
2306008, 450027019, 0, 0
2307031, 435341086, 0, 0
2308022, 461409877, 0, 0
2309000, 432858525, 0, 0
2310063, 458841378, 0, 0
2311002, 452032022, 0, 0
2312019, 442988417, 0, 0
2313060, 437566656, 0, 0
2314020, 437937179, 0, 0
2315028, 434978543, 0, 0
2316002, 462270176, 0, 0
2317025, 459811844, 0, 0
2318007, 475759421, 0, 0
2319040, 454623695, 0, 0
2320069, 453777284, 0, 0
2321034, 463562620, 0, 0
2322026, 442767356, 0, 0
2323013, 434394995, 0, 0
2324006, 447807809, 0, 0
2325025, 445300448, 0, 0
2326036, 430596533, 0, 0
2327022, 445086674, 0, 0
2328059, 463393350, 0, 0
2329026, 442640417, 0, 0
2330052, 463230919, 0, 0
2331022, 464518630, 0, 0
2332058, 460627151, 0, 0
2333015, 466810043, 0, 0
2334030, 496905100, 0, 0
2335018, 482973253, 0, 0
2336014, 446048183, 0, 0
2337043, 455034728, 0, 0
2338022, 466296336, 0, 0
2339024, 423641688, 0, 0
2340056, 422945465, 0, 0
2341022, 478048804, 0, 0
2342033, 459537416, 0, 0
2343009, 459099062, 0, 0
2344044, 472416773, 0, 0
2345034, 446317841, 0, 0
2346031, 513664637, 0, 0
2347000, 425489271, 0, 0
2348019, 474939799, 0, 0
2349044, 436648181, 0, 0
2350044, 450880463, 0, 0
2351000, 463445931, 0, 0
2352012, 435695534, 0, 0
2353056, 474984951, 0, 0
2354043, 441575352, 0, 0
2355055, 460829770, 0, 0
2356000, 450399360, 0, 0
2357011, 434777770, 0, 0
2358009, 448760052, 0, 0
2359043, 435547382, 0, 0
2360036, 427122140, 0, 0
2361053, 444759164, 0, 0
2362001, 433892960, 0, 0
2363044, 439329593, 0, 0
2364036, 455364868, 0, 0
2365003, 453601150, 0, 0
2366064, 466130698, 0, 0
2367030, 443926766, 0, 0
2368027, 443490353, 0, 0
2369007, 468679971, 0, 0
2370000, 425455792, 0, 0
2371005, 427657906, 0, 0
2372065, 417509341, 0, 0
2373016, 417786003, 0, 0
2374054, 450026995, 0, 0
2375039, 456480918, 0, 0
2376009, 470302804, 0, 0
2377043, 460960858, 0, 0
2378007, 449047389, 0, 0
2379001, 464917405, 0, 0
2380006, 468289100, 0, 0
2381006, 432951538, 0, 0
2382059, 445907059, 0, 0
2383007, 431022249, 0, 0
2384046, 463068645, 0, 0
2385051, 461029921, 0, 0
2386027, 445248801, 0, 0
2387055, 465732181, 0, 0
2388004, 440340046, 0, 0
2389008, 466837199, 0, 0
2390024, 471649482, 0, 0
2391066, 440357861, 0, 0
2392016, 441204157, 0, 0
2393031, 471566682, 0, 0
2394039, 505120517, 0, 0
2395050, 452787098, 0, 0
2396015, 472564505, 0, 0
2397032, 464954125, 0, 0
2398033, 465797705, 0, 0
2399020, 467507152, 0, 0
2400026, 447948190, 0, 0
2400150, 372808641, 0, 0
