999, 2388, 0, 0
1999, 519, 0, 0
2999, 1639, 0, 0
4000, 1429, 0, 0
5000, 2594, 0, 0
6000, 884, 0, 0
6999, 2920, 0, 0
7999, 2001, 0, 0
9000, 419, 0, 0
10000, 2029, 0, 0
11000, 443, 0, 0
12000, 264, 0, 0
12999, 3212, 0, 0
13999, 4040, 0, 0
15000, 840, 0, 0
16000, 1194, 0, 0
17000, 1086, 0, 0
18000, 683, 0, 0
18999, 2224, 0, 0
20000, 663, 0, 0
21000, 923, 0, 0
22000, 1678, 0, 0
23000, 4262, 0, 0
23999, 1019, 0, 0
25000, 3343, 0, 0
26000, 316, 0, 0
27000, 1103, 0, 0
28000, 1640, 0, 0
28999, 798, 0, 0
30000, 361, 0, 0
31000, 1152, 0, 0
32000, 1969, 0, 0
33000, 1562, 0, 0
33999, 983, 0, 0
34999, 339, 0, 0
36000, 302, 0, 0
37000, 263, 0, 0
38000, 395, 0, 0
39000, 2005, 0, 0
39999, 2614, 0, 0
40999, 1945, 0, 0
42000, 852, 0, 0
43000, 1093, 0, 0
44000, 2740, 0, 0
45000, 979, 0, 0
45999, 1046, 0, 0
47000, 1016, 0, 0
48000, 963, 0, 0
49000, 1470, 0, 0
50000, 290, 0, 0
50999, 258, 0, 0
52000, 290, 0, 0
53000, 393, 0, 0
54000, 378, 0, 0
55000, 435, 0, 0
56000, 945, 0, 0
56999, 1600, 0, 0
58000, 398, 0, 0
59000, 398, 0, 0
60000, 413, 0, 0
61000, 355, 0, 0
61999, 503, 0, 0
63000, 1265, 0, 0
64000, 524, 0, 0
65000, 432, 0, 0
66000, 307, 0, 0
66999, 273, 0, 0
67999, 335, 0, 0
69000, 509, 0, 0
70000, 1594, 0, 0
71000, 501, 0, 0
72000, 742, 0, 0
72999, 635, 0, 0
74000, 515, 0, 0
75000, 694, 0, 0
76000, 1425, 0, 0
76999, 697, 0, 0
77999, 839, 0, 0
79000, 1351, 0, 0
80000, 438, 0, 0
81000, 395, 0, 0
82000, 568, 0, 0
82999, 363, 0, 0
84000, 365, 0, 0
85000, 486, 0, 0
86000, 484, 0, 0
87000, 534, 0, 0
87999, 866, 0, 0
89000, 649, 0, 0
90000, 481, 0, 0
91000, 530, 0, 0
92000, 630, 0, 0
92999, 633, 0, 0
93999, 504, 0, 0
95000, 305, 0, 0
96000, 528, 0, 0
97000, 434, 0, 0
98000, 387, 0, 0
98999, 366, 0, 0
99999, 362, 0, 0
101000, 470, 0, 0
102000, 502, 0, 0
103000, 453, 0, 0
104000, 330, 0, 0
104999, 412, 0, 0
106000, 361, 0, 0
107000, 363, 0, 0
108000, 366, 0, 0
109000, 406, 0, 0
109999, 634, 0, 0
110999, 787, 0, 0
112000, 838, 0, 0
113000, 538, 0, 0
114000, 324, 0, 0
115000, 319, 0, 0
115999, 286, 0, 0
117000, 305, 0, 0
118000, 363, 0, 0
119000, 531, 0, 0
120000, 493, 0, 0
121000, 467, 0, 0
121999, 380, 0, 0
123000, 387, 0, 0
124000, 343, 0, 0
125000, 405, 0, 0
126000, 592, 0, 0
126999, 535, 0, 0
128000, 645, 0, 0
129000, 510, 0, 0
130000, 415, 0, 0
131000, 343, 0, 0
131999, 323, 0, 0
132999, 392, 0, 0
134000, 388, 0, 0
135000, 460, 0, 0
135999, 375, 0, 0
137000, 420, 0, 0
137999, 409, 0, 0
139000, 420, 0, 0
140000, 395, 0, 0
141000, 418, 0, 0
142000, 361, 0, 0
142999, 402, 0, 0
144000, 463, 0, 0
145000, 551, 0, 0
146000, 550, 0, 0
147000, 602, 0, 0
148000, 709, 0, 0
148999, 796, 0, 0
150000, 629, 0, 0
151000, 592, 0, 0
152000, 707, 0, 0
153000, 1135, 0, 0
153999, 658, 0, 0
155000, 451, 0, 0
156000, 377, 0, 0
157000, 400, 0, 0
158000, 399, 0, 0
158999, 491, 0, 0
159999, 379, 0, 0
161000, 423, 0, 0
162000, 378, 0, 0
163000, 344, 0, 0
164000, 387, 0, 0
164999, 427, 0, 0
166000, 528, 0, 0
167000, 687, 0, 0
168000, 769, 0, 0
169000, 620, 0, 0
170000, 583, 0, 0
170999, 559, 0, 0
172000, 667, 0, 0
173000, 650, 0, 0
174000, 638, 0, 0
175000, 482, 0, 0
175999, 365, 0, 0
177000, 380, 0, 0
178000, 357, 0, 0
179000, 366, 0, 0
180000, 537, 0, 0
181000, 494, 0, 0
181999, 703, 0, 0
183000, 825, 0, 0
184000, 539, 0, 0
185000, 509, 0, 0
186000, 489, 0, 0
186999, 450, 0, 0
188000, 570, 0, 0
189000, 565, 0, 0
190000, 517, 0, 0
191000, 414, 0, 0
191999, 451, 0, 0
193000, 385, 0, 0
194000, 332, 0, 0
195000, 390, 0, 0
196000, 378, 0, 0
196999, 441, 0, 0
198000, 454, 0, 0
199000, 681, 0, 0
200000, 679, 0, 0
201000, 693, 0, 0
201999, 516, 0, 0
203000, 397, 0, 0
204000, 483, 0, 0
205000, 405, 0, 0
206000, 466, 0, 0
207000, 516, 0, 0
207999, 473, 0, 0
209000, 455, 0, 0
210000, 426, 0, 0
211000, 493, 0, 0
212000, 417, 0, 0
212999, 356, 0, 0
214000, 420, 0, 0
215000, 475, 0, 0
216000, 493, 0, 0
217000, 526, 0, 0
217999, 584, 0, 0
218999, 435, 0, 0
220000, 541, 0, 0
221000, 515, 0, 0
222000, 442, 0, 0
223000, 433, 0, 0
223999, 385, 0, 0
225000, 413, 0, 0
226000, 410, 0, 0
227000, 434, 0, 0
228000, 469, 0, 0
229000, 564, 0, 0
229999, 519, 0, 0
231000, 514, 0, 0
232000, 565, 0, 0
233000, 662, 0, 0
234000, 618, 0, 0
234999, 475, 0, 0
236000, 482, 0, 0
237000, 503, 0, 0
238000, 497, 0, 0
239000, 549, 0, 0
239999, 564, 0, 0
241000, 502, 0, 0
242000, 484, 0, 0
243000, 403, 0, 0
244000, 421, 0, 0
244999, 431, 0, 0
245999, 436, 0, 0
247000, 444, 0, 0
248000, 482, 0, 0
249000, 501, 0, 0
250000, 615, 0, 0
250999, 548, 0, 0
252000, 447, 0, 0
253000, 481, 0, 0
254000, 418, 0, 0
255000, 565, 0, 0
255999, 590, 0, 0
257000, 511, 0, 0
258000, 543, 0, 0
259000, 594, 0, 0
260000, 610, 0, 0
260999, 535, 0, 0
261999, 439, 0, 0
263000, 484, 0, 0
264000, 500, 0, 0
265000, 486, 0, 0
266000, 482, 0, 0
266999, 460, 0, 0
268000, 572, 0, 0
269000, 637, 0, 0
270000, 756, 0, 0
271000, 573, 0, 0
271999, 660, 0, 0
273000, 707, 0, 0
274000, 576, 0, 0
275000, 614, 0, 0
276000, 606, 0, 0
276999, 623, 0, 0
277999, 473, 0, 0
279000, 419, 0, 0
280000, 474, 0, 0
281000, 530, 0, 0
282000, 452, 0, 0
282999, 433, 0, 0
284000, 489, 0, 0
285000, 464, 0, 0
286000, 486, 0, 0
287000, 497, 0, 0
287999, 468, 0, 0
289000, 556, 0, 0
290000, 532, 0, 0
291000, 471, 0, 0
292000, 545, 0, 0
293000, 541, 0, 0
293999, 473, 0, 0
294999, 508, 0, 0
296000, 494, 0, 0
297000, 442, 0, 0
298000, 427, 0, 0
299000, 493, 0, 0
299999, 444, 0, 0
301000, 467, 0, 0
302000, 486, 0, 0
303000, 477, 0, 0
304000, 589, 0, 0
305000, 512, 0, 0
305999, 534, 0, 0
307000, 535, 0, 0
308000, 572, 0, 0
309000, 594, 0, 0
310000, 491, 0, 0
310999, 624, 0, 0
312000, 563, 0, 0
313000, 748, 0, 0
314000, 725, 0, 0
315000, 672, 0, 0
316000, 632, 0, 0
316999, 515, 0, 0
318000, 472, 0, 0
319000, 486, 0, 0
320000, 417, 0, 0
321000, 398, 0, 0
321999, 399, 0, 0
323000, 425, 0, 0
324000, 432, 0, 0
325000, 426, 0, 0
326000, 443, 0, 0
326999, 433, 0, 0
327999, 501, 0, 0
329000, 619, 0, 0
330000, 626, 0, 0
331000, 587, 0, 0
332000, 692, 0, 0
332999, 625, 0, 0
334000, 628, 0, 0
335000, 651, 0, 0
336000, 601, 0, 0
337000, 613, 0, 0
337999, 615, 0, 0
339000, 711, 0, 0
340000, 612, 0, 0
341000, 535, 0, 0
342000, 470, 0, 0
343000, 511, 0, 0
343999, 495, 0, 0
345000, 440, 0, 0
346000, 607, 0, 0
347000, 706, 0, 0
348000, 801, 0, 0
348999, 778, 0, 0
349999, 933, 0, 0
351000, 648, 0, 0
352000, 496, 0, 0
353000, 492, 0, 0
354000, 478, 0, 0
354999, 536, 0, 0
356000, 585, 0, 0
357000, 482, 0, 0
358000, 589, 0, 0
359000, 482, 0, 0
359999, 446, 0, 0
361000, 505, 0, 0
362000, 431, 0, 0
363000, 537, 0, 0
364000, 641, 0, 0
364999, 623, 0, 0
365999, 654, 0, 0
367000, 719, 0, 0
368000, 661, 0, 0
369000, 581, 0, 0
370000, 633, 0, 0
370999, 682, 0, 0
372000, 613, 0, 0
373000, 494, 0, 0
374000, 486, 0, 0
375000, 499, 0, 0
375999, 432, 0, 0
376999, 469, 0, 0
378000, 383, 0, 0
379000, 412, 0, 0
380000, 426, 0, 0
381000, 529, 0, 0
381999, 551, 0, 0
383000, 582, 0, 0
384000, 644, 0, 0
385000, 549, 0, 0
386000, 519, 0, 0
386999, 420, 0, 0
388000, 484, 0, 0
389000, 452, 0, 0
390000, 481, 0, 0
391000, 502, 0, 0
391999, 547, 0, 0
392999, 496, 0, 0
394000, 435, 0, 0
395000, 594, 0, 0
396000, 658, 0, 0
397000, 578, 0, 0
397999, 576, 0, 0
399000, 553, 0, 0
400000, 618, 0, 0
401000, 557, 0, 0
402000, 649, 0, 0
402999, 641, 0, 0
404000, 683, 0, 0
405000, 602, 0, 0
406000, 628, 0, 0
407000, 584, 0, 0
407999, 547, 0, 0
409000, 425, 0, 0
410000, 502, 0, 0
411000, 552, 0, 0
412000, 628, 0, 0
412999, 536, 0, 0
414000, 529, 0, 0
415000, 554, 0, 0
416000, 557, 0, 0
417000, 505, 0, 0
418000, 583, 0, 0
418999, 589, 0, 0
420000, 587, 0, 0
421000, 602, 0, 0
422000, 679, 0, 0
423000, 626, 0, 0
423999, 613, 0, 0
425000, 557, 0, 0
426000, 616, 0, 0
427000, 649, 0, 0
428000, 619, 0, 0
428999, 570, 0, 0
429999, 542, 0, 0
431000, 711, 0, 0
432000, 550, 0, 0
433000, 599, 0, 0
433999, 650, 0, 0
434999, 653, 0, 0
436000, 558, 0, 0
437000, 674, 0, 0
438000, 560, 0, 0
438999, 648, 0, 0
439999, 658, 0, 0
441000, 627, 0, 0
442000, 706, 0, 0
443000, 650, 0, 0
444000, 748, 0, 0
444999, 918, 0, 0
446000, 707, 0, 0
447000, 682, 0, 0
448000, 664, 0, 0
449000, 610, 0, 0
450000, 727, 0, 0
450999, 596, 0, 0
452000, 656, 0, 0
453000, 602, 0, 0
454000, 726, 0, 0
455000, 609, 0, 0
455999, 536, 0, 0
457000, 654, 0, 0
458000, 615, 0, 0
459000, 739, 0, 0
460000, 528, 0, 0
460999, 664, 0, 0
462000, 653, 0, 0
463000, 606, 0, 0
464000, 617, 0, 0
465000, 641, 0, 0
465999, 571, 0, 0
466999, 601, 0, 0
468000, 656, 0, 0
469000, 657, 0, 0
470000, 672, 0, 0
471000, 551, 0, 0
471999, 604, 0, 0
473000, 555, 0, 0
474000, 679, 0, 0
475000, 664, 0, 0
476000, 687, 0, 0
476999, 630, 0, 0
478000, 713, 0, 0
479000, 665, 0, 0
480000, 675, 0, 0
481000, 739, 0, 0
481999, 753, 0, 0
482999, 668, 0, 0
484000, 675, 0, 0
485000, 580, 0, 0
486000, 601, 0, 0
487000, 715, 0, 0
487999, 645, 0, 0
489000, 688, 0, 0
490000, 720, 0, 0
491000, 764, 0, 0
492000, 741, 0, 0
492999, 798, 0, 0
494000, 827, 0, 0
495000, 858, 0, 0
496000, 731, 0, 0
497000, 941, 0, 0
497999, 864, 0, 0
499000, 745, 0, 0
500000, 774, 0, 0
501000, 823, 0, 0
502000, 783, 0, 0
503000, 738, 0, 0
503999, 862, 0, 0
505000, 955, 0, 0
506000, 886, 0, 0
507000, 721, 0, 0
508000, 862, 0, 0
508999, 845, 0, 0
510000, 896, 0, 0
511000, 778, 0, 0
512000, 810, 0, 0
513000, 728, 0, 0
513999, 892, 0, 0
515000, 912, 0, 0
516000, 678, 0, 0
517000, 855, 0, 0
518000, 773, 0, 0
518999, 777, 0, 0
519999, 791, 0, 0
521000, 880, 0, 0
522000, 860, 0, 0
523000, 914, 0, 0
524000, 880, 0, 0
524999, 963, 0, 0
526000, 911, 0, 0
527000, 1045, 0, 0
528000, 940, 0, 0
529000, 933, 0, 0
529999, 830, 0, 0
531000, 853, 0, 0
532000, 1022, 0, 0
533000, 941, 0, 0
534000, 903, 0, 0
534999, 946, 0, 0
535999, 803, 0, 0
537000, 945, 0, 0
538000, 987, 0, 0
539000, 816, 0, 0
540000, 883, 0, 0
540999, 935, 0, 0
542000, 1055, 0, 0
543000, 1060, 0, 0
544000, 1035, 0, 0
545000, 1000, 0, 0
546000, 1047, 0, 0
546999, 948, 0, 0
548000, 1180, 0, 0
549000, 1393, 0, 0
550000, 1197, 0, 0
551000, 1166, 0, 0
551999, 1105, 0, 0
553000, 1207, 0, 0
554000, 1103, 0, 0
555000, 1162, 0, 0
556000, 1081, 0, 0
556999, 1242, 0, 0
558000, 1147, 0, 0
559000, 1093, 0, 0
560000, 1190, 0, 0
561000, 1302, 0, 0
561999, 1095, 0, 0
563000, 999, 0, 0
564000, 1427, 0, 0
565000, 1396, 0, 0
566000, 1341, 0, 0
566999, 1225, 0, 0
567999, 1268, 0, 0
569000, 1309, 0, 0
570000, 1459, 0, 0
571000, 1607, 0, 0
572000, 1385, 0, 0
572999, 1350, 0, 0
574000, 1400, 0, 0
575000, 1359, 0, 0
576000, 1509, 0, 0
577000, 1460, 0, 0
577999, 1665, 0, 0
579000, 1497, 0, 0
580000, 1480, 0, 0
581000, 1430, 0, 0
582000, 1323, 0, 0
582999, 1775, 0, 0
583999, 1590, 0, 0
585000, 1631, 0, 0
586000, 1747, 0, 0
587000, 1539, 0, 0
587999, 1815, 0, 0
588999, 1796, 0, 0
590000, 2062, 0, 0
591000, 1964, 0, 0
592000, 1444, 0, 0
593000, 2022, 0, 0
593999, 1813, 0, 0
595000, 1741, 0, 0
596000, 1675, 0, 0
597000, 1862, 0, 0
598000, 2285, 0, 0
598999, 1712, 0, 0
600000, 2293, 0, 0
601000, 2080, 0, 0
602000, 1937, 0, 0
603000, 2186, 0, 0
603999, 2122, 0, 0
604999, 2036, 0, 0
606000, 1823, 0, 0
607000, 2662, 0, 0
608000, 1840, 0, 0
609000, 2168, 0, 0
609999, 2467, 0, 0
611000, 2020, 0, 0
612000, 2156, 0, 0
613000, 2495, 0, 0
614000, 2902, 0, 0
614999, 2766, 0, 0
615999, 2468, 0, 0
617000, 2691, 0, 0
618000, 2978, 0, 0
619000, 2650, 0, 0
620000, 2998, 0, 0
620999, 3644, 0, 0
621999, 3569, 0, 0
622999, 3331, 0, 0
624000, 3283, 0, 0
625000, 4351, 0, 0
626000, 4046, 0, 0
627000, 2909, 0, 0
628000, 4553, 0, 0
629000, 3485, 0, 0
629999, 4314, 0, 0
630999, 4806, 0, 0
632000, 4310, 0, 0
633000, 3632, 0, 0
634000, 5074, 0, 0
635000, 4398, 0, 0
636000, 5406, 0, 0
637000, 5570, 0, 0
637999, 6540, 0, 0
638999, 5316, 0, 0
640000, 7450, 0, 0
641000, 6893, 0, 0
642000, 7248, 0, 0
643000, 6522, 0, 0
644000, 7082, 0, 0
645000, 9386, 0, 0
645999, 8414, 0, 0
646999, 8411, 0, 0
648000, 9224, 0, 0
649000, 10989, 0, 0
650000, 12703, 0, 0
651000, 15889, 0, 0
652000, 16918, 0, 0
652999, 17769, 0, 0
653999, 14790, 0, 0
655000, 17896, 0, 0
656000, 14813, 0, 0
657000, 17286, 0, 0
658000, 19944, 0, 0
659000, 28319, 0, 0
659999, 22008, 0, 0
660999, 26619, 0, 0
661999, 28076, 0, 0
663000, 19775, 0, 0
664000, 29416, 0, 0
665000, 21675, 0, 0
666000, 10327, 0, 0
667000, 13187, 0, 0
667999, 18313, 0, 0
668999, 22405, 0, 0
670000, 19509, 0, 0
671000, 23415, 0, 0
672000, 25707, 0, 0
673000, 16494, 0, 0
673999, 23163, 0, 0
674999, 16410, 0, 0
676000, 14437, 0, 0
677000, 18134, 0, 0
678000, 13006, 0, 0
678999, 25079, 0, 0
679999, 18849, 0, 0
681000, 17302, 0, 0
682000, 16611, 0, 0
683000, 17520, 0, 0
683999, 34692, 0, 0
684999, 15445, 0, 0
686000, 25331, 0, 0
687000, 24139, 0, 0
688000, 13884, 0, 0
688999, 23556, 0, 0
690000, 15718, 0, 0
691000, 23222, 0, 0
692000, 20630, 0, 0
692999, 23151, 0, 0
693999, 23317, 0, 0
695000, 15324, 0, 0
696000, 19032, 0, 0
697000, 19167, 0, 0
698000, 23004, 0, 0
698999, 22667, 0, 0
700000, 20964, 0, 0
701000, 20703, 0, 0
702000, 16006, 0, 0
702999, 19407, 0, 0
703999, 20673, 0, 0
704999, 15449, 0, 0
706000, 17751, 0, 0
707000, 18982, 0, 0
708000, 27643, 0, 0
708999, 16076, 0, 0
709999, 14557, 0, 0
711000, 21177, 0, 0
712000, 16568, 0, 0
713000, 22072, 0, 0
713999, 16617, 0, 0
715000, 15324, 0, 0
716000, 21009, 0, 0
717000, 18890, 0, 0
718000, 18120, 0, 0
718999, 16822, 0, 0
720000, 22496, 0, 0
721000, 15862, 0, 0
722000, 17831, 0, 0
722999, 11639, 0, 0
723999, 17541, 0, 0
725000, 14239, 0, 0
726000, 21827, 0, 0
727000, 23295, 0, 0
727999, 16617, 0, 0
728999, 21813, 0, 0
730000, 24007, 0, 0
731000, 15198, 0, 0
732000, 20471, 0, 0
732999, 26679, 0, 0
733999, 14886, 0, 0
735000, 18438, 0, 0
736000, 15451, 0, 0
737000, 19382, 0, 0
737999, 17420, 0, 0
738999, 17806, 0, 0
740000, 19805, 0, 0
741000, 14399, 0, 0
742000, 19196, 0, 0
742999, 19682, 0, 0
743999, 14425, 0, 0
745000, 16838, 0, 0
746000, 20643, 0, 0
747000, 16221, 0, 0
747999, 16430, 0, 0
748999, 22467, 0, 0
750000, 17994, 0, 0
751000, 13046, 0, 0
752000, 21584, 0, 0
753000, 29875, 0, 0
754001, 17884, 0, 0
755000, 16461, 0, 0
756000, 21678, 0, 0
757000, 14706, 0, 0
758000, 21574, 0, 0
759000, 20867, 0, 0
760000, 18562, 0, 0
761000, 16880, 0, 0
762000, 15006, 0, 0
763000, 21666, 0, 0
764000, 13997, 0, 0
765000, 17745, 0, 0
766000, 20059, 0, 0
767000, 17294, 0, 0
768000, 23341, 0, 0
769001, 19045, 0, 0
770000, 22027, 0, 0
771000, 22025, 0, 0
772000, 16648, 0, 0
773000, 22256, 0, 0
774000, 16192, 0, 0
775000, 18799, 0, 0
776001, 18857, 0, 0
777000, 12890, 0, 0
778000, 19110, 0, 0
779000, 26691, 0, 0
780000, 22683, 0, 0
781000, 17651, 0, 0
782000, 19087, 0, 0
783000, 27075, 0, 0
784000, 15895, 0, 0
785000, 23379, 0, 0
786000, 19851, 0, 0
787000, 14550, 0, 0
788000, 16340, 0, 0
789000, 18964, 0, 0
790000, 17249, 0, 0
791001, 17808, 0, 0
792000, 18709, 0, 0
793000, 21428, 0, 0
794000, 11135, 0, 0
795000, 14516, 0, 0
796000, 17488, 0, 0
797000, 23735, 0, 0
798001, 14596, 0, 0
799000, 13717, 0, 0
800000, 18842, 0, 0
801000, 12105, 0, 0
802000, 13241, 0, 0
803000, 18667, 0, 0
804000, 12829, 0, 0
805001, 12117, 0, 0
806000, 17552, 0, 0
807000, 19297, 0, 0
808000, 15202, 0, 0
809000, 16872, 0, 0
810000, 18900, 0, 0
811000, 23126, 0, 0
811999, 17571, 0, 0
813000, 18876, 0, 0
814000, 24844, 0, 0
815000, 13047, 0, 0
815999, 18642, 0, 0
816999, 18779, 0, 0
817999, 15336, 0, 0
818998, 13206, 0, 0
819998, 21400, 0, 0
820999, 15569, 0, 0
821999, 17454, 0, 0
822998, 23066, 0, 0
823998, 16147, 0, 0
824998, 14236, 0, 0
825998, 16941, 0, 0
826997, 18592, 0, 0
827997, 12488, 0, 0
828998, 18915, 0, 0
829997, 14691, 0, 0
830997, 19521, 0, 0
831997, 17111, 0, 0
832997, 13997, 0, 0
833996, 13183, 0, 0
834996, 17451, 0, 0
835997, 14677, 0, 0
836996, 15372, 0, 0
837996, 16019, 0, 0
838996, 20413, 0, 0
839996, 15575, 0, 0
840995, 14067, 0, 0
841995, 17439, 0, 0
842995, 17627, 0, 0
843995, 13423, 0, 0
844995, 18071, 0, 0
845995, 17131, 0, 0
846995, 14522, 0, 0
847994, 16665, 0, 0
848994, 17021, 0, 0
849994, 18007, 0, 0
850993, 16528, 0, 0
851994, 20330, 0, 0
852994, 13318, 0, 0
853994, 14838, 0, 0
854993, 16877, 0, 0
855993, 11786, 0, 0
856994, 14142, 0, 0
857992, 18293, 0, 0
858993, 19730, 0, 0
859993, 14742, 0, 0
860993, 21824, 0, 0
861992, 12635, 0, 0
862992, 16119, 0, 0
863992, 15650, 0, 0
864991, 11366, 0, 0
865992, 16565, 0, 0
866992, 18432, 0, 0
867992, 19456, 0, 0
868991, 14918, 0, 0
869991, 15405, 0, 0
870991, 14737, 0, 0
872000, 8415, 0, 0
872991, 16964, 0, 0
873991, 19120, 0, 0
874991, 14347, 0, 0
876000, 21626, 0, 0
877000, 20067, 0, 0
878000, 16568, 0, 0
878999, 17086, 0, 0
879999, 19026, 0, 0
881000, 18163, 0, 0
882000, 16474, 0, 0
883000, 19357, 0, 0
883999, 15449, 0, 0
884999, 16017, 0, 0
886000, 19235, 0, 0
887000, 19729, 0, 0
887999, 19863, 0, 0
888999, 17129, 0, 0
889999, 11718, 0, 0
891000, 19294, 0, 0
892000, 16382, 0, 0
893000, 13425, 0, 0
893999, 19704, 0, 0
894999, 13502, 0, 0
896000, 16923, 0, 0
897000, 19531, 0, 0
898000, 15694, 0, 0
898999, 16893, 0, 0
899999, 14848, 0, 0
901000, 9637, 0, 0
902000, 15029, 0, 0
903000, 21494, 0, 0
903999, 18918, 0, 0
904999, 20533, 0, 0
906000, 18865, 0, 0
907000, 20021, 0, 0
908000, 10582, 0, 0
909000, 14728, 0, 0
909999, 20728, 0, 0
910999, 15829, 0, 0
912000, 15819, 0, 0
913000, 15657, 0, 0
914000, 13986, 0, 0
914999, 11630, 0, 0
915999, 16319, 0, 0
917000, 16737, 0, 0
918000, 14280, 0, 0
919000, 14887, 0, 0
919999, 17415, 0, 0
920999, 14677, 0, 0
922000, 14430, 0, 0
923000, 14189, 0, 0
924000, 19466, 0, 0
924999, 16625, 0, 0
926000, 14950, 0, 0
927000, 10799, 0, 0
928000, 11966, 0, 0
928999, 14026, 0, 0
929999, 18080, 0, 0
931000, 11931, 0, 0
932000, 12133, 0, 0
933000, 15157, 0, 0
934000, 11688, 0, 0
934999, 11002, 0, 0
936000, 12888, 0, 0
937000, 15063, 0, 0
938000, 15517, 0, 0
939000, 14168, 0, 0
939999, 15402, 0, 0
941000, 19589, 0, 0
942000, 13918, 0, 0
943000, 18772, 0, 0
943999, 11405, 0, 0
944999, 9689, 0, 0
946000, 15127, 0, 0
947000, 12522, 0, 0
948000, 12293, 0, 0
948999, 7202, 0, 0
949999, 19212, 0, 0
951000, 12063, 0, 0
952000, 23990, 0, 0
953000, 20264, 0, 0
953999, 20499, 0, 0
954999, 14772, 0, 0
956000, 18252, 0, 0
957000, 13893, 0, 0
958000, 16944, 0, 0
958999, 11903, 0, 0
959999, 20671, 0, 0
961000, 7298, 0, 0
962000, 15173, 0, 0
963000, 13346, 0, 0
963999, 14973, 0, 0
964999, 11932, 0, 0
966000, 15048, 0, 0
967000, 17039, 0, 0
968000, 14406, 0, 0
968999, 12921, 0, 0
969999, 13754, 0, 0
971000, 17379, 0, 0
972000, 15186, 0, 0
972999, 14952, 0, 0
973999, 14863, 0, 0
974999, 12643, 0, 0
976000, 14808, 0, 0
977000, 10948, 0, 0
978000, 9770, 0, 0
978999, 14907, 0, 0
980000, 13964, 0, 0
981000, 9222, 0, 0
982000, 9534, 0, 0
983000, 11748, 0, 0
983999, 10893, 0, 0
985000, 10775, 0, 0
986000, 11313, 0, 0
987000, 10325, 0, 0
988000, 9775, 0, 0
988999, 14383, 0, 0
990000, 10989, 0, 0
991000, 11771, 0, 0
991999, 12755, 0, 0
992999, 17081, 0, 0
993999, 15797, 0, 0
995000, 15528, 0, 0
996000, 16024, 0, 0
997000, 11738, 0, 0
998000, 13725, 0, 0
998999, 18573, 0, 0
1000000, 13700, 0, 0
1001000, 12525, 0, 0
1002000, 15128, 0, 0
1002999, 11297, 0, 0
1003999, 14027, 0, 0
1005000, 12678, 0, 0
1006000, 12143, 0, 0
1006999, 8623, 0, 0
1007999, 12846, 0, 0
1008999, 13149, 0, 0
1010000, 12832, 0, 0
1011000, 17170, 0, 0
1012000, 16972, 0, 0
1012999, 11214, 0, 0
1013999, 11700, 0, 0
1015000, 13741, 0, 0
1016000, 17671, 0, 0
1017000, 15665, 0, 0
1017999, 14143, 0, 0
1018999, 12088, 0, 0
1020000, 12049, 0, 0
1021000, 18883, 0, 0
1022000, 14573, 0, 0
1022999, 10827, 0, 0
1024000, 12872, 0, 0
1025000, 13280, 0, 0
1026000, 12278, 0, 0
1027000, 8119, 0, 0
1027999, 13031, 0, 0
1029000, 9568, 0, 0
1030000, 12458, 0, 0
1031000, 16681, 0, 0
1032000, 11906, 0, 0
1032999, 13821, 0, 0
1034000, 16383, 0, 0
1035000, 16640, 0, 0
1036000, 13308, 0, 0
1037000, 12913, 0, 0
1037999, 12453, 0, 0
1039000, 10254, 0, 0
1040000, 14967, 0, 0
1041000, 13388, 0, 0
1042000, 13753, 0, 0
1042999, 16358, 0, 0
1044000, 15044, 0, 0
1045000, 10720, 0, 0
1046000, 12370, 0, 0
1046999, 10813, 0, 0
1047999, 11185, 0, 0
1049000, 15087, 0, 0
1050000, 11045, 0, 0
1051000, 13186, 0, 0
1051999, 11100, 0, 0
1052999, 17061, 0, 0
1054000, 12213, 0, 0
1055000, 13032, 0, 0
1056000, 18774, 0, 0
1056999, 12821, 0, 0
1057999, 11397, 0, 0
1059000, 17806, 0, 0
1060000, 15261, 0, 0
1061000, 9960, 0, 0
1061999, 17591, 0, 0
1062999, 15430, 0, 0
1064000, 16323, 0, 0
1065000, 13492, 0, 0
1066000, 17232, 0, 0
1066999, 16564, 0, 0
1067999, 14901, 0, 0
1069000, 16049, 0, 0
1070000, 16289, 0, 0
1070999, 11097, 0, 0
1071999, 14302, 0, 0
1072999, 15345, 0, 0
1074000, 14394, 0, 0
1075000, 13266, 0, 0
1076000, 11844, 0, 0
1076999, 12303, 0, 0
1077999, 11956, 0, 0
1079000, 13258, 0, 0
1080000, 14341, 0, 0
1081000, 11687, 0, 0
1081999, 13551, 0, 0
1082999, 14717, 0, 0
1084000, 12864, 0, 0
1085000, 8318, 0, 0
1086000, 17687, 0, 0
1086999, 18694, 0, 0
1087999, 11991, 0, 0
1089000, 10921, 0, 0
1090000, 14870, 0, 0
1091000, 12582, 0, 0
1091999, 12341, 0, 0
1093000, 18326, 0, 0
1094000, 11771, 0, 0
1095000, 14565, 0, 0
1095999, 11825, 0, 0
1096999, 14589, 0, 0
1098000, 13279, 0, 0
1099000, 12953, 0, 0
1100000, 14404, 0, 0
1100999, 13692, 0, 0
1101999, 11176, 0, 0
1103000, 13767, 0, 0
1104000, 12568, 0, 0
1105000, 7775, 0, 0
1105999, 13337, 0, 0
1107000, 11806, 0, 0
1108000, 12440, 0, 0
1109000, 9778, 0, 0
1110000, 15980, 0, 0
1110999, 13539, 0, 0
1112000, 10610, 0, 0
1113000, 13067, 0, 0
1114000, 11239, 0, 0
1114999, 8522, 0, 0
1115999, 14836, 0, 0
1117000, 9963, 0, 0
1118000, 16459, 0, 0
1119000, 14548, 0, 0
1120000, 10236, 0, 0
1120999, 11222, 0, 0
1122000, 14102, 0, 0
1123000, 12147, 0, 0
1124000, 15047, 0, 0
1124999, 15095, 0, 0
1125999, 13366, 0, 0
1127000, 13761, 0, 0
1128000, 10346, 0, 0
1129000, 14954, 0, 0
1129999, 15526, 0, 0
1130999, 10766, 0, 0
1132000, 12267, 0, 0
1133000, 13333, 0, 0
1134000, 10850, 0, 0
1134999, 11315, 0, 0
1135999, 13029, 0, 0
1137000, 8631, 0, 0
1138000, 13178, 0, 0
1139000, 11058, 0, 0
1140000, 14043, 0, 0
1140999, 10799, 0, 0
1142000, 11524, 0, 0
1143000, 16097, 0, 0
1144000, 15425, 0, 0
1144999, 17092, 0, 0
1145999, 13266, 0, 0
1147000, 10861, 0, 0
1148000, 10286, 0, 0
1149000, 16015, 0, 0
1150000, 11104, 0, 0
1150999, 10582, 0, 0
1152000, 11102, 0, 0
1153000, 16368, 0, 0
1154000, 12629, 0, 0
1155000, 14343, 0, 0
1155999, 18104, 0, 0
1157000, 13504, 0, 0
1158000, 13668, 0, 0
1159000, 13485, 0, 0
1160000, 10721, 0, 0
1160999, 11693, 0, 0
1162000, 11173, 0, 0
1163000, 9832, 0, 0
1164000, 7501, 0, 0
1164999, 12544, 0, 0
1165999, 13973, 0, 0
1167000, 12716, 0, 0
1168000, 13475, 0, 0
1168999, 15384, 0, 0
1169999, 9991, 0, 0
1170999, 11829, 0, 0
1172000, 12891, 0, 0
1173000, 7496, 0, 0
1174000, 13473, 0, 0
1174999, 12099, 0, 0
1175999, 12012, 0, 0
1177000, 8836, 0, 0
1178000, 16604, 0, 0
1178999, 13163, 0, 0
1179999, 13964, 0, 0
1180999, 10728, 0, 0
1182000, 11769, 0, 0
1183000, 12581, 0, 0
1184000, 12519, 0, 0
1184999, 11633, 0, 0
1186000, 11403, 0, 0
1187000, 8269, 0, 0
1188000, 10280, 0, 0
1189000, 14419, 0, 0
1189999, 6512, 0, 0
1191000, 7633, 0, 0
1192000, 15212, 0, 0
1193000, 10963, 0, 0
1193999, 13077, 0, 0
1194999, 10796, 0, 0
1196000, 14693, 0, 0
1197000, 10276, 0, 0
1198000, 9661, 0, 0
1198999, 14623, 0, 0
1199999, 13278, 0, 0
