1045, 428648117, 0, 0
2033, 463162833, 0, 0
3029, 466676548, 0, 0
4033, 446953225, 0, 0
5042, 472492657, 0, 0
6016, 464275518, 0, 0
7007, 461254394, 0, 0
8015, 469751654, 0, 0
9023, 455084343, 0, 0
10021, 486910023, 0, 0
11008, 448556137, 0, 0
12053, 457181806, 0, 0
13037, 458356891, 0, 0
14008, 467768860, 0, 0
15024, 488804456, 0, 0
16051, 454764962, 0, 0
17036, 460677579, 0, 0
18040, 452950332, 0, 0
19036, 464440856, 0, 0
20033, 455570431, 0, 0
21007, 451382121, 0, 0
22039, 472190629, 0, 0
23042, 450285180, 0, 0
24034, 467075060, 0, 0
25054, 469320590, 0, 0
26049, 432326024, 0, 0
27042, 465682229, 0, 0
28067, 459101519, 0, 0
29021, 456569488, 0, 0
30009, 448617627, 0, 0
31037, 438091327, 0, 0
32001, 425668691, 0, 0
33041, 438681707, 0, 0
34016, 445995642, 0, 0
35024, 437024325, 0, 0
36020, 448824925, 0, 0
37040, 454264368, 0, 0
38004, 473777886, 0, 0
39059, 450977255, 0, 0
40026, 456323809, 0, 0
41053, 435533225, 0, 0
42019, 441771138, 0, 0
43005, 433699543, 0, 0
44031, 468802094, 0, 0
45052, 456834445, 0, 0
46027, 453356148, 0, 0
47018, 454097606, 0, 0
48025, 434806288, 0, 0
49019, 437635811, 0, 0
50021, 433649244, 0, 0
51044, 432928933, 0, 0
52034, 431715531, 0, 0
53016, 436304032, 0, 0
54046, 438083775, 0, 0
55005, 452749478, 0, 0
56010, 439081950, 0, 0
57027, 453022408, 0, 0
58015, 432075777, 0, 0
59068, 426134481, 0, 0
60002, 429942515, 0, 0
61001, 426520263, 0, 0
62014, 448387244, 0, 0
63006, 421458956, 0, 0
64058, 431471567, 0, 0
65057, 438249250, 0, 0
66036, 452086880, 0, 0
67056, 474735822, 0, 0
68006, 447265398, 0, 0
69048, 421535600, 0, 0
70024, 454616084, 0, 0
71007, 426104294, 0, 0
72028, 454125001, 0, 0
73049, 445369278, 0, 0
74021, 437039111, 0, 0
75016, 435501141, 0, 0
76024, 443995713, 0, 0
77008, 421447858, 0, 0
78006, 438420881, 0, 0
79050, 416543337, 0, 0
80038, 434292546, 0, 0
81019, 439301598, 0, 0
82027, 428245491, 0, 0
83016, 429927979, 0, 0
84024, 402031692, 0, 0
85057, 433017083, 0, 0
86033, 408708816, 0, 0
87037, 426542624, 0, 0
88038, 417327742, 0, 0
89057, 450956277, 0, 0
90051, 436525705, 0, 0
91043, 428078256, 0, 0
92038, 441169030, 0, 0
93002, 398723786, 0, 0
94003, 446461469, 0, 0
95017, 451065589, 0, 0
96044, 449188422, 0, 0
97024, 433881138, 0, 0
98037, 411571677, 0, 0
99041, 413064708, 0, 0
100001, 448951802, 0, 0
101048, 404494156, 0, 0
102009, 396169109, 0, 0
103030, 419490952, 0, 0
104022, 424015827, 0, 0
105031, 403140335, 0, 0
106007, 406191919, 0, 0
107023, 413134559, 0, 0
108042, 432180018, 0, 0
109005, 443463921, 0, 0
110055, 441125041, 0, 0
111020, 433329968, 0, 0
112022, 427916567, 0, 0
113031, 442670761, 0, 0
114051, 393487677, 0, 0
115034, 408262651, 0, 0
116021, 392137815, 0, 0
117011, 399386004, 0, 0
118015, 444452218, 0, 0
119004, 402735514, 0, 0
120041, 439614180, 0, 0
121041, 399910361, 0, 0
122039, 421163723, 0, 0
123030, 427417378, 0, 0
124022, 420155997, 0, 0
125036, 411140840, 0, 0
126050, 411395901, 0, 0
127050, 402578714, 0, 0
128058, 405086023, 0, 0
129059, 422668183, 0, 0
130022, 414806858, 0, 0
131037, 394528865, 0, 0
132006, 381564806, 0, 0
133002, 386378978, 0, 0
134040, 417549268, 0, 0
135051, 389160991, 0, 0
136033, 427041399, 0, 0
137034, 420483007, 0, 0
138018, 415637047, 0, 0
139041, 408010215, 0, 0
140028, 402651552, 0, 0
141042, 430999128, 0, 0
142053, 418007037, 0, 0
143055, 412334263, 0, 0
144042, 415963110, 0, 0
145027, 410358618, 0, 0
146053, 390464730, 0, 0
147034, 448862478, 0, 0
148044, 382983558, 0, 0
149042, 439470818, 0, 0
150031, 417455530, 0, 0
151039, 419401242, 0, 0
152004, 403790358, 0, 0
153017, 420133910, 0, 0
154036, 396979086, 0, 0
155037, 422505996, 0, 0
156036, 424704150, 0, 0
157029, 413932153, 0, 0
158017, 405573330, 0, 0
159011, 407083034, 0, 0
160042, 403240875, 0, 0
161033, 410710933, 0, 0
162025, 404031073, 0, 0
163038, 421080836, 0, 0
164003, 386541011, 0, 0
165045, 413737260, 0, 0
166050, 421734172, 0, 0
167050, 439736340, 0, 0
168036, 404872910, 0, 0
169025, 425658675, 0, 0
170032, 438742079, 0, 0
171019, 420144859, 0, 0
172004, 405959136, 0, 0
173018, 405426345, 0, 0
174044, 422207615, 0, 0
175018, 392846195, 0, 0
176054, 399457744, 0, 0
177008, 424347778, 0, 0
178041, 412795881, 0, 0
179040, 393715583, 0, 0
180038, 410495008, 0, 0
181038, 410961579, 0, 0
182046, 426455922, 0, 0
183028, 422854245, 0, 0
184024, 387787768, 0, 0
185018, 418793340, 0, 0
186040, 414303972, 0, 0
187045, 436851771, 0, 0
188020, 408632466, 0, 0
189040, 426222161, 0, 0
190058, 427769348, 0, 0
191000, 392244549, 0, 0
192056, 419974986, 0, 0
193053, 445765385, 0, 0
194011, 410318172, 0, 0
195022, 434334277, 0, 0
196023, 420734084, 0, 0
197053, 426834313, 0, 0
198038, 418147820, 0, 0
199021, 425243142, 0, 0
200007, 424258184, 0, 0
201016, 413029851, 0, 0
202056, 436261759, 0, 0
203010, 410794582, 0, 0
204019, 409571745, 0, 0
205004, 428290545, 0, 0
206043, 413795690, 0, 0
207041, 411996069, 0, 0
208045, 422262011, 0, 0
209042, 409322658, 0, 0
210042, 406618495, 0, 0
211010, 421007563, 0, 0
212015, 412507595, 0, 0
213056, 406486867, 0, 0
214009, 431644191, 0, 0
215001, 420494265, 0, 0
216058, 422126331, 0, 0
217027, 439557066, 0, 0
218023, 433117154, 0, 0
219031, 436797857, 0, 0
220031, 409620653, 0, 0
221008, 412898704, 0, 0
222047, 421178065, 0, 0
223039, 433869436, 0, 0
224028, 428570362, 0, 0
225021, 402185382, 0, 0
226001, 417102416, 0, 0
227050, 427433611, 0, 0
228001, 409926259, 0, 0
229002, 421604634, 0, 0
230048, 426217076, 0, 0
231053, 430003875, 0, 0
232037, 448761143, 0, 0
233028, 402747516, 0, 0
234050, 410928916, 0, 0
235002, 417607067, 0, 0
236025, 411971955, 0, 0
237020, 406053453, 0, 0
238030, 421016889, 0, 0
239017, 422376141, 0, 0
240024, 411397735, 0, 0
241000, 415257488, 0, 0
242025, 425599986, 0, 0
243040, 396650389, 0, 0
244036, 411783611, 0, 0
245044, 432466238, 0, 0
246021, 398860402, 0, 0
247004, 433811863, 0, 0
248056, 412774187, 0, 0
249054, 409397785, 0, 0
250040, 425910394, 0, 0
251013, 383648068, 0, 0
252036, 414015333, 0, 0
253012, 413241332, 0, 0
254039, 443888649, 0, 0
255033, 422520310, 0, 0
256015, 425208092, 0, 0
257033, 450773390, 0, 0
258002, 412018843, 0, 0
259007, 423817225, 0, 0
260013, 413815129, 0, 0
261032, 397435848, 0, 0
262025, 427064181, 0, 0
263047, 402421229, 0, 0
264028, 412890955, 0, 0
265059, 439645457, 0, 0
266043, 423981373, 0, 0
267059, 419917049, 0, 0
268052, 402788525, 0, 0
269022, 409199762, 0, 0
270036, 427939454, 0, 0
271043, 413426051, 0, 0
272029, 408113136, 0, 0
273052, 386082159, 0, 0
274010, 433651866, 0, 0
275042, 406852304, 0, 0
276045, 383168397, 0, 0
277046, 407720872, 0, 0
278024, 399345360, 0, 0
279037, 415806922, 0, 0
280043, 429255154, 0, 0
281026, 417136526, 0, 0
282055, 394951179, 0, 0
283015, 421147258, 0, 0
284022, 440577740, 0, 0
285038, 429366618, 0, 0
286024, 407343588, 0, 0
287005, 412125960, 0, 0
288037, 391868012, 0, 0
289021, 381088878, 0, 0
290043, 439159878, 0, 0
291053, 411685762, 0, 0
292049, 405586134, 0, 0
293012, 408766618, 0, 0
294041, 396521383, 0, 0
295000, 423791801, 0, 0
296063, 420869115, 0, 0
297009, 431085230, 0, 0
298047, 453058553, 0, 0
299055, 390679355, 0, 0
300042, 407864581, 0, 0
301005, 407850214, 0, 0
302050, 396914448, 0, 0
303051, 410232660, 0, 0
304015, 383693235, 0, 0
305013, 374550003, 0, 0
306032, 422835444, 0, 0
307046, 446030474, 0, 0
308002, 427128219, 0, 0
309027, 463179244, 0, 0
310019, 401437988, 0, 0
311042, 406880857, 0, 0
312037, 418248825, 0, 0
313039, 419552209, 0, 0
314016, 416125434, 0, 0
315026, 409382642, 0, 0
316009, 387667989, 0, 0
317003, 448157581, 0, 0
318017, 448081665, 0, 0
319051, 441260452, 0, 0
320050, 419835177, 0, 0
321021, 395533872, 0, 0
322013, 434260140, 0, 0
323037, 394316622, 0, 0
324011, 411526356, 0, 0
325052, 412860253, 0, 0
326047, 412333594, 0, 0
327051, 412452406, 0, 0
328033, 398608975, 0, 0
329049, 424680548, 0, 0
330047, 404315255, 0, 0
331011, 393217494, 0, 0
332005, 424603741, 0, 0
333027, 420990963, 0, 0
334060, 397002616, 0, 0
335037, 391540607, 0, 0
336054, 414178341, 0, 0
337027, 423962574, 0, 0
338021, 415141996, 0, 0
339023, 410869364, 0, 0
340018, 405230899, 0, 0
341051, 409452277, 0, 0
342022, 430789371, 0, 0
343058, 385492252, 0, 0
344002, 391752878, 0, 0
345004, 436615248, 0, 0
346021, 423440242, 0, 0
347037, 422407782, 0, 0
348026, 411724151, 0, 0
349037, 405876373, 0, 0
350022, 407632566, 0, 0
351007, 419580342, 0, 0
352004, 405373341, 0, 0
353036, 420413333, 0, 0
354065, 413360999, 0, 0
355003, 415137379, 0, 0
356039, 384241688, 0, 0
357025, 411187929, 0, 0
358033, 416109222, 0, 0
359033, 431968133, 0, 0
360013, 441828501, 0, 0
361010, 432655333, 0, 0
362023, 428371170, 0, 0
363022, 404496084, 0, 0
364004, 397753392, 0, 0
365049, 402484428, 0, 0
366017, 371226813, 0, 0
367000, 378308076, 0, 0
368005, 411597906, 0, 0
369043, 374848086, 0, 0
370041, 420266840, 0, 0
371033, 395038226, 0, 0
372034, 419615612, 0, 0
373038, 400390740, 0, 0
374019, 401742762, 0, 0
375028, 412823526, 0, 0
376030, 376719903, 0, 0
377041, 400677847, 0, 0
378049, 420863261, 0, 0
379000, 391612398, 0, 0
380032, 381534657, 0, 0
381018, 393089542, 0, 0
382034, 385958362, 0, 0
383002, 410389155, 0, 0
384042, 411530960, 0, 0
385047, 412250592, 0, 0
386017, 441331318, 0, 0
387053, 417960031, 0, 0
388035, 405795622, 0, 0
389050, 388581426, 0, 0
390035, 390591911, 0, 0
391034, 405357231, 0, 0
392038, 394422439, 0, 0
393034, 378611957, 0, 0
394000, 402057567, 0, 0
395020, 416073658, 0, 0
396039, 385114968, 0, 0
397032, 386679508, 0, 0
398001, 387290380, 0, 0
399038, 387802389, 0, 0
400011, 401533923, 0, 0
401028, 408182593, 0, 0
402049, 390663209, 0, 0
403037, 372848389, 0, 0
404062, 402678338, 0, 0
405024, 367120808, 0, 0
406046, 385119147, 0, 0
407055, 423454262, 0, 0
408025, 386599456, 0, 0
409005, 383891181, 0, 0
410006, 378567850, 0, 0
411010, 419508038, 0, 0
412010, 371469016, 0, 0
413028, 383775602, 0, 0
414051, 359262095, 0, 0
415002, 380710763, 0, 0
416027, 376109683, 0, 0
417034, 359915132, 0, 0
418009, 389759814, 0, 0
419051, 371480693, 0, 0
420000, 381416831, 0, 0
421019, 392638277, 0, 0
422036, 357592276, 0, 0
423015, 373293965, 0, 0
424028, 372143902, 0, 0
425047, 405439018, 0, 0
426012, 388114377, 0, 0
427031, 368206902, 0, 0
428030, 366779673, 0, 0
429038, 374649711, 0, 0
430049, 394162878, 0, 0
431057, 373935228, 0, 0
432053, 393557070, 0, 0
433000, 382463669, 0, 0
434011, 366579302, 0, 0
435037, 385591553, 0, 0
436032, 389859346, 0, 0
437043, 380191459, 0, 0
438042, 371619937, 0, 0
439026, 393058089, 0, 0
440042, 412083642, 0, 0
441028, 407064038, 0, 0
442038, 375065556, 0, 0
443048, 362920550, 0, 0
444024, 395801185, 0, 0
445027, 373139544, 0, 0
446053, 400530825, 0, 0
447040, 331290770, 0, 0
448044, 376215899, 0, 0
449033, 366827838, 0, 0
450068, 333942469, 0, 0
451041, 409490244, 0, 0
452023, 360296166, 0, 0
453015, 367896783, 0, 0
454030, 394966915, 0, 0
455014, 374431766, 0, 0
456008, 386609562, 0, 0
457027, 369294285, 0, 0
458042, 420976352, 0, 0
459047, 382952829, 0, 0
460012, 387756585, 0, 0
461001, 399219340, 0, 0
462013, 375894029, 0, 0
463060, 398597486, 0, 0
464003, 359954176, 0, 0
465043, 353321589, 0, 0
466000, 368157755, 0, 0
467016, 372543868, 0, 0
468010, 372792443, 0, 0
469048, 362065978, 0, 0
470040, 388457618, 0, 0
471043, 370688640, 0, 0
472017, 388850078, 0, 0
473039, 362895813, 0, 0
474032, 389191579, 0, 0
475020, 356734281, 0, 0
476029, 369294291, 0, 0
477044, 406940810, 0, 0
478009, 367246755, 0, 0
479036, 385399946, 0, 0
480035, 402000281, 0, 0
481024, 375272253, 0, 0
482045, 383989020, 0, 0
483014, 387711470, 0, 0
484044, 385838093, 0, 0
485042, 360186552, 0, 0
486026, 376951250, 0, 0
487043, 385389152, 0, 0
488005, 368227017, 0, 0
489012, 362999775, 0, 0
490028, 326431965, 0, 0
491046, 396846328, 0, 0
492012, 387713970, 0, 0
493048, 382927875, 0, 0
494035, 409080628, 0, 0
495028, 390617867, 0, 0
496044, 380868570, 0, 0
497028, 382288280, 0, 0
498004, 380042368, 0, 0
499022, 382717344, 0, 0
500045, 394554026, 0, 0
501035, 407062313, 0, 0
502030, 389927081, 0, 0
503021, 386891867, 0, 0
504000, 395335407, 0, 0
505003, 385239401, 0, 0
506009, 387048132, 0, 0
507000, 407976992, 0, 0
508010, 384272411, 0, 0
509035, 376554677, 0, 0
510043, 391142266, 0, 0
511042, 401445935, 0, 0
512024, 390224908, 0, 0
513048, 361851009, 0, 0
514024, 386034281, 0, 0
515002, 407813754, 0, 0
516033, 380229467, 0, 0
517044, 390991056, 0, 0
518025, 395399416, 0, 0
519008, 400267544, 0, 0
520048, 392770606, 0, 0
521020, 415637370, 0, 0
522015, 407691583, 0, 0
523043, 410276783, 0, 0
524037, 408002763, 0, 0
525028, 400914880, 0, 0
526028, 397867080, 0, 0
527053, 389180577, 0, 0
528009, 394301215, 0, 0
529003, 403822729, 0, 0
530059, 399313232, 0, 0
531028, 427640786, 0, 0
532033, 395694221, 0, 0
533001, 412816792, 0, 0
534009, 420566989, 0, 0
535011, 388262842, 0, 0
536035, 411812639, 0, 0
537049, 407026434, 0, 0
538037, 428160756, 0, 0
539018, 394678503, 0, 0
540001, 396700213, 0, 0
541038, 396272645, 0, 0
542054, 419352075, 0, 0
543033, 394917289, 0, 0
544002, 418407772, 0, 0
545043, 407323342, 0, 0
546009, 401295005, 0, 0
547021, 444501093, 0, 0
548037, 448362202, 0, 0
549021, 436821073, 0, 0
550004, 419421794, 0, 0
551030, 419928579, 0, 0
552007, 420042630, 0, 0
553005, 404030109, 0, 0
554000, 436812203, 0, 0
555011, 424706743, 0, 0
556048, 427038560, 0, 0
557014, 413572170, 0, 0
558047, 417515495, 0, 0
559033, 431170545, 0, 0
560053, 411290028, 0, 0
561044, 413625275, 0, 0
562043, 415404231, 0, 0
563010, 425389445, 0, 0
564010, 427739225, 0, 0
565028, 424660264, 0, 0
566005, 403429436, 0, 0
567033, 434479446, 0, 0
568044, 443825693, 0, 0
569045, 409388268, 0, 0
570032, 438512307, 0, 0
571032, 415049130, 0, 0
572009, 449805492, 0, 0
573005, 425661007, 0, 0
574037, 438153614, 0, 0
575015, 417417574, 0, 0
576028, 429645541, 0, 0
577051, 428737972, 0, 0
578007, 443269107, 0, 0
579011, 429855670, 0, 0
580048, 424274907, 0, 0
581187, 439389501, 0, 0
582030, 509297496, 0, 0
583008, 403541840, 0, 0
584036, 422399744, 0, 0
585010, 412484459, 0, 0
586048, 444451904, 0, 0
587056, 451004501, 0, 0
588009, 451422035, 0, 0
589025, 463425910, 0, 0
590007, 463955553, 0, 0
591005, 465530918, 0, 0
592039, 441601420, 0, 0
593045, 427335164, 0, 0
594003, 450535111, 0, 0
595049, 424550500, 0, 0
596048, 450807485, 0, 0
597000, 472982755, 0, 0
598024, 436246780, 0, 0
599029, 439879601, 0, 0
600000, 438742803, 0, 0
601058, 435301586, 0, 0
602043, 445135692, 0, 0
603050, 462135788, 0, 0
604054, 449148167, 0, 0
605029, 431196200, 0, 0
606052, 458560135, 0, 0
607042, 445549374, 0, 0
608055, 467520156, 0, 0
609029, 436251925, 0, 0
610036, 450218640, 0, 0
611010, 439463897, 0, 0
612049, 466560076, 0, 0
613040, 439698417, 0, 0
614027, 439344730, 0, 0
615004, 447217598, 0, 0
616030, 461378686, 0, 0
617000, 450942449, 0, 0
618002, 425317355, 0, 0
619000, 454938974, 0, 0
620039, 445947547, 0, 0
621056, 441505421, 0, 0
622034, 452444854, 0, 0
623046, 474491558, 0, 0
624048, 455668661, 0, 0
625013, 444183242, 0, 0
626047, 450958762, 0, 0
627039, 442187664, 0, 0
628047, 487953794, 0, 0
629054, 456831552, 0, 0
630046, 422149295, 0, 0
631046, 437340000, 0, 0
632005, 464844418, 0, 0
633030, 452681941, 0, 0
634028, 439012610, 0, 0
635026, 485396541, 0, 0
636035, 454291630, 0, 0
637015, 450715605, 0, 0
638046, 470635577, 0, 0
639056, 454859876, 0, 0
640019, 477049252, 0, 0
641008, 469896491, 0, 0
642016, 469914427, 0, 0
643038, 454817550, 0, 0
644041, 450978246, 0, 0
645012, 453832344, 0, 0
646002, 486008146, 0, 0
647032, 452601118, 0, 0
648024, 457841593, 0, 0
649013, 460741019, 0, 0
650048, 459582769, 0, 0
651058, 468006130, 0, 0
652024, 465182249, 0, 0
653029, 459491209, 0, 0
654041, 476657563, 0, 0
655044, 471116084, 0, 0
656038, 487538927, 0, 0
657032, 477296470, 0, 0
658020, 454652287, 0, 0
659040, 474598422, 0, 0
660019, 465853065, 0, 0
661052, 455254774, 0, 0
662047, 460463504, 0, 0
663044, 466030989, 0, 0
664070, 467157592, 0, 0
665000, 484399360, 0, 0
666063, 466830326, 0, 0
667001, 486321326, 0, 0
668044, 466930960, 0, 0
669027, 462313398, 0, 0
670020, 520957066, 0, 0
671028, 507257247, 0, 0
672001, 426527821, 0, 0
673010, 469377077, 0, 0
674038, 480091824, 0, 0
675005, 455465829, 0, 0
676004, 479276504, 0, 0
677037, 490761097, 0, 0
678003, 476765289, 0, 0
679024, 473349103, 0, 0
680019, 462302523, 0, 0
681046, 474461113, 0, 0
682045, 491700354, 0, 0
683038, 556951505, 0, 0
684037, 463966140, 0, 0
685014, 487249851, 0, 0
686053, 464760150, 0, 0
687019, 448060512, 0, 0
688018, 490000055, 0, 0
689021, 482081204, 0, 0
690007, 441972983, 0, 0
691009, 477751265, 0, 0
692039, 459680007, 0, 0
693056, 494554819, 0, 0
694039, 540486929, 0, 0
695007, 505257256, 0, 0
696063, 467803520, 0, 0
697046, 452878241, 0, 0
698002, 473782862, 0, 0
699022, 451094091, 0, 0
700040, 448148377, 0, 0
701043, 464675071, 0, 0
702030, 463036932, 0, 0
703019, 460086707, 0, 0
704047, 468847160, 0, 0
705060, 476163579, 0, 0
706055, 493946955, 0, 0
707040, 483163984, 0, 0
708009, 478049562, 0, 0
709036, 478332632, 0, 0
710032, 459637645, 0, 0
711059, 488268878, 0, 0
712005, 473754818, 0, 0
713053, 457974575, 0, 0
714024, 488653123, 0, 0
715013, 452140138, 0, 0
716050, 473005999, 0, 0
717040, 447501478, 0, 0
718030, 480327093, 0, 0
719049, 515382252, 0, 0
720029, 460200262, 0, 0
721027, 468594348, 0, 0
722035, 456455149, 0, 0
723042, 481821432, 0, 0
724024, 456506203, 0, 0
725030, 466011177, 0, 0
726045, 458087456, 0, 0
727022, 450530291, 0, 0
728029, 471002588, 0, 0
729031, 471396689, 0, 0
730049, 473757786, 0, 0
731002, 483391300, 0, 0
732049, 479168307, 0, 0
733031, 476900396, 0, 0
734001, 446831563, 0, 0
735007, 469504353, 0, 0
736039, 484606530, 0, 0
737057, 478765667, 0, 0
738058, 515128207, 0, 0
739014, 497086911, 0, 0
740015, 464913319, 0, 0
741032, 471532578, 0, 0
742007, 485706520, 0, 0
743047, 462380443, 0, 0
744037, 462370233, 0, 0
745054, 471398075, 0, 0
746022, 472583204, 0, 0
747052, 480053876, 0, 0
748002, 483037761, 0, 0
749003, 471083700, 0, 0
750023, 556196588, 0, 0
751054, 488054984, 0, 0
752001, 472349244, 0, 0
753011, 474253065, 0, 0
754053, 467589966, 0, 0
755048, 463945866, 0, 0
756040, 475468928, 0, 0
757003, 463410252, 0, 0
758039, 465790657, 0, 0
759013, 460389871, 0, 0
760059, 462059473, 0, 0
761030, 470502280, 0, 0
762020, 460941682, 0, 0
763042, 473111499, 0, 0
764028, 464788656, 0, 0
765023, 464342392, 0, 0
766017, 467319315, 0, 0
767030, 363726351, 0, 0
768032, 463017781, 0, 0
769021, 473529681, 0, 0
770026, 460082319, 0, 0
771015, 465409091, 0, 0
772039, 458191377, 0, 0
773065, 471427325, 0, 0
774056, 467030512, 0, 0
775043, 459721081, 0, 0
776060, 476061281, 0, 0
777025, 482197399, 0, 0
778040, 483477799, 0, 0
779042, 466424731, 0, 0
780036, 465809038, 0, 0
781043, 477213614, 0, 0
782048, 462414840, 0, 0
783005, 477787520, 0, 0
784001, 469928113, 0, 0
785020, 472192049, 0, 0
786043, 477653437, 0, 0
787033, 498098451, 0, 0
788015, 488365954, 0, 0
789027, 467425821, 0, 0
790033, 472735017, 0, 0
791044, 473885356, 0, 0
792026, 459496863, 0, 0
793023, 472522246, 0, 0
794058, 457637679, 0, 0
795048, 462550447, 0, 0
796015, 479946091, 0, 0
797004, 483637444, 0, 0
798040, 471107503, 0, 0
799040, 501486768, 0, 0
800046, 459463017, 0, 0
801010, 481652211, 0, 0
802015, 474736947, 0, 0
803056, 482648317, 0, 0
804001, 521938387, 0, 0
805031, 452546887, 0, 0
806009, 461175368, 0, 0
807007, 478680582, 0, 0
808000, 479279395, 0, 0
809009, 459824365, 0, 0
810035, 487493710, 0, 0
811036, 466940241, 0, 0
812017, 467313960, 0, 0
813044, 476569550, 0, 0
814036, 465884327, 0, 0
815025, 459857400, 0, 0
816033, 474303498, 0, 0
817006, 451481342, 0, 0
818035, 477882150, 0, 0
819016, 488247160, 0, 0
820001, 472111472, 0, 0
821037, 376483559, 0, 0
822039, 459561903, 0, 0
823020, 464827124, 0, 0
824015, 463179593, 0, 0
825006, 470094319, 0, 0
826024, 445903177, 0, 0
827043, 473957299, 0, 0
828030, 459615569, 0, 0
829025, 470344197, 0, 0
830024, 484097756, 0, 0
831026, 479115214, 0, 0
832020, 470662478, 0, 0
833025, 466536699, 0, 0
834033, 471568087, 0, 0
835020, 456263294, 0, 0
836043, 454666283, 0, 0
837015, 471608730, 0, 0
838018, 476310502, 0, 0
839044, 478560637, 0, 0
840006, 473046150, 0, 0
841030, 462147880, 0, 0
842012, 461510201, 0, 0
843008, 464283859, 0, 0
844015, 471182172, 0, 0
845010, 465704004, 0, 0
846010, 467433743, 0, 0
847049, 463628947, 0, 0
848008, 461629716, 0, 0
849049, 454615706, 0, 0
850012, 475059862, 0, 0
851012, 459904849, 0, 0
852050, 450844878, 0, 0
853036, 461196814, 0, 0
854017, 467784454, 0, 0
855036, 466408702, 0, 0
856017, 464278292, 0, 0
857046, 473968411, 0, 0
858040, 471554213, 0, 0
859044, 470926469, 0, 0
860052, 486986955, 0, 0
861045, 470234447, 0, 0
862013, 458566420, 0, 0
863022, 346671889, 0, 0
864052, 441602796, 0, 0
865080, 457845717, 0, 0
866014, 497028483, 0, 0
867059, 456204917, 0, 0
868005, 508345979, 0, 0
869040, 474557428, 0, 0
870045, 475728532, 0, 0
871058, 453488152, 0, 0
872037, 452947990, 0, 0
873015, 460214826, 0, 0
874039, 478214437, 0, 0
875047, 452383670, 0, 0
876009, 471950665, 0, 0
877057, 457229337, 0, 0
878050, 504781958, 0, 0
879000, 484507827, 0, 0
880034, 480947121, 0, 0
881017, 471687719, 0, 0
882021, 466355967, 0, 0
883047, 442540378, 0, 0
884030, 454162213, 0, 0
885034, 522164539, 0, 0
886001, 461048665, 0, 0
887010, 478758903, 0, 0
888053, 476315778, 0, 0
889036, 459369846, 0, 0
890010, 462091073, 0, 0
891060, 489201851, 0, 0
892013, 515335560, 0, 0
893014, 467139936, 0, 0
894034, 475737795, 0, 0
895038, 475447749, 0, 0
896011, 456492320, 0, 0
897030, 474146544, 0, 0
898050, 521743968, 0, 0
899049, 474633202, 0, 0
900056, 466568565, 0, 0
901053, 467943573, 0, 0
902039, 492175750, 0, 0
903038, 470654418, 0, 0
904040, 463120373, 0, 0
905075, 524195019, 0, 0
906042, 466411906, 0, 0
907021, 459965989, 0, 0
908019, 465391455, 0, 0
909048, 473090793, 0, 0
910017, 492665654, 0, 0
911024, 514169673, 0, 0
912026, 472826826, 0, 0
913049, 472503526, 0, 0
914025, 379186324, 0, 0
915014, 447044676, 0, 0
916027, 465357036, 0, 0
917048, 478283214, 0, 0
918051, 479525002, 0, 0
919041, 468372203, 0, 0
920042, 481788889, 0, 0
921061, 472238693, 0, 0
922003, 470908334, 0, 0
923038, 481187248, 0, 0
924036, 509912397, 0, 0
925050, 485285806, 0, 0
926047, 466453759, 0, 0
927029, 463053137, 0, 0
928042, 464870570, 0, 0
929000, 536562794, 0, 0
930006, 466196060, 0, 0
931029, 459201876, 0, 0
932005, 451027037, 0, 0
933038, 453185943, 0, 0
934003, 380031979, 0, 0
935059, 460240249, 0, 0
936033, 456948786, 0, 0
937045, 457561140, 0, 0
938041, 466166987, 0, 0
939045, 459568845, 0, 0
940017, 489289520, 0, 0
941043, 510136850, 0, 0
942035, 464401657, 0, 0
943052, 476217354, 0, 0
944051, 474152183, 0, 0
945009, 449203913, 0, 0
946002, 466982053, 0, 0
947010, 464103495, 0, 0
948024, 479423583, 0, 0
949013, 461769924, 0, 0
950070, 463016762, 0, 0
951024, 497199734, 0, 0
952010, 487277390, 0, 0
953032, 471135802, 0, 0
954037, 469995946, 0, 0
955047, 477567160, 0, 0
956054, 447841359, 0, 0
957053, 462737947, 0, 0
958023, 457417765, 0, 0
959012, 456695937, 0, 0
960019, 462261735, 0, 0
961012, 464430349, 0, 0
962011, 463827321, 0, 0
963026, 473281884, 0, 0
964021, 460292418, 0, 0
965028, 487233252, 0, 0
966009, 451666378, 0, 0
967014, 468159615, 0, 0
968003, 527175445, 0, 0
969031, 473157588, 0, 0
970038, 471373964, 0, 0
971013, 455007935, 0, 0
972026, 449016703, 0, 0
973053, 527076003, 0, 0
974002, 471029667, 0, 0
975026, 450648470, 0, 0
976028, 461377450, 0, 0
977022, 472071704, 0, 0
978021, 481232506, 0, 0
979087, 527209277, 0, 0
980029, 479170720, 0, 0
981030, 474573246, 0, 0
982052, 476427975, 0, 0
983031, 476171177, 0, 0
984029, 457930287, 0, 0
985055, 454423872, 0, 0
986011, 441095386, 0, 0
987025, 461098787, 0, 0
988023, 470867502, 0, 0
989050, 467903922, 0, 0
990006, 509138703, 0, 0
991009, 493420254, 0, 0
992013, 473161374, 0, 0
993053, 453529459, 0, 0
994038, 461668424, 0, 0
995019, 463691947, 0, 0
996021, 464552589, 0, 0
997023, 475067555, 0, 0
998026, 461181750, 0, 0
999016, 462477493, 0, 0
1000005, 487633133, 0, 0
1001034, 508977380, 0, 0
1002021, 467490207, 0, 0
1003036, 470779123, 0, 0
1004051, 447961311, 0, 0
1005023, 465699562, 0, 0
1006048, 453133072, 0, 0
1007055, 461738058, 0, 0
1008048, 476481096, 0, 0
1009041, 464024917, 0, 0
1010012, 457660320, 0, 0
1011011, 464785236, 0, 0
1012029, 477476993, 0, 0
1013018, 452642159, 0, 0
1014065, 457039294, 0, 0
1015004, 465707279, 0, 0
1016038, 482012427, 0, 0
1017051, 465493586, 0, 0
1018041, 468870248, 0, 0
1019019, 483110497, 0, 0
1020058, 477563349, 0, 0
1021030, 471783644, 0, 0
1022025, 476920457, 0, 0
1023021, 468210977, 0, 0
1024006, 460411893, 0, 0
1025005, 467017754, 0, 0
1026030, 477236909, 0, 0
1027028, 497642233, 0, 0
1028026, 494364372, 0, 0
1029018, 474876954, 0, 0
1030010, 465240223, 0, 0
1031016, 463443114, 0, 0
1032045, 486663287, 0, 0
1033032, 482172996, 0, 0
1034058, 479662881, 0, 0
1035030, 470708775, 0, 0
1036015, 448241721, 0, 0
1037036, 460709280, 0, 0
1038020, 461278719, 0, 0
1039034, 445251746, 0, 0
1040038, 457242500, 0, 0
1041034, 468020429, 0, 0
1042019, 519117972, 0, 0
1043014, 464742542, 0, 0
1044018, 449044164, 0, 0
1045018, 473104773, 0, 0
1046030, 502374220, 0, 0
1047004, 456486526, 0, 0
1048023, 449082545, 0, 0
1049046, 466098189, 0, 0
1050007, 467385402, 0, 0
1051002, 459448383, 0, 0
1052018, 473843802, 0, 0
1053000, 457200452, 0, 0
1054051, 468925230, 0, 0
1055044, 462168163, 0, 0
1056004, 472665306, 0, 0
1057039, 467371902, 0, 0
1058021, 484593438, 0, 0
1059007, 462216521, 0, 0
1060042, 456043780, 0, 0
1061010, 451739644, 0, 0
1062057, 461557189, 0, 0
1063017, 457156960, 0, 0
1064044, 474156249, 0, 0
1065022, 473644907, 0, 0
1066022, 469569400, 0, 0
1067042, 462086212, 0, 0
1068001, 466272871, 0, 0
1069010, 490316689, 0, 0
1070036, 467195927, 0, 0
1071045, 475207331, 0, 0
1072010, 514068448, 0, 0
1073021, 469447075, 0, 0
1074003, 462254584, 0, 0
1075009, 512473834, 0, 0
1076050, 469557000, 0, 0
1077008, 471594089, 0, 0
1078033, 489188147, 0, 0
1079041, 474416313, 0, 0
1080023, 460833873, 0, 0
1081036, 490905061, 0, 0
1082035, 494033774, 0, 0
1083032, 468156468, 0, 0
1084046, 472905411, 0, 0
1085020, 510288259, 0, 0
1086036, 462707575, 0, 0
1087028, 476314972, 0, 0
1088008, 486301110, 0, 0
1089003, 474336910, 0, 0
1090049, 450231310, 0, 0
1091036, 463754493, 0, 0
1092024, 469242345, 0, 0
1093029, 462068795, 0, 0
1094007, 456942979, 0, 0
1095003, 425990681, 0, 0
1096033, 466825423, 0, 0
1097040, 460589417, 0, 0
1098033, 484829709, 0, 0
1099035, 502627601, 0, 0
1100048, 514110408, 0, 0
1101010, 457681235, 0, 0
1102045, 447635580, 0, 0
1103039, 472233935, 0, 0
1104054, 461408629, 0, 0
1105028, 533151510, 0, 0
1106007, 462705283, 0, 0
1107034, 452465417, 0, 0
1108016, 523545625, 0, 0
1109000, 494050507, 0, 0
1110031, 490337027, 0, 0
1111008, 451797194, 0, 0
1112032, 470928806, 0, 0
1113052, 463100017, 0, 0
1114026, 376178942, 0, 0
1115054, 446316913, 0, 0
1116017, 451443933, 0, 0
1117003, 458276935, 0, 0
1118042, 461445084, 0, 0
1119037, 369157495, 0, 0
1120029, 455393176, 0, 0
1121051, 459561265, 0, 0
1122017, 475527678, 0, 0
1123030, 476641601, 0, 0
1124004, 457872921, 0, 0
1125018, 445451661, 0, 0
1126021, 459903753, 0, 0
1127018, 465223999, 0, 0
1128041, 473441565, 0, 0
1129042, 467951686, 0, 0
1130033, 468673653, 0, 0
1131021, 461301575, 0, 0
1132015, 462417451, 0, 0
1133023, 467699086, 0, 0
1134045, 471767359, 0, 0
1135024, 459376997, 0, 0
1136015, 460353028, 0, 0
1137044, 476034597, 0, 0
1138058, 475449202, 0, 0
1139026, 487931025, 0, 0
1140023, 462765235, 0, 0
1141020, 476008688, 0, 0
1142015, 458333655, 0, 0
1143018, 469374836, 0, 0
1144040, 457129785, 0, 0
1145028, 463425841, 0, 0
1146009, 462057442, 0, 0
1147042, 456314324, 0, 0
1148006, 457215679, 0, 0
1149054, 459682008, 0, 0
1150050, 460803071, 0, 0
1151039, 498068600, 0, 0
1152048, 468911343, 0, 0
1153021, 470984919, 0, 0
1154005, 476251884, 0, 0
1155025, 463507793, 0, 0
1156008, 472952656, 0, 0
1157005, 406015564, 0, 0
1158020, 429972732, 0, 0
1159053, 453011040, 0, 0
1160027, 466673325, 0, 0
1161022, 472223186, 0, 0
1162051, 483456316, 0, 0
1163054, 473033432, 0, 0
1164039, 456155812, 0, 0
1165030, 472592152, 0, 0
1166009, 452217544, 0, 0
1167036, 449820585, 0, 0
1168006, 455728794, 0, 0
1169045, 456474571, 0, 0
1170044, 407371938, 0, 0
1171039, 469821143, 0, 0
1172046, 468480232, 0, 0
1173036, 458446567, 0, 0
1174053, 475515862, 0, 0
1175017, 452672599, 0, 0
1176009, 459456478, 0, 0
1177011, 496829130, 0, 0
1178011, 465160572, 0, 0
1179059, 499356904, 0, 0
1180005, 468477685, 0, 0
1181021, 472848997, 0, 0
1182024, 584690926, 0, 0
1183001, 517486920, 0, 0
1184057, 466514417, 0, 0
1185054, 465328371, 0, 0
1186053, 470670253, 0, 0
1187033, 467246495, 0, 0
1188030, 473774471, 0, 0
1189051, 503750758, 0, 0
1190000, 459511112, 0, 0
1191004, 483703547, 0, 0
1192048, 461113476, 0, 0
1193027, 450338369, 0, 0
1194020, 516831081, 0, 0
1195007, 456899322, 0, 0
1196048, 446567373, 0, 0
1197009, 480398173, 0, 0
1198048, 457559007, 0, 0
1199032, 456255979, 0, 0
1200049, 470810982, 0, 0
1200127, 358044311, 0, 0
