1045, 6410198, 0, 0
2033, 7254205, 0, 0
3029, 7216221, 0, 0
4033, 7169285, 0, 0
5042, 7307867, 0, 0
6016, 7209061, 0, 0
7007, 7228813, 0, 0
8015, 7298067, 0, 0
9023, 7354290, 0, 0
10021, 7338963, 0, 0
11008, 7249113, 0, 0
12053, 7015864, 0, 0
13037, 7074133, 0, 0
14008, 7459709, 0, 0
15024, 7361618, 0, 0
16051, 7179224, 0, 0
17036, 7187660, 0, 0
18040, 7166016, 0, 0
19036, 7212314, 0, 0
20033, 7171737, 0, 0
21007, 6948148, 0, 0
22039, 7426240, 0, 0
23042, 7056077, 0, 0
24034, 7184504, 0, 0
25054, 7280770, 0, 0
26049, 7005356, 0, 0
27042, 7089366, 0, 0
28067, 7268524, 0, 0
29021, 7168477, 0, 0
30009, 6857886, 0, 0
31037, 6850584, 0, 0
32001, 6598037, 0, 0
33041, 6926018, 0, 0
34016, 6820872, 0, 0
35024, 6946708, 0, 0
36020, 7007386, 0, 0
37040, 7286786, 0, 0
38004, 7241907, 0, 0
39059, 7030132, 0, 0
40026, 7055153, 0, 0
41053, 6710691, 0, 0
42019, 7151440, 0, 0
43005, 6843465, 0, 0
44031, 7171420, 0, 0
45052, 7183622, 0, 0
46027, 7166841, 0, 0
47018, 6927346, 0, 0
48025, 6895106, 0, 0
49019, 6798964, 0, 0
50021, 6815035, 0, 0
51044, 6681305, 0, 0
52034, 6733572, 0, 0
53016, 6724819, 0, 0
54046, 6905124, 0, 0
55005, 7099346, 0, 0
56010, 6879125, 0, 0
57027, 6967305, 0, 0
58015, 6764953, 0, 0
59068, 6741572, 0, 0
60002, 6719191, 0, 0
61001, 6612362, 0, 0
62014, 6932157, 0, 0
63006, 6658093, 0, 0
64058, 6780124, 0, 0
65057, 6934016, 0, 0
66036, 6944749, 0, 0
67056, 7386656, 0, 0
68006, 6829509, 0, 0
69048, 6805136, 0, 0
70024, 7067321, 0, 0
71007, 6644201, 0, 0
72028, 7033624, 0, 0
73049, 6988452, 0, 0
74021, 6795447, 0, 0
75016, 6811318, 0, 0
76024, 6856949, 0, 0
77008, 6644532, 0, 0
78006, 6877980, 0, 0
79050, 6519546, 0, 0
80038, 6767579, 0, 0
81019, 6947473, 0, 0
82027, 6584761, 0, 0
83016, 6637714, 0, 0
84024, 6218049, 0, 0
85057, 6930567, 0, 0
86033, 6132790, 0, 0
87037, 6825923, 0, 0
88038, 6764451, 0, 0
89057, 6829616, 0, 0
90051, 6807490, 0, 0
91043, 6841444, 0, 0
92038, 6582572, 0, 0
93002, 6381715, 0, 0
94003, 7047036, 0, 0
95017, 6941163, 0, 0
96044, 7079320, 0, 0
97024, 6711282, 0, 0
98037, 6449433, 0, 0
99041, 6780070, 0, 0
100001, 6710305, 0, 0
101048, 6229636, 0, 0
102009, 6238287, 0, 0
103030, 6622390, 0, 0
104022, 6526599, 0, 0
105031, 6299885, 0, 0
106007, 6374986, 0, 0
107023, 6599404, 0, 0
108042, 6652709, 0, 0
109005, 6875972, 0, 0
110055, 6863820, 0, 0
111020, 6939233, 0, 0
112022, 6590150, 0, 0
113031, 6954186, 0, 0
114051, 5924685, 0, 0
115034, 6554209, 0, 0
116021, 6162216, 0, 0
117011, 6265296, 0, 0
118015, 6822643, 0, 0
119004, 6383759, 0, 0
120041, 6728776, 0, 0
121041, 6209201, 0, 0
122039, 6787038, 0, 0
123030, 6643285, 0, 0
124022, 6612461, 0, 0
125036, 6373045, 0, 0
126050, 6417826, 0, 0
127050, 6127633, 0, 0
128058, 6588844, 0, 0
129059, 6540668, 0, 0
130022, 6411419, 0, 0
131037, 6112155, 0, 0
132006, 5941764, 0, 0
133002, 6036523, 0, 0
134040, 6441052, 0, 0
135051, 6019855, 0, 0
136033, 6907552, 0, 0
137034, 6673986, 0, 0
138018, 6262115, 0, 0
139041, 6512637, 0, 0
140028, 6207775, 0, 0
141042, 6890105, 0, 0
142053, 6520891, 0, 0
143055, 6417408, 0, 0
144042, 6448691, 0, 0
145027, 6392248, 0, 0
146053, 6146326, 0, 0
147034, 7004542, 0, 0
148044, 6117191, 0, 0
149042, 6830810, 0, 0
150031, 6377849, 0, 0
151039, 6501758, 0, 0
152004, 6345324, 0, 0
153017, 6616407, 0, 0
154036, 6210034, 0, 0
155037, 6584158, 0, 0
156036, 6567518, 0, 0
157029, 6403341, 0, 0
158017, 6457364, 0, 0
159011, 6247336, 0, 0
160042, 6320594, 0, 0
161033, 6519676, 0, 0
162025, 6270684, 0, 0
163038, 6289911, 0, 0
164003, 6227542, 0, 0
165045, 6350798, 0, 0
166050, 6832912, 0, 0
167050, 6798300, 0, 0
168036, 6358203, 0, 0
169025, 6723383, 0, 0
170032, 6989759, 0, 0
171019, 6364089, 0, 0
172004, 6273746, 0, 0
173018, 6498454, 0, 0
174044, 6290796, 0, 0
175018, 6321946, 0, 0
176054, 6311990, 0, 0
177008, 6716942, 0, 0
178041, 6183673, 0, 0
179040, 6479968, 0, 0
180038, 6234715, 0, 0
181038, 6495950, 0, 0
182046, 6670119, 0, 0
183028, 6334729, 0, 0
184024, 6182619, 0, 0
185018, 6491039, 0, 0
186040, 6720689, 0, 0
187045, 6654277, 0, 0
188020, 6409957, 0, 0
189040, 6710559, 0, 0
190058, 6518241, 0, 0
191000, 6234916, 0, 0
192056, 6684800, 0, 0
193053, 6873836, 0, 0
194011, 6424453, 0, 0
195022, 6735319, 0, 0
196023, 6584880, 0, 0
197053, 6685245, 0, 0
198038, 6391926, 0, 0
199021, 6773780, 0, 0
200007, 6573501, 0, 0
201016, 6507310, 0, 0
202056, 6705305, 0, 0
203010, 6446248, 0, 0
204019, 6464651, 0, 0
205004, 6739635, 0, 0
206043, 6375326, 0, 0
207041, 6477183, 0, 0
208045, 6470678, 0, 0
209042, 6473965, 0, 0
210042, 6363962, 0, 0
211010, 6541080, 0, 0
212015, 6522721, 0, 0
213056, 6418248, 0, 0
214009, 6616472, 0, 0
215001, 6656193, 0, 0
216058, 6559370, 0, 0
217027, 6872847, 0, 0
218023, 6725335, 0, 0
219031, 6760609, 0, 0
220031, 6371521, 0, 0
221008, 6553482, 0, 0
222047, 6572247, 0, 0
223039, 6787559, 0, 0
224028, 6634868, 0, 0
225021, 6208039, 0, 0
226001, 6801615, 0, 0
227050, 6468200, 0, 0
228001, 6426958, 0, 0
229002, 6713426, 0, 0
230048, 6450494, 0, 0
231053, 7026251, 0, 0
232037, 6741627, 0, 0
233028, 6306314, 0, 0
234050, 6507085, 0, 0
235002, 6471185, 0, 0
236025, 6392616, 0, 0
237020, 6374203, 0, 0
238030, 6688753, 0, 0
239017, 6404377, 0, 0
240024, 6495099, 0, 0
241000, 6541569, 0, 0
242025, 6570114, 0, 0
243040, 6303696, 0, 0
244036, 6464967, 0, 0
245044, 6624496, 0, 0
246021, 6382862, 0, 0
247004, 6507617, 0, 0
248056, 6570172, 0, 0
249054, 6519862, 0, 0
250040, 6364232, 0, 0
251013, 6076497, 0, 0
252036, 6596835, 0, 0
253012, 6414690, 0, 0
254039, 6891298, 0, 0
255033, 6759687, 0, 0
256015, 6676227, 0, 0
257033, 6785677, 0, 0
258002, 6415241, 0, 0
259007, 6605913, 0, 0
260013, 6662434, 0, 0
261032, 6169171, 0, 0
262025, 6709464, 0, 0
263047, 6228702, 0, 0
264028, 6537208, 0, 0
265059, 6913009, 0, 0
266043, 6472152, 0, 0
267059, 6637433, 0, 0
268052, 6125422, 0, 0
269022, 6735811, 0, 0
270036, 6331364, 0, 0
271043, 6667361, 0, 0
272029, 6121939, 0, 0
273052, 6309557, 0, 0
274010, 6792432, 0, 0
275042, 6370383, 0, 0
276045, 5829636, 0, 0
277046, 6410489, 0, 0
278024, 6263990, 0, 0
279037, 6535291, 0, 0
280043, 6706649, 0, 0
281026, 6416384, 0, 0
282055, 6199707, 0, 0
283015, 6616235, 0, 0
284022, 6845592, 0, 0
285038, 6640296, 0, 0
286024, 6527258, 0, 0
287005, 6242397, 0, 0
288037, 6141828, 0, 0
289021, 6073800, 0, 0
290043, 6900001, 0, 0
291053, 6348387, 0, 0
292049, 6299950, 0, 0
293012, 6373383, 0, 0
294041, 6161724, 0, 0
295000, 6800536, 0, 0
296063, 6440564, 0, 0
297009, 6948634, 0, 0
298047, 7010374, 0, 0
299055, 6107365, 0, 0
300042, 6165979, 0, 0
301005, 6503169, 0, 0
302050, 6072470, 0, 0
303051, 6586192, 0, 0
304015, 5907277, 0, 0
305012, 5866138, 0, 0
306032, 7073775, 0, 0
307046, 6581454, 0, 0
308002, 7030092, 0, 0
309027, 6737633, 0, 0
310019, 6358868, 0, 0
311042, 6388406, 0, 0
312037, 6499293, 0, 0
313039, 6724286, 0, 0
314016, 6262639, 0, 0
315026, 6346594, 0, 0
316009, 6423293, 0, 0
317003, 6995945, 0, 0
318017, 6890494, 0, 0
319051, 6851084, 0, 0
320050, 6525519, 0, 0
321021, 6221576, 0, 0
322013, 6651364, 0, 0
323037, 6238802, 0, 0
324011, 6584766, 0, 0
325052, 6343953, 0, 0
326047, 6329946, 0, 0
327051, 6559204, 0, 0
328033, 6211594, 0, 0
329049, 6725139, 0, 0
330047, 6198617, 0, 0
331011, 6300437, 0, 0
332005, 6449310, 0, 0
333027, 6717486, 0, 0
334060, 5971051, 0, 0
335037, 6299392, 0, 0
336054, 6391794, 0, 0
337027, 6896917, 0, 0
338021, 6251578, 0, 0
339023, 6418540, 0, 0
340018, 6217110, 0, 0
341051, 6658671, 0, 0
342022, 6472219, 0, 0
343058, 6054935, 0, 0
344002, 6331793, 0, 0
345004, 6632371, 0, 0
346021, 6779196, 0, 0
347037, 6553398, 0, 0
348026, 6502882, 0, 0
349037, 6085020, 0, 0
350022, 6312115, 0, 0
351007, 6834917, 0, 0
352004, 6306996, 0, 0
353036, 6452989, 0, 0
354065, 6549761, 0, 0
355003, 6333415, 0, 0
356039, 6057994, 0, 0
357025, 6480654, 0, 0
358033, 6630368, 0, 0
359033, 6795660, 0, 0
360013, 6760161, 0, 0
361010, 6823008, 0, 0
362023, 6621339, 0, 0
363022, 6124775, 0, 0
364004, 6252387, 0, 0
365049, 6291634, 0, 0
366017, 5655473, 0, 0
367000, 6219018, 0, 0
368005, 6317127, 0, 0
369043, 5795372, 0, 0
370041, 6696288, 0, 0
371033, 6232643, 0, 0
372034, 6453100, 0, 0
373038, 6271483, 0, 0
374019, 6324129, 0, 0
375028, 6348350, 0, 0
376030, 5817470, 0, 0
377041, 6320469, 0, 0
378049, 6537492, 0, 0
379000, 6337201, 0, 0
380032, 5799287, 0, 0
381018, 6116642, 0, 0
382034, 6116853, 0, 0
383002, 6537841, 0, 0
384042, 6300172, 0, 0
385047, 6566327, 0, 0
386017, 6733943, 0, 0
387053, 6597163, 0, 0
388035, 6251495, 0, 0
389050, 6075690, 0, 0
390035, 5998253, 0, 0
391034, 6444963, 0, 0
392038, 6081863, 0, 0
393034, 6071460, 0, 0
394000, 6394961, 0, 0
395020, 6453513, 0, 0
396039, 5721512, 0, 0
397032, 6164700, 0, 0
398001, 6166496, 0, 0
399038, 5990826, 0, 0
400011, 6359038, 0, 0
401028, 6312662, 0, 0
402049, 5969501, 0, 0
403037, 6131304, 0, 0
404062, 6100310, 0, 0
405024, 5651847, 0, 0
406046, 6192425, 0, 0
407055, 6725335, 0, 0
408025, 5804934, 0, 0
409005, 5897902, 0, 0
410006, 6101090, 0, 0
411010, 6646328, 0, 0
412010, 5714929, 0, 0
413028, 5879920, 0, 0
414051, 5681604, 0, 0
415002, 5936631, 0, 0
416027, 5891516, 0, 0
417034, 5622085, 0, 0
418009, 6205108, 0, 0
419051, 5539915, 0, 0
420000, 6120794, 0, 0
421019, 6024784, 0, 0
422036, 5650312, 0, 0
423015, 5822345, 0, 0
424028, 5720644, 0, 0
425047, 6407706, 0, 0
426012, 6177730, 0, 0
427031, 5661994, 0, 0
428030, 5803207, 0, 0
429038, 5890261, 0, 0
430049, 6014700, 0, 0
431057, 6069278, 0, 0
432053, 5857880, 0, 0
433000, 5949602, 0, 0
434011, 6018814, 0, 0
435037, 5790005, 0, 0
436032, 6298637, 0, 0
437043, 5708240, 0, 0
438042, 5671652, 0, 0
439026, 6515268, 0, 0
440042, 6464655, 0, 0
441028, 6317077, 0, 0
442038, 5673826, 0, 0
443048, 5800039, 0, 0
444024, 6296079, 0, 0
445027, 5761006, 0, 0
446053, 6214387, 0, 0
447040, 5164231, 0, 0
448044, 5903895, 0, 0
449033, 5370306, 0, 0
450068, 5719170, 0, 0
451041, 6314759, 0, 0
452023, 5510786, 0, 0
453015, 5702078, 0, 0
454030, 6378318, 0, 0
455014, 5717405, 0, 0
456008, 5948026, 0, 0
457027, 5960319, 0, 0
458042, 6717378, 0, 0
459047, 5772817, 0, 0
460012, 6067556, 0, 0
461001, 6023295, 0, 0
462013, 6093942, 0, 0
463060, 6085984, 0, 0
464003, 5779455, 0, 0
465043, 5358432, 0, 0
466000, 5800565, 0, 0
467016, 6230636, 0, 0
468010, 5519064, 0, 0
469048, 5574109, 0, 0
470040, 6397396, 0, 0
471043, 5542503, 0, 0
472017, 6005858, 0, 0
473039, 5771839, 0, 0
474032, 5977567, 0, 0
475020, 5809952, 0, 0
476029, 5830194, 0, 0
477044, 6303069, 0, 0
478009, 5607191, 0, 0
479036, 6259238, 0, 0
480035, 6126091, 0, 0
481024, 5745798, 0, 0
482045, 6001772, 0, 0
483014, 6250687, 0, 0
484044, 5881848, 0, 0
485042, 5631805, 0, 0
486026, 5893572, 0, 0
487043, 6011798, 0, 0
488005, 5691990, 0, 0
489012, 5407318, 0, 0
490028, 5291085, 0, 0
491046, 6282236, 0, 0
492012, 6269025, 0, 0
493048, 5880415, 0, 0
494035, 6328803, 0, 0
495028, 6086644, 0, 0
496044, 5868671, 0, 0
497028, 5924104, 0, 0
498004, 5951290, 0, 0
499022, 5983755, 0, 0
500045, 6472151, 0, 0
501035, 6300086, 0, 0
502030, 6139215, 0, 0
503021, 5897805, 0, 0
504000, 6151660, 0, 0
505003, 6076010, 0, 0
506009, 6135182, 0, 0
507000, 6186495, 0, 0
508010, 5943742, 0, 0
509035, 6025743, 0, 0
510043, 6106873, 0, 0
511042, 6161554, 0, 0
512024, 6059500, 0, 0
513048, 5846710, 0, 0
514024, 6023465, 0, 0
515002, 6262725, 0, 0
516033, 5961161, 0, 0
517044, 6161184, 0, 0
518025, 6127124, 0, 0
519008, 6255994, 0, 0
520048, 6227291, 0, 0
521020, 6388070, 0, 0
522015, 6415290, 0, 0
523043, 6463182, 0, 0
524037, 6252280, 0, 0
525028, 6113977, 0, 0
526028, 6447129, 0, 0
527053, 5919415, 0, 0
528009, 6334349, 0, 0
529003, 6209248, 0, 0
530059, 6315180, 0, 0
531028, 6683941, 0, 0
532033, 6200399, 0, 0
533001, 6492228, 0, 0
534009, 6461430, 0, 0
535011, 6106457, 0, 0
536035, 6354108, 0, 0
537049, 6540286, 0, 0
538037, 6450726, 0, 0
539018, 6131774, 0, 0
540001, 6180245, 0, 0
541038, 6280467, 0, 0
542054, 6469290, 0, 0
543033, 6271137, 0, 0
544002, 6500951, 0, 0
545043, 6424354, 0, 0
546009, 6268606, 0, 0
547021, 7224788, 0, 0
548037, 6817746, 0, 0
549021, 6734700, 0, 0
550004, 6639957, 0, 0
551030, 6369222, 0, 0
552007, 6140369, 0, 0
553005, 6926910, 0, 0
554000, 6766392, 0, 0
555011, 6648744, 0, 0
556048, 6864832, 0, 0
557014, 6149950, 0, 0
558047, 6834213, 0, 0
559033, 6482909, 0, 0
560053, 6413462, 0, 0
561044, 6695005, 0, 0
562043, 6439511, 0, 0
563010, 6575961, 0, 0
564010, 6755533, 0, 0
565028, 6609182, 0, 0
566005, 6255876, 0, 0
567033, 6855376, 0, 0
568044, 6776180, 0, 0
569045, 6584240, 0, 0
570032, 6577368, 0, 0
571032, 6620404, 0, 0
572009, 7183812, 0, 0
573005, 6592607, 0, 0
574037, 6871954, 0, 0
575015, 6519778, 0, 0
576028, 6572409, 0, 0
577051, 6730066, 0, 0
578007, 6976729, 0, 0
579011, 6822798, 0, 0
580048, 6560430, 0, 0
581187, 7907010, 0, 0
582030, 6635397, 0, 0
583008, 6393032, 0, 0
584036, 6377493, 0, 0
585010, 6578966, 0, 0
586048, 6917814, 0, 0
587056, 7149699, 0, 0
588009, 7215140, 0, 0
589025, 7303719, 0, 0
590007, 7012035, 0, 0
591005, 7442221, 0, 0
592039, 6626276, 0, 0
593045, 6707699, 0, 0
594003, 7038014, 0, 0
595049, 6615924, 0, 0
596048, 7403318, 0, 0
597000, 7097815, 0, 0
598024, 6780126, 0, 0
599029, 7022385, 0, 0
600000, 6559478, 0, 0
601058, 7046414, 0, 0
602043, 6938968, 0, 0
603050, 7239452, 0, 0
604054, 6967285, 0, 0
605029, 6867213, 0, 0
606052, 7098579, 0, 0
607042, 7070128, 0, 0
608055, 7176432, 0, 0
609029, 6855891, 0, 0
610036, 7091286, 0, 0
611010, 6718171, 0, 0
612049, 7466901, 0, 0
613040, 6650095, 0, 0
614027, 6997986, 0, 0
615004, 6972722, 0, 0
616030, 7272325, 0, 0
617000, 6830684, 0, 0
618002, 6810995, 0, 0
619000, 6979840, 0, 0
620039, 7018372, 0, 0
621056, 7059552, 0, 0
622034, 6978851, 0, 0
623046, 7281581, 0, 0
624048, 7200951, 0, 0
625013, 6939368, 0, 0
626047, 7031311, 0, 0
627039, 6987269, 0, 0
628047, 7631319, 0, 0
629054, 6621007, 0, 0
630046, 6985346, 0, 0
631046, 7039140, 0, 0
632005, 7200935, 0, 0
633030, 6923732, 0, 0
634028, 6831417, 0, 0
635026, 7735458, 0, 0
636035, 7101262, 0, 0
637015, 6996104, 0, 0
638046, 7417682, 0, 0
639056, 7207589, 0, 0
640019, 7462057, 0, 0
641008, 7216443, 0, 0
642016, 7355762, 0, 0
643038, 6997264, 0, 0
644041, 7160029, 0, 0
645012, 7088586, 0, 0
646002, 7731644, 0, 0
647032, 6817529, 0, 0
648024, 7287310, 0, 0
649013, 7268601, 0, 0
650048, 7140365, 0, 0
651058, 7420309, 0, 0
652024, 7046618, 0, 0
653029, 7335090, 0, 0
654041, 7433910, 0, 0
655044, 7270217, 0, 0
656038, 7760448, 0, 0
657032, 7250601, 0, 0
658020, 7158965, 0, 0
659040, 7492711, 0, 0
660019, 7195896, 0, 0
661052, 7173866, 0, 0
662047, 7152754, 0, 0
663044, 7329623, 0, 0
664070, 7483554, 0, 0
665000, 6935897, 0, 0
666063, 7700096, 0, 0
667001, 7623113, 0, 0
668044, 7240340, 0, 0
669027, 7124612, 0, 0
670020, 8484193, 0, 0
671028, 7809904, 0, 0
672001, 6526154, 0, 0
673010, 7363818, 0, 0
674038, 7495620, 0, 0
675005, 7058666, 0, 0
676004, 7679331, 0, 0
677037, 7591051, 0, 0
678003, 7489826, 0, 0
679024, 7337883, 0, 0
680019, 7158970, 0, 0
681046, 7545520, 0, 0
682045, 7743706, 0, 0
683038, 8554659, 0, 0
684037, 7289841, 0, 0
685014, 7509766, 0, 0
686053, 7160792, 0, 0
687019, 7152110, 0, 0
688018, 7686973, 0, 0
689021, 7367259, 0, 0
690007, 7092773, 0, 0
691009, 7421652, 0, 0
692039, 7199582, 0, 0
693056, 7941723, 0, 0
694039, 8545197, 0, 0
695007, 7494633, 0, 0
696063, 7282744, 0, 0
697046, 7115624, 0, 0
698002, 7355861, 0, 0
699022, 6979102, 0, 0
700040, 6970247, 0, 0
701043, 7318914, 0, 0
702030, 7258451, 0, 0
703019, 7216216, 0, 0
704047, 7386411, 0, 0
705060, 7447262, 0, 0
706055, 8019531, 0, 0
707040, 7186512, 0, 0
708009, 7510646, 0, 0
709036, 7491355, 0, 0
710032, 7271573, 0, 0
711059, 7546197, 0, 0
712005, 7274398, 0, 0
713053, 7273751, 0, 0
714024, 7465356, 0, 0
715013, 7217850, 0, 0
716050, 7148304, 0, 0
717040, 7278941, 0, 0
718030, 7668033, 0, 0
719049, 7893391, 0, 0
720029, 7052328, 0, 0
721027, 7335336, 0, 0
722035, 7247060, 0, 0
723042, 7399702, 0, 0
724024, 7162094, 0, 0
725030, 7399208, 0, 0
726045, 6945544, 0, 0
727022, 7130075, 0, 0
728029, 7346834, 0, 0
729031, 7363716, 0, 0
730049, 7487243, 0, 0
731002, 7438764, 0, 0
732049, 7582178, 0, 0
733031, 7216235, 0, 0
734001, 7131343, 0, 0
735007, 7339169, 0, 0
736039, 7587770, 0, 0
737057, 7425115, 0, 0
738058, 8203550, 0, 0
739014, 7644349, 0, 0
740015, 7247811, 0, 0
741032, 7423991, 0, 0
742007, 7610469, 0, 0
743047, 7121742, 0, 0
744037, 7226057, 0, 0
745054, 7362026, 0, 0
746022, 7506645, 0, 0
747052, 7509034, 0, 0
748002, 7421862, 0, 0
749003, 7357816, 0, 0
750023, 8864183, 0, 0
751054, 7521310, 0, 0
752001, 7397621, 0, 0
753011, 7421666, 0, 0
754053, 7188414, 0, 0
755048, 7310641, 0, 0
756040, 7237973, 0, 0
757003, 7461342, 0, 0
758039, 7193660, 0, 0
759013, 7153071, 0, 0
760059, 7260645, 0, 0
761030, 7353137, 0, 0
762020, 7224806, 0, 0
763042, 7454361, 0, 0
764028, 7248479, 0, 0
765023, 7260209, 0, 0
766017, 7256599, 0, 0
767030, 5659039, 0, 0
768032, 7368644, 0, 0
769021, 7107954, 0, 0
770026, 7391071, 0, 0
771015, 7264738, 0, 0
772039, 7060037, 0, 0
773065, 7381584, 0, 0
774056, 7283793, 0, 0
775043, 7251761, 0, 0
776060, 7476887, 0, 0
777025, 7475674, 0, 0
778040, 7406011, 0, 0
779042, 7367625, 0, 0
780036, 7358673, 0, 0
781043, 7347788, 0, 0
782048, 7329111, 0, 0
783005, 7474157, 0, 0
784001, 7264960, 0, 0
785020, 7383970, 0, 0
786043, 7518733, 0, 0
787033, 7673634, 0, 0
788015, 7665888, 0, 0
789027, 7381481, 0, 0
790033, 7342484, 0, 0
791044, 7378425, 0, 0
792026, 7212810, 0, 0
793023, 7333643, 0, 0
794058, 7132275, 0, 0
795048, 7224206, 0, 0
796015, 7489681, 0, 0
797004, 7663563, 0, 0
798040, 7558607, 0, 0
799040, 7510459, 0, 0
800046, 7396803, 0, 0
801010, 7526208, 0, 0
802015, 7278561, 0, 0
803056, 7589574, 0, 0
804001, 8011819, 0, 0
805031, 7046692, 0, 0
806009, 7190749, 0, 0
807007, 7727356, 0, 0
808000, 7190760, 0, 0
809009, 7312774, 0, 0
810035, 7596200, 0, 0
811036, 7357823, 0, 0
812017, 7203382, 0, 0
813044, 7546787, 0, 0
814036, 7138703, 0, 0
815025, 7267324, 0, 0
816033, 7404912, 0, 0
817006, 7048781, 0, 0
818035, 7507960, 0, 0
819016, 7662024, 0, 0
820001, 7236039, 0, 0
821037, 5893615, 0, 0
822039, 7260710, 0, 0
823020, 7212853, 0, 0
824015, 7205442, 0, 0
825006, 7229331, 0, 0
826024, 7016717, 0, 0
827043, 7492112, 0, 0
828030, 7198275, 0, 0
829025, 7210172, 0, 0
830024, 7798149, 0, 0
831026, 7309730, 0, 0
832020, 7304780, 0, 0
833025, 7332100, 0, 0
834033, 7306548, 0, 0
835020, 7199938, 0, 0
836043, 7101051, 0, 0
837015, 7475899, 0, 0
838018, 7368590, 0, 0
839044, 7487613, 0, 0
840006, 7455649, 0, 0
841030, 7107624, 0, 0
842012, 7159760, 0, 0
843008, 7322417, 0, 0
844015, 7343502, 0, 0
845010, 7208133, 0, 0
846010, 7350510, 0, 0
847049, 7317753, 0, 0
848008, 7047954, 0, 0
849049, 7073725, 0, 0
850012, 7525802, 0, 0
851012, 7139732, 0, 0
852050, 7106970, 0, 0
853036, 7244540, 0, 0
854017, 7156926, 0, 0
855036, 7490189, 0, 0
856017, 7154767, 0, 0
857046, 7511908, 0, 0
858040, 7249749, 0, 0
859044, 7661248, 0, 0
860052, 7351279, 0, 0
861045, 7303757, 0, 0
862013, 7008118, 0, 0
863022, 5385765, 0, 0
864052, 6955837, 0, 0
865080, 7783725, 0, 0
866014, 7073410, 0, 0
867059, 7306647, 0, 0
868005, 7748235, 0, 0
869040, 7552985, 0, 0
870045, 7387091, 0, 0
871058, 6984227, 0, 0
872037, 7085834, 0, 0
873015, 7189214, 0, 0
874039, 7471602, 0, 0
875047, 6995476, 0, 0
876009, 7453796, 0, 0
877057, 7171683, 0, 0
878050, 8067789, 0, 0
879000, 7421258, 0, 0
880034, 7538417, 0, 0
881017, 7171557, 0, 0
882021, 7272736, 0, 0
883047, 6930865, 0, 0
884030, 7168832, 0, 0
885034, 8226743, 0, 0
886001, 7107637, 0, 0
887010, 7812681, 0, 0
888053, 7240715, 0, 0
889036, 7118073, 0, 0
890010, 7105422, 0, 0
891060, 8530183, 0, 0
892013, 7385786, 0, 0
893014, 7306470, 0, 0
894034, 7491322, 0, 0
895038, 7318330, 0, 0
896011, 7044425, 0, 0
897030, 7436098, 0, 0
898050, 8222152, 0, 0
899049, 7288240, 0, 0
900056, 7400670, 0, 0
901053, 7273332, 0, 0
902039, 7699758, 0, 0
903038, 7339102, 0, 0
904040, 8079498, 0, 0
905075, 7602098, 0, 0
906042, 7058515, 0, 0
907021, 7193250, 0, 0
908019, 7331211, 0, 0
909048, 7510131, 0, 0
910017, 7446816, 0, 0
911024, 8113762, 0, 0
912026, 7366412, 0, 0
913049, 7467606, 0, 0
914025, 5565867, 0, 0
915014, 7214732, 0, 0
916027, 7448761, 0, 0
917048, 7445963, 0, 0
918050, 7316373, 0, 0
919041, 7613467, 0, 0
920042, 7359117, 0, 0
921061, 7327263, 0, 0
922003, 7356459, 0, 0
923038, 7551052, 0, 0
924036, 8046138, 0, 0
925050, 7511898, 0, 0
926047, 7270343, 0, 0
927029, 7112946, 0, 0
928042, 7448758, 0, 0
929000, 7841981, 0, 0
930006, 7677302, 0, 0
931029, 7054203, 0, 0
932005, 7070163, 0, 0
933038, 7172459, 0, 0
934003, 5829104, 0, 0
935059, 7325573, 0, 0
936033, 7164560, 0, 0
937045, 7023664, 0, 0
938041, 7320748, 0, 0
939045, 7215324, 0, 0
940017, 8168050, 0, 0
941043, 7486762, 0, 0
942035, 7288977, 0, 0
943052, 7472779, 0, 0
944051, 7342154, 0, 0
945009, 6995158, 0, 0
946002, 7246236, 0, 0
947010, 7296231, 0, 0
948024, 7453617, 0, 0
949013, 7269208, 0, 0
950070, 7289709, 0, 0
951024, 8146263, 0, 0
952010, 7193316, 0, 0
953032, 7458519, 0, 0
954037, 7332306, 0, 0
955047, 7366845, 0, 0
956054, 6944431, 0, 0
957053, 7286556, 0, 0
958023, 7125402, 0, 0
959012, 7161920, 0, 0
960019, 7190455, 0, 0
961011, 7240067, 0, 0
962011, 7345055, 0, 0
963026, 7295956, 0, 0
964021, 7316678, 0, 0
965028, 7451456, 0, 0
966009, 7104300, 0, 0
967014, 7335411, 0, 0
968003, 8238766, 0, 0
969031, 7550997, 0, 0
970038, 7192026, 0, 0
971013, 7111285, 0, 0
972026, 6982835, 0, 0
973053, 8272993, 0, 0
974002, 7297602, 0, 0
975026, 7058095, 0, 0
976028, 7366855, 0, 0
977022, 7299517, 0, 0
978021, 7926069, 0, 0
979087, 8660292, 0, 0
980029, 6772414, 0, 0
981030, 7358535, 0, 0
982052, 7566067, 0, 0
983031, 7194337, 0, 0
984029, 7278037, 0, 0
985055, 6977237, 0, 0
986011, 6877462, 0, 0
987025, 7397200, 0, 0
988023, 7280180, 0, 0
989050, 7436178, 0, 0
990006, 8169198, 0, 0
991009, 7426467, 0, 0
992013, 7266158, 0, 0
993053, 7123326, 0, 0
994038, 7232224, 0, 0
995019, 7158248, 0, 0
996021, 7367269, 0, 0
997023, 7361276, 0, 0
998026, 7210147, 0, 0
999016, 7277289, 0, 0
1000005, 7721240, 0, 0
1001034, 7853300, 0, 0
1002021, 7200511, 0, 0
1003036, 7407583, 0, 0
1004051, 7042301, 0, 0
1005023, 7143815, 0, 0
1006048, 7118539, 0, 0
1007055, 7402011, 0, 0
1008048, 7238672, 0, 0
1009041, 7249168, 0, 0
1010012, 7138544, 0, 0
1011011, 7288421, 0, 0
1012029, 7373674, 0, 0
1013018, 7157824, 0, 0
1014065, 7169959, 0, 0
1015004, 7225069, 0, 0
1016038, 7600031, 0, 0
1017051, 7383856, 0, 0
1018041, 7171733, 0, 0
1019019, 7889627, 0, 0
1020058, 7158493, 0, 0
1021030, 7421797, 0, 0
1022025, 7312186, 0, 0
1023021, 7265190, 0, 0
1024006, 7236587, 0, 0
1025005, 7346299, 0, 0
1026030, 7530564, 0, 0
1027028, 7791010, 0, 0
1028026, 7793867, 0, 0
1029018, 7288242, 0, 0
1030010, 7240393, 0, 0
1031016, 7337016, 0, 0
1032045, 8033959, 0, 0
1033032, 7050828, 0, 0
1034058, 7596191, 0, 0
1035030, 7139252, 0, 0
1036015, 7239016, 0, 0
1037036, 7037935, 0, 0
1038020, 7227597, 0, 0
1039033, 6988975, 0, 0
1040038, 7117046, 0, 0
1041034, 7778342, 0, 0
1042019, 7689910, 0, 0
1043014, 7263608, 0, 0
1044018, 6917228, 0, 0
1045018, 7747640, 0, 0
1046030, 7493781, 0, 0
1047004, 7103264, 0, 0
1048023, 7023219, 0, 0
1049046, 7463660, 0, 0
1050007, 7066790, 0, 0
1051002, 7252519, 0, 0
1052018, 7361220, 0, 0
1053000, 7214868, 0, 0
1054051, 7297474, 0, 0
1055044, 7246451, 0, 0
1056004, 7433050, 0, 0
1057039, 7188169, 0, 0
1058021, 7662418, 0, 0
1059007, 7093793, 0, 0
1060042, 7180558, 0, 0
1061010, 7008263, 0, 0
1062057, 7166348, 0, 0
1063017, 7387406, 0, 0
1064044, 7433975, 0, 0
1065022, 7191379, 0, 0
1066022, 7345221, 0, 0
1067042, 7339962, 0, 0
1068001, 7368786, 0, 0
1069010, 7367407, 0, 0
1070036, 7539896, 0, 0
1071045, 7411289, 0, 0
1072010, 7841782, 0, 0
1073021, 7430929, 0, 0
1074003, 7166346, 0, 0
1075009, 8173005, 0, 0
1076050, 7225832, 0, 0
1077008, 7373268, 0, 0
1078033, 7702683, 0, 0
1079041, 7300350, 0, 0
1080022, 7211889, 0, 0
1081036, 8173757, 0, 0
1082035, 7286696, 0, 0
1083032, 7219524, 0, 0
1084046, 7399583, 0, 0
1085020, 7975733, 0, 0
1086036, 7415182, 0, 0
1087028, 7294409, 0, 0
1088008, 7650128, 0, 0
1089003, 7313335, 0, 0
1090049, 7114287, 0, 0
1091036, 7249972, 0, 0
1092024, 7265710, 0, 0
1093029, 7225322, 0, 0
1094006, 7184886, 0, 0
1095003, 6729220, 0, 0
1096033, 7148386, 0, 0
1097040, 7348642, 0, 0
1098033, 8074703, 0, 0
1099035, 7358743, 0, 0
1100048, 7976298, 0, 0
1101010, 7015272, 0, 0
1102045, 7136136, 0, 0
1103039, 7253868, 0, 0
1104054, 7354400, 0, 0
1105028, 8315767, 0, 0
1106007, 7198602, 0, 0
1107034, 7027333, 0, 0
1108016, 8460455, 0, 0
1109000, 7689508, 0, 0
1110031, 7464829, 0, 0
1111008, 7079882, 0, 0
1112032, 7469990, 0, 0
1113052, 6984868, 0, 0
1114026, 5796767, 0, 0
1115054, 7038375, 0, 0
1116017, 6975092, 0, 0
1117003, 7246771, 0, 0
1118042, 7162253, 0, 0
1119037, 5768788, 0, 0
1120029, 7230821, 0, 0
1121051, 7047841, 0, 0
1122017, 7486659, 0, 0
1123030, 7389507, 0, 0
1124004, 7109459, 0, 0
1125018, 7036960, 0, 0
1126021, 7209072, 0, 0
1127018, 7333149, 0, 0
1128041, 7404335, 0, 0
1129042, 7358047, 0, 0
1130033, 7178295, 0, 0
1131021, 7208413, 0, 0
1132015, 7202926, 0, 0
1133023, 7300032, 0, 0
1134045, 7405480, 0, 0
1135024, 7039089, 0, 0
1136015, 7278585, 0, 0
1137044, 7508055, 0, 0
1138058, 7455609, 0, 0
1139026, 7555502, 0, 0
1140023, 7277537, 0, 0
1141020, 7274059, 0, 0
1142015, 7314242, 0, 0
1143018, 7264587, 0, 0
1144040, 7094417, 0, 0
1145028, 7260595, 0, 0
1146009, 7212610, 0, 0
1147042, 7120657, 0, 0
1148006, 7086202, 0, 0
1149054, 7170257, 0, 0
1150050, 7268804, 0, 0
1151039, 7782446, 0, 0
1152048, 7365192, 0, 0
1153021, 7480581, 0, 0
1154005, 7233634, 0, 0
1155025, 7491148, 0, 0
1156008, 7227304, 0, 0
1157005, 5992060, 0, 0
1158020, 7040451, 0, 0
1159053, 7120560, 0, 0
1160027, 7432320, 0, 0
1161022, 7312809, 0, 0
1162051, 7567277, 0, 0
1163054, 7261293, 0, 0
1164039, 7188297, 0, 0
1165030, 7285279, 0, 0
1166009, 7145333, 0, 0
1167035, 6930409, 0, 0
1168006, 7077338, 0, 0
1169045, 7212512, 0, 0
1170044, 6483876, 0, 0
1171039, 7213093, 0, 0
1172046, 7287398, 0, 0
1173036, 7226562, 0, 0
1174053, 7367008, 0, 0
1175017, 7083294, 0, 0
1176009, 7237943, 0, 0
1177011, 7826607, 0, 0
1178011, 7298063, 0, 0
1179059, 7640719, 0, 0
1180005, 7393568, 0, 0
1181021, 7463204, 0, 0
1182024, 10234219, 0, 0
1183001, 7129110, 0, 0
1184057, 7330061, 0, 0
1185054, 7329265, 0, 0
1186053, 7287266, 0, 0
1187033, 7201841, 0, 0
1188030, 7841083, 0, 0
1189051, 7558458, 0, 0
1190000, 7296375, 0, 0
1191004, 7377785, 0, 0
1192048, 7197961, 0, 0
1193027, 7087612, 0, 0
1194020, 8008905, 0, 0
1195007, 7045214, 0, 0
1196048, 7176977, 0, 0
1197009, 7384491, 0, 0
1198048, 7161093, 0, 0
1199032, 7130968, 0, 0
1200049, 7471447, 0, 0
