1032, 6785561, 0, 0
2019, 7197588, 0, 0
3015, 7375818, 0, 0
4020, 7331495, 0, 0
5027, 7353075, 0, 0
6000, 7097620, 0, 0
7055, 7268425, 0, 0
8069, 7242748, 0, 0
9008, 7218635, 0, 0
10004, 7218289, 0, 0
11053, 7181497, 0, 0
12036, 7167632, 0, 0
13022, 7094219, 0, 0
14051, 7241198, 0, 0
15064, 7613982, 0, 0
16023, 7668790, 0, 0
17009, 6988319, 0, 0
18013, 7169314, 0, 0
19004, 7178186, 0, 0
20003, 7132645, 0, 0
21036, 6932384, 0, 0
22012, 7385836, 0, 0
23012, 7092734, 0, 0
24004, 6982667, 0, 0
25025, 7185109, 0, 0
26020, 6955873, 0, 0
27015, 6954925, 0, 0
28037, 7139843, 0, 0
29056, 7333713, 0, 0
30038, 7006036, 0, 0
31010, 6942971, 0, 0
32035, 6696864, 0, 0
33010, 6862600, 0, 0
34044, 6938841, 0, 0
35039, 7050481, 0, 0
36034, 6951933, 0, 0
37055, 7347339, 0, 0
38020, 7038259, 0, 0
39012, 6933447, 0, 0
40040, 7238353, 0, 0
41006, 6846196, 0, 0
42036, 7253606, 0, 0
43020, 6783997, 0, 0
44045, 7214069, 0, 0
45010, 7363870, 0, 0
46043, 7169519, 0, 0
47032, 6819931, 0, 0
48039, 6710224, 0, 0
49035, 7054678, 0, 0
50034, 6747566, 0, 0
51000, 6527754, 0, 0
52049, 6849044, 0, 0
53031, 7012754, 0, 0
54063, 6790389, 0, 0
55017, 6762652, 0, 0
56025, 6944644, 0, 0
57045, 6795187, 0, 0
58031, 7143970, 0, 0
59023, 6747103, 0, 0
60016, 6797715, 0, 0
61013, 6826409, 0, 0
62028, 6854611, 0, 0
63021, 6446131, 0, 0
64003, 6579561, 0, 0
65004, 7094959, 0, 0
66052, 6757887, 0, 0
67011, 7323871, 0, 0
68019, 6716899, 0, 0
69003, 6782698, 0, 0
70039, 6809772, 0, 0
71019, 6997973, 0, 0
72045, 7075155, 0, 0
73005, 6804022, 0, 0
74035, 6433571, 0, 0
75030, 6673028, 0, 0
76010, 6442649, 0, 0
77059, 6854695, 0, 0
78047, 6858819, 0, 0
79035, 6813326, 0, 0
80022, 6847593, 0, 0
81005, 7332552, 0, 0
82009, 6736471, 0, 0
83001, 6888703, 0, 0
84009, 6541135, 0, 0
85042, 7377157, 0, 0
86020, 6646053, 0, 0
87020, 6578594, 0, 0
88021, 6804583, 0, 0
89033, 6656883, 0, 0
90036, 6684552, 0, 0
91027, 6191281, 0, 0
92025, 6560078, 0, 0
93041, 6640262, 0, 0
94021, 6615506, 0, 0
95030, 6264421, 0, 0
96002, 6845339, 0, 0
97036, 6888733, 0, 0
98050, 6336124, 0, 0
99056, 6568919, 0, 0
100016, 6616621, 0, 0
101009, 6488119, 0, 0
102026, 6555789, 0, 0
103046, 6036943, 0, 0
104038, 6315619, 0, 0
105045, 6061640, 0, 0
106021, 6213255, 0, 0
107039, 6692067, 0, 0
108058, 6531969, 0, 0
109020, 6326815, 0, 0
110010, 6341563, 0, 0
111036, 6928622, 0, 0
112037, 6413948, 0, 0
113047, 6472293, 0, 0
114004, 5902302, 0, 0
115048, 6440314, 0, 0
116034, 6488420, 0, 0
117027, 6568380, 0, 0
118028, 6809766, 0, 0
119020, 6885864, 0, 0
120054, 6584483, 0, 0
121057, 6340122, 0, 0
122054, 6925334, 0, 0
123044, 5962132, 0, 0
124038, 6404595, 0, 0
125051, 6289929, 0, 0
126006, 6407624, 0, 0
127008, 6587680, 0, 0
128014, 6325486, 0, 0
129011, 6430040, 0, 0
130035, 6435078, 0, 0
131051, 6048647, 0, 0
132017, 6226142, 0, 0
133017, 6573648, 0, 0
134054, 6649200, 0, 0
135009, 7018904, 0, 0
136018, 6545369, 0, 0
137003, 6312643, 0, 0
138048, 6146232, 0, 0
139012, 6878848, 0, 0
140000, 6214179, 0, 0
141013, 6407439, 0, 0
142021, 6498141, 0, 0
143026, 6606832, 0, 0
144015, 6772623, 0, 0
145055, 6225896, 0, 0
146028, 6116814, 0, 0
147006, 6931658, 0, 0
148012, 6129545, 0, 0
149010, 6884798, 0, 0
150001, 6387998, 0, 0
151014, 6213974, 0, 0
152034, 6703428, 0, 0
153046, 6613736, 0, 0
154004, 6134487, 0, 0
155006, 6638260, 0, 0
156009, 6265623, 0, 0
157000, 6602665, 0, 0
158043, 6356129, 0, 0
159037, 6581330, 0, 0
160015, 6556090, 0, 0
161001, 6753548, 0, 0
162052, 6402216, 0, 0
163009, 6376465, 0, 0
164032, 6198995, 0, 0
165016, 6224641, 0, 0
166020, 6563387, 0, 0
167025, 6236083, 0, 0
168006, 6495334, 0, 0
169052, 6656185, 0, 0
170060, 6262484, 0, 0
171054, 6669070, 0, 0
172037, 6678626, 0, 0
173047, 6645520, 0, 0
174019, 6030111, 0, 0
175046, 6299799, 0, 0
176021, 6249900, 0, 0
177038, 6688142, 0, 0
178015, 6254263, 0, 0
179071, 6601151, 0, 0
180006, 6580776, 0, 0
181009, 6731020, 0, 0
182016, 6888665, 0, 0
183001, 6311969, 0, 0
184053, 6371896, 0, 0
185049, 6683127, 0, 0
186070, 6543521, 0, 0
187015, 6382945, 0, 0
188046, 6097749, 0, 0
189011, 6743159, 0, 0
190023, 6747613, 0, 0
191014, 6511769, 0, 0
192010, 7063672, 0, 0
193009, 7182032, 0, 0
194029, 6293061, 0, 0
195036, 6457564, 0, 0
196040, 6601773, 0, 0
197040, 7082888, 0, 0
198023, 6464362, 0, 0
199009, 6755813, 0, 0
200052, 6595858, 0, 0
201000, 6816125, 0, 0
202041, 6626670, 0, 0
203055, 6336522, 0, 0
204004, 6451515, 0, 0
205046, 6512836, 0, 0
206029, 6501247, 0, 0
207026, 6435102, 0, 0
208030, 6229840, 0, 0
209025, 6502692, 0, 0
210027, 6418573, 0, 0
211058, 6284062, 0, 0
212003, 6607307, 0, 0
213039, 6592503, 0, 0
214053, 6848254, 0, 0
215045, 6564526, 0, 0
216044, 6283806, 0, 0
217013, 6411347, 0, 0
218009, 6339830, 0, 0
219016, 6947887, 0, 0
220020, 6597416, 0, 0
221055, 6387535, 0, 0
222031, 6336293, 0, 0
223021, 7169716, 0, 0
224012, 6558706, 0, 0
225009, 6225649, 0, 0
226046, 6958847, 0, 0
227035, 6592664, 0, 0
228042, 6711796, 0, 0
229044, 6220521, 0, 0
230033, 6140532, 0, 0
231040, 6530853, 0, 0
232024, 6433765, 0, 0
233014, 6338470, 0, 0
234036, 6268988, 0, 0
235047, 6558449, 0, 0
236011, 6650278, 0, 0
237003, 6439200, 0, 0
238017, 6665621, 0, 0
239001, 6305770, 0, 0
240011, 6346147, 0, 0
241046, 6428833, 0, 0
242008, 6820110, 0, 0
243028, 6372335, 0, 0
244020, 6606391, 0, 0
245027, 6580492, 0, 0
246007, 6081541, 0, 0
247052, 6569985, 0, 0
248043, 6560119, 0, 0
249042, 6701508, 0, 0
250028, 6571105, 0, 0
251064, 6553932, 0, 0
252016, 6344012, 0, 0
253054, 6525488, 0, 0
254026, 6943895, 0, 0
255016, 6553478, 0, 0
256000, 6873115, 0, 0
257047, 6887228, 0, 0
258018, 6423959, 0, 0
259022, 6783588, 0, 0
260027, 6607140, 0, 0
261047, 5929673, 0, 0
262040, 5943033, 0, 0
263004, 5981194, 0, 0
264044, 6625933, 0, 0
265008, 6598208, 0, 0
266002, 6285977, 0, 0
267014, 7125255, 0, 0
268005, 6474086, 0, 0
269037, 6404666, 0, 0
270049, 6526928, 0, 0
271060, 6786664, 0, 0
272042, 6290980, 0, 0
273067, 6563384, 0, 0
274025, 6655041, 0, 0
275058, 6614777, 0, 0
276006, 6278968, 0, 0
277005, 6360308, 0, 0
278038, 6450510, 0, 0
279050, 6527941, 0, 0
280058, 6221346, 0, 0
281040, 6674497, 0, 0
282006, 5924612, 0, 0
283027, 6895476, 0, 0
284008, 6014952, 0, 0
285021, 6616584, 0, 0
286009, 6411119, 0, 0
287045, 6093003, 0, 0
288024, 6480133, 0, 0
289006, 6454714, 0, 0
290029, 6432440, 0, 0
291038, 6954383, 0, 0
292035, 6599731, 0, 0
293057, 5975117, 0, 0
294028, 6103842, 0, 0
295057, 6510052, 0, 0
296050, 6165862, 0, 0
297051, 7042444, 0, 0
298034, 6826107, 0, 0
299038, 6471010, 0, 0
300030, 6320922, 0, 0
301051, 6848587, 0, 0
302038, 6528631, 0, 0
303035, 6645594, 0, 0
304055, 6216780, 0, 0
305028, 6273976, 0, 0
306004, 6377247, 0, 0
307016, 6482398, 0, 0
308019, 6825354, 0, 0
309059, 6077546, 0, 0
310046, 6364251, 0, 0
311017, 6105270, 0, 0
312009, 6314740, 0, 0
313010, 6178127, 0, 0
314034, 6514510, 0, 0
315036, 6463087, 0, 0
316025, 6175959, 0, 0
317018, 7198415, 0, 0
318047, 6271564, 0, 0
319024, 6923875, 0, 0
320018, 6325799, 0, 0
321053, 5948805, 0, 0
322040, 6320990, 0, 0
323003, 6459637, 0, 0
324044, 6231533, 0, 0
325018, 6127283, 0, 0
326021, 5965232, 0, 0
327017, 6342816, 0, 0
328007, 6338956, 0, 0
329015, 6588787, 0, 0
330019, 6730756, 0, 0
331042, 6434585, 0, 0
332035, 6401144, 0, 0
333056, 6423223, 0, 0
334022, 6108873, 0, 0
335005, 6341186, 0, 0
336027, 6591352, 0, 0
337049, 6343827, 0, 0
338038, 6586354, 0, 0
339038, 6247037, 0, 0
340037, 6570355, 0, 0
341008, 6601901, 0, 0
342035, 6501542, 0, 0
343012, 5991024, 0, 0
344017, 6480803, 0, 0
345016, 6277229, 0, 0
346004, 6808994, 0, 0
347017, 6888085, 0, 0
348014, 6390226, 0, 0
349021, 6177048, 0, 0
350008, 6015398, 0, 0
351050, 6632021, 0, 0
352045, 6179232, 0, 0
353021, 6249792, 0, 0
354050, 6510956, 0, 0
355047, 6348056, 0, 0
356026, 6118405, 0, 0
357009, 6591688, 0, 0
358019, 6310328, 0, 0
359013, 6324672, 0, 0
360059, 6375420, 0, 0
361054, 6672941, 0, 0
362008, 6622906, 0, 0
363010, 5893340, 0, 0
364048, 5862917, 0, 0
365032, 6109595, 0, 0
366047, 7040907, 0, 0
367029, 5842851, 0, 0
368035, 6619047, 0, 0
369008, 6152878, 0, 0
370013, 6396507, 0, 0
371004, 5865161, 0, 0
372008, 6309548, 0, 0
373011, 6554035, 0, 0
374046, 6154513, 0, 0
375054, 5997949, 0, 0
376002, 5774873, 0, 0
377012, 6777360, 0, 0
378007, 6585511, 0, 0
379016, 6428081, 0, 0
380045, 6048808, 0, 0
381031, 6193566, 0, 0
382049, 6022047, 0, 0
383016, 6007081, 0, 0
384056, 5901086, 0, 0
385000, 6051434, 0, 0
386030, 6355753, 0, 0
387010, 6757031, 0, 0
388058, 6268748, 0, 0
389009, 6092661, 0, 0
390048, 6371988, 0, 0
391003, 6774795, 0, 0
392014, 6123344, 0, 0
393007, 6084470, 0, 0
394034, 6758504, 0, 0
395047, 6491583, 0, 0
396016, 5833498, 0, 0
397001, 5892758, 0, 0
398032, 5922454, 0, 0
399007, 6330770, 0, 0
400041, 6417481, 0, 0
401057, 6270569, 0, 0
402019, 6409454, 0, 0
403005, 6082789, 0, 0
404033, 6584759, 0, 0
405051, 5813956, 0, 0
406017, 6525073, 0, 0
407025, 6178891, 0, 0
408052, 5837351, 0, 0
409033, 5973490, 0, 0
410038, 5874332, 0, 0
411038, 5813675, 0, 0
412039, 6027439, 0, 0
413003, 6298509, 0, 0
414020, 6514975, 0, 0
415030, 5368790, 0, 0
416000, 6098010, 0, 0
417048, 5787922, 0, 0
418022, 6669771, 0, 0
419008, 6194694, 0, 0
420012, 5804212, 0, 0
421033, 6377481, 0, 0
422051, 5846975, 0, 0
423029, 6073240, 0, 0
424044, 5422676, 0, 0
425002, 6426985, 0, 0
426023, 6039331, 0, 0
427044, 5670608, 0, 0
428044, 6057532, 0, 0
429050, 5436318, 0, 0
430004, 5705684, 0, 0
431005, 6175966, 0, 0
432005, 5647626, 0, 0
433013, 5998829, 0, 0
434024, 5808357, 0, 0
435049, 6094875, 0, 0
436044, 5818694, 0, 0
437060, 5938975, 0, 0
438056, 6034007, 0, 0
439040, 5682726, 0, 0
440002, 5898302, 0, 0
441044, 6311690, 0, 0
442053, 6341420, 0, 0
443065, 5592559, 0, 0
444038, 6192841, 0, 0
445049, 5906405, 0, 0
446009, 6151617, 0, 0
447052, 6208028, 0, 0
448001, 5608572, 0, 0
449047, 5873091, 0, 0
450010, 5802323, 0, 0
451054, 6029415, 0, 0
452037, 6138909, 0, 0
453029, 6011114, 0, 0
454045, 5549511, 0, 0
455031, 5417026, 0, 0
456020, 5226619, 0, 0
457044, 6167310, 0, 0
458056, 6055666, 0, 0
459002, 6059496, 0, 0
460027, 5727799, 0, 0
461013, 5661583, 0, 0
462026, 5956934, 0, 0
463011, 6075698, 0, 0
464017, 6021710, 0, 0
465059, 5817838, 0, 0
466016, 5660883, 0, 0
467031, 6460819, 0, 0
468010, 5561457, 0, 0
469020, 6637977, 0, 0
470026, 6487886, 0, 0
471029, 5418215, 0, 0
472002, 6119057, 0, 0
473023, 5699754, 0, 0
474019, 5655190, 0, 0
475008, 6216119, 0, 0
476017, 6150302, 0, 0
477030, 5818157, 0, 0
478050, 6109041, 0, 0
479020, 6728977, 0, 0
480022, 5926143, 0, 0
481012, 6227768, 0, 0
482032, 5658662, 0, 0
483056, 6133414, 0, 0
484030, 5656762, 0, 0
485025, 5993606, 0, 0
486013, 6092546, 0, 0
487026, 6330965, 0, 0
488050, 5501554, 0, 0
489026, 6018650, 0, 0
490012, 5834622, 0, 0
491029, 6353068, 0, 0
492057, 6499979, 0, 0
493064, 6499306, 0, 0
494053, 6770494, 0, 0
495041, 6020608, 0, 0
496005, 6173953, 0, 0
497041, 5724029, 0, 0
498019, 6107939, 0, 0
499038, 6250135, 0, 0
500062, 6516557, 0, 0
501046, 5822375, 0, 0
502042, 6179775, 0, 0
503032, 5788512, 0, 0
504013, 6362883, 0, 0
505018, 6240375, 0, 0
506024, 6024818, 0, 0
507014, 5818665, 0, 0
508026, 5849566, 0, 0
509052, 5633420, 0, 0
510001, 5779228, 0, 0
511060, 6338471, 0, 0
512038, 5962071, 0, 0
513002, 6136048, 0, 0
514038, 6203480, 0, 0
515014, 6376380, 0, 0
516048, 6459615, 0, 0
517000, 6603045, 0, 0
518042, 6057333, 0, 0
519020, 5716846, 0, 0
520005, 6654430, 0, 0
521034, 6082580, 0, 0
522031, 6080574, 0, 0
523057, 6571319, 0, 0
524050, 6570400, 0, 0
525044, 6369869, 0, 0
526043, 6443950, 0, 0
527008, 5956875, 0, 0
528024, 6634203, 0, 0
529019, 6065628, 0, 0
530011, 6397441, 0, 0
531044, 6410213, 0, 0
532049, 6358716, 0, 0
533014, 6387725, 0, 0
534022, 5965152, 0, 0
535028, 6321548, 0, 0
536048, 6293699, 0, 0
537007, 6345493, 0, 0
538050, 6281815, 0, 0
539032, 6018543, 0, 0
540017, 6353059, 0, 0
541053, 6054756, 0, 0
542012, 7104021, 0, 0
543048, 6433363, 0, 0
544015, 6402512, 0, 0
545000, 6153681, 0, 0
546023, 6350995, 0, 0
547034, 7320440, 0, 0
548051, 6476661, 0, 0
549035, 6466415, 0, 0
550017, 6095623, 0, 0
551042, 6252080, 0, 0
552007, 6604852, 0, 0
553048, 6195560, 0, 0
554043, 6289877, 0, 0
555057, 6583416, 0, 0
556031, 6810108, 0, 0
557001, 6214900, 0, 0
558033, 6607945, 0, 0
559001, 6582445, 0, 0
560025, 6645790, 0, 0
561014, 6589339, 0, 0
562012, 6831796, 0, 0
563041, 6471693, 0, 0
564041, 6660873, 0, 0
565000, 6748547, 0, 0
566036, 6515126, 0, 0
567002, 7099537, 0, 0
568013, 6556886, 0, 0
569016, 6427069, 0, 0
570001, 6521049, 0, 0
571003, 6857869, 0, 0
572036, 6836371, 0, 0
573034, 6653764, 0, 0
574009, 6451352, 0, 0
575043, 6223419, 0, 0
576001, 6795529, 0, 0
577019, 6478996, 0, 0
578037, 6782755, 0, 0
579044, 6537158, 0, 0
580020, 6413715, 0, 0
581154, 7815562, 0, 0
582060, 6965253, 0, 0
583056, 7063720, 0, 0
584023, 6707246, 0, 0
585052, 6678570, 0, 0
586034, 6375126, 0, 0
587040, 6485455, 0, 0
588056, 6953563, 0, 0
589007, 6893803, 0, 0
590053, 6919645, 0, 0
591047, 7199658, 0, 0
592025, 6744730, 0, 0
593028, 6912231, 0, 0
594046, 7164265, 0, 0
595036, 6643899, 0, 0
596035, 7033590, 0, 0
597040, 7175712, 0, 0
598011, 6690920, 0, 0
599013, 7150756, 0, 0
600045, 6743027, 0, 0
601042, 6691295, 0, 0
602031, 6955312, 0, 0
603035, 6923098, 0, 0
604039, 6923979, 0, 0
605015, 6917583, 0, 0
606035, 7030050, 0, 0
607026, 7023181, 0, 0
608040, 7141399, 0, 0
609012, 6561936, 0, 0
610022, 6961762, 0, 0
611052, 6817289, 0, 0
612034, 7062662, 0, 0
613026, 7029081, 0, 0
614014, 6863640, 0, 0
615055, 6842944, 0, 0
616012, 7304197, 0, 0
617043, 6775881, 0, 0
618047, 6828529, 0, 0
619046, 6569298, 0, 0
620028, 6909574, 0, 0
621042, 7291500, 0, 0
622014, 7096727, 0, 0
623031, 7153309, 0, 0
624034, 7111127, 0, 0
625056, 6901542, 0, 0
626032, 7025282, 0, 0
627022, 7017720, 0, 0
628032, 7643244, 0, 0
629040, 6999077, 0, 0
630030, 6916770, 0, 0
631023, 7249549, 0, 0
632059, 7396663, 0, 0
633014, 6820275, 0, 0
634015, 6807008, 0, 0
635015, 7746448, 0, 0
636021, 7132640, 0, 0
637001, 6941968, 0, 0
638032, 7474689, 0, 0
639043, 7216714, 0, 0
640004, 7389250, 0, 0
641052, 7124378, 0, 0
642003, 7310263, 0, 0
643024, 6852678, 0, 0
644025, 7251967, 0, 0
645055, 7149621, 0, 0
646046, 6780380, 0, 0
647019, 7154589, 0, 0
648011, 7236856, 0, 0
649051, 7220576, 0, 0
650034, 7224084, 0, 0
651043, 7362963, 0, 0
652009, 7048304, 0, 0
653013, 7269228, 0, 0
654016, 7321934, 0, 0
655031, 7454837, 0, 0
656023, 7750244, 0, 0
657018, 7153259, 0, 0
658006, 7057689, 0, 0
659025, 7435486, 0, 0
660002, 7124755, 0, 0
661034, 7067888, 0, 0
662034, 7351097, 0, 0
663029, 7307808, 0, 0
664037, 7304408, 0, 0
665044, 7346393, 0, 0
666049, 7385449, 0, 0
667030, 7546175, 0, 0
668017, 7198332, 0, 0
669059, 7131590, 0, 0
670000, 6869241, 0, 0
671012, 7897599, 0, 0
672030, 7537536, 0, 0
673044, 7343944, 0, 0
674010, 7546196, 0, 0
675032, 7095773, 0, 0
676032, 7807626, 0, 0
677009, 7514383, 0, 0
678032, 7519692, 0, 0
679040, 7194501, 0, 0
680003, 7347619, 0, 0
681033, 7571962, 0, 0
682029, 7661133, 0, 0
683054, 5653423, 0, 0
684054, 7297231, 0, 0
685027, 7596409, 0, 0
686012, 7188287, 0, 0
687033, 7035127, 0, 0
688048, 5602631, 0, 0
689049, 7302907, 0, 0
690036, 7202868, 0, 0
691040, 7375863, 0, 0
692010, 7129853, 0, 0
693021, 7838156, 0, 0
694054, 7817602, 0, 0
695020, 7548146, 0, 0
696013, 7296585, 0, 0
697004, 7341443, 0, 0
698016, 7325149, 0, 0
699033, 6965633, 0, 0
700056, 7049052, 0, 0
701002, 7275089, 0, 0
702047, 7256429, 0, 0
703035, 7102330, 0, 0
704000, 7597150, 0, 0
705013, 7392694, 0, 0
706009, 8027305, 0, 0
707056, 7214549, 0, 0
708025, 7570094, 0, 0
709050, 7593424, 0, 0
710050, 7294156, 0, 0
711010, 7494691, 0, 0
712019, 7413784, 0, 0
713009, 7223559, 0, 0
714045, 7504812, 0, 0
715027, 7166895, 0, 0
716005, 7134999, 0, 0
717055, 7190457, 0, 0
718015, 7498623, 0, 0
719005, 8040779, 0, 0
720043, 7203757, 0, 0
721040, 7333071, 0, 0
722048, 7464918, 0, 0
723000, 7428523, 0, 0
724037, 7201246, 0, 0
725044, 7403314, 0, 0
726001, 7030145, 0, 0
727037, 7188628, 0, 0
728045, 7414712, 0, 0
729046, 7354202, 0, 0
730007, 7506634, 0, 0
731017, 7311169, 0, 0
732006, 7724058, 0, 0
733044, 7161458, 0, 0
734015, 7132346, 0, 0
735020, 7384369, 0, 0
736054, 7489586, 0, 0
737009, 7462859, 0, 0
738026, 8267944, 0, 0
739030, 7837298, 0, 0
740028, 7332227, 0, 0
741045, 7477811, 0, 0
742020, 7615567, 0, 0
743001, 7157384, 0, 0
744052, 7191136, 0, 0
745008, 7350290, 0, 0
746037, 7453807, 0, 0
747067, 7405154, 0, 0
748015, 7409019, 0, 0
749017, 7307479, 0, 0
750006, 8455460, 0, 0
751039, 7532254, 0, 0
752042, 7316512, 0, 0
753052, 7374234, 0, 0
754041, 7215527, 0, 0
755002, 7168270, 0, 0
756001, 7182058, 0, 0
757019, 7429246, 0, 0
758053, 7174559, 0, 0
759026, 7151784, 0, 0
760014, 7264191, 0, 0
761049, 7664965, 0, 0
762035, 7302032, 0, 0
763056, 7342427, 0, 0
764041, 7185248, 0, 0
765039, 7283693, 0, 0
766032, 7297144, 0, 0
767015, 8466706, 0, 0
768017, 7365065, 0, 0
769006, 7273128, 0, 0
770012, 7280762, 0, 0
771000, 7161255, 0, 0
772023, 7100444, 0, 0
773048, 7420525, 0, 0
774041, 7244644, 0, 0
775030, 7221572, 0, 0
776043, 7446020, 0, 0
777014, 7517907, 0, 0
778025, 7429478, 0, 0
779027, 7311909, 0, 0
780021, 7252703, 0, 0
781032, 7430977, 0, 0
782034, 7312717, 0, 0
783048, 7342074, 0, 0
784047, 7345879, 0, 0
785005, 7479730, 0, 0
786030, 7371018, 0, 0
787019, 7722267, 0, 0
788001, 7610945, 0, 0
789012, 7430390, 0, 0
790018, 7395067, 0, 0
791030, 7438569, 0, 0
792011, 7205458, 0, 0
793007, 7324559, 0, 0
794042, 7134541, 0, 0
795034, 7080426, 0, 0
796001, 7496211, 0, 0
797056, 7754125, 0, 0
798024, 7496926, 0, 0
799053, 7679432, 0, 0
800000, 7334559, 0, 0
801023, 7516757, 0, 0
802031, 7464560, 0, 0
803013, 7614945, 0, 0
804046, 7881253, 0, 0
805016, 7126155, 0, 0
806061, 7205124, 0, 0
807051, 7734285, 0, 0
808045, 7193617, 0, 0
809051, 7087366, 0, 0
810020, 7451229, 0, 0
811021, 7248249, 0, 0
812002, 7156739, 0, 0
813032, 7511442, 0, 0
814023, 7230625, 0, 0
815009, 7194017, 0, 0
816018, 7422542, 0, 0
817049, 7053943, 0, 0
818021, 7305921, 0, 0
819058, 7564118, 0, 0
820045, 7201147, 0, 0
821051, 8244167, 0, 0
822059, 7409313, 0, 0
823033, 7162158, 0, 0
824029, 7109827, 0, 0
825018, 7267575, 0, 0
826039, 7085176, 0, 0
827057, 7486886, 0, 0
828046, 7214540, 0, 0
829040, 7305624, 0, 0
830035, 7711774, 0, 0
831042, 7291844, 0, 0
832034, 7290816, 0, 0
833039, 7388375, 0, 0
834046, 7349322, 0, 0
835033, 7146117, 0, 0
836003, 7073950, 0, 0
837030, 7499795, 0, 0
838031, 7248479, 0, 0
839060, 7558964, 0, 0
840021, 7507711, 0, 0
841044, 7101248, 0, 0
842025, 7158138, 0, 0
843023, 7333137, 0, 0
844027, 7382747, 0, 0
845023, 7319919, 0, 0
846023, 7190472, 0, 0
847008, 7186469, 0, 0
848022, 6992277, 0, 0
849004, 7163163, 0, 0
850027, 7463071, 0, 0
851025, 7335993, 0, 0
852010, 7237595, 0, 0
853050, 7169598, 0, 0
854032, 7161736, 0, 0
855050, 7378628, 0, 0
856031, 7158936, 0, 0
857063, 7579145, 0, 0
858055, 7295692, 0, 0
859014, 7426297, 0, 0
860011, 7441198, 0, 0
861007, 7264603, 0, 0
862025, 7068350, 0, 0
863034, 7875490, 0, 0
864068, 7132652, 0, 0
865021, 5431385, 0, 0
866043, 7450361, 0, 0
867026, 7225675, 0, 0
868038, 7846852, 0, 0
869009, 7582944, 0, 0
870016, 7341588, 0, 0
871031, 6996532, 0, 0
872003, 7093182, 0, 0
873043, 7222838, 0, 0
874007, 7529766, 0, 0
875022, 7044269, 0, 0
876039, 7417755, 0, 0
877026, 7257869, 0, 0
878038, 5823109, 0, 0
879044, 7396892, 0, 0
880017, 7538972, 0, 0
881003, 7246676, 0, 0
882005, 7370180, 0, 0
883034, 6946654, 0, 0
884013, 7197782, 0, 0
885017, 8093821, 0, 0
886046, 7089438, 0, 0
887052, 7862737, 0, 0
888038, 7142120, 0, 0
889019, 7204375, 0, 0
890056, 7198307, 0, 0
891015, 5791889, 0, 0
892027, 7434644, 0, 0
893028, 7360248, 0, 0
894047, 7487956, 0, 0
895055, 7405338, 0, 0
896026, 7085162, 0, 0
897045, 7435880, 0, 0
898013, 5664730, 0, 0
899013, 7348764, 0, 0
900024, 7429661, 0, 0
901024, 7353303, 0, 0
902013, 7719677, 0, 0
903008, 7207688, 0, 0
904057, 5712143, 0, 0
905003, 7275074, 0, 0
906016, 7617746, 0, 0
907050, 7127243, 0, 0
908059, 7357287, 0, 0
909015, 7407492, 0, 0
910042, 7552506, 0, 0
911039, 7974431, 0, 0
912012, 7477477, 0, 0
913034, 7512303, 0, 0
914039, 7671306, 0, 0
915038, 7342760, 0, 0
916044, 7338358, 0, 0
917064, 7493840, 0, 0
918009, 7380476, 0, 0
919025, 7472271, 0, 0
920028, 7535931, 0, 0
921045, 7474253, 0, 0
922056, 7374774, 0, 0
923023, 7553142, 0, 0
924051, 8222475, 0, 0
925010, 7489451, 0, 0
926000, 7218781, 0, 0
927042, 7289931, 0, 0
928001, 7313199, 0, 0
929014, 7729254, 0, 0
930021, 7400967, 0, 0
931044, 7051897, 0, 0
932018, 7054401, 0, 0
933054, 7141403, 0, 0
934032, 7953972, 0, 0
935032, 7346781, 0, 0
936059, 7130837, 0, 0
937018, 6997613, 0, 0
938014, 7321259, 0, 0
939013, 7286846, 0, 0
940035, 7740545, 0, 0
941000, 7364106, 0, 0
942049, 7277994, 0, 0
943004, 7346119, 0, 0
944005, 7354128, 0, 0
945024, 7073568, 0, 0
946015, 7231935, 0, 0
947022, 7399954, 0, 0
948035, 7395860, 0, 0
949025, 7171170, 0, 0
950023, 7333424, 0, 0
951037, 5722763, 0, 0
952023, 7146807, 0, 0
953046, 7463850, 0, 0
954052, 7286092, 0, 0
955004, 7433609, 0, 0
956011, 7037520, 0, 0
957007, 7318028, 0, 0
958038, 7013035, 0, 0
959027, 7265398, 0, 0
960032, 7231974, 0, 0
961025, 7300492, 0, 0
962028, 7367454, 0, 0
963039, 7435251, 0, 0
964038, 7234868, 0, 0
965049, 7429466, 0, 0
966022, 7203235, 0, 0
967030, 7356439, 0, 0
968046, 7874032, 0, 0
969017, 7402866, 0, 0
970024, 7293320, 0, 0
971059, 7089675, 0, 0
972013, 6959611, 0, 0
973005, 5688570, 0, 0
974014, 7362273, 0, 0
975041, 7126047, 0, 0
976045, 7327999, 0, 0
977035, 7219025, 0, 0
978022, 7956299, 0, 0
979087, 8655079, 0, 0
980018, 6840189, 0, 0
981015, 7221203, 0, 0
982038, 7411860, 0, 0
983018, 7201777, 0, 0
984013, 7261070, 0, 0
985040, 7035413, 0, 0
986068, 7083098, 0, 0
987007, 7221352, 0, 0
988009, 7310497, 0, 0
989036, 7545559, 0, 0
990036, 6131281, 0, 0
991041, 7284580, 0, 0
992042, 7356514, 0, 0
993020, 7082895, 0, 0
994008, 7256656, 0, 0
995046, 7207229, 0, 0
996053, 7295189, 0, 0
997049, 7269231, 0, 0
998057, 7403885, 0, 0
999050, 7301509, 0, 0
1000004, 7754119, 0, 0
1001019, 7746918, 0, 0
1002005, 7194745, 0, 0
1003022, 7414769, 0, 0
1004036, 6848082, 0, 0
1005010, 7108144, 0, 0
1006033, 7055021, 0, 0
1007039, 7390055, 0, 0
1008031, 7136040, 0, 0
1009027, 7322427, 0, 0
1010058, 7108196, 0, 0
1011063, 7275944, 0, 0
1012013, 7361836, 0, 0
1013002, 7166065, 0, 0
1014049, 7167786, 0, 0
1015048, 7287692, 0, 0
1016024, 7561627, 0, 0
1017035, 7373579, 0, 0
1018028, 7301555, 0, 0
1019046, 8207895, 0, 0
1020027, 7158912, 0, 0
1021000, 7533684, 0, 0
1022000, 7297566, 0, 0
1023055, 7175946, 0, 0
1024031, 7120846, 0, 0
1025033, 7259276, 0, 0
1026060, 7438993, 0, 0
1027056, 7711257, 0, 0
1028054, 7675216, 0, 0
1029043, 7273569, 0, 0
1030038, 7311049, 0, 0
1031045, 7404423, 0, 0
1032007, 7754094, 0, 0
1033006, 7288622, 0, 0
1034027, 7445031, 0, 0
1035000, 6899526, 0, 0
1036044, 7249051, 0, 0
1037009, 7087670, 0, 0
1038048, 7164780, 0, 0
1039004, 6971136, 0, 0
1040009, 7670433, 0, 0
1041002, 7755857, 0, 0
1042047, 7512536, 0, 0
1043045, 7282270, 0, 0
1044044, 6842276, 0, 0
1045032, 8024240, 0, 0
1046015, 7445645, 0, 0
1047049, 7180564, 0, 0
1048011, 7014620, 0, 0
1049025, 7347332, 0, 0
1050050, 7062294, 0, 0
1051044, 7200040, 0, 0
1052003, 7494862, 0, 0
1053045, 7177926, 0, 0
1054037, 7293814, 0, 0
1055031, 7302579, 0, 0
1056043, 7443469, 0, 0
1057024, 7206831, 0, 0
1058005, 7602676, 0, 0
1059050, 7256560, 0, 0
1060028, 7134747, 0, 0
1061061, 7119883, 0, 0
1062041, 7201707, 0, 0
1063003, 7456620, 0, 0
1064027, 7472400, 0, 0
1065011, 7178822, 0, 0
1066010, 7237438, 0, 0
1067029, 7328176, 0, 0
1068044, 7351541, 0, 0
1069055, 7429324, 0, 0
1070021, 7544644, 0, 0
1071030, 7364436, 0, 0
1072053, 7745107, 0, 0
1073006, 7380832, 0, 0
1074053, 7266800, 0, 0
1075048, 7956214, 0, 0
1076035, 7201614, 0, 0
1077048, 7338659, 0, 0
1078020, 7902897, 0, 0
1079028, 7408491, 0, 0
1080009, 7206570, 0, 0
1081023, 5772325, 0, 0
1082021, 7337483, 0, 0
1083016, 7311189, 0, 0
1084032, 7410151, 0, 0
1085007, 5470874, 0, 0
1086021, 7346097, 0, 0
1087010, 7211265, 0, 0
1088053, 7609145, 0, 0
1089049, 7320372, 0, 0
1090038, 7215397, 0, 0
1091019, 7212390, 0, 0
1092008, 7166069, 0, 0
1093016, 7404849, 0, 0
1094049, 7124597, 0, 0
1095020, 7891728, 0, 0
1096047, 7027281, 0, 0
1097055, 7357110, 0, 0
1098046, 8118831, 0, 0
1099050, 7323319, 0, 0
1100023, 7051893, 0, 0
1101043, 7031241, 0, 0
1102016, 7047260, 0, 0
1103009, 7243973, 0, 0
1104025, 7411492, 0, 0
1105014, 5806826, 0, 0
1106049, 7131836, 0, 0
1107022, 7103423, 0, 0
1108002, 8443496, 0, 0
1109046, 7674367, 0, 0
1110017, 7408933, 0, 0
1111059, 7183349, 0, 0
1112018, 7429583, 0, 0
1113037, 7022494, 0, 0
1114042, 7908424, 0, 0
1115009, 7113208, 0, 0
1116029, 7080842, 0, 0
1117018, 7266539, 0, 0
1118000, 7161590, 0, 0
1119051, 7673736, 0, 0
1120043, 7286484, 0, 0
1121006, 6977511, 0, 0
1122032, 7432696, 0, 0
1123042, 7312279, 0, 0
1124021, 7193682, 0, 0
1125032, 7024809, 0, 0
1126037, 7331502, 0, 0
1127031, 7249286, 0, 0
1128055, 7471044, 0, 0
1129059, 7380072, 0, 0
1130046, 7150870, 0, 0
1131035, 7264940, 0, 0
1132025, 7227863, 0, 0
1133038, 7284444, 0, 0
1134000, 7449991, 0, 0
1135039, 7217313, 0, 0
1136028, 7163693, 0, 0
1137001, 7539727, 0, 0
1138009, 7405558, 0, 0
1139039, 7572461, 0, 0
1140037, 7229233, 0, 0
1141037, 7293521, 0, 0
1142029, 7238518, 0, 0
1143030, 7302661, 0, 0
1144005, 7168068, 0, 0
1145042, 7195184, 0, 0
1146024, 7164578, 0, 0
1147001, 7129805, 0, 0
1148022, 7086350, 0, 0
1149011, 7219914, 0, 0
1150005, 7251197, 0, 0
1151054, 7707535, 0, 0
1152007, 7273134, 0, 0
1153036, 7455864, 0, 0
1154019, 7169436, 0, 0
1155038, 7434048, 0, 0
1156023, 6986863, 0, 0
1157050, 8842512, 0, 0
1158005, 6969816, 0, 0
1159040, 7137044, 0, 0
1160010, 7690804, 0, 0
1161009, 7293019, 0, 0
1162033, 7581363, 0, 0
1163038, 7333347, 0, 0
1164025, 7251392, 0, 0
1165016, 7285946, 0, 0
1166050, 7175664, 0, 0
1167021, 7089035, 0, 0
1168048, 7075405, 0, 0
1169029, 7058393, 0, 0
1170028, 7862388, 0, 0
1171023, 7150437, 0, 0
1172032, 7416645, 0, 0
1173024, 7235988, 0, 0
1174040, 7415944, 0, 0
1175003, 7077423, 0, 0
1176058, 7322826, 0, 0
1177057, 7803134, 0, 0
1178067, 7370011, 0, 0
1179046, 7412894, 0, 0
1180046, 7298555, 0, 0
1181008, 7507373, 0, 0
1182067, 9802902, 0, 0
1183048, 7211453, 0, 0
1184038, 7226196, 0, 0
1185040, 7310052, 0, 0
1186038, 7122731, 0, 0
1187019, 7102959, 0, 0
1188014, 7654177, 0, 0
1189038, 7362665, 0, 0
1190038, 7351402, 0, 0
1191049, 7375701, 0, 0
1192033, 7180408, 0, 0
1193012, 7042286, 0, 0
1194052, 5795641, 0, 0
1195035, 7277405, 0, 0
1196014, 7147264, 0, 0
1197038, 7519141, 0, 0
1198021, 7178726, 0, 0
1199003, 7112754, 0, 0
1200015, 7327764, 0, 0
