1000, 655554, 0, 0
2000, 581787, 0, 0
3000, 586494, 0, 0
4000, 582659, 0, 0
5000, 584109, 0, 0
6000, 580949, 0, 0
7000, 583096, 0, 0
8000, 584455, 0, 0
9000, 582899, 0, 0
10000, 584878, 0, 0
11000, 585260, 0, 0
12000, 587269, 0, 0
13000, 586169, 0, 0
14000, 585600, 0, 0
15000, 702450, 0, 0
16000, 625755, 0, 0
17000, 586946, 0, 0
18000, 588054, 0, 0
19000, 588100, 0, 0
20000, 589767, 0, 0
21000, 586630, 0, 0
22000, 586882, 0, 0
23000, 586844, 0, 0
24000, 587050, 0, 0
25000, 587837, 0, 0
26000, 588618, 0, 0
27000, 586936, 0, 0
28000, 586453, 0, 0
29000, 586869, 0, 0
30000, 586103, 0, 0
31000, 588040, 0, 0
32000, 585767, 0, 0
33000, 586009, 0, 0
34000, 586483, 0, 0
35000, 588119, 0, 0
36000, 585623, 0, 0
37000, 588662, 0, 0
38000, 586439, 0, 0
39000, 586387, 0, 0
40000, 587129, 0, 0
41000, 588031, 0, 0
42000, 587936, 0, 0
43000, 588290, 0, 0
44000, 587944, 0, 0
45000, 587508, 0, 0
46000, 586949, 0, 0
47000, 587368, 0, 0
48000, 588906, 0, 0
49000, 587777, 0, 0
50000, 587964, 0, 0
51000, 588140, 0, 0
52000, 589431, 0, 0
53000, 588876, 0, 0
54000, 590785, 0, 0
55000, 593142, 0, 0
56000, 585605, 0, 0
57000, 585253, 0, 0
58000, 586399, 0, 0
59000, 585187, 0, 0
60000, 587051, 0, 0
61000, 589134, 0, 0
62000, 586240, 0, 0
63000, 584789, 0, 0
64000, 587401, 0, 0
65000, 586440, 0, 0
66000, 585809, 0, 0
67000, 587295, 0, 0
68000, 587180, 0, 0
69000, 588791, 0, 0
70000, 586614, 0, 0
71000, 587522, 0, 0
72000, 587522, 0, 0
73000, 588740, 0, 0
74000, 586780, 0, 0
75000, 587256, 0, 0
76000, 760338, 0, 0
77000, 585303, 0, 0
78000, 587457, 0, 0
79000, 586796, 0, 0
80000, 586020, 0, 0
81000, 585424, 0, 0
82000, 585253, 0, 0
83000, 584775, 0, 0
84000, 586644, 0, 0
85000, 588912, 0, 0
86000, 587625, 0, 0
87000, 588195, 0, 0
88000, 589947, 0, 0
89000, 589071, 0, 0
90000, 588194, 0, 0
91000, 588123, 0, 0
92000, 589108, 0, 0
93000, 589057, 0, 0
94000, 592660, 0, 0
95000, 587120, 0, 0
96000, 589342, 0, 0
97000, 586899, 0, 0
98000, 587710, 0, 0
99000, 590840, 0, 0
100000, 588416, 0, 0
101000, 587627, 0, 0
102000, 589165, 0, 0
103000, 587368, 0, 0
104000, 588489, 0, 0
105000, 587902, 0, 0
106000, 587129, 0, 0
107000, 587297, 0, 0
108000, 590437, 0, 0
109000, 588959, 0, 0
110000, 590801, 0, 0
111000, 590559, 0, 0
112000, 593598, 0, 0
113000, 591225, 0, 0
114000, 591605, 0, 0
115000, 596813, 0, 0
116000, 591514, 0, 0
117000, 591538, 0, 0
118000, 591324, 0, 0
119000, 596318, 0, 0
120000, 597966, 0, 0
121000, 596226, 0, 0
122000, 596565, 0, 0
123000, 596022, 0, 0
124000, 595406, 0, 0
125000, 596182, 0, 0
126000, 600386, 0, 0
127000, 600273, 0, 0
128000, 600653, 0, 0
129000, 601048, 0, 0
130000, 598446, 0, 0
131000, 599438, 0, 0
132000, 599959, 0, 0
133000, 596509, 0, 0
134000, 596121, 0, 0
135000, 596472, 0, 0
136000, 717538, 0, 0
137000, 628797, 0, 0
138000, 596366, 0, 0
139000, 593061, 0, 0
140000, 595706, 0, 0
141000, 596488, 0, 0
142000, 593036, 0, 0
143000, 593406, 0, 0
144000, 594204, 0, 0
145000, 591873, 0, 0
146000, 596341, 0, 0
147000, 594308, 0, 0
148000, 594605, 0, 0
149000, 593373, 0, 0
150000, 590684, 0, 0
151000, 590111, 0, 0
152000, 592204, 0, 0
153000, 593029, 0, 0
154000, 593124, 0, 0
155000, 592535, 0, 0
156000, 593242, 0, 0
157000, 594782, 0, 0
158000, 596333, 0, 0
159000, 597607, 0, 0
160000, 594481, 0, 0
161000, 595774, 0, 0
162000, 595573, 0, 0
163000, 602005, 0, 0
164000, 596244, 0, 0
165000, 599847, 0, 0
166000, 597430, 0, 0
167000, 597329, 0, 0
168000, 596754, 0, 0
169000, 600774, 0, 0
170000, 597275, 0, 0
171000, 598098, 0, 0
172000, 596224, 0, 0
173000, 595846, 0, 0
174000, 597207, 0, 0
175000, 599951, 0, 0
176000, 600618, 0, 0
177000, 597512, 0, 0
178000, 600948, 0, 0
179000, 599856, 0, 0
180000, 598625, 0, 0
181000, 599777, 0, 0
182000, 599796, 0, 0
183000, 598140, 0, 0
184000, 596970, 0, 0
185000, 599851, 0, 0
186000, 601515, 0, 0
187000, 598560, 0, 0
188000, 599467, 0, 0
189000, 596174, 0, 0
190000, 604299, 0, 0
191000, 600737, 0, 0
192000, 599611, 0, 0
193000, 598834, 0, 0
194000, 594686, 0, 0
195000, 605269, 0, 0
196000, 593833, 0, 0
197000, 760605, 0, 0
198000, 596566, 0, 0
199000, 597117, 0, 0
200000, 599956, 0, 0
201000, 597934, 0, 0
202000, 598467, 0, 0
203000, 599991, 0, 0
204000, 596901, 0, 0
205000, 598350, 0, 0
206000, 596327, 0, 0
207000, 596942, 0, 0
208000, 600056, 0, 0
209000, 598736, 0, 0
210000, 597516, 0, 0
211000, 597100, 0, 0
212000, 597914, 0, 0
213000, 599882, 0, 0
214000, 595491, 0, 0
215000, 600848, 0, 0
216000, 599843, 0, 0
217000, 594890, 0, 0
218000, 598894, 0, 0
219000, 601539, 0, 0
220000, 593856, 0, 0
221000, 599233, 0, 0
222000, 598008, 0, 0
223000, 598907, 0, 0
224000, 603594, 0, 0
225000, 603414, 0, 0
226000, 600106, 0, 0
227000, 597322, 0, 0
228000, 600463, 0, 0
229000, 599199, 0, 0
230000, 600594, 0, 0
231000, 601532, 0, 0
232000, 598407, 0, 0
233000, 598526, 0, 0
234000, 597370, 0, 0
235000, 595233, 0, 0
236000, 595910, 0, 0
237000, 594498, 0, 0
238000, 594348, 0, 0
239000, 592232, 0, 0
240000, 591421, 0, 0
241000, 591451, 0, 0
242000, 594954, 0, 0
243000, 592472, 0, 0
244000, 595831, 0, 0
245000, 591099, 0, 0
246000, 589048, 0, 0
247000, 588441, 0, 0
248000, 595678, 0, 0
249000, 591095, 0, 0
250000, 590851, 0, 0
251000, 586248, 0, 0
252000, 590131, 0, 0
253000, 585901, 0, 0
254000, 582480, 0, 0
255000, 583504, 0, 0
256000, 584898, 0, 0
257000, 660108, 0, 0
258000, 646868, 0, 0
259000, 578610, 0, 0
260000, 579263, 0, 0
261000, 576245, 0, 0
262000, 577020, 0, 0
263000, 577659, 0, 0
264000, 582169, 0, 0
265000, 580065, 0, 0
266000, 579802, 0, 0
267000, 577750, 0, 0
268000, 575520, 0, 0
269000, 579103, 0, 0
270000, 578072, 0, 0
271000, 578845, 0, 0
272000, 576252, 0, 0
273000, 581546, 0, 0
274000, 578309, 0, 0
275000, 579277, 0, 0
276000, 577883, 0, 0
277000, 578514, 0, 0
278000, 579170, 0, 0
279000, 579795, 0, 0
280000, 579604, 0, 0
281000, 581865, 0, 0
282000, 582648, 0, 0
283000, 581066, 0, 0
284000, 624454, 0, 0
285000, 574179, 0, 0
286000, 577383, 0, 0
287000, 575180, 0, 0
288000, 575341, 0, 0
289000, 575542, 0, 0
290000, 576425, 0, 0
291000, 577547, 0, 0
292000, 574663, 0, 0
293000, 573455, 0, 0
294000, 572720, 0, 0
295000, 575481, 0, 0
296000, 575613, 0, 0
297000, 573556, 0, 0
298000, 575895, 0, 0
299000, 578439, 0, 0
300000, 577031, 0, 0
301000, 577299, 0, 0
302000, 576763, 0, 0
303000, 576996, 0, 0
304000, 574493, 0, 0
305000, 582138, 0, 0
306000, 578197, 0, 0
307000, 578840, 0, 0
308000, 584952, 0, 0
309000, 580674, 0, 0
310000, 581147, 0, 0
311000, 582319, 0, 0
312000, 582872, 0, 0
313000, 577779, 0, 0
314000, 577152, 0, 0
315000, 578582, 0, 0
316000, 580728, 0, 0
317000, 578976, 0, 0
318000, 717526, 0, 0
319000, 575423, 0, 0
320000, 575946, 0, 0
321000, 574744, 0, 0
322000, 575827, 0, 0
323000, 576817, 0, 0
324000, 576100, 0, 0
325000, 575264, 0, 0
326000, 578193, 0, 0
327000, 576344, 0, 0
328000, 575590, 0, 0
329000, 576839, 0, 0
330000, 579073, 0, 0
331000, 578100, 0, 0
332000, 579053, 0, 0
333000, 577558, 0, 0
334000, 575920, 0, 0
335000, 576372, 0, 0
336000, 578756, 0, 0
337000, 576339, 0, 0
338000, 586176, 0, 0
339000, 574519, 0, 0
340000, 574182, 0, 0
341000, 572052, 0, 0
342000, 572728, 0, 0
343000, 572239, 0, 0
344000, 572305, 0, 0
345000, 575042, 0, 0
346000, 618643, 0, 0
347000, 572766, 0, 0
348000, 573551, 0, 0
349000, 572517, 0, 0
350000, 574077, 0, 0
351000, 572075, 0, 0
352000, 574145, 0, 0
353000, 572696, 0, 0
354000, 575021, 0, 0
355000, 571736, 0, 0
356000, 572907, 0, 0
357000, 570696, 0, 0
358000, 574549, 0, 0
359000, 571178, 0, 0
360000, 572736, 0, 0
361000, 572690, 0, 0
362000, 570765, 0, 0
363000, 571217, 0, 0
364000, 570186, 0, 0
365000, 571384, 0, 0
366000, 575506, 0, 0
367000, 572424, 0, 0
368000, 573022, 0, 0
369000, 572632, 0, 0
370000, 573473, 0, 0
371000, 575596, 0, 0
372000, 571973, 0, 0
373000, 571597, 0, 0
374000, 571090, 0, 0
375000, 570036, 0, 0
376000, 572235, 0, 0
377000, 573262, 0, 0
378000, 667590, 0, 0
379000, 611834, 0, 0
380000, 579501, 0, 0
381000, 575889, 0, 0
382000, 576819, 0, 0
383000, 574551, 0, 0
384000, 575070, 0, 0
385000, 579389, 0, 0
386000, 577310, 0, 0
387000, 577584, 0, 0
388000, 576962, 0, 0
389000, 578829, 0, 0
390000, 574318, 0, 0
391000, 582453, 0, 0
392000, 577733, 0, 0
393000, 576426, 0, 0
394000, 574567, 0, 0
395000, 573269, 0, 0
396000, 574790, 0, 0
397000, 574683, 0, 0
398000, 579117, 0, 0
399000, 581255, 0, 0
400000, 576168, 0, 0
401000, 575183, 0, 0
402000, 578167, 0, 0
403000, 576134, 0, 0
404000, 574648, 0, 0
405000, 577922, 0, 0
406000, 574973, 0, 0
407000, 576103, 0, 0
408000, 575892, 0, 0
409000, 579347, 0, 0
410000, 575580, 0, 0
411000, 577265, 0, 0
412000, 576217, 0, 0
413000, 576158, 0, 0
414000, 575100, 0, 0
415000, 576333, 0, 0
416000, 575639, 0, 0
417000, 576784, 0, 0
418000, 575403, 0, 0
419000, 578047, 0, 0
420000, 579641, 0, 0
421000, 576694, 0, 0
422000, 577068, 0, 0
423000, 579043, 0, 0
424000, 576925, 0, 0
425000, 579945, 0, 0
426000, 580955, 0, 0
427000, 579391, 0, 0
428000, 578656, 0, 0
429000, 578922, 0, 0
430000, 578356, 0, 0
431000, 581101, 0, 0
432000, 583398, 0, 0
433000, 582120, 0, 0
434000, 578591, 0, 0
435000, 578347, 0, 0
436000, 579061, 0, 0
437000, 582727, 0, 0
438000, 580077, 0, 0
439000, 742370, 0, 0
440000, 576403, 0, 0
441000, 577504, 0, 0
442000, 575719, 0, 0
443000, 575092, 0, 0
444000, 572868, 0, 0
445000, 582823, 0, 0
446000, 575916, 0, 0
447000, 574424, 0, 0
448000, 581157, 0, 0
449000, 579579, 0, 0
450000, 578214, 0, 0
451000, 576929, 0, 0
452000, 580170, 0, 0
453000, 581322, 0, 0
454000, 575935, 0, 0
455000, 576698, 0, 0
456000, 580364, 0, 0
457000, 577692, 0, 0
458000, 578632, 0, 0
459000, 578138, 0, 0
460000, 574944, 0, 0
461000, 575454, 0, 0
462000, 582448, 0, 0
463000, 575412, 0, 0
464000, 573360, 0, 0
465000, 576603, 0, 0
466000, 577232, 0, 0
467000, 573194, 0, 0
468010, 578409, 0, 0
469000, 623510, 0, 0
470000, 578732, 0, 0
471000, 576581, 0, 0
472000, 577278, 0, 0
473000, 578782, 0, 0
474000, 578470, 0, 0
475000, 576321, 0, 0
476000, 575764, 0, 0
477000, 578625, 0, 0
478000, 576411, 0, 0
479000, 578056, 0, 0
480000, 577805, 0, 0
481000, 576935, 0, 0
482000, 577816, 0, 0
483000, 581240, 0, 0
484000, 577573, 0, 0
485000, 580742, 0, 0
486000, 581054, 0, 0
487000, 577270, 0, 0
488000, 580188, 0, 0
489000, 581693, 0, 0
490000, 576387, 0, 0
491000, 580632, 0, 0
492000, 577158, 0, 0
493000, 587921, 0, 0
494000, 575437, 0, 0
495000, 577752, 0, 0
496000, 578061, 0, 0
497000, 578159, 0, 0
498000, 578017, 0, 0
499000, 714699, 0, 0
500000, 577759, 0, 0
501000, 577489, 0, 0
502000, 577925, 0, 0
503000, 578532, 0, 0
504000, 580229, 0, 0
505000, 578461, 0, 0
506000, 580424, 0, 0
507000, 579631, 0, 0
508000, 580109, 0, 0
509000, 582018, 0, 0
510000, 580649, 0, 0
511000, 583991, 0, 0
512000, 582792, 0, 0
513000, 581588, 0, 0
514000, 582539, 0, 0
515000, 580401, 0, 0
516000, 579863, 0, 0
517000, 579617, 0, 0
518000, 580496, 0, 0
519000, 582192, 0, 0
520000, 582319, 0, 0
521000, 580363, 0, 0
522000, 579684, 0, 0
523000, 579008, 0, 0
524000, 581814, 0, 0
525000, 579202, 0, 0
526000, 580898, 0, 0
527000, 580358, 0, 0
528000, 581704, 0, 0
529000, 581882, 0, 0
530000, 583934, 0, 0
531000, 584633, 0, 0
532000, 585295, 0, 0
533000, 581341, 0, 0
534000, 582009, 0, 0
535000, 581148, 0, 0
536000, 583163, 0, 0
537000, 581160, 0, 0
538000, 579453, 0, 0
539000, 580849, 0, 0
540000, 580445, 0, 0
541000, 577167, 0, 0
542000, 578935, 0, 0
543000, 579481, 0, 0
544000, 579423, 0, 0
545000, 576946, 0, 0
546000, 580775, 0, 0
547000, 577639, 0, 0
548000, 577606, 0, 0
549000, 576500, 0, 0
550000, 577827, 0, 0
551000, 581227, 0, 0
552000, 592668, 0, 0
553000, 579751, 0, 0
554000, 579967, 0, 0
555000, 580523, 0, 0
556000, 578822, 0, 0
557000, 577171, 0, 0
558000, 576398, 0, 0
559028, 677223, 0, 0
560000, 608060, 0, 0
561000, 577050, 0, 0
562000, 578909, 0, 0
563000, 578387, 0, 0
564000, 577378, 0, 0
565000, 580414, 0, 0
566000, 579878, 0, 0
567000, 577877, 0, 0
568000, 578286, 0, 0
569000, 576524, 0, 0
570000, 576844, 0, 0
571000, 578142, 0, 0
572000, 577984, 0, 0
573000, 578589, 0, 0
574000, 582214, 0, 0
575000, 579048, 0, 0
576000, 578621, 0, 0
577000, 584057, 0, 0
578000, 583405, 0, 0
579000, 581257, 0, 0
580000, 580597, 0, 0
581000, 579928, 0, 0
582000, 578391, 0, 0
583000, 581875, 0, 0
584000, 580130, 0, 0
585000, 580199, 0, 0
586000, 580269, 0, 0
587000, 581408, 0, 0
588000, 579926, 0, 0
589000, 581278, 0, 0
590000, 580154, 0, 0
591000, 580809, 0, 0
592000, 579880, 0, 0
593000, 580717, 0, 0
594000, 580192, 0, 0
595000, 583062, 0, 0
596000, 577766, 0, 0
597000, 581710, 0, 0
598000, 579715, 0, 0
599000, 578695, 0, 0
600000, 582680, 0, 0
601000, 581210, 0, 0
602000, 583757, 0, 0
603000, 579390, 0, 0
604000, 580564, 0, 0
605000, 581052, 0, 0
606000, 584414, 0, 0
607000, 580519, 0, 0
608000, 579807, 0, 0
609000, 584908, 0, 0
610000, 580916, 0, 0
611000, 583610, 0, 0
612000, 584300, 0, 0
613000, 584480, 0, 0
614000, 582856, 0, 0
615000, 582969, 0, 0
616000, 579118, 0, 0
617000, 580279, 0, 0
618000, 578669, 0, 0
619000, 578297, 0, 0
620000, 716575, 0, 0
621000, 577956, 0, 0
622000, 578359, 0, 0
623000, 578002, 0, 0
624000, 579798, 0, 0
625000, 579956, 0, 0
626000, 580288, 0, 0
627000, 580870, 0, 0
628000, 577979, 0, 0
629000, 602654, 0, 0
630000, 580750, 0, 0
631000, 581412, 0, 0
632000, 580827, 0, 0
633000, 580621, 0, 0
634000, 583987, 0, 0
635000, 579596, 0, 0
636000, 580169, 0, 0
637000, 580662, 0, 0
638000, 580996, 0, 0
639000, 580683, 0, 0
640000, 583128, 0, 0
641000, 580674, 0, 0
642000, 583869, 0, 0
643000, 579645, 0, 0
644000, 581840, 0, 0
645000, 581145, 0, 0
646000, 596248, 0, 0
647000, 595418, 0, 0
648000, 594346, 0, 0
649000, 601165, 0, 0
650000, 599381, 0, 0
651000, 597353, 0, 0
652000, 596470, 0, 0
653000, 597171, 0, 0
654000, 593482, 0, 0
655000, 597313, 0, 0
656000, 593674, 0, 0
657000, 596254, 0, 0
658000, 596484, 0, 0
659000, 601878, 0, 0
660000, 598495, 0, 0
661000, 597806, 0, 0
662000, 597286, 0, 0
663000, 592492, 0, 0
664000, 591697, 0, 0
665000, 594055, 0, 0
666000, 592923, 0, 0
667000, 604473, 0, 0
668000, 595481, 0, 0
669000, 593483, 0, 0
670000, 1293620, 0, 0
671000, 599215, 0, 0
672000, 612678, 0, 0
673000, 599993, 0, 0
674000, 603566, 0, 0
675000, 602606, 0, 0
676000, 602801, 0, 0
677000, 599990, 0, 0
678000, 599183, 0, 0
679000, 666002, 0, 0
680000, 665564, 0, 0
681000, 597041, 0, 0
682000, 599267, 0, 0
683000, 636843, 0, 0
684000, 601022, 0, 0
685000, 607264, 0, 0
686000, 606575, 0, 0
687000, 608078, 0, 0
688000, 609887, 0, 0
689000, 601518, 0, 0
690000, 603493, 0, 0
691000, 611398, 0, 0
692000, 604854, 0, 0
693000, 607010, 0, 0
694000, 613004, 0, 0
695000, 608280, 0, 0
696000, 601260, 0, 0
697000, 601561, 0, 0
698000, 600640, 0, 0
699000, 602893, 0, 0
700000, 597871, 0, 0
701000, 593438, 0, 0
702000, 597621, 0, 0
703000, 597865, 0, 0
704000, 606090, 0, 0
705000, 603025, 0, 0
706000, 600036, 0, 0
707000, 601739, 0, 0
708000, 603127, 0, 0
709000, 608075, 0, 0
710000, 604742, 0, 0
711000, 601824, 0, 0
712000, 603599, 0, 0
713000, 602725, 0, 0
714000, 602962, 0, 0
715000, 604268, 0, 0
716000, 601172, 0, 0
717000, 599475, 0, 0
718000, 603890, 0, 0
719000, 601546, 0, 0
720000, 598898, 0, 0
721000, 596258, 0, 0
722000, 603785, 0, 0
723000, 609855, 0, 0
724000, 601100, 0, 0
725000, 602566, 0, 0
726000, 599368, 0, 0
727000, 604423, 0, 0
728000, 601157, 0, 0
729000, 597032, 0, 0
730000, 604000, 0, 0
731000, 609507, 0, 0
732000, 608545, 0, 0
733000, 607966, 0, 0
734000, 600598, 0, 0
735000, 601809, 0, 0
736000, 597413, 0, 0
737000, 597546, 0, 0
738000, 605439, 0, 0
739000, 728333, 0, 0
740000, 603977, 0, 0
741000, 598065, 0, 0
742000, 593673, 0, 0
743000, 596219, 0, 0
744000, 596904, 0, 0
745000, 591984, 0, 0
746000, 592267, 0, 0
747000, 593607, 0, 0
748000, 593079, 0, 0
749000, 595488, 0, 0
750000, 599250, 0, 0
751000, 589473, 0, 0
752000, 598324, 0, 0
753000, 597856, 0, 0
754000, 595572, 0, 0
755000, 594117, 0, 0
756000, 592126, 0, 0
757000, 591856, 0, 0
758000, 597212, 0, 0
759000, 593793, 0, 0
760000, 592851, 0, 0
761000, 590620, 0, 0
762000, 599397, 0, 0
763000, 594439, 0, 0
764000, 594369, 0, 0
765000, 591850, 0, 0
766000, 593197, 0, 0
767000, 596064, 0, 0
768000, 592935, 0, 0
769000, 599573, 0, 0
770000, 597074, 0, 0
771000, 598477, 0, 0
772000, 598866, 0, 0
773000, 598411, 0, 0
774000, 596232, 0, 0
775000, 594728, 0, 0
776000, 595440, 0, 0
777000, 592049, 0, 0
778000, 597208, 0, 0
779000, 599435, 0, 0
780000, 597006, 0, 0
781000, 594589, 0, 0
782000, 600103, 0, 0
783000, 598043, 0, 0
784000, 598075, 0, 0
785000, 593829, 0, 0
786000, 596778, 0, 0
787000, 597615, 0, 0
788000, 599699, 0, 0
789000, 595867, 0, 0
790000, 597158, 0, 0
791000, 593476, 0, 0
792000, 600813, 0, 0
793000, 604189, 0, 0
794000, 599227, 0, 0
795000, 594877, 0, 0
796000, 596653, 0, 0
797000, 595577, 0, 0
798000, 593399, 0, 0
799000, 719435, 0, 0
800000, 595411, 0, 0
801000, 590668, 0, 0
802000, 593699, 0, 0
803000, 593135, 0, 0
804000, 592267, 0, 0
805000, 591550, 0, 0
806000, 589508, 0, 0
807000, 590240, 0, 0
808000, 590432, 0, 0
809000, 587650, 0, 0
810000, 588370, 0, 0
811000, 588795, 0, 0
812000, 586915, 0, 0
813000, 586486, 0, 0
814000, 587788, 0, 0
815000, 590583, 0, 0
816000, 589058, 0, 0
817000, 591795, 0, 0
818000, 590334, 0, 0
819000, 590898, 0, 0
820000, 590909, 0, 0
821000, 593600, 0, 0
822000, 591805, 0, 0
823000, 590364, 0, 0
824000, 591439, 0, 0
825000, 588812, 0, 0
826000, 589781, 0, 0
827000, 589901, 0, 0
828000, 590697, 0, 0
829000, 590584, 0, 0
830000, 591464, 0, 0
831000, 594051, 0, 0
832000, 594806, 0, 0
833000, 594134, 0, 0
834000, 593225, 0, 0
835000, 595607, 0, 0
836000, 593461, 0, 0
837000, 592957, 0, 0
838000, 595459, 0, 0
839000, 596600, 0, 0
840000, 596038, 0, 0
841000, 598215, 0, 0
842000, 595960, 0, 0
843000, 601048, 0, 0
844000, 594922, 0, 0
845000, 591019, 0, 0
846000, 590609, 0, 0
847000, 593504, 0, 0
848000, 592962, 0, 0
849000, 593770, 0, 0
850000, 593843, 0, 0
851000, 592626, 0, 0
852000, 593905, 0, 0
853000, 594712, 0, 0
854000, 598446, 0, 0
855000, 587841, 0, 0
856000, 593677, 0, 0
857000, 595365, 0, 0
858000, 593451, 0, 0
859000, 683003, 0, 0
860000, 628164, 0, 0
861000, 592519, 0, 0
862000, 595975, 0, 0
863000, 598399, 0, 0
864000, 589978, 0, 0
865000, 591605, 0, 0
866000, 593157, 0, 0
867000, 590188, 0, 0
868000, 594690, 0, 0
869000, 589166, 0, 0
870000, 594480, 0, 0
871000, 590889, 0, 0
872000, 594681, 0, 0
873000, 589952, 0, 0
874000, 595393, 0, 0
875000, 592103, 0, 0
876000, 589200, 0, 0
877000, 591847, 0, 0
878000, 606808, 0, 0
879000, 590794, 0, 0
880000, 593652, 0, 0
881000, 592536, 0, 0
882000, 591355, 0, 0
883000, 593200, 0, 0
884000, 592031, 0, 0
885000, 593000, 0, 0
886000, 588608, 0, 0
887000, 591139, 0, 0
888000, 589170, 0, 0
889000, 586645, 0, 0
890000, 587890, 0, 0
891000, 592614, 0, 0
892000, 591076, 0, 0
893000, 591551, 0, 0
894000, 592988, 0, 0
895000, 590162, 0, 0
896000, 591531, 0, 0
897000, 589333, 0, 0
898000, 593937, 0, 0
899000, 588753, 0, 0
900000, 590885, 0, 0
901000, 588348, 0, 0
902000, 590752, 0, 0
903000, 591315, 0, 0
904000, 596059, 0, 0
905000, 586414, 0, 0
906000, 590634, 0, 0
907000, 590623, 0, 0
908000, 592426, 0, 0
909000, 591437, 0, 0
910000, 598625, 0, 0
911000, 600563, 0, 0
912000, 599323, 0, 0
913000, 602854, 0, 0
914000, 603077, 0, 0
915000, 592388, 0, 0
916000, 598201, 0, 0
917000, 599498, 0, 0
918000, 590760, 0, 0
919000, 671244, 0, 0
920000, 630980, 0, 0
921000, 595497, 0, 0
922000, 594581, 0, 0
923000, 595364, 0, 0
924000, 600468, 0, 0
925000, 598188, 0, 0
926000, 592964, 0, 0
927000, 592134, 0, 0
928000, 591857, 0, 0
929000, 596029, 0, 0
930000, 591816, 0, 0
931000, 594600, 0, 0
932000, 594990, 0, 0
933000, 597981, 0, 0
934000, 599738, 0, 0
935000, 594717, 0, 0
936000, 593740, 0, 0
937000, 592454, 0, 0
938000, 593787, 0, 0
939000, 593897, 0, 0
940000, 595735, 0, 0
941000, 593361, 0, 0
942000, 596044, 0, 0
943000, 596768, 0, 0
944000, 594533, 0, 0
945000, 586900, 0, 0
946000, 592141, 0, 0
947000, 591781, 0, 0
948000, 593070, 0, 0
949000, 591832, 0, 0
950000, 598014, 0, 0
951000, 602211, 0, 0
952000, 599521, 0, 0
953000, 598707, 0, 0
954000, 596401, 0, 0
955000, 597416, 0, 0
956000, 595809, 0, 0
957000, 593531, 0, 0
958000, 593807, 0, 0
959000, 591668, 0, 0
960000, 591915, 0, 0
961000, 594505, 0, 0
962000, 595193, 0, 0
963000, 596472, 0, 0
964000, 594706, 0, 0
965000, 593442, 0, 0
966000, 591392, 0, 0
967000, 595588, 0, 0
968000, 604339, 0, 0
969000, 595431, 0, 0
970000, 597297, 0, 0
971000, 593091, 0, 0
972000, 593100, 0, 0
973000, 595486, 0, 0
974000, 591096, 0, 0
975000, 589066, 0, 0
976000, 594211, 0, 0
977000, 589952, 0, 0
978000, 616338, 0, 0
979087, 595535, 0, 0
980000, 712161, 0, 0
981000, 588352, 0, 0
982000, 590530, 0, 0
983000, 596340, 0, 0
984000, 592012, 0, 0
985000, 592053, 0, 0
986000, 596926, 0, 0
987000, 597166, 0, 0
988000, 595117, 0, 0
989000, 591488, 0, 0
990000, 600577, 0, 0
991000, 589443, 0, 0
992000, 596398, 0, 0
993000, 592200, 0, 0
994000, 588717, 0, 0
995000, 590010, 0, 0
996000, 584700, 0, 0
997000, 589262, 0, 0
998000, 587934, 0, 0
999000, 587394, 0, 0
1000000, 591799, 0, 0
1001000, 593954, 0, 0
1002000, 592634, 0, 0
1003000, 588532, 0, 0
1004000, 592695, 0, 0
1005000, 594698, 0, 0
1006000, 594525, 0, 0
1007000, 595144, 0, 0
1008000, 599108, 0, 0
1009000, 595019, 0, 0
1010000, 597037, 0, 0
1011000, 593825, 0, 0
1012000, 594910, 0, 0
1013000, 593074, 0, 0
1014000, 592867, 0, 0
1015000, 593155, 0, 0
1016000, 592272, 0, 0
1017000, 595140, 0, 0
1018000, 590441, 0, 0
1019000, 592731, 0, 0
1020000, 593567, 0, 0
1021000, 594254, 0, 0
1022000, 592934, 0, 0
1023000, 593558, 0, 0
1024000, 596430, 0, 0
1025000, 597065, 0, 0
1026000, 589194, 0, 0
1027000, 598742, 0, 0
1028000, 590784, 0, 0
1029000, 588617, 0, 0
1030000, 588548, 0, 0
1031000, 597918, 0, 0
1032000, 599664, 0, 0
1033000, 594344, 0, 0
1034000, 595640, 0, 0
1035000, 593314, 0, 0
1036000, 591418, 0, 0
1037000, 592462, 0, 0
1038000, 593174, 0, 0
1039000, 591636, 0, 0
1040000, 713423, 0, 0
1041000, 589738, 0, 0
1042000, 588754, 0, 0
1043000, 591396, 0, 0
1044000, 592830, 0, 0
1045000, 593991, 0, 0
1046000, 592096, 0, 0
1047000, 593199, 0, 0
1048000, 600177, 0, 0
1049000, 591331, 0, 0
1050000, 589102, 0, 0
1051000, 593282, 0, 0
1052000, 593847, 0, 0
1053000, 589841, 0, 0
1054000, 598860, 0, 0
1055000, 588653, 0, 0
1056000, 589938, 0, 0
1057000, 588815, 0, 0
1058000, 590886, 0, 0
1059000, 591097, 0, 0
1060000, 590657, 0, 0
1061000, 589679, 0, 0
1062000, 589807, 0, 0
1063000, 590049, 0, 0
1064000, 592222, 0, 0
1065000, 592111, 0, 0
1066000, 591872, 0, 0
1067000, 590645, 0, 0
1068000, 593609, 0, 0
1069000, 591759, 0, 0
1070000, 592403, 0, 0
1071000, 592218, 0, 0
1072000, 595629, 0, 0
1073000, 592470, 0, 0
1074000, 596844, 0, 0
1075000, 595910, 0, 0
1076000, 593518, 0, 0
1077000, 593416, 0, 0
1078000, 596510, 0, 0
1079000, 589152, 0, 0
1080000, 594394, 0, 0
1081000, 598571, 0, 0
1082000, 595452, 0, 0
1083000, 597459, 0, 0
1084000, 598156, 0, 0
1085000, 601373, 0, 0
1086000, 596233, 0, 0
1087000, 598761, 0, 0
1088000, 595687, 0, 0
1089000, 592934, 0, 0
1090000, 591977, 0, 0
1091000, 592268, 0, 0
1092000, 596566, 0, 0
1093000, 595979, 0, 0
1094000, 593827, 0, 0
1095000, 637905, 0, 0
1096000, 593857, 0, 0
1097000, 591805, 0, 0
1098000, 597364, 0, 0
1099000, 592768, 0, 0
1100000, 717918, 0, 0
1101000, 594585, 0, 0
1102000, 594080, 0, 0
1103000, 592761, 0, 0
1104000, 596285, 0, 0
1105000, 596168, 0, 0
1106000, 594666, 0, 0
1107000, 591114, 0, 0
1108000, 594226, 0, 0
1109000, 595205, 0, 0
1110000, 594208, 0, 0
1111000, 595263, 0, 0
1112000, 594834, 0, 0
1113000, 595873, 0, 0
1114000, 598885, 0, 0
1115000, 594581, 0, 0
1116000, 589994, 0, 0
1117000, 592156, 0, 0
1118000, 592785, 0, 0
1119000, 596562, 0, 0
1120000, 593038, 0, 0
1121000, 589969, 0, 0
1122000, 591498, 0, 0
1123000, 592939, 0, 0
1124000, 595547, 0, 0
1125000, 594458, 0, 0
1126000, 595142, 0, 0
1127000, 595671, 0, 0
1128000, 591088, 0, 0
1129000, 593443, 0, 0
1130000, 592894, 0, 0
1131000, 593879, 0, 0
1132000, 594463, 0, 0
1133000, 591577, 0, 0
1134000, 595961, 0, 0
1135000, 589897, 0, 0
1136000, 590025, 0, 0
1137000, 589068, 0, 0
1138000, 594050, 0, 0
1139000, 590477, 0, 0
1140000, 595396, 0, 0
1141000, 593330, 0, 0
1142000, 593891, 0, 0
1143000, 595090, 0, 0
1144000, 593995, 0, 0
1145000, 589791, 0, 0
1146000, 589980, 0, 0
1147000, 591470, 0, 0
1148000, 591749, 0, 0
1149000, 593734, 0, 0
1150000, 592569, 0, 0
1151000, 593623, 0, 0
1152000, 594418, 0, 0
1153000, 595562, 0, 0
1154000, 594422, 0, 0
1155000, 595976, 0, 0
1156000, 592044, 0, 0
1157000, 594688, 0, 0
1158000, 595491, 0, 0
1159000, 595701, 0, 0
1160000, 715979, 0, 0
1161000, 595790, 0, 0
1162000, 594451, 0, 0
1163000, 594335, 0, 0
1164000, 596567, 0, 0
1165000, 592459, 0, 0
1166000, 594561, 0, 0
1167000, 591912, 0, 0
1168000, 592369, 0, 0
1169000, 594801, 0, 0
1170000, 597849, 0, 0
1171000, 597241, 0, 0
1172000, 596856, 0, 0
1173000, 597350, 0, 0
1174000, 596902, 0, 0
1175000, 595705, 0, 0
1176000, 597255, 0, 0
1177000, 592255, 0, 0
1178000, 598664, 0, 0
1179000, 598917, 0, 0
1180000, 595987, 0, 0
1181000, 595872, 0, 0
1182000, 596182, 0, 0
1183000, 594305, 0, 0
1184000, 596620, 0, 0
1185000, 593402, 0, 0
1186000, 593382, 0, 0
1187000, 592467, 0, 0
1188000, 588875, 0, 0
1189000, 593555, 0, 0
1190000, 589900, 0, 0
1191000, 591400, 0, 0
1192000, 591463, 0, 0
1193000, 593197, 0, 0
1194000, 595398, 0, 0
1195000, 588351, 0, 0
1196000, 588253, 0, 0
1197000, 588985, 0, 0
1198000, 596110, 0, 0
1199000, 598536, 0, 0
1200000, 592352, 0, 0
1200000, 459772, 0, 0
