999, 90, 0, 0
1999, 145, 0, 0
2999, 138, 0, 0
4000, 138, 0, 0
5000, 139, 0, 0
6000, 139, 0, 0
6999, 136, 0, 0
7999, 139, 0, 0
8999, 136, 0, 0
10000, 141, 0, 0
11000, 137, 0, 0
12000, 141, 0, 0
12999, 147, 0, 0
13999, 129, 0, 0
15000, 135, 0, 0
16000, 140, 0, 0
17000, 137, 0, 0
18000, 140, 0, 0
18999, 139, 0, 0
20000, 137, 0, 0
21000, 152, 0, 0
22000, 132, 0, 0
23000, 142, 0, 0
23999, 141, 0, 0
25000, 138, 0, 0
26000, 140, 0, 0
27000, 142, 0, 0
28000, 142, 0, 0
28999, 136, 0, 0
29999, 153, 0, 0
31000, 140, 0, 0
32000, 150, 0, 0
33000, 139, 0, 0
33999, 141, 0, 0
34999, 133, 0, 0
36000, 145, 0, 0
37000, 141, 0, 0
38000, 143, 0, 0
39000, 140, 0, 0
39999, 135, 0, 0
40999, 151, 0, 0
42000, 130, 0, 0
43000, 149, 0, 0
44000, 135, 0, 0
45000, 142, 0, 0
45999, 131, 0, 0
46999, 144, 0, 0
48000, 143, 0, 0
49000, 143, 0, 0
50000, 144, 0, 0
50999, 154, 0, 0
51999, 142, 0, 0
53000, 146, 0, 0
54000, 151, 0, 0
55000, 143, 0, 0
56000, 145, 0, 0
56999, 135, 0, 0
58000, 142, 0, 0
59000, 150, 0, 0
60000, 148, 0, 0
61000, 148, 0, 0
61999, 138, 0, 0
62999, 151, 0, 0
64000, 153, 0, 0
65000, 144, 0, 0
66000, 140, 0, 0
66999, 139, 0, 0
67999, 147, 0, 0
69000, 143, 0, 0
70000, 135, 0, 0
71000, 160, 0, 0
72000, 138, 0, 0
72999, 153, 0, 0
74000, 152, 0, 0
75000, 148, 0, 0
76000, 146, 0, 0
76999, 149, 0, 0
77999, 147, 0, 0
79000, 152, 0, 0
80000, 152, 0, 0
81000, 150, 0, 0
82000, 150, 0, 0
82999, 155, 0, 0
84000, 155, 0, 0
85000, 138, 0, 0
86000, 149, 0, 0
87000, 155, 0, 0
87999, 152, 0, 0
88999, 150, 0, 0
90000, 159, 0, 0
91000, 152, 0, 0
92000, 150, 0, 0
92999, 164, 0, 0
93999, 183, 0, 0
94999, 151, 0, 0
96000, 154, 0, 0
97000, 153, 0, 0
98000, 150, 0, 0
98999, 153, 0, 0
99999, 155, 0, 0
101000, 162, 0, 0
102000, 160, 0, 0
103000, 153, 0, 0
104000, 167, 0, 0
104999, 155, 0, 0
105999, 165, 0, 0
107000, 149, 0, 0
108000, 148, 0, 0
109000, 160, 0, 0
109999, 162, 0, 0
110999, 150, 0, 0
112000, 150, 0, 0
113000, 143, 0, 0
114000, 161, 0, 0
115000, 156, 0, 0
115999, 159, 0, 0
116999, 151, 0, 0
118000, 154, 0, 0
119000, 148, 0, 0
120000, 145, 0, 0
121000, 159, 0, 0
121999, 159, 0, 0
123000, 149, 0, 0
124000, 165, 0, 0
125000, 151, 0, 0
126000, 162, 0, 0
126999, 154, 0, 0
127999, 151, 0, 0
129000, 149, 0, 0
130000, 150, 0, 0
131000, 159, 0, 0
131999, 156, 0, 0
132999, 155, 0, 0
134000, 148, 0, 0
135000, 157, 0, 0
135999, 153, 0, 0
137000, 154, 0, 0
137999, 158, 0, 0
139000, 158, 0, 0
140000, 162, 0, 0
141000, 156, 0, 0
142000, 151, 0, 0
142999, 167, 0, 0
143999, 156, 0, 0
145000, 149, 0, 0
146000, 165, 0, 0
147000, 151, 0, 0
148000, 157, 0, 0
148999, 143, 0, 0
150000, 154, 0, 0
151000, 151, 0, 0
152000, 165, 0, 0
153000, 141, 0, 0
153999, 175, 0, 0
154999, 158, 0, 0
156000, 148, 0, 0
157000, 154, 0, 0
158000, 154, 0, 0
158999, 158, 0, 0
159999, 161, 0, 0
161000, 157, 0, 0
162000, 161, 0, 0
163000, 158, 0, 0
164000, 162, 0, 0
164999, 151, 0, 0
165999, 153, 0, 0
167000, 149, 0, 0
168000, 145, 0, 0
169000, 156, 0, 0
170000, 159, 0, 0
170999, 163, 0, 0
172000, 162, 0, 0
173000, 135, 0, 0
174000, 160, 0, 0
175000, 149, 0, 0
175999, 173, 0, 0
176999, 155, 0, 0
178000, 156, 0, 0
179000, 152, 0, 0
180000, 151, 0, 0
181000, 165, 0, 0
181999, 149, 0, 0
183000, 158, 0, 0
184000, 146, 0, 0
185000, 151, 0, 0
186000, 151, 0, 0
186999, 150, 0, 0
188000, 151, 0, 0
189000, 150, 0, 0
190000, 146, 0, 0
191000, 172, 0, 0
191999, 144, 0, 0
193000, 139, 0, 0
194000, 164, 0, 0
195000, 151, 0, 0
196000, 148, 0, 0
196999, 143, 0, 0
197999, 164, 0, 0
199000, 150, 0, 0
200000, 145, 0, 0
201000, 151, 0, 0
201999, 151, 0, 0
202999, 152, 0, 0
204000, 153, 0, 0
205000, 143, 0, 0
206000, 167, 0, 0
207000, 159, 0, 0
207999, 145, 0, 0
209000, 164, 0, 0
210000, 148, 0, 0
211000, 158, 0, 0
212000, 152, 0, 0
212999, 150, 0, 0
213999, 153, 0, 0
215000, 159, 0, 0
216000, 159, 0, 0
217000, 155, 0, 0
217999, 157, 0, 0
218999, 155, 0, 0
220000, 146, 0, 0
221000, 157, 0, 0
222000, 144, 0, 0
223000, 147, 0, 0
223999, 160, 0, 0
224999, 160, 0, 0
226000, 142, 0, 0
227000, 151, 0, 0
228000, 154, 0, 0
229000, 169, 0, 0
229999, 158, 0, 0
231000, 160, 0, 0
232000, 166, 0, 0
233000, 167, 0, 0
234000, 152, 0, 0
234999, 149, 0, 0
236000, 156, 0, 0
237000, 147, 0, 0
238000, 149, 0, 0
239000, 156, 0, 0
239999, 160, 0, 0
240999, 149, 0, 0
242000, 169, 0, 0
243000, 142, 0, 0
244000, 157, 0, 0
244999, 159, 0, 0
245999, 160, 0, 0
247000, 140, 0, 0
248000, 148, 0, 0
249000, 157, 0, 0
250000, 156, 0, 0
250999, 160, 0, 0
252000, 150, 0, 0
253000, 163, 0, 0
254000, 141, 0, 0
255000, 152, 0, 0
255999, 154, 0, 0
256999, 157, 0, 0
258000, 149, 0, 0
259000, 153, 0, 0
260000, 144, 0, 0
260999, 169, 0, 0
261999, 152, 0, 0
263000, 171, 0, 0
264000, 154, 0, 0
265000, 154, 0, 0
266000, 157, 0, 0
266999, 150, 0, 0
267999, 150, 0, 0
269000, 145, 0, 0
270000, 155, 0, 0
271000, 165, 0, 0
271999, 151, 0, 0
273000, 152, 0, 0
274000, 162, 0, 0
275000, 139, 0, 0
276000, 171, 0, 0
276999, 155, 0, 0
277999, 160, 0, 0
279000, 156, 0, 0
280000, 154, 0, 0
281000, 155, 0, 0
282000, 160, 0, 0
282999, 154, 0, 0
284000, 160, 0, 0
285000, 145, 0, 0
286000, 166, 0, 0
287000, 151, 0, 0
287999, 156, 0, 0
288999, 167, 0, 0
290000, 148, 0, 0
291000, 151, 0, 0
292000, 154, 0, 0
293000, 170, 0, 0
293999, 159, 0, 0
294999, 158, 0, 0
296000, 152, 0, 0
297000, 143, 0, 0
298000, 151, 0, 0
299000, 159, 0, 0
299999, 160, 0, 0
300999, 157, 0, 0
302000, 148, 0, 0
303000, 147, 0, 0
304000, 164, 0, 0
305000, 155, 0, 0
305999, 143, 0, 0
307000, 154, 0, 0
308000, 175, 0, 0
309000, 148, 0, 0
310000, 154, 0, 0
310999, 153, 0, 0
311999, 170, 0, 0
313000, 153, 0, 0
314000, 150, 0, 0
315000, 148, 0, 0
316000, 159, 0, 0
316999, 148, 0, 0
318000, 160, 0, 0
319000, 160, 0, 0
320000, 152, 0, 0
321000, 154, 0, 0
321999, 154, 0, 0
323000, 154, 0, 0
324000, 157, 0, 0
325000, 162, 0, 0
326000, 148, 0, 0
326999, 156, 0, 0
327999, 162, 0, 0
329000, 149, 0, 0
330000, 154, 0, 0
331000, 162, 0, 0
332000, 157, 0, 0
332999, 150, 0, 0
334000, 163, 0, 0
335000, 153, 0, 0
336000, 159, 0, 0
337000, 152, 0, 0
337999, 175, 0, 0
338999, 154, 0, 0
340000, 163, 0, 0
341000, 150, 0, 0
342000, 150, 0, 0
343000, 161, 0, 0
343999, 161, 0, 0
344999, 151, 0, 0
346000, 187, 0, 0
347000, 139, 0, 0
348000, 155, 0, 0
348999, 155, 0, 0
349999, 175, 0, 0
351000, 147, 0, 0
352000, 159, 0, 0
353000, 146, 0, 0
354000, 154, 0, 0
354999, 157, 0, 0
355999, 164, 0, 0
357000, 158, 0, 0
358000, 154, 0, 0
359000, 178, 0, 0
359999, 158, 0, 0
360999, 153, 0, 0
362000, 163, 0, 0
363000, 179, 0, 0
364000, 161, 0, 0
364999, 161, 0, 0
365999, 146, 0, 0
367000, 166, 0, 0
368000, 177, 0, 0
369000, 160, 0, 0
370000, 161, 0, 0
370999, 164, 0, 0
371999, 161, 0, 0
373000, 164, 0, 0
374000, 155, 0, 0
375000, 166, 0, 0
375999, 166, 0, 0
376999, 158, 0, 0
378000, 150, 0, 0
379000, 160, 0, 0
380000, 157, 0, 0
381000, 170, 0, 0
381999, 168, 0, 0
383000, 157, 0, 0
384000, 159, 0, 0
385000, 169, 0, 0
386000, 162, 0, 0
386999, 146, 0, 0
387999, 169, 0, 0
389000, 158, 0, 0
390000, 154, 0, 0
391000, 172, 0, 0
391999, 159, 0, 0
392999, 161, 0, 0
394000, 167, 0, 0
395000, 144, 0, 0
396000, 175, 0, 0
397000, 157, 0, 0
397999, 161, 0, 0
399000, 157, 0, 0
400000, 167, 0, 0
401000, 155, 0, 0
402000, 162, 0, 0
402999, 163, 0, 0
404000, 162, 0, 0
405000, 157, 0, 0
406000, 156, 0, 0
407000, 153, 0, 0
407999, 164, 0, 0
408999, 174, 0, 0
410000, 170, 0, 0
411000, 168, 0, 0
412000, 156, 0, 0
412999, 157, 0, 0
413999, 167, 0, 0
415000, 165, 0, 0
416000, 160, 0, 0
417000, 185, 0, 0
418000, 162, 0, 0
418999, 173, 0, 0
420000, 170, 0, 0
421000, 157, 0, 0
422000, 172, 0, 0
423000, 176, 0, 0
423999, 168, 0, 0
424999, 159, 0, 0
426000, 163, 0, 0
427000, 174, 0, 0
428000, 173, 0, 0
428999, 169, 0, 0
429999, 167, 0, 0
431000, 170, 0, 0
432000, 164, 0, 0
433000, 173, 0, 0
433999, 180, 0, 0
434999, 172, 0, 0
436000, 169, 0, 0
437000, 168, 0, 0
438000, 184, 0, 0
438999, 192, 0, 0
439999, 160, 0, 0
441000, 167, 0, 0
442000, 166, 0, 0
443000, 167, 0, 0
444000, 170, 0, 0
444999, 173, 0, 0
445999, 160, 0, 0
447000, 179, 0, 0
448000, 178, 0, 0
449000, 170, 0, 0
450000, 165, 0, 0
450999, 172, 0, 0
452000, 185, 0, 0
453000, 178, 0, 0
454000, 171, 0, 0
455000, 182, 0, 0
455999, 172, 0, 0
456999, 163, 0, 0
458000, 159, 0, 0
459000, 167, 0, 0
460000, 168, 0, 0
460999, 179, 0, 0
461999, 183, 0, 0
463000, 173, 0, 0
464000, 179, 0, 0
465000, 189, 0, 0
465999, 172, 0, 0
466999, 154, 0, 0
468000, 158, 0, 0
469000, 170, 0, 0
470000, 161, 0, 0
471000, 162, 0, 0
471999, 166, 0, 0
473000, 168, 0, 0
474000, 173, 0, 0
475000, 166, 0, 0
476000, 150, 0, 0
476999, 168, 0, 0
477999, 173, 0, 0
479000, 158, 0, 0
480000, 171, 0, 0
481000, 168, 0, 0
481999, 156, 0, 0
482999, 170, 0, 0
484000, 164, 0, 0
485000, 172, 0, 0
486000, 177, 0, 0
487000, 148, 0, 0
487999, 168, 0, 0
489000, 150, 0, 0
490000, 157, 0, 0
491000, 169, 0, 0
492000, 172, 0, 0
492999, 168, 0, 0
493999, 158, 0, 0
495000, 173, 0, 0
496000, 171, 0, 0
497000, 160, 0, 0
497999, 169, 0, 0
498999, 146, 0, 0
500000, 154, 0, 0
501000, 177, 0, 0
502000, 175, 0, 0
503000, 169, 0, 0
503999, 167, 0, 0
505000, 166, 0, 0
506000, 163, 0, 0
507000, 156, 0, 0
508000, 179, 0, 0
508999, 164, 0, 0
509999, 172, 0, 0
511000, 165, 0, 0
512000, 164, 0, 0
513000, 171, 0, 0
513999, 166, 0, 0
514999, 164, 0, 0
516000, 160, 0, 0
517000, 154, 0, 0
518000, 174, 0, 0
518999, 166, 0, 0
519999, 152, 0, 0
521000, 168, 0, 0
522000, 157, 0, 0
523000, 151, 0, 0
524000, 159, 0, 0
524999, 158, 0, 0
525999, 166, 0, 0
527000, 161, 0, 0
528000, 150, 0, 0
529000, 153, 0, 0
529999, 156, 0, 0
530999, 155, 0, 0
532000, 156, 0, 0
533000, 156, 0, 0
534000, 160, 0, 0
534999, 148, 0, 0
535999, 154, 0, 0
537000, 153, 0, 0
538000, 162, 0, 0
539000, 172, 0, 0
540000, 160, 0, 0
540999, 153, 0, 0
541999, 153, 0, 0
543000, 159, 0, 0
544000, 156, 0, 0
545000, 148, 0, 0
546000, 170, 0, 0
546999, 140, 0, 0
548000, 146, 0, 0
549000, 147, 0, 0
550000, 149, 0, 0
551000, 153, 0, 0
551999, 150, 0, 0
553000, 171, 0, 0
554000, 155, 0, 0
555000, 156, 0, 0
556000, 140, 0, 0
556999, 162, 0, 0
557999, 141, 0, 0
559000, 150, 0, 0
560000, 155, 0, 0
561000, 163, 0, 0
561999, 156, 0, 0
562999, 153, 0, 0
564000, 155, 0, 0
565000, 146, 0, 0
566000, 151, 0, 0
566999, 148, 0, 0
567999, 149, 0, 0
569000, 147, 0, 0
570000, 164, 0, 0
571000, 152, 0, 0
572000, 137, 0, 0
572999, 153, 0, 0
574000, 161, 0, 0
575000, 145, 0, 0
576000, 141, 0, 0
577000, 146, 0, 0
577999, 151, 0, 0
578999, 141, 0, 0
580000, 141, 0, 0
581000, 144, 0, 0
582000, 128, 0, 0
582999, 142, 0, 0
583999, 147, 0, 0
585000, 158, 0, 0
586000, 150, 0, 0
587000, 145, 0, 0
587999, 149, 0, 0
588999, 148, 0, 0
590000, 139, 0, 0
591000, 139, 0, 0
592000, 149, 0, 0
593000, 146, 0, 0
593999, 142, 0, 0
595000, 143, 0, 0
596000, 135, 0, 0
597000, 144, 0, 0
598000, 156, 0, 0
598999, 151, 0, 0
599999, 144, 0, 0
601000, 140, 0, 0
602000, 138, 0, 0
603000, 145, 0, 0
603999, 145, 0, 0
604999, 147, 0, 0
606000, 146, 0, 0
607000, 143, 0, 0
608000, 143, 0, 0
609000, 149, 0, 0
609999, 133, 0, 0
611000, 154, 0, 0
612000, 130, 0, 0
613000, 141, 0, 0
614000, 141, 0, 0
614999, 154, 0, 0
615999, 143, 0, 0
617000, 143, 0, 0
618000, 138, 0, 0
619000, 144, 0, 0
620000, 141, 0, 0
620999, 143, 0, 0
621999, 148, 0, 0
622999, 131, 0, 0
623999, 141, 0, 0
625000, 149, 0, 0
626000, 140, 0, 0
627000, 139, 0, 0
628000, 132, 0, 0
629000, 128, 0, 0
629999, 141, 0, 0
630999, 138, 0, 0
632000, 141, 0, 0
633000, 139, 0, 0
634000, 146, 0, 0
635000, 131, 0, 0
636000, 138, 0, 0
637000, 145, 0, 0
637999, 131, 0, 0
638999, 138, 0, 0
640000, 136, 0, 0
641000, 137, 0, 0
642000, 138, 0, 0
643000, 142, 0, 0
644000, 137, 0, 0
645000, 147, 0, 0
645999, 126, 0, 0
646999, 147, 0, 0
648000, 137, 0, 0
649000, 137, 0, 0
650000, 145, 0, 0
651000, 130, 0, 0
652000, 146, 0, 0
652999, 136, 0, 0
653999, 137, 0, 0
654999, 128, 0, 0
656000, 136, 0, 0
657000, 137, 0, 0
658000, 139, 0, 0
659000, 139, 0, 0
659999, 137, 0, 0
660999, 138, 0, 0
661999, 136, 0, 0
663000, 136, 0, 0
664000, 138, 0, 0
665000, 138, 0, 0
666000, 137, 0, 0
667000, 137, 0, 0
667999, 136, 0, 0
668999, 137, 0, 0
669999, 124, 0, 0
671000, 128, 0, 0
672000, 138, 0, 0
673000, 137, 0, 0
673999, 130, 0, 0
674999, 145, 0, 0
676000, 129, 0, 0
677000, 130, 0, 0
678000, 137, 0, 0
678999, 131, 0, 0
679999, 139, 0, 0
681000, 128, 0, 0
682000, 129, 0, 0
683000, 125, 0, 0
683999, 136, 0, 0
684999, 129, 0, 0
686000, 145, 0, 0
687000, 137, 0, 0
688000, 123, 0, 0
688999, 139, 0, 0
689999, 144, 0, 0
691000, 138, 0, 0
692000, 137, 0, 0
692999, 129, 0, 0
693999, 172, 0, 0
694999, 136, 0, 0
696000, 138, 0, 0
697000, 138, 0, 0
698000, 137, 0, 0
698999, 145, 0, 0
699999, 136, 0, 0
701000, 139, 0, 0
702000, 136, 0, 0
702999, 142, 0, 0
703999, 132, 0, 0
704999, 137, 0, 0
706000, 133, 0, 0
707000, 136, 0, 0
708000, 136, 0, 0
708999, 128, 0, 0
709999, 137, 0, 0
711000, 136, 0, 0
712000, 137, 0, 0
713000, 136, 0, 0
713999, 137, 0, 0
714999, 136, 0, 0
716000, 136, 0, 0
717000, 145, 0, 0
718000, 176, 0, 0
718999, 133, 0, 0
719999, 136, 0, 0
721000, 136, 0, 0
722000, 136, 0, 0
722999, 137, 0, 0
723999, 144, 0, 0
725000, 131, 0, 0
726000, 146, 0, 0
727000, 145, 0, 0
727999, 129, 0, 0
728999, 136, 0, 0
730000, 137, 0, 0
731000, 138, 0, 0
732000, 129, 0, 0
732999, 138, 0, 0
733999, 144, 0, 0
735000, 137, 0, 0
736000, 129, 0, 0
737000, 137, 0, 0
737999, 125, 0, 0
738999, 148, 0, 0
740000, 136, 0, 0
741000, 132, 0, 0
742000, 136, 0, 0
742999, 136, 0, 0
743999, 137, 0, 0
745000, 136, 0, 0
746000, 138, 0, 0
747000, 129, 0, 0
747999, 137, 0, 0
748999, 136, 0, 0
750000, 122, 0, 0
751000, 129, 0, 0
752000, 136, 0, 0
753000, 137, 0, 0
754000, 136, 0, 0
755000, 140, 0, 0
756000, 137, 0, 0
757000, 136, 0, 0
758000, 137, 0, 0
759000, 145, 0, 0
760000, 138, 0, 0
761000, 128, 0, 0
762000, 137, 0, 0
763000, 138, 0, 0
764000, 138, 0, 0
765000, 136, 0, 0
766000, 136, 0, 0
767000, 131, 0, 0
768000, 137, 0, 0
769001, 136, 0, 0
770000, 138, 0, 0
771000, 136, 0, 0
772000, 144, 0, 0
773000, 128, 0, 0
774000, 136, 0, 0
775000, 146, 0, 0
776001, 127, 0, 0
777000, 137, 0, 0
778000, 136, 0, 0
779000, 136, 0, 0
780000, 136, 0, 0
781000, 128, 0, 0
782000, 138, 0, 0
783000, 137, 0, 0
784000, 137, 0, 0
785000, 138, 0, 0
786000, 128, 0, 0
787000, 136, 0, 0
788000, 130, 0, 0
789000, 136, 0, 0
790000, 136, 0, 0
791001, 128, 0, 0
792000, 148, 0, 0
793000, 138, 0, 0
794000, 136, 0, 0
795000, 136, 0, 0
796000, 138, 0, 0
797000, 129, 0, 0
798000, 137, 0, 0
799000, 132, 0, 0
800000, 138, 0, 0
801000, 137, 0, 0
802000, 138, 0, 0
803000, 132, 0, 0
804000, 176, 0, 0
805001, 145, 0, 0
806000, 137, 0, 0
807000, 129, 0, 0
808000, 137, 0, 0
809000, 136, 0, 0
810000, 128, 0, 0
811000, 136, 0, 0
811999, 145, 0, 0
813000, 128, 0, 0
814000, 137, 0, 0
815000, 145, 0, 0
815999, 128, 0, 0
816999, 146, 0, 0
817999, 129, 0, 0
818998, 136, 0, 0
819998, 136, 0, 0
820998, 119, 0, 0
821999, 136, 0, 0
822998, 146, 0, 0
823998, 136, 0, 0
824998, 136, 0, 0
825998, 146, 0, 0
826997, 129, 0, 0
827997, 144, 0, 0
828998, 136, 0, 0
829997, 128, 0, 0
830997, 128, 0, 0
831997, 144, 0, 0
832997, 131, 0, 0
833996, 136, 0, 0
834996, 144, 0, 0
835997, 137, 0, 0
836996, 138, 0, 0
837996, 136, 0, 0
838996, 129, 0, 0
839996, 138, 0, 0
840995, 137, 0, 0
841995, 144, 0, 0
842995, 138, 0, 0
843994, 138, 0, 0
844995, 136, 0, 0
845995, 136, 0, 0
846995, 137, 0, 0
847994, 145, 0, 0
848994, 136, 0, 0
849994, 137, 0, 0
850993, 140, 0, 0
851994, 137, 0, 0
852994, 136, 0, 0
853994, 145, 0, 0
854993, 130, 0, 0
855993, 146, 0, 0
856993, 129, 0, 0
857992, 137, 0, 0
858992, 137, 0, 0
859993, 140, 0, 0
860993, 137, 0, 0
861992, 148, 0, 0
862992, 120, 0, 0
863992, 147, 0, 0
864991, 132, 0, 0
865991, 133, 0, 0
866992, 147, 0, 0
867992, 129, 0, 0
868991, 129, 0, 0
869991, 138, 0, 0
870991, 148, 0, 0
872000, 136, 0, 0
873000, 138, 0, 0
873991, 138, 0, 0
874991, 146, 0, 0
876000, 138, 0, 0
877000, 136, 0, 0
878000, 118, 0, 0
878999, 136, 0, 0
879999, 128, 0, 0
881000, 145, 0, 0
882000, 137, 0, 0
883000, 136, 0, 0
883999, 147, 0, 0
884999, 163, 0, 0
886000, 144, 0, 0
887000, 128, 0, 0
887999, 137, 0, 0
888999, 138, 0, 0
889999, 149, 0, 0
891000, 124, 0, 0
892000, 137, 0, 0
893000, 138, 0, 0
893999, 128, 0, 0
894999, 135, 0, 0
896000, 144, 0, 0
897000, 128, 0, 0
898000, 122, 0, 0
898999, 146, 0, 0
899999, 128, 0, 0
901000, 135, 0, 0
902000, 137, 0, 0
903000, 137, 0, 0
903999, 124, 0, 0
904999, 135, 0, 0
905999, 136, 0, 0
907000, 145, 0, 0
908000, 138, 0, 0
909000, 139, 0, 0
909999, 128, 0, 0
910999, 130, 0, 0
912000, 126, 0, 0
913000, 128, 0, 0
914000, 124, 0, 0
914999, 138, 0, 0
915999, 136, 0, 0
917000, 140, 0, 0
918000, 135, 0, 0
919000, 124, 0, 0
919999, 140, 0, 0
920999, 136, 0, 0
922000, 137, 0, 0
923000, 129, 0, 0
924000, 124, 0, 0
924999, 138, 0, 0
925999, 136, 0, 0
927000, 136, 0, 0
928000, 138, 0, 0
928999, 176, 0, 0
929999, 136, 0, 0
930999, 136, 0, 0
932000, 145, 0, 0
933000, 137, 0, 0
934000, 125, 0, 0
934999, 136, 0, 0
935999, 145, 0, 0
937000, 138, 0, 0
938000, 139, 0, 0
939000, 144, 0, 0
939999, 124, 0, 0
941000, 128, 0, 0
942000, 139, 0, 0
943000, 137, 0, 0
943999, 137, 0, 0
944999, 145, 0, 0
946000, 136, 0, 0
947000, 138, 0, 0
948000, 136, 0, 0
948999, 137, 0, 0
949999, 138, 0, 0
951000, 124, 0, 0
952000, 136, 0, 0
953000, 130, 0, 0
953999, 136, 0, 0
954999, 137, 0, 0
956000, 145, 0, 0
957000, 137, 0, 0
958000, 145, 0, 0
958999, 137, 0, 0
959999, 137, 0, 0
961000, 138, 0, 0
962000, 136, 0, 0
963000, 137, 0, 0
963999, 137, 0, 0
964999, 137, 0, 0
966000, 137, 0, 0
967000, 137, 0, 0
968000, 118, 0, 0
968999, 136, 0, 0
969999, 138, 0, 0
971000, 137, 0, 0
972000, 144, 0, 0
972999, 124, 0, 0
973999, 136, 0, 0
974999, 145, 0, 0
976000, 137, 0, 0
977000, 136, 0, 0
978000, 122, 0, 0
978999, 129, 0, 0
979999, 127, 0, 0
981000, 139, 0, 0
982000, 137, 0, 0
983000, 139, 0, 0
983999, 145, 0, 0
984999, 136, 0, 0
986000, 144, 0, 0
987000, 139, 0, 0
988000, 137, 0, 0
988999, 128, 0, 0
990000, 133, 0, 0
991000, 137, 0, 0
991999, 129, 0, 0
992999, 147, 0, 0
993999, 136, 0, 0
995000, 136, 0, 0
996000, 136, 0, 0
997000, 136, 0, 0
998000, 136, 0, 0
998999, 137, 0, 0
1000000, 131, 0, 0
1001000, 131, 0, 0
1002000, 144, 0, 0
1002999, 128, 0, 0
1003999, 144, 0, 0
1005000, 145, 0, 0
1006000, 137, 0, 0
1006999, 138, 0, 0
1007999, 137, 0, 0
1008999, 137, 0, 0
1010000, 145, 0, 0
1011000, 136, 0, 0
1012000, 137, 0, 0
1012999, 138, 0, 0
1013999, 136, 0, 0
1015000, 136, 0, 0
1016000, 129, 0, 0
1017000, 137, 0, 0
1017999, 136, 0, 0
1018999, 125, 0, 0
1020000, 135, 0, 0
1021000, 137, 0, 0
1022000, 137, 0, 0
1022999, 137, 0, 0
1023999, 139, 0, 0
1025000, 137, 0, 0
1026000, 136, 0, 0
1027000, 130, 0, 0
1027999, 128, 0, 0
1028999, 136, 0, 0
1030000, 138, 0, 0
1031000, 136, 0, 0
1032000, 128, 0, 0
1032999, 138, 0, 0
1033999, 128, 0, 0
1035000, 146, 0, 0
1036000, 137, 0, 0
1037000, 147, 0, 0
1037999, 136, 0, 0
1038999, 147, 0, 0
1040000, 136, 0, 0
1041000, 129, 0, 0
1042000, 128, 0, 0
1042999, 136, 0, 0
1043999, 145, 0, 0
1045000, 173, 0, 0
1046000, 135, 0, 0
1046999, 148, 0, 0
1047999, 145, 0, 0
1049000, 128, 0, 0
1050000, 146, 0, 0
1051000, 137, 0, 0
1051999, 136, 0, 0
1052999, 138, 0, 0
1054000, 136, 0, 0
1055000, 137, 0, 0
1056000, 136, 0, 0
1056999, 140, 0, 0
1057999, 136, 0, 0
1059000, 136, 0, 0
1060000, 136, 0, 0
1061000, 147, 0, 0
1061999, 137, 0, 0
1062999, 141, 0, 0
1064000, 129, 0, 0
1065000, 146, 0, 0
1066000, 137, 0, 0
1066999, 128, 0, 0
1067999, 137, 0, 0
1069000, 137, 0, 0
1070000, 129, 0, 0
1070999, 137, 0, 0
1071999, 130, 0, 0
1072999, 141, 0, 0
1074000, 138, 0, 0
1075000, 176, 0, 0
1076000, 139, 0, 0
1076999, 139, 0, 0
1077999, 122, 0, 0
1079000, 128, 0, 0
1080000, 144, 0, 0
1081000, 125, 0, 0
1081999, 137, 0, 0
1082999, 136, 0, 0
1084000, 129, 0, 0
1085000, 131, 0, 0
1086000, 136, 0, 0
1086999, 138, 0, 0
1087999, 128, 0, 0
1089000, 136, 0, 0
1090000, 144, 0, 0
1091000, 137, 0, 0
1091999, 137, 0, 0
1092999, 137, 0, 0
1094000, 137, 0, 0
1095000, 124, 0, 0
1095999, 136, 0, 0
1096999, 137, 0, 0
1097999, 176, 0, 0
1099000, 129, 0, 0
1100000, 132, 0, 0
1100999, 145, 0, 0
1101999, 136, 0, 0
1103000, 144, 0, 0
1104000, 132, 0, 0
1105000, 126, 0, 0
1105999, 144, 0, 0
1107000, 138, 0, 0
1108000, 125, 0, 0
1109000, 128, 0, 0
1110000, 129, 0, 0
1110999, 146, 0, 0
1112000, 129, 0, 0
1113000, 144, 0, 0
1114000, 123, 0, 0
1114999, 146, 0, 0
1115999, 135, 0, 0
1117000, 144, 0, 0
1118000, 137, 0, 0
1119000, 126, 0, 0
1120000, 136, 0, 0
1120999, 144, 0, 0
1122000, 128, 0, 0
1123000, 137, 0, 0
1124000, 144, 0, 0
1124999, 137, 0, 0
1125999, 138, 0, 0
1127000, 137, 0, 0
1128000, 136, 0, 0
1129000, 137, 0, 0
1129999, 136, 0, 0
1130999, 135, 0, 0
1132000, 137, 0, 0
1133000, 137, 0, 0
1134000, 136, 0, 0
1134999, 137, 0, 0
1135999, 136, 0, 0
1137000, 137, 0, 0
1138000, 136, 0, 0
1139000, 129, 0, 0
1140000, 138, 0, 0
1140999, 136, 0, 0
1141999, 145, 0, 0
1143000, 129, 0, 0
1144000, 144, 0, 0
1144999, 136, 0, 0
1145999, 145, 0, 0
1146999, 139, 0, 0
1148000, 146, 0, 0
1149000, 137, 0, 0
1150000, 137, 0, 0
1150999, 120, 0, 0
1151999, 137, 0, 0
1153000, 129, 0, 0
1154000, 144, 0, 0
1155000, 128, 0, 0
1155999, 145, 0, 0
1156999, 117, 0, 0
1158000, 144, 0, 0
1159000, 136, 0, 0
1160000, 133, 0, 0
1160999, 138, 0, 0
1162000, 129, 0, 0
1163000, 136, 0, 0
1164000, 137, 0, 0
1164999, 136, 0, 0
1165999, 146, 0, 0
1167000, 136, 0, 0
1168000, 144, 0, 0
1168999, 139, 0, 0
1169999, 130, 0, 0
1170999, 136, 0, 0
1172000, 136, 0, 0
1173000, 137, 0, 0
1174000, 137, 0, 0
1174999, 144, 0, 0
1175999, 136, 0, 0
1177000, 128, 0, 0
1178000, 136, 0, 0
1178999, 128, 0, 0
1179999, 136, 0, 0
1180999, 137, 0, 0
1182000, 145, 0, 0
1183000, 137, 0, 0
1184000, 138, 0, 0
1184999, 137, 0, 0
1185999, 137, 0, 0
1187000, 140, 0, 0
1188000, 138, 0, 0
1189000, 130, 0, 0
1189999, 139, 0, 0
1190999, 136, 0, 0
1192000, 137, 0, 0
1193000, 145, 0, 0
1193999, 124, 0, 0
1194999, 147, 0, 0
1195999, 138, 0, 0
1197000, 137, 0, 0
1198000, 138, 0, 0
1198999, 137, 0, 0
1199999, 136, 0, 0
