1001, 428938003, 0, 0
2047, 450854989, 0, 0
3046, 456464049, 0, 0
4049, 455173748, 0, 0
5056, 454477986, 0, 0
6031, 451183838, 0, 0
7023, 450926038, 0, 0
8031, 461434965, 0, 0
9040, 454398610, 0, 0
10038, 460592206, 0, 0
11022, 435658182, 0, 0
12005, 448650764, 0, 0
13050, 457783715, 0, 0
14022, 464631069, 0, 0
15041, 478297939, 0, 0
16040, 451548543, 0, 0
17023, 458605492, 0, 0
18027, 439648801, 0, 0
19019, 457254998, 0, 0
20019, 456628267, 0, 0
21049, 436480699, 0, 0
22027, 457974450, 0, 0
23025, 439107720, 0, 0
24019, 452586894, 0, 0
25040, 458102894, 0, 0
26033, 443201007, 0, 0
27028, 455209301, 0, 0
28052, 437520990, 0, 0
29006, 445805104, 0, 0
30054, 438347807, 0, 0
31024, 445553075, 0, 0
32050, 422081674, 0, 0
33027, 442661104, 0, 0
34000, 440280842, 0, 0
35008, 473831252, 0, 0
36005, 432804864, 0, 0
37025, 443273297, 0, 0
38048, 461474638, 0, 0
39044, 447488944, 0, 0
40012, 457139662, 0, 0
41036, 426603732, 0, 0
42004, 462569239, 0, 0
43052, 440986582, 0, 0
44017, 457542807, 0, 0
45039, 451176505, 0, 0
46005, 458567357, 0, 0
47005, 438525829, 0, 0
48008, 440147204, 0, 0
49005, 446753085, 0, 0
50009, 438851568, 0, 0
51029, 423719234, 0, 0
52021, 433491761, 0, 0
53003, 431186134, 0, 0
54023, 424816580, 0, 0
55049, 442376643, 0, 0
56055, 435842118, 0, 0
57010, 444296932, 0, 0
58001, 445219667, 0, 0
59053, 441522215, 0, 0
60045, 429282152, 0, 0
61046, 416399603, 0, 0
62002, 445465150, 0, 0
63051, 436967204, 0, 0
64034, 402383027, 0, 0
65041, 431702251, 0, 0
66023, 447048686, 0, 0
67042, 466119317, 0, 0
68047, 431227154, 0, 0
69032, 426703997, 0, 0
70009, 454666817, 0, 0
71050, 413937813, 0, 0
72014, 442572165, 0, 0
73033, 416346177, 0, 0
74008, 410597999, 0, 0
75003, 421120470, 0, 0
76055, 461933908, 0, 0
77042, 406945863, 0, 0
78034, 434083265, 0, 0
79021, 409279263, 0, 0
80007, 408726331, 0, 0
81051, 432433759, 0, 0
82053, 421378726, 0, 0
83047, 417090628, 0, 0
84052, 401779624, 0, 0
85028, 437390225, 0, 0
86007, 410314857, 0, 0
87007, 419811423, 0, 0
88006, 403899717, 0, 0
89020, 426225805, 0, 0
90020, 405168373, 0, 0
91013, 398581088, 0, 0
92013, 423849947, 0, 0
93028, 396831727, 0, 0
94034, 335836488, 0, 0
95044, 431151651, 0, 0
96015, 396114914, 0, 0
97049, 429786585, 0, 0
98010, 393151321, 0, 0
99011, 409682399, 0, 0
100031, 419414185, 0, 0
101023, 395592473, 0, 0
102041, 397535663, 0, 0
103002, 395270886, 0, 0
104055, 402993165, 0, 0
105003, 386233628, 0, 0
106035, 384616987, 0, 0
107054, 422793996, 0, 0
108013, 417219219, 0, 0
109035, 407067163, 0, 0
110025, 382366136, 0, 0
111051, 426950242, 0, 0
112051, 420696663, 0, 0
113005, 411370596, 0, 0
114018, 411879739, 0, 0
115009, 393916878, 0, 0
116046, 405004606, 0, 0
117039, 413354205, 0, 0
118041, 424437917, 0, 0
119037, 407346143, 0, 0
120012, 436216139, 0, 0
121010, 392770836, 0, 0
122006, 398572147, 0, 0
123000, 423498571, 0, 0
124054, 390645027, 0, 0
125010, 405862109, 0, 0
126021, 387932879, 0, 0
127020, 414407702, 0, 0
128028, 419039277, 0, 0
129028, 423664189, 0, 0
130047, 417677827, 0, 0
131013, 396105497, 0, 0
132031, 405258150, 0, 0
133031, 409575043, 0, 0
134013, 413157837, 0, 0
135025, 411669322, 0, 0
136047, 409511270, 0, 0
137020, 407691687, 0, 0
138002, 388029996, 0, 0
139026, 398908631, 0, 0
140015, 391308382, 0, 0
141028, 406775050, 0, 0
142036, 416641680, 0, 0
143041, 388152910, 0, 0
144028, 399461872, 0, 0
145013, 418715880, 0, 0
146040, 387185874, 0, 0
147020, 409315179, 0, 0
148028, 407975043, 0, 0
149026, 426865320, 0, 0
150016, 417139694, 0, 0
151026, 419432006, 0, 0
152049, 393428105, 0, 0
153002, 415642213, 0, 0
154020, 378144051, 0, 0
155023, 392298602, 0, 0
156022, 430669367, 0, 0
157015, 411173161, 0, 0
158002, 391801694, 0, 0
159053, 426044450, 0, 0
160028, 385726868, 0, 0
161016, 383745441, 0, 0
162009, 392931193, 0, 0
163025, 404421015, 0, 0
164047, 399852086, 0, 0
165031, 410560336, 0, 0
166036, 415019833, 0, 0
167037, 420263556, 0, 0
168022, 428184994, 0, 0
169010, 398390699, 0, 0
170015, 387417239, 0, 0
171005, 394633843, 0, 0
172050, 400089384, 0, 0
173002, 439804868, 0, 0
174031, 420306104, 0, 0
175003, 399809356, 0, 0
176036, 379386609, 0, 0
177052, 413153155, 0, 0
178028, 402360400, 0, 0
179015, 398137408, 0, 0
180022, 415412146, 0, 0
181023, 396453199, 0, 0
182031, 411235294, 0, 0
183016, 393627619, 0, 0
184010, 432530599, 0, 0
185004, 415890344, 0, 0
186026, 413999198, 0, 0
187031, 437894207, 0, 0
188004, 403449008, 0, 0
189026, 421375547, 0, 0
190010, 438226725, 0, 0
191030, 370454175, 0, 0
192026, 424416976, 0, 0
193028, 460315490, 0, 0
194048, 385536074, 0, 0
195050, 429631961, 0, 0
196056, 416907841, 0, 0
197006, 430760443, 0, 0
198054, 406019503, 0, 0
199036, 409744668, 0, 0
200021, 413842458, 0, 0
201039, 428163640, 0, 0
202009, 415134741, 0, 0
203026, 411788182, 0, 0
204036, 416836503, 0, 0
205017, 434138543, 0, 0
206054, 394081748, 0, 0
207057, 403214432, 0, 0
208002, 407027402, 0, 0
209060, 397368692, 0, 0
210053, 427921126, 0, 0
211027, 390699518, 0, 0
212028, 409781596, 0, 0
213011, 413440619, 0, 0
214023, 417997018, 0, 0
215015, 395075750, 0, 0
216012, 403449827, 0, 0
217040, 408785874, 0, 0
218038, 391014043, 0, 0
219047, 424975233, 0, 0
220053, 430325458, 0, 0
221026, 394246670, 0, 0
222002, 422512435, 0, 0
223052, 440411596, 0, 0
224042, 401681929, 0, 0
225036, 388601647, 0, 0
226018, 416565151, 0, 0
227006, 434943950, 0, 0
228016, 407342625, 0, 0
229014, 373870744, 0, 0
230006, 390223457, 0, 0
231008, 399457666, 0, 0
232051, 401550451, 0, 0
233042, 370937141, 0, 0
234011, 385947308, 0, 0
235015, 431877752, 0, 0
236040, 408993408, 0, 0
237039, 428948067, 0, 0
238042, 424944538, 0, 0
239032, 404323657, 0, 0
240039, 401728885, 0, 0
241015, 416848096, 0, 0
242054, 392418110, 0, 0
243014, 401243601, 0, 0
244006, 415226950, 0, 0
245014, 398654033, 0, 0
246048, 400633284, 0, 0
247036, 445932931, 0, 0
248028, 422668558, 0, 0
249025, 397112891, 0, 0
250013, 402185203, 0, 0
251048, 404105973, 0, 0
252001, 398410972, 0, 0
253039, 407689541, 0, 0
254012, 434915281, 0, 0
255002, 397762928, 0, 0
256044, 433779398, 0, 0
257060, 403988403, 0, 0
258047, 414316319, 0, 0
259052, 420703570, 0, 0
260002, 413849362, 0, 0
261016, 383808063, 0, 0
262011, 403612016, 0, 0
263033, 387002213, 0, 0
264012, 381564090, 0, 0
265039, 433830876, 0, 0
266029, 399601492, 0, 0
267043, 420075136, 0, 0
268038, 420403859, 0, 0
269008, 411944952, 0, 0
270023, 420963449, 0, 0
271029, 385841722, 0, 0
272015, 423592308, 0, 0
273035, 403131200, 0, 0
274061, 408535520, 0, 0
275027, 430188380, 0, 0
276031, 379699608, 0, 0
277035, 404899325, 0, 0
278009, 380008483, 0, 0
279022, 410976715, 0, 0
280026, 412217946, 0, 0
281010, 401564727, 0, 0
282037, 397093878, 0, 0
283061, 426642915, 0, 0
284049, 387327229, 0, 0
285006, 412259005, 0, 0
286050, 391055193, 0, 0
287034, 412122157, 0, 0
288011, 396340310, 0, 0
289061, 396880319, 0, 0
290014, 408756017, 0, 0
291024, 413910860, 0, 0
292021, 410736986, 0, 0
293043, 381901036, 0, 0
294011, 384501881, 0, 0
295040, 398559969, 0, 0
296033, 413936463, 0, 0
297037, 440280790, 0, 0
298020, 417845995, 0, 0
299017, 395942557, 0, 0
300015, 395711579, 0, 0
301034, 410723663, 0, 0
302026, 419486384, 0, 0
303023, 422196030, 0, 0
304042, 392393408, 0, 0
305057, 410142385, 0, 0
306019, 429389614, 0, 0
307031, 416768271, 0, 0
308002, 395568040, 0, 0
309042, 380969529, 0, 0
310034, 411644457, 0, 0
311002, 396026570, 0, 0
312052, 393975498, 0, 0
313052, 399166772, 0, 0
314048, 430315412, 0, 0
315000, 424727958, 0, 0
316040, 396624880, 0, 0
317032, 413056638, 0, 0
318004, 380280233, 0, 0
319035, 420884437, 0, 0
320034, 399116567, 0, 0
321004, 402528564, 0, 0
322003, 411095484, 0, 0
323019, 409120938, 0, 0
324057, 420482039, 0, 0
325035, 386560156, 0, 0
326032, 425190248, 0, 0
327034, 399746492, 0, 0
328019, 381607237, 0, 0
329031, 427979180, 0, 0
330032, 404703174, 0, 0
331060, 400419374, 0, 0
332050, 402132088, 0, 0
333010, 397986513, 0, 0
334036, 405905720, 0, 0
335018, 395807329, 0, 0
336042, 409744013, 0, 0
337013, 391169252, 0, 0
338052, 386959466, 0, 0
339051, 404206473, 0, 0
340054, 382713414, 0, 0
341022, 409110715, 0, 0
342050, 423393099, 0, 0
343026, 393590373, 0, 0
344033, 382290816, 0, 0
345030, 419688333, 0, 0
346051, 365940814, 0, 0
347002, 404273487, 0, 0
348001, 403755051, 0, 0
349008, 413225452, 0, 0
350047, 384172875, 0, 0
351036, 411449311, 0, 0
352030, 393460520, 0, 0
353009, 425703725, 0, 0
354027, 415622996, 0, 0
355031, 404914295, 0, 0
356011, 386614943, 0, 0
357053, 407550274, 0, 0
358003, 388027317, 0, 0
359066, 372677437, 0, 0
360043, 395791343, 0, 0
361039, 391122620, 0, 0
362053, 396666467, 0, 0
363051, 370993272, 0, 0
364034, 373374500, 0, 0
365018, 380595849, 0, 0
366002, 411004406, 0, 0
367042, 412375494, 0, 0
368052, 364211423, 0, 0
369024, 373797483, 0, 0
370027, 394107469, 0, 0
371020, 383547527, 0, 0
372019, 390368622, 0, 0
373026, 386627099, 0, 0
374002, 388216595, 0, 0
375013, 391437702, 0, 0
376017, 377729257, 0, 0
377026, 407328547, 0, 0
378035, 418587401, 0, 0
379031, 390820914, 0, 0
380006, 394965565, 0, 0
381043, 387158343, 0, 0
382002, 367934278, 0, 0
383030, 399606317, 0, 0
384013, 392391722, 0, 0
385019, 380513712, 0, 0
386047, 392593869, 0, 0
387022, 417855826, 0, 0
388008, 377724514, 0, 0
389022, 387946318, 0, 0
390004, 405470039, 0, 0
391019, 368960319, 0, 0
392026, 405284752, 0, 0
393021, 388705926, 0, 0
394050, 392118438, 0, 0
395005, 399475165, 0, 0
396027, 384393269, 0, 0
397017, 399868698, 0, 0
398047, 386504394, 0, 0
399021, 409617661, 0, 0
400058, 379671022, 0, 0
401011, 390128613, 0, 0
402036, 400852479, 0, 0
403019, 379429732, 0, 0
404046, 395347611, 0, 0
405011, 388761308, 0, 0
406031, 408569953, 0, 0
407043, 415109337, 0, 0
408009, 376695604, 0, 0
409046, 372061885, 0, 0
410050, 379740566, 0, 0
411054, 371766652, 0, 0
412056, 403602633, 0, 0
413016, 391770279, 0, 0
414035, 388258604, 0, 0
415044, 381721658, 0, 0
416015, 389266845, 0, 0
417007, 340591850, 0, 0
418035, 380544757, 0, 0
419023, 373858913, 0, 0
420027, 371097713, 0, 0
421050, 398180733, 0, 0
422011, 356026457, 0, 0
423042, 373441562, 0, 0
424060, 385916105, 0, 0
425017, 368284268, 0, 0
426036, 391608460, 0, 0
427004, 359211539, 0, 0
428006, 367048139, 0, 0
429006, 364929006, 0, 0
430019, 387562760, 0, 0
431023, 362123527, 0, 0
432021, 394749302, 0, 0
433027, 371021515, 0, 0
434038, 344086265, 0, 0
435010, 354303189, 0, 0
436005, 370367161, 0, 0
437009, 387171934, 0, 0
438015, 343354661, 0, 0
439054, 345506906, 0, 0
440016, 369143192, 0, 0
441001, 371396423, 0, 0
442009, 377410518, 0, 0
443015, 375786508, 0, 0
444053, 390355863, 0, 0
445062, 368306670, 0, 0
446024, 370580166, 0, 0
447009, 364443257, 0, 0
448015, 348144121, 0, 0
449006, 363139986, 0, 0
450027, 390945135, 0, 0
451013, 363748590, 0, 0
452054, 356021493, 0, 0
453046, 354262046, 0, 0
454004, 342784281, 0, 0
455046, 361740645, 0, 0
456036, 373160196, 0, 0
457059, 380654724, 0, 0
458012, 389048503, 0, 0
459020, 371216605, 0, 0
460051, 388243428, 0, 0
461026, 358696828, 0, 0
462043, 337707019, 0, 0
463028, 347699548, 0, 0
464029, 365861636, 0, 0
465009, 333180787, 0, 0
466030, 373822185, 0, 0
467045, 389954850, 0, 0
468010, 382126359, 0, 0
469034, 391958997, 0, 0
470011, 386417616, 0, 0
471011, 378976009, 0, 0
472045, 399954706, 0, 0
473008, 363855991, 0, 0
474006, 359010773, 0, 0
475047, 394298144, 0, 0
476003, 393346799, 0, 0
477016, 385637274, 0, 0
478035, 379632531, 0, 0
479006, 368942891, 0, 0
480007, 388131654, 0, 0
481053, 387664668, 0, 0
482019, 388867821, 0, 0
483041, 376331007, 0, 0
484016, 377967589, 0, 0
485013, 367427836, 0, 0
486055, 370592583, 0, 0
487011, 395492258, 0, 0
488036, 391053515, 0, 0
489055, 373070496, 0, 0
490000, 431293218, 0, 0
491015, 386619311, 0, 0
492043, 363967476, 0, 0
493011, 366344839, 0, 0
494009, 396766157, 0, 0
495055, 381272201, 0, 0
496018, 361314189, 0, 0
497000, 387134055, 0, 0
498033, 380490871, 0, 0
499053, 429598119, 0, 0
500016, 398700986, 0, 0
501008, 353644952, 0, 0
502056, 377675358, 0, 0
503056, 365748351, 0, 0
504027, 382257894, 0, 0
505032, 365453739, 0, 0
506039, 390570499, 0, 0
507028, 401593371, 0, 0
508043, 366644526, 0, 0
509008, 366067331, 0, 0
510015, 373929943, 0, 0
511012, 375641163, 0, 0
512001, 382342765, 0, 0
513017, 371479537, 0, 0
514052, 380879951, 0, 0
515029, 388946944, 0, 0
516006, 386870054, 0, 0
517011, 400346270, 0, 0
518055, 387782565, 0, 0
519035, 373120547, 0, 0
520019, 397236205, 0, 0
521051, 393880709, 0, 0
522051, 393786330, 0, 0
523013, 390055850, 0, 0
524010, 405845642, 0, 0
525001, 386599199, 0, 0
526058, 409914021, 0, 0
527024, 382936970, 0, 0
528036, 413013720, 0, 0
529035, 410636310, 0, 0
530027, 410143735, 0, 0
531003, 400332491, 0, 0
532003, 396660825, 0, 0
533028, 407294937, 0, 0
534035, 405736425, 0, 0
535041, 419406609, 0, 0
536005, 397360686, 0, 0
537020, 412322485, 0, 0
538009, 402683030, 0, 0
539047, 374883043, 0, 0
540030, 382509683, 0, 0
541007, 405588378, 0, 0
542025, 417193345, 0, 0
543006, 384046149, 0, 0
544029, 408200098, 0, 0
545016, 426872248, 0, 0
546039, 385798725, 0, 0
547049, 426251883, 0, 0
548010, 442555231, 0, 0
549049, 431097438, 0, 0
550030, 415462313, 0, 0
551006, 412003543, 0, 0
552023, 414740779, 0, 0
553034, 382699604, 0, 0
554029, 398477729, 0, 0
555042, 410234866, 0, 0
556015, 438571265, 0, 0
557044, 401850101, 0, 0
558017, 415542603, 0, 0
559028, 431015169, 0, 0
560010, 412188494, 0, 0
561056, 395398572, 0, 0
562055, 416909226, 0, 0
563024, 394881384, 0, 0
564026, 397168961, 0, 0
565041, 439736321, 0, 0
566022, 416996543, 0, 0
567050, 431723882, 0, 0
568061, 435857421, 0, 0
569000, 401561052, 0, 0
570049, 409391567, 0, 0
571049, 393514139, 0, 0
572022, 450365679, 0, 0
573020, 424731803, 0, 0
574051, 400157338, 0, 0
575027, 411170329, 0, 0
576041, 451921693, 0, 0
577006, 435908704, 0, 0
578021, 416551979, 0, 0
579028, 440191063, 0, 0
580005, 437848892, 0, 0
581136, 434252951, 0, 0
582045, 508892099, 0, 0
583040, 450962325, 0, 0
584007, 413885136, 0, 0
585037, 410593122, 0, 0
586020, 416264155, 0, 0
587026, 440747177, 0, 0
588041, 420275727, 0, 0
589066, 428415349, 0, 0
590038, 457652711, 0, 0
591034, 442942816, 0, 0
592011, 414791710, 0, 0
593015, 427453684, 0, 0
594031, 454065263, 0, 0
595022, 443156164, 0, 0
596022, 447526773, 0, 0
597026, 449787382, 0, 0
598054, 422747583, 0, 0
599058, 419427013, 0, 0
600029, 425880302, 0, 0
601025, 433059467, 0, 0
602017, 462061142, 0, 0
603023, 430913109, 0, 0
604026, 439576528, 0, 0
605003, 421143868, 0, 0
606021, 431877161, 0, 0
607013, 431987522, 0, 0
608026, 458034265, 0, 0
609061, 437640220, 0, 0
610006, 434155728, 0, 0
611038, 436778141, 0, 0
612019, 466905522, 0, 0
613013, 446966985, 0, 0
614002, 436185135, 0, 0
615038, 433143600, 0, 0
616059, 445462509, 0, 0
617029, 430273808, 0, 0
618027, 451781305, 0, 0
619030, 443259245, 0, 0
620016, 439394797, 0, 0
621028, 441008950, 0, 0
622073, 442119254, 0, 0
623017, 462772015, 0, 0
624020, 441314446, 0, 0
625042, 434280305, 0, 0
626021, 438854139, 0, 0
627008, 443193843, 0, 0
628019, 485436058, 0, 0
629027, 479926306, 0, 0
630018, 461705431, 0, 0
631009, 447632703, 0, 0
632041, 454249298, 0, 0
633001, 451174944, 0, 0
634000, 436084467, 0, 0
635000, 462859094, 0, 0
636006, 462422802, 0, 0
637040, 455197729, 0, 0
638018, 461509003, 0, 0
639028, 458007785, 0, 0
640048, 465020719, 0, 0
641036, 472519555, 0, 0
642043, 452936620, 0, 0
643009, 438380783, 0, 0
644012, 451376653, 0, 0
645041, 442215784, 0, 0
646017, 481128456, 0, 0
647047, 452404628, 0, 0
648038, 453998398, 0, 0
649025, 445999118, 0, 0
650062, 449280462, 0, 0
651006, 457378003, 0, 0
652039, 451568435, 0, 0
653044, 456415859, 0, 0
654058, 470367759, 0, 0
655002, 467669168, 0, 0
656052, 484540843, 0, 0
657046, 465642156, 0, 0
658033, 441567027, 0, 0
659053, 457444807, 0, 0
660033, 455688714, 0, 0
661007, 445329384, 0, 0
662006, 458403638, 0, 0
663000, 461523385, 0, 0
664008, 457255049, 0, 0
665015, 468224205, 0, 0
666005, 458265677, 0, 0
667043, 472195801, 0, 0
668029, 457215647, 0, 0
669012, 451992622, 0, 0
670051, 508630914, 0, 0
671057, 504995298, 0, 0
672044, 462935905, 0, 0
673060, 458029309, 0, 0
674025, 475354774, 0, 0
675045, 450665398, 0, 0
676046, 468490265, 0, 0
677021, 477646873, 0, 0
678047, 469989364, 0, 0
679009, 465971707, 0, 0
680049, 474101944, 0, 0
681019, 468073472, 0, 0
682012, 482615568, 0, 0
683022, 519084734, 0, 0
684020, 460481350, 0, 0
685000, 471729812, 0, 0
686041, 463574705, 0, 0
687005, 445671545, 0, 0
688004, 498271067, 0, 0
689007, 464527617, 0, 0
690052, 446579472, 0, 0
691051, 463396283, 0, 0
692024, 451923379, 0, 0
693043, 464819159, 0, 0
694015, 371163249, 0, 0
695036, 481870120, 0, 0
696031, 458863163, 0, 0
697018, 439805558, 0, 0
698032, 474606668, 0, 0
699049, 441588989, 0, 0
700011, 450058636, 0, 0
701015, 449886858, 0, 0
702000, 456343055, 0, 0
703049, 464808248, 0, 0
704016, 459510534, 0, 0
705030, 460078422, 0, 0
706025, 472478387, 0, 0
707009, 462975459, 0, 0
708042, 473804918, 0, 0
709005, 472250366, 0, 0
710002, 461078246, 0, 0
711026, 474119026, 0, 0
712038, 469779068, 0, 0
713022, 450454557, 0, 0
714060, 484504881, 0, 0
715042, 448299147, 0, 0
716020, 459151384, 0, 0
717072, 448456911, 0, 0
718029, 413909800, 0, 0
719020, 381332794, 0, 0
720003, 456985590, 0, 0
721000, 458728008, 0, 0
722009, 459323677, 0, 0
723014, 471457653, 0, 0
724051, 450265112, 0, 0
725000, 458252327, 0, 0
726015, 447682240, 0, 0
727053, 443240606, 0, 0
728000, 460641901, 0, 0
729005, 466785062, 0, 0
730020, 458834971, 0, 0
731032, 467620519, 0, 0
732020, 477087021, 0, 0
733005, 456869265, 0, 0
734029, 449782791, 0, 0
735032, 462808995, 0, 0
736007, 474468368, 0, 0
737027, 467206851, 0, 0
738011, 496780412, 0, 0
739043, 441553063, 0, 0
740045, 453266066, 0, 0
741003, 465362155, 0, 0
742033, 471659005, 0, 0
743017, 465179411, 0, 0
744009, 456221504, 0, 0
745025, 465452767, 0, 0
746049, 459216170, 0, 0
747014, 477054099, 0, 0
748028, 472219094, 0, 0
749031, 464647997, 0, 0
750054, 515072783, 0, 0
751024, 470745257, 0, 0
752028, 477071189, 0, 0
753040, 462178686, 0, 0
754018, 461634034, 0, 0
755032, 452948174, 0, 0
756029, 462834341, 0, 0
757045, 463362695, 0, 0
758025, 454933646, 0, 0
759054, 453259249, 0, 0
760041, 441699273, 0, 0
761013, 479354173, 0, 0
762004, 456910004, 0, 0
763027, 462753730, 0, 0
764013, 452363611, 0, 0
765009, 457843716, 0, 0
766000, 464913402, 0, 0
767043, 496571236, 0, 0
768049, 459567793, 0, 0
769036, 463128269, 0, 0
770038, 456876397, 0, 0
771028, 454496507, 0, 0
772055, 453536512, 0, 0
773013, 471123118, 0, 0
774011, 464913539, 0, 0
775000, 443394758, 0, 0
776010, 468819524, 0, 0
777041, 478065063, 0, 0
778057, 471904435, 0, 0
779058, 463587480, 0, 0
780049, 457155536, 0, 0
781008, 464571138, 0, 0
782002, 461370314, 0, 0
783021, 462717897, 0, 0
784014, 465102506, 0, 0
785036, 458686742, 0, 0
786002, 473639071, 0, 0
787048, 484072123, 0, 0
788029, 485881034, 0, 0
789040, 460437007, 0, 0
790048, 468829242, 0, 0
791005, 468522635, 0, 0
792039, 442201735, 0, 0
793036, 455282238, 0, 0
794012, 451278592, 0, 0
795004, 460870599, 0, 0
796030, 467372251, 0, 0
797026, 476722602, 0, 0
798062, 474698364, 0, 0
799015, 466071923, 0, 0
800016, 451779794, 0, 0
801037, 467007060, 0, 0
802046, 465491868, 0, 0
803029, 461521144, 0, 0
804029, 368350777, 0, 0
805062, 439417883, 0, 0
806044, 455097692, 0, 0
807038, 473582081, 0, 0
808028, 463839714, 0, 0
809039, 466417495, 0, 0
810007, 482125974, 0, 0
811007, 461699808, 0, 0
812047, 453491341, 0, 0
813018, 465421423, 0, 0
814009, 459946997, 0, 0
815052, 455354583, 0, 0
816003, 468715199, 0, 0
817034, 447183855, 0, 0
818007, 465698245, 0, 0
819044, 483554368, 0, 0
820027, 465549793, 0, 0
821009, 494241186, 0, 0
822005, 476085308, 0, 0
823051, 456719994, 0, 0
824042, 451462432, 0, 0
825031, 465501026, 0, 0
826056, 442493798, 0, 0
827014, 470696260, 0, 0
828063, 447067719, 0, 0
829055, 471052947, 0, 0
830049, 470443135, 0, 0
831057, 478348761, 0, 0
832048, 463044084, 0, 0
833052, 460205938, 0, 0
834007, 463843244, 0, 0
835045, 448481261, 0, 0
836015, 446296795, 0, 0
837045, 469402332, 0, 0
838049, 462144194, 0, 0
839013, 472175188, 0, 0
840033, 465654209, 0, 0
841057, 453623321, 0, 0
842037, 454632405, 0, 0
843041, 453299817, 0, 0
844042, 456948594, 0, 0
845039, 462794269, 0, 0
846039, 466564082, 0, 0
847021, 455610326, 0, 0
848037, 437614245, 0, 0
849022, 456369053, 0, 0
850044, 463919242, 0, 0
851039, 451515601, 0, 0
852026, 449868729, 0, 0
853012, 453624151, 0, 0
854049, 453531949, 0, 0
855006, 462736162, 0, 0
856047, 458612347, 0, 0
857013, 467409098, 0, 0
858010, 468269957, 0, 0
859029, 461329609, 0, 0
860024, 459140075, 0, 0
861019, 445558774, 0, 0
862038, 448768787, 0, 0
863049, 496751364, 0, 0
864015, 439115684, 0, 0
865021, 449941581, 0, 0
866000, 500127090, 0, 0
867043, 442322735, 0, 0
868055, 490802548, 0, 0
869026, 484139388, 0, 0
870032, 466219366, 0, 0
871044, 440270947, 0, 0
872021, 447983392, 0, 0
873000, 450644170, 0, 0
874023, 467402155, 0, 0
875032, 445500406, 0, 0
876055, 457379691, 0, 0
877043, 459856428, 0, 0
878025, 502323767, 0, 0
879029, 485647918, 0, 0
880002, 471984698, 0, 0
881046, 463458431, 0, 0
882051, 461368553, 0, 0
883019, 448190872, 0, 0
884057, 441040328, 0, 0
885004, 363844260, 0, 0
886030, 446271520, 0, 0
887037, 483507481, 0, 0
888025, 469300803, 0, 0
889006, 453207842, 0, 0
890041, 442457986, 0, 0
891030, 461271173, 0, 0
892042, 495557328, 0, 0
893042, 451498352, 0, 0
894003, 466716728, 0, 0
895009, 478299122, 0, 0
896041, 454853627, 0, 0
897005, 467136475, 0, 0
898000, 515374474, 0, 0
899063, 461993188, 0, 0
900009, 459287224, 0, 0
901012, 469265086, 0, 0
902050, 481076793, 0, 0
903052, 462122965, 0, 0
904028, 451489354, 0, 0
905048, 508263887, 0, 0
906003, 447474634, 0, 0
907038, 449113696, 0, 0
908043, 455275168, 0, 0
909065, 458835999, 0, 0
910030, 485676607, 0, 0
911055, 498583816, 0, 0
912043, 494660884, 0, 0
913001, 460493691, 0, 0
914011, 483744177, 0, 0
915068, 489772750, 0, 0
916012, 454323703, 0, 0
917031, 462090078, 0, 0
918037, 468387033, 0, 0
919009, 477734293, 0, 0
920014, 470602060, 0, 0
921027, 469589658, 0, 0
922032, 467026477, 0, 0
923008, 471283671, 0, 0
924020, 506869542, 0, 0
925037, 471216313, 0, 0
926030, 459182009, 0, 0
927015, 462408081, 0, 0
928029, 452708983, 0, 0
929045, 367351830, 0, 0
930049, 464648721, 0, 0
931012, 456020249, 0, 0
932048, 445542858, 0, 0
933024, 446325890, 0, 0
934017, 478273834, 0, 0
935015, 480418217, 0, 0
936047, 448987842, 0, 0
937005, 443920136, 0, 0
938000, 448768411, 0, 0
939000, 456136623, 0, 0
940051, 487627515, 0, 0
941014, 491439788, 0, 0
942005, 449270098, 0, 0
943018, 465159132, 0, 0
944020, 461575406, 0, 0
945038, 447762605, 0, 0
946032, 461128643, 0, 0
947036, 460190073, 0, 0
948050, 462882093, 0, 0
949039, 457149268, 0, 0
950039, 450232974, 0, 0
951051, 492702199, 0, 0
952039, 479898549, 0, 0
953004, 469155737, 0, 0
954010, 459658726, 0, 0
955018, 467858717, 0, 0
956027, 444604838, 0, 0
957024, 456591660, 0, 0
958050, 444414397, 0, 0
959039, 453437019, 0, 0
960053, 460587305, 0, 0
961040, 459695102, 0, 0
962043, 457475083, 0, 0
963050, 470206043, 0, 0
964055, 456157740, 0, 0
965064, 467522803, 0, 0
966037, 443417703, 0, 0
967045, 463441600, 0, 0
968018, 521503388, 0, 0
969047, 472145080, 0, 0
970051, 465462235, 0, 0
971028, 444278330, 0, 0
972040, 444472342, 0, 0
973021, 498760199, 0, 0
974029, 468707563, 0, 0
975056, 446912123, 0, 0
976060, 450902914, 0, 0
977049, 467726593, 0, 0
978020, 472498361, 0, 0
979088, 501767769, 0, 0
980002, 491680246, 0, 0
981002, 460996211, 0, 0
982025, 466944300, 0, 0
983005, 451435216, 0, 0
984064, 448481312, 0, 0
985028, 459283860, 0, 0
986042, 445353405, 0, 0
987062, 450021964, 0, 0
988060, 461400572, 0, 0
989016, 463577505, 0, 0
990052, 492759533, 0, 0
991058, 468855142, 0, 0
992000, 462995578, 0, 0
993036, 446812176, 0, 0
994023, 454614792, 0, 0
995003, 459608207, 0, 0
996007, 456411620, 0, 0
997009, 465897343, 0, 0
998012, 461633491, 0, 0
999003, 458173521, 0, 0
1000004, 468010631, 0, 0
1001003, 486745174, 0, 0
1002053, 462517165, 0, 0
1003006, 477128552, 0, 0
1004022, 444021800, 0, 0
1005050, 450092667, 0, 0
1006021, 441297092, 0, 0
1007023, 449653325, 0, 0
1008016, 467651968, 0, 0
1009012, 459649730, 0, 0
1010044, 444819539, 0, 0
1011050, 457856817, 0, 0
1012058, 468895854, 0, 0
1013045, 454843116, 0, 0
1014032, 451421908, 0, 0
1015032, 465494438, 0, 0
1016008, 470327643, 0, 0
1017019, 465859322, 0, 0
1018012, 464221255, 0, 0
1019032, 489553233, 0, 0
1020013, 484487309, 0, 0
1021045, 457216915, 0, 0
1022039, 478654515, 0, 0
1023039, 457909641, 0, 0
1024020, 443206602, 0, 0
1025019, 460790194, 0, 0
1026045, 462399035, 0, 0
1027042, 487264842, 0, 0
1028041, 494347765, 0, 0
1029031, 452329256, 0, 0
1030025, 464421736, 0, 0
1031031, 459382289, 0, 0
1032059, 488364225, 0, 0
1033049, 468995060, 0, 0
1034014, 468067729, 0, 0
1035043, 464477918, 0, 0
1036025, 434743002, 0, 0
1037051, 447686832, 0, 0
1038035, 450882080, 0, 0
1039047, 438557793, 0, 0
1040051, 461031155, 0, 0
1041050, 458072412, 0, 0
1042033, 512293333, 0, 0
1043027, 460377686, 0, 0
1044032, 443006922, 0, 0
1045005, 408898924, 0, 0
1046002, 391224869, 0, 0
1047035, 444840308, 0, 0
1048052, 438989594, 0, 0
1049008, 463360943, 0, 0
1050034, 449299160, 0, 0
1051030, 448922488, 0, 0
1052049, 477127314, 0, 0
1053029, 445170266, 0, 0
1054023, 461208790, 0, 0
1055014, 455978098, 0, 0
1056029, 466846566, 0, 0
1057010, 455054577, 0, 0
1058047, 469504981, 0, 0
1059037, 467546717, 0, 0
1060013, 450776081, 0, 0
1061046, 441644392, 0, 0
1062026, 447958425, 0, 0
1063048, 452010898, 0, 0
1064012, 462879782, 0, 0
1065050, 459049060, 0, 0
1066051, 461515348, 0, 0
1067013, 462518810, 0, 0
1068029, 465206601, 0, 0
1069043, 479851075, 0, 0
1070007, 461500984, 0, 0
1071017, 466045052, 0, 0
1072040, 499987263, 0, 0
1073050, 450800515, 0, 0
1074036, 455816188, 0, 0
1075036, 349772578, 0, 0
1076020, 454132452, 0, 0
1077033, 453092020, 0, 0
1078047, 511106900, 0, 0
1079000, 485597901, 0, 0
1080036, 456940176, 0, 0
1081052, 477760763, 0, 0
1082047, 480448158, 0, 0
1083049, 463982300, 0, 0
1084006, 470591827, 0, 0
1085033, 494027931, 0, 0
1086049, 464879747, 0, 0
1087045, 460011290, 0, 0
1088021, 475775901, 0, 0
1089020, 470650065, 0, 0
1090066, 447578438, 0, 0
1091051, 462298371, 0, 0
1092039, 453959703, 0, 0
1093042, 461100090, 0, 0
1094021, 447209004, 0, 0
1095034, 504934732, 0, 0
1096006, 459693648, 0, 0
1097010, 457078892, 0, 0
1098060, 392590891, 0, 0
1099007, 445450688, 0, 0
1100009, 468229194, 0, 0
1101027, 450628996, 0, 0
1102004, 453764144, 0, 0
1103056, 459822429, 0, 0
1104009, 457841491, 0, 0
1105000, 486545161, 0, 0
1106036, 457654423, 0, 0
1107007, 449796177, 0, 0
1108044, 504614367, 0, 0
1109030, 482349412, 0, 0
1110004, 485505642, 0, 0
1111039, 446885233, 0, 0
1112003, 463909356, 0, 0
1113023, 457993489, 0, 0
1114013, 488553828, 0, 0
1115038, 455214401, 0, 0
1116003, 452815110, 0, 0
1117047, 449872881, 0, 0
1118029, 458218033, 0, 0
1119025, 499620766, 0, 0
1120017, 448655849, 0, 0
1121036, 458080517, 0, 0
1122004, 464622902, 0, 0
1123017, 466306275, 0, 0
1124049, 460869536, 0, 0
1125003, 439771038, 0, 0
1126006, 453282310, 0, 0
1127004, 452513341, 0, 0
1128025, 469810856, 0, 0
1129024, 466482627, 0, 0
1130019, 457986127, 0, 0
1131004, 462964818, 0, 0
1132003, 455767696, 0, 0
1133008, 472159572, 0, 0
1134031, 463072586, 0, 0
1135013, 465866882, 0, 0
1136001, 450048367, 0, 0
1137030, 464326411, 0, 0
1138041, 467518735, 0, 0
1139013, 474661191, 0, 0
1140007, 457529209, 0, 0
1141006, 468139897, 0, 0
1142065, 452081365, 0, 0
1143002, 473631606, 0, 0
1144029, 444555652, 0, 0
1145015, 456269953, 0, 0
1146054, 453753444, 0, 0
1147027, 440667727, 0, 0
1148057, 447544508, 0, 0
1149037, 443987536, 0, 0
1150036, 457278410, 0, 0
1151026, 522094482, 0, 0
1152035, 461663175, 0, 0
1153004, 466699944, 0, 0
1154046, 470305670, 0, 0
1155007, 458795391, 0, 0
1156052, 463358223, 0, 0
1157033, 488672117, 0, 0
1158047, 473463319, 0, 0
1159025, 450038776, 0, 0
1160050, 487579546, 0, 0
1161053, 451557219, 0, 0
1162016, 475900959, 0, 0
1163024, 466005158, 0, 0
1164008, 457114843, 0, 0
1165002, 459023860, 0, 0
1166036, 443440285, 0, 0
1167006, 445075160, 0, 0
1168033, 456636853, 0, 0
1169012, 450836602, 0, 0
1170014, 471139317, 0, 0
1171007, 466041834, 0, 0
1172019, 465668540, 0, 0
1173010, 455572596, 0, 0
1174024, 468799571, 0, 0
1175041, 447559928, 0, 0
1176041, 457970308, 0, 0
1177044, 487978379, 0, 0
1178048, 460024121, 0, 0
1179034, 494921302, 0, 0
1180033, 463486500, 0, 0
1181049, 462637727, 0, 0
1182050, 392717501, 0, 0
1183031, 507342428, 0, 0
1184025, 449192134, 0, 0
1185026, 454763823, 0, 0
1186022, 463895148, 0, 0
1187006, 452792512, 0, 0
1188059, 455543712, 0, 0
1189025, 486902154, 0, 0
1190026, 451616590, 0, 0
1191033, 459864012, 0, 0
1192017, 462086491, 0, 0
1193056, 454042933, 0, 0
1194006, 474531586, 0, 0
1195050, 450036512, 0, 0
1196032, 442769731, 0, 0
1197051, 472953275, 0, 0
1198035, 447454081, 0, 0
1199018, 452741315, 0, 0
1200032, 460853372, 0, 0
1200163, 408655458, 0, 0
