999, 388, 0, 0
2000, 580, 0, 0
3000, 548, 0, 0
3999, 580, 0, 0
4999, 668, 0, 0
6000, 584, 0, 0
6999, 580, 0, 0
7999, 544, 0, 0
9000, 612, 0, 0
10000, 592, 0, 0
10999, 608, 0, 0
12000, 584, 0, 0
13000, 616, 0, 0
13999, 580, 0, 0
14999, 580, 0, 0
16000, 576, 0, 0
16999, 608, 0, 0
18000, 584, 0, 0
19000, 584, 0, 0
19999, 588, 0, 0
20999, 636, 0, 0
22000, 580, 0, 0
22999, 588, 0, 0
23999, 584, 0, 0
25000, 592, 0, 0
25999, 644, 0, 0
26999, 604, 0, 0
28000, 628, 0, 0
28999, 620, 0, 0
29999, 632, 0, 0
31000, 528, 0, 0
31999, 596, 0, 0
32999, 616, 0, 0
34000, 600, 0, 0
34999, 604, 0, 0
35999, 596, 0, 0
37000, 600, 0, 0
37999, 612, 0, 0
38999, 592, 0, 0
40000, 604, 0, 0
41000, 596, 0, 0
41999, 652, 0, 0
42999, 612, 0, 0
44000, 580, 0, 0
45000, 672, 0, 0
45999, 576, 0, 0
47000, 632, 0, 0
47999, 644, 0, 0
48999, 584, 0, 0
49999, 720, 0, 0
51000, 592, 0, 0
51999, 628, 0, 0
52999, 636, 0, 0
54000, 612, 0, 0
55000, 612, 0, 0
55999, 664, 0, 0
56999, 612, 0, 0
58000, 632, 0, 0
58999, 644, 0, 0
59999, 616, 0, 0
61000, 652, 0, 0
61999, 660, 0, 0
62999, 660, 0, 0
63999, 636, 0, 0
65000, 592, 0, 0
65999, 640, 0, 0
66999, 680, 0, 0
68000, 632, 0, 0
68999, 620, 0, 0
69999, 636, 0, 0
71000, 652, 0, 0
72000, 696, 0, 0
72999, 624, 0, 0
73999, 644, 0, 0
74999, 640, 0, 0
75999, 632, 0, 0
76999, 660, 0, 0
78000, 632, 0, 0
79000, 640, 0, 0
79999, 616, 0, 0
80999, 664, 0, 0
82000, 676, 0, 0
82999, 600, 0, 0
83999, 664, 0, 0
84999, 704, 0, 0
86000, 632, 0, 0
87000, 624, 0, 0
87999, 648, 0, 0
88999, 640, 0, 0
89999, 692, 0, 0
91000, 608, 0, 0
91999, 696, 0, 0
92999, 600, 0, 0
94000, 632, 0, 0
95000, 644, 0, 0
95999, 696, 0, 0
96999, 696, 0, 0
98000, 700, 0, 0
99000, 716, 0, 0
99999, 648, 0, 0
100999, 668, 0, 0
102000, 688, 0, 0
103000, 692, 0, 0
103999, 676, 0, 0
104999, 680, 0, 0
106000, 652, 0, 0
107000, 696, 0, 0
107999, 684, 0, 0
108999, 676, 0, 0
109999, 656, 0, 0
110999, 704, 0, 0
111999, 672, 0, 0
113000, 708, 0, 0
113999, 744, 0, 0
114999, 696, 0, 0
116000, 748, 0, 0
116999, 716, 0, 0
117999, 712, 0, 0
119000, 668, 0, 0
119999, 688, 0, 0
120999, 712, 0, 0
122000, 648, 0, 0
122999, 680, 0, 0
123999, 768, 0, 0
125000, 684, 0, 0
125999, 656, 0, 0
126999, 732, 0, 0
128000, 700, 0, 0
129000, 720, 0, 0
129999, 712, 0, 0
130999, 720, 0, 0
132000, 700, 0, 0
132999, 724, 0, 0
133999, 712, 0, 0
135000, 732, 0, 0
135999, 692, 0, 0
136999, 756, 0, 0
138000, 680, 0, 0
138999, 724, 0, 0
139999, 788, 0, 0
141000, 788, 0, 0
142000, 684, 0, 0
142999, 796, 0, 0
144000, 760, 0, 0
144999, 680, 0, 0
145999, 748, 0, 0
146999, 728, 0, 0
148000, 736, 0, 0
148999, 736, 0, 0
149999, 684, 0, 0
151000, 688, 0, 0
151999, 760, 0, 0
152999, 664, 0, 0
153999, 740, 0, 0
155000, 772, 0, 0
155999, 828, 0, 0
156999, 744, 0, 0
157999, 816, 0, 0
159000, 744, 0, 0
159999, 800, 0, 0
160999, 692, 0, 0
162000, 716, 0, 0
163000, 664, 0, 0
163999, 820, 0, 0
164999, 688, 0, 0
166000, 776, 0, 0
166999, 792, 0, 0
167999, 808, 0, 0
168999, 700, 0, 0
170000, 824, 0, 0
170999, 720, 0, 0
172000, 816, 0, 0
173000, 820, 0, 0
173999, 736, 0, 0
174999, 712, 0, 0
175999, 748, 0, 0
177000, 816, 0, 0
177999, 804, 0, 0
178999, 816, 0, 0
179999, 740, 0, 0
181000, 832, 0, 0
181999, 724, 0, 0
182999, 820, 0, 0
184000, 804, 0, 0
185000, 812, 0, 0
185999, 892, 0, 0
186999, 788, 0, 0
188000, 868, 0, 0
188999, 800, 0, 0
189999, 772, 0, 0
190999, 808, 0, 0
192000, 848, 0, 0
193000, 912, 0, 0
193999, 784, 0, 0
194999, 784, 0, 0
196000, 800, 0, 0
197000, 772, 0, 0
197999, 860, 0, 0
198999, 848, 0, 0
200000, 848, 0, 0
201000, 844, 0, 0
201999, 804, 0, 0
202999, 896, 0, 0
204000, 856, 0, 0
204999, 796, 0, 0
205999, 796, 0, 0
206999, 840, 0, 0
208000, 820, 0, 0
208999, 928, 0, 0
209999, 892, 0, 0
211000, 952, 0, 0
211999, 828, 0, 0
212999, 840, 0, 0
214000, 864, 0, 0
214999, 904, 0, 0
215999, 880, 0, 0
217000, 880, 0, 0
217999, 844, 0, 0
218999, 816, 0, 0
220000, 940, 0, 0
220999, 864, 0, 0
221999, 816, 0, 0
223000, 916, 0, 0
223999, 868, 0, 0
224999, 836, 0, 0
226000, 924, 0, 0
226999, 912, 0, 0
227999, 924, 0, 0
229000, 908, 0, 0
229999, 908, 0, 0
230999, 964, 0, 0
232000, 860, 0, 0
232999, 860, 0, 0
233999, 864, 0, 0
235000, 1024, 0, 0
235999, 956, 0, 0
236999, 860, 0, 0
238000, 944, 0, 0
238999, 928, 0, 0
239999, 928, 0, 0
241000, 984, 0, 0
241999, 964, 0, 0
242999, 992, 0, 0
243999, 972, 0, 0
244999, 1017, 0, 0
245999, 856, 0, 0
247000, 916, 0, 0
247999, 940, 0, 0
248999, 1001, 0, 0
250000, 960, 0, 0
250999, 944, 0, 0
251999, 1005, 0, 0
253000, 952, 0, 0
253999, 928, 0, 0
254999, 980, 0, 0
256000, 864, 0, 0
256999, 880, 0, 0
257999, 1049, 0, 0
259000, 936, 0, 0
259999, 1029, 0, 0
260999, 1041, 0, 0
262000, 936, 0, 0
263000, 900, 0, 0
263999, 964, 0, 0
264999, 1013, 0, 0
266000, 972, 0, 0
266999, 968, 0, 0
267999, 1029, 0, 0
269000, 1036, 0, 0
269999, 1173, 0, 0
270999, 984, 0, 0
272000, 1004, 0, 0
272999, 928, 0, 0
274000, 1076, 0, 0
275000, 1056, 0, 0
275999, 1029, 0, 0
276999, 1089, 0, 0
278000, 1172, 0, 0
278999, 1033, 0, 0
279999, 1045, 0, 0
281000, 1048, 0, 0
281999, 1133, 0, 0
282999, 1145, 0, 0
284000, 848, 0, 0
285000, 1192, 0, 0
285999, 1061, 0, 0
287000, 964, 0, 0
288000, 1036, 0, 0
288999, 1237, 0, 0
290000, 1052, 0, 0
290999, 1057, 0, 0
291999, 1021, 0, 0
293000, 980, 0, 0
293999, 1101, 0, 0
294999, 1081, 0, 0
296000, 1088, 0, 0
296999, 1105, 0, 0
297999, 1209, 0, 0
299000, 1092, 0, 0
299999, 1145, 0, 0
300999, 1101, 0, 0
302000, 1184, 0, 0
302999, 1085, 0, 0
303999, 1217, 0, 0
305000, 972, 0, 0
305999, 1141, 0, 0
306999, 1089, 0, 0
308000, 1300, 0, 0
308999, 1153, 0, 0
309999, 1073, 0, 0
311000, 1376, 0, 0
312000, 1160, 0, 0
312999, 1133, 0, 0
313999, 1201, 0, 0
315000, 1056, 0, 0
315999, 1105, 0, 0
316999, 1269, 0, 0
317999, 1197, 0, 0
319000, 1200, 0, 0
319999, 1209, 0, 0
320999, 1181, 0, 0
321999, 1153, 0, 0
323000, 1184, 0, 0
324000, 1144, 0, 0
324999, 1089, 0, 0
325999, 1089, 0, 0
327000, 1173, 0, 0
328000, 1152, 0, 0
328999, 1281, 0, 0
329999, 1297, 0, 0
330999, 1281, 0, 0
332000, 1164, 0, 0
332999, 1289, 0, 0
333999, 1205, 0, 0
334999, 1317, 0, 0
336000, 1328, 0, 0
336999, 1225, 0, 0
337999, 1209, 0, 0
339000, 1248, 0, 0
340000, 1372, 0, 0
340999, 1281, 0, 0
341999, 1401, 0, 0
343000, 1180, 0, 0
344000, 1236, 0, 0
344999, 1381, 0, 0
345999, 1305, 0, 0
347000, 1340, 0, 0
347999, 1197, 0, 0
348999, 1321, 0, 0
350000, 1396, 0, 0
350999, 1365, 0, 0
351999, 1357, 0, 0
353000, 1268, 0, 0
353999, 1293, 0, 0
354999, 1217, 0, 0
356000, 1412, 0, 0
356999, 1197, 0, 0
357999, 1429, 0, 0
359000, 1380, 0, 0
359999, 1497, 0, 0
360999, 1477, 0, 0
362000, 1312, 0, 0
362999, 1233, 0, 0
363999, 1341, 0, 0
365000, 1332, 0, 0
365999, 1613, 0, 0
366999, 1469, 0, 0
367999, 1505, 0, 0
368999, 1445, 0, 0
369999, 1453, 0, 0
371000, 1440, 0, 0
371999, 1509, 0, 0
372999, 1389, 0, 0
374000, 1636, 0, 0
374999, 1369, 0, 0
375999, 1553, 0, 0
377000, 1452, 0, 0
378000, 1520, 0, 0
378999, 1781, 0, 0
379999, 1641, 0, 0
381000, 1540, 0, 0
381999, 1445, 0, 0
382999, 1485, 0, 0
383999, 1741, 0, 0
385000, 1584, 0, 0
385999, 1849, 0, 0
386999, 1597, 0, 0
388000, 1760, 0, 0
388999, 1705, 0, 0
389999, 1753, 0, 0
390999, 1497, 0, 0
392000, 1772, 0, 0
392999, 1637, 0, 0
393999, 1557, 0, 0
395000, 1812, 0, 0
395999, 1413, 0, 0
396999, 1769, 0, 0
398000, 1672, 0, 0
398999, 1761, 0, 0
399999, 1689, 0, 0
401000, 1673, 0, 0
402000, 1636, 0, 0
402999, 1853, 0, 0
403999, 1905, 0, 0
405000, 1600, 0, 0
406000, 1632, 0, 0
406999, 1449, 0, 0
408000, 1808, 0, 0
409000, 1692, 0, 0
409999, 1677, 0, 0
410999, 2038, 0, 0
412000, 1828, 0, 0
412999, 1801, 0, 0
413999, 1777, 0, 0
415000, 1588, 0, 0
416000, 1784, 0, 0
416999, 1945, 0, 0
417999, 1713, 0, 0
419000, 1801, 0, 0
420000, 2064, 0, 0
420999, 1941, 0, 0
421999, 1913, 0, 0
423000, 1952, 0, 0
423999, 1873, 0, 0
424999, 1793, 0, 0
425999, 1949, 0, 0
427000, 1912, 0, 0
427999, 1473, 0, 0
428999, 2062, 0, 0
430000, 1652, 0, 0
430999, 2054, 0, 0
431999, 1765, 0, 0
433000, 2184, 0, 0
434000, 1948, 0, 0
434999, 2018, 0, 0
435999, 1913, 0, 0
437000, 2116, 0, 0
437999, 2018, 0, 0
438999, 1937, 0, 0
439999, 2242, 0, 0
441000, 1800, 0, 0
441999, 2146, 0, 0
442999, 2354, 0, 0
444000, 2288, 0, 0
444999, 2654, 0, 0
445999, 2338, 0, 0
447000, 2184, 0, 0
448000, 1980, 0, 0
448999, 2062, 0, 0
449999, 2318, 0, 0
451000, 2104, 0, 0
451999, 2450, 0, 0
452999, 1745, 0, 0
454000, 2208, 0, 0
454999, 2298, 0, 0
455999, 2690, 0, 0
457000, 2256, 0, 0
457999, 2322, 0, 0
458999, 2050, 0, 0
460000, 2628, 0, 0
460999, 2570, 0, 0
461999, 2238, 0, 0
463000, 2552, 0, 0
463999, 2446, 0, 0
464999, 2278, 0, 0
466000, 2440, 0, 0
467000, 2352, 0, 0
467999, 2622, 0, 0
468999, 3123, 0, 0
470000, 3016, 0, 0
471000, 2796, 0, 0
471999, 2734, 0, 0
472999, 2850, 0, 0
474000, 2740, 0, 0
474999, 2570, 0, 0
475999, 3091, 0, 0
477000, 3160, 0, 0
477999, 3031, 0, 0
478999, 3695, 0, 0
480000, 2852, 0, 0
480999, 2778, 0, 0
481999, 2646, 0, 0
482999, 3003, 0, 0
483999, 2846, 0, 0
484999, 2982, 0, 0
485999, 3271, 0, 0
487000, 3160, 0, 0
487999, 3167, 0, 0
488999, 3315, 0, 0
490000, 3000, 0, 0
490999, 2642, 0, 0
491999, 3519, 0, 0
493000, 3428, 0, 0
493999, 3239, 0, 0
494999, 3315, 0, 0
496000, 3236, 0, 0
496999, 3571, 0, 0
497999, 3839, 0, 0
499000, 3348, 0, 0
499999, 4304, 0, 0
500999, 3367, 0, 0
501999, 3475, 0, 0
503000, 2704, 0, 0
503999, 4516, 0, 0
505000, 3323, 0, 0
506000, 3636, 0, 0
506999, 3427, 0, 0
507999, 3975, 0, 0
509000, 3992, 0, 0
510000, 4300, 0, 0
510999, 4240, 0, 0
511999, 4104, 0, 0
513000, 4192, 0, 0
514000, 4084, 0, 0
514999, 4456, 0, 0
515999, 4808, 0, 0
517000, 4712, 0, 0
518000, 4448, 0, 0
518999, 4592, 0, 0
519999, 4624, 0, 0
520999, 5209, 0, 0
522000, 3868, 0, 0
522999, 5245, 0, 0
523999, 4976, 0, 0
525000, 4572, 0, 0
525999, 5993, 0, 0
526999, 5453, 0, 0
527999, 5777, 0, 0
529000, 5364, 0, 0
529999, 5773, 0, 0
530999, 5113, 0, 0
531999, 6450, 0, 0
533000, 5456, 0, 0
533999, 4512, 0, 0
534999, 5485, 0, 0
536000, 6008, 0, 0
537000, 6836, 0, 0
537999, 7987, 0, 0
538999, 5877, 0, 0
540000, 6296, 0, 0
541000, 8324, 0, 0
541999, 8312, 0, 0
542999, 6974, 0, 0
544000, 5896, 0, 0
544999, 9397, 0, 0
545999, 7771, 0, 0
547000, 9472, 0, 0
548000, 9812, 0, 0
548999, 8424, 0, 0
549999, 8476, 0, 0
551000, 9824, 0, 0
552000, 12660, 0, 0
552999, 11111, 0, 0
553999, 11235, 0, 0
554999, 10422, 0, 0
556000, 12592, 0, 0
556999, 12480, 0, 0
557999, 14226, 0, 0
558999, 14186, 0, 0
560000, 13884, 0, 0
561000, 18204, 0, 0
561999, 11643, 0, 0
562999, 18766, 0, 0
563999, 21637, 0, 0
565000, 21952, 0, 0
566000, 36324, 0, 0
567000, 41768, 0, 0
567999, 57369, 0, 0
568999, 180648, 0, 0
569999, 198130, 0, 0
571000, 198056, 0, 0
572000, 197648, 0, 0
572999, 197177, 0, 0
573999, 197641, 0, 0
574999, 196860, 0, 0
575999, 198650, 0, 0
577000, 197912, 0, 0
578000, 198288, 0, 0
579000, 197636, 0, 0
579999, 197633, 0, 0
580999, 197121, 0, 0
581999, 197105, 0, 0
582999, 199219, 0, 0
584000, 198348, 0, 0
585000, 198240, 0, 0
585999, 197417, 0, 0
586999, 197673, 0, 0
587999, 197881, 0, 0
588999, 197637, 0, 0
590000, 198372, 0, 0
591000, 198060, 0, 0
592000, 197652, 0, 0
593000, 197580, 0, 0
593999, 197889, 0, 0
594999, 197461, 0, 0
595999, 198322, 0, 0
596999, 198474, 0, 0
598000, 197620, 0, 0
599000, 197592, 0, 0
599999, 197301, 0, 0
600999, 197321, 0, 0
601999, 197157, 0, 0
602999, 197833, 0, 0
603999, 198498, 0, 0
605000, 197936, 0, 0
606000, 197240, 0, 0
607000, 197268, 0, 0
607999, 197369, 0, 0
608999, 197973, 0, 0
609999, 198586, 0, 0
611000, 198136, 0, 0
612000, 197620, 0, 0
613000, 197620, 0, 0
613999, 197433, 0, 0
614999, 197321, 0, 0
615999, 198114, 0, 0
616999, 198182, 0, 0
618000, 197852, 0, 0
619000, 198016, 0, 0
619999, 197961, 0, 0
620999, 197137, 0, 0
621999, 198090, 0, 0
622999, 198290, 0, 0
624000, 198140, 0, 0
625000, 198068, 0, 0
626000, 198116, 0, 0
626999, 197889, 0, 0
627999, 197365, 0, 0
628999, 198714, 0, 0
629999, 197981, 0, 0
631000, 197892, 0, 0
632000, 197908, 0, 0
633000, 197884, 0, 0
633999, 197017, 0, 0
634999, 197513, 0, 0
635999, 197749, 0, 0
636999, 198342, 0, 0
637999, 198162, 0, 0
639000, 197140, 0, 0
640000, 197216, 0, 0
640999, 197137, 0, 0
641999, 197389, 0, 0
642999, 198098, 0, 0
643999, 197585, 0, 0
644999, 197885, 0, 0
646000, 197188, 0, 0
647000, 197456, 0, 0
648000, 197144, 0, 0
648999, 197457, 0, 0
649999, 197925, 0, 0
651000, 197816, 0, 0
652000, 198008, 0, 0
653000, 197024, 0, 0
654000, 197732, 0, 0
655000, 197072, 0, 0
656000, 201832, 0, 0
657000, 203356, 0, 0
658000, 204024, 0, 0
658999, 203763, 0, 0
659999, 203475, 0, 0
661000, 203176, 0, 0
662000, 203760, 0, 0
663000, 204100, 0, 0
664000, 204368, 0, 0
665000, 204276, 0, 0
666000, 204684, 0, 0
667000, 203544, 0, 0
668000, 204592, 0, 0
669000, 204840, 0, 0
670000, 204968, 0, 0
670999, 204576, 0, 0
672000, 204628, 0, 0
673000, 204076, 0, 0
674000, 204820, 0, 0
675000, 205300, 0, 0
676000, 205472, 0, 0
677000, 203640, 0, 0
678000, 203976, 0, 0
679000, 203328, 0, 0
680000, 203672, 0, 0
681000, 202612, 0, 0
682000, 204464, 0, 0
683000, 204368, 0, 0
683999, 204676, 0, 0
685000, 203884, 0, 0
686000, 203208, 0, 0
687000, 203848, 0, 0
688000, 204192, 0, 0
689000, 203920, 0, 0
690000, 203980, 0, 0
691000, 202724, 0, 0
692000, 202784, 0, 0
693000, 203856, 0, 0
694000, 204240, 0, 0
695000, 203524, 0, 0
695999, 203895, 0, 0
697000, 203704, 0, 0
698000, 202812, 0, 0
699000, 203356, 0, 0
700000, 204436, 0, 0
701000, 205672, 0, 0
702000, 203236, 0, 0
703000, 203848, 0, 0
704000, 203144, 0, 0
704999, 203067, 0, 0
705999, 203083, 0, 0
706999, 203603, 0, 0
707999, 203775, 0, 0
708998, 204064, 0, 0
709999, 203474, 0, 0
710999, 203119, 0, 0
711999, 202974, 0, 0
712998, 203062, 0, 0
713998, 203995, 0, 0
714998, 204096, 0, 0
715998, 203162, 0, 0
716997, 203446, 0, 0
717997, 203767, 0, 0
718997, 203835, 0, 0
719997, 204100, 0, 0
720996, 203903, 0, 0
721997, 204184, 0, 0
722997, 204084, 0, 0
723997, 203005, 0, 0
724996, 203546, 0, 0
725996, 204228, 0, 0
726996, 204686, 0, 0
727996, 204156, 0, 0
728995, 204707, 0, 0
729995, 205089, 0, 0
730995, 204241, 0, 0
731995, 203674, 0, 0
732994, 204937, 0, 0
733995, 203899, 0, 0
734994, 204973, 0, 0
735995, 204132, 0, 0
736994, 204120, 0, 0
737994, 203859, 0, 0
738994, 204680, 0, 0
739993, 204878, 0, 0
740993, 204572, 0, 0
741993, 204592, 0, 0
742993, 204841, 0, 0
743992, 203608, 0, 0
744993, 204640, 0, 0
745993, 204769, 0, 0
746993, 205224, 0, 0
747992, 204262, 0, 0
748992, 205193, 0, 0
749992, 204467, 0, 0
750992, 204616, 0, 0
751991, 204532, 0, 0
752991, 205380, 0, 0
753991, 204678, 0, 0
754991, 205671, 0, 0
756000, 204332, 0, 0
757000, 203028, 0, 0
758000, 203012, 0, 0
758999, 203763, 0, 0
759999, 202910, 0, 0
761000, 203292, 0, 0
762000, 203000, 0, 0
763000, 202892, 0, 0
764000, 204184, 0, 0
764999, 204188, 0, 0
765999, 203339, 0, 0
766999, 203347, 0, 0
768000, 203148, 0, 0
769000, 202880, 0, 0
770000, 202300, 0, 0
770999, 203435, 0, 0
771999, 203719, 0, 0
772999, 203103, 0, 0
773999, 203907, 0, 0
775000, 203711, 0, 0
776000, 202896, 0, 0
777000, 203252, 0, 0
777999, 203979, 0, 0
778999, 203491, 0, 0
779999, 203371, 0, 0
780999, 202850, 0, 0
781999, 203499, 0, 0
783000, 203196, 0, 0
784000, 202420, 0, 0
785000, 203780, 0, 0
786000, 203300, 0, 0
786999, 203031, 0, 0
787999, 202794, 0, 0
788999, 203087, 0, 0
790000, 202440, 0, 0
791000, 203188, 0, 0
792000, 203336, 0, 0
793000, 203024, 0, 0
793999, 202478, 0, 0
794999, 203219, 0, 0
795999, 202886, 0, 0
797000, 203888, 0, 0
798000, 204420, 0, 0
799000, 203692, 0, 0
800000, 203376, 0, 0
800999, 202830, 0, 0
801999, 203035, 0, 0
803000, 202768, 0, 0
804000, 204072, 0, 0
805000, 202952, 0, 0
805999, 202450, 0, 0
806999, 203335, 0, 0
807999, 202810, 0, 0
809000, 203499, 0, 0
810000, 203164, 0, 0
811000, 202996, 0, 0
812000, 203420, 0, 0
812999, 203187, 0, 0
813999, 203439, 0, 0
814999, 202750, 0, 0
816000, 203308, 0, 0
817000, 203536, 0, 0
818000, 204020, 0, 0
818999, 203719, 0, 0
819999, 202730, 0, 0
820999, 202622, 0, 0
822000, 202402, 0, 0
823000, 202916, 0, 0
824000, 203352, 0, 0
824999, 203239, 0, 0
825999, 203135, 0, 0
826999, 203299, 0, 0
827999, 203195, 0, 0
828999, 202854, 0, 0
830000, 203504, 0, 0
831000, 203464, 0, 0
831999, 204156, 0, 0
832999, 204212, 0, 0
833999, 204016, 0, 0
834999, 202850, 0, 0
835999, 203639, 0, 0
837000, 203116, 0, 0
838000, 203116, 0, 0
839000, 202200, 0, 0
839999, 203519, 0, 0
840999, 202874, 0, 0
841999, 203207, 0, 0
842999, 203075, 0, 0
844000, 203164, 0, 0
845000, 203412, 0, 0
846000, 204100, 0, 0
846999, 203831, 0, 0
847999, 204024, 0, 0
848999, 203951, 0, 0
849999, 202898, 0, 0
851000, 203064, 0, 0
852000, 203028, 0, 0
853000, 202920, 0, 0
854000, 202292, 0, 0
854999, 203531, 0, 0
855999, 203263, 0, 0
857000, 202720, 0, 0
858000, 202268, 0, 0
859000, 202480, 0, 0
860000, 203176, 0, 0
860999, 203083, 0, 0
861999, 203807, 0, 0
863000, 203220, 0, 0
864000, 202680, 0, 0
865000, 202968, 0, 0
865999, 202558, 0, 0
866999, 201809, 0, 0
867999, 203843, 0, 0
868999, 203487, 0, 0
870000, 203092, 0, 0
871000, 202400, 0, 0
872000, 202640, 0, 0
872999, 202558, 0, 0
873999, 203311, 0, 0
874999, 202458, 0, 0
875999, 202906, 0, 0
877000, 202192, 0, 0
878000, 202828, 0, 0
878999, 202598, 0, 0
879999, 202958, 0, 0
880999, 203115, 0, 0
881999, 203083, 0, 0
882999, 202826, 0, 0
884000, 202988, 0, 0
885000, 202484, 0, 0
885999, 202954, 0, 0
886999, 203119, 0, 0
887999, 203239, 0, 0
888999, 203203, 0, 0
890000, 202764, 0, 0
891000, 202528, 0, 0
892000, 202780, 0, 0
893000, 202744, 0, 0
893999, 202570, 0, 0
894999, 203095, 0, 0
895999, 203667, 0, 0
897000, 201712, 0, 0
898000, 203304, 0, 0
899000, 202692, 0, 0
899999, 202262, 0, 0
900999, 203463, 0, 0
901999, 203235, 0, 0
903000, 202224, 0, 0
904000, 202200, 0, 0
905000, 203108, 0, 0
906000, 202548, 0, 0
906999, 203143, 0, 0
907999, 203111, 0, 0
909000, 202752, 0, 0
910000, 202404, 0, 0
911000, 202452, 0, 0
912000, 203728, 0, 0
912999, 202706, 0, 0
913999, 203159, 0, 0
915000, 202628, 0, 0
916000, 202840, 0, 0
917000, 202316, 0, 0
918000, 203524, 0, 0
918999, 202226, 0, 0
919999, 204032, 0, 0
920999, 202230, 0, 0
922000, 202680, 0, 0
923000, 202376, 0, 0
924000, 201984, 0, 0
924999, 201801, 0, 0
925999, 203679, 0, 0
926999, 203663, 0, 0
927999, 202158, 0, 0
929000, 202904, 0, 0
930000, 203152, 0, 0
931000, 202188, 0, 0
931999, 202070, 0, 0
932999, 203431, 0, 0
933999, 203203, 0, 0
934999, 202886, 0, 0
936000, 202428, 0, 0
937000, 202300, 0, 0
938000, 201888, 0, 0
938999, 202378, 0, 0
939999, 203071, 0, 0
940999, 202918, 0, 0
941999, 202966, 0, 0
942999, 202966, 0, 0
944000, 202224, 0, 0
945000, 202144, 0, 0
946000, 202716, 0, 0
947000, 202980, 0, 0
947999, 202454, 0, 0
948999, 202066, 0, 0
949999, 203403, 0, 0
951000, 202440, 0, 0
952000, 203940, 0, 0
952999, 202822, 0, 0
954000, 203316, 0, 0
954999, 202542, 0, 0
955999, 202662, 0, 0
956999, 202418, 0, 0
958000, 202000, 0, 0
959000, 203228, 0, 0
960000, 202176, 0, 0
960999, 202630, 0, 0
961999, 202110, 0, 0
963000, 202248, 0, 0
964000, 202424, 0, 0
965000, 202244, 0, 0
965999, 202894, 0, 0
966999, 202538, 0, 0
967999, 202026, 0, 0
969000, 202632, 0, 0
970000, 201824, 0, 0
971000, 202388, 0, 0
971999, 204512, 0, 0
972999, 203103, 0, 0
973999, 202738, 0, 0
974999, 203003, 0, 0
976000, 202512, 0, 0
977000, 201924, 0, 0
978000, 202984, 0, 0
978999, 202886, 0, 0
979999, 202818, 0, 0
980999, 202698, 0, 0
981999, 203015, 0, 0
983000, 202896, 0, 0
984000, 201956, 0, 0
985000, 203080, 0, 0
985999, 202526, 0, 0
986999, 202246, 0, 0
987999, 202778, 0, 0
988999, 202914, 0, 0
990000, 202464, 0, 0
991000, 202496, 0, 0
992000, 202344, 0, 0
992999, 203067, 0, 0
993999, 201865, 0, 0
994999, 202286, 0, 0
996000, 202196, 0, 0
997000, 202712, 0, 0
998000, 202524, 0, 0
999000, 202360, 0, 0
999999, 202298, 0, 0
1000999, 202826, 0, 0
1002000, 202236, 0, 0
1003000, 202552, 0, 0
1004000, 202476, 0, 0
1005000, 202600, 0, 0
1005999, 202410, 0, 0
1006999, 202614, 0, 0
1008000, 202824, 0, 0
1009000, 202316, 0, 0
1010000, 202096, 0, 0
1010999, 202606, 0, 0
1011999, 202594, 0, 0
1012999, 202422, 0, 0
1014000, 201836, 0, 0
1015000, 202332, 0, 0
1016000, 202600, 0, 0
1016999, 202942, 0, 0
1017999, 202554, 0, 0
1018999, 202346, 0, 0
1020000, 202652, 0, 0
1021000, 201932, 0, 0
1022000, 201824, 0, 0
1022999, 202238, 0, 0
1023999, 202698, 0, 0
1024999, 202906, 0, 0
1025999, 202030, 0, 0
1027000, 202408, 0, 0
1028000, 201800, 0, 0
1029000, 202304, 0, 0
1029999, 202886, 0, 0
1030999, 203163, 0, 0
1032000, 203572, 0, 0
1033000, 203504, 0, 0
1034000, 202672, 0, 0
1034999, 202122, 0, 0
1035999, 201985, 0, 0
1036999, 202326, 0, 0
1038000, 202832, 0, 0
1039000, 202120, 0, 0
1040000, 202904, 0, 0
1041000, 202296, 0, 0
1041999, 201789, 0, 0
1042999, 202962, 0, 0
1043999, 203303, 0, 0
1045000, 202544, 0, 0
1046000, 201776, 0, 0
1047000, 202684, 0, 0
1047999, 202146, 0, 0
1048999, 203219, 0, 0
1050000, 202320, 0, 0
1051000, 202412, 0, 0
1052000, 202436, 0, 0
1052999, 202650, 0, 0
1053999, 202382, 0, 0
1054999, 202266, 0, 0
1056000, 202192, 0, 0
1057000, 202208, 0, 0
1057999, 200648, 0, 0
1058999, 199623, 0, 0
1059999, 199031, 0, 0
1060999, 199299, 0, 0
1062000, 199868, 0, 0
1063000, 199508, 0, 0
1064000, 200824, 0, 0
1064999, 203231, 0, 0
1065999, 203235, 0, 0
1066999, 202206, 0, 0
1067999, 201689, 0, 0
1069000, 202188, 0, 0
1070000, 202496, 0, 0
1070999, 200380, 0, 0
1071999, 202478, 0, 0
1072999, 202810, 0, 0
1073999, 202094, 0, 0
1075000, 203368, 0, 0
1076000, 203352, 0, 0
1077000, 202120, 0, 0
1077999, 203227, 0, 0
1078999, 202182, 0, 0
1079999, 202310, 0, 0
1081000, 202198, 0, 0
1082000, 202020, 0, 0
1083000, 201284, 0, 0
1084000, 202268, 0, 0
1084999, 202146, 0, 0
1085999, 202030, 0, 0
1087000, 201676, 0, 0
1088000, 202532, 0, 0
1089000, 202240, 0, 0
1090000, 201972, 0, 0
1090999, 202134, 0, 0
1091999, 201789, 0, 0
1093000, 202524, 0, 0
1094000, 202240, 0, 0
1094999, 202406, 0, 0
1095999, 201341, 0, 0
1096999, 202754, 0, 0
1097999, 203259, 0, 0
1098999, 203815, 0, 0
1100000, 203984, 0, 0
1101000, 202204, 0, 0
1101999, 202618, 0, 0
1102999, 202570, 0, 0
1103999, 202026, 0, 0
1104999, 201845, 0, 0
1106000, 202096, 0, 0
1107000, 202492, 0, 0
1108000, 201944, 0, 0
1108999, 201489, 0, 0
1109999, 202358, 0, 0
1110999, 202290, 0, 0
1111999, 202414, 0, 0
1113000, 201692, 0, 0
1114000, 203088, 0, 0
1114999, 203255, 0, 0
1115999, 202414, 0, 0
1116999, 202970, 0, 0
1117999, 202566, 0, 0
1119000, 201972, 0, 0
1120000, 203116, 0, 0
1121000, 202828, 0, 0
1121999, 202770, 0, 0
1122999, 202726, 0, 0
1123999, 202166, 0, 0
1124999, 203211, 0, 0
1125999, 203919, 0, 0
1127000, 202496, 0, 0
1128000, 203320, 0, 0
1129000, 202684, 0, 0
1129999, 202830, 0, 0
1130999, 202770, 0, 0
1131999, 201885, 0, 0
1133000, 202120, 0, 0
1134000, 201492, 0, 0
1135000, 202312, 0, 0
1135999, 202882, 0, 0
1136999, 202014, 0, 0
1137999, 202682, 0, 0
1139000, 202364, 0, 0
1140000, 202504, 0, 0
1141000, 202532, 0, 0
1141999, 202358, 0, 0
1142999, 202122, 0, 0
1143999, 202434, 0, 0
1145000, 201792, 0, 0
1146000, 200728, 0, 0
1146999, 202454, 0, 0
1147999, 202662, 0, 0
1148999, 202362, 0, 0
1149999, 202126, 0, 0
1151000, 201736, 0, 0
1152000, 202196, 0, 0
1153000, 202376, 0, 0
1153999, 202498, 0, 0
1154999, 201905, 0, 0
1155999, 202998, 0, 0
1156999, 203075, 0, 0
1158000, 201804, 0, 0
1159000, 200368, 0, 0
1160000, 202352, 0, 0
1160999, 201761, 0, 0
1161999, 202186, 0, 0
1162999, 201637, 0, 0
1163999, 201909, 0, 0
1165000, 201196, 0, 0
1166000, 201476, 0, 0
1166999, 201873, 0, 0
1167999, 208504, 0, 0
1168999, 213669, 0, 0
1169999, 213729, 0, 0
1170999, 213973, 0, 0
1172000, 213216, 0, 0
1173000, 213968, 0, 0
1174000, 213268, 0, 0
1174999, 214210, 0, 0
1175999, 213849, 0, 0
1176999, 213749, 0, 0
1177999, 212912, 0, 0
1179000, 213184, 0, 0
1180000, 213340, 0, 0
1180999, 213085, 0, 0
1181999, 213345, 0, 0
1182999, 213173, 0, 0
1183999, 213697, 0, 0
1184999, 214522, 0, 0
1186000, 213564, 0, 0
1187000, 213720, 0, 0
1188000, 212928, 0, 0
1188999, 213701, 0, 0
1189999, 213617, 0, 0
1191000, 213620, 0, 0
1192000, 213220, 0, 0
1193000, 213180, 0, 0
1193999, 213325, 0, 0
1194999, 213753, 0, 0
1195999, 213421, 0, 0
1196999, 213153, 0, 0
1198000, 213680, 0, 0
1199000, 212768, 0, 0
1200000, 213460, 0, 0
