1041, 431620819, 0, 0
2054, 444421668, 0, 0
3023, 444578569, 0, 0
4026, 436805962, 0, 0
5023, 365101612, 0, 0
6005, 446720040, 0, 0
7005, 442211601, 0, 0
8053, 443120197, 0, 0
9033, 444121899, 0, 0
10041, 434961805, 0, 0
11039, 442364045, 0, 0
12010, 464119377, 0, 0
13000, 440030164, 0, 0
14058, 442510786, 0, 0
15015, 452284891, 0, 0
16000, 432276845, 0, 0
17034, 427772272, 0, 0
18019, 419160601, 0, 0
19005, 435621126, 0, 0
20050, 431008656, 0, 0
21025, 420626083, 0, 0
22016, 420303936, 0, 0
23035, 417530830, 0, 0
24042, 435691482, 0, 0
25010, 420858929, 0, 0
26044, 451691596, 0, 0
27050, 436441673, 0, 0
28030, 424472092, 0, 0
29019, 408789767, 0, 0
30002, 426378506, 0, 0
31033, 402738379, 0, 0
32025, 431616229, 0, 0
33016, 413867328, 0, 0
34004, 427289486, 0, 0
35033, 406502828, 0, 0
36006, 423516357, 0, 0
37034, 419217652, 0, 0
38026, 435884858, 0, 0
39004, 414237388, 0, 0
40031, 408734294, 0, 0
41019, 410251968, 0, 0
42016, 419595398, 0, 0
43040, 397172056, 0, 0
44031, 413582598, 0, 0
45030, 419113238, 0, 0
46013, 427611383, 0, 0
47009, 424082335, 0, 0
48042, 440045107, 0, 0
49003, 398557445, 0, 0
50057, 418400041, 0, 0
51028, 402439274, 0, 0
52035, 408819829, 0, 0
53037, 404042066, 0, 0
54034, 435641345, 0, 0
55012, 380911740, 0, 0
56057, 408215890, 0, 0
57049, 412002120, 0, 0
58026, 388127217, 0, 0
59001, 405130157, 0, 0
60028, 407821251, 0, 0
61008, 392347269, 0, 0
62008, 398926249, 0, 0
63000, 421939839, 0, 0
64011, 407214217, 0, 0
65001, 408975458, 0, 0
66040, 396208866, 0, 0
67034, 384322606, 0, 0
68024, 400012054, 0, 0
69019, 411718181, 0, 0
70009, 440279375, 0, 0
71007, 399092187, 0, 0
72027, 397775302, 0, 0
73042, 405228973, 0, 0
74028, 402440898, 0, 0
75020, 413221199, 0, 0
76017, 406879954, 0, 0
77018, 412189714, 0, 0
78000, 390603628, 0, 0
79043, 421783459, 0, 0
80044, 415610397, 0, 0
81021, 377184444, 0, 0
82006, 397532863, 0, 0
83053, 405026867, 0, 0
84020, 359967810, 0, 0
85034, 408728362, 0, 0
86016, 385754036, 0, 0
87041, 400004557, 0, 0
88021, 400405055, 0, 0
89027, 396975047, 0, 0
90020, 385148081, 0, 0
91045, 372482679, 0, 0
92037, 379219372, 0, 0
93028, 384400556, 0, 0
94013, 391807438, 0, 0
95005, 387248796, 0, 0
96040, 382186370, 0, 0
97039, 371927377, 0, 0
98000, 385557693, 0, 0
99001, 366834246, 0, 0
100029, 360231329, 0, 0
101039, 402066629, 0, 0
102017, 377658057, 0, 0
103010, 354456709, 0, 0
104008, 384891406, 0, 0
105013, 385417092, 0, 0
106011, 369117736, 0, 0
107034, 383624503, 0, 0
108051, 352992549, 0, 0
109005, 392874356, 0, 0
110048, 338574424, 0, 0
111004, 407957815, 0, 0
112029, 347992847, 0, 0
113004, 368727620, 0, 0
114052, 338561463, 0, 0
115011, 360858301, 0, 0
116042, 371094661, 0, 0
117028, 372579287, 0, 0
118010, 383226692, 0, 0
119030, 347061712, 0, 0
120024, 374313049, 0, 0
121002, 355279051, 0, 0
122007, 394351154, 0, 0
123040, 362828099, 0, 0
124008, 383945157, 0, 0
125006, 366446731, 0, 0
126032, 361966421, 0, 0
127005, 351568462, 0, 0
128011, 387445194, 0, 0
129055, 371485782, 0, 0
130032, 384667384, 0, 0
131045, 357589356, 0, 0
132052, 360841593, 0, 0
133044, 339234734, 0, 0
134040, 335181645, 0, 0
135003, 339926249, 0, 0
136035, 307901492, 0, 0
137044, 363401030, 0, 0
138015, 336411634, 0, 0
139009, 370898938, 0, 0
140054, 375262295, 0, 0
141056, 344647744, 0, 0
142005, 373302116, 0, 0
143012, 378032824, 0, 0
144020, 326805132, 0, 0
145033, 362349580, 0, 0
146005, 359797514, 0, 0
147016, 339768845, 0, 0
148007, 364030588, 0, 0
149037, 331642004, 0, 0
150029, 340814531, 0, 0
151014, 353453567, 0, 0
152041, 344368400, 0, 0
153039, 356128418, 0, 0
154013, 327856948, 0, 0
155047, 344066008, 0, 0
156006, 342927341, 0, 0
157020, 344163693, 0, 0
158031, 316831398, 0, 0
159012, 339780939, 0, 0
160042, 318761085, 0, 0
161011, 327707351, 0, 0
162020, 359664764, 0, 0
163038, 344516263, 0, 0
164035, 322952184, 0, 0
165038, 330688309, 0, 0
166003, 346921369, 0, 0
167009, 341181551, 0, 0
168013, 315629838, 0, 0
169027, 318935266, 0, 0
170013, 332374425, 0, 0
171036, 324084641, 0, 0
172021, 310672378, 0, 0
173010, 325233188, 0, 0
174041, 324275504, 0, 0
175030, 355860230, 0, 0
176018, 313039534, 0, 0
177012, 317776295, 0, 0
178037, 325198155, 0, 0
179047, 327389797, 0, 0
180000, 321301139, 0, 0
181002, 327333678, 0, 0
182050, 318968479, 0, 0
183045, 314633484, 0, 0
184039, 316854454, 0, 0
185022, 314528283, 0, 0
186033, 312784425, 0, 0
187037, 321981403, 0, 0
188011, 316647764, 0, 0
189053, 327258145, 0, 0
190047, 353460716, 0, 0
191038, 302387510, 0, 0
192049, 326237955, 0, 0
193030, 310532219, 0, 0
194006, 328931091, 0, 0
195050, 323224465, 0, 0
196039, 336705345, 0, 0
197010, 308383272, 0, 0
198023, 322367180, 0, 0
199042, 317882425, 0, 0
200048, 298684715, 0, 0
201046, 303044710, 0, 0
202053, 323418886, 0, 0
203012, 293290915, 0, 0
204044, 301992600, 0, 0
205017, 310578234, 0, 0
206033, 299111179, 0, 0
207024, 309247880, 0, 0
208047, 280231442, 0, 0
209013, 272433605, 0, 0
210038, 303825695, 0, 0
211050, 309036422, 0, 0
212022, 285672200, 0, 0
213046, 281354020, 0, 0
214051, 297426811, 0, 0
215011, 294018124, 0, 0
216002, 308834449, 0, 0
217030, 261107164, 0, 0
218011, 298050539, 0, 0
219038, 278607298, 0, 0
220042, 276290954, 0, 0
221025, 294571568, 0, 0
222036, 301859804, 0, 0
223007, 290232866, 0, 0
224027, 277848287, 0, 0
225033, 282472459, 0, 0
226001, 301879755, 0, 0
227027, 267754945, 0, 0
228030, 267691908, 0, 0
229030, 268692028, 0, 0
230048, 281646918, 0, 0
231018, 277267724, 0, 0
232048, 292156032, 0, 0
233022, 283498607, 0, 0
234049, 280971885, 0, 0
235024, 259484055, 0, 0
236051, 298178365, 0, 0
237040, 283384362, 0, 0
238048, 267066183, 0, 0
239031, 283223727, 0, 0
240032, 301031629, 0, 0
241026, 267278519, 0, 0
242031, 320091437, 0, 0
243002, 276273002, 0, 0
244049, 288387473, 0, 0
245033, 278952698, 0, 0
246018, 259405741, 0, 0
247053, 271090402, 0, 0
248006, 249972423, 0, 0
249050, 254449500, 0, 0
250009, 289358640, 0, 0
251047, 271426877, 0, 0
252033, 243829091, 0, 0
253009, 273218397, 0, 0
254050, 262741427, 0, 0
255021, 271748864, 0, 0
256045, 267221928, 0, 0
257022, 267390018, 0, 0
258055, 239298396, 0, 0
259046, 273194042, 0, 0
260053, 261753797, 0, 0
261042, 251889272, 0, 0
262036, 264918786, 0, 0
263009, 284136964, 0, 0
264007, 283089783, 0, 0
265051, 245853685, 0, 0
266006, 275990834, 0, 0
267034, 227772413, 0, 0
268032, 223641720, 0, 0
269031, 230496544, 0, 0
270025, 244569581, 0, 0
271009, 253192198, 0, 0
272033, 261038080, 0, 0
273020, 262393560, 0, 0
274043, 242236339, 0, 0
275014, 242650454, 0, 0
276019, 255472598, 0, 0
277018, 262824515, 0, 0
278029, 233251478, 0, 0
279018, 233132362, 0, 0
280020, 213135986, 0, 0
281017, 255538749, 0, 0
282012, 248427877, 0, 0
283010, 232261284, 0, 0
284005, 248327550, 0, 0
285034, 240108526, 0, 0
286040, 238628660, 0, 0
287027, 248460936, 0, 0
288027, 213395617, 0, 0
289002, 228444766, 0, 0
290019, 254441050, 0, 0
291025, 233848784, 0, 0
292026, 230980572, 0, 0
293043, 236239154, 0, 0
294028, 199078776, 0, 0
295002, 229089654, 0, 0
296034, 224839063, 0, 0
297007, 241696027, 0, 0
298047, 241398784, 0, 0
299005, 239026109, 0, 0
300047, 206602123, 0, 0
301030, 241384215, 0, 0
302005, 218991651, 0, 0
303014, 221250466, 0, 0
304034, 250248198, 0, 0
305000, 245208403, 0, 0
306052, 226565822, 0, 0
307003, 232275000, 0, 0
308047, 215503394, 0, 0
309029, 214324183, 0, 0
310033, 230284857, 0, 0
311004, 215362772, 0, 0
312035, 207723906, 0, 0
313026, 224626360, 0, 0
314041, 218731522, 0, 0
315040, 234118351, 0, 0
316012, 210799279, 0, 0
317020, 192120439, 0, 0
318014, 197538392, 0, 0
319050, 200422945, 0, 0
320008, 237006227, 0, 0
321026, 225810276, 0, 0
322044, 264414591, 0, 0
323031, 216667834, 0, 0
324003, 209168343, 0, 0
325001, 205459251, 0, 0
326049, 192977512, 0, 0
327011, 194724593, 0, 0
328054, 203305495, 0, 0
329038, 230648392, 0, 0
330046, 217611904, 0, 0
331032, 209206818, 0, 0
332034, 204076880, 0, 0
333008, 215990600, 0, 0
334040, 201347977, 0, 0
335031, 219182229, 0, 0
336009, 202514363, 0, 0
337016, 195054503, 0, 0
338047, 227798648, 0, 0
339006, 193121469, 0, 0
340038, 205078306, 0, 0
341054, 186406509, 0, 0
342016, 206377944, 0, 0
343023, 193674271, 0, 0
344028, 213831043, 0, 0
345040, 202590560, 0, 0
346050, 204899387, 0, 0
347041, 174427115, 0, 0
348042, 188544094, 0, 0
349019, 190337878, 0, 0
350047, 196552054, 0, 0
351038, 191562699, 0, 0
352057, 194883170, 0, 0
353014, 199456796, 0, 0
354040, 176289713, 0, 0
355051, 178853821, 0, 0
356034, 178823654, 0, 0
357017, 175492910, 0, 0
358025, 190212802, 0, 0
359019, 190195065, 0, 0
360052, 178724945, 0, 0
361001, 210629328, 0, 0
362045, 176608169, 0, 0
363036, 172546174, 0, 0
364048, 197216182, 0, 0
365030, 179653410, 0, 0
366017, 180750522, 0, 0
367042, 209771069, 0, 0
368014, 168722104, 0, 0
369020, 169228382, 0, 0
370039, 196190192, 0, 0
371086, 173299629, 0, 0
372049, 169322118, 0, 0
373013, 173552343, 0, 0
374053, 216671107, 0, 0
375029, 172256440, 0, 0
376037, 170864042, 0, 0
377017, 180974539, 0, 0
378036, 190704998, 0, 0
379035, 179862121, 0, 0
380050, 172597522, 0, 0
381033, 167682749, 0, 0
382012, 170028891, 0, 0
383051, 162965134, 0, 0
384003, 148418231, 0, 0
385029, 162911612, 0, 0
386042, 182585694, 0, 0
387048, 171343148, 0, 0
388041, 132788348, 0, 0
389021, 170132705, 0, 0
390018, 153846781, 0, 0
391032, 159598647, 0, 0
392002, 163401275, 0, 0
393039, 150258881, 0, 0
394052, 163927928, 0, 0
395039, 173697149, 0, 0
396004, 143853944, 0, 0
397035, 157997349, 0, 0
398002, 155636985, 0, 0
399037, 160026420, 0, 0
400054, 157355471, 0, 0
401009, 155814034, 0, 0
402018, 149234527, 0, 0
403041, 148862788, 0, 0
404043, 145046675, 0, 0
405034, 153187312, 0, 0
406051, 153947956, 0, 0
407048, 150302779, 0, 0
408048, 140047215, 0, 0
409027, 147720345, 0, 0
410052, 124557821, 0, 0
411050, 155416531, 0, 0
412014, 139908686, 0, 0
413006, 154630252, 0, 0
414008, 138073783, 0, 0
415006, 141600966, 0, 0
416007, 171634135, 0, 0
417043, 150549694, 0, 0
418018, 158190869, 0, 0
419005, 140497560, 0, 0
420045, 137331612, 0, 0
421009, 129016106, 0, 0
422022, 123436902, 0, 0
423048, 131933976, 0, 0
424002, 155191308, 0, 0
425033, 138910732, 0, 0
426048, 118364951, 0, 0
427041, 141950794, 0, 0
428037, 139643727, 0, 0
429008, 115029510, 0, 0
430036, 130952353, 0, 0
431026, 123282718, 0, 0
432039, 114476854, 0, 0
433023, 138788992, 0, 0
434038, 109289476, 0, 0
435047, 123387258, 0, 0
436015, 136931139, 0, 0
437009, 121263500, 0, 0
438011, 117377933, 0, 0
439024, 134822070, 0, 0
440021, 116529081, 0, 0
441031, 111530046, 0, 0
442042, 109261886, 0, 0
443039, 116911993, 0, 0
444023, 122949384, 0, 0
445002, 104255375, 0, 0
446041, 123182118, 0, 0
447058, 102078643, 0, 0
448013, 118524140, 0, 0
449015, 112863556, 0, 0
450039, 94268555, 0, 0
451028, 118210594, 0, 0
452006, 116785617, 0, 0
453014, 116101171, 0, 0
454024, 109914252, 0, 0
455023, 92516318, 0, 0
456055, 125089666, 0, 0
457023, 124453198, 0, 0
458052, 102681523, 0, 0
459029, 83509847, 0, 0
460048, 96508736, 0, 0
461042, 109572864, 0, 0
462023, 103704678, 0, 0
463000, 98503908, 0, 0
464028, 107722750, 0, 0
465014, 92414340, 0, 0
466043, 98324263, 0, 0
467006, 104185311, 0, 0
468012, 97715578, 0, 0
469026, 99751965, 0, 0
470031, 105413922, 0, 0
471000, 85581083, 0, 0
472013, 98813333, 0, 0
473010, 85438618, 0, 0
474047, 108205639, 0, 0
475022, 106311482, 0, 0
476035, 80252591, 0, 0
477007, 84043686, 0, 0
478044, 83099171, 0, 0
479018, 84832193, 0, 0
480002, 82755471, 0, 0
481011, 88372233, 0, 0
482017, 83722086, 0, 0
483011, 96259135, 0, 0
484043, 79472475, 0, 0
485058, 82494590, 0, 0
486009, 89191372, 0, 0
487015, 70318180, 0, 0
488003, 82067318, 0, 0
489015, 93433938, 0, 0
490045, 73400421, 0, 0
491010, 80871187, 0, 0
492007, 89966888, 0, 0
493032, 69401862, 0, 0
494012, 78856551, 0, 0
495023, 70514935, 0, 0
496021, 76047842, 0, 0
497030, 75096958, 0, 0
498031, 69025686, 0, 0
499037, 69494872, 0, 0
500021, 70098048, 0, 0
501013, 61238840, 0, 0
502027, 77049402, 0, 0
503000, 76711047, 0, 0
504054, 72224036, 0, 0
505004, 68358049, 0, 0
506037, 76003183, 0, 0
507011, 62234111, 0, 0
508019, 59377243, 0, 0
509025, 61530732, 0, 0
510040, 51794685, 0, 0
511037, 67800414, 0, 0
512028, 62646505, 0, 0
513028, 55433842, 0, 0
514044, 55566334, 0, 0
515009, 54605679, 0, 0
516016, 68208494, 0, 0
517032, 59089681, 0, 0
518004, 61525012, 0, 0
519054, 65921646, 0, 0
520006, 60415780, 0, 0
521003, 53184339, 0, 0
522006, 45272337, 0, 0
523044, 50785532, 0, 0
524006, 44393871, 0, 0
525059, 64412431, 0, 0
526074, 55276559, 0, 0
527008, 44766619, 0, 0
528004, 57322566, 0, 0
529050, 49117527, 0, 0
530000, 37664925, 0, 0
531022, 46580974, 0, 0
532005, 44514328, 0, 0
533012, 45634033, 0, 0
534048, 43614755, 0, 0
535003, 34535851, 0, 0
536037, 42865221, 0, 0
537033, 46889296, 0, 0
538010, 33146721, 0, 0
539012, 39800447, 0, 0
540054, 42149781, 0, 0
541043, 29430500, 0, 0
542041, 33999249, 0, 0
543007, 37244795, 0, 0
544008, 32004246, 0, 0
545008, 29254793, 0, 0
546040, 26562287, 0, 0
547025, 26862682, 0, 0
548027, 33721900, 0, 0
549048, 30613159, 0, 0
550027, 28737722, 0, 0
551000, 25559562, 0, 0
552003, 24628269, 0, 0
553000, 22924635, 0, 0
554009, 19518921, 0, 0
555014, 20057897, 0, 0
556030, 23433459, 0, 0
557021, 23991050, 0, 0
558043, 18135071, 0, 0
559044, 18089655, 0, 0
560051, 18559381, 0, 0
561019, 14703194, 0, 0
562002, 19702338, 0, 0
563003, 16393433, 0, 0
564039, 13480627, 0, 0
565000, 8937458, 0, 0
566008, 7982644, 0, 0
567027, 5204433, 0, 0
568000, 3072926, 0, 0
569000, 1247544, 0, 0
570000, 1293935, 0, 0
571000, 1291119, 0, 0
572000, 1292749, 0, 0
573000, 1296616, 0, 0
574000, 1292441, 0, 0
575000, 1299291, 0, 0
576000, 1288756, 0, 0
577000, 1292396, 0, 0
578000, 1289685, 0, 0
579000, 1294001, 0, 0
580000, 1293772, 0, 0
581000, 1298904, 0, 0
582000, 1297619, 0, 0
583000, 1285096, 0, 0
584000, 1290385, 0, 0
585000, 1294064, 0, 0
586000, 1293504, 0, 0
587000, 1294880, 0, 0
588000, 1292682, 0, 0
589000, 1295102, 0, 0
590000, 1289385, 0, 0
591000, 1290472, 0, 0
592000, 1292723, 0, 0
593000, 1294280, 0, 0
594000, 1294433, 0, 0
595000, 1297536, 0, 0
596000, 1290773, 0, 0
597000, 1289852, 0, 0
598000, 1294240, 0, 0
599000, 1295345, 0, 0
600000, 1295987, 0, 0
601000, 1297356, 0, 0
602000, 1298524, 0, 0
603000, 1293866, 0, 0
604000, 1289655, 0, 0
605000, 1292049, 0, 0
606000, 1295378, 0, 0
607000, 1296385, 0, 0
608000, 1295693, 0, 0
609000, 1293325, 0, 0
610000, 1288861, 0, 0
611000, 1290909, 0, 0
612000, 1294069, 0, 0
613000, 1294003, 0, 0
614000, 1295384, 0, 0
615000, 1297382, 0, 0
616000, 1291955, 0, 0
617000, 1291894, 0, 0
618000, 1292593, 0, 0
619000, 1291419, 0, 0
620000, 1292005, 0, 0
621000, 1298310, 0, 0
622000, 1292983, 0, 0
623000, 1290043, 0, 0
624000, 1290533, 0, 0
625000, 1291174, 0, 0
626000, 1290822, 0, 0
627000, 1292215, 0, 0
628000, 1297007, 0, 0
629000, 1288305, 0, 0
630000, 1291822, 0, 0
631000, 1292460, 0, 0
632000, 1291210, 0, 0
633000, 1292371, 0, 0
634000, 1298003, 0, 0
635000, 1296055, 0, 0
636000, 1294498, 0, 0
637000, 1290442, 0, 0
638000, 1292104, 0, 0
639000, 1297168, 0, 0
640000, 1296481, 0, 0
641000, 1297295, 0, 0
642000, 1295651, 0, 0
643000, 1292334, 0, 0
644000, 1295579, 0, 0
645000, 1293631, 0, 0
646000, 1296713, 0, 0
647000, 1295986, 0, 0
648000, 1297073, 0, 0
649000, 1294423, 0, 0
650000, 1292716, 0, 0
651000, 1292595, 0, 0
652000, 1291463, 0, 0
653000, 1298047, 0, 0
654000, 1293430, 0, 0
655000, 1297405, 0, 0
656000, 1267118, 0, 0
657000, 1257425, 0, 0
658000, 1255531, 0, 0
659000, 1254981, 0, 0
660000, 1258095, 0, 0
661000, 1258449, 0, 0
662000, 1255271, 0, 0
663000, 1252878, 0, 0
664000, 1251246, 0, 0
665000, 1251651, 0, 0
666000, 1250150, 0, 0
667000, 1256105, 0, 0
668000, 1249754, 0, 0
669000, 1248276, 0, 0
670000, 1246851, 0, 0
671000, 1249780, 0, 0
672000, 1249863, 0, 0
673000, 1253007, 0, 0
674000, 1248410, 0, 0
675000, 1245587, 0, 0
676000, 1244483, 0, 0
677000, 1255670, 0, 0
678000, 1253507, 0, 0
679000, 1258717, 0, 0
680000, 1255553, 0, 0
681000, 1261929, 0, 0
682000, 1250837, 0, 0
683000, 1252126, 0, 0
684000, 1249430, 0, 0
685000, 1254190, 0, 0
686000, 1258312, 0, 0
687000, 1254550, 0, 0
688000, 1252414, 0, 0
689000, 1253820, 0, 0
690000, 1253778, 0, 0
691000, 1261406, 0, 0
692000, 1261010, 0, 0
693000, 1254400, 0, 0
694000, 1251914, 0, 0
695000, 1256525, 0, 0
696000, 1254150, 0, 0
697000, 1255399, 0, 0
698000, 1260511, 0, 0
699000, 1257720, 0, 0
700000, 1250737, 0, 0
701000, 1243456, 0, 0
702000, 1257318, 0, 0
703000, 1255113, 0, 0
704000, 1259050, 0, 0
705000, 1260129, 0, 0
706000, 1260434, 0, 0
707000, 1257346, 0, 0
708000, 1256023, 0, 0
709000, 1254278, 0, 0
710000, 1259254, 0, 0
711000, 1260122, 0, 0
712000, 1261258, 0, 0
713000, 1260722, 0, 0
714000, 1256032, 0, 0
715000, 1255365, 0, 0
716000, 1261257, 0, 0
717000, 1259516, 0, 0
718000, 1258382, 0, 0
719000, 1258193, 0, 0
720000, 1256922, 0, 0
721000, 1257940, 0, 0
722000, 1255234, 0, 0
723000, 1254992, 0, 0
724000, 1263461, 0, 0
725000, 1259821, 0, 0
726000, 1257257, 0, 0
727000, 1254485, 0, 0
728000, 1257441, 0, 0
729000, 1254127, 0, 0
730000, 1252922, 0, 0
731000, 1258491, 0, 0
732000, 1261784, 0, 0
733000, 1254384, 0, 0
734000, 1260307, 0, 0
735000, 1254968, 0, 0
736000, 1258833, 0, 0
737000, 1259246, 0, 0
738000, 1261824, 0, 0
739000, 1256912, 0, 0
740000, 1255395, 0, 0
741000, 1258930, 0, 0
742000, 1258897, 0, 0
743000, 1257442, 0, 0
744000, 1262516, 0, 0
745000, 1258194, 0, 0
746000, 1257468, 0, 0
747000, 1255149, 0, 0
748000, 1260846, 0, 0
749000, 1255935, 0, 0
750000, 1260844, 0, 0
751000, 1259161, 0, 0
752000, 1260549, 0, 0
753000, 1256494, 0, 0
754000, 1259689, 0, 0
755000, 1253518, 0, 0
756000, 1262255, 0, 0
757000, 1259569, 0, 0
758000, 1259587, 0, 0
759000, 1255183, 0, 0
760000, 1261600, 0, 0
761000, 1257926, 0, 0
762000, 1259744, 0, 0
763000, 1260309, 0, 0
764000, 1252528, 0, 0
765000, 1252430, 0, 0
766000, 1258075, 0, 0
767000, 1258723, 0, 0
768000, 1258649, 0, 0
769000, 1260602, 0, 0
770000, 1264092, 0, 0
771000, 1253523, 0, 0
772000, 1256850, 0, 0
773000, 1260212, 0, 0
774000, 1256446, 0, 0
775000, 1258480, 0, 0
776000, 1260449, 0, 0
777000, 1258109, 0, 0
778000, 1254768, 0, 0
779000, 1258029, 0, 0
780000, 1258647, 0, 0
781000, 1262038, 0, 0
782000, 1256909, 0, 0
783000, 1257512, 0, 0
784000, 1263252, 0, 0
785000, 1254997, 0, 0
786000, 1257911, 0, 0
787000, 1259511, 0, 0
788000, 1262236, 0, 0
789000, 1260242, 0, 0
790000, 1262436, 0, 0
791000, 1256567, 0, 0
792000, 1258432, 0, 0
793000, 1259383, 0, 0
794000, 1265102, 0, 0
795000, 1259602, 0, 0
796000, 1261704, 0, 0
797000, 1254346, 0, 0
798000, 1250970, 0, 0
799000, 1255583, 0, 0
800000, 1257425, 0, 0
801000, 1260715, 0, 0
802000, 1260844, 0, 0
803000, 1261228, 0, 0
804000, 1254113, 0, 0
805000, 1261783, 0, 0
806000, 1262373, 0, 0
807000, 1259799, 0, 0
808000, 1262303, 0, 0
809000, 1257901, 0, 0
810000, 1258774, 0, 0
811000, 1259916, 0, 0
812000, 1257058, 0, 0
813000, 1258551, 0, 0
814000, 1258362, 0, 0
815000, 1262537, 0, 0
816000, 1257741, 0, 0
817000, 1256713, 0, 0
818000, 1253312, 0, 0
819000, 1255424, 0, 0
820000, 1262465, 0, 0
821000, 1263435, 0, 0
822000, 1264799, 0, 0
823000, 1260283, 0, 0
824000, 1255519, 0, 0
825000, 1258172, 0, 0
826000, 1260293, 0, 0
827000, 1258982, 0, 0
828000, 1259920, 0, 0
829000, 1261994, 0, 0
830000, 1256550, 0, 0
831000, 1256927, 0, 0
832000, 1252506, 0, 0
833000, 1254612, 0, 0
834000, 1254588, 0, 0
835000, 1263869, 0, 0
836000, 1257151, 0, 0
837000, 1259075, 0, 0
838000, 1259085, 0, 0
839000, 1264616, 0, 0
840000, 1257591, 0, 0
841000, 1261763, 0, 0
842000, 1259892, 0, 0
843000, 1260530, 0, 0
844000, 1258583, 0, 0
845000, 1257114, 0, 0
846000, 1253115, 0, 0
847000, 1254624, 0, 0
848000, 1254468, 0, 0
849000, 1255299, 0, 0
850000, 1261645, 0, 0
851000, 1259268, 0, 0
852000, 1260611, 0, 0
853000, 1260181, 0, 0
854000, 1264115, 0, 0
855000, 1257599, 0, 0
856000, 1259322, 0, 0
857000, 1261528, 0, 0
858000, 1264312, 0, 0
859000, 1263117, 0, 0
860000, 1258615, 0, 0
861000, 1259196, 0, 0
862000, 1256188, 0, 0
863000, 1258464, 0, 0
864000, 1261709, 0, 0
865000, 1260094, 0, 0
866000, 1262414, 0, 0
867000, 1268382, 0, 0
868000, 1255767, 0, 0
869000, 1258113, 0, 0
870000, 1259287, 0, 0
871000, 1263493, 0, 0
872000, 1261785, 0, 0
873000, 1262765, 0, 0
874000, 1259132, 0, 0
875000, 1265049, 0, 0
876000, 1261718, 0, 0
877000, 1264727, 0, 0
878000, 1261040, 0, 0
879000, 1262071, 0, 0
880000, 1261486, 0, 0
881000, 1260198, 0, 0
882000, 1259476, 0, 0
883000, 1262139, 0, 0
884000, 1259776, 0, 0
885000, 1262883, 0, 0
886000, 1262236, 0, 0
887000, 1260191, 0, 0
888000, 1259300, 0, 0
889000, 1260010, 0, 0
890000, 1261200, 0, 0
891000, 1262502, 0, 0
892000, 1261161, 0, 0
893000, 1261389, 0, 0
894000, 1262529, 0, 0
895000, 1260281, 0, 0
896000, 1256910, 0, 0
897000, 1267774, 0, 0
898000, 1258094, 0, 0
899000, 1261754, 0, 0
900000, 1260314, 0, 0
901000, 1258229, 0, 0
902000, 1259403, 0, 0
903000, 1264573, 0, 0
904000, 1263914, 0, 0
905000, 1259194, 0, 0
906000, 1262392, 0, 0
907000, 1258846, 0, 0
908000, 1260500, 0, 0
909000, 1261363, 0, 0
910000, 1263513, 0, 0
911000, 1263266, 0, 0
912000, 1254940, 0, 0
913000, 1261858, 0, 0
914000, 1260066, 0, 0
915000, 1262024, 0, 0
916000, 1260825, 0, 0
917000, 1263738, 0, 0
918000, 1256774, 0, 0
919000, 1263588, 0, 0
920000, 1254505, 0, 0
921000, 1265928, 0, 0
922000, 1261441, 0, 0
923000, 1263671, 0, 0
924000, 1265163, 0, 0
925000, 1267227, 0, 0
926000, 1257739, 0, 0
927000, 1256826, 0, 0
928000, 1265188, 0, 0
929000, 1260390, 0, 0
930000, 1258888, 0, 0
931000, 1264651, 0, 0
932000, 1265651, 0, 0
933000, 1258308, 0, 0
934000, 1261763, 0, 0
935000, 1261640, 0, 0
936000, 1263275, 0, 0
937000, 1264111, 0, 0
938000, 1266620, 0, 0
939000, 1263532, 0, 0
940000, 1260615, 0, 0
941000, 1261582, 0, 0
942000, 1261153, 0, 0
943000, 1261166, 0, 0
944000, 1264409, 0, 0
945000, 1265115, 0, 0
946000, 1261583, 0, 0
947000, 1259995, 0, 0
948000, 1262850, 0, 0
949000, 1266988, 0, 0
950000, 1259633, 0, 0
951000, 1263159, 0, 0
952000, 1253702, 0, 0
953000, 1261063, 0, 0
954000, 1258728, 0, 0
955000, 1263630, 0, 0
956000, 1263097, 0, 0
957000, 1264627, 0, 0
958000, 1266054, 0, 0
959000, 1258444, 0, 0
960000, 1264996, 0, 0
961000, 1262100, 0, 0
962000, 1266703, 0, 0
963000, 1264356, 0, 0
964000, 1263322, 0, 0
965000, 1264651, 0, 0
966000, 1259641, 0, 0
967000, 1263867, 0, 0
968000, 1266887, 0, 0
969000, 1262086, 0, 0
970000, 1267168, 0, 0
971000, 1263658, 0, 0
972000, 1250387, 0, 0
973000, 1260377, 0, 0
974000, 1261798, 0, 0
975000, 1260888, 0, 0
976000, 1262780, 0, 0
977000, 1266577, 0, 0
978000, 1259880, 0, 0
979000, 1260602, 0, 0
980000, 1262200, 0, 0
981000, 1262981, 0, 0
982000, 1260669, 0, 0
983000, 1260440, 0, 0
984000, 1265374, 0, 0
985000, 1259226, 0, 0
986000, 1262692, 0, 0
987000, 1265775, 0, 0
988000, 1262192, 0, 0
989000, 1261694, 0, 0
990000, 1263063, 0, 0
991000, 1262945, 0, 0
992000, 1263619, 0, 0
993000, 1259368, 0, 0
994000, 1268065, 0, 0
995000, 1265435, 0, 0
996000, 1265004, 0, 0
997000, 1261400, 0, 0
998000, 1262584, 0, 0
999000, 1264160, 0, 0
1000000, 1264046, 0, 0
1001000, 1262145, 0, 0
1002000, 1264444, 0, 0
1003000, 1262558, 0, 0
1004000, 1263215, 0, 0
1005000, 1262224, 0, 0
1006000, 1263477, 0, 0
1007000, 1263427, 0, 0
1008000, 1260771, 0, 0
1009000, 1263830, 0, 0
1010000, 1265680, 0, 0
1011000, 1262101, 0, 0
1012000, 1263483, 0, 0
1013000, 1264802, 0, 0
1014000, 1266882, 0, 0
1015000, 1264059, 0, 0
1016000, 1262121, 0, 0
1017000, 1260303, 0, 0
1018000, 1263878, 0, 0
1019000, 1264950, 0, 0
1020000, 1262090, 0, 0
1021000, 1266266, 0, 0
1022000, 1267107, 0, 0
1023000, 1264613, 0, 0
1024000, 1261783, 0, 0
1025000, 1261740, 0, 0
1026000, 1266026, 0, 0
1027000, 1263422, 0, 0
1028000, 1267291, 0, 0
1029000, 1264038, 0, 0
1030000, 1260519, 0, 0
1031000, 1260231, 0, 0
1032000, 1256213, 0, 0
1033000, 1256614, 0, 0
1034000, 1261746, 0, 0
1035000, 1265349, 0, 0
1036000, 1267186, 0, 0
1037000, 1265503, 0, 0
1038000, 1260689, 0, 0
1039000, 1265280, 0, 0
1040000, 1260342, 0, 0
1041000, 1264169, 0, 0
1042000, 1267187, 0, 0
1043000, 1262247, 0, 0
1044000, 1260082, 0, 0
1045000, 1262761, 0, 0
1046000, 1268637, 0, 0
1047000, 1262795, 0, 0
1048000, 1264971, 0, 0
1049000, 1261796, 0, 0
1050000, 1264078, 0, 0
1051000, 1263514, 0, 0
1052000, 1263252, 0, 0
1053000, 1262124, 0, 0
1054000, 1264649, 0, 0
1055000, 1265498, 0, 0
1056000, 1265181, 0, 0
1057000, 1264386, 0, 0
1058000, 1274725, 0, 0
1059000, 1282248, 0, 0
1060000, 1286345, 0, 0
1061000, 1284249, 0, 0
1062000, 1280588, 0, 0
1063000, 1281831, 0, 0
1064000, 1273455, 0, 0
1065000, 1259289, 0, 0
1066000, 1259665, 0, 0
1067000, 1265865, 0, 0
1068000, 1269219, 0, 0
1069000, 1264764, 0, 0
1070000, 1262970, 0, 0
1071000, 1276277, 0, 0
1072000, 1264324, 0, 0
1073000, 1262072, 0, 0
1074000, 1266686, 0, 0
1075000, 1257547, 0, 0
1076000, 1257407, 0, 0
1077000, 1265364, 0, 0
1078000, 1258529, 0, 0
1079000, 1265984, 0, 0
1080000, 1265242, 0, 0
1081000, 1266235, 0, 0
1082000, 1265825, 0, 0
1083000, 1270605, 0, 0
1084000, 1264280, 0, 0
1085000, 1265359, 0, 0
1086000, 1266889, 0, 0
1087000, 1268168, 0, 0
1088000, 1262663, 0, 0
1089000, 1264611, 0, 0
1090000, 1266073, 0, 0
1091000, 1265295, 0, 0
1092000, 1268540, 0, 0
1093000, 1262746, 0, 0
1094000, 1263574, 0, 0
1095000, 1263473, 0, 0
1096000, 1271427, 0, 0
1097000, 1262483, 0, 0
1098000, 1260408, 0, 0
1099000, 1256090, 0, 0
1100000, 1253684, 0, 0
1101000, 1265736, 0, 0
1102000, 1261855, 0, 0
1103000, 1263719, 0, 0
1104000, 1267163, 0, 0
1105000, 1268307, 0, 0
1106000, 1265316, 0, 0
1107000, 1262769, 0, 0
1108000, 1266261, 0, 0
1109000, 1269399, 0, 0
1110000, 1265019, 0, 0
1111000, 1265495, 0, 0
1112000, 1264579, 0, 0
1113000, 1267902, 0, 0
1114000, 1259144, 0, 0
1115000, 1258293, 0, 0
1116000, 1264571, 0, 0
1117000, 1261201, 0, 0
1118000, 1263561, 0, 0
1119000, 1266021, 0, 0
1120000, 1260086, 0, 0
1121000, 1258861, 0, 0
1122000, 1261092, 0, 0
1123000, 1262714, 0, 0
1124000, 1266182, 0, 0
1125000, 1259729, 0, 0
1126000, 1254372, 0, 0
1127000, 1262775, 0, 0
1128000, 1257886, 0, 0
1129000, 1261956, 0, 0
1130000, 1260696, 0, 0
1131000, 1264599, 0, 0
1132000, 1267943, 0, 0
1133000, 1265350, 0, 0
1134000, 1269213, 0, 0
1135000, 1262154, 0, 0
1136000, 1259631, 0, 0
1137000, 1267248, 0, 0
1138000, 1262849, 0, 0
1139000, 1263476, 0, 0
1140000, 1263873, 0, 0
1141000, 1262731, 0, 0
1142000, 1263840, 0, 0
1143000, 1266440, 0, 0
1144000, 1264711, 0, 0
1145000, 1267198, 0, 0
1146000, 1273911, 0, 0
1147000, 1263203, 0, 0
1148000, 1263172, 0, 0
1149000, 1264850, 0, 0
1150000, 1265741, 0, 0
1151000, 1267562, 0, 0
1152000, 1264722, 0, 0
1153000, 1261573, 0, 0
1154000, 1263461, 0, 0
1155000, 1267971, 0, 0
1156000, 1259980, 0, 0
1157000, 1257880, 0, 0
1158000, 1267140, 0, 0
1159000, 1276254, 0, 0
1160000, 1264016, 0, 0
1161000, 1267374, 0, 0
1162000, 1265997, 0, 0
1163000, 1269435, 0, 0
1164000, 1268072, 0, 0
1165000, 1270982, 0, 0
1166000, 1269307, 0, 0
1167000, 1266831, 0, 0
1168000, 1227593, 0, 0
1169000, 1198036, 0, 0
1170000, 1197592, 0, 0
1171000, 1196125, 0, 0
1172000, 1199481, 0, 0
1173000, 1195208, 0, 0
1174000, 1193802, 0, 0
1175000, 1193033, 0, 0
1176000, 1196957, 0, 0
1177000, 1197575, 0, 0
1178000, 1203941, 0, 0
1179000, 1199332, 0, 0
1180000, 1198770, 0, 0
1181000, 1200010, 0, 0
1182000, 1199853, 0, 0
1183000, 1200698, 0, 0
1184000, 1197852, 0, 0
1185000, 1193099, 0, 0
1186000, 1197768, 0, 0
1187000, 1196596, 0, 0
1188000, 1201075, 0, 0
1189000, 1196547, 0, 0
1190000, 1198444, 0, 0
1191000, 1197234, 0, 0
1192000, 1199294, 0, 0
1193000, 1199554, 0, 0
1194000, 1198759, 0, 0
1195000, 1197570, 0, 0
1196000, 1199335, 0, 0
1197000, 1201042, 0, 0
1198000, 1196620, 0, 0
1199000, 1202029, 0, 0
1200000, 1197559, 0, 0
1200001, 1863132, 0, 0
