1046, 430938371, 0, 0
2039, 429947584, 0, 0
3026, 459065111, 0, 0
4015, 447018566, 0, 0
5053, 401897212, 0, 0
6026, 422711502, 0, 0
7035, 443874869, 0, 0
8005, 446425318, 0, 0
9039, 443148500, 0, 0
10034, 422057045, 0, 0
11052, 432729224, 0, 0
12026, 430649942, 0, 0
13026, 411607095, 0, 0
14012, 437045906, 0, 0
15029, 442309020, 0, 0
16022, 444065518, 0, 0
17053, 434019700, 0, 0
18043, 438309545, 0, 0
19031, 429678202, 0, 0
20004, 430422486, 0, 0
21033, 411386290, 0, 0
22013, 430314558, 0, 0
23008, 434047492, 0, 0
24044, 446394468, 0, 0
25004, 423624233, 0, 0
26037, 411149128, 0, 0
27019, 426053615, 0, 0
28051, 410969580, 0, 0
29017, 403028718, 0, 0
30050, 414195399, 0, 0
31027, 473775269, 0, 0
32008, 418871937, 0, 0
33034, 432294984, 0, 0
34031, 411672986, 0, 0
35056, 437854750, 0, 0
36017, 419472147, 0, 0
37012, 419782906, 0, 0
38020, 409285400, 0, 0
39016, 450691890, 0, 0
40028, 420401268, 0, 0
41028, 436993882, 0, 0
42053, 401342817, 0, 0
43043, 409700907, 0, 0
44001, 427958559, 0, 0
45051, 404273423, 0, 0
46009, 422974759, 0, 0
47004, 410229500, 0, 0
48043, 403976790, 0, 0
49021, 427482823, 0, 0
50006, 393699766, 0, 0
51030, 387703802, 0, 0
52033, 413784531, 0, 0
53002, 393515372, 0, 0
54011, 411464657, 0, 0
55016, 415311359, 0, 0
56050, 419193507, 0, 0
57028, 398989983, 0, 0
58014, 407385956, 0, 0
59026, 396690554, 0, 0
60022, 401405899, 0, 0
61040, 411555036, 0, 0
62039, 391569541, 0, 0
63023, 382781857, 0, 0
64054, 405566885, 0, 0
65008, 410994605, 0, 0
66014, 406324057, 0, 0
67043, 392227392, 0, 0
68014, 382723075, 0, 0
69024, 419564900, 0, 0
70061, 410604844, 0, 0
71012, 391167429, 0, 0
72057, 380195392, 0, 0
73008, 393666227, 0, 0
74011, 392281746, 0, 0
75031, 397967200, 0, 0
76017, 409724938, 0, 0
77007, 389025473, 0, 0
78006, 397588804, 0, 0
79010, 398048941, 0, 0
80016, 416870155, 0, 0
81036, 400584461, 0, 0
82000, 388196490, 0, 0
83041, 407080908, 0, 0
84023, 386160564, 0, 0
85049, 374872231, 0, 0
86050, 401636524, 0, 0
87024, 401821002, 0, 0
88019, 397048279, 0, 0
89022, 389132979, 0, 0
90020, 378003234, 0, 0
91007, 402594365, 0, 0
92046, 388772477, 0, 0
93019, 419160156, 0, 0
94025, 403513884, 0, 0
95052, 407556364, 0, 0
96023, 372936372, 0, 0
97035, 367530188, 0, 0
98000, 349043400, 0, 0
99042, 373375533, 0, 0
100034, 384581103, 0, 0
101018, 384833898, 0, 0
102024, 372387971, 0, 0
103003, 361391669, 0, 0
104002, 385018703, 0, 0
105044, 388898990, 0, 0
106012, 373861084, 0, 0
107016, 371225787, 0, 0
108003, 369570615, 0, 0
109001, 390101494, 0, 0
110014, 382187783, 0, 0
111040, 374307220, 0, 0
112015, 375825355, 0, 0
113007, 360963655, 0, 0
114044, 355342204, 0, 0
115023, 358529654, 0, 0
116048, 355868752, 0, 0
117036, 350947864, 0, 0
118000, 345855152, 0, 0
119025, 393303959, 0, 0
120032, 378913116, 0, 0
121034, 357232974, 0, 0
122008, 380209413, 0, 0
123005, 377927690, 0, 0
124060, 353858525, 0, 0
125043, 357772932, 0, 0
126002, 368140059, 0, 0
127043, 375105634, 0, 0
128027, 363755944, 0, 0
129029, 349804092, 0, 0
130010, 360730467, 0, 0
131019, 348897352, 0, 0
132000, 361829442, 0, 0
133017, 355388233, 0, 0
134020, 375982682, 0, 0
135022, 343701388, 0, 0
136013, 366039843, 0, 0
137033, 344118948, 0, 0
138003, 362619230, 0, 0
139008, 365933267, 0, 0
140017, 324257459, 0, 0
141040, 342287257, 0, 0
142002, 343354823, 0, 0
143036, 334967989, 0, 0
144047, 346478590, 0, 0
145010, 349388619, 0, 0
146019, 350286807, 0, 0
147016, 351911304, 0, 0
148009, 343302396, 0, 0
149046, 358363787, 0, 0
150033, 370523170, 0, 0
151008, 371851025, 0, 0
152020, 333917260, 0, 0
153034, 384183827, 0, 0
154026, 356588028, 0, 0
155033, 327103509, 0, 0
156009, 311693349, 0, 0
157006, 335191670, 0, 0
158041, 330483293, 0, 0
159010, 328239580, 0, 0
160045, 328497109, 0, 0
161032, 362057201, 0, 0
162046, 369214979, 0, 0
163004, 366053647, 0, 0
164041, 327905570, 0, 0
165008, 350782929, 0, 0
166036, 346927031, 0, 0
167019, 317768917, 0, 0
168040, 326378892, 0, 0
169001, 340327585, 0, 0
170054, 329348395, 0, 0
171029, 343533384, 0, 0
172017, 320585721, 0, 0
173048, 321204879, 0, 0
174043, 332248565, 0, 0
175008, 357142904, 0, 0
176005, 336195834, 0, 0
177043, 331074344, 0, 0
178042, 312509268, 0, 0
179008, 314702615, 0, 0
180004, 340308617, 0, 0
181047, 323127450, 0, 0
182029, 346476058, 0, 0
183042, 311977080, 0, 0
184036, 323344779, 0, 0
185001, 299114012, 0, 0
186028, 299109591, 0, 0
187019, 309243955, 0, 0
188050, 317060364, 0, 0
189051, 311376777, 0, 0
190003, 318515227, 0, 0
191041, 327967432, 0, 0
192005, 293676224, 0, 0
193034, 288232411, 0, 0
194050, 321465161, 0, 0
195032, 323494681, 0, 0
196019, 318521249, 0, 0
197002, 320570712, 0, 0
198003, 307054975, 0, 0
199034, 317133781, 0, 0
200022, 292353790, 0, 0
201002, 293758399, 0, 0
202012, 325773937, 0, 0
203000, 290494497, 0, 0
204045, 299422234, 0, 0
205014, 313414076, 0, 0
206039, 328648728, 0, 0
207027, 309306554, 0, 0
208015, 299352644, 0, 0
209000, 282973727, 0, 0
210026, 289281831, 0, 0
211041, 267370598, 0, 0
212007, 300576588, 0, 0
213004, 306265997, 0, 0
214005, 294713250, 0, 0
215032, 297125373, 0, 0
216043, 297665976, 0, 0
217021, 281840460, 0, 0
218040, 301464880, 0, 0
219017, 305506855, 0, 0
220056, 285768535, 0, 0
221022, 281941541, 0, 0
222002, 312881281, 0, 0
223046, 287231443, 0, 0
224048, 301872623, 0, 0
225029, 305265909, 0, 0
226003, 265928575, 0, 0
227042, 292519481, 0, 0
228036, 277290119, 0, 0
229024, 277440201, 0, 0
230038, 285326294, 0, 0
231046, 263074302, 0, 0
232035, 291019038, 0, 0
233038, 306123280, 0, 0
234001, 285414683, 0, 0
235045, 258036337, 0, 0
236015, 266258543, 0, 0
237008, 287529493, 0, 0
238038, 281380872, 0, 0
239044, 280500725, 0, 0
240027, 268979383, 0, 0
241014, 264304132, 0, 0
242022, 254342163, 0, 0
243045, 272700615, 0, 0
244028, 252889786, 0, 0
245031, 263603851, 0, 0
246017, 277971255, 0, 0
247027, 292189773, 0, 0
248037, 273952988, 0, 0
249036, 256831707, 0, 0
250036, 266950712, 0, 0
251028, 258257469, 0, 0
252007, 263447181, 0, 0
253027, 257822137, 0, 0
254019, 287546946, 0, 0
255016, 261513449, 0, 0
256053, 299568600, 0, 0
257002, 283417693, 0, 0
258042, 250973960, 0, 0
259015, 267443441, 0, 0
260004, 244031140, 0, 0
261044, 255206708, 0, 0
262034, 269232007, 0, 0
263014, 273692850, 0, 0
264006, 270559157, 0, 0
265049, 261244989, 0, 0
266048, 265457353, 0, 0
267028, 258786016, 0, 0
268015, 250308683, 0, 0
269014, 246653590, 0, 0
270016, 214570542, 0, 0
271002, 251463893, 0, 0
272029, 270264874, 0, 0
273019, 265504142, 0, 0
274019, 250392436, 0, 0
275050, 246619383, 0, 0
276024, 234941873, 0, 0
277029, 248774928, 0, 0
278038, 209705307, 0, 0
279015, 244096399, 0, 0
280042, 261711208, 0, 0
281010, 227993118, 0, 0
282035, 229946776, 0, 0
283002, 217804776, 0, 0
284028, 307101400, 0, 0
285041, 225179007, 0, 0
286031, 235907198, 0, 0
287025, 264288113, 0, 0
288011, 243260039, 0, 0
289029, 213539698, 0, 0
290031, 244766813, 0, 0
291030, 242971601, 0, 0
292020, 240024591, 0, 0
293011, 263154782, 0, 0
294002, 225007015, 0, 0
295006, 238892023, 0, 0
296005, 238604584, 0, 0
297016, 231915288, 0, 0
298007, 220605974, 0, 0
299022, 232965084, 0, 0
300029, 219841009, 0, 0
301046, 227821762, 0, 0
302042, 233366413, 0, 0
303047, 231687598, 0, 0
304045, 206705068, 0, 0
305020, 261365939, 0, 0
306020, 221352929, 0, 0
307027, 236107024, 0, 0
308041, 201840068, 0, 0
309000, 208965230, 0, 0
310003, 242111042, 0, 0
311055, 196338510, 0, 0
312047, 217161537, 0, 0
313016, 218969473, 0, 0
314036, 222789399, 0, 0
315027, 229750787, 0, 0
316008, 233094163, 0, 0
317039, 215010484, 0, 0
318005, 201123776, 0, 0
319002, 211354356, 0, 0
320053, 222449757, 0, 0
321031, 218592441, 0, 0
322012, 210431524, 0, 0
323022, 219543622, 0, 0
324007, 221455273, 0, 0
325001, 231662327, 0, 0
326020, 239279194, 0, 0
327017, 216897056, 0, 0
328022, 228621796, 0, 0
329053, 205803924, 0, 0
330054, 197643836, 0, 0
331033, 199615295, 0, 0
332008, 200452539, 0, 0
333050, 208714419, 0, 0
334000, 204488274, 0, 0
335018, 201958059, 0, 0
336041, 198044282, 0, 0
337031, 209543153, 0, 0
338004, 204032284, 0, 0
339006, 210575018, 0, 0
340026, 189598284, 0, 0
341019, 193837393, 0, 0
342039, 190879599, 0, 0
343031, 213049760, 0, 0
344050, 210701213, 0, 0
345024, 177909883, 0, 0
346010, 202009015, 0, 0
347007, 185571173, 0, 0
348036, 211977057, 0, 0
349038, 199425163, 0, 0
350047, 185545983, 0, 0
351017, 189077709, 0, 0
352027, 188886349, 0, 0
353017, 198391454, 0, 0
354029, 197578081, 0, 0
355024, 212687645, 0, 0
356022, 183232580, 0, 0
357012, 206279033, 0, 0
358048, 186379026, 0, 0
359037, 182898698, 0, 0
360042, 171760187, 0, 0
361003, 166553535, 0, 0
362036, 202066470, 0, 0
363036, 203647914, 0, 0
364043, 197361888, 0, 0
365048, 192084855, 0, 0
366002, 153586876, 0, 0
367007, 169378147, 0, 0
368008, 172318887, 0, 0
369007, 177423795, 0, 0
370040, 181445837, 0, 0
371053, 180446104, 0, 0
372021, 169394127, 0, 0
373026, 178699678, 0, 0
374046, 161648810, 0, 0
375037, 183172489, 0, 0
376045, 168431976, 0, 0
377044, 175912145, 0, 0
378001, 162440032, 0, 0
379022, 151822555, 0, 0
380036, 154837408, 0, 0
381024, 161204635, 0, 0
382047, 181818947, 0, 0
383015, 164192451, 0, 0
384034, 151694463, 0, 0
385044, 168515140, 0, 0
386055, 138778845, 0, 0
387048, 153595570, 0, 0
388040, 145188368, 0, 0
389031, 147693810, 0, 0
390031, 149866643, 0, 0
391019, 171278357, 0, 0
392012, 142479276, 0, 0
393031, 160284877, 0, 0
394046, 165221286, 0, 0
395037, 142201267, 0, 0
396002, 170685659, 0, 0
397005, 147409888, 0, 0
398018, 156740738, 0, 0
399064, 149808973, 0, 0
400056, 148108883, 0, 0
401039, 151199474, 0, 0
402023, 156177862, 0, 0
403010, 137362375, 0, 0
404056, 140799256, 0, 0
405033, 153317036, 0, 0
406062, 162933295, 0, 0
407011, 163740892, 0, 0
408046, 151049610, 0, 0
409046, 148037608, 0, 0
410016, 152340027, 0, 0
411004, 124861967, 0, 0
412045, 143604490, 0, 0
413015, 138365732, 0, 0
414051, 150929915, 0, 0
415006, 134470463, 0, 0
416023, 162033251, 0, 0
417025, 130404093, 0, 0
418011, 150370793, 0, 0
419015, 139739915, 0, 0
420046, 129174364, 0, 0
421016, 128849790, 0, 0
422007, 132938715, 0, 0
423056, 136088580, 0, 0
424040, 134349372, 0, 0
425017, 141093944, 0, 0
426042, 131688804, 0, 0
427028, 131770887, 0, 0
428000, 164767825, 0, 0
429037, 136074944, 0, 0
430012, 147930490, 0, 0
431040, 130944702, 0, 0
432007, 138696787, 0, 0
433053, 121724244, 0, 0
434018, 125907975, 0, 0
435053, 129526107, 0, 0
436050, 137042694, 0, 0
437030, 120037550, 0, 0
438008, 120734773, 0, 0
439001, 135500561, 0, 0
440049, 119570213, 0, 0
441040, 139977586, 0, 0
442034, 118579796, 0, 0
443001, 105534926, 0, 0
444012, 112890651, 0, 0
445034, 102820166, 0, 0
446042, 104151351, 0, 0
447017, 115485171, 0, 0
448045, 132634766, 0, 0
449006, 120736008, 0, 0
450038, 112985578, 0, 0
451019, 120467892, 0, 0
452004, 103811886, 0, 0
453014, 144602529, 0, 0
454040, 123308497, 0, 0
455004, 103323475, 0, 0
456037, 101205010, 0, 0
457015, 109703967, 0, 0
458013, 110536760, 0, 0
459018, 124443373, 0, 0
460049, 102951996, 0, 0
461023, 96576363, 0, 0
462020, 111909086, 0, 0
463007, 97172023, 0, 0
464028, 110794552, 0, 0
465038, 107858941, 0, 0
466020, 108578389, 0, 0
467007, 103419257, 0, 0
468034, 100467358, 0, 0
469034, 83445597, 0, 0
470039, 86908597, 0, 0
471019, 88600140, 0, 0
472043, 94427255, 0, 0
473000, 91471544, 0, 0
474004, 89477078, 0, 0
475005, 95327813, 0, 0
476006, 88614480, 0, 0
477036, 81909657, 0, 0
478000, 83586102, 0, 0
479030, 69246645, 0, 0
480000, 91495460, 0, 0
481038, 92577277, 0, 0
482012, 91226916, 0, 0
483024, 86483648, 0, 0
484008, 89168224, 0, 0
485017, 87444231, 0, 0
486001, 76852492, 0, 0
487038, 83421661, 0, 0
488017, 78159355, 0, 0
489044, 79111458, 0, 0
490014, 86748811, 0, 0
491041, 98233170, 0, 0
492061, 72487047, 0, 0
493035, 75525041, 0, 0
494016, 73649934, 0, 0
495032, 83199270, 0, 0
496054, 75167029, 0, 0
497042, 74673523, 0, 0
498002, 64651071, 0, 0
499014, 74602322, 0, 0
500040, 63438069, 0, 0
501040, 73859184, 0, 0
502034, 74452320, 0, 0
503033, 94582779, 0, 0
504051, 58229538, 0, 0
505018, 74160097, 0, 0
506015, 69869602, 0, 0
507015, 75556111, 0, 0
508045, 64120075, 0, 0
509019, 64847995, 0, 0
510046, 61493358, 0, 0
511022, 57463497, 0, 0
512030, 63759059, 0, 0
513042, 58753574, 0, 0
514030, 65251986, 0, 0
515007, 56252072, 0, 0
516015, 53845726, 0, 0
517016, 53712009, 0, 0
518003, 56934178, 0, 0
519027, 57835064, 0, 0
520025, 54777753, 0, 0
521051, 49092118, 0, 0
522000, 59415483, 0, 0
523039, 54471323, 0, 0
524013, 49219346, 0, 0
525048, 54533226, 0, 0
526063, 46832636, 0, 0
527027, 45592998, 0, 0
528055, 45368359, 0, 0
529002, 46212660, 0, 0
530007, 43670154, 0, 0
531003, 48966993, 0, 0
532010, 40219852, 0, 0
533044, 47329892, 0, 0
534029, 53737000, 0, 0
535048, 51467732, 0, 0
536026, 41834344, 0, 0
537025, 36640052, 0, 0
538016, 32080390, 0, 0
539030, 43948272, 0, 0
540046, 40879891, 0, 0
541029, 30436735, 0, 0
542028, 30624614, 0, 0
543048, 38321965, 0, 0
544004, 41394253, 0, 0
545011, 27764229, 0, 0
546006, 32871488, 0, 0
547028, 27482955, 0, 0
548054, 26672279, 0, 0
549034, 29515958, 0, 0
550022, 30269048, 0, 0
551015, 26357476, 0, 0
552028, 19874550, 0, 0
553048, 23733338, 0, 0
554017, 22201871, 0, 0
555017, 24396745, 0, 0
556028, 20949346, 0, 0
557025, 20103607, 0, 0
558042, 18208778, 0, 0
559004, 17447410, 0, 0
560023, 18813682, 0, 0
561022, 14110024, 0, 0
562000, 21956014, 0, 0
563000, 14014586, 0, 0
564046, 11425570, 0, 0
565006, 11418696, 0, 0
566000, 7095796, 0, 0
567036, 6301483, 0, 0
568000, 4498412, 0, 0
569000, 1457892, 0, 0
570000, 1291661, 0, 0
571000, 1291197, 0, 0
572000, 1294007, 0, 0
573000, 1296606, 0, 0
574000, 1295455, 0, 0
575000, 1300355, 0, 0
576000, 1288707, 0, 0
577000, 1292119, 0, 0
578000, 1289631, 0, 0
579000, 1293942, 0, 0
580000, 1294001, 0, 0
581000, 1298767, 0, 0
582000, 1298665, 0, 0
583000, 1285047, 0, 0
584000, 1289275, 0, 0
585000, 1289986, 0, 0
586000, 1295385, 0, 0
587000, 1294779, 0, 0
588000, 1293676, 0, 0
589000, 1295149, 0, 0
590000, 1289362, 0, 0
591000, 1291150, 0, 0
592000, 1293820, 0, 0
593000, 1294427, 0, 0
594000, 1292093, 0, 0
595000, 1296467, 0, 0
596000, 1290806, 0, 0
597000, 1289828, 0, 0
598000, 1294030, 0, 0
599000, 1294288, 0, 0
600000, 1295926, 0, 0
601000, 1297420, 0, 0
602000, 1298469, 0, 0
603000, 1293911, 0, 0
604000, 1289609, 0, 0
605000, 1292006, 0, 0
606000, 1296530, 0, 0
607000, 1296426, 0, 0
608000, 1295708, 0, 0
609000, 1293175, 0, 0
610000, 1288890, 0, 0
611000, 1290858, 0, 0
612000, 1294124, 0, 0
613000, 1293910, 0, 0
614000, 1295396, 0, 0
615000, 1297250, 0, 0
616000, 1292114, 0, 0
617000, 1291791, 0, 0
618000, 1292565, 0, 0
619000, 1291490, 0, 0
620000, 1291896, 0, 0
621000, 1298387, 0, 0
622000, 1292399, 0, 0
623000, 1291041, 0, 0
624000, 1290465, 0, 0
625000, 1291155, 0, 0
626000, 1290859, 0, 0
627000, 1292267, 0, 0
628000, 1296999, 0, 0
629000, 1288364, 0, 0
630000, 1292749, 0, 0
631000, 1292422, 0, 0
632000, 1292212, 0, 0
633000, 1292339, 0, 0
634000, 1298007, 0, 0
635000, 1296031, 0, 0
636000, 1294559, 0, 0
637000, 1290573, 0, 0
638000, 1291914, 0, 0
639000, 1297217, 0, 0
640000, 1296574, 0, 0
641000, 1297218, 0, 0
642000, 1296872, 0, 0
643000, 1292237, 0, 0
644000, 1295629, 0, 0
645000, 1293548, 0, 0
646000, 1296807, 0, 0
647000, 1295952, 0, 0
648000, 1297030, 0, 0
649000, 1294431, 0, 0
650000, 1293857, 0, 0
651000, 1292660, 0, 0
652000, 1291339, 0, 0
653000, 1297978, 0, 0
654000, 1293502, 0, 0
655000, 1297332, 0, 0
656000, 1267049, 0, 0
657000, 1257464, 0, 0
658000, 1253378, 0, 0
659000, 1254894, 0, 0
660000, 1258083, 0, 0
661000, 1258473, 0, 0
662000, 1255220, 0, 0
663000, 1252771, 0, 0
664000, 1251273, 0, 0
665000, 1251601, 0, 0
666000, 1249220, 0, 0
667000, 1256541, 0, 0
668000, 1249719, 0, 0
669000, 1248168, 0, 0
670000, 1247817, 0, 0
671000, 1249820, 0, 0
672000, 1249787, 0, 0
673000, 1253043, 0, 0
674000, 1248435, 0, 0
675000, 1245517, 0, 0
676000, 1244510, 0, 0
677000, 1255683, 0, 0
678000, 1253477, 0, 0
679000, 1257801, 0, 0
680000, 1255580, 0, 0
681000, 1261862, 0, 0
682000, 1250817, 0, 0
683000, 1251168, 0, 0
684000, 1249417, 0, 0
685000, 1254158, 0, 0
686000, 1258332, 0, 0
687000, 1254478, 0, 0
688000, 1252494, 0, 0
689000, 1253638, 0, 0
690000, 1253903, 0, 0
691000, 1261361, 0, 0
692000, 1261012, 0, 0
693000, 1254312, 0, 0
694000, 1251918, 0, 0
695000, 1256440, 0, 0
696000, 1254181, 0, 0
697000, 1255317, 0, 0
698000, 1260533, 0, 0
699000, 1257657, 0, 0
700000, 1250674, 0, 0
701000, 1243529, 0, 0
702000, 1257955, 0, 0
703000, 1254308, 0, 0
704000, 1259013, 0, 0
705000, 1259222, 0, 0
706000, 1260357, 0, 0
707000, 1257274, 0, 0
708000, 1256001, 0, 0
709000, 1254359, 0, 0
710000, 1259245, 0, 0
711000, 1260109, 0, 0
712000, 1261149, 0, 0
713000, 1260575, 0, 0
714000, 1256064, 0, 0
715000, 1255415, 0, 0
716000, 1261144, 0, 0
717000, 1259514, 0, 0
718000, 1258360, 0, 0
719000, 1258204, 0, 0
720000, 1256750, 0, 0
721000, 1257921, 0, 0
722000, 1256179, 0, 0
723000, 1256861, 0, 0
724000, 1263507, 0, 0
725000, 1259917, 0, 0
726000, 1257060, 0, 0
727000, 1254450, 0, 0
728000, 1257531, 0, 0
729000, 1254009, 0, 0
730000, 1253028, 0, 0
731000, 1258440, 0, 0
732000, 1261643, 0, 0
733000, 1254392, 0, 0
734000, 1260344, 0, 0
735000, 1254980, 0, 0
736000, 1258920, 0, 0
737000, 1259232, 0, 0
738000, 1261775, 0, 0
739000, 1256937, 0, 0
740000, 1255473, 0, 0
741000, 1258851, 0, 0
742000, 1258951, 0, 0
743000, 1257368, 0, 0
744000, 1264623, 0, 0
745000, 1258129, 0, 0
746000, 1257506, 0, 0
747000, 1255180, 0, 0
748000, 1260867, 0, 0
749000, 1256023, 0, 0
750000, 1260708, 0, 0
751000, 1259316, 0, 0
752000, 1260430, 0, 0
753000, 1256650, 0, 0
754000, 1260723, 0, 0
755000, 1254284, 0, 0
756000, 1262322, 0, 0
757000, 1259571, 0, 0
758000, 1259724, 0, 0
759000, 1255178, 0, 0
760000, 1261491, 0, 0
761000, 1257986, 0, 0
762000, 1259745, 0, 0
763000, 1260330, 0, 0
764000, 1252485, 0, 0
765000, 1252412, 0, 0
766000, 1258965, 0, 0
767000, 1258805, 0, 0
768000, 1258812, 0, 0
769000, 1260634, 0, 0
770000, 1264020, 0, 0
771000, 1256840, 0, 0
772000, 1256787, 0, 0
773000, 1260351, 0, 0
774000, 1255346, 0, 0
775000, 1256480, 0, 0
776000, 1260449, 0, 0
777000, 1258034, 0, 0
778000, 1253762, 0, 0
779000, 1257979, 0, 0
780000, 1258727, 0, 0
781000, 1261897, 0, 0
782000, 1257913, 0, 0
783000, 1258567, 0, 0
784000, 1263286, 0, 0
785000, 1254900, 0, 0
786000, 1257983, 0, 0
787000, 1259428, 0, 0
788000, 1262211, 0, 0
789000, 1260254, 0, 0
790000, 1263442, 0, 0
791000, 1258552, 0, 0
792000, 1257635, 0, 0
793000, 1259363, 0, 0
794000, 1263215, 0, 0
795000, 1259572, 0, 0
796000, 1261683, 0, 0
797000, 1254337, 0, 0
798000, 1250967, 0, 0
799000, 1255553, 0, 0
800000, 1257502, 0, 0
801000, 1260608, 0, 0
802000, 1260806, 0, 0
803000, 1261279, 0, 0
804000, 1253159, 0, 0
805000, 1259991, 0, 0
806000, 1263344, 0, 0
807000, 1258713, 0, 0
808000, 1262304, 0, 0
809000, 1257987, 0, 0
810000, 1258766, 0, 0
811000, 1259905, 0, 0
812000, 1256989, 0, 0
813000, 1258540, 0, 0
814000, 1258346, 0, 0
815000, 1262681, 0, 0
816000, 1257698, 0, 0
817000, 1256691, 0, 0
818000, 1253335, 0, 0
819000, 1255463, 0, 0
820000, 1262498, 0, 0
821000, 1263406, 0, 0
822000, 1264668, 0, 0
823000, 1260368, 0, 0
824000, 1257598, 0, 0
825000, 1258193, 0, 0
826000, 1260268, 0, 0
827000, 1258947, 0, 0
828000, 1259926, 0, 0
829000, 1261905, 0, 0
830000, 1256633, 0, 0
831000, 1256930, 0, 0
832000, 1252443, 0, 0
833000, 1253579, 0, 0
834000, 1254478, 0, 0
835000, 1261851, 0, 0
836000, 1257092, 0, 0
837000, 1259044, 0, 0
838000, 1259088, 0, 0
839000, 1264563, 0, 0
840000, 1256697, 0, 0
841000, 1261717, 0, 0
842000, 1259799, 0, 0
843000, 1260550, 0, 0
844000, 1258601, 0, 0
845000, 1257072, 0, 0
846000, 1253128, 0, 0
847000, 1254549, 0, 0
848000, 1254600, 0, 0
849000, 1255135, 0, 0
850000, 1261678, 0, 0
851000, 1259264, 0, 0
852000, 1259573, 0, 0
853000, 1260204, 0, 0
854000, 1264061, 0, 0
855000, 1256622, 0, 0
856000, 1259424, 0, 0
857000, 1261497, 0, 0
858000, 1264264, 0, 0
859000, 1263062, 0, 0
860000, 1258602, 0, 0
861000, 1259229, 0, 0
862000, 1256056, 0, 0
863000, 1258413, 0, 0
864000, 1261747, 0, 0
865000, 1259950, 0, 0
866000, 1262517, 0, 0
867000, 1268377, 0, 0
868000, 1255770, 0, 0
869000, 1258016, 0, 0
870000, 1259260, 0, 0
871000, 1263453, 0, 0
872000, 1261845, 0, 0
873000, 1262767, 0, 0
874000, 1259025, 0, 0
875000, 1264240, 0, 0
876000, 1261722, 0, 0
877000, 1264706, 0, 0
878000, 1261054, 0, 0
879000, 1262085, 0, 0
880000, 1261431, 0, 0
881000, 1260264, 0, 0
882000, 1260465, 0, 0
883000, 1262154, 0, 0
884000, 1259813, 0, 0
885000, 1262863, 0, 0
886000, 1260173, 0, 0
887000, 1260280, 0, 0
888000, 1259383, 0, 0
889000, 1259953, 0, 0
890000, 1261165, 0, 0
891000, 1262650, 0, 0
892000, 1261196, 0, 0
893000, 1261311, 0, 0
894000, 1262642, 0, 0
895000, 1260383, 0, 0
896000, 1256852, 0, 0
897000, 1267746, 0, 0
898000, 1258155, 0, 0
899000, 1261683, 0, 0
900000, 1264297, 0, 0
901000, 1258219, 0, 0
902000, 1259440, 0, 0
903000, 1264668, 0, 0
904000, 1264814, 0, 0
905000, 1259240, 0, 0
906000, 1262384, 0, 0
907000, 1258899, 0, 0
908000, 1260513, 0, 0
909000, 1261409, 0, 0
910000, 1263514, 0, 0
911000, 1263268, 0, 0
912000, 1255013, 0, 0
913000, 1261863, 0, 0
914000, 1260122, 0, 0
915000, 1261995, 0, 0
916000, 1260891, 0, 0
917000, 1263811, 0, 0
918000, 1256769, 0, 0
919000, 1264584, 0, 0
920000, 1254630, 0, 0
921000, 1265962, 0, 0
922000, 1261403, 0, 0
923000, 1263774, 0, 0
924000, 1266186, 0, 0
925000, 1267247, 0, 0
926000, 1256773, 0, 0
927000, 1256953, 0, 0
928000, 1266246, 0, 0
929000, 1260431, 0, 0
930000, 1258862, 0, 0
931000, 1264790, 0, 0
932000, 1265704, 0, 0
933000, 1258236, 0, 0
934000, 1259813, 0, 0
935000, 1261757, 0, 0
936000, 1263246, 0, 0
937000, 1264235, 0, 0
938000, 1266648, 0, 0
939000, 1263566, 0, 0
940000, 1260633, 0, 0
941000, 1261604, 0, 0
942000, 1261246, 0, 0
943000, 1261098, 0, 0
944000, 1264609, 0, 0
945000, 1265128, 0, 0
946000, 1261582, 0, 0
947000, 1259964, 0, 0
948000, 1263003, 0, 0
949000, 1266895, 0, 0
950000, 1258607, 0, 0
951000, 1263225, 0, 0
952000, 1253712, 0, 0
953000, 1260954, 0, 0
954000, 1258993, 0, 0
955000, 1262595, 0, 0
956000, 1263082, 0, 0
957000, 1264618, 0, 0
958000, 1266013, 0, 0
959000, 1258495, 0, 0
960000, 1265037, 0, 0
961000, 1261983, 0, 0
962000, 1266651, 0, 0
963000, 1264361, 0, 0
964000, 1263389, 0, 0
965000, 1264553, 0, 0
966000, 1260481, 0, 0
967000, 1263916, 0, 0
968000, 1266965, 0, 0
969000, 1262104, 0, 0
970000, 1267087, 0, 0
971000, 1263630, 0, 0
972000, 1250380, 0, 0
973000, 1260423, 0, 0
974000, 1262752, 0, 0
975000, 1260912, 0, 0
976000, 1262712, 0, 0
977000, 1266585, 0, 0
978000, 1259740, 0, 0
979000, 1260506, 0, 0
980000, 1262174, 0, 0
981000, 1263019, 0, 0
982000, 1260765, 0, 0
983000, 1260425, 0, 0
984000, 1266333, 0, 0
985000, 1259260, 0, 0
986000, 1262636, 0, 0
987000, 1265835, 0, 0
988000, 1262300, 0, 0
989000, 1261709, 0, 0
990000, 1263041, 0, 0
991000, 1262936, 0, 0
992000, 1263745, 0, 0
993000, 1259437, 0, 0
994000, 1268015, 0, 0
995000, 1265531, 0, 0
996000, 1264843, 0, 0
997000, 1261429, 0, 0
998000, 1262585, 0, 0
999000, 1264166, 0, 0
1000000, 1264110, 0, 0
1001000, 1262123, 0, 0
1002000, 1264425, 0, 0
1003000, 1262548, 0, 0
1004000, 1263274, 0, 0
1005000, 1262112, 0, 0
1006000, 1263544, 0, 0
1007000, 1263455, 0, 0
1008000, 1260807, 0, 0
1009000, 1263921, 0, 0
1010000, 1265634, 0, 0
1011000, 1262105, 0, 0
1012000, 1263512, 0, 0
1013000, 1264859, 0, 0
1014000, 1266876, 0, 0
1015000, 1264125, 0, 0
1016000, 1262125, 0, 0
1017000, 1260154, 0, 0
1018000, 1263957, 0, 0
1019000, 1264887, 0, 0
1020000, 1262182, 0, 0
1021000, 1266301, 0, 0
1022000, 1267113, 0, 0
1023000, 1264552, 0, 0
1024000, 1262882, 0, 0
1025000, 1261706, 0, 0
1026000, 1267060, 0, 0
1027000, 1263392, 0, 0
1028000, 1267203, 0, 0
1029000, 1264112, 0, 0
1030000, 1260516, 0, 0
1031000, 1260197, 0, 0
1032000, 1256160, 0, 0
1033000, 1256599, 0, 0
1034000, 1261735, 0, 0
1035000, 1265362, 0, 0
1036000, 1267219, 0, 0
1037000, 1265414, 0, 0
1038000, 1260686, 0, 0
1039000, 1265235, 0, 0
1040000, 1260399, 0, 0
1041000, 1264213, 0, 0
1042000, 1267204, 0, 0
1043000, 1261196, 0, 0
1044000, 1259014, 0, 0
1045000, 1262664, 0, 0
1046000, 1267641, 0, 0
1047000, 1261835, 0, 0
1048000, 1264929, 0, 0
1049000, 1259835, 0, 0
1050000, 1263920, 0, 0
1051000, 1263522, 0, 0
1052000, 1263341, 0, 0
1053000, 1261892, 0, 0
1054000, 1264750, 0, 0
1055000, 1265456, 0, 0
1056000, 1265035, 0, 0
1057000, 1264483, 0, 0
1058000, 1274670, 0, 0
1059000, 1282186, 0, 0
1060000, 1286240, 0, 0
1061000, 1284202, 0, 0
1062000, 1279707, 0, 0
1063000, 1281711, 0, 0
1064000, 1273486, 0, 0
1065000, 1258388, 0, 0
1066000, 1259562, 0, 0
1067000, 1265959, 0, 0
1068000, 1269226, 0, 0
1069000, 1264708, 0, 0
1070000, 1262938, 0, 0
1071000, 1276321, 0, 0
1072000, 1264298, 0, 0
1073000, 1262124, 0, 0
1074000, 1266672, 0, 0
1075000, 1257525, 0, 0
1076000, 1257506, 0, 0
1077000, 1265268, 0, 0
1078000, 1258566, 0, 0
1079000, 1266046, 0, 0
1080000, 1265206, 0, 0
1081000, 1266164, 0, 0
1082000, 1265901, 0, 0
1083000, 1270546, 0, 0
1084000, 1264282, 0, 0
1085000, 1265336, 0, 0
1086000, 1266947, 0, 0
1087000, 1268174, 0, 0
1088000, 1262693, 0, 0
1089000, 1264669, 0, 0
1090000, 1266043, 0, 0
1091000, 1265231, 0, 0
1092000, 1268501, 0, 0
1093000, 1262819, 0, 0
1094000, 1264507, 0, 0
1095000, 1263475, 0, 0
1096000, 1271406, 0, 0
1097000, 1262585, 0, 0
1098000, 1259490, 0, 0
1099000, 1256065, 0, 0
1100000, 1253741, 0, 0
1101000, 1264698, 0, 0
1102000, 1261952, 0, 0
1103000, 1263730, 0, 0
1104000, 1267208, 0, 0
1105000, 1268162, 0, 0
1106000, 1265330, 0, 0
1107000, 1262818, 0, 0
1108000, 1266368, 0, 0
1109000, 1269369, 0, 0
1110000, 1264998, 0, 0
1111000, 1265536, 0, 0
1112000, 1264484, 0, 0
1113000, 1268027, 0, 0
1114000, 1258985, 0, 0
1115000, 1258451, 0, 0
1116000, 1264626, 0, 0
1117000, 1261110, 0, 0
1118000, 1263747, 0, 0
1119000, 1266040, 0, 0
1120000, 1259181, 0, 0
1121000, 1260885, 0, 0
1122000, 1261047, 0, 0
1123000, 1262719, 0, 0
1124000, 1266222, 0, 0
1125000, 1259722, 0, 0
1126000, 1255162, 0, 0
1127000, 1262751, 0, 0
1128000, 1258021, 0, 0
1129000, 1261826, 0, 0
1130000, 1260720, 0, 0
1131000, 1262538, 0, 0
1132000, 1267965, 0, 0
1133000, 1265254, 0, 0
1134000, 1269220, 0, 0
1135000, 1264062, 0, 0
1136000, 1260628, 0, 0
1137000, 1267248, 0, 0
1138000, 1262814, 0, 0
1139000, 1263719, 0, 0
1140000, 1262857, 0, 0
1141000, 1262749, 0, 0
1142000, 1263807, 0, 0
1143000, 1266437, 0, 0
1144000, 1264716, 0, 0
1145000, 1267208, 0, 0
1146000, 1273918, 0, 0
1147000, 1263255, 0, 0
1148000, 1263040, 0, 0
1149000, 1264901, 0, 0
1150000, 1266568, 0, 0
1151000, 1267612, 0, 0
1152000, 1264839, 0, 0
1153000, 1263593, 0, 0
1154000, 1262780, 0, 0
1155000, 1267955, 0, 0
1156000, 1260909, 0, 0
1157000, 1260583, 0, 0
1158000, 1267264, 0, 0
1159000, 1276302, 0, 0
1160000, 1263876, 0, 0
1161000, 1267498, 0, 0
1162000, 1266057, 0, 0
1163000, 1269460, 0, 0
1164000, 1268064, 0, 0
1165000, 1270883, 0, 0
1166000, 1269354, 0, 0
1167000, 1266762, 0, 0
1168000, 1227704, 0, 0
1169000, 1197935, 0, 0
1170000, 1197631, 0, 0
1171000, 1196138, 0, 0
1172000, 1199435, 0, 0
1173000, 1195200, 0, 0
1174000, 1199094, 0, 0
1175000, 1193798, 0, 0
1176000, 1196942, 0, 0
1177000, 1197633, 0, 0
1178000, 1202072, 0, 0
1179000, 1199366, 0, 0
1180000, 1198748, 0, 0
1181000, 1200070, 0, 0
1182000, 1199896, 0, 0
1183000, 1200676, 0, 0
1184000, 1197855, 0, 0
1185000, 1193214, 0, 0
1186000, 1197504, 0, 0
1187000, 1196565, 0, 0
1188000, 1200974, 0, 0
1189000, 1196626, 0, 0
1190000, 1198372, 0, 0
1191000, 1197248, 0, 0
1192000, 1199363, 0, 0
1193000, 1199617, 0, 0
1194000, 1198698, 0, 0
1195000, 1197607, 0, 0
1196000, 1199387, 0, 0
1197000, 1201003, 0, 0
1198000, 1196632, 0, 0
1199000, 1201903, 0, 0
1200000, 1197668, 0, 0
1200001, 2019391, 0, 0
