999, 96, 0, 0
2000, 144, 0, 0
3000, 144, 0, 0
3999, 145, 0, 0
4999, 138, 0, 0
6000, 145, 0, 0
6999, 145, 0, 0
7999, 147, 0, 0
9000, 146, 0, 0
10000, 145, 0, 0
10999, 140, 0, 0
12000, 139, 0, 0
13000, 145, 0, 0
13999, 139, 0, 0
14999, 146, 0, 0
16000, 147, 0, 0
16999, 146, 0, 0
18000, 155, 0, 0
19000, 146, 0, 0
19999, 147, 0, 0
20999, 146, 0, 0
22000, 157, 0, 0
22999, 148, 0, 0
23999, 137, 0, 0
25000, 156, 0, 0
25999, 128, 0, 0
26999, 150, 0, 0
28000, 160, 0, 0
28999, 149, 0, 0
29999, 147, 0, 0
31000, 158, 0, 0
31999, 154, 0, 0
32999, 153, 0, 0
34000, 140, 0, 0
34999, 151, 0, 0
35999, 152, 0, 0
37000, 154, 0, 0
37999, 148, 0, 0
38999, 165, 0, 0
40000, 151, 0, 0
41000, 151, 0, 0
41999, 152, 0, 0
42999, 158, 0, 0
44000, 160, 0, 0
45000, 154, 0, 0
45999, 152, 0, 0
47000, 163, 0, 0
47999, 152, 0, 0
48999, 162, 0, 0
49999, 155, 0, 0
51000, 157, 0, 0
51999, 152, 0, 0
52999, 185, 0, 0
54000, 155, 0, 0
55000, 169, 0, 0
55999, 155, 0, 0
56999, 155, 0, 0
58000, 162, 0, 0
58999, 151, 0, 0
59999, 152, 0, 0
61000, 169, 0, 0
61999, 154, 0, 0
62999, 154, 0, 0
63999, 156, 0, 0
65000, 154, 0, 0
65999, 156, 0, 0
66999, 164, 0, 0
68000, 168, 0, 0
68999, 156, 0, 0
69999, 153, 0, 0
71000, 163, 0, 0
72000, 157, 0, 0
72999, 152, 0, 0
73999, 165, 0, 0
74999, 169, 0, 0
75999, 154, 0, 0
76999, 157, 0, 0
78000, 172, 0, 0
79000, 149, 0, 0
79999, 155, 0, 0
80999, 168, 0, 0
82000, 166, 0, 0
82999, 164, 0, 0
83999, 178, 0, 0
84999, 160, 0, 0
86000, 166, 0, 0
87000, 166, 0, 0
87999, 166, 0, 0
88999, 162, 0, 0
89999, 162, 0, 0
91000, 179, 0, 0
91999, 164, 0, 0
92999, 163, 0, 0
94000, 166, 0, 0
95000, 167, 0, 0
95999, 166, 0, 0
96999, 171, 0, 0
98000, 158, 0, 0
99000, 177, 0, 0
99999, 161, 0, 0
100999, 165, 0, 0
102000, 158, 0, 0
103000, 176, 0, 0
103999, 153, 0, 0
104999, 165, 0, 0
106000, 171, 0, 0
107000, 178, 0, 0
107999, 165, 0, 0
108999, 178, 0, 0
109999, 160, 0, 0
110999, 169, 0, 0
111999, 164, 0, 0
113000, 166, 0, 0
113999, 173, 0, 0
114999, 178, 0, 0
116000, 165, 0, 0
116999, 187, 0, 0
117999, 165, 0, 0
119000, 175, 0, 0
119999, 176, 0, 0
120999, 176, 0, 0
122000, 173, 0, 0
122999, 173, 0, 0
123999, 175, 0, 0
125000, 173, 0, 0
125999, 170, 0, 0
126999, 182, 0, 0
128000, 170, 0, 0
129000, 180, 0, 0
129999, 184, 0, 0
130999, 185, 0, 0
132000, 192, 0, 0
132999, 172, 0, 0
133999, 175, 0, 0
135000, 201, 0, 0
135999, 183, 0, 0
136999, 181, 0, 0
138000, 192, 0, 0
138999, 190, 0, 0
139999, 184, 0, 0
141000, 188, 0, 0
142000, 174, 0, 0
142999, 186, 0, 0
144000, 181, 0, 0
144999, 190, 0, 0
145999, 196, 0, 0
146999, 169, 0, 0
148000, 197, 0, 0
148999, 189, 0, 0
149999, 181, 0, 0
151000, 213, 0, 0
151999, 197, 0, 0
152999, 191, 0, 0
153999, 203, 0, 0
155000, 198, 0, 0
155999, 178, 0, 0
156999, 179, 0, 0
157999, 189, 0, 0
159000, 207, 0, 0
159999, 196, 0, 0
160999, 214, 0, 0
162000, 183, 0, 0
163000, 183, 0, 0
163999, 193, 0, 0
164999, 177, 0, 0
166000, 213, 0, 0
166999, 198, 0, 0
167999, 170, 0, 0
168999, 177, 0, 0
170000, 223, 0, 0
170999, 183, 0, 0
172000, 201, 0, 0
173000, 184, 0, 0
173999, 201, 0, 0
174999, 193, 0, 0
175999, 200, 0, 0
177000, 216, 0, 0
177999, 200, 0, 0
178999, 196, 0, 0
179999, 195, 0, 0
181000, 196, 0, 0
181999, 207, 0, 0
182999, 194, 0, 0
184000, 191, 0, 0
185000, 228, 0, 0
185999, 187, 0, 0
186999, 183, 0, 0
188000, 217, 0, 0
188999, 189, 0, 0
189999, 193, 0, 0
190999, 190, 0, 0
192000, 210, 0, 0
193000, 204, 0, 0
193999, 211, 0, 0
194999, 216, 0, 0
196000, 221, 0, 0
197000, 220, 0, 0
197999, 203, 0, 0
198999, 202, 0, 0
200000, 197, 0, 0
201000, 208, 0, 0
201999, 208, 0, 0
202999, 208, 0, 0
204000, 221, 0, 0
204999, 193, 0, 0
205999, 216, 0, 0
206999, 186, 0, 0
208000, 206, 0, 0
208999, 215, 0, 0
209999, 220, 0, 0
211000, 210, 0, 0
211999, 218, 0, 0
212999, 226, 0, 0
214000, 228, 0, 0
214999, 213, 0, 0
215999, 216, 0, 0
217000, 204, 0, 0
217999, 222, 0, 0
218999, 208, 0, 0
220000, 225, 0, 0
220999, 201, 0, 0
221999, 244, 0, 0
223000, 243, 0, 0
223999, 211, 0, 0
224999, 211, 0, 0
226000, 205, 0, 0
226999, 209, 0, 0
227999, 203, 0, 0
229000, 231, 0, 0
229999, 202, 0, 0
230999, 246, 0, 0
232000, 217, 0, 0
232999, 240, 0, 0
233999, 214, 0, 0
235000, 217, 0, 0
235999, 185, 0, 0
236999, 257, 0, 0
238000, 231, 0, 0
238999, 248, 0, 0
239999, 245, 0, 0
241000, 217, 0, 0
241999, 219, 0, 0
242999, 211, 0, 0
243999, 251, 0, 0
244999, 254, 0, 0
245999, 247, 0, 0
247000, 222, 0, 0
247999, 229, 0, 0
248999, 239, 0, 0
250000, 243, 0, 0
250999, 214, 0, 0
251999, 257, 0, 0
253000, 248, 0, 0
253999, 236, 0, 0
254999, 254, 0, 0
256000, 247, 0, 0
256999, 243, 0, 0
257999, 240, 0, 0
259000, 256, 0, 0
259999, 252, 0, 0
260999, 261, 0, 0
262000, 256, 0, 0
263000, 241, 0, 0
263999, 230, 0, 0
264999, 243, 0, 0
266000, 257, 0, 0
266999, 232, 0, 0
267999, 251, 0, 0
269000, 263, 0, 0
269999, 249, 0, 0
270999, 256, 0, 0
272000, 259, 0, 0
272999, 265, 0, 0
274000, 302, 0, 0
275000, 252, 0, 0
275999, 246, 0, 0
276999, 266, 0, 0
278000, 271, 0, 0
278999, 275, 0, 0
279999, 268, 0, 0
281000, 266, 0, 0
281999, 262, 0, 0
282999, 296, 0, 0
284000, 236, 0, 0
285000, 252, 0, 0
285999, 281, 0, 0
287000, 262, 0, 0
288000, 286, 0, 0
288999, 261, 0, 0
290000, 261, 0, 0
290999, 302, 0, 0
291999, 261, 0, 0
293000, 272, 0, 0
293999, 284, 0, 0
294999, 283, 0, 0
296000, 254, 0, 0
296999, 312, 0, 0
297999, 256, 0, 0
299000, 267, 0, 0
299999, 301, 0, 0
300999, 279, 0, 0
302000, 307, 0, 0
302999, 288, 0, 0
303999, 296, 0, 0
305000, 255, 0, 0
305999, 265, 0, 0
306999, 305, 0, 0
308000, 282, 0, 0
308999, 314, 0, 0
309999, 283, 0, 0
311000, 276, 0, 0
312000, 279, 0, 0
312999, 291, 0, 0
313999, 281, 0, 0
315000, 304, 0, 0
315999, 267, 0, 0
316999, 301, 0, 0
317999, 292, 0, 0
319000, 341, 0, 0
319999, 275, 0, 0
320999, 292, 0, 0
321999, 246, 0, 0
323000, 311, 0, 0
324000, 297, 0, 0
324999, 297, 0, 0
325999, 311, 0, 0
326999, 298, 0, 0
328000, 278, 0, 0
328999, 297, 0, 0
329999, 290, 0, 0
330999, 325, 0, 0
332000, 318, 0, 0
332999, 348, 0, 0
333999, 294, 0, 0
334999, 318, 0, 0
336000, 325, 0, 0
336999, 329, 0, 0
337999, 317, 0, 0
339000, 304, 0, 0
340000, 327, 0, 0
340999, 342, 0, 0
341999, 315, 0, 0
343000, 327, 0, 0
344000, 339, 0, 0
344999, 351, 0, 0
345999, 318, 0, 0
347000, 338, 0, 0
347999, 303, 0, 0
348999, 320, 0, 0
350000, 353, 0, 0
350999, 360, 0, 0
351999, 358, 0, 0
353000, 366, 0, 0
353999, 332, 0, 0
354999, 375, 0, 0
356000, 321, 0, 0
356999, 364, 0, 0
357999, 340, 0, 0
359000, 353, 0, 0
359999, 326, 0, 0
360999, 346, 0, 0
362000, 330, 0, 0
362999, 397, 0, 0
363999, 348, 0, 0
365000, 320, 0, 0
365999, 323, 0, 0
366999, 345, 0, 0
367999, 325, 0, 0
368999, 371, 0, 0
369999, 387, 0, 0
371000, 393, 0, 0
371999, 359, 0, 0
372999, 361, 0, 0
374000, 356, 0, 0
374999, 325, 0, 0
375999, 370, 0, 0
377000, 324, 0, 0
378000, 353, 0, 0
378999, 330, 0, 0
379999, 338, 0, 0
381000, 385, 0, 0
381999, 353, 0, 0
382999, 400, 0, 0
383999, 437, 0, 0
385000, 384, 0, 0
385999, 344, 0, 0
386999, 392, 0, 0
388000, 361, 0, 0
388999, 440, 0, 0
389999, 422, 0, 0
390999, 377, 0, 0
392000, 418, 0, 0
392999, 438, 0, 0
393999, 427, 0, 0
395000, 394, 0, 0
395999, 443, 0, 0
396999, 411, 0, 0
398000, 383, 0, 0
398999, 410, 0, 0
399999, 414, 0, 0
401000, 417, 0, 0
402000, 426, 0, 0
402999, 385, 0, 0
403999, 382, 0, 0
405000, 389, 0, 0
406000, 500, 0, 0
406999, 365, 0, 0
408000, 455, 0, 0
409000, 471, 0, 0
409999, 452, 0, 0
410999, 451, 0, 0
412000, 395, 0, 0
412999, 450, 0, 0
413999, 455, 0, 0
415000, 454, 0, 0
416000, 462, 0, 0
416999, 448, 0, 0
417999, 524, 0, 0
419000, 439, 0, 0
420000, 429, 0, 0
420999, 466, 0, 0
421999, 503, 0, 0
423000, 450, 0, 0
423999, 448, 0, 0
424999, 513, 0, 0
425999, 508, 0, 0
427000, 522, 0, 0
427999, 523, 0, 0
428999, 475, 0, 0
430000, 549, 0, 0
430999, 438, 0, 0
431999, 548, 0, 0
433000, 500, 0, 0
434000, 611, 0, 0
434999, 500, 0, 0
435999, 489, 0, 0
437000, 555, 0, 0
437999, 496, 0, 0
438999, 497, 0, 0
439999, 562, 0, 0
441000, 597, 0, 0
441999, 524, 0, 0
442999, 549, 0, 0
444000, 566, 0, 0
444999, 552, 0, 0
445999, 524, 0, 0
447000, 529, 0, 0
448000, 600, 0, 0
448999, 670, 0, 0
449999, 652, 0, 0
451000, 602, 0, 0
451999, 614, 0, 0
452999, 521, 0, 0
454000, 524, 0, 0
454999, 595, 0, 0
455999, 585, 0, 0
457000, 602, 0, 0
457999, 573, 0, 0
458999, 612, 0, 0
460000, 698, 0, 0
460999, 660, 0, 0
461999, 613, 0, 0
463000, 587, 0, 0
463999, 643, 0, 0
464999, 648, 0, 0
466000, 599, 0, 0
467000, 686, 0, 0
467999, 617, 0, 0
468999, 714, 0, 0
470000, 798, 0, 0
471000, 673, 0, 0
471999, 654, 0, 0
472999, 613, 0, 0
474000, 631, 0, 0
474999, 675, 0, 0
475999, 743, 0, 0
477000, 691, 0, 0
477999, 734, 0, 0
478999, 602, 0, 0
480000, 784, 0, 0
480999, 744, 0, 0
481999, 886, 0, 0
482999, 812, 0, 0
483999, 606, 0, 0
484999, 843, 0, 0
485999, 923, 0, 0
487000, 790, 0, 0
487999, 758, 0, 0
488999, 891, 0, 0
490000, 874, 0, 0
490999, 742, 0, 0
491999, 833, 0, 0
493000, 929, 0, 0
493999, 806, 0, 0
494999, 901, 0, 0
496000, 828, 0, 0
496999, 778, 0, 0
497999, 845, 0, 0
499000, 835, 0, 0
499999, 896, 0, 0
500999, 911, 0, 0
501999, 873, 0, 0
503000, 998, 0, 0
503999, 904, 0, 0
504999, 882, 0, 0
506000, 1053, 0, 0
506999, 1115, 0, 0
507999, 994, 0, 0
509000, 1164, 0, 0
510000, 1070, 0, 0
510999, 1005, 0, 0
511999, 1309, 0, 0
513000, 1065, 0, 0
514000, 1101, 0, 0
514999, 1067, 0, 0
515999, 891, 0, 0
517000, 1020, 0, 0
518000, 1061, 0, 0
518999, 1185, 0, 0
519999, 1253, 0, 0
520999, 1325, 0, 0
522000, 1233, 0, 0
522999, 1225, 0, 0
523999, 1179, 0, 0
525000, 1108, 0, 0
525999, 1169, 0, 0
526999, 1340, 0, 0
527999, 1527, 0, 0
529000, 1124, 0, 0
529999, 1100, 0, 0
530999, 1377, 0, 0
531999, 1621, 0, 0
533000, 1480, 0, 0
533999, 1478, 0, 0
534999, 1517, 0, 0
536000, 1876, 0, 0
537000, 1450, 0, 0
537999, 1690, 0, 0
538999, 1850, 0, 0
540000, 1780, 0, 0
541000, 1743, 0, 0
541999, 1824, 0, 0
542999, 1924, 0, 0
544000, 1850, 0, 0
544999, 1950, 0, 0
545999, 2097, 0, 0
547000, 1825, 0, 0
548000, 2239, 0, 0
548999, 2420, 0, 0
549999, 2480, 0, 0
551000, 2201, 0, 0
552000, 2476, 0, 0
552999, 2467, 0, 0
553999, 2515, 0, 0
554999, 2879, 0, 0
556000, 2419, 0, 0
556999, 4034, 0, 0
557999, 3127, 0, 0
558999, 2968, 0, 0
560000, 4166, 0, 0
561000, 4474, 0, 0
561999, 5153, 0, 0
562999, 5767, 0, 0
563999, 5538, 0, 0
565000, 5756, 0, 0
566000, 7109, 0, 0
567000, 11282, 0, 0
567999, 25741, 0, 0
568999, 51278, 0, 0
569999, 49480, 0, 0
571000, 49527, 0, 0
572000, 49458, 0, 0
572999, 49301, 0, 0
573999, 49402, 0, 0
574999, 49327, 0, 0
575999, 49658, 0, 0
577000, 49549, 0, 0
578000, 49611, 0, 0
579000, 49408, 0, 0
579999, 49413, 0, 0
580999, 49267, 0, 0
581999, 49281, 0, 0
582999, 49806, 0, 0
584000, 49541, 0, 0
585000, 49410, 0, 0
585999, 49347, 0, 0
586999, 49427, 0, 0
587999, 49385, 0, 0
588999, 49418, 0, 0
590000, 49584, 0, 0
591000, 49514, 0, 0
592000, 49418, 0, 0
593000, 49388, 0, 0
593999, 49385, 0, 0
594999, 49327, 0, 0
595999, 49577, 0, 0
596999, 49618, 0, 0
598000, 49399, 0, 0
599000, 49358, 0, 0
599999, 49414, 0, 0
600999, 49328, 0, 0
601999, 49322, 0, 0
602999, 49502, 0, 0
603999, 49702, 0, 0
605000, 49480, 0, 0
606000, 49317, 0, 0
607000, 49316, 0, 0
607999, 49342, 0, 0
608999, 49525, 0, 0
609999, 49651, 0, 0
611000, 49530, 0, 0
612000, 49402, 0, 0
613000, 49416, 0, 0
613999, 49350, 0, 0
614999, 49331, 0, 0
615999, 49559, 0, 0
616999, 49535, 0, 0
618000, 49469, 0, 0
619000, 49505, 0, 0
619999, 49479, 0, 0
620999, 49295, 0, 0
621999, 49593, 0, 0
622999, 49575, 0, 0
624000, 49544, 0, 0
625000, 49514, 0, 0
626000, 49534, 0, 0
626999, 49473, 0, 0
627999, 49345, 0, 0
628999, 49670, 0, 0
629999, 49503, 0, 0
631000, 49470, 0, 0
632000, 49480, 0, 0
633000, 49465, 0, 0
633999, 49255, 0, 0
634999, 49377, 0, 0
635999, 49441, 0, 0
636999, 49586, 0, 0
637999, 49535, 0, 0
639000, 49286, 0, 0
640000, 49310, 0, 0
640999, 49273, 0, 0
641999, 49359, 0, 0
642999, 49517, 0, 0
643999, 49397, 0, 0
644999, 49472, 0, 0
646000, 49302, 0, 0
647000, 49359, 0, 0
648000, 49283, 0, 0
648999, 49367, 0, 0
649999, 49473, 0, 0
651000, 49465, 0, 0
652000, 49499, 0, 0
653000, 49251, 0, 0
654000, 49433, 0, 0
655000, 49273, 0, 0
656000, 50458, 0, 0
657000, 50835, 0, 0
658000, 50924, 0, 0
658999, 50937, 0, 0
659999, 50871, 0, 0
661000, 50795, 0, 0
662000, 50936, 0, 0
663000, 51024, 0, 0
664000, 51088, 0, 0
665000, 51079, 0, 0
666000, 51134, 0, 0
667000, 50895, 0, 0
668000, 51154, 0, 0
669000, 51215, 0, 0
670000, 51236, 0, 0
670999, 51142, 0, 0
672000, 51150, 0, 0
673000, 51021, 0, 0
674000, 51201, 0, 0
675000, 51332, 0, 0
676000, 51372, 0, 0
677000, 50904, 0, 0
678000, 50999, 0, 0
679000, 50796, 0, 0
680000, 50918, 0, 0
681000, 50648, 0, 0
682000, 51167, 0, 0
683000, 51045, 0, 0
683999, 51176, 0, 0
685000, 50969, 0, 0
686000, 50805, 0, 0
687000, 51000, 0, 0
688000, 51081, 0, 0
689000, 50987, 0, 0
690000, 51073, 0, 0
691000, 50677, 0, 0
692000, 50694, 0, 0
693000, 50971, 0, 0
694000, 51058, 0, 0
695000, 50879, 0, 0
695999, 50978, 0, 0
697000, 50921, 0, 0
698000, 50708, 0, 0
699000, 50832, 0, 0
700000, 51115, 0, 0
701000, 51416, 0, 0
702000, 50812, 0, 0
703000, 50966, 0, 0
704000, 50783, 0, 0
704999, 50757, 0, 0
705999, 50770, 0, 0
706999, 50898, 0, 0
707999, 50954, 0, 0
708998, 51011, 0, 0
709999, 50869, 0, 0
710999, 50780, 0, 0
711999, 50739, 0, 0
712998, 50760, 0, 0
713998, 51006, 0, 0
714998, 51021, 0, 0
715998, 50789, 0, 0
716997, 50863, 0, 0
717997, 50939, 0, 0
718997, 50957, 0, 0
719997, 51027, 0, 0
720996, 50979, 0, 0
721997, 51052, 0, 0
722997, 51011, 0, 0
723997, 50760, 0, 0
724996, 50876, 0, 0
725996, 51056, 0, 0
726996, 51172, 0, 0
727996, 51046, 0, 0
728995, 51173, 0, 0
729995, 51281, 0, 0
730995, 51053, 0, 0
731995, 50925, 0, 0
732994, 51221, 0, 0
733995, 50982, 0, 0
734994, 51197, 0, 0
735995, 51033, 0, 0
736994, 51022, 0, 0
737994, 50971, 0, 0
738994, 51171, 0, 0
739993, 51226, 0, 0
740993, 51137, 0, 0
741993, 51147, 0, 0
742993, 51198, 0, 0
743992, 50911, 0, 0
744993, 51158, 0, 0
745993, 51201, 0, 0
746993, 51295, 0, 0
747992, 51065, 0, 0
748992, 51306, 0, 0
749992, 51118, 0, 0
750992, 51149, 0, 0
751991, 51137, 0, 0
752991, 51342, 0, 0
753991, 51205, 0, 0
754991, 51417, 0, 0
756000, 51075, 0, 0
757000, 50762, 0, 0
758000, 50754, 0, 0
758999, 50936, 0, 0
759999, 50729, 0, 0
761000, 50821, 0, 0
762000, 50750, 0, 0
763000, 50730, 0, 0
764000, 51040, 0, 0
764999, 51049, 0, 0
765999, 50870, 0, 0
766999, 50838, 0, 0
768000, 50787, 0, 0
769000, 50715, 0, 0
770000, 50575, 0, 0
770999, 50873, 0, 0
771999, 50916, 0, 0
772999, 50782, 0, 0
773999, 50928, 0, 0
775000, 50854, 0, 0
776000, 50727, 0, 0
777000, 50812, 0, 0
777999, 50951, 0, 0
778999, 50877, 0, 0
779999, 50829, 0, 0
780999, 50712, 0, 0
781999, 50879, 0, 0
783000, 50792, 0, 0
784000, 50615, 0, 0
785000, 50944, 0, 0
786000, 50864, 0, 0
786999, 50759, 0, 0
787999, 50702, 0, 0
788999, 50765, 0, 0
790000, 50612, 0, 0
791000, 50797, 0, 0
792000, 50799, 0, 0
793000, 50765, 0, 0
793999, 50532, 0, 0
794999, 50771, 0, 0
795999, 50713, 0, 0
797000, 50982, 0, 0
798000, 51102, 0, 0
799000, 50921, 0, 0
800000, 50844, 0, 0
800999, 50711, 0, 0
801999, 50753, 0, 0
803000, 50698, 0, 0
804000, 50932, 0, 0
805000, 50785, 0, 0
805999, 50602, 0, 0
806999, 50805, 0, 0
807999, 50693, 0, 0
809000, 50880, 0, 0
810000, 50783, 0, 0
811000, 50747, 0, 0
812000, 50824, 0, 0
812999, 50797, 0, 0
813999, 50851, 0, 0
814999, 50691, 0, 0
816000, 50833, 0, 0
817000, 50874, 0, 0
818000, 51050, 0, 0
818999, 50933, 0, 0
819999, 50724, 0, 0
820999, 50655, 0, 0
822000, 50637, 0, 0
823000, 50735, 0, 0
824000, 50835, 0, 0
824999, 50811, 0, 0
825999, 50776, 0, 0
826999, 50829, 0, 0
827999, 50802, 0, 0
828999, 50705, 0, 0
830000, 50877, 0, 0
831000, 50865, 0, 0
831999, 51044, 0, 0
832999, 51000, 0, 0
833999, 51014, 0, 0
834999, 50627, 0, 0
835999, 50908, 0, 0
837000, 50779, 0, 0
838000, 50780, 0, 0
839000, 50555, 0, 0
839999, 50836, 0, 0
840999, 50719, 0, 0
841999, 50797, 0, 0
842999, 50770, 0, 0
844000, 50793, 0, 0
845000, 50852, 0, 0
846000, 51025, 0, 0
846999, 50959, 0, 0
847999, 51006, 0, 0
848999, 50985, 0, 0
849999, 50727, 0, 0
851000, 50764, 0, 0
852000, 50714, 0, 0
853000, 50732, 0, 0
854000, 50580, 0, 0
854999, 50843, 0, 0
855999, 50819, 0, 0
857000, 50682, 0, 0
858000, 50561, 0, 0
859000, 50621, 0, 0
860000, 50795, 0, 0
860999, 50771, 0, 0
861999, 50951, 0, 0
863000, 50842, 0, 0
864000, 50670, 0, 0
865000, 50737, 0, 0
865999, 50645, 0, 0
866999, 50452, 0, 0
867999, 50958, 0, 0
868999, 50874, 0, 0
870000, 50767, 0, 0
871000, 50600, 0, 0
872000, 50671, 0, 0
872999, 50629, 0, 0
873999, 50825, 0, 0
874999, 50591, 0, 0
875999, 50726, 0, 0
877000, 50549, 0, 0
878000, 50698, 0, 0
878999, 50657, 0, 0
879999, 50730, 0, 0
880999, 50777, 0, 0
881999, 50771, 0, 0
882999, 50708, 0, 0
884000, 50752, 0, 0
885000, 50624, 0, 0
885999, 50650, 0, 0
886999, 50785, 0, 0
887999, 50815, 0, 0
888999, 50789, 0, 0
890000, 50736, 0, 0
891000, 50631, 0, 0
892000, 50697, 0, 0
893000, 50684, 0, 0
893999, 50635, 0, 0
894999, 50779, 0, 0
895999, 50914, 0, 0
897000, 50433, 0, 0
898000, 50819, 0, 0
899000, 50671, 0, 0
899999, 50578, 0, 0
900999, 50859, 0, 0
901999, 50849, 0, 0
903000, 50560, 0, 0
904000, 50547, 0, 0
905000, 50777, 0, 0
906000, 50631, 0, 0
906999, 50792, 0, 0
907999, 50776, 0, 0
909000, 50682, 0, 0
910000, 50603, 0, 0
911000, 50616, 0, 0
912000, 50935, 0, 0
912999, 50667, 0, 0
913999, 50832, 0, 0
915000, 50657, 0, 0
916000, 50701, 0, 0
917000, 50589, 0, 0
918000, 50879, 0, 0
918999, 50585, 0, 0
919999, 51013, 0, 0
920999, 50554, 0, 0
922000, 50720, 0, 0
923000, 50588, 0, 0
924000, 50535, 0, 0
924999, 50457, 0, 0
925999, 50847, 0, 0
926999, 50915, 0, 0
927999, 50537, 0, 0
929000, 50727, 0, 0
930000, 50825, 0, 0
931000, 50580, 0, 0
931999, 50515, 0, 0
932999, 50862, 0, 0
933999, 50719, 0, 0
934999, 50722, 0, 0
936000, 50607, 0, 0
937000, 50576, 0, 0
938000, 50471, 0, 0
938999, 50595, 0, 0
939999, 50769, 0, 0
940999, 50721, 0, 0
941999, 50746, 0, 0
942999, 50742, 0, 0
944000, 50553, 0, 0
945000, 50540, 0, 0
946000, 50679, 0, 0
947000, 50746, 0, 0
947999, 50611, 0, 0
948999, 50518, 0, 0
949999, 50804, 0, 0
951000, 50602, 0, 0
952000, 50998, 0, 0
952999, 50700, 0, 0
954000, 50834, 0, 0
954999, 50644, 0, 0
955999, 50740, 0, 0
956999, 50615, 0, 0
958000, 50491, 0, 0
959000, 50809, 0, 0
960000, 50544, 0, 0
960999, 50656, 0, 0
961999, 50531, 0, 0
963000, 50563, 0, 0
964000, 50679, 0, 0
965000, 50562, 0, 0
965999, 50715, 0, 0
966999, 50637, 0, 0
967999, 50515, 0, 0
969000, 50655, 0, 0
970000, 50450, 0, 0
971000, 50603, 0, 0
971999, 51130, 0, 0
972999, 50775, 0, 0
973999, 50677, 0, 0
974999, 50753, 0, 0
976000, 50630, 0, 0
977000, 50480, 0, 0
978000, 50751, 0, 0
978999, 50722, 0, 0
979999, 50699, 0, 0
980999, 50667, 0, 0
981999, 50759, 0, 0
983000, 50722, 0, 0
984000, 50493, 0, 0
985000, 50771, 0, 0
985999, 50630, 0, 0
986999, 50552, 0, 0
987999, 50704, 0, 0
988999, 50728, 0, 0
990000, 50610, 0, 0
991000, 50626, 0, 0
992000, 50589, 0, 0
992999, 50873, 0, 0
993999, 50514, 0, 0
994999, 50569, 0, 0
996000, 50547, 0, 0
997000, 50684, 0, 0
998000, 50670, 0, 0
999000, 50584, 0, 0
999999, 50574, 0, 0
1000999, 50703, 0, 0
1002000, 50563, 0, 0
1003000, 50641, 0, 0
1004000, 50610, 0, 0
1005000, 50657, 0, 0
1005999, 50600, 0, 0
1006999, 50654, 0, 0
1008000, 50706, 0, 0
1009000, 50586, 0, 0
1010000, 50511, 0, 0
1010999, 50660, 0, 0
1011999, 50654, 0, 0
1012999, 50589, 0, 0
1014000, 50474, 0, 0
1015000, 50576, 0, 0
1016000, 50652, 0, 0
1016999, 50766, 0, 0
1017999, 50635, 0, 0
1018999, 50598, 0, 0
1020000, 50657, 0, 0
1021000, 50484, 0, 0
1022000, 50454, 0, 0
1022999, 50560, 0, 0
1023999, 50724, 0, 0
1024999, 50715, 0, 0
1025999, 50513, 0, 0
1027000, 50728, 0, 0
1028000, 50449, 0, 0
1029000, 50577, 0, 0
1029999, 50715, 0, 0
1030999, 50795, 0, 0
1032000, 50891, 0, 0
1033000, 50880, 0, 0
1034000, 50670, 0, 0
1034999, 50529, 0, 0
1035999, 50498, 0, 0
1036999, 50566, 0, 0
1038000, 50722, 0, 0
1039000, 50529, 0, 0
1040000, 50728, 0, 0
1041000, 50564, 0, 0
1041999, 50455, 0, 0
1042999, 50705, 0, 0
1043999, 50859, 0, 0
1045000, 50626, 0, 0
1046000, 50401, 0, 0
1047000, 50830, 0, 0
1047999, 50532, 0, 0
1048999, 50729, 0, 0
1050000, 50653, 0, 0
1051000, 50602, 0, 0
1052000, 50643, 0, 0
1052999, 50705, 0, 0
1053999, 50602, 0, 0
1054999, 50567, 0, 0
1056000, 50531, 0, 0
1057000, 50568, 0, 0
1057999, 50158, 0, 0
1058999, 49901, 0, 0
1059999, 49760, 0, 0
1060999, 49828, 0, 0
1062000, 49920, 0, 0
1063000, 49926, 0, 0
1064000, 50212, 0, 0
1064999, 50764, 0, 0
1065999, 50804, 0, 0
1066999, 50551, 0, 0
1067999, 50420, 0, 0
1069000, 50553, 0, 0
1070000, 50621, 0, 0
1070999, 50099, 0, 0
1071999, 50617, 0, 0
1072999, 50706, 0, 0
1073999, 50521, 0, 0
1075000, 50843, 0, 0
1076000, 50832, 0, 0
1077000, 50533, 0, 0
1077999, 50804, 0, 0
1078999, 50545, 0, 0
1079999, 50579, 0, 0
1080999, 50548, 0, 0
1082000, 50511, 0, 0
1083000, 50321, 0, 0
1084000, 50569, 0, 0
1084999, 50530, 0, 0
1085999, 50511, 0, 0
1087000, 50412, 0, 0
1088000, 50638, 0, 0
1089000, 50555, 0, 0
1090000, 50500, 0, 0
1090999, 50523, 0, 0
1091999, 50453, 0, 0
1093000, 50631, 0, 0
1094000, 50557, 0, 0
1094999, 50604, 0, 0
1095999, 50336, 0, 0
1096999, 50688, 0, 0
1097999, 50772, 0, 0
1098999, 50951, 0, 0
1100000, 50988, 0, 0
1101000, 50510, 0, 0
1101999, 50657, 0, 0
1102999, 50644, 0, 0
1103999, 50506, 0, 0
1104999, 50455, 0, 0
1106000, 50525, 0, 0
1107000, 50626, 0, 0
1108000, 50486, 0, 0
1108999, 50373, 0, 0
1109999, 50594, 0, 0
1110999, 50569, 0, 0
1111999, 50605, 0, 0
1113000, 50414, 0, 0
1114000, 50780, 0, 0
1114999, 50810, 0, 0
1115999, 50608, 0, 0
1116999, 50737, 0, 0
1117999, 50692, 0, 0
1119000, 50491, 0, 0
1120000, 50745, 0, 0
1121000, 50705, 0, 0
1121999, 50690, 0, 0
1122999, 50696, 0, 0
1123999, 50700, 0, 0
1124999, 50912, 0, 0
1125999, 50992, 0, 0
1127000, 50626, 0, 0
1128000, 50821, 0, 0
1129000, 50666, 0, 0
1129999, 50709, 0, 0
1130999, 50611, 0, 0
1131999, 50477, 0, 0
1133000, 50527, 0, 0
1134000, 50405, 0, 0
1135000, 50629, 0, 0
1135999, 50715, 0, 0
1136999, 50500, 0, 0
1137999, 50672, 0, 0
1139000, 50557, 0, 0
1140000, 50583, 0, 0
1141000, 50628, 0, 0
1141999, 50594, 0, 0
1142999, 50534, 0, 0
1143999, 50602, 0, 0
1145000, 50450, 0, 0
1146000, 50182, 0, 0
1146999, 50613, 0, 0
1147999, 50666, 0, 0
1148999, 50594, 0, 0
1149999, 50602, 0, 0
1151000, 50437, 0, 0
1152000, 50547, 0, 0
1153000, 50598, 0, 0
1153999, 50714, 0, 0
1154999, 50512, 0, 0
1155999, 50799, 0, 0
1156999, 50765, 0, 0
1158000, 50452, 0, 0
1159000, 50096, 0, 0
1160000, 50581, 0, 0
1160999, 50442, 0, 0
1161999, 50553, 0, 0
1162999, 50409, 0, 0
1163999, 50463, 0, 0
1165000, 50306, 0, 0
1166000, 50368, 0, 0
1166999, 50471, 0, 0
1167999, 52127, 0, 0
1168999, 53419, 0, 0
1169999, 53427, 0, 0
1170999, 53502, 0, 0
1172000, 53301, 0, 0
1173000, 53484, 0, 0
1174000, 53313, 0, 0
1174999, 53554, 0, 0
1175999, 53467, 0, 0
1176999, 53430, 0, 0
1177999, 53216, 0, 0
1179000, 53311, 0, 0
1180000, 53326, 0, 0
1180999, 53273, 0, 0
1181999, 53332, 0, 0
1182999, 53292, 0, 0
1183999, 53507, 0, 0
1184999, 53630, 0, 0
1186000, 53415, 0, 0
1187000, 53537, 0, 0
1188000, 53234, 0, 0
1188999, 53427, 0, 0
1189999, 53401, 0, 0
1191000, 53401, 0, 0
1192000, 53306, 0, 0
1193000, 53340, 0, 0
1193999, 53360, 0, 0
1194999, 53473, 0, 0
1195999, 53355, 0, 0
1196999, 53290, 0, 0
1198000, 53423, 0, 0
1199000, 53190, 0, 0
1200000, 53363, 0, 0
