1028, 16863671, 0, 0
2031, 8074594, 0, 0
3033, 2002544, 0, 0
4073, 2095245, 0, 0
5065, 8690897, 0, 0
6074, 8070654, 0, 0
7053, 8356458, 0, 0
8028, 8940102, 0, 0
9015, 8577717, 0, 0
10003, 1542170, 0, 0
11026, 8591364, 0, 0
12004, 9211768, 0, 0
13035, 2729587, 0, 0
14025, 8243070, 0, 0
15047, 1321370, 0, 0
16063, 2674162, 0, 0
17006, 8340780, 0, 0
18049, 2709236, 0, 0
19058, 8616253, 0, 0
20063, 8230814, 0, 0
21056, 8702680, 0, 0
22018, 2079469, 0, 0
23070, 4531732, 0, 0
24005, 5797800, 0, 0
25061, 8178733, 0, 0
26046, 8559182, 0, 0
27048, 7886809, 0, 0
28035, 5936985, 0, 0
29062, 5003872, 0, 0
30023, 8277364, 0, 0
31038, 7858550, 0, 0
32019, 7975129, 0, 0
33008, 7842901, 0, 0
34059, 5324922, 0, 0
35062, 5390309, 0, 0
36039, 7224857, 0, 0
37011, 4200767, 0, 0
38017, 7232266, 0, 0
39013, 8223906, 0, 0
40043, 7979466, 0, 0
41024, 9079052, 0, 0
42034, 5729711, 0, 0
43000, 4775118, 0, 0
44023, 3842971, 0, 0
45054, 3440322, 0, 0
46019, 4869065, 0, 0
47018, 8044906, 0, 0
48053, 7718645, 0, 0
49056, 4316368, 0, 0
50045, 5429166, 0, 0
51064, 3835448, 0, 0
52067, 2436435, 0, 0
53007, 4423586, 0, 0
54047, 7166174, 0, 0
55002, 7513729, 0, 0
56044, 4390704, 0, 0
57046, 4331847, 0, 0
58064, 7061611, 0, 0
59031, 8115249, 0, 0
60044, 7785837, 0, 0
61001, 8776846, 0, 0
62046, 9243219, 0, 0
63054, 8600191, 0, 0
64012, 7720330, 0, 0
65078, 8519274, 0, 0
66040, 7572113, 0, 0
67038, 3830263, 0, 0
68031, 8136795, 0, 0
69056, 8609025, 0, 0
70006, 8391243, 0, 0
71083, 9362945, 0, 0
72095, 8791498, 0, 0
73000, 6846519, 0, 0
74040, 8253593, 0, 0
75045, 7783479, 0, 0
76042, 8163651, 0, 0
77023, 1721491, 0, 0
78007, 4633235, 0, 0
79051, 7669187, 0, 0
80039, 7596408, 0, 0
81069, 4094793, 0, 0
82035, 2003300, 0, 0
83041, 5643492, 0, 0
84025, 7444025, 0, 0
85022, 7971164, 0, 0
86058, 7443757, 0, 0
87013, 5129329, 0, 0
88067, 3615121, 0, 0
89020, 4085989, 0, 0
90051, 4745350, 0, 0
91017, 4571313, 0, 0
92018, 8059719, 0, 0
93044, 5424769, 0, 0
94028, 4550278, 0, 0
95034, 7615201, 0, 0
96017, 7920493, 0, 0
97063, 4280116, 0, 0
98059, 7532849, 0, 0
99029, 8146856, 0, 0
100055, 8133325, 0, 0
101039, 9277424, 0, 0
102058, 8778892, 0, 0
103002, 8656907, 0, 0
104000, 5271802, 0, 0
105059, 3917484, 0, 0
106042, 5083977, 0, 0
107026, 4078882, 0, 0
108034, 6893806, 0, 0
109054, 2670162, 0, 0
110009, 4418200, 0, 0
111051, 5813807, 0, 0
112064, 7607144, 0, 0
113007, 4321222, 0, 0
114049, 4128485, 0, 0
115070, 5825388, 0, 0
116063, 7873604, 0, 0
117000, 5885309, 0, 0
118008, 4534756, 0, 0
119039, 3363389, 0, 0
120033, 4913701, 0, 0
121068, 4653861, 0, 0
122001, 5582390, 0, 0
123015, 5087307, 0, 0
124025, 8700442, 0, 0
125003, 8004409, 0, 0
126048, 8158380, 0, 0
127020, 7526016, 0, 0
128052, 3919841, 0, 0
129054, 1927503, 0, 0
130036, 4190410, 0, 0
131072, 6087349, 0, 0
132000, 7924227, 0, 0
133070, 8038161, 0, 0
134060, 7381842, 0, 0
135046, 8075480, 0, 0
136032, 8277413, 0, 0
137035, 8347762, 0, 0
138000, 7900945, 0, 0
139004, 8225288, 0, 0
140051, 7637963, 0, 0
141035, 8053563, 0, 0
142047, 7897748, 0, 0
143011, 6466021, 0, 0
144049, 2078139, 0, 0
145048, 7131476, 0, 0
146013, 7966307, 0, 0
147004, 8392473, 0, 0
148022, 7943354, 0, 0
149047, 8532392, 0, 0
150057, 8073125, 0, 0
151030, 7653330, 0, 0
152071, 7430860, 0, 0
153074, 8084277, 0, 0
154019, 8660882, 0, 0
155005, 8420329, 0, 0
156005, 8324026, 0, 0
157021, 7692507, 0, 0
158021, 3723482, 0, 0
159010, 4965802, 0, 0
160037, 3306397, 0, 0
161005, 6405768, 0, 0
162008, 7471064, 0, 0
163015, 7680261, 0, 0
164000, 8418331, 0, 0
165070, 2667837, 0, 0
166033, 7076564, 0, 0
167049, 8750771, 0, 0
168007, 7363393, 0, 0
169007, 7923368, 0, 0
170031, 8459621, 0, 0
171054, 8240519, 0, 0
172037, 8187407, 0, 0
173015, 7513047, 0, 0
174065, 6399170, 0, 0
175058, 5444861, 0, 0
176049, 5499123, 0, 0
177000, 7089018, 0, 0
178011, 8148107, 0, 0
179017, 5207381, 0, 0
180033, 5097994, 0, 0
181019, 6436688, 0, 0
182000, 2373926, 0, 0
183032, 5228031, 0, 0
184029, 3631475, 0, 0
185003, 3175436, 0, 0
186001, 7670141, 0, 0
187074, 7246421, 0, 0
188079, 7720844, 0, 0
189021, 8333453, 0, 0
190033, 7774639, 0, 0
191030, 8168706, 0, 0
192038, 3276237, 0, 0
193057, 4604499, 0, 0
194031, 4840333, 0, 0
195032, 4144218, 0, 0
196023, 4714432, 0, 0
197026, 6421342, 0, 0
198020, 7820608, 0, 0
199011, 7672673, 0, 0
200000, 6460730, 0, 0
201068, 5705734, 0, 0
202021, 5913030, 0, 0
203010, 7207787, 0, 0
204001, 7562774, 0, 0
205028, 7886457, 0, 0
206014, 6845671, 0, 0
207038, 5555736, 0, 0
208036, 5033055, 0, 0
209005, 6632016, 0, 0
210025, 8024113, 0, 0
211025, 4823671, 0, 0
212024, 3303140, 0, 0
213043, 6478971, 0, 0
214006, 5467968, 0, 0
215029, 5379370, 0, 0
216059, 7789741, 0, 0
217010, 7852847, 0, 0
218022, 7962123, 0, 0
219028, 7736467, 0, 0
220019, 7274794, 0, 0
221065, 7312335, 0, 0
222053, 8294465, 0, 0
223021, 7675806, 0, 0
224028, 7855256, 0, 0
225029, 7047536, 0, 0
226049, 4992268, 0, 0
227066, 5431970, 0, 0
228070, 8088347, 0, 0
229046, 7119565, 0, 0
230053, 3866706, 0, 0
231020, 3384616, 0, 0
232037, 5263079, 0, 0
233048, 4972868, 0, 0
234056, 7243975, 0, 0
235070, 7237542, 0, 0
236019, 6278709, 0, 0
237027, 5031179, 0, 0
238063, 5505220, 0, 0
239055, 7991971, 0, 0
240070, 7801140, 0, 0
241010, 7576444, 0, 0
242061, 7446897, 0, 0
243074, 7493697, 0, 0
244059, 8789971, 0, 0
245063, 5765929, 0, 0
246026, 5373434, 0, 0
247019, 6236391, 0, 0
248066, 7690792, 0, 0
249068, 8075266, 0, 0
250022, 7688184, 0, 0
251068, 7741439, 0, 0
252059, 5208417, 0, 0
253037, 5780899, 0, 0
254020, 4359782, 0, 0
255046, 5573259, 0, 0
256024, 6551122, 0, 0
257065, 7122700, 0, 0
258069, 7327913, 0, 0
259049, 8085210, 0, 0
260051, 6809275, 0, 0
261043, 5934899, 0, 0
262048, 7069261, 0, 0
263023, 7798086, 0, 0
264070, 7806437, 0, 0
265060, 7431242, 0, 0
266004, 8206339, 0, 0
267046, 8070353, 0, 0
268036, 8602509, 0, 0
269036, 8258770, 0, 0
270022, 8004412, 0, 0
271064, 8267219, 0, 0
272068, 8216850, 0, 0
273050, 7725647, 0, 0
274026, 8197387, 0, 0
275000, 7972303, 0, 0
276042, 8540756, 0, 0
277022, 7833670, 0, 0
278064, 7881974, 0, 0
279064, 7869931, 0, 0
280022, 8108787, 0, 0
281054, 7870625, 0, 0
282064, 8340902, 0, 0
283003, 8021228, 0, 0
284020, 8331793, 0, 0
285018, 7913688, 0, 0
286042, 8316937, 0, 0
287038, 7714151, 0, 0
288018, 7414229, 0, 0
289070, 7842178, 0, 0
290006, 7924849, 0, 0
291056, 7657908, 0, 0
292003, 7818377, 0, 0
293048, 7913237, 0, 0
294061, 8160284, 0, 0
295053, 7741655, 0, 0
296008, 7950731, 0, 0
297024, 7199473, 0, 0
298005, 7972192, 0, 0
299039, 7887524, 0, 0
300072, 7818679, 0, 0
301006, 7705475, 0, 0
302020, 7914716, 0, 0
303001, 7319438, 0, 0
304003, 8202556, 0, 0
305005, 6951988, 0, 0
306015, 6187645, 0, 0
307012, 5859821, 0, 0
308027, 6418835, 0, 0
309063, 6387690, 0, 0
310030, 8048792, 0, 0
311086, 7815680, 0, 0
312037, 7666207, 0, 0
313039, 7634929, 0, 0
314021, 7434883, 0, 0
315029, 7748128, 0, 0
316037, 8060475, 0, 0
317016, 7695800, 0, 0
318065, 8252604, 0, 0
319004, 8158587, 0, 0
320052, 7121172, 0, 0
321010, 8550511, 0, 0
322022, 7119568, 0, 0
323082, 8022748, 0, 0
324030, 8093659, 0, 0
325052, 7193859, 0, 0
326054, 7582793, 0, 0
327028, 7849344, 0, 0
328029, 7631668, 0, 0
329015, 7405145, 0, 0
330010, 7417051, 0, 0
331055, 7626829, 0, 0
332012, 7469172, 0, 0
333037, 7473588, 0, 0
334027, 7380192, 0, 0
335038, 7263827, 0, 0
336038, 7239924, 0, 0
337016, 7757446, 0, 0
338052, 7900373, 0, 0
339048, 8030697, 0, 0
340049, 7457393, 0, 0
341035, 7640628, 0, 0
342064, 8423445, 0, 0
343024, 7159435, 0, 0
344028, 7268156, 0, 0
345000, 7141166, 0, 0
346060, 7200070, 0, 0
347062, 7826199, 0, 0
348022, 7154228, 0, 0
349006, 7338221, 0, 0
350035, 8295348, 0, 0
351060, 7934909, 0, 0
352058, 8171091, 0, 0
353045, 7359506, 0, 0
354001, 7029105, 0, 0
355003, 7941302, 0, 0
356031, 7719475, 0, 0
357010, 7141950, 0, 0
358006, 7538607, 0, 0
359045, 7469478, 0, 0
360068, 7983944, 0, 0
361055, 8426573, 0, 0
362003, 7830878, 0, 0
363058, 7585680, 0, 0
364014, 7824525, 0, 0
365005, 7337342, 0, 0
366008, 7704821, 0, 0
367041, 7319515, 0, 0
368043, 7704877, 0, 0
369013, 7565787, 0, 0
370004, 8120460, 0, 0
371030, 7532915, 0, 0
372064, 8008678, 0, 0
373034, 6780384, 0, 0
374059, 8063129, 0, 0
375015, 8022254, 0, 0
376057, 7489589, 0, 0
377001, 7368495, 0, 0
378054, 7057772, 0, 0
379004, 7477956, 0, 0
380034, 7565596, 0, 0
381063, 7236438, 0, 0
382012, 7356132, 0, 0
383066, 6926727, 0, 0
384008, 7649099, 0, 0
385057, 7381145, 0, 0
386048, 7223927, 0, 0
387000, 7553985, 0, 0
388041, 7761410, 0, 0
389042, 7691392, 0, 0
390013, 7578508, 0, 0
391017, 7656348, 0, 0
392048, 7516767, 0, 0
393040, 7342268, 0, 0
394045, 7440886, 0, 0
395054, 7750245, 0, 0
396018, 7893909, 0, 0
397011, 7244155, 0, 0
398074, 7372848, 0, 0
399052, 7291806, 0, 0
400014, 7167100, 0, 0
401043, 7504714, 0, 0
402050, 7564624, 0, 0
403012, 7820097, 0, 0
404043, 7001043, 0, 0
405040, 7381115, 0, 0
406015, 7493140, 0, 0
407001, 7083474, 0, 0
408049, 7937373, 0, 0
409020, 7455167, 0, 0
410011, 7395299, 0, 0
411015, 6911770, 0, 0
412013, 7735421, 0, 0
413005, 7395634, 0, 0
414003, 7379922, 0, 0
415012, 7357687, 0, 0
416023, 8217205, 0, 0
417011, 8158316, 0, 0
418053, 7129992, 0, 0
419043, 6501402, 0, 0
420037, 6803808, 0, 0
421059, 7296765, 0, 0
422067, 7136655, 0, 0
423040, 7657727, 0, 0
424023, 7169301, 0, 0
425035, 7656082, 0, 0
426001, 7048858, 0, 0
427061, 7201260, 0, 0
428013, 7925248, 0, 0
429036, 7150796, 0, 0
430035, 7176722, 0, 0
431016, 8096481, 0, 0
432060, 6957011, 0, 0
433044, 7680754, 0, 0
434030, 6651042, 0, 0
435000, 6872745, 0, 0
436007, 7514232, 0, 0
437005, 7605784, 0, 0
438041, 7290244, 0, 0
439009, 7559565, 0, 0
440001, 7072671, 0, 0
441002, 7093343, 0, 0
442046, 7784673, 0, 0
443044, 7849397, 0, 0
444015, 7297043, 0, 0
445029, 6844505, 0, 0
446031, 7411779, 0, 0
447044, 7612891, 0, 0
448022, 6692757, 0, 0
449027, 7218737, 0, 0
450010, 7333230, 0, 0
451021, 7162998, 0, 0
452001, 7417608, 0, 0
453003, 6996971, 0, 0
454006, 7317242, 0, 0
455017, 7830536, 0, 0
456010, 6885723, 0, 0
457069, 7252898, 0, 0
458069, 6936979, 0, 0
459003, 7522797, 0, 0
460020, 7577791, 0, 0
461006, 7947487, 0, 0
462007, 7461680, 0, 0
463035, 7183778, 0, 0
464038, 7207795, 0, 0
465046, 8188029, 0, 0
466056, 7156936, 0, 0
467000, 7195516, 0, 0
468007, 6942493, 0, 0
469049, 6800475, 0, 0
470049, 7510575, 0, 0
471051, 7706410, 0, 0
472070, 7890820, 0, 0
473023, 7153892, 0, 0
474069, 7207652, 0, 0
475000, 7687800, 0, 0
476031, 7152287, 0, 0
477055, 7256598, 0, 0
478044, 7602911, 0, 0
479061, 7524951, 0, 0
480012, 7199213, 0, 0
481058, 7008710, 0, 0
482058, 7086583, 0, 0
483065, 8054419, 0, 0
484028, 6915624, 0, 0
485006, 7136634, 0, 0
486060, 7360705, 0, 0
487031, 7184951, 0, 0
488022, 7334477, 0, 0
489078, 7080722, 0, 0
490041, 7177326, 0, 0
491034, 7462843, 0, 0
492035, 7692163, 0, 0
493063, 7282487, 0, 0
494006, 7421553, 0, 0
495037, 7403676, 0, 0
496017, 7713474, 0, 0
497059, 6386600, 0, 0
498020, 7057444, 0, 0
499052, 6919393, 0, 0
500064, 7271934, 0, 0
501040, 7334719, 0, 0
502050, 8136204, 0, 0
503029, 6518078, 0, 0
504057, 7669263, 0, 0
505041, 6968597, 0, 0
506022, 7538972, 0, 0
507067, 7009401, 0, 0
508053, 7633011, 0, 0
509072, 6972741, 0, 0
510016, 7545047, 0, 0
511018, 7473474, 0, 0
512021, 7472719, 0, 0
513070, 7489206, 0, 0
514045, 8187594, 0, 0
515026, 6661009, 0, 0
516037, 6689345, 0, 0
517023, 6890810, 0, 0
518002, 7465134, 0, 0
519051, 7033628, 0, 0
520017, 6890820, 0, 0
521000, 6866970, 0, 0
522006, 7284310, 0, 0
523003, 7064905, 0, 0
524000, 7163533, 0, 0
525021, 6897050, 0, 0
526061, 7064007, 0, 0
527061, 7405261, 0, 0
528044, 7326875, 0, 0
529063, 7542095, 0, 0
530043, 7358249, 0, 0
531039, 7164118, 0, 0
532046, 7392138, 0, 0
533069, 7351119, 0, 0
534014, 7103302, 0, 0
535005, 6780588, 0, 0
536058, 7624280, 0, 0
537032, 7538728, 0, 0
538024, 7133291, 0, 0
539013, 6909551, 0, 0
540025, 6871633, 0, 0
541058, 7171415, 0, 0
542066, 7350054, 0, 0
543029, 7949507, 0, 0
544050, 8034950, 0, 0
545004, 7501784, 0, 0
546028, 7253770, 0, 0
547056, 6891576, 0, 0
548062, 7445419, 0, 0
549066, 7488484, 0, 0
550016, 7356568, 0, 0
551068, 7726061, 0, 0
552022, 7164445, 0, 0
553014, 7566070, 0, 0
554021, 8053479, 0, 0
555030, 6335711, 0, 0
556006, 7384366, 0, 0
557017, 7485626, 0, 0
558065, 7993979, 0, 0
559032, 7150575, 0, 0
560026, 6995969, 0, 0
561058, 7365049, 0, 0
562000, 7467048, 0, 0
563054, 8491399, 0, 0
564020, 7148707, 0, 0
565000, 7712705, 0, 0
566017, 6347599, 0, 0
567004, 6896124, 0, 0
568067, 7808021, 0, 0
569046, 7637883, 0, 0
570063, 7584720, 0, 0
571015, 6745428, 0, 0
572012, 7321975, 0, 0
573076, 7229845, 0, 0
574006, 7808651, 0, 0
575066, 7107174, 0, 0
576038, 6988515, 0, 0
577050, 7071057, 0, 0
578013, 7400382, 0, 0
579061, 7427010, 0, 0
580052, 7018088, 0, 0
581027, 7324955, 0, 0
582006, 6984887, 0, 0
583049, 6813499, 0, 0
584010, 7379690, 0, 0
585027, 7211781, 0, 0
586039, 7379183, 0, 0
587062, 7406564, 0, 0
588045, 6959350, 0, 0
589005, 7264510, 0, 0
590017, 7966059, 0, 0
591021, 7658071, 0, 0
592026, 7432762, 0, 0
593057, 7523724, 0, 0
594017, 6849548, 0, 0
595047, 7092517, 0, 0
596037, 7011516, 0, 0
597026, 6867175, 0, 0
598041, 7678765, 0, 0
599060, 7379507, 0, 0
600047, 6895477, 0, 0
601037, 6459507, 0, 0
602017, 8448439, 0, 0
603002, 7181189, 0, 0
604022, 7438743, 0, 0
605021, 6392708, 0, 0
606055, 7826581, 0, 0
607029, 7607148, 0, 0
608037, 7139566, 0, 0
609030, 7037998, 0, 0
610015, 6877725, 0, 0
611021, 6840504, 0, 0
612007, 6883147, 0, 0
613039, 6443878, 0, 0
614042, 7004633, 0, 0
615030, 6584104, 0, 0
616040, 7257360, 0, 0
617066, 7705145, 0, 0
618069, 6959973, 0, 0
619061, 6518055, 0, 0
620001, 7277657, 0, 0
621028, 7281340, 0, 0
622007, 7701164, 0, 0
623059, 7842586, 0, 0
624019, 7208103, 0, 0
625010, 7443919, 0, 0
626047, 7198895, 0, 0
627017, 7337556, 0, 0
628014, 6776226, 0, 0
629043, 7617977, 0, 0
630041, 7167904, 0, 0
631033, 7183474, 0, 0
632052, 7219980, 0, 0
633047, 6537860, 0, 0
634063, 7637901, 0, 0
635061, 7119837, 0, 0
636006, 7097944, 0, 0
637004, 7669396, 0, 0
638074, 6724515, 0, 0
639011, 6683320, 0, 0
640049, 7686177, 0, 0
641065, 6994393, 0, 0
642058, 7241674, 0, 0
643063, 7171524, 0, 0
644070, 7678483, 0, 0
645025, 6404755, 0, 0
646004, 7245687, 0, 0
647020, 7145748, 0, 0
648020, 7139245, 0, 0
649020, 7235514, 0, 0
650022, 7417335, 0, 0
651056, 6884263, 0, 0
652040, 6825240, 0, 0
653015, 7323839, 0, 0
654007, 6981850, 0, 0
655056, 7592299, 0, 0
656026, 6872062, 0, 0
657047, 7730070, 0, 0
658003, 6725024, 0, 0
659045, 7943011, 0, 0
660025, 7311510, 0, 0
661003, 7691883, 0, 0
662000, 7266336, 0, 0
663054, 8170146, 0, 0
664046, 7342243, 0, 0
665048, 7464965, 0, 0
666024, 7448729, 0, 0
667008, 7392095, 0, 0
668067, 7397093, 0, 0
669030, 7634530, 0, 0
670021, 6183349, 0, 0
671050, 7617766, 0, 0
672030, 7256619, 0, 0
673048, 6914819, 0, 0
674046, 6604894, 0, 0
675015, 6815934, 0, 0
676050, 6627507, 0, 0
677066, 6856337, 0, 0
678064, 7071244, 0, 0
679058, 6708159, 0, 0
680018, 8343676, 0, 0
681075, 6854177, 0, 0
682055, 7202764, 0, 0
683041, 7083895, 0, 0
684061, 7492001, 0, 0
685048, 7532754, 0, 0
686081, 7167755, 0, 0
687021, 7392311, 0, 0
688042, 7283685, 0, 0
689031, 7210676, 0, 0
690042, 7541123, 0, 0
691038, 7155270, 0, 0
692063, 7424343, 0, 0
693074, 7950357, 0, 0
694053, 7951346, 0, 0
695015, 7695241, 0, 0
696028, 7175654, 0, 0
697028, 6983349, 0, 0
698022, 6710378, 0, 0
699014, 6932632, 0, 0
700063, 6893325, 0, 0
701031, 6908343, 0, 0
702049, 7418127, 0, 0
703062, 6886328, 0, 0
704019, 6547406, 0, 0
705015, 6912051, 0, 0
706014, 7446349, 0, 0
707040, 7022969, 0, 0
708052, 6780899, 0, 0
709041, 7110829, 0, 0
710044, 7057076, 0, 0
711010, 7256289, 0, 0
712056, 7106483, 0, 0
713047, 7333075, 0, 0
714033, 6986816, 0, 0
715036, 7103892, 0, 0
716043, 6063024, 0, 0
717013, 7451235, 0, 0
718054, 6798388, 0, 0
719053, 7502474, 0, 0
720025, 6836829, 0, 0
721000, 6583392, 0, 0
722022, 6994502, 0, 0
723022, 6984213, 0, 0
724058, 7136195, 0, 0
725023, 7144188, 0, 0
726008, 7626820, 0, 0
727022, 7858643, 0, 0
728054, 7522639, 0, 0
729039, 7025360, 0, 0
730056, 6684037, 0, 0
731002, 7161041, 0, 0
732053, 7195807, 0, 0
733071, 7014007, 0, 0
734017, 7267186, 0, 0
735016, 7079169, 0, 0
736061, 7401694, 0, 0
737046, 7077600, 0, 0
738055, 7256729, 0, 0
739030, 7322152, 0, 0
740062, 6363758, 0, 0
741014, 6837963, 0, 0
742007, 7405227, 0, 0
743001, 6759355, 0, 0
744030, 6895388, 0, 0
745069, 6782418, 0, 0
746013, 6836818, 0, 0
747006, 7239991, 0, 0
748061, 6757530, 0, 0
749060, 6697920, 0, 0
750043, 7163334, 0, 0
751040, 7270784, 0, 0
752033, 6986988, 0, 0
753017, 6599385, 0, 0
754013, 6765823, 0, 0
755006, 6797033, 0, 0
756075, 7218145, 0, 0
757014, 6649249, 0, 0
758060, 7204426, 0, 0
759023, 7461092, 0, 0
760005, 6811471, 0, 0
761018, 6287575, 0, 0
762061, 7829864, 0, 0
763035, 6756675, 0, 0
764011, 7018900, 0, 0
765001, 6550187, 0, 0
766009, 7404357, 0, 0
767005, 7205621, 0, 0
768010, 6878460, 0, 0
769017, 7288278, 0, 0
770005, 6858774, 0, 0
771032, 7377425, 0, 0
772020, 7421619, 0, 0
773029, 7578185, 0, 0
774050, 6710502, 0, 0
775002, 6797015, 0, 0
776015, 7224891, 0, 0
777042, 6334120, 0, 0
778011, 7118345, 0, 0
779028, 6309505, 0, 0
780051, 7142588, 0, 0
781063, 7329174, 0, 0
782051, 7835419, 0, 0
783033, 7268592, 0, 0
784001, 6955464, 0, 0
785002, 7351143, 0, 0
786066, 7485577, 0, 0
787005, 6851688, 0, 0
788021, 6899258, 0, 0
789070, 7279657, 0, 0
790039, 6965673, 0, 0
791012, 6843902, 0, 0
792069, 7137523, 0, 0
793009, 7113328, 0, 0
794035, 7594534, 0, 0
795013, 7128902, 0, 0
796047, 7026858, 0, 0
797043, 7315118, 0, 0
798057, 6712174, 0, 0
799072, 7136591, 0, 0
800024, 7206974, 0, 0
801020, 7210929, 0, 0
802019, 6696516, 0, 0
803014, 7307145, 0, 0
804035, 7291322, 0, 0
805065, 7564847, 0, 0
806010, 7094872, 0, 0
807037, 7125125, 0, 0
808054, 7697371, 0, 0
809022, 7676768, 0, 0
810028, 6741602, 0, 0
811018, 7070581, 0, 0
812069, 7290395, 0, 0
813053, 6971613, 0, 0
814039, 6937970, 0, 0
815022, 7012679, 0, 0
816034, 6607465, 0, 0
817065, 7007530, 0, 0
818074, 7576614, 0, 0
819040, 7368731, 0, 0
820032, 7232423, 0, 0
821019, 6845441, 0, 0
822005, 6794199, 0, 0
823012, 7132197, 0, 0
824054, 7131105, 0, 0
825046, 7236293, 0, 0
826044, 6734201, 0, 0
827023, 6701472, 0, 0
828048, 6873130, 0, 0
829016, 7616027, 0, 0
830018, 6900425, 0, 0
831009, 6974960, 0, 0
832085, 7306994, 0, 0
833073, 7209598, 0, 0
834060, 6800572, 0, 0
835048, 7148340, 0, 0
836009, 7326412, 0, 0
837065, 6946023, 0, 0
838049, 7498960, 0, 0
839058, 6906920, 0, 0
840001, 6775364, 0, 0
841052, 7395995, 0, 0
842017, 7651648, 0, 0
843048, 7304070, 0, 0
844017, 6285700, 0, 0
845069, 7006362, 0, 0
846079, 7417913, 0, 0
847041, 6768253, 0, 0
848022, 7206706, 0, 0
849048, 7593951, 0, 0
850011, 7512909, 0, 0
851053, 7381811, 0, 0
852030, 6970809, 0, 0
853039, 7055518, 0, 0
854000, 7271185, 0, 0
855017, 7360735, 0, 0
856064, 6617876, 0, 0
857046, 7108135, 0, 0
858025, 6611656, 0, 0
859010, 7339845, 0, 0
860057, 6835584, 0, 0
861013, 6497776, 0, 0
862030, 6914627, 0, 0
863018, 7097520, 0, 0
864010, 7081890, 0, 0
865049, 6869543, 0, 0
866038, 7211787, 0, 0
867057, 7269613, 0, 0
868051, 7586883, 0, 0
869002, 7142677, 0, 0
870024, 7188035, 0, 0
871062, 7052085, 0, 0
872009, 7226278, 0, 0
873040, 7254471, 0, 0
874066, 7167784, 0, 0
875045, 6348727, 0, 0
876063, 6823788, 0, 0
877050, 6618091, 0, 0
878034, 6823085, 0, 0
879020, 6660818, 0, 0
880026, 6877947, 0, 0
881026, 7244582, 0, 0
882058, 7633694, 0, 0
883042, 6920800, 0, 0
884030, 7153206, 0, 0
885074, 7345182, 0, 0
886041, 7728586, 0, 0
887023, 7058825, 0, 0
888058, 7549312, 0, 0
889041, 7439190, 0, 0
890016, 7007761, 0, 0
891028, 6972571, 0, 0
892036, 7245826, 0, 0
893069, 7367765, 0, 0
894061, 6564156, 0, 0
895050, 7058663, 0, 0
896024, 6852215, 0, 0
897057, 6288513, 0, 0
898060, 6508482, 0, 0
899071, 7424758, 0, 0
900058, 6900972, 0, 0
901064, 7385348, 0, 0
902052, 7963593, 0, 0
903003, 7193591, 0, 0
904014, 7067124, 0, 0
905062, 7425290, 0, 0
906052, 7221388, 0, 0
907037, 6782007, 0, 0
908047, 7261402, 0, 0
909040, 7087648, 0, 0
910002, 6491495, 0, 0
911047, 7511298, 0, 0
912031, 7388669, 0, 0
913000, 7064961, 0, 0
914015, 7409091, 0, 0
915014, 6881182, 0, 0
916018, 7316952, 0, 0
917037, 7490022, 0, 0
918067, 7622038, 0, 0
919022, 7227463, 0, 0
920012, 7064080, 0, 0
921002, 6966277, 0, 0
922050, 7172073, 0, 0
923049, 7074992, 0, 0
924068, 6527500, 0, 0
925000, 6897486, 0, 0
926057, 7038549, 0, 0
927063, 7336270, 0, 0
928018, 7173549, 0, 0
929062, 7043739, 0, 0
930031, 7870117, 0, 0
931018, 6798048, 0, 0
932038, 7029292, 0, 0
933007, 6632774, 0, 0
934014, 6488788, 0, 0
935011, 7165726, 0, 0
936071, 7060582, 0, 0
937011, 7275268, 0, 0
938044, 7118073, 0, 0
939062, 7373220, 0, 0
940047, 7075825, 0, 0
941015, 6536966, 0, 0
942011, 7595406, 0, 0
943060, 6350711, 0, 0
944017, 7188750, 0, 0
945061, 7502838, 0, 0
946035, 6441151, 0, 0
947028, 7188098, 0, 0
948043, 7350007, 0, 0
949002, 7729877, 0, 0
950011, 7252071, 0, 0
951058, 7018878, 0, 0
952010, 7095276, 0, 0
953029, 7021221, 0, 0
954063, 7323850, 0, 0
955073, 6729242, 0, 0
956042, 7449679, 0, 0
957056, 7035321, 0, 0
958045, 7057192, 0, 0
959041, 7263758, 0, 0
960065, 7005216, 0, 0
961031, 7251734, 0, 0
962037, 6703854, 0, 0
963031, 7044337, 0, 0
964023, 6828748, 0, 0
965005, 6766101, 0, 0
966017, 7120513, 0, 0
967015, 6560516, 0, 0
968059, 6772407, 0, 0
969043, 7504259, 0, 0
970055, 7271850, 0, 0
971038, 6253901, 0, 0
972015, 6970654, 0, 0
973009, 6901257, 0, 0
974008, 6739780, 0, 0
975067, 6917015, 0, 0
976069, 7095560, 0, 0
977000, 6416177, 0, 0
978048, 7529597, 0, 0
979022, 7664768, 0, 0
980060, 6691700, 0, 0
981022, 7392904, 0, 0
982046, 6598989, 0, 0
983027, 7256201, 0, 0
984047, 7075151, 0, 0
985032, 6933481, 0, 0
986027, 6763643, 0, 0
987012, 6560661, 0, 0
988036, 7990352, 0, 0
989049, 7332378, 0, 0
990059, 7311494, 0, 0
991063, 7065610, 0, 0
992010, 7568364, 0, 0
993056, 7106657, 0, 0
994033, 6688630, 0, 0
995045, 7380725, 0, 0
996051, 6834513, 0, 0
997054, 7005352, 0, 0
998047, 7190726, 0, 0
999051, 7269460, 0, 0
1000000, 6717895, 0, 0
1001059, 7101534, 0, 0
1002024, 6988311, 0, 0
1003064, 6704973, 0, 0
1004061, 7540274, 0, 0
1005051, 7014142, 0, 0
1006019, 7164700, 0, 0
1007061, 6803721, 0, 0
1008011, 6827380, 0, 0
1009003, 7130530, 0, 0
1010006, 6955626, 0, 0
1011068, 6673572, 0, 0
1012062, 7356881, 0, 0
1013071, 7414459, 0, 0
1014058, 6010347, 0, 0
1015027, 6770264, 0, 0
1016062, 7126296, 0, 0
1017056, 7043863, 0, 0
1018042, 6889617, 0, 0
1019048, 7502542, 0, 0
1020007, 6696857, 0, 0
1021035, 7182954, 0, 0
1022076, 6795463, 0, 0
1023058, 6959869, 0, 0
1024022, 6638224, 0, 0
1025018, 6960734, 0, 0
1026001, 7436115, 0, 0
1027018, 7057976, 0, 0
1028022, 7164915, 0, 0
1029027, 7326183, 0, 0
1030038, 7214441, 0, 0
1031008, 6686653, 0, 0
1032060, 6485432, 0, 0
1033025, 7647531, 0, 0
1034062, 7049811, 0, 0
1035067, 7221719, 0, 0
1036007, 6565978, 0, 0
1037054, 6930335, 0, 0
1038038, 6505904, 0, 0
1039038, 7460021, 0, 0
1040065, 7279280, 0, 0
1041008, 7030129, 0, 0
1042007, 7226299, 0, 0
1043049, 7548469, 0, 0
1044047, 6692005, 0, 0
1045066, 6562431, 0, 0
1046008, 7025582, 0, 0
1047017, 7359582, 0, 0
1048045, 7130474, 0, 0
1049055, 7210382, 0, 0
1050053, 7121013, 0, 0
1051027, 6853116, 0, 0
1052006, 7082522, 0, 0
1053054, 8121268, 0, 0
1054035, 6622076, 0, 0
1055006, 6598428, 0, 0
1056000, 7348755, 0, 0
1057059, 7783093, 0, 0
1058060, 6894218, 0, 0
1059066, 7029070, 0, 0
1060027, 6907051, 0, 0
1061003, 6723988, 0, 0
1062001, 6232121, 0, 0
1063041, 7531303, 0, 0
1064067, 6785715, 0, 0
1065009, 6921644, 0, 0
1066012, 5355669, 0, 0
1067029, 5405744, 0, 0
1068040, 5120383, 0, 0
1069036, 4025961, 0, 0
1070057, 4045129, 0, 0
1071073, 6423723, 0, 0
1072040, 6662962, 0, 0
1073035, 6628166, 0, 0
1074030, 6409490, 0, 0
1075080, 7046480, 0, 0
1076006, 6558048, 0, 0
1077012, 6928860, 0, 0
1078000, 6764513, 0, 0
1079029, 6900233, 0, 0
1080026, 7215607, 0, 0
1081055, 6896447, 0, 0
1082035, 7473792, 0, 0
1083031, 7318565, 0, 0
1084041, 7104771, 0, 0
1085047, 6525076, 0, 0
1086041, 6576543, 0, 0
1087048, 7087433, 0, 0
1088045, 6916354, 0, 0
1089028, 6678268, 0, 0
1090036, 6849852, 0, 0
1091018, 6452415, 0, 0
1092038, 6534686, 0, 0
1093028, 6914322, 0, 0
1094034, 6979724, 0, 0
1095068, 6580168, 0, 0
1096045, 5948352, 0, 0
1097072, 7329846, 0, 0
1098068, 6724120, 0, 0
1099094, 7216037, 0, 0
1100020, 7066573, 0, 0
1101008, 6322978, 0, 0
1102015, 7680929, 0, 0
1103052, 7731056, 0, 0
1104055, 6506975, 0, 0
1105059, 6733565, 0, 0
1106072, 6319007, 0, 0
1107037, 6700608, 0, 0
1108065, 6801480, 0, 0
1109039, 6897544, 0, 0
1110019, 7587968, 0, 0
1111050, 7253962, 0, 0
1112055, 6925487, 0, 0
1113001, 6603465, 0, 0
1114006, 6742694, 0, 0
1115020, 6134407, 0, 0
1116036, 7469085, 0, 0
1117008, 6471704, 0, 0
1118060, 6331467, 0, 0
1119013, 6260061, 0, 0
1120051, 7100617, 0, 0
1121042, 7126276, 0, 0
1122050, 6989211, 0, 0
1123035, 5856301, 0, 0
1124068, 6409967, 0, 0
1125037, 6677123, 0, 0
1126025, 7201258, 0, 0
1127067, 6848908, 0, 0
1128051, 6874186, 0, 0
1129077, 7268930, 0, 0
1130044, 7796250, 0, 0
1131053, 7050192, 0, 0
1132035, 6720131, 0, 0
1133049, 6795355, 0, 0
1134065, 7201321, 0, 0
1135061, 6294779, 0, 0
1136040, 6790646, 0, 0
1137061, 6798594, 0, 0
1138042, 6282505, 0, 0
1139041, 6611039, 0, 0
1140049, 7511150, 0, 0
1141053, 6392325, 0, 0
1142058, 6349583, 0, 0
1143056, 6924302, 0, 0
1144046, 6260192, 0, 0
1145058, 7017065, 0, 0
1146021, 6876744, 0, 0
1147001, 6399797, 0, 0
1148015, 6575195, 0, 0
1149071, 7757848, 0, 0
1150064, 6611150, 0, 0
1151010, 7212554, 0, 0
1152062, 7203429, 0, 0
1153050, 7152550, 0, 0
1154029, 6268064, 0, 0
1155013, 6261573, 0, 0
1156025, 6564663, 0, 0
1157031, 7125069, 0, 0
1158068, 7049859, 0, 0
1159074, 7385926, 0, 0
1160038, 6467368, 0, 0
1161008, 6867421, 0, 0
1162009, 6900422, 0, 0
1163035, 6695031, 0, 0
1164057, 6420149, 0, 0
1165053, 6912760, 0, 0
1166018, 6136422, 0, 0
1167001, 6506765, 0, 0
1168036, 7231099, 0, 0
1169027, 6971528, 0, 0
1170024, 6685158, 0, 0
1171011, 6445045, 0, 0
1172058, 6572780, 0, 0
1173032, 6122456, 0, 0
1174055, 7567879, 0, 0
1175020, 6561173, 0, 0
1176053, 6365795, 0, 0
1177022, 5904667, 0, 0
1178056, 6221466, 0, 0
1179054, 6919446, 0, 0
1180002, 7065635, 0, 0
1181015, 7443637, 0, 0
1182040, 6826286, 0, 0
1183004, 6462389, 0, 0
1184000, 6675254, 0, 0
1185072, 7052352, 0, 0
1186057, 6928542, 0, 0
1187034, 6213839, 0, 0
1188009, 6954056, 0, 0
1189022, 6575942, 0, 0
1190052, 7140649, 0, 0
1191002, 6980400, 0, 0
1192042, 6533207, 0, 0
1193003, 7112043, 0, 0
1194059, 6761035, 0, 0
1195035, 7118444, 0, 0
1196009, 6531790, 0, 0
1197018, 6299950, 0, 0
1198053, 6498859, 0, 0
1199051, 6311833, 0, 0
1200024, 7092857, 0, 0
