1012, 806577677, 0, 0
2012, 238510279, 0, 0
3014, 534801651, 0, 0
4052, 256700151, 0, 0
5049, 495188841, 0, 0
6060, 164917464, 0, 0
7037, 234827471, 0, 0
8013, 253793691, 0, 0
9066, 542093875, 0, 0
10053, 520425104, 0, 0
11009, 544422634, 0, 0
12061, 186776084, 0, 0
13017, 477345938, 0, 0
14080, 302989455, 0, 0
15028, 114440033, 0, 0
16047, 422151725, 0, 0
17063, 187223593, 0, 0
18028, 469010549, 0, 0
19039, 557158570, 0, 0
20046, 244445597, 0, 0
21039, 534152042, 0, 0
22034, 530692700, 0, 0
23053, 507614080, 0, 0
24053, 554402790, 0, 0
25041, 518191675, 0, 0
26029, 104527646, 0, 0
27027, 179786515, 0, 0
28015, 448046386, 0, 0
29046, 537145193, 0, 0
30009, 527457681, 0, 0
31024, 259598218, 0, 0
32003, 490570027, 0, 0
33062, 484225144, 0, 0
34041, 246121046, 0, 0
35045, 490404979, 0, 0
36017, 477867242, 0, 0
37076, 476771525, 0, 0
38002, 530800702, 0, 0
39070, 532700745, 0, 0
40013, 479556228, 0, 0
41006, 248115121, 0, 0
42015, 539074800, 0, 0
43046, 525826653, 0, 0
44071, 513054363, 0, 0
45036, 130197225, 0, 0
46000, 245420545, 0, 0
47001, 477291791, 0, 0
48038, 294798718, 0, 0
49010, 420341299, 0, 0
50000, 252184016, 0, 0
51009, 571611782, 0, 0
52031, 531753749, 0, 0
53072, 564703210, 0, 0
54030, 521591481, 0, 0
55054, 567060205, 0, 0
56025, 505294223, 0, 0
57030, 299001024, 0, 0
58049, 431804928, 0, 0
59011, 540697790, 0, 0
60031, 522220339, 0, 0
61060, 522198322, 0, 0
62026, 163470717, 0, 0
63038, 554197152, 0, 0
64058, 460979242, 0, 0
65059, 476333524, 0, 0
66020, 530255790, 0, 0
67020, 487494440, 0, 0
68014, 180725194, 0, 0
69040, 477499047, 0, 0
70061, 245604397, 0, 0
71055, 500069604, 0, 0
72095, 444245171, 0, 0
73059, 520443285, 0, 0
74022, 567517742, 0, 0
75028, 259151657, 0, 0
76027, 250863313, 0, 0
77008, 505619530, 0, 0
78060, 255146746, 0, 0
79035, 161142275, 0, 0
80021, 161771931, 0, 0
81048, 543094968, 0, 0
82021, 487822881, 0, 0
83022, 510905875, 0, 0
84005, 282665235, 0, 0
85005, 459941145, 0, 0
86042, 473332251, 0, 0
87081, 469515068, 0, 0
88046, 597162511, 0, 0
89003, 543705551, 0, 0
90036, 498946354, 0, 0
91070, 513423526, 0, 0
92000, 558662080, 0, 0
93027, 524850476, 0, 0
94008, 173464587, 0, 0
95017, 517507301, 0, 0
96000, 528238376, 0, 0
97046, 254396239, 0, 0
98042, 239785308, 0, 0
99014, 228206417, 0, 0
100038, 542261109, 0, 0
101019, 242000439, 0, 0
102041, 577015099, 0, 0
103063, 503955811, 0, 0
104044, 509946246, 0, 0
105039, 523195446, 0, 0
106017, 498908101, 0, 0
107007, 472978776, 0, 0
108019, 503027569, 0, 0
109034, 542584130, 0, 0
110067, 252984575, 0, 0
111035, 233570225, 0, 0
112045, 514851781, 0, 0
113070, 521438536, 0, 0
114036, 237209562, 0, 0
115051, 248585299, 0, 0
116045, 125546124, 0, 0
117019, 252501030, 0, 0
118028, 465583837, 0, 0
119058, 514394838, 0, 0
120055, 504895463, 0, 0
121015, 147140900, 0, 0
122037, 553590230, 0, 0
123048, 248277801, 0, 0
124059, 161696228, 0, 0
125039, 486321973, 0, 0
126012, 523085891, 0, 0
127052, 481767721, 0, 0
128019, 515730127, 0, 0
129019, 478739009, 0, 0
130002, 499613766, 0, 0
131026, 509625056, 0, 0
132040, 527363882, 0, 0
133031, 488024682, 0, 0
134024, 540855552, 0, 0
135012, 237652807, 0, 0
136066, 247228136, 0, 0
137006, 502616127, 0, 0
138043, 523865857, 0, 0
139041, 250968556, 0, 0
140018, 153374074, 0, 0
141002, 444150055, 0, 0
142017, 487541409, 0, 0
143049, 149338129, 0, 0
144013, 150362224, 0, 0
145032, 428912514, 0, 0
146068, 249649888, 0, 0
147059, 235698782, 0, 0
148006, 484797316, 0, 0
149029, 473045846, 0, 0
150037, 480917573, 0, 0
151063, 436223756, 0, 0
152026, 513195968, 0, 0
153039, 520022859, 0, 0
154044, 490745279, 0, 0
155039, 466639924, 0, 0
156033, 470034978, 0, 0
157050, 465781404, 0, 0
158051, 468744634, 0, 0
159045, 468155755, 0, 0
160003, 470175662, 0, 0
161038, 458332226, 0, 0
162042, 520542927, 0, 0
163048, 497194422, 0, 0
164018, 485350805, 0, 0
165086, 521943027, 0, 0
166052, 530653913, 0, 0
167065, 479432550, 0, 0
168025, 131834473, 0, 0
169024, 418721708, 0, 0
170031, 492902471, 0, 0
171017, 564583441, 0, 0
172074, 495608137, 0, 0
173047, 524330770, 0, 0
174025, 484323710, 0, 0
175028, 498979710, 0, 0
176015, 153892366, 0, 0
177034, 511275866, 0, 0
178051, 512036792, 0, 0
179055, 443919095, 0, 0
180069, 533191023, 0, 0
181051, 539535104, 0, 0
182032, 488932343, 0, 0
183067, 499234838, 0, 0
184059, 457848149, 0, 0
185033, 502458739, 0, 0
186041, 238891648, 0, 0
187031, 529308953, 0, 0
188035, 476047785, 0, 0
189054, 238530264, 0, 0
190001, 490638960, 0, 0
191066, 464573363, 0, 0
192000, 173821158, 0, 0
193023, 468399837, 0, 0
194066, 487512699, 0, 0
195064, 493058560, 0, 0
196061, 517062052, 0, 0
197057, 525083078, 0, 0
198054, 524245520, 0, 0
199045, 491422722, 0, 0
200034, 487085117, 0, 0
201110, 269761906, 0, 0
202055, 506184888, 0, 0
203058, 510231162, 0, 0
204043, 253040407, 0, 0
205062, 462544932, 0, 0
206053, 493534236, 0, 0
207073, 483731775, 0, 0
208003, 514502602, 0, 0
209042, 464567247, 0, 0
210055, 469904371, 0, 0
211058, 506446285, 0, 0
212060, 492668770, 0, 0
213094, 447342904, 0, 0
214051, 554935078, 0, 0
215064, 452966210, 0, 0
216022, 459475239, 0, 0
217046, 468157336, 0, 0
218054, 474250116, 0, 0
219064, 487800633, 0, 0
220000, 530078984, 0, 0
221048, 483582125, 0, 0
222037, 497447943, 0, 0
223005, 230463115, 0, 0
224008, 469038097, 0, 0
225011, 462916031, 0, 0
226032, 233119517, 0, 0
227053, 460881477, 0, 0
228053, 497492446, 0, 0
229028, 481732795, 0, 0
230038, 438404073, 0, 0
231005, 484760776, 0, 0
232017, 470012428, 0, 0
233031, 517326813, 0, 0
234042, 499010280, 0, 0
235049, 508968532, 0, 0
236006, 503288283, 0, 0
237006, 510034141, 0, 0
238048, 237732361, 0, 0
239036, 456928894, 0, 0
240045, 488558810, 0, 0
241065, 501046738, 0, 0
242045, 493597971, 0, 0
243048, 508448094, 0, 0
244042, 479648918, 0, 0
245048, 468708225, 0, 0
246009, 489458626, 0, 0
247004, 499479958, 0, 0
248052, 483982165, 0, 0
249052, 235314905, 0, 0
250007, 499755083, 0, 0
251050, 449635569, 0, 0
252039, 444109289, 0, 0
253016, 499065991, 0, 0
254002, 528283660, 0, 0
255030, 489971531, 0, 0
256006, 460156701, 0, 0
257004, 505501601, 0, 0
258019, 462684316, 0, 0
259000, 475544354, 0, 0
260001, 499970378, 0, 0
261062, 485618911, 0, 0
262065, 215881027, 0, 0
263045, 473928162, 0, 0
264011, 227010841, 0, 0
265010, 453098319, 0, 0
266020, 479900637, 0, 0
267066, 503823665, 0, 0
268055, 542687583, 0, 0
269053, 516387530, 0, 0
270044, 484685763, 0, 0
271081, 471268385, 0, 0
272015, 498686939, 0, 0
273071, 482622646, 0, 0
274042, 456901227, 0, 0
275018, 239068224, 0, 0
276058, 455613008, 0, 0
277038, 496262249, 0, 0
278008, 487145732, 0, 0
279014, 446741489, 0, 0
280039, 500776530, 0, 0
281072, 506374228, 0, 0
282012, 511228825, 0, 0
283022, 471893475, 0, 0
284036, 466095141, 0, 0
285038, 483264096, 0, 0
286061, 492163214, 0, 0
287063, 495151177, 0, 0
288034, 247598723, 0, 0
289002, 366029708, 0, 0
290022, 461650010, 0, 0
291003, 464621215, 0, 0
292021, 233912702, 0, 0
293064, 492402597, 0, 0
294001, 496531847, 0, 0
295002, 498866987, 0, 0
296025, 517113584, 0, 0
297041, 452466820, 0, 0
298025, 504045912, 0, 0
299052, 495341765, 0, 0
300011, 495563564, 0, 0
301023, 475973294, 0, 0
302039, 468557290, 0, 0
303018, 226622140, 0, 0
304020, 493393083, 0, 0
305022, 478270788, 0, 0
306031, 485371921, 0, 0
307029, 467432594, 0, 0
308044, 432238589, 0, 0
309013, 533937070, 0, 0
310049, 439781647, 0, 0
311015, 467334145, 0, 0
312052, 495691821, 0, 0
313058, 426312347, 0, 0
314036, 468248438, 0, 0
315048, 500838542, 0, 0
316055, 487870882, 0, 0
317032, 499118587, 0, 0
318011, 451645040, 0, 0
319019, 501179710, 0, 0
320007, 479142826, 0, 0
321030, 496181887, 0, 0
322039, 500511126, 0, 0
323009, 494706217, 0, 0
324044, 514917137, 0, 0
325002, 487816009, 0, 0
326005, 511161979, 0, 0
327045, 490276281, 0, 0
328050, 464144762, 0, 0
329031, 461872269, 0, 0
330027, 459710909, 0, 0
331072, 452435366, 0, 0
332029, 502795220, 0, 0
333053, 511006289, 0, 0
334045, 474453968, 0, 0
335054, 510309360, 0, 0
336052, 519422955, 0, 0
337031, 456206573, 0, 0
338068, 462690700, 0, 0
339067, 483374425, 0, 0
340068, 489343668, 0, 0
341053, 481835959, 0, 0
342007, 504946928, 0, 0
343043, 470111013, 0, 0
344042, 494731330, 0, 0
345019, 485540053, 0, 0
346007, 459105718, 0, 0
347012, 439418771, 0, 0
348038, 426984815, 0, 0
349024, 467663960, 0, 0
350055, 479938110, 0, 0
351006, 500689050, 0, 0
352007, 495930877, 0, 0
353064, 499337373, 0, 0
354018, 453293310, 0, 0
355019, 467437159, 0, 0
356049, 432791777, 0, 0
357038, 422110880, 0, 0
358025, 491993132, 0, 0
359062, 468648296, 0, 0
360014, 477166280, 0, 0
361074, 485405703, 0, 0
362021, 529991075, 0, 0
363008, 461335774, 0, 0
364034, 451035890, 0, 0
365030, 468691349, 0, 0
366027, 452784071, 0, 0
367057, 431850274, 0, 0
368059, 479360954, 0, 0
369030, 526812628, 0, 0
370020, 535279809, 0, 0
371046, 464956187, 0, 0
372010, 474675217, 0, 0
373053, 491462285, 0, 0
374002, 475035521, 0, 0
375037, 515429534, 0, 0
376080, 505381062, 0, 0
377019, 484129116, 0, 0
378001, 455571538, 0, 0
379024, 470721789, 0, 0
380049, 468438267, 0, 0
381003, 470361530, 0, 0
382031, 506517536, 0, 0
383017, 475597297, 0, 0
384028, 494838851, 0, 0
385073, 493548820, 0, 0
386033, 518015622, 0, 0
387057, 495345662, 0, 0
388023, 492683450, 0, 0
389026, 482655901, 0, 0
390074, 437070777, 0, 0
391000, 472227729, 0, 0
392019, 462646099, 0, 0
393012, 495640393, 0, 0
394029, 486643913, 0, 0
395037, 442177633, 0, 0
396001, 460187866, 0, 0
397056, 505327982, 0, 0
398048, 464671466, 0, 0
399033, 476805800, 0, 0
400066, 442700940, 0, 0
401018, 512951917, 0, 0
402031, 495563507, 0, 0
403061, 473736896, 0, 0
404026, 421471712, 0, 0
405017, 486904428, 0, 0
406070, 474010293, 0, 0
407055, 476276515, 0, 0
408032, 456101803, 0, 0
409065, 422536772, 0, 0
410061, 424364590, 0, 0
411065, 466128120, 0, 0
412066, 465098080, 0, 0
413058, 472293042, 0, 0
414062, 474436453, 0, 0
415059, 476513485, 0, 0
416056, 473258472, 0, 0
417045, 462191780, 0, 0
418024, 471262626, 0, 0
419091, 469855580, 0, 0
420004, 391263503, 0, 0
421022, 446412466, 0, 0
422014, 481207188, 0, 0
423076, 505826768, 0, 0
424056, 465787911, 0, 0
425003, 472030717, 0, 0
426031, 464135612, 0, 0
427027, 466548162, 0, 0
428045, 468197177, 0, 0
429004, 481564443, 0, 0
430082, 403474253, 0, 0
431057, 467399451, 0, 0
432025, 482880939, 0, 0
433003, 442915738, 0, 0
434062, 485119945, 0, 0
435035, 472591334, 0, 0
436049, 467380327, 0, 0
437035, 438103541, 0, 0
438010, 436520404, 0, 0
439046, 467688300, 0, 0
440038, 481268111, 0, 0
441035, 502977441, 0, 0
442012, 470330807, 0, 0
443009, 435404412, 0, 0
444055, 457029510, 0, 0
445044, 459077089, 0, 0
446051, 471257597, 0, 0
447061, 458778727, 0, 0
448038, 471636684, 0, 0
449043, 443318355, 0, 0
450025, 434427767, 0, 0
451039, 477701517, 0, 0
452022, 469073490, 0, 0
453021, 457190647, 0, 0
454030, 447876556, 0, 0
455036, 503731541, 0, 0
456024, 427994536, 0, 0
457013, 452865245, 0, 0
458014, 484469105, 0, 0
459022, 484849258, 0, 0
460035, 452829175, 0, 0
461021, 487742099, 0, 0
462024, 436969145, 0, 0
463060, 415529266, 0, 0
464057, 454053493, 0, 0
465000, 475476426, 0, 0
466016, 493213517, 0, 0
467037, 435655330, 0, 0
468039, 463926761, 0, 0
469016, 437837793, 0, 0
470014, 470795819, 0, 0
471018, 462676230, 0, 0
472037, 482318295, 0, 0
473057, 468336609, 0, 0
474033, 470449865, 0, 0
475032, 506901036, 0, 0
476067, 460035689, 0, 0
477022, 475529354, 0, 0
478012, 480362963, 0, 0
479030, 465551456, 0, 0
480044, 481576954, 0, 0
481025, 470675909, 0, 0
482025, 471831284, 0, 0
483030, 476420624, 0, 0
484062, 472568713, 0, 0
485046, 463558119, 0, 0
486021, 452885878, 0, 0
487067, 453582545, 0, 0
488059, 451452728, 0, 0
489045, 443628455, 0, 0
490000, 472250881, 0, 0
491091, 451577650, 0, 0
492070, 472928981, 0, 0
493031, 410822446, 0, 0
494037, 466741879, 0, 0
495073, 509074995, 0, 0
496046, 481301718, 0, 0
497025, 465353190, 0, 0
498052, 434608776, 0, 0
499019, 428724768, 0, 0
500010, 467389286, 0, 0
501008, 496837318, 0, 0
502015, 494444239, 0, 0
503073, 449286606, 0, 0
504022, 489543327, 0, 0
505006, 452505550, 0, 0
506058, 435729472, 0, 0
507031, 492339202, 0, 0
508015, 461117712, 0, 0
509040, 472889299, 0, 0
510051, 456979046, 0, 0
511050, 486495346, 0, 0
512057, 483672138, 0, 0
513032, 463395157, 0, 0
514068, 505581480, 0, 0
515042, 430056729, 0, 0
516051, 422808747, 0, 0
517040, 439618271, 0, 0
518018, 442935676, 0, 0
519004, 434423937, 0, 0
520032, 415005740, 0, 0
521015, 428102271, 0, 0
522022, 470631209, 0, 0
523017, 453568621, 0, 0
524024, 437042096, 0, 0
525037, 455372346, 0, 0
526013, 445212062, 0, 0
527008, 419463398, 0, 0
528058, 457169140, 0, 0
529008, 446993808, 0, 0
530058, 496996046, 0, 0
531054, 487238859, 0, 0
532065, 430493136, 0, 0
533015, 416956872, 0, 0
534031, 445882492, 0, 0
535020, 428427602, 0, 0
536003, 458643874, 0, 0
537048, 437245851, 0, 0
538049, 489939025, 0, 0
539031, 441998405, 0, 0
540042, 461417624, 0, 0
541007, 456288983, 0, 0
542007, 473993632, 0, 0
543049, 458466556, 0, 0
544071, 497019022, 0, 0
545020, 443120697, 0, 0
546047, 415356988, 0, 0
547004, 451839165, 0, 0
548080, 440138513, 0, 0
549008, 476477949, 0, 0
550034, 431658578, 0, 0
551018, 481195431, 0, 0
552043, 507421557, 0, 0
553032, 445600642, 0, 0
554042, 447089095, 0, 0
555047, 435844789, 0, 0
556022, 437566325, 0, 0
557036, 463354212, 0, 0
558017, 456086091, 0, 0
559045, 506398211, 0, 0
560051, 476279758, 0, 0
561009, 476040964, 0, 0
562019, 466052382, 0, 0
563021, 504834123, 0, 0
564061, 467883124, 0, 0
565032, 440757330, 0, 0
566045, 450662790, 0, 0
567040, 398185885, 0, 0
568029, 454147012, 0, 0
569090, 459458352, 0, 0
570019, 453767054, 0, 0
571051, 453872410, 0, 0
572048, 470036459, 0, 0
573040, 464387359, 0, 0
574036, 456310357, 0, 0
575032, 477548613, 0, 0
576073, 469111076, 0, 0
577006, 463629759, 0, 0
578044, 456932820, 0, 0
579022, 450544939, 0, 0
580020, 453994415, 0, 0
581061, 427516033, 0, 0
582037, 432577257, 0, 0
583017, 432222557, 0, 0
584049, 439069164, 0, 0
585067, 485120086, 0, 0
586006, 488638991, 0, 0
587023, 442614945, 0, 0
588012, 417508662, 0, 0
589040, 444419935, 0, 0
590047, 465719094, 0, 0
591056, 470787910, 0, 0
592054, 408739784, 0, 0
593015, 503111666, 0, 0
594046, 444199346, 0, 0
595013, 470687789, 0, 0
596005, 412373757, 0, 0
597060, 450893651, 0, 0
598071, 457463965, 0, 0
599027, 466742101, 0, 0
600016, 479277136, 0, 0
601000, 437636726, 0, 0
602049, 526736195, 0, 0
603033, 473831356, 0, 0
604061, 441731728, 0, 0
605052, 426420319, 0, 0
606009, 450786831, 0, 0
607063, 488354539, 0, 0
608009, 476597399, 0, 0
609061, 444565744, 0, 0
610045, 432469805, 0, 0
611053, 437022570, 0, 0
612084, 450934849, 0, 0
613054, 488661612, 0, 0
614061, 450433148, 0, 0
615048, 450114577, 0, 0
616055, 438237485, 0, 0
617000, 455949402, 0, 0
618019, 453273143, 0, 0
619004, 489619213, 0, 0
620017, 481110684, 0, 0
621054, 458932976, 0, 0
622027, 454090490, 0, 0
623006, 467034800, 0, 0
624036, 449883256, 0, 0
625027, 508724805, 0, 0
626062, 428628780, 0, 0
627031, 457534062, 0, 0
628030, 461649218, 0, 0
629057, 469573667, 0, 0
630054, 436051847, 0, 0
631050, 429022139, 0, 0
632001, 432835192, 0, 0
633063, 421822528, 0, 0
634008, 453073748, 0, 0
635000, 487044460, 0, 0
636020, 430635347, 0, 0
637020, 457437096, 0, 0
638018, 465410760, 0, 0
639023, 454044926, 0, 0
640066, 497102231, 0, 0
641007, 467491535, 0, 0
642006, 451155450, 0, 0
643015, 490171210, 0, 0
644010, 430989983, 0, 0
645039, 433166401, 0, 0
646019, 448382861, 0, 0
647034, 466987637, 0, 0
648038, 446497812, 0, 0
649038, 452321669, 0, 0
650036, 483722560, 0, 0
651006, 435374217, 0, 0
652057, 431295716, 0, 0
653029, 440639964, 0, 0
654027, 442318307, 0, 0
655001, 450316556, 0, 0
656043, 419735127, 0, 0
657062, 458293572, 0, 0
658021, 456413649, 0, 0
659069, 442072865, 0, 0
660045, 462739550, 0, 0
661003, 463205134, 0, 0
662049, 420182939, 0, 0
663022, 462375299, 0, 0
664005, 439659064, 0, 0
665018, 451669565, 0, 0
666062, 407367429, 0, 0
667045, 418177756, 0, 0
668031, 443730846, 0, 0
669067, 419466104, 0, 0
670064, 470921531, 0, 0
671015, 437794652, 0, 0
672065, 495905210, 0, 0
673014, 453986752, 0, 0
674014, 458551459, 0, 0
675050, 441811917, 0, 0
676016, 422928694, 0, 0
677032, 443845195, 0, 0
678023, 448747830, 0, 0
679026, 432109171, 0, 0
680055, 454086590, 0, 0
681037, 438949492, 0, 0
682005, 440447905, 0, 0
683008, 458660058, 0, 0
684025, 444369052, 0, 0
685014, 463124073, 0, 0
686039, 440387037, 0, 0
687004, 453421308, 0, 0
688023, 436315648, 0, 0
689014, 437819347, 0, 0
690024, 424762862, 0, 0
691017, 429761649, 0, 0
692045, 456956632, 0, 0
693009, 472185632, 0, 0
694001, 517216255, 0, 0
695032, 500324755, 0, 0
696048, 435440148, 0, 0
697042, 460591966, 0, 0
698043, 442574622, 0, 0
699029, 445334248, 0, 0
700002, 484264336, 0, 0
701058, 422143900, 0, 0
702066, 447670640, 0, 0
703078, 448587167, 0, 0
704035, 436343831, 0, 0
705032, 433631543, 0, 0
706030, 408997261, 0, 0
707057, 466760776, 0, 0
708004, 432233968, 0, 0
709059, 413447554, 0, 0
710026, 446405553, 0, 0
711031, 418760951, 0, 0
712006, 471933742, 0, 0
713063, 458222816, 0, 0
714051, 416990728, 0, 0
715055, 466782236, 0, 0
716062, 418406737, 0, 0
717029, 427108094, 0, 0
718075, 437469501, 0, 0
719000, 421638828, 0, 0
720040, 436472862, 0, 0
721026, 444835273, 0, 0
722041, 477121870, 0, 0
723037, 462026196, 0, 0
724072, 491723379, 0, 0
725039, 493226118, 0, 0
726023, 482867810, 0, 0
727038, 448631599, 0, 0
728013, 470929634, 0, 0
729053, 444592835, 0, 0
730008, 417884056, 0, 0
731021, 480684290, 0, 0
732004, 436040166, 0, 0
733006, 470968097, 0, 0
734034, 459674538, 0, 0
735035, 432401969, 0, 0
736009, 427850413, 0, 0
737063, 425427658, 0, 0
738002, 422566790, 0, 0
739047, 448753302, 0, 0
740008, 420714282, 0, 0
741031, 422297486, 0, 0
742022, 436748358, 0, 0
743019, 452630716, 0, 0
744044, 454198559, 0, 0
745004, 406626040, 0, 0
746030, 426086276, 0, 0
747024, 422775677, 0, 0
748007, 449114052, 0, 0
749009, 418721223, 0, 0
750061, 469150956, 0, 0
751054, 453361734, 0, 0
752051, 431154692, 0, 0
753035, 411475731, 0, 0
754031, 441353518, 0, 0
755021, 443799637, 0, 0
756002, 437605063, 0, 0
757031, 452553234, 0, 0
758003, 416209671, 0, 0
759038, 471220709, 0, 0
760024, 443393681, 0, 0
761036, 452836142, 0, 0
762008, 431444588, 0, 0
763049, 416458835, 0, 0
764026, 411354008, 0, 0
765019, 470210735, 0, 0
766028, 439044664, 0, 0
767019, 428846648, 0, 0
768010, 436233833, 0, 0
769000, 431721991, 0, 0
770061, 434394488, 0, 0
771016, 457018954, 0, 0
772008, 475381660, 0, 0
773015, 419411252, 0, 0
774033, 458231339, 0, 0
775053, 417617658, 0, 0
776063, 438041350, 0, 0
777022, 388332646, 0, 0
778066, 420357348, 0, 0
779012, 477484327, 0, 0
780033, 449199104, 0, 0
781045, 484546545, 0, 0
782038, 434621859, 0, 0
783014, 462789417, 0, 0
784055, 398173903, 0, 0
785050, 446339801, 0, 0
786047, 448781640, 0, 0
787058, 424731689, 0, 0
788004, 423988914, 0, 0
789052, 457042026, 0, 0
790025, 422294038, 0, 0
791057, 431560913, 0, 0
792044, 416659919, 0, 0
793062, 456550118, 0, 0
794016, 417443830, 0, 0
795065, 455440674, 0, 0
796031, 452981039, 0, 0
797025, 469613133, 0, 0
798041, 482360206, 0, 0
799054, 437228665, 0, 0
800006, 440978664, 0, 0
801070, 413757989, 0, 0
802000, 465208746, 0, 0
803062, 450461965, 0, 0
804016, 414317410, 0, 0
805051, 465750899, 0, 0
806068, 440576683, 0, 0
807022, 482557106, 0, 0
808021, 492377067, 0, 0
809055, 438906997, 0, 0
810062, 430784984, 0, 0
811060, 444798235, 0, 0
812035, 438977997, 0, 0
813019, 430887353, 0, 0
814004, 445854720, 0, 0
815054, 465086263, 0, 0
816073, 455337446, 0, 0
817031, 425657165, 0, 0
818030, 468532853, 0, 0
819072, 447280638, 0, 0
820069, 437122669, 0, 0
821052, 415140143, 0, 0
822038, 437833514, 0, 0
823045, 436351574, 0, 0
824018, 429775264, 0, 0
825013, 465229680, 0, 0
826008, 447988040, 0, 0
827062, 412590553, 0, 0
828015, 426401515, 0, 0
829050, 425528041, 0, 0
830060, 454763419, 0, 0
831041, 417472333, 0, 0
832038, 437479569, 0, 0
833039, 446846243, 0, 0
834024, 431101523, 0, 0
835010, 445558788, 0, 0
836045, 457941441, 0, 0
837025, 428793410, 0, 0
838011, 424173117, 0, 0
839020, 444995815, 0, 0
840042, 475252781, 0, 0
841022, 451426519, 0, 0
842054, 449968844, 0, 0
843012, 481692148, 0, 0
844046, 425217755, 0, 0
845027, 413408662, 0, 0
846033, 446771506, 0, 0
847005, 429117659, 0, 0
848060, 407801312, 0, 0
849017, 444753907, 0, 0
850060, 458175831, 0, 0
851013, 425869046, 0, 0
852063, 482821261, 0, 0
853001, 457684430, 0, 0
854034, 406481931, 0, 0
855053, 424183696, 0, 0
856030, 440693525, 0, 0
857027, 538813888, 0, 0
858006, 445815236, 0, 0
859061, 449325958, 0, 0
860037, 436609554, 0, 0
861072, 433401611, 0, 0
862010, 424624461, 0, 0
863002, 483204504, 0, 0
864120, 453486590, 0, 0
865028, 489097373, 0, 0
866022, 460465571, 0, 0
867038, 438046046, 0, 0
868033, 447588521, 0, 0
869052, 458552855, 0, 0
870003, 482918442, 0, 0
871044, 459554184, 0, 0
872061, 460547150, 0, 0
873022, 441712657, 0, 0
874048, 449481583, 0, 0
875028, 431694795, 0, 0
876049, 482995351, 0, 0
877032, 439690592, 0, 0
878016, 443928983, 0, 0
879000, 434257812, 0, 0
880010, 441352642, 0, 0
881007, 451718964, 0, 0
882039, 464708602, 0, 0
883023, 426515938, 0, 0
884012, 450355684, 0, 0
885054, 438545426, 0, 0
886025, 540616842, 0, 0
887003, 469956385, 0, 0
888039, 415844039, 0, 0
889026, 432143345, 0, 0
890073, 430104734, 0, 0
891011, 472234176, 0, 0
892020, 462929171, 0, 0
893050, 439261391, 0, 0
894045, 455292110, 0, 0
895034, 443736845, 0, 0
896005, 445501643, 0, 0
897038, 452207848, 0, 0
898042, 461522101, 0, 0
899049, 470390184, 0, 0
900038, 440425123, 0, 0
901041, 413487600, 0, 0
902034, 475039916, 0, 0
903055, 436594909, 0, 0
904074, 433215221, 0, 0
905031, 476048723, 0, 0
906033, 491078076, 0, 0
907020, 469307983, 0, 0
908030, 465678298, 0, 0
909020, 424763033, 0, 0
910055, 430818293, 0, 0
911030, 443739410, 0, 0
912016, 425531802, 0, 0
913056, 476058064, 0, 0
914071, 461825305, 0, 0
915069, 451783116, 0, 0
916001, 436349984, 0, 0
917012, 436448839, 0, 0
918039, 445159428, 0, 0
919007, 439103014, 0, 0
920068, 406596616, 0, 0
921055, 427075440, 0, 0
922030, 454991220, 0, 0
923031, 449742633, 0, 0
924052, 429668945, 0, 0
925057, 430932925, 0, 0
926043, 416382199, 0, 0
927046, 436740055, 0, 0
928002, 462247341, 0, 0
929041, 449295168, 0, 0
930013, 477851723, 0, 0
931071, 433924143, 0, 0
932022, 433606995, 0, 0
933057, 431697881, 0, 0
934070, 427869668, 0, 0
935069, 437832027, 0, 0
936052, 457802295, 0, 0
937062, 481910661, 0, 0
938027, 486019597, 0, 0
939045, 431151983, 0, 0
940027, 466071502, 0, 0
941071, 515007727, 0, 0
942063, 417072174, 0, 0
943042, 443726030, 0, 0
944069, 463555346, 0, 0
945046, 458605215, 0, 0
946020, 413212808, 0, 0
947006, 441185264, 0, 0
948024, 421455684, 0, 0
949055, 429508788, 0, 0
950062, 430205018, 0, 0
951033, 474066862, 0, 0
952061, 453227901, 0, 0
953010, 447622690, 0, 0
954045, 438605623, 0, 0
955032, 474522376, 0, 0
956009, 467290462, 0, 0
957022, 436663592, 0, 0
958007, 445317523, 0, 0
959008, 379883104, 0, 0
960018, 445531875, 0, 0
961067, 460622856, 0, 0
962076, 446625573, 0, 0
963062, 424480070, 0, 0
964058, 422427445, 0, 0
965035, 433031334, 0, 0
966051, 464398964, 0, 0
967041, 431350858, 0, 0
968025, 440774359, 0, 0
969002, 432904738, 0, 0
970015, 456678739, 0, 0
971000, 492800592, 0, 0
972048, 437221816, 0, 0
973044, 444753976, 0, 0
974041, 423103317, 0, 0
975030, 447104809, 0, 0
976029, 434079630, 0, 0
977039, 418011450, 0, 0
978012, 459461601, 0, 0
979068, 478849794, 0, 0
980028, 431855348, 0, 0
981057, 434975720, 0, 0
982013, 429068344, 0, 0
983060, 452134003, 0, 0
984011, 428316493, 0, 0
985001, 475652484, 0, 0
986058, 444473566, 0, 0
987041, 451827550, 0, 0
988079, 454858816, 0, 0
989081, 435459684, 0, 0
990022, 461617705, 0, 0
991028, 478720287, 0, 0
992049, 486856736, 0, 0
993027, 452797373, 0, 0
994000, 457134901, 0, 0
995077, 411894089, 0, 0
996017, 451286363, 0, 0
997017, 461558280, 0, 0
998009, 455153671, 0, 0
999019, 447794904, 0, 0
1000030, 440886463, 0, 0
1001022, 435833671, 0, 0
1002052, 425520656, 0, 0
1003031, 412650597, 0, 0
1004027, 431535034, 0, 0
1005020, 429809568, 0, 0
1006061, 454433644, 0, 0
1007001, 453056885, 0, 0
1008054, 481369360, 0, 0
1009046, 426294792, 0, 0
1010035, 445116227, 0, 0
1011022, 395782761, 0, 0
1012030, 459468031, 0, 0
1013035, 464809095, 0, 0
1014027, 465012802, 0, 0
1015062, 411347699, 0, 0
1016022, 449651139, 0, 0
1017020, 447336101, 0, 0
1018003, 403450747, 0, 0
1019014, 431593674, 0, 0
1020043, 415657903, 0, 0
1021072, 409889058, 0, 0
1022041, 417673885, 0, 0
1023025, 446650085, 0, 0
1024053, 427677791, 0, 0
1025053, 453447995, 0, 0
1026052, 400306151, 0, 0
1027001, 422322642, 0, 0
1028005, 457894907, 0, 0
1029009, 427874565, 0, 0
1030021, 447295350, 0, 0
1031054, 438483055, 0, 0
1032043, 412313899, 0, 0
1033007, 470120248, 0, 0
1034047, 452950360, 0, 0
1035052, 440599354, 0, 0
1036064, 443994998, 0, 0
1037035, 458324170, 0, 0
1038020, 444255570, 0, 0
1039020, 472476930, 0, 0
1040041, 432492430, 0, 0
1041067, 451687551, 0, 0
1042073, 456007280, 0, 0
1043022, 458989952, 0, 0
1044031, 480191511, 0, 0
1045049, 430269138, 0, 0
1046057, 477224276, 0, 0
1047067, 431774513, 0, 0
1048027, 443816395, 0, 0
1049028, 445961691, 0, 0
1050035, 431826978, 0, 0
1051014, 445217314, 0, 0
1052066, 429971993, 0, 0
1053011, 446782201, 0, 0
1054001, 441358659, 0, 0
1055040, 416723612, 0, 0
1056033, 455004860, 0, 0
1057027, 473218300, 0, 0
1058020, 439599289, 0, 0
1059029, 448406608, 0, 0
1060064, 516465973, 0, 0
1061036, 397381217, 0, 0
1062048, 406296875, 0, 0
1063003, 449501062, 0, 0
1064030, 455055743, 0, 0
1065042, 436650264, 0, 0
1066044, 428501899, 0, 0
1067063, 401045955, 0, 0
1068072, 447744836, 0, 0
1069082, 453320584, 0, 0
1070023, 479160867, 0, 0
1071038, 459301586, 0, 0
1072002, 440920430, 0, 0
1073068, 453613704, 0, 0
1074063, 446274004, 0, 0
1075037, 457012914, 0, 0
1076042, 461620049, 0, 0
1077045, 453885769, 0, 0
1078037, 300618290, 0, 0
1079060, 295949337, 0, 0
1080060, 453639002, 0, 0
1081020, 434313330, 0, 0
1082074, 426660460, 0, 0
1083001, 474668747, 0, 0
1084007, 457455717, 0, 0
1085012, 439088151, 0, 0
1086007, 402405201, 0, 0
1087006, 400054184, 0, 0
1088030, 444095440, 0, 0
1089011, 429643186, 0, 0
1090011, 425088912, 0, 0
1091000, 425853594, 0, 0
1092017, 429257694, 0, 0
1093009, 444566480, 0, 0
1094015, 454013747, 0, 0
1095048, 426864742, 0, 0
1096026, 413226878, 0, 0
1097054, 425276297, 0, 0
1098045, 437877328, 0, 0
1099065, 429903729, 0, 0
1100005, 466433716, 0, 0
1101061, 427102555, 0, 0
1102049, 460360879, 0, 0
1103015, 430211802, 0, 0
1104025, 416347269, 0, 0
1105023, 455334441, 0, 0
1106037, 412912542, 0, 0
1107003, 448352948, 0, 0
1108029, 434568229, 0, 0
1109005, 416331982, 0, 0
1110052, 447365231, 0, 0
1111021, 455611126, 0, 0
1112022, 466303230, 0, 0
1113034, 420537862, 0, 0
1114037, 449430671, 0, 0
1115046, 387722705, 0, 0
1116000, 395377416, 0, 0
1117047, 467644411, 0, 0
1118024, 443563069, 0, 0
1119050, 438693014, 0, 0
1120014, 425493320, 0, 0
1121006, 432983947, 0, 0
1122005, 447119986, 0, 0
1123065, 475468307, 0, 0
1124032, 410110886, 0, 0
1125005, 424431536, 0, 0
1126060, 455708996, 0, 0
1127024, 444900250, 0, 0
1128010, 448378153, 0, 0
1129031, 435755452, 0, 0
1130006, 433280226, 0, 0
1131012, 469531153, 0, 0
1132073, 449567797, 0, 0
1133015, 451670476, 0, 0
1134021, 454784363, 0, 0
1135025, 433229692, 0, 0
1136070, 450770252, 0, 0
1137030, 398452066, 0, 0
1138000, 426136790, 0, 0
1139008, 426444063, 0, 0
1140017, 435136428, 0, 0
1141018, 403953619, 0, 0
1142020, 405086012, 0, 0
1143024, 430162850, 0, 0
1144087, 386997439, 0, 0
1145018, 456317896, 0, 0
1146053, 459718825, 0, 0
1147034, 448814046, 0, 0
1148049, 440692952, 0, 0
1149034, 447772251, 0, 0
1150021, 453673091, 0, 0
1151044, 431337070, 0, 0
1152017, 434354472, 0, 0
1153014, 435040123, 0, 0
1154057, 395275311, 0, 0
1155048, 467363440, 0, 0
1156058, 404697754, 0, 0
1157068, 398917455, 0, 0
1158026, 428727590, 0, 0
1159031, 436688784, 0, 0
1160006, 424296056, 0, 0
1161043, 422407422, 0, 0
1162039, 403221280, 0, 0
1163001, 447459104, 0, 0
1164025, 439283239, 0, 0
1165013, 435460690, 0, 0
1166060, 417629638, 0, 0
1167048, 415919042, 0, 0
1168007, 460921491, 0, 0
1169059, 415415675, 0, 0
1170060, 446118795, 0, 0
1171052, 446282615, 0, 0
1172025, 415110888, 0, 0
1173000, 410456596, 0, 0
1174016, 438895876, 0, 0
1175048, 447429711, 0, 0
1176019, 404989871, 0, 0
1177052, 401357481, 0, 0
1178026, 420748034, 0, 0
1179022, 453821183, 0, 0
1180040, 432885310, 0, 0
1181051, 486983150, 0, 0
1182005, 430190488, 0, 0
1183036, 355821839, 0, 0
1184034, 405015192, 0, 0
1185040, 407508408, 0, 0
1186025, 399406901, 0, 0
1187004, 416427442, 0, 0
1188051, 396739035, 0, 0
1189056, 417376257, 0, 0
1190022, 472433914, 0, 0
1191037, 438993279, 0, 0
1192081, 472980873, 0, 0
1193041, 414885442, 0, 0
1194026, 440274856, 0, 0
1195005, 418908842, 0, 0
1196039, 425831697, 0, 0
1197055, 392460046, 0, 0
1198019, 397626998, 0, 0
1199014, 416968263, 0, 0
1200012, 445260392, 0, 0
1200192, 438331173, 0, 0
