999, 11, 0, 0
2000, 246, 0, 0
3000, 112, 0, 0
3999, 359, 0, 0
4999, 120, 0, 0
6000, 257, 0, 0
6999, 247, 0, 0
7999, 130, 0, 0
8999, 126, 0, 0
10000, 240, 0, 0
10999, 119, 0, 0
11999, 382, 0, 0
13000, 259, 0, 0
13999, 768, 0, 0
14999, 254, 0, 0
16000, 111, 0, 0
16999, 123, 0, 0
17999, 383, 0, 0
19000, 626, 0, 0
19999, 263, 0, 0
20999, 111, 0, 0
22000, 238, 0, 0
23000, 367, 0, 0
23999, 119, 0, 0
25000, 129, 0, 0
26000, 254, 0, 0
26999, 370, 0, 0
27999, 125, 0, 0
29000, 370, 0, 0
29999, 117, 0, 0
30999, 108, 0, 0
32000, 126, 0, 0
32999, 120, 0, 0
33999, 116, 0, 0
35000, 364, 0, 0
35999, 134, 0, 0
36999, 135, 0, 0
38000, 131, 0, 0
38999, 386, 0, 0
39999, 251, 0, 0
41000, 112, 0, 0
42000, 113, 0, 0
42999, 120, 0, 0
43999, 380, 0, 0
45000, 252, 0, 0
45999, 395, 0, 0
46999, 122, 0, 0
48000, 115, 0, 0
49000, 270, 0, 0
49999, 114, 0, 0
51000, 376, 0, 0
51999, 244, 0, 0
52999, 119, 0, 0
54000, 248, 0, 0
55000, 111, 0, 0
55999, 132, 0, 0
56999, 379, 0, 0
57999, 129, 0, 0
58999, 120, 0, 0
59999, 373, 0, 0
61000, 259, 0, 0
61999, 250, 0, 0
62999, 132, 0, 0
64000, 121, 0, 0
65000, 124, 0, 0
65999, 519, 0, 0
66999, 399, 0, 0
68000, 124, 0, 0
68999, 110, 0, 0
69999, 256, 0, 0
71000, 120, 0, 0
71999, 122, 0, 0
72999, 133, 0, 0
74000, 120, 0, 0
74999, 129, 0, 0
75999, 257, 0, 0
77000, 115, 0, 0
78000, 112, 0, 0
78999, 394, 0, 0
80000, 123, 0, 0
81000, 116, 0, 0
81999, 260, 0, 0
83000, 117, 0, 0
83999, 127, 0, 0
84999, 116, 0, 0
86000, 121, 0, 0
87000, 130, 0, 0
87999, 255, 0, 0
88999, 126, 0, 0
90000, 116, 0, 0
90999, 251, 0, 0
91999, 118, 0, 0
93000, 128, 0, 0
94000, 263, 0, 0
94999, 656, 0, 0
95999, 118, 0, 0
97000, 129, 0, 0
97999, 125, 0, 0
98999, 543, 0, 0
100000, 126, 0, 0
101000, 111, 0, 0
101999, 121, 0, 0
103000, 130, 0, 0
104000, 117, 0, 0
104999, 119, 0, 0
105999, 130, 0, 0
107000, 122, 0, 0
107999, 246, 0, 0
108999, 121, 0, 0
110000, 131, 0, 0
110999, 117, 0, 0
111999, 407, 0, 0
113000, 255, 0, 0
113999, 126, 0, 0
114999, 133, 0, 0
116000, 120, 0, 0
116999, 122, 0, 0
117999, 118, 0, 0
119000, 104, 0, 0
120000, 137, 0, 0
120999, 124, 0, 0
122000, 126, 0, 0
123000, 258, 0, 0
123999, 114, 0, 0
124999, 127, 0, 0
126000, 265, 0, 0
126999, 127, 0, 0
127999, 137, 0, 0
129000, 125, 0, 0
129999, 123, 0, 0
130999, 136, 0, 0
132000, 113, 0, 0
132999, 124, 0, 0
133999, 261, 0, 0
134999, 116, 0, 0
136000, 122, 0, 0
136999, 120, 0, 0
137999, 122, 0, 0
139000, 263, 0, 0
139999, 127, 0, 0
140999, 256, 0, 0
142000, 119, 0, 0
142999, 126, 0, 0
143999, 125, 0, 0
145000, 133, 0, 0
146000, 140, 0, 0
146999, 120, 0, 0
147999, 144, 0, 0
149000, 265, 0, 0
149999, 119, 0, 0
150999, 134, 0, 0
152000, 130, 0, 0
152999, 119, 0, 0
153999, 269, 0, 0
155000, 276, 0, 0
155999, 139, 0, 0
156999, 128, 0, 0
158000, 133, 0, 0
158999, 262, 0, 0
159999, 126, 0, 0
161000, 141, 0, 0
161999, 124, 0, 0
162999, 275, 0, 0
164000, 123, 0, 0
164999, 545, 0, 0
165999, 125, 0, 0
167000, 123, 0, 0
167999, 130, 0, 0
168999, 283, 0, 0
170000, 106, 0, 0
171000, 133, 0, 0
171999, 113, 0, 0
173000, 130, 0, 0
174000, 134, 0, 0
174999, 122, 0, 0
176000, 257, 0, 0
177000, 141, 0, 0
177999, 130, 0, 0
178999, 125, 0, 0
180000, 133, 0, 0
180999, 132, 0, 0
181999, 143, 0, 0
183000, 132, 0, 0
183999, 125, 0, 0
185000, 128, 0, 0
186000, 121, 0, 0
186999, 123, 0, 0
188000, 119, 0, 0
188999, 110, 0, 0
189999, 264, 0, 0
191000, 124, 0, 0
191999, 115, 0, 0
192999, 132, 0, 0
194000, 141, 0, 0
194999, 126, 0, 0
195999, 131, 0, 0
197000, 134, 0, 0
197999, 139, 0, 0
198999, 277, 0, 0
200000, 125, 0, 0
201000, 393, 0, 0
201999, 110, 0, 0
202999, 130, 0, 0
203999, 124, 0, 0
205000, 112, 0, 0
205999, 134, 0, 0
206999, 129, 0, 0
207999, 137, 0, 0
209000, 134, 0, 0
210000, 114, 0, 0
210999, 128, 0, 0
211999, 129, 0, 0
213000, 121, 0, 0
214000, 144, 0, 0
214999, 112, 0, 0
216000, 158, 0, 0
217000, 136, 0, 0
217999, 115, 0, 0
218999, 130, 0, 0
220000, 197, 0, 0
220999, 203, 0, 0
221999, 133, 0, 0
223000, 137, 0, 0
223999, 135, 0, 0
224999, 123, 0, 0
225999, 124, 0, 0
227000, 142, 0, 0
227999, 130, 0, 0
228999, 262, 0, 0
230000, 123, 0, 0
231000, 123, 0, 0
231999, 121, 0, 0
233000, 128, 0, 0
234000, 134, 0, 0
234999, 266, 0, 0
236000, 418, 0, 0
237000, 124, 0, 0
237999, 127, 0, 0
239000, 140, 0, 0
239999, 129, 0, 0
240999, 119, 0, 0
241999, 131, 0, 0
243000, 137, 0, 0
243999, 115, 0, 0
244999, 123, 0, 0
246000, 126, 0, 0
246999, 270, 0, 0
247999, 136, 0, 0
249000, 135, 0, 0
250000, 139, 0, 0
250999, 273, 0, 0
251999, 135, 0, 0
253000, 127, 0, 0
253999, 257, 0, 0
254999, 135, 0, 0
256000, 131, 0, 0
256999, 154, 0, 0
257999, 124, 0, 0
259000, 267, 0, 0
259999, 130, 0, 0
260999, 134, 0, 0
262000, 214, 0, 0
263000, 118, 0, 0
263999, 279, 0, 0
264999, 141, 0, 0
266000, 269, 0, 0
266999, 125, 0, 0
267999, 117, 0, 0
269000, 111, 0, 0
269999, 262, 0, 0
270999, 124, 0, 0
272000, 280, 0, 0
272999, 147, 0, 0
273999, 131, 0, 0
274999, 134, 0, 0
276000, 119, 0, 0
276999, 138, 0, 0
277999, 132, 0, 0
279000, 274, 0, 0
279999, 125, 0, 0
280999, 119, 0, 0
281999, 122, 0, 0
283000, 122, 0, 0
283999, 111, 0, 0
284999, 277, 0, 0
286000, 121, 0, 0
286999, 122, 0, 0
287999, 119, 0, 0
289000, 142, 0, 0
289999, 130, 0, 0
290999, 122, 0, 0
292000, 118, 0, 0
293000, 132, 0, 0
293999, 147, 0, 0
295000, 142, 0, 0
296000, 129, 0, 0
296999, 128, 0, 0
298000, 125, 0, 0
299000, 144, 0, 0
299999, 142, 0, 0
300999, 133, 0, 0
302000, 148, 0, 0
302999, 140, 0, 0
303999, 134, 0, 0
305000, 126, 0, 0
305999, 129, 0, 0
306999, 121, 0, 0
308000, 117, 0, 0
308999, 125, 0, 0
309999, 126, 0, 0
311000, 134, 0, 0
312000, 132, 0, 0
312999, 129, 0, 0
314000, 122, 0, 0
315000, 131, 0, 0
315999, 131, 0, 0
316999, 132, 0, 0
318000, 102, 0, 0
318999, 277, 0, 0
319999, 129, 0, 0
321000, 137, 0, 0
321999, 124, 0, 0
322999, 127, 0, 0
324000, 123, 0, 0
324999, 139, 0, 0
325999, 134, 0, 0
327000, 116, 0, 0
328000, 137, 0, 0
328999, 137, 0, 0
329999, 151, 0, 0
331000, 143, 0, 0
331999, 149, 0, 0
332999, 117, 0, 0
334000, 141, 0, 0
334999, 131, 0, 0
335999, 122, 0, 0
337000, 142, 0, 0
337999, 117, 0, 0
338999, 126, 0, 0
339999, 127, 0, 0
341000, 140, 0, 0
341999, 131, 0, 0
343000, 132, 0, 0
344000, 121, 0, 0
344999, 135, 0, 0
346000, 137, 0, 0
347000, 139, 0, 0
347999, 140, 0, 0
348999, 135, 0, 0
350000, 123, 0, 0
350999, 133, 0, 0
351999, 133, 0, 0
353000, 139, 0, 0
353999, 150, 0, 0
354999, 137, 0, 0
356000, 134, 0, 0
356999, 137, 0, 0
357999, 136, 0, 0
359000, 126, 0, 0
360000, 132, 0, 0
360999, 133, 0, 0
361999, 131, 0, 0
363000, 137, 0, 0
363999, 124, 0, 0
364999, 146, 0, 0
366000, 140, 0, 0
366999, 121, 0, 0
367999, 123, 0, 0
369000, 124, 0, 0
369999, 123, 0, 0
370999, 152, 0, 0
372000, 124, 0, 0
372999, 137, 0, 0
373999, 132, 0, 0
375000, 132, 0, 0
376000, 125, 0, 0
376999, 130, 0, 0
377999, 129, 0, 0
379000, 137, 0, 0
379999, 116, 0, 0
380999, 148, 0, 0
382000, 132, 0, 0
382999, 125, 0, 0
383999, 145, 0, 0
385000, 133, 0, 0
385999, 134, 0, 0
386999, 141, 0, 0
388000, 120, 0, 0
388999, 136, 0, 0
389999, 144, 0, 0
390999, 134, 0, 0
392000, 124, 0, 0
392999, 139, 0, 0
393999, 125, 0, 0
395000, 126, 0, 0
396000, 127, 0, 0
396999, 144, 0, 0
397999, 129, 0, 0
399000, 144, 0, 0
399999, 157, 0, 0
401000, 122, 0, 0
402000, 130, 0, 0
402999, 133, 0, 0
404000, 136, 0, 0
405000, 138, 0, 0
405999, 148, 0, 0
406999, 134, 0, 0
408000, 137, 0, 0
408999, 153, 0, 0
409999, 133, 0, 0
411000, 134, 0, 0
411999, 128, 0, 0
412999, 138, 0, 0
414000, 138, 0, 0
414999, 126, 0, 0
415999, 118, 0, 0
417000, 134, 0, 0
418000, 134, 0, 0
418999, 144, 0, 0
419999, 129, 0, 0
421000, 150, 0, 0
421999, 147, 0, 0
422999, 129, 0, 0
424000, 142, 0, 0
424999, 134, 0, 0
425999, 137, 0, 0
427000, 131, 0, 0
427999, 140, 0, 0
428999, 131, 0, 0
429999, 133, 0, 0
431000, 137, 0, 0
431999, 145, 0, 0
432999, 135, 0, 0
434000, 134, 0, 0
434999, 136, 0, 0
435999, 133, 0, 0
437000, 133, 0, 0
437999, 144, 0, 0
438999, 125, 0, 0
440000, 132, 0, 0
440999, 134, 0, 0
441999, 130, 0, 0
443000, 133, 0, 0
444000, 124, 0, 0
444999, 119, 0, 0
445999, 136, 0, 0
447000, 138, 0, 0
447999, 133, 0, 0
448999, 140, 0, 0
450000, 141, 0, 0
451000, 122, 0, 0
451999, 149, 0, 0
452999, 139, 0, 0
454000, 128, 0, 0
454999, 132, 0, 0
455999, 144, 0, 0
457000, 132, 0, 0
457999, 128, 0, 0
458999, 125, 0, 0
460000, 131, 0, 0
460999, 133, 0, 0
461999, 135, 0, 0
463000, 125, 0, 0
463999, 137, 0, 0
464999, 130, 0, 0
466000, 135, 0, 0
466999, 140, 0, 0
467999, 138, 0, 0
469000, 116, 0, 0
470000, 132, 0, 0
470999, 126, 0, 0
471999, 140, 0, 0
473000, 114, 0, 0
473999, 147, 0, 0
474999, 138, 0, 0
476000, 133, 0, 0
476999, 143, 0, 0
477999, 135, 0, 0
479000, 137, 0, 0
480000, 132, 0, 0
480999, 133, 0, 0
482000, 138, 0, 0
483000, 132, 0, 0
483999, 138, 0, 0
484999, 146, 0, 0
486000, 143, 0, 0
486999, 137, 0, 0
487999, 130, 0, 0
489000, 147, 0, 0
489999, 120, 0, 0
490999, 133, 0, 0
492000, 130, 0, 0
492999, 141, 0, 0
493999, 136, 0, 0
495000, 135, 0, 0
496000, 140, 0, 0
496999, 143, 0, 0
497999, 144, 0, 0
499000, 144, 0, 0
499999, 127, 0, 0
500999, 144, 0, 0
502000, 122, 0, 0
502999, 138, 0, 0
503999, 143, 0, 0
505000, 131, 0, 0
505999, 159, 0, 0
506999, 143, 0, 0
508000, 131, 0, 0
509000, 134, 0, 0
509999, 128, 0, 0
510999, 126, 0, 0
512000, 140, 0, 0
512999, 139, 0, 0
513999, 117, 0, 0
515000, 143, 0, 0
515999, 131, 0, 0
516999, 137, 0, 0
517999, 154, 0, 0
519000, 128, 0, 0
519999, 139, 0, 0
520999, 138, 0, 0
522000, 152, 0, 0
522999, 145, 0, 0
523999, 129, 0, 0
525000, 148, 0, 0
525999, 135, 0, 0
526999, 144, 0, 0
528000, 139, 0, 0
529000, 140, 0, 0
529999, 143, 0, 0
530999, 138, 0, 0
532000, 128, 0, 0
532999, 141, 0, 0
533999, 141, 0, 0
535000, 131, 0, 0
535999, 126, 0, 0
536999, 147, 0, 0
538000, 139, 0, 0
538999, 141, 0, 0
539999, 132, 0, 0
541000, 145, 0, 0
541999, 128, 0, 0
542999, 143, 0, 0
544000, 126, 0, 0
544999, 147, 0, 0
545999, 155, 0, 0
547000, 146, 0, 0
548000, 142, 0, 0
548999, 134, 0, 0
549999, 133, 0, 0
551000, 123, 0, 0
551999, 139, 0, 0
552999, 142, 0, 0
554000, 137, 0, 0
554999, 148, 0, 0
555999, 129, 0, 0
557000, 141, 0, 0
557999, 128, 0, 0
558999, 119, 0, 0
560000, 152, 0, 0
560999, 128, 0, 0
561999, 143, 0, 0
562999, 111, 0, 0
564000, 149, 0, 0
564999, 117, 0, 0
565999, 134, 0, 0
567000, 147, 0, 0
567999, 120, 0, 0
568999, 143, 0, 0
570000, 120, 0, 0
570999, 146, 0, 0
571999, 138, 0, 0
573000, 142, 0, 0
573999, 124, 0, 0
574999, 141, 0, 0
576000, 156, 0, 0
576999, 137, 0, 0
577999, 126, 0, 0
579000, 136, 0, 0
579999, 149, 0, 0
580999, 148, 0, 0
582000, 129, 0, 0
582999, 130, 0, 0
583999, 149, 0, 0
585000, 144, 0, 0
586000, 147, 0, 0
586999, 134, 0, 0
588000, 152, 0, 0
588999, 143, 0, 0
589999, 135, 0, 0
591000, 136, 0, 0
592000, 134, 0, 0
593000, 145, 0, 0
593999, 139, 0, 0
595000, 162, 0, 0
595999, 145, 0, 0
596999, 132, 0, 0
598000, 141, 0, 0
598999, 134, 0, 0
599999, 143, 0, 0
601000, 131, 0, 0
601999, 121, 0, 0
602999, 138, 0, 0
604000, 154, 0, 0
604999, 135, 0, 0
605999, 138, 0, 0
607000, 134, 0, 0
608000, 141, 0, 0
608999, 140, 0, 0
609999, 147, 0, 0
611000, 161, 0, 0
612000, 122, 0, 0
612999, 162, 0, 0
614000, 132, 0, 0
614999, 127, 0, 0
615999, 138, 0, 0
617000, 138, 0, 0
617999, 132, 0, 0
618999, 136, 0, 0
620000, 143, 0, 0
620999, 122, 0, 0
621999, 144, 0, 0
623000, 130, 0, 0
624000, 139, 0, 0
624999, 147, 0, 0
625999, 135, 0, 0
627000, 132, 0, 0
627999, 149, 0, 0
629000, 134, 0, 0
630000, 140, 0, 0
631000, 135, 0, 0
632000, 142, 0, 0
633000, 143, 0, 0
634000, 129, 0, 0
635000, 149, 0, 0
636000, 137, 0, 0
636999, 142, 0, 0
638000, 144, 0, 0
639000, 143, 0, 0
640000, 131, 0, 0
641000, 139, 0, 0
641999, 136, 0, 0
643000, 139, 0, 0
644000, 138, 0, 0
645000, 150, 0, 0
646000, 136, 0, 0
647001, 131, 0, 0
648000, 140, 0, 0
649000, 139, 0, 0
650000, 139, 0, 0
651000, 146, 0, 0
652000, 132, 0, 0
653000, 157, 0, 0
654000, 147, 0, 0
655000, 124, 0, 0
656000, 134, 0, 0
657000, 145, 0, 0
658000, 132, 0, 0
659000, 130, 0, 0
660000, 138, 0, 0
661000, 132, 0, 0
662000, 155, 0, 0
663000, 122, 0, 0
664000, 127, 0, 0
665000, 143, 0, 0
666000, 128, 0, 0
667000, 150, 0, 0
668000, 135, 0, 0
669000, 127, 0, 0
670000, 151, 0, 0
671000, 147, 0, 0
672000, 122, 0, 0
673000, 140, 0, 0
674000, 127, 0, 0
675000, 147, 0, 0
676000, 140, 0, 0
677000, 142, 0, 0
678000, 150, 0, 0
679000, 137, 0, 0
680000, 143, 0, 0
680999, 135, 0, 0
682000, 127, 0, 0
683000, 134, 0, 0
683999, 125, 0, 0
684999, 136, 0, 0
685999, 141, 0, 0
686999, 145, 0, 0
687999, 128, 0, 0
688998, 141, 0, 0
689998, 133, 0, 0
690998, 140, 0, 0
691998, 146, 0, 0
692998, 154, 0, 0
693997, 141, 0, 0
694997, 150, 0, 0
695997, 142, 0, 0
696997, 146, 0, 0
697997, 144, 0, 0
698996, 142, 0, 0
699996, 136, 0, 0
700997, 154, 0, 0
701996, 136, 0, 0
702996, 141, 0, 0
703996, 148, 0, 0
704995, 142, 0, 0
705996, 143, 0, 0
706995, 134, 0, 0
707995, 142, 0, 0
708995, 134, 0, 0
709994, 143, 0, 0
710995, 140, 0, 0
711994, 132, 0, 0
712994, 144, 0, 0
713994, 150, 0, 0
714993, 131, 0, 0
715994, 144, 0, 0
716993, 150, 0, 0
717993, 139, 0, 0
718993, 134, 0, 0
719993, 149, 0, 0
720993, 136, 0, 0
721992, 147, 0, 0
722992, 150, 0, 0
723992, 138, 0, 0
724992, 147, 0, 0
725992, 129, 0, 0
726992, 142, 0, 0
727991, 132, 0, 0
728991, 141, 0, 0
729991, 142, 0, 0
730991, 142, 0, 0
731991, 134, 0, 0
733000, 144, 0, 0
734000, 135, 0, 0
734999, 135, 0, 0
736000, 144, 0, 0
736999, 136, 0, 0
737999, 129, 0, 0
739000, 151, 0, 0
740000, 150, 0, 0
740999, 153, 0, 0
741999, 148, 0, 0
743000, 146, 0, 0
743999, 135, 0, 0
744999, 144, 0, 0
746000, 135, 0, 0
747000, 134, 0, 0
747999, 146, 0, 0
748999, 147, 0, 0
750000, 148, 0, 0
750999, 135, 0, 0
751999, 144, 0, 0
753000, 173, 0, 0
753999, 147, 0, 0
754999, 142, 0, 0
756000, 145, 0, 0
757000, 141, 0, 0
757999, 132, 0, 0
758999, 133, 0, 0
760000, 139, 0, 0
760999, 150, 0, 0
761999, 127, 0, 0
763000, 142, 0, 0
763999, 150, 0, 0
764999, 139, 0, 0
766000, 132, 0, 0
767000, 153, 0, 0
767999, 135, 0, 0
768999, 147, 0, 0
770000, 150, 0, 0
770999, 142, 0, 0
771999, 139, 0, 0
773000, 139, 0, 0
774000, 125, 0, 0
774999, 149, 0, 0
775999, 133, 0, 0
777000, 152, 0, 0
777999, 141, 0, 0
778999, 129, 0, 0
780000, 138, 0, 0
780999, 144, 0, 0
781999, 146, 0, 0
783000, 151, 0, 0
784000, 141, 0, 0
784999, 134, 0, 0
785999, 141, 0, 0
787000, 137, 0, 0
787999, 144, 0, 0
788999, 138, 0, 0
790000, 153, 0, 0
791000, 157, 0, 0
791999, 142, 0, 0
793000, 135, 0, 0
794000, 138, 0, 0
794999, 143, 0, 0
795999, 151, 0, 0
797000, 142, 0, 0
797999, 134, 0, 0
798999, 132, 0, 0
800000, 144, 0, 0
801000, 138, 0, 0
801999, 135, 0, 0
802999, 150, 0, 0
804000, 138, 0, 0
804999, 130, 0, 0
805999, 132, 0, 0
807000, 145, 0, 0
808000, 120, 0, 0
808999, 123, 0, 0
809999, 145, 0, 0
811000, 149, 0, 0
811999, 129, 0, 0
812999, 147, 0, 0
814000, 146, 0, 0
814999, 138, 0, 0
815999, 145, 0, 0
817000, 144, 0, 0
817999, 127, 0, 0
818999, 144, 0, 0
819999, 143, 0, 0
821000, 143, 0, 0
821999, 148, 0, 0
822999, 136, 0, 0
824000, 138, 0, 0
824999, 137, 0, 0
825999, 145, 0, 0
827000, 140, 0, 0
828000, 152, 0, 0
828999, 138, 0, 0
829999, 146, 0, 0
831000, 132, 0, 0
831999, 136, 0, 0
832999, 151, 0, 0
834000, 135, 0, 0
834999, 135, 0, 0
835999, 140, 0, 0
837000, 133, 0, 0
837999, 142, 0, 0
838999, 154, 0, 0
840000, 146, 0, 0
841000, 147, 0, 0
841999, 147, 0, 0
842999, 130, 0, 0
844000, 149, 0, 0
844999, 152, 0, 0
845999, 135, 0, 0
846999, 134, 0, 0
848000, 145, 0, 0
848999, 144, 0, 0
849999, 143, 0, 0
851000, 121, 0, 0
852000, 123, 0, 0
852999, 141, 0, 0
854000, 153, 0, 0
855000, 129, 0, 0
855999, 148, 0, 0
857000, 138, 0, 0
858000, 134, 0, 0
858999, 132, 0, 0
859999, 152, 0, 0
861000, 163, 0, 0
861999, 134, 0, 0
862999, 139, 0, 0
864000, 143, 0, 0
864999, 137, 0, 0
865999, 132, 0, 0
867000, 140, 0, 0
868000, 120, 0, 0
868999, 159, 0, 0
870000, 142, 0, 0
871000, 140, 0, 0
871999, 144, 0, 0
872999, 137, 0, 0
874000, 140, 0, 0
874999, 140, 0, 0
875999, 144, 0, 0
877000, 137, 0, 0
878000, 140, 0, 0
878999, 150, 0, 0
879999, 140, 0, 0
881000, 133, 0, 0
881999, 142, 0, 0
882999, 147, 0, 0
884000, 139, 0, 0
885000, 127, 0, 0
885999, 130, 0, 0
886999, 152, 0, 0
888000, 125, 0, 0
888999, 137, 0, 0
889999, 153, 0, 0
891000, 135, 0, 0
891999, 135, 0, 0
892999, 136, 0, 0
894000, 136, 0, 0
895000, 141, 0, 0
895999, 171, 0, 0
896999, 146, 0, 0
898000, 155, 0, 0
898999, 139, 0, 0
899999, 144, 0, 0
901000, 136, 0, 0
901999, 129, 0, 0
902999, 141, 0, 0
904000, 151, 0, 0
904999, 135, 0, 0
905999, 134, 0, 0
907000, 140, 0, 0
908000, 143, 0, 0
908999, 147, 0, 0
909999, 139, 0, 0
911000, 134, 0, 0
912000, 138, 0, 0
912999, 135, 0, 0
914000, 137, 0, 0
915000, 142, 0, 0
915999, 147, 0, 0
916999, 149, 0, 0
918000, 135, 0, 0
918999, 142, 0, 0
919999, 134, 0, 0
921000, 142, 0, 0
922000, 141, 0, 0
922999, 142, 0, 0
923999, 141, 0, 0
924999, 142, 0, 0
925999, 144, 0, 0
927000, 143, 0, 0
928000, 148, 0, 0
928999, 129, 0, 0
930000, 135, 0, 0
931000, 134, 0, 0
931999, 135, 0, 0
932999, 147, 0, 0
934000, 140, 0, 0
934999, 147, 0, 0
935999, 135, 0, 0
937000, 135, 0, 0
938000, 157, 0, 0
938999, 126, 0, 0
940000, 139, 0, 0
941000, 138, 0, 0
941999, 138, 0, 0
942999, 142, 0, 0
944000, 144, 0, 0
944999, 132, 0, 0
945999, 156, 0, 0
947000, 141, 0, 0
947999, 134, 0, 0
948999, 123, 0, 0
950000, 137, 0, 0
950999, 144, 0, 0
951999, 126, 0, 0
953000, 138, 0, 0
954000, 148, 0, 0
954999, 137, 0, 0
955999, 123, 0, 0
957000, 156, 0, 0
957999, 142, 0, 0
958999, 150, 0, 0
960000, 143, 0, 0
961000, 136, 0, 0
961999, 141, 0, 0
963000, 130, 0, 0
964000, 142, 0, 0
964999, 138, 0, 0
965999, 137, 0, 0
967000, 146, 0, 0
967999, 141, 0, 0
968999, 156, 0, 0
969999, 142, 0, 0
971000, 141, 0, 0
971999, 159, 0, 0
972999, 137, 0, 0
974000, 143, 0, 0
974999, 135, 0, 0
975999, 140, 0, 0
977000, 148, 0, 0
978000, 134, 0, 0
978999, 139, 0, 0
980000, 144, 0, 0
981000, 146, 0, 0
981999, 147, 0, 0
982999, 152, 0, 0
984000, 136, 0, 0
984999, 146, 0, 0
985999, 143, 0, 0
987000, 145, 0, 0
988000, 137, 0, 0
988999, 142, 0, 0
990000, 124, 0, 0
991000, 135, 0, 0
991999, 137, 0, 0
992999, 148, 0, 0
994000, 151, 0, 0
994999, 146, 0, 0
995999, 141, 0, 0
997000, 128, 0, 0
998000, 144, 0, 0
998999, 120, 0, 0
999999, 134, 0, 0
1001000, 155, 0, 0
1001999, 131, 0, 0
1002999, 137, 0, 0
1004000, 135, 0, 0
1004999, 135, 0, 0
1005999, 126, 0, 0
1007000, 144, 0, 0
1007999, 138, 0, 0
1008999, 146, 0, 0
1010000, 148, 0, 0
1011000, 140, 0, 0
1011999, 140, 0, 0
1012999, 137, 0, 0
1014000, 141, 0, 0
1014999, 139, 0, 0
1015999, 138, 0, 0
1017000, 136, 0, 0
1017999, 139, 0, 0
1018999, 132, 0, 0
1020000, 160, 0, 0
1021000, 131, 0, 0
1021999, 150, 0, 0
1022999, 125, 0, 0
1024000, 149, 0, 0
1024999, 133, 0, 0
1025999, 142, 0, 0
1027000, 142, 0, 0
1027999, 131, 0, 0
1028999, 126, 0, 0
1030000, 141, 0, 0
1030999, 149, 0, 0
1031999, 145, 0, 0
1033000, 135, 0, 0
1034000, 135, 0, 0
1034999, 137, 0, 0
1035999, 132, 0, 0
1037000, 133, 0, 0
1037999, 159, 0, 0
1038999, 134, 0, 0
1040000, 133, 0, 0
1040999, 143, 0, 0
1041999, 141, 0, 0
1043000, 136, 0, 0
1044000, 145, 0, 0
1044999, 142, 0, 0
1045999, 142, 0, 0
1047000, 136, 0, 0
1047999, 152, 0, 0
1048999, 143, 0, 0
1050000, 149, 0, 0
1050999, 136, 0, 0
1051999, 147, 0, 0
1053000, 134, 0, 0
1054000, 134, 0, 0
1054999, 149, 0, 0
1055999, 137, 0, 0
1057000, 135, 0, 0
1057999, 142, 0, 0
1058999, 134, 0, 0
1060000, 130, 0, 0
1061000, 161, 0, 0
1061999, 151, 0, 0
1063000, 127, 0, 0
1064000, 148, 0, 0
1064999, 156, 0, 0
1065999, 209, 0, 0
1067000, 205, 0, 0
1067999, 150, 0, 0
1068999, 142, 0, 0
1070000, 147, 0, 0
1071000, 138, 0, 0
1071999, 137, 0, 0
1072999, 147, 0, 0
1074000, 139, 0, 0
1074999, 139, 0, 0
1075999, 147, 0, 0
1077000, 143, 0, 0
1077999, 149, 0, 0
1078999, 140, 0, 0
1080000, 150, 0, 0
1081000, 143, 0, 0
1081999, 140, 0, 0
1082999, 135, 0, 0
1084000, 152, 0, 0
1084999, 147, 0, 0
1085999, 142, 0, 0
1087000, 146, 0, 0
1087999, 129, 0, 0
1088999, 144, 0, 0
1090000, 142, 0, 0
1091000, 162, 0, 0
1091999, 138, 0, 0
1092999, 150, 0, 0
1094000, 151, 0, 0
1094999, 137, 0, 0
1095999, 141, 0, 0
1097000, 142, 0, 0
1097999, 154, 0, 0
1098999, 144, 0, 0
1100000, 143, 0, 0
1101000, 141, 0, 0
1101999, 130, 0, 0
1102999, 153, 0, 0
1104000, 133, 0, 0
1104999, 144, 0, 0
1105999, 138, 0, 0
1106999, 157, 0, 0
1108000, 148, 0, 0
1108999, 158, 0, 0
1109999, 132, 0, 0
1111000, 147, 0, 0
1111999, 140, 0, 0
1112999, 151, 0, 0
1114000, 155, 0, 0
1115000, 152, 0, 0
1115999, 143, 0, 0
1117000, 156, 0, 0
1117999, 140, 0, 0
1118999, 160, 0, 0
1120000, 136, 0, 0
1121000, 138, 0, 0
1121999, 147, 0, 0
1122999, 148, 0, 0
1124000, 150, 0, 0
1124999, 150, 0, 0
1125999, 141, 0, 0
1127000, 163, 0, 0
1128000, 159, 0, 0
1128999, 147, 0, 0
1129999, 135, 0, 0
1131000, 148, 0, 0
1131999, 140, 0, 0
1132999, 156, 0, 0
1134000, 132, 0, 0
1134999, 149, 0, 0
1135999, 133, 0, 0
1137000, 148, 0, 0
1138000, 147, 0, 0
1138999, 146, 0, 0
1139999, 151, 0, 0
1141000, 146, 0, 0
1142000, 145, 0, 0
1142999, 130, 0, 0
1143999, 149, 0, 0
1145000, 141, 0, 0
1145999, 128, 0, 0
1146999, 149, 0, 0
1148000, 152, 0, 0
1148999, 135, 0, 0
1149999, 139, 0, 0
1150999, 164, 0, 0
1152000, 130, 0, 0
1152999, 155, 0, 0
1153999, 151, 0, 0
1155000, 147, 0, 0
1155999, 129, 0, 0
1156999, 149, 0, 0
1158000, 148, 0, 0
1158999, 135, 0, 0
1159999, 136, 0, 0
1161000, 149, 0, 0
1161999, 159, 0, 0
1162999, 128, 0, 0
1164000, 157, 0, 0
1165000, 141, 0, 0
1165999, 143, 0, 0
1166999, 149, 0, 0
1168000, 143, 0, 0
1168999, 140, 0, 0
1169999, 141, 0, 0
1171000, 153, 0, 0
1172000, 149, 0, 0
1172999, 138, 0, 0
1173999, 148, 0, 0
1175000, 150, 0, 0
1175999, 156, 0, 0
1176999, 156, 0, 0
1178000, 162, 0, 0
1178999, 135, 0, 0
1179999, 151, 0, 0
1180999, 137, 0, 0
1182000, 139, 0, 0
1182999, 157, 0, 0
1183999, 151, 0, 0
1185000, 165, 0, 0
1185999, 144, 0, 0
1186999, 144, 0, 0
1188000, 143, 0, 0
1189000, 135, 0, 0
1189999, 141, 0, 0
1190999, 143, 0, 0
1192000, 127, 0, 0
1193000, 160, 0, 0
1193999, 152, 0, 0
1194999, 146, 0, 0
1196000, 160, 0, 0
1196999, 141, 0, 0
1197999, 148, 0, 0
1199000, 146, 0, 0
1200000, 149, 0, 0
