999, 120, 0, 0
2000, 476, 0, 0
3000, 516, 0, 0
3999, 1957, 0, 0
4999, 992, 0, 0
6000, 488, 0, 0
6999, 1009, 0, 0
7999, 476, 0, 0
8999, 452, 0, 0
10000, 1012, 0, 0
10999, 412, 0, 0
11999, 1537, 0, 0
13000, 1012, 0, 0
13999, 496, 0, 0
14999, 516, 0, 0
16000, 516, 0, 0
16999, 2014, 0, 0
17999, 524, 0, 0
19000, 464, 0, 0
19999, 484, 0, 0
20999, 500, 0, 0
22000, 488, 0, 0
23000, 540, 0, 0
23999, 512, 0, 0
25000, 480, 0, 0
26000, 496, 0, 0
26999, 1005, 0, 0
27999, 516, 0, 0
29000, 504, 0, 0
29999, 548, 0, 0
30999, 468, 0, 0
32000, 2080, 0, 0
32999, 472, 0, 0
33999, 964, 0, 0
35000, 516, 0, 0
35999, 420, 0, 0
36999, 416, 0, 0
38000, 456, 0, 0
38999, 1041, 0, 0
39999, 500, 0, 0
41000, 960, 0, 0
42000, 2580, 0, 0
42999, 444, 0, 0
43999, 524, 0, 0
45000, 1072, 0, 0
45999, 1029, 0, 0
46999, 984, 0, 0
48000, 456, 0, 0
49000, 464, 0, 0
49999, 516, 0, 0
51000, 492, 0, 0
51999, 460, 0, 0
52999, 452, 0, 0
54000, 956, 0, 0
55000, 988, 0, 0
55999, 488, 0, 0
56999, 488, 0, 0
57999, 1029, 0, 0
58999, 464, 0, 0
59999, 1557, 0, 0
61000, 464, 0, 0
61999, 464, 0, 0
62999, 1521, 0, 0
64000, 492, 0, 0
65000, 492, 0, 0
65999, 992, 0, 0
66999, 1049, 0, 0
68000, 2052, 0, 0
68999, 576, 0, 0
69999, 496, 0, 0
71000, 448, 0, 0
71999, 444, 0, 0
72999, 516, 0, 0
74000, 464, 0, 0
74999, 476, 0, 0
75999, 500, 0, 0
77000, 500, 0, 0
78000, 1048, 0, 0
78999, 468, 0, 0
80000, 476, 0, 0
81000, 948, 0, 0
81999, 436, 0, 0
83000, 1012, 0, 0
83999, 484, 0, 0
84999, 460, 0, 0
86000, 456, 0, 0
87000, 488, 0, 0
87999, 1501, 0, 0
88999, 528, 0, 0
90000, 552, 0, 0
90999, 524, 0, 0
91999, 524, 0, 0
93000, 516, 0, 0
94000, 548, 0, 0
94999, 1001, 0, 0
96000, 500, 0, 0
97000, 504, 0, 0
97999, 536, 0, 0
98999, 532, 0, 0
100000, 496, 0, 0
101000, 996, 0, 0
101999, 1641, 0, 0
103000, 496, 0, 0
104000, 520, 0, 0
104999, 484, 0, 0
105999, 500, 0, 0
107000, 536, 0, 0
107999, 492, 0, 0
108999, 536, 0, 0
110000, 1112, 0, 0
110999, 448, 0, 0
111999, 508, 0, 0
113000, 528, 0, 0
113999, 480, 0, 0
114999, 2686, 0, 0
116000, 1032, 0, 0
116999, 540, 0, 0
117999, 1025, 0, 0
119000, 1016, 0, 0
120000, 496, 0, 0
120999, 480, 0, 0
122000, 500, 0, 0
123000, 524, 0, 0
123999, 552, 0, 0
124999, 572, 0, 0
126000, 524, 0, 0
126999, 1065, 0, 0
127999, 492, 0, 0
129000, 460, 0, 0
129999, 2122, 0, 0
130999, 468, 0, 0
132000, 1000, 0, 0
132999, 520, 0, 0
133999, 476, 0, 0
135000, 508, 0, 0
136000, 1620, 0, 0
136999, 1565, 0, 0
137999, 484, 0, 0
139000, 520, 0, 0
139999, 1049, 0, 0
140999, 468, 0, 0
142000, 468, 0, 0
142999, 484, 0, 0
143999, 464, 0, 0
145000, 472, 0, 0
146000, 528, 0, 0
146999, 488, 0, 0
147999, 1117, 0, 0
149000, 512, 0, 0
149999, 440, 0, 0
150999, 536, 0, 0
152000, 504, 0, 0
152999, 1053, 0, 0
153999, 544, 0, 0
155000, 1080, 0, 0
155999, 528, 0, 0
156999, 536, 0, 0
158000, 508, 0, 0
158999, 500, 0, 0
159999, 1633, 0, 0
161000, 496, 0, 0
161999, 1049, 0, 0
162999, 1049, 0, 0
164000, 472, 0, 0
164999, 472, 0, 0
165999, 452, 0, 0
167000, 512, 0, 0
167999, 1065, 0, 0
168999, 564, 0, 0
170000, 456, 0, 0
171000, 512, 0, 0
171999, 1045, 0, 0
173000, 1032, 0, 0
174000, 532, 0, 0
174999, 488, 0, 0
176000, 504, 0, 0
177000, 1068, 0, 0
177999, 464, 0, 0
178999, 488, 0, 0
180000, 1004, 0, 0
180999, 516, 0, 0
181999, 1021, 0, 0
183000, 576, 0, 0
183999, 508, 0, 0
185000, 1112, 0, 0
186000, 532, 0, 0
186999, 536, 0, 0
188000, 504, 0, 0
188999, 500, 0, 0
189999, 484, 0, 0
191000, 496, 0, 0
191999, 552, 0, 0
192999, 500, 0, 0
194000, 516, 0, 0
194999, 1581, 0, 0
195999, 504, 0, 0
197000, 532, 0, 0
197999, 488, 0, 0
198999, 468, 0, 0
200000, 476, 0, 0
201000, 1036, 0, 0
201999, 484, 0, 0
202999, 1049, 0, 0
204000, 528, 0, 0
205000, 492, 0, 0
205999, 480, 0, 0
206999, 528, 0, 0
207999, 580, 0, 0
209000, 488, 0, 0
210000, 1592, 0, 0
210999, 460, 0, 0
211999, 548, 0, 0
213000, 536, 0, 0
214000, 528, 0, 0
214999, 548, 0, 0
216000, 460, 0, 0
217000, 504, 0, 0
217999, 1097, 0, 0
218999, 488, 0, 0
220000, 512, 0, 0
220999, 520, 0, 0
221999, 1053, 0, 0
223000, 552, 0, 0
223999, 548, 0, 0
224999, 512, 0, 0
225999, 512, 0, 0
227000, 540, 0, 0
227999, 496, 0, 0
228999, 504, 0, 0
230000, 628, 0, 0
231000, 512, 0, 0
231999, 552, 0, 0
233000, 548, 0, 0
234000, 488, 0, 0
234999, 524, 0, 0
236000, 472, 0, 0
237000, 480, 0, 0
237999, 460, 0, 0
239000, 540, 0, 0
239999, 548, 0, 0
240999, 536, 0, 0
241999, 500, 0, 0
243000, 520, 0, 0
243999, 496, 0, 0
244999, 480, 0, 0
246000, 640, 0, 0
246999, 956, 0, 0
247999, 544, 0, 0
249000, 524, 0, 0
250000, 552, 0, 0
250999, 544, 0, 0
251999, 516, 0, 0
253000, 536, 0, 0
253999, 512, 0, 0
254999, 520, 0, 0
256000, 588, 0, 0
256999, 516, 0, 0
257999, 512, 0, 0
259000, 520, 0, 0
259999, 540, 0, 0
260999, 552, 0, 0
262000, 616, 0, 0
263000, 520, 0, 0
263999, 532, 0, 0
264999, 520, 0, 0
266000, 512, 0, 0
266999, 556, 0, 0
267999, 536, 0, 0
269000, 504, 0, 0
269999, 508, 0, 0
270999, 540, 0, 0
272000, 476, 0, 0
272999, 520, 0, 0
273999, 576, 0, 0
275000, 532, 0, 0
276000, 488, 0, 0
276999, 484, 0, 0
277999, 512, 0, 0
279000, 508, 0, 0
279999, 520, 0, 0
280999, 572, 0, 0
281999, 512, 0, 0
283000, 472, 0, 0
283999, 492, 0, 0
284999, 892, 0, 0
286000, 772, 0, 0
286999, 528, 0, 0
287999, 564, 0, 0
289000, 520, 0, 0
289999, 492, 0, 0
290999, 560, 0, 0
292000, 504, 0, 0
293000, 536, 0, 0
293999, 536, 0, 0
295000, 504, 0, 0
296000, 560, 0, 0
296999, 508, 0, 0
298000, 504, 0, 0
299000, 556, 0, 0
299999, 632, 0, 0
300999, 1053, 0, 0
302000, 620, 0, 0
302999, 544, 0, 0
303999, 584, 0, 0
305000, 624, 0, 0
305999, 524, 0, 0
306999, 620, 0, 0
308000, 588, 0, 0
308999, 552, 0, 0
309999, 528, 0, 0
311000, 512, 0, 0
312000, 508, 0, 0
312999, 488, 0, 0
314000, 524, 0, 0
315000, 552, 0, 0
315999, 560, 0, 0
316999, 556, 0, 0
318000, 524, 0, 0
318999, 544, 0, 0
319999, 560, 0, 0
321000, 608, 0, 0
321999, 508, 0, 0
322999, 592, 0, 0
324000, 504, 0, 0
324999, 600, 0, 0
325999, 604, 0, 0
327000, 524, 0, 0
328000, 552, 0, 0
328999, 584, 0, 0
329999, 452, 0, 0
331000, 588, 0, 0
331999, 596, 0, 0
332999, 572, 0, 0
334000, 580, 0, 0
334999, 504, 0, 0
335999, 568, 0, 0
337000, 544, 0, 0
337999, 568, 0, 0
338999, 524, 0, 0
340000, 604, 0, 0
341000, 548, 0, 0
341999, 600, 0, 0
343000, 520, 0, 0
344000, 580, 0, 0
344999, 588, 0, 0
346000, 532, 0, 0
347000, 520, 0, 0
347999, 516, 0, 0
348999, 528, 0, 0
350000, 520, 0, 0
350999, 560, 0, 0
351999, 592, 0, 0
353000, 492, 0, 0
353999, 580, 0, 0
354999, 520, 0, 0
356000, 568, 0, 0
356999, 552, 0, 0
357999, 508, 0, 0
359000, 528, 0, 0
360000, 520, 0, 0
360999, 524, 0, 0
361999, 516, 0, 0
363000, 496, 0, 0
363999, 548, 0, 0
364999, 476, 0, 0
366000, 548, 0, 0
366999, 492, 0, 0
367999, 536, 0, 0
369000, 544, 0, 0
369999, 544, 0, 0
370999, 620, 0, 0
372000, 460, 0, 0
372999, 532, 0, 0
373999, 496, 0, 0
375000, 492, 0, 0
376000, 540, 0, 0
376999, 556, 0, 0
377999, 544, 0, 0
379000, 532, 0, 0
379999, 520, 0, 0
380999, 484, 0, 0
382000, 476, 0, 0
382999, 520, 0, 0
383999, 536, 0, 0
385000, 556, 0, 0
385999, 516, 0, 0
386999, 576, 0, 0
388000, 540, 0, 0
388999, 544, 0, 0
389999, 568, 0, 0
390999, 516, 0, 0
392000, 560, 0, 0
392999, 528, 0, 0
393999, 544, 0, 0
395000, 576, 0, 0
396000, 476, 0, 0
396999, 592, 0, 0
398000, 544, 0, 0
399000, 472, 0, 0
399999, 556, 0, 0
401000, 560, 0, 0
402000, 564, 0, 0
402999, 480, 0, 0
404000, 552, 0, 0
405000, 580, 0, 0
405999, 528, 0, 0
406999, 536, 0, 0
408000, 516, 0, 0
408999, 544, 0, 0
409999, 536, 0, 0
411000, 600, 0, 0
411999, 528, 0, 0
412999, 564, 0, 0
414000, 484, 0, 0
414999, 504, 0, 0
415999, 412, 0, 0
417000, 596, 0, 0
418000, 616, 0, 0
418999, 564, 0, 0
419999, 500, 0, 0
421000, 568, 0, 0
421999, 588, 0, 0
422999, 524, 0, 0
424000, 616, 0, 0
424999, 520, 0, 0
425999, 564, 0, 0
427000, 620, 0, 0
427999, 588, 0, 0
428999, 500, 0, 0
429999, 548, 0, 0
431000, 528, 0, 0
431999, 532, 0, 0
432999, 552, 0, 0
434000, 600, 0, 0
434999, 548, 0, 0
435999, 548, 0, 0
437000, 572, 0, 0
437999, 576, 0, 0
438999, 516, 0, 0
440000, 596, 0, 0
440999, 540, 0, 0
441999, 496, 0, 0
443000, 640, 0, 0
444000, 544, 0, 0
444999, 500, 0, 0
445999, 504, 0, 0
447000, 552, 0, 0
447999, 580, 0, 0
448999, 560, 0, 0
450000, 488, 0, 0
451000, 500, 0, 0
451999, 476, 0, 0
452999, 520, 0, 0
454000, 500, 0, 0
454999, 524, 0, 0
455999, 508, 0, 0
457000, 524, 0, 0
457999, 524, 0, 0
458999, 600, 0, 0
460000, 608, 0, 0
460999, 560, 0, 0
461999, 532, 0, 0
463000, 568, 0, 0
463999, 496, 0, 0
464999, 500, 0, 0
466000, 548, 0, 0
466999, 568, 0, 0
467999, 540, 0, 0
469000, 552, 0, 0
470000, 552, 0, 0
470999, 556, 0, 0
471999, 596, 0, 0
473000, 488, 0, 0
473999, 552, 0, 0
474999, 544, 0, 0
476000, 580, 0, 0
476999, 564, 0, 0
477999, 524, 0, 0
479000, 560, 0, 0
480000, 496, 0, 0
480999, 624, 0, 0
482000, 560, 0, 0
483000, 584, 0, 0
483999, 592, 0, 0
484999, 516, 0, 0
486000, 560, 0, 0
486999, 476, 0, 0
487999, 604, 0, 0
489000, 500, 0, 0
489999, 532, 0, 0
490999, 576, 0, 0
492000, 572, 0, 0
492999, 548, 0, 0
493999, 556, 0, 0
495000, 512, 0, 0
496000, 576, 0, 0
496999, 544, 0, 0
497999, 532, 0, 0
499000, 544, 0, 0
499999, 568, 0, 0
500999, 508, 0, 0
502000, 592, 0, 0
502999, 508, 0, 0
503999, 556, 0, 0
505000, 492, 0, 0
505999, 548, 0, 0
506999, 548, 0, 0
508000, 540, 0, 0
509000, 524, 0, 0
509999, 544, 0, 0
510999, 568, 0, 0
512000, 496, 0, 0
512999, 588, 0, 0
513999, 444, 0, 0
515000, 520, 0, 0
515999, 564, 0, 0
516999, 532, 0, 0
517999, 556, 0, 0
519000, 560, 0, 0
519999, 544, 0, 0
520999, 572, 0, 0
522000, 536, 0, 0
522999, 628, 0, 0
523999, 580, 0, 0
525000, 552, 0, 0
525999, 552, 0, 0
526999, 556, 0, 0
528000, 544, 0, 0
529000, 508, 0, 0
529999, 652, 0, 0
530999, 500, 0, 0
532000, 520, 0, 0
532999, 552, 0, 0
533999, 596, 0, 0
535000, 548, 0, 0
535999, 528, 0, 0
536999, 488, 0, 0
538000, 552, 0, 0
538999, 576, 0, 0
539999, 520, 0, 0
541000, 528, 0, 0
541999, 496, 0, 0
542999, 560, 0, 0
544000, 588, 0, 0
544999, 532, 0, 0
545999, 524, 0, 0
547000, 532, 0, 0
548000, 528, 0, 0
548999, 532, 0, 0
549999, 552, 0, 0
551000, 568, 0, 0
551999, 552, 0, 0
552999, 488, 0, 0
554000, 580, 0, 0
554999, 572, 0, 0
555999, 528, 0, 0
557000, 556, 0, 0
557999, 588, 0, 0
558999, 580, 0, 0
560000, 524, 0, 0
560999, 560, 0, 0
561999, 536, 0, 0
562999, 532, 0, 0
564000, 552, 0, 0
564999, 572, 0, 0
565999, 548, 0, 0
567000, 520, 0, 0
567999, 576, 0, 0
568999, 604, 0, 0
570000, 556, 0, 0
570999, 556, 0, 0
571999, 548, 0, 0
573000, 544, 0, 0
573999, 540, 0, 0
574999, 560, 0, 0
576000, 556, 0, 0
576999, 536, 0, 0
577999, 476, 0, 0
579000, 584, 0, 0
579999, 576, 0, 0
580999, 532, 0, 0
582000, 520, 0, 0
582999, 500, 0, 0
583999, 564, 0, 0
585000, 564, 0, 0
586000, 556, 0, 0
586999, 540, 0, 0
588000, 600, 0, 0
588999, 532, 0, 0
589999, 656, 0, 0
591000, 608, 0, 0
592000, 568, 0, 0
593000, 584, 0, 0
593999, 596, 0, 0
595000, 584, 0, 0
595999, 552, 0, 0
596999, 560, 0, 0
598000, 560, 0, 0
598999, 616, 0, 0
599999, 608, 0, 0
601000, 612, 0, 0
601999, 424, 0, 0
602999, 568, 0, 0
604000, 556, 0, 0
604999, 552, 0, 0
605999, 612, 0, 0
607000, 596, 0, 0
608000, 528, 0, 0
608999, 584, 0, 0
609999, 580, 0, 0
611000, 600, 0, 0
612000, 452, 0, 0
612999, 612, 0, 0
614000, 512, 0, 0
614999, 584, 0, 0
615999, 564, 0, 0
617000, 532, 0, 0
617999, 512, 0, 0
618999, 568, 0, 0
620000, 572, 0, 0
620999, 548, 0, 0
621999, 584, 0, 0
623000, 548, 0, 0
624000, 532, 0, 0
624999, 544, 0, 0
625999, 588, 0, 0
627000, 536, 0, 0
627999, 560, 0, 0
629000, 604, 0, 0
630000, 548, 0, 0
631000, 584, 0, 0
632000, 516, 0, 0
633000, 584, 0, 0
634000, 596, 0, 0
635000, 596, 0, 0
636000, 608, 0, 0
636999, 560, 0, 0
638000, 568, 0, 0
639000, 536, 0, 0
640000, 536, 0, 0
641000, 560, 0, 0
641999, 556, 0, 0
643000, 516, 0, 0
644000, 576, 0, 0
645000, 556, 0, 0
646000, 528, 0, 0
647001, 591, 0, 0
648000, 576, 0, 0
649000, 580, 0, 0
650000, 500, 0, 0
651000, 580, 0, 0
652000, 596, 0, 0
653000, 540, 0, 0
654000, 564, 0, 0
655000, 584, 0, 0
656000, 580, 0, 0
657000, 540, 0, 0
658000, 576, 0, 0
659000, 512, 0, 0
660000, 576, 0, 0
661000, 504, 0, 0
662000, 556, 0, 0
663000, 544, 0, 0
664000, 584, 0, 0
665000, 568, 0, 0
666000, 560, 0, 0
667000, 508, 0, 0
668000, 580, 0, 0
669000, 536, 0, 0
670000, 592, 0, 0
671000, 540, 0, 0
672000, 568, 0, 0
673000, 556, 0, 0
674000, 544, 0, 0
675000, 592, 0, 0
676000, 548, 0, 0
677000, 556, 0, 0
678000, 628, 0, 0
679000, 564, 0, 0
680000, 584, 0, 0
680999, 532, 0, 0
682000, 600, 0, 0
683000, 596, 0, 0
683999, 612, 0, 0
684999, 516, 0, 0
685999, 608, 0, 0
686999, 632, 0, 0
687999, 584, 0, 0
688998, 593, 0, 0
689998, 541, 0, 0
690998, 601, 0, 0
691998, 541, 0, 0
692998, 593, 0, 0
693997, 541, 0, 0
694997, 633, 0, 0
695997, 557, 0, 0
696997, 569, 0, 0
697997, 537, 0, 0
698996, 530, 0, 0
699996, 582, 0, 0
700997, 553, 0, 0
701996, 610, 0, 0
702996, 530, 0, 0
703996, 530, 0, 0
704995, 562, 0, 0
705996, 526, 0, 0
706995, 639, 0, 0
707995, 586, 0, 0
708995, 534, 0, 0
709994, 511, 0, 0
710995, 570, 0, 0
711994, 623, 0, 0
712994, 575, 0, 0
713994, 595, 0, 0
714993, 580, 0, 0
715994, 535, 0, 0
716993, 567, 0, 0
717993, 604, 0, 0
718993, 592, 0, 0
719993, 652, 0, 0
720993, 572, 0, 0
721992, 536, 0, 0
722992, 512, 0, 0
723992, 564, 0, 0
724992, 596, 0, 0
725992, 596, 0, 0
726992, 588, 0, 0
727991, 577, 0, 0
728991, 561, 0, 0
729991, 528, 0, 0
730991, 520, 0, 0
731991, 601, 0, 0
733000, 528, 0, 0
734000, 608, 0, 0
734999, 528, 0, 0
736000, 616, 0, 0
736999, 556, 0, 0
737999, 596, 0, 0
739000, 484, 0, 0
740000, 576, 0, 0
740999, 536, 0, 0
741999, 596, 0, 0
743000, 576, 0, 0
743999, 564, 0, 0
744999, 516, 0, 0
746000, 568, 0, 0
747000, 560, 0, 0
747999, 564, 0, 0
749000, 648, 0, 0
750000, 528, 0, 0
750999, 572, 0, 0
751999, 656, 0, 0
753000, 496, 0, 0
753999, 584, 0, 0
754999, 540, 0, 0
756000, 588, 0, 0
757000, 608, 0, 0
757999, 500, 0, 0
758999, 632, 0, 0
760000, 588, 0, 0
760999, 524, 0, 0
761999, 508, 0, 0
763000, 544, 0, 0
763999, 540, 0, 0
764999, 556, 0, 0
766000, 556, 0, 0
767000, 600, 0, 0
767999, 596, 0, 0
768999, 552, 0, 0
770000, 612, 0, 0
770999, 588, 0, 0
771999, 584, 0, 0
773000, 600, 0, 0
774000, 564, 0, 0
774999, 548, 0, 0
775999, 540, 0, 0
777000, 600, 0, 0
777999, 564, 0, 0
778999, 572, 0, 0
780000, 560, 0, 0
780999, 564, 0, 0
781999, 548, 0, 0
783000, 528, 0, 0
784000, 612, 0, 0
784999, 544, 0, 0
785999, 556, 0, 0
787000, 532, 0, 0
787999, 576, 0, 0
788999, 544, 0, 0
790000, 552, 0, 0
791000, 568, 0, 0
791999, 556, 0, 0
793000, 612, 0, 0
794000, 616, 0, 0
794999, 580, 0, 0
795999, 520, 0, 0
797000, 576, 0, 0
797999, 592, 0, 0
798999, 584, 0, 0
800000, 564, 0, 0
801000, 584, 0, 0
801999, 556, 0, 0
802999, 576, 0, 0
804000, 540, 0, 0
804999, 536, 0, 0
805999, 552, 0, 0
807000, 620, 0, 0
808000, 504, 0, 0
808999, 572, 0, 0
809999, 552, 0, 0
811000, 620, 0, 0
811999, 528, 0, 0
812999, 512, 0, 0
814000, 576, 0, 0
814999, 624, 0, 0
815999, 580, 0, 0
817000, 548, 0, 0
817999, 564, 0, 0
818999, 540, 0, 0
819999, 596, 0, 0
821000, 548, 0, 0
821999, 604, 0, 0
822999, 560, 0, 0
824000, 584, 0, 0
824999, 512, 0, 0
825999, 552, 0, 0
827000, 544, 0, 0
828000, 556, 0, 0
828999, 544, 0, 0
829999, 592, 0, 0
831000, 540, 0, 0
831999, 572, 0, 0
832999, 588, 0, 0
834000, 508, 0, 0
834999, 560, 0, 0
835999, 576, 0, 0
837000, 548, 0, 0
837999, 584, 0, 0
838999, 556, 0, 0
840000, 572, 0, 0
841000, 564, 0, 0
841999, 596, 0, 0
842999, 644, 0, 0
844000, 512, 0, 0
844999, 604, 0, 0
845999, 524, 0, 0
846999, 580, 0, 0
848000, 560, 0, 0
848999, 588, 0, 0
849999, 544, 0, 0
851000, 532, 0, 0
852000, 632, 0, 0
852999, 556, 0, 0
854000, 608, 0, 0
855000, 548, 0, 0
855999, 552, 0, 0
857000, 572, 0, 0
858000, 584, 0, 0
858999, 592, 0, 0
859999, 532, 0, 0
861000, 608, 0, 0
861999, 556, 0, 0
862999, 648, 0, 0
864000, 564, 0, 0
864999, 552, 0, 0
865999, 556, 0, 0
867000, 588, 0, 0
868000, 568, 0, 0
868999, 556, 0, 0
870000, 524, 0, 0
871000, 548, 0, 0
871999, 612, 0, 0
872999, 520, 0, 0
874000, 580, 0, 0
874999, 564, 0, 0
875999, 596, 0, 0
877000, 540, 0, 0
878000, 576, 0, 0
878999, 576, 0, 0
879999, 604, 0, 0
881000, 524, 0, 0
881999, 568, 0, 0
882999, 580, 0, 0
884000, 576, 0, 0
885000, 524, 0, 0
885999, 568, 0, 0
886999, 544, 0, 0
888000, 592, 0, 0
888999, 540, 0, 0
889999, 488, 0, 0
891000, 524, 0, 0
891999, 528, 0, 0
892999, 620, 0, 0
894000, 580, 0, 0
895000, 548, 0, 0
895999, 568, 0, 0
896999, 632, 0, 0
898000, 600, 0, 0
898999, 528, 0, 0
899999, 652, 0, 0
901000, 584, 0, 0
901999, 528, 0, 0
902999, 556, 0, 0
904000, 604, 0, 0
904999, 572, 0, 0
905999, 628, 0, 0
907000, 556, 0, 0
908000, 588, 0, 0
908999, 564, 0, 0
909999, 576, 0, 0
911000, 552, 0, 0
912000, 524, 0, 0
912999, 568, 0, 0
914000, 528, 0, 0
915000, 520, 0, 0
915999, 564, 0, 0
916999, 532, 0, 0
918000, 568, 0, 0
918999, 532, 0, 0
919999, 560, 0, 0
921000, 592, 0, 0
922000, 608, 0, 0
922999, 540, 0, 0
924000, 520, 0, 0
924999, 556, 0, 0
925999, 612, 0, 0
927000, 592, 0, 0
928000, 584, 0, 0
928999, 572, 0, 0
930000, 568, 0, 0
931000, 544, 0, 0
931999, 572, 0, 0
932999, 580, 0, 0
934000, 620, 0, 0
934999, 624, 0, 0
935999, 536, 0, 0
937000, 572, 0, 0
938000, 540, 0, 0
938999, 592, 0, 0
940000, 488, 0, 0
941000, 608, 0, 0
941999, 540, 0, 0
942999, 588, 0, 0
944000, 524, 0, 0
944999, 536, 0, 0
945999, 564, 0, 0
947000, 588, 0, 0
947999, 568, 0, 0
948999, 548, 0, 0
950000, 564, 0, 0
950999, 508, 0, 0
951999, 592, 0, 0
953000, 508, 0, 0
954000, 628, 0, 0
954999, 572, 0, 0
955999, 540, 0, 0
957000, 612, 0, 0
957999, 504, 0, 0
958999, 620, 0, 0
960000, 572, 0, 0
961000, 612, 0, 0
961999, 560, 0, 0
963000, 472, 0, 0
964000, 608, 0, 0
964999, 560, 0, 0
965999, 600, 0, 0
967000, 572, 0, 0
967999, 552, 0, 0
968999, 580, 0, 0
969999, 460, 0, 0
971000, 584, 0, 0
971999, 504, 0, 0
972999, 600, 0, 0
974000, 592, 0, 0
974999, 556, 0, 0
975999, 568, 0, 0
977000, 552, 0, 0
978000, 552, 0, 0
978999, 556, 0, 0
980000, 548, 0, 0
981000, 592, 0, 0
981999, 564, 0, 0
982999, 580, 0, 0
984000, 604, 0, 0
984999, 624, 0, 0
985999, 552, 0, 0
987000, 564, 0, 0
988000, 568, 0, 0
988999, 600, 0, 0
990000, 620, 0, 0
991000, 556, 0, 0
991999, 600, 0, 0
992999, 552, 0, 0
994000, 552, 0, 0
994999, 584, 0, 0
995999, 544, 0, 0
997000, 528, 0, 0
998000, 604, 0, 0
998999, 576, 0, 0
999999, 556, 0, 0
1001000, 616, 0, 0
1001999, 532, 0, 0
1002999, 524, 0, 0
1004000, 472, 0, 0
1004999, 528, 0, 0
1005999, 540, 0, 0
1007000, 556, 0, 0
1007999, 548, 0, 0
1008999, 504, 0, 0
1010000, 596, 0, 0
1011000, 576, 0, 0
1011999, 596, 0, 0
1012999, 584, 0, 0
1014000, 544, 0, 0
1014999, 548, 0, 0
1015999, 520, 0, 0
1017000, 612, 0, 0
1017999, 628, 0, 0
1018999, 576, 0, 0
1020000, 592, 0, 0
1021000, 544, 0, 0
1021999, 512, 0, 0
1022999, 556, 0, 0
1024000, 588, 0, 0
1024999, 580, 0, 0
1025999, 500, 0, 0
1027000, 640, 0, 0
1027999, 544, 0, 0
1028999, 628, 0, 0
1030000, 572, 0, 0
1030999, 556, 0, 0
1031999, 572, 0, 0
1033000, 552, 0, 0
1034000, 628, 0, 0
1034999, 508, 0, 0
1035999, 576, 0, 0
1037000, 496, 0, 0
1037999, 584, 0, 0
1038999, 544, 0, 0
1040000, 584, 0, 0
1040999, 600, 0, 0
1041999, 576, 0, 0
1043000, 556, 0, 0
1044000, 548, 0, 0
1044999, 532, 0, 0
1045999, 584, 0, 0
1047000, 584, 0, 0
1047999, 508, 0, 0
1048999, 644, 0, 0
1050000, 548, 0, 0
1050999, 536, 0, 0
1051999, 636, 0, 0
1053000, 500, 0, 0
1054000, 568, 0, 0
1054999, 596, 0, 0
1055999, 600, 0, 0
1057000, 576, 0, 0
1057999, 560, 0, 0
1058999, 576, 0, 0
1060000, 560, 0, 0
1061000, 648, 0, 0
1061999, 544, 0, 0
1063000, 628, 0, 0
1064000, 592, 0, 0
1064999, 620, 0, 0
1065999, 520, 0, 0
1067000, 552, 0, 0
1067999, 568, 0, 0
1068999, 580, 0, 0
1070000, 604, 0, 0
1071000, 580, 0, 0
1071999, 532, 0, 0
1072999, 636, 0, 0
1074000, 572, 0, 0
1074999, 556, 0, 0
1075999, 536, 0, 0
1077000, 580, 0, 0
1077999, 564, 0, 0
1078999, 636, 0, 0
1080000, 580, 0, 0
1081000, 540, 0, 0
1081999, 580, 0, 0
1083000, 560, 0, 0
1084000, 624, 0, 0
1084999, 516, 0, 0
1085999, 552, 0, 0
1087000, 564, 0, 0
1087999, 580, 0, 0
1088999, 544, 0, 0
1090000, 612, 0, 0
1091000, 536, 0, 0
1091999, 536, 0, 0
1092999, 576, 0, 0
1094000, 584, 0, 0
1094999, 548, 0, 0
1095999, 556, 0, 0
1097000, 588, 0, 0
1097999, 564, 0, 0
1098999, 564, 0, 0
1100000, 644, 0, 0
1101000, 528, 0, 0
1101999, 640, 0, 0
1102999, 596, 0, 0
1104000, 568, 0, 0
1104999, 552, 0, 0
1105999, 576, 0, 0
1107000, 604, 0, 0
1108000, 564, 0, 0
1108999, 644, 0, 0
1109999, 504, 0, 0
1111000, 596, 0, 0
1111999, 536, 0, 0
1112999, 624, 0, 0
1114000, 592, 0, 0
1115000, 572, 0, 0
1115999, 612, 0, 0
1117000, 516, 0, 0
1117999, 596, 0, 0
1118999, 584, 0, 0
1120000, 572, 0, 0
1121000, 540, 0, 0
1121999, 624, 0, 0
1122999, 532, 0, 0
1124000, 612, 0, 0
1124999, 556, 0, 0
1125999, 592, 0, 0
1127000, 636, 0, 0
1128000, 544, 0, 0
1128999, 528, 0, 0
1129999, 592, 0, 0
1131000, 648, 0, 0
1131999, 544, 0, 0
1132999, 596, 0, 0
1134000, 552, 0, 0
1134999, 556, 0, 0
1135999, 584, 0, 0
1137000, 552, 0, 0
1138000, 576, 0, 0
1138999, 600, 0, 0
1139999, 596, 0, 0
1141000, 556, 0, 0
1142000, 572, 0, 0
1142999, 532, 0, 0
1143999, 528, 0, 0
1145000, 552, 0, 0
1145999, 608, 0, 0
1146999, 572, 0, 0
1148000, 644, 0, 0
1148999, 532, 0, 0
1149999, 604, 0, 0
1150999, 568, 0, 0
1152000, 560, 0, 0
1152999, 556, 0, 0
1153999, 552, 0, 0
1155000, 604, 0, 0
1155999, 564, 0, 0
1156999, 528, 0, 0
1158000, 600, 0, 0
1158999, 620, 0, 0
1159999, 588, 0, 0
1161000, 572, 0, 0
1161999, 568, 0, 0
1162999, 572, 0, 0
1164000, 568, 0, 0
1165000, 544, 0, 0
1165999, 588, 0, 0
1166999, 548, 0, 0
1168000, 588, 0, 0
1168999, 552, 0, 0
1169999, 588, 0, 0
1171000, 584, 0, 0
1172000, 552, 0, 0
1172999, 564, 0, 0
1173999, 588, 0, 0
1175000, 628, 0, 0
1175999, 572, 0, 0
1176999, 572, 0, 0
1178000, 616, 0, 0
1178999, 712, 0, 0
1179999, 608, 0, 0
1180999, 596, 0, 0
1182000, 588, 0, 0
1182999, 584, 0, 0
1183999, 588, 0, 0
1185000, 612, 0, 0
1185999, 556, 0, 0
1186999, 612, 0, 0
1188000, 512, 0, 0
1189000, 620, 0, 0
1189999, 544, 0, 0
1190999, 592, 0, 0
1192000, 596, 0, 0
1193000, 620, 0, 0
1193999, 572, 0, 0
1194999, 568, 0, 0
1196000, 664, 0, 0
1196999, 556, 0, 0
1197999, 580, 0, 0
1199000, 592, 0, 0
1200000, 572, 0, 0
