2000, 484, 0, 0
3000, 1996, 0, 0
3999, 1981, 0, 0
4999, 456, 0, 0
6000, 500, 0, 0
6999, 468, 0, 0
7999, 436, 0, 0
9000, 460, 0, 0
10000, 2552, 0, 0
10999, 476, 0, 0
12000, 424, 0, 0
13000, 1508, 0, 0
13999, 480, 0, 0
14999, 3083, 0, 0
16000, 1516, 0, 0
16999, 452, 0, 0
17999, 1537, 0, 0
19000, 468, 0, 0
19999, 488, 0, 0
20999, 456, 0, 0
22000, 1844, 0, 0
23000, 928, 0, 0
23999, 644, 0, 0
25000, 516, 0, 0
26000, 460, 0, 0
26999, 508, 0, 0
28000, 664, 0, 0
29000, 820, 0, 0
29999, 464, 0, 0
30999, 516, 0, 0
32000, 492, 0, 0
32999, 504, 0, 0
33999, 788, 0, 0
35000, 744, 0, 0
35999, 540, 0, 0
36999, 924, 0, 0
38000, 556, 0, 0
38999, 484, 0, 0
39999, 516, 0, 0
41000, 432, 0, 0
42000, 704, 0, 0
42999, 808, 0, 0
44000, 1064, 0, 0
45000, 1196, 0, 0
45999, 792, 0, 0
47000, 496, 0, 0
48000, 536, 0, 0
49000, 928, 0, 0
49999, 728, 0, 0
51000, 1060, 0, 0
51999, 1645, 0, 0
52999, 848, 0, 0
54000, 580, 0, 0
55000, 508, 0, 0
55999, 948, 0, 0
57000, 924, 0, 0
57999, 576, 0, 0
58999, 476, 0, 0
59999, 520, 0, 0
61000, 436, 0, 0
61999, 452, 0, 0
62999, 468, 0, 0
64000, 496, 0, 0
65000, 500, 0, 0
65999, 508, 0, 0
67000, 1040, 0, 0
68000, 488, 0, 0
68999, 476, 0, 0
70000, 452, 0, 0
71000, 460, 0, 0
71999, 460, 0, 0
72999, 524, 0, 0
74000, 508, 0, 0
74999, 516, 0, 0
75999, 488, 0, 0
77000, 2272, 0, 0
78000, 848, 0, 0
78999, 544, 0, 0
80000, 520, 0, 0
81000, 1004, 0, 0
81999, 1925, 0, 0
83000, 712, 0, 0
83999, 528, 0, 0
84999, 500, 0, 0
86000, 556, 0, 0
87000, 744, 0, 0
87999, 1165, 0, 0
89000, 932, 0, 0
90000, 868, 0, 0
90999, 844, 0, 0
91999, 496, 0, 0
93000, 756, 0, 0
94000, 864, 0, 0
94999, 528, 0, 0
96000, 496, 0, 0
97000, 976, 0, 0
97999, 528, 0, 0
98999, 476, 0, 0
100000, 504, 0, 0
101000, 424, 0, 0
101999, 464, 0, 0
103000, 436, 0, 0
104000, 772, 0, 0
104999, 1065, 0, 0
106000, 772, 0, 0
107000, 964, 0, 0
107999, 584, 0, 0
109000, 1525, 0, 0
110000, 864, 0, 0
110999, 716, 0, 0
111999, 532, 0, 0
113000, 872, 0, 0
113999, 1009, 0, 0
114999, 700, 0, 0
116000, 504, 0, 0
116999, 636, 0, 0
117999, 888, 0, 0
119000, 1224, 0, 0
120000, 808, 0, 0
120999, 888, 0, 0
122000, 668, 0, 0
123000, 796, 0, 0
123999, 464, 0, 0
125000, 488, 0, 0
126000, 512, 0, 0
126999, 516, 0, 0
128000, 1052, 0, 0
129000, 2072, 0, 0
129999, 936, 0, 0
130999, 680, 0, 0
132000, 468, 0, 0
132999, 532, 0, 0
133999, 536, 0, 0
135000, 488, 0, 0
136000, 476, 0, 0
136999, 480, 0, 0
138000, 488, 0, 0
139000, 488, 0, 0
139999, 548, 0, 0
140999, 488, 0, 0
142000, 512, 0, 0
142999, 596, 0, 0
143999, 1993, 0, 0
145000, 560, 0, 0
146000, 484, 0, 0
146999, 472, 0, 0
148000, 512, 0, 0
149000, 480, 0, 0
149999, 500, 0, 0
151000, 508, 0, 0
152000, 560, 0, 0
152999, 464, 0, 0
153999, 468, 0, 0
155000, 468, 0, 0
155999, 480, 0, 0
156999, 528, 0, 0
158000, 1072, 0, 0
158999, 796, 0, 0
159999, 1241, 0, 0
161000, 604, 0, 0
161999, 536, 0, 0
162999, 524, 0, 0
164000, 468, 0, 0
164999, 1601, 0, 0
165999, 544, 0, 0
167000, 464, 0, 0
167999, 520, 0, 0
168999, 504, 0, 0
170000, 484, 0, 0
171000, 496, 0, 0
171999, 480, 0, 0
173000, 520, 0, 0
174000, 656, 0, 0
174999, 728, 0, 0
176000, 720, 0, 0
177000, 552, 0, 0
177999, 480, 0, 0
179000, 772, 0, 0
180000, 796, 0, 0
180999, 612, 0, 0
182000, 1652, 0, 0
183000, 784, 0, 0
183999, 1097, 0, 0
185000, 1224, 0, 0
186000, 520, 0, 0
186999, 584, 0, 0
188000, 528, 0, 0
188999, 452, 0, 0
189999, 520, 0, 0
191000, 488, 0, 0
191999, 1229, 0, 0
192999, 884, 0, 0
194000, 804, 0, 0
194999, 964, 0, 0
195999, 840, 0, 0
197000, 624, 0, 0
197999, 508, 0, 0
198999, 516, 0, 0
200000, 612, 0, 0
201000, 748, 0, 0
201999, 644, 0, 0
202999, 548, 0, 0
204000, 524, 0, 0
205000, 520, 0, 0
205999, 576, 0, 0
206999, 736, 0, 0
207999, 792, 0, 0
209000, 584, 0, 0
210000, 508, 0, 0
210999, 828, 0, 0
211999, 1209, 0, 0
213000, 628, 0, 0
214000, 704, 0, 0
214999, 760, 0, 0
216000, 528, 0, 0
217000, 484, 0, 0
217999, 508, 0, 0
219000, 520, 0, 0
220000, 544, 0, 0
220999, 572, 0, 0
221999, 476, 0, 0
223000, 504, 0, 0
223999, 512, 0, 0
224999, 568, 0, 0
226000, 816, 0, 0
227000, 748, 0, 0
227999, 496, 0, 0
228999, 548, 0, 0
230000, 1040, 0, 0
231000, 1140, 0, 0
231999, 772, 0, 0
233000, 812, 0, 0
234000, 556, 0, 0
234999, 560, 0, 0
236000, 604, 0, 0
237000, 800, 0, 0
237999, 752, 0, 0
239000, 496, 0, 0
239999, 520, 0, 0
240999, 496, 0, 0
242000, 564, 0, 0
243000, 540, 0, 0
243999, 448, 0, 0
244999, 696, 0, 0
246000, 716, 0, 0
246999, 636, 0, 0
247999, 544, 0, 0
249000, 496, 0, 0
250000, 496, 0, 0
250999, 540, 0, 0
252000, 760, 0, 0
253000, 676, 0, 0
253999, 900, 0, 0
255000, 736, 0, 0
256000, 596, 0, 0
256999, 584, 0, 0
257999, 544, 0, 0
259000, 488, 0, 0
259999, 588, 0, 0
260999, 668, 0, 0
262000, 568, 0, 0
263000, 500, 0, 0
263999, 536, 0, 0
265000, 532, 0, 0
266000, 460, 0, 0
266999, 516, 0, 0
267999, 460, 0, 0
269000, 484, 0, 0
269999, 492, 0, 0
270999, 504, 0, 0
272000, 488, 0, 0
272999, 508, 0, 0
273999, 476, 0, 0
275000, 500, 0, 0
276000, 476, 0, 0
276999, 500, 0, 0
277999, 528, 0, 0
279000, 508, 0, 0
279999, 472, 0, 0
280999, 524, 0, 0
282000, 484, 0, 0
283000, 468, 0, 0
283999, 488, 0, 0
285000, 504, 0, 0
286000, 492, 0, 0
286999, 516, 0, 0
287999, 528, 0, 0
289000, 536, 0, 0
289999, 472, 0, 0
290999, 548, 0, 0
292000, 484, 0, 0
293000, 528, 0, 0
293999, 496, 0, 0
295000, 512, 0, 0
296000, 480, 0, 0
296999, 564, 0, 0
298000, 492, 0, 0
299000, 524, 0, 0
299999, 528, 0, 0
301000, 484, 0, 0
302000, 512, 0, 0
302999, 536, 0, 0
304000, 488, 0, 0
305000, 576, 0, 0
305999, 652, 0, 0
306999, 680, 0, 0
308000, 632, 0, 0
308999, 648, 0, 0
309999, 480, 0, 0
311000, 540, 0, 0
312000, 496, 0, 0
312999, 524, 0, 0
314000, 528, 0, 0
315000, 520, 0, 0
315999, 500, 0, 0
317000, 508, 0, 0
318000, 508, 0, 0
318999, 460, 0, 0
319999, 588, 0, 0
321000, 448, 0, 0
321999, 568, 0, 0
322999, 528, 0, 0
324000, 468, 0, 0
324999, 568, 0, 0
325999, 528, 0, 0
327000, 496, 0, 0
328000, 524, 0, 0
328999, 532, 0, 0
330000, 536, 0, 0
331000, 548, 0, 0
331999, 512, 0, 0
332999, 548, 0, 0
334000, 536, 0, 0
334999, 556, 0, 0
335999, 552, 0, 0
337000, 504, 0, 0
337999, 524, 0, 0
338999, 496, 0, 0
340000, 536, 0, 0
341000, 516, 0, 0
341999, 488, 0, 0
343000, 536, 0, 0
344000, 552, 0, 0
344999, 544, 0, 0
346000, 588, 0, 0
347000, 512, 0, 0
347999, 536, 0, 0
349000, 536, 0, 0
350000, 496, 0, 0
350999, 516, 0, 0
351999, 488, 0, 0
353000, 536, 0, 0
353999, 544, 0, 0
354999, 504, 0, 0
356000, 532, 0, 0
356999, 548, 0, 0
357999, 528, 0, 0
359000, 556, 0, 0
360000, 512, 0, 0
360999, 468, 0, 0
362000, 484, 0, 0
363000, 556, 0, 0
363999, 488, 0, 0
364999, 540, 0, 0
366000, 520, 0, 0
366999, 564, 0, 0
367999, 520, 0, 0
369000, 512, 0, 0
369999, 488, 0, 0
371000, 544, 0, 0
372000, 516, 0, 0
372999, 572, 0, 0
373999, 508, 0, 0
375000, 476, 0, 0
376000, 556, 0, 0
376999, 512, 0, 0
378000, 596, 0, 0
379000, 508, 0, 0
379999, 544, 0, 0
381000, 568, 0, 0
382000, 516, 0, 0
382999, 564, 0, 0
383999, 536, 0, 0
385000, 568, 0, 0
385999, 548, 0, 0
386999, 504, 0, 0
388000, 536, 0, 0
388999, 520, 0, 0
389999, 512, 0, 0
391000, 524, 0, 0
392000, 548, 0, 0
392999, 540, 0, 0
393999, 540, 0, 0
395000, 520, 0, 0
396000, 488, 0, 0
396999, 548, 0, 0
398000, 576, 0, 0
399000, 536, 0, 0
399999, 536, 0, 0
401000, 548, 0, 0
402000, 532, 0, 0
402999, 492, 0, 0
404000, 588, 0, 0
405000, 540, 0, 0
405999, 520, 0, 0
407000, 556, 0, 0
408000, 528, 0, 0
408999, 520, 0, 0
409999, 536, 0, 0
411000, 580, 0, 0
411999, 516, 0, 0
412999, 536, 0, 0
414000, 540, 0, 0
414999, 548, 0, 0
415999, 492, 0, 0
417000, 484, 0, 0
418000, 584, 0, 0
418999, 608, 0, 0
420000, 584, 0, 0
421000, 560, 0, 0
421999, 564, 0, 0
423000, 508, 0, 0
424000, 548, 0, 0
424999, 528, 0, 0
425999, 548, 0, 0
427000, 588, 0, 0
427999, 480, 0, 0
428999, 572, 0, 0
430000, 556, 0, 0
431000, 484, 0, 0
431999, 600, 0, 0
433000, 512, 0, 0
434000, 592, 0, 0
434999, 564, 0, 0
435999, 536, 0, 0
437000, 524, 0, 0
437999, 568, 0, 0
438999, 512, 0, 0
440000, 560, 0, 0
440999, 564, 0, 0
441999, 536, 0, 0
443000, 508, 0, 0
444000, 532, 0, 0
444999, 592, 0, 0
445999, 540, 0, 0
447000, 532, 0, 0
447999, 584, 0, 0
448999, 556, 0, 0
450000, 536, 0, 0
451000, 564, 0, 0
451999, 528, 0, 0
453000, 572, 0, 0
454000, 548, 0, 0
454999, 516, 0, 0
456000, 576, 0, 0
457000, 584, 0, 0
457999, 576, 0, 0
458999, 496, 0, 0
460000, 536, 0, 0
460999, 496, 0, 0
461999, 536, 0, 0
463000, 572, 0, 0
463999, 556, 0, 0
464999, 492, 0, 0
466000, 564, 0, 0
466999, 524, 0, 0
467999, 580, 0, 0
469000, 612, 0, 0
470000, 532, 0, 0
470999, 520, 0, 0
472000, 516, 0, 0
473000, 532, 0, 0
473999, 580, 0, 0
474999, 484, 0, 0
476000, 576, 0, 0
476999, 564, 0, 0
477999, 520, 0, 0
479000, 540, 0, 0
480000, 528, 0, 0
480999, 596, 0, 0
482000, 564, 0, 0
483000, 500, 0, 0
483999, 556, 0, 0
485000, 548, 0, 0
486000, 572, 0, 0
486999, 540, 0, 0
487999, 540, 0, 0
489000, 596, 0, 0
489999, 536, 0, 0
490999, 532, 0, 0
492000, 520, 0, 0
492999, 564, 0, 0
493999, 508, 0, 0
495000, 556, 0, 0
496000, 508, 0, 0
496999, 652, 0, 0
498000, 544, 0, 0
499000, 596, 0, 0
499999, 556, 0, 0
500999, 532, 0, 0
502000, 496, 0, 0
502999, 600, 0, 0
503999, 536, 0, 0
505000, 564, 0, 0
505999, 520, 0, 0
506999, 596, 0, 0
508000, 516, 0, 0
509000, 584, 0, 0
509999, 500, 0, 0
510999, 536, 0, 0
512000, 536, 0, 0
512999, 560, 0, 0
513999, 476, 0, 0
515000, 588, 0, 0
515999, 604, 0, 0
516999, 572, 0, 0
518000, 524, 0, 0
519000, 596, 0, 0
519999, 560, 0, 0
520999, 560, 0, 0
522000, 564, 0, 0
522999, 564, 0, 0
523999, 552, 0, 0
525000, 596, 0, 0
525999, 588, 0, 0
526999, 540, 0, 0
528000, 536, 0, 0
529000, 540, 0, 0
529999, 532, 0, 0
531000, 556, 0, 0
532000, 544, 0, 0
532999, 556, 0, 0
534000, 532, 0, 0
535000, 584, 0, 0
535999, 552, 0, 0
536999, 516, 0, 0
538000, 556, 0, 0
538999, 572, 0, 0
539999, 588, 0, 0
541000, 576, 0, 0
541999, 548, 0, 0
542999, 484, 0, 0
544000, 508, 0, 0
544999, 508, 0, 0
545999, 564, 0, 0
547000, 596, 0, 0
548000, 540, 0, 0
548999, 536, 0, 0
550000, 516, 0, 0
551000, 544, 0, 0
551999, 532, 0, 0
552999, 524, 0, 0
554000, 500, 0, 0
554999, 636, 0, 0
555999, 528, 0, 0
557000, 540, 0, 0
557999, 524, 0, 0
558999, 540, 0, 0
560000, 568, 0, 0
560999, 560, 0, 0
561999, 504, 0, 0
563000, 496, 0, 0
564000, 540, 0, 0
564999, 508, 0, 0
566000, 640, 0, 0
567000, 572, 0, 0
567999, 544, 0, 0
569000, 512, 0, 0
570000, 536, 0, 0
570999, 564, 0, 0
572000, 544, 0, 0
573000, 588, 0, 0
573999, 476, 0, 0
575000, 596, 0, 0
576000, 556, 0, 0
576999, 572, 0, 0
578000, 520, 0, 0
579000, 564, 0, 0
579999, 564, 0, 0
580999, 532, 0, 0
582000, 560, 0, 0
582999, 612, 0, 0
583999, 520, 0, 0
585000, 564, 0, 0
586000, 548, 0, 0
586999, 552, 0, 0
588000, 564, 0, 0
588999, 528, 0, 0
589999, 508, 0, 0
591000, 524, 0, 0
592000, 540, 0, 0
593000, 548, 0, 0
594000, 560, 0, 0
595000, 580, 0, 0
595999, 564, 0, 0
596999, 576, 0, 0
598000, 528, 0, 0
598999, 552, 0, 0
599999, 572, 0, 0
601000, 612, 0, 0
601999, 464, 0, 0
602999, 548, 0, 0
604000, 548, 0, 0
604999, 624, 0, 0
605999, 528, 0, 0
607000, 512, 0, 0
608000, 564, 0, 0
608999, 564, 0, 0
610000, 572, 0, 0
611000, 588, 0, 0
612000, 572, 0, 0
612999, 640, 0, 0
614000, 572, 0, 0
614999, 600, 0, 0
615999, 556, 0, 0
617000, 532, 0, 0
617999, 544, 0, 0
618999, 640, 0, 0
620000, 516, 0, 0
620999, 564, 0, 0
621999, 508, 0, 0
623000, 536, 0, 0
624000, 532, 0, 0
624999, 532, 0, 0
626000, 576, 0, 0
627000, 528, 0, 0
627999, 588, 0, 0
629000, 540, 0, 0
630000, 556, 0, 0
631000, 552, 0, 0
632000, 564, 0, 0
633000, 608, 0, 0
634000, 532, 0, 0
635000, 560, 0, 0
636000, 532, 0, 0
636999, 520, 0, 0
638000, 636, 0, 0
639000, 560, 0, 0
640000, 540, 0, 0
641000, 580, 0, 0
642000, 548, 0, 0
643000, 560, 0, 0
644000, 524, 0, 0
645000, 596, 0, 0
646000, 540, 0, 0
647001, 567, 0, 0
648000, 560, 0, 0
649000, 552, 0, 0
650000, 540, 0, 0
651000, 600, 0, 0
652000, 576, 0, 0
653000, 532, 0, 0
654000, 568, 0, 0
655000, 552, 0, 0
656000, 564, 0, 0
657001, 527, 0, 0
658000, 568, 0, 0
659000, 524, 0, 0
660000, 536, 0, 0
661000, 508, 0, 0
662001, 560, 0, 0
663000, 504, 0, 0
664000, 540, 0, 0
665000, 536, 0, 0
666000, 524, 0, 0
667000, 532, 0, 0
668000, 572, 0, 0
669000, 504, 0, 0
670000, 640, 0, 0
671000, 540, 0, 0
672001, 539, 0, 0
673000, 588, 0, 0
674000, 604, 0, 0
675000, 568, 0, 0
676000, 624, 0, 0
677000, 592, 0, 0
678000, 564, 0, 0
679000, 592, 0, 0
680000, 460, 0, 0
681000, 616, 0, 0
682000, 544, 0, 0
683000, 556, 0, 0
683999, 544, 0, 0
684999, 524, 0, 0
686000, 576, 0, 0
686999, 508, 0, 0
687999, 560, 0, 0
688998, 549, 0, 0
689998, 537, 0, 0
690999, 556, 0, 0
691998, 553, 0, 0
692998, 509, 0, 0
693997, 493, 0, 0
694997, 501, 0, 0
695998, 565, 0, 0
696997, 573, 0, 0
697997, 593, 0, 0
698996, 574, 0, 0
699996, 610, 0, 0
700997, 561, 0, 0
701996, 550, 0, 0
702996, 590, 0, 0
703996, 586, 0, 0
704995, 578, 0, 0
705996, 538, 0, 0
706995, 586, 0, 0
707995, 598, 0, 0
708995, 558, 0, 0
709994, 571, 0, 0
710995, 534, 0, 0
711994, 591, 0, 0
712994, 543, 0, 0
713994, 567, 0, 0
714994, 567, 0, 0
715994, 668, 0, 0
716993, 523, 0, 0
717993, 616, 0, 0
718993, 535, 0, 0
719993, 572, 0, 0
720993, 596, 0, 0
721992, 588, 0, 0
722992, 576, 0, 0
723992, 584, 0, 0
724992, 544, 0, 0
725992, 520, 0, 0
726992, 520, 0, 0
727991, 520, 0, 0
728991, 597, 0, 0
729991, 613, 0, 0
730991, 532, 0, 0
731991, 589, 0, 0
733000, 580, 0, 0
733991, 524, 0, 0
734999, 564, 0, 0
736000, 564, 0, 0
736999, 556, 0, 0
737999, 556, 0, 0
739000, 532, 0, 0
740000, 648, 0, 0
740999, 556, 0, 0
742000, 536, 0, 0
743000, 588, 0, 0
743999, 596, 0, 0
744999, 612, 0, 0
746000, 552, 0, 0
747000, 548, 0, 0
747999, 624, 0, 0
749000, 596, 0, 0
750000, 548, 0, 0
750999, 548, 0, 0
751999, 568, 0, 0
753000, 596, 0, 0
753999, 588, 0, 0
754999, 584, 0, 0
756000, 592, 0, 0
757000, 564, 0, 0
757999, 580, 0, 0
759000, 516, 0, 0
760000, 576, 0, 0
760999, 644, 0, 0
761999, 532, 0, 0
763000, 576, 0, 0
763999, 556, 0, 0
764999, 604, 0, 0
766000, 544, 0, 0
767000, 552, 0, 0
767999, 584, 0, 0
769000, 552, 0, 0
770000, 576, 0, 0
770999, 556, 0, 0
771999, 532, 0, 0
773000, 532, 0, 0
774000, 608, 0, 0
774999, 560, 0, 0
776000, 560, 0, 0
777000, 648, 0, 0
777999, 544, 0, 0
778999, 644, 0, 0
780000, 572, 0, 0
780999, 552, 0, 0
781999, 504, 0, 0
783000, 540, 0, 0
784000, 556, 0, 0
784999, 544, 0, 0
786000, 568, 0, 0
787000, 548, 0, 0
787999, 588, 0, 0
788999, 576, 0, 0
790000, 556, 0, 0
791000, 568, 0, 0
791999, 592, 0, 0
793000, 528, 0, 0
794000, 540, 0, 0
794999, 548, 0, 0
795999, 588, 0, 0
797000, 544, 0, 0
797999, 604, 0, 0
798999, 568, 0, 0
800000, 528, 0, 0
801000, 552, 0, 0
801999, 596, 0, 0
803000, 544, 0, 0
804000, 560, 0, 0
804999, 544, 0, 0
805999, 532, 0, 0
807000, 576, 0, 0
808000, 528, 0, 0
808999, 504, 0, 0
810000, 596, 0, 0
811000, 560, 0, 0
811999, 576, 0, 0
812999, 564, 0, 0
814000, 568, 0, 0
814999, 560, 0, 0
815999, 612, 0, 0
817000, 588, 0, 0
817999, 532, 0, 0
818999, 524, 0, 0
820000, 548, 0, 0
821000, 576, 0, 0
821999, 580, 0, 0
822999, 564, 0, 0
824000, 584, 0, 0
824999, 548, 0, 0
825999, 592, 0, 0
827000, 584, 0, 0
828000, 596, 0, 0
828999, 508, 0, 0
830000, 580, 0, 0
831000, 568, 0, 0
831999, 588, 0, 0
833000, 548, 0, 0
834000, 580, 0, 0
834999, 552, 0, 0
835999, 524, 0, 0
837000, 608, 0, 0
837999, 524, 0, 0
838999, 584, 0, 0
840000, 556, 0, 0
841000, 568, 0, 0
841999, 504, 0, 0
843000, 564, 0, 0
844000, 616, 0, 0
844999, 600, 0, 0
845999, 544, 0, 0
847000, 568, 0, 0
848000, 544, 0, 0
848999, 540, 0, 0
849999, 512, 0, 0
851000, 564, 0, 0
852000, 560, 0, 0
852999, 572, 0, 0
854000, 528, 0, 0
855000, 552, 0, 0
855999, 632, 0, 0
857000, 552, 0, 0
858000, 592, 0, 0
858999, 536, 0, 0
860000, 612, 0, 0
861000, 588, 0, 0
861999, 588, 0, 0
862999, 556, 0, 0
864000, 560, 0, 0
864999, 604, 0, 0
865999, 548, 0, 0
867000, 560, 0, 0
868000, 524, 0, 0
868999, 532, 0, 0
870000, 568, 0, 0
871000, 588, 0, 0
871999, 524, 0, 0
872999, 568, 0, 0
874000, 572, 0, 0
874999, 616, 0, 0
875999, 596, 0, 0
877000, 596, 0, 0
878000, 576, 0, 0
878999, 592, 0, 0
880000, 584, 0, 0
881000, 552, 0, 0
881999, 540, 0, 0
882999, 568, 0, 0
884000, 552, 0, 0
885000, 568, 0, 0
885999, 500, 0, 0
887000, 556, 0, 0
888000, 548, 0, 0
888999, 528, 0, 0
890000, 556, 0, 0
891000, 580, 0, 0
891999, 556, 0, 0
892999, 560, 0, 0
894000, 604, 0, 0
895000, 560, 0, 0
895999, 568, 0, 0
897000, 656, 0, 0
898000, 616, 0, 0
898999, 544, 0, 0
899999, 572, 0, 0
901000, 544, 0, 0
901999, 496, 0, 0
902999, 528, 0, 0
904000, 572, 0, 0
904999, 564, 0, 0
905999, 548, 0, 0
907000, 580, 0, 0
908000, 556, 0, 0
908999, 560, 0, 0
909999, 592, 0, 0
911000, 556, 0, 0
912000, 532, 0, 0
912999, 520, 0, 0
914000, 576, 0, 0
915000, 580, 0, 0
915999, 548, 0, 0
917000, 544, 0, 0
918000, 540, 0, 0
918999, 528, 0, 0
919999, 560, 0, 0
921000, 568, 0, 0
922000, 584, 0, 0
922999, 564, 0, 0
924000, 624, 0, 0
924999, 540, 0, 0
925999, 600, 0, 0
927000, 548, 0, 0
928000, 532, 0, 0
928999, 592, 0, 0
930000, 492, 0, 0
931000, 580, 0, 0
931999, 580, 0, 0
933000, 584, 0, 0
934000, 620, 0, 0
934999, 556, 0, 0
935999, 600, 0, 0
937000, 516, 0, 0
938000, 580, 0, 0
938999, 552, 0, 0
940000, 556, 0, 0
941000, 592, 0, 0
941999, 524, 0, 0
943000, 660, 0, 0
944000, 532, 0, 0
944999, 556, 0, 0
946000, 604, 0, 0
947000, 552, 0, 0
947999, 552, 0, 0
949000, 496, 0, 0
950000, 556, 0, 0
950999, 596, 0, 0
951999, 536, 0, 0
953000, 580, 0, 0
954000, 564, 0, 0
954999, 600, 0, 0
956000, 520, 0, 0
957000, 576, 0, 0
957999, 560, 0, 0
958999, 548, 0, 0
960000, 584, 0, 0
961000, 532, 0, 0
961999, 600, 0, 0
963000, 564, 0, 0
964000, 580, 0, 0
964999, 580, 0, 0
965999, 568, 0, 0
967000, 608, 0, 0
967999, 616, 0, 0
968999, 524, 0, 0
970000, 556, 0, 0
971000, 628, 0, 0
971999, 560, 0, 0
972999, 576, 0, 0
974000, 592, 0, 0
974999, 612, 0, 0
975999, 564, 0, 0
977000, 580, 0, 0
978000, 556, 0, 0
978999, 508, 0, 0
980000, 620, 0, 0
981000, 520, 0, 0
981999, 620, 0, 0
983000, 540, 0, 0
984000, 576, 0, 0
984999, 568, 0, 0
985999, 588, 0, 0
987000, 600, 0, 0
988000, 512, 0, 0
988999, 552, 0, 0
990000, 552, 0, 0
991000, 568, 0, 0
991999, 500, 0, 0
993000, 588, 0, 0
994000, 584, 0, 0
994999, 548, 0, 0
995999, 588, 0, 0
997000, 572, 0, 0
998000, 552, 0, 0
998999, 552, 0, 0
1000000, 564, 0, 0
1001000, 596, 0, 0
1001999, 552, 0, 0
1002999, 620, 0, 0
1004000, 528, 0, 0
1004999, 564, 0, 0
1005999, 540, 0, 0
1007000, 612, 0, 0
1007999, 556, 0, 0
1008999, 556, 0, 0
1010000, 576, 0, 0
1011000, 636, 0, 0
1011999, 540, 0, 0
1012999, 544, 0, 0
1014000, 656, 0, 0
1014999, 572, 0, 0
1015999, 580, 0, 0
1017000, 564, 0, 0
1017999, 572, 0, 0
1018999, 536, 0, 0
1020000, 572, 0, 0
1021000, 572, 0, 0
1021999, 612, 0, 0
1022999, 564, 0, 0
1024000, 580, 0, 0
1024999, 572, 0, 0
1025999, 528, 0, 0
1027000, 576, 0, 0
1027999, 560, 0, 0
1028999, 548, 0, 0
1030000, 560, 0, 0
1030999, 580, 0, 0
1031999, 648, 0, 0
1033000, 504, 0, 0
1034000, 588, 0, 0
1034999, 556, 0, 0
1035999, 572, 0, 0
1037000, 604, 0, 0
1037999, 604, 0, 0
1038999, 536, 0, 0
1040000, 564, 0, 0
1040999, 536, 0, 0
1041999, 552, 0, 0
1043000, 552, 0, 0
1044000, 596, 0, 0
1044999, 620, 0, 0
1046000, 536, 0, 0
1047000, 548, 0, 0
1047999, 576, 0, 0
1048999, 560, 0, 0
1050000, 560, 0, 0
1050999, 568, 0, 0
1051999, 552, 0, 0
1053000, 516, 0, 0
1054000, 592, 0, 0
1054999, 588, 0, 0
1055999, 540, 0, 0
1057000, 544, 0, 0
1057999, 580, 0, 0
1058999, 572, 0, 0
1060000, 556, 0, 0
1061000, 580, 0, 0
1061999, 640, 0, 0
1063000, 552, 0, 0
1064000, 604, 0, 0
1064999, 544, 0, 0
1065999, 748, 0, 0
1067000, 752, 0, 0
1067999, 788, 0, 0
1068999, 988, 0, 0
1070000, 1008, 0, 0
1071000, 632, 0, 0
1071999, 580, 0, 0
1073000, 600, 0, 0
1074000, 620, 0, 0
1074999, 596, 0, 0
1076000, 564, 0, 0
1077000, 580, 0, 0
1077999, 584, 0, 0
1078999, 596, 0, 0
1080000, 552, 0, 0
1081000, 596, 0, 0
1081999, 524, 0, 0
1083000, 544, 0, 0
1084000, 568, 0, 0
1084999, 616, 0, 0
1085999, 604, 0, 0
1087000, 568, 0, 0
1087999, 576, 0, 0
1088999, 588, 0, 0
1090000, 588, 0, 0
1091000, 608, 0, 0
1091999, 624, 0, 0
1093000, 572, 0, 0
1094000, 576, 0, 0
1094999, 628, 0, 0
1095999, 656, 0, 0
1097000, 560, 0, 0
1097999, 592, 0, 0
1098999, 568, 0, 0
1100000, 524, 0, 0
1101000, 624, 0, 0
1101999, 524, 0, 0
1102999, 536, 0, 0
1104000, 616, 0, 0
1104999, 596, 0, 0
1105999, 640, 0, 0
1107000, 576, 0, 0
1108000, 604, 0, 0
1108999, 564, 0, 0
1109999, 516, 0, 0
1111000, 568, 0, 0
1111999, 580, 0, 0
1112999, 572, 0, 0
1114000, 596, 0, 0
1115000, 660, 0, 0
1115999, 544, 0, 0
1117000, 600, 0, 0
1117999, 664, 0, 0
1118999, 608, 0, 0
1120000, 584, 0, 0
1121000, 556, 0, 0
1121999, 576, 0, 0
1123000, 672, 0, 0
1124000, 644, 0, 0
1124999, 580, 0, 0
1125999, 548, 0, 0
1127000, 608, 0, 0
1128000, 572, 0, 0
1128999, 564, 0, 0
1130000, 496, 0, 0
1131000, 572, 0, 0
1131999, 584, 0, 0
1132999, 596, 0, 0
1134000, 564, 0, 0
1134999, 632, 0, 0
1135999, 576, 0, 0
1137000, 600, 0, 0
1138000, 624, 0, 0
1138999, 604, 0, 0
1139999, 536, 0, 0
1141000, 628, 0, 0
1142000, 632, 0, 0
1142999, 576, 0, 0
1144000, 632, 0, 0
1145000, 576, 0, 0
1145999, 560, 0, 0
1146999, 612, 0, 0
1148000, 616, 0, 0
1148999, 544, 0, 0
1149999, 600, 0, 0
1151000, 524, 0, 0
1152000, 584, 0, 0
1152999, 552, 0, 0
1153999, 624, 0, 0
1155000, 628, 0, 0
1155999, 616, 0, 0
1156999, 564, 0, 0
1158000, 588, 0, 0
1158999, 544, 0, 0
1159999, 596, 0, 0
1161000, 564, 0, 0
1161999, 580, 0, 0
1162999, 612, 0, 0
1164000, 636, 0, 0
1165000, 576, 0, 0
1165999, 628, 0, 0
1167000, 604, 0, 0
1168000, 572, 0, 0
1168999, 568, 0, 0
1169999, 596, 0, 0
1171000, 612, 0, 0
1172000, 636, 0, 0
1172999, 636, 0, 0
1174000, 540, 0, 0
1175000, 588, 0, 0
1175999, 648, 0, 0
1176999, 656, 0, 0
1178000, 664, 0, 0
1178999, 576, 0, 0
1179999, 536, 0, 0
1181000, 544, 0, 0
1182000, 600, 0, 0
1182999, 596, 0, 0
1183999, 596, 0, 0
1185000, 608, 0, 0
1185999, 568, 0, 0
1186999, 628, 0, 0
1188000, 560, 0, 0
1189000, 616, 0, 0
1189999, 576, 0, 0
1190999, 544, 0, 0
1192000, 636, 0, 0
1193000, 540, 0, 0
1193999, 624, 0, 0
1195000, 548, 0, 0
1196000, 596, 0, 0
1196999, 640, 0, 0
1197999, 636, 0, 0
1199000, 632, 0, 0
1200000, 548, 0, 0
