999, 25, 0, 0
2000, 253, 0, 0
3000, 116, 0, 0
3999, 261, 0, 0
4999, 130, 0, 0
6000, 395, 0, 0
6999, 246, 0, 0
7999, 235, 0, 0
8999, 126, 0, 0
10000, 120, 0, 0
10999, 110, 0, 0
11999, 379, 0, 0
13000, 119, 0, 0
13999, 257, 0, 0
14999, 512, 0, 0
16000, 127, 0, 0
16999, 389, 0, 0
17999, 104, 0, 0
19000, 122, 0, 0
19999, 254, 0, 0
20999, 114, 0, 0
22000, 125, 0, 0
23000, 117, 0, 0
23999, 119, 0, 0
25000, 118, 0, 0
26000, 638, 0, 0
26999, 366, 0, 0
27999, 125, 0, 0
29000, 123, 0, 0
29999, 113, 0, 0
30999, 243, 0, 0
32000, 130, 0, 0
32999, 137, 0, 0
33999, 254, 0, 0
35000, 126, 0, 0
35999, 133, 0, 0
36999, 133, 0, 0
38000, 112, 0, 0
38999, 128, 0, 0
39999, 120, 0, 0
41000, 248, 0, 0
42000, 121, 0, 0
42999, 122, 0, 0
43999, 124, 0, 0
45000, 519, 0, 0
45999, 247, 0, 0
46999, 123, 0, 0
48000, 258, 0, 0
49000, 127, 0, 0
49999, 232, 0, 0
51000, 111, 0, 0
51999, 123, 0, 0
52999, 119, 0, 0
54000, 113, 0, 0
55000, 114, 0, 0
55999, 121, 0, 0
56999, 249, 0, 0
57999, 126, 0, 0
58999, 108, 0, 0
59999, 128, 0, 0
61000, 118, 0, 0
61999, 372, 0, 0
62999, 120, 0, 0
64000, 142, 0, 0
65000, 127, 0, 0
65999, 117, 0, 0
66999, 124, 0, 0
68000, 381, 0, 0
68999, 129, 0, 0
69999, 264, 0, 0
71000, 125, 0, 0
71999, 124, 0, 0
72999, 131, 0, 0
74000, 104, 0, 0
74999, 253, 0, 0
75999, 248, 0, 0
77000, 124, 0, 0
78000, 259, 0, 0
78999, 384, 0, 0
80000, 377, 0, 0
81000, 118, 0, 0
81999, 134, 0, 0
83000, 118, 0, 0
83999, 256, 0, 0
84999, 118, 0, 0
86000, 138, 0, 0
87000, 130, 0, 0
87999, 105, 0, 0
88999, 116, 0, 0
90000, 130, 0, 0
90999, 118, 0, 0
91999, 112, 0, 0
93000, 120, 0, 0
94000, 388, 0, 0
94999, 113, 0, 0
95999, 121, 0, 0
97000, 262, 0, 0
97999, 254, 0, 0
98999, 274, 0, 0
100000, 115, 0, 0
101000, 241, 0, 0
101999, 121, 0, 0
103000, 123, 0, 0
104000, 125, 0, 0
104999, 120, 0, 0
105999, 127, 0, 0
107000, 128, 0, 0
107999, 123, 0, 0
108999, 117, 0, 0
110000, 259, 0, 0
110999, 257, 0, 0
111999, 124, 0, 0
113000, 128, 0, 0
113999, 258, 0, 0
114999, 257, 0, 0
116000, 534, 0, 0
116999, 248, 0, 0
117999, 126, 0, 0
119000, 122, 0, 0
120000, 129, 0, 0
120999, 378, 0, 0
122000, 121, 0, 0
123000, 261, 0, 0
123999, 402, 0, 0
124999, 125, 0, 0
126000, 119, 0, 0
126999, 130, 0, 0
127999, 125, 0, 0
129000, 129, 0, 0
129999, 121, 0, 0
130999, 129, 0, 0
132000, 123, 0, 0
132999, 124, 0, 0
133999, 114, 0, 0
134999, 264, 0, 0
136000, 268, 0, 0
136999, 118, 0, 0
137999, 122, 0, 0
139000, 262, 0, 0
139999, 400, 0, 0
140999, 141, 0, 0
142000, 134, 0, 0
142999, 420, 0, 0
143999, 410, 0, 0
145000, 142, 0, 0
146000, 275, 0, 0
146999, 267, 0, 0
147999, 125, 0, 0
149000, 134, 0, 0
149999, 132, 0, 0
150999, 146, 0, 0
152000, 119, 0, 0
152999, 124, 0, 0
153999, 127, 0, 0
155000, 135, 0, 0
155999, 135, 0, 0
156999, 142, 0, 0
158000, 131, 0, 0
158999, 133, 0, 0
159999, 129, 0, 0
161000, 137, 0, 0
161999, 123, 0, 0
162999, 119, 0, 0
164000, 130, 0, 0
164999, 129, 0, 0
165999, 120, 0, 0
167000, 128, 0, 0
167999, 544, 0, 0
168999, 127, 0, 0
170000, 109, 0, 0
171000, 126, 0, 0
171999, 133, 0, 0
173000, 118, 0, 0
174000, 132, 0, 0
174999, 124, 0, 0
176000, 398, 0, 0
177000, 128, 0, 0
177999, 129, 0, 0
178999, 137, 0, 0
180000, 117, 0, 0
180999, 118, 0, 0
181999, 127, 0, 0
183000, 131, 0, 0
183999, 136, 0, 0
185000, 122, 0, 0
186000, 259, 0, 0
186999, 122, 0, 0
188000, 131, 0, 0
188999, 268, 0, 0
189999, 128, 0, 0
191000, 132, 0, 0
191999, 390, 0, 0
192999, 124, 0, 0
194000, 134, 0, 0
194999, 130, 0, 0
195999, 117, 0, 0
197000, 118, 0, 0
197999, 124, 0, 0
198999, 130, 0, 0
200000, 123, 0, 0
201000, 265, 0, 0
201999, 114, 0, 0
202999, 124, 0, 0
203999, 265, 0, 0
205000, 125, 0, 0
205999, 129, 0, 0
206999, 130, 0, 0
207999, 116, 0, 0
209000, 147, 0, 0
210000, 129, 0, 0
210999, 124, 0, 0
211999, 133, 0, 0
212999, 135, 0, 0
214000, 113, 0, 0
214999, 140, 0, 0
216000, 136, 0, 0
217000, 138, 0, 0
217999, 130, 0, 0
218999, 136, 0, 0
220000, 106, 0, 0
220999, 137, 0, 0
221999, 126, 0, 0
223000, 267, 0, 0
223999, 134, 0, 0
224999, 133, 0, 0
225999, 279, 0, 0
227000, 147, 0, 0
227999, 121, 0, 0
228999, 129, 0, 0
230000, 147, 0, 0
231000, 123, 0, 0
231999, 131, 0, 0
233000, 128, 0, 0
234000, 126, 0, 0
234999, 124, 0, 0
236000, 121, 0, 0
237000, 127, 0, 0
237999, 276, 0, 0
239000, 129, 0, 0
239999, 134, 0, 0
240999, 126, 0, 0
241999, 125, 0, 0
243000, 127, 0, 0
243999, 129, 0, 0
244999, 141, 0, 0
246000, 123, 0, 0
246999, 121, 0, 0
247999, 137, 0, 0
249000, 269, 0, 0
250000, 123, 0, 0
250999, 146, 0, 0
251999, 134, 0, 0
253000, 124, 0, 0
253999, 121, 0, 0
254999, 127, 0, 0
256000, 136, 0, 0
256999, 130, 0, 0
257999, 136, 0, 0
259000, 129, 0, 0
259999, 125, 0, 0
260999, 140, 0, 0
262000, 295, 0, 0
263000, 125, 0, 0
263999, 272, 0, 0
264999, 141, 0, 0
266000, 127, 0, 0
266999, 131, 0, 0
267999, 114, 0, 0
269000, 125, 0, 0
269999, 127, 0, 0
270999, 138, 0, 0
272000, 118, 0, 0
272999, 141, 0, 0
273999, 129, 0, 0
274999, 274, 0, 0
276000, 138, 0, 0
276999, 124, 0, 0
277999, 129, 0, 0
279000, 137, 0, 0
279999, 132, 0, 0
280999, 127, 0, 0
281999, 112, 0, 0
283000, 146, 0, 0
283999, 132, 0, 0
284999, 131, 0, 0
286000, 130, 0, 0
286999, 127, 0, 0
287999, 283, 0, 0
289000, 142, 0, 0
289999, 138, 0, 0
290999, 136, 0, 0
292000, 277, 0, 0
293000, 129, 0, 0
293999, 119, 0, 0
295000, 129, 0, 0
296000, 124, 0, 0
296999, 142, 0, 0
297999, 120, 0, 0
299000, 134, 0, 0
299999, 121, 0, 0
300999, 134, 0, 0
302000, 139, 0, 0
302999, 267, 0, 0
303999, 128, 0, 0
305000, 129, 0, 0
305999, 132, 0, 0
306999, 139, 0, 0
308000, 142, 0, 0
308999, 117, 0, 0
309999, 147, 0, 0
311000, 133, 0, 0
312000, 130, 0, 0
312999, 153, 0, 0
314000, 128, 0, 0
315000, 127, 0, 0
315999, 132, 0, 0
316999, 127, 0, 0
318000, 134, 0, 0
318999, 126, 0, 0
319999, 130, 0, 0
321000, 128, 0, 0
321999, 126, 0, 0
322999, 123, 0, 0
324000, 128, 0, 0
324999, 122, 0, 0
325999, 124, 0, 0
327000, 135, 0, 0
328000, 139, 0, 0
328999, 133, 0, 0
329999, 136, 0, 0
331000, 143, 0, 0
331999, 119, 0, 0
332999, 129, 0, 0
334000, 128, 0, 0
334999, 127, 0, 0
335999, 126, 0, 0
337000, 134, 0, 0
337999, 137, 0, 0
338999, 131, 0, 0
339999, 124, 0, 0
341000, 133, 0, 0
341999, 114, 0, 0
343000, 141, 0, 0
344000, 127, 0, 0
344999, 129, 0, 0
346000, 138, 0, 0
347000, 146, 0, 0
347999, 147, 0, 0
348999, 136, 0, 0
350000, 128, 0, 0
350999, 125, 0, 0
351999, 126, 0, 0
353000, 135, 0, 0
353999, 135, 0, 0
354999, 131, 0, 0
356000, 156, 0, 0
356999, 141, 0, 0
357999, 126, 0, 0
359000, 140, 0, 0
360000, 129, 0, 0
360999, 130, 0, 0
361999, 118, 0, 0
363000, 138, 0, 0
363999, 139, 0, 0
364999, 134, 0, 0
366000, 142, 0, 0
366999, 150, 0, 0
367999, 133, 0, 0
369000, 109, 0, 0
369999, 118, 0, 0
370999, 142, 0, 0
372000, 122, 0, 0
372999, 138, 0, 0
373999, 122, 0, 0
375000, 124, 0, 0
376000, 134, 0, 0
376999, 128, 0, 0
377999, 135, 0, 0
379000, 132, 0, 0
379999, 141, 0, 0
380999, 128, 0, 0
382000, 128, 0, 0
382999, 131, 0, 0
383999, 125, 0, 0
385000, 132, 0, 0
385999, 115, 0, 0
386999, 136, 0, 0
388000, 124, 0, 0
388999, 133, 0, 0
389999, 150, 0, 0
390999, 121, 0, 0
392000, 137, 0, 0
392999, 132, 0, 0
393999, 127, 0, 0
395000, 144, 0, 0
396000, 129, 0, 0
396999, 137, 0, 0
397999, 136, 0, 0
399000, 130, 0, 0
399999, 145, 0, 0
400999, 113, 0, 0
402000, 131, 0, 0
402999, 141, 0, 0
404000, 137, 0, 0
405000, 132, 0, 0
405999, 140, 0, 0
406999, 129, 0, 0
408000, 141, 0, 0
408999, 142, 0, 0
409999, 156, 0, 0
411000, 134, 0, 0
411999, 135, 0, 0
412999, 131, 0, 0
414000, 132, 0, 0
414999, 132, 0, 0
415999, 141, 0, 0
417000, 133, 0, 0
418000, 128, 0, 0
418999, 142, 0, 0
419999, 149, 0, 0
421000, 141, 0, 0
421999, 131, 0, 0
422999, 133, 0, 0
424000, 133, 0, 0
424999, 125, 0, 0
425999, 142, 0, 0
427000, 137, 0, 0
427999, 135, 0, 0
428999, 120, 0, 0
429999, 174, 0, 0
431000, 127, 0, 0
431999, 127, 0, 0
432999, 143, 0, 0
434000, 134, 0, 0
434999, 132, 0, 0
435999, 136, 0, 0
437000, 147, 0, 0
437999, 137, 0, 0
438999, 137, 0, 0
440000, 128, 0, 0
440999, 133, 0, 0
441999, 127, 0, 0
442999, 141, 0, 0
444000, 148, 0, 0
444999, 134, 0, 0
445999, 135, 0, 0
447000, 140, 0, 0
447999, 133, 0, 0
448999, 138, 0, 0
450000, 147, 0, 0
451000, 129, 0, 0
451999, 132, 0, 0
452999, 139, 0, 0
454000, 134, 0, 0
454999, 134, 0, 0
455999, 143, 0, 0
457000, 136, 0, 0
457999, 131, 0, 0
458999, 137, 0, 0
460000, 135, 0, 0
460999, 129, 0, 0
461999, 148, 0, 0
463000, 155, 0, 0
463999, 137, 0, 0
464999, 127, 0, 0
466000, 129, 0, 0
466999, 146, 0, 0
467999, 141, 0, 0
469000, 138, 0, 0
470000, 130, 0, 0
470999, 139, 0, 0
471999, 128, 0, 0
473000, 138, 0, 0
473999, 130, 0, 0
474999, 127, 0, 0
476000, 142, 0, 0
476999, 128, 0, 0
477999, 129, 0, 0
479000, 136, 0, 0
480000, 137, 0, 0
480999, 131, 0, 0
482000, 130, 0, 0
483000, 134, 0, 0
483999, 137, 0, 0
484999, 135, 0, 0
486000, 144, 0, 0
486999, 138, 0, 0
487999, 138, 0, 0
489000, 142, 0, 0
489999, 123, 0, 0
490999, 153, 0, 0
492000, 132, 0, 0
492999, 145, 0, 0
493999, 136, 0, 0
495000, 129, 0, 0
496000, 123, 0, 0
496999, 140, 0, 0
497999, 152, 0, 0
499000, 135, 0, 0
499999, 131, 0, 0
500999, 130, 0, 0
502000, 126, 0, 0
502999, 148, 0, 0
503999, 124, 0, 0
505000, 138, 0, 0
505999, 149, 0, 0
506999, 129, 0, 0
508000, 139, 0, 0
509000, 128, 0, 0
509999, 138, 0, 0
510999, 132, 0, 0
512000, 131, 0, 0
512999, 136, 0, 0
513999, 130, 0, 0
515000, 136, 0, 0
515999, 156, 0, 0
516999, 140, 0, 0
517999, 142, 0, 0
519000, 141, 0, 0
519999, 157, 0, 0
520999, 145, 0, 0
522000, 132, 0, 0
522999, 140, 0, 0
523999, 139, 0, 0
525000, 145, 0, 0
525999, 144, 0, 0
526999, 143, 0, 0
528000, 151, 0, 0
529000, 128, 0, 0
529999, 132, 0, 0
530999, 131, 0, 0
532000, 149, 0, 0
532999, 140, 0, 0
533999, 148, 0, 0
535000, 140, 0, 0
535999, 133, 0, 0
536999, 151, 0, 0
538000, 130, 0, 0
538999, 143, 0, 0
539999, 134, 0, 0
541000, 138, 0, 0
541999, 130, 0, 0
542999, 137, 0, 0
544000, 133, 0, 0
544999, 143, 0, 0
545999, 154, 0, 0
547000, 129, 0, 0
548000, 150, 0, 0
548999, 129, 0, 0
549999, 141, 0, 0
551000, 133, 0, 0
551999, 131, 0, 0
552999, 139, 0, 0
554000, 140, 0, 0
554999, 150, 0, 0
555999, 139, 0, 0
557000, 131, 0, 0
557999, 135, 0, 0
558999, 130, 0, 0
560000, 135, 0, 0
560999, 126, 0, 0
561999, 141, 0, 0
562999, 126, 0, 0
564000, 140, 0, 0
564999, 129, 0, 0
565999, 154, 0, 0
567000, 155, 0, 0
567999, 131, 0, 0
568999, 143, 0, 0
570000, 133, 0, 0
570999, 143, 0, 0
571999, 134, 0, 0
573000, 137, 0, 0
573999, 128, 0, 0
574999, 135, 0, 0
576000, 141, 0, 0
576999, 133, 0, 0
577999, 141, 0, 0
579000, 133, 0, 0
579999, 143, 0, 0
580999, 155, 0, 0
582000, 142, 0, 0
582999, 143, 0, 0
583999, 141, 0, 0
585000, 131, 0, 0
586000, 127, 0, 0
586999, 144, 0, 0
588000, 148, 0, 0
588999, 144, 0, 0
589999, 136, 0, 0
591000, 140, 0, 0
592000, 152, 0, 0
593000, 116, 0, 0
593999, 146, 0, 0
595000, 133, 0, 0
595999, 151, 0, 0
596999, 147, 0, 0
598000, 138, 0, 0
598999, 130, 0, 0
599999, 131, 0, 0
601000, 141, 0, 0
601999, 124, 0, 0
602999, 132, 0, 0
604000, 152, 0, 0
604999, 139, 0, 0
605999, 134, 0, 0
607000, 138, 0, 0
608000, 123, 0, 0
608999, 155, 0, 0
609999, 137, 0, 0
611000, 150, 0, 0
612000, 129, 0, 0
612999, 139, 0, 0
614000, 136, 0, 0
614999, 146, 0, 0
615999, 135, 0, 0
617000, 134, 0, 0
617999, 137, 0, 0
618999, 128, 0, 0
620000, 134, 0, 0
620999, 145, 0, 0
621999, 131, 0, 0
623000, 131, 0, 0
624000, 140, 0, 0
624999, 132, 0, 0
625999, 149, 0, 0
627000, 135, 0, 0
627999, 138, 0, 0
629000, 138, 0, 0
630000, 143, 0, 0
631000, 152, 0, 0
631999, 133, 0, 0
633000, 160, 0, 0
634000, 128, 0, 0
635000, 134, 0, 0
636000, 144, 0, 0
636999, 138, 0, 0
638000, 133, 0, 0
639000, 139, 0, 0
640000, 133, 0, 0
641000, 129, 0, 0
641999, 138, 0, 0
643000, 128, 0, 0
644000, 148, 0, 0
645000, 153, 0, 0
646000, 136, 0, 0
647001, 138, 0, 0
648000, 138, 0, 0
649000, 138, 0, 0
650000, 129, 0, 0
651000, 146, 0, 0
652000, 151, 0, 0
653000, 136, 0, 0
654000, 144, 0, 0
655000, 137, 0, 0
656000, 157, 0, 0
657000, 143, 0, 0
658000, 126, 0, 0
659000, 150, 0, 0
660000, 137, 0, 0
661000, 132, 0, 0
662000, 149, 0, 0
663000, 137, 0, 0
664000, 139, 0, 0
665000, 138, 0, 0
666000, 165, 0, 0
667000, 149, 0, 0
668000, 141, 0, 0
669000, 148, 0, 0
670000, 138, 0, 0
671000, 133, 0, 0
672000, 138, 0, 0
673000, 131, 0, 0
674000, 139, 0, 0
675000, 148, 0, 0
676000, 147, 0, 0
677000, 139, 0, 0
678000, 142, 0, 0
679000, 147, 0, 0
680000, 142, 0, 0
680999, 141, 0, 0
682000, 134, 0, 0
683000, 141, 0, 0
683999, 139, 0, 0
684999, 141, 0, 0
685999, 141, 0, 0
686999, 137, 0, 0
687999, 145, 0, 0
688998, 148, 0, 0
689998, 150, 0, 0
690998, 147, 0, 0
691998, 132, 0, 0
692998, 129, 0, 0
693997, 119, 0, 0
694997, 134, 0, 0
695997, 148, 0, 0
696997, 139, 0, 0
697997, 141, 0, 0
698996, 137, 0, 0
699996, 131, 0, 0
700997, 154, 0, 0
701996, 143, 0, 0
702996, 134, 0, 0
703996, 145, 0, 0
704995, 152, 0, 0
705996, 150, 0, 0
706995, 135, 0, 0
707995, 141, 0, 0
708995, 157, 0, 0
709994, 146, 0, 0
710995, 137, 0, 0
711994, 133, 0, 0
712994, 140, 0, 0
713994, 158, 0, 0
714993, 131, 0, 0
715994, 158, 0, 0
716993, 144, 0, 0
717993, 139, 0, 0
718993, 146, 0, 0
719993, 157, 0, 0
720993, 133, 0, 0
721992, 137, 0, 0
722992, 140, 0, 0
723992, 123, 0, 0
724992, 129, 0, 0
725992, 135, 0, 0
726992, 141, 0, 0
727991, 128, 0, 0
728991, 155, 0, 0
729991, 138, 0, 0
730991, 138, 0, 0
731991, 140, 0, 0
733000, 136, 0, 0
734000, 140, 0, 0
734999, 144, 0, 0
736000, 152, 0, 0
736999, 145, 0, 0
737999, 142, 0, 0
739000, 149, 0, 0
740000, 146, 0, 0
740999, 155, 0, 0
741999, 142, 0, 0
743000, 132, 0, 0
743999, 146, 0, 0
744999, 153, 0, 0
746000, 149, 0, 0
747000, 146, 0, 0
747999, 142, 0, 0
748999, 144, 0, 0
750000, 144, 0, 0
750999, 139, 0, 0
751999, 145, 0, 0
753000, 157, 0, 0
753999, 135, 0, 0
754999, 140, 0, 0
756000, 141, 0, 0
757000, 149, 0, 0
757999, 145, 0, 0
758999, 134, 0, 0
760000, 140, 0, 0
760999, 142, 0, 0
761999, 141, 0, 0
763000, 159, 0, 0
763999, 149, 0, 0
764999, 133, 0, 0
766000, 144, 0, 0
767000, 152, 0, 0
767999, 151, 0, 0
768999, 125, 0, 0
770000, 158, 0, 0
770999, 134, 0, 0
771999, 132, 0, 0
773000, 156, 0, 0
774000, 135, 0, 0
774999, 161, 0, 0
775999, 143, 0, 0
777000, 155, 0, 0
777999, 154, 0, 0
778999, 124, 0, 0
780000, 139, 0, 0
780999, 136, 0, 0
781999, 139, 0, 0
783000, 139, 0, 0
784000, 162, 0, 0
784999, 141, 0, 0
785999, 138, 0, 0
787000, 158, 0, 0
787999, 132, 0, 0
788999, 145, 0, 0
790000, 145, 0, 0
791000, 153, 0, 0
791999, 147, 0, 0
793000, 143, 0, 0
794000, 140, 0, 0
794999, 147, 0, 0
795999, 132, 0, 0
797000, 132, 0, 0
797999, 136, 0, 0
798999, 147, 0, 0
800000, 135, 0, 0
801000, 153, 0, 0
801999, 135, 0, 0
802999, 149, 0, 0
804000, 146, 0, 0
804999, 140, 0, 0
805999, 139, 0, 0
807000, 125, 0, 0
808000, 141, 0, 0
808999, 138, 0, 0
809999, 148, 0, 0
811000, 140, 0, 0
811999, 141, 0, 0
812999, 145, 0, 0
814000, 140, 0, 0
814999, 142, 0, 0
815999, 140, 0, 0
817000, 140, 0, 0
817999, 131, 0, 0
818999, 151, 0, 0
819999, 146, 0, 0
821000, 150, 0, 0
821999, 142, 0, 0
822999, 146, 0, 0
824000, 139, 0, 0
824999, 136, 0, 0
825999, 138, 0, 0
827000, 160, 0, 0
828000, 146, 0, 0
828999, 149, 0, 0
829999, 142, 0, 0
831000, 143, 0, 0
831999, 144, 0, 0
832999, 142, 0, 0
834000, 146, 0, 0
834999, 139, 0, 0
835999, 143, 0, 0
837000, 148, 0, 0
837999, 144, 0, 0
838999, 137, 0, 0
840000, 137, 0, 0
841000, 144, 0, 0
841999, 137, 0, 0
842999, 126, 0, 0
844000, 158, 0, 0
844999, 148, 0, 0
845999, 143, 0, 0
846999, 146, 0, 0
848000, 160, 0, 0
848999, 131, 0, 0
849999, 144, 0, 0
851000, 138, 0, 0
852000, 139, 0, 0
852999, 128, 0, 0
854000, 172, 0, 0
855000, 142, 0, 0
855999, 140, 0, 0
857000, 119, 0, 0
858000, 134, 0, 0
858999, 152, 0, 0
859999, 138, 0, 0
861000, 154, 0, 0
861999, 133, 0, 0
862999, 135, 0, 0
864000, 146, 0, 0
864999, 121, 0, 0
865999, 139, 0, 0
867000, 148, 0, 0
868000, 131, 0, 0
868999, 146, 0, 0
870000, 122, 0, 0
871000, 144, 0, 0
871999, 138, 0, 0
872999, 140, 0, 0
874000, 139, 0, 0
874999, 143, 0, 0
875999, 139, 0, 0
877000, 135, 0, 0
878000, 143, 0, 0
878999, 144, 0, 0
879999, 145, 0, 0
881000, 132, 0, 0
881999, 145, 0, 0
882999, 145, 0, 0
884000, 140, 0, 0
885000, 141, 0, 0
885999, 118, 0, 0
886999, 134, 0, 0
888000, 151, 0, 0
888999, 147, 0, 0
889999, 150, 0, 0
891000, 126, 0, 0
891999, 138, 0, 0
892999, 146, 0, 0
894000, 138, 0, 0
895000, 140, 0, 0
895999, 143, 0, 0
896999, 145, 0, 0
898000, 130, 0, 0
898999, 139, 0, 0
899999, 144, 0, 0
901000, 150, 0, 0
901999, 128, 0, 0
902999, 154, 0, 0
904000, 144, 0, 0
904999, 126, 0, 0
905999, 127, 0, 0
907000, 135, 0, 0
908000, 135, 0, 0
908999, 153, 0, 0
909999, 151, 0, 0
911000, 138, 0, 0
912000, 146, 0, 0
912999, 141, 0, 0
914000, 132, 0, 0
915000, 144, 0, 0
915999, 133, 0, 0
916999, 140, 0, 0
918000, 148, 0, 0
918999, 141, 0, 0
919999, 168, 0, 0
921000, 146, 0, 0
922000, 121, 0, 0
922999, 149, 0, 0
923999, 152, 0, 0
924999, 149, 0, 0
925999, 143, 0, 0
926999, 146, 0, 0
928000, 127, 0, 0
928999, 149, 0, 0
930000, 126, 0, 0
931000, 159, 0, 0
931999, 140, 0, 0
932999, 148, 0, 0
934000, 151, 0, 0
934999, 137, 0, 0
935999, 135, 0, 0
937000, 130, 0, 0
938000, 139, 0, 0
938999, 139, 0, 0
940000, 129, 0, 0
941000, 133, 0, 0
941999, 152, 0, 0
942999, 134, 0, 0
944000, 138, 0, 0
944999, 139, 0, 0
945999, 143, 0, 0
947000, 148, 0, 0
947999, 155, 0, 0
948999, 148, 0, 0
950000, 148, 0, 0
950999, 123, 0, 0
951999, 151, 0, 0
953000, 130, 0, 0
954000, 146, 0, 0
954999, 134, 0, 0
955999, 127, 0, 0
957000, 152, 0, 0
957999, 137, 0, 0
958999, 166, 0, 0
960000, 145, 0, 0
961000, 137, 0, 0
961999, 143, 0, 0
963000, 149, 0, 0
964000, 155, 0, 0
964999, 138, 0, 0
965999, 140, 0, 0
967000, 144, 0, 0
967999, 138, 0, 0
968999, 143, 0, 0
969999, 133, 0, 0
971000, 130, 0, 0
971999, 150, 0, 0
972999, 144, 0, 0
974000, 147, 0, 0
974999, 143, 0, 0
975999, 143, 0, 0
977000, 149, 0, 0
978000, 129, 0, 0
978999, 139, 0, 0
980000, 150, 0, 0
981000, 144, 0, 0
981999, 141, 0, 0
982999, 143, 0, 0
984000, 138, 0, 0
984999, 135, 0, 0
985999, 153, 0, 0
987000, 134, 0, 0
988000, 143, 0, 0
988999, 144, 0, 0
990000, 128, 0, 0
991000, 131, 0, 0
991999, 137, 0, 0
992999, 135, 0, 0
994000, 139, 0, 0
994999, 157, 0, 0
995999, 133, 0, 0
997000, 139, 0, 0
998000, 135, 0, 0
998999, 143, 0, 0
999999, 146, 0, 0
1001000, 141, 0, 0
1001999, 148, 0, 0
1002999, 152, 0, 0
1004000, 155, 0, 0
1004999, 141, 0, 0
1005999, 138, 0, 0
1007000, 135, 0, 0
1007999, 134, 0, 0
1008999, 148, 0, 0
1010000, 147, 0, 0
1011000, 152, 0, 0
1011999, 137, 0, 0
1012999, 133, 0, 0
1014000, 137, 0, 0
1014999, 164, 0, 0
1015999, 129, 0, 0
1017000, 146, 0, 0
1017999, 150, 0, 0
1018999, 148, 0, 0
1020000, 160, 0, 0
1021000, 151, 0, 0
1021999, 150, 0, 0
1022999, 136, 0, 0
1024000, 154, 0, 0
1024999, 141, 0, 0
1025999, 155, 0, 0
1027000, 136, 0, 0
1027999, 150, 0, 0
1028999, 131, 0, 0
1030000, 152, 0, 0
1030999, 151, 0, 0
1031999, 147, 0, 0
1032999, 130, 0, 0
1034000, 150, 0, 0
1034999, 137, 0, 0
1035999, 144, 0, 0
1037000, 135, 0, 0
1037999, 140, 0, 0
1038999, 132, 0, 0
1040000, 150, 0, 0
1040999, 141, 0, 0
1041999, 137, 0, 0
1043000, 132, 0, 0
1044000, 132, 0, 0
1044999, 148, 0, 0
1045999, 137, 0, 0
1047000, 149, 0, 0
1047999, 133, 0, 0
1048999, 143, 0, 0
1050000, 143, 0, 0
1050999, 140, 0, 0
1051999, 159, 0, 0
1053000, 135, 0, 0
1054000, 137, 0, 0
1054999, 155, 0, 0
1055999, 139, 0, 0
1057000, 130, 0, 0
1057999, 139, 0, 0
1058999, 139, 0, 0
1060000, 135, 0, 0
1061000, 152, 0, 0
1061999, 156, 0, 0
1063000, 129, 0, 0
1064000, 148, 0, 0
1064999, 148, 0, 0
1065999, 144, 0, 0
1067000, 159, 0, 0
1067999, 136, 0, 0
1068999, 145, 0, 0
1070000, 126, 0, 0
1071000, 138, 0, 0
1071999, 142, 0, 0
1072999, 143, 0, 0
1074000, 140, 0, 0
1074999, 133, 0, 0
1075999, 140, 0, 0
1077000, 137, 0, 0
1077999, 243, 0, 0
1078999, 182, 0, 0
1080000, 145, 0, 0
1081000, 138, 0, 0
1081999, 150, 0, 0
1082999, 123, 0, 0
1084000, 146, 0, 0
1084999, 144, 0, 0
1085999, 152, 0, 0
1087000, 161, 0, 0
1087999, 136, 0, 0
1088999, 150, 0, 0
1090000, 148, 0, 0
1091000, 164, 0, 0
1091999, 127, 0, 0
1092999, 145, 0, 0
1094000, 143, 0, 0
1094999, 152, 0, 0
1095999, 147, 0, 0
1097000, 155, 0, 0
1097999, 141, 0, 0
1098999, 142, 0, 0
1100000, 134, 0, 0
1101000, 154, 0, 0
1101999, 138, 0, 0
1102999, 138, 0, 0
1104000, 152, 0, 0
1104999, 144, 0, 0
1105999, 147, 0, 0
1106999, 137, 0, 0
1108000, 156, 0, 0
1108999, 143, 0, 0
1109999, 144, 0, 0
1111000, 133, 0, 0
1111999, 137, 0, 0
1112999, 152, 0, 0
1114000, 145, 0, 0
1115000, 166, 0, 0
1115999, 142, 0, 0
1117000, 143, 0, 0
1117999, 141, 0, 0
1118999, 151, 0, 0
1120000, 139, 0, 0
1121000, 142, 0, 0
1121999, 139, 0, 0
1122999, 143, 0, 0
1124000, 151, 0, 0
1124999, 146, 0, 0
1125999, 145, 0, 0
1127000, 135, 0, 0
1128000, 140, 0, 0
1128999, 147, 0, 0
1129999, 136, 0, 0
1131000, 139, 0, 0
1131999, 148, 0, 0
1132999, 128, 0, 0
1134000, 144, 0, 0
1134999, 146, 0, 0
1135999, 144, 0, 0
1136999, 156, 0, 0
1138000, 150, 0, 0
1138999, 146, 0, 0
1139999, 140, 0, 0
1141000, 159, 0, 0
1142000, 154, 0, 0
1142999, 146, 0, 0
1143999, 173, 0, 0
1145000, 126, 0, 0
1145999, 139, 0, 0
1146999, 144, 0, 0
1148000, 146, 0, 0
1148999, 136, 0, 0
1149999, 137, 0, 0
1150999, 156, 0, 0
1152000, 134, 0, 0
1152999, 152, 0, 0
1153999, 157, 0, 0
1155000, 137, 0, 0
1155999, 158, 0, 0
1156999, 162, 0, 0
1158000, 135, 0, 0
1158999, 147, 0, 0
1159999, 147, 0, 0
1161000, 151, 0, 0
1161999, 158, 0, 0
1162999, 132, 0, 0
1164000, 151, 0, 0
1165000, 146, 0, 0
1165999, 151, 0, 0
1166999, 149, 0, 0
1168000, 132, 0, 0
1168999, 163, 0, 0
1169999, 138, 0, 0
1171000, 138, 0, 0
1172000, 154, 0, 0
1172999, 146, 0, 0
1173999, 142, 0, 0
1175000, 152, 0, 0
1175999, 151, 0, 0
1176999, 158, 0, 0
1178000, 145, 0, 0
1178999, 137, 0, 0
1179999, 148, 0, 0
1180999, 135, 0, 0
1182000, 148, 0, 0
1182999, 177, 0, 0
1183999, 149, 0, 0
1185000, 158, 0, 0
1185999, 155, 0, 0
1186999, 145, 0, 0
1188000, 169, 0, 0
1189000, 150, 0, 0
1189999, 128, 0, 0
1190999, 142, 0, 0
1192000, 145, 0, 0
1193000, 145, 0, 0
1193999, 143, 0, 0
1194999, 146, 0, 0
1196000, 157, 0, 0
1196999, 160, 0, 0
1197999, 154, 0, 0
1199000, 145, 0, 0
1200000, 144, 0, 0
