1009, 507058953, 0, 0
2002, 531121800, 0, 0
3062, 529088059, 0, 0
4056, 135560714, 0, 0
5031, 246460641, 0, 0
6025, 534826161, 0, 0
7038, 256468465, 0, 0
8050, 520508662, 0, 0
9072, 563336763, 0, 0
10059, 297745676, 0, 0
11039, 515860419, 0, 0
12013, 168859712, 0, 0
13007, 249154672, 0, 0
14001, 502672185, 0, 0
15046, 518895745, 0, 0
16062, 505643245, 0, 0
17029, 118612546, 0, 0
18039, 524427919, 0, 0
19016, 513789459, 0, 0
20006, 530483986, 0, 0
21027, 503206546, 0, 0
22005, 531170245, 0, 0
23001, 500940689, 0, 0
24043, 498271886, 0, 0
25010, 505259789, 0, 0
26040, 526685214, 0, 0
27003, 251743899, 0, 0
28041, 522906761, 0, 0
29025, 494010115, 0, 0
30071, 479777739, 0, 0
31044, 529059651, 0, 0
32016, 124944842, 0, 0
33006, 504693461, 0, 0
34033, 300577086, 0, 0
35066, 474542938, 0, 0
36018, 554474469, 0, 0
37010, 617998742, 0, 0
38010, 566497715, 0, 0
39053, 255822421, 0, 0
40005, 501975492, 0, 0
41004, 255825146, 0, 0
42055, 109035500, 0, 0
43008, 520543497, 0, 0
44055, 536878429, 0, 0
45058, 245153121, 0, 0
46040, 241410056, 0, 0
47022, 259584267, 0, 0
48048, 538665505, 0, 0
49023, 558379703, 0, 0
50032, 503506563, 0, 0
51032, 509958011, 0, 0
52062, 557256732, 0, 0
53005, 544207460, 0, 0
54000, 265704381, 0, 0
55014, 261235096, 0, 0
56011, 536883252, 0, 0
57009, 517011374, 0, 0
58028, 263897154, 0, 0
59012, 525811087, 0, 0
60048, 204491701, 0, 0
61001, 405099062, 0, 0
62008, 553990258, 0, 0
63025, 168782832, 0, 0
64000, 515591270, 0, 0
65082, 538574759, 0, 0
66003, 251188848, 0, 0
67052, 256850545, 0, 0
68004, 123879175, 0, 0
69067, 461668120, 0, 0
70023, 484524676, 0, 0
71015, 548535160, 0, 0
72095, 551200069, 0, 0
73023, 536979543, 0, 0
74052, 562048046, 0, 0
75016, 532664304, 0, 0
76061, 525307488, 0, 0
77014, 489594606, 0, 0
78072, 282983952, 0, 0
79047, 469441997, 0, 0
80038, 543487029, 0, 0
81061, 265254168, 0, 0
82013, 571744452, 0, 0
83026, 255118804, 0, 0
84028, 532482017, 0, 0
85025, 553874807, 0, 0
86035, 567121399, 0, 0
87017, 525803421, 0, 0
88036, 210424012, 0, 0
89045, 373648968, 0, 0
90020, 472702561, 0, 0
91032, 488038353, 0, 0
92012, 482272773, 0, 0
93016, 497723935, 0, 0
94036, 463824465, 0, 0
95020, 253887557, 0, 0
96029, 515835124, 0, 0
97004, 503962311, 0, 0
98056, 498171051, 0, 0
99046, 488540240, 0, 0
100068, 501729161, 0, 0
101011, 254443593, 0, 0
102063, 162079589, 0, 0
103009, 509593624, 0, 0
104014, 478075540, 0, 0
105021, 517250867, 0, 0
106000, 507320622, 0, 0
107027, 500312162, 0, 0
108018, 509204998, 0, 0
109019, 478811862, 0, 0
110000, 239605750, 0, 0
111016, 517921761, 0, 0
112005, 518938222, 0, 0
113044, 514774543, 0, 0
114031, 497813899, 0, 0
115072, 99644240, 0, 0
116005, 233798512, 0, 0
117051, 501462126, 0, 0
118032, 242005024, 0, 0
119061, 262289448, 0, 0
120042, 503686610, 0, 0
121006, 497919274, 0, 0
122045, 553138317, 0, 0
123022, 478425037, 0, 0
124001, 474477079, 0, 0
125049, 439534634, 0, 0
126038, 501746841, 0, 0
127035, 271868030, 0, 0
128062, 437430289, 0, 0
129051, 558778142, 0, 0
130063, 122191415, 0, 0
131072, 542089795, 0, 0
132057, 250251340, 0, 0
133062, 520651664, 0, 0
134037, 490694630, 0, 0
135029, 521777967, 0, 0
136062, 171781870, 0, 0
137039, 169279752, 0, 0
138035, 460587765, 0, 0
139017, 516293431, 0, 0
140037, 231578302, 0, 0
141031, 552338434, 0, 0
142007, 533330541, 0, 0
143026, 527059127, 0, 0
144029, 549297252, 0, 0
145051, 549682736, 0, 0
146046, 506995992, 0, 0
147005, 507463637, 0, 0
148021, 245020420, 0, 0
149060, 481473497, 0, 0
150064, 572839031, 0, 0
151025, 482436411, 0, 0
152003, 497663188, 0, 0
153019, 241168905, 0, 0
154009, 481011252, 0, 0
155066, 242812431, 0, 0
156031, 483407190, 0, 0
157054, 490248595, 0, 0
158048, 491166523, 0, 0
159007, 494858607, 0, 0
160022, 153422034, 0, 0
161056, 517974911, 0, 0
162034, 252095872, 0, 0
163022, 245657181, 0, 0
164022, 516600836, 0, 0
165021, 534230912, 0, 0
166034, 564106340, 0, 0
167014, 512618346, 0, 0
168055, 246204169, 0, 0
169067, 477395833, 0, 0
170031, 472117732, 0, 0
171005, 520192573, 0, 0
172066, 260832848, 0, 0
173008, 260747186, 0, 0
174029, 450069384, 0, 0
175040, 530860124, 0, 0
176034, 514370039, 0, 0
177048, 241953285, 0, 0
178009, 510111954, 0, 0
179042, 556438831, 0, 0
180042, 250854981, 0, 0
181062, 518704356, 0, 0
182010, 240491122, 0, 0
183067, 463916359, 0, 0
184034, 491941994, 0, 0
185022, 245465789, 0, 0
186035, 438941426, 0, 0
187065, 486524456, 0, 0
188073, 509921233, 0, 0
189021, 515938165, 0, 0
190065, 522919903, 0, 0
191006, 506137473, 0, 0
192059, 477624213, 0, 0
193000, 501837318, 0, 0
194073, 506203904, 0, 0
195008, 163351969, 0, 0
196014, 472527429, 0, 0
197013, 503458463, 0, 0
198039, 505315263, 0, 0
199018, 540927766, 0, 0
200046, 542219834, 0, 0
201015, 256055516, 0, 0
202038, 524611385, 0, 0
203049, 250704352, 0, 0
204052, 494165183, 0, 0
205060, 516321316, 0, 0
206016, 507326992, 0, 0
207021, 500507265, 0, 0
208062, 456095459, 0, 0
209048, 503733457, 0, 0
210058, 161258987, 0, 0
211006, 536424797, 0, 0
212027, 483415355, 0, 0
213057, 501618125, 0, 0
214049, 456062979, 0, 0
215065, 494408871, 0, 0
216007, 501496245, 0, 0
217051, 541473591, 0, 0
218051, 269283835, 0, 0
219059, 448500252, 0, 0
220055, 484499287, 0, 0
221026, 505753483, 0, 0
222003, 224028434, 0, 0
223060, 503948109, 0, 0
224045, 469185987, 0, 0
225019, 470152007, 0, 0
226016, 522307828, 0, 0
227024, 464518507, 0, 0
228037, 516958667, 0, 0
229006, 500617556, 0, 0
230029, 431620456, 0, 0
231006, 459794912, 0, 0
232013, 468760170, 0, 0
233029, 473129025, 0, 0
234012, 527020730, 0, 0
235048, 492658921, 0, 0
236066, 537180045, 0, 0
237066, 542129659, 0, 0
238010, 526798157, 0, 0
239009, 475682193, 0, 0
240043, 495971043, 0, 0
241005, 462079807, 0, 0
242021, 504356342, 0, 0
243027, 508249468, 0, 0
244043, 506769790, 0, 0
245055, 539845623, 0, 0
246019, 430257916, 0, 0
247025, 260763610, 0, 0
248059, 461870455, 0, 0
249002, 475664196, 0, 0
250041, 479251792, 0, 0
251027, 451692661, 0, 0
252014, 477146848, 0, 0
253047, 512593632, 0, 0
254012, 478135343, 0, 0
255056, 492583129, 0, 0
256000, 475952732, 0, 0
257000, 457516138, 0, 0
258011, 485455092, 0, 0
259040, 500735445, 0, 0
260048, 495534509, 0, 0
261019, 453423643, 0, 0
262059, 433505243, 0, 0
263056, 460902256, 0, 0
264052, 509528119, 0, 0
265054, 476901194, 0, 0
266016, 483083132, 0, 0
267057, 492916097, 0, 0
268046, 455999831, 0, 0
269047, 507460344, 0, 0
270037, 496652852, 0, 0
271066, 500445288, 0, 0
272013, 499678056, 0, 0
273010, 493905770, 0, 0
274043, 459604036, 0, 0
275031, 467128352, 0, 0
276023, 519202877, 0, 0
277004, 508230211, 0, 0
278032, 516106284, 0, 0
279041, 523525490, 0, 0
280011, 476616086, 0, 0
281007, 460292442, 0, 0
282062, 499840147, 0, 0
283009, 528668864, 0, 0
284021, 527266622, 0, 0
285059, 323352921, 0, 0
286064, 305623645, 0, 0
287002, 463653946, 0, 0
288010, 442822619, 0, 0
289056, 502335221, 0, 0
290018, 519475209, 0, 0
291061, 475536949, 0, 0
292019, 489593710, 0, 0
293033, 475589150, 0, 0
294047, 487731890, 0, 0
295037, 520047305, 0, 0
296028, 459828134, 0, 0
297040, 481210949, 0, 0
298017, 507966001, 0, 0
299058, 476766250, 0, 0
300047, 436975917, 0, 0
301056, 237490309, 0, 0
302024, 394111042, 0, 0
303002, 440658057, 0, 0
304021, 450417699, 0, 0
305062, 436045619, 0, 0
306003, 443819360, 0, 0
307045, 429911422, 0, 0
308054, 440931871, 0, 0
309018, 453412517, 0, 0
310006, 479568857, 0, 0
311019, 480804819, 0, 0
312002, 499669243, 0, 0
313025, 530195580, 0, 0
314060, 521171499, 0, 0
315042, 447721898, 0, 0
316042, 480454822, 0, 0
317023, 442288069, 0, 0
318013, 493283704, 0, 0
319043, 477797802, 0, 0
320025, 459560500, 0, 0
321063, 436079067, 0, 0
322008, 454486429, 0, 0
323069, 466715643, 0, 0
324003, 466918046, 0, 0
325023, 442566399, 0, 0
326060, 442922191, 0, 0
327025, 467046138, 0, 0
328059, 467140503, 0, 0
329048, 449798624, 0, 0
330011, 524936576, 0, 0
331065, 461892600, 0, 0
332038, 435303687, 0, 0
333000, 415122466, 0, 0
334063, 473963152, 0, 0
335064, 479891536, 0, 0
336019, 455008894, 0, 0
337034, 471924744, 0, 0
338029, 452676885, 0, 0
339000, 483195200, 0, 0
340039, 427966877, 0, 0
341018, 464278943, 0, 0
342049, 434673151, 0, 0
343031, 488264168, 0, 0
344002, 443261323, 0, 0
345020, 428584586, 0, 0
346019, 459051736, 0, 0
347011, 495820053, 0, 0
348003, 497503425, 0, 0
349053, 502961776, 0, 0
350033, 488244706, 0, 0
351005, 449096251, 0, 0
352062, 459530166, 0, 0
353035, 504028056, 0, 0
354063, 441348810, 0, 0
355074, 500780940, 0, 0
356039, 448331104, 0, 0
357065, 466647177, 0, 0
358010, 483790582, 0, 0
359021, 485583971, 0, 0
360025, 489319805, 0, 0
361000, 474320569, 0, 0
362010, 499549686, 0, 0
363000, 510050553, 0, 0
364063, 490900445, 0, 0
365040, 510915132, 0, 0
366015, 482581429, 0, 0
367011, 506597167, 0, 0
368005, 480785468, 0, 0
369040, 488623810, 0, 0
370019, 471145370, 0, 0
371056, 428638414, 0, 0
372042, 508283505, 0, 0
373041, 500772232, 0, 0
374016, 509728090, 0, 0
375012, 517293186, 0, 0
376034, 482105354, 0, 0
377041, 468435667, 0, 0
378046, 467793023, 0, 0
379085, 480114374, 0, 0
380038, 494044000, 0, 0
381057, 529666573, 0, 0
382008, 502382208, 0, 0
383023, 499008425, 0, 0
384043, 510713766, 0, 0
385037, 447258801, 0, 0
386040, 497755717, 0, 0
387013, 446490211, 0, 0
388058, 473019460, 0, 0
389023, 477718254, 0, 0
390072, 448133863, 0, 0
391004, 487294457, 0, 0
392036, 458682790, 0, 0
393047, 476031172, 0, 0
394001, 475271889, 0, 0
395077, 468798865, 0, 0
396013, 498496799, 0, 0
397043, 458028833, 0, 0
398060, 472252823, 0, 0
399029, 519871219, 0, 0
400050, 489525011, 0, 0
401032, 443589793, 0, 0
402051, 455151190, 0, 0
403008, 485335253, 0, 0
404039, 504341016, 0, 0
405008, 446950022, 0, 0
406032, 460874469, 0, 0
407058, 497722058, 0, 0
408003, 455376323, 0, 0
409007, 479624136, 0, 0
410001, 481417401, 0, 0
411063, 450603385, 0, 0
412009, 449190528, 0, 0
413060, 478567680, 0, 0
414001, 484090933, 0, 0
415025, 536839372, 0, 0
416010, 595130156, 0, 0
417005, 455822390, 0, 0
418050, 423831485, 0, 0
419040, 454985217, 0, 0
420028, 489346796, 0, 0
421023, 467910699, 0, 0
422063, 450203211, 0, 0
423003, 444631902, 0, 0
424053, 447234119, 0, 0
425013, 451952452, 0, 0
426000, 456512785, 0, 0
427054, 438205880, 0, 0
428085, 439948295, 0, 0
429049, 501086207, 0, 0
430081, 485774055, 0, 0
431055, 472628565, 0, 0
432042, 480129419, 0, 0
433030, 455667230, 0, 0
434042, 429974901, 0, 0
435070, 462331637, 0, 0
436024, 476506760, 0, 0
437014, 441091994, 0, 0
438073, 455300630, 0, 0
439001, 467277054, 0, 0
440049, 444372956, 0, 0
441049, 482534607, 0, 0
442001, 485093021, 0, 0
443065, 420881491, 0, 0
444011, 458032898, 0, 0
445038, 504928238, 0, 0
446024, 515792748, 0, 0
447025, 464632324, 0, 0
448001, 439352308, 0, 0
449066, 477919657, 0, 0
450045, 524378580, 0, 0
451060, 484110107, 0, 0
452047, 539077132, 0, 0
453067, 516173312, 0, 0
454012, 467340988, 0, 0
455051, 510383611, 0, 0
456061, 517010660, 0, 0
457046, 481248132, 0, 0
458018, 474902303, 0, 0
459026, 454210521, 0, 0
460071, 427490876, 0, 0
461051, 446817576, 0, 0
462000, 452381870, 0, 0
463034, 468881605, 0, 0
464025, 485178639, 0, 0
465017, 537960098, 0, 0
466007, 441822012, 0, 0
467041, 480340267, 0, 0
468044, 455455085, 0, 0
469058, 490136259, 0, 0
470030, 451233362, 0, 0
471012, 460714619, 0, 0
472087, 448549400, 0, 0
473049, 503438844, 0, 0
474044, 458967528, 0, 0
475046, 478491315, 0, 0
476051, 442773775, 0, 0
477077, 450964336, 0, 0
478074, 485666535, 0, 0
479063, 473281161, 0, 0
480014, 488815315, 0, 0
481045, 430364385, 0, 0
482027, 449822109, 0, 0
483056, 444787997, 0, 0
484055, 427542165, 0, 0
485059, 486098584, 0, 0
486043, 471649543, 0, 0
487000, 480687373, 0, 0
488041, 446185688, 0, 0
489041, 509279562, 0, 0
490050, 500760896, 0, 0
491031, 441944882, 0, 0
492028, 443186125, 0, 0
493055, 477910337, 0, 0
494017, 451884334, 0, 0
495001, 490879384, 0, 0
496062, 463263321, 0, 0
497030, 453408593, 0, 0
498002, 469823623, 0, 0
499057, 493231550, 0, 0
500020, 438116180, 0, 0
501010, 498687501, 0, 0
502070, 452847673, 0, 0
503008, 479293468, 0, 0
504048, 480072815, 0, 0
505018, 500529253, 0, 0
506005, 456886493, 0, 0
507012, 468205243, 0, 0
508023, 482316914, 0, 0
509050, 491047060, 0, 0
510009, 477919254, 0, 0
511014, 439433851, 0, 0
512000, 501249609, 0, 0
513054, 469553766, 0, 0
514037, 553491339, 0, 0
515003, 489020727, 0, 0
516015, 441859492, 0, 0
517014, 494392558, 0, 0
518009, 462344917, 0, 0
519068, 471675910, 0, 0
520044, 465238673, 0, 0
521009, 443520837, 0, 0
522024, 469125974, 0, 0
523028, 440054175, 0, 0
524047, 437547233, 0, 0
525036, 430911123, 0, 0
526012, 460109850, 0, 0
527016, 461291432, 0, 0
528064, 504604214, 0, 0
529029, 474070574, 0, 0
530061, 420799481, 0, 0
531020, 465917969, 0, 0
532039, 506656899, 0, 0
533047, 469854790, 0, 0
534038, 421066922, 0, 0
535062, 480960126, 0, 0
536017, 466313353, 0, 0
537025, 515450594, 0, 0
538039, 474908467, 0, 0
539034, 439057168, 0, 0
540051, 499154826, 0, 0
541059, 506013741, 0, 0
542017, 491381155, 0, 0
543012, 451735860, 0, 0
544037, 464022611, 0, 0
545042, 457644222, 0, 0
546062, 499806674, 0, 0
547002, 468122513, 0, 0
548021, 488237042, 0, 0
549003, 460687567, 0, 0
550000, 467370167, 0, 0
551005, 467156228, 0, 0
552006, 450610148, 0, 0
553024, 518540432, 0, 0
554038, 466745487, 0, 0
555039, 463630011, 0, 0
556036, 464118565, 0, 0
557030, 461786113, 0, 0
558061, 442696098, 0, 0
559056, 443728821, 0, 0
560001, 469995961, 0, 0
561054, 488502779, 0, 0
562065, 448105951, 0, 0
563059, 514967474, 0, 0
564044, 434493596, 0, 0
565062, 446438053, 0, 0
566063, 469852238, 0, 0
567018, 474297109, 0, 0
568059, 474381278, 0, 0
569064, 412835092, 0, 0
570062, 468950953, 0, 0
571038, 449539098, 0, 0
572052, 479093481, 0, 0
573012, 439357499, 0, 0
574048, 490609216, 0, 0
575060, 469934643, 0, 0
576061, 470123681, 0, 0
577081, 457925483, 0, 0
578021, 527032742, 0, 0
579057, 448884082, 0, 0
580039, 448613069, 0, 0
581067, 480143562, 0, 0
582055, 503150320, 0, 0
583036, 489603211, 0, 0
584013, 442202458, 0, 0
585033, 470425860, 0, 0
586023, 454765396, 0, 0
587066, 468790861, 0, 0
588062, 458332413, 0, 0
589005, 447963895, 0, 0
590052, 402387192, 0, 0
591049, 417073266, 0, 0
592067, 458182467, 0, 0
593057, 432903348, 0, 0
594044, 432760250, 0, 0
595037, 422522448, 0, 0
596003, 465475016, 0, 0
597004, 444287620, 0, 0
598003, 458270241, 0, 0
599036, 441080790, 0, 0
600007, 405132137, 0, 0
601051, 431153054, 0, 0
602051, 594635727, 0, 0
603050, 450209788, 0, 0
604002, 439270827, 0, 0
605005, 473468779, 0, 0
606035, 426894896, 0, 0
607051, 437183007, 0, 0
608006, 462956851, 0, 0
609006, 435040585, 0, 0
610010, 450676802, 0, 0
611068, 443064320, 0, 0
612007, 503525842, 0, 0
613008, 453698827, 0, 0
614004, 465535895, 0, 0
615059, 483595026, 0, 0
616063, 461648104, 0, 0
617059, 468544862, 0, 0
618046, 489812064, 0, 0
619033, 439804795, 0, 0
620029, 463914304, 0, 0
621062, 475550367, 0, 0
622036, 446618863, 0, 0
623012, 430437877, 0, 0
624016, 460245149, 0, 0
625009, 484715075, 0, 0
626006, 447547510, 0, 0
627022, 468560347, 0, 0
628014, 467689667, 0, 0
629036, 440758633, 0, 0
630022, 440587683, 0, 0
631005, 435522489, 0, 0
632001, 480518200, 0, 0
633019, 477370539, 0, 0
634040, 426204260, 0, 0
635021, 424202707, 0, 0
636028, 423461057, 0, 0
637042, 451503997, 0, 0
638052, 453123257, 0, 0
639054, 463855427, 0, 0
640062, 486882482, 0, 0
641054, 462532936, 0, 0
642008, 439727047, 0, 0
643012, 489668784, 0, 0
644010, 462869425, 0, 0
645029, 445796950, 0, 0
646024, 499630951, 0, 0
647012, 440571243, 0, 0
648025, 449181580, 0, 0
649058, 443523828, 0, 0
650007, 486936367, 0, 0
651003, 454119636, 0, 0
652042, 438836206, 0, 0
653032, 455998316, 0, 0
654023, 449049040, 0, 0
655035, 454188470, 0, 0
656050, 442503061, 0, 0
657022, 464747711, 0, 0
658050, 455486088, 0, 0
659022, 471986044, 0, 0
660047, 466046619, 0, 0
661003, 464703996, 0, 0
662034, 484988080, 0, 0
663055, 479012876, 0, 0
664066, 450858530, 0, 0
665043, 439374554, 0, 0
666032, 461877116, 0, 0
667002, 472442550, 0, 0
668067, 470084523, 0, 0
669057, 477103774, 0, 0
670072, 449513838, 0, 0
671001, 448358847, 0, 0
672047, 456399704, 0, 0
673047, 462387057, 0, 0
674071, 482826440, 0, 0
675033, 416233088, 0, 0
676044, 470145746, 0, 0
677052, 445760171, 0, 0
678038, 422572647, 0, 0
679032, 457689773, 0, 0
680030, 425214414, 0, 0
681012, 471795743, 0, 0
682028, 437948974, 0, 0
683012, 427529642, 0, 0
684049, 437521919, 0, 0
685036, 464409454, 0, 0
686006, 431719087, 0, 0
687027, 412492558, 0, 0
688040, 418857060, 0, 0
689031, 441501643, 0, 0
690010, 458613442, 0, 0
691017, 443771596, 0, 0
692004, 453552829, 0, 0
693052, 466645792, 0, 0
694000, 441704508, 0, 0
695040, 437460432, 0, 0
696046, 433490238, 0, 0
697056, 460798550, 0, 0
698049, 474647698, 0, 0
699007, 450940294, 0, 0
700003, 445456087, 0, 0
701024, 465642746, 0, 0
702052, 446553464, 0, 0
703009, 469947870, 0, 0
704019, 489837878, 0, 0
705064, 470639463, 0, 0
706017, 464363342, 0, 0
707072, 429499555, 0, 0
708042, 433186715, 0, 0
709030, 465679206, 0, 0
710029, 481644556, 0, 0
711015, 471770081, 0, 0
712054, 433927303, 0, 0
713027, 426793849, 0, 0
714064, 441951369, 0, 0
715055, 449673581, 0, 0
716062, 470772826, 0, 0
717047, 463332344, 0, 0
718036, 414891754, 0, 0
719016, 428148671, 0, 0
720063, 419528386, 0, 0
721059, 443193455, 0, 0
722066, 462246227, 0, 0
723007, 478315633, 0, 0
724062, 462370334, 0, 0
725035, 438674854, 0, 0
726049, 456840617, 0, 0
727042, 424262330, 0, 0
728024, 446745207, 0, 0
729078, 444897105, 0, 0
730045, 485974218, 0, 0
731029, 512726888, 0, 0
732029, 449523718, 0, 0
733027, 450654015, 0, 0
734021, 429791311, 0, 0
735002, 472061643, 0, 0
736025, 433606591, 0, 0
737005, 437303489, 0, 0
738073, 462268510, 0, 0
739021, 494527292, 0, 0
740052, 463428765, 0, 0
741017, 472655219, 0, 0
742000, 424837400, 0, 0
743047, 467100086, 0, 0
744042, 429405565, 0, 0
745057, 514320365, 0, 0
746047, 454170339, 0, 0
747057, 443996735, 0, 0
748021, 450458187, 0, 0
749056, 423015289, 0, 0
750004, 441707412, 0, 0
751015, 461954557, 0, 0
752067, 406736227, 0, 0
753016, 473636513, 0, 0
754049, 464241584, 0, 0
755058, 476204927, 0, 0
756053, 442965964, 0, 0
757071, 425185979, 0, 0
758063, 490012085, 0, 0
759043, 421881175, 0, 0
760071, 421150386, 0, 0
761035, 473061773, 0, 0
762027, 482597460, 0, 0
763017, 476314123, 0, 0
764022, 477112203, 0, 0
765014, 476190456, 0, 0
766005, 446293964, 0, 0
767066, 455079462, 0, 0
768049, 421690490, 0, 0
769048, 452063133, 0, 0
770000, 430680201, 0, 0
771039, 416711471, 0, 0
772045, 458756348, 0, 0
773051, 430678524, 0, 0
774069, 452454344, 0, 0
775004, 436623190, 0, 0
776003, 469324775, 0, 0
777051, 455793153, 0, 0
778010, 439258446, 0, 0
779033, 460417672, 0, 0
780007, 433129982, 0, 0
781057, 483260537, 0, 0
782064, 471315766, 0, 0
783024, 457873403, 0, 0
784069, 442187716, 0, 0
785040, 451933541, 0, 0
786056, 474982378, 0, 0
787054, 471992410, 0, 0
788063, 451083887, 0, 0
789041, 441346887, 0, 0
790052, 472007740, 0, 0
791022, 457901749, 0, 0
792024, 451897061, 0, 0
793008, 411389543, 0, 0
794054, 439946618, 0, 0
795031, 433681384, 0, 0
796040, 488072324, 0, 0
797025, 452779702, 0, 0
798043, 438872578, 0, 0
799027, 429146476, 0, 0
800018, 446914578, 0, 0
801032, 446961946, 0, 0
802026, 456226707, 0, 0
803041, 441724873, 0, 0
804034, 458537519, 0, 0
805063, 508004179, 0, 0
806058, 459329769, 0, 0
807040, 410357508, 0, 0
808019, 506933782, 0, 0
809016, 429587236, 0, 0
810024, 461974856, 0, 0
811068, 447614560, 0, 0
812048, 466648801, 0, 0
813009, 465045134, 0, 0
814013, 453227149, 0, 0
815046, 433247482, 0, 0
816063, 445876961, 0, 0
817038, 451780711, 0, 0
818008, 439382103, 0, 0
819000, 465133782, 0, 0
820058, 456166117, 0, 0
821032, 464561059, 0, 0
822040, 428826313, 0, 0
823060, 462193282, 0, 0
824050, 442054863, 0, 0
825006, 460535089, 0, 0
826049, 459630099, 0, 0
827039, 499122770, 0, 0
828052, 462005098, 0, 0
829037, 466563352, 0, 0
830012, 422237959, 0, 0
831019, 473829068, 0, 0
832008, 460628134, 0, 0
833059, 445869679, 0, 0
834032, 478828176, 0, 0
835008, 451558374, 0, 0
836065, 468317038, 0, 0
837034, 458730057, 0, 0
838013, 426937552, 0, 0
839062, 474333141, 0, 0
840067, 456235385, 0, 0
841000, 425296907, 0, 0
842016, 423764213, 0, 0
843075, 425818433, 0, 0
844000, 471236680, 0, 0
845043, 437982328, 0, 0
846000, 472421367, 0, 0
847000, 432159967, 0, 0
848007, 475125765, 0, 0
849068, 452997053, 0, 0
850040, 460656047, 0, 0
851007, 455157279, 0, 0
852052, 445722996, 0, 0
853040, 437898231, 0, 0
854040, 432727492, 0, 0
855008, 459272088, 0, 0
856006, 444288548, 0, 0
857047, 471755946, 0, 0
858026, 427220724, 0, 0
859062, 448196075, 0, 0
860039, 461867032, 0, 0
861059, 443344456, 0, 0
862027, 425053289, 0, 0
863052, 436002056, 0, 0
864061, 428148893, 0, 0
865066, 463890095, 0, 0
866013, 452924681, 0, 0
867009, 432091961, 0, 0
868056, 460361645, 0, 0
869040, 460627302, 0, 0
870015, 464409708, 0, 0
871000, 458439732, 0, 0
872062, 465323624, 0, 0
873043, 461462414, 0, 0
874053, 460222393, 0, 0
875064, 451786416, 0, 0
876017, 404319554, 0, 0
877053, 485742097, 0, 0
878071, 465819346, 0, 0
879056, 436589936, 0, 0
880010, 421420398, 0, 0
881015, 448232535, 0, 0
882034, 458824400, 0, 0
883076, 471744368, 0, 0
884033, 431151477, 0, 0
885068, 494861437, 0, 0
886061, 449357983, 0, 0
887065, 497809050, 0, 0
888048, 418403547, 0, 0
889039, 455853493, 0, 0
890007, 510387422, 0, 0
891076, 499613121, 0, 0
892004, 477232669, 0, 0
893020, 421129275, 0, 0
894027, 439664565, 0, 0
895009, 449031101, 0, 0
896009, 463432447, 0, 0
897071, 431561834, 0, 0
898081, 423798061, 0, 0
899006, 446663085, 0, 0
900029, 413733993, 0, 0
901052, 446000693, 0, 0
902025, 461004854, 0, 0
903000, 463900717, 0, 0
904044, 431125862, 0, 0
905082, 456501647, 0, 0
906059, 419486096, 0, 0
907017, 439578158, 0, 0
908035, 431414965, 0, 0
909062, 449002379, 0, 0
910059, 461603034, 0, 0
911021, 451527634, 0, 0
912039, 472180910, 0, 0
913028, 456402429, 0, 0
914025, 483210298, 0, 0
915041, 495341667, 0, 0
916020, 448137640, 0, 0
917033, 496217388, 0, 0
918013, 432965006, 0, 0
919009, 468075695, 0, 0
920055, 499652563, 0, 0
921031, 422599177, 0, 0
922091, 436147004, 0, 0
923014, 460006377, 0, 0
924018, 483897596, 0, 0
925017, 445076362, 0, 0
926054, 442457015, 0, 0
927047, 430584179, 0, 0
928034, 431111664, 0, 0
929015, 445006036, 0, 0
930020, 458744924, 0, 0
931001, 433020542, 0, 0
932000, 456198816, 0, 0
933039, 452234628, 0, 0
934067, 433377766, 0, 0
935066, 417727493, 0, 0
936048, 465889389, 0, 0
937025, 442682097, 0, 0
938012, 461388159, 0, 0
939065, 449344694, 0, 0
940014, 478000883, 0, 0
941011, 439329053, 0, 0
942015, 468493514, 0, 0
943067, 463773349, 0, 0
944056, 459020886, 0, 0
945009, 474129227, 0, 0
946010, 479425058, 0, 0
947059, 427659330, 0, 0
948048, 452542724, 0, 0
949039, 478714760, 0, 0
950022, 431492158, 0, 0
951011, 489722093, 0, 0
952069, 469399649, 0, 0
953006, 477573037, 0, 0
954055, 428419821, 0, 0
955031, 443076059, 0, 0
956040, 451777952, 0, 0
957068, 448326340, 0, 0
958005, 464567289, 0, 0
959028, 422365447, 0, 0
960010, 448072383, 0, 0
961005, 409020962, 0, 0
962026, 458763072, 0, 0
963016, 502644811, 0, 0
964067, 453378321, 0, 0
965009, 453045827, 0, 0
966051, 441145433, 0, 0
967031, 456471089, 0, 0
968019, 445422641, 0, 0
969067, 461317233, 0, 0
970026, 507890059, 0, 0
971042, 471391948, 0, 0
972032, 489575346, 0, 0
973060, 460863715, 0, 0
974046, 410899347, 0, 0
975043, 455633353, 0, 0
976038, 464163196, 0, 0
977037, 458257543, 0, 0
978032, 456965655, 0, 0
979002, 445707872, 0, 0
980001, 462203116, 0, 0
981029, 455517231, 0, 0
982054, 447006205, 0, 0
983064, 448094162, 0, 0
984008, 405606985, 0, 0
985033, 416077808, 0, 0
986030, 470952263, 0, 0
987031, 474110796, 0, 0
988063, 449673316, 0, 0
989066, 435799991, 0, 0
990033, 404548355, 0, 0
991005, 431352363, 0, 0
992043, 426562036, 0, 0
993033, 458450462, 0, 0
994011, 468349668, 0, 0
995016, 442717170, 0, 0
996014, 467577790, 0, 0
997029, 484163546, 0, 0
998053, 446632378, 0, 0
999015, 412286101, 0, 0
1000027, 449188175, 0, 0
1001049, 449053332, 0, 0
1002036, 489017232, 0, 0
1003013, 445513593, 0, 0
1004055, 560353354, 0, 0
1005056, 492162496, 0, 0
1006037, 471017045, 0, 0
1007034, 466745510, 0, 0
1008046, 474979867, 0, 0
1009008, 472305466, 0, 0
1010030, 448185824, 0, 0
1011027, 449306873, 0, 0
1012053, 439408537, 0, 0
1013057, 434269826, 0, 0
1014045, 454696706, 0, 0
1015010, 460364694, 0, 0
1016033, 494223371, 0, 0
1017023, 420490744, 0, 0
1018046, 426431164, 0, 0
1019000, 411353875, 0, 0
1020026, 452776670, 0, 0
1021051, 467437035, 0, 0
1022045, 494437679, 0, 0
1023017, 469054326, 0, 0
1024015, 429873407, 0, 0
1025064, 463651316, 0, 0
1026001, 459877236, 0, 0
1027064, 441095267, 0, 0
1028019, 442228536, 0, 0
1029034, 429798787, 0, 0
1030007, 417648501, 0, 0
1031062, 472426228, 0, 0
1032039, 461424732, 0, 0
1033016, 451938945, 0, 0
1034047, 415557853, 0, 0
1035002, 488659236, 0, 0
1036066, 468520756, 0, 0
1037003, 472182785, 0, 0
1038015, 455031000, 0, 0
1039063, 479881183, 0, 0
1040009, 428797181, 0, 0
1041058, 445876883, 0, 0
1042016, 432328242, 0, 0
1043007, 450619052, 0, 0
1044024, 470995944, 0, 0
1045060, 479419388, 0, 0
1046014, 434865493, 0, 0
1047065, 456746315, 0, 0
1048022, 477584448, 0, 0
1049022, 418884840, 0, 0
1050013, 445289424, 0, 0
1051052, 496398239, 0, 0
1052063, 411903540, 0, 0
1053000, 516136771, 0, 0
1054046, 448852172, 0, 0
1055034, 401612386, 0, 0
1056056, 450818309, 0, 0
1057043, 435703911, 0, 0
1058034, 459621833, 0, 0
1059013, 431215269, 0, 0
1060008, 448663132, 0, 0
1061053, 412389047, 0, 0
1062025, 446034214, 0, 0
1063033, 429577606, 0, 0
1064034, 417602153, 0, 0
1065001, 416773735, 0, 0
1066043, 486654057, 0, 0
1067030, 471185459, 0, 0
1068043, 453321739, 0, 0
1069018, 436169287, 0, 0
1070028, 435715599, 0, 0
1071046, 428580080, 0, 0
1072011, 477171938, 0, 0
1073063, 426837762, 0, 0
1074035, 437526133, 0, 0
1075047, 452129371, 0, 0
1076043, 476401228, 0, 0
1077018, 441629769, 0, 0
1078007, 436268942, 0, 0
1079036, 433038537, 0, 0
1080043, 438245194, 0, 0
1081043, 472422626, 0, 0
1082051, 439385341, 0, 0
1083019, 447349395, 0, 0
1084073, 421089320, 0, 0
1085016, 482731270, 0, 0
1086022, 449885614, 0, 0
1087025, 468891387, 0, 0
1088031, 453987555, 0, 0
1089009, 450511669, 0, 0
1090068, 431409171, 0, 0
1091056, 473463516, 0, 0
1092079, 479808597, 0, 0
1093069, 447186804, 0, 0
1094057, 437891313, 0, 0
1095071, 464143378, 0, 0
1096033, 456084603, 0, 0
1097046, 449012391, 0, 0
1098059, 443471470, 0, 0
1099002, 442261242, 0, 0
1100019, 396753137, 0, 0
1101013, 478918358, 0, 0
1102027, 409042822, 0, 0
1103052, 442475629, 0, 0
1104071, 451981598, 0, 0
1105001, 439755822, 0, 0
1106067, 451312672, 0, 0
1107009, 433760513, 0, 0
1108016, 438149865, 0, 0
1109050, 424119052, 0, 0
1110017, 471713319, 0, 0
1111024, 445829028, 0, 0
1112041, 464920891, 0, 0
1113068, 428759663, 0, 0
1114023, 419331470, 0, 0
1115025, 425647963, 0, 0
1116057, 451284352, 0, 0
1117008, 454162401, 0, 0
1118055, 467082801, 0, 0
1119051, 434896680, 0, 0
1120037, 441403954, 0, 0
1121013, 458097908, 0, 0
1122081, 437909962, 0, 0
1123012, 444043429, 0, 0
1124065, 437872453, 0, 0
1125032, 452260637, 0, 0
1126009, 429340061, 0, 0
1127054, 409154472, 0, 0
1128025, 450970068, 0, 0
1129004, 471275684, 0, 0
1130001, 453958524, 0, 0
1131057, 424898755, 0, 0
1132002, 429654345, 0, 0
1133065, 443349313, 0, 0
1134000, 444718851, 0, 0
1135010, 464721786, 0, 0
1136029, 446513408, 0, 0
1137000, 458093467, 0, 0
1138003, 429428000, 0, 0
1139019, 441475289, 0, 0
1140044, 451817974, 0, 0
1141010, 436027837, 0, 0
1142016, 440291048, 0, 0
1143069, 511017092, 0, 0
1144026, 463944775, 0, 0
1145012, 449763465, 0, 0
1146059, 463051026, 0, 0
1147054, 437883357, 0, 0
1148082, 406448960, 0, 0
1149008, 438942736, 0, 0
1150000, 412682131, 0, 0
1151006, 477752154, 0, 0
1152005, 451027757, 0, 0
1153019, 449168051, 0, 0
1154027, 479886937, 0, 0
1155062, 441576613, 0, 0
1156057, 444523973, 0, 0
1157027, 466477235, 0, 0
1158002, 429768181, 0, 0
1159042, 427091801, 0, 0
1160036, 442192710, 0, 0
1161009, 415682803, 0, 0
1162052, 466572516, 0, 0
1163042, 458733570, 0, 0
1164025, 437584140, 0, 0
1165023, 463064195, 0, 0
1166052, 447943822, 0, 0
1167046, 469873459, 0, 0
1168068, 448700848, 0, 0
1169062, 440356966, 0, 0
1170043, 436174502, 0, 0
1171038, 426462296, 0, 0
1172028, 465014065, 0, 0
1173050, 468884013, 0, 0
1174052, 431424369, 0, 0
1175058, 433936356, 0, 0
1176038, 432586185, 0, 0
1177016, 425995460, 0, 0
1178014, 424202480, 0, 0
1179067, 377303091, 0, 0
1180060, 415107187, 0, 0
1181051, 424195595, 0, 0
1182029, 422636635, 0, 0
1183051, 439471994, 0, 0
1184021, 435263280, 0, 0
1185065, 431450388, 0, 0
1186022, 445080641, 0, 0
1187047, 414433777, 0, 0
1188006, 485275114, 0, 0
1189056, 456765186, 0, 0
1190057, 445986215, 0, 0
1191008, 433621930, 0, 0
1192010, 415519871, 0, 0
1193068, 438659493, 0, 0
1194027, 425777320, 0, 0
1195004, 423123847, 0, 0
1196074, 420791906, 0, 0
1197050, 463512506, 0, 0
1198037, 440572996, 0, 0
1199042, 428314573, 0, 0
1200063, 453351722, 0, 0
1200174, 372690038, 0, 0
