1030, 421772108, 0, 0
2064, 162093291, 0, 0
3048, 532420933, 0, 0
4032, 517693421, 0, 0
5040, 252075291, 0, 0
6013, 496582753, 0, 0
7013, 548002043, 0, 0
8057, 181113386, 0, 0
9062, 273473859, 0, 0
10013, 464729443, 0, 0
11000, 424750471, 0, 0
12058, 271083196, 0, 0
13001, 250421598, 0, 0
14044, 246377462, 0, 0
15057, 536915176, 0, 0
16002, 256477521, 0, 0
17043, 511128264, 0, 0
18053, 247702956, 0, 0
19054, 167556303, 0, 0
20010, 533924515, 0, 0
21044, 284866832, 0, 0
22026, 494806950, 0, 0
23030, 549523411, 0, 0
24027, 281023544, 0, 0
25006, 137722673, 0, 0
26003, 547328976, 0, 0
27025, 333628058, 0, 0
28059, 383099538, 0, 0
29057, 538866736, 0, 0
30061, 393942048, 0, 0
31015, 277959037, 0, 0
32065, 508324672, 0, 0
33010, 522018296, 0, 0
34036, 560961939, 0, 0
35023, 539112077, 0, 0
36034, 296489388, 0, 0
37051, 260419657, 0, 0
38000, 121052717, 0, 0
39006, 281797098, 0, 0
40002, 261249844, 0, 0
41029, 280453195, 0, 0
42011, 265003864, 0, 0
43009, 275188344, 0, 0
44019, 490195044, 0, 0
45032, 407510417, 0, 0
46012, 274926662, 0, 0
47027, 523502144, 0, 0
48017, 494072720, 0, 0
49031, 520701237, 0, 0
50057, 551029599, 0, 0
51048, 515551755, 0, 0
52063, 519444089, 0, 0
53017, 240672165, 0, 0
54022, 228114566, 0, 0
55048, 505544289, 0, 0
56048, 525783043, 0, 0
57017, 490468697, 0, 0
58002, 478325662, 0, 0
59063, 510279261, 0, 0
60082, 263635702, 0, 0
61022, 556161143, 0, 0
62003, 528562575, 0, 0
63018, 496455119, 0, 0
64064, 504087303, 0, 0
65014, 526552400, 0, 0
66058, 171464537, 0, 0
67036, 502034064, 0, 0
68023, 495490846, 0, 0
69036, 243006969, 0, 0
70075, 506288397, 0, 0
71018, 241095214, 0, 0
72095, 230348139, 0, 0
73012, 468207356, 0, 0
74055, 492145916, 0, 0
75000, 243317965, 0, 0
76005, 488802587, 0, 0
77047, 498194791, 0, 0
78057, 510009304, 0, 0
79032, 493741717, 0, 0
80016, 461683081, 0, 0
81024, 485828930, 0, 0
82009, 160679652, 0, 0
83015, 552282715, 0, 0
84057, 171144649, 0, 0
85070, 116793340, 0, 0
86032, 506611523, 0, 0
87061, 511409799, 0, 0
88013, 469122531, 0, 0
89060, 509971064, 0, 0
90026, 225493686, 0, 0
91039, 494314929, 0, 0
92015, 76913334, 0, 0
93046, 492711237, 0, 0
94042, 458138176, 0, 0
95027, 522773584, 0, 0
96022, 490701164, 0, 0
97002, 520954833, 0, 0
98010, 230960434, 0, 0
99010, 505766679, 0, 0
100040, 505296324, 0, 0
101024, 114488042, 0, 0
102015, 468723745, 0, 0
103035, 513870346, 0, 0
104030, 463296611, 0, 0
105005, 518245562, 0, 0
106027, 501038684, 0, 0
107063, 502102822, 0, 0
108046, 229807242, 0, 0
109006, 510103210, 0, 0
110054, 479139189, 0, 0
111066, 151206455, 0, 0
112084, 237235157, 0, 0
113045, 515419616, 0, 0
114035, 512981090, 0, 0
115064, 484269696, 0, 0
116051, 475576058, 0, 0
117007, 543045494, 0, 0
118034, 519041235, 0, 0
119020, 524733610, 0, 0
120049, 514906149, 0, 0
121008, 552943244, 0, 0
122066, 570067561, 0, 0
123006, 552391387, 0, 0
124034, 490281092, 0, 0
125040, 546723840, 0, 0
126029, 498659261, 0, 0
127042, 120823244, 0, 0
128055, 528935798, 0, 0
129008, 506618808, 0, 0
130005, 501838869, 0, 0
131022, 563423186, 0, 0
132056, 128600647, 0, 0
133034, 157396503, 0, 0
134000, 172898367, 0, 0
135007, 412901236, 0, 0
136010, 492769082, 0, 0
137003, 536209220, 0, 0
138067, 533574575, 0, 0
139061, 228166448, 0, 0
140045, 514671707, 0, 0
141018, 224538790, 0, 0
142038, 240577846, 0, 0
143014, 491201869, 0, 0
144068, 516929175, 0, 0
145064, 217418989, 0, 0
146050, 495719487, 0, 0
147028, 446767853, 0, 0
148000, 238164699, 0, 0
149001, 453144510, 0, 0
150007, 238256664, 0, 0
151047, 453728927, 0, 0
152022, 165702499, 0, 0
153008, 465677431, 0, 0
154026, 186020976, 0, 0
155004, 396978745, 0, 0
156073, 471250047, 0, 0
157069, 149534941, 0, 0
158027, 503421919, 0, 0
159043, 243689823, 0, 0
160059, 503198712, 0, 0
161029, 244753921, 0, 0
162044, 494167218, 0, 0
163016, 433493732, 0, 0
164043, 436046272, 0, 0
165047, 149650896, 0, 0
166008, 509833264, 0, 0
167051, 154200850, 0, 0
168040, 543910842, 0, 0
169066, 528118085, 0, 0
170031, 550694683, 0, 0
171063, 546834047, 0, 0
172019, 537861191, 0, 0
173006, 502420495, 0, 0
174009, 453894816, 0, 0
175011, 457064346, 0, 0
176054, 241506669, 0, 0
177070, 250975283, 0, 0
178054, 168808788, 0, 0
179061, 262285620, 0, 0
180069, 428195003, 0, 0
181004, 461781308, 0, 0
182046, 242726146, 0, 0
183020, 500227027, 0, 0
184020, 447876957, 0, 0
185056, 467952444, 0, 0
186066, 455610239, 0, 0
187073, 237509442, 0, 0
188033, 232417344, 0, 0
189044, 507442327, 0, 0
190029, 484516068, 0, 0
191002, 228702819, 0, 0
192013, 212743926, 0, 0
193019, 154989116, 0, 0
194041, 495078559, 0, 0
195050, 520710158, 0, 0
196023, 216361842, 0, 0
197069, 508915493, 0, 0
198007, 512268671, 0, 0
199050, 477236326, 0, 0
200054, 528307658, 0, 0
201040, 232297408, 0, 0
202059, 508417258, 0, 0
203028, 482613154, 0, 0
204041, 467793402, 0, 0
205061, 528827112, 0, 0
206079, 474981468, 0, 0
207067, 465360290, 0, 0
208042, 449549495, 0, 0
209041, 447783541, 0, 0
210049, 520219622, 0, 0
211041, 491338637, 0, 0
212014, 481710368, 0, 0
213024, 225922618, 0, 0
214019, 459973317, 0, 0
215072, 158377573, 0, 0
216010, 461677429, 0, 0
217005, 543989302, 0, 0
218046, 534412421, 0, 0
219035, 459969023, 0, 0
220009, 227460395, 0, 0
221064, 482532385, 0, 0
222050, 503069620, 0, 0
223027, 490443683, 0, 0
224020, 110142478, 0, 0
225059, 461322452, 0, 0
226015, 456006376, 0, 0
227055, 464082621, 0, 0
228033, 333502503, 0, 0
229018, 278860063, 0, 0
230045, 517975869, 0, 0
231021, 464706559, 0, 0
232023, 265954199, 0, 0
233055, 478209419, 0, 0
234042, 506404849, 0, 0
235026, 479852548, 0, 0
236077, 426360384, 0, 0
237054, 238577526, 0, 0
238043, 219234042, 0, 0
239051, 234337493, 0, 0
240050, 259479401, 0, 0
241052, 361744074, 0, 0
242052, 251704634, 0, 0
243007, 485235822, 0, 0
244049, 304893431, 0, 0
245056, 303922959, 0, 0
246026, 272256525, 0, 0
247007, 251141047, 0, 0
248014, 329310310, 0, 0
249063, 536189028, 0, 0
250038, 496501880, 0, 0
251028, 504922334, 0, 0
252028, 499089457, 0, 0
253041, 497304566, 0, 0
254049, 468893016, 0, 0
255080, 495030045, 0, 0
256019, 538705741, 0, 0
257007, 458547615, 0, 0
258052, 492154612, 0, 0
259051, 460331474, 0, 0
260007, 495359614, 0, 0
261004, 445935507, 0, 0
262033, 498696819, 0, 0
263060, 486356115, 0, 0
264047, 223815757, 0, 0
265030, 443085865, 0, 0
266041, 478196844, 0, 0
267053, 531438133, 0, 0
268063, 507654958, 0, 0
269040, 442904183, 0, 0
270053, 239840641, 0, 0
271065, 449145624, 0, 0
272046, 511190625, 0, 0
273057, 541218317, 0, 0
274055, 524157570, 0, 0
275060, 484011342, 0, 0
276016, 480506246, 0, 0
277064, 461862127, 0, 0
278068, 506334855, 0, 0
279029, 488419871, 0, 0
280043, 436395051, 0, 0
281078, 433643794, 0, 0
282048, 507511706, 0, 0
283046, 458697255, 0, 0
284036, 490672720, 0, 0
285016, 219500671, 0, 0
286042, 453067260, 0, 0
287051, 507221858, 0, 0
288067, 510700447, 0, 0
289046, 524021691, 0, 0
290052, 481390322, 0, 0
291063, 478432221, 0, 0
292069, 506856180, 0, 0
293067, 479671428, 0, 0
294031, 467916999, 0, 0
295026, 484175469, 0, 0
296021, 487079677, 0, 0
297034, 452728902, 0, 0
298013, 444870304, 0, 0
299050, 453356696, 0, 0
300056, 464669309, 0, 0
301041, 418920133, 0, 0
302009, 430122406, 0, 0
303010, 461460705, 0, 0
304018, 357219553, 0, 0
305010, 278008806, 0, 0
306000, 431599005, 0, 0
307003, 476029291, 0, 0
308015, 444336120, 0, 0
309061, 477499709, 0, 0
310009, 512777599, 0, 0
311018, 505520881, 0, 0
312003, 460685916, 0, 0
313032, 491982411, 0, 0
314003, 461897663, 0, 0
315064, 482258219, 0, 0
316034, 494326710, 0, 0
317022, 462737419, 0, 0
318078, 536070376, 0, 0
319020, 467698969, 0, 0
320004, 451896042, 0, 0
321035, 471354479, 0, 0
322037, 484300760, 0, 0
323054, 526332585, 0, 0
324074, 474065983, 0, 0
325047, 491304156, 0, 0
326008, 425002832, 0, 0
327032, 402019920, 0, 0
328040, 467207249, 0, 0
329011, 463490271, 0, 0
330069, 452638820, 0, 0
331011, 526081519, 0, 0
332061, 465897886, 0, 0
333017, 456934519, 0, 0
334037, 433665623, 0, 0
335050, 489995842, 0, 0
336069, 469789529, 0, 0
337061, 491068615, 0, 0
338028, 452704822, 0, 0
339021, 457252983, 0, 0
340010, 464582050, 0, 0
341027, 496187434, 0, 0
342058, 514417360, 0, 0
343041, 521992062, 0, 0
344051, 485643010, 0, 0
345002, 528155961, 0, 0
346016, 471857632, 0, 0
347032, 512278228, 0, 0
348009, 453265050, 0, 0
349067, 490792201, 0, 0
350002, 394003882, 0, 0
351040, 309426104, 0, 0
352012, 311649929, 0, 0
353009, 444304402, 0, 0
354068, 427342454, 0, 0
355058, 446547329, 0, 0
356065, 445399885, 0, 0
357011, 497434042, 0, 0
358029, 476625488, 0, 0
359069, 486052900, 0, 0
360035, 486223757, 0, 0
361059, 448495048, 0, 0
362020, 466066852, 0, 0
363046, 444082245, 0, 0
364037, 450041964, 0, 0
365035, 462983579, 0, 0
366046, 473929709, 0, 0
367067, 411291683, 0, 0
368017, 507058983, 0, 0
369059, 495036649, 0, 0
370019, 414292634, 0, 0
371020, 451719813, 0, 0
372040, 497898663, 0, 0
373051, 467865628, 0, 0
374024, 476512373, 0, 0
375017, 481380800, 0, 0
376068, 476160044, 0, 0
377025, 452743834, 0, 0
378000, 447701705, 0, 0
379008, 492149367, 0, 0
380011, 470974551, 0, 0
381020, 449998175, 0, 0
382043, 490143530, 0, 0
383043, 489974149, 0, 0
384056, 438506086, 0, 0
385026, 456347255, 0, 0
386052, 473249976, 0, 0
387011, 438929258, 0, 0
388030, 468188096, 0, 0
389002, 481541065, 0, 0
390027, 517850241, 0, 0
391000, 455246362, 0, 0
392038, 469831618, 0, 0
393023, 452817509, 0, 0
394015, 490929398, 0, 0
395055, 462363387, 0, 0
396051, 478752105, 0, 0
397046, 470107061, 0, 0
398049, 491019215, 0, 0
399000, 495430407, 0, 0
400024, 498615230, 0, 0
401049, 451256290, 0, 0
402025, 407503773, 0, 0
403053, 479489308, 0, 0
404042, 453629142, 0, 0
405007, 437212823, 0, 0
406000, 425093876, 0, 0
407049, 443568515, 0, 0
408029, 509191861, 0, 0
409034, 427977507, 0, 0
410021, 479678796, 0, 0
411063, 460786008, 0, 0
412013, 432230184, 0, 0
413001, 468216844, 0, 0
414060, 462339024, 0, 0
415068, 477457279, 0, 0
416040, 501359172, 0, 0
417035, 424926439, 0, 0
418035, 432597906, 0, 0
419039, 452264947, 0, 0
420033, 464284737, 0, 0
421002, 467279913, 0, 0
422004, 491482229, 0, 0
423070, 439952993, 0, 0
424001, 442427002, 0, 0
425019, 443209695, 0, 0
426015, 437354897, 0, 0
427039, 462981122, 0, 0
428042, 454352545, 0, 0
429048, 475544718, 0, 0
430018, 431781272, 0, 0
431059, 415405771, 0, 0
432031, 489399191, 0, 0
433011, 467760233, 0, 0
434049, 441156869, 0, 0
435006, 427463385, 0, 0
436056, 467542040, 0, 0
437047, 458455408, 0, 0
438019, 452628467, 0, 0
439052, 428849657, 0, 0
440025, 452806699, 0, 0
441020, 460514131, 0, 0
442051, 492297027, 0, 0
443062, 492093308, 0, 0
444013, 476123441, 0, 0
445018, 504230660, 0, 0
446041, 493568490, 0, 0
447036, 501709868, 0, 0
448007, 470607299, 0, 0
449014, 467238474, 0, 0
450034, 473780248, 0, 0
451024, 461044415, 0, 0
452064, 465511280, 0, 0
453028, 438105998, 0, 0
454045, 510685104, 0, 0
455048, 462292231, 0, 0
456052, 462965051, 0, 0
457006, 492944361, 0, 0
458005, 484843449, 0, 0
459050, 461708866, 0, 0
460009, 476921188, 0, 0
461059, 453001249, 0, 0
462020, 464984790, 0, 0
463035, 461347120, 0, 0
464026, 444249205, 0, 0
465027, 484388807, 0, 0
466026, 441987008, 0, 0
467002, 478673261, 0, 0
468071, 447007621, 0, 0
469014, 480018645, 0, 0
470027, 477170765, 0, 0
471027, 451309940, 0, 0
472006, 439442379, 0, 0
473017, 414969534, 0, 0
474005, 445336488, 0, 0
475018, 478492542, 0, 0
476012, 426782177, 0, 0
477003, 486321097, 0, 0
478056, 448930494, 0, 0
479052, 445709902, 0, 0
480003, 456072638, 0, 0
481021, 439696695, 0, 0
482069, 434870622, 0, 0
483038, 439936742, 0, 0
484014, 457210023, 0, 0
485065, 433453846, 0, 0
486009, 411065517, 0, 0
487019, 455500906, 0, 0
488039, 466896583, 0, 0
489058, 428715628, 0, 0
490024, 475134691, 0, 0
491021, 445012995, 0, 0
492062, 453112314, 0, 0
493054, 430686622, 0, 0
494028, 450832049, 0, 0
495035, 446016811, 0, 0
496035, 460237249, 0, 0
497006, 453508724, 0, 0
498057, 456716912, 0, 0
499005, 445202247, 0, 0
500054, 440507106, 0, 0
501051, 414301720, 0, 0
502072, 461876542, 0, 0
503030, 427159126, 0, 0
504028, 432140561, 0, 0
505059, 447366012, 0, 0
506064, 453237901, 0, 0
507065, 455578019, 0, 0
508047, 436070708, 0, 0
509016, 441580173, 0, 0
510063, 441571555, 0, 0
511071, 475566298, 0, 0
512067, 445422696, 0, 0
513068, 435406097, 0, 0
514032, 490539816, 0, 0
515018, 491979412, 0, 0
516001, 497735286, 0, 0
517065, 472874060, 0, 0
518017, 466767724, 0, 0
519047, 451353621, 0, 0
520034, 437444516, 0, 0
521033, 471043200, 0, 0
522024, 476211368, 0, 0
523022, 476552051, 0, 0
524007, 463460772, 0, 0
525054, 481521624, 0, 0
526036, 480592800, 0, 0
527061, 447205666, 0, 0
528045, 442533833, 0, 0
529056, 463754512, 0, 0
530024, 457307039, 0, 0
531028, 435461654, 0, 0
532044, 406038975, 0, 0
533036, 461470588, 0, 0
534016, 454438327, 0, 0
535051, 413400730, 0, 0
536040, 451498353, 0, 0
537040, 448702949, 0, 0
538057, 474918589, 0, 0
539000, 512200431, 0, 0
540007, 420425078, 0, 0
541021, 438941399, 0, 0
542032, 461078258, 0, 0
543044, 431993478, 0, 0
544017, 428681286, 0, 0
545014, 420811845, 0, 0
546075, 439469696, 0, 0
547014, 435008376, 0, 0
548050, 449577065, 0, 0
549025, 475336500, 0, 0
550046, 415576126, 0, 0
551069, 476353190, 0, 0
552027, 454295704, 0, 0
553011, 445228620, 0, 0
554033, 466942692, 0, 0
555002, 428447200, 0, 0
556041, 396522478, 0, 0
557032, 432490282, 0, 0
558064, 448588762, 0, 0
559054, 454134381, 0, 0
560049, 430348648, 0, 0
561057, 442594843, 0, 0
562061, 434411318, 0, 0
563006, 433971364, 0, 0
564018, 413981496, 0, 0
565027, 469776041, 0, 0
566036, 438201421, 0, 0
567062, 462728156, 0, 0
568022, 455109616, 0, 0
569025, 453808893, 0, 0
570000, 429435251, 0, 0
571056, 457186984, 0, 0
572081, 446521437, 0, 0
573008, 431265060, 0, 0
574059, 403293868, 0, 0
575051, 430835341, 0, 0
576036, 436078218, 0, 0
577061, 457288828, 0, 0
578000, 446577550, 0, 0
579059, 466715536, 0, 0
580019, 459675302, 0, 0
581021, 473775497, 0, 0
582056, 454552091, 0, 0
583009, 461385491, 0, 0
584009, 459154817, 0, 0
585071, 441306534, 0, 0
586001, 453013320, 0, 0
587023, 469016057, 0, 0
588050, 433370610, 0, 0
589034, 456576955, 0, 0
590064, 442423190, 0, 0
591041, 436965814, 0, 0
592020, 419474071, 0, 0
593058, 461891983, 0, 0
594052, 486608108, 0, 0
595019, 433593623, 0, 0
596001, 430542657, 0, 0
597019, 448798953, 0, 0
598007, 430794350, 0, 0
599038, 432749849, 0, 0
600045, 429930277, 0, 0
601010, 440897522, 0, 0
602033, 577963729, 0, 0
603015, 450949683, 0, 0
604067, 426948948, 0, 0
605006, 474165402, 0, 0
606063, 503559382, 0, 0
607044, 482086662, 0, 0
608062, 415291638, 0, 0
609056, 463186996, 0, 0
610052, 425030384, 0, 0
611044, 449606844, 0, 0
612007, 492132111, 0, 0
613020, 461751549, 0, 0
614017, 460426421, 0, 0
615004, 434870642, 0, 0
616017, 459337428, 0, 0
617063, 442459080, 0, 0
618051, 459637939, 0, 0
619064, 438508733, 0, 0
620054, 437875776, 0, 0
621051, 452972796, 0, 0
622048, 478254742, 0, 0
623079, 446705068, 0, 0
624033, 423150338, 0, 0
625002, 463310748, 0, 0
626046, 465770723, 0, 0
627001, 478924059, 0, 0
628041, 448751638, 0, 0
629078, 434414716, 0, 0
630051, 432921817, 0, 0
631027, 419008057, 0, 0
632051, 459924344, 0, 0
633020, 441131464, 0, 0
634044, 435576350, 0, 0
635040, 417198341, 0, 0
636004, 465899831, 0, 0
637006, 465978731, 0, 0
638038, 417168916, 0, 0
639035, 448841854, 0, 0
640000, 417980582, 0, 0
641065, 483526099, 0, 0
642022, 416077419, 0, 0
643020, 414198896, 0, 0
644053, 457995079, 0, 0
645047, 427702118, 0, 0
646023, 450297473, 0, 0
647037, 484489116, 0, 0
648001, 446737389, 0, 0
649061, 436944513, 0, 0
650066, 438557663, 0, 0
651064, 457333833, 0, 0
652051, 465323914, 0, 0
653056, 439159889, 0, 0
654049, 449565812, 0, 0
655009, 413061990, 0, 0
656036, 419269214, 0, 0
657042, 453680501, 0, 0
658030, 440616026, 0, 0
659042, 442203361, 0, 0
660023, 440016600, 0, 0
661002, 468829862, 0, 0
662061, 421827868, 0, 0
663029, 412538377, 0, 0
664060, 475539842, 0, 0
665039, 434713977, 0, 0
666051, 464287366, 0, 0
667054, 422157853, 0, 0
668013, 458072901, 0, 0
669064, 451844442, 0, 0
670064, 403945049, 0, 0
671053, 437760787, 0, 0
672043, 446157835, 0, 0
673055, 418748922, 0, 0
674049, 437760856, 0, 0
675001, 440126571, 0, 0
676047, 451500501, 0, 0
677063, 470484449, 0, 0
678041, 424660543, 0, 0
679023, 420395140, 0, 0
680012, 454342762, 0, 0
681004, 444364356, 0, 0
682034, 444974880, 0, 0
683003, 434173514, 0, 0
684043, 431687850, 0, 0
685026, 428005957, 0, 0
686043, 428768503, 0, 0
687059, 430851431, 0, 0
688023, 457490528, 0, 0
689051, 438331046, 0, 0
690039, 486544557, 0, 0
691015, 437783511, 0, 0
692061, 424171913, 0, 0
693039, 468582811, 0, 0
694025, 446069977, 0, 0
695075, 391137101, 0, 0
696043, 436060603, 0, 0
697048, 458254417, 0, 0
698068, 461496867, 0, 0
699000, 462444121, 0, 0
700064, 442355763, 0, 0
701019, 436631695, 0, 0
702040, 441992351, 0, 0
703043, 500816118, 0, 0
704032, 442343834, 0, 0
705022, 483279914, 0, 0
706057, 424166112, 0, 0
707037, 440743054, 0, 0
708061, 440903019, 0, 0
709031, 455122645, 0, 0
710027, 489918205, 0, 0
711026, 465346336, 0, 0
712065, 462609168, 0, 0
713049, 441774307, 0, 0
714054, 389576497, 0, 0
715038, 430923445, 0, 0
716022, 439375064, 0, 0
717046, 438801898, 0, 0
718070, 416696074, 0, 0
719060, 422387410, 0, 0
720024, 435671957, 0, 0
721018, 477689257, 0, 0
722020, 474499378, 0, 0
723024, 463657098, 0, 0
724046, 444603687, 0, 0
725049, 489113304, 0, 0
726027, 441875471, 0, 0
727035, 466155810, 0, 0
728023, 433484350, 0, 0
729074, 413465035, 0, 0
730044, 438978410, 0, 0
731016, 439312362, 0, 0
732072, 402086433, 0, 0
733042, 442170968, 0, 0
734034, 466489763, 0, 0
735049, 459645530, 0, 0
736051, 440997186, 0, 0
737022, 467668115, 0, 0
738038, 436147957, 0, 0
739017, 485794660, 0, 0
740053, 460083229, 0, 0
741025, 436002265, 0, 0
742045, 447130100, 0, 0
743036, 434083296, 0, 0
744030, 396334699, 0, 0
745067, 394457158, 0, 0
746015, 469783542, 0, 0
747048, 422501831, 0, 0
748059, 431815556, 0, 0
749039, 420354542, 0, 0
750001, 413633600, 0, 0
751039, 452591637, 0, 0
752051, 466861003, 0, 0
753031, 441844417, 0, 0
754060, 479226248, 0, 0
755013, 444742820, 0, 0
756004, 408040790, 0, 0
757026, 427491259, 0, 0
758028, 459044046, 0, 0
759048, 545207600, 0, 0
760062, 436025220, 0, 0
761034, 472158201, 0, 0
762049, 435600839, 0, 0
763057, 441646356, 0, 0
764043, 440043124, 0, 0
765052, 482665349, 0, 0
766027, 430828115, 0, 0
767031, 414074902, 0, 0
768034, 455802113, 0, 0
769043, 428584284, 0, 0
770018, 411851340, 0, 0
771048, 433990619, 0, 0
772013, 420419378, 0, 0
773048, 437726326, 0, 0
774033, 436305743, 0, 0
775063, 422481656, 0, 0
776062, 443859960, 0, 0
777045, 411968319, 0, 0
778044, 439914302, 0, 0
779045, 445203084, 0, 0
780064, 459176409, 0, 0
781058, 435199554, 0, 0
782003, 446082949, 0, 0
783059, 426125629, 0, 0
784033, 434598631, 0, 0
785066, 454569558, 0, 0
786033, 489096673, 0, 0
787020, 462502261, 0, 0
788048, 471960431, 0, 0
789038, 423296488, 0, 0
790020, 430225346, 0, 0
791028, 468465733, 0, 0
792068, 423824332, 0, 0
793044, 458616318, 0, 0
794055, 433707285, 0, 0
795048, 414521150, 0, 0
796031, 445498329, 0, 0
797036, 472835323, 0, 0
798044, 431964915, 0, 0
799024, 428553399, 0, 0
800045, 485722428, 0, 0
801035, 458351841, 0, 0
802038, 434411173, 0, 0
803015, 442499714, 0, 0
804062, 435907843, 0, 0
805072, 439460380, 0, 0
806044, 430200683, 0, 0
807033, 443927381, 0, 0
808024, 501196190, 0, 0
809053, 389651243, 0, 0
810051, 433812381, 0, 0
811024, 468638456, 0, 0
812000, 437413838, 0, 0
813067, 451692460, 0, 0
814025, 458577336, 0, 0
815011, 466596516, 0, 0
816011, 471650586, 0, 0
817025, 449997403, 0, 0
818015, 459524693, 0, 0
819062, 442671887, 0, 0
820052, 445317119, 0, 0
821018, 427370833, 0, 0
822031, 458981969, 0, 0
823047, 479278911, 0, 0
824022, 409799000, 0, 0
825028, 444773438, 0, 0
826026, 439633188, 0, 0
827011, 445101608, 0, 0
828056, 428288882, 0, 0
829030, 446184972, 0, 0
830016, 442960199, 0, 0
831044, 436195616, 0, 0
832038, 476509799, 0, 0
833023, 472783127, 0, 0
834010, 418221543, 0, 0
835048, 433238400, 0, 0
836054, 424693626, 0, 0
837029, 419221153, 0, 0
838000, 432578863, 0, 0
839036, 429334236, 0, 0
840055, 426978796, 0, 0
841035, 439083256, 0, 0
842065, 448099576, 0, 0
843051, 444673218, 0, 0
844019, 432724391, 0, 0
845016, 416257877, 0, 0
846070, 437061594, 0, 0
847032, 493519271, 0, 0
848025, 439478441, 0, 0
849013, 435258502, 0, 0
850012, 445070541, 0, 0
851020, 413169576, 0, 0
852017, 413253757, 0, 0
853017, 455611431, 0, 0
854001, 432067842, 0, 0
855001, 438200698, 0, 0
856039, 414094932, 0, 0
857055, 595125918, 0, 0
858066, 440994376, 0, 0
859031, 429737936, 0, 0
860040, 432725058, 0, 0
861026, 449094040, 0, 0
862018, 455394785, 0, 0
863067, 422015921, 0, 0
864010, 449921410, 0, 0
865030, 433393737, 0, 0
866016, 446897546, 0, 0
867012, 464011093, 0, 0
868012, 438942388, 0, 0
869046, 460142317, 0, 0
870064, 452723394, 0, 0
871066, 465887630, 0, 0
872059, 446770073, 0, 0
873038, 424538231, 0, 0
874013, 474194209, 0, 0
875048, 437622270, 0, 0
876059, 435451775, 0, 0
877052, 462917583, 0, 0
878017, 478194977, 0, 0
879002, 460174288, 0, 0
880046, 460724113, 0, 0
881018, 433995929, 0, 0
882011, 447949631, 0, 0
883061, 444342576, 0, 0
884010, 424551632, 0, 0
885005, 452322978, 0, 0
886012, 437807354, 0, 0
887050, 470800089, 0, 0
888028, 468661015, 0, 0
889009, 416103017, 0, 0
890027, 434358860, 0, 0
891027, 466117186, 0, 0
892034, 430967267, 0, 0
893044, 418595174, 0, 0
894006, 416408017, 0, 0
895023, 491156466, 0, 0
896000, 492237064, 0, 0
897066, 454078894, 0, 0
898001, 455636665, 0, 0
899025, 488021689, 0, 0
900033, 446507690, 0, 0
901024, 428514706, 0, 0
902021, 423808679, 0, 0
903042, 444934679, 0, 0
904034, 511073064, 0, 0
905014, 457033409, 0, 0
906050, 473922610, 0, 0
907022, 423372799, 0, 0
908022, 473690488, 0, 0
909057, 457630836, 0, 0
910020, 432741245, 0, 0
911014, 451182531, 0, 0
912055, 452804266, 0, 0
913062, 419291817, 0, 0
914003, 461840275, 0, 0
915018, 446137982, 0, 0
916011, 450992116, 0, 0
917063, 465853231, 0, 0
918047, 394273659, 0, 0
919043, 430710061, 0, 0
920006, 456399771, 0, 0
921007, 418784165, 0, 0
922057, 437305924, 0, 0
923046, 451907376, 0, 0
924057, 497111671, 0, 0
925036, 475499805, 0, 0
926065, 468098904, 0, 0
927050, 474170885, 0, 0
928054, 436258555, 0, 0
929059, 443617293, 0, 0
930048, 477072727, 0, 0
931020, 420869494, 0, 0
932063, 416701637, 0, 0
933048, 445338120, 0, 0
934043, 430613655, 0, 0
935069, 428164964, 0, 0
936008, 461310261, 0, 0
937033, 431302363, 0, 0
938074, 451402129, 0, 0
939056, 462473509, 0, 0
940049, 469474542, 0, 0
941032, 472832447, 0, 0
942011, 434652293, 0, 0
943060, 401496806, 0, 0
944019, 469964753, 0, 0
945007, 455630269, 0, 0
946041, 437960962, 0, 0
947028, 430396122, 0, 0
948053, 474599964, 0, 0
949015, 435199964, 0, 0
950071, 434457071, 0, 0
951036, 425779124, 0, 0
952007, 439341281, 0, 0
953000, 478860331, 0, 0
954045, 407998821, 0, 0
955037, 403918410, 0, 0
956027, 407474910, 0, 0
957014, 475835978, 0, 0
958047, 396620791, 0, 0
959049, 409238613, 0, 0
960015, 452631861, 0, 0
961051, 450204874, 0, 0
962029, 432700723, 0, 0
963019, 413584832, 0, 0
964025, 431439358, 0, 0
965022, 434157620, 0, 0
966019, 456863484, 0, 0
967010, 457912984, 0, 0
968020, 451763797, 0, 0
969062, 432184762, 0, 0
970027, 404777358, 0, 0
971006, 402636118, 0, 0
972010, 438561155, 0, 0
973061, 405654756, 0, 0
974050, 453005514, 0, 0
975001, 428222534, 0, 0
976075, 409032483, 0, 0
977065, 427307712, 0, 0
978069, 453625026, 0, 0
979075, 454094758, 0, 0
980003, 435868049, 0, 0
981010, 467811229, 0, 0
982060, 449029436, 0, 0
983030, 420145034, 0, 0
984050, 455287745, 0, 0
985023, 427459447, 0, 0
986047, 445675991, 0, 0
987026, 441870770, 0, 0
988006, 427496741, 0, 0
989056, 413485277, 0, 0
990063, 436396281, 0, 0
991011, 438449098, 0, 0
992054, 448389029, 0, 0
993042, 421016857, 0, 0
994041, 457169528, 0, 0
995030, 477514342, 0, 0
996035, 386728426, 0, 0
997048, 414870538, 0, 0
998003, 469805295, 0, 0
999055, 450320873, 0, 0
1000013, 407061691, 0, 0
1001025, 468113659, 0, 0
1002060, 438503167, 0, 0
1003032, 441999916, 0, 0
1004052, 610548405, 0, 0
1005019, 472148311, 0, 0
1006004, 449527646, 0, 0
1007081, 447185894, 0, 0
1008023, 427708399, 0, 0
1009052, 488292119, 0, 0
1010011, 426935282, 0, 0
1011037, 415149942, 0, 0
1012001, 407429595, 0, 0
1013059, 410480422, 0, 0
1014000, 453290175, 0, 0
1015058, 414612117, 0, 0
1016049, 425020434, 0, 0
1017057, 466810008, 0, 0
1018020, 439686301, 0, 0
1019063, 415959450, 0, 0
1020043, 467684760, 0, 0
1021057, 426546019, 0, 0
1022047, 450893514, 0, 0
1023049, 455624447, 0, 0
1024030, 441144550, 0, 0
1025042, 436557244, 0, 0
1026048, 433743297, 0, 0
1027005, 419810167, 0, 0
1028004, 442565215, 0, 0
1029021, 458247734, 0, 0
1030021, 440110027, 0, 0
1031023, 430552418, 0, 0
1032058, 450881168, 0, 0
1033007, 459811456, 0, 0
1034056, 438646696, 0, 0
1035034, 447520360, 0, 0
1036008, 469681337, 0, 0
1037013, 456566426, 0, 0
1038066, 419489856, 0, 0
1039043, 393663262, 0, 0
1040053, 428967254, 0, 0
1041046, 458019757, 0, 0
1042061, 464921325, 0, 0
1043044, 440419722, 0, 0
1044047, 452177401, 0, 0
1045039, 435538858, 0, 0
1046017, 396322753, 0, 0
1047025, 387107443, 0, 0
1048042, 243790365, 0, 0
1049020, 145995999, 0, 0
1050007, 373318990, 0, 0
1051042, 408330172, 0, 0
1052071, 419057417, 0, 0
1053021, 413636723, 0, 0
1054010, 418628725, 0, 0
1055018, 417112236, 0, 0
1056051, 413712175, 0, 0
1057028, 415695885, 0, 0
1058038, 406499216, 0, 0
1059036, 406245685, 0, 0
1060011, 442987430, 0, 0
1061031, 470909045, 0, 0
1062014, 431217520, 0, 0
1063002, 420203794, 0, 0
1064059, 436372560, 0, 0
1065015, 430845994, 0, 0
1066049, 428811755, 0, 0
1067041, 459357414, 0, 0
1068013, 434897606, 0, 0
1069052, 419366359, 0, 0
1070006, 408400176, 0, 0
1071041, 405984125, 0, 0
1072000, 426199065, 0, 0
1073010, 450212424, 0, 0
1074067, 408518134, 0, 0
1075026, 426675426, 0, 0
1076004, 425057445, 0, 0
1077044, 439888604, 0, 0
1078041, 408187646, 0, 0
1079040, 424517087, 0, 0
1080000, 394310117, 0, 0
1081032, 416599232, 0, 0
1082008, 397987075, 0, 0
1083012, 427376221, 0, 0
1084008, 428826350, 0, 0
1085055, 445820031, 0, 0
1086043, 418937097, 0, 0
1087052, 387477041, 0, 0
1088061, 394993624, 0, 0
1089003, 415315290, 0, 0
1090079, 424542267, 0, 0
1091037, 410403683, 0, 0
1092052, 418902992, 0, 0
1093063, 440241212, 0, 0
1094012, 456438576, 0, 0
1095023, 423632479, 0, 0
1096058, 420953502, 0, 0
1097030, 415504698, 0, 0
1098067, 407082828, 0, 0
1099029, 385162229, 0, 0
1100019, 418416696, 0, 0
1101006, 419806268, 0, 0
1102053, 483797464, 0, 0
1103029, 419220145, 0, 0
1104012, 399353935, 0, 0
1105000, 445471919, 0, 0
1106001, 454561489, 0, 0
1107000, 411758437, 0, 0
1108064, 414412775, 0, 0
1109023, 394424919, 0, 0
1110043, 455089860, 0, 0
1111056, 399254880, 0, 0
1112023, 423064200, 0, 0
1113024, 445761836, 0, 0
1114051, 448125646, 0, 0
1115029, 450694115, 0, 0
1116062, 427515612, 0, 0
1117047, 428558885, 0, 0
1118030, 423697840, 0, 0
1119008, 428958633, 0, 0
1120064, 438552497, 0, 0
1121058, 419897017, 0, 0
1122030, 408260184, 0, 0
1123041, 377969399, 0, 0
1124015, 416877118, 0, 0
1125063, 409716787, 0, 0
1126055, 410485938, 0, 0
1127041, 432385984, 0, 0
1128004, 448033721, 0, 0
1129060, 425994240, 0, 0
1130004, 446817053, 0, 0
1131039, 434120027, 0, 0
1132119, 423310906, 0, 0
1133036, 444033082, 0, 0
1134013, 430359526, 0, 0
1135026, 452221065, 0, 0
1136062, 407301199, 0, 0
1137045, 413407996, 0, 0
1138061, 437406570, 0, 0
1139053, 415998378, 0, 0
1140011, 434236374, 0, 0
1141057, 406601663, 0, 0
1142008, 457234060, 0, 0
1143007, 431398472, 0, 0
1144025, 388724629, 0, 0
1145067, 447453478, 0, 0
1146072, 404655214, 0, 0
1147005, 447795857, 0, 0
1148007, 451778838, 0, 0
1149011, 399551056, 0, 0
1150061, 434698795, 0, 0
1151053, 443654620, 0, 0
1152038, 456297265, 0, 0
1153013, 397892570, 0, 0
1154035, 402185559, 0, 0
1155028, 419614085, 0, 0
1156041, 437467840, 0, 0
1157027, 414721202, 0, 0
1158064, 457897056, 0, 0
1159029, 374817215, 0, 0
1160034, 444894823, 0, 0
1161049, 446163943, 0, 0
1162016, 476300013, 0, 0
1163011, 434269984, 0, 0
1164000, 434125725, 0, 0
1165042, 379297286, 0, 0
1166025, 434149939, 0, 0
1167033, 444894317, 0, 0
1168066, 400917710, 0, 0
1169023, 418333354, 0, 0
1170065, 440421851, 0, 0
1171019, 427546040, 0, 0
1172016, 440910646, 0, 0
1173016, 457041566, 0, 0
1174054, 403025749, 0, 0
1175047, 422452722, 0, 0
1176042, 405359083, 0, 0
1177050, 416935217, 0, 0
1178030, 419829262, 0, 0
1179041, 397062629, 0, 0
1180075, 451955204, 0, 0
1181000, 457286365, 0, 0
1182059, 407682718, 0, 0
1183008, 433246570, 0, 0
1184009, 404387176, 0, 0
1185001, 409640500, 0, 0
1186021, 455034219, 0, 0
1187060, 434717193, 0, 0
1188054, 440205066, 0, 0
1189040, 401475450, 0, 0
1190031, 435818835, 0, 0
1191002, 375018152, 0, 0
1192075, 434880716, 0, 0
1193031, 393717541, 0, 0
1194044, 400362313, 0, 0
1195009, 422292681, 0, 0
1196007, 432204370, 0, 0
1197062, 381294791, 0, 0
1198068, 461279478, 0, 0
1199000, 438894047, 0, 0
1200027, 511953394, 0, 0
1200163, 399417401, 0, 0
