999, 18, 0, 0
2000, 386, 0, 0
3000, 129, 0, 0
3999, 121, 0, 0
4999, 126, 0, 0
6000, 125, 0, 0
6999, 121, 0, 0
7999, 622, 0, 0
8999, 118, 0, 0
10000, 121, 0, 0
10999, 240, 0, 0
11999, 130, 0, 0
13000, 115, 0, 0
13999, 264, 0, 0
14999, 108, 0, 0
16000, 139, 0, 0
16999, 135, 0, 0
17999, 240, 0, 0
19000, 116, 0, 0
19999, 244, 0, 0
20999, 129, 0, 0
22000, 129, 0, 0
23000, 122, 0, 0
23999, 120, 0, 0
25000, 254, 0, 0
26000, 237, 0, 0
26999, 388, 0, 0
27999, 244, 0, 0
29000, 639, 0, 0
29999, 119, 0, 0
30999, 123, 0, 0
32000, 239, 0, 0
32999, 124, 0, 0
33999, 386, 0, 0
35000, 141, 0, 0
35999, 247, 0, 0
36999, 112, 0, 0
38000, 394, 0, 0
38999, 257, 0, 0
39999, 129, 0, 0
41000, 130, 0, 0
42000, 121, 0, 0
42999, 122, 0, 0
43999, 121, 0, 0
45000, 647, 0, 0
45999, 126, 0, 0
46999, 127, 0, 0
48000, 120, 0, 0
49000, 451, 0, 0
49999, 177, 0, 0
51000, 254, 0, 0
51999, 120, 0, 0
52999, 255, 0, 0
54000, 249, 0, 0
55000, 129, 0, 0
55999, 390, 0, 0
56999, 132, 0, 0
57999, 125, 0, 0
58999, 249, 0, 0
59999, 117, 0, 0
61000, 226, 0, 0
61999, 142, 0, 0
62999, 124, 0, 0
64000, 126, 0, 0
65000, 124, 0, 0
65999, 122, 0, 0
66999, 122, 0, 0
68000, 160, 0, 0
68999, 272, 0, 0
69999, 254, 0, 0
71000, 197, 0, 0
71999, 126, 0, 0
72999, 420, 0, 0
74000, 263, 0, 0
74999, 221, 0, 0
75999, 122, 0, 0
77000, 127, 0, 0
78000, 119, 0, 0
78999, 133, 0, 0
80000, 132, 0, 0
81000, 137, 0, 0
81999, 233, 0, 0
83000, 134, 0, 0
83999, 125, 0, 0
84999, 179, 0, 0
86000, 264, 0, 0
87000, 173, 0, 0
87999, 114, 0, 0
88999, 118, 0, 0
90000, 239, 0, 0
90999, 236, 0, 0
91999, 295, 0, 0
93000, 210, 0, 0
94000, 193, 0, 0
94999, 464, 0, 0
96000, 268, 0, 0
97000, 204, 0, 0
97999, 198, 0, 0
98999, 119, 0, 0
100000, 138, 0, 0
101000, 326, 0, 0
101999, 542, 0, 0
103000, 185, 0, 0
104000, 130, 0, 0
104999, 143, 0, 0
105999, 477, 0, 0
107000, 171, 0, 0
107999, 128, 0, 0
108999, 204, 0, 0
110000, 184, 0, 0
110999, 119, 0, 0
111999, 115, 0, 0
113000, 118, 0, 0
113999, 117, 0, 0
114999, 128, 0, 0
116000, 143, 0, 0
116999, 220, 0, 0
117999, 201, 0, 0
119000, 300, 0, 0
120000, 127, 0, 0
120999, 127, 0, 0
122000, 667, 0, 0
123000, 129, 0, 0
123999, 194, 0, 0
124999, 262, 0, 0
126000, 205, 0, 0
126999, 117, 0, 0
127999, 119, 0, 0
129000, 144, 0, 0
129999, 133, 0, 0
130999, 120, 0, 0
132000, 119, 0, 0
132999, 128, 0, 0
133999, 109, 0, 0
134999, 123, 0, 0
136000, 248, 0, 0
136999, 141, 0, 0
137999, 131, 0, 0
139000, 236, 0, 0
139999, 136, 0, 0
140999, 129, 0, 0
142000, 255, 0, 0
142999, 147, 0, 0
143999, 123, 0, 0
145000, 117, 0, 0
146000, 132, 0, 0
146999, 200, 0, 0
147999, 481, 0, 0
149000, 121, 0, 0
149999, 125, 0, 0
150999, 143, 0, 0
152000, 437, 0, 0
152999, 256, 0, 0
153999, 431, 0, 0
155000, 181, 0, 0
155999, 124, 0, 0
156999, 121, 0, 0
158000, 130, 0, 0
158999, 131, 0, 0
159999, 118, 0, 0
161000, 117, 0, 0
161999, 127, 0, 0
162999, 118, 0, 0
164000, 139, 0, 0
164999, 174, 0, 0
165999, 238, 0, 0
167000, 269, 0, 0
167999, 246, 0, 0
168999, 186, 0, 0
170000, 180, 0, 0
171000, 160, 0, 0
171999, 246, 0, 0
173000, 151, 0, 0
174000, 126, 0, 0
174999, 129, 0, 0
176000, 128, 0, 0
177000, 176, 0, 0
177999, 225, 0, 0
178999, 124, 0, 0
180000, 128, 0, 0
180999, 121, 0, 0
181999, 110, 0, 0
183000, 130, 0, 0
183999, 133, 0, 0
185000, 125, 0, 0
186000, 136, 0, 0
186999, 124, 0, 0
188000, 119, 0, 0
188999, 146, 0, 0
189999, 337, 0, 0
191000, 214, 0, 0
191999, 124, 0, 0
192999, 124, 0, 0
194000, 117, 0, 0
194999, 140, 0, 0
195999, 173, 0, 0
197000, 254, 0, 0
197999, 245, 0, 0
198999, 354, 0, 0
200000, 189, 0, 0
201000, 131, 0, 0
201999, 120, 0, 0
202999, 129, 0, 0
204000, 118, 0, 0
205000, 123, 0, 0
205999, 126, 0, 0
206999, 129, 0, 0
207999, 125, 0, 0
209000, 220, 0, 0
210000, 186, 0, 0
210999, 251, 0, 0
211999, 258, 0, 0
213000, 154, 0, 0
214000, 131, 0, 0
214999, 124, 0, 0
216000, 125, 0, 0
217000, 126, 0, 0
217999, 122, 0, 0
218999, 164, 0, 0
220000, 220, 0, 0
220999, 271, 0, 0
221999, 142, 0, 0
223000, 145, 0, 0
223999, 120, 0, 0
224999, 123, 0, 0
225999, 254, 0, 0
227000, 160, 0, 0
227999, 400, 0, 0
228999, 158, 0, 0
230000, 138, 0, 0
231000, 223, 0, 0
231999, 183, 0, 0
233000, 126, 0, 0
234000, 133, 0, 0
234999, 129, 0, 0
236000, 130, 0, 0
237000, 270, 0, 0
237999, 129, 0, 0
239000, 127, 0, 0
239999, 122, 0, 0
240999, 150, 0, 0
241999, 249, 0, 0
243000, 131, 0, 0
243999, 152, 0, 0
244999, 200, 0, 0
246000, 325, 0, 0
246999, 149, 0, 0
247999, 128, 0, 0
249000, 118, 0, 0
250000, 138, 0, 0
250999, 127, 0, 0
251999, 128, 0, 0
253000, 123, 0, 0
253999, 129, 0, 0
254999, 120, 0, 0
256000, 131, 0, 0
256999, 140, 0, 0
257999, 136, 0, 0
259000, 134, 0, 0
259999, 132, 0, 0
260999, 147, 0, 0
262000, 152, 0, 0
263000, 139, 0, 0
263999, 120, 0, 0
264999, 133, 0, 0
266000, 131, 0, 0
266999, 120, 0, 0
267999, 133, 0, 0
269000, 118, 0, 0
269999, 121, 0, 0
270999, 138, 0, 0
272000, 130, 0, 0
272999, 126, 0, 0
273999, 227, 0, 0
275000, 191, 0, 0
276000, 142, 0, 0
276999, 133, 0, 0
277999, 129, 0, 0
279000, 147, 0, 0
279999, 143, 0, 0
280999, 129, 0, 0
281999, 127, 0, 0
283000, 138, 0, 0
283999, 142, 0, 0
284999, 137, 0, 0
286000, 120, 0, 0
286999, 129, 0, 0
287999, 133, 0, 0
289000, 131, 0, 0
289999, 128, 0, 0
290999, 126, 0, 0
292000, 203, 0, 0
293000, 216, 0, 0
293999, 143, 0, 0
295000, 136, 0, 0
296000, 128, 0, 0
296999, 123, 0, 0
298000, 127, 0, 0
299000, 128, 0, 0
299999, 116, 0, 0
300999, 137, 0, 0
302000, 126, 0, 0
302999, 142, 0, 0
303999, 130, 0, 0
305000, 134, 0, 0
305999, 146, 0, 0
306999, 134, 0, 0
308000, 137, 0, 0
308999, 124, 0, 0
309999, 131, 0, 0
311000, 136, 0, 0
312000, 123, 0, 0
312999, 129, 0, 0
314000, 125, 0, 0
315000, 130, 0, 0
315999, 145, 0, 0
316999, 135, 0, 0
318000, 116, 0, 0
318999, 133, 0, 0
319999, 122, 0, 0
321000, 144, 0, 0
321999, 141, 0, 0
322999, 134, 0, 0
324000, 137, 0, 0
324999, 146, 0, 0
325999, 140, 0, 0
327000, 151, 0, 0
328000, 139, 0, 0
328999, 134, 0, 0
329999, 150, 0, 0
331000, 115, 0, 0
331999, 142, 0, 0
332999, 147, 0, 0
334000, 134, 0, 0
334999, 133, 0, 0
335999, 139, 0, 0
337000, 136, 0, 0
337999, 136, 0, 0
338999, 147, 0, 0
339999, 140, 0, 0
341000, 137, 0, 0
341999, 118, 0, 0
343000, 137, 0, 0
344000, 130, 0, 0
344999, 126, 0, 0
346000, 138, 0, 0
347000, 140, 0, 0
347999, 142, 0, 0
348999, 133, 0, 0
350000, 134, 0, 0
350999, 140, 0, 0
351999, 124, 0, 0
353000, 151, 0, 0
353999, 141, 0, 0
354999, 126, 0, 0
356000, 147, 0, 0
356999, 134, 0, 0
357999, 130, 0, 0
359000, 131, 0, 0
360000, 133, 0, 0
360999, 139, 0, 0
361999, 139, 0, 0
363000, 137, 0, 0
363999, 139, 0, 0
364999, 143, 0, 0
366000, 137, 0, 0
366999, 104, 0, 0
367999, 122, 0, 0
369000, 138, 0, 0
369999, 126, 0, 0
370999, 140, 0, 0
372000, 150, 0, 0
372999, 135, 0, 0
373999, 139, 0, 0
375000, 129, 0, 0
376000, 129, 0, 0
376999, 135, 0, 0
377999, 137, 0, 0
379000, 135, 0, 0
379999, 148, 0, 0
380999, 136, 0, 0
382000, 139, 0, 0
382999, 127, 0, 0
383999, 131, 0, 0
385000, 147, 0, 0
385999, 134, 0, 0
386999, 136, 0, 0
388000, 130, 0, 0
388999, 152, 0, 0
389999, 138, 0, 0
390999, 142, 0, 0
392000, 123, 0, 0
392999, 144, 0, 0
393999, 140, 0, 0
395000, 143, 0, 0
396000, 132, 0, 0
396999, 134, 0, 0
398000, 134, 0, 0
399000, 125, 0, 0
399999, 115, 0, 0
401000, 151, 0, 0
402000, 132, 0, 0
402999, 159, 0, 0
404000, 135, 0, 0
405000, 151, 0, 0
405999, 127, 0, 0
406999, 129, 0, 0
408000, 128, 0, 0
408999, 136, 0, 0
409999, 160, 0, 0
411000, 136, 0, 0
411999, 138, 0, 0
412999, 132, 0, 0
414000, 140, 0, 0
414999, 136, 0, 0
415999, 125, 0, 0
417000, 137, 0, 0
418000, 132, 0, 0
418999, 143, 0, 0
419999, 140, 0, 0
421000, 131, 0, 0
421999, 135, 0, 0
422999, 133, 0, 0
424000, 134, 0, 0
424999, 162, 0, 0
425999, 138, 0, 0
427000, 135, 0, 0
427999, 149, 0, 0
428999, 134, 0, 0
429999, 145, 0, 0
431000, 134, 0, 0
431999, 141, 0, 0
432999, 144, 0, 0
434000, 163, 0, 0
434999, 135, 0, 0
435999, 143, 0, 0
437000, 126, 0, 0
437999, 126, 0, 0
438999, 152, 0, 0
440000, 125, 0, 0
440999, 134, 0, 0
441999, 122, 0, 0
443000, 141, 0, 0
444000, 137, 0, 0
444999, 136, 0, 0
445999, 139, 0, 0
447000, 135, 0, 0
447999, 135, 0, 0
448999, 134, 0, 0
450000, 153, 0, 0
451000, 136, 0, 0
451999, 141, 0, 0
452999, 125, 0, 0
454000, 152, 0, 0
454999, 135, 0, 0
455999, 133, 0, 0
457000, 123, 0, 0
457999, 135, 0, 0
458999, 139, 0, 0
460000, 137, 0, 0
460999, 149, 0, 0
461999, 150, 0, 0
463000, 137, 0, 0
463999, 142, 0, 0
464999, 106, 0, 0
466000, 137, 0, 0
466999, 134, 0, 0
467999, 134, 0, 0
469000, 137, 0, 0
470000, 132, 0, 0
470999, 137, 0, 0
471999, 142, 0, 0
473000, 146, 0, 0
473999, 135, 0, 0
474999, 138, 0, 0
476000, 131, 0, 0
476999, 140, 0, 0
477999, 133, 0, 0
479000, 138, 0, 0
480000, 144, 0, 0
480999, 146, 0, 0
482000, 140, 0, 0
483000, 141, 0, 0
483999, 145, 0, 0
484999, 130, 0, 0
486000, 149, 0, 0
486999, 139, 0, 0
487999, 133, 0, 0
489000, 145, 0, 0
489999, 155, 0, 0
490999, 132, 0, 0
492000, 132, 0, 0
492999, 140, 0, 0
493999, 143, 0, 0
495000, 130, 0, 0
496000, 134, 0, 0
496999, 135, 0, 0
497999, 133, 0, 0
499000, 126, 0, 0
499999, 141, 0, 0
500999, 142, 0, 0
502000, 130, 0, 0
502999, 132, 0, 0
503999, 142, 0, 0
505000, 144, 0, 0
505999, 142, 0, 0
506999, 139, 0, 0
507999, 149, 0, 0
509000, 137, 0, 0
509999, 141, 0, 0
510999, 132, 0, 0
512000, 132, 0, 0
512999, 131, 0, 0
513999, 109, 0, 0
515000, 137, 0, 0
515999, 143, 0, 0
516999, 135, 0, 0
517999, 143, 0, 0
519000, 150, 0, 0
519999, 141, 0, 0
520999, 144, 0, 0
522000, 130, 0, 0
522999, 135, 0, 0
523999, 151, 0, 0
525000, 126, 0, 0
525999, 141, 0, 0
526999, 141, 0, 0
528000, 145, 0, 0
529000, 140, 0, 0
529999, 150, 0, 0
530999, 143, 0, 0
532000, 151, 0, 0
532999, 148, 0, 0
533999, 148, 0, 0
535000, 147, 0, 0
535999, 133, 0, 0
536999, 135, 0, 0
538000, 133, 0, 0
538999, 140, 0, 0
539999, 142, 0, 0
541000, 137, 0, 0
541999, 144, 0, 0
542999, 129, 0, 0
544000, 163, 0, 0
544999, 130, 0, 0
545999, 139, 0, 0
547000, 133, 0, 0
548000, 125, 0, 0
548999, 164, 0, 0
549999, 151, 0, 0
551000, 150, 0, 0
551999, 158, 0, 0
552999, 141, 0, 0
554000, 140, 0, 0
554999, 136, 0, 0
555999, 143, 0, 0
557000, 135, 0, 0
557999, 137, 0, 0
558999, 139, 0, 0
560000, 148, 0, 0
560999, 139, 0, 0
561999, 140, 0, 0
562999, 114, 0, 0
564000, 145, 0, 0
564999, 140, 0, 0
565999, 140, 0, 0
567000, 139, 0, 0
567999, 136, 0, 0
568999, 135, 0, 0
570000, 137, 0, 0
570999, 143, 0, 0
571999, 137, 0, 0
573000, 144, 0, 0
573999, 128, 0, 0
574999, 139, 0, 0
576000, 140, 0, 0
576999, 124, 0, 0
577999, 132, 0, 0
579000, 140, 0, 0
579999, 146, 0, 0
580999, 137, 0, 0
582000, 138, 0, 0
582999, 152, 0, 0
583999, 139, 0, 0
585000, 132, 0, 0
586000, 130, 0, 0
586999, 148, 0, 0
588000, 137, 0, 0
588999, 145, 0, 0
589999, 137, 0, 0
591000, 146, 0, 0
592000, 144, 0, 0
593000, 145, 0, 0
593999, 140, 0, 0
595000, 138, 0, 0
595999, 137, 0, 0
596999, 152, 0, 0
598000, 140, 0, 0
598999, 154, 0, 0
599999, 137, 0, 0
601000, 141, 0, 0
601999, 134, 0, 0
602999, 137, 0, 0
604000, 140, 0, 0
604999, 135, 0, 0
605999, 138, 0, 0
607000, 145, 0, 0
608000, 129, 0, 0
608999, 133, 0, 0
609999, 142, 0, 0
611000, 156, 0, 0
612000, 140, 0, 0
612999, 153, 0, 0
614000, 149, 0, 0
614999, 147, 0, 0
615999, 133, 0, 0
617000, 136, 0, 0
617999, 139, 0, 0
618999, 161, 0, 0
620000, 142, 0, 0
620999, 138, 0, 0
621999, 143, 0, 0
623000, 151, 0, 0
624000, 133, 0, 0
624999, 149, 0, 0
625999, 158, 0, 0
627000, 150, 0, 0
627999, 144, 0, 0
629000, 136, 0, 0
630000, 145, 0, 0
631000, 150, 0, 0
632000, 128, 0, 0
633000, 168, 0, 0
634000, 147, 0, 0
635000, 138, 0, 0
636000, 143, 0, 0
636999, 139, 0, 0
638000, 140, 0, 0
639000, 140, 0, 0
640000, 148, 0, 0
641000, 131, 0, 0
641999, 152, 0, 0
643000, 138, 0, 0
644000, 139, 0, 0
645000, 141, 0, 0
646000, 156, 0, 0
647001, 125, 0, 0
648000, 146, 0, 0
649000, 140, 0, 0
650000, 132, 0, 0
651000, 149, 0, 0
652000, 137, 0, 0
653000, 140, 0, 0
654000, 141, 0, 0
655000, 162, 0, 0
656000, 142, 0, 0
657000, 135, 0, 0
658000, 140, 0, 0
659000, 134, 0, 0
660000, 158, 0, 0
661000, 128, 0, 0
662000, 148, 0, 0
663000, 158, 0, 0
664000, 134, 0, 0
665000, 163, 0, 0
666000, 130, 0, 0
667000, 137, 0, 0
668000, 143, 0, 0
669000, 146, 0, 0
670000, 134, 0, 0
671000, 149, 0, 0
672000, 139, 0, 0
673000, 127, 0, 0
674000, 146, 0, 0
675000, 130, 0, 0
676000, 153, 0, 0
677000, 132, 0, 0
678000, 143, 0, 0
679000, 154, 0, 0
680000, 141, 0, 0
680999, 139, 0, 0
682000, 144, 0, 0
683000, 140, 0, 0
683999, 141, 0, 0
684999, 140, 0, 0
685999, 146, 0, 0
686999, 138, 0, 0
687999, 137, 0, 0
688998, 135, 0, 0
689998, 149, 0, 0
690998, 139, 0, 0
691998, 141, 0, 0
692998, 136, 0, 0
693997, 136, 0, 0
694997, 148, 0, 0
695997, 157, 0, 0
696997, 128, 0, 0
697997, 140, 0, 0
698996, 146, 0, 0
699996, 140, 0, 0
700997, 163, 0, 0
701996, 150, 0, 0
702996, 148, 0, 0
703996, 149, 0, 0
704995, 139, 0, 0
705996, 145, 0, 0
706995, 156, 0, 0
707995, 141, 0, 0
708995, 145, 0, 0
709994, 130, 0, 0
710995, 138, 0, 0
711994, 142, 0, 0
712994, 145, 0, 0
713994, 138, 0, 0
714993, 155, 0, 0
715994, 143, 0, 0
716993, 149, 0, 0
717993, 150, 0, 0
718993, 140, 0, 0
719993, 148, 0, 0
720993, 153, 0, 0
721992, 134, 0, 0
722992, 148, 0, 0
723992, 140, 0, 0
724992, 141, 0, 0
725992, 146, 0, 0
726992, 143, 0, 0
727991, 160, 0, 0
728991, 145, 0, 0
729991, 138, 0, 0
730991, 160, 0, 0
731991, 148, 0, 0
733000, 136, 0, 0
734000, 142, 0, 0
734999, 140, 0, 0
736000, 135, 0, 0
736999, 138, 0, 0
737999, 132, 0, 0
739000, 135, 0, 0
740000, 119, 0, 0
740999, 158, 0, 0
741999, 132, 0, 0
743000, 137, 0, 0
743999, 154, 0, 0
744999, 152, 0, 0
746000, 139, 0, 0
747000, 153, 0, 0
747999, 153, 0, 0
748999, 152, 0, 0
750000, 142, 0, 0
750999, 127, 0, 0
751999, 137, 0, 0
753000, 158, 0, 0
753999, 138, 0, 0
754999, 149, 0, 0
756000, 154, 0, 0
757000, 156, 0, 0
757999, 147, 0, 0
758999, 170, 0, 0
760000, 133, 0, 0
760999, 153, 0, 0
761999, 138, 0, 0
763000, 130, 0, 0
763999, 144, 0, 0
764999, 147, 0, 0
766000, 168, 0, 0
767000, 138, 0, 0
767999, 123, 0, 0
768999, 146, 0, 0
770000, 156, 0, 0
770999, 139, 0, 0
771999, 151, 0, 0
773000, 144, 0, 0
774000, 160, 0, 0
774999, 143, 0, 0
775999, 133, 0, 0
777000, 146, 0, 0
777999, 144, 0, 0
778999, 145, 0, 0
780000, 138, 0, 0
780999, 145, 0, 0
781999, 136, 0, 0
783000, 147, 0, 0
784000, 135, 0, 0
784999, 138, 0, 0
785999, 151, 0, 0
787000, 137, 0, 0
787999, 126, 0, 0
788999, 145, 0, 0
790000, 149, 0, 0
791000, 133, 0, 0
791999, 145, 0, 0
793000, 145, 0, 0
794000, 145, 0, 0
794999, 156, 0, 0
795999, 143, 0, 0
797000, 140, 0, 0
797999, 158, 0, 0
798999, 163, 0, 0
800000, 139, 0, 0
801000, 127, 0, 0
801999, 146, 0, 0
802999, 152, 0, 0
804000, 149, 0, 0
804999, 131, 0, 0
805999, 141, 0, 0
807000, 147, 0, 0
808000, 139, 0, 0
808999, 153, 0, 0
809999, 146, 0, 0
811000, 159, 0, 0
811999, 150, 0, 0
812999, 142, 0, 0
814000, 146, 0, 0
814999, 137, 0, 0
815999, 152, 0, 0
817000, 152, 0, 0
817999, 140, 0, 0
818999, 148, 0, 0
819999, 139, 0, 0
821000, 149, 0, 0
821999, 144, 0, 0
822999, 131, 0, 0
824000, 143, 0, 0
824999, 149, 0, 0
825999, 145, 0, 0
827000, 143, 0, 0
828000, 138, 0, 0
828999, 156, 0, 0
829999, 148, 0, 0
831000, 138, 0, 0
831999, 137, 0, 0
832999, 149, 0, 0
834000, 139, 0, 0
834999, 157, 0, 0
835999, 144, 0, 0
837000, 154, 0, 0
837999, 147, 0, 0
838999, 143, 0, 0
840000, 131, 0, 0
841000, 161, 0, 0
841999, 131, 0, 0
842999, 157, 0, 0
844000, 153, 0, 0
844999, 146, 0, 0
845999, 139, 0, 0
846999, 146, 0, 0
848000, 144, 0, 0
848999, 148, 0, 0
849999, 147, 0, 0
851000, 153, 0, 0
852000, 151, 0, 0
852999, 129, 0, 0
854000, 152, 0, 0
855000, 134, 0, 0
855999, 137, 0, 0
857000, 129, 0, 0
858000, 141, 0, 0
858999, 153, 0, 0
859999, 139, 0, 0
861000, 151, 0, 0
861999, 130, 0, 0
862999, 138, 0, 0
864000, 141, 0, 0
864999, 154, 0, 0
865999, 138, 0, 0
867000, 158, 0, 0
868000, 145, 0, 0
868999, 145, 0, 0
870000, 161, 0, 0
871000, 146, 0, 0
871999, 135, 0, 0
872999, 148, 0, 0
874000, 130, 0, 0
874999, 145, 0, 0
875999, 140, 0, 0
877000, 136, 0, 0
878000, 150, 0, 0
878999, 135, 0, 0
879999, 132, 0, 0
881000, 160, 0, 0
881999, 135, 0, 0
882999, 144, 0, 0
884000, 166, 0, 0
885000, 141, 0, 0
885999, 137, 0, 0
886999, 137, 0, 0
888000, 146, 0, 0
888999, 147, 0, 0
889999, 151, 0, 0
891000, 152, 0, 0
891999, 142, 0, 0
892999, 140, 0, 0
894000, 151, 0, 0
895000, 142, 0, 0
895999, 144, 0, 0
896999, 141, 0, 0
898000, 155, 0, 0
898999, 149, 0, 0
899999, 135, 0, 0
901000, 156, 0, 0
901999, 141, 0, 0
902999, 142, 0, 0
904000, 124, 0, 0
904999, 157, 0, 0
905999, 144, 0, 0
907000, 144, 0, 0
908000, 149, 0, 0
908999, 157, 0, 0
909999, 137, 0, 0
911000, 147, 0, 0
912000, 152, 0, 0
912999, 144, 0, 0
914000, 138, 0, 0
915000, 145, 0, 0
915999, 152, 0, 0
916999, 141, 0, 0
918000, 148, 0, 0
918999, 150, 0, 0
919999, 161, 0, 0
921000, 135, 0, 0
922000, 155, 0, 0
922999, 141, 0, 0
924000, 139, 0, 0
924999, 136, 0, 0
925999, 144, 0, 0
927000, 132, 0, 0
928000, 145, 0, 0
928999, 140, 0, 0
930000, 136, 0, 0
931000, 130, 0, 0
931999, 154, 0, 0
932999, 143, 0, 0
934000, 150, 0, 0
934999, 147, 0, 0
935999, 157, 0, 0
937000, 141, 0, 0
938000, 164, 0, 0
938999, 144, 0, 0
940000, 147, 0, 0
941000, 136, 0, 0
941999, 151, 0, 0
942999, 130, 0, 0
944000, 152, 0, 0
944999, 163, 0, 0
945999, 138, 0, 0
947000, 142, 0, 0
947999, 139, 0, 0
948999, 141, 0, 0
950000, 136, 0, 0
950999, 140, 0, 0
951999, 154, 0, 0
953000, 146, 0, 0
954000, 147, 0, 0
954999, 135, 0, 0
955999, 144, 0, 0
957000, 159, 0, 0
957999, 150, 0, 0
958999, 143, 0, 0
960000, 139, 0, 0
961000, 143, 0, 0
961999, 154, 0, 0
963000, 139, 0, 0
964000, 134, 0, 0
964999, 148, 0, 0
965999, 149, 0, 0
967000, 138, 0, 0
967999, 132, 0, 0
968999, 140, 0, 0
969999, 150, 0, 0
971000, 144, 0, 0
971999, 143, 0, 0
972999, 134, 0, 0
974000, 167, 0, 0
974999, 139, 0, 0
975999, 155, 0, 0
977000, 130, 0, 0
978000, 147, 0, 0
978999, 139, 0, 0
980000, 142, 0, 0
981000, 140, 0, 0
981999, 147, 0, 0
982999, 150, 0, 0
984000, 140, 0, 0
984999, 148, 0, 0
985999, 152, 0, 0
987000, 144, 0, 0
988000, 148, 0, 0
988999, 146, 0, 0
990000, 152, 0, 0
991000, 148, 0, 0
991999, 135, 0, 0
992999, 150, 0, 0
994000, 142, 0, 0
994999, 140, 0, 0
995999, 154, 0, 0
997000, 132, 0, 0
998000, 142, 0, 0
998999, 143, 0, 0
999999, 152, 0, 0
1001000, 152, 0, 0
1001999, 136, 0, 0
1002999, 156, 0, 0
1004000, 136, 0, 0
1004999, 150, 0, 0
1005999, 142, 0, 0
1007000, 143, 0, 0
1007999, 128, 0, 0
1008999, 123, 0, 0
1010000, 150, 0, 0
1011000, 142, 0, 0
1011999, 145, 0, 0
1012999, 132, 0, 0
1014000, 139, 0, 0
1014999, 156, 0, 0
1015999, 151, 0, 0
1017000, 142, 0, 0
1017999, 157, 0, 0
1018999, 142, 0, 0
1020000, 127, 0, 0
1021000, 142, 0, 0
1021999, 145, 0, 0
1022999, 144, 0, 0
1024000, 151, 0, 0
1024999, 148, 0, 0
1025999, 144, 0, 0
1027000, 150, 0, 0
1027999, 141, 0, 0
1028999, 154, 0, 0
1030000, 150, 0, 0
1030999, 141, 0, 0
1031999, 146, 0, 0
1033000, 130, 0, 0
1034000, 145, 0, 0
1034999, 135, 0, 0
1035999, 146, 0, 0
1037000, 134, 0, 0
1037999, 143, 0, 0
1038999, 138, 0, 0
1040000, 156, 0, 0
1040999, 139, 0, 0
1041999, 151, 0, 0
1043000, 125, 0, 0
1044000, 135, 0, 0
1044999, 145, 0, 0
1045999, 157, 0, 0
1047000, 150, 0, 0
1047999, 138, 0, 0
1048999, 168, 0, 0
1050000, 141, 0, 0
1050999, 134, 0, 0
1051999, 140, 0, 0
1053000, 145, 0, 0
1054000, 159, 0, 0
1054999, 146, 0, 0
1055999, 155, 0, 0
1057000, 171, 0, 0
1057999, 261, 0, 0
1058999, 140, 0, 0
1060000, 173, 0, 0
1061000, 132, 0, 0
1061999, 159, 0, 0
1063000, 156, 0, 0
1064000, 142, 0, 0
1064999, 146, 0, 0
1065999, 158, 0, 0
1067000, 158, 0, 0
1067999, 160, 0, 0
1068999, 148, 0, 0
1070000, 163, 0, 0
1071000, 143, 0, 0
1071999, 141, 0, 0
1072999, 147, 0, 0
1074000, 141, 0, 0
1074999, 158, 0, 0
1075999, 156, 0, 0
1077000, 127, 0, 0
1077999, 157, 0, 0
1078999, 147, 0, 0
1080000, 157, 0, 0
1081000, 136, 0, 0
1081999, 176, 0, 0
1083000, 150, 0, 0
1084000, 159, 0, 0
1084999, 157, 0, 0
1085999, 155, 0, 0
1087000, 157, 0, 0
1087999, 139, 0, 0
1088999, 147, 0, 0
1090000, 146, 0, 0
1091000, 157, 0, 0
1091999, 146, 0, 0
1092999, 137, 0, 0
1094000, 144, 0, 0
1094999, 141, 0, 0
1095999, 167, 0, 0
1097000, 150, 0, 0
1097999, 161, 0, 0
1098999, 150, 0, 0
1100000, 151, 0, 0
1101000, 164, 0, 0
1101999, 123, 0, 0
1102999, 151, 0, 0
1104000, 163, 0, 0
1104999, 161, 0, 0
1105999, 153, 0, 0
1107000, 144, 0, 0
1108000, 140, 0, 0
1108999, 139, 0, 0
1109999, 150, 0, 0
1111000, 153, 0, 0
1111999, 142, 0, 0
1112999, 138, 0, 0
1114000, 146, 0, 0
1115000, 141, 0, 0
1115999, 145, 0, 0
1117000, 146, 0, 0
1117999, 147, 0, 0
1118999, 155, 0, 0
1120000, 157, 0, 0
1121000, 150, 0, 0
1121999, 142, 0, 0
1122999, 161, 0, 0
1124000, 159, 0, 0
1124999, 172, 0, 0
1125999, 151, 0, 0
1127000, 155, 0, 0
1128000, 144, 0, 0
1128999, 146, 0, 0
1129999, 151, 0, 0
1131000, 139, 0, 0
1131999, 145, 0, 0
1132999, 142, 0, 0
1134000, 169, 0, 0
1134999, 147, 0, 0
1135999, 159, 0, 0
1137000, 150, 0, 0
1138000, 149, 0, 0
1138999, 140, 0, 0
1139999, 145, 0, 0
1141000, 141, 0, 0
1142000, 143, 0, 0
1142999, 160, 0, 0
1143999, 147, 0, 0
1145000, 157, 0, 0
1145999, 145, 0, 0
1146999, 154, 0, 0
1148000, 163, 0, 0
1148999, 149, 0, 0
1149999, 156, 0, 0
1150999, 126, 0, 0
1152000, 146, 0, 0
1152999, 140, 0, 0
1153999, 146, 0, 0
1155000, 166, 0, 0
1155999, 140, 0, 0
1156999, 146, 0, 0
1158000, 141, 0, 0
1158999, 154, 0, 0
1159999, 156, 0, 0
1161000, 147, 0, 0
1161999, 142, 0, 0
1162999, 143, 0, 0
1164000, 156, 0, 0
1165000, 163, 0, 0
1165999, 146, 0, 0
1166999, 140, 0, 0
1168000, 167, 0, 0
1168999, 164, 0, 0
1169999, 137, 0, 0
1171000, 157, 0, 0
1172000, 154, 0, 0
1172999, 152, 0, 0
1173999, 161, 0, 0
1175000, 157, 0, 0
1175999, 153, 0, 0
1176999, 138, 0, 0
1178000, 138, 0, 0
1178999, 141, 0, 0
1179999, 144, 0, 0
1180999, 152, 0, 0
1182000, 150, 0, 0
1182999, 151, 0, 0
1183999, 154, 0, 0
1185000, 140, 0, 0
1185999, 149, 0, 0
1186999, 148, 0, 0
1188000, 154, 0, 0
1189000, 176, 0, 0
1189999, 156, 0, 0
1190999, 147, 0, 0
1192000, 134, 0, 0
1193000, 158, 0, 0
1193999, 148, 0, 0
1194999, 147, 0, 0
1196000, 155, 0, 0
1196999, 157, 0, 0
1197999, 158, 0, 0
1199000, 143, 0, 0
1200000, 175, 0, 0
