1014, 549137358, 0, 0
2047, 559410015, 0, 0
3005, 582280533, 0, 0
4077, 571611314, 0, 0
5003, 574244178, 0, 0
6067, 560062790, 0, 0
7057, 572070985, 0, 0
8004, 602383139, 0, 0
9043, 575607735, 0, 0
10069, 570135580, 0, 0
11060, 616834416, 0, 0
12023, 628443149, 0, 0
13045, 561923389, 0, 0
14042, 577785120, 0, 0
15014, 563783441, 0, 0
16023, 587311383, 0, 0
17020, 571272980, 0, 0
18042, 566761885, 0, 0
19018, 603499336, 0, 0
20032, 568273388, 0, 0
21058, 579517117, 0, 0
22029, 586528943, 0, 0
23004, 564299462, 0, 0
24059, 567383514, 0, 0
25061, 553245347, 0, 0
26004, 548698597, 0, 0
27025, 576068953, 0, 0
28057, 542844887, 0, 0
29037, 555176472, 0, 0
30050, 576587521, 0, 0
31017, 584089369, 0, 0
32043, 595803133, 0, 0
33029, 554500028, 0, 0
34009, 552006954, 0, 0
35054, 548602051, 0, 0
36030, 578389610, 0, 0
37056, 586749428, 0, 0
38067, 578415844, 0, 0
39045, 571839192, 0, 0
40019, 544576710, 0, 0
41041, 546622318, 0, 0
42041, 560535207, 0, 0
43007, 547637407, 0, 0
44059, 572971972, 0, 0
45066, 550525650, 0, 0
46001, 560233975, 0, 0
47009, 572575465, 0, 0
48044, 605417084, 0, 0
49027, 652914807, 0, 0
50041, 599854654, 0, 0
51042, 576457651, 0, 0
52067, 567664870, 0, 0
53065, 572538292, 0, 0
54062, 564464616, 0, 0
55026, 543936789, 0, 0
56012, 553292737, 0, 0
57048, 564460691, 0, 0
58030, 568579014, 0, 0
59046, 581895262, 0, 0
60011, 526081063, 0, 0
61054, 583219292, 0, 0
62074, 568058056, 0, 0
63024, 564730509, 0, 0
64069, 586904722, 0, 0
65057, 558207124, 0, 0
66037, 593123289, 0, 0
67058, 580694584, 0, 0
68062, 573385037, 0, 0
69039, 543810275, 0, 0
70071, 540915229, 0, 0
71048, 575617222, 0, 0
72017, 532515623, 0, 0
73002, 562966627, 0, 0
74027, 577514364, 0, 0
75017, 559533196, 0, 0
76055, 553686041, 0, 0
77040, 548441982, 0, 0
78039, 550793032, 0, 0
79033, 572296113, 0, 0
80054, 542755416, 0, 0
81023, 488781175, 0, 0
82016, 554596925, 0, 0
83029, 572159712, 0, 0
84029, 549153059, 0, 0
85073, 548140853, 0, 0
86061, 575452671, 0, 0
87044, 539368052, 0, 0
88060, 554549715, 0, 0
89051, 565552759, 0, 0
90048, 577004292, 0, 0
91002, 538218697, 0, 0
92024, 526139684, 0, 0
93055, 563310076, 0, 0
94058, 563816138, 0, 0
95044, 545082227, 0, 0
96043, 566954482, 0, 0
97075, 553053827, 0, 0
98006, 599844773, 0, 0
99014, 555475542, 0, 0
100060, 536747885, 0, 0
101047, 568139908, 0, 0
102048, 563399003, 0, 0
103064, 535075938, 0, 0
104050, 561337052, 0, 0
105061, 543878520, 0, 0
106047, 582736016, 0, 0
107033, 534536993, 0, 0
108016, 583679615, 0, 0
109025, 569838034, 0, 0
110018, 550248298, 0, 0
111018, 536180749, 0, 0
112037, 538824069, 0, 0
113001, 534554399, 0, 0
114015, 563763189, 0, 0
115017, 561026191, 0, 0
116051, 564410765, 0, 0
117067, 561841615, 0, 0
118016, 567841663, 0, 0
119064, 565764633, 0, 0
120057, 535733847, 0, 0
121045, 556902625, 0, 0
122062, 559280636, 0, 0
123023, 574800461, 0, 0
124033, 533026601, 0, 0
125042, 545516065, 0, 0
126033, 550890076, 0, 0
127018, 558834292, 0, 0
128029, 523278551, 0, 0
129022, 560962919, 0, 0
130065, 563943591, 0, 0
131002, 544656970, 0, 0
132052, 564621263, 0, 0
133033, 566488215, 0, 0
134029, 553681956, 0, 0
135026, 549892816, 0, 0
136043, 539624867, 0, 0
137029, 587179459, 0, 0
138014, 539049057, 0, 0
139026, 575318933, 0, 0
140030, 553610597, 0, 0
141018, 541262286, 0, 0
142061, 569752088, 0, 0
143053, 552253334, 0, 0
144053, 548598995, 0, 0
145054, 542615515, 0, 0
146000, 554952497, 0, 0
147055, 521035662, 0, 0
148053, 535959058, 0, 0
149005, 553679180, 0, 0
150038, 525906405, 0, 0
151032, 543194507, 0, 0
152004, 550641645, 0, 0
153038, 532832567, 0, 0
154015, 556720917, 0, 0
155003, 552462369, 0, 0
156030, 524695755, 0, 0
157029, 534795727, 0, 0
158023, 522857623, 0, 0
159062, 535142019, 0, 0
160036, 540697565, 0, 0
161044, 562395474, 0, 0
162053, 559716969, 0, 0
163019, 527727206, 0, 0
164051, 556321622, 0, 0
165057, 565787978, 0, 0
166040, 517280831, 0, 0
167019, 535090823, 0, 0
168012, 540151605, 0, 0
169061, 547155530, 0, 0
170066, 523665685, 0, 0
171002, 539647060, 0, 0
172066, 552633377, 0, 0
173073, 553873332, 0, 0
174052, 542413726, 0, 0
175059, 541662669, 0, 0
176009, 556012674, 0, 0
177052, 561552453, 0, 0
178012, 563780589, 0, 0
179020, 545594896, 0, 0
180034, 535446352, 0, 0
181067, 551785434, 0, 0
182009, 561710518, 0, 0
183034, 548426111, 0, 0
184023, 522999000, 0, 0
185048, 560418553, 0, 0
186025, 539669606, 0, 0
187038, 541242679, 0, 0
188033, 542437678, 0, 0
189035, 556665286, 0, 0
190037, 535324315, 0, 0
191004, 578305647, 0, 0
192019, 542605751, 0, 0
193073, 540853258, 0, 0
194007, 556915672, 0, 0
195015, 523036908, 0, 0
196000, 504063840, 0, 0
197052, 544021493, 0, 0
198094, 517095898, 0, 0
199005, 569369771, 0, 0
200046, 554607443, 0, 0
201069, 554127189, 0, 0
202074, 553794203, 0, 0
203005, 549601888, 0, 0
204046, 493509377, 0, 0
205004, 568357879, 0, 0
206008, 540269489, 0, 0
207010, 558502851, 0, 0
208058, 530748133, 0, 0
209033, 528372487, 0, 0
210000, 567621818, 0, 0
211072, 570289573, 0, 0
212055, 533275892, 0, 0
213037, 537876648, 0, 0
214015, 542148293, 0, 0
215048, 520283740, 0, 0
216058, 528711356, 0, 0
217033, 535571016, 0, 0
218033, 526580929, 0, 0
219006, 543081062, 0, 0
220008, 543998972, 0, 0
221022, 547921579, 0, 0
222022, 562852024, 0, 0
223031, 545349984, 0, 0
224066, 514987508, 0, 0
225069, 521616327, 0, 0
226055, 531884956, 0, 0
227000, 545347365, 0, 0
228045, 531529600, 0, 0
229036, 529149656, 0, 0
230065, 524090395, 0, 0
231047, 518413559, 0, 0
232070, 537819052, 0, 0
233065, 530037471, 0, 0
234049, 522896898, 0, 0
235000, 553528792, 0, 0
236003, 512986856, 0, 0
237015, 538581391, 0, 0
238064, 559095499, 0, 0
239069, 557407162, 0, 0
240085, 525428658, 0, 0
241019, 541364441, 0, 0
242010, 509308701, 0, 0
243006, 517479687, 0, 0
244020, 530956703, 0, 0
245057, 512377371, 0, 0
246035, 511655944, 0, 0
247061, 532367186, 0, 0
248058, 546471233, 0, 0
249058, 526919089, 0, 0
250065, 543384985, 0, 0
251054, 540162973, 0, 0
252056, 519880007, 0, 0
253039, 530508451, 0, 0
254049, 536553513, 0, 0
255036, 519919559, 0, 0
256054, 510944022, 0, 0
257022, 532037667, 0, 0
258026, 551742123, 0, 0
259077, 549464564, 0, 0
260029, 560800334, 0, 0
261080, 539568589, 0, 0
262026, 530265545, 0, 0
263011, 564906705, 0, 0
264014, 543493311, 0, 0
265021, 528002981, 0, 0
266051, 513749127, 0, 0
267023, 510885785, 0, 0
268069, 510351911, 0, 0
269004, 517781690, 0, 0
270047, 514903744, 0, 0
271020, 565042837, 0, 0
272066, 524494263, 0, 0
273045, 519201849, 0, 0
274028, 530324158, 0, 0
275058, 498554144, 0, 0
276074, 547428676, 0, 0
277001, 530134596, 0, 0
278037, 542262875, 0, 0
279009, 578479701, 0, 0
280058, 524750254, 0, 0
281068, 531829128, 0, 0
282004, 524022202, 0, 0
283006, 495934330, 0, 0
284015, 511976859, 0, 0
285060, 546674663, 0, 0
286045, 494331701, 0, 0
287016, 509549883, 0, 0
288030, 533884908, 0, 0
289021, 518803482, 0, 0
290014, 540922525, 0, 0
291007, 512601655, 0, 0
292012, 543909247, 0, 0
293067, 536118567, 0, 0
294018, 511553590, 0, 0
295073, 525896007, 0, 0
296023, 536525788, 0, 0
297013, 533926549, 0, 0
298015, 526955794, 0, 0
299065, 502319121, 0, 0
300050, 534139985, 0, 0
301040, 537144373, 0, 0
302028, 490446334, 0, 0
303024, 477900381, 0, 0
304037, 511994038, 0, 0
305031, 536180265, 0, 0
306019, 525185308, 0, 0
307045, 530947203, 0, 0
308045, 502860077, 0, 0
309047, 545479025, 0, 0
310140, 514653325, 0, 0
311016, 636690605, 0, 0
312046, 628659806, 0, 0
313062, 583593771, 0, 0
314007, 508217399, 0, 0
315009, 524893413, 0, 0
316051, 518242606, 0, 0
317004, 529975570, 0, 0
318018, 531653292, 0, 0
319002, 522107705, 0, 0
320050, 526877238, 0, 0
321034, 511294100, 0, 0
322027, 526486769, 0, 0
323009, 561480907, 0, 0
324030, 501349070, 0, 0
325050, 512593917, 0, 0
326062, 523255074, 0, 0
327059, 539378859, 0, 0
328028, 513506537, 0, 0
329060, 491813304, 0, 0
330005, 506847822, 0, 0
331041, 542920521, 0, 0
332024, 528022399, 0, 0
333030, 509125534, 0, 0
334004, 519866989, 0, 0
335010, 467332100, 0, 0
336035, 503794760, 0, 0
337024, 516819608, 0, 0
338021, 513559965, 0, 0
339063, 527779713, 0, 0
340005, 534785110, 0, 0
341028, 493095135, 0, 0
342053, 516900119, 0, 0
343055, 532327090, 0, 0
344056, 554478642, 0, 0
345030, 496418896, 0, 0
346056, 531058154, 0, 0
347062, 507276168, 0, 0
348025, 507861620, 0, 0
349058, 536677217, 0, 0
350008, 505288805, 0, 0
351076, 526110325, 0, 0
352043, 525799255, 0, 0
353024, 518748961, 0, 0
354003, 524687807, 0, 0
355025, 482421792, 0, 0
356071, 525221671, 0, 0
357000, 483798810, 0, 0
358076, 500719073, 0, 0
359025, 584885777, 0, 0
360038, 522883713, 0, 0
361036, 499032488, 0, 0
362051, 523491687, 0, 0
363053, 512911887, 0, 0
364043, 510833577, 0, 0
365028, 529456762, 0, 0
366025, 509356333, 0, 0
367036, 538677389, 0, 0
368009, 535680518, 0, 0
369001, 534964797, 0, 0
370013, 511477256, 0, 0
371042, 484682515, 0, 0
372008, 521375388, 0, 0
373001, 525431783, 0, 0
374000, 539598422, 0, 0
375069, 517428992, 0, 0
376040, 509089222, 0, 0
377004, 499302122, 0, 0
378056, 491984952, 0, 0
379050, 508817927, 0, 0
380057, 518017052, 0, 0
381026, 520140271, 0, 0
382080, 491752129, 0, 0
383061, 515794831, 0, 0
384008, 481328900, 0, 0
385039, 497407492, 0, 0
386029, 504022746, 0, 0
387053, 531184003, 0, 0
388013, 515168130, 0, 0
389057, 482165598, 0, 0
390013, 545343320, 0, 0
391015, 521751747, 0, 0
392022, 543748280, 0, 0
393000, 514581370, 0, 0
394057, 523951327, 0, 0
395061, 503740573, 0, 0
396047, 477292177, 0, 0
397054, 526189944, 0, 0
398065, 513855302, 0, 0
399054, 492299360, 0, 0
400032, 519438828, 0, 0
401047, 518961928, 0, 0
402039, 520737669, 0, 0
403059, 541021386, 0, 0
404011, 486690974, 0, 0
405045, 519152786, 0, 0
406032, 482838321, 0, 0
407031, 519112559, 0, 0
408018, 515209219, 0, 0
409064, 538310016, 0, 0
410056, 504989306, 0, 0
411020, 546447941, 0, 0
412030, 532046528, 0, 0
413023, 516349580, 0, 0
414054, 493414579, 0, 0
415072, 513878154, 0, 0
416085, 529174212, 0, 0
417005, 504747843, 0, 0
418064, 494454290, 0, 0
419043, 496664475, 0, 0
420045, 495680892, 0, 0
421006, 532931139, 0, 0
422065, 544314378, 0, 0
423038, 539612449, 0, 0
424044, 497142686, 0, 0
425063, 463896640, 0, 0
426059, 486826233, 0, 0
427060, 478776629, 0, 0
428048, 474696563, 0, 0
429019, 485898608, 0, 0
430001, 508068282, 0, 0
431047, 504471948, 0, 0
432017, 493963444, 0, 0
433023, 522045560, 0, 0
434044, 536892867, 0, 0
435059, 520938332, 0, 0
436060, 511845040, 0, 0
437014, 487782427, 0, 0
438059, 534526236, 0, 0
439038, 516008612, 0, 0
440038, 500828155, 0, 0
441003, 472043278, 0, 0
442056, 514592481, 0, 0
443056, 500541763, 0, 0
444061, 494496951, 0, 0
445014, 504958382, 0, 0
446049, 496660434, 0, 0
447042, 491895029, 0, 0
448019, 480654828, 0, 0
449030, 483203332, 0, 0
450011, 447463498, 0, 0
451033, 510562102, 0, 0
452028, 495961883, 0, 0
453051, 500033489, 0, 0
454067, 527048355, 0, 0
455019, 532703114, 0, 0
456004, 537358613, 0, 0
457044, 516165663, 0, 0
458038, 482105610, 0, 0
459015, 489449238, 0, 0
460007, 508999495, 0, 0
461012, 502869731, 0, 0
462075, 493829371, 0, 0
463046, 539167753, 0, 0
464029, 475424343, 0, 0
465009, 491061438, 0, 0
466058, 458183767, 0, 0
467066, 478546448, 0, 0
468028, 509971281, 0, 0
469003, 498365735, 0, 0
470012, 495418414, 0, 0
471061, 497086130, 0, 0
472051, 451381491, 0, 0
473012, 526757500, 0, 0
474005, 507694522, 0, 0
475043, 485884732, 0, 0
476017, 495430756, 0, 0
477008, 472510035, 0, 0
478008, 507611309, 0, 0
479059, 498599601, 0, 0
480042, 507742120, 0, 0
481048, 506746147, 0, 0
482029, 517605650, 0, 0
483023, 486990601, 0, 0
484027, 497970431, 0, 0
485001, 531863045, 0, 0
486050, 481023728, 0, 0
487053, 460644953, 0, 0
488064, 495869889, 0, 0
489017, 507951346, 0, 0
490019, 501429092, 0, 0
491012, 505001189, 0, 0
492023, 467120753, 0, 0
493041, 487211487, 0, 0
494049, 492025280, 0, 0
495067, 506949562, 0, 0
496075, 495221857, 0, 0
497001, 513042062, 0, 0
498006, 505277411, 0, 0
499025, 488669922, 0, 0
500026, 513700705, 0, 0
501061, 504964893, 0, 0
502029, 533563106, 0, 0
503020, 499032670, 0, 0
504047, 434136955, 0, 0
505056, 465004398, 0, 0
506045, 487392043, 0, 0
507064, 476550928, 0, 0
508051, 522365256, 0, 0
509045, 527547419, 0, 0
510024, 476350723, 0, 0
511045, 508541028, 0, 0
512030, 478199714, 0, 0
513006, 522950160, 0, 0
514035, 472413097, 0, 0
515034, 519555659, 0, 0
516066, 559409733, 0, 0
517035, 463702284, 0, 0
518052, 493796387, 0, 0
519054, 523246126, 0, 0
520041, 461028617, 0, 0
521051, 520515097, 0, 0
522050, 488891618, 0, 0
523040, 501568016, 0, 0
524027, 466766540, 0, 0
525014, 468722243, 0, 0
526008, 496209710, 0, 0
527047, 463520254, 0, 0
528036, 488758313, 0, 0
529040, 474915861, 0, 0
530031, 516592716, 0, 0
531004, 505461028, 0, 0
532066, 475281462, 0, 0
533057, 476482947, 0, 0
534028, 508700573, 0, 0
535032, 488911071, 0, 0
536033, 506989918, 0, 0
537048, 572688688, 0, 0
538023, 496953898, 0, 0
539048, 528719709, 0, 0
540023, 497306866, 0, 0
541034, 483628876, 0, 0
542005, 490675660, 0, 0
543002, 493512577, 0, 0
544050, 519855296, 0, 0
545050, 475973385, 0, 0
546032, 463089572, 0, 0
547017, 476016398, 0, 0
548069, 488104588, 0, 0
549067, 510730212, 0, 0
550039, 494318664, 0, 0
551013, 469029573, 0, 0
552042, 493146069, 0, 0
553064, 431367593, 0, 0
554037, 456119293, 0, 0
555042, 527722112, 0, 0
556022, 482359997, 0, 0
557023, 489613527, 0, 0
558081, 490069877, 0, 0
559046, 464673547, 0, 0
560015, 462433776, 0, 0
561040, 481188826, 0, 0
562042, 477565016, 0, 0
563009, 472527322, 0, 0
564012, 467336153, 0, 0
565004, 499068071, 0, 0
566023, 500247710, 0, 0
567006, 526452923, 0, 0
568009, 514145122, 0, 0
569051, 493883709, 0, 0
570030, 499494620, 0, 0
571029, 485473402, 0, 0
572042, 465106582, 0, 0
573042, 475373145, 0, 0
574008, 489087230, 0, 0
575058, 466944973, 0, 0
576011, 521616850, 0, 0
577042, 442783609, 0, 0
578075, 438665308, 0, 0
579050, 488311545, 0, 0
580044, 466535475, 0, 0
581059, 487952507, 0, 0
582057, 473866724, 0, 0
583036, 470312121, 0, 0
584034, 491557406, 0, 0
585053, 469949927, 0, 0
586058, 527777821, 0, 0
587068, 498014386, 0, 0
588066, 463400705, 0, 0
589023, 457054157, 0, 0
590049, 461034654, 0, 0
591039, 460475458, 0, 0
592066, 461472364, 0, 0
593014, 490000702, 0, 0
594047, 453619077, 0, 0
595034, 486573260, 0, 0
596019, 497231610, 0, 0
597002, 442439985, 0, 0
598003, 475355145, 0, 0
599037, 501239348, 0, 0
600166, 463362466, 0, 0
601073, 536046253, 0, 0
602010, 461176117, 0, 0
603022, 487500983, 0, 0
604031, 471497870, 0, 0
605038, 499875474, 0, 0
606051, 455532888, 0, 0
607014, 434705130, 0, 0
608042, 435006710, 0, 0
609031, 445733430, 0, 0
610004, 496115250, 0, 0
611010, 441714918, 0, 0
612023, 483864372, 0, 0
613002, 467766075, 0, 0
614002, 463416978, 0, 0
615019, 461806785, 0, 0
616033, 465162850, 0, 0
617030, 440857522, 0, 0
618066, 464847268, 0, 0
619048, 465365869, 0, 0
620014, 462101234, 0, 0
621008, 444221265, 0, 0
622003, 482158586, 0, 0
623062, 464590843, 0, 0
624015, 436808913, 0, 0
625012, 466640975, 0, 0
626012, 495567753, 0, 0
627057, 434562386, 0, 0
628026, 421157479, 0, 0
629071, 471790833, 0, 0
630021, 444183907, 0, 0
631014, 467757913, 0, 0
632034, 433698937, 0, 0
633059, 457311474, 0, 0
634032, 442629995, 0, 0
635013, 474172139, 0, 0
636000, 473134663, 0, 0
637054, 471635269, 0, 0
638003, 433011608, 0, 0
639057, 460469341, 0, 0
640026, 451531611, 0, 0
641062, 453944802, 0, 0
642036, 506313096, 0, 0
643017, 457360055, 0, 0
644052, 486173765, 0, 0
645042, 466200315, 0, 0
646053, 457389031, 0, 0
647003, 474914922, 0, 0
648006, 477055239, 0, 0
649052, 431284558, 0, 0
650067, 462748894, 0, 0
651055, 469872846, 0, 0
652018, 444915595, 0, 0
653063, 482540233, 0, 0
654025, 462592984, 0, 0
655026, 431132338, 0, 0
656003, 459684994, 0, 0
657055, 455087391, 0, 0
658043, 480953757, 0, 0
659003, 470429055, 0, 0
660061, 503787212, 0, 0
661062, 445863377, 0, 0
662061, 470101595, 0, 0
663054, 493602852, 0, 0
664037, 491790472, 0, 0
665026, 458226913, 0, 0
666040, 492655868, 0, 0
667013, 466618196, 0, 0
668057, 441021528, 0, 0
669058, 463247921, 0, 0
670062, 464231650, 0, 0
671056, 464908626, 0, 0
672064, 447521618, 0, 0
673061, 447967113, 0, 0
674066, 442227673, 0, 0
675044, 465133638, 0, 0
676022, 466146949, 0, 0
677008, 482339462, 0, 0
678058, 454398186, 0, 0
679033, 452449709, 0, 0
680019, 443603435, 0, 0
681045, 475208016, 0, 0
682040, 437991617, 0, 0
683026, 452915924, 0, 0
684017, 493076923, 0, 0
685060, 495493969, 0, 0
686071, 480682937, 0, 0
687053, 448449867, 0, 0
688017, 424601702, 0, 0
689056, 453229463, 0, 0
690039, 431187922, 0, 0
691028, 409310669, 0, 0
692052, 451821732, 0, 0
693008, 469826987, 0, 0
694005, 490474891, 0, 0
695023, 421045212, 0, 0
696018, 467931228, 0, 0
697053, 429841413, 0, 0
698052, 473363533, 0, 0
699040, 514077629, 0, 0
700001, 472616632, 0, 0
701003, 463427532, 0, 0
702032, 453177654, 0, 0
703014, 439632529, 0, 0
704061, 442223988, 0, 0
705043, 475912740, 0, 0
706059, 447441730, 0, 0
707065, 486855680, 0, 0
708075, 450581148, 0, 0
709039, 421972627, 0, 0
710026, 438633092, 0, 0
711005, 470641565, 0, 0
712028, 493958505, 0, 0
713006, 491264153, 0, 0
714070, 468873073, 0, 0
715056, 449390088, 0, 0
716016, 438389670, 0, 0
717043, 428787804, 0, 0
718029, 452883502, 0, 0
719019, 489375611, 0, 0
720062, 436345925, 0, 0
721030, 465581281, 0, 0
722045, 480740016, 0, 0
723033, 461416116, 0, 0
724023, 517051521, 0, 0
725007, 440342128, 0, 0
726034, 449809043, 0, 0
727018, 457345222, 0, 0
728071, 457592817, 0, 0
729051, 451404754, 0, 0
730037, 410126303, 0, 0
731074, 467868147, 0, 0
732027, 440314414, 0, 0
733037, 452199672, 0, 0
734054, 484249340, 0, 0
735023, 449973056, 0, 0
736006, 425865363, 0, 0
737017, 473151991, 0, 0
738070, 438618877, 0, 0
739041, 452735248, 0, 0
740050, 464043388, 0, 0
741005, 431404992, 0, 0
742043, 433802533, 0, 0
743041, 428662175, 0, 0
744062, 467116428, 0, 0
745036, 500804095, 0, 0
746029, 462133963, 0, 0
747054, 463317094, 0, 0
748011, 436822284, 0, 0
749045, 436348123, 0, 0
750055, 451644969, 0, 0
751063, 421023570, 0, 0
752005, 485559983, 0, 0
753003, 420326293, 0, 0
754062, 485539226, 0, 0
755062, 447882043, 0, 0
756016, 433473940, 0, 0
757020, 430214333, 0, 0
758060, 431586043, 0, 0
759060, 452303851, 0, 0
760042, 409513587, 0, 0
761033, 460027049, 0, 0
762030, 480007398, 0, 0
763044, 459007640, 0, 0
764065, 447203782, 0, 0
765067, 442060247, 0, 0
766056, 447180306, 0, 0
767048, 446380348, 0, 0
768058, 461056670, 0, 0
769024, 417783324, 0, 0
770006, 386019172, 0, 0
771059, 423609345, 0, 0
772062, 424626117, 0, 0
773039, 456592585, 0, 0
774047, 462804010, 0, 0
775028, 427858671, 0, 0
776060, 444413509, 0, 0
777054, 452065003, 0, 0
778022, 457518411, 0, 0
779065, 411254826, 0, 0
780050, 475120569, 0, 0
781038, 412923473, 0, 0
782056, 479163458, 0, 0
783029, 452360215, 0, 0
784037, 445272717, 0, 0
785036, 441547011, 0, 0
786052, 472333667, 0, 0
787058, 440419500, 0, 0
788037, 439393305, 0, 0
789065, 476101081, 0, 0
790075, 436642593, 0, 0
791012, 450542671, 0, 0
792008, 431013135, 0, 0
793071, 440793702, 0, 0
794034, 447211347, 0, 0
795048, 469225723, 0, 0
796044, 423789484, 0, 0
797070, 467755874, 0, 0
798056, 426128222, 0, 0
799030, 409475282, 0, 0
800003, 434059793, 0, 0
801060, 438068852, 0, 0
802066, 444418582, 0, 0
803011, 432178842, 0, 0
804007, 433732527, 0, 0
805010, 439837695, 0, 0
806060, 453546935, 0, 0
807037, 447957789, 0, 0
808056, 442300989, 0, 0
809048, 427925431, 0, 0
810042, 416476875, 0, 0
811015, 447428306, 0, 0
812031, 440753748, 0, 0
813030, 439979609, 0, 0
814030, 420907618, 0, 0
815038, 433023133, 0, 0
816002, 442565188, 0, 0
817064, 414177984, 0, 0
818056, 458351914, 0, 0
819018, 451374798, 0, 0
820022, 444131838, 0, 0
821032, 458972153, 0, 0
822056, 452372614, 0, 0
823006, 430141419, 0, 0
824063, 438175347, 0, 0
825041, 434421054, 0, 0
826020, 463334340, 0, 0
827009, 461673035, 0, 0
828052, 424851641, 0, 0
829058, 453425681, 0, 0
830021, 465061001, 0, 0
831000, 457825940, 0, 0
832058, 417286128, 0, 0
833074, 451279405, 0, 0
834039, 446540335, 0, 0
835044, 449136431, 0, 0
836027, 464706102, 0, 0
837008, 488890329, 0, 0
838033, 495842784, 0, 0
839018, 498329744, 0, 0
840011, 476091069, 0, 0
841049, 510472224, 0, 0
842057, 457132789, 0, 0
843000, 454267549, 0, 0
844041, 443384492, 0, 0
845003, 429671445, 0, 0
846000, 427203021, 0, 0
847035, 390806861, 0, 0
848020, 407663695, 0, 0
849041, 440272220, 0, 0
850072, 447512175, 0, 0
851052, 425422398, 0, 0
852021, 468688930, 0, 0
853009, 437716140, 0, 0
854007, 440304617, 0, 0
855044, 450704522, 0, 0
856029, 435151529, 0, 0
857019, 435271027, 0, 0
858066, 441842210, 0, 0
859025, 418727570, 0, 0
860031, 498290901, 0, 0
861012, 446978483, 0, 0
862003, 441531219, 0, 0
863070, 467883409, 0, 0
864046, 460616204, 0, 0
865022, 473567143, 0, 0
866072, 453910475, 0, 0
867031, 478902106, 0, 0
868017, 439073078, 0, 0
869054, 488795245, 0, 0
870055, 495558566, 0, 0
871040, 484798192, 0, 0
872009, 503733481, 0, 0
873006, 466280778, 0, 0
874009, 419140724, 0, 0
875052, 425501396, 0, 0
876020, 442145274, 0, 0
877007, 456183813, 0, 0
878006, 429183649, 0, 0
879097, 441741337, 0, 0
880063, 455540861, 0, 0
881028, 425394619, 0, 0
882004, 455218921, 0, 0
883047, 487711213, 0, 0
884000, 484198839, 0, 0
885013, 453497556, 0, 0
886000, 480688535, 0, 0
887025, 449941595, 0, 0
888073, 465335201, 0, 0
889019, 465220685, 0, 0
890030, 450970511, 0, 0
891061, 457098295, 0, 0
892013, 473543812, 0, 0
893028, 425790893, 0, 0
894018, 473025222, 0, 0
895022, 427620073, 0, 0
896065, 416584740, 0, 0
897018, 471674432, 0, 0
898023, 433873861, 0, 0
899059, 459615126, 0, 0
900056, 424666282, 0, 0
901047, 472347321, 0, 0
902010, 455441588, 0, 0
903056, 461376600, 0, 0
904022, 444052933, 0, 0
905056, 427751231, 0, 0
906008, 421262054, 0, 0
907041, 420969789, 0, 0
908064, 494609377, 0, 0
909032, 438898453, 0, 0
910070, 445687889, 0, 0
911006, 453562065, 0, 0
912055, 426736155, 0, 0
913031, 486057765, 0, 0
914004, 441876035, 0, 0
915028, 454980587, 0, 0
916013, 452812823, 0, 0
917072, 473625448, 0, 0
918000, 468735695, 0, 0
919024, 465375492, 0, 0
920011, 449798610, 0, 0
921006, 450319832, 0, 0
922054, 445647972, 0, 0
923017, 456435439, 0, 0
924043, 424837921, 0, 0
925036, 452798849, 0, 0
926026, 439086003, 0, 0
927037, 453382498, 0, 0
928033, 442747808, 0, 0
929045, 495759366, 0, 0
930020, 429097982, 0, 0
931052, 441840650, 0, 0
932026, 429727193, 0, 0
933025, 447901681, 0, 0
934037, 466639262, 0, 0
935018, 453450525, 0, 0
936017, 434751429, 0, 0
937021, 454486075, 0, 0
938029, 448025648, 0, 0
939039, 449910117, 0, 0
940021, 497075782, 0, 0
941002, 448551291, 0, 0
942000, 410464680, 0, 0
943061, 442746444, 0, 0
944002, 472683410, 0, 0
945018, 442831832, 0, 0
946048, 429150077, 0, 0
947054, 442411922, 0, 0
948013, 422544095, 0, 0
949020, 456009030, 0, 0
950042, 432510616, 0, 0
951075, 405978296, 0, 0
952002, 465943958, 0, 0
953043, 445876392, 0, 0
954021, 440783025, 0, 0
955002, 416612701, 0, 0
956062, 427025020, 0, 0
957039, 466585278, 0, 0
958011, 393567620, 0, 0
959028, 431769092, 0, 0
960023, 409526809, 0, 0
961034, 447919966, 0, 0
962000, 428588109, 0, 0
963070, 473928304, 0, 0
964040, 447112027, 0, 0
965057, 476925252, 0, 0
966014, 464672590, 0, 0
967026, 450760055, 0, 0
968025, 466466336, 0, 0
969043, 425224287, 0, 0
970046, 457305824, 0, 0
971035, 428586494, 0, 0
972019, 495776080, 0, 0
973032, 477539397, 0, 0
974041, 452140255, 0, 0
975080, 428255583, 0, 0
976030, 496520342, 0, 0
977000, 453970354, 0, 0
978082, 510780809, 0, 0
979071, 431797811, 0, 0
980045, 430848494, 0, 0
981064, 476343392, 0, 0
982065, 460878739, 0, 0
983069, 440142913, 0, 0
984069, 441749372, 0, 0
985023, 434220983, 0, 0
986007, 442924946, 0, 0
987060, 423436711, 0, 0
988048, 446882115, 0, 0
989068, 441146042, 0, 0
990070, 439045708, 0, 0
991004, 462846267, 0, 0
992011, 450726793, 0, 0
993040, 460355735, 0, 0
994051, 459022861, 0, 0
995049, 458089697, 0, 0
996035, 426658262, 0, 0
997021, 432282094, 0, 0
998013, 444130262, 0, 0
999048, 436440207, 0, 0
1000078, 439741556, 0, 0
1001001, 523762001, 0, 0
1002027, 464243961, 0, 0
1003022, 470960183, 0, 0
1004029, 484820641, 0, 0
1005005, 454515298, 0, 0
1006021, 432880903, 0, 0
1007037, 485859068, 0, 0
1008042, 462725398, 0, 0
1009025, 446250797, 0, 0
1010050, 437094804, 0, 0
1011028, 446846380, 0, 0
1012063, 415478693, 0, 0
1013015, 426331030, 0, 0
1014050, 442121733, 0, 0
1015066, 454131095, 0, 0
1016028, 439273310, 0, 0
1017012, 419116097, 0, 0
1018023, 449718740, 0, 0
1019008, 484479522, 0, 0
1020030, 454841729, 0, 0
1021028, 491066953, 0, 0
1022035, 487993389, 0, 0
1023048, 473843371, 0, 0
1024024, 470930675, 0, 0
1025014, 423904258, 0, 0
1026014, 440676369, 0, 0
1027043, 458100603, 0, 0
1028046, 459126125, 0, 0
1029027, 440413717, 0, 0
1030055, 416953429, 0, 0
1031069, 420766641, 0, 0
1032038, 450139726, 0, 0
1033035, 423175717, 0, 0
1034030, 466114238, 0, 0
1035047, 454977457, 0, 0
1036048, 397802003, 0, 0
1037057, 435776601, 0, 0
1038049, 403171772, 0, 0
1039014, 462679847, 0, 0
1040003, 431539586, 0, 0
1041024, 388040294, 0, 0
1042062, 459078865, 0, 0
1043029, 423105161, 0, 0
1044013, 424999091, 0, 0
1045001, 457660725, 0, 0
1046000, 451702975, 0, 0
1047006, 465599121, 0, 0
1048058, 445929179, 0, 0
1049041, 434068018, 0, 0
1050004, 417077116, 0, 0
1051039, 477671841, 0, 0
1052009, 460468866, 0, 0
1053004, 436879299, 0, 0
1054031, 452522095, 0, 0
1055025, 450725730, 0, 0
1056070, 398988745, 0, 0
1057033, 412888213, 0, 0
1058043, 443666236, 0, 0
1059062, 399392071, 0, 0
1060042, 423413092, 0, 0
1061046, 437693148, 0, 0
1062021, 445557872, 0, 0
1063015, 400461186, 0, 0
1064021, 453989752, 0, 0
1065032, 466652907, 0, 0
1066055, 445824632, 0, 0
1067008, 454849816, 0, 0
1068007, 450345137, 0, 0
1069006, 428271115, 0, 0
1070044, 428045544, 0, 0
1071009, 444068401, 0, 0
1072000, 419068908, 0, 0
1073023, 423700374, 0, 0
1074031, 416855538, 0, 0
1075010, 453775233, 0, 0
1076067, 527796911, 0, 0
1077006, 488854275, 0, 0
1078052, 469534052, 0, 0
1079063, 450874999, 0, 0
1080027, 458876637, 0, 0
1081019, 493976728, 0, 0
1082051, 430047201, 0, 0
1083045, 402347379, 0, 0
1084029, 432169117, 0, 0
1085061, 440790054, 0, 0
1086035, 459572056, 0, 0
1087055, 438820270, 0, 0
1088065, 425364363, 0, 0
1089018, 431650354, 0, 0
1090041, 469069078, 0, 0
1091028, 452379499, 0, 0
1092005, 435287548, 0, 0
1093021, 454986143, 0, 0
1094016, 464250173, 0, 0
1095050, 512943005, 0, 0
1096030, 458695949, 0, 0
1097032, 394652059, 0, 0
1098041, 452161914, 0, 0
1099062, 455390519, 0, 0
1100000, 473481184, 0, 0
1101050, 382664114, 0, 0
1102004, 437750006, 0, 0
1103060, 426034474, 0, 0
1104032, 485640757, 0, 0
1105049, 454857665, 0, 0
1106011, 428486324, 0, 0
1107007, 409518303, 0, 0
1108017, 435809683, 0, 0
1109038, 491708401, 0, 0
1110007, 500955834, 0, 0
1111068, 434900313, 0, 0
1112053, 414366543, 0, 0
1113067, 481994668, 0, 0
1114078, 420866027, 0, 0
1115025, 465766912, 0, 0
1116036, 403771121, 0, 0
1117000, 440600194, 0, 0
1118046, 433800483, 0, 0
1119046, 411019291, 0, 0
1120028, 413990943, 0, 0
1121051, 452842428, 0, 0
1122000, 453887255, 0, 0
1123047, 425203897, 0, 0
1124070, 469587122, 0, 0
1125010, 530351260, 0, 0
1126045, 419767644, 0, 0
1127040, 451495371, 0, 0
1128022, 439264045, 0, 0
1129002, 436933942, 0, 0
1130069, 428413242, 0, 0
1131058, 438767990, 0, 0
1132049, 435218663, 0, 0
1133045, 397243690, 0, 0
1134026, 445565251, 0, 0
1135014, 459665537, 0, 0
1136010, 458016175, 0, 0
1137000, 450545176, 0, 0
1138005, 467165109, 0, 0
1139015, 447615043, 0, 0
1140057, 429402033, 0, 0
1141026, 409735101, 0, 0
1142035, 445046382, 0, 0
1143030, 460451658, 0, 0
1144061, 436322593, 0, 0
1145041, 442485195, 0, 0
1146071, 423231027, 0, 0
1147071, 412584735, 0, 0
1148007, 451031910, 0, 0
1149060, 427879854, 0, 0
1150050, 456014113, 0, 0
1151053, 462109531, 0, 0
1152044, 432083493, 0, 0
1153051, 477221656, 0, 0
1154006, 469700301, 0, 0
1155005, 421876972, 0, 0
1156016, 432541922, 0, 0
1157020, 442405537, 0, 0
1158042, 471906397, 0, 0
1159010, 437627020, 0, 0
1160061, 440838803, 0, 0
1161061, 462706620, 0, 0
1162071, 459763240, 0, 0
1163015, 463447214, 0, 0
1164003, 404811199, 0, 0
1165046, 455305299, 0, 0
1166069, 446225988, 0, 0
1167030, 454915322, 0, 0
1168043, 445860417, 0, 0
1169051, 438546464, 0, 0
1170057, 405839590, 0, 0
1171052, 402806457, 0, 0
1172045, 434076589, 0, 0
1173117, 435267352, 0, 0
1174064, 475082563, 0, 0
1175035, 420500155, 0, 0
1176035, 448411378, 0, 0
1177006, 433788642, 0, 0
1178044, 426151294, 0, 0
1179011, 428119255, 0, 0
1180020, 418418220, 0, 0
1181002, 446938483, 0, 0
1182048, 419049150, 0, 0
1183046, 422638915, 0, 0
1184055, 433458328, 0, 0
1185014, 434465408, 0, 0
1186045, 440612440, 0, 0
1187003, 491211176, 0, 0
1188001, 452056864, 0, 0
1189018, 434355218, 0, 0
1190062, 414306560, 0, 0
1191030, 486240513, 0, 0
1192038, 441917903, 0, 0
1193058, 460702709, 0, 0
1194006, 460391762, 0, 0
1195003, 446418599, 0, 0
1196022, 450374921, 0, 0
1197040, 469422394, 0, 0
1198054, 451624356, 0, 0
1199057, 404944996, 0, 0
1200004, 442580125, 0, 0
1200221, 490982482, 0, 0
