1030, 519661906, 0, 0
2044, 561742033, 0, 0
3051, 585191553, 0, 0
4038, 570283480, 0, 0
5020, 565613421, 0, 0
6047, 584507326, 0, 0
7032, 555613364, 0, 0
8060, 556656224, 0, 0
9053, 564133611, 0, 0
10036, 586865400, 0, 0
11015, 564554754, 0, 0
12031, 562347089, 0, 0
13067, 558692921, 0, 0
14010, 556130790, 0, 0
15047, 537887801, 0, 0
16063, 538661471, 0, 0
17038, 546471476, 0, 0
18071, 571982985, 0, 0
19058, 560710754, 0, 0
20051, 547711099, 0, 0
21043, 574554849, 0, 0
22005, 535585186, 0, 0
23069, 559456869, 0, 0
24052, 556774599, 0, 0
25015, 557614799, 0, 0
26059, 555719740, 0, 0
27001, 559208086, 0, 0
28035, 577507855, 0, 0
29031, 564871389, 0, 0
30002, 534224958, 0, 0
31016, 550141018, 0, 0
32018, 557963374, 0, 0
33002, 558250632, 0, 0
34043, 571286405, 0, 0
35080, 563584418, 0, 0
36015, 578577578, 0, 0
37033, 564330382, 0, 0
38049, 583031387, 0, 0
39039, 549214802, 0, 0
40044, 549764230, 0, 0
41057, 572060124, 0, 0
42044, 538114637, 0, 0
43042, 565713410, 0, 0
44045, 570043696, 0, 0
45049, 568725263, 0, 0
46022, 548152768, 0, 0
47011, 545567681, 0, 0
48046, 564418551, 0, 0
49059, 574691030, 0, 0
50057, 594721299, 0, 0
51054, 610944958, 0, 0
52058, 602363773, 0, 0
53031, 537162928, 0, 0
54055, 537891864, 0, 0
55039, 548579448, 0, 0
56044, 544696155, 0, 0
57012, 529461962, 0, 0
58004, 549069819, 0, 0
59073, 585948933, 0, 0
60049, 554443439, 0, 0
61026, 528790624, 0, 0
62016, 547512346, 0, 0
63032, 557044404, 0, 0
64055, 552022426, 0, 0
65035, 562091468, 0, 0
66055, 562359577, 0, 0
67023, 569449881, 0, 0
68024, 569620569, 0, 0
69019, 563497407, 0, 0
70006, 549475426, 0, 0
71042, 570636400, 0, 0
72016, 574814891, 0, 0
73061, 558214865, 0, 0
74056, 554619730, 0, 0
75073, 550369966, 0, 0
76002, 554647813, 0, 0
77026, 565877196, 0, 0
78004, 563685553, 0, 0
79069, 552053060, 0, 0
80002, 560864609, 0, 0
81049, 544878651, 0, 0
82023, 530308281, 0, 0
83054, 570889251, 0, 0
84020, 542544424, 0, 0
85012, 536638068, 0, 0
86010, 536324264, 0, 0
87026, 574496247, 0, 0
88058, 453021161, 0, 0
89014, 568459239, 0, 0
90070, 529509869, 0, 0
91042, 556839091, 0, 0
92027, 558730060, 0, 0
93040, 574113147, 0, 0
94005, 530126214, 0, 0
95019, 543212626, 0, 0
96061, 550532998, 0, 0
97087, 543633344, 0, 0
98021, 563145107, 0, 0
99014, 579093885, 0, 0
100062, 536411888, 0, 0
101041, 537008318, 0, 0
102036, 553717419, 0, 0
103057, 565683184, 0, 0
104043, 540113167, 0, 0
105054, 554638638, 0, 0
106048, 589516354, 0, 0
107048, 557345305, 0, 0
108062, 548108693, 0, 0
109013, 525174462, 0, 0
110080, 561537754, 0, 0
111030, 565829227, 0, 0
112063, 560442691, 0, 0
113039, 541148989, 0, 0
114062, 559870927, 0, 0
115070, 537267382, 0, 0
116061, 540573483, 0, 0
117030, 534965338, 0, 0
118000, 519919003, 0, 0
119040, 577715832, 0, 0
120018, 547462259, 0, 0
121040, 550331496, 0, 0
122048, 545744165, 0, 0
123051, 546015961, 0, 0
124029, 548599030, 0, 0
125056, 540976252, 0, 0
126023, 538118847, 0, 0
127039, 525999398, 0, 0
128049, 552973188, 0, 0
129012, 548159158, 0, 0
130056, 531055295, 0, 0
131004, 564854081, 0, 0
132020, 553563026, 0, 0
133054, 559759927, 0, 0
134067, 547733396, 0, 0
135034, 543485525, 0, 0
136051, 539124778, 0, 0
137005, 530904205, 0, 0
138059, 536384186, 0, 0
139070, 546467324, 0, 0
140012, 543373010, 0, 0
141017, 553268115, 0, 0
142030, 540010220, 0, 0
143080, 570613711, 0, 0
144067, 549466782, 0, 0
145041, 464364313, 0, 0
146024, 534953271, 0, 0
147065, 533091908, 0, 0
148025, 549286770, 0, 0
149033, 544885978, 0, 0
150071, 511927262, 0, 0
151030, 552794675, 0, 0
152039, 548703618, 0, 0
153013, 536528728, 0, 0
154033, 535059296, 0, 0
155024, 567589238, 0, 0
156025, 551310782, 0, 0
157035, 557704395, 0, 0
158057, 552263575, 0, 0
159051, 562822943, 0, 0
160021, 557106201, 0, 0
161065, 549575135, 0, 0
162013, 568317623, 0, 0
163054, 573545133, 0, 0
164038, 567809186, 0, 0
165056, 557160221, 0, 0
166009, 570145805, 0, 0
167009, 555493607, 0, 0
168001, 510780455, 0, 0
169007, 558130588, 0, 0
170024, 550920840, 0, 0
171018, 525454792, 0, 0
172027, 572178314, 0, 0
173030, 544359774, 0, 0
174003, 522783396, 0, 0
175033, 514724763, 0, 0
176009, 532430349, 0, 0
177036, 504697848, 0, 0
178025, 515413015, 0, 0
179013, 510132275, 0, 0
180011, 544236913, 0, 0
181066, 509693375, 0, 0
182056, 531159780, 0, 0
183040, 524215023, 0, 0
184024, 528594961, 0, 0
185009, 546441745, 0, 0
186026, 541110545, 0, 0
187013, 536435226, 0, 0
188017, 541231620, 0, 0
189045, 553530111, 0, 0
190007, 541192077, 0, 0
191040, 491545163, 0, 0
192040, 566110276, 0, 0
193017, 538974087, 0, 0
194017, 534572532, 0, 0
195015, 573305176, 0, 0
196021, 515097862, 0, 0
197012, 550363959, 0, 0
198110, 530496709, 0, 0
199007, 581475475, 0, 0
200022, 546991834, 0, 0
201000, 523748982, 0, 0
202034, 518509802, 0, 0
203008, 519034216, 0, 0
204049, 503306283, 0, 0
205060, 508613248, 0, 0
206028, 552496444, 0, 0
207023, 529530048, 0, 0
208009, 507466311, 0, 0
209011, 528083965, 0, 0
210051, 556955998, 0, 0
211031, 537064100, 0, 0
212005, 526169645, 0, 0
213011, 559040331, 0, 0
214059, 535913196, 0, 0
215055, 540167501, 0, 0
216055, 516640262, 0, 0
217044, 540252586, 0, 0
218028, 539803269, 0, 0
219011, 524725329, 0, 0
220008, 544445558, 0, 0
221068, 513284446, 0, 0
222011, 500496298, 0, 0
223029, 494444393, 0, 0
224017, 501820295, 0, 0
225009, 547517817, 0, 0
226002, 498036495, 0, 0
227058, 564641150, 0, 0
228002, 520996182, 0, 0
229004, 521293977, 0, 0
230011, 523879856, 0, 0
231043, 563336041, 0, 0
232036, 515770543, 0, 0
233007, 539638272, 0, 0
234010, 532990102, 0, 0
235078, 554151579, 0, 0
236071, 547496741, 0, 0
237050, 542832945, 0, 0
238001, 513840129, 0, 0
239038, 556362260, 0, 0
240017, 560725421, 0, 0
241053, 508755021, 0, 0
242030, 521460285, 0, 0
243008, 506049760, 0, 0
244016, 513555936, 0, 0
245006, 530136064, 0, 0
246011, 537466184, 0, 0
247050, 500416064, 0, 0
248031, 529461699, 0, 0
249050, 563492209, 0, 0
250001, 558295750, 0, 0
251000, 551984140, 0, 0
252000, 528515807, 0, 0
253002, 538242700, 0, 0
254044, 521365562, 0, 0
255059, 538490832, 0, 0
256010, 506751247, 0, 0
257065, 505980987, 0, 0
258046, 522159804, 0, 0
259025, 517389673, 0, 0
260036, 546292598, 0, 0
261014, 544651232, 0, 0
262039, 505816496, 0, 0
263057, 548395352, 0, 0
264038, 494368115, 0, 0
265043, 508251442, 0, 0
266018, 549204105, 0, 0
267026, 516184662, 0, 0
268046, 509806898, 0, 0
269065, 548443831, 0, 0
270011, 510540300, 0, 0
271029, 485269826, 0, 0
272056, 530228269, 0, 0
273044, 469176850, 0, 0
274023, 521326652, 0, 0
275038, 542446724, 0, 0
276055, 490355032, 0, 0
277070, 527941830, 0, 0
278017, 517907126, 0, 0
279001, 552063083, 0, 0
280011, 542861643, 0, 0
281048, 512052521, 0, 0
282056, 528471375, 0, 0
283012, 547481050, 0, 0
284001, 505300312, 0, 0
285050, 503808176, 0, 0
286034, 507239287, 0, 0
287056, 498753410, 0, 0
288047, 502589774, 0, 0
289006, 535151394, 0, 0
290046, 505363340, 0, 0
291008, 541075826, 0, 0
292021, 514503930, 0, 0
293020, 538238456, 0, 0
294009, 510420982, 0, 0
295015, 466403995, 0, 0
296039, 507984698, 0, 0
297047, 511329520, 0, 0
298046, 535136120, 0, 0
299034, 521738593, 0, 0
300008, 523178082, 0, 0
301043, 503643076, 0, 0
302066, 499816646, 0, 0
303057, 489910043, 0, 0
304032, 508205442, 0, 0
305016, 492959933, 0, 0
306051, 564920416, 0, 0
307019, 557120809, 0, 0
308056, 506450717, 0, 0
309012, 528877062, 0, 0
310031, 515143024, 0, 0
311012, 503394064, 0, 0
312002, 508394841, 0, 0
313062, 495741483, 0, 0
314019, 533664793, 0, 0
315011, 491175462, 0, 0
316035, 529591349, 0, 0
317006, 576140302, 0, 0
318030, 535414625, 0, 0
319052, 515632551, 0, 0
320030, 510314314, 0, 0
321018, 517341838, 0, 0
322060, 515583404, 0, 0
323030, 493281311, 0, 0
324008, 484764001, 0, 0
325026, 529108635, 0, 0
326020, 506295715, 0, 0
327013, 519355874, 0, 0
328013, 504447328, 0, 0
329046, 485182217, 0, 0
330045, 514110099, 0, 0
331043, 491539921, 0, 0
332003, 512659895, 0, 0
333030, 522444675, 0, 0
334054, 500657859, 0, 0
335035, 494068140, 0, 0
336028, 521414651, 0, 0
337031, 525156706, 0, 0
338030, 533300196, 0, 0
339064, 513602588, 0, 0
340015, 517129929, 0, 0
341044, 529713742, 0, 0
342004, 480841560, 0, 0
343054, 506238359, 0, 0
344021, 461832252, 0, 0
345040, 503515649, 0, 0
346048, 521248735, 0, 0
347045, 491208678, 0, 0
348054, 544119269, 0, 0
349014, 528732206, 0, 0
350025, 532527483, 0, 0
351005, 511083376, 0, 0
352004, 500923066, 0, 0
353050, 467544625, 0, 0
354001, 473268605, 0, 0
355049, 511284822, 0, 0
356037, 525691451, 0, 0
357057, 502091221, 0, 0
358023, 553227439, 0, 0
359071, 533858533, 0, 0
360057, 513642772, 0, 0
361011, 510817684, 0, 0
362020, 530608576, 0, 0
363002, 511670645, 0, 0
364046, 497926400, 0, 0
365037, 482985690, 0, 0
366034, 517214973, 0, 0
367057, 512280657, 0, 0
368044, 551011994, 0, 0
369022, 501559219, 0, 0
370011, 499449492, 0, 0
371059, 475444119, 0, 0
372001, 463593052, 0, 0
373025, 499932498, 0, 0
374020, 517128873, 0, 0
375022, 502355327, 0, 0
376002, 514975749, 0, 0
377003, 504011405, 0, 0
378011, 500713751, 0, 0
379045, 506237505, 0, 0
380059, 511063326, 0, 0
381002, 527530396, 0, 0
382034, 492769342, 0, 0
383019, 540936351, 0, 0
384001, 523796430, 0, 0
385005, 512509902, 0, 0
386004, 501633449, 0, 0
387052, 505955579, 0, 0
388026, 538980405, 0, 0
389021, 518664897, 0, 0
390013, 511085866, 0, 0
391014, 494804822, 0, 0
392065, 484130119, 0, 0
393034, 463485892, 0, 0
394064, 534601400, 0, 0
395031, 499037759, 0, 0
396031, 493938644, 0, 0
397015, 518026762, 0, 0
398050, 485990008, 0, 0
399044, 505175132, 0, 0
400068, 514556295, 0, 0
401025, 531915752, 0, 0
402049, 490794655, 0, 0
403056, 503923584, 0, 0
404044, 505023109, 0, 0
405073, 481684537, 0, 0
406043, 520904787, 0, 0
407057, 518500036, 0, 0
408027, 484862191, 0, 0
409061, 504173807, 0, 0
410048, 503859794, 0, 0
411025, 481270421, 0, 0
412021, 491150780, 0, 0
413035, 485194926, 0, 0
414029, 497068821, 0, 0
415002, 486800096, 0, 0
416043, 480118055, 0, 0
417024, 505625313, 0, 0
418015, 492794555, 0, 0
419013, 509384344, 0, 0
420041, 548440332, 0, 0
421060, 515782097, 0, 0
422016, 518547265, 0, 0
423019, 498650573, 0, 0
424004, 499248862, 0, 0
425058, 520304471, 0, 0
426091, 498150886, 0, 0
427056, 509868100, 0, 0
428034, 448780905, 0, 0
429071, 473204100, 0, 0
430049, 532774161, 0, 0
431048, 473532128, 0, 0
432034, 502020416, 0, 0
433018, 510163933, 0, 0
434045, 480279038, 0, 0
435020, 474671693, 0, 0
436048, 470592214, 0, 0
437008, 470764865, 0, 0
438039, 466705458, 0, 0
439004, 531994566, 0, 0
440010, 473573574, 0, 0
441023, 493385813, 0, 0
442051, 500035445, 0, 0
443003, 493713344, 0, 0
444041, 504788674, 0, 0
445039, 502566903, 0, 0
446025, 512993410, 0, 0
447062, 505946323, 0, 0
448036, 495328296, 0, 0
449000, 446878485, 0, 0
450037, 491403154, 0, 0
451000, 458141117, 0, 0
452017, 477052499, 0, 0
453011, 486624994, 0, 0
454058, 469977546, 0, 0
455010, 502504063, 0, 0
456020, 517482689, 0, 0
457049, 505929012, 0, 0
458041, 513284203, 0, 0
459017, 476412509, 0, 0
460063, 521134210, 0, 0
461046, 462161150, 0, 0
462054, 494178416, 0, 0
463042, 473879752, 0, 0
464063, 488308124, 0, 0
465055, 475108775, 0, 0
466071, 506646696, 0, 0
467051, 497487224, 0, 0
468049, 491878084, 0, 0
469037, 497112899, 0, 0
470035, 483135315, 0, 0
471008, 484360046, 0, 0
472062, 479732218, 0, 0
473061, 466406141, 0, 0
474036, 464729173, 0, 0
475015, 524463180, 0, 0
476043, 525940288, 0, 0
477025, 478629623, 0, 0
478073, 493679724, 0, 0
479056, 485434719, 0, 0
480073, 481860946, 0, 0
481064, 474132304, 0, 0
482022, 505012922, 0, 0
483036, 507977680, 0, 0
484045, 488203383, 0, 0
485086, 499920161, 0, 0
486002, 498872997, 0, 0
487053, 464662045, 0, 0
488040, 476309118, 0, 0
489019, 466215942, 0, 0
490055, 472346247, 0, 0
491057, 482226141, 0, 0
492057, 477060813, 0, 0
493045, 473084218, 0, 0
494073, 469336290, 0, 0
495013, 484655317, 0, 0
496015, 512368337, 0, 0
497056, 505426567, 0, 0
498015, 468115654, 0, 0
499014, 468626117, 0, 0
500054, 456213701, 0, 0
501050, 492211043, 0, 0
502060, 508952726, 0, 0
503019, 455267059, 0, 0
504025, 501393651, 0, 0
505004, 460704136, 0, 0
506059, 476216847, 0, 0
507049, 499032832, 0, 0
508009, 473399005, 0, 0
509039, 507493347, 0, 0
510056, 502024507, 0, 0
511056, 501850762, 0, 0
512069, 469706041, 0, 0
513064, 500017437, 0, 0
514063, 501287716, 0, 0
515052, 484802146, 0, 0
516032, 496381033, 0, 0
517043, 499003232, 0, 0
518042, 481394741, 0, 0
519042, 500871429, 0, 0
520018, 474174982, 0, 0
521018, 491137116, 0, 0
522020, 472208582, 0, 0
523021, 482964278, 0, 0
524015, 515528279, 0, 0
525048, 460272934, 0, 0
526001, 485624802, 0, 0
527023, 495052472, 0, 0
528031, 471349839, 0, 0
529023, 481730714, 0, 0
530066, 454160051, 0, 0
531011, 496475028, 0, 0
532050, 502729679, 0, 0
533010, 517587644, 0, 0
534008, 472911402, 0, 0
535007, 442899588, 0, 0
536006, 465474960, 0, 0
537053, 446607853, 0, 0
538054, 503565502, 0, 0
539046, 449941765, 0, 0
540055, 480007748, 0, 0
541025, 483197379, 0, 0
542064, 504780824, 0, 0
543038, 523544914, 0, 0
544048, 483431754, 0, 0
545040, 470802375, 0, 0
546061, 479717786, 0, 0
547004, 480593773, 0, 0
548004, 498242265, 0, 0
549049, 459404674, 0, 0
550003, 483961515, 0, 0
551015, 467664409, 0, 0
552000, 471658326, 0, 0
553076, 496939208, 0, 0
554047, 467951992, 0, 0
555070, 491132725, 0, 0
556019, 519863147, 0, 0
557051, 485031443, 0, 0
558039, 520507845, 0, 0
559053, 491390430, 0, 0
560055, 494463447, 0, 0
561036, 494201495, 0, 0
562060, 464347084, 0, 0
563000, 496134725, 0, 0
564020, 461510533, 0, 0
565040, 510911077, 0, 0
566034, 495594865, 0, 0
567004, 460968930, 0, 0
568016, 478547536, 0, 0
569063, 468518024, 0, 0
570002, 484244721, 0, 0
571008, 460677777, 0, 0
572058, 451881787, 0, 0
573036, 504085443, 0, 0
574026, 487466569, 0, 0
575054, 452347904, 0, 0
576021, 475038681, 0, 0
577013, 459161930, 0, 0
578045, 442425238, 0, 0
579036, 475808134, 0, 0
580022, 469630623, 0, 0
581034, 441084390, 0, 0
582019, 457008720, 0, 0
583016, 471514873, 0, 0
584010, 470232449, 0, 0
585003, 500482521, 0, 0
586064, 486990965, 0, 0
587026, 507214953, 0, 0
588039, 497949357, 0, 0
589009, 502603476, 0, 0
590005, 491274782, 0, 0
591011, 469084339, 0, 0
592025, 505662842, 0, 0
593043, 477895543, 0, 0
594027, 458674520, 0, 0
595054, 499939135, 0, 0
596067, 491972903, 0, 0
597073, 468790608, 0, 0
598048, 501497911, 0, 0
599047, 466925748, 0, 0
600134, 483108749, 0, 0
601031, 592027784, 0, 0
602012, 519385744, 0, 0
603063, 507684687, 0, 0
604041, 441160347, 0, 0
605037, 464606789, 0, 0
606029, 459008016, 0, 0
607046, 460545851, 0, 0
608045, 484534138, 0, 0
609053, 475493189, 0, 0
610071, 468807992, 0, 0
611013, 416784535, 0, 0
612037, 468791871, 0, 0
613038, 461464522, 0, 0
614042, 480965493, 0, 0
615049, 461638723, 0, 0
616023, 453671661, 0, 0
617028, 460858112, 0, 0
618076, 446180262, 0, 0
619056, 451135439, 0, 0
620010, 475185185, 0, 0
621044, 475567694, 0, 0
622006, 468768351, 0, 0
623003, 474730133, 0, 0
624057, 438153566, 0, 0
625026, 446645564, 0, 0
626059, 399863339, 0, 0
627040, 467092479, 0, 0
628034, 463304282, 0, 0
629019, 462284171, 0, 0
630007, 460555734, 0, 0
631064, 498256891, 0, 0
632051, 482037739, 0, 0
633034, 451521492, 0, 0
634032, 460493528, 0, 0
635034, 410159791, 0, 0
636079, 472680511, 0, 0
637082, 456218513, 0, 0
638000, 452586805, 0, 0
639048, 432954583, 0, 0
640065, 465797747, 0, 0
641006, 461306947, 0, 0
642009, 472129719, 0, 0
643054, 458177245, 0, 0
644056, 495041927, 0, 0
645040, 442579964, 0, 0
646027, 456008860, 0, 0
647022, 459121451, 0, 0
648022, 479450141, 0, 0
649040, 474897770, 0, 0
650037, 445057081, 0, 0
651035, 458028753, 0, 0
652020, 487861873, 0, 0
653040, 522294923, 0, 0
654010, 530787302, 0, 0
655002, 485666869, 0, 0
656018, 468287445, 0, 0
657060, 418859809, 0, 0
658066, 458690825, 0, 0
659016, 488442565, 0, 0
660039, 461291012, 0, 0
661045, 447901378, 0, 0
662037, 479906295, 0, 0
663020, 441043852, 0, 0
664016, 476939217, 0, 0
665000, 452929905, 0, 0
666065, 452111682, 0, 0
667030, 478229529, 0, 0
668025, 442119014, 0, 0
669020, 493597598, 0, 0
670011, 456044483, 0, 0
671045, 498793599, 0, 0
672050, 518776850, 0, 0
673052, 479413145, 0, 0
674024, 473380109, 0, 0
675003, 463825669, 0, 0
676059, 422262622, 0, 0
677003, 444563440, 0, 0
678004, 415721794, 0, 0
679043, 446489009, 0, 0
680023, 437936516, 0, 0
681034, 471052525, 0, 0
682041, 428841456, 0, 0
683024, 434852955, 0, 0
684027, 459961708, 0, 0
685029, 463725490, 0, 0
686006, 471866843, 0, 0
687064, 441228495, 0, 0
688050, 474761652, 0, 0
689048, 435453738, 0, 0
690051, 478261231, 0, 0
691057, 466642727, 0, 0
692063, 447193559, 0, 0
693015, 428906533, 0, 0
694020, 469514880, 0, 0
695031, 494276193, 0, 0
696021, 431278089, 0, 0
697029, 426397704, 0, 0
698031, 491457526, 0, 0
699058, 466076893, 0, 0
700019, 469362208, 0, 0
701022, 469635451, 0, 0
702022, 464562317, 0, 0
703051, 411070592, 0, 0
704066, 438254359, 0, 0
705007, 470815463, 0, 0
706018, 479787832, 0, 0
707035, 457030053, 0, 0
708029, 396372503, 0, 0
709016, 479734953, 0, 0
710061, 425776451, 0, 0
711004, 468921232, 0, 0
712022, 436919050, 0, 0
713016, 450198907, 0, 0
714032, 431304777, 0, 0
715021, 395890503, 0, 0
716010, 459917801, 0, 0
717068, 480820590, 0, 0
718067, 462935070, 0, 0
719006, 455553474, 0, 0
720003, 448657918, 0, 0
721022, 436487819, 0, 0
722001, 458887771, 0, 0
723050, 445636660, 0, 0
724020, 436228955, 0, 0
725025, 471834168, 0, 0
726044, 447864657, 0, 0
727038, 437261732, 0, 0
728068, 437959885, 0, 0
729054, 444342295, 0, 0
730041, 431363416, 0, 0
731026, 455059725, 0, 0
732027, 446312095, 0, 0
733063, 470859879, 0, 0
734031, 424646106, 0, 0
735058, 443600701, 0, 0
736060, 502270923, 0, 0
737016, 423325040, 0, 0
738016, 441028055, 0, 0
739030, 412819432, 0, 0
740007, 416596381, 0, 0
741003, 431167046, 0, 0
742020, 476867569, 0, 0
743036, 451837919, 0, 0
744063, 453206934, 0, 0
745000, 489617585, 0, 0
746019, 433502130, 0, 0
747044, 474475994, 0, 0
748015, 458021534, 0, 0
749021, 470720230, 0, 0
750064, 410576235, 0, 0
751004, 429827476, 0, 0
752054, 425784457, 0, 0
753000, 489121083, 0, 0
754079, 433201163, 0, 0
755006, 438200867, 0, 0
756061, 436364897, 0, 0
757002, 397696520, 0, 0
758048, 447701957, 0, 0
759036, 473639763, 0, 0
760047, 470481758, 0, 0
761060, 475295843, 0, 0
762052, 437875285, 0, 0
763039, 462584628, 0, 0
764043, 411929577, 0, 0
765018, 442107077, 0, 0
766048, 454237659, 0, 0
767019, 428697125, 0, 0
768043, 422207905, 0, 0
769036, 423681558, 0, 0
770063, 478693577, 0, 0
771061, 479323222, 0, 0
772013, 439952887, 0, 0
773008, 441602253, 0, 0
774060, 463288794, 0, 0
775064, 473773165, 0, 0
776003, 462763522, 0, 0
777048, 454506882, 0, 0
778039, 428651972, 0, 0
779030, 434125095, 0, 0
780039, 437733383, 0, 0
781038, 429075470, 0, 0
782036, 453083195, 0, 0
783008, 474251553, 0, 0
784063, 465047591, 0, 0
785028, 464889259, 0, 0
786000, 399093668, 0, 0
787011, 406801880, 0, 0
788020, 467427692, 0, 0
789045, 450363163, 0, 0
790041, 469609083, 0, 0
791021, 440537887, 0, 0
792000, 451951704, 0, 0
793009, 438279838, 0, 0
794062, 456008602, 0, 0
795021, 501308031, 0, 0
796028, 463841022, 0, 0
797008, 437367341, 0, 0
798023, 434207011, 0, 0
799008, 448009361, 0, 0
800061, 435954953, 0, 0
801033, 427243953, 0, 0
802042, 447112015, 0, 0
803041, 400843784, 0, 0
804018, 411534502, 0, 0
805032, 413789066, 0, 0
806024, 442977563, 0, 0
807007, 428007687, 0, 0
808035, 402647406, 0, 0
809014, 406300973, 0, 0
810011, 453128316, 0, 0
811009, 445416022, 0, 0
812025, 418931771, 0, 0
813001, 416572149, 0, 0
814069, 470209372, 0, 0
815012, 464674341, 0, 0
816013, 435968278, 0, 0
817056, 445505664, 0, 0
818049, 429676602, 0, 0
819064, 462123370, 0, 0
820022, 471579347, 0, 0
821004, 438707422, 0, 0
822061, 420852443, 0, 0
823005, 494480439, 0, 0
824026, 455520115, 0, 0
825012, 457079065, 0, 0
826058, 435023022, 0, 0
827046, 405866157, 0, 0
828053, 441362509, 0, 0
829070, 451888278, 0, 0
830022, 435801107, 0, 0
831060, 451491082, 0, 0
832044, 407916916, 0, 0
833055, 428576392, 0, 0
834041, 437016277, 0, 0
835023, 430546452, 0, 0
836062, 413642740, 0, 0
837059, 440345629, 0, 0
838041, 438388749, 0, 0
839038, 480288445, 0, 0
840044, 435757149, 0, 0
841043, 406432446, 0, 0
842016, 415397011, 0, 0
843015, 413123736, 0, 0
844010, 409909047, 0, 0
845026, 457922975, 0, 0
846051, 489646014, 0, 0
847022, 451230878, 0, 0
848062, 423761173, 0, 0
849048, 452773935, 0, 0
850000, 427190101, 0, 0
851069, 437606261, 0, 0
852014, 417083866, 0, 0
853027, 457938660, 0, 0
854032, 449494045, 0, 0
855017, 432583803, 0, 0
856032, 414226066, 0, 0
857017, 468612663, 0, 0
858058, 439619102, 0, 0
859028, 445860809, 0, 0
860001, 451595122, 0, 0
861047, 454704832, 0, 0
862052, 457684193, 0, 0
863033, 469781639, 0, 0
864058, 422492123, 0, 0
865036, 435469031, 0, 0
866057, 401189105, 0, 0
867050, 478393887, 0, 0
868037, 426471000, 0, 0
869020, 421515223, 0, 0
870056, 427966684, 0, 0
871071, 440240363, 0, 0
872001, 466705396, 0, 0
873079, 420996994, 0, 0
874076, 438091902, 0, 0
875051, 465614394, 0, 0
876026, 437312733, 0, 0
877000, 456692101, 0, 0
878001, 453891517, 0, 0
879007, 471597763, 0, 0
880028, 465523091, 0, 0
881062, 400464317, 0, 0
882039, 447943155, 0, 0
883017, 424788644, 0, 0
884108, 438762083, 0, 0
885032, 478985438, 0, 0
886035, 415855408, 0, 0
887030, 445176033, 0, 0
888048, 458202609, 0, 0
889028, 418939344, 0, 0
890015, 435136974, 0, 0
891054, 429464665, 0, 0
892007, 448669895, 0, 0
893054, 461370939, 0, 0
894028, 456596707, 0, 0
895065, 433620280, 0, 0
896040, 443464736, 0, 0
897013, 430143942, 0, 0
898017, 423968087, 0, 0
899036, 392649796, 0, 0
900029, 441202568, 0, 0
901034, 448426681, 0, 0
902021, 458440941, 0, 0
903017, 422000680, 0, 0
904021, 438068977, 0, 0
905040, 429218710, 0, 0
906016, 466613809, 0, 0
907011, 433972331, 0, 0
908039, 467369368, 0, 0
909046, 476576426, 0, 0
910048, 440822936, 0, 0
911033, 427939169, 0, 0
912050, 408119722, 0, 0
913042, 455004019, 0, 0
914047, 438374862, 0, 0
915061, 436142921, 0, 0
916001, 420493309, 0, 0
917018, 391794657, 0, 0
918024, 446927024, 0, 0
919011, 400460495, 0, 0
920062, 437875617, 0, 0
921023, 411436931, 0, 0
922020, 444111692, 0, 0
923037, 455688264, 0, 0
924013, 438991029, 0, 0
925026, 440375948, 0, 0
926066, 462120232, 0, 0
927015, 450031231, 0, 0
928019, 419545420, 0, 0
929061, 527189461, 0, 0
930047, 428689882, 0, 0
931041, 443030407, 0, 0
932056, 460241494, 0, 0
933071, 419765290, 0, 0
934049, 427678168, 0, 0
935069, 433522140, 0, 0
936002, 464093028, 0, 0
937059, 437154782, 0, 0
938058, 441796558, 0, 0
939040, 446364645, 0, 0
940027, 425921163, 0, 0
941013, 440665042, 0, 0
942033, 440158605, 0, 0
943034, 450386205, 0, 0
944027, 448175055, 0, 0
945020, 403274085, 0, 0
946065, 455561779, 0, 0
947053, 437958354, 0, 0
948080, 440186787, 0, 0
949024, 430899021, 0, 0
950002, 458193214, 0, 0
951022, 448712140, 0, 0
952007, 414411300, 0, 0
953016, 423249829, 0, 0
954034, 411132801, 0, 0
955031, 418691962, 0, 0
956040, 453711584, 0, 0
957025, 397884039, 0, 0
958022, 439101300, 0, 0
959029, 469237505, 0, 0
960009, 392350008, 0, 0
961012, 455448230, 0, 0
962028, 447717555, 0, 0
963032, 453164574, 0, 0
964035, 461770110, 0, 0
965034, 459696226, 0, 0
966021, 414072848, 0, 0
967030, 401827136, 0, 0
968024, 421247270, 0, 0
969007, 431952369, 0, 0
970061, 418529122, 0, 0
971036, 421361485, 0, 0
972065, 458740866, 0, 0
973018, 468046107, 0, 0
974018, 467522267, 0, 0
975033, 442767176, 0, 0
976016, 419752034, 0, 0
977026, 422771321, 0, 0
978033, 435101751, 0, 0
979042, 444379048, 0, 0
980048, 430650298, 0, 0
981047, 458910754, 0, 0
982011, 471723970, 0, 0
983001, 429234739, 0, 0
984062, 431902938, 0, 0
985009, 451048037, 0, 0
986006, 424751520, 0, 0
987029, 418027524, 0, 0
988031, 404078418, 0, 0
989028, 441211967, 0, 0
990033, 432201281, 0, 0
991024, 436864471, 0, 0
992023, 442776700, 0, 0
993001, 448720698, 0, 0
994014, 471146101, 0, 0
995049, 419599065, 0, 0
996058, 437716707, 0, 0
997025, 460471200, 0, 0
998011, 426475958, 0, 0
999101, 449226883, 0, 0
1000008, 472962249, 0, 0
1001052, 446508039, 0, 0
1002038, 459545215, 0, 0
1003002, 447921652, 0, 0
1004024, 415118131, 0, 0
1005021, 392211848, 0, 0
1006032, 441200309, 0, 0
1007038, 442592018, 0, 0
1008015, 427733836, 0, 0
1009010, 450979189, 0, 0
1010016, 422731404, 0, 0
1011004, 369791367, 0, 0
1012082, 407057337, 0, 0
1013025, 455623667, 0, 0
1014000, 425019211, 0, 0
1015037, 410064090, 0, 0
1016054, 400523256, 0, 0
1017025, 419106248, 0, 0
1018027, 421797766, 0, 0
1019079, 393515849, 0, 0
1020067, 426103401, 0, 0
1021033, 441868072, 0, 0
1022064, 477904059, 0, 0
1023011, 436199931, 0, 0
1024026, 422119279, 0, 0
1025008, 384868224, 0, 0
1026025, 433332081, 0, 0
1027040, 429504783, 0, 0
1028063, 421581625, 0, 0
1029055, 439762589, 0, 0
1030026, 429977238, 0, 0
1031027, 448569266, 0, 0
1032084, 416003323, 0, 0
1033025, 449069662, 0, 0
1034004, 440284811, 0, 0
1035030, 453677852, 0, 0
1036001, 452149199, 0, 0
1037012, 449832661, 0, 0
1038060, 436516164, 0, 0
1039045, 398515333, 0, 0
1040045, 414155291, 0, 0
1041026, 450935282, 0, 0
1042024, 436513667, 0, 0
1043034, 423249674, 0, 0
1044058, 476119428, 0, 0
1045008, 437047319, 0, 0
1046034, 439927138, 0, 0
1047018, 438435048, 0, 0
1048057, 414346823, 0, 0
1049078, 439975959, 0, 0
1050054, 447210732, 0, 0
1051024, 378158836, 0, 0
1052028, 416492240, 0, 0
1053079, 421898277, 0, 0
1054027, 430512293, 0, 0
1055042, 442398354, 0, 0
1056051, 422222455, 0, 0
1057039, 467284809, 0, 0
1058046, 432377097, 0, 0
1059062, 474717180, 0, 0
1060052, 467706367, 0, 0
1061035, 418832400, 0, 0
1062001, 414476034, 0, 0
1063067, 496980442, 0, 0
1064009, 426537747, 0, 0
1065000, 408259887, 0, 0
1066064, 404120871, 0, 0
1067021, 441158239, 0, 0
1068040, 505990761, 0, 0
1069036, 436750123, 0, 0
1070060, 452868882, 0, 0
1071031, 412608307, 0, 0
1072066, 453228593, 0, 0
1073038, 395118213, 0, 0
1074063, 426872907, 0, 0
1075054, 392948533, 0, 0
1076051, 528561802, 0, 0
1077028, 503284163, 0, 0
1078050, 438360318, 0, 0
1079051, 440660688, 0, 0
1080009, 452543308, 0, 0
1081039, 447987600, 0, 0
1082012, 407223669, 0, 0
1083066, 425850452, 0, 0
1084011, 407322312, 0, 0
1085025, 424532044, 0, 0
1086055, 447525073, 0, 0
1087045, 429777519, 0, 0
1088007, 436318626, 0, 0
1089022, 457793237, 0, 0
1090033, 466370999, 0, 0
1091006, 406544300, 0, 0
1092064, 418472588, 0, 0
1093052, 414200592, 0, 0
1094006, 402283396, 0, 0
1095009, 420203292, 0, 0
1096003, 382717861, 0, 0
1097017, 476573814, 0, 0
1098060, 455553934, 0, 0
1099001, 445012453, 0, 0
1100062, 438069606, 0, 0
1101072, 478440468, 0, 0
1102047, 426399363, 0, 0
1103002, 407606692, 0, 0
1104000, 421719302, 0, 0
1105050, 422430062, 0, 0
1106035, 443499434, 0, 0
1107019, 442249067, 0, 0
1108045, 471183001, 0, 0
1109054, 452079936, 0, 0
1110010, 465534678, 0, 0
1111038, 451260942, 0, 0
1112063, 422399202, 0, 0
1113014, 436114467, 0, 0
1114016, 422407236, 0, 0
1115004, 410277916, 0, 0
1116014, 420154408, 0, 0
1117035, 454523272, 0, 0
1118069, 442133316, 0, 0
1119009, 443276612, 0, 0
1120058, 427141568, 0, 0
1121053, 456133534, 0, 0
1122033, 428123890, 0, 0
1123030, 460916511, 0, 0
1124058, 467703062, 0, 0
1125066, 407162158, 0, 0
1126057, 410507995, 0, 0
1127025, 407355168, 0, 0
1128021, 414586287, 0, 0
1129056, 416887079, 0, 0
1130064, 500520243, 0, 0
1131054, 441428686, 0, 0
1132065, 447732789, 0, 0
1133029, 391423581, 0, 0
1134010, 471767077, 0, 0
1135033, 443013503, 0, 0
1136041, 393960012, 0, 0
1137027, 396929485, 0, 0
1138013, 387634359, 0, 0
1139004, 405260426, 0, 0
1140005, 419332271, 0, 0
1141011, 411692127, 0, 0
1142035, 484091842, 0, 0
1143059, 445484424, 0, 0
1144042, 432707313, 0, 0
1145017, 450226953, 0, 0
1146052, 420634798, 0, 0
1147003, 410633219, 0, 0
1148055, 433452760, 0, 0
1149057, 390715571, 0, 0
1150062, 428682919, 0, 0
1151041, 445122312, 0, 0
1152024, 430325168, 0, 0
1153051, 421144138, 0, 0
1154000, 423555897, 0, 0
1155006, 438484436, 0, 0
1156051, 425875532, 0, 0
1157024, 457606527, 0, 0
1158074, 427712910, 0, 0
1159013, 452113667, 0, 0
1160021, 449661832, 0, 0
1161002, 421205089, 0, 0
1162001, 440702466, 0, 0
1163068, 450653212, 0, 0
1164070, 416498211, 0, 0
1165007, 423658865, 0, 0
1166041, 441635248, 0, 0
1167062, 451770374, 0, 0
1168004, 478346871, 0, 0
1169039, 432477796, 0, 0
1170051, 407508073, 0, 0
1171069, 418019829, 0, 0
1172070, 457795882, 0, 0
1173118, 419273804, 0, 0
1174049, 426457423, 0, 0
1175020, 426060142, 0, 0
1176019, 430628008, 0, 0
1177000, 463291524, 0, 0
1178033, 432338889, 0, 0
1179048, 426604305, 0, 0
1180049, 456659583, 0, 0
1181003, 454875264, 0, 0
1182025, 497669649, 0, 0
1183016, 442912102, 0, 0
1184008, 440897015, 0, 0
1185072, 430205613, 0, 0
1186007, 429221433, 0, 0
1187061, 428240605, 0, 0
1188024, 446911366, 0, 0
1189034, 415218549, 0, 0
1190024, 427325429, 0, 0
1191070, 454470166, 0, 0
1192006, 441612952, 0, 0
1193064, 444575770, 0, 0
1194020, 416767997, 0, 0
1195055, 479355105, 0, 0
1196000, 476653548, 0, 0
1197041, 436732623, 0, 0
1198034, 411640351, 0, 0
1199005, 411926505, 0, 0
1200049, 472997078, 0, 0
1200177, 368088765, 0, 0
