1000, 76707, 0, 0
2000, 77991, 0, 0
3000, 77648, 0, 0
3999, 77354, 0, 0
4999, 77509, 0, 0
5999, 77461, 0, 0
7000, 77248, 0, 0
8000, 77209, 0, 0
9000, 76973, 0, 0
9999, 77278, 0, 0
10999, 77210, 0, 0
12000, 77260, 0, 0
13000, 77120, 0, 0
14000, 77330, 0, 0
15000, 76908, 0, 0
15999, 77277, 0, 0
16999, 77085, 0, 0
18000, 77199, 0, 0
19000, 77145, 0, 0
20000, 77123, 0, 0
21000, 77339, 0, 0
21999, 76991, 0, 0
23000, 76724, 0, 0
24000, 77092, 0, 0
25000, 77272, 0, 0
25999, 77467, 0, 0
26999, 77136, 0, 0
27999, 76904, 0, 0
29000, 77284, 0, 0
30000, 77178, 0, 0
31000, 76977, 0, 0
31999, 77458, 0, 0
32999, 77209, 0, 0
34000, 77038, 0, 0
35000, 76947, 0, 0
36000, 77090, 0, 0
37000, 77398, 0, 0
37999, 77107, 0, 0
38999, 76829, 0, 0
40000, 77160, 0, 0
41000, 77003, 0, 0
42000, 76970, 0, 0
43000, 77118, 0, 0
43999, 77147, 0, 0
45000, 77039, 0, 0
46000, 76914, 0, 0
47000, 76901, 0, 0
48000, 77389, 0, 0
48999, 77046, 0, 0
49999, 77197, 0, 0
51000, 77089, 0, 0
52000, 76985, 0, 0
53000, 76894, 0, 0
53999, 77097, 0, 0
54999, 77112, 0, 0
56000, 77296, 0, 0
57000, 76838, 0, 0
58000, 77066, 0, 0
58999, 76745, 0, 0
59999, 77196, 0, 0
60999, 76922, 0, 0
62000, 76977, 0, 0
63000, 77407, 0, 0
64000, 76849, 0, 0
64999, 76858, 0, 0
65999, 76932, 0, 0
67000, 77063, 0, 0
68000, 76732, 0, 0
69000, 77171, 0, 0
69999, 76419, 0, 0
70999, 76998, 0, 0
71999, 76580, 0, 0
73000, 77074, 0, 0
74000, 76735, 0, 0
75000, 76639, 0, 0
75999, 76979, 0, 0
76999, 77132, 0, 0
77999, 77436, 0, 0
79000, 77205, 0, 0
80000, 76756, 0, 0
81000, 76955, 0, 0
81999, 77010, 0, 0
82999, 76901, 0, 0
83999, 76964, 0, 0
85000, 77152, 0, 0
86000, 76938, 0, 0
87000, 76816, 0, 0
87999, 76802, 0, 0
88999, 77133, 0, 0
90000, 76966, 0, 0
91000, 77043, 0, 0
92000, 77164, 0, 0
93000, 77038, 0, 0
93999, 76846, 0, 0
94999, 77098, 0, 0
96000, 76919, 0, 0
97000, 77013, 0, 0
98000, 77074, 0, 0
98999, 76947, 0, 0
99999, 76838, 0, 0
101000, 76926, 0, 0
102000, 76605, 0, 0
103000, 76840, 0, 0
103999, 76847, 0, 0
104999, 76610, 0, 0
105999, 76845, 0, 0
107000, 76261, 0, 0
108000, 76916, 0, 0
109000, 77160, 0, 0
110000, 77051, 0, 0
110999, 76872, 0, 0
112000, 76731, 0, 0
113000, 76723, 0, 0
114000, 76968, 0, 0
114999, 77184, 0, 0
115999, 63014, 0, 0
116999, 76863, 0, 0
118000, 76801, 0, 0
119000, 76964, 0, 0
120000, 76713, 0, 0
120999, 76871, 0, 0
121999, 76860, 0, 0
123000, 77016, 0, 0
124000, 77224, 0, 0
125000, 77000, 0, 0
126000, 76654, 0, 0
126999, 76834, 0, 0
127999, 76809, 0, 0
129000, 77042, 0, 0
130000, 76871, 0, 0
131000, 76745, 0, 0
132000, 77007, 0, 0
132999, 76850, 0, 0
133999, 76761, 0, 0
135000, 77208, 0, 0
136000, 77266, 0, 0
137000, 76908, 0, 0
137999, 76705, 0, 0
138999, 76673, 0, 0
140000, 76715, 0, 0
141000, 77075, 0, 0
142000, 76616, 0, 0
143000, 76766, 0, 0
143999, 77102, 0, 0
145000, 75907, 0, 0
146000, 77434, 0, 0
147000, 77135, 0, 0
148000, 76718, 0, 0
148999, 76407, 0, 0
149999, 77168, 0, 0
151000, 76987, 0, 0
152000, 76996, 0, 0
153000, 77029, 0, 0
154000, 76914, 0, 0
154999, 77018, 0, 0
156000, 77077, 0, 0
157000, 77127, 0, 0
158000, 77091, 0, 0
159000, 77090, 0, 0
159999, 77151, 0, 0
160999, 77100, 0, 0
162000, 76594, 0, 0
163000, 76458, 0, 0
164000, 76262, 0, 0
164999, 76327, 0, 0
165999, 76318, 0, 0
167000, 80275, 0, 0
168000, 80651, 0, 0
169000, 80618, 0, 0
170000, 80842, 0, 0
170999, 80423, 0, 0
171999, 80250, 0, 0
173000, 80598, 0, 0
174000, 80828, 0, 0
175000, 80709, 0, 0
176000, 80775, 0, 0
176999, 80748, 0, 0
177999, 80976, 0, 0
179000, 80688, 0, 0
180000, 80759, 0, 0
181000, 81081, 0, 0
181999, 80749, 0, 0
182999, 80588, 0, 0
184000, 80622, 0, 0
185000, 80488, 0, 0
186000, 80758, 0, 0
187000, 80178, 0, 0
187999, 80689, 0, 0
188999, 80921, 0, 0
190000, 80743, 0, 0
191000, 80744, 0, 0
192000, 80850, 0, 0
192999, 80802, 0, 0
193999, 80854, 0, 0
195000, 80396, 0, 0
196000, 80580, 0, 0
197000, 80507, 0, 0
198000, 80664, 0, 0
198999, 80499, 0, 0
200000, 80445, 0, 0
201000, 80556, 0, 0
202000, 80609, 0, 0
203000, 80589, 0, 0
203999, 80487, 0, 0
204999, 80494, 0, 0
206000, 80448, 0, 0
207000, 80494, 0, 0
208000, 80504, 0, 0
209000, 80102, 0, 0
209999, 79972, 0, 0
211000, 80475, 0, 0
212000, 80357, 0, 0
213000, 80205, 0, 0
214000, 80519, 0, 0
214999, 80490, 0, 0
215999, 80491, 0, 0
217000, 80231, 0, 0
218000, 80201, 0, 0
219000, 80141, 0, 0
220000, 80536, 0, 0
220999, 80227, 0, 0
222000, 80418, 0, 0
223000, 80316, 0, 0
224000, 80264, 0, 0
225000, 80154, 0, 0
225999, 80277, 0, 0
226999, 80564, 0, 0
228000, 80263, 0, 0
229000, 80078, 0, 0
230000, 80271, 0, 0
231000, 80205, 0, 0
231999, 80300, 0, 0
232999, 67133, 0, 0
234000, 80236, 0, 0
235000, 80403, 0, 0
236000, 80248, 0, 0
236999, 80108, 0, 0
237999, 80341, 0, 0
239000, 80316, 0, 0
240000, 80166, 0, 0
241000, 80091, 0, 0
242000, 80183, 0, 0
242999, 80348, 0, 0
244000, 80207, 0, 0
245000, 80035, 0, 0
246000, 80101, 0, 0
247000, 80055, 0, 0
247999, 80379, 0, 0
248999, 80079, 0, 0
250000, 79883, 0, 0
251000, 80215, 0, 0
252000, 80401, 0, 0
252999, 78457, 0, 0
253999, 79874, 0, 0
255000, 80013, 0, 0
256000, 79938, 0, 0
257000, 79856, 0, 0
258000, 79931, 0, 0
258999, 79735, 0, 0
259999, 80193, 0, 0
261000, 80252, 0, 0
262000, 79839, 0, 0
263000, 79919, 0, 0
264000, 79941, 0, 0
264999, 79972, 0, 0
266000, 79766, 0, 0
267000, 80072, 0, 0
268000, 79949, 0, 0
268999, 80047, 0, 0
269999, 79981, 0, 0
270999, 79997, 0, 0
272000, 79958, 0, 0
273000, 79805, 0, 0
274000, 79810, 0, 0
275000, 79926, 0, 0
275999, 79729, 0, 0
277000, 80184, 0, 0
278000, 79754, 0, 0
279000, 79828, 0, 0
280000, 79635, 0, 0
280999, 80096, 0, 0
281999, 79919, 0, 0
283000, 79646, 0, 0
284000, 79959, 0, 0
285000, 79915, 0, 0
286000, 79890, 0, 0
286999, 79845, 0, 0
288000, 80179, 0, 0
289000, 79750, 0, 0
290000, 79882, 0, 0
291000, 79792, 0, 0
291999, 79500, 0, 0
292999, 79878, 0, 0
294000, 80045, 0, 0
295000, 79544, 0, 0
296000, 80550, 0, 0
297000, 79846, 0, 0
297999, 79609, 0, 0
299000, 79762, 0, 0
300000, 80174, 0, 0
301000, 79688, 0, 0
302000, 79892, 0, 0
302999, 80330, 0, 0
303999, 79613, 0, 0
305000, 79572, 0, 0
306000, 79860, 0, 0
307000, 79757, 0, 0
308000, 79528, 0, 0
308999, 79883, 0, 0
310000, 79674, 0, 0
311000, 79783, 0, 0
312000, 79783, 0, 0
313000, 79761, 0, 0
313999, 79581, 0, 0
314999, 79743, 0, 0
316000, 79684, 0, 0
317000, 79722, 0, 0
318000, 79544, 0, 0
319000, 79634, 0, 0
319999, 79544, 0, 0
321000, 79646, 0, 0
322000, 79486, 0, 0
323000, 79558, 0, 0
324000, 79443, 0, 0
324999, 79565, 0, 0
325999, 79783, 0, 0
327000, 79682, 0, 0
328000, 79689, 0, 0
329000, 79330, 0, 0
329999, 79441, 0, 0
330999, 79627, 0, 0
332000, 79719, 0, 0
333000, 79522, 0, 0
334000, 79554, 0, 0
335000, 79524, 0, 0
335999, 79600, 0, 0
336999, 79655, 0, 0
338000, 79383, 0, 0
339000, 79413, 0, 0
340000, 79522, 0, 0
341000, 79485, 0, 0
341999, 79422, 0, 0
343000, 79517, 0, 0
344000, 79610, 0, 0
345000, 79613, 0, 0
346000, 79514, 0, 0
346999, 79607, 0, 0
347999, 79357, 0, 0
349000, 79474, 0, 0
350000, 64997, 0, 0
351000, 79498, 0, 0
351999, 79460, 0, 0
352999, 79875, 0, 0
354000, 79536, 0, 0
355000, 79458, 0, 0
356000, 79366, 0, 0
357000, 79601, 0, 0
357999, 79629, 0, 0
358999, 79572, 0, 0
360000, 79179, 0, 0
361000, 79297, 0, 0
362000, 79538, 0, 0
363000, 79290, 0, 0
363999, 79325, 0, 0
365000, 79168, 0, 0
366000, 79299, 0, 0
367000, 79821, 0, 0
368000, 79560, 0, 0
368999, 79409, 0, 0
369999, 79342, 0, 0
371000, 79572, 0, 0
372000, 79273, 0, 0
373000, 79248, 0, 0
373999, 79266, 0, 0
374999, 79449, 0, 0
376000, 79554, 0, 0
377000, 79320, 0, 0
378000, 79369, 0, 0
379000, 79344, 0, 0
379999, 79538, 0, 0
380999, 79373, 0, 0
382000, 78330, 0, 0
383000, 79235, 0, 0
384000, 79475, 0, 0
385000, 79372, 0, 0
385999, 79281, 0, 0
387000, 79233, 0, 0
388000, 79489, 0, 0
389000, 79487, 0, 0
390000, 79265, 0, 0
390999, 79218, 0, 0
391999, 79578, 0, 0
393000, 79059, 0, 0
394000, 79039, 0, 0
395000, 79136, 0, 0
396000, 79420, 0, 0
396999, 79352, 0, 0
397999, 79286, 0, 0
399000, 78996, 0, 0
400000, 79288, 0, 0
401000, 79224, 0, 0
402000, 79091, 0, 0
402999, 79094, 0, 0
403999, 78249, 0, 0
405000, 79183, 0, 0
406000, 79364, 0, 0
407000, 79146, 0, 0
408000, 79135, 0, 0
408999, 79029, 0, 0
410000, 79244, 0, 0
411000, 79181, 0, 0
412000, 79290, 0, 0
413000, 79278, 0, 0
413999, 79146, 0, 0
414999, 79290, 0, 0
416000, 79146, 0, 0
417000, 78967, 0, 0
418000, 79237, 0, 0
419000, 79203, 0, 0
419999, 79177, 0, 0
420999, 78780, 0, 0
422000, 79103, 0, 0
423000, 78821, 0, 0
424000, 79053, 0, 0
424999, 79093, 0, 0
425999, 79082, 0, 0
427000, 79178, 0, 0
428000, 79129, 0, 0
429000, 79133, 0, 0
430000, 79139, 0, 0
430999, 78934, 0, 0
431999, 79283, 0, 0
433000, 79088, 0, 0
434000, 79040, 0, 0
435000, 79095, 0, 0
436000, 79289, 0, 0
436999, 78842, 0, 0
437999, 78732, 0, 0
439000, 78957, 0, 0
440000, 78926, 0, 0
441000, 79000, 0, 0
441999, 78944, 0, 0
442999, 79017, 0, 0
443999, 78771, 0, 0
445000, 79007, 0, 0
446000, 78995, 0, 0
446999, 79157, 0, 0
447999, 78867, 0, 0
448999, 78978, 0, 0
449999, 78893, 0, 0
451000, 79024, 0, 0
452000, 79191, 0, 0
453000, 78912, 0, 0
453999, 78857, 0, 0
454999, 79176, 0, 0
455999, 78841, 0, 0
457000, 78864, 0, 0
458000, 78767, 0, 0
459000, 78747, 0, 0
459999, 79008, 0, 0
460999, 79028, 0, 0
462000, 78895, 0, 0
463000, 79013, 0, 0
464000, 79063, 0, 0
464999, 79063, 0, 0
465999, 78646, 0, 0
466999, 70226, 0, 0
468000, 74756, 0, 0
469000, 78908, 0, 0
470000, 78916, 0, 0
470999, 78811, 0, 0
471999, 79000, 0, 0
472999, 79024, 0, 0
474000, 78788, 0, 0
475000, 78730, 0, 0
476000, 78789, 0, 0
476999, 78979, 0, 0
477999, 79038, 0, 0
479000, 78835, 0, 0
480000, 78954, 0, 0
481000, 78960, 0, 0
482000, 78976, 0, 0
482999, 78776, 0, 0
483999, 78806, 0, 0
485000, 78890, 0, 0
486000, 78632, 0, 0
487000, 78854, 0, 0
487999, 78611, 0, 0
488999, 78826, 0, 0
489999, 79013, 0, 0
491000, 78578, 0, 0
492000, 78792, 0, 0
492999, 78849, 0, 0
493999, 78902, 0, 0
494999, 78770, 0, 0
496000, 78962, 0, 0
497000, 78928, 0, 0
498000, 79003, 0, 0
498999, 78547, 0, 0
499999, 78895, 0, 0
500999, 78751, 0, 0
502000, 79072, 0, 0
503000, 79116, 0, 0
504000, 78728, 0, 0
504999, 78806, 0, 0
505999, 78889, 0, 0
506999, 79041, 0, 0
508000, 77564, 0, 0
509000, 77606, 0, 0
510000, 78492, 0, 0
510999, 78710, 0, 0
511999, 78722, 0, 0
513000, 78479, 0, 0
514000, 78644, 0, 0
515000, 78802, 0, 0
516000, 78490, 0, 0
516999, 78669, 0, 0
517999, 78521, 0, 0
519000, 78874, 0, 0
520000, 78663, 0, 0
521000, 78496, 0, 0
522000, 78733, 0, 0
522999, 78569, 0, 0
524000, 78628, 0, 0
525000, 78719, 0, 0
526000, 78786, 0, 0
527000, 78855, 0, 0
527999, 78565, 0, 0
528999, 78798, 0, 0
530000, 78618, 0, 0
531000, 78827, 0, 0
532000, 78474, 0, 0
532999, 78622, 0, 0
533999, 78694, 0, 0
535000, 78543, 0, 0
536000, 78591, 0, 0
537000, 78635, 0, 0
538000, 78718, 0, 0
538999, 78483, 0, 0
539999, 78729, 0, 0
541000, 78428, 0, 0
542000, 78555, 0, 0
543000, 78438, 0, 0
543999, 78556, 0, 0
544999, 78561, 0, 0
546000, 78511, 0, 0
547000, 78497, 0, 0
548000, 78728, 0, 0
549000, 78461, 0, 0
549999, 78808, 0, 0
551000, 78664, 0, 0
552000, 78696, 0, 0
553000, 78495, 0, 0
554000, 78508, 0, 0
554999, 78405, 0, 0
555999, 78529, 0, 0
557000, 78393, 0, 0
558000, 78663, 0, 0
559000, 78400, 0, 0
559999, 78702, 0, 0
560999, 78449, 0, 0
562000, 78226, 0, 0
563000, 78349, 0, 0
564000, 78564, 0, 0
565000, 78505, 0, 0
565999, 78445, 0, 0
567000, 78240, 0, 0
568000, 78454, 0, 0
569000, 78530, 0, 0
570000, 78532, 0, 0
570999, 78506, 0, 0
571999, 78614, 0, 0
573000, 78631, 0, 0
574000, 78377, 0, 0
575000, 78457, 0, 0
576000, 78434, 0, 0
576999, 78355, 0, 0
578000, 78369, 0, 0
579000, 78443, 0, 0
580000, 78449, 0, 0
581000, 78447, 0, 0
581999, 78360, 0, 0
582999, 78698, 0, 0
584000, 65182, 0, 0
585000, 78301, 0, 0
586000, 78398, 0, 0
586999, 78287, 0, 0
587999, 78511, 0, 0
589000, 78491, 0, 0
590000, 78158, 0, 0
591000, 78374, 0, 0
592000, 78355, 0, 0
592999, 78383, 0, 0
593999, 78490, 0, 0
595000, 78398, 0, 0
596000, 78255, 0, 0
597000, 78241, 0, 0
597999, 78452, 0, 0
598999, 78654, 0, 0
600000, 78383, 0, 0
601000, 78295, 0, 0
602000, 78228, 0, 0
603000, 78376, 0, 0
603999, 78415, 0, 0
605000, 78244, 0, 0
606000, 78364, 0, 0
607000, 77073, 0, 0
608000, 78407, 0, 0
608999, 78317, 0, 0
609999, 78320, 0, 0
611000, 78248, 0, 0
612000, 78307, 0, 0
613000, 78487, 0, 0
614000, 78313, 0, 0
614999, 78119, 0, 0
616000, 78299, 0, 0
617000, 78138, 0, 0
618000, 78371, 0, 0
619000, 78170, 0, 0
619999, 78245, 0, 0
620999, 78226, 0, 0
622000, 78358, 0, 0
623000, 78258, 0, 0
624000, 78376, 0, 0
624999, 78261, 0, 0
625999, 78159, 0, 0
627000, 78487, 0, 0
628000, 78557, 0, 0
629000, 78143, 0, 0
629999, 78043, 0, 0
630999, 78213, 0, 0
631999, 78236, 0, 0
633000, 78234, 0, 0
634000, 78225, 0, 0
635000, 78311, 0, 0
635999, 78125, 0, 0
636999, 78329, 0, 0
637999, 78226, 0, 0
639000, 78178, 0, 0
640000, 78142, 0, 0
641000, 77949, 0, 0
641999, 78184, 0, 0
642999, 78439, 0, 0
643999, 78324, 0, 0
645000, 78104, 0, 0
646000, 78161, 0, 0
647000, 78078, 0, 0
648000, 78037, 0, 0
648999, 78026, 0, 0
650000, 77988, 0, 0
651000, 78058, 0, 0
652000, 77978, 0, 0
653000, 78136, 0, 0
653999, 78113, 0, 0
654999, 78285, 0, 0
656000, 78095, 0, 0
657000, 78082, 0, 0
658000, 78042, 0, 0
658999, 77845, 0, 0
659999, 78237, 0, 0
661000, 77862, 0, 0
662000, 78132, 0, 0
663000, 78118, 0, 0
664000, 78118, 0, 0
664999, 78038, 0, 0
665999, 78221, 0, 0
667000, 78050, 0, 0
668000, 78162, 0, 0
669000, 77920, 0, 0
669999, 78295, 0, 0
670999, 78101, 0, 0
672000, 77786, 0, 0
673000, 78261, 0, 0
674000, 78193, 0, 0
675000, 78010, 0, 0
675999, 77901, 0, 0
676999, 78089, 0, 0
678000, 78206, 0, 0
679000, 77934, 0, 0
680000, 78120, 0, 0
680999, 76690, 0, 0
681999, 78382, 0, 0
683000, 78227, 0, 0
684000, 77936, 0, 0
685000, 77878, 0, 0
685999, 77977, 0, 0
686999, 78131, 0, 0
688000, 77951, 0, 0
689000, 78179, 0, 0
690000, 77949, 0, 0
691000, 77878, 0, 0
691999, 77837, 0, 0
692999, 78078, 0, 0
694000, 78042, 0, 0
695000, 78024, 0, 0
696000, 77920, 0, 0
697000, 77992, 0, 0
697999, 77727, 0, 0
699000, 77776, 0, 0
700000, 77998, 0, 0
701000, 65426, 0, 0
702000, 77909, 0, 0
702999, 76867, 0, 0
703999, 78084, 0, 0
705000, 77915, 0, 0
706000, 78057, 0, 0
707000, 77936, 0, 0
708000, 77935, 0, 0
708999, 77649, 0, 0
710000, 77999, 0, 0
711000, 78080, 0, 0
712000, 78060, 0, 0
713000, 78033, 0, 0
713999, 77839, 0, 0
714999, 78072, 0, 0
716000, 78005, 0, 0
717000, 77898, 0, 0
718000, 77985, 0, 0
719000, 77923, 0, 0
719999, 78092, 0, 0
721000, 78073, 0, 0
722000, 77871, 0, 0
723000, 77951, 0, 0
724000, 77681, 0, 0
724999, 77899, 0, 0
725999, 78049, 0, 0
727000, 77934, 0, 0
728000, 77818, 0, 0
729000, 77906, 0, 0
730000, 77783, 0, 0
730999, 77613, 0, 0
731999, 77830, 0, 0
733000, 78020, 0, 0
734000, 77962, 0, 0
735000, 77781, 0, 0
736000, 77649, 0, 0
736999, 77901, 0, 0
738000, 77879, 0, 0
739000, 77900, 0, 0
740000, 77676, 0, 0
741000, 77737, 0, 0
741999, 77809, 0, 0
742999, 77811, 0, 0
744000, 77967, 0, 0
745000, 77741, 0, 0
746000, 77822, 0, 0
747000, 78118, 0, 0
747999, 77726, 0, 0
749000, 76121, 0, 0
750000, 77624, 0, 0
751000, 77945, 0, 0
752000, 77983, 0, 0
753001, 77946, 0, 0
753999, 77796, 0, 0
755000, 77836, 0, 0
756000, 77641, 0, 0
757000, 77951, 0, 0
758000, 77581, 0, 0
759000, 77786, 0, 0
760000, 77701, 0, 0
761000, 77547, 0, 0
762000, 77820, 0, 0
763000, 77780, 0, 0
764000, 77601, 0, 0
765000, 77705, 0, 0
766000, 77679, 0, 0
767000, 77714, 0, 0
768000, 77708, 0, 0
769000, 77617, 0, 0
769999, 77680, 0, 0
771000, 77761, 0, 0
772000, 77697, 0, 0
773000, 77533, 0, 0
774000, 77901, 0, 0
775000, 77695, 0, 0
776000, 77688, 0, 0
777000, 77860, 0, 0
778000, 77546, 0, 0
779000, 77617, 0, 0
780000, 77803, 0, 0
781000, 77721, 0, 0
782000, 77590, 0, 0
783000, 77693, 0, 0
784000, 77735, 0, 0
785000, 77642, 0, 0
786000, 77878, 0, 0
787000, 77458, 0, 0
788000, 77515, 0, 0
789000, 77698, 0, 0
790000, 77675, 0, 0
791000, 77682, 0, 0
792000, 77624, 0, 0
793000, 77808, 0, 0
794000, 77759, 0, 0
795000, 77756, 0, 0
796000, 77723, 0, 0
797000, 77365, 0, 0
798000, 77603, 0, 0
799000, 77756, 0, 0
800000, 77814, 0, 0
801000, 77624, 0, 0
802000, 77456, 0, 0
803000, 77551, 0, 0
804000, 77827, 0, 0
805000, 77795, 0, 0
806000, 77429, 0, 0
807000, 77533, 0, 0
808000, 77396, 0, 0
809000, 77376, 0, 0
810000, 77931, 0, 0
811000, 77772, 0, 0
812000, 77504, 0, 0
813000, 77579, 0, 0
814000, 77594, 0, 0
815000, 77571, 0, 0
816000, 77541, 0, 0
817000, 77401, 0, 0
818000, 64926, 0, 0
819000, 77946, 0, 0
819999, 77575, 0, 0
820999, 77656, 0, 0
822000, 77482, 0, 0
822999, 77553, 0, 0
823999, 77557, 0, 0
824999, 77387, 0, 0
825999, 77601, 0, 0
826998, 77548, 0, 0
827998, 77923, 0, 0
828998, 77579, 0, 0
829998, 77595, 0, 0
830997, 77620, 0, 0
831998, 77670, 0, 0
832998, 77794, 0, 0
833998, 77669, 0, 0
834997, 77652, 0, 0
835997, 77620, 0, 0
836997, 77900, 0, 0
837997, 77862, 0, 0
838996, 77819, 0, 0
839997, 77432, 0, 0
840997, 77582, 0, 0
841996, 77812, 0, 0
842996, 77762, 0, 0
843996, 77824, 0, 0
844996, 77876, 0, 0
845995, 77721, 0, 0
846995, 77819, 0, 0
847995, 76844, 0, 0
848996, 77905, 0, 0
849995, 77706, 0, 0
850995, 77758, 0, 0
851995, 78004, 0, 0
852995, 77906, 0, 0
853994, 77802, 0, 0
854994, 77932, 0, 0
855994, 77938, 0, 0
856993, 77964, 0, 0
857994, 77951, 0, 0
858994, 76762, 0, 0
859994, 77925, 0, 0
860993, 78020, 0, 0
861993, 78189, 0, 0
862993, 77929, 0, 0
863993, 77664, 0, 0
864992, 78016, 0, 0
865992, 78174, 0, 0
866993, 78134, 0, 0
867993, 77741, 0, 0
868992, 78030, 0, 0
869992, 77964, 0, 0
870992, 77995, 0, 0
871992, 78079, 0, 0
872991, 78029, 0, 0
873992, 77687, 0, 0
874992, 78001, 0, 0
875992, 78128, 0, 0
876991, 77664, 0, 0
877991, 78181, 0, 0
878991, 78247, 0, 0
879991, 78027, 0, 0
881000, 78131, 0, 0
882000, 77384, 0, 0
882991, 77438, 0, 0
883999, 78141, 0, 0
884999, 77491, 0, 0
886000, 77344, 0, 0
887000, 77154, 0, 0
888000, 77373, 0, 0
888999, 77214, 0, 0
889999, 77528, 0, 0
890999, 77438, 0, 0
892000, 77419, 0, 0
893000, 77334, 0, 0
894000, 77363, 0, 0
894999, 77241, 0, 0
895999, 77457, 0, 0
896999, 77228, 0, 0
898000, 77053, 0, 0
899000, 77379, 0, 0
900000, 77499, 0, 0
900999, 77312, 0, 0
901999, 77416, 0, 0
902999, 77338, 0, 0
904000, 77316, 0, 0
905000, 77143, 0, 0
906000, 77448, 0, 0
906999, 77317, 0, 0
907999, 77126, 0, 0
908999, 77034, 0, 0
910000, 77258, 0, 0
911000, 77165, 0, 0
912000, 77420, 0, 0
912999, 77175, 0, 0
913999, 77215, 0, 0
914999, 77301, 0, 0
916000, 77239, 0, 0
917000, 77452, 0, 0
918000, 77279, 0, 0
918999, 77166, 0, 0
919999, 77236, 0, 0
920999, 76608, 0, 0
922000, 77351, 0, 0
923000, 76968, 0, 0
924000, 77263, 0, 0
924999, 77116, 0, 0
925999, 77208, 0, 0
926999, 77414, 0, 0
928000, 77078, 0, 0
929000, 77114, 0, 0
930000, 77281, 0, 0
930999, 77209, 0, 0
931999, 77382, 0, 0
932999, 76679, 0, 0
934000, 77167, 0, 0
935000, 69125, 0, 0
936000, 72477, 0, 0
936999, 77129, 0, 0
937999, 77248, 0, 0
939000, 77164, 0, 0
940000, 77260, 0, 0
941000, 77091, 0, 0
941999, 77267, 0, 0
942999, 77186, 0, 0
943999, 77358, 0, 0
945000, 77068, 0, 0
946000, 77457, 0, 0
947000, 77318, 0, 0
947999, 76775, 0, 0
948999, 77278, 0, 0
949999, 77289, 0, 0
951000, 77204, 0, 0
952000, 77185, 0, 0
953000, 77086, 0, 0
953999, 77151, 0, 0
954999, 77379, 0, 0
955999, 77305, 0, 0
957000, 77120, 0, 0
958000, 77064, 0, 0
959000, 76827, 0, 0
959999, 77074, 0, 0
960999, 76087, 0, 0
962000, 77564, 0, 0
963000, 77474, 0, 0
964000, 76889, 0, 0
965000, 77197, 0, 0
965999, 77195, 0, 0
966999, 77460, 0, 0
968000, 77241, 0, 0
969000, 77139, 0, 0
970000, 77072, 0, 0
971000, 77074, 0, 0
971999, 76942, 0, 0
972999, 76911, 0, 0
974000, 76951, 0, 0
975000, 77106, 0, 0
976000, 78257, 0, 0
976999, 78585, 0, 0
977999, 78560, 0, 0
978999, 77902, 0, 0
980000, 78304, 0, 0
981000, 77921, 0, 0
982000, 78439, 0, 0
982999, 78235, 0, 0
983999, 78023, 0, 0
984999, 78186, 0, 0
986000, 78223, 0, 0
987000, 78272, 0, 0
987999, 78084, 0, 0
988999, 78658, 0, 0
989999, 78257, 0, 0
991000, 77772, 0, 0
992000, 78465, 0, 0
993000, 78351, 0, 0
993999, 78255, 0, 0
994999, 78355, 0, 0
995999, 77879, 0, 0
997000, 78396, 0, 0
998000, 78114, 0, 0
999000, 78156, 0, 0
999999, 78534, 0, 0
1000999, 78060, 0, 0
1001999, 78259, 0, 0
1003000, 78352, 0, 0
1004000, 78151, 0, 0
1005000, 77845, 0, 0
1005999, 77852, 0, 0
1006999, 78175, 0, 0
1008000, 78298, 0, 0
1009000, 78198, 0, 0
1010000, 77929, 0, 0
1010999, 78167, 0, 0
1011999, 78275, 0, 0
1012999, 78271, 0, 0
1014000, 78014, 0, 0
1015000, 78189, 0, 0
1016000, 77925, 0, 0
1016999, 77966, 0, 0
1017999, 78015, 0, 0
1018999, 78213, 0, 0
1020000, 78412, 0, 0
1021000, 78167, 0, 0
1022000, 77971, 0, 0
1023000, 78348, 0, 0
1023999, 78048, 0, 0
1025000, 78158, 0, 0
1026000, 77790, 0, 0
1027000, 78216, 0, 0
1028000, 78337, 0, 0
1028999, 78146, 0, 0
1029999, 77928, 0, 0
1031000, 78084, 0, 0
1032000, 77933, 0, 0
1033000, 78174, 0, 0
1034000, 78152, 0, 0
1034999, 77922, 0, 0
1036000, 78175, 0, 0
1037000, 78296, 0, 0
1038000, 77960, 0, 0
1039000, 77972, 0, 0
1039999, 77863, 0, 0
1040999, 77995, 0, 0
1042000, 78213, 0, 0
1043000, 78004, 0, 0
1044000, 77899, 0, 0
1045000, 78176, 0, 0
1045999, 78100, 0, 0
1047000, 78087, 0, 0
1048000, 78043, 0, 0
1049000, 78011, 0, 0
1050000, 77536, 0, 0
1050999, 78312, 0, 0
1051999, 78364, 0, 0
1053000, 65518, 0, 0
1054000, 77945, 0, 0
1055000, 77610, 0, 0
1055999, 76789, 0, 0
1056999, 77992, 0, 0
1057999, 78499, 0, 0
1059000, 78007, 0, 0
1060000, 77944, 0, 0
1061000, 77849, 0, 0
1061999, 77718, 0, 0
1062999, 78157, 0, 0
1063999, 78212, 0, 0
1065000, 77999, 0, 0
1066000, 77765, 0, 0
1067000, 77940, 0, 0
1068000, 75829, 0, 0
1068999, 77977, 0, 0
1070000, 78006, 0, 0
1071000, 77738, 0, 0
1072000, 77515, 0, 0
1073000, 78008, 0, 0
1073999, 77729, 0, 0
1074999, 77942, 0, 0
1076000, 77887, 0, 0
1077000, 77601, 0, 0
1078000, 77828, 0, 0
1079000, 78141, 0, 0
1079999, 77917, 0, 0
1081000, 77896, 0, 0
1082000, 77906, 0, 0
1083000, 77545, 0, 0
1084000, 77548, 0, 0
1085000, 77975, 0, 0
1085999, 77873, 0, 0
1087000, 77895, 0, 0
1088000, 77324, 0, 0
1089000, 77840, 0, 0
1090000, 77982, 0, 0
1090999, 77364, 0, 0
1091999, 77998, 0, 0
1093000, 77894, 0, 0
1094000, 77714, 0, 0
1095000, 77858, 0, 0
1096000, 77878, 0, 0
1096999, 77985, 0, 0
1098000, 77765, 0, 0
1099000, 77815, 0, 0
1100000, 77661, 0, 0
1101000, 77652, 0, 0
1101999, 77996, 0, 0
1102999, 77843, 0, 0
1104000, 77712, 0, 0
1105000, 77575, 0, 0
1106000, 77577, 0, 0
1107000, 77630, 0, 0
1107999, 78018, 0, 0
1109000, 77764, 0, 0
1110000, 77775, 0, 0
1111000, 77652, 0, 0
1112000, 77771, 0, 0
1112999, 78204, 0, 0
1113999, 77947, 0, 0
1115000, 77772, 0, 0
1116000, 77526, 0, 0
1117000, 77850, 0, 0
1118000, 77570, 0, 0
1118999, 77695, 0, 0
1120000, 77974, 0, 0
1121000, 77529, 0, 0
1122000, 77762, 0, 0
1123000, 77835, 0, 0
1123999, 77838, 0, 0
1124999, 77810, 0, 0
1126000, 77782, 0, 0
1127000, 77847, 0, 0
1128000, 77297, 0, 0
1129000, 77730, 0, 0
1129999, 77991, 0, 0
1130999, 77812, 0, 0
1132000, 77880, 0, 0
1133000, 77961, 0, 0
1134000, 77656, 0, 0
1135000, 77931, 0, 0
1135999, 77825, 0, 0
1137000, 77885, 0, 0
1138000, 77722, 0, 0
1139000, 77580, 0, 0
1140000, 77854, 0, 0
1140999, 78156, 0, 0
1141999, 77764, 0, 0
1143000, 78310, 0, 0
1144000, 77694, 0, 0
1145000, 77679, 0, 0
1146000, 78018, 0, 0
1146999, 78166, 0, 0
1148000, 78015, 0, 0
1149000, 78057, 0, 0
1150000, 78208, 0, 0
1151000, 77833, 0, 0
1151999, 77658, 0, 0
1152999, 77856, 0, 0
1154000, 76994, 0, 0
1155000, 77541, 0, 0
1156000, 77018, 0, 0
1157000, 77185, 0, 0
1157999, 78754, 0, 0
1158999, 80736, 0, 0
1160000, 80845, 0, 0
1161000, 80627, 0, 0
1162000, 80451, 0, 0
1163000, 80394, 0, 0
1163999, 80132, 0, 0
1165000, 80396, 0, 0
1166000, 80875, 0, 0
1167000, 80857, 0, 0
1168000, 80770, 0, 0
1168999, 80700, 0, 0
1169999, 67837, 0, 0
1171000, 80506, 0, 0
1172000, 80923, 0, 0
1173000, 80787, 0, 0
1173999, 80849, 0, 0
1174999, 80673, 0, 0
1176000, 80857, 0, 0
1177000, 80548, 0, 0
1178000, 80620, 0, 0
1179000, 80717, 0, 0
1179999, 80514, 0, 0
1180999, 78981, 0, 0
1182000, 80722, 0, 0
1183000, 80475, 0, 0
1184000, 80778, 0, 0
1185000, 80676, 0, 0
1185999, 80577, 0, 0
1187000, 80502, 0, 0
1188000, 80522, 0, 0
1189000, 80309, 0, 0
1190000, 80504, 0, 0
1190999, 80526, 0, 0
1191999, 80477, 0, 0
1193000, 80399, 0, 0
1194000, 80340, 0, 0
1195000, 80627, 0, 0
1196000, 80463, 0, 0
1196999, 80512, 0, 0
1198000, 80406, 0, 0
1199000, 80185, 0, 0
1200000, 80367, 0, 0
