1000, 813974, 0, 0
2000, 819459, 0, 0
3000, 823035, 0, 0
4000, 826329, 0, 0
5000, 825323, 0, 0
6000, 825940, 0, 0
7000, 827358, 0, 0
8000, 825941, 0, 0
9000, 830288, 0, 0
10000, 827167, 0, 0
11000, 828699, 0, 0
12000, 827954, 0, 0
13000, 828800, 0, 0
14000, 826462, 0, 0
15000, 830253, 0, 0
16000, 826988, 0, 0
17000, 829972, 0, 0
18000, 827786, 0, 0
19000, 828585, 0, 0
20000, 827983, 0, 0
21000, 826476, 0, 0
22000, 830063, 0, 0
23000, 832972, 0, 0
24000, 829152, 0, 0
25000, 827157, 0, 0
26000, 824962, 0, 0
27000, 829396, 0, 0
28000, 830724, 0, 0
29000, 827043, 0, 0
30000, 828093, 0, 0
31000, 830175, 0, 0
32000, 825155, 0, 0
33000, 828518, 0, 0
34000, 829760, 0, 0
35000, 830527, 0, 0
36000, 829143, 0, 0
37000, 825628, 0, 0
38000, 828989, 0, 0
39000, 832642, 0, 0
40000, 828322, 0, 0
41000, 830050, 0, 0
42000, 830306, 0, 0
43000, 828786, 0, 0
44000, 828455, 0, 0
45000, 830218, 0, 0
46000, 831051, 0, 0
47000, 830960, 0, 0
48000, 825853, 0, 0
49000, 829621, 0, 0
50000, 828744, 0, 0
51000, 829089, 0, 0
52000, 830167, 0, 0
53000, 831170, 0, 0
54000, 829054, 0, 0
55000, 829557, 0, 0
56000, 826922, 0, 0
57000, 831511, 0, 0
58000, 829201, 0, 0
59000, 832757, 0, 0
60000, 828901, 0, 0
61000, 831627, 0, 0
62000, 830246, 0, 0
63000, 825586, 0, 0
64000, 831615, 0, 0
65000, 831431, 0, 0
66000, 832007, 0, 0
67000, 829263, 0, 0
68000, 832796, 0, 0
69000, 828176, 0, 0
70000, 836404, 0, 0
71000, 830846, 0, 0
72000, 835549, 0, 0
73000, 829193, 0, 0
74000, 832982, 0, 0
75000, 834025, 0, 0
76000, 830171, 0, 0
77000, 829497, 0, 0
78000, 826042, 0, 0
79000, 828045, 0, 0
80000, 832540, 0, 0
81000, 830523, 0, 0
82000, 830369, 0, 0
83000, 831938, 0, 0
84000, 831259, 0, 0
85000, 828732, 0, 0
86000, 830632, 0, 0
87000, 832104, 0, 0
88000, 832195, 0, 0
89000, 829363, 0, 0
90000, 830294, 0, 0
91000, 829571, 0, 0
92000, 828314, 0, 0
93000, 829656, 0, 0
94000, 831668, 0, 0
95000, 829877, 0, 0
96000, 830737, 0, 0
97000, 829968, 0, 0
98000, 829239, 0, 0
99000, 830540, 0, 0
100000, 832902, 0, 0
101000, 831170, 0, 0
102000, 834260, 0, 0
103000, 831779, 0, 0
104000, 831616, 0, 0
105000, 835112, 0, 0
106000, 832549, 0, 0
107000, 829934, 0, 0
108000, 830965, 0, 0
109000, 828253, 0, 0
110000, 829444, 0, 0
111000, 831453, 0, 0
112000, 832960, 0, 0
113000, 832937, 0, 0
114000, 830368, 0, 0
115000, 828065, 0, 0
116000, 1010060, 0, 0
117000, 832356, 0, 0
118000, 832117, 0, 0
119000, 830405, 0, 0
120000, 833175, 0, 0
121000, 831437, 0, 0
122000, 832373, 0, 0
123000, 829752, 0, 0
124000, 827436, 0, 0
125000, 829996, 0, 0
126000, 833849, 0, 0
127000, 831779, 0, 0
128000, 832988, 0, 0
129000, 829516, 0, 0
130000, 831433, 0, 0
131000, 832801, 0, 0
132000, 829889, 0, 0
133000, 831616, 0, 0
134000, 833447, 0, 0
135000, 827870, 0, 0
136000, 827209, 0, 0
137000, 830810, 0, 0
138000, 833410, 0, 0
139000, 834543, 0, 0
140000, 833124, 0, 0
141000, 829195, 0, 0
142000, 834316, 0, 0
143000, 832888, 0, 0
144000, 829088, 0, 0
145000, 842850, 0, 0
146000, 825393, 0, 0
147000, 828541, 0, 0
148000, 832185, 0, 0
149000, 835942, 0, 0
150000, 829077, 0, 0
151000, 830274, 0, 0
152000, 830047, 0, 0
153000, 829082, 0, 0
154000, 830901, 0, 0
155000, 829785, 0, 0
156000, 829192, 0, 0
157000, 828703, 0, 0
158000, 828965, 0, 0
159000, 829140, 0, 0
160000, 827665, 0, 0
161000, 829257, 0, 0
162000, 834462, 0, 0
163000, 835987, 0, 0
164000, 838035, 0, 0
165000, 837371, 0, 0
166000, 838330, 0, 0
167000, 796127, 0, 0
168000, 792397, 0, 0
169000, 792554, 0, 0
170000, 790650, 0, 0
171000, 794651, 0, 0
172000, 797255, 0, 0
173000, 792886, 0, 0
174000, 790650, 0, 0
175000, 791865, 0, 0
176000, 791193, 0, 0
177000, 791273, 0, 0
178000, 790046, 0, 0
179000, 792052, 0, 0
180000, 791284, 0, 0
181000, 788277, 0, 0
182000, 791316, 0, 0
183000, 793852, 0, 0
184000, 792681, 0, 0
185000, 793936, 0, 0
186000, 791464, 0, 0
187000, 797038, 0, 0
188000, 791976, 0, 0
189000, 790094, 0, 0
190000, 791387, 0, 0
191000, 791327, 0, 0
192000, 790445, 0, 0
193000, 790966, 0, 0
194000, 791316, 0, 0
195000, 794945, 0, 0
196000, 793176, 0, 0
197000, 793698, 0, 0
198000, 792386, 0, 0
199000, 793913, 0, 0
200000, 794485, 0, 0
201000, 793401, 0, 0
202000, 792815, 0, 0
203000, 792996, 0, 0
204000, 794043, 0, 0
205000, 794651, 0, 0
206000, 794473, 0, 0
207000, 793982, 0, 0
208000, 793865, 0, 0
209000, 797954, 0, 0
210000, 799265, 0, 0
211000, 794909, 0, 0
212000, 795169, 0, 0
213000, 796909, 0, 0
214000, 793767, 0, 0
215000, 794023, 0, 0
216000, 794807, 0, 0
217000, 796537, 0, 0
218000, 796803, 0, 0
219000, 797529, 0, 0
220000, 793568, 0, 0
221000, 796598, 0, 0
222000, 795587, 0, 0
223000, 795638, 0, 0
224000, 796227, 0, 0
225000, 797522, 0, 0
226000, 795986, 0, 0
227000, 794151, 0, 0
228000, 796323, 0, 0
229000, 798130, 0, 0
230000, 796256, 0, 0
231000, 796702, 0, 0
232000, 795846, 0, 0
233000, 953480, 0, 0
234000, 796502, 0, 0
235000, 794933, 0, 0
236000, 796308, 0, 0
237000, 797824, 0, 0
238000, 796260, 0, 0
239000, 795732, 0, 0
240000, 797239, 0, 0
241000, 797963, 0, 0
242000, 797012, 0, 0
243000, 804013, 0, 0
244000, 796748, 0, 0
245000, 798472, 0, 0
246000, 797912, 0, 0
247000, 798363, 0, 0
248000, 795021, 0, 0
249000, 798718, 0, 0
250000, 800189, 0, 0
251000, 796674, 0, 0
252000, 794874, 0, 0
253000, 795866, 0, 0
254000, 800849, 0, 0
255000, 798738, 0, 0
256000, 799426, 0, 0
257000, 800489, 0, 0
258000, 799510, 0, 0
259000, 801669, 0, 0
260000, 797655, 0, 0
261000, 796701, 0, 0
262000, 800484, 0, 0
263000, 799905, 0, 0
264000, 800634, 0, 0
265000, 799130, 0, 0
266000, 801186, 0, 0
267000, 798078, 0, 0
268000, 799386, 0, 0
269000, 798390, 0, 0
270000, 799846, 0, 0
271000, 798874, 0, 0
272000, 799161, 0, 0
273000, 800949, 0, 0
274000, 800713, 0, 0
275000, 799647, 0, 0
276000, 801506, 0, 0
277000, 806705, 0, 0
278000, 801324, 0, 0
279000, 800637, 0, 0
280000, 802611, 0, 0
281000, 797944, 0, 0
282000, 800424, 0, 0
283000, 802447, 0, 0
284000, 799306, 0, 0
285000, 799534, 0, 0
286000, 799982, 0, 0
287000, 800431, 0, 0
288000, 797068, 0, 0
289000, 801451, 0, 0
290000, 799965, 0, 0
291000, 801005, 0, 0
292000, 803855, 0, 0
293000, 801421, 0, 0
294000, 798358, 0, 0
295000, 803492, 0, 0
296000, 793373, 0, 0
297000, 800434, 0, 0
298000, 802750, 0, 0
299000, 801207, 0, 0
300000, 797129, 0, 0
301000, 801944, 0, 0
302000, 799899, 0, 0
303000, 795636, 0, 0
304000, 803558, 0, 0
305000, 803154, 0, 0
306000, 800277, 0, 0
307000, 801157, 0, 0
308000, 803785, 0, 0
309000, 799898, 0, 0
310000, 802128, 0, 0
311000, 801087, 0, 0
312000, 801012, 0, 0
313000, 801225, 0, 0
314000, 803097, 0, 0
315000, 802256, 0, 0
316000, 802015, 0, 0
317000, 801620, 0, 0
318000, 803443, 0, 0
319000, 802574, 0, 0
320000, 803361, 0, 0
321000, 802379, 0, 0
322000, 804032, 0, 0
323000, 803352, 0, 0
324000, 804483, 0, 0
325000, 803244, 0, 0
326000, 801884, 0, 0
327000, 801980, 0, 0
328000, 802021, 0, 0
329000, 805440, 0, 0
330000, 804524, 0, 0
331000, 803427, 0, 0
332000, 801692, 0, 0
333000, 803638, 0, 0
334000, 803348, 0, 0
335000, 804108, 0, 0
336000, 802884, 0, 0
337000, 803078, 0, 0
338000, 805096, 0, 0
339000, 804776, 0, 0
340000, 803747, 0, 0
341000, 804115, 0, 0
342000, 804636, 0, 0
343000, 804520, 0, 0
344000, 802792, 0, 0
345000, 802746, 0, 0
346000, 803709, 0, 0
347000, 802769, 0, 0
348000, 806237, 0, 0
349000, 804271, 0, 0
350000, 983672, 0, 0
351000, 804035, 0, 0
352000, 804341, 0, 0
353000, 800862, 0, 0
354000, 803552, 0, 0
355000, 804222, 0, 0
356000, 805767, 0, 0
357000, 802787, 0, 0
358000, 802533, 0, 0
359000, 803683, 0, 0
360000, 805772, 0, 0
361000, 805943, 0, 0
362000, 803478, 0, 0
363000, 805283, 0, 0
364000, 806258, 0, 0
365000, 807355, 0, 0
366000, 805753, 0, 0
367000, 800870, 0, 0
368000, 803460, 0, 0
369000, 805177, 0, 0
370000, 806073, 0, 0
371000, 803397, 0, 0
372000, 805408, 0, 0
373000, 806654, 0, 0
374000, 806150, 0, 0
375000, 805309, 0, 0
376000, 803285, 0, 0
377000, 805882, 0, 0
378000, 805148, 0, 0
379000, 805713, 0, 0
380000, 803422, 0, 0
381000, 805754, 0, 0
382000, 815527, 0, 0
383000, 806545, 0, 0
384000, 804015, 0, 0
385000, 805362, 0, 0
386000, 807227, 0, 0
387000, 806583, 0, 0
388000, 803997, 0, 0
389000, 804594, 0, 0
390000, 806038, 0, 0
391000, 806887, 0, 0
392000, 804451, 0, 0
393000, 808085, 0, 0
394000, 808080, 0, 0
395000, 807603, 0, 0
396000, 804659, 0, 0
397000, 805352, 0, 0
398000, 806841, 0, 0
399000, 808080, 0, 0
400000, 805934, 0, 0
401000, 806722, 0, 0
402000, 808064, 0, 0
403000, 807938, 0, 0
404000, 818651, 0, 0
405000, 807765, 0, 0
406000, 806242, 0, 0
407000, 807236, 0, 0
408000, 808756, 0, 0
409000, 809521, 0, 0
410000, 807882, 0, 0
411000, 808107, 0, 0
412000, 806573, 0, 0
413000, 806170, 0, 0
414000, 807436, 0, 0
415000, 806756, 0, 0
416000, 807526, 0, 0
417000, 809426, 0, 0
418000, 806414, 0, 0
419000, 807365, 0, 0
420000, 807129, 0, 0
421000, 812186, 0, 0
422000, 807892, 0, 0
423000, 810859, 0, 0
424000, 808405, 0, 0
425000, 809080, 0, 0
426000, 809507, 0, 0
427000, 807111, 0, 0
428000, 807731, 0, 0
429000, 808879, 0, 0
430000, 807550, 0, 0
431000, 808092, 0, 0
432000, 806852, 0, 0
433000, 808123, 0, 0
434000, 808562, 0, 0
435000, 808048, 0, 0
436000, 805999, 0, 0
437000, 810312, 0, 0
438000, 812546, 0, 0
439000, 809452, 0, 0
440000, 809774, 0, 0
441000, 808919, 0, 0
442000, 809555, 0, 0
443000, 809612, 0, 0
444000, 810753, 0, 0
445000, 810375, 0, 0
446000, 808924, 0, 0
447000, 807437, 0, 0
448000, 811102, 0, 0
449000, 809976, 0, 0
450000, 810937, 0, 0
451000, 808663, 0, 0
452000, 807325, 0, 0
453000, 809865, 0, 0
454000, 810429, 0, 0
455000, 808171, 0, 0
456000, 811843, 0, 0
457000, 810402, 0, 0
458000, 811320, 0, 0
459000, 811744, 0, 0
460000, 808786, 0, 0
461000, 809521, 0, 0
462000, 810017, 0, 0
463000, 808666, 0, 0
464000, 808289, 0, 0
465000, 808517, 0, 0
466000, 813482, 0, 0
467000, 911112, 0, 0
468000, 855128, 0, 0
469000, 809908, 0, 0
470000, 809923, 0, 0
471000, 811052, 0, 0
472000, 809757, 0, 0
473000, 809589, 0, 0
474000, 811135, 0, 0
475000, 811750, 0, 0
476000, 811210, 0, 0
477000, 809165, 0, 0
478000, 809350, 0, 0
479000, 810624, 0, 0
480000, 809407, 0, 0
481000, 809185, 0, 0
482000, 809228, 0, 0
483000, 811370, 0, 0
484000, 811738, 0, 0
485000, 810047, 0, 0
486000, 812835, 0, 0
487000, 810503, 0, 0
488000, 813118, 0, 0
489000, 811573, 0, 0
490000, 809673, 0, 0
491000, 813452, 0, 0
492000, 811202, 0, 0
493000, 810456, 0, 0
494000, 810780, 0, 0
495000, 813092, 0, 0
496000, 809439, 0, 0
497000, 809734, 0, 0
498000, 809008, 0, 0
499000, 813579, 0, 0
500000, 810894, 0, 0
501000, 812325, 0, 0
502000, 808268, 0, 0
503000, 807739, 0, 0
504000, 811843, 0, 0
505000, 810963, 0, 0
506000, 811007, 0, 0
507000, 809416, 0, 0
508000, 825098, 0, 0
509000, 823626, 0, 0
510000, 814303, 0, 0
511000, 811852, 0, 0
512000, 812751, 0, 0
513000, 815173, 0, 0
514000, 812526, 0, 0
515000, 811206, 0, 0
516000, 814423, 0, 0
517000, 812358, 0, 0
518000, 814767, 0, 0
519000, 810222, 0, 0
520000, 812563, 0, 0
521000, 814371, 0, 0
522000, 812024, 0, 0
523000, 813397, 0, 0
524000, 812760, 0, 0
525000, 811942, 0, 0
526000, 811197, 0, 0
527000, 810377, 0, 0
528000, 813468, 0, 0
529000, 811902, 0, 0
530000, 812901, 0, 0
531000, 810839, 0, 0
532000, 814324, 0, 0
533000, 812861, 0, 0
534000, 812918, 0, 0
535000, 813690, 0, 0
536000, 813190, 0, 0
537000, 812821, 0, 0
538000, 811830, 0, 0
539000, 813813, 0, 0
540000, 812721, 0, 0
541000, 814925, 0, 0
542000, 813703, 0, 0
543000, 814693, 0, 0
544000, 813565, 0, 0
545000, 815075, 0, 0
546000, 814169, 0, 0
547000, 814207, 0, 0
548000, 811715, 0, 0
549000, 814673, 0, 0
550000, 810950, 0, 0
551000, 813147, 0, 0
552000, 812136, 0, 0
553000, 814321, 0, 0
554000, 814029, 0, 0
555000, 815192, 0, 0
556000, 814633, 0, 0
557000, 815266, 0, 0
558000, 812377, 0, 0
559000, 815224, 0, 0
560000, 812140, 0, 0
561000, 816025, 0, 0
562000, 816997, 0, 0
563000, 815711, 0, 0
564000, 813398, 0, 0
565000, 814052, 0, 0
566000, 814776, 0, 0
567000, 816857, 0, 0
568000, 814659, 0, 0
569000, 813734, 0, 0
570000, 813774, 0, 0
571000, 814149, 0, 0
572000, 813828, 0, 0
573000, 812711, 0, 0
574000, 815418, 0, 0
575000, 814620, 0, 0
576000, 814824, 0, 0
577000, 815620, 0, 0
578000, 815418, 0, 0
579000, 814805, 0, 0
580000, 814790, 0, 0
581000, 814582, 0, 0
582000, 815642, 0, 0
583000, 812905, 0, 0
584000, 977159, 0, 0
585000, 816359, 0, 0
586000, 815198, 0, 0
587000, 816656, 0, 0
588000, 814868, 0, 0
589000, 814169, 0, 0
590000, 817873, 0, 0
591000, 815511, 0, 0
592000, 815684, 0, 0
593000, 815354, 0, 0
594000, 815175, 0, 0
595000, 815118, 0, 0
596000, 816782, 0, 0
597000, 816849, 0, 0
598000, 814533, 0, 0
599000, 813412, 0, 0
600000, 815427, 0, 0
601000, 816264, 0, 0
602000, 817007, 0, 0
603000, 815521, 0, 0
604000, 814949, 0, 0
605000, 816854, 0, 0
606000, 815544, 0, 0
607000, 828876, 0, 0
608000, 815004, 0, 0
609000, 816087, 0, 0
610000, 816727, 0, 0
611000, 816873, 0, 0
612000, 816153, 0, 0
613000, 814288, 0, 0
614000, 816115, 0, 0
615000, 818067, 0, 0
616000, 816208, 0, 0
617000, 817967, 0, 0
618000, 815504, 0, 0
619000, 817552, 0, 0
620000, 816836, 0, 0
621000, 817868, 0, 0
622000, 816980, 0, 0
623000, 816692, 0, 0
624000, 815489, 0, 0
625000, 816683, 0, 0
626000, 818472, 0, 0
627000, 815027, 0, 0
628000, 813565, 0, 0
629000, 817808, 0, 0
630000, 818989, 0, 0
631000, 817996, 0, 0
632000, 817677, 0, 0
633000, 816897, 0, 0
634000, 817033, 0, 0
635000, 816095, 0, 0
636000, 818093, 0, 0
637000, 816741, 0, 0
638000, 817911, 0, 0
639000, 817623, 0, 0
640000, 817815, 0, 0
641000, 819920, 0, 0
642000, 817399, 0, 0
643000, 815553, 0, 0
644000, 816862, 0, 0
645000, 818701, 0, 0
646000, 817520, 0, 0
647000, 818567, 0, 0
648000, 818932, 0, 0
649000, 819123, 0, 0
650000, 819516, 0, 0
651000, 818794, 0, 0
652000, 819611, 0, 0
653000, 818007, 0, 0
654000, 818136, 0, 0
655000, 817118, 0, 0
656000, 818427, 0, 0
657000, 818493, 0, 0
658000, 818957, 0, 0
659000, 821064, 0, 0
660000, 817770, 0, 0
661000, 820854, 0, 0
662000, 817944, 0, 0
663000, 818024, 0, 0
664000, 818217, 0, 0
665000, 818882, 0, 0
666000, 818196, 0, 0
667000, 818897, 0, 0
668000, 817596, 0, 0
669000, 820221, 0, 0
670000, 816304, 0, 0
671000, 819197, 0, 0
672000, 821650, 0, 0
673000, 816627, 0, 0
674000, 817274, 0, 0
675000, 819361, 0, 0
676000, 820349, 0, 0
677000, 819438, 0, 0
678000, 817115, 0, 0
679000, 820111, 0, 0
680000, 818068, 0, 0
681000, 834085, 0, 0
682000, 816170, 0, 0
683000, 817027, 0, 0
684000, 820018, 0, 0
685000, 820758, 0, 0
686000, 819522, 0, 0
687000, 818867, 0, 0
688000, 819715, 0, 0
689000, 817640, 0, 0
690000, 819814, 0, 0
691000, 820609, 0, 0
692000, 821082, 0, 0
693000, 819371, 0, 0
694000, 818874, 0, 0
695000, 819056, 0, 0
696000, 820298, 0, 0
697000, 819766, 0, 0
698000, 822104, 0, 0
699000, 821799, 0, 0
700000, 819352, 0, 0
701000, 977060, 0, 0
702000, 820225, 0, 0
703000, 831513, 0, 0
704000, 819317, 0, 0
705000, 819651, 0, 0
706000, 818808, 0, 0
707000, 819968, 0, 0
708000, 820125, 0, 0
709000, 823040, 0, 0
710000, 819289, 0, 0
711000, 818597, 0, 0
712000, 818769, 0, 0
713000, 818652, 0, 0
714000, 821219, 0, 0
715000, 819415, 0, 0
716000, 819301, 0, 0
717000, 820423, 0, 0
718000, 819515, 0, 0
719000, 820087, 0, 0
720000, 818442, 0, 0
721000, 819486, 0, 0
722000, 820671, 0, 0
723000, 819900, 0, 0
724000, 822641, 0, 0
725000, 820408, 0, 0
726000, 819783, 0, 0
727000, 820073, 0, 0
728000, 821194, 0, 0
729000, 820369, 0, 0
730000, 820734, 0, 0
731000, 823450, 0, 0
732000, 822138, 0, 0
733000, 819704, 0, 0
734000, 819761, 0, 0
735000, 821637, 0, 0
736000, 823105, 0, 0
737000, 820425, 0, 0
738000, 820631, 0, 0
739000, 820413, 0, 0
740000, 822764, 0, 0
741000, 822165, 0, 0
742000, 822481, 0, 0
743000, 822151, 0, 0
744000, 819697, 0, 0
745000, 822139, 0, 0
746000, 821152, 0, 0
747000, 818286, 0, 0
748001, 821740, 0, 0
749000, 817168, 0, 0
750000, 823316, 0, 0
751000, 820372, 0, 0
752000, 819838, 0, 0
753000, 819887, 0, 0
754000, 821220, 0, 0
755000, 821209, 0, 0
756000, 823190, 0, 0
757000, 819831, 0, 0
758000, 823794, 0, 0
759000, 821538, 0, 0
760000, 822498, 0, 0
761000, 824224, 0, 0
762000, 820271, 0, 0
763000, 821677, 0, 0
764000, 823552, 0, 0
765000, 822283, 0, 0
766000, 822551, 0, 0
767000, 822279, 0, 0
768000, 822456, 0, 0
769000, 823881, 0, 0
770000, 822522, 0, 0
771000, 821925, 0, 0
772000, 822500, 0, 0
773000, 824195, 0, 0
774000, 820692, 0, 0
775000, 822571, 0, 0
776000, 822585, 0, 0
777000, 821023, 0, 0
778000, 824209, 0, 0
779000, 822548, 0, 0
780000, 821287, 0, 0
781000, 823691, 0, 0
782000, 823614, 0, 0
783000, 822630, 0, 0
784000, 822201, 0, 0
785000, 823062, 0, 0
786000, 820547, 0, 0
787000, 824893, 0, 0
788000, 823834, 0, 0
789000, 822431, 0, 0
790000, 822844, 0, 0
791000, 822610, 0, 0
792000, 823262, 0, 0
793000, 821314, 0, 0
794000, 821950, 0, 0
795000, 821903, 0, 0
796000, 822255, 0, 0
797000, 825893, 0, 0
798000, 823499, 0, 0
799000, 821959, 0, 0
800000, 821210, 0, 0
801000, 823362, 0, 0
802000, 824991, 0, 0
803000, 824046, 0, 0
804000, 821239, 0, 0
805000, 821370, 0, 0
806000, 825558, 0, 0
807000, 824198, 0, 0
808000, 825751, 0, 0
809000, 826030, 0, 0
810000, 820001, 0, 0
811000, 821736, 0, 0
812000, 824275, 0, 0
813000, 823774, 0, 0
814000, 822738, 0, 0
815000, 823926, 0, 0
816000, 824116, 0, 0
817000, 825685, 0, 0
818000, 985998, 0, 0
819000, 819797, 0, 0
820000, 823149, 0, 0
821000, 823696, 0, 0
822000, 824884, 0, 0
823000, 824006, 0, 0
824000, 824855, 0, 0
825000, 826553, 0, 0
826000, 823173, 0, 0
827000, 826208, 0, 0
828000, 821755, 0, 0
829000, 825131, 0, 0
830000, 825251, 0, 0
831000, 824913, 0, 0
832000, 825269, 0, 0
833000, 823238, 0, 0
834000, 824423, 0, 0
835000, 824644, 0, 0
836000, 825652, 0, 0
837000, 822827, 0, 0
838000, 823265, 0, 0
839000, 823743, 0, 0
840000, 827790, 0, 0
841000, 826814, 0, 0
842000, 824481, 0, 0
843000, 826126, 0, 0
844000, 825096, 0, 0
845000, 824998, 0, 0
846000, 826472, 0, 0
847000, 826045, 0, 0
848000, 836629, 0, 0
849000, 824488, 0, 0
850000, 826132, 0, 0
851000, 826676, 0, 0
852000, 824307, 0, 0
853000, 825182, 0, 0
854000, 826125, 0, 0
855000, 825787, 0, 0
856000, 825423, 0, 0
857000, 825448, 0, 0
858000, 825568, 0, 0
859000, 822354, 0, 0
860000, 825954, 0, 0
861000, 824836, 0, 0
862000, 823107, 0, 0
863000, 826950, 0, 0
864000, 828237, 0, 0
865000, 825539, 0, 0
866000, 824584, 0, 0
867000, 823615, 0, 0
868000, 827997, 0, 0
869000, 825036, 0, 0
870000, 826340, 0, 0
871000, 825783, 0, 0
872000, 825201, 0, 0
873000, 825507, 0, 0
874000, 829328, 0, 0
875000, 825958, 0, 0
876000, 824606, 0, 0
877000, 829591, 0, 0
878000, 824944, 0, 0
879000, 824200, 0, 0
880000, 826531, 0, 0
881000, 824898, 0, 0
882000, 825922, 0, 0
883000, 825105, 0, 0
884000, 825691, 0, 0
885000, 825570, 0, 0
886000, 826348, 0, 0
887000, 828489, 0, 0
888000, 825974, 0, 0
889000, 826858, 0, 0
890000, 825236, 0, 0
891000, 826130, 0, 0
892000, 825511, 0, 0
893000, 826393, 0, 0
894000, 826159, 0, 0
895000, 827389, 0, 0
896000, 825900, 0, 0
897000, 828434, 0, 0
898000, 829475, 0, 0
899000, 825986, 0, 0
900000, 824507, 0, 0
901000, 826823, 0, 0
902000, 826419, 0, 0
903000, 827185, 0, 0
904000, 826545, 0, 0
905000, 828573, 0, 0
906000, 825161, 0, 0
907000, 826614, 0, 0
908000, 829589, 0, 0
909000, 830586, 0, 0
910000, 827217, 0, 0
911000, 828245, 0, 0
912000, 825563, 0, 0
913000, 827964, 0, 0
914000, 828464, 0, 0
915000, 826569, 0, 0
916000, 827501, 0, 0
917000, 824873, 0, 0
918000, 827306, 0, 0
919000, 828215, 0, 0
920000, 828297, 0, 0
921000, 826219, 0, 0
922000, 826329, 0, 0
923000, 830316, 0, 0
924000, 827109, 0, 0
925000, 828794, 0, 0
926000, 828582, 0, 0
927000, 826395, 0, 0
928000, 829178, 0, 0
929000, 828838, 0, 0
930000, 826921, 0, 0
931000, 827765, 0, 0
932000, 826797, 0, 0
933000, 826240, 0, 0
934000, 828261, 0, 0
935000, 923612, 0, 0
936000, 871030, 0, 0
937000, 828733, 0, 0
938000, 828523, 0, 0
939000, 828228, 0, 0
940000, 827269, 0, 0
941000, 829101, 0, 0
942000, 827050, 0, 0
943000, 828947, 0, 0
944000, 826917, 0, 0
945000, 829511, 0, 0
946000, 825139, 0, 0
947000, 826719, 0, 0
948000, 832370, 0, 0
949000, 827858, 0, 0
950000, 827614, 0, 0
951000, 827903, 0, 0
952000, 828159, 0, 0
953000, 828708, 0, 0
954000, 828408, 0, 0
955000, 826753, 0, 0
956000, 827684, 0, 0
957000, 828369, 0, 0
958000, 829342, 0, 0
959000, 830401, 0, 0
960000, 829199, 0, 0
961000, 841002, 0, 0
962000, 824830, 0, 0
963000, 824891, 0, 0
964000, 831295, 0, 0
965000, 827971, 0, 0
966000, 827826, 0, 0
967000, 825909, 0, 0
968000, 827392, 0, 0
969000, 828529, 0, 0
970000, 829296, 0, 0
971000, 829245, 0, 0
972000, 830556, 0, 0
973000, 831594, 0, 0
974000, 830584, 0, 0
975000, 828773, 0, 0
976000, 816680, 0, 0
977000, 813310, 0, 0
978000, 814290, 0, 0
979000, 822546, 0, 0
980000, 816192, 0, 0
981000, 820241, 0, 0
982000, 814724, 0, 0
983000, 816890, 0, 0
984000, 820184, 0, 0
985000, 818135, 0, 0
986000, 817035, 0, 0
987000, 816525, 0, 0
988000, 818435, 0, 0
989000, 812848, 0, 0
990000, 817473, 0, 0
991000, 821768, 0, 0
992000, 814587, 0, 0
993000, 815682, 0, 0
994000, 816635, 0, 0
995000, 816517, 0, 0
996000, 821444, 0, 0
997000, 815310, 0, 0
998000, 817841, 0, 0
999000, 817728, 0, 0
1000000, 813752, 0, 0
1001000, 819679, 0, 0
1002000, 817398, 0, 0
1003000, 815747, 0, 0
1004000, 817715, 0, 0
1005000, 821121, 0, 0
1006000, 819620, 0, 0
1007000, 818444, 0, 0
1008000, 815916, 0, 0
1009000, 817217, 0, 0
1010000, 820132, 0, 0
1011000, 817664, 0, 0
1012000, 817250, 0, 0
1013000, 817354, 0, 0
1014000, 819966, 0, 0
1015000, 817783, 0, 0
1016000, 820522, 0, 0
1017000, 822094, 0, 0
1018000, 820757, 0, 0
1019000, 819418, 0, 0
1020000, 815976, 0, 0
1021000, 818364, 0, 0
1022000, 820126, 0, 0
1023000, 815252, 0, 0
1024000, 819892, 0, 0
1025000, 818850, 0, 0
1026000, 822424, 0, 0
1027000, 818354, 0, 0
1028000, 817080, 0, 0
1029000, 818513, 0, 0
1030000, 821245, 0, 0
1031000, 818955, 0, 0
1032000, 820672, 0, 0
1033000, 817263, 0, 0
1034000, 817711, 0, 0
1035000, 820238, 0, 0
1036000, 817595, 0, 0
1037000, 816254, 0, 0
1038000, 819575, 0, 0
1039000, 819626, 0, 0
1040000, 820893, 0, 0
1041000, 820174, 0, 0
1042000, 817122, 0, 0
1043000, 820162, 0, 0
1044000, 820508, 0, 0
1045000, 817372, 0, 0
1046000, 818445, 0, 0
1047000, 818325, 0, 0
1048000, 818963, 0, 0
1049000, 819306, 0, 0
1050000, 824274, 0, 0
1051000, 815880, 0, 0
1052000, 816280, 0, 0
1053000, 976258, 0, 0
1054000, 819906, 0, 0
1055000, 823619, 0, 0
1056000, 832265, 0, 0
1057000, 820182, 0, 0
1058000, 814921, 0, 0
1059000, 819393, 0, 0
1060000, 819893, 0, 0
1061000, 820904, 0, 0
1062000, 822410, 0, 0
1063000, 818520, 0, 0
1064000, 817975, 0, 0
1065000, 819287, 0, 0
1066000, 821941, 0, 0
1067000, 819922, 0, 0
1068000, 851328, 0, 0
1069000, 819580, 0, 0
1070000, 819326, 0, 0
1071000, 821492, 0, 0
1072000, 824568, 0, 0
1073000, 819331, 0, 0
1074000, 822174, 0, 0
1075000, 820963, 0, 0
1076000, 820495, 0, 0
1077000, 823523, 0, 0
1078000, 821280, 0, 0
1079000, 817983, 0, 0
1080000, 820139, 0, 0
1081000, 821294, 0, 0
1082000, 820365, 0, 0
1083000, 825278, 0, 0
1084000, 824037, 0, 0
1085000, 819641, 0, 0
1086000, 820795, 0, 0
1087000, 820516, 0, 0
1088000, 825730, 0, 0
1089000, 821057, 0, 0
1090000, 819671, 0, 0
1091000, 826082, 0, 0
1092000, 820201, 0, 0
1093000, 820583, 0, 0
1094000, 822382, 0, 0
1095000, 820849, 0, 0
1096000, 820783, 0, 0
1097000, 819498, 0, 0
1098000, 821847, 0, 0
1099000, 821383, 0, 0
1100000, 822891, 0, 0
1101000, 823006, 0, 0
1102000, 819476, 0, 0
1103000, 821837, 0, 0
1104000, 822392, 0, 0
1105000, 823977, 0, 0
1106000, 823745, 0, 0
1107000, 823228, 0, 0
1108000, 819237, 0, 0
1109000, 821791, 0, 0
1110000, 821859, 0, 0
1111000, 822977, 0, 0
1112000, 821767, 0, 0
1113000, 817298, 0, 0
1114000, 820801, 0, 0
1115000, 821732, 0, 0
1116000, 824516, 0, 0
1117000, 821140, 0, 0
1118000, 823799, 0, 0
1119000, 822598, 0, 0
1120000, 820426, 0, 0
1121000, 824337, 0, 0
1122000, 821899, 0, 0
1123000, 821111, 0, 0
1124000, 821103, 0, 0
1125000, 822196, 0, 0
1126000, 821633, 0, 0
1127000, 820995, 0, 0
1128000, 826909, 0, 0
1129000, 822309, 0, 0
1130000, 819446, 0, 0
1131000, 822199, 0, 0
1132000, 820507, 0, 0
1133000, 819838, 0, 0
1134000, 823120, 0, 0
1135000, 820037, 0, 0
1136000, 821199, 0, 0
1137000, 820569, 0, 0
1138000, 822274, 0, 0
1139000, 823627, 0, 0
1140000, 821158, 0, 0
1141000, 817644, 0, 0
1142000, 822606, 0, 0
1143000, 816113, 0, 0
1144000, 822580, 0, 0
1145000, 822856, 0, 0
1146000, 820238, 0, 0
1147000, 817666, 0, 0
1148000, 819216, 0, 0
1149000, 818661, 0, 0
1150000, 817165, 0, 0
1151000, 821179, 0, 0
1152000, 822975, 0, 0
1153000, 821673, 0, 0
1154000, 830041, 0, 0
1155000, 824218, 0, 0
1156000, 829813, 0, 0
1157000, 828020, 0, 0
1158000, 811532, 0, 0
1159000, 792434, 0, 0
1160000, 790479, 0, 0
1161000, 792710, 0, 0
1162000, 794163, 0, 0
1163000, 795096, 0, 0
1164000, 797522, 0, 0
1165000, 794284, 0, 0
1166000, 790247, 0, 0
1167000, 790265, 0, 0
1168000, 791290, 0, 0
1169000, 791903, 0, 0
1170000, 943361, 0, 0
1171000, 794108, 0, 0
1172000, 789704, 0, 0
1173000, 791155, 0, 0
1174000, 790367, 0, 0
1175000, 792073, 0, 0
1176000, 790236, 0, 0
1177000, 793480, 0, 0
1178000, 792719, 0, 0
1179000, 791708, 0, 0
1180000, 793722, 0, 0
1181000, 809958, 0, 0
1182000, 791670, 0, 0
1183000, 794057, 0, 0
1184000, 791108, 0, 0
1185000, 792278, 0, 0
1186000, 793337, 0, 0
1187000, 793879, 0, 0
1188000, 793526, 0, 0
1189000, 795885, 0, 0
1190000, 793873, 0, 0
1191000, 793540, 0, 0
1192000, 795068, 0, 0
1193000, 794876, 0, 0
1194000, 795467, 0, 0
1195000, 792567, 0, 0
1196000, 794999, 0, 0
1197000, 793736, 0, 0
1198000, 794757, 0, 0
1199000, 797178, 0, 0
1200000, 795001, 0, 0
1200000, 968086, 0, 0
