1044, 4367008, 0, 0
2016, 3162497, 0, 0
3003, 5057373, 0, 0
4004, 4975089, 0, 0
5019, 4763291, 0, 0
6023, 4777237, 0, 0
7008, 5468693, 0, 0
8017, 4347512, 0, 0
9009, 4982056, 0, 0
10029, 4374517, 0, 0
11001, 4374442, 0, 0
12001, 4522966, 0, 0
13028, 4501738, 0, 0
14052, 4212912, 0, 0
15031, 4816659, 0, 0
16051, 2606615, 0, 0
17034, 4195755, 0, 0
18046, 4162293, 0, 0
19051, 4064846, 0, 0
20041, 4458599, 0, 0
21034, 4353406, 0, 0
22034, 4624103, 0, 0
23036, 4432469, 0, 0
24007, 4163106, 0, 0
25047, 4402815, 0, 0
26025, 4653492, 0, 0
27023, 5141346, 0, 0
28018, 4668577, 0, 0
29000, 4460497, 0, 0
30025, 4378107, 0, 0
31008, 4291305, 0, 0
32007, 4732476, 0, 0
33053, 4792377, 0, 0
34017, 4064917, 0, 0
35046, 4265939, 0, 0
36032, 4500162, 0, 0
37017, 4209223, 0, 0
38047, 5782420, 0, 0
39024, 4520551, 0, 0
40045, 4099381, 0, 0
41001, 4151719, 0, 0
42018, 4934864, 0, 0
43057, 4634845, 0, 0
44023, 4685931, 0, 0
45044, 3940741, 0, 0
46001, 4034907, 0, 0
47049, 4420027, 0, 0
48007, 5038711, 0, 0
49009, 5325063, 0, 0
50055, 4644641, 0, 0
51003, 5476424, 0, 0
52043, 4330591, 0, 0
53009, 3959547, 0, 0
54024, 4390164, 0, 0
55016, 4742270, 0, 0
56061, 4460842, 0, 0
57049, 4334164, 0, 0
58026, 4762095, 0, 0
59051, 5751487, 0, 0
60038, 4128580, 0, 0
61058, 3626463, 0, 0
62009, 3993699, 0, 0
63043, 3636454, 0, 0
64040, 3733436, 0, 0
65021, 3841549, 0, 0
66046, 4324995, 0, 0
67013, 4410908, 0, 0
68046, 5702263, 0, 0
69026, 4259079, 0, 0
70044, 4053200, 0, 0
71029, 3969278, 0, 0
72050, 3998506, 0, 0
73053, 5601319, 0, 0
74033, 4313216, 0, 0
75030, 4838117, 0, 0
76051, 4952021, 0, 0
77031, 5412214, 0, 0
78057, 4116052, 0, 0
79018, 3887968, 0, 0
80053, 4088054, 0, 0
81024, 3837088, 0, 0
82008, 3914894, 0, 0
83030, 4189009, 0, 0
84012, 4322622, 0, 0
85052, 3697564, 0, 0
86021, 4155181, 0, 0
87009, 3642845, 0, 0
88015, 3971189, 0, 0
89031, 4656633, 0, 0
90033, 4036457, 0, 0
91003, 5214388, 0, 0
92038, 4901652, 0, 0
93018, 4149515, 0, 0
94037, 4260895, 0, 0
95010, 4521214, 0, 0
96021, 4089727, 0, 0
97001, 3523325, 0, 0
98047, 4388448, 0, 0
99012, 3936497, 0, 0
100027, 3648981, 0, 0
101044, 4558568, 0, 0
102041, 4931085, 0, 0
103009, 4064820, 0, 0
104047, 3911788, 0, 0
105023, 3769221, 0, 0
106048, 4030389, 0, 0
107025, 4174298, 0, 0
108000, 4145544, 0, 0
109023, 4207748, 0, 0
110037, 4272898, 0, 0
111018, 3772050, 0, 0
112019, 4204683, 0, 0
113036, 4477192, 0, 0
114005, 4887580, 0, 0
115021, 4163730, 0, 0
116048, 3535829, 0, 0
117026, 3774770, 0, 0
118050, 3790862, 0, 0
119018, 3791340, 0, 0
120003, 4316958, 0, 0
121034, 5001508, 0, 0
122006, 3653726, 0, 0
123010, 4519391, 0, 0
124029, 4506842, 0, 0
125041, 4700874, 0, 0
126045, 4098791, 0, 0
127043, 4278215, 0, 0
128009, 4311454, 0, 0
129037, 5215239, 0, 0
130045, 4110949, 0, 0
131045, 3932414, 0, 0
132007, 4008286, 0, 0
133008, 4385251, 0, 0
134049, 3957653, 0, 0
135004, 4971203, 0, 0
136013, 4147537, 0, 0
137003, 5291783, 0, 0
138019, 4555074, 0, 0
139020, 4806750, 0, 0
140006, 3791993, 0, 0
141049, 4007544, 0, 0
142035, 4671318, 0, 0
143011, 5417147, 0, 0
144021, 4368047, 0, 0
145010, 4188303, 0, 0
146033, 3965790, 0, 0
147000, 3911388, 0, 0
148040, 4480364, 0, 0
149005, 4101978, 0, 0
150004, 3929274, 0, 0
151014, 4878888, 0, 0
152043, 3982853, 0, 0
153013, 4040985, 0, 0
154005, 4384668, 0, 0
155046, 3798716, 0, 0
156056, 3941550, 0, 0
157023, 4045006, 0, 0
158020, 4256890, 0, 0
159040, 3906012, 0, 0
160033, 4430031, 0, 0
161024, 4831236, 0, 0
162053, 3892477, 0, 0
163002, 4055889, 0, 0
164025, 4207663, 0, 0
165042, 3953616, 0, 0
166012, 4040218, 0, 0
167054, 4130577, 0, 0
168047, 4574546, 0, 0
169030, 3974518, 0, 0
170027, 4316274, 0, 0
171024, 4836744, 0, 0
172044, 4448361, 0, 0
173024, 4433144, 0, 0
174046, 4152540, 0, 0
175037, 4213801, 0, 0
176045, 4196315, 0, 0
177002, 4288091, 0, 0
178025, 4075193, 0, 0
179045, 4506560, 0, 0
180015, 4330002, 0, 0
181023, 4197166, 0, 0
182055, 4371673, 0, 0
183011, 4283489, 0, 0
184030, 4387828, 0, 0
185051, 3807377, 0, 0
186034, 4095028, 0, 0
187004, 4364146, 0, 0
188042, 4233252, 0, 0
189033, 4905569, 0, 0
190006, 4281419, 0, 0
191005, 4215465, 0, 0
192007, 3721125, 0, 0
193033, 3547594, 0, 0
194032, 3641459, 0, 0
195028, 4485193, 0, 0
196026, 4639444, 0, 0
197013, 4420920, 0, 0
198052, 4011158, 0, 0
199013, 4210694, 0, 0
200013, 4897725, 0, 0
201000, 4634380, 0, 0
202040, 3906079, 0, 0
203008, 4543513, 0, 0
204028, 4353154, 0, 0
205006, 4963338, 0, 0
206036, 4201995, 0, 0
207051, 4260489, 0, 0
208050, 3824916, 0, 0
209041, 3868243, 0, 0
210015, 4405920, 0, 0
211044, 4305055, 0, 0
212027, 4287755, 0, 0
213039, 4418069, 0, 0
214031, 3917155, 0, 0
215052, 3711098, 0, 0
216019, 4077411, 0, 0
217008, 5041357, 0, 0
218040, 4563561, 0, 0
219010, 4407014, 0, 0
220036, 4598177, 0, 0
221015, 4530324, 0, 0
222027, 3919529, 0, 0
223040, 4459043, 0, 0
224056, 4455119, 0, 0
225010, 4237241, 0, 0
226054, 4344563, 0, 0
227050, 4082066, 0, 0
228015, 4303296, 0, 0
229038, 4279056, 0, 0
230042, 4798482, 0, 0
231052, 4138281, 0, 0
232047, 4340668, 0, 0
233003, 4303731, 0, 0
234022, 4353910, 0, 0
235018, 4948838, 0, 0
236007, 4101914, 0, 0
237028, 3865103, 0, 0
238032, 4557706, 0, 0
239043, 4615951, 0, 0
240030, 4178547, 0, 0
241033, 3898124, 0, 0
242023, 3913918, 0, 0
243030, 4006482, 0, 0
244041, 4175447, 0, 0
245032, 3943597, 0, 0
246054, 4502594, 0, 0
247046, 4444017, 0, 0
248032, 4647062, 0, 0
249064, 4525154, 0, 0
250039, 4550929, 0, 0
251052, 4115534, 0, 0
252031, 4233922, 0, 0
253054, 4191664, 0, 0
254007, 3998661, 0, 0
255050, 4851486, 0, 0
256008, 4557946, 0, 0
257043, 3977890, 0, 0
258023, 4204521, 0, 0
259036, 4269080, 0, 0
260051, 4572102, 0, 0
261049, 4226772, 0, 0
262022, 3810526, 0, 0
263026, 3998956, 0, 0
264000, 4088729, 0, 0
265028, 4060350, 0, 0
266008, 3913134, 0, 0
267044, 4263835, 0, 0
268000, 3927519, 0, 0
269017, 4684078, 0, 0
270048, 3979340, 0, 0
271046, 4206618, 0, 0
272012, 4449990, 0, 0
273059, 4217740, 0, 0
274043, 4149806, 0, 0
275013, 4159644, 0, 0
276003, 4138434, 0, 0
277022, 4261592, 0, 0
278025, 4209211, 0, 0
279004, 4616278, 0, 0
280009, 4365335, 0, 0
281008, 4211462, 0, 0
282014, 4186177, 0, 0
283061, 4801135, 0, 0
284000, 4225432, 0, 0
285023, 4274944, 0, 0
286049, 4036883, 0, 0
287046, 4449174, 0, 0
288007, 4138316, 0, 0
289050, 4199224, 0, 0
290002, 4192031, 0, 0
291007, 4405188, 0, 0
292005, 4451781, 0, 0
293035, 4723486, 0, 0
294051, 4010651, 0, 0
295050, 4498400, 0, 0
296035, 4224593, 0, 0
297031, 4628606, 0, 0
298041, 4919742, 0, 0
299012, 4146286, 0, 0
300045, 4715475, 0, 0
301026, 4281478, 0, 0
302023, 4255508, 0, 0
303011, 4659481, 0, 0
304028, 4514658, 0, 0
305049, 4146025, 0, 0
306017, 4136311, 0, 0
307011, 4319747, 0, 0
308018, 4189092, 0, 0
309005, 4631386, 0, 0
310023, 4203750, 0, 0
311000, 4052567, 0, 0
312027, 4121693, 0, 0
313055, 3788922, 0, 0
314028, 4461207, 0, 0
315041, 4130975, 0, 0
316053, 3920572, 0, 0
317014, 4617158, 0, 0
318026, 4285616, 0, 0
319050, 3890599, 0, 0
320037, 4042702, 0, 0
321052, 4277259, 0, 0
322043, 4112449, 0, 0
323024, 4171805, 0, 0
324009, 3967951, 0, 0
325056, 4526782, 0, 0
326012, 4212343, 0, 0
327024, 3980579, 0, 0
328045, 4000054, 0, 0
329018, 4320828, 0, 0
330040, 4311186, 0, 0
331017, 4117467, 0, 0
332004, 4544558, 0, 0
333015, 4140110, 0, 0
334031, 4266289, 0, 0
335054, 4023382, 0, 0
336046, 4427221, 0, 0
337034, 3813074, 0, 0
338050, 4809228, 0, 0
339054, 3843800, 0, 0
340023, 4302804, 0, 0
341014, 4364607, 0, 0
342030, 4453508, 0, 0
343019, 4636820, 0, 0
344018, 4399893, 0, 0
345029, 4071365, 0, 0
346007, 4233277, 0, 0
347051, 4440270, 0, 0
348008, 4778275, 0, 0
349029, 4641007, 0, 0
350014, 4754510, 0, 0
351051, 4776345, 0, 0
352026, 4289571, 0, 0
353015, 4208420, 0, 0
354045, 4165305, 0, 0
355012, 3929397, 0, 0
356021, 4167043, 0, 0
357014, 4066744, 0, 0
358033, 4351935, 0, 0
359036, 4337130, 0, 0
360048, 4176042, 0, 0
361047, 4894827, 0, 0
362051, 3828969, 0, 0
363012, 4615450, 0, 0
364002, 4120225, 0, 0
365051, 4113066, 0, 0
366049, 4449401, 0, 0
367000, 4399725, 0, 0
368007, 4039898, 0, 0
369032, 3852041, 0, 0
370010, 4226588, 0, 0
371012, 3960806, 0, 0
372021, 4268304, 0, 0
373001, 4185426, 0, 0
374037, 3952375, 0, 0
375002, 4943508, 0, 0
376048, 4320951, 0, 0
377015, 4060761, 0, 0
378054, 4697209, 0, 0
379036, 4459525, 0, 0
380038, 4373484, 0, 0
381016, 4442440, 0, 0
382037, 4356951, 0, 0
383006, 4231548, 0, 0
384061, 4054046, 0, 0
385013, 4462516, 0, 0
386043, 4417667, 0, 0
387002, 4186931, 0, 0
388046, 4205770, 0, 0
389056, 4444907, 0, 0
390008, 4877164, 0, 0
391036, 5012705, 0, 0
392029, 5543079, 0, 0
393017, 5341252, 0, 0
394030, 4196255, 0, 0
395014, 4351430, 0, 0
396066, 4890064, 0, 0
397006, 3999200, 0, 0
398026, 4246185, 0, 0
399005, 4548113, 0, 0
400054, 4540010, 0, 0
401038, 3914722, 0, 0
402051, 4309234, 0, 0
403037, 4244505, 0, 0
404022, 4135997, 0, 0
405022, 4079322, 0, 0
406012, 4245240, 0, 0
407050, 4757335, 0, 0
408036, 4398369, 0, 0
409056, 3719166, 0, 0
410037, 4224643, 0, 0
411032, 4420716, 0, 0
412017, 4493354, 0, 0
413027, 4485972, 0, 0
414047, 4060888, 0, 0
415022, 4709074, 0, 0
416058, 3981540, 0, 0
417006, 4150731, 0, 0
418030, 4092820, 0, 0
419017, 4423610, 0, 0
420049, 4405903, 0, 0
421012, 4029231, 0, 0
422032, 4409875, 0, 0
423017, 4224163, 0, 0
424052, 4596158, 0, 0
425042, 4498837, 0, 0
426049, 4261573, 0, 0
427013, 4283088, 0, 0
428031, 3839166, 0, 0
429029, 4086962, 0, 0
430033, 3687965, 0, 0
431024, 4648396, 0, 0
432027, 4302559, 0, 0
433053, 4379684, 0, 0
434000, 4188159, 0, 0
435017, 4214573, 0, 0
436002, 3846643, 0, 0
437050, 4474825, 0, 0
438057, 4552338, 0, 0
439046, 4822859, 0, 0
440046, 4287136, 0, 0
441018, 4063005, 0, 0
442045, 3919152, 0, 0
443040, 4211265, 0, 0
444051, 3916375, 0, 0
445022, 4215444, 0, 0
446037, 4282410, 0, 0
447011, 4001923, 0, 0
448022, 4159609, 0, 0
449024, 4677937, 0, 0
450004, 4971720, 0, 0
451012, 4284219, 0, 0
452000, 3642248, 0, 0
453030, 4053236, 0, 0
454042, 4212638, 0, 0
455048, 4431860, 0, 0
456036, 4386578, 0, 0
457018, 3716261, 0, 0
458041, 4024995, 0, 0
459001, 4190990, 0, 0
460033, 4461251, 0, 0
461054, 4289672, 0, 0
462055, 4047143, 0, 0
463012, 4600617, 0, 0
464041, 4286054, 0, 0
465039, 4296079, 0, 0
466046, 4209907, 0, 0
467044, 4432497, 0, 0
468026, 4176983, 0, 0
469055, 3938292, 0, 0
470039, 4392085, 0, 0
471036, 4200682, 0, 0
472054, 4137646, 0, 0
473004, 3812709, 0, 0
474006, 4051920, 0, 0
475029, 4313637, 0, 0
476050, 4062313, 0, 0
477022, 4225230, 0, 0
478027, 3983759, 0, 0
479012, 4514477, 0, 0
480037, 4131736, 0, 0
481017, 4312848, 0, 0
482037, 4194845, 0, 0
483038, 4363905, 0, 0
484029, 4179888, 0, 0
485061, 4502376, 0, 0
486046, 4665676, 0, 0
487039, 4201352, 0, 0
488016, 3951841, 0, 0
489004, 4488917, 0, 0
490041, 4063469, 0, 0
491034, 4570725, 0, 0
492002, 4032472, 0, 0
493001, 4266120, 0, 0
494010, 4130412, 0, 0
495040, 4454194, 0, 0
496002, 4255315, 0, 0
497030, 4776864, 0, 0
498022, 4273916, 0, 0
499025, 3766267, 0, 0
500003, 4303212, 0, 0
501002, 4141648, 0, 0
502061, 4134684, 0, 0
503005, 4863583, 0, 0
504014, 4519159, 0, 0
505048, 3915730, 0, 0
506047, 4056259, 0, 0
507000, 4346494, 0, 0
508050, 4149768, 0, 0
509023, 3855320, 0, 0
510028, 4695022, 0, 0
511005, 4084240, 0, 0
512049, 4190420, 0, 0
513036, 4180855, 0, 0
514000, 4416813, 0, 0
515012, 4643849, 0, 0
516002, 4338041, 0, 0
517048, 3959849, 0, 0
518049, 4310057, 0, 0
519049, 3983866, 0, 0
520014, 4381943, 0, 0
521056, 4081497, 0, 0
522040, 4370774, 0, 0
523025, 4755292, 0, 0
524029, 4646514, 0, 0
525075, 5124297, 0, 0
526025, 4315930, 0, 0
527045, 4359016, 0, 0
528003, 4122574, 0, 0
529009, 4411530, 0, 0
530043, 4183996, 0, 0
531000, 4084795, 0, 0
532056, 4632664, 0, 0
533033, 5163552, 0, 0
534056, 4108155, 0, 0
535001, 4450868, 0, 0
536027, 3677793, 0, 0
537039, 4434159, 0, 0
538050, 4245242, 0, 0
539018, 4167630, 0, 0
540038, 4393769, 0, 0
541053, 4246529, 0, 0
542017, 4866824, 0, 0
543012, 4058250, 0, 0
544038, 4288626, 0, 0
545040, 4430338, 0, 0
546048, 4165342, 0, 0
547031, 4366675, 0, 0
548007, 4183923, 0, 0
549021, 4465177, 0, 0
550038, 4323920, 0, 0
551006, 4720623, 0, 0
552048, 4798146, 0, 0
553002, 4457338, 0, 0
554002, 4399002, 0, 0
555019, 4238165, 0, 0
556028, 4438614, 0, 0
557035, 4041601, 0, 0
558049, 4257687, 0, 0
559055, 4353777, 0, 0
560012, 4289085, 0, 0
561034, 4308153, 0, 0
562017, 4255386, 0, 0
563009, 4501676, 0, 0
564044, 4222095, 0, 0
565031, 4161861, 0, 0
566025, 3735864, 0, 0
567052, 4420873, 0, 0
568035, 4161426, 0, 0
569016, 4121976, 0, 0
570026, 4167861, 0, 0
571010, 4273695, 0, 0
572052, 4269848, 0, 0
573023, 4409269, 0, 0
574047, 4448956, 0, 0
575042, 4437153, 0, 0
576000, 3892284, 0, 0
577042, 4449205, 0, 0
578004, 4314209, 0, 0
579002, 4429282, 0, 0
580026, 4357378, 0, 0
581003, 5082817, 0, 0
582040, 4353506, 0, 0
583005, 4268529, 0, 0
584029, 3995505, 0, 0
585034, 4033423, 0, 0
586049, 4333137, 0, 0
587052, 4176395, 0, 0
588038, 3992179, 0, 0
589025, 4266466, 0, 0
590050, 3634050, 0, 0
591012, 3876608, 0, 0
592054, 4067719, 0, 0
593019, 4156849, 0, 0
594024, 3923474, 0, 0
595051, 4240124, 0, 0
596028, 4153697, 0, 0
597010, 4462831, 0, 0
598030, 4320185, 0, 0
599059, 4263776, 0, 0
600039, 4431826, 0, 0
601041, 4278530, 0, 0
602020, 4348362, 0, 0
603036, 4097037, 0, 0
604009, 4209387, 0, 0
605016, 3796821, 0, 0
606015, 4711243, 0, 0
607018, 4338092, 0, 0
608004, 4172895, 0, 0
609033, 4064520, 0, 0
610029, 4406916, 0, 0
611025, 4587954, 0, 0
612013, 4365266, 0, 0
613043, 4418721, 0, 0
614013, 4195144, 0, 0
615051, 4199568, 0, 0
616045, 4008969, 0, 0
617056, 4551126, 0, 0
618019, 4373968, 0, 0
619018, 4248668, 0, 0
620003, 4535893, 0, 0
621021, 4237995, 0, 0
622044, 4207714, 0, 0
623047, 3869347, 0, 0
624018, 4220041, 0, 0
625033, 4171309, 0, 0
626007, 4040501, 0, 0
627036, 4435070, 0, 0
628049, 3891925, 0, 0
629052, 3993706, 0, 0
630009, 4086127, 0, 0
631040, 4404415, 0, 0
632053, 4518918, 0, 0
633038, 4033190, 0, 0
634010, 4355379, 0, 0
635035, 4436785, 0, 0
636050, 4171993, 0, 0
637005, 4823235, 0, 0
638017, 4473407, 0, 0
639042, 4031902, 0, 0
640020, 4503153, 0, 0
641014, 4072252, 0, 0
642035, 4234785, 0, 0
643030, 4342238, 0, 0
644001, 4198348, 0, 0
645022, 4147467, 0, 0
646016, 3778716, 0, 0
647004, 4330218, 0, 0
648059, 4902964, 0, 0
649018, 4891320, 0, 0
650025, 4073184, 0, 0
651019, 4157853, 0, 0
652036, 4180046, 0, 0
653050, 4368444, 0, 0
654035, 4373810, 0, 0
655030, 4360588, 0, 0
656029, 4231308, 0, 0
657045, 3965822, 0, 0
658044, 4516239, 0, 0
659034, 4379855, 0, 0
660014, 3882766, 0, 0
661025, 3886401, 0, 0
662049, 4045699, 0, 0
663013, 4152882, 0, 0
664037, 4124457, 0, 0
665016, 4573135, 0, 0
666019, 4772094, 0, 0
667046, 4482456, 0, 0
668003, 4554234, 0, 0
669052, 4109155, 0, 0
670047, 4196280, 0, 0
671025, 4284966, 0, 0
672047, 4007334, 0, 0
673052, 4327641, 0, 0
674050, 4170916, 0, 0
675043, 4488975, 0, 0
676007, 4263893, 0, 0
677049, 4005930, 0, 0
678019, 4384364, 0, 0
679014, 4305378, 0, 0
680032, 4036216, 0, 0
681011, 4486477, 0, 0
682011, 4382548, 0, 0
683045, 4215032, 0, 0
684007, 4493692, 0, 0
685052, 4424170, 0, 0
686017, 4212020, 0, 0
687033, 4746055, 0, 0
688015, 4324381, 0, 0
689020, 4289860, 0, 0
690000, 4431655, 0, 0
691013, 3971378, 0, 0
692050, 4231176, 0, 0
693015, 4723168, 0, 0
694040, 4200523, 0, 0
695052, 4437092, 0, 0
696010, 4177483, 0, 0
697011, 3818862, 0, 0
698007, 4030615, 0, 0
699032, 3924759, 0, 0
700040, 4323522, 0, 0
701041, 4692968, 0, 0
702013, 4438228, 0, 0
703041, 4126835, 0, 0
704012, 4332404, 0, 0
705011, 4577211, 0, 0
706007, 3715227, 0, 0
707058, 4182075, 0, 0
708004, 4320877, 0, 0
709026, 4344879, 0, 0
710022, 4442335, 0, 0
711051, 4654228, 0, 0
712044, 4313585, 0, 0
713006, 4331748, 0, 0
714048, 4133236, 0, 0
715032, 4165251, 0, 0
716005, 3967879, 0, 0
717019, 3631222, 0, 0
718008, 3987397, 0, 0
719001, 4771606, 0, 0
720006, 4481382, 0, 0
721011, 4066153, 0, 0
722017, 4157345, 0, 0
723010, 4570271, 0, 0
724038, 4299860, 0, 0
725053, 4590943, 0, 0
726019, 4250573, 0, 0
727043, 4430881, 0, 0
728013, 4365535, 0, 0
729036, 4916642, 0, 0
730007, 4623165, 0, 0
731032, 4550337, 0, 0
732014, 4381914, 0, 0
733048, 4234841, 0, 0
734035, 4381677, 0, 0
735048, 4165953, 0, 0
736017, 4157358, 0, 0
737043, 4185065, 0, 0
738017, 4817463, 0, 0
739013, 4677592, 0, 0
740035, 4478934, 0, 0
741046, 4740301, 0, 0
742011, 4289503, 0, 0
743084, 4560815, 0, 0
744002, 4412312, 0, 0
745026, 4780739, 0, 0
746010, 3996480, 0, 0
747034, 4177320, 0, 0
748052, 4313974, 0, 0
749024, 3869341, 0, 0
750020, 3871701, 0, 0
751006, 4902472, 0, 0
752005, 4058091, 0, 0
753044, 4592511, 0, 0
754047, 4320313, 0, 0
755019, 3720699, 0, 0
756052, 4111326, 0, 0
757018, 4308497, 0, 0
758017, 3979875, 0, 0
759038, 4510448, 0, 0
760031, 3984624, 0, 0
761020, 4087732, 0, 0
762028, 4303212, 0, 0
763028, 4181260, 0, 0
764002, 4021666, 0, 0
765018, 4145011, 0, 0
766037, 3854263, 0, 0
767008, 4220938, 0, 0
768061, 4311016, 0, 0
769002, 4086192, 0, 0
770002, 4292059, 0, 0
771019, 4554819, 0, 0
772050, 4539055, 0, 0
773039, 4515680, 0, 0
774034, 4301805, 0, 0
775064, 4595988, 0, 0
776046, 4420950, 0, 0
777049, 4492701, 0, 0
778049, 4030357, 0, 0
779032, 3916296, 0, 0
780049, 4659833, 0, 0
781014, 4777271, 0, 0
782040, 4068806, 0, 0
783055, 4485516, 0, 0
784012, 4232097, 0, 0
785014, 4334987, 0, 0
786033, 4207190, 0, 0
787049, 4320197, 0, 0
788006, 4159827, 0, 0
789041, 4499497, 0, 0
790018, 4476459, 0, 0
791036, 4255988, 0, 0
792004, 4134329, 0, 0
793000, 4446375, 0, 0
794041, 4144258, 0, 0
795096, 4545083, 0, 0
796003, 4843978, 0, 0
797030, 4140597, 0, 0
798050, 3947881, 0, 0
799040, 4140411, 0, 0
800058, 4541460, 0, 0
801002, 4448541, 0, 0
802017, 4677386, 0, 0
803032, 4293462, 0, 0
804008, 4337132, 0, 0
805030, 4274184, 0, 0
806030, 3726919, 0, 0
807006, 4473119, 0, 0
808050, 4045723, 0, 0
809009, 4131254, 0, 0
810042, 5188181, 0, 0
811005, 4027891, 0, 0
812046, 4443468, 0, 0
813012, 4388404, 0, 0
814005, 4152854, 0, 0
815044, 5066633, 0, 0
816009, 4068787, 0, 0
817031, 4308496, 0, 0
818049, 4035368, 0, 0
819044, 4267169, 0, 0
820036, 4273684, 0, 0
821028, 4678764, 0, 0
822026, 4036838, 0, 0
823009, 4198909, 0, 0
824049, 5170783, 0, 0
825004, 4397596, 0, 0
826045, 4111750, 0, 0
827028, 4591530, 0, 0
828046, 4732528, 0, 0
829003, 3793663, 0, 0
830011, 4145506, 0, 0
831040, 4251985, 0, 0
832019, 3803020, 0, 0
833004, 4435709, 0, 0
834000, 4252889, 0, 0
835043, 4291620, 0, 0
836024, 4516319, 0, 0
837053, 4719629, 0, 0
838030, 4479147, 0, 0
839047, 4906552, 0, 0
840016, 4266882, 0, 0
841005, 4187819, 0, 0
842016, 3716604, 0, 0
843045, 3906896, 0, 0
844029, 4777632, 0, 0
845049, 4675698, 0, 0
846002, 4252183, 0, 0
847037, 4635023, 0, 0
848017, 4559434, 0, 0
849043, 4457588, 0, 0
850041, 4531913, 0, 0
851055, 4347830, 0, 0
852010, 4226538, 0, 0
853025, 4277930, 0, 0
854033, 3802173, 0, 0
855036, 4107500, 0, 0
856014, 4139653, 0, 0
857019, 3892408, 0, 0
858041, 4423482, 0, 0
859037, 4254042, 0, 0
860044, 4138260, 0, 0
861002, 4859864, 0, 0
862023, 4081972, 0, 0
863039, 3965689, 0, 0
864033, 4319049, 0, 0
865041, 4112891, 0, 0
866008, 4475717, 0, 0
867023, 4314623, 0, 0
868048, 3984489, 0, 0
869023, 4253889, 0, 0
870018, 4252660, 0, 0
871027, 3907076, 0, 0
872020, 4257674, 0, 0
873007, 4009365, 0, 0
874054, 3994834, 0, 0
875002, 4404128, 0, 0
876036, 4361474, 0, 0
877002, 4310056, 0, 0
878025, 4503405, 0, 0
879016, 4248473, 0, 0
880043, 4278019, 0, 0
881046, 4208435, 0, 0
882050, 4217243, 0, 0
883019, 4031867, 0, 0
884052, 4612348, 0, 0
885052, 3965246, 0, 0
886023, 3912322, 0, 0
887031, 4125008, 0, 0
888013, 4464741, 0, 0
889042, 4046112, 0, 0
890036, 4731987, 0, 0
891055, 4153319, 0, 0
892038, 4062360, 0, 0
893006, 4646785, 0, 0
894052, 4605483, 0, 0
895028, 4260478, 0, 0
896024, 3950274, 0, 0
897052, 4334785, 0, 0
898021, 4102413, 0, 0
899003, 4177166, 0, 0
900015, 4284044, 0, 0
901043, 4370287, 0, 0
902043, 4145536, 0, 0
903037, 4396190, 0, 0
904038, 4368173, 0, 0
905050, 4143015, 0, 0
906026, 4515518, 0, 0
907051, 3779813, 0, 0
908055, 4538253, 0, 0
909035, 3870637, 0, 0
910059, 4046593, 0, 0
911005, 4181839, 0, 0
912026, 3982643, 0, 0
913027, 4699907, 0, 0
914005, 4586217, 0, 0
915030, 4248279, 0, 0
916048, 4424462, 0, 0
917005, 4123842, 0, 0
918056, 4646797, 0, 0
919017, 4528154, 0, 0
920051, 4268323, 0, 0
921026, 3884023, 0, 0
922003, 4317669, 0, 0
923000, 4369283, 0, 0
924015, 4951731, 0, 0
925030, 4007772, 0, 0
926017, 4094805, 0, 0
927032, 4171702, 0, 0
928021, 4434142, 0, 0
929026, 4186573, 0, 0
930035, 4482062, 0, 0
931012, 4226288, 0, 0
932000, 4216565, 0, 0
933049, 4481526, 0, 0
934007, 3974185, 0, 0
935022, 4783990, 0, 0
936014, 4907695, 0, 0
937052, 4049163, 0, 0
938029, 4418285, 0, 0
939028, 4323796, 0, 0
940007, 4637167, 0, 0
941038, 4383940, 0, 0
942052, 4384961, 0, 0
943020, 4436580, 0, 0
944048, 4546904, 0, 0
945030, 4244265, 0, 0
946041, 3886652, 0, 0
947003, 4408546, 0, 0
948024, 4162827, 0, 0
949022, 4122168, 0, 0
950047, 4455547, 0, 0
951042, 4455517, 0, 0
952048, 4447593, 0, 0
953005, 4269523, 0, 0
954045, 4110404, 0, 0
955017, 4352973, 0, 0
956025, 4250139, 0, 0
957031, 4351607, 0, 0
958045, 4312195, 0, 0
959025, 4147275, 0, 0
960021, 3949683, 0, 0
961014, 4452282, 0, 0
962039, 4511913, 0, 0
963030, 4091898, 0, 0
964033, 3630182, 0, 0
965052, 4153748, 0, 0
966023, 4642808, 0, 0
967044, 4558423, 0, 0
968045, 4273522, 0, 0
969002, 4325454, 0, 0
970007, 4291256, 0, 0
971008, 4719582, 0, 0
972051, 4217732, 0, 0
973032, 4050404, 0, 0
974034, 3866849, 0, 0
975029, 4073826, 0, 0
976042, 4325384, 0, 0
977005, 3702517, 0, 0
978001, 4253541, 0, 0
979032, 4456435, 0, 0
980025, 3922501, 0, 0
981015, 4303817, 0, 0
982010, 4229165, 0, 0
983050, 4141305, 0, 0
984029, 4345113, 0, 0
985040, 4283440, 0, 0
986049, 4236146, 0, 0
987019, 3970127, 0, 0
988000, 4049917, 0, 0
989010, 4387623, 0, 0
990018, 4306265, 0, 0
991026, 4196097, 0, 0
992025, 4599185, 0, 0
993011, 4857616, 0, 0
994025, 3892878, 0, 0
995007, 4323199, 0, 0
996024, 3987835, 0, 0
997043, 4522825, 0, 0
998035, 4309331, 0, 0
999056, 3895305, 0, 0
1000028, 4061234, 0, 0
1001028, 4785446, 0, 0
1002021, 4099543, 0, 0
1003005, 4080454, 0, 0
1004002, 4254726, 0, 0
1005020, 4441839, 0, 0
1006038, 4136372, 0, 0
1007032, 3909755, 0, 0
1008030, 4658349, 0, 0
1009041, 3977924, 0, 0
1010010, 4444880, 0, 0
1011007, 4183474, 0, 0
1012007, 4131254, 0, 0
1013012, 4462342, 0, 0
1014016, 3812025, 0, 0
1015029, 4365226, 0, 0
1016047, 3988022, 0, 0
1017020, 4338705, 0, 0
1018003, 4164750, 0, 0
1019011, 4088164, 0, 0
1020032, 3938180, 0, 0
1021033, 4311354, 0, 0
1022057, 4354146, 0, 0
1023010, 4601274, 0, 0
1024043, 4488875, 0, 0
1025006, 4043579, 0, 0
1026012, 3910488, 0, 0
1027025, 4033480, 0, 0
1028054, 4180963, 0, 0
1029043, 4472026, 0, 0
1030016, 4069771, 0, 0
1031015, 4514948, 0, 0
1032040, 3894620, 0, 0
1033016, 4433123, 0, 0
1034034, 4021475, 0, 0
1035023, 4355653, 0, 0
1036047, 4547124, 0, 0
1037024, 4813440, 0, 0
1038020, 4363443, 0, 0
1039026, 4591051, 0, 0
1040027, 3954147, 0, 0
1041001, 4122494, 0, 0
1042007, 3837896, 0, 0
1043024, 4115549, 0, 0
1044047, 4480843, 0, 0
1045011, 4191997, 0, 0
1046039, 4333644, 0, 0
1047053, 4001553, 0, 0
1048010, 4232545, 0, 0
1049019, 4562532, 0, 0
1050002, 4092323, 0, 0
1051040, 4306416, 0, 0
1052016, 3932861, 0, 0
1053030, 4151471, 0, 0
1054034, 3948129, 0, 0
1055013, 4406227, 0, 0
1056036, 4311570, 0, 0
1057031, 4694159, 0, 0
1058054, 4238704, 0, 0
1059046, 3856228, 0, 0
1060004, 4517102, 0, 0
1061011, 4434619, 0, 0
1062053, 4372050, 0, 0
1063035, 4441582, 0, 0
1064039, 3828985, 0, 0
1065012, 4766192, 0, 0
1066026, 4203589, 0, 0
1067031, 4310773, 0, 0
1068021, 5022609, 0, 0
1069025, 4539899, 0, 0
1070013, 4234341, 0, 0
1071045, 4408788, 0, 0
1072005, 4152464, 0, 0
1073048, 4454143, 0, 0
1074019, 4552459, 0, 0
1075055, 4144554, 0, 0
1076031, 4277202, 0, 0
1077000, 4418647, 0, 0
1078037, 4230135, 0, 0
1079032, 4689979, 0, 0
1080009, 4000822, 0, 0
1081036, 4258613, 0, 0
1082045, 4184736, 0, 0
1083002, 4466192, 0, 0
1084031, 4511573, 0, 0
1085046, 3796511, 0, 0
1086053, 4073857, 0, 0
1087036, 4307841, 0, 0
1088008, 4396213, 0, 0
1089018, 4278561, 0, 0
1090011, 4748883, 0, 0
1091041, 4853262, 0, 0
1092051, 4138167, 0, 0
1093001, 4162822, 0, 0
1094033, 4141037, 0, 0
1095052, 4333176, 0, 0
1096007, 3995507, 0, 0
1097008, 4588701, 0, 0
1098015, 3740186, 0, 0
1099045, 4133773, 0, 0
1100040, 4107217, 0, 0
1101028, 4274949, 0, 0
1102025, 3894714, 0, 0
1103023, 4137223, 0, 0
1104018, 4123763, 0, 0
1105020, 3867414, 0, 0
1106028, 3846534, 0, 0
1107042, 4052566, 0, 0
1108007, 4659243, 0, 0
1109038, 4326593, 0, 0
1110006, 4245489, 0, 0
1111006, 3886979, 0, 0
1112003, 3877322, 0, 0
1113000, 4098016, 0, 0
1114008, 4306788, 0, 0
1115008, 3700224, 0, 0
1116051, 4310333, 0, 0
1117046, 3612058, 0, 0
1118023, 4051677, 0, 0
1119050, 4226573, 0, 0
1120056, 4242696, 0, 0
1121052, 3781083, 0, 0
1122030, 4746483, 0, 0
1123005, 4237159, 0, 0
1124013, 4288048, 0, 0
1125050, 3849239, 0, 0
1126021, 5217762, 0, 0
1127042, 4000879, 0, 0
1128015, 3874960, 0, 0
1129044, 3936411, 0, 0
1130029, 4153740, 0, 0
1131005, 4903721, 0, 0
1132018, 4235750, 0, 0
1133035, 4095374, 0, 0
1134021, 4626079, 0, 0
1135007, 3942640, 0, 0
1136050, 4692647, 0, 0
1137012, 4537291, 0, 0
1138051, 4023855, 0, 0
1139011, 4504501, 0, 0
1140007, 4324317, 0, 0
1141042, 4290460, 0, 0
1142051, 4004104, 0, 0
1143039, 4046127, 0, 0
1144003, 3852568, 0, 0
1145036, 4779720, 0, 0
1146023, 4233906, 0, 0
1147051, 4226233, 0, 0
1148006, 3893883, 0, 0
1149041, 4291136, 0, 0
1150034, 4085109, 0, 0
1151010, 4047104, 0, 0
1152031, 4080223, 0, 0
1153038, 4724270, 0, 0
1154008, 4346821, 0, 0
1155024, 4265244, 0, 0
1156023, 4162457, 0, 0
1157046, 4054606, 0, 0
1158014, 4278979, 0, 0
1159017, 4162758, 0, 0
1160007, 4642789, 0, 0
1161018, 4394133, 0, 0
1162038, 4410722, 0, 0
1163037, 4178231, 0, 0
1164004, 3945523, 0, 0
1165030, 4118779, 0, 0
1166030, 4399497, 0, 0
1167050, 3877797, 0, 0
1168046, 3799142, 0, 0
1169000, 4253018, 0, 0
1170047, 4287897, 0, 0
1171030, 4385874, 0, 0
1172003, 4719248, 0, 0
1173009, 4071455, 0, 0
1174024, 4373415, 0, 0
1175055, 3872722, 0, 0
1176044, 4219071, 0, 0
1177033, 4300116, 0, 0
1178034, 4349478, 0, 0
1179043, 4199790, 0, 0
1180004, 4466020, 0, 0
1181029, 3867197, 0, 0
1182039, 3710830, 0, 0
1183012, 4301941, 0, 0
1184006, 3876352, 0, 0
1185017, 4057161, 0, 0
1186025, 4095892, 0, 0
1187034, 4545039, 0, 0
1188022, 4404798, 0, 0
1189039, 3987274, 0, 0
1190039, 4215175, 0, 0
1191008, 4402204, 0, 0
1192037, 4162451, 0, 0
1193053, 4181597, 0, 0
1194051, 4207155, 0, 0
1195003, 3772906, 0, 0
1196011, 3758914, 0, 0
1197026, 4123328, 0, 0
1198004, 4271421, 0, 0
1199005, 4465114, 0, 0
1200008, 4073350, 0, 0
