1044, 287864700, 0, 0
2016, 194027449, 0, 0
3003, 328588186, 0, 0
4004, 318744185, 0, 0
5019, 318257266, 0, 0
6023, 297279392, 0, 0
7008, 346170726, 0, 0
8017, 284762033, 0, 0
9009, 314209489, 0, 0
10029, 293624931, 0, 0
11001, 263015238, 0, 0
12001, 290829719, 0, 0
13028, 294480175, 0, 0
14052, 277716128, 0, 0
15031, 302511558, 0, 0
16051, 167710846, 0, 0
17034, 257211842, 0, 0
18046, 272550355, 0, 0
19051, 267666883, 0, 0
20041, 279067410, 0, 0
21034, 280899136, 0, 0
22034, 282643940, 0, 0
23036, 291486466, 0, 0
24007, 280175781, 0, 0
25047, 269756614, 0, 0
26025, 294402980, 0, 0
27023, 331061380, 0, 0
28018, 305954290, 0, 0
29000, 285307021, 0, 0
30025, 277204852, 0, 0
31008, 278246600, 0, 0
32007, 293874578, 0, 0
33053, 315979376, 0, 0
34017, 260454724, 0, 0
35046, 265757136, 0, 0
36032, 297052033, 0, 0
37017, 271705581, 0, 0
38047, 361459751, 0, 0
39024, 288215499, 0, 0
40045, 267631794, 0, 0
41001, 265663624, 0, 0
42018, 300056700, 0, 0
43057, 311823315, 0, 0
44023, 296244160, 0, 0
45044, 261179226, 0, 0
46001, 239605426, 0, 0
47049, 288409623, 0, 0
48007, 330111972, 0, 0
49009, 329679426, 0, 0
50055, 303583780, 0, 0
51003, 336817970, 0, 0
52043, 289762258, 0, 0
53009, 252228882, 0, 0
54024, 277738460, 0, 0
55016, 299889733, 0, 0
56061, 286876762, 0, 0
57049, 277066318, 0, 0
58026, 296935651, 0, 0
59051, 386291326, 0, 0
60038, 267185489, 0, 0
61058, 231470256, 0, 0
62009, 263922728, 0, 0
63043, 227961698, 0, 0
64040, 240008548, 0, 0
65021, 245611465, 0, 0
66046, 272429224, 0, 0
67013, 278076620, 0, 0
68046, 371522812, 0, 0
69026, 274704981, 0, 0
70044, 256317324, 0, 0
71029, 246043006, 0, 0
72050, 268758129, 0, 0
73053, 352817059, 0, 0
74033, 279748484, 0, 0
75030, 295934528, 0, 0
76051, 337881376, 0, 0
77031, 313951329, 0, 0
78057, 276112297, 0, 0
79018, 253255670, 0, 0
80053, 254068241, 0, 0
81024, 254231851, 0, 0
82008, 247911376, 0, 0
83030, 268067969, 0, 0
84012, 278083285, 0, 0
85052, 234383129, 0, 0
86021, 272309425, 0, 0
87009, 231289095, 0, 0
88015, 254862396, 0, 0
89031, 292587550, 0, 0
90033, 269017860, 0, 0
91003, 313826245, 0, 0
92038, 316897021, 0, 0
93018, 276919673, 0, 0
94037, 269086202, 0, 0
95010, 286712286, 0, 0
96021, 265040685, 0, 0
97001, 227834575, 0, 0
98047, 279929982, 0, 0
99012, 250043514, 0, 0
100027, 239112961, 0, 0
101044, 281098999, 0, 0
102041, 309227651, 0, 0
103009, 269983158, 0, 0
104047, 245058643, 0, 0
105023, 254366570, 0, 0
106048, 252306703, 0, 0
107025, 263889214, 0, 0
108000, 270572005, 0, 0
109023, 268693793, 0, 0
110037, 271114631, 0, 0
111018, 244796343, 0, 0
112020, 269528377, 0, 0
113036, 275632291, 0, 0
114005, 315843715, 0, 0
115021, 271963183, 0, 0
116048, 230901552, 0, 0
117026, 239980045, 0, 0
118050, 231643052, 0, 0
119018, 250760006, 0, 0
120003, 263643931, 0, 0
121034, 332514371, 0, 0
122006, 241160125, 0, 0
123010, 275557130, 0, 0
124029, 291018329, 0, 0
125041, 305695234, 0, 0
126045, 260667119, 0, 0
127043, 274310278, 0, 0
128009, 268760521, 0, 0
129037, 336409756, 0, 0
130045, 267060423, 0, 0
131045, 253959938, 0, 0
132007, 254691543, 0, 0
133008, 280387399, 0, 0
134049, 251322246, 0, 0
135004, 316153821, 0, 0
136013, 272831893, 0, 0
137003, 315405746, 0, 0
138019, 313877899, 0, 0
139020, 312569052, 0, 0
140006, 238862543, 0, 0
141049, 249371651, 0, 0
142035, 287069379, 0, 0
143011, 358814140, 0, 0
144021, 288948546, 0, 0
145010, 268897496, 0, 0
146033, 250623680, 0, 0
147000, 248285113, 0, 0
148040, 289991451, 0, 0
149005, 265580397, 0, 0
150004, 247120266, 0, 0
151014, 311159532, 0, 0
152043, 258003392, 0, 0
153013, 255242095, 0, 0
154005, 285216993, 0, 0
155046, 240081656, 0, 0
156056, 258538802, 0, 0
157023, 261892237, 0, 0
158020, 258699899, 0, 0
159040, 258174465, 0, 0
160033, 271411049, 0, 0
161024, 316722509, 0, 0
162053, 260477169, 0, 0
163002, 252997547, 0, 0
164025, 260805203, 0, 0
165042, 267807700, 0, 0
166012, 249391329, 0, 0
167054, 263247045, 0, 0
168047, 298864263, 0, 0
169030, 256135690, 0, 0
170027, 268843776, 0, 0
171024, 296949732, 0, 0
172044, 302887614, 0, 0
173024, 271311465, 0, 0
174046, 270893146, 0, 0
175037, 270375912, 0, 0
176045, 270747013, 0, 0
177002, 266580864, 0, 0
178025, 267838853, 0, 0
179045, 288874646, 0, 0
180015, 271024374, 0, 0
181023, 276085083, 0, 0
182055, 274870985, 0, 0
183011, 284257374, 0, 0
184030, 277650170, 0, 0
185051, 246994949, 0, 0
186034, 255962978, 0, 0
187004, 278892732, 0, 0
188042, 264706019, 0, 0
189033, 305738869, 0, 0
190006, 294503338, 0, 0
191005, 266469470, 0, 0
192007, 230713982, 0, 0
193033, 234326845, 0, 0
194032, 234327443, 0, 0
195028, 286031464, 0, 0
196026, 287753737, 0, 0
197013, 288907323, 0, 0
198052, 254673418, 0, 0
199013, 280528985, 0, 0
200013, 296008858, 0, 0
201000, 316592307, 0, 0
202040, 241415615, 0, 0
203008, 284233157, 0, 0
204028, 278340630, 0, 0
205006, 324864690, 0, 0
206036, 270230187, 0, 0
207051, 282020934, 0, 0
208050, 237145129, 0, 0
209041, 244099810, 0, 0
210015, 278235936, 0, 0
211044, 283659319, 0, 0
212027, 263869429, 0, 0
213039, 292201321, 0, 0
214031, 249048844, 0, 0
215052, 243457487, 0, 0
216019, 258263233, 0, 0
217008, 300498923, 0, 0
218040, 306350671, 0, 0
219010, 289600732, 0, 0
220036, 274791389, 0, 0
221015, 304503450, 0, 0
222027, 258708943, 0, 0
223040, 273218069, 0, 0
224056, 290002152, 0, 0
225010, 275781264, 0, 0
226054, 268239054, 0, 0
227050, 267518570, 0, 0
228015, 277484408, 0, 0
229038, 281951662, 0, 0
230042, 289487549, 0, 0
231052, 276583095, 0, 0
232047, 271590685, 0, 0
233003, 266452036, 0, 0
234022, 276209522, 0, 0
235018, 322285520, 0, 0
236007, 270281493, 0, 0
237028, 250156788, 0, 0
238032, 290627007, 0, 0
239043, 294657161, 0, 0
240030, 275991296, 0, 0
241033, 237319900, 0, 0
242023, 260093736, 0, 0
243030, 253418928, 0, 0
244041, 270034221, 0, 0
245032, 248794565, 0, 0
246054, 274175005, 0, 0
247046, 287985043, 0, 0
248032, 305224448, 0, 0
249064, 287847913, 0, 0
250039, 291600821, 0, 0
251052, 264572293, 0, 0
252031, 273255249, 0, 0
253054, 268641810, 0, 0
254007, 259563293, 0, 0
255050, 307863305, 0, 0
256008, 284902198, 0, 0
257043, 265006873, 0, 0
258023, 263900861, 0, 0
259036, 274839170, 0, 0
260051, 290468607, 0, 0
261049, 265446461, 0, 0
262022, 252599060, 0, 0
263026, 254616207, 0, 0
264000, 263159210, 0, 0
265028, 258283098, 0, 0
266008, 250278180, 0, 0
267044, 271237683, 0, 0
268000, 266957253, 0, 0
269017, 282839528, 0, 0
270048, 244064798, 0, 0
271046, 277487849, 0, 0
272012, 288996668, 0, 0
273059, 264770027, 0, 0
274043, 275270700, 0, 0
275013, 267862952, 0, 0
276003, 262362580, 0, 0
277022, 271952870, 0, 0
278025, 262720112, 0, 0
279004, 296098326, 0, 0
280009, 281912231, 0, 0
281008, 279088206, 0, 0
282014, 267102148, 0, 0
283061, 292582041, 0, 0
284000, 284820895, 0, 0
285023, 272714367, 0, 0
286049, 259763958, 0, 0
287046, 276616032, 0, 0
288007, 260288409, 0, 0
289050, 276486029, 0, 0
290002, 269616195, 0, 0
291007, 271752801, 0, 0
292005, 291758072, 0, 0
293035, 304671236, 0, 0
294051, 256316767, 0, 0
295050, 283482813, 0, 0
296035, 275047634, 0, 0
297031, 290202239, 0, 0
298041, 311315411, 0, 0
299012, 273640413, 0, 0
300045, 296741096, 0, 0
301026, 277226401, 0, 0
302023, 276986421, 0, 0
303011, 296389684, 0, 0
304028, 288848600, 0, 0
305049, 277237203, 0, 0
306017, 252973805, 0, 0
307011, 281121687, 0, 0
308018, 263059480, 0, 0
309005, 292225546, 0, 0
310023, 270405246, 0, 0
311000, 267325336, 0, 0
312027, 257879865, 0, 0
313055, 251131031, 0, 0
314028, 272014408, 0, 0
315041, 271601396, 0, 0
316053, 250461048, 0, 0
317014, 297871374, 0, 0
318026, 273393014, 0, 0
319050, 255321813, 0, 0
320037, 252286141, 0, 0
321052, 279031117, 0, 0
322043, 256010611, 0, 0
323024, 274005009, 0, 0
324009, 248499215, 0, 0
325056, 282157891, 0, 0
326012, 278336265, 0, 0
327024, 253167439, 0, 0
328045, 254821965, 0, 0
329018, 277675369, 0, 0
330040, 278436440, 0, 0
331017, 262896166, 0, 0
332004, 284220841, 0, 0
333015, 273226239, 0, 0
334031, 270215149, 0, 0
335054, 266864051, 0, 0
336046, 274857413, 0, 0
337034, 244322918, 0, 0
338050, 307067877, 0, 0
339054, 249300584, 0, 0
340023, 258400117, 0, 0
341014, 296981687, 0, 0
342030, 282228163, 0, 0
343019, 292543176, 0, 0
344018, 286590242, 0, 0
345029, 261047919, 0, 0
346007, 271966365, 0, 0
347051, 278234533, 0, 0
348008, 313987008, 0, 0
349029, 282853199, 0, 0
350014, 301999142, 0, 0
351051, 312135434, 0, 0
352026, 276405258, 0, 0
353015, 264122714, 0, 0
354045, 279897877, 0, 0
355012, 252918525, 0, 0
356021, 274038532, 0, 0
357014, 255609178, 0, 0
358033, 274660926, 0, 0
359036, 275391127, 0, 0
360048, 265318992, 0, 0
361047, 313865726, 0, 0
362051, 254195734, 0, 0
363012, 287247957, 0, 0
364002, 261105761, 0, 0
365051, 270979536, 0, 0
366049, 276400222, 0, 0
367000, 287185362, 0, 0
368007, 257587556, 0, 0
369032, 241650940, 0, 0
370010, 277323118, 0, 0
371013, 253856873, 0, 0
372021, 281560629, 0, 0
373001, 255791102, 0, 0
374037, 256745295, 0, 0
375002, 311748460, 0, 0
376048, 267628789, 0, 0
377015, 276947962, 0, 0
378054, 293988301, 0, 0
379036, 287220378, 0, 0
380038, 279777410, 0, 0
381016, 289620499, 0, 0
382037, 274014016, 0, 0
383006, 277778010, 0, 0
384061, 253863517, 0, 0
385013, 282238707, 0, 0
386043, 284208043, 0, 0
387002, 263657669, 0, 0
388046, 279739866, 0, 0
389056, 278451428, 0, 0
390008, 307818740, 0, 0
391036, 310843098, 0, 0
392029, 374071427, 0, 0
393017, 336446020, 0, 0
394030, 273843141, 0, 0
395014, 272769251, 0, 0
396066, 304284984, 0, 0
397006, 277681792, 0, 0
398026, 252078856, 0, 0
399005, 301834469, 0, 0
400054, 297754616, 0, 0
401038, 246545066, 0, 0
402051, 274443961, 0, 0
403037, 266957024, 0, 0
404022, 275988071, 0, 0
405022, 258499252, 0, 0
406012, 267182604, 0, 0
407050, 299237554, 0, 0
408036, 279964637, 0, 0
409056, 243556114, 0, 0
410037, 271238956, 0, 0
411032, 277341000, 0, 0
412017, 292222716, 0, 0
413027, 290188829, 0, 0
414047, 261710878, 0, 0
415022, 295226359, 0, 0
416058, 258638355, 0, 0
417006, 267936034, 0, 0
418030, 259122766, 0, 0
419017, 290073246, 0, 0
420049, 273825831, 0, 0
421012, 262722143, 0, 0
422032, 279068265, 0, 0
423017, 274191111, 0, 0
424052, 288346686, 0, 0
425042, 295251130, 0, 0
426049, 270691249, 0, 0
427013, 276211152, 0, 0
428031, 245598220, 0, 0
429029, 258034965, 0, 0
430033, 243201693, 0, 0
431024, 285589203, 0, 0
432027, 271887826, 0, 0
433053, 286899854, 0, 0
434000, 271314228, 0, 0
435017, 263201193, 0, 0
436002, 258758702, 0, 0
437050, 268695455, 0, 0
438057, 301163209, 0, 0
439046, 306639109, 0, 0
440046, 277172869, 0, 0
441018, 257982493, 0, 0
442045, 264494471, 0, 0
443040, 248131637, 0, 0
444051, 256426673, 0, 0
445022, 279079128, 0, 0
446037, 267324666, 0, 0
447011, 256390699, 0, 0
448022, 271260956, 0, 0
449024, 289342361, 0, 0
450004, 314132322, 0, 0
451012, 281119406, 0, 0
452000, 245663230, 0, 0
453030, 252163623, 0, 0
454042, 262856652, 0, 0
455048, 286805485, 0, 0
456036, 276805407, 0, 0
457018, 244764644, 0, 0
458041, 260162872, 0, 0
459001, 269256411, 0, 0
460033, 269647600, 0, 0
461054, 284213738, 0, 0
462055, 263524570, 0, 0
463012, 284578309, 0, 0
464041, 279290763, 0, 0
465039, 275244084, 0, 0
466046, 272090637, 0, 0
467044, 283853363, 0, 0
468026, 261543446, 0, 0
469055, 261528150, 0, 0
470039, 277025085, 0, 0
471036, 272341798, 0, 0
472054, 258405914, 0, 0
473004, 251859419, 0, 0
474006, 254324737, 0, 0
475029, 272030887, 0, 0
476050, 266378827, 0, 0
477022, 268115200, 0, 0
478027, 256584876, 0, 0
479012, 284309294, 0, 0
480037, 265532374, 0, 0
481017, 266103998, 0, 0
482037, 282963636, 0, 0
483038, 277306679, 0, 0
484029, 258016209, 0, 0
485061, 292722879, 0, 0
486046, 296187233, 0, 0
487039, 261584843, 0, 0
488016, 267683200, 0, 0
489004, 283757576, 0, 0
490041, 260464921, 0, 0
491034, 292336369, 0, 0
492002, 256883368, 0, 0
493001, 272883741, 0, 0
494010, 271319634, 0, 0
495040, 281473056, 0, 0
496002, 271685930, 0, 0
497030, 297795288, 0, 0
498022, 288169584, 0, 0
499025, 238166260, 0, 0
500003, 271310945, 0, 0
501002, 264577818, 0, 0
502061, 262350600, 0, 0
503005, 310847199, 0, 0
504014, 287152353, 0, 0
505048, 263997403, 0, 0
506047, 248675380, 0, 0
507000, 283779268, 0, 0
508050, 265368186, 0, 0
509023, 253067435, 0, 0
510028, 281060894, 0, 0
511005, 271515314, 0, 0
512049, 271863161, 0, 0
513036, 273787500, 0, 0
514000, 280432492, 0, 0
515012, 288282892, 0, 0
516002, 281463391, 0, 0
517048, 259191939, 0, 0
518049, 268509222, 0, 0
519049, 256937917, 0, 0
520014, 275660742, 0, 0
521056, 260252355, 0, 0
522040, 282544350, 0, 0
523025, 292808980, 0, 0
524029, 301043263, 0, 0
525075, 280336122, 0, 0
526025, 331021249, 0, 0
527045, 273555004, 0, 0
528003, 268903020, 0, 0
529009, 286023942, 0, 0
530043, 277088736, 0, 0
531000, 244807743, 0, 0
532056, 310813395, 0, 0
533033, 310158097, 0, 0
534056, 279118360, 0, 0
535001, 270493458, 0, 0
536027, 238513461, 0, 0
537039, 282179230, 0, 0
538050, 268736629, 0, 0
539018, 272978181, 0, 0
540038, 277528936, 0, 0
541053, 276358659, 0, 0
542017, 297170002, 0, 0
543012, 266476737, 0, 0
544038, 272781877, 0, 0
545040, 283655284, 0, 0
546048, 273121105, 0, 0
547031, 275165119, 0, 0
548007, 274715775, 0, 0
549021, 276310352, 0, 0
550038, 276469737, 0, 0
551006, 308840411, 0, 0
552048, 304728671, 0, 0
553002, 283710167, 0, 0
554002, 285087384, 0, 0
555019, 274689791, 0, 0
556028, 278966152, 0, 0
557035, 267269337, 0, 0
558049, 261376674, 0, 0
559055, 277703927, 0, 0
560012, 279709854, 0, 0
561034, 274773764, 0, 0
562017, 271191931, 0, 0
563009, 288203105, 0, 0
564044, 271426352, 0, 0
565031, 267055115, 0, 0
566025, 242362425, 0, 0
567052, 277464799, 0, 0
568035, 268660644, 0, 0
569016, 274631559, 0, 0
570026, 261589137, 0, 0
571010, 269897289, 0, 0
572052, 275368063, 0, 0
573023, 279108118, 0, 0
574047, 277901595, 0, 0
575042, 283708707, 0, 0
576000, 265493338, 0, 0
577042, 282953020, 0, 0
578004, 272947450, 0, 0
579002, 288178189, 0, 0
580026, 275088570, 0, 0
581003, 312805870, 0, 0
582040, 286876752, 0, 0
583005, 262903215, 0, 0
584029, 262227739, 0, 0
585034, 264485421, 0, 0
586049, 274144858, 0, 0
587052, 262689628, 0, 0
588038, 260693591, 0, 0
589025, 275884783, 0, 0
590050, 229266564, 0, 0
591012, 250329469, 0, 0
592054, 261306117, 0, 0
593019, 275170279, 0, 0
594024, 241531798, 0, 0
595051, 269902050, 0, 0
596028, 268795292, 0, 0
597010, 280910961, 0, 0
598030, 278462367, 0, 0
599059, 267256058, 0, 0
600039, 290252991, 0, 0
601041, 269507139, 0, 0
602020, 285679476, 0, 0
603036, 259319073, 0, 0
604009, 263705580, 0, 0
605016, 251872414, 0, 0
606016, 293842433, 0, 0
607018, 279373672, 0, 0
608004, 264184159, 0, 0
609033, 269661871, 0, 0
610029, 274501481, 0, 0
611026, 290386926, 0, 0
612013, 287377360, 0, 0
613043, 277500573, 0, 0
614013, 267514597, 0, 0
615051, 271575074, 0, 0
616045, 259711270, 0, 0
617056, 284592937, 0, 0
618019, 285016153, 0, 0
619018, 274667368, 0, 0
620003, 279973872, 0, 0
621021, 278820699, 0, 0
622044, 265220273, 0, 0
623047, 260002082, 0, 0
624018, 263383900, 0, 0
625033, 271306591, 0, 0
626007, 243300574, 0, 0
627036, 290306079, 0, 0
628049, 253742170, 0, 0
629052, 254579758, 0, 0
630009, 258913399, 0, 0
631040, 287571927, 0, 0
632053, 282293661, 0, 0
633038, 262430242, 0, 0
634010, 270072331, 0, 0
635035, 293302329, 0, 0
636050, 265918995, 0, 0
637005, 299577754, 0, 0
638017, 289654296, 0, 0
639042, 264477587, 0, 0
640020, 279376272, 0, 0
641014, 264954308, 0, 0
642035, 281670590, 0, 0
643030, 268788151, 0, 0
644001, 262008313, 0, 0
645022, 271466343, 0, 0
646016, 240313865, 0, 0
647004, 280243682, 0, 0
648059, 303141708, 0, 0
649018, 315152960, 0, 0
650025, 265379972, 0, 0
651019, 275769160, 0, 0
652036, 256814231, 0, 0
653050, 284398349, 0, 0
654035, 271892269, 0, 0
655030, 287353954, 0, 0
656029, 273836281, 0, 0
657045, 254679472, 0, 0
658044, 279864365, 0, 0
659034, 294179872, 0, 0
660014, 236373300, 0, 0
661025, 256181622, 0, 0
662049, 253003930, 0, 0
663013, 266606360, 0, 0
664037, 264731998, 0, 0
665016, 296696304, 0, 0
666019, 298313242, 0, 0
667046, 297302495, 0, 0
668003, 286689894, 0, 0
669052, 267240830, 0, 0
670047, 256005624, 0, 0
671025, 281342770, 0, 0
672047, 261374470, 0, 0
673052, 278927440, 0, 0
674050, 259295454, 0, 0
675043, 285464920, 0, 0
676007, 282897024, 0, 0
677049, 255093262, 0, 0
678019, 279168486, 0, 0
679014, 282911916, 0, 0
680032, 250131665, 0, 0
681011, 280476432, 0, 0
682011, 281500461, 0, 0
683045, 276508275, 0, 0
684007, 290613107, 0, 0
685052, 277772044, 0, 0
686017, 268880688, 0, 0
687033, 305652617, 0, 0
688015, 279669012, 0, 0
689020, 276738103, 0, 0
690000, 281758016, 0, 0
691013, 258584078, 0, 0
692050, 267856653, 0, 0
693015, 297562120, 0, 0
694040, 267480699, 0, 0
695052, 283276046, 0, 0
696010, 267037634, 0, 0
697011, 252807642, 0, 0
698007, 247645792, 0, 0
699032, 263577183, 0, 0
700040, 273311167, 0, 0
701041, 297849892, 0, 0
702013, 287443207, 0, 0
703041, 263453656, 0, 0
704012, 271868699, 0, 0
705011, 287487637, 0, 0
706007, 248540701, 0, 0
707058, 269465221, 0, 0
708004, 276681263, 0, 0
709026, 268975055, 0, 0
710022, 275360847, 0, 0
711051, 310291745, 0, 0
712044, 273448380, 0, 0
713006, 279049015, 0, 0
714048, 264986432, 0, 0
715032, 266675592, 0, 0
716005, 258945004, 0, 0
717019, 234603705, 0, 0
718008, 257666584, 0, 0
719001, 294203511, 0, 0
720006, 287523921, 0, 0
721011, 262988905, 0, 0
722017, 272439151, 0, 0
723010, 273250932, 0, 0
724038, 292322581, 0, 0
725053, 272989776, 0, 0
726019, 285066355, 0, 0
727043, 283649951, 0, 0
728013, 279206561, 0, 0
729036, 312801201, 0, 0
730007, 292826329, 0, 0
731032, 299690726, 0, 0
732014, 269439698, 0, 0
733048, 266122080, 0, 0
734035, 293255135, 0, 0
735048, 260115911, 0, 0
736017, 279136957, 0, 0
737043, 264982582, 0, 0
738017, 305569347, 0, 0
739013, 293072000, 0, 0
740035, 301847106, 0, 0
741046, 294857237, 0, 0
742011, 276092976, 0, 0
743084, 278051098, 0, 0
744002, 291846386, 0, 0
745026, 304024109, 0, 0
746010, 261694053, 0, 0
747034, 263772130, 0, 0
748052, 278722384, 0, 0
749024, 251927544, 0, 0
750020, 243387273, 0, 0
751006, 313834962, 0, 0
752005, 259589584, 0, 0
753044, 294643758, 0, 0
754047, 284668023, 0, 0
755019, 233960371, 0, 0
756052, 266173515, 0, 0
757018, 273528584, 0, 0
758017, 256349062, 0, 0
759038, 281907207, 0, 0
760031, 262660110, 0, 0
761020, 263390982, 0, 0
762028, 271892344, 0, 0
763028, 276335752, 0, 0
764002, 247087088, 0, 0
765018, 270346923, 0, 0
766037, 253929735, 0, 0
767008, 257829615, 0, 0
768061, 265959264, 0, 0
769002, 272287983, 0, 0
770002, 280004989, 0, 0
771019, 281540713, 0, 0
772050, 301063978, 0, 0
773039, 273291450, 0, 0
774034, 281865664, 0, 0
775064, 299321952, 0, 0
776046, 282852061, 0, 0
777049, 285345185, 0, 0
778049, 260047670, 0, 0
779032, 261830609, 0, 0
780049, 278789568, 0, 0
781014, 316568692, 0, 0
782040, 257909332, 0, 0
783055, 286530133, 0, 0
784012, 270461700, 0, 0
785014, 279222454, 0, 0
786033, 274765087, 0, 0
787049, 266722807, 0, 0
788006, 272038107, 0, 0
789041, 279226749, 0, 0
790018, 284312434, 0, 0
791036, 273720098, 0, 0
792004, 278222564, 0, 0
793000, 278262879, 0, 0
794041, 258898257, 0, 0
795096, 291838479, 0, 0
796003, 308286061, 0, 0
797030, 277067128, 0, 0
798050, 249038048, 0, 0
799040, 263205870, 0, 0
800058, 278995200, 0, 0
801002, 302576816, 0, 0
802017, 294197473, 0, 0
803032, 283762350, 0, 0
804008, 269357404, 0, 0
805030, 278590508, 0, 0
806030, 240342586, 0, 0
807006, 279208427, 0, 0
808050, 261933144, 0, 0
809009, 261354745, 0, 0
810042, 326852024, 0, 0
811005, 269717948, 0, 0
812046, 271510386, 0, 0
813012, 290249142, 0, 0
814005, 265213532, 0, 0
815044, 311648958, 0, 0
816009, 274174825, 0, 0
817031, 270998001, 0, 0
818049, 256087232, 0, 0
819044, 274786789, 0, 0
820036, 270701434, 0, 0
821028, 299337000, 0, 0
822026, 264931167, 0, 0
823009, 267283404, 0, 0
824049, 311357445, 0, 0
825004, 306299257, 0, 0
826045, 252346705, 0, 0
827028, 295941151, 0, 0
828046, 303343770, 0, 0
829003, 245933164, 0, 0
830011, 275038494, 0, 0
831040, 257042415, 0, 0
832019, 257199474, 0, 0
833004, 280465727, 0, 0
834000, 266962567, 0, 0
835043, 278147949, 0, 0
836024, 282312916, 0, 0
837053, 298091229, 0, 0
838030, 288783857, 0, 0
839047, 315855278, 0, 0
840016, 276066222, 0, 0
841005, 270562035, 0, 0
842016, 244857598, 0, 0
843045, 242300076, 0, 0
844029, 298820794, 0, 0
845049, 302795855, 0, 0
846002, 270696031, 0, 0
847037, 290203269, 0, 0
848017, 307779296, 0, 0
849043, 281140764, 0, 0
850041, 299225016, 0, 0
851055, 271107145, 0, 0
852010, 268901782, 0, 0
853025, 275325211, 0, 0
854033, 236967194, 0, 0
855036, 268271805, 0, 0
856014, 268496519, 0, 0
857019, 239554306, 0, 0
858041, 293027160, 0, 0
859037, 273066306, 0, 0
860044, 261064392, 0, 0
861002, 309093402, 0, 0
862023, 265583508, 0, 0
863039, 251408432, 0, 0
864033, 285560872, 0, 0
865041, 257182688, 0, 0
866008, 275209762, 0, 0
867023, 289747791, 0, 0
868048, 250574131, 0, 0
869023, 272024886, 0, 0
870018, 276003768, 0, 0
871027, 248403773, 0, 0
872020, 281653153, 0, 0
873007, 253318464, 0, 0
874054, 252001709, 0, 0
875002, 284203178, 0, 0
876036, 277436946, 0, 0
877002, 275670240, 0, 0
878025, 292988650, 0, 0
879016, 262941728, 0, 0
880043, 283163484, 0, 0
881046, 263261191, 0, 0
882050, 272241047, 0, 0
883019, 266195819, 0, 0
884052, 290623280, 0, 0
885052, 245710987, 0, 0
886023, 255087645, 0, 0
887031, 263929829, 0, 0
888013, 275521582, 0, 0
889042, 275439789, 0, 0
890036, 288390694, 0, 0
891055, 275453638, 0, 0
892038, 260285638, 0, 0
893006, 289191080, 0, 0
894052, 290945621, 0, 0
895028, 281684966, 0, 0
896024, 255772186, 0, 0
897052, 279225981, 0, 0
898021, 259630048, 0, 0
899003, 270954541, 0, 0
900015, 267764102, 0, 0
901043, 277221358, 0, 0
902043, 271025867, 0, 0
903037, 271157814, 0, 0
904038, 291356797, 0, 0
905050, 272235239, 0, 0
906026, 272298392, 0, 0
907051, 251355083, 0, 0
908055, 281988355, 0, 0
909035, 250660881, 0, 0
910059, 249137065, 0, 0
911005, 280800311, 0, 0
912026, 251449783, 0, 0
913027, 300385610, 0, 0
914005, 292890313, 0, 0
915030, 266533159, 0, 0
916048, 296205585, 0, 0
917005, 252336780, 0, 0
918056, 299321961, 0, 0
919017, 302594251, 0, 0
920051, 262013414, 0, 0
921026, 253280876, 0, 0
922003, 279939510, 0, 0
923000, 292216513, 0, 0
924015, 300905352, 0, 0
925030, 262062344, 0, 0
926017, 258354731, 0, 0
927032, 265410626, 0, 0
928021, 277812008, 0, 0
929026, 274713973, 0, 0
930035, 288261572, 0, 0
931012, 277123128, 0, 0
932000, 260783758, 0, 0
933049, 292737975, 0, 0
934007, 247000173, 0, 0
935022, 291852022, 0, 0
936014, 329743057, 0, 0
937052, 266681874, 0, 0
938029, 274333284, 0, 0
939028, 275932618, 0, 0
940007, 295441494, 0, 0
941038, 295570634, 0, 0
942052, 262963845, 0, 0
943020, 290813449, 0, 0
944048, 293845854, 0, 0
945030, 276498235, 0, 0
946041, 243810561, 0, 0
947003, 286884663, 0, 0
948024, 264119654, 0, 0
949022, 260291734, 0, 0
950047, 285602900, 0, 0
951042, 288966248, 0, 0
952048, 280053220, 0, 0
953005, 273379202, 0, 0
954045, 269654762, 0, 0
955017, 275468264, 0, 0
956025, 266268914, 0, 0
957031, 278502726, 0, 0
958045, 287127082, 0, 0
959025, 253198177, 0, 0
960021, 255437612, 0, 0
961014, 285423165, 0, 0
962039, 287607717, 0, 0
963030, 273937030, 0, 0
964033, 235180643, 0, 0
965052, 255010828, 0, 0
966023, 296218033, 0, 0
967044, 287075749, 0, 0
968045, 284426395, 0, 0
969002, 280687618, 0, 0
970007, 258435923, 0, 0
971008, 305343229, 0, 0
972051, 275429245, 0, 0
973032, 265058341, 0, 0
974034, 247762172, 0, 0
975029, 263473781, 0, 0
976042, 269245132, 0, 0
977005, 248961598, 0, 0
978001, 252970073, 0, 0
979032, 286543933, 0, 0
980025, 261355415, 0, 0
981015, 265497289, 0, 0
982010, 269926804, 0, 0
983050, 273108252, 0, 0
984029, 284213116, 0, 0
985040, 270601337, 0, 0
986049, 266464877, 0, 0
987019, 261241439, 0, 0
988000, 258035764, 0, 0
989010, 274247482, 0, 0
990018, 280971486, 0, 0
991026, 256173437, 0, 0
992025, 299436698, 0, 0
993011, 315162310, 0, 0
994025, 250026770, 0, 0
995007, 273069812, 0, 0
996024, 265119000, 0, 0
997043, 285313377, 0, 0
998035, 276707197, 0, 0
999056, 247779252, 0, 0
1000028, 263916224, 0, 0
1001028, 296896911, 0, 0
1002021, 267461739, 0, 0
1003006, 266817127, 0, 0
1004002, 273438409, 0, 0
1005020, 276379988, 0, 0
1006038, 269373069, 0, 0
1007032, 256336616, 0, 0
1008030, 284076487, 0, 0
1009041, 261515753, 0, 0
1010010, 280767290, 0, 0
1011007, 267749204, 0, 0
1012007, 268636980, 0, 0
1013012, 274533389, 0, 0
1014016, 253699771, 0, 0
1015029, 275311294, 0, 0
1016047, 258481720, 0, 0
1017020, 271095001, 0, 0
1018003, 270810958, 0, 0
1019011, 255966397, 0, 0
1020032, 262730175, 0, 0
1021033, 268707824, 0, 0
1022057, 280630554, 0, 0
1023010, 296079957, 0, 0
1024043, 285796154, 0, 0
1025006, 263688386, 0, 0
1026012, 247613857, 0, 0
1027025, 256323907, 0, 0
1028054, 269342330, 0, 0
1029043, 286850578, 0, 0
1030016, 260315953, 0, 0
1031015, 283687610, 0, 0
1032040, 256069899, 0, 0
1033016, 280759386, 0, 0
1034034, 255751767, 0, 0
1035023, 280637775, 0, 0
1036047, 286560282, 0, 0
1037024, 315790688, 0, 0
1038020, 270136996, 0, 0
1039026, 292843880, 0, 0
1040027, 270279966, 0, 0
1041001, 249830412, 0, 0
1042007, 247790222, 0, 0
1043024, 265348957, 0, 0
1044047, 287079680, 0, 0
1045011, 266661233, 0, 0
1046039, 283838440, 0, 0
1047053, 253457625, 0, 0
1048010, 276719250, 0, 0
1049019, 282510141, 0, 0
1050002, 268771470, 0, 0
1051040, 271085005, 0, 0
1052016, 260142145, 0, 0
1053030, 257398940, 0, 0
1054034, 260193569, 0, 0
1055013, 272225074, 0, 0
1056036, 276720952, 0, 0
1057031, 300737148, 0, 0
1058054, 269146650, 0, 0
1059046, 248328681, 0, 0
1060004, 289985384, 0, 0
1061011, 277281547, 0, 0
1062053, 280153648, 0, 0
1063035, 292381850, 0, 0
1064039, 244054388, 0, 0
1065012, 311531647, 0, 0
1066026, 266505982, 0, 0
1067031, 275957874, 0, 0
1068021, 301646844, 0, 0
1069025, 299918357, 0, 0
1070013, 278579891, 0, 0
1071045, 269784847, 0, 0
1072005, 274815232, 0, 0
1073048, 291349566, 0, 0
1074019, 289922275, 0, 0
1075055, 267367279, 0, 0
1076031, 264507127, 0, 0
1077000, 288990062, 0, 0
1078037, 272746697, 0, 0
1079032, 288193326, 0, 0
1080009, 264137738, 0, 0
1081036, 271236819, 0, 0
1082045, 266828032, 0, 0
1083002, 293497936, 0, 0
1084031, 279529025, 0, 0
1085046, 256555425, 0, 0
1086053, 255453625, 0, 0
1087036, 277264568, 0, 0
1088008, 268410354, 0, 0
1089018, 286531995, 0, 0
1090011, 302196254, 0, 0
1091041, 298012968, 0, 0
1092051, 275947343, 0, 0
1093001, 274247665, 0, 0
1094033, 260838134, 0, 0
1095052, 266695224, 0, 0
1096007, 261039268, 0, 0
1097008, 289408224, 0, 0
1098015, 243619274, 0, 0
1099045, 271233532, 0, 0
1100040, 253008256, 0, 0
1101028, 278226395, 0, 0
1102025, 245902514, 0, 0
1103023, 261428000, 0, 0
1104018, 268006869, 0, 0
1105020, 248811652, 0, 0
1106028, 253978173, 0, 0
1107042, 251013788, 0, 0
1108007, 297529095, 0, 0
1109038, 284176687, 0, 0
1110006, 264664832, 0, 0
1111006, 248074320, 0, 0
1112003, 258795009, 0, 0
1113000, 251304615, 0, 0
1114008, 282353674, 0, 0
1115008, 238224859, 0, 0
1116051, 265536361, 0, 0
1117046, 243670677, 0, 0
1118023, 249299496, 0, 0
1119050, 273814399, 0, 0
1120056, 269028996, 0, 0
1121052, 242675544, 0, 0
1122030, 304167825, 0, 0
1123005, 274076331, 0, 0
1124013, 275906839, 0, 0
1125050, 240575292, 0, 0
1126021, 335841723, 0, 0
1127042, 264401403, 0, 0
1128015, 241119632, 0, 0
1129044, 248877491, 0, 0
1130029, 269163526, 0, 0
1131005, 303739749, 0, 0
1132018, 285889670, 0, 0
1133035, 259946298, 0, 0
1134021, 296984055, 0, 0
1135007, 249965059, 0, 0
1136050, 297656547, 0, 0
1137012, 294005827, 0, 0
1138051, 261412127, 0, 0
1139011, 278875788, 0, 0
1140007, 281911546, 0, 0
1141042, 274894911, 0, 0
1142051, 257023961, 0, 0
1143039, 263249437, 0, 0
1144003, 239386372, 0, 0
1145036, 303344617, 0, 0
1146023, 275372541, 0, 0
1147051, 267163287, 0, 0
1148006, 256753963, 0, 0
1149041, 270146384, 0, 0
1150034, 263511186, 0, 0
1151010, 253973311, 0, 0
1152031, 266412183, 0, 0
1153038, 290712980, 0, 0
1154008, 289938914, 0, 0
1155024, 267850428, 0, 0
1156023, 270720467, 0, 0
1157046, 255165030, 0, 0
1158014, 280292864, 0, 0
1159017, 268167233, 0, 0
1160007, 293629067, 0, 0
1161018, 287021109, 0, 0
1162038, 276933409, 0, 0
1163037, 272726157, 0, 0
1164004, 254064142, 0, 0
1165030, 258895530, 0, 0
1166030, 277411649, 0, 0
1167050, 261432732, 0, 0
1168046, 244109043, 0, 0
1169000, 266059380, 0, 0
1170047, 270662092, 0, 0
1171030, 272776825, 0, 0
1172003, 307531457, 0, 0
1173009, 265922209, 0, 0
1174024, 272884328, 0, 0
1175055, 251704181, 0, 0
1176044, 267589025, 0, 0
1177033, 276447475, 0, 0
1178034, 267807272, 0, 0
1179043, 269250230, 0, 0
1180004, 298761668, 0, 0
1181029, 251017304, 0, 0
1182039, 232952900, 0, 0
1183012, 278975974, 0, 0
1184006, 246747534, 0, 0
1185017, 258399390, 0, 0
1186025, 267832964, 0, 0
1187034, 280195699, 0, 0
1188022, 284258960, 0, 0
1189039, 261069195, 0, 0
1190039, 259849646, 0, 0
1191008, 285815624, 0, 0
1192037, 265011650, 0, 0
1193053, 272088718, 0, 0
1194051, 264390252, 0, 0
1195003, 247242680, 0, 0
1196011, 245590333, 0, 0
1197026, 260364262, 0, 0
1198004, 280086351, 0, 0
1199005, 271795925, 0, 0
1200008, 272827960, 0, 0
1200127, 263527956, 0, 0
