1000, 826486, 0, 0
2000, 819454, 0, 0
3000, 822248, 0, 0
4000, 826244, 0, 0
5000, 825274, 0, 0
6000, 825933, 0, 0
7000, 827319, 0, 0
8000, 825889, 0, 0
9000, 830280, 0, 0
10000, 827149, 0, 0
11000, 828690, 0, 0
12000, 827851, 0, 0
13000, 828784, 0, 0
14000, 826486, 0, 0
15000, 830216, 0, 0
16000, 827013, 0, 0
17000, 829981, 0, 0
18000, 827774, 0, 0
19000, 828560, 0, 0
20000, 827879, 0, 0
21000, 826390, 0, 0
22000, 830102, 0, 0
23000, 832986, 0, 0
24000, 829159, 0, 0
25000, 826566, 0, 0
26000, 824993, 0, 0
27000, 829416, 0, 0
28000, 830721, 0, 0
29000, 827067, 0, 0
30000, 828071, 0, 0
31000, 830131, 0, 0
32000, 825185, 0, 0
33000, 828517, 0, 0
34000, 829780, 0, 0
35000, 830654, 0, 0
36000, 829475, 0, 0
37000, 826468, 0, 0
38000, 829578, 0, 0
39000, 833323, 0, 0
40000, 829160, 0, 0
41000, 831100, 0, 0
42000, 830375, 0, 0
43000, 828494, 0, 0
44000, 828501, 0, 0
45000, 830219, 0, 0
46000, 831017, 0, 0
47000, 830991, 0, 0
48000, 825566, 0, 0
49000, 830399, 0, 0
50000, 828794, 0, 0
51000, 828757, 0, 0
52000, 830215, 0, 0
53000, 831159, 0, 0
54000, 828994, 0, 0
55000, 829859, 0, 0
56000, 826819, 0, 0
57000, 831353, 0, 0
58000, 829160, 0, 0
59000, 832782, 0, 0
60000, 828889, 0, 0
61000, 831323, 0, 0
62000, 830244, 0, 0
63000, 825605, 0, 0
64000, 831611, 0, 0
65000, 831456, 0, 0
66000, 832005, 0, 0
67000, 829301, 0, 0
68000, 832879, 0, 0
69000, 829545, 0, 0
70000, 836576, 0, 0
71000, 830913, 0, 0
72000, 835693, 0, 0
73000, 829243, 0, 0
74000, 832866, 0, 0
75000, 834056, 0, 0
76000, 830180, 0, 0
77000, 829457, 0, 0
78000, 826139, 0, 0
79000, 827969, 0, 0
80000, 832561, 0, 0
81000, 830568, 0, 0
82000, 830385, 0, 0
83000, 831952, 0, 0
84000, 831271, 0, 0
85000, 828724, 0, 0
86000, 830589, 0, 0
87000, 832210, 0, 0
88000, 832151, 0, 0
89000, 829134, 0, 0
90000, 830347, 0, 0
91000, 829602, 0, 0
92000, 828242, 0, 0
93000, 829675, 0, 0
94000, 831713, 0, 0
95000, 830154, 0, 0
96000, 830734, 0, 0
97000, 830012, 0, 0
98000, 829227, 0, 0
99000, 830518, 0, 0
100000, 832956, 0, 0
101000, 831140, 0, 0
102000, 834236, 0, 0
103000, 831893, 0, 0
104000, 831561, 0, 0
105000, 835206, 0, 0
106000, 832688, 0, 0
107000, 829833, 0, 0
108000, 830946, 0, 0
109000, 828363, 0, 0
110000, 829374, 0, 0
111000, 831511, 0, 0
112000, 832936, 0, 0
113000, 832899, 0, 0
114000, 830382, 0, 0
115000, 828230, 0, 0
116000, 1010033, 0, 0
117000, 832240, 0, 0
118000, 832201, 0, 0
119000, 830378, 0, 0
120000, 833216, 0, 0
121000, 831385, 0, 0
122000, 832391, 0, 0
123000, 829797, 0, 0
124000, 827666, 0, 0
125000, 830064, 0, 0
126000, 833808, 0, 0
127000, 831781, 0, 0
128000, 832981, 0, 0
129000, 829487, 0, 0
130000, 831447, 0, 0
131000, 832820, 0, 0
132000, 829883, 0, 0
133000, 831659, 0, 0
134000, 833402, 0, 0
135000, 827979, 0, 0
136000, 827197, 0, 0
137000, 830806, 0, 0
138000, 833448, 0, 0
139000, 834454, 0, 0
140000, 833215, 0, 0
141000, 829121, 0, 0
142000, 834286, 0, 0
143000, 832674, 0, 0
144000, 829130, 0, 0
145000, 842827, 0, 0
146000, 825425, 0, 0
147000, 828445, 0, 0
148000, 832340, 0, 0
149000, 836489, 0, 0
150000, 829100, 0, 0
151000, 830217, 0, 0
152000, 830000, 0, 0
153000, 829822, 0, 0
154000, 830907, 0, 0
155000, 829927, 0, 0
156000, 829190, 0, 0
157000, 828790, 0, 0
158000, 828924, 0, 0
159000, 829125, 0, 0
160000, 828302, 0, 0
161000, 829824, 0, 0
162000, 834430, 0, 0
163000, 835958, 0, 0
164000, 838012, 0, 0
165000, 837572, 0, 0
166000, 838346, 0, 0
167000, 796091, 0, 0
168000, 792394, 0, 0
169000, 792606, 0, 0
170000, 790609, 0, 0
171000, 794662, 0, 0
172000, 797234, 0, 0
173000, 792864, 0, 0
174000, 790668, 0, 0
175000, 792036, 0, 0
176000, 791187, 0, 0
177000, 791302, 0, 0
178000, 790034, 0, 0
179000, 792057, 0, 0
180000, 791311, 0, 0
181000, 788275, 0, 0
182000, 791289, 0, 0
183000, 793884, 0, 0
184000, 792673, 0, 0
185000, 794253, 0, 0
186000, 791448, 0, 0
187000, 797131, 0, 0
188000, 793642, 0, 0
189000, 790609, 0, 0
190000, 791519, 0, 0
191000, 791327, 0, 0
192000, 790510, 0, 0
193000, 790961, 0, 0
194000, 791289, 0, 0
195000, 795012, 0, 0
196000, 793117, 0, 0
197000, 793689, 0, 0
198000, 792385, 0, 0
199000, 793891, 0, 0
200000, 794470, 0, 0
201000, 793363, 0, 0
202000, 792811, 0, 0
203000, 792946, 0, 0
204000, 794076, 0, 0
205000, 794920, 0, 0
206000, 794424, 0, 0
207000, 793976, 0, 0
208000, 793860, 0, 0
209000, 797905, 0, 0
210000, 799251, 0, 0
211000, 794904, 0, 0
212000, 795220, 0, 0
213000, 796859, 0, 0
214000, 793734, 0, 0
215000, 794128, 0, 0
216000, 794848, 0, 0
217000, 796528, 0, 0
218000, 796895, 0, 0
219000, 797566, 0, 0
220000, 793501, 0, 0
221000, 796683, 0, 0
222000, 795567, 0, 0
223000, 795650, 0, 0
224000, 796228, 0, 0
225000, 797664, 0, 0
226000, 796676, 0, 0
227000, 794167, 0, 0
228000, 796234, 0, 0
229000, 798127, 0, 0
230000, 796200, 0, 0
231000, 796726, 0, 0
232000, 795826, 0, 0
233000, 953523, 0, 0
234000, 796484, 0, 0
235000, 795227, 0, 0
236000, 796290, 0, 0
237000, 797794, 0, 0
238000, 798134, 0, 0
239000, 795755, 0, 0
240000, 797142, 0, 0
241000, 798014, 0, 0
242000, 796971, 0, 0
243000, 795393, 0, 0
244000, 796812, 0, 0
245000, 798811, 0, 0
246000, 797925, 0, 0
247000, 798278, 0, 0
248000, 795015, 0, 0
249000, 798773, 0, 0
250000, 800162, 0, 0
251000, 796689, 0, 0
252000, 794817, 0, 0
253000, 795761, 0, 0
254000, 800959, 0, 0
255000, 798951, 0, 0
256000, 799478, 0, 0
257000, 800578, 0, 0
258000, 799521, 0, 0
259000, 801639, 0, 0
260000, 797706, 0, 0
261000, 796774, 0, 0
262000, 800454, 0, 0
263000, 800000, 0, 0
264000, 799423, 0, 0
265000, 799343, 0, 0
266000, 801147, 0, 0
267000, 798200, 0, 0
268000, 799098, 0, 0
269000, 798373, 0, 0
270000, 799889, 0, 0
271000, 798870, 0, 0
272000, 799178, 0, 0
273000, 800876, 0, 0
274000, 800733, 0, 0
275000, 799657, 0, 0
276000, 801585, 0, 0
277000, 806639, 0, 0
278000, 801328, 0, 0
279000, 800537, 0, 0
280000, 802547, 0, 0
281000, 797932, 0, 0
282000, 800429, 0, 0
283000, 802444, 0, 0
284000, 799316, 0, 0
285000, 799636, 0, 0
286000, 799969, 0, 0
287000, 800434, 0, 0
288000, 797064, 0, 0
289000, 801560, 0, 0
290000, 799964, 0, 0
291000, 800961, 0, 0
292000, 803929, 0, 0
293000, 801444, 0, 0
294000, 798380, 0, 0
295000, 803431, 0, 0
296000, 793398, 0, 0
297000, 800418, 0, 0
298000, 802774, 0, 0
299000, 801241, 0, 0
300000, 797147, 0, 0
301000, 801677, 0, 0
302000, 799932, 0, 0
303000, 809781, 0, 0
304000, 803609, 0, 0
305000, 803148, 0, 0
306000, 800292, 0, 0
307000, 801189, 0, 0
308000, 803738, 0, 0
309000, 799936, 0, 0
310000, 802100, 0, 0
311000, 801194, 0, 0
312000, 800958, 0, 0
313000, 801237, 0, 0
314000, 803084, 0, 0
315000, 802275, 0, 0
316000, 802012, 0, 0
317000, 801663, 0, 0
318000, 803429, 0, 0
319000, 802566, 0, 0
320000, 803412, 0, 0
321000, 802322, 0, 0
322000, 804107, 0, 0
323000, 803748, 0, 0
324000, 804719, 0, 0
325000, 803201, 0, 0
326000, 801815, 0, 0
327000, 801991, 0, 0
328000, 802000, 0, 0
329000, 805663, 0, 0
330000, 804433, 0, 0
331000, 803424, 0, 0
332000, 801695, 0, 0
333000, 803667, 0, 0
334000, 803344, 0, 0
335000, 803594, 0, 0
336000, 802906, 0, 0
337000, 803138, 0, 0
338000, 805053, 0, 0
339000, 804845, 0, 0
340000, 803712, 0, 0
341000, 804091, 0, 0
342000, 804665, 0, 0
343000, 804508, 0, 0
344000, 802775, 0, 0
345000, 802801, 0, 0
346000, 803719, 0, 0
347000, 802746, 0, 0
348000, 806177, 0, 0
349000, 804273, 0, 0
350000, 983622, 0, 0
351000, 804073, 0, 0
352000, 804320, 0, 0
353000, 800894, 0, 0
354000, 803532, 0, 0
355000, 804262, 0, 0
356000, 805744, 0, 0
357000, 802374, 0, 0
358000, 802731, 0, 0
359000, 803948, 0, 0
360000, 805781, 0, 0
361000, 805957, 0, 0
362000, 803444, 0, 0
363000, 805549, 0, 0
364000, 806206, 0, 0
365000, 807126, 0, 0
366000, 807288, 0, 0
367000, 800694, 0, 0
368000, 803442, 0, 0
369000, 805136, 0, 0
370000, 806123, 0, 0
371000, 803303, 0, 0
372000, 805368, 0, 0
373000, 806505, 0, 0
374000, 806162, 0, 0
375000, 805256, 0, 0
376000, 803344, 0, 0
377000, 805756, 0, 0
378000, 806349, 0, 0
379000, 806936, 0, 0
380000, 804615, 0, 0
381000, 806942, 0, 0
382000, 817097, 0, 0
383000, 806873, 0, 0
384000, 804096, 0, 0
385000, 806456, 0, 0
386000, 807551, 0, 0
387000, 807649, 0, 0
388000, 805309, 0, 0
389000, 804612, 0, 0
390000, 806283, 0, 0
391000, 806766, 0, 0
392000, 804461, 0, 0
393000, 808135, 0, 0
394000, 808595, 0, 0
395000, 807594, 0, 0
396000, 804689, 0, 0
397000, 805344, 0, 0
398000, 806746, 0, 0
399000, 807987, 0, 0
400000, 805978, 0, 0
401000, 806461, 0, 0
402000, 808063, 0, 0
403000, 807699, 0, 0
404000, 818597, 0, 0
405000, 807161, 0, 0
406000, 805282, 0, 0
407000, 807383, 0, 0
408000, 807680, 0, 0
409000, 808615, 0, 0
410000, 806491, 0, 0
411000, 807216, 0, 0
412000, 806582, 0, 0
413000, 806169, 0, 0
414000, 807513, 0, 0
415000, 806754, 0, 0
416000, 807481, 0, 0
417000, 809327, 0, 0
418000, 806521, 0, 0
419000, 806981, 0, 0
420000, 807119, 0, 0
421000, 812103, 0, 0
422000, 807943, 0, 0
423000, 810808, 0, 0
424000, 808466, 0, 0
425000, 807993, 0, 0
426000, 809443, 0, 0
427000, 807125, 0, 0
428000, 807720, 0, 0
429000, 808930, 0, 0
430000, 807575, 0, 0
431000, 808054, 0, 0
432000, 806886, 0, 0
433000, 808081, 0, 0
434000, 808568, 0, 0
435000, 808093, 0, 0
436000, 805986, 0, 0
437000, 810591, 0, 0
438000, 812586, 0, 0
439000, 809426, 0, 0
440000, 809775, 0, 0
441000, 808952, 0, 0
442000, 809570, 0, 0
443000, 809642, 0, 0
444000, 810367, 0, 0
445000, 810807, 0, 0
446000, 808951, 0, 0
447000, 807339, 0, 0
448000, 811233, 0, 0
449000, 809893, 0, 0
450000, 810889, 0, 0
451000, 808775, 0, 0
452000, 807246, 0, 0
453000, 809868, 0, 0
454000, 810416, 0, 0
455000, 808040, 0, 0
456000, 811401, 0, 0
457000, 810375, 0, 0
458000, 811291, 0, 0
459000, 811635, 0, 0
460000, 808920, 0, 0
461000, 809541, 0, 0
462000, 809965, 0, 0
463000, 808973, 0, 0
464000, 808307, 0, 0
465000, 808416, 0, 0
466000, 813516, 0, 0
467000, 911170, 0, 0
468000, 855204, 0, 0
469000, 811205, 0, 0
470000, 811088, 0, 0
471000, 812039, 0, 0
472000, 810731, 0, 0
473000, 810550, 0, 0
474000, 811985, 0, 0
475000, 812933, 0, 0
476000, 812126, 0, 0
477000, 809679, 0, 0
478000, 810362, 0, 0
479000, 811350, 0, 0
480000, 810228, 0, 0
481000, 810363, 0, 0
482000, 810168, 0, 0
483000, 812442, 0, 0
484000, 812391, 0, 0
485000, 810743, 0, 0
486000, 813985, 0, 0
487000, 811542, 0, 0
488000, 814756, 0, 0
489000, 812766, 0, 0
490000, 810431, 0, 0
491000, 813965, 0, 0
492000, 811831, 0, 0
493000, 811373, 0, 0
494000, 811496, 0, 0
495000, 812997, 0, 0
496000, 810310, 0, 0
497000, 810776, 0, 0
498000, 809745, 0, 0
499000, 813787, 0, 0
500000, 811706, 0, 0
501000, 813222, 0, 0
502000, 808885, 0, 0
503000, 808704, 0, 0
504000, 812692, 0, 0
505000, 812451, 0, 0
506000, 812003, 0, 0
507000, 810223, 0, 0
508000, 825242, 0, 0
509000, 824261, 0, 0
510000, 815056, 0, 0
511000, 813083, 0, 0
512000, 813949, 0, 0
513000, 815120, 0, 0
514000, 813186, 0, 0
515000, 812353, 0, 0
516000, 815663, 0, 0
517000, 813204, 0, 0
518000, 815740, 0, 0
519000, 810911, 0, 0
520000, 813198, 0, 0
521000, 814606, 0, 0
522000, 812697, 0, 0
523000, 814053, 0, 0
524000, 813536, 0, 0
525000, 813009, 0, 0
526000, 811904, 0, 0
527000, 811257, 0, 0
528000, 814461, 0, 0
529000, 812573, 0, 0
530000, 813836, 0, 0
531000, 812060, 0, 0
532000, 815471, 0, 0
533000, 813552, 0, 0
534000, 813770, 0, 0
535000, 814861, 0, 0
536000, 814296, 0, 0
537000, 814086, 0, 0
538000, 812571, 0, 0
539000, 814958, 0, 0
540000, 813533, 0, 0
541000, 815626, 0, 0
542000, 815318, 0, 0
543000, 815195, 0, 0
544000, 814282, 0, 0
545000, 815574, 0, 0
546000, 814084, 0, 0
547000, 814184, 0, 0
548000, 811723, 0, 0
549000, 814636, 0, 0
550000, 810993, 0, 0
551000, 813129, 0, 0
552000, 812950, 0, 0
553000, 814296, 0, 0
554000, 814064, 0, 0
555000, 815310, 0, 0
556000, 814764, 0, 0
557000, 815171, 0, 0
558000, 812409, 0, 0
559000, 815222, 0, 0
560000, 812096, 0, 0
561000, 816025, 0, 0
562000, 816936, 0, 0
563000, 815774, 0, 0
564000, 813510, 0, 0
565000, 814085, 0, 0
566000, 814751, 0, 0
567000, 816878, 0, 0
568000, 814609, 0, 0
569000, 813847, 0, 0
570000, 813751, 0, 0
571000, 814169, 0, 0
572000, 813850, 0, 0
573000, 812721, 0, 0
574000, 815410, 0, 0
575000, 814907, 0, 0
576000, 814815, 0, 0
577000, 815582, 0, 0
578000, 815419, 0, 0
579000, 814853, 0, 0
580000, 814761, 0, 0
581000, 814575, 0, 0
582000, 815626, 0, 0
583000, 812909, 0, 0
584000, 977283, 0, 0
585000, 816638, 0, 0
586000, 815108, 0, 0
587000, 816460, 0, 0
588000, 814858, 0, 0
589000, 814193, 0, 0
590000, 817810, 0, 0
591000, 815475, 0, 0
592000, 815698, 0, 0
593000, 815434, 0, 0
594000, 815254, 0, 0
595000, 815446, 0, 0
596000, 816739, 0, 0
597000, 816769, 0, 0
598000, 814576, 0, 0
599000, 813443, 0, 0
600000, 815388, 0, 0
601000, 816270, 0, 0
602000, 817010, 0, 0
603000, 815573, 0, 0
604000, 814954, 0, 0
605000, 817016, 0, 0
606000, 815578, 0, 0
607000, 828931, 0, 0
608000, 814994, 0, 0
609000, 816918, 0, 0
610000, 817293, 0, 0
611000, 817913, 0, 0
612000, 816720, 0, 0
613000, 815130, 0, 0
614000, 816872, 0, 0
615000, 818215, 0, 0
616000, 817414, 0, 0
617000, 818176, 0, 0
618000, 815253, 0, 0
619000, 817334, 0, 0
620000, 816784, 0, 0
621000, 817908, 0, 0
622000, 815561, 0, 0
623000, 816660, 0, 0
624000, 815508, 0, 0
625000, 816650, 0, 0
626000, 818471, 0, 0
627000, 815092, 0, 0
628000, 813533, 0, 0
629000, 817779, 0, 0
630000, 819010, 0, 0
631000, 817996, 0, 0
632000, 817594, 0, 0
633000, 816921, 0, 0
634000, 816445, 0, 0
635000, 816141, 0, 0
636000, 818081, 0, 0
637000, 816739, 0, 0
638000, 817904, 0, 0
639000, 817487, 0, 0
640000, 817864, 0, 0
641000, 820917, 0, 0
642000, 817396, 0, 0
643000, 815531, 0, 0
644000, 816859, 0, 0
645000, 818421, 0, 0
646000, 817552, 0, 0
647000, 818582, 0, 0
648000, 818978, 0, 0
649000, 819077, 0, 0
650000, 819529, 0, 0
651000, 818785, 0, 0
652000, 819665, 0, 0
653000, 817890, 0, 0
654000, 818214, 0, 0
655000, 817119, 0, 0
656000, 818510, 0, 0
657000, 818450, 0, 0
658000, 818973, 0, 0
659000, 821041, 0, 0
660000, 817801, 0, 0
661000, 820608, 0, 0
662000, 817992, 0, 0
663000, 818046, 0, 0
664000, 818125, 0, 0
665000, 818934, 0, 0
666000, 817940, 0, 0
667000, 818922, 0, 0
668000, 817607, 0, 0
669000, 820219, 0, 0
670000, 816312, 0, 0
671000, 819177, 0, 0
672000, 821600, 0, 0
673000, 816591, 0, 0
674000, 817295, 0, 0
675000, 819397, 0, 0
676000, 820341, 0, 0
677000, 819141, 0, 0
678000, 817153, 0, 0
679000, 820155, 0, 0
680000, 818052, 0, 0
681000, 834362, 0, 0
682000, 816199, 0, 0
683000, 816733, 0, 0
684000, 819995, 0, 0
685000, 821655, 0, 0
686000, 819564, 0, 0
687000, 818848, 0, 0
688000, 819737, 0, 0
689000, 817672, 0, 0
690000, 819851, 0, 0
691000, 820613, 0, 0
692000, 821057, 0, 0
693000, 819395, 0, 0
694000, 819119, 0, 0
695000, 818989, 0, 0
696000, 820303, 0, 0
697000, 819754, 0, 0
698000, 822280, 0, 0
699000, 821816, 0, 0
700000, 819308, 0, 0
701000, 976972, 0, 0
702000, 820215, 0, 0
703000, 831531, 0, 0
704000, 819270, 0, 0
705000, 820003, 0, 0
706000, 818828, 0, 0
707000, 819985, 0, 0
708000, 820119, 0, 0
709000, 823161, 0, 0
710000, 819244, 0, 0
711000, 818624, 0, 0
712000, 818771, 0, 0
713000, 818637, 0, 0
714000, 822443, 0, 0
715000, 820090, 0, 0
716000, 820409, 0, 0
717000, 821352, 0, 0
718000, 820273, 0, 0
719000, 820758, 0, 0
720000, 819057, 0, 0
721000, 820473, 0, 0
722000, 821778, 0, 0
723000, 820546, 0, 0
724000, 823291, 0, 0
725000, 821188, 0, 0
726000, 820456, 0, 0
727000, 820812, 0, 0
728000, 821854, 0, 0
729000, 821198, 0, 0
730000, 821401, 0, 0
731000, 823917, 0, 0
732000, 822789, 0, 0
733000, 819627, 0, 0
734000, 820687, 0, 0
735000, 822482, 0, 0
736000, 823653, 0, 0
737000, 821495, 0, 0
738000, 821347, 0, 0
739000, 820907, 0, 0
740000, 823542, 0, 0
741000, 823008, 0, 0
742000, 822153, 0, 0
743000, 823010, 0, 0
744000, 820549, 0, 0
745000, 822884, 0, 0
746000, 821822, 0, 0
747000, 819301, 0, 0
748001, 823007, 0, 0
749000, 816926, 0, 0
750000, 823311, 0, 0
751000, 820398, 0, 0
752000, 819887, 0, 0
753000, 819857, 0, 0
754000, 821216, 0, 0
755000, 821211, 0, 0
756000, 823825, 0, 0
757000, 819807, 0, 0
758000, 823753, 0, 0
759000, 821580, 0, 0
760000, 822550, 0, 0
761000, 824128, 0, 0
762000, 820316, 0, 0
763000, 821661, 0, 0
764000, 823605, 0, 0
765000, 822228, 0, 0
766000, 822621, 0, 0
767000, 822327, 0, 0
768000, 822398, 0, 0
769000, 823839, 0, 0
770000, 822636, 0, 0
771000, 821900, 0, 0
772000, 822531, 0, 0
773000, 823834, 0, 0
774000, 820579, 0, 0
775000, 822523, 0, 0
776000, 822611, 0, 0
777000, 821003, 0, 0
778000, 824274, 0, 0
779000, 822502, 0, 0
780000, 821312, 0, 0
781000, 824418, 0, 0
782000, 823611, 0, 0
783000, 822665, 0, 0
784000, 822145, 0, 0
785000, 823106, 0, 0
786000, 820047, 0, 0
787000, 824936, 0, 0
788000, 823838, 0, 0
789000, 822435, 0, 0
790000, 822802, 0, 0
791000, 822665, 0, 0
792000, 823218, 0, 0
793000, 821297, 0, 0
794000, 821982, 0, 0
795000, 821930, 0, 0
796000, 822268, 0, 0
797000, 825888, 0, 0
798000, 823455, 0, 0
799000, 821998, 0, 0
800000, 821219, 0, 0
801000, 823277, 0, 0
802000, 825058, 0, 0
803000, 824092, 0, 0
804000, 821201, 0, 0
805000, 821405, 0, 0
806000, 825495, 0, 0
807000, 823650, 0, 0
808000, 825608, 0, 0
809000, 825970, 0, 0
810000, 820113, 0, 0
811000, 821675, 0, 0
812000, 824237, 0, 0
813000, 823831, 0, 0
814000, 822763, 0, 0
815000, 823904, 0, 0
816000, 824152, 0, 0
817000, 825630, 0, 0
818000, 986310, 0, 0
819000, 819841, 0, 0
820000, 823217, 0, 0
821000, 823742, 0, 0
822000, 824852, 0, 0
823000, 824021, 0, 0
824000, 824782, 0, 0
825000, 826663, 0, 0
826000, 823134, 0, 0
827000, 826182, 0, 0
828000, 821775, 0, 0
829000, 825440, 0, 0
830000, 825286, 0, 0
831000, 824885, 0, 0
832000, 824492, 0, 0
833000, 823220, 0, 0
834000, 824501, 0, 0
835000, 824616, 0, 0
836000, 825750, 0, 0
837000, 822861, 0, 0
838000, 823240, 0, 0
839000, 823754, 0, 0
840000, 827858, 0, 0
841000, 826270, 0, 0
842000, 823697, 0, 0
843000, 825165, 0, 0
844000, 825644, 0, 0
845000, 824005, 0, 0
846000, 825560, 0, 0
847000, 825384, 0, 0
848000, 835925, 0, 0
849000, 823566, 0, 0
850000, 825858, 0, 0
851000, 825856, 0, 0
852000, 823549, 0, 0
853000, 824335, 0, 0
854000, 825513, 0, 0
855000, 824942, 0, 0
856000, 824976, 0, 0
857000, 824529, 0, 0
858000, 824945, 0, 0
859000, 821622, 0, 0
860000, 825208, 0, 0
861000, 824191, 0, 0
862000, 823120, 0, 0
863000, 825742, 0, 0
864000, 827292, 0, 0
865000, 825009, 0, 0
866000, 824141, 0, 0
867000, 823639, 0, 0
868000, 827862, 0, 0
869000, 825052, 0, 0
870000, 826542, 0, 0
871000, 825856, 0, 0
872000, 825097, 0, 0
873000, 825492, 0, 0
874000, 829348, 0, 0
875000, 825988, 0, 0
876000, 824552, 0, 0
877000, 829493, 0, 0
878000, 824908, 0, 0
879000, 824151, 0, 0
880000, 826513, 0, 0
881000, 824902, 0, 0
882000, 825938, 0, 0
883000, 824696, 0, 0
884000, 825743, 0, 0
885000, 825583, 0, 0
886000, 826265, 0, 0
887000, 828275, 0, 0
888000, 826013, 0, 0
889000, 826864, 0, 0
890000, 825207, 0, 0
891000, 826144, 0, 0
892000, 825530, 0, 0
893000, 826367, 0, 0
894000, 826153, 0, 0
895000, 827451, 0, 0
896000, 826014, 0, 0
897000, 828364, 0, 0
898000, 829417, 0, 0
899000, 826039, 0, 0
900000, 824546, 0, 0
901000, 826779, 0, 0
902000, 826398, 0, 0
903000, 828027, 0, 0
904000, 826544, 0, 0
905000, 828469, 0, 0
906000, 825290, 0, 0
907000, 826582, 0, 0
908000, 829618, 0, 0
909000, 830453, 0, 0
910000, 827240, 0, 0
911000, 828316, 0, 0
912000, 825480, 0, 0
913000, 828038, 0, 0
914000, 828569, 0, 0
915000, 826552, 0, 0
916000, 827471, 0, 0
917000, 825022, 0, 0
918000, 827161, 0, 0
919000, 828205, 0, 0
920000, 828333, 0, 0
921000, 826228, 0, 0
922000, 826300, 0, 0
923000, 830407, 0, 0
924000, 827110, 0, 0
925000, 828782, 0, 0
926000, 828616, 0, 0
927000, 826354, 0, 0
928000, 829191, 0, 0
929000, 828845, 0, 0
930000, 826949, 0, 0
931000, 827775, 0, 0
932000, 826786, 0, 0
933000, 826242, 0, 0
934000, 828223, 0, 0
935000, 923986, 0, 0
936000, 871092, 0, 0
937000, 828654, 0, 0
938000, 828484, 0, 0
939000, 828204, 0, 0
940000, 827287, 0, 0
941000, 828999, 0, 0
942000, 827066, 0, 0
943000, 828891, 0, 0
944000, 826936, 0, 0
945000, 829504, 0, 0
946000, 825141, 0, 0
947000, 826686, 0, 0
948000, 832385, 0, 0
949000, 827880, 0, 0
950000, 827722, 0, 0
951000, 827801, 0, 0
952000, 828108, 0, 0
953000, 829096, 0, 0
954000, 828398, 0, 0
955000, 826754, 0, 0
956000, 827577, 0, 0
957000, 828400, 0, 0
958000, 829361, 0, 0
959000, 830403, 0, 0
960000, 829158, 0, 0
961000, 841041, 0, 0
962000, 824848, 0, 0
963000, 836563, 0, 0
964000, 831298, 0, 0
965000, 827953, 0, 0
966000, 828756, 0, 0
967000, 825848, 0, 0
968000, 827413, 0, 0
969000, 828499, 0, 0
970000, 829337, 0, 0
971000, 829161, 0, 0
972000, 830651, 0, 0
973000, 831797, 0, 0
974000, 830526, 0, 0
975000, 828807, 0, 0
976000, 816773, 0, 0
977000, 813245, 0, 0
978000, 814319, 0, 0
979000, 821399, 0, 0
980000, 816198, 0, 0
981000, 820171, 0, 0
982000, 814737, 0, 0
983000, 816959, 0, 0
984000, 820159, 0, 0
985000, 818263, 0, 0
986000, 817018, 0, 0
987000, 816612, 0, 0
988000, 818410, 0, 0
989000, 813257, 0, 0
990000, 817484, 0, 0
991000, 821777, 0, 0
992000, 814328, 0, 0
993000, 815643, 0, 0
994000, 816663, 0, 0
995000, 816495, 0, 0
996000, 821533, 0, 0
997000, 815254, 0, 0
998000, 817880, 0, 0
999000, 817740, 0, 0
1000000, 813760, 0, 0
1001000, 819618, 0, 0
1002000, 817391, 0, 0
1003000, 815697, 0, 0
1004000, 817771, 0, 0
1005000, 821064, 0, 0
1006000, 819580, 0, 0
1007000, 818384, 0, 0
1008000, 816247, 0, 0
1009000, 816960, 0, 0
1010000, 820098, 0, 0
1011000, 817668, 0, 0
1012000, 817608, 0, 0
1013000, 817283, 0, 0
1014000, 819534, 0, 0
1015000, 817554, 0, 0
1016000, 820235, 0, 0
1017000, 819706, 0, 0
1018000, 820164, 0, 0
1019000, 817956, 0, 0
1020000, 815545, 0, 0
1021000, 817610, 0, 0
1022000, 819583, 0, 0
1023000, 814199, 0, 0
1024000, 818953, 0, 0
1025000, 817780, 0, 0
1026000, 821536, 0, 0
1027000, 817116, 0, 0
1028000, 815883, 0, 0
1029000, 817741, 0, 0
1030000, 821524, 0, 0
1031000, 818539, 0, 0
1032000, 820065, 0, 0
1033000, 817524, 0, 0
1034000, 817773, 0, 0
1035000, 820231, 0, 0
1036000, 817582, 0, 0
1037000, 816252, 0, 0
1038000, 819486, 0, 0
1039000, 819712, 0, 0
1040000, 820835, 0, 0
1041000, 819933, 0, 0
1042000, 817119, 0, 0
1043000, 819309, 0, 0
1044000, 820525, 0, 0
1045000, 817344, 0, 0
1046000, 818437, 0, 0
1047000, 818364, 0, 0
1048000, 818899, 0, 0
1049000, 819301, 0, 0
1050000, 824411, 0, 0
1051000, 816124, 0, 0
1052000, 816301, 0, 0
1053000, 976339, 0, 0
1054000, 819890, 0, 0
1055000, 823632, 0, 0
1056000, 832282, 0, 0
1057000, 820296, 0, 0
1058000, 814924, 0, 0
1059000, 819421, 0, 0
1060000, 819893, 0, 0
1061000, 820905, 0, 0
1062000, 822422, 0, 0
1063000, 818468, 0, 0
1064000, 817975, 0, 0
1065000, 819390, 0, 0
1066000, 821848, 0, 0
1067000, 819928, 0, 0
1068000, 843343, 0, 0
1069000, 818966, 0, 0
1070000, 819304, 0, 0
1071000, 822057, 0, 0
1072000, 824624, 0, 0
1073000, 819203, 0, 0
1074000, 822253, 0, 0
1075000, 820895, 0, 0
1076000, 820472, 0, 0
1077000, 823549, 0, 0
1078000, 821269, 0, 0
1079000, 817954, 0, 0
1080000, 820116, 0, 0
1081000, 821316, 0, 0
1082000, 820386, 0, 0
1083000, 824137, 0, 0
1084000, 824048, 0, 0
1085000, 819139, 0, 0
1086000, 820743, 0, 0
1087000, 820470, 0, 0
1088000, 825848, 0, 0
1089000, 820966, 0, 0
1090000, 819556, 0, 0
1091000, 826154, 0, 0
1092000, 820136, 0, 0
1093000, 820543, 0, 0
1094000, 822316, 0, 0
1095000, 820839, 0, 0
1096000, 820742, 0, 0
1097000, 819459, 0, 0
1098000, 821884, 0, 0
1099000, 821323, 0, 0
1100000, 822904, 0, 0
1101000, 823010, 0, 0
1102000, 819436, 0, 0
1103000, 821781, 0, 0
1104000, 822419, 0, 0
1105000, 823947, 0, 0
1106000, 823788, 0, 0
1107000, 823248, 0, 0
1108000, 819185, 0, 0
1109000, 821840, 0, 0
1110000, 821811, 0, 0
1111000, 822918, 0, 0
1112000, 821775, 0, 0
1113000, 817202, 0, 0
1114000, 821982, 0, 0
1115000, 821694, 0, 0
1116000, 824260, 0, 0
1117000, 821094, 0, 0
1118000, 823896, 0, 0
1119000, 822544, 0, 0
1120000, 820437, 0, 0
1121000, 824322, 0, 0
1122000, 821876, 0, 0
1123000, 821128, 0, 0
1124000, 821107, 0, 0
1125000, 822161, 0, 0
1126000, 823430, 0, 0
1127000, 820988, 0, 0
1128000, 826881, 0, 0
1129000, 822162, 0, 0
1130000, 819470, 0, 0
1131000, 822181, 0, 0
1132000, 820502, 0, 0
1133000, 819807, 0, 0
1134000, 823089, 0, 0
1135000, 820077, 0, 0
1136000, 821188, 0, 0
1137000, 820591, 0, 0
1138000, 822273, 0, 0
1139000, 823753, 0, 0
1140000, 821099, 0, 0
1141000, 817663, 0, 0
1142000, 822667, 0, 0
1143000, 816098, 0, 0
1144000, 822614, 0, 0
1145000, 822894, 0, 0
1146000, 820265, 0, 0
1147000, 817645, 0, 0
1148000, 819223, 0, 0
1149000, 818761, 0, 0
1150000, 817145, 0, 0
1151000, 821168, 0, 0
1152000, 822979, 0, 0
1153000, 821663, 0, 0
1154000, 830089, 0, 0
1155000, 824223, 0, 0
1156000, 829806, 0, 0
1157000, 828071, 0, 0
1158000, 811529, 0, 0
1159000, 792519, 0, 0
1160000, 790483, 0, 0
1161000, 792663, 0, 0
1162000, 794241, 0, 0
1163000, 795037, 0, 0
1164000, 797631, 0, 0
1165000, 794306, 0, 0
1166000, 790257, 0, 0
1167000, 790314, 0, 0
1168000, 791243, 0, 0
1169000, 791848, 0, 0
1170000, 943228, 0, 0
1171000, 793938, 0, 0
1172000, 789691, 0, 0
1173000, 791145, 0, 0
1174000, 790325, 0, 0
1175000, 792113, 0, 0
1176000, 790276, 0, 0
1177000, 793483, 0, 0
1178000, 792651, 0, 0
1179000, 791784, 0, 0
1180000, 793683, 0, 0
1181000, 809867, 0, 0
1182000, 791592, 0, 0
1183000, 794138, 0, 0
1184000, 791120, 0, 0
1185000, 791972, 0, 0
1186000, 793340, 0, 0
1187000, 793664, 0, 0
1188000, 793589, 0, 0
1189000, 795831, 0, 0
1190000, 793885, 0, 0
1191000, 793477, 0, 0
1192000, 795050, 0, 0
1193000, 794931, 0, 0
1194000, 795405, 0, 0
1195000, 792577, 0, 0
1196000, 794318, 0, 0
1197000, 793710, 0, 0
1198000, 794880, 0, 0
1199000, 797103, 0, 0
1200000, 795024, 0, 0
1200000, 926517, 0, 0
