1013, 281269741, 0, 0
2046, 370868424, 0, 0
3042, 179651182, 0, 0
4033, 307181488, 0, 0
5043, 144689672, 0, 0
6051, 273654255, 0, 0
7034, 276107568, 0, 0
8049, 289839214, 0, 0
9036, 309569845, 0, 0
10003, 269095886, 0, 0
11030, 305702821, 0, 0
12029, 328980651, 0, 0
13060, 284880420, 0, 0
14021, 276923904, 0, 0
15002, 318724837, 0, 0
16023, 312829190, 0, 0
17004, 310267704, 0, 0
18019, 320533439, 0, 0
19022, 285973586, 0, 0
20013, 259900843, 0, 0
21007, 312977073, 0, 0
22000, 282518067, 0, 0
23006, 320085021, 0, 0
24036, 298189730, 0, 0
25018, 274778354, 0, 0
26049, 285097279, 0, 0
27052, 297106369, 0, 0
28055, 269000066, 0, 0
29029, 306798650, 0, 0
30049, 343012386, 0, 0
31036, 273809369, 0, 0
32033, 279037174, 0, 0
33025, 279680366, 0, 0
34045, 287589096, 0, 0
35013, 268257180, 0, 0
36004, 343172932, 0, 0
37045, 293585848, 0, 0
38017, 296711950, 0, 0
39050, 293587663, 0, 0
40012, 281430027, 0, 0
41028, 307013444, 0, 0
42050, 243924068, 0, 0
43029, 230435444, 0, 0
44052, 293255351, 0, 0
45018, 297950806, 0, 0
46030, 306270861, 0, 0
47019, 266968174, 0, 0
48034, 238245783, 0, 0
49035, 180621086, 0, 0
50022, 253495576, 0, 0
51027, 315935417, 0, 0
52017, 288433763, 0, 0
53038, 288980531, 0, 0
54054, 265410993, 0, 0
55046, 275664281, 0, 0
56027, 256466747, 0, 0
57022, 318658197, 0, 0
58056, 259038716, 0, 0
59024, 358069501, 0, 0
60013, 246726613, 0, 0
61030, 209955099, 0, 0
62039, 252881951, 0, 0
63016, 344515952, 0, 0
64010, 351553086, 0, 0
65045, 236459207, 0, 0
66012, 280811238, 0, 0
67044, 248872300, 0, 0
68014, 302605262, 0, 0
69054, 311476716, 0, 0
70016, 268558165, 0, 0
71054, 246372626, 0, 0
72024, 260794187, 0, 0
73028, 304389915, 0, 0
74008, 267942238, 0, 0
75000, 259002208, 0, 0
76025, 234550477, 0, 0
77002, 253546231, 0, 0
78030, 253635666, 0, 0
79045, 308675770, 0, 0
80016, 266599076, 0, 0
81050, 241888724, 0, 0
82033, 244141620, 0, 0
83002, 279915066, 0, 0
84041, 332515660, 0, 0
85018, 327422946, 0, 0
86048, 322884473, 0, 0
87036, 317643084, 0, 0
88048, 301112229, 0, 0
89004, 261279074, 0, 0
90005, 273096789, 0, 0
91032, 246743103, 0, 0
92006, 255992963, 0, 0
93047, 226890804, 0, 0
94010, 330489560, 0, 0
95040, 282945326, 0, 0
96051, 289338646, 0, 0
97029, 253079831, 0, 0
98016, 268200821, 0, 0
99035, 273891684, 0, 0
100000, 253342234, 0, 0
101013, 273050303, 0, 0
102012, 264641121, 0, 0
103035, 274573371, 0, 0
104007, 257815042, 0, 0
105051, 213859383, 0, 0
106020, 245449931, 0, 0
107059, 279381888, 0, 0
108037, 264256426, 0, 0
109055, 261288400, 0, 0
110008, 301806754, 0, 0
111045, 312803101, 0, 0
112051, 280185120, 0, 0
113010, 245599633, 0, 0
114032, 264860980, 0, 0
115051, 288562878, 0, 0
116005, 261236788, 0, 0
117040, 306109782, 0, 0
118005, 289987560, 0, 0
119031, 311477581, 0, 0
120017, 291050185, 0, 0
121047, 283860080, 0, 0
122020, 267973791, 0, 0
123023, 280794658, 0, 0
124043, 301954277, 0, 0
125057, 271148547, 0, 0
126001, 278599304, 0, 0
127004, 265492447, 0, 0
128022, 242395347, 0, 0
129050, 306071892, 0, 0
130004, 269296475, 0, 0
131004, 276137060, 0, 0
132020, 272854368, 0, 0
133021, 292376219, 0, 0
134007, 299616828, 0, 0
135017, 298078295, 0, 0
136029, 287961080, 0, 0
137016, 316665748, 0, 0
138033, 322897491, 0, 0
139046, 295066540, 0, 0
140032, 301700105, 0, 0
141017, 299410133, 0, 0
142004, 289919705, 0, 0
143040, 287571610, 0, 0
144046, 246764716, 0, 0
145026, 217329794, 0, 0
146045, 257039617, 0, 0
147013, 271119516, 0, 0
148055, 288701284, 0, 0
149017, 258013373, 0, 0
150016, 257317444, 0, 0
151031, 288885781, 0, 0
152055, 272522746, 0, 0
153028, 284378463, 0, 0
154016, 289938799, 0, 0
155006, 281219466, 0, 0
156013, 261497893, 0, 0
157038, 291848438, 0, 0
158032, 291133917, 0, 0
159056, 291722195, 0, 0
160047, 294903305, 0, 0
161040, 291173303, 0, 0
162009, 289523490, 0, 0
163015, 294129826, 0, 0
164042, 289478600, 0, 0
165000, 297905826, 0, 0
166026, 269569638, 0, 0
167013, 265350031, 0, 0
168007, 252919411, 0, 0
169044, 248624890, 0, 0
170040, 260278450, 0, 0
171039, 275600012, 0, 0
172002, 275665654, 0, 0
173039, 263868025, 0, 0
174006, 279187667, 0, 0
175051, 261744696, 0, 0
176005, 276593953, 0, 0
177014, 275037816, 0, 0
178040, 288017677, 0, 0
179007, 278428803, 0, 0
180030, 265662733, 0, 0
181039, 278013862, 0, 0
182012, 280080896, 0, 0
183026, 263789616, 0, 0
184042, 265033498, 0, 0
185009, 286753861, 0, 0
186050, 283187531, 0, 0
187018, 267316112, 0, 0
188055, 266724736, 0, 0
189047, 263513586, 0, 0
190020, 258316959, 0, 0
191018, 258137689, 0, 0
192020, 287387894, 0, 0
193045, 256536283, 0, 0
194043, 268068840, 0, 0
195041, 251297414, 0, 0
196039, 291232529, 0, 0
197027, 282264711, 0, 0
198010, 299117841, 0, 0
199026, 280757826, 0, 0
200027, 254617973, 0, 0
201014, 273246019, 0, 0
202000, 287502028, 0, 0
203021, 288162635, 0, 0
204042, 253773014, 0, 0
205021, 287460005, 0, 0
206051, 284266959, 0, 0
207009, 263862890, 0, 0
208004, 271046427, 0, 0
209054, 280895939, 0, 0
210030, 270734529, 0, 0
211004, 258159308, 0, 0
212040, 279448095, 0, 0
213051, 283325820, 0, 0
214041, 264145951, 0, 0
215008, 255104831, 0, 0
216033, 263825626, 0, 0
217021, 284956826, 0, 0
218053, 237156282, 0, 0
219025, 273823539, 0, 0
220050, 251096764, 0, 0
221030, 263907420, 0, 0
222044, 272635657, 0, 0
223001, 290595179, 0, 0
224009, 268514147, 0, 0
225025, 251668333, 0, 0
226008, 299109121, 0, 0
227006, 265945183, 0, 0
228030, 238315314, 0, 0
229051, 268698905, 0, 0
230000, 276017779, 0, 0
231009, 279235126, 0, 0
232002, 260911504, 0, 0
233040, 288006103, 0, 0
234009, 247639773, 0, 0
235002, 248225255, 0, 0
236047, 251891889, 0, 0
237013, 276403931, 0, 0
238019, 271085608, 0, 0
239026, 260818554, 0, 0
240018, 267126135, 0, 0
241020, 260650270, 0, 0
242011, 261061492, 0, 0
243016, 272542199, 0, 0
244029, 286592617, 0, 0
245017, 287735454, 0, 0
246039, 290396967, 0, 0
247033, 290212984, 0, 0
248017, 266816511, 0, 0
249049, 279281231, 0, 0
250024, 298998340, 0, 0
251038, 246709743, 0, 0
252020, 261558240, 0, 0
253040, 290500650, 0, 0
254048, 270043252, 0, 0
255038, 271706181, 0, 0
256050, 245927667, 0, 0
257030, 283231743, 0, 0
258008, 303594394, 0, 0
259004, 292705452, 0, 0
260026, 295741999, 0, 0
261019, 256867642, 0, 0
262048, 243319175, 0, 0
263050, 264078597, 0, 0
264025, 266553526, 0, 0
265000, 256318891, 0, 0
266034, 256986050, 0, 0
267017, 265407965, 0, 0
268030, 284591677, 0, 0
269044, 269411909, 0, 0
270013, 241097994, 0, 0
271019, 292405779, 0, 0
272039, 280218568, 0, 0
273029, 278324640, 0, 0
274014, 263130304, 0, 0
275041, 279272483, 0, 0
276035, 263578522, 0, 0
277046, 285333674, 0, 0
278062, 273904177, 0, 0
279029, 282496217, 0, 0
280040, 285749043, 0, 0
281037, 287607782, 0, 0
282041, 274909821, 0, 0
283030, 273813801, 0, 0
284030, 312574220, 0, 0
285050, 293184144, 0, 0
286017, 279723355, 0, 0
287020, 287237123, 0, 0
288036, 258645484, 0, 0
289021, 263343170, 0, 0
290028, 272067340, 0, 0
291036, 254360589, 0, 0
292037, 274240127, 0, 0
293010, 295431323, 0, 0
294023, 280571589, 0, 0
295022, 298734643, 0, 0
296001, 245282531, 0, 0
297060, 252800841, 0, 0
298012, 284409726, 0, 0
299040, 274509442, 0, 0
300014, 265465502, 0, 0
301002, 277676210, 0, 0
302051, 254705780, 0, 0
303040, 302436450, 0, 0
304000, 271082541, 0, 0
305019, 283039855, 0, 0
306045, 276132907, 0, 0
307044, 293469007, 0, 0
308045, 267857333, 0, 0
309036, 306384246, 0, 0
310055, 284037636, 0, 0
311029, 280251557, 0, 0
312068, 280989622, 0, 0
313017, 287762351, 0, 0
314005, 264133330, 0, 0
315016, 269150461, 0, 0
316023, 261847991, 0, 0
317041, 286378194, 0, 0
318056, 264522058, 0, 0
319024, 255457617, 0, 0
320011, 244965378, 0, 0
321020, 272748734, 0, 0
322016, 283557751, 0, 0
323049, 279676401, 0, 0
324009, 246178754, 0, 0
325026, 282594762, 0, 0
326038, 260765850, 0, 0
327053, 267090744, 0, 0
328016, 284610859, 0, 0
329045, 287903535, 0, 0
330012, 269459772, 0, 0
331056, 284733946, 0, 0
332033, 261450260, 0, 0
333045, 313957574, 0, 0
334002, 283317604, 0, 0
335023, 279461334, 0, 0
336019, 284175216, 0, 0
337002, 301478624, 0, 0
338020, 309569996, 0, 0
339012, 285342301, 0, 0
340039, 268989041, 0, 0
341029, 308200352, 0, 0
342045, 265238061, 0, 0
343031, 280620035, 0, 0
344033, 271796805, 0, 0
345041, 265470660, 0, 0
346024, 262085056, 0, 0
347010, 268627730, 0, 0
348021, 254885867, 0, 0
349046, 282132421, 0, 0
350014, 276978851, 0, 0
351040, 270605355, 0, 0
352011, 270456435, 0, 0
353001, 259486294, 0, 0
354031, 285431931, 0, 0
355053, 291773447, 0, 0
356011, 288864441, 0, 0
357001, 271701642, 0, 0
358021, 269699147, 0, 0
359020, 267587179, 0, 0
360035, 284488657, 0, 0
361034, 279631960, 0, 0
362036, 276053568, 0, 0
363057, 269448722, 0, 0
364044, 258501506, 0, 0
365037, 276206071, 0, 0
366003, 273933018, 0, 0
367017, 287397880, 0, 0
368021, 274028199, 0, 0
369044, 264536988, 0, 0
370022, 269316619, 0, 0
371027, 308709715, 0, 0
372034, 279576507, 0, 0
373012, 280521173, 0, 0
374053, 285281295, 0, 0
375045, 252465801, 0, 0
376033, 266394012, 0, 0
377000, 267434379, 0, 0
378042, 295697822, 0, 0
379021, 262940789, 0, 0
380021, 287892947, 0, 0
381002, 294704076, 0, 0
382004, 289641386, 0, 0
383033, 273496043, 0, 0
384035, 285962985, 0, 0
385039, 288741553, 0, 0
386015, 292343846, 0, 0
387031, 290129807, 0, 0
388016, 283344799, 0, 0
389026, 274811817, 0, 0
390035, 298672720, 0, 0
391009, 309381321, 0, 0
392002, 341019736, 0, 0
393048, 283950540, 0, 0
394003, 283151027, 0, 0
395039, 272955765, 0, 0
396037, 264070564, 0, 0
397030, 282850969, 0, 0
398001, 278840429, 0, 0
399034, 280159817, 0, 0
400024, 268945542, 0, 0
401012, 295058315, 0, 0
402025, 265821116, 0, 0
403005, 268865968, 0, 0
404047, 283463490, 0, 0
405049, 283513798, 0, 0
406046, 244897602, 0, 0
407018, 260608291, 0, 0
408006, 308917832, 0, 0
409024, 252289170, 0, 0
410006, 253334205, 0, 0
411000, 262117843, 0, 0
412043, 270029651, 0, 0
413001, 280764430, 0, 0
414018, 274789348, 0, 0
415047, 270520341, 0, 0
416023, 270980926, 0, 0
417033, 284250656, 0, 0
418003, 253224940, 0, 0
419045, 295484866, 0, 0
420017, 288156115, 0, 0
421042, 268227510, 0, 0
422004, 272472570, 0, 0
423058, 264842685, 0, 0
424020, 299999512, 0, 0
425014, 262208041, 0, 0
426016, 279061258, 0, 0
427039, 276224432, 0, 0
428002, 234681004, 0, 0
429002, 264097522, 0, 0
430006, 258697485, 0, 0
431052, 292122607, 0, 0
432060, 261872596, 0, 0
433024, 264017280, 0, 0
434029, 276747607, 0, 0
435046, 284191649, 0, 0
436033, 277483744, 0, 0
437019, 283853504, 0, 0
438026, 251936573, 0, 0
439017, 275310327, 0, 0
440020, 263642878, 0, 0
441045, 292776748, 0, 0
442016, 289623581, 0, 0
443008, 280882106, 0, 0
444024, 278529930, 0, 0
445049, 262008860, 0, 0
446006, 288890971, 0, 0
447039, 271958029, 0, 0
448048, 271548899, 0, 0
449058, 274648319, 0, 0
450033, 272213802, 0, 0
451043, 253377834, 0, 0
452034, 296428973, 0, 0
453000, 297111560, 0, 0
454014, 271506096, 0, 0
455021, 286921471, 0, 0
456008, 282835961, 0, 0
457047, 279174333, 0, 0
458007, 266397636, 0, 0
459026, 308822686, 0, 0
460061, 280060862, 0, 0
461028, 260451543, 0, 0
462023, 283914520, 0, 0
463044, 290242035, 0, 0
464016, 289846479, 0, 0
465012, 272516982, 0, 0
466018, 249851508, 0, 0
467004, 305010519, 0, 0
468011, 255712642, 0, 0
469038, 265538790, 0, 0
470025, 282160495, 0, 0
471023, 262052213, 0, 0
472041, 298768367, 0, 0
473039, 287427930, 0, 0
474046, 260112846, 0, 0
475016, 264167491, 0, 0
476035, 267512349, 0, 0
477009, 285616938, 0, 0
478013, 271666322, 0, 0
479055, 274361420, 0, 0
480024, 279510763, 0, 0
481004, 269964730, 0, 0
482026, 273357474, 0, 0
483024, 279835578, 0, 0
484011, 280714064, 0, 0
485047, 277846910, 0, 0
486033, 260841550, 0, 0
487025, 267731848, 0, 0
488000, 281530505, 0, 0
489046, 285031836, 0, 0
490029, 265416023, 0, 0
491025, 257890981, 0, 0
492046, 265433229, 0, 0
493032, 282366581, 0, 0
494041, 291972439, 0, 0
495012, 277905613, 0, 0
496029, 307906491, 0, 0
497001, 274216777, 0, 0
498051, 263885383, 0, 0
499056, 259964779, 0, 0
500031, 283438982, 0, 0
501034, 264918067, 0, 0
502028, 264289702, 0, 0
503035, 281001834, 0, 0
504042, 259213014, 0, 0
505022, 260354162, 0, 0
506020, 249150939, 0, 0
507027, 254223411, 0, 0
508011, 253683720, 0, 0
509053, 281951287, 0, 0
510056, 288404980, 0, 0
511029, 291325044, 0, 0
512024, 273575692, 0, 0
513000, 285314918, 0, 0
514027, 282810285, 0, 0
515042, 268840205, 0, 0
516029, 281310893, 0, 0
517021, 278119687, 0, 0
518022, 304168220, 0, 0
519026, 285111727, 0, 0
520041, 254919508, 0, 0
521026, 263031253, 0, 0
522010, 259284194, 0, 0
523057, 264803471, 0, 0
524057, 241059499, 0, 0
525044, 257565778, 0, 0
526057, 307025135, 0, 0
527015, 266445442, 0, 0
528034, 252341591, 0, 0
529037, 273345053, 0, 0
530018, 267891092, 0, 0
531026, 267511493, 0, 0
532012, 260256304, 0, 0
533049, 295642071, 0, 0
534010, 311309811, 0, 0
535012, 266199386, 0, 0
536042, 273304354, 0, 0
537050, 262640513, 0, 0
538011, 283971358, 0, 0
539033, 262724620, 0, 0
540053, 264612153, 0, 0
541011, 255387649, 0, 0
542033, 297106143, 0, 0
543026, 275066483, 0, 0
544053, 287601154, 0, 0
545054, 289162985, 0, 0
546007, 273351123, 0, 0
547046, 289341056, 0, 0
548018, 288788507, 0, 0
549034, 274852502, 0, 0
550050, 269627218, 0, 0
551022, 320556600, 0, 0
552008, 286351801, 0, 0
553020, 274772537, 0, 0
554015, 267605440, 0, 0
555032, 282593291, 0, 0
556044, 253803887, 0, 0
557047, 265457166, 0, 0
558007, 289698168, 0, 0
559013, 263280438, 0, 0
560026, 275201625, 0, 0
561047, 269287095, 0, 0
562034, 263414701, 0, 0
563022, 294362736, 0, 0
564001, 281726024, 0, 0
565046, 254999642, 0, 0
566041, 270491571, 0, 0
567006, 267026708, 0, 0
568051, 273850481, 0, 0
569032, 284518604, 0, 0
570040, 262330905, 0, 0
571024, 254529559, 0, 0
572013, 276159509, 0, 0
573037, 275799752, 0, 0
574006, 265575797, 0, 0
575053, 269163110, 0, 0
576013, 276383241, 0, 0
577001, 289663387, 0, 0
578019, 253491505, 0, 0
579014, 275232678, 0, 0
580041, 299707597, 0, 0
581018, 272311635, 0, 0
582055, 268985070, 0, 0
583017, 320457617, 0, 0
584041, 252926089, 0, 0
585059, 280294698, 0, 0
586008, 254320771, 0, 0
587010, 292947177, 0, 0
588054, 245193097, 0, 0
589036, 277062241, 0, 0
590025, 300658485, 0, 0
591039, 272467253, 0, 0
592029, 278366470, 0, 0
593048, 289055427, 0, 0
594051, 278849628, 0, 0
595022, 264532905, 0, 0
596000, 279324887, 0, 0
597039, 298627497, 0, 0
598004, 283247230, 0, 0
599024, 271780450, 0, 0
600007, 276277215, 0, 0
601014, 264687802, 0, 0
602048, 269428362, 0, 0
603008, 248964165, 0, 0
604042, 315523523, 0, 0
605042, 259633187, 0, 0
606048, 265750189, 0, 0
607033, 283157550, 0, 0
608018, 273448481, 0, 0
609044, 286590856, 0, 0
610045, 262658167, 0, 0
611042, 294597359, 0, 0
612031, 284787074, 0, 0
613002, 285129660, 0, 0
614024, 293030227, 0, 0
615003, 262056143, 0, 0
616004, 294994938, 0, 0
617008, 232603494, 0, 0
618031, 273728987, 0, 0
619032, 266273427, 0, 0
620020, 279905532, 0, 0
621034, 283977359, 0, 0
622058, 253483587, 0, 0
623003, 261238168, 0, 0
624032, 264186853, 0, 0
625046, 271313979, 0, 0
626023, 258337570, 0, 0
627049, 262166048, 0, 0
628008, 258046104, 0, 0
629011, 261105251, 0, 0
630023, 287011705, 0, 0
631001, 299638292, 0, 0
632002, 279543672, 0, 0
633011, 266741693, 0, 0
634036, 283269261, 0, 0
635008, 267957245, 0, 0
636022, 252203874, 0, 0
637040, 268404137, 0, 0
638045, 283469844, 0, 0
639015, 273452902, 0, 0
640049, 263816201, 0, 0
641041, 268352177, 0, 0
642011, 256222273, 0, 0
643004, 252498590, 0, 0
644028, 258280545, 0, 0
645011, 281534648, 0, 0
646000, 266158824, 0, 0
647045, 268702603, 0, 0
648046, 305157705, 0, 0
649006, 260810540, 0, 0
650010, 257423554, 0, 0
651005, 259909596, 0, 0
652024, 244688345, 0, 0
653035, 250925605, 0, 0
654021, 268383742, 0, 0
655015, 279621558, 0, 0
656017, 275328052, 0, 0
657032, 269896041, 0, 0
658031, 287061574, 0, 0
659022, 272016515, 0, 0
660000, 268713128, 0, 0
661011, 288476185, 0, 0
662037, 266932087, 0, 0
663062, 274496693, 0, 0
664020, 297187933, 0, 0
665002, 291542692, 0, 0
666003, 288524630, 0, 0
667034, 292772992, 0, 0
668044, 282919378, 0, 0
669039, 274484631, 0, 0
670033, 262766569, 0, 0
671009, 292616853, 0, 0
672035, 260381608, 0, 0
673038, 270720605, 0, 0
674036, 286860027, 0, 0
675028, 281796202, 0, 0
676048, 274388516, 0, 0
677037, 272445429, 0, 0
678006, 264342541, 0, 0
679003, 250297742, 0, 0
680019, 272514913, 0, 0
681024, 289406798, 0, 0
682038, 272845993, 0, 0
683017, 239631022, 0, 0
684033, 269048388, 0, 0
685022, 260555404, 0, 0
686048, 249395114, 0, 0
687004, 269285940, 0, 0
688041, 274136055, 0, 0
689048, 262329980, 0, 0
690027, 302753189, 0, 0
691039, 259660095, 0, 0
692018, 296518003, 0, 0
693042, 268552447, 0, 0
694013, 266992938, 0, 0
695024, 283709313, 0, 0
696037, 272337029, 0, 0
697044, 257444009, 0, 0
698038, 254339387, 0, 0
699003, 254287077, 0, 0
700013, 263680350, 0, 0
701002, 280943492, 0, 0
702028, 275629225, 0, 0
703027, 246584419, 0, 0
704054, 279465239, 0, 0
705057, 260466651, 0, 0
706051, 258000570, 0, 0
707042, 247937811, 0, 0
708047, 263497995, 0, 0
709013, 263817889, 0, 0
710007, 261408508, 0, 0
711036, 276505534, 0, 0
712031, 265499170, 0, 0
713048, 274425681, 0, 0
714035, 274062172, 0, 0
715016, 287179002, 0, 0
716055, 274990407, 0, 0
717003, 294923505, 0, 0
718054, 273851799, 0, 0
719045, 294773475, 0, 0
720048, 242481386, 0, 0
721054, 265951546, 0, 0
722008, 235449703, 0, 0
723051, 277549490, 0, 0
724025, 273309062, 0, 0
725040, 271365789, 0, 0
726005, 264125771, 0, 0
727029, 277492661, 0, 0
728055, 286389589, 0, 0
729021, 302488775, 0, 0
730047, 296450206, 0, 0
731019, 277343311, 0, 0
732003, 269673815, 0, 0
733033, 277469120, 0, 0
734023, 273007076, 0, 0
735034, 300058661, 0, 0
736002, 272879930, 0, 0
737030, 285518219, 0, 0
738004, 259679597, 0, 0
739060, 283551969, 0, 0
740022, 291596085, 0, 0
741031, 265943018, 0, 0
742050, 261655298, 0, 0
743072, 279075440, 0, 0
744045, 264482983, 0, 0
745009, 315348559, 0, 0
746056, 278895864, 0, 0
747021, 267640142, 0, 0
748039, 280968659, 0, 0
749009, 293305162, 0, 0
750007, 270609296, 0, 0
751045, 260118011, 0, 0
752049, 273718262, 0, 0
753030, 311245225, 0, 0
754032, 258062421, 0, 0
755002, 239448499, 0, 0
756040, 288617801, 0, 0
757004, 270770604, 0, 0
758003, 290877952, 0, 0
759026, 270057357, 0, 0
760016, 250618210, 0, 0
761007, 272615661, 0, 0
762015, 272364534, 0, 0
763011, 272782977, 0, 0
764058, 274681665, 0, 0
765003, 273623436, 0, 0
766022, 265286686, 0, 0
767046, 277619561, 0, 0
768046, 266131704, 0, 0
769045, 269054338, 0, 0
770046, 266231671, 0, 0
771007, 284720708, 0, 0
772038, 296955374, 0, 0
773027, 264000443, 0, 0
774019, 275616315, 0, 0
775046, 273592921, 0, 0
776033, 279388069, 0, 0
777037, 284747060, 0, 0
778030, 301471341, 0, 0
779017, 306618295, 0, 0
780034, 274875119, 0, 0
781002, 268634789, 0, 0
782026, 274037078, 0, 0
783039, 267567414, 0, 0
784053, 266183485, 0, 0
785001, 270325749, 0, 0
786019, 252529138, 0, 0
787032, 242668651, 0, 0
788046, 279760376, 0, 0
789027, 274391384, 0, 0
790002, 254527821, 0, 0
791018, 262245714, 0, 0
792042, 299518061, 0, 0
793043, 282235769, 0, 0
794027, 278031526, 0, 0
795059, 275262623, 0, 0
796043, 280894679, 0, 0
797016, 254415066, 0, 0
798032, 267660309, 0, 0
799027, 272989519, 0, 0
800041, 280801029, 0, 0
801048, 297085667, 0, 0
802005, 268707064, 0, 0
803016, 265295743, 0, 0
804047, 287948957, 0, 0
805017, 276128465, 0, 0
806016, 303368530, 0, 0
807040, 262636958, 0, 0
808037, 273166204, 0, 0
809063, 277062055, 0, 0
810029, 252727198, 0, 0
811065, 275271674, 0, 0
812030, 325667144, 0, 0
813063, 254374595, 0, 0
814049, 283736129, 0, 0
815029, 267862456, 0, 0
816056, 287254864, 0, 0
817019, 293810073, 0, 0
818034, 280021885, 0, 0
819032, 258226320, 0, 0
820025, 253007615, 0, 0
821010, 291679627, 0, 0
822014, 292722235, 0, 0
823052, 276367391, 0, 0
824027, 299226181, 0, 0
825047, 287511869, 0, 0
826029, 268434237, 0, 0
827013, 277512459, 0, 0
828029, 285606186, 0, 0
829044, 274233450, 0, 0
830052, 259752524, 0, 0
831023, 256396107, 0, 0
832007, 271206068, 0, 0
833043, 284139000, 0, 0
834049, 255356872, 0, 0
835028, 273332903, 0, 0
836007, 239952180, 0, 0
837038, 267280749, 0, 0
838017, 263713564, 0, 0
839032, 251516909, 0, 0
840002, 287007583, 0, 0
841044, 290060008, 0, 0
842001, 274620589, 0, 0
843031, 273497096, 0, 0
844014, 296900776, 0, 0
845035, 272195176, 0, 0
846044, 252528265, 0, 0
847021, 277056965, 0, 0
848045, 244590422, 0, 0
849014, 262675244, 0, 0
850014, 266832707, 0, 0
851027, 247006040, 0, 0
852039, 268729511, 0, 0
853052, 266302366, 0, 0
854000, 272684649, 0, 0
855009, 277180241, 0, 0
856042, 257961145, 0, 0
857050, 240504073, 0, 0
858016, 279532143, 0, 0
859010, 331727517, 0, 0
860020, 248240143, 0, 0
861026, 285207797, 0, 0
862050, 281882619, 0, 0
863012, 254309898, 0, 0
864000, 281201819, 0, 0
865014, 282171240, 0, 0
866038, 267136317, 0, 0
867052, 315605706, 0, 0
868014, 260647822, 0, 0
869056, 270838922, 0, 0
870045, 279832260, 0, 0
871001, 285375390, 0, 0
872050, 298054482, 0, 0
873039, 286300314, 0, 0
874025, 257286018, 0, 0
875034, 261045631, 0, 0
876008, 258067984, 0, 0
877027, 274668103, 0, 0
878059, 241203809, 0, 0
879047, 275543791, 0, 0
880015, 271087657, 0, 0
881020, 277442273, 0, 0
882022, 272378704, 0, 0
883044, 265497164, 0, 0
884024, 265603517, 0, 0
885023, 283187234, 0, 0
886051, 275428194, 0, 0
887001, 269027749, 0, 0
888040, 274176809, 0, 0
889018, 291222189, 0, 0
890006, 274740709, 0, 0
891027, 256587516, 0, 0
892009, 294469631, 0, 0
893039, 275131860, 0, 0
894018, 267578801, 0, 0
895058, 247326202, 0, 0
896051, 260618823, 0, 0
897027, 268435123, 0, 0
898032, 284030428, 0, 0
899018, 265980950, 0, 0
900031, 287530590, 0, 0
901057, 259900847, 0, 0
902002, 262412501, 0, 0
903054, 272360540, 0, 0
904053, 285643211, 0, 0
905008, 265177777, 0, 0
906042, 287989595, 0, 0
907011, 264265809, 0, 0
908013, 286741016, 0, 0
909008, 278601264, 0, 0
910029, 260889052, 0, 0
911046, 292381920, 0, 0
912012, 288427763, 0, 0
913015, 301233432, 0, 0
914051, 261183211, 0, 0
915012, 276368529, 0, 0
916034, 270963525, 0, 0
917045, 282423746, 0, 0
918043, 301503301, 0, 0
919002, 296838133, 0, 0
920035, 283040018, 0, 0
921011, 250564148, 0, 0
922044, 279982010, 0, 0
923045, 292556102, 0, 0
924057, 287144507, 0, 0
925017, 300935461, 0, 0
926006, 284463725, 0, 0
927016, 238276230, 0, 0
928007, 294572855, 0, 0
929013, 275320296, 0, 0
930022, 264842639, 0, 0
931000, 277896499, 0, 0
932047, 258582300, 0, 0
933037, 283084499, 0, 0
934053, 295164718, 0, 0
935007, 252492593, 0, 0
936045, 253746192, 0, 0
937024, 277337847, 0, 0
938061, 273155804, 0, 0
939056, 287254483, 0, 0
940036, 275837055, 0, 0
941011, 303544930, 0, 0
942022, 289662633, 0, 0
943046, 261199389, 0, 0
944019, 265531035, 0, 0
945004, 258742235, 0, 0
946007, 243684172, 0, 0
947031, 262199455, 0, 0
948051, 243361221, 0, 0
949048, 246784865, 0, 0
950020, 260227478, 0, 0
951013, 274704541, 0, 0
952017, 286559647, 0, 0
953031, 267769067, 0, 0
954018, 262800130, 0, 0
955047, 263558922, 0, 0
956050, 272086766, 0, 0
957001, 251112901, 0, 0
958016, 287916800, 0, 0
959051, 251449282, 0, 0
960048, 244049386, 0, 0
961044, 267162121, 0, 0
962012, 286529261, 0, 0
963001, 291524000, 0, 0
964003, 272633491, 0, 0
965019, 301668651, 0, 0
966053, 284062473, 0, 0
967016, 271932563, 0, 0
968020, 286529289, 0, 0
969031, 258036752, 0, 0
970039, 286470586, 0, 0
971038, 289211069, 0, 0
972024, 270906345, 0, 0
973002, 280666259, 0, 0
974003, 250431620, 0, 0
975000, 290801389, 0, 0
976012, 251636002, 0, 0
977030, 297988542, 0, 0
978036, 280221035, 0, 0
979000, 278308991, 0, 0
980054, 275930532, 0, 0
981041, 281647614, 0, 0
982039, 281973138, 0, 0
983022, 294615059, 0, 0
984001, 277009853, 0, 0
985027, 279064498, 0, 0
986035, 246155901, 0, 0
987002, 277034016, 0, 0
988041, 270446766, 0, 0
989052, 246353067, 0, 0
990000, 294328344, 0, 0
991010, 266260709, 0, 0
992010, 291266666, 0, 0
993052, 286397654, 0, 0
994011, 282917853, 0, 0
995049, 299091516, 0, 0
996010, 262353178, 0, 0
997030, 278266007, 0, 0
998020, 286039826, 0, 0
999042, 269467629, 0, 0
1000011, 282866949, 0, 0
1001015, 280781456, 0, 0
1002007, 258365990, 0, 0
1003049, 272350768, 0, 0
1004042, 301495744, 0, 0
1005005, 265393174, 0, 0
1006025, 291655480, 0, 0
1007019, 290388728, 0, 0
1008016, 300177310, 0, 0
1009028, 278347804, 0, 0
1010051, 274645253, 0, 0
1011048, 281162152, 0, 0
1012050, 267457769, 0, 0
1013057, 267649357, 0, 0
1014001, 229361755, 0, 0
1015013, 267591001, 0, 0
1016034, 273712190, 0, 0
1017006, 283785005, 0, 0
1018043, 255885282, 0, 0
1019056, 267858032, 0, 0
1020018, 271154529, 0, 0
1021019, 260907715, 0, 0
1022040, 270093739, 0, 0
1023053, 278378403, 0, 0
1024028, 255749629, 0, 0
1025048, 281849813, 0, 0
1026054, 279700128, 0, 0
1027014, 268387061, 0, 0
1028036, 259390770, 0, 0
1029028, 298439284, 0, 0
1030002, 265873054, 0, 0
1031001, 249210681, 0, 0
1032023, 281069733, 0, 0
1033001, 277393345, 0, 0
1034020, 243524119, 0, 0
1035007, 260263309, 0, 0
1036031, 271651587, 0, 0
1037040, 270192210, 0, 0
1038035, 269020932, 0, 0
1039041, 271071205, 0, 0
1040041, 264273986, 0, 0
1041012, 266261055, 0, 0
1042018, 282595523, 0, 0
1043041, 278887946, 0, 0
1044004, 282066222, 0, 0
1045023, 293409864, 0, 0
1046055, 301999961, 0, 0
1047008, 245077525, 0, 0
1048024, 273859504, 0, 0
1049033, 263070996, 0, 0
1050018, 278196233, 0, 0
1051054, 286871753, 0, 0
1052032, 273644743, 0, 0
1053044, 279959801, 0, 0
1054049, 310464141, 0, 0
1055039, 310799711, 0, 0
1056005, 247658582, 0, 0
1057005, 270566027, 0, 0
1058025, 277968651, 0, 0
1059019, 269572123, 0, 0
1060030, 289666701, 0, 0
1061040, 249033763, 0, 0
1062020, 241354189, 0, 0
1063010, 295084395, 0, 0
1064015, 283829303, 0, 0
1065042, 305746713, 0, 0
1066052, 280559783, 0, 0
1067001, 287398991, 0, 0
1068005, 288168398, 0, 0
1069012, 293539606, 0, 0
1070002, 278868284, 0, 0
1071030, 266762255, 0, 0
1072049, 250653730, 0, 0
1073035, 295454074, 0, 0
1074005, 282869658, 0, 0
1075039, 280741886, 0, 0
1076017, 272874763, 0, 0
1077043, 286506775, 0, 0
1078023, 277482603, 0, 0
1079020, 294639231, 0, 0
1080059, 269577101, 0, 0
1081024, 283877108, 0, 0
1082030, 284355692, 0, 0
1083042, 278408541, 0, 0
1084016, 242060652, 0, 0
1085028, 264112493, 0, 0
1086039, 262899636, 0, 0
1087023, 277870852, 0, 0
1088049, 267599473, 0, 0
1089005, 270091099, 0, 0
1090049, 274678837, 0, 0
1091053, 274482519, 0, 0
1092011, 270853592, 0, 0
1093016, 259731887, 0, 0
1094007, 272418521, 0, 0
1095023, 276370872, 0, 0
1096036, 273157576, 0, 0
1097035, 272832646, 0, 0
1098044, 269131439, 0, 0
1099019, 260664950, 0, 0
1100011, 262106568, 0, 0
1101002, 263494171, 0, 0
1102056, 262511308, 0, 0
1103049, 280414195, 0, 0
1104045, 279770390, 0, 0
1105055, 286304628, 0, 0
1106054, 276909780, 0, 0
1107013, 281418620, 0, 0
1108033, 263979836, 0, 0
1109012, 275842915, 0, 0
1110036, 262657518, 0, 0
1111033, 285070867, 0, 0
1112035, 243257831, 0, 0
1113027, 268294484, 0, 0
1114035, 272362174, 0, 0
1115035, 258259890, 0, 0
1116021, 260859144, 0, 0
1117017, 251273181, 0, 0
1118049, 261783077, 0, 0
1119023, 291388220, 0, 0
1120023, 248646174, 0, 0
1121023, 277321913, 0, 0
1122004, 256586972, 0, 0
1123032, 296782435, 0, 0
1124041, 284943478, 0, 0
1125018, 236858667, 0, 0
1126044, 337345279, 0, 0
1127011, 299073529, 0, 0
1128047, 277285351, 0, 0
1129019, 283959502, 0, 0
1130003, 289169727, 0, 0
1131033, 295439975, 0, 0
1132047, 271695463, 0, 0
1133005, 283179337, 0, 0
1134051, 268197042, 0, 0
1135036, 271122085, 0, 0
1136021, 258799674, 0, 0
1137042, 279325837, 0, 0
1138028, 309859864, 0, 0
1139043, 288089579, 0, 0
1140037, 277321305, 0, 0
1141012, 288821790, 0, 0
1142024, 261558536, 0, 0
1143011, 287426288, 0, 0
1144029, 267998918, 0, 0
1145011, 243292162, 0, 0
1146051, 253843826, 0, 0
1147026, 285145552, 0, 0
1148034, 267008805, 0, 0
1149010, 281920404, 0, 0
1150011, 260298164, 0, 0
1151035, 292742524, 0, 0
1152005, 258208324, 0, 0
1153012, 272771167, 0, 0
1154041, 270451035, 0, 0
1155053, 274111982, 0, 0
1156057, 252457417, 0, 0
1157019, 253415873, 0, 0
1158041, 271516959, 0, 0
1159043, 272177282, 0, 0
1160035, 268894180, 0, 0
1161045, 269988384, 0, 0
1162012, 272981540, 0, 0
1163005, 269780181, 0, 0
1164029, 255666777, 0, 0
1165005, 263828520, 0, 0
1166006, 272322980, 0, 0
1167020, 276007068, 0, 0
1168019, 264019303, 0, 0
1169028, 257415585, 0, 0
1170007, 312166084, 0, 0
1171042, 282688932, 0, 0
1172015, 255081325, 0, 0
1173023, 276716949, 0, 0
1174038, 319553762, 0, 0
1175039, 274241683, 0, 0
1176030, 249875581, 0, 0
1177019, 261581052, 0, 0
1178020, 269489274, 0, 0
1179028, 242497398, 0, 0
1180047, 280930990, 0, 0
1181016, 257509838, 0, 0
1182024, 285386375, 0, 0
1183000, 267991461, 0, 0
1184046, 250181496, 0, 0
1185005, 264853007, 0, 0
1186010, 267287503, 0, 0
1187021, 271394151, 0, 0
1188006, 299496710, 0, 0
1189024, 282703899, 0, 0
1190022, 246120010, 0, 0
1191054, 273254770, 0, 0
1192021, 285230371, 0, 0
1193036, 248739017, 0, 0
1194033, 260287442, 0, 0
1195048, 276341155, 0, 0
1196049, 281688066, 0, 0
1197012, 289828085, 0, 0
1198044, 263912558, 0, 0
1199044, 272058822, 0, 0
1200054, 250269242, 0, 0
1200142, 263042465, 0, 0
