1000, 78395, 0, 0
2000, 77990, 0, 0
3000, 77653, 0, 0
3999, 77348, 0, 0
4999, 77516, 0, 0
6000, 77379, 0, 0
7000, 77240, 0, 0
8000, 77391, 0, 0
9000, 76990, 0, 0
9999, 77264, 0, 0
10999, 77209, 0, 0
12000, 77183, 0, 0
13000, 77096, 0, 0
14000, 77336, 0, 0
15000, 76981, 0, 0
15999, 77275, 0, 0
16999, 77083, 0, 0
18000, 77203, 0, 0
19000, 77139, 0, 0
20000, 77196, 0, 0
21000, 77331, 0, 0
21999, 76868, 0, 0
23000, 76729, 0, 0
24000, 77076, 0, 0
25000, 77275, 0, 0
25999, 77466, 0, 0
26999, 77138, 0, 0
27999, 77010, 0, 0
29000, 77285, 0, 0
30000, 77176, 0, 0
31000, 76985, 0, 0
31999, 77457, 0, 0
32999, 77209, 0, 0
34000, 77030, 0, 0
35000, 76959, 0, 0
36000, 77086, 0, 0
37000, 77404, 0, 0
37999, 77091, 0, 0
38999, 76840, 0, 0
40000, 77157, 0, 0
41000, 77000, 0, 0
42000, 76973, 0, 0
43000, 77124, 0, 0
43999, 77140, 0, 0
45000, 76887, 0, 0
46000, 76794, 0, 0
47000, 76797, 0, 0
48000, 77298, 0, 0
48999, 76937, 0, 0
49999, 77076, 0, 0
51000, 77088, 0, 0
52000, 76995, 0, 0
53000, 76880, 0, 0
53999, 77104, 0, 0
54999, 76998, 0, 0
56000, 77307, 0, 0
57000, 76828, 0, 0
58000, 77071, 0, 0
58999, 76751, 0, 0
59999, 77187, 0, 0
61000, 76850, 0, 0
62000, 76972, 0, 0
63000, 77418, 0, 0
64000, 76853, 0, 0
64999, 76855, 0, 0
65999, 76908, 0, 0
67000, 77070, 0, 0
68000, 76736, 0, 0
69000, 77175, 0, 0
69999, 76403, 0, 0
70999, 76997, 0, 0
71999, 76562, 0, 0
73000, 76974, 0, 0
74000, 76755, 0, 0
75000, 76621, 0, 0
75999, 76984, 0, 0
76999, 77129, 0, 0
78000, 77465, 0, 0
79000, 77202, 0, 0
80000, 76759, 0, 0
81000, 76950, 0, 0
81999, 76958, 0, 0
82999, 76901, 0, 0
84000, 76886, 0, 0
85000, 77121, 0, 0
86000, 76945, 0, 0
87000, 76804, 0, 0
87999, 76807, 0, 0
88999, 77130, 0, 0
90000, 76967, 0, 0
91000, 77051, 0, 0
92000, 77156, 0, 0
93000, 76911, 0, 0
93999, 76843, 0, 0
95000, 77013, 0, 0
96000, 76933, 0, 0
97000, 77026, 0, 0
98000, 77141, 0, 0
98999, 76950, 0, 0
99999, 76815, 0, 0
101000, 76897, 0, 0
102000, 76610, 0, 0
103000, 76831, 0, 0
103999, 76851, 0, 0
104999, 76610, 0, 0
106000, 76762, 0, 0
107000, 76911, 0, 0
108000, 76919, 0, 0
109000, 77157, 0, 0
110000, 77065, 0, 0
110999, 76856, 0, 0
112000, 76738, 0, 0
113000, 76750, 0, 0
114000, 76928, 0, 0
114999, 77080, 0, 0
115999, 63307, 0, 0
116999, 76761, 0, 0
118000, 76714, 0, 0
119000, 76864, 0, 0
120000, 76620, 0, 0
120999, 76824, 0, 0
121999, 76784, 0, 0
123000, 76976, 0, 0
124000, 77159, 0, 0
125000, 76897, 0, 0
126000, 76544, 0, 0
126999, 76776, 0, 0
127999, 76785, 0, 0
129000, 76971, 0, 0
130000, 76816, 0, 0
131000, 76653, 0, 0
132000, 76950, 0, 0
132999, 76766, 0, 0
134000, 76610, 0, 0
135000, 77122, 0, 0
136000, 77169, 0, 0
137000, 76948, 0, 0
137999, 76699, 0, 0
138999, 76651, 0, 0
140000, 76707, 0, 0
141000, 77085, 0, 0
142000, 76607, 0, 0
143000, 76744, 0, 0
143999, 77097, 0, 0
145000, 75844, 0, 0
146000, 77431, 0, 0
147000, 77145, 0, 0
148000, 76796, 0, 0
148999, 76398, 0, 0
150000, 77095, 0, 0
151000, 76980, 0, 0
152000, 77005, 0, 0
153000, 77019, 0, 0
154000, 76914, 0, 0
154999, 77029, 0, 0
156000, 77071, 0, 0
157000, 77128, 0, 0
158000, 77093, 0, 0
159000, 77083, 0, 0
159999, 77156, 0, 0
160999, 77101, 0, 0
162000, 76439, 0, 0
163000, 76465, 0, 0
164000, 76270, 0, 0
164999, 76324, 0, 0
165999, 76314, 0, 0
167000, 80272, 0, 0
168000, 80655, 0, 0
169000, 80457, 0, 0
170000, 80848, 0, 0
170999, 80418, 0, 0
171999, 80239, 0, 0
173000, 80469, 0, 0
174000, 80741, 0, 0
175000, 80636, 0, 0
176000, 80548, 0, 0
176999, 80578, 0, 0
178000, 80810, 0, 0
179000, 80517, 0, 0
180000, 80601, 0, 0
181000, 80908, 0, 0
181999, 80593, 0, 0
182999, 80410, 0, 0
184000, 80463, 0, 0
185000, 80310, 0, 0
186000, 80612, 0, 0
187000, 79972, 0, 0
187999, 80509, 0, 0
189000, 80662, 0, 0
190000, 80588, 0, 0
191000, 80564, 0, 0
192000, 80676, 0, 0
192999, 80648, 0, 0
193999, 80678, 0, 0
195000, 80190, 0, 0
196000, 80477, 0, 0
197000, 80456, 0, 0
198000, 80537, 0, 0
198999, 80332, 0, 0
200000, 80246, 0, 0
201000, 80338, 0, 0
202000, 80502, 0, 0
203000, 80456, 0, 0
203999, 80348, 0, 0
204999, 80335, 0, 0
206000, 80291, 0, 0
207000, 80368, 0, 0
208000, 80505, 0, 0
209000, 80119, 0, 0
209999, 79963, 0, 0
211000, 80399, 0, 0
212000, 80359, 0, 0
213000, 80204, 0, 0
214000, 80509, 0, 0
214999, 80498, 0, 0
215999, 80484, 0, 0
217000, 80232, 0, 0
218000, 80209, 0, 0
219000, 80139, 0, 0
220000, 80531, 0, 0
220999, 80233, 0, 0
222000, 80331, 0, 0
223000, 80319, 0, 0
224000, 80294, 0, 0
225000, 79984, 0, 0
225999, 80086, 0, 0
226999, 80404, 0, 0
228000, 80117, 0, 0
229000, 79918, 0, 0
230000, 80068, 0, 0
231000, 80055, 0, 0
231999, 80141, 0, 0
233000, 66883, 0, 0
234000, 80054, 0, 0
235000, 80189, 0, 0
236000, 80094, 0, 0
236999, 79976, 0, 0
237999, 80203, 0, 0
239000, 80141, 0, 0
240000, 80001, 0, 0
241000, 79988, 0, 0
242000, 80186, 0, 0
242999, 79427, 0, 0
244000, 80208, 0, 0
245000, 80024, 0, 0
246000, 80088, 0, 0
247000, 80053, 0, 0
247999, 80377, 0, 0
248999, 80064, 0, 0
250000, 79877, 0, 0
251000, 80204, 0, 0
252000, 80405, 0, 0
252999, 80285, 0, 0
253999, 79873, 0, 0
255000, 79999, 0, 0
256000, 79942, 0, 0
257000, 79813, 0, 0
258000, 79933, 0, 0
258999, 79707, 0, 0
260000, 80118, 0, 0
261000, 80248, 0, 0
262000, 79839, 0, 0
263000, 79886, 0, 0
264000, 79945, 0, 0
264999, 79976, 0, 0
266000, 79755, 0, 0
267000, 80090, 0, 0
268000, 79942, 0, 0
268999, 80039, 0, 0
269999, 79984, 0, 0
270999, 80072, 0, 0
272000, 80020, 0, 0
273000, 79682, 0, 0
274000, 79683, 0, 0
275000, 79804, 0, 0
275999, 79603, 0, 0
277000, 80211, 0, 0
278000, 79756, 0, 0
279000, 79848, 0, 0
280000, 79463, 0, 0
280999, 79970, 0, 0
281999, 79785, 0, 0
283000, 79515, 0, 0
284000, 79811, 0, 0
285000, 79811, 0, 0
286000, 79757, 0, 0
286999, 79673, 0, 0
288000, 80076, 0, 0
289000, 79682, 0, 0
290000, 79820, 0, 0
291000, 79794, 0, 0
291999, 79499, 0, 0
292999, 79819, 0, 0
294000, 80052, 0, 0
295000, 79547, 0, 0
296000, 80405, 0, 0
297000, 79839, 0, 0
297999, 79615, 0, 0
299000, 79763, 0, 0
300000, 80168, 0, 0
301000, 79686, 0, 0
302000, 79900, 0, 0
302999, 80324, 0, 0
303999, 79616, 0, 0
305000, 79568, 0, 0
306000, 79853, 0, 0
307000, 79757, 0, 0
308000, 79530, 0, 0
308999, 79912, 0, 0
310000, 79699, 0, 0
311000, 79776, 0, 0
312000, 79788, 0, 0
313000, 79767, 0, 0
313999, 79580, 0, 0
314999, 79736, 0, 0
316000, 79685, 0, 0
317000, 79726, 0, 0
318000, 79539, 0, 0
319000, 79634, 0, 0
319999, 79550, 0, 0
321000, 79648, 0, 0
322000, 79482, 0, 0
323000, 79558, 0, 0
324000, 79432, 0, 0
324999, 79568, 0, 0
325999, 79775, 0, 0
327000, 79687, 0, 0
328000, 79677, 0, 0
329000, 79334, 0, 0
329999, 79447, 0, 0
330999, 79619, 0, 0
332000, 79711, 0, 0
333000, 79525, 0, 0
334000, 79557, 0, 0
335000, 79527, 0, 0
335999, 79592, 0, 0
336999, 79660, 0, 0
338000, 79378, 0, 0
339000, 79394, 0, 0
340000, 79537, 0, 0
341000, 79470, 0, 0
341999, 79433, 0, 0
343000, 79435, 0, 0
344000, 79608, 0, 0
345000, 79611, 0, 0
346000, 79516, 0, 0
346999, 79612, 0, 0
347999, 79329, 0, 0
349000, 79449, 0, 0
350000, 64988, 0, 0
351000, 79483, 0, 0
351999, 79455, 0, 0
352999, 79877, 0, 0
354000, 79538, 0, 0
355000, 79455, 0, 0
356000, 79317, 0, 0
357000, 79601, 0, 0
357999, 79634, 0, 0
358999, 79571, 0, 0
360000, 79312, 0, 0
361000, 79298, 0, 0
362000, 79550, 0, 0
363000, 79291, 0, 0
363999, 79319, 0, 0
365000, 79191, 0, 0
366000, 79318, 0, 0
367000, 79818, 0, 0
368000, 79538, 0, 0
368999, 79384, 0, 0
369999, 79365, 0, 0
371000, 79564, 0, 0
372000, 79350, 0, 0
373000, 79239, 0, 0
373999, 79267, 0, 0
374999, 79456, 0, 0
376000, 79554, 0, 0
377000, 79320, 0, 0
378000, 79365, 0, 0
379000, 79342, 0, 0
379999, 79545, 0, 0
380999, 79367, 0, 0
382000, 78340, 0, 0
383000, 79234, 0, 0
384000, 79482, 0, 0
385000, 79365, 0, 0
385999, 79235, 0, 0
387000, 79231, 0, 0
388000, 79476, 0, 0
389000, 79450, 0, 0
390000, 79257, 0, 0
390999, 79209, 0, 0
391999, 79523, 0, 0
393000, 79084, 0, 0
394000, 79028, 0, 0
395000, 79138, 0, 0
396000, 79419, 0, 0
396999, 79354, 0, 0
397999, 79290, 0, 0
399000, 79079, 0, 0
400000, 79295, 0, 0
401000, 79219, 0, 0
402000, 79089, 0, 0
402999, 79099, 0, 0
403999, 78162, 0, 0
405000, 79211, 0, 0
406000, 79364, 0, 0
407000, 79138, 0, 0
408000, 79139, 0, 0
408999, 79051, 0, 0
410000, 79235, 0, 0
411000, 79187, 0, 0
412000, 79237, 0, 0
413000, 79272, 0, 0
413999, 79156, 0, 0
415000, 79211, 0, 0
416000, 79150, 0, 0
417000, 78963, 0, 0
418000, 79236, 0, 0
419000, 79195, 0, 0
419999, 79176, 0, 0
421000, 78696, 0, 0
422000, 79103, 0, 0
423000, 78821, 0, 0
424000, 79059, 0, 0
424999, 79095, 0, 0
425999, 79021, 0, 0
427000, 79198, 0, 0
428000, 79124, 0, 0
429000, 78989, 0, 0
430000, 79143, 0, 0
430999, 79065, 0, 0
431999, 79285, 0, 0
433000, 79084, 0, 0
434000, 79044, 0, 0
435000, 79091, 0, 0
436000, 79284, 0, 0
436999, 78826, 0, 0
437999, 78747, 0, 0
439000, 78954, 0, 0
440000, 78919, 0, 0
441000, 79003, 0, 0
441999, 78938, 0, 0
442999, 79017, 0, 0
443999, 78775, 0, 0
445000, 79005, 0, 0
446000, 78999, 0, 0
446999, 79155, 0, 0
447999, 78860, 0, 0
448999, 78982, 0, 0
450000, 78816, 0, 0
451000, 79022, 0, 0
452000, 79169, 0, 0
453000, 78909, 0, 0
453999, 78867, 0, 0
454999, 79170, 0, 0
456000, 78760, 0, 0
457000, 78855, 0, 0
458000, 78771, 0, 0
459000, 78742, 0, 0
459999, 79006, 0, 0
460999, 79027, 0, 0
462000, 78890, 0, 0
463000, 78937, 0, 0
464000, 79065, 0, 0
464999, 79043, 0, 0
465999, 78648, 0, 0
466999, 70221, 0, 0
468000, 74731, 0, 0
469000, 78910, 0, 0
470000, 78909, 0, 0
470999, 78799, 0, 0
471999, 78995, 0, 0
473000, 78943, 0, 0
474000, 78797, 0, 0
475000, 78713, 0, 0
476000, 78794, 0, 0
476999, 78972, 0, 0
477999, 79042, 0, 0
479000, 78840, 0, 0
480000, 78950, 0, 0
481000, 78958, 0, 0
482000, 78985, 0, 0
482999, 78768, 0, 0
483999, 78809, 0, 0
485000, 78892, 0, 0
486000, 78626, 0, 0
487000, 78880, 0, 0
487999, 78480, 0, 0
488999, 78795, 0, 0
490000, 78929, 0, 0
491000, 78571, 0, 0
492000, 78793, 0, 0
492999, 78845, 0, 0
493999, 78902, 0, 0
494999, 78767, 0, 0
496000, 78961, 0, 0
497000, 78932, 0, 0
498000, 79002, 0, 0
498999, 78544, 0, 0
499999, 78898, 0, 0
500999, 78747, 0, 0
502000, 79076, 0, 0
503000, 79119, 0, 0
504000, 78714, 0, 0
504999, 78813, 0, 0
505999, 78874, 0, 0
507000, 78957, 0, 0
508000, 77539, 0, 0
509000, 77594, 0, 0
510000, 78486, 0, 0
510999, 78724, 0, 0
511999, 78733, 0, 0
513000, 78550, 0, 0
514000, 78641, 0, 0
515000, 78807, 0, 0
516000, 78456, 0, 0
516999, 78672, 0, 0
517999, 78511, 0, 0
519000, 78880, 0, 0
520000, 78654, 0, 0
521000, 78473, 0, 0
522000, 78705, 0, 0
522999, 78568, 0, 0
524000, 78632, 0, 0
525000, 78719, 0, 0
526000, 78784, 0, 0
527000, 78865, 0, 0
527999, 78559, 0, 0
528999, 78798, 0, 0
530000, 78627, 0, 0
531000, 78818, 0, 0
532000, 78480, 0, 0
532999, 78621, 0, 0
533999, 78700, 0, 0
535000, 78535, 0, 0
536000, 78592, 0, 0
537000, 78621, 0, 0
538000, 78727, 0, 0
538999, 78525, 0, 0
540000, 78643, 0, 0
541000, 78437, 0, 0
542000, 78548, 0, 0
543000, 78443, 0, 0
543999, 78556, 0, 0
544999, 78583, 0, 0
546000, 78511, 0, 0
547000, 78543, 0, 0
548000, 78730, 0, 0
549000, 78459, 0, 0
549999, 78806, 0, 0
551000, 78598, 0, 0
552000, 78695, 0, 0
553000, 78477, 0, 0
554000, 78514, 0, 0
554999, 78400, 0, 0
555999, 78525, 0, 0
557000, 78402, 0, 0
558000, 78665, 0, 0
559000, 78395, 0, 0
559999, 78691, 0, 0
560999, 78401, 0, 0
562000, 78233, 0, 0
563000, 78340, 0, 0
564000, 78563, 0, 0
565000, 78517, 0, 0
565999, 78446, 0, 0
567000, 78247, 0, 0
568000, 78444, 0, 0
569000, 78538, 0, 0
570000, 78479, 0, 0
570999, 78499, 0, 0
571999, 78618, 0, 0
573000, 78630, 0, 0
574000, 78373, 0, 0
575000, 78460, 0, 0
576000, 78431, 0, 0
576999, 78373, 0, 0
578000, 78373, 0, 0
579000, 78434, 0, 0
580000, 78443, 0, 0
581000, 78458, 0, 0
581999, 78355, 0, 0
583000, 78695, 0, 0
584000, 65403, 0, 0
585000, 78300, 0, 0
586000, 78391, 0, 0
586999, 78264, 0, 0
587999, 78512, 0, 0
589000, 78497, 0, 0
590000, 78146, 0, 0
591000, 78364, 0, 0
592000, 78348, 0, 0
592999, 78399, 0, 0
594000, 78383, 0, 0
595000, 78405, 0, 0
596000, 78254, 0, 0
597000, 78238, 0, 0
597999, 78464, 0, 0
598999, 78651, 0, 0
600000, 78374, 0, 0
601000, 78300, 0, 0
602000, 78224, 0, 0
603000, 78372, 0, 0
603999, 78422, 0, 0
605000, 78237, 0, 0
606000, 78363, 0, 0
607000, 77083, 0, 0
608000, 78422, 0, 0
608999, 78244, 0, 0
609999, 78319, 0, 0
611000, 78235, 0, 0
612000, 78313, 0, 0
613000, 78485, 0, 0
614000, 78320, 0, 0
614999, 78120, 0, 0
616000, 78300, 0, 0
617000, 78140, 0, 0
618000, 78364, 0, 0
619000, 78173, 0, 0
619999, 78248, 0, 0
620999, 78218, 0, 0
622000, 78369, 0, 0
623000, 78250, 0, 0
624000, 78373, 0, 0
624999, 78259, 0, 0
625999, 78167, 0, 0
627000, 78403, 0, 0
628000, 78552, 0, 0
629000, 78153, 0, 0
629999, 78035, 0, 0
630999, 78207, 0, 0
631999, 78242, 0, 0
633000, 78235, 0, 0
634000, 78220, 0, 0
635000, 78322, 0, 0
635999, 78118, 0, 0
636999, 78322, 0, 0
637999, 78237, 0, 0
639000, 78166, 0, 0
640000, 78138, 0, 0
641000, 77954, 0, 0
641999, 78183, 0, 0
642999, 78444, 0, 0
644000, 78319, 0, 0
645000, 78069, 0, 0
646000, 78162, 0, 0
647000, 78080, 0, 0
648000, 78040, 0, 0
648999, 78035, 0, 0
650000, 78039, 0, 0
651000, 78057, 0, 0
652000, 77981, 0, 0
653000, 78131, 0, 0
653999, 78164, 0, 0
654999, 78286, 0, 0
656000, 78099, 0, 0
657000, 78078, 0, 0
658000, 78043, 0, 0
658999, 77838, 0, 0
659999, 78239, 0, 0
661000, 77850, 0, 0
662000, 78172, 0, 0
663000, 78124, 0, 0
664000, 78116, 0, 0
664999, 78036, 0, 0
666000, 77976, 0, 0
667000, 78049, 0, 0
668000, 78165, 0, 0
669000, 77925, 0, 0
669999, 78289, 0, 0
670999, 78104, 0, 0
672000, 77789, 0, 0
673000, 78259, 0, 0
674000, 78188, 0, 0
675000, 78010, 0, 0
675999, 77903, 0, 0
677000, 77994, 0, 0
678000, 78209, 0, 0
679000, 77935, 0, 0
680000, 78128, 0, 0
680999, 76567, 0, 0
681999, 78383, 0, 0
683000, 78219, 0, 0
684000, 77938, 0, 0
685000, 77895, 0, 0
685999, 77984, 0, 0
686999, 78157, 0, 0
688000, 77965, 0, 0
689000, 78178, 0, 0
690000, 77942, 0, 0
691000, 77896, 0, 0
691999, 77825, 0, 0
692999, 78078, 0, 0
694000, 78038, 0, 0
695000, 78026, 0, 0
696000, 77918, 0, 0
697000, 77964, 0, 0
697999, 77725, 0, 0
699000, 77776, 0, 0
700000, 77998, 0, 0
701000, 65415, 0, 0
702000, 77914, 0, 0
702999, 76870, 0, 0
703999, 78086, 0, 0
705000, 77937, 0, 0
706000, 78054, 0, 0
707000, 77942, 0, 0
708000, 77927, 0, 0
708999, 77645, 0, 0
710000, 78007, 0, 0
711000, 78073, 0, 0
712000, 78061, 0, 0
713000, 78034, 0, 0
713999, 77824, 0, 0
714999, 78074, 0, 0
716000, 77999, 0, 0
717000, 77905, 0, 0
718000, 77990, 0, 0
719000, 77924, 0, 0
719999, 78086, 0, 0
721000, 77993, 0, 0
722000, 77873, 0, 0
723000, 77953, 0, 0
724000, 77692, 0, 0
724999, 77888, 0, 0
725999, 78044, 0, 0
727000, 77948, 0, 0
728000, 77817, 0, 0
729000, 77901, 0, 0
730000, 77873, 0, 0
730999, 77610, 0, 0
732000, 77732, 0, 0
733000, 77973, 0, 0
734000, 77958, 0, 0
735000, 77788, 0, 0
736000, 77641, 0, 0
736999, 77902, 0, 0
738000, 77878, 0, 0
739000, 77900, 0, 0
740000, 77678, 0, 0
741000, 77728, 0, 0
741999, 77801, 0, 0
742999, 77816, 0, 0
744000, 77965, 0, 0
745000, 77739, 0, 0
746000, 77825, 0, 0
747000, 78112, 0, 0
747999, 77714, 0, 0
749000, 78251, 0, 0
750000, 77634, 0, 0
751000, 77901, 0, 0
752000, 77981, 0, 0
753001, 77872, 0, 0
753999, 77793, 0, 0
755000, 77839, 0, 0
756000, 77639, 0, 0
757000, 77946, 0, 0
758000, 77578, 0, 0
759000, 77775, 0, 0
760000, 77704, 0, 0
761000, 77544, 0, 0
762000, 77830, 0, 0
763000, 77772, 0, 0
764000, 77596, 0, 0
765000, 77716, 0, 0
766000, 77683, 0, 0
767000, 77710, 0, 0
768000, 77705, 0, 0
769000, 77563, 0, 0
769999, 77686, 0, 0
771000, 77755, 0, 0
772000, 77700, 0, 0
773000, 77527, 0, 0
774000, 77908, 0, 0
775000, 77691, 0, 0
776000, 77696, 0, 0
777000, 77829, 0, 0
778000, 77544, 0, 0
779000, 77608, 0, 0
780000, 77812, 0, 0
781000, 77591, 0, 0
782000, 77591, 0, 0
783000, 77682, 0, 0
784000, 77739, 0, 0
785000, 77639, 0, 0
786000, 77882, 0, 0
787000, 77461, 0, 0
788000, 77511, 0, 0
789000, 77695, 0, 0
790000, 77678, 0, 0
791000, 77682, 0, 0
792000, 77627, 0, 0
793000, 77832, 0, 0
794000, 77755, 0, 0
795000, 77760, 0, 0
796000, 77718, 0, 0
797000, 77302, 0, 0
798000, 77603, 0, 0
799000, 77761, 0, 0
800000, 77818, 0, 0
801000, 77642, 0, 0
802000, 77457, 0, 0
803000, 77559, 0, 0
804000, 77822, 0, 0
805000, 77714, 0, 0
806000, 77430, 0, 0
807000, 77531, 0, 0
808000, 77394, 0, 0
809000, 77366, 0, 0
810000, 77929, 0, 0
811000, 77780, 0, 0
812000, 77536, 0, 0
813000, 77573, 0, 0
814000, 77590, 0, 0
815000, 77572, 0, 0
816000, 77541, 0, 0
817000, 77400, 0, 0
818000, 64830, 0, 0
819000, 77946, 0, 0
819999, 77642, 0, 0
820999, 77659, 0, 0
822000, 77478, 0, 0
822999, 77557, 0, 0
823999, 77552, 0, 0
824999, 77358, 0, 0
825999, 77598, 0, 0
826998, 77543, 0, 0
827998, 77921, 0, 0
828998, 77576, 0, 0
829998, 77593, 0, 0
830998, 77553, 0, 0
831998, 77672, 0, 0
832998, 77784, 0, 0
833998, 77670, 0, 0
834997, 77636, 0, 0
835997, 77628, 0, 0
836997, 77905, 0, 0
837997, 77862, 0, 0
838996, 77808, 0, 0
839997, 77424, 0, 0
840997, 77578, 0, 0
841996, 77819, 0, 0
842996, 77759, 0, 0
843996, 77832, 0, 0
844996, 77856, 0, 0
845995, 77721, 0, 0
846995, 77818, 0, 0
847996, 76761, 0, 0
848996, 77904, 0, 0
849995, 77706, 0, 0
850995, 77761, 0, 0
851995, 78003, 0, 0
852995, 77899, 0, 0
853994, 77803, 0, 0
854994, 77915, 0, 0
855994, 77945, 0, 0
856994, 77888, 0, 0
857994, 77944, 0, 0
858994, 78253, 0, 0
859994, 77892, 0, 0
860993, 78018, 0, 0
861993, 78191, 0, 0
862993, 77925, 0, 0
863993, 77793, 0, 0
864992, 77997, 0, 0
865993, 78097, 0, 0
866993, 78130, 0, 0
867993, 77722, 0, 0
868992, 78029, 0, 0
869992, 77964, 0, 0
870992, 77993, 0, 0
871992, 78088, 0, 0
872991, 78028, 0, 0
873992, 77676, 0, 0
874992, 77980, 0, 0
875992, 78132, 0, 0
876991, 77577, 0, 0
877991, 78183, 0, 0
878991, 78243, 0, 0
879991, 78023, 0, 0
881000, 78132, 0, 0
882000, 77383, 0, 0
882991, 77441, 0, 0
883999, 78139, 0, 0
885000, 77397, 0, 0
886000, 77337, 0, 0
887000, 77163, 0, 0
888000, 77366, 0, 0
888999, 77294, 0, 0
889999, 77532, 0, 0
891000, 77361, 0, 0
892000, 77415, 0, 0
893000, 77340, 0, 0
894000, 77361, 0, 0
894999, 77219, 0, 0
895999, 77463, 0, 0
897000, 77157, 0, 0
898000, 77048, 0, 0
899000, 77385, 0, 0
900000, 77491, 0, 0
900999, 77318, 0, 0
901999, 77411, 0, 0
903000, 77258, 0, 0
904000, 77327, 0, 0
905000, 77121, 0, 0
906000, 77454, 0, 0
906999, 77320, 0, 0
907999, 77068, 0, 0
909000, 76963, 0, 0
910000, 77258, 0, 0
911000, 77154, 0, 0
912000, 77423, 0, 0
912999, 77179, 0, 0
913999, 77216, 0, 0
915000, 77307, 0, 0
916000, 77238, 0, 0
917000, 77478, 0, 0
918000, 77262, 0, 0
918999, 77163, 0, 0
919999, 77238, 0, 0
921000, 77336, 0, 0
922000, 77348, 0, 0
923000, 76954, 0, 0
924000, 77277, 0, 0
924999, 77095, 0, 0
925999, 77213, 0, 0
927000, 77336, 0, 0
928000, 77072, 0, 0
929000, 77110, 0, 0
930000, 77284, 0, 0
930999, 77197, 0, 0
931999, 77374, 0, 0
933000, 77346, 0, 0
934000, 77026, 0, 0
935000, 69162, 0, 0
936000, 73377, 0, 0
936999, 77113, 0, 0
937999, 77219, 0, 0
939000, 77160, 0, 0
940000, 77251, 0, 0
941000, 77091, 0, 0
941999, 77262, 0, 0
942999, 77128, 0, 0
943999, 77312, 0, 0
945000, 77019, 0, 0
946000, 77376, 0, 0
947000, 77243, 0, 0
947999, 76750, 0, 0
948999, 77161, 0, 0
949999, 77211, 0, 0
951000, 77123, 0, 0
952000, 77124, 0, 0
953000, 77046, 0, 0
953999, 77088, 0, 0
954999, 77309, 0, 0
955999, 77257, 0, 0
957000, 77133, 0, 0
958000, 77070, 0, 0
959000, 76965, 0, 0
959999, 77081, 0, 0
960999, 76085, 0, 0
962000, 77480, 0, 0
963000, 76340, 0, 0
964000, 76883, 0, 0
965000, 77190, 0, 0
965999, 77194, 0, 0
966999, 77464, 0, 0
968000, 77247, 0, 0
969000, 77139, 0, 0
970000, 77064, 0, 0
971000, 77073, 0, 0
971999, 76949, 0, 0
972999, 76914, 0, 0
974000, 76946, 0, 0
975000, 77112, 0, 0
976000, 78253, 0, 0
976999, 78583, 0, 0
977999, 78556, 0, 0
978999, 77894, 0, 0
980000, 78299, 0, 0
981000, 77930, 0, 0
982000, 78440, 0, 0
982999, 78254, 0, 0
983999, 78006, 0, 0
985000, 78182, 0, 0
986000, 78218, 0, 0
987000, 78274, 0, 0
987999, 78084, 0, 0
988999, 78662, 0, 0
989999, 78259, 0, 0
991000, 77760, 0, 0
992000, 78465, 0, 0
993000, 78345, 0, 0
993999, 78257, 0, 0
994999, 78352, 0, 0
995999, 77880, 0, 0
997000, 78395, 0, 0
998000, 78132, 0, 0
999000, 78165, 0, 0
999999, 78536, 0, 0
1000999, 78058, 0, 0
1002000, 78172, 0, 0
1003000, 78361, 0, 0
1004000, 78152, 0, 0
1005000, 77840, 0, 0
1005999, 77980, 0, 0
1006999, 78165, 0, 0
1008000, 78302, 0, 0
1009000, 78194, 0, 0
1010000, 77934, 0, 0
1010999, 78167, 0, 0
1011999, 78278, 0, 0
1012999, 78263, 0, 0
1014000, 77994, 0, 0
1015000, 78157, 0, 0
1016000, 77933, 0, 0
1016999, 77969, 0, 0
1017999, 78004, 0, 0
1018999, 78210, 0, 0
1020000, 78379, 0, 0
1021000, 78161, 0, 0
1022000, 77969, 0, 0
1023000, 77818, 0, 0
1023999, 78044, 0, 0
1025000, 78189, 0, 0
1026000, 77784, 0, 0
1027000, 78232, 0, 0
1028000, 78330, 0, 0
1028999, 78144, 0, 0
1029999, 77932, 0, 0
1031000, 78083, 0, 0
1032000, 77934, 0, 0
1033000, 78176, 0, 0
1034000, 78150, 0, 0
1034999, 77916, 0, 0
1036000, 78177, 0, 0
1037000, 78294, 0, 0
1038000, 77964, 0, 0
1039000, 77974, 0, 0
1039999, 77863, 0, 0
1041000, 77987, 0, 0
1042000, 78217, 0, 0
1043000, 77996, 0, 0
1044000, 77895, 0, 0
1045000, 78183, 0, 0
1045999, 78101, 0, 0
1047000, 78095, 0, 0
1048000, 78042, 0, 0
1049000, 78001, 0, 0
1050000, 77531, 0, 0
1050999, 78314, 0, 0
1051999, 78367, 0, 0
1053000, 65442, 0, 0
1054000, 77949, 0, 0
1055000, 77597, 0, 0
1055999, 76795, 0, 0
1056999, 77997, 0, 0
1058000, 78505, 0, 0
1059000, 77993, 0, 0
1060000, 77950, 0, 0
1061000, 77847, 0, 0
1061999, 77716, 0, 0
1062999, 78162, 0, 0
1064000, 78130, 0, 0
1065000, 78005, 0, 0
1066000, 77719, 0, 0
1067000, 77941, 0, 0
1068000, 75782, 0, 0
1068999, 77873, 0, 0
1070000, 77942, 0, 0
1071000, 77647, 0, 0
1072000, 77421, 0, 0
1073000, 77923, 0, 0
1073999, 77657, 0, 0
1074999, 77872, 0, 0
1076000, 77807, 0, 0
1077000, 77565, 0, 0
1078000, 77715, 0, 0
1079000, 78021, 0, 0
1079999, 77826, 0, 0
1081000, 77730, 0, 0
1082000, 77850, 0, 0
1083000, 77474, 0, 0
1084000, 77513, 0, 0
1085000, 77909, 0, 0
1085999, 77769, 0, 0
1087000, 77807, 0, 0
1088000, 77319, 0, 0
1089000, 77748, 0, 0
1090000, 77874, 0, 0
1090999, 77265, 0, 0
1092000, 77835, 0, 0
1093000, 77805, 0, 0
1094000, 77529, 0, 0
1095000, 77709, 0, 0
1096000, 77796, 0, 0
1096999, 77885, 0, 0
1098000, 77668, 0, 0
1099000, 77697, 0, 0
1100000, 77574, 0, 0
1101000, 77559, 0, 0
1101999, 77926, 0, 0
1102999, 77755, 0, 0
1104000, 77598, 0, 0
1105000, 77457, 0, 0
1106000, 77546, 0, 0
1107000, 77564, 0, 0
1107999, 77943, 0, 0
1109000, 77664, 0, 0
1110000, 77674, 0, 0
1111000, 77549, 0, 0
1112000, 77707, 0, 0
1112999, 78118, 0, 0
1113999, 77842, 0, 0
1115000, 77692, 0, 0
1116000, 77438, 0, 0
1117000, 77793, 0, 0
1118000, 77472, 0, 0
1118999, 77633, 0, 0
1120000, 77827, 0, 0
1121000, 77450, 0, 0
1122000, 77681, 0, 0
1123000, 77728, 0, 0
1123999, 77762, 0, 0
1124999, 77710, 0, 0
1126000, 77639, 0, 0
1127000, 77734, 0, 0
1128000, 77252, 0, 0
1129000, 77673, 0, 0
1129999, 77991, 0, 0
1130999, 77816, 0, 0
1132000, 77873, 0, 0
1133000, 77966, 0, 0
1134000, 77649, 0, 0
1135000, 77933, 0, 0
1135999, 77829, 0, 0
1137000, 77886, 0, 0
1138000, 77724, 0, 0
1139000, 77585, 0, 0
1140000, 77848, 0, 0
1140999, 78157, 0, 0
1141999, 77761, 0, 0
1143000, 78314, 0, 0
1144000, 77691, 0, 0
1145000, 77675, 0, 0
1146000, 77899, 0, 0
1146999, 78163, 0, 0
1148000, 78020, 0, 0
1149000, 78067, 0, 0
1150000, 78206, 0, 0
1151000, 77830, 0, 0
1151999, 77662, 0, 0
1152999, 77856, 0, 0
1154000, 76998, 0, 0
1155000, 77535, 0, 0
1156000, 77023, 0, 0
1157000, 77180, 0, 0
1157999, 78762, 0, 0
1159000, 80643, 0, 0
1160000, 80844, 0, 0
1161000, 80622, 0, 0
1162000, 80449, 0, 0
1163000, 80397, 0, 0
1163999, 80139, 0, 0
1165000, 80467, 0, 0
1166000, 80864, 0, 0
1167000, 80871, 0, 0
1168000, 80768, 0, 0
1168999, 80708, 0, 0
1169999, 67838, 0, 0
1171000, 80479, 0, 0
1172000, 80933, 0, 0
1173000, 80780, 0, 0
1173999, 80854, 0, 0
1174999, 80758, 0, 0
1176000, 80866, 0, 0
1177000, 80544, 0, 0
1178000, 80621, 0, 0
1179000, 80650, 0, 0
1179999, 80519, 0, 0
1180999, 78993, 0, 0
1182000, 80719, 0, 0
1183000, 80482, 0, 0
1184000, 80781, 0, 0
1185000, 80665, 0, 0
1185999, 80548, 0, 0
1187000, 80497, 0, 0
1188000, 80538, 0, 0
1189000, 80303, 0, 0
1190000, 80501, 0, 0
1190999, 80528, 0, 0
1191999, 80459, 0, 0
1193000, 80400, 0, 0
1194000, 80343, 0, 0
1195000, 80634, 0, 0
1196000, 80450, 0, 0
1196999, 80509, 0, 0
1198000, 80407, 0, 0
1199000, 80186, 0, 0
1200000, 80358, 0, 0
