1054, 1231756, 0, 0
2020, 2333372, 0, 0
3048, 2161558, 0, 0
4048, 4324374, 0, 0
5007, 1444285, 0, 0
6043, 2574606, 0, 0
7013, 806769, 0, 0
8007, 2658623, 0, 0
9018, 2727649, 0, 0
10039, 1864460, 0, 0
11052, 1773422, 0, 0
12008, 1154073, 0, 0
13043, 3540447, 0, 0
14010, 1821433, 0, 0
15010, 2495307, 0, 0
16022, 2331418, 0, 0
17038, 1266761, 0, 0
18035, 2415522, 0, 0
19008, 3071698, 0, 0
20052, 701596, 0, 0
21051, 2160833, 0, 0
22026, 1854770, 0, 0
23043, 1590376, 0, 0
24038, 4778088, 0, 0
25020, 1327526, 0, 0
26027, 2840000, 0, 0
27064, 3156257, 0, 0
28005, 1186803, 0, 0
29041, 1361292, 0, 0
30031, 1467572, 0, 0
31010, 3687146, 0, 0
32012, 1812350, 0, 0
33053, 2190367, 0, 0
34012, 1725329, 0, 0
35019, 2000450, 0, 0
36039, 724343, 0, 0
37040, 1118313, 0, 0
38048, 2526734, 0, 0
39050, 3510965, 0, 0
40013, 1195058, 0, 0
41051, 2985535, 0, 0
42025, 2999111, 0, 0
43041, 2350993, 0, 0
44013, 3078773, 0, 0
45003, 4921672, 0, 0
46043, 3735393, 0, 0
47012, 1212700, 0, 0
48020, 1582295, 0, 0
49000, 1648227, 0, 0
50014, 1835019, 0, 0
51049, 4678243, 0, 0
52013, 3142880, 0, 0
53060, 3156104, 0, 0
54053, 1441603, 0, 0
55004, 1711298, 0, 0
56006, 1298987, 0, 0
57018, 2920338, 0, 0
58055, 2897711, 0, 0
59051, 2027222, 0, 0
60040, 1322932, 0, 0
61047, 1549001, 0, 0
62012, 3095870, 0, 0
63026, 3779036, 0, 0
64032, 3788880, 0, 0
65008, 3569100, 0, 0
66011, 1411352, 0, 0
67002, 1659069, 0, 0
68013, 2969116, 0, 0
69038, 3034751, 0, 0
70040, 2473006, 0, 0
71051, 3234096, 0, 0
72026, 2814633, 0, 0
73051, 2849415, 0, 0
74003, 1519518, 0, 0
75045, 2474570, 0, 0
76054, 1973075, 0, 0
77030, 1032668, 0, 0
78007, 4080933, 0, 0
79037, 5654813, 0, 0
80010, 5087711, 0, 0
81014, 4417645, 0, 0
82043, 3893634, 0, 0
83024, 3638943, 0, 0
84024, 2817742, 0, 0
85011, 2380250, 0, 0
86041, 2775810, 0, 0
87012, 2826710, 0, 0
88034, 2997955, 0, 0
89009, 3298546, 0, 0
90030, 4029791, 0, 0
91038, 2735531, 0, 0
92038, 2236799, 0, 0
93000, 3242282, 0, 0
94016, 4174780, 0, 0
95006, 3316322, 0, 0
96000, 2389481, 0, 0
97073, 1826005, 0, 0
98039, 2529284, 0, 0
99032, 2721457, 0, 0
100049, 2397502, 0, 0
101044, 2292382, 0, 0
102042, 2869838, 0, 0
103008, 4121740, 0, 0
104049, 3085876, 0, 0
105000, 1770563, 0, 0
106020, 1747774, 0, 0
107052, 1967571, 0, 0
108018, 2030515, 0, 0
109045, 2019584, 0, 0
110023, 2596809, 0, 0
111014, 3053167, 0, 0
112032, 3123538, 0, 0
113058, 1657468, 0, 0
114014, 1744834, 0, 0
115038, 2746983, 0, 0
116016, 3654782, 0, 0
117034, 4480808, 0, 0
118061, 2151688, 0, 0
119023, 4874879, 0, 0
120036, 1499118, 0, 0
121035, 4417295, 0, 0
122034, 2600536, 0, 0
123013, 4213491, 0, 0
124016, 4842161, 0, 0
125048, 2837750, 0, 0
126023, 2183906, 0, 0
127023, 2089833, 0, 0
128002, 4403862, 0, 0
129001, 4124563, 0, 0
130043, 1448878, 0, 0
131034, 1406955, 0, 0
132014, 2068883, 0, 0
133055, 4903193, 0, 0
134044, 2412543, 0, 0
135028, 2124867, 0, 0
136033, 2416125, 0, 0
137026, 5137101, 0, 0
138009, 4767229, 0, 0
139009, 4361987, 0, 0
140009, 2250022, 0, 0
141001, 4698845, 0, 0
142033, 2033344, 0, 0
143001, 2183083, 0, 0
144018, 2215042, 0, 0
145021, 1744730, 0, 0
146000, 2375892, 0, 0
147040, 3335863, 0, 0
148018, 4767874, 0, 0
149022, 3091525, 0, 0
150000, 5193832, 0, 0
151019, 3346380, 0, 0
152041, 1579849, 0, 0
153051, 3575357, 0, 0
154045, 3383666, 0, 0
155012, 5004052, 0, 0
156036, 4056964, 0, 0
157002, 3383269, 0, 0
158055, 2688052, 0, 0
159055, 2812050, 0, 0
160018, 3384933, 0, 0
161023, 1908266, 0, 0
162027, 2270457, 0, 0
163025, 4721743, 0, 0
164050, 2564267, 0, 0
165007, 1777849, 0, 0
166008, 3831712, 0, 0
167002, 2430274, 0, 0
168026, 3184162, 0, 0
169029, 4816718, 0, 0
170023, 4391366, 0, 0
171012, 4449724, 0, 0
172006, 2915022, 0, 0
173009, 3869001, 0, 0
174026, 4356607, 0, 0
175056, 4099688, 0, 0
176004, 3283920, 0, 0
177014, 2717673, 0, 0
178060, 3956411, 0, 0
179027, 3599913, 0, 0
180054, 2980031, 0, 0
181018, 2577552, 0, 0
182060, 2904048, 0, 0
183036, 4028435, 0, 0
184027, 2858981, 0, 0
185008, 4389400, 0, 0
186026, 4364681, 0, 0
187025, 2672801, 0, 0
188006, 4449957, 0, 0
189039, 4428884, 0, 0
190052, 4495735, 0, 0
191032, 4551332, 0, 0
192025, 3177363, 0, 0
193017, 2885734, 0, 0
194004, 2837225, 0, 0
195025, 4474186, 0, 0
196042, 4356638, 0, 0
197016, 4700370, 0, 0
198047, 2795013, 0, 0
199012, 1872494, 0, 0
200041, 2348566, 0, 0
201022, 4335058, 0, 0
202003, 4515181, 0, 0
203023, 4371439, 0, 0
204006, 4106467, 0, 0
205015, 4286351, 0, 0
206043, 4562761, 0, 0
207014, 4143121, 0, 0
208014, 3271255, 0, 0
209048, 2227399, 0, 0
210006, 3875588, 0, 0
211055, 3502114, 0, 0
212039, 3125570, 0, 0
213017, 2681094, 0, 0
214049, 4294984, 0, 0
215041, 2868662, 0, 0
216053, 3471438, 0, 0
217001, 2394834, 0, 0
218033, 3229275, 0, 0
219108, 2558944, 0, 0
220024, 3131030, 0, 0
221053, 3472103, 0, 0
222010, 3128989, 0, 0
223013, 2970269, 0, 0
224011, 3509636, 0, 0
225050, 4118400, 0, 0
226017, 3497466, 0, 0
227059, 4296957, 0, 0
228047, 3485270, 0, 0
229049, 3894546, 0, 0
230024, 3030240, 0, 0
231043, 3976381, 0, 0
232014, 3875544, 0, 0
233030, 2067037, 0, 0
234051, 3804942, 0, 0
235014, 3644425, 0, 0
236043, 2721546, 0, 0
237012, 4101646, 0, 0
238060, 3141551, 0, 0
239000, 2639635, 0, 0
240010, 3501530, 0, 0
241045, 2188271, 0, 0
242051, 3475338, 0, 0
243027, 3896330, 0, 0
244053, 2797515, 0, 0
245059, 3892514, 0, 0
246011, 2638273, 0, 0
247058, 3256969, 0, 0
248025, 2294839, 0, 0
249006, 3354879, 0, 0
250036, 1912755, 0, 0
251050, 2503038, 0, 0
252014, 3774826, 0, 0
253034, 2039207, 0, 0
254010, 4488415, 0, 0
255048, 1878944, 0, 0
256051, 2371007, 0, 0
257035, 3241721, 0, 0
258056, 3626907, 0, 0
259041, 4078654, 0, 0
260023, 3153079, 0, 0
261000, 3283633, 0, 0
262066, 3477322, 0, 0
263050, 3330638, 0, 0
264010, 3162523, 0, 0
265038, 4292155, 0, 0
266023, 3783294, 0, 0
267000, 3812461, 0, 0
268034, 2858119, 0, 0
269047, 3111527, 0, 0
270010, 4178813, 0, 0
271046, 4154952, 0, 0
272051, 3133138, 0, 0
273006, 2424546, 0, 0
274048, 3625289, 0, 0
275013, 3867279, 0, 0
276006, 3579201, 0, 0
277021, 3126676, 0, 0
278001, 3136152, 0, 0
279057, 3313700, 0, 0
280034, 2665328, 0, 0
281013, 3465829, 0, 0
282010, 2799960, 0, 0
283051, 3047888, 0, 0
284012, 2496032, 0, 0
285037, 2206493, 0, 0
286038, 3622926, 0, 0
287010, 3758345, 0, 0
288037, 3729617, 0, 0
289049, 3800304, 0, 0
290051, 3662671, 0, 0
291005, 1664843, 0, 0
292022, 3151888, 0, 0
293019, 2795327, 0, 0
294008, 2740677, 0, 0
295004, 3525201, 0, 0
296038, 2136119, 0, 0
297018, 2927444, 0, 0
298054, 2793237, 0, 0
299018, 2607301, 0, 0
300020, 2715657, 0, 0
301038, 3109494, 0, 0
302029, 2775357, 0, 0
303011, 3428733, 0, 0
304013, 3097444, 0, 0
305001, 2784524, 0, 0
306030, 3378268, 0, 0
307041, 3351492, 0, 0
308037, 3125961, 0, 0
309058, 3226783, 0, 0
310002, 3305661, 0, 0
311032, 3619446, 0, 0
312045, 2732173, 0, 0
313029, 2078819, 0, 0
314039, 3453067, 0, 0
315014, 3355832, 0, 0
316048, 2179462, 0, 0
317011, 2292638, 0, 0
318054, 2519900, 0, 0
319026, 2939584, 0, 0
320059, 3520206, 0, 0
321027, 3264301, 0, 0
322027, 2986230, 0, 0
323054, 2862368, 0, 0
324003, 2887207, 0, 0
325028, 2218871, 0, 0
326023, 2450688, 0, 0
327033, 3045840, 0, 0
328037, 2946087, 0, 0
329037, 2320134, 0, 0
330001, 2314956, 0, 0
331000, 2960112, 0, 0
332056, 2607596, 0, 0
333041, 2799713, 0, 0
334004, 3260103, 0, 0
335037, 2214675, 0, 0
336006, 2572436, 0, 0
337035, 3038570, 0, 0
338000, 3016418, 0, 0
339024, 3431826, 0, 0
340040, 3150623, 0, 0
341006, 3057804, 0, 0
342033, 2593788, 0, 0
343056, 2985844, 0, 0
344007, 3033504, 0, 0
345014, 3656012, 0, 0
346039, 3481565, 0, 0
347007, 2411789, 0, 0
348033, 2472151, 0, 0
349029, 2555734, 0, 0
350012, 2539225, 0, 0
351016, 2769304, 0, 0
352017, 3351986, 0, 0
353029, 2455772, 0, 0
354049, 2038325, 0, 0
355031, 2079705, 0, 0
356060, 2459733, 0, 0
357012, 2853193, 0, 0
358023, 3375820, 0, 0
359023, 2787479, 0, 0
360043, 2736201, 0, 0
361035, 2765560, 0, 0
362000, 3197965, 0, 0
363026, 2952367, 0, 0
364019, 2381448, 0, 0
365007, 3168673, 0, 0
366044, 3214394, 0, 0
367056, 2505530, 0, 0
368030, 2769847, 0, 0
369004, 2676534, 0, 0
370035, 2758437, 0, 0
371059, 2459949, 0, 0
372004, 3393294, 0, 0
373019, 3334164, 0, 0
374015, 3257466, 0, 0
375027, 3450087, 0, 0
376025, 2981743, 0, 0
377028, 2943720, 0, 0
378003, 2755853, 0, 0
379005, 3154565, 0, 0
380029, 3013311, 0, 0
381030, 2821760, 0, 0
382040, 3141317, 0, 0
383005, 1984160, 0, 0
384029, 2259184, 0, 0
385025, 2560762, 0, 0
386043, 2921003, 0, 0
387004, 3154060, 0, 0
388045, 2213510, 0, 0
389051, 2017149, 0, 0
390033, 2518792, 0, 0
391028, 2392442, 0, 0
392071, 3134388, 0, 0
393009, 3778397, 0, 0
394006, 2356759, 0, 0
395020, 2340015, 0, 0
396031, 2412744, 0, 0
397006, 2702039, 0, 0
398027, 2409363, 0, 0
399026, 3485173, 0, 0
400049, 2585248, 0, 0
401048, 2027631, 0, 0
402060, 3175533, 0, 0
403023, 2584621, 0, 0
404013, 2010636, 0, 0
405033, 2764074, 0, 0
406059, 2702234, 0, 0
407003, 2608620, 0, 0
408032, 1984821, 0, 0
409038, 2677720, 0, 0
410043, 3192167, 0, 0
411049, 2805745, 0, 0
412010, 2905502, 0, 0
413038, 2636176, 0, 0
414022, 2429324, 0, 0
415039, 2398665, 0, 0
416023, 2437103, 0, 0
417004, 3057694, 0, 0
418043, 3815989, 0, 0
419034, 3024489, 0, 0
420018, 2044235, 0, 0
421052, 3052670, 0, 0
422019, 3261074, 0, 0
423017, 3028204, 0, 0
424022, 2506119, 0, 0
425053, 3227607, 0, 0
426039, 3205051, 0, 0
427052, 2980827, 0, 0
428049, 3830041, 0, 0
429038, 2305079, 0, 0
430041, 2696816, 0, 0
431026, 2691439, 0, 0
432010, 3286730, 0, 0
433017, 3150652, 0, 0
434014, 1829415, 0, 0
435049, 2629487, 0, 0
436017, 2500226, 0, 0
437052, 2489730, 0, 0
438023, 2633081, 0, 0
439022, 2650447, 0, 0
440023, 2813047, 0, 0
441052, 2902350, 0, 0
442013, 2722147, 0, 0
443000, 2584021, 0, 0
444004, 2492740, 0, 0
445004, 3382075, 0, 0
446051, 2878732, 0, 0
447032, 3118733, 0, 0
448013, 3210741, 0, 0
449047, 3880342, 0, 0
450019, 3347698, 0, 0
451008, 2185929, 0, 0
452012, 2187198, 0, 0
453039, 2689457, 0, 0
454051, 2884739, 0, 0
455027, 2799492, 0, 0
456015, 2858299, 0, 0
457013, 2699522, 0, 0
458004, 3231743, 0, 0
459013, 2669849, 0, 0
460037, 2159137, 0, 0
461020, 2687769, 0, 0
462000, 2706795, 0, 0
463035, 2249932, 0, 0
464005, 1899958, 0, 0
465017, 3482743, 0, 0
466004, 3190216, 0, 0
467032, 3286862, 0, 0
468037, 2660627, 0, 0
469055, 2114773, 0, 0
470059, 2461208, 0, 0
471019, 2559999, 0, 0
472034, 2526094, 0, 0
473020, 2271852, 0, 0
474049, 2431543, 0, 0
475055, 3157566, 0, 0
476009, 2878163, 0, 0
477044, 2915526, 0, 0
478053, 2783511, 0, 0
479001, 2788268, 0, 0
480024, 3405528, 0, 0
481044, 2240756, 0, 0
482041, 2611557, 0, 0
483005, 3013315, 0, 0
484057, 2358495, 0, 0
485014, 3073606, 0, 0
486007, 2655023, 0, 0
487019, 2486327, 0, 0
488038, 2873646, 0, 0
489021, 2279943, 0, 0
490046, 3398066, 0, 0
491053, 2731511, 0, 0
492023, 3385092, 0, 0
493056, 2816572, 0, 0
494046, 2940728, 0, 0
495026, 2520755, 0, 0
496010, 3187006, 0, 0
497025, 2099943, 0, 0
498003, 3079559, 0, 0
499006, 2306037, 0, 0
500059, 2722315, 0, 0
501014, 3164488, 0, 0
502006, 2726801, 0, 0
503009, 2828578, 0, 0
504051, 2457422, 0, 0
505058, 2774925, 0, 0
506045, 2691934, 0, 0
507030, 2635063, 0, 0
508006, 2426800, 0, 0
509022, 2887718, 0, 0
510003, 2996181, 0, 0
511054, 2219419, 0, 0
512030, 3214971, 0, 0
513057, 3194758, 0, 0
514055, 3277096, 0, 0
515000, 3153939, 0, 0
516028, 3421375, 0, 0
517011, 3164113, 0, 0
518053, 2764516, 0, 0
519040, 2707424, 0, 0
520034, 2762271, 0, 0
521009, 3461739, 0, 0
522030, 2963355, 0, 0
523026, 3325048, 0, 0
524011, 2678168, 0, 0
525026, 2610885, 0, 0
526042, 2830139, 0, 0
527001, 2018364, 0, 0
528018, 2171140, 0, 0
529014, 2680159, 0, 0
530012, 2580142, 0, 0
531032, 3046838, 0, 0
532062, 2887255, 0, 0
533028, 2913891, 0, 0
534004, 2211458, 0, 0
535018, 2007152, 0, 0
536037, 2527162, 0, 0
537043, 2453491, 0, 0
538005, 3130616, 0, 0
539005, 3451616, 0, 0
540046, 3047135, 0, 0
541051, 2591157, 0, 0
542017, 2199294, 0, 0
543008, 2196705, 0, 0
544040, 2739744, 0, 0
545014, 3364739, 0, 0
546054, 2512658, 0, 0
547008, 2030790, 0, 0
548002, 3364351, 0, 0
549039, 3557022, 0, 0
550024, 3214235, 0, 0
551042, 2952579, 0, 0
552040, 2887148, 0, 0
553025, 3014648, 0, 0
554048, 3826832, 0, 0
555026, 2941049, 0, 0
556031, 2907183, 0, 0
557054, 2615926, 0, 0
558032, 2904383, 0, 0
559003, 2935874, 0, 0
560034, 2631993, 0, 0
561016, 2800573, 0, 0
562055, 3249838, 0, 0
563038, 3338161, 0, 0
564016, 2501757, 0, 0
565029, 2563947, 0, 0
566014, 2801913, 0, 0
567056, 2902439, 0, 0
568056, 3210729, 0, 0
569002, 2759510, 0, 0
570020, 2507266, 0, 0
571053, 3404791, 0, 0
572043, 2030127, 0, 0
573012, 2753459, 0, 0
574015, 3170086, 0, 0
575008, 3577491, 0, 0
576021, 3690715, 0, 0
577000, 2611658, 0, 0
578031, 1958847, 0, 0
579038, 1863136, 0, 0
580058, 2256212, 0, 0
581050, 2952997, 0, 0
582039, 3196724, 0, 0
583051, 2804164, 0, 0
584033, 2942753, 0, 0
585009, 3113391, 0, 0
586006, 3138100, 0, 0
587019, 3053622, 0, 0
588051, 3113850, 0, 0
589013, 3274677, 0, 0
590057, 3246720, 0, 0
591029, 3099295, 0, 0
592052, 2978837, 0, 0
593029, 3073661, 0, 0
594020, 2688354, 0, 0
595025, 2791128, 0, 0
596048, 3427845, 0, 0
597016, 2372341, 0, 0
598010, 2849911, 0, 0
599038, 2752085, 0, 0
600042, 2378574, 0, 0
601019, 3432880, 0, 0
602007, 3063753, 0, 0
603058, 2520476, 0, 0
604017, 2764622, 0, 0
605051, 3525229, 0, 0
606020, 3357426, 0, 0
607000, 2802589, 0, 0
608018, 3005154, 0, 0
609037, 3081957, 0, 0
610027, 2758995, 0, 0
611061, 2522758, 0, 0
612025, 2724445, 0, 0
613063, 3021102, 0, 0
614031, 3675263, 0, 0
615000, 2713981, 0, 0
616037, 3464497, 0, 0
617052, 2360384, 0, 0
618001, 3073659, 0, 0
619065, 2803064, 0, 0
620043, 3365078, 0, 0
621052, 3281666, 0, 0
622008, 3007589, 0, 0
623014, 3283809, 0, 0
624036, 2264305, 0, 0
625049, 2825234, 0, 0
626010, 2529755, 0, 0
627047, 3194520, 0, 0
628055, 2777251, 0, 0
629035, 2828010, 0, 0
630003, 2711729, 0, 0
631027, 2792546, 0, 0
632059, 3038478, 0, 0
633017, 3064520, 0, 0
634052, 2908989, 0, 0
635061, 2961749, 0, 0
636022, 2663370, 0, 0
637068, 3026536, 0, 0
638002, 2694162, 0, 0
639051, 2973208, 0, 0
640031, 3096404, 0, 0
641045, 2682686, 0, 0
642026, 3471585, 0, 0
643052, 3263048, 0, 0
644039, 2429795, 0, 0
645053, 3330044, 0, 0
646014, 3413152, 0, 0
647014, 2585480, 0, 0
648032, 3060566, 0, 0
649008, 3073505, 0, 0
650019, 2770470, 0, 0
651018, 2793229, 0, 0
652014, 2541407, 0, 0
653028, 3064452, 0, 0
654055, 3194548, 0, 0
655045, 3396223, 0, 0
656009, 2803662, 0, 0
657017, 2857178, 0, 0
658058, 3278089, 0, 0
659002, 2565770, 0, 0
660027, 2802515, 0, 0
661010, 2841896, 0, 0
662037, 2547913, 0, 0
663052, 2716113, 0, 0
664007, 2754582, 0, 0
665000, 3463134, 0, 0
666053, 2757599, 0, 0
667005, 2685413, 0, 0
668032, 2620649, 0, 0
669037, 2206862, 0, 0
670059, 3187188, 0, 0
671004, 2718068, 0, 0
672037, 3153381, 0, 0
673015, 2938165, 0, 0
674008, 3003671, 0, 0
675047, 3211866, 0, 0
676008, 2541464, 0, 0
677023, 2789477, 0, 0
678054, 2716754, 0, 0
679042, 3160900, 0, 0
680027, 3005206, 0, 0
681003, 2790138, 0, 0
682009, 2868014, 0, 0
683026, 2781611, 0, 0
684006, 2809018, 0, 0
685018, 3322754, 0, 0
686037, 2840604, 0, 0
687035, 2920967, 0, 0
688010, 2756491, 0, 0
689038, 2828113, 0, 0
690028, 3087770, 0, 0
691029, 2393026, 0, 0
692045, 2560514, 0, 0
693002, 2737414, 0, 0
694005, 3050665, 0, 0
695036, 3046442, 0, 0
696042, 3334797, 0, 0
697011, 2949626, 0, 0
698021, 2766748, 0, 0
699048, 2864478, 0, 0
700052, 2627773, 0, 0
701035, 2929177, 0, 0
702039, 2418480, 0, 0
703012, 2590495, 0, 0
704043, 2418931, 0, 0
705000, 3237075, 0, 0
706053, 2466772, 0, 0
707052, 2707829, 0, 0
708037, 2594568, 0, 0
709010, 2085021, 0, 0
710017, 3019509, 0, 0
711044, 3023516, 0, 0
712029, 2368651, 0, 0
713005, 2615701, 0, 0
714044, 2534638, 0, 0
715040, 2561556, 0, 0
716011, 3067096, 0, 0
717037, 2958649, 0, 0
718060, 2917076, 0, 0
719019, 2566032, 0, 0
720007, 2970873, 0, 0
721039, 3179906, 0, 0
722001, 2822299, 0, 0
723050, 2843269, 0, 0
724005, 2989913, 0, 0
725003, 2971688, 0, 0
726035, 2121330, 0, 0
727012, 2755345, 0, 0
728028, 2971799, 0, 0
729044, 3074372, 0, 0
730004, 2885747, 0, 0
731007, 2935160, 0, 0
732031, 2952537, 0, 0
733000, 2543550, 0, 0
734015, 2377178, 0, 0
735015, 2500638, 0, 0
736033, 2971724, 0, 0
737024, 2898864, 0, 0
738015, 2901743, 0, 0
739001, 2961209, 0, 0
740030, 2647945, 0, 0
741034, 2448836, 0, 0
742016, 3161047, 0, 0
743047, 3276609, 0, 0
744005, 2457564, 0, 0
745029, 2526823, 0, 0
746047, 3138236, 0, 0
747025, 2579676, 0, 0
748043, 2564840, 0, 0
749052, 2672163, 0, 0
750023, 2839004, 0, 0
751051, 2841730, 0, 0
752018, 3085055, 0, 0
753054, 3180848, 0, 0
754013, 2362967, 0, 0
755027, 3192031, 0, 0
756011, 2914143, 0, 0
757000, 2637576, 0, 0
758056, 2710601, 0, 0
759018, 2441138, 0, 0
760000, 2536816, 0, 0
761009, 2844894, 0, 0
762043, 2957790, 0, 0
763038, 2936752, 0, 0
764048, 2695570, 0, 0
765006, 2958323, 0, 0
766025, 3028814, 0, 0
767054, 2983495, 0, 0
768025, 2433875, 0, 0
769000, 2443413, 0, 0
770029, 3304436, 0, 0
771003, 2955952, 0, 0
772030, 3095513, 0, 0
773059, 2535902, 0, 0
774023, 3185710, 0, 0
775023, 2785744, 0, 0
776037, 2510547, 0, 0
777020, 2884176, 0, 0
778045, 2671434, 0, 0
779030, 2831815, 0, 0
780054, 2936937, 0, 0
781022, 1859917, 0, 0
782008, 2747191, 0, 0
783049, 2813471, 0, 0
784006, 2871099, 0, 0
785024, 2925099, 0, 0
786006, 2557724, 0, 0
787056, 2665965, 0, 0
788061, 2546641, 0, 0
789040, 2906470, 0, 0
790058, 2356770, 0, 0
791012, 2628398, 0, 0
792006, 2817903, 0, 0
793024, 2845237, 0, 0
794003, 2632384, 0, 0
795018, 2609480, 0, 0
796057, 2612140, 0, 0
797028, 2783491, 0, 0
798016, 2961868, 0, 0
799047, 2780972, 0, 0
800055, 2834671, 0, 0
801033, 2843345, 0, 0
802002, 2912878, 0, 0
803041, 2970744, 0, 0
804052, 2394981, 0, 0
805032, 3560365, 0, 0
806031, 2227303, 0, 0
807033, 3301732, 0, 0
808057, 2910463, 0, 0
809011, 2552304, 0, 0
810010, 2489243, 0, 0
811023, 2434432, 0, 0
812015, 2222781, 0, 0
813034, 2824584, 0, 0
814000, 2360197, 0, 0
815015, 3070356, 0, 0
816031, 2355260, 0, 0
817042, 2343995, 0, 0
818001, 2726287, 0, 0
819044, 2608160, 0, 0
820014, 2474773, 0, 0
821056, 3095232, 0, 0
822013, 2498265, 0, 0
823019, 3146085, 0, 0
824004, 3392165, 0, 0
825056, 3016943, 0, 0
826029, 2609940, 0, 0
827007, 2664853, 0, 0
828000, 2715684, 0, 0
829060, 2724851, 0, 0
830017, 2712732, 0, 0
831058, 2764003, 0, 0
832016, 2754743, 0, 0
833027, 2296787, 0, 0
834000, 2568586, 0, 0
835010, 2574920, 0, 0
836046, 2434066, 0, 0
837003, 2374442, 0, 0
838034, 2163609, 0, 0
839009, 2126817, 0, 0
840027, 2253017, 0, 0
841002, 2164929, 0, 0
842034, 2492641, 0, 0
843030, 2496117, 0, 0
844064, 2680276, 0, 0
845030, 2338169, 0, 0
846058, 2629756, 0, 0
847049, 2628607, 0, 0
848009, 2136930, 0, 0
849013, 2525029, 0, 0
850001, 2735947, 0, 0
851041, 2385065, 0, 0
852045, 1959922, 0, 0
853020, 2185001, 0, 0
854030, 1978706, 0, 0
855001, 1768190, 0, 0
856028, 1897218, 0, 0
857041, 2049117, 0, 0
858021, 2293052, 0, 0
859062, 1811943, 0, 0
860001, 1744932, 0, 0
861015, 2047466, 0, 0
862052, 1839054, 0, 0
863028, 1801579, 0, 0
864003, 1728389, 0, 0
865026, 1579485, 0, 0
866053, 1808643, 0, 0
867029, 1772645, 0, 0
868014, 1775125, 0, 0
869045, 1960239, 0, 0
870026, 1895688, 0, 0
871000, 1852434, 0, 0
872050, 1564322, 0, 0
873032, 1789480, 0, 0
874050, 1926747, 0, 0
875006, 1668343, 0, 0
876084, 1893854, 0, 0
877000, 1814926, 0, 0
878028, 1975028, 0, 0
879008, 2033003, 0, 0
880034, 1735042, 0, 0
881055, 1463962, 0, 0
882001, 1758914, 0, 0
883058, 1684882, 0, 0
884049, 1832093, 0, 0
885012, 1871161, 0, 0
886092, 1777163, 0, 0
887000, 1742078, 0, 0
888135, 2080954, 0, 0
889059, 1371245, 0, 0
890042, 1891122, 0, 0
891038, 1570526, 0, 0
892027, 1863645, 0, 0
893037, 1710795, 0, 0
894037, 1571334, 0, 0
895032, 1789474, 0, 0
896033, 1691525, 0, 0
897054, 1836655, 0, 0
898015, 1586968, 0, 0
899044, 1770813, 0, 0
900014, 1818302, 0, 0
901053, 1567470, 0, 0
902029, 1602083, 0, 0
903029, 1983649, 0, 0
904002, 1721618, 0, 0
905022, 1731528, 0, 0
906009, 1620053, 0, 0
907051, 1574884, 0, 0
908002, 2008426, 0, 0
909002, 1650806, 0, 0
910032, 1469328, 0, 0
911052, 1839024, 0, 0
912025, 1418408, 0, 0
913029, 1442499, 0, 0
914026, 1626786, 0, 0
915036, 1659269, 0, 0
916027, 1660240, 0, 0
917051, 1639672, 0, 0
918050, 1668861, 0, 0
919036, 1433407, 0, 0
920025, 1572754, 0, 0
921044, 1361424, 0, 0
922037, 1581338, 0, 0
923009, 1732941, 0, 0
924004, 1570264, 0, 0
925032, 1539913, 0, 0
926000, 1431743, 0, 0
927036, 1315692, 0, 0
928051, 1444599, 0, 0
929022, 1550770, 0, 0
930015, 1737931, 0, 0
931012, 1703882, 0, 0
932063, 1493749, 0, 0
933021, 1366495, 0, 0
934058, 1355709, 0, 0
935001, 1460506, 0, 0
936033, 1366069, 0, 0
937044, 1493534, 0, 0
938026, 1509609, 0, 0
939019, 1429693, 0, 0
940036, 1615323, 0, 0
941042, 1315327, 0, 0
942008, 1544975, 0, 0
943036, 1219152, 0, 0
944034, 1369052, 0, 0
945028, 1255334, 0, 0
946052, 1190869, 0, 0
947035, 1378470, 0, 0
948018, 1329173, 0, 0
949041, 1384220, 0, 0
950037, 1552554, 0, 0
951011, 1435189, 0, 0
952034, 1424005, 0, 0
953053, 1172944, 0, 0
954054, 1189735, 0, 0
955043, 1139703, 0, 0
956002, 1517092, 0, 0
957018, 1366505, 0, 0
958004, 1210490, 0, 0
959025, 1193705, 0, 0
960045, 1400861, 0, 0
961052, 1402768, 0, 0
962040, 1374032, 0, 0
963001, 1589917, 0, 0
964019, 1188034, 0, 0
965022, 1321885, 0, 0
966054, 1100905, 0, 0
967002, 1025114, 0, 0
968000, 1052357, 0, 0
969007, 1199801, 0, 0
970051, 1223422, 0, 0
971041, 1338418, 0, 0
972026, 1166859, 0, 0
973044, 1124017, 0, 0
974056, 1054736, 0, 0
975034, 1144482, 0, 0
976018, 1123190, 0, 0
977039, 1137157, 0, 0
978002, 1049409, 0, 0
979010, 1122940, 0, 0
980003, 1198844, 0, 0
981000, 1072159, 0, 0
982042, 1274627, 0, 0
983003, 1309088, 0, 0
984046, 1061089, 0, 0
985019, 1049970, 0, 0
986024, 1267867, 0, 0
987004, 1032253, 0, 0
988037, 1195535, 0, 0
989048, 1225525, 0, 0
990015, 987674, 0, 0
991002, 1107238, 0, 0
992000, 1004431, 0, 0
993042, 1016342, 0, 0
994056, 876388, 0, 0
995066, 1020379, 0, 0
996002, 979401, 0, 0
997005, 1085507, 0, 0
998046, 901835, 0, 0
999004, 818820, 0, 0
1000046, 1103644, 0, 0
1001005, 989907, 0, 0
1002009, 800238, 0, 0
1003032, 1029065, 0, 0
1004041, 837628, 0, 0
1005031, 1106057, 0, 0
1006059, 862083, 0, 0
1007014, 895268, 0, 0
1008026, 906739, 0, 0
1009000, 914488, 0, 0
1010030, 912449, 0, 0
1011050, 994453, 0, 0
1012056, 958630, 0, 0
1013000, 876488, 0, 0
1014044, 904516, 0, 0
1015035, 823624, 0, 0
1016046, 830222, 0, 0
1017003, 780317, 0, 0
1018015, 892365, 0, 0
1019030, 667321, 0, 0
1020031, 1076636, 0, 0
1021058, 979918, 0, 0
1022040, 788463, 0, 0
1023009, 879116, 0, 0
1024040, 784115, 0, 0
1025047, 906793, 0, 0
1026037, 731292, 0, 0
1027041, 716632, 0, 0
1028054, 777670, 0, 0
1029016, 814709, 0, 0
1030020, 918896, 0, 0
1031036, 685709, 0, 0
1032028, 776192, 0, 0
1033030, 656170, 0, 0
1034031, 650295, 0, 0
1035031, 664745, 0, 0
1036003, 800742, 0, 0
1037016, 636436, 0, 0
1038033, 738230, 0, 0
1039048, 583946, 0, 0
1040012, 706771, 0, 0
1041029, 728385, 0, 0
1042051, 893647, 0, 0
1043011, 737968, 0, 0
1044051, 554144, 0, 0
1045005, 751379, 0, 0
1046066, 742139, 0, 0
1047034, 770429, 0, 0
1048000, 549635, 0, 0
1049039, 815688, 0, 0
1050066, 823133, 0, 0
1051030, 748388, 0, 0
1052043, 564919, 0, 0
1053000, 548503, 0, 0
1054007, 624584, 0, 0
1055038, 689691, 0, 0
1056019, 641603, 0, 0
1057008, 646911, 0, 0
1058050, 505921, 0, 0
1059027, 587656, 0, 0
1060010, 704174, 0, 0
1061012, 539902, 0, 0
1062030, 579201, 0, 0
1063028, 713664, 0, 0
1064011, 578520, 0, 0
1065022, 530445, 0, 0
1066057, 549766, 0, 0
1067013, 587645, 0, 0
1068035, 574766, 0, 0
1069019, 415003, 0, 0
1070027, 541736, 0, 0
1071042, 513686, 0, 0
1072000, 545826, 0, 0
1073011, 402391, 0, 0
1074000, 482952, 0, 0
1075018, 555691, 0, 0
1076044, 448692, 0, 0
1077015, 462620, 0, 0
1078050, 509622, 0, 0
1079000, 405984, 0, 0
1080041, 401678, 0, 0
1081000, 491893, 0, 0
1082044, 426618, 0, 0
1083024, 440235, 0, 0
1084036, 374783, 0, 0
1085037, 385310, 0, 0
1086014, 455969, 0, 0
1087003, 449464, 0, 0
1088032, 306978, 0, 0
1089033, 407385, 0, 0
1090000, 328441, 0, 0
1091055, 330662, 0, 0
1092034, 305933, 0, 0
1093010, 314292, 0, 0
1094013, 360237, 0, 0
1095002, 393748, 0, 0
1096016, 332701, 0, 0
1097006, 338351, 0, 0
1098042, 392916, 0, 0
1099048, 318734, 0, 0
1100012, 307179, 0, 0
1101070, 297638, 0, 0
1102000, 286312, 0, 0
1103000, 271239, 0, 0
1104025, 279336, 0, 0
1105002, 221424, 0, 0
1106015, 269181, 0, 0
1107009, 411017, 0, 0
1108077, 292940, 0, 0
1109039, 250959, 0, 0
1110045, 293622, 0, 0
1111013, 247596, 0, 0
1112025, 187600, 0, 0
1113052, 234884, 0, 0
1114055, 286528, 0, 0
1115000, 203343, 0, 0
1116024, 185156, 0, 0
1117050, 172076, 0, 0
1118011, 196878, 0, 0
1119032, 187842, 0, 0
1120046, 265428, 0, 0
1121012, 168122, 0, 0
1122046, 174648, 0, 0
1123042, 201535, 0, 0
1124013, 115751, 0, 0
1125024, 145910, 0, 0
1126067, 197701, 0, 0
1127000, 208698, 0, 0
1128013, 133505, 0, 0
1129027, 97567, 0, 0
1130020, 137966, 0, 0
1131017, 101160, 0, 0
1132028, 91493, 0, 0
1133050, 91078, 0, 0
1134079, 136227, 0, 0
1135034, 71592, 0, 0
1136019, 63407, 0, 0
1137000, 62261, 0, 0
1138032, 50109, 0, 0
1139012, 63059, 0, 0
1140000, 38255, 0, 0
1141000, 28165, 0, 0
1142010, 32925, 0, 0
1143027, 22452, 0, 0
1144000, 15894, 0, 0
1145000, 12007, 0, 0
1146000, 6770, 0, 0
1147000, 6814, 0, 0
1148000, 6715, 0, 0
1149000, 6766, 0, 0
1150000, 6768, 0, 0
1151000, 6805, 0, 0
1152000, 6780, 0, 0
1153000, 6784, 0, 0
1154002, 6820, 0, 0
1155000, 6794, 0, 0
1156000, 6804, 0, 0
1157000, 6760, 0, 0
1158000, 6767, 0, 0
1159000, 6768, 0, 0
1160000, 6768, 0, 0
1161000, 6809, 0, 0
1162000, 6764, 0, 0
1163000, 6749, 0, 0
1164000, 6744, 0, 0
1165000, 6743, 0, 0
1166000, 6825, 0, 0
1167000, 6800, 0, 0
1168000, 6838, 0, 0
1169000, 6803, 0, 0
1170000, 6837, 0, 0
1171000, 6821, 0, 0
1172000, 6857, 0, 0
1173000, 6910, 0, 0
1174000, 6849, 0, 0
1175000, 6848, 0, 0
1176000, 6833, 0, 0
1177000, 6821, 0, 0
1178000, 6839, 0, 0
1179000, 6828, 0, 0
1180000, 6865, 0, 0
1181000, 6806, 0, 0
1182000, 6798, 0, 0
1183000, 6823, 0, 0
1184000, 6803, 0, 0
1185000, 6836, 0, 0
1186000, 6839, 0, 0
1187000, 6884, 0, 0
1188000, 6869, 0, 0
1189000, 6857, 0, 0
1190000, 6884, 0, 0
1191000, 6858, 0, 0
1192000, 6871, 0, 0
1193000, 6869, 0, 0
1194000, 6861, 0, 0
1195000, 6871, 0, 0
1196000, 6854, 0, 0
1197000, 6834, 0, 0
1198047, 9160, 0, 0
1199000, 6789, 0, 0
1200000, 6759, 0, 0
1201000, 6682, 0, 0
1202000, 6703, 0, 0
1203000, 6701, 0, 0
1204000, 6710, 0, 0
1205000, 6729, 0, 0
1206000, 6750, 0, 0
1207000, 6742, 0, 0
1208000, 6712, 0, 0
1209000, 6754, 0, 0
1210000, 6764, 0, 0
1211000, 6732, 0, 0
1212000, 6740, 0, 0
1213000, 6760, 0, 0
1214000, 6756, 0, 0
1215000, 6671, 0, 0
1216000, 6711, 0, 0
1217000, 6746, 0, 0
1218000, 6689, 0, 0
1219000, 6713, 0, 0
1220000, 6714, 0, 0
1221000, 6737, 0, 0
1222000, 6708, 0, 0
1223000, 6730, 0, 0
1224000, 6743, 0, 0
1225000, 6734, 0, 0
1226000, 6755, 0, 0
1227000, 6739, 0, 0
1228000, 6706, 0, 0
1229000, 6707, 0, 0
1230000, 6702, 0, 0
1231000, 6722, 0, 0
1232000, 6685, 0, 0
1233000, 6708, 0, 0
1234000, 6683, 0, 0
1235000, 6713, 0, 0
1236000, 6714, 0, 0
1237000, 6730, 0, 0
1238000, 6749, 0, 0
1239000, 6901, 0, 0
1240000, 6681, 0, 0
1241000, 6697, 0, 0
1242000, 6687, 0, 0
1243000, 6659, 0, 0
1244000, 6672, 0, 0
1245000, 6716, 0, 0
1246000, 6731, 0, 0
1247000, 6711, 0, 0
1248000, 6691, 0, 0
1249000, 6720, 0, 0
1250000, 6726, 0, 0
1251000, 6684, 0, 0
1252000, 6714, 0, 0
1253000, 6888, 0, 0
1254000, 6718, 0, 0
1255000, 6756, 0, 0
1256000, 6698, 0, 0
1257000, 6658, 0, 0
1258000, 6730, 0, 0
1259000, 6679, 0, 0
1260000, 6705, 0, 0
1261000, 9329, 0, 0
1262000, 6579, 0, 0
1263000, 6610, 0, 0
1264000, 6681, 0, 0
1265000, 6665, 0, 0
1266000, 6686, 0, 0
1267000, 6708, 0, 0
1268000, 6627, 0, 0
1269000, 6626, 0, 0
1270000, 6628, 0, 0
1271000, 6650, 0, 0
1272000, 6653, 0, 0
1273000, 7286, 0, 0
1274000, 6655, 0, 0
1275000, 6650, 0, 0
1276000, 6676, 0, 0
1277000, 6657, 0, 0
1278000, 6592, 0, 0
1279000, 6613, 0, 0
1280000, 6658, 0, 0
1281000, 6622, 0, 0
1282000, 6611, 0, 0
1283000, 6648, 0, 0
1284000, 6603, 0, 0
1285000, 6675, 0, 0
1286000, 6668, 0, 0
1287000, 6677, 0, 0
1288000, 6693, 0, 0
1289000, 6750, 0, 0
1290000, 6708, 0, 0
1291000, 6709, 0, 0
1292000, 6752, 0, 0
1293000, 6732, 0, 0
1294000, 6661, 0, 0
1295000, 6717, 0, 0
1296000, 6726, 0, 0
1297000, 6688, 0, 0
1298000, 6695, 0, 0
1299000, 6808, 0, 0
1300000, 6669, 0, 0
1301000, 6682, 0, 0
1302000, 6699, 0, 0
1303000, 6670, 0, 0
1304000, 6728, 0, 0
1305000, 6712, 0, 0
1306000, 6678, 0, 0
1307000, 6674, 0, 0
1308000, 6646, 0, 0
1309000, 6660, 0, 0
1310000, 6671, 0, 0
1311000, 6649, 0, 0
1312000, 6670, 0, 0
1313000, 6716, 0, 0
1314000, 6677, 0, 0
1315000, 6687, 0, 0
1316000, 6678, 0, 0
1317000, 6712, 0, 0
1318000, 6709, 0, 0
1319000, 6713, 0, 0
1320000, 6735, 0, 0
1321000, 6680, 0, 0
1322000, 6730, 0, 0
1323079, 7817, 0, 0
1324000, 7571, 0, 0
1325000, 6701, 0, 0
1326000, 6704, 0, 0
1327000, 6741, 0, 0
1328000, 6750, 0, 0
1329000, 6737, 0, 0
1330000, 6689, 0, 0
1331000, 6651, 0, 0
1332000, 6683, 0, 0
1333000, 6692, 0, 0
1334000, 6714, 0, 0
1335000, 6701, 0, 0
1336000, 6681, 0, 0
1337000, 6627, 0, 0
1338000, 6679, 0, 0
1339000, 6661, 0, 0
1340000, 6656, 0, 0
1341000, 6607, 0, 0
1342000, 6621, 0, 0
1343000, 6666, 0, 0
1344000, 6693, 0, 0
1345000, 6597, 0, 0
1346000, 6613, 0, 0
1347000, 6629, 0, 0
1348000, 6627, 0, 0
1349000, 6622, 0, 0
1350000, 6605, 0, 0
1351000, 6676, 0, 0
1352000, 6680, 0, 0
1353000, 6667, 0, 0
1354000, 6611, 0, 0
1355000, 6642, 0, 0
1356000, 6696, 0, 0
1357000, 6697, 0, 0
1358000, 6642, 0, 0
1359000, 6709, 0, 0
1360000, 6712, 0, 0
1361000, 6679, 0, 0
1362000, 6624, 0, 0
1363000, 6629, 0, 0
1364000, 6700, 0, 0
1365000, 6717, 0, 0
1366000, 6678, 0, 0
1367000, 6639, 0, 0
1368000, 6633, 0, 0
1369000, 6720, 0, 0
1370000, 6750, 0, 0
1371000, 6658, 0, 0
1372000, 6679, 0, 0
1373000, 6655, 0, 0
1374000, 6678, 0, 0
1375000, 6887, 0, 0
1376000, 6691, 0, 0
1377000, 6673, 0, 0
1378000, 6669, 0, 0
1379000, 6676, 0, 0
1380000, 6795, 0, 0
1381000, 6696, 0, 0
1382000, 6696, 0, 0
1383000, 6697, 0, 0
1384000, 6725, 0, 0
1385000, 6680, 0, 0
1386000, 8932, 0, 0
1387000, 6611, 0, 0
1388000, 6632, 0, 0
1389000, 6618, 0, 0
1390000, 6622, 0, 0
1391000, 6593, 0, 0
1392000, 6584, 0, 0
1393000, 6620, 0, 0
1394000, 6654, 0, 0
1395000, 6689, 0, 0
1396000, 6590, 0, 0
1397000, 6595, 0, 0
1398000, 6608, 0, 0
1399000, 6666, 0, 0
1400000, 6641, 0, 0
1401000, 6652, 0, 0
1402000, 6624, 0, 0
1403000, 6661, 0, 0
1404000, 6644, 0, 0
1405000, 6749, 0, 0
1406000, 6622, 0, 0
1407000, 6597, 0, 0
1408000, 6601, 0, 0
1409000, 6579, 0, 0
1410000, 6645, 0, 0
1411000, 6594, 0, 0
1412000, 6662, 0, 0
1413000, 6690, 0, 0
1414000, 6620, 0, 0
1415000, 6699, 0, 0
1416000, 6693, 0, 0
1417000, 6651, 0, 0
1418000, 6636, 0, 0
1419000, 6686, 0, 0
1420000, 6650, 0, 0
1421000, 6680, 0, 0
1422000, 6648, 0, 0
1423000, 6661, 0, 0
1424000, 6653, 0, 0
1425000, 6653, 0, 0
1426000, 6648, 0, 0
1427000, 6666, 0, 0
1428000, 6581, 0, 0
1429000, 6576, 0, 0
1430000, 6635, 0, 0
1431000, 6614, 0, 0
1432000, 6616, 0, 0
1433000, 6617, 0, 0
1434000, 6625, 0, 0
1435000, 6673, 0, 0
1436000, 6636, 0, 0
1437000, 6600, 0, 0
1438000, 6613, 0, 0
1439000, 6588, 0, 0
1440000, 6653, 0, 0
1441000, 6600, 0, 0
1442000, 6625, 0, 0
1443000, 6645, 0, 0
1444000, 6657, 0, 0
1445000, 6629, 0, 0
1446000, 6643, 0, 0
1447000, 6621, 0, 0
1448041, 7860, 0, 0
1449000, 7026, 0, 0
1450000, 6576, 0, 0
1451000, 6575, 0, 0
1452000, 6593, 0, 0
1453000, 6629, 0, 0
1454000, 6802, 0, 0
1455000, 6672, 0, 0
1456000, 6722, 0, 0
1457000, 6631, 0, 0
1458000, 6656, 0, 0
1459000, 6675, 0, 0
1460000, 6680, 0, 0
1461000, 6704, 0, 0
1462000, 6669, 0, 0
1463000, 6695, 0, 0
1464000, 6651, 0, 0
1465000, 6646, 0, 0
1466000, 6681, 0, 0
1467000, 6626, 0, 0
1468000, 6626, 0, 0
1469000, 6640, 0, 0
1470000, 6660, 0, 0
1471000, 6703, 0, 0
1472000, 6696, 0, 0
1473000, 6819, 0, 0
1474000, 6649, 0, 0
1475000, 6652, 0, 0
1476000, 6672, 0, 0
1477000, 6662, 0, 0
1478000, 6606, 0, 0
1479000, 6613, 0, 0
1480000, 6647, 0, 0
1481000, 6662, 0, 0
1482000, 6619, 0, 0
1483000, 6637, 0, 0
1484000, 6692, 0, 0
1485000, 6649, 0, 0
1486000, 6654, 0, 0
1487000, 6626, 0, 0
1488000, 6690, 0, 0
1489000, 6609, 0, 0
1490000, 6656, 0, 0
1491000, 6643, 0, 0
1492000, 6617, 0, 0
1493000, 6699, 0, 0
1494000, 6680, 0, 0
1495000, 6605, 0, 0
1496000, 6637, 0, 0
1497000, 6700, 0, 0
1498000, 6613, 0, 0
1499000, 6630, 0, 0
1500000, 6703, 0, 0
1501000, 6618, 0, 0
1502000, 6548, 0, 0
1503000, 6596, 0, 0
1504000, 6591, 0, 0
1505000, 6678, 0, 0
1506000, 6644, 0, 0
1507000, 6681, 0, 0
1508000, 6679, 0, 0
1509000, 6677, 0, 0
1510000, 6660, 0, 0
1511000, 8479, 0, 0
1512000, 6696, 0, 0
1513000, 6713, 0, 0
1514000, 6655, 0, 0
1515000, 6682, 0, 0
1516000, 6656, 0, 0
1517000, 6596, 0, 0
1518000, 6638, 0, 0
1519000, 6652, 0, 0
1520000, 6661, 0, 0
1521000, 6651, 0, 0
1522000, 6664, 0, 0
1523000, 6675, 0, 0
1524000, 6698, 0, 0
1525000, 6629, 0, 0
1526000, 6651, 0, 0
1527000, 6701, 0, 0
1528000, 6670, 0, 0
1529000, 6686, 0, 0
1530000, 6657, 0, 0
1531000, 6761, 0, 0
1532000, 6688, 0, 0
1533000, 6670, 0, 0
1534000, 6707, 0, 0
1535000, 6684, 0, 0
1536000, 6654, 0, 0
1537000, 6707, 0, 0
1538000, 6680, 0, 0
1539000, 6722, 0, 0
1540000, 6622, 0, 0
1541000, 6626, 0, 0
1542000, 6587, 0, 0
1543000, 6635, 0, 0
1544000, 6652, 0, 0
1545000, 6633, 0, 0
1546000, 6630, 0, 0
1547000, 6625, 0, 0
1548000, 6620, 0, 0
1549000, 6658, 0, 0
1550000, 6641, 0, 0
1551000, 6649, 0, 0
1552000, 6649, 0, 0
1553000, 6621, 0, 0
1554000, 6625, 0, 0
1555000, 6719, 0, 0
1556000, 6628, 0, 0
1557000, 6599, 0, 0
1558000, 6608, 0, 0
1559000, 6587, 0, 0
1560000, 6646, 0, 0
1561000, 6618, 0, 0
1562000, 6653, 0, 0
1563000, 6669, 0, 0
1564000, 6683, 0, 0
1565000, 6658, 0, 0
1566000, 6659, 0, 0
1567000, 6615, 0, 0
1568000, 6649, 0, 0
1569000, 6640, 0, 0
1570000, 6646, 0, 0
1571000, 6623, 0, 0
1572000, 6621, 0, 0
1573030, 7789, 0, 0
1574000, 7047, 0, 0
1575000, 6615, 0, 0
1576000, 6663, 0, 0
1577000, 6606, 0, 0
1578000, 6661, 0, 0
1579000, 6636, 0, 0
1580000, 6628, 0, 0
1581000, 6627, 0, 0
1582000, 6625, 0, 0
1583000, 6680, 0, 0
1584000, 6611, 0, 0
1585000, 6702, 0, 0
1586000, 6663, 0, 0
1587000, 6710, 0, 0
1588000, 6659, 0, 0
1589000, 6607, 0, 0
1590000, 6632, 0, 0
1591000, 6659, 0, 0
1592000, 6599, 0, 0
1593000, 6605, 0, 0
1594000, 6606, 0, 0
1595000, 6656, 0, 0
1596000, 6677, 0, 0
1597000, 6622, 0, 0
1598000, 6613, 0, 0
1599000, 6593, 0, 0
1600000, 6696, 0, 0
1601000, 6608, 0, 0
1602000, 6608, 0, 0
1603000, 6658, 0, 0
1604000, 6607, 0, 0
1605000, 6646, 0, 0
1606000, 6744, 0, 0
1607000, 6707, 0, 0
1608000, 6696, 0, 0
1609000, 6655, 0, 0
1610000, 6793, 0, 0
1611000, 6677, 0, 0
1612000, 6629, 0, 0
1613000, 6667, 0, 0
1614000, 6723, 0, 0
1615000, 6672, 0, 0
1616000, 6659, 0, 0
1617000, 6696, 0, 0
1618000, 6661, 0, 0
1619000, 6666, 0, 0
1620000, 6645, 0, 0
1621000, 6699, 0, 0
1622000, 6650, 0, 0
1623000, 6688, 0, 0
1624000, 6738, 0, 0
1625000, 6721, 0, 0
1626000, 6732, 0, 0
1627000, 6720, 0, 0
1628000, 6678, 0, 0
1629000, 6668, 0, 0
1630000, 6653, 0, 0
1631000, 6713, 0, 0
1632000, 6718, 0, 0
1633000, 6724, 0, 0
1634000, 6713, 0, 0
1635000, 6724, 0, 0
1636000, 8697, 0, 0
1637000, 6685, 0, 0
1638000, 6643, 0, 0
1639000, 6763, 0, 0
1640000, 6687, 0, 0
1641000, 6647, 0, 0
1642000, 6646, 0, 0
1643000, 6672, 0, 0
1644000, 6640, 0, 0
1645000, 6632, 0, 0
1646000, 6648, 0, 0
1647000, 6682, 0, 0
1648000, 6604, 0, 0
1649000, 6617, 0, 0
1650000, 6666, 0, 0
1651000, 6611, 0, 0
1652000, 6632, 0, 0
1653000, 6664, 0, 0
1654000, 6607, 0, 0
1655000, 6626, 0, 0
1656000, 6644, 0, 0
1657000, 6627, 0, 0
1658000, 6635, 0, 0
1659000, 6625, 0, 0
1660000, 6685, 0, 0
1661000, 6646, 0, 0
1662000, 6667, 0, 0
1663000, 6676, 0, 0
1664000, 6658, 0, 0
1665000, 6576, 0, 0
1666000, 6610, 0, 0
1667000, 6590, 0, 0
1668000, 6610, 0, 0
1669000, 6588, 0, 0
1670000, 6613, 0, 0
1671000, 6806, 0, 0
1672000, 6631, 0, 0
1673000, 6660, 0, 0
1674000, 6675, 0, 0
1675000, 6656, 0, 0
1676000, 6636, 0, 0
1677000, 6646, 0, 0
1678000, 6655, 0, 0
1679000, 6663, 0, 0
1680000, 6642, 0, 0
1681000, 6612, 0, 0
1682000, 6655, 0, 0
1683000, 6696, 0, 0
1684000, 6772, 0, 0
1685000, 6638, 0, 0
1686000, 6664, 0, 0
1687000, 6656, 0, 0
1688000, 6653, 0, 0
1689000, 6625, 0, 0
1690000, 6650, 0, 0
1691000, 6649, 0, 0
1692000, 6656, 0, 0
1693000, 6688, 0, 0
1694000, 6606, 0, 0
1695000, 6635, 0, 0
1696000, 6647, 0, 0
1697000, 6716, 0, 0
1698000, 6629, 0, 0
1699000, 8545, 0, 0
1700000, 6606, 0, 0
1701000, 6583, 0, 0
1702000, 6601, 0, 0
1703000, 6661, 0, 0
1704000, 6640, 0, 0
1705000, 6770, 0, 0
1706000, 6604, 0, 0
1707000, 6680, 0, 0
1708000, 6631, 0, 0
1709000, 6617, 0, 0
1710000, 6652, 0, 0
1711000, 6619, 0, 0
1712000, 6633, 0, 0
1713000, 6670, 0, 0
1714000, 6676, 0, 0
1715000, 6615, 0, 0
1716000, 6568, 0, 0
1717000, 6649, 0, 0
1718000, 6558, 0, 0
1719000, 6576, 0, 0
1720000, 6594, 0, 0
1721000, 6582, 0, 0
1722000, 6566, 0, 0
1723000, 6559, 0, 0
1724000, 6629, 0, 0
1725000, 6626, 0, 0
1726000, 6670, 0, 0
1727000, 6616, 0, 0
1728000, 6607, 0, 0
1729000, 6658, 0, 0
1730000, 6647, 0, 0
1731000, 6622, 0, 0
1732000, 6607, 0, 0
1733000, 6611, 0, 0
1734000, 6627, 0, 0
1735000, 6635, 0, 0
1736000, 6711, 0, 0
1737000, 6694, 0, 0
1738000, 6607, 0, 0
1739000, 6597, 0, 0
1740000, 6595, 0, 0
1741000, 6654, 0, 0
1742000, 6584, 0, 0
1743000, 6651, 0, 0
1744000, 6634, 0, 0
1745000, 6607, 0, 0
1746000, 6599, 0, 0
1747000, 6717, 0, 0
1748000, 6620, 0, 0
1749000, 6642, 0, 0
1750000, 6663, 0, 0
1751000, 6612, 0, 0
1752000, 6589, 0, 0
1753000, 6660, 0, 0
1754000, 6661, 0, 0
1755000, 6610, 0, 0
1756000, 6585, 0, 0
1757000, 6571, 0, 0
1758000, 6601, 0, 0
1759000, 6600, 0, 0
1760000, 6634, 0, 0
1761000, 7854, 0, 0
1762000, 7035, 0, 0
1763000, 6629, 0, 0
1764000, 6663, 0, 0
1765000, 6641, 0, 0
1766000, 6644, 0, 0
1767000, 6629, 0, 0
1768000, 6655, 0, 0
1769000, 6718, 0, 0
1770000, 6592, 0, 0
1771000, 6646, 0, 0
1772000, 6654, 0, 0
1773000, 6631, 0, 0
1774000, 6666, 0, 0
1775000, 6637, 0, 0
1776000, 6712, 0, 0
1777000, 6690, 0, 0
1778000, 6646, 0, 0
1779000, 6654, 0, 0
1780000, 6646, 0, 0
1781000, 6647, 0, 0
1782000, 6616, 0, 0
1783000, 6674, 0, 0
1784000, 6654, 0, 0
1785000, 6624, 0, 0
1786000, 6609, 0, 0
1787000, 6646, 0, 0
1788000, 6639, 0, 0
1789000, 6573, 0, 0
1790000, 6593, 0, 0
1791000, 6688, 0, 0
1792000, 6603, 0, 0
1793000, 6599, 0, 0
1794000, 6643, 0, 0
1795000, 6606, 0, 0
1796000, 6636, 0, 0
1797000, 6594, 0, 0
1798000, 6570, 0, 0
1799000, 6664, 0, 0
1800000, 6656, 0, 0
1801000, 6656, 0, 0
1802000, 6592, 0, 0
1803000, 6638, 0, 0
1804000, 6592, 0, 0
1805000, 6653, 0, 0
1806000, 6685, 0, 0
1807000, 6681, 0, 0
1808000, 6624, 0, 0
1809000, 6618, 0, 0
1810000, 6622, 0, 0
1811000, 6639, 0, 0
1812000, 6605, 0, 0
1813000, 6597, 0, 0
1814000, 6575, 0, 0
1815000, 6659, 0, 0
1816000, 6586, 0, 0
1817000, 6653, 0, 0
1818000, 6615, 0, 0
1819000, 6691, 0, 0
1820000, 6678, 0, 0
1821000, 6624, 0, 0
1822000, 6598, 0, 0
1823000, 6656, 0, 0
1824000, 8444, 0, 0
1825000, 6488, 0, 0
1826000, 6569, 0, 0
1827000, 6622, 0, 0
1828000, 6635, 0, 0
1829000, 6615, 0, 0
1830000, 6777, 0, 0
1831000, 6650, 0, 0
1832000, 6653, 0, 0
1833000, 6642, 0, 0
1834000, 6569, 0, 0
1835000, 6607, 0, 0
1836000, 6595, 0, 0
1837000, 6613, 0, 0
1838000, 6592, 0, 0
1839000, 6646, 0, 0
1840000, 6598, 0, 0
1841000, 6623, 0, 0
1842000, 6652, 0, 0
1843000, 6636, 0, 0
1844000, 6632, 0, 0
1845000, 6701, 0, 0
1846000, 6628, 0, 0
1847000, 6559, 0, 0
1848000, 6556, 0, 0
1849000, 6627, 0, 0
1850000, 6607, 0, 0
1851000, 6639, 0, 0
1852000, 6603, 0, 0
1853000, 6583, 0, 0
1854000, 6648, 0, 0
1855000, 6615, 0, 0
1856000, 6574, 0, 0
1857000, 6628, 0, 0
1858000, 6568, 0, 0
1859000, 6643, 0, 0
1860000, 6608, 0, 0
1861000, 6652, 0, 0
1862000, 6654, 0, 0
1863000, 6589, 0, 0
1864000, 6619, 0, 0
1865000, 6648, 0, 0
1866000, 6612, 0, 0
1867000, 6668, 0, 0
1868000, 6647, 0, 0
1869000, 6695, 0, 0
1870000, 6700, 0, 0
1871000, 6685, 0, 0
1872000, 7262, 0, 0
1873000, 6658, 0, 0
1874000, 6634, 0, 0
1875000, 6633, 0, 0
1876000, 6615, 0, 0
1877000, 6675, 0, 0
1878000, 6646, 0, 0
1879000, 6615, 0, 0
1880000, 6662, 0, 0
1881000, 6656, 0, 0
1882000, 6643, 0, 0
1883000, 6717, 0, 0
1884000, 6652, 0, 0
1885000, 6676, 0, 0
1886000, 6632, 0, 0
1887000, 8576, 0, 0
1888000, 6642, 0, 0
1889000, 6679, 0, 0
1890000, 6698, 0, 0
1891000, 6718, 0, 0
1892000, 6767, 0, 0
1893000, 6784, 0, 0
1894000, 6666, 0, 0
1895000, 6653, 0, 0
1896000, 6697, 0, 0
1897000, 6745, 0, 0
1898000, 6676, 0, 0
1899000, 6707, 0, 0
1900000, 6711, 0, 0
1901000, 6703, 0, 0
1902000, 6717, 0, 0
1903000, 6697, 0, 0
1904000, 6640, 0, 0
1905000, 6711, 0, 0
1906000, 6657, 0, 0
1907000, 6665, 0, 0
1908000, 6677, 0, 0
1909000, 6732, 0, 0
1910000, 6671, 0, 0
1911000, 6660, 0, 0
1912000, 6710, 0, 0
1913000, 6653, 0, 0
1914000, 6682, 0, 0
1915000, 6674, 0, 0
1916000, 6713, 0, 0
1917000, 6722, 0, 0
1918000, 6698, 0, 0
1919000, 6654, 0, 0
1920000, 6729, 0, 0
1921000, 6672, 0, 0
1922000, 6638, 0, 0
1923000, 6762, 0, 0
1924000, 6718, 0, 0
1925000, 6789, 0, 0
1926000, 6710, 0, 0
1927000, 6712, 0, 0
1928000, 6727, 0, 0
1929000, 6695, 0, 0
1930000, 6739, 0, 0
1931000, 6704, 0, 0
1932000, 6689, 0, 0
1933000, 6730, 0, 0
1934000, 6696, 0, 0
1935000, 6765, 0, 0
1936000, 6748, 0, 0
1937000, 6750, 0, 0
1938000, 6789, 0, 0
1939000, 6715, 0, 0
1940000, 7281, 0, 0
1941000, 6743, 0, 0
1942000, 6686, 0, 0
1943000, 6640, 0, 0
1944000, 6713, 0, 0
1945000, 6689, 0, 0
1946000, 6707, 0, 0
1947000, 6686, 0, 0
1948000, 6688, 0, 0
1949000, 8777, 0, 0
1950000, 6688, 0, 0
1951000, 6716, 0, 0
1952000, 6705, 0, 0
1953000, 6734, 0, 0
1954000, 6761, 0, 0
1955000, 6775, 0, 0
1956000, 6709, 0, 0
1957000, 6770, 0, 0
1958000, 6741, 0, 0
1959000, 6735, 0, 0
1960000, 6696, 0, 0
1961000, 6709, 0, 0
1962000, 6734, 0, 0
1963000, 6723, 0, 0
1964000, 6750, 0, 0
1965000, 6765, 0, 0
1966000, 6751, 0, 0
1967000, 6744, 0, 0
1968000, 6756, 0, 0
1969000, 6702, 0, 0
1970000, 6789, 0, 0
1971000, 6720, 0, 0
1972000, 6778, 0, 0
1973000, 6711, 0, 0
1974000, 6730, 0, 0
1975000, 6707, 0, 0
1976000, 6731, 0, 0
1977000, 6746, 0, 0
1978000, 6720, 0, 0
1979000, 6763, 0, 0
1980000, 6770, 0, 0
1981000, 6758, 0, 0
1982000, 6713, 0, 0
1983000, 6766, 0, 0
1984000, 6702, 0, 0
1985000, 6735, 0, 0
1986000, 6719, 0, 0
1987000, 6760, 0, 0
1988000, 6785, 0, 0
1989000, 6758, 0, 0
1990000, 6741, 0, 0
1991000, 6737, 0, 0
1992000, 6765, 0, 0
1993000, 6779, 0, 0
1994000, 6759, 0, 0
1995000, 6729, 0, 0
1996000, 6699, 0, 0
1997000, 6743, 0, 0
1998000, 6767, 0, 0
1999000, 6725, 0, 0
2000000, 6724, 0, 0
2001000, 6782, 0, 0
2002000, 6717, 0, 0
2003000, 6734, 0, 0
2004000, 6757, 0, 0
2005000, 6738, 0, 0
2006000, 6715, 0, 0
2007000, 6708, 0, 0
2008000, 6733, 0, 0
2009000, 6698, 0, 0
2010000, 6728, 0, 0
2011000, 6768, 0, 0
2012000, 8851, 0, 0
2013000, 6706, 0, 0
2014000, 6671, 0, 0
2015000, 6674, 0, 0
2016000, 6672, 0, 0
2017000, 6735, 0, 0
2018000, 6719, 0, 0
2019000, 6687, 0, 0
2020000, 6712, 0, 0
2021000, 6678, 0, 0
2022000, 6699, 0, 0
2023000, 6715, 0, 0
2024000, 6704, 0, 0
2025000, 6921, 0, 0
2026000, 6664, 0, 0
2027000, 6726, 0, 0
2028000, 6754, 0, 0
2029000, 6722, 0, 0
2030000, 6713, 0, 0
2031000, 6673, 0, 0
2032000, 6702, 0, 0
2033000, 6704, 0, 0
2034000, 6676, 0, 0
2035000, 6679, 0, 0
2036000, 6638, 0, 0
2037000, 6648, 0, 0
2038000, 6729, 0, 0
2039000, 6649, 0, 0
2040000, 6643, 0, 0
2041000, 6678, 0, 0
2042000, 6695, 0, 0
2043000, 6694, 0, 0
2044000, 6688, 0, 0
2045000, 6678, 0, 0
2046000, 6672, 0, 0
2047000, 6709, 0, 0
2048000, 6667, 0, 0
2049000, 6704, 0, 0
2050000, 6695, 0, 0
2051000, 6719, 0, 0
2052000, 6737, 0, 0
2053000, 6695, 0, 0
2054000, 6733, 0, 0
2055000, 6681, 0, 0
2056000, 6671, 0, 0
2057000, 6678, 0, 0
2058000, 6689, 0, 0
2059000, 6711, 0, 0
2060000, 6722, 0, 0
2061000, 6693, 0, 0
2062000, 6703, 0, 0
2063000, 6704, 0, 0
2064000, 6689, 0, 0
2065000, 6737, 0, 0
2066000, 6703, 0, 0
2067000, 6840, 0, 0
2068000, 6713, 0, 0
2069000, 6690, 0, 0
2070000, 6710, 0, 0
2071000, 6666, 0, 0
2072000, 6623, 0, 0
2073000, 6706, 0, 0
2074000, 7986, 0, 0
2075000, 7269, 0, 0
2076000, 6719, 0, 0
2077000, 6692, 0, 0
2078000, 6721, 0, 0
2079000, 6674, 0, 0
2080000, 6643, 0, 0
2081000, 6693, 0, 0
2082000, 6692, 0, 0
2083000, 6698, 0, 0
2084000, 6683, 0, 0
2085000, 6686, 0, 0
2086000, 6745, 0, 0
2087000, 6675, 0, 0
2088000, 6723, 0, 0
2089000, 6743, 0, 0
2090000, 6716, 0, 0
2091000, 6706, 0, 0
2092000, 6658, 0, 0
2093000, 6743, 0, 0
2094000, 6687, 0, 0
2095000, 6733, 0, 0
2096000, 6703, 0, 0
2097000, 6666, 0, 0
2098000, 6723, 0, 0
2099000, 6646, 0, 0
2100000, 6745, 0, 0
2101000, 6693, 0, 0
2102000, 6694, 0, 0
2103000, 6657, 0, 0
2104000, 6652, 0, 0
2105000, 6680, 0, 0
2106000, 6663, 0, 0
2107000, 6651, 0, 0
2108000, 6738, 0, 0
2109000, 6726, 0, 0
2110000, 6662, 0, 0
2111000, 6666, 0, 0
2112000, 6677, 0, 0
2113000, 6741, 0, 0
2114000, 6690, 0, 0
2115000, 6674, 0, 0
2116000, 6725, 0, 0
2117000, 6698, 0, 0
2118000, 6722, 0, 0
2119000, 6729, 0, 0
2120000, 6789, 0, 0
2121000, 6726, 0, 0
2122000, 6696, 0, 0
2123000, 6690, 0, 0
2124000, 6730, 0, 0
2125000, 6739, 0, 0
2126000, 6681, 0, 0
2127000, 6759, 0, 0
2128000, 6776, 0, 0
2129000, 6680, 0, 0
2130000, 6697, 0, 0
2131000, 6686, 0, 0
2132000, 6875, 0, 0
2133000, 6674, 0, 0
2134000, 6771, 0, 0
2135000, 6668, 0, 0
2136000, 6701, 0, 0
2137000, 8047, 0, 0
2138000, 7217, 0, 0
2139000, 6631, 0, 0
2140000, 6685, 0, 0
2141000, 6678, 0, 0
2142000, 6651, 0, 0
2143000, 6646, 0, 0
2144000, 6679, 0, 0
2145000, 6686, 0, 0
2146000, 6680, 0, 0
2147000, 6723, 0, 0
2148000, 6716, 0, 0
2149000, 6661, 0, 0
2150000, 6660, 0, 0
2151000, 6699, 0, 0
2152000, 6684, 0, 0
2153000, 6678, 0, 0
2154000, 6710, 0, 0
2155000, 6672, 0, 0
2156000, 6697, 0, 0
2157000, 6684, 0, 0
2158000, 6678, 0, 0
2159000, 6683, 0, 0
2160000, 6735, 0, 0
2161000, 6667, 0, 0
2162000, 6650, 0, 0
2163000, 6665, 0, 0
2164000, 6703, 0, 0
2165000, 6718, 0, 0
2166000, 6692, 0, 0
2167000, 6683, 0, 0
2168000, 6706, 0, 0
2169000, 6711, 0, 0
2170000, 6786, 0, 0
2171000, 6771, 0, 0
2172000, 6689, 0, 0
2173000, 6690, 0, 0
2174000, 6719, 0, 0
2175000, 6757, 0, 0
2176000, 6780, 0, 0
2177000, 6654, 0, 0
2178000, 6694, 0, 0
2179000, 6718, 0, 0
2180000, 6720, 0, 0
2181000, 6780, 0, 0
2182000, 6745, 0, 0
2183000, 6807, 0, 0
2184000, 6790, 0, 0
2185000, 6739, 0, 0
2186000, 6674, 0, 0
2187000, 6781, 0, 0
2188000, 6810, 0, 0
2189000, 6682, 0, 0
2190000, 6735, 0, 0
2191000, 6784, 0, 0
2192000, 6727, 0, 0
2193000, 6763, 0, 0
2194000, 6759, 0, 0
2195000, 6759, 0, 0
2196000, 6725, 0, 0
2197000, 6739, 0, 0
2198000, 6745, 0, 0
2199000, 6737, 0, 0
2200000, 8612, 0, 0
2201000, 6671, 0, 0
2202000, 6668, 0, 0
2203000, 6695, 0, 0
2204000, 6718, 0, 0
2205000, 6714, 0, 0
2206000, 6691, 0, 0
2207000, 6655, 0, 0
2208000, 6742, 0, 0
2209000, 6688, 0, 0
2210000, 6704, 0, 0
2211000, 6710, 0, 0
2212000, 6742, 0, 0
2213000, 6705, 0, 0
2214000, 6719, 0, 0
2215000, 6685, 0, 0
2216000, 6662, 0, 0
2217000, 6706, 0, 0
2218000, 6671, 0, 0
2219000, 6679, 0, 0
2220000, 6712, 0, 0
2221000, 6694, 0, 0
2222000, 6682, 0, 0
2223000, 6667, 0, 0
2224000, 6725, 0, 0
2225000, 6671, 0, 0
2226000, 6756, 0, 0
2227000, 6698, 0, 0
2228000, 6688, 0, 0
2229000, 6675, 0, 0
2230000, 6688, 0, 0
2231000, 6707, 0, 0
2232000, 6745, 0, 0
2233000, 6635, 0, 0
2234000, 6740, 0, 0
2235000, 6732, 0, 0
2236000, 6761, 0, 0
2237000, 6763, 0, 0
2238000, 6716, 0, 0
2239000, 6724, 0, 0
2240000, 6744, 0, 0
2241000, 6736, 0, 0
2242000, 6736, 0, 0
2243000, 6728, 0, 0
2244000, 6775, 0, 0
2245000, 6680, 0, 0
2246000, 6752, 0, 0
2247000, 6671, 0, 0
2248000, 6695, 0, 0
2249000, 6691, 0, 0
2250000, 6712, 0, 0
2251000, 6650, 0, 0
2252000, 6650, 0, 0
2253000, 6645, 0, 0
2254000, 6701, 0, 0
2255000, 6745, 0, 0
2256000, 6749, 0, 0
2257000, 6797, 0, 0
2258000, 6722, 0, 0
2259000, 6733, 0, 0
2260000, 6740, 0, 0
2261000, 6761, 0, 0
2262000, 6779, 0, 0
2263000, 8653, 0, 0
2264000, 6743, 0, 0
2265000, 6737, 0, 0
2266000, 6744, 0, 0
2267000, 6760, 0, 0
2268000, 6769, 0, 0
2269000, 6713, 0, 0
2270000, 6711, 0, 0
2271000, 6756, 0, 0
2272000, 6697, 0, 0
2273000, 6722, 0, 0
2274000, 6766, 0, 0
2275000, 6751, 0, 0
2276000, 6783, 0, 0
2277000, 6760, 0, 0
2278000, 6718, 0, 0
2279000, 6728, 0, 0
2280000, 6774, 0, 0
2281000, 6845, 0, 0
2282000, 6739, 0, 0
2283000, 6735, 0, 0
2284000, 6745, 0, 0
2285000, 6740, 0, 0
2286000, 6749, 0, 0
2287000, 6735, 0, 0
2288000, 6725, 0, 0
2289000, 6762, 0, 0
2290000, 6699, 0, 0
2291000, 6717, 0, 0
2292000, 6723, 0, 0
2293000, 6739, 0, 0
2294000, 6755, 0, 0
2295000, 6756, 0, 0
2296000, 6687, 0, 0
2297000, 6704, 0, 0
2298000, 6719, 0, 0
2299000, 6757, 0, 0
2300000, 6749, 0, 0
2301000, 6772, 0, 0
2302000, 6768, 0, 0
2303000, 6775, 0, 0
2304000, 6743, 0, 0
2305000, 6749, 0, 0
2306000, 6760, 0, 0
2307000, 6749, 0, 0
2308000, 6737, 0, 0
2309000, 6658, 0, 0
2310000, 6707, 0, 0
2311000, 6769, 0, 0
2312000, 6800, 0, 0
2313000, 6739, 0, 0
2314000, 6714, 0, 0
2315000, 6757, 0, 0
2316000, 6730, 0, 0
2317000, 6759, 0, 0
2318000, 6726, 0, 0
2319000, 6761, 0, 0
2320000, 6717, 0, 0
2321000, 6656, 0, 0
2322000, 6719, 0, 0
2323000, 6761, 0, 0
2324000, 6731, 0, 0
2325000, 8870, 0, 0
2326000, 6647, 0, 0
2327000, 6703, 0, 0
2328000, 6704, 0, 0
2329000, 6888, 0, 0
2330000, 6675, 0, 0
2331000, 6700, 0, 0
2332000, 6685, 0, 0
2333000, 6721, 0, 0
2334000, 6699, 0, 0
2335000, 6753, 0, 0
2336000, 6721, 0, 0
2337000, 6801, 0, 0
2338000, 6670, 0, 0
2339000, 6732, 0, 0
2340000, 6734, 0, 0
2341000, 6727, 0, 0
2342000, 6748, 0, 0
2343000, 6751, 0, 0
2344000, 6691, 0, 0
2345000, 6669, 0, 0
2346000, 6703, 0, 0
2347000, 6669, 0, 0
2348000, 6686, 0, 0
2349000, 6633, 0, 0
2350000, 6722, 0, 0
2351000, 6664, 0, 0
2352000, 6783, 0, 0
2353000, 6725, 0, 0
2354000, 6685, 0, 0
2355000, 6726, 0, 0
2356000, 6698, 0, 0
2357000, 6714, 0, 0
2358000, 6708, 0, 0
2359000, 6719, 0, 0
2360000, 6673, 0, 0
2361000, 6728, 0, 0
2362000, 6741, 0, 0
2363000, 6719, 0, 0
2364000, 6720, 0, 0
2365000, 6655, 0, 0
2366000, 6686, 0, 0
2367000, 6716, 0, 0
2368000, 6664, 0, 0
2369000, 6640, 0, 0
2370000, 6662, 0, 0
2371000, 6690, 0, 0
2372000, 6685, 0, 0
2373000, 6696, 0, 0
2374000, 6679, 0, 0
2375000, 6698, 0, 0
2376000, 6709, 0, 0
2377000, 6691, 0, 0
2378000, 6719, 0, 0
2379000, 6681, 0, 0
2380000, 6709, 0, 0
2381000, 6665, 0, 0
2382000, 6755, 0, 0
2383000, 6722, 0, 0
2384000, 6703, 0, 0
2385000, 6772, 0, 0
2386000, 6700, 0, 0
2387000, 6731, 0, 0
2388000, 8698, 0, 0
2389000, 6694, 0, 0
2390000, 6718, 0, 0
2391000, 6819, 0, 0
2392000, 6724, 0, 0
2393000, 6662, 0, 0
2394000, 6741, 0, 0
2395000, 6711, 0, 0
2396000, 6724, 0, 0
2397000, 6761, 0, 0
2398000, 6720, 0, 0
2399000, 6732, 0, 0
2400001, 6731, 0, 0
