1000, 299295866, 0, 0
2057, 215898597, 0, 0
3036, 326362068, 0, 0
4067, 340553461, 0, 0
5051, 333867196, 0, 0
6028, 331545172, 0, 0
7002, 360524206, 0, 0
8014, 368139035, 0, 0
9033, 191887783, 0, 0
10009, 372454301, 0, 0
11030, 324827153, 0, 0
12013, 340946312, 0, 0
13056, 352539823, 0, 0
14036, 343069677, 0, 0
15034, 366794729, 0, 0
16028, 213875179, 0, 0
17035, 383329078, 0, 0
18051, 303121871, 0, 0
19047, 406404432, 0, 0
20000, 413420936, 0, 0
21036, 388924149, 0, 0
22017, 461019912, 0, 0
23034, 419236789, 0, 0
24002, 366779313, 0, 0
25003, 306610277, 0, 0
26009, 366456488, 0, 0
27042, 351630109, 0, 0
28052, 324145112, 0, 0
29062, 397389273, 0, 0
30039, 360851037, 0, 0
31025, 256175663, 0, 0
32028, 245782131, 0, 0
33055, 224747189, 0, 0
34060, 402317777, 0, 0
35034, 175938723, 0, 0
36047, 264838904, 0, 0
37015, 357134637, 0, 0
38000, 372364086, 0, 0
39053, 388343906, 0, 0
40048, 208259525, 0, 0
41050, 353156093, 0, 0
42046, 418873562, 0, 0
43045, 158474139, 0, 0
44008, 276831842, 0, 0
45051, 373119387, 0, 0
46027, 362121727, 0, 0
47038, 315012161, 0, 0
48042, 189981178, 0, 0
49005, 307995918, 0, 0
50001, 301291374, 0, 0
51000, 177616050, 0, 0
52008, 398702522, 0, 0
53044, 333545115, 0, 0
54048, 373727960, 0, 0
55001, 211737756, 0, 0
56025, 411145650, 0, 0
57031, 428580535, 0, 0
58046, 214702880, 0, 0
59027, 332486438, 0, 0
60053, 418270848, 0, 0
61052, 370418271, 0, 0
62048, 376459989, 0, 0
63011, 407732078, 0, 0
64012, 370790718, 0, 0
65046, 373444976, 0, 0
66029, 367675920, 0, 0
67054, 362533237, 0, 0
68054, 363063271, 0, 0
69032, 304337627, 0, 0
70051, 348186632, 0, 0
71038, 372622556, 0, 0
72035, 394404694, 0, 0
73064, 366646650, 0, 0
74059, 155653977, 0, 0
75018, 280303075, 0, 0
76056, 376997686, 0, 0
77038, 330477904, 0, 0
78005, 345810584, 0, 0
79033, 339049710, 0, 0
80044, 378223537, 0, 0
81049, 284468363, 0, 0
82016, 231451420, 0, 0
83045, 325204848, 0, 0
84033, 341433160, 0, 0
85024, 278792769, 0, 0
86043, 297128187, 0, 0
87029, 344840377, 0, 0
88043, 223611968, 0, 0
89050, 232698899, 0, 0
90003, 262701315, 0, 0
91033, 234335125, 0, 0
92041, 311396712, 0, 0
93039, 329911833, 0, 0
94029, 286458598, 0, 0
95025, 203961428, 0, 0
96043, 308285017, 0, 0
97039, 313320311, 0, 0
98008, 249925314, 0, 0
99027, 259709401, 0, 0
100004, 290265976, 0, 0
101008, 293526712, 0, 0
102036, 255085360, 0, 0
103046, 274151280, 0, 0
104034, 383780512, 0, 0
105064, 320455502, 0, 0
106052, 308668024, 0, 0
107006, 285039490, 0, 0
108036, 320079895, 0, 0
109015, 260396774, 0, 0
110052, 193345218, 0, 0
111013, 257987672, 0, 0
112019, 324337616, 0, 0
113035, 303179893, 0, 0
114022, 266514109, 0, 0
115028, 246977118, 0, 0
116055, 284825504, 0, 0
117044, 299091301, 0, 0
118044, 332545150, 0, 0
119051, 333130871, 0, 0
120010, 334111308, 0, 0
121025, 326683665, 0, 0
122049, 334679381, 0, 0
123054, 374421934, 0, 0
124050, 332345545, 0, 0
125046, 342616356, 0, 0
126011, 308444655, 0, 0
127033, 322404916, 0, 0
128054, 326022169, 0, 0
129022, 304446685, 0, 0
130006, 297712118, 0, 0
131009, 326487227, 0, 0
132045, 338366234, 0, 0
133049, 320376634, 0, 0
134023, 323552071, 0, 0
135044, 285689313, 0, 0
136035, 295955933, 0, 0
137022, 235831746, 0, 0
138040, 235424733, 0, 0
139030, 250694370, 0, 0
140010, 332170572, 0, 0
141022, 367581327, 0, 0
142019, 361919749, 0, 0
143017, 400543524, 0, 0
144058, 351723414, 0, 0
145028, 345798824, 0, 0
146056, 367759324, 0, 0
147006, 369921055, 0, 0
148027, 307051430, 0, 0
149052, 321161099, 0, 0
150016, 311208829, 0, 0
151005, 312166502, 0, 0
152003, 313677348, 0, 0
153037, 322978297, 0, 0
154031, 314264560, 0, 0
155034, 320650077, 0, 0
156004, 299395594, 0, 0
157011, 247218836, 0, 0
158048, 273626907, 0, 0
159031, 266133774, 0, 0
160020, 306411204, 0, 0
161054, 304008932, 0, 0
162050, 322311057, 0, 0
163040, 343215375, 0, 0
164041, 320467802, 0, 0
165018, 287825757, 0, 0
166041, 298545767, 0, 0
167044, 318263402, 0, 0
168008, 298952897, 0, 0
169006, 301864824, 0, 0
170018, 287614620, 0, 0
171021, 288193559, 0, 0
172034, 278025775, 0, 0
173055, 299762093, 0, 0
174029, 307684769, 0, 0
175032, 317123911, 0, 0
176016, 334629454, 0, 0
177044, 361590458, 0, 0
178024, 375040220, 0, 0
179005, 334520178, 0, 0
180048, 338025105, 0, 0
181055, 313280943, 0, 0
182030, 296231946, 0, 0
183036, 312680444, 0, 0
184032, 299227749, 0, 0
185049, 299684693, 0, 0
186004, 285341791, 0, 0
187028, 305963110, 0, 0
188042, 292995241, 0, 0
189013, 289038297, 0, 0
190030, 291019638, 0, 0
191002, 284663588, 0, 0
192057, 275857726, 0, 0
193031, 317732383, 0, 0
194039, 294665685, 0, 0
195014, 305925302, 0, 0
196057, 303799347, 0, 0
197022, 250563332, 0, 0
198040, 277474112, 0, 0
199040, 285489814, 0, 0
200019, 303533523, 0, 0
201008, 289075746, 0, 0
202030, 274018363, 0, 0
203022, 281931824, 0, 0
204052, 319312684, 0, 0
205038, 274086207, 0, 0
206011, 291081809, 0, 0
207027, 317730637, 0, 0
208025, 276702027, 0, 0
209019, 306534878, 0, 0
210014, 288612380, 0, 0
211060, 307948142, 0, 0
212032, 322633107, 0, 0
213003, 286227540, 0, 0
214002, 280031976, 0, 0
215041, 289549869, 0, 0
216001, 329939232, 0, 0
217001, 288968800, 0, 0
218045, 275111070, 0, 0
219108, 271282187, 0, 0
220060, 274385120, 0, 0
221007, 241982751, 0, 0
222009, 261604564, 0, 0
223022, 276725728, 0, 0
224039, 266870652, 0, 0
225029, 287535772, 0, 0
226017, 275763311, 0, 0
227020, 276035866, 0, 0
228034, 280281892, 0, 0
229031, 297993076, 0, 0
230024, 293541856, 0, 0
231052, 307383658, 0, 0
232019, 300524329, 0, 0
233051, 335595845, 0, 0
234008, 316211032, 0, 0
235027, 275047857, 0, 0
236062, 303737918, 0, 0
237029, 282662316, 0, 0
238019, 297739639, 0, 0
239032, 308564014, 0, 0
240040, 266832385, 0, 0
241023, 294662677, 0, 0
242052, 281764775, 0, 0
243025, 287548017, 0, 0
244027, 290593277, 0, 0
245033, 317358512, 0, 0
246055, 319779793, 0, 0
247004, 303522844, 0, 0
248007, 339929423, 0, 0
249051, 283124666, 0, 0
250014, 302894755, 0, 0
251035, 288870021, 0, 0
252057, 269304801, 0, 0
253014, 290984911, 0, 0
254046, 280038896, 0, 0
255015, 277721681, 0, 0
256004, 256782040, 0, 0
257042, 299774434, 0, 0
258051, 294499520, 0, 0
259049, 288411995, 0, 0
260012, 282660124, 0, 0
261034, 330844890, 0, 0
262050, 261040278, 0, 0
263049, 275104029, 0, 0
264050, 297268423, 0, 0
265015, 322061324, 0, 0
266016, 287422883, 0, 0
267036, 291156123, 0, 0
268017, 292558671, 0, 0
269026, 338957818, 0, 0
270002, 302635362, 0, 0
271046, 293083427, 0, 0
272004, 301348976, 0, 0
273025, 307743467, 0, 0
274018, 325313049, 0, 0
275018, 263838844, 0, 0
276053, 286259338, 0, 0
277013, 275860959, 0, 0
278012, 272431253, 0, 0
279030, 301363456, 0, 0
280041, 287542604, 0, 0
281047, 270035005, 0, 0
282064, 269929674, 0, 0
283030, 272554149, 0, 0
284024, 292031605, 0, 0
285018, 310881632, 0, 0
286014, 309406531, 0, 0
287009, 279299869, 0, 0
288018, 278242309, 0, 0
289036, 308338358, 0, 0
290012, 319624673, 0, 0
291040, 284166087, 0, 0
292009, 291166101, 0, 0
293031, 336019186, 0, 0
294002, 308575716, 0, 0
295030, 310879850, 0, 0
296045, 340921852, 0, 0
297048, 292282695, 0, 0
298053, 296501991, 0, 0
299023, 290930635, 0, 0
300046, 316972516, 0, 0
301021, 304533475, 0, 0
302012, 300638764, 0, 0
303015, 334046266, 0, 0
304062, 320958584, 0, 0
305024, 279717882, 0, 0
306050, 295905838, 0, 0
307033, 315699906, 0, 0
308037, 273840338, 0, 0
309006, 286191198, 0, 0
310050, 320166478, 0, 0
311063, 324567034, 0, 0
312089, 311325588, 0, 0
313000, 327415026, 0, 0
314046, 299927495, 0, 0
315013, 280157219, 0, 0
316042, 303780663, 0, 0
317041, 305328179, 0, 0
318064, 316125954, 0, 0
319060, 283542337, 0, 0
320000, 307957565, 0, 0
321031, 270009747, 0, 0
322050, 291992741, 0, 0
323002, 272793406, 0, 0
324047, 265001810, 0, 0
325026, 308370088, 0, 0
326033, 271620381, 0, 0
327038, 306136070, 0, 0
328019, 283629706, 0, 0
329056, 294822116, 0, 0
330029, 278414063, 0, 0
331023, 301774167, 0, 0
332009, 282247322, 0, 0
333034, 298015070, 0, 0
334040, 267137134, 0, 0
335035, 264138395, 0, 0
336035, 311727487, 0, 0
337017, 337747178, 0, 0
338032, 328375075, 0, 0
339019, 307513572, 0, 0
340054, 263172907, 0, 0
341037, 259813358, 0, 0
342055, 303840309, 0, 0
343034, 272722252, 0, 0
344012, 303190714, 0, 0
345006, 361901145, 0, 0
346023, 300124289, 0, 0
347045, 273646703, 0, 0
348008, 274993757, 0, 0
349006, 292599330, 0, 0
350001, 281152474, 0, 0
351004, 286360361, 0, 0
352052, 346109495, 0, 0
353004, 281615974, 0, 0
354029, 278356771, 0, 0
355033, 320660836, 0, 0
356016, 329153180, 0, 0
357019, 299642860, 0, 0
358074, 318091238, 0, 0
359001, 266267559, 0, 0
360033, 291336449, 0, 0
361044, 330039815, 0, 0
362015, 319482848, 0, 0
363007, 322086054, 0, 0
364056, 258066304, 0, 0
365020, 282327079, 0, 0
366016, 289528333, 0, 0
367054, 298499334, 0, 0
368052, 305443365, 0, 0
369038, 323152152, 0, 0
370000, 292216707, 0, 0
371053, 255763594, 0, 0
372045, 286854598, 0, 0
373032, 294369391, 0, 0
374002, 276396252, 0, 0
375021, 310454539, 0, 0
376031, 281407153, 0, 0
377006, 274124580, 0, 0
378042, 262583591, 0, 0
379044, 314008864, 0, 0
380035, 310391621, 0, 0
381039, 253056998, 0, 0
382058, 275571711, 0, 0
383006, 317377030, 0, 0
384047, 331670335, 0, 0
385036, 278799797, 0, 0
386032, 324789286, 0, 0
387049, 326078053, 0, 0
388026, 281159865, 0, 0
389046, 316531612, 0, 0
390021, 284816612, 0, 0
391057, 291460813, 0, 0
392037, 307331757, 0, 0
393047, 321586247, 0, 0
394034, 297438994, 0, 0
395028, 297462390, 0, 0
396027, 276685611, 0, 0
397043, 290559062, 0, 0
398001, 281147630, 0, 0
399028, 281975192, 0, 0
400011, 298059684, 0, 0
401020, 288157503, 0, 0
402038, 297164579, 0, 0
403036, 315137346, 0, 0
404002, 317632959, 0, 0
405045, 341038185, 0, 0
406029, 304552314, 0, 0
407031, 306207766, 0, 0
408049, 293553308, 0, 0
409010, 289278936, 0, 0
410053, 301575325, 0, 0
411010, 329652229, 0, 0
412023, 291074322, 0, 0
413022, 304483813, 0, 0
414002, 321258263, 0, 0
415037, 289735593, 0, 0
416026, 294475926, 0, 0
417056, 302231059, 0, 0
418032, 289325162, 0, 0
419041, 349658481, 0, 0
420043, 313926514, 0, 0
421033, 313616910, 0, 0
422009, 289447566, 0, 0
423030, 306124175, 0, 0
424047, 312843184, 0, 0
425020, 287420496, 0, 0
426035, 294922360, 0, 0
427009, 344445034, 0, 0
428049, 309778108, 0, 0
429045, 274855106, 0, 0
430030, 313215369, 0, 0
431043, 293833343, 0, 0
432038, 297579344, 0, 0
433054, 312939365, 0, 0
434058, 316152832, 0, 0
435044, 325649406, 0, 0
436024, 312618592, 0, 0
437034, 285623987, 0, 0
438026, 285273249, 0, 0
439046, 299245359, 0, 0
440059, 309696403, 0, 0
441041, 305451754, 0, 0
442053, 298794794, 0, 0
443026, 313077008, 0, 0
444013, 282214995, 0, 0
445067, 296395809, 0, 0
446052, 320951148, 0, 0
447015, 298792313, 0, 0
448026, 282125107, 0, 0
449035, 333301796, 0, 0
450054, 349381857, 0, 0
451055, 320968809, 0, 0
452040, 320403135, 0, 0
453046, 326483916, 0, 0
454036, 328477206, 0, 0
455014, 294842547, 0, 0
456044, 309729475, 0, 0
457038, 344822097, 0, 0
458012, 299304917, 0, 0
459017, 312329323, 0, 0
460006, 334143322, 0, 0
461028, 290111166, 0, 0
462031, 262513581, 0, 0
463002, 310687092, 0, 0
464003, 317614775, 0, 0
465019, 281376072, 0, 0
466019, 306656263, 0, 0
467008, 326857983, 0, 0
468021, 296266127, 0, 0
469020, 309805232, 0, 0
470059, 365023899, 0, 0
471042, 297061659, 0, 0
472007, 317829854, 0, 0
473010, 333843502, 0, 0
474032, 300593281, 0, 0
475054, 323583688, 0, 0
476004, 324895208, 0, 0
477036, 325264511, 0, 0
478021, 289130201, 0, 0
479044, 302791485, 0, 0
480019, 316830645, 0, 0
481048, 332197591, 0, 0
482060, 290515065, 0, 0
483032, 316079782, 0, 0
484041, 305787725, 0, 0
485014, 344640139, 0, 0
486036, 312823007, 0, 0
487038, 327786776, 0, 0
488021, 311867451, 0, 0
489053, 302299833, 0, 0
490029, 315339505, 0, 0
491031, 327398823, 0, 0
492038, 307728973, 0, 0
493020, 277496223, 0, 0
494007, 286289845, 0, 0
495020, 287538814, 0, 0
496051, 311272063, 0, 0
497022, 311537297, 0, 0
498027, 335820330, 0, 0
499054, 345848208, 0, 0
500026, 337950165, 0, 0
501047, 352060268, 0, 0
502057, 296992106, 0, 0
503038, 331918540, 0, 0
504018, 335003273, 0, 0
505043, 337153584, 0, 0
506050, 297462454, 0, 0
507012, 304996415, 0, 0
508062, 306970989, 0, 0
509009, 292057480, 0, 0
510018, 300107312, 0, 0
511049, 304951297, 0, 0
512063, 363366157, 0, 0
513035, 307191109, 0, 0
514032, 329656251, 0, 0
515012, 335009804, 0, 0
516005, 328869218, 0, 0
517007, 319904554, 0, 0
518052, 308303766, 0, 0
519034, 305346394, 0, 0
520057, 312149170, 0, 0
521017, 308041973, 0, 0
522049, 293355684, 0, 0
523034, 302728448, 0, 0
524007, 318690495, 0, 0
525013, 301384905, 0, 0
526053, 352660923, 0, 0
527029, 286115288, 0, 0
528013, 290722223, 0, 0
529072, 298666567, 0, 0
530044, 311074045, 0, 0
531006, 301053053, 0, 0
532016, 327846836, 0, 0
533046, 291028022, 0, 0
534003, 300932406, 0, 0
535008, 339262592, 0, 0
536023, 300577565, 0, 0
537040, 333766830, 0, 0
538009, 286996118, 0, 0
539017, 318042572, 0, 0
540038, 323578675, 0, 0
541017, 283261440, 0, 0
542042, 286142267, 0, 0
543019, 327284809, 0, 0
544007, 326685035, 0, 0
545042, 333267984, 0, 0
546011, 299963640, 0, 0
547062, 301418275, 0, 0
548047, 326605107, 0, 0
549056, 318022528, 0, 0
550038, 298227652, 0, 0
551048, 307565467, 0, 0
552043, 336141842, 0, 0
553032, 351276228, 0, 0
554026, 324635209, 0, 0
555040, 305118927, 0, 0
556005, 297927128, 0, 0
557024, 316236372, 0, 0
558031, 306622755, 0, 0
559037, 297568376, 0, 0
560001, 343422318, 0, 0
561043, 347698378, 0, 0
562052, 322216067, 0, 0
563025, 328567497, 0, 0
564029, 304852537, 0, 0
565021, 337965712, 0, 0
566038, 299901376, 0, 0
567010, 321233221, 0, 0
568060, 310963897, 0, 0
569015, 314909331, 0, 0
570027, 287520786, 0, 0
571023, 343352333, 0, 0
572040, 315581947, 0, 0
573083, 293959765, 0, 0
574021, 309562211, 0, 0
575017, 303229240, 0, 0
576052, 317128433, 0, 0
577013, 361546294, 0, 0
578024, 344596262, 0, 0
579050, 313963944, 0, 0
580024, 303900525, 0, 0
581037, 326279883, 0, 0
582036, 325314777, 0, 0
583048, 301913903, 0, 0
584019, 290517296, 0, 0
585022, 307310870, 0, 0
586009, 299865874, 0, 0
587016, 296184209, 0, 0
588025, 288919373, 0, 0
589010, 301943919, 0, 0
590019, 342734322, 0, 0
591038, 298671067, 0, 0
592002, 313456896, 0, 0
593008, 298489677, 0, 0
594033, 343289348, 0, 0
595016, 325086992, 0, 0
596035, 351799912, 0, 0
597049, 299345813, 0, 0
598021, 292179916, 0, 0
599017, 356945682, 0, 0
600021, 324022459, 0, 0
601007, 300424866, 0, 0
602019, 316505141, 0, 0
603042, 303397228, 0, 0
604053, 309655238, 0, 0
605007, 338901936, 0, 0
606016, 307645617, 0, 0
607058, 315715272, 0, 0
608012, 318180422, 0, 0
609034, 285950048, 0, 0
610061, 328911181, 0, 0
611043, 309158390, 0, 0
612012, 309038085, 0, 0
613052, 304257925, 0, 0
614014, 332192564, 0, 0
615056, 314958348, 0, 0
616018, 298159149, 0, 0
617055, 307979278, 0, 0
618034, 320614748, 0, 0
619032, 315449529, 0, 0
620067, 327089275, 0, 0
621031, 317906117, 0, 0
622001, 345536484, 0, 0
623056, 320597071, 0, 0
624018, 290867026, 0, 0
625051, 320008676, 0, 0
626037, 325273807, 0, 0
627062, 335288444, 0, 0
628020, 326070379, 0, 0
629016, 323471086, 0, 0
630011, 328999841, 0, 0
631034, 308578020, 0, 0
632031, 298664333, 0, 0
633037, 326161074, 0, 0
634054, 336683245, 0, 0
635028, 307031840, 0, 0
636037, 325565241, 0, 0
637068, 311423985, 0, 0
638011, 305043557, 0, 0
639027, 342971785, 0, 0
640020, 307116831, 0, 0
641020, 353773832, 0, 0
642003, 324747348, 0, 0
643013, 332629557, 0, 0
644013, 286206140, 0, 0
645030, 291612292, 0, 0
646028, 300130773, 0, 0
647014, 298469029, 0, 0
648033, 303297606, 0, 0
649014, 323888149, 0, 0
650032, 311784711, 0, 0
651026, 326456274, 0, 0
652051, 346099916, 0, 0
653041, 332082487, 0, 0
654005, 326753437, 0, 0
655004, 310498245, 0, 0
656063, 333126830, 0, 0
657022, 293627498, 0, 0
658011, 323065637, 0, 0
659032, 313372428, 0, 0
660027, 296749091, 0, 0
661020, 322228310, 0, 0
662007, 337161741, 0, 0
663016, 294546064, 0, 0
664042, 297879925, 0, 0
665049, 322760459, 0, 0
666006, 315960327, 0, 0
667018, 315955756, 0, 0
668003, 311793869, 0, 0
669053, 320570519, 0, 0
670006, 304575808, 0, 0
671046, 300963157, 0, 0
672031, 313900749, 0, 0
673006, 327400208, 0, 0
674014, 317442324, 0, 0
675036, 306367383, 0, 0
676057, 303470858, 0, 0
677000, 326402295, 0, 0
678002, 305606170, 0, 0
679083, 336688383, 0, 0
680046, 311716302, 0, 0
681012, 324640183, 0, 0
682009, 341447713, 0, 0
683047, 339990470, 0, 0
684032, 320902683, 0, 0
685059, 323300128, 0, 0
686006, 345698019, 0, 0
687038, 299233997, 0, 0
688051, 300878782, 0, 0
689066, 317577607, 0, 0
690009, 312499520, 0, 0
691023, 311462819, 0, 0
692033, 341124673, 0, 0
693053, 312646582, 0, 0
694049, 315374791, 0, 0
695054, 329312005, 0, 0
696001, 334216175, 0, 0
697056, 296197545, 0, 0
698052, 306514484, 0, 0
699011, 323885381, 0, 0
700035, 349442767, 0, 0
701034, 336483646, 0, 0
702007, 313312921, 0, 0
703074, 336837982, 0, 0
704020, 331527917, 0, 0
705034, 293474090, 0, 0
706048, 329953102, 0, 0
707010, 311555319, 0, 0
708014, 312276496, 0, 0
709004, 321228228, 0, 0
710043, 333269901, 0, 0
711035, 335660369, 0, 0
712001, 336678430, 0, 0
713019, 349023217, 0, 0
714040, 328845697, 0, 0
715034, 310401441, 0, 0
716001, 304824457, 0, 0
717021, 339304199, 0, 0
718005, 307192866, 0, 0
719044, 308793649, 0, 0
720018, 331372026, 0, 0
721000, 319642044, 0, 0
722031, 307656438, 0, 0
723026, 307160814, 0, 0
724013, 321379252, 0, 0
725041, 316528296, 0, 0
726040, 299763331, 0, 0
727014, 313524127, 0, 0
728036, 333493011, 0, 0
729042, 325934478, 0, 0
730036, 329249648, 0, 0
731027, 332054446, 0, 0
732056, 338351027, 0, 0
733016, 326190873, 0, 0
734020, 331127853, 0, 0
735030, 321071412, 0, 0
736050, 334531154, 0, 0
737018, 328455354, 0, 0
738009, 345687546, 0, 0
739017, 323614923, 0, 0
740007, 328058212, 0, 0
741043, 359919814, 0, 0
742012, 322349293, 0, 0
743048, 338068391, 0, 0
744008, 313383338, 0, 0
745022, 336308445, 0, 0
746044, 318699827, 0, 0
747058, 318675953, 0, 0
748067, 279990881, 0, 0
749053, 321954766, 0, 0
750011, 301962256, 0, 0
751031, 307690037, 0, 0
752052, 321625052, 0, 0
753033, 307189363, 0, 0
754038, 322764523, 0, 0
755022, 303861733, 0, 0
756008, 317426069, 0, 0
757011, 335181937, 0, 0
758031, 293443956, 0, 0
759045, 326724834, 0, 0
760023, 335117951, 0, 0
761052, 322110023, 0, 0
762058, 321074554, 0, 0
763023, 355412658, 0, 0
764020, 329514855, 0, 0
765046, 305965477, 0, 0
766006, 310802691, 0, 0
767036, 322080424, 0, 0
768012, 321666566, 0, 0
769018, 316139853, 0, 0
770007, 318232436, 0, 0
771011, 306168397, 0, 0
772020, 360586263, 0, 0
773001, 327650614, 0, 0
774030, 326050210, 0, 0
775060, 324488537, 0, 0
776019, 342904017, 0, 0
777008, 367622657, 0, 0
778035, 313369826, 0, 0
779022, 358055265, 0, 0
780051, 319931369, 0, 0
781037, 327409342, 0, 0
782019, 326703715, 0, 0
783029, 339614203, 0, 0
784017, 291034032, 0, 0
785000, 330903340, 0, 0
786028, 300483175, 0, 0
787054, 350040136, 0, 0
788013, 334388021, 0, 0
789025, 302499119, 0, 0
790001, 325156047, 0, 0
791040, 352129903, 0, 0
792025, 314396194, 0, 0
793045, 374243571, 0, 0
794004, 298781269, 0, 0
795058, 338155413, 0, 0
796039, 340024847, 0, 0
797032, 346922138, 0, 0
798007, 311648620, 0, 0
799000, 350049505, 0, 0
800046, 329414844, 0, 0
801023, 345988455, 0, 0
802001, 313574474, 0, 0
803053, 341962168, 0, 0
804006, 331307924, 0, 0
805013, 333435063, 0, 0
806030, 310210149, 0, 0
807034, 338688873, 0, 0
808020, 341062902, 0, 0
809031, 321954544, 0, 0
810012, 325435175, 0, 0
811061, 317922459, 0, 0
812045, 327437485, 0, 0
813017, 366049638, 0, 0
814042, 328615945, 0, 0
815019, 351702245, 0, 0
816015, 339556903, 0, 0
817028, 328226642, 0, 0
818045, 347458491, 0, 0
819048, 331919217, 0, 0
820012, 362952771, 0, 0
821018, 320677622, 0, 0
822042, 331456425, 0, 0
823015, 360038020, 0, 0
824050, 343112521, 0, 0
825017, 331313206, 0, 0
826040, 301629562, 0, 0
827036, 328731767, 0, 0
828035, 344848393, 0, 0
829016, 310172270, 0, 0
830036, 343732341, 0, 0
831054, 328642156, 0, 0
832006, 328699703, 0, 0
833016, 328702605, 0, 0
834046, 359829354, 0, 0
835007, 330982002, 0, 0
836057, 333900765, 0, 0
837046, 342528458, 0, 0
838003, 357224275, 0, 0
839020, 344433506, 0, 0
840013, 351036507, 0, 0
841019, 345276787, 0, 0
842058, 344644134, 0, 0
843005, 320105685, 0, 0
844005, 298901532, 0, 0
845022, 337199993, 0, 0
846058, 338532712, 0, 0
847010, 411263862, 0, 0
848000, 357447431, 0, 0
849059, 347271854, 0, 0
850017, 338744446, 0, 0
851000, 357009310, 0, 0
852057, 350575321, 0, 0
853038, 347266660, 0, 0
854016, 354465192, 0, 0
855044, 360845943, 0, 0
856004, 328345507, 0, 0
857002, 327621014, 0, 0
858028, 319856906, 0, 0
859052, 322055286, 0, 0
860043, 338589095, 0, 0
861059, 368146265, 0, 0
862027, 364481129, 0, 0
863027, 367093735, 0, 0
864049, 370299481, 0, 0
865053, 377860353, 0, 0
866021, 370293162, 0, 0
867042, 372404551, 0, 0
868047, 325853204, 0, 0
869057, 359169020, 0, 0
870005, 371318142, 0, 0
871028, 311875942, 0, 0
872043, 385055546, 0, 0
873047, 367801904, 0, 0
874057, 332422857, 0, 0
875055, 361516067, 0, 0
876015, 312895243, 0, 0
877020, 344132261, 0, 0
878041, 368972393, 0, 0
879024, 352362642, 0, 0
880025, 373371518, 0, 0
881055, 366483060, 0, 0
882032, 327145386, 0, 0
883005, 350656404, 0, 0
884052, 364871734, 0, 0
885033, 355903437, 0, 0
886041, 330552136, 0, 0
887021, 348716795, 0, 0
888135, 351111280, 0, 0
889012, 401064437, 0, 0
890022, 336183274, 0, 0
891041, 366909321, 0, 0
892047, 388442139, 0, 0
893056, 378505792, 0, 0
894013, 345112720, 0, 0
895003, 357292099, 0, 0
896054, 338377016, 0, 0
897011, 359838504, 0, 0
898054, 349133066, 0, 0
899049, 345049287, 0, 0
900036, 369393608, 0, 0
901017, 368023305, 0, 0
902058, 354318522, 0, 0
903032, 354949760, 0, 0
904043, 363667164, 0, 0
905045, 345663393, 0, 0
906020, 367502221, 0, 0
907003, 362975365, 0, 0
908055, 338385594, 0, 0
909053, 355871963, 0, 0
910035, 390517811, 0, 0
911004, 366012058, 0, 0
912047, 367218371, 0, 0
913005, 358038971, 0, 0
914028, 375205479, 0, 0
915028, 367252615, 0, 0
916024, 377171196, 0, 0
917057, 338286997, 0, 0
918017, 372079264, 0, 0
919051, 374245900, 0, 0
920013, 360918622, 0, 0
921034, 362010961, 0, 0
922057, 378625191, 0, 0
923017, 373648715, 0, 0
924042, 430157409, 0, 0
925049, 394711683, 0, 0
926015, 365370073, 0, 0
927016, 384774807, 0, 0
928040, 366378983, 0, 0
929009, 370651834, 0, 0
930024, 436698256, 0, 0
931039, 369779774, 0, 0
932058, 372278917, 0, 0
933052, 404648465, 0, 0
934022, 391270737, 0, 0
935021, 385719669, 0, 0
936000, 390494626, 0, 0
937008, 377590442, 0, 0
938034, 387540146, 0, 0
939000, 389037143, 0, 0
940022, 366278294, 0, 0
941044, 384265333, 0, 0
942056, 395199526, 0, 0
943018, 376485153, 0, 0
944060, 402676149, 0, 0
945012, 382494124, 0, 0
946009, 395288308, 0, 0
947025, 404559215, 0, 0
948029, 410944404, 0, 0
949002, 392132880, 0, 0
950059, 414300948, 0, 0
951008, 397816662, 0, 0
952003, 386057943, 0, 0
953036, 385394073, 0, 0
954026, 416267797, 0, 0
955049, 397251855, 0, 0
956043, 386762727, 0, 0
957010, 391022687, 0, 0
958031, 366534112, 0, 0
959020, 395351561, 0, 0
960041, 409019461, 0, 0
961004, 422794600, 0, 0
962023, 409359251, 0, 0
963031, 427862617, 0, 0
964014, 375625369, 0, 0
965048, 410541302, 0, 0
966031, 373263541, 0, 0
967030, 396496391, 0, 0
968013, 405643046, 0, 0
969043, 377405653, 0, 0
970032, 383915333, 0, 0
971059, 400939452, 0, 0
972018, 453798506, 0, 0
973016, 367009332, 0, 0
974043, 399166921, 0, 0
975033, 416629615, 0, 0
976041, 419399263, 0, 0
977018, 409421171, 0, 0
978003, 425273290, 0, 0
979050, 438223796, 0, 0
980020, 408734594, 0, 0
981011, 466827449, 0, 0
982038, 409443239, 0, 0
983064, 409982905, 0, 0
984019, 449498089, 0, 0
985055, 428472191, 0, 0
986010, 426704376, 0, 0
987048, 424487943, 0, 0
988027, 418196576, 0, 0
989038, 434306627, 0, 0
990026, 433426069, 0, 0
991035, 438617076, 0, 0
992053, 401562505, 0, 0
993039, 431127093, 0, 0
994019, 425434670, 0, 0
995038, 413915210, 0, 0
996062, 427743689, 0, 0
997036, 432609273, 0, 0
998001, 430026895, 0, 0
999039, 427863108, 0, 0
1000010, 452356764, 0, 0
1001051, 421115545, 0, 0
1002036, 423175378, 0, 0
1003033, 439909274, 0, 0
1004039, 439807178, 0, 0
1005030, 427683806, 0, 0
1006042, 416090230, 0, 0
1007003, 446381930, 0, 0
1008014, 432674459, 0, 0
1009050, 428314946, 0, 0
1010000, 413962188, 0, 0
1011028, 443363608, 0, 0
1012037, 418886009, 0, 0
1013053, 408156639, 0, 0
1014057, 434032714, 0, 0
1015055, 448103619, 0, 0
1016014, 429836792, 0, 0
1017031, 426020125, 0, 0
1018040, 451892269, 0, 0
1019046, 454444038, 0, 0
1020063, 439027717, 0, 0
1021041, 435656651, 0, 0
1022003, 412014428, 0, 0
1023047, 445956277, 0, 0
1024047, 451704320, 0, 0
1025011, 409670025, 0, 0
1026002, 453378390, 0, 0
1027029, 436796498, 0, 0
1028035, 429197928, 0, 0
1029011, 436503120, 0, 0
1030011, 435884054, 0, 0
1031047, 450162811, 0, 0
1032028, 435394751, 0, 0
1033015, 439832075, 0, 0
1034039, 437550394, 0, 0
1035021, 464420340, 0, 0
1036047, 471105576, 0, 0
1037041, 473576610, 0, 0
1038032, 455099141, 0, 0
1039058, 437375859, 0, 0
1040021, 467814996, 0, 0
1041004, 435134881, 0, 0
1042060, 464197500, 0, 0
1043016, 432005031, 0, 0
1044028, 439850205, 0, 0
1045041, 479167906, 0, 0
1046057, 458485800, 0, 0
1047019, 432057888, 0, 0
1048063, 447388796, 0, 0
1049001, 463765208, 0, 0
1050046, 516970434, 0, 0
1051014, 465454817, 0, 0
1052012, 440471586, 0, 0
1053050, 476421029, 0, 0
1054014, 460234081, 0, 0
1055017, 443195412, 0, 0
1056016, 518458447, 0, 0
1057054, 454514080, 0, 0
1058038, 458768301, 0, 0
1059003, 460333499, 0, 0
1060054, 474189474, 0, 0
1061046, 463655574, 0, 0
1062047, 470430916, 0, 0
1063000, 494134043, 0, 0
1064028, 426783523, 0, 0
1065030, 439839530, 0, 0
1066007, 474238519, 0, 0
1067053, 436519759, 0, 0
1068039, 438859214, 0, 0
1069013, 466110964, 0, 0
1070018, 469646860, 0, 0
1071049, 479965193, 0, 0
1072004, 456131177, 0, 0
1073012, 470987795, 0, 0
1074055, 470355328, 0, 0
1075023, 460479279, 0, 0
1076034, 447126934, 0, 0
1077032, 448485740, 0, 0
1078061, 459947107, 0, 0
1079047, 475525141, 0, 0
1080035, 465424784, 0, 0
1081025, 480268637, 0, 0
1082036, 467036490, 0, 0
1083050, 466978211, 0, 0
1084056, 503392134, 0, 0
1085000, 472459133, 0, 0
1086024, 451527879, 0, 0
1087042, 454121600, 0, 0
1088040, 473827855, 0, 0
1089058, 460500722, 0, 0
1090035, 462365310, 0, 0
1091056, 494968041, 0, 0
1092043, 482077695, 0, 0
1093027, 458892206, 0, 0
1094047, 489289681, 0, 0
1095036, 480876506, 0, 0
1096019, 470561614, 0, 0
1097004, 472402070, 0, 0
1098005, 475325009, 0, 0
1099048, 470219605, 0, 0
1100003, 514166699, 0, 0
1101047, 464375190, 0, 0
1102033, 468193594, 0, 0
1103050, 457041581, 0, 0
1104031, 458039393, 0, 0
1105000, 458072703, 0, 0
1106032, 449770696, 0, 0
1107049, 464343940, 0, 0
1108047, 447206598, 0, 0
1109014, 446806475, 0, 0
1110000, 484949456, 0, 0
1111045, 469782098, 0, 0
1112053, 468058512, 0, 0
1113024, 481189916, 0, 0
1114057, 466497560, 0, 0
1115031, 469537809, 0, 0
1116036, 443276531, 0, 0
1117009, 454450256, 0, 0
1118002, 477835992, 0, 0
1119004, 479748122, 0, 0
1120042, 479469864, 0, 0
1121011, 444701847, 0, 0
1122030, 478690695, 0, 0
1123045, 480406271, 0, 0
1124024, 468680692, 0, 0
1125049, 478537093, 0, 0
1126037, 445678174, 0, 0
1127008, 494855298, 0, 0
1128058, 462484732, 0, 0
1129056, 453234184, 0, 0
1130034, 473516043, 0, 0
1131011, 465106258, 0, 0
1132012, 487194005, 0, 0
1133042, 463426184, 0, 0
1134040, 447882390, 0, 0
1135050, 436947089, 0, 0
1136043, 445415636, 0, 0
1137054, 439605474, 0, 0
1138010, 472657659, 0, 0
1139012, 461937407, 0, 0
1140014, 496889177, 0, 0
1141041, 466187410, 0, 0
1142052, 464746002, 0, 0
1143034, 467348787, 0, 0
1144043, 482879347, 0, 0
1145049, 481662798, 0, 0
1146047, 490467086, 0, 0
1147006, 463466795, 0, 0
1148046, 459137796, 0, 0
1149033, 461945892, 0, 0
1150010, 479133816, 0, 0
1151047, 469498980, 0, 0
1152050, 466636766, 0, 0
1153027, 458816852, 0, 0
1154012, 482292676, 0, 0
1155022, 466823327, 0, 0
1156009, 467133566, 0, 0
1157060, 470600004, 0, 0
1158039, 467828563, 0, 0
1159042, 471077398, 0, 0
1160008, 460093747, 0, 0
1161040, 449176777, 0, 0
1162005, 464851377, 0, 0
1163034, 468514925, 0, 0
1164020, 469995477, 0, 0
1165017, 453682404, 0, 0
1166036, 480281383, 0, 0
1167014, 471088400, 0, 0
1168023, 449410432, 0, 0
1169004, 443679361, 0, 0
1170022, 462825976, 0, 0
1171027, 450797001, 0, 0
1172015, 435535713, 0, 0
1173007, 447543213, 0, 0
1174014, 468893661, 0, 0
1175030, 467022620, 0, 0
1176044, 449085771, 0, 0
1177001, 436836805, 0, 0
1178011, 472560082, 0, 0
1179029, 448057360, 0, 0
1180022, 465243953, 0, 0
1181004, 463795249, 0, 0
1182009, 463722973, 0, 0
1183017, 450793806, 0, 0
1184045, 470487708, 0, 0
1185004, 456422253, 0, 0
1186032, 438547141, 0, 0
1187055, 457101294, 0, 0
1188046, 464018198, 0, 0
1189030, 473703781, 0, 0
1190046, 481758045, 0, 0
1191004, 464666796, 0, 0
1192013, 442539376, 0, 0
1193004, 442371431, 0, 0
1194008, 464793923, 0, 0
1195044, 455328124, 0, 0
1196050, 455656689, 0, 0
1197031, 452947110, 0, 0
1198012, 459086790, 0, 0
1199015, 469563057, 0, 0
1200049, 431615024, 0, 0
1201043, 462298747, 0, 0
1202013, 455433517, 0, 0
1203053, 476228807, 0, 0
1204052, 456362827, 0, 0
1205009, 461144841, 0, 0
1206022, 441909715, 0, 0
1207043, 448388535, 0, 0
1208012, 454696077, 0, 0
1209037, 457322793, 0, 0
1210046, 464149856, 0, 0
1211019, 476476050, 0, 0
1212062, 444148531, 0, 0
1213013, 452851634, 0, 0
1214033, 445590028, 0, 0
1215014, 461236978, 0, 0
1216015, 457309569, 0, 0
1217054, 447321440, 0, 0
1218028, 476081005, 0, 0
1219033, 453727901, 0, 0
1220028, 463940112, 0, 0
1221021, 485166260, 0, 0
1222059, 455805656, 0, 0
1223034, 475991942, 0, 0
1224011, 460481400, 0, 0
1225045, 454046588, 0, 0
1226000, 451680344, 0, 0
1227001, 457138740, 0, 0
1228019, 447330853, 0, 0
1229053, 443012852, 0, 0
1230044, 478575969, 0, 0
1231017, 479229340, 0, 0
1232035, 446228579, 0, 0
1233044, 443702425, 0, 0
1234055, 479479596, 0, 0
1235015, 464749902, 0, 0
1236009, 450763015, 0, 0
1237014, 470500169, 0, 0
1238056, 464085194, 0, 0
1239049, 464566968, 0, 0
1240011, 475119473, 0, 0
1241000, 464436081, 0, 0
1242025, 450739439, 0, 0
1243047, 450917139, 0, 0
1244005, 446521217, 0, 0
1245001, 434726943, 0, 0
1246030, 474641925, 0, 0
1247012, 448683740, 0, 0
1248019, 451206411, 0, 0
1249022, 440763598, 0, 0
1250009, 444573186, 0, 0
1251015, 449683094, 0, 0
1252007, 434973549, 0, 0
1253016, 458729063, 0, 0
1254013, 454411610, 0, 0
1255039, 445501978, 0, 0
1256005, 470795942, 0, 0
1257021, 440788625, 0, 0
1258010, 460545540, 0, 0
1259047, 474739401, 0, 0
1260066, 472822419, 0, 0
1261039, 454988144, 0, 0
1262018, 458720106, 0, 0
1263056, 452534231, 0, 0
1264015, 442039617, 0, 0
1265024, 453664676, 0, 0
1266033, 432444363, 0, 0
1267043, 433511703, 0, 0
1268024, 437071677, 0, 0
1269050, 460955495, 0, 0
1270020, 460353163, 0, 0
1271050, 454815279, 0, 0
1272010, 454419223, 0, 0
1273003, 452395498, 0, 0
1274035, 463541940, 0, 0
1275042, 467091130, 0, 0
1276016, 457280182, 0, 0
1277015, 464817174, 0, 0
1278040, 504921228, 0, 0
1279021, 496582032, 0, 0
1280050, 450234337, 0, 0
1281005, 452278710, 0, 0
1282020, 457106064, 0, 0
1283019, 457929018, 0, 0
1284036, 446968028, 0, 0
1285051, 443961052, 0, 0
1286013, 443803509, 0, 0
1287044, 461994189, 0, 0
1288000, 424295173, 0, 0
1289016, 434735940, 0, 0
1290025, 481071753, 0, 0
1291022, 472117413, 0, 0
1292057, 460439169, 0, 0
1293031, 461391504, 0, 0
1294009, 447989896, 0, 0
1295004, 456475054, 0, 0
1296015, 445413180, 0, 0
1297009, 471939101, 0, 0
1298049, 457553017, 0, 0
1299014, 422937686, 0, 0
1300054, 441904615, 0, 0
1301037, 460487875, 0, 0
1302037, 459450046, 0, 0
1303016, 451261615, 0, 0
1304008, 463869949, 0, 0
1305038, 466802869, 0, 0
1306030, 462915240, 0, 0
1307029, 447645208, 0, 0
1308025, 456797982, 0, 0
1309011, 457155096, 0, 0
1310011, 451257612, 0, 0
1311034, 450680944, 0, 0
1312048, 444752097, 0, 0
1313015, 459422975, 0, 0
1314040, 462235224, 0, 0
1315053, 428426626, 0, 0
1316058, 462590234, 0, 0
1317057, 466854568, 0, 0
1318050, 466868966, 0, 0
1319040, 467723895, 0, 0
1320028, 464987891, 0, 0
1321049, 459816500, 0, 0
1322015, 453865052, 0, 0
1323000, 458552833, 0, 0
1324010, 425004794, 0, 0
1325034, 448670821, 0, 0
1326009, 455604649, 0, 0
1327039, 445023457, 0, 0
1328041, 479939223, 0, 0
1329012, 446128980, 0, 0
1330019, 455099980, 0, 0
1331025, 472919886, 0, 0
1332044, 439019877, 0, 0
1333018, 430391045, 0, 0
1334053, 437493324, 0, 0
1335060, 458068345, 0, 0
1336021, 460297504, 0, 0
1337042, 463065689, 0, 0
1338042, 465081355, 0, 0
1339055, 451428581, 0, 0
1340049, 421831559, 0, 0
1341000, 477931909, 0, 0
1342021, 465535492, 0, 0
1343042, 438510238, 0, 0
1344055, 433734375, 0, 0
1345013, 453161303, 0, 0
1346027, 443600632, 0, 0
1347040, 455446145, 0, 0
1348023, 458533665, 0, 0
1349063, 447107670, 0, 0
1350007, 471368269, 0, 0
1351003, 465854984, 0, 0
1352052, 444078086, 0, 0
1353010, 458503817, 0, 0
1354033, 447534497, 0, 0
1355052, 441704841, 0, 0
1356013, 458033050, 0, 0
1357063, 446090084, 0, 0
1358039, 432563900, 0, 0
1359051, 472169208, 0, 0
1360054, 458775761, 0, 0
1361007, 439170913, 0, 0
1362005, 463946176, 0, 0
1363019, 451376318, 0, 0
1364024, 375183117, 0, 0
1365047, 463577990, 0, 0
1366012, 523970593, 0, 0
1367053, 464237082, 0, 0
1368015, 446283730, 0, 0
1369047, 461615091, 0, 0
1370033, 423794295, 0, 0
1371030, 422069592, 0, 0
1372002, 447021830, 0, 0
1373003, 451940268, 0, 0
1374007, 431362714, 0, 0
1375029, 440952189, 0, 0
1376042, 440722191, 0, 0
1377053, 452097991, 0, 0
1378004, 459306406, 0, 0
1379053, 464666955, 0, 0
1380051, 453832074, 0, 0
1381023, 455626755, 0, 0
1382008, 459055531, 0, 0
1383032, 446177097, 0, 0
1384060, 452295219, 0, 0
1385035, 440368998, 0, 0
1386046, 501395804, 0, 0
1387048, 468839384, 0, 0
1388014, 482775334, 0, 0
1389040, 447946342, 0, 0
1390030, 464599848, 0, 0
1391036, 440558268, 0, 0
1392043, 421699022, 0, 0
1393015, 426079404, 0, 0
1394012, 481810767, 0, 0
1395021, 470298357, 0, 0
1396016, 448296010, 0, 0
1397043, 456458569, 0, 0
1398037, 472226417, 0, 0
1399021, 453048427, 0, 0
1400008, 462673310, 0, 0
1401053, 451741943, 0, 0
1402020, 431746071, 0, 0
1403010, 433074386, 0, 0
1404029, 440163420, 0, 0
1405026, 500568230, 0, 0
1406006, 499258406, 0, 0
1407042, 469431903, 0, 0
1408018, 458455412, 0, 0
1409015, 473266121, 0, 0
1410048, 461096199, 0, 0
1411055, 463021082, 0, 0
1412017, 451176426, 0, 0
1413036, 437427175, 0, 0
1414051, 457980275, 0, 0
1415009, 454022136, 0, 0
1416054, 454293245, 0, 0
1417054, 462686341, 0, 0
1418033, 468377512, 0, 0
1419065, 452501450, 0, 0
1420041, 460192046, 0, 0
1421058, 441374015, 0, 0
1422053, 463944304, 0, 0
1423003, 482087087, 0, 0
1424005, 438675296, 0, 0
1425026, 462340662, 0, 0
1426039, 445408328, 0, 0
1427012, 438882716, 0, 0
1428027, 468525464, 0, 0
1429032, 464947507, 0, 0
1430049, 452796555, 0, 0
1431038, 456240189, 0, 0
1432018, 450188177, 0, 0
1433034, 471280053, 0, 0
1434012, 481814004, 0, 0
1435046, 446237696, 0, 0
1436044, 463798793, 0, 0
1437056, 449646540, 0, 0
1438021, 454092961, 0, 0
1439029, 457165564, 0, 0
1440014, 455363349, 0, 0
1441027, 469344282, 0, 0
1442037, 455668640, 0, 0
1443019, 432629099, 0, 0
1444026, 424162029, 0, 0
1445015, 442485781, 0, 0
1446047, 455604244, 0, 0
1447015, 431699582, 0, 0
1448041, 478534949, 0, 0
1449003, 484027170, 0, 0
1450004, 453226975, 0, 0
1451029, 446926023, 0, 0
1452024, 453530838, 0, 0
1453046, 455968167, 0, 0
1454011, 470027907, 0, 0
1455045, 466265553, 0, 0
1456026, 440509846, 0, 0
1457034, 446049849, 0, 0
1458039, 453186340, 0, 0
1459053, 439051571, 0, 0
1460006, 433123748, 0, 0
1461006, 469205307, 0, 0
1462037, 468446727, 0, 0
1463047, 446845662, 0, 0
1464040, 468097775, 0, 0
1465036, 474073687, 0, 0
1466034, 447183544, 0, 0
1467067, 445881056, 0, 0
1468025, 474398785, 0, 0
1469033, 436364945, 0, 0
1470019, 474580171, 0, 0
1471028, 436122784, 0, 0
1472004, 441808818, 0, 0
1473023, 461706393, 0, 0
1474000, 467417032, 0, 0
1475062, 470405591, 0, 0
1476059, 460234489, 0, 0
1477000, 454443554, 0, 0
1478026, 451840854, 0, 0
1479048, 459873269, 0, 0
1480040, 471666263, 0, 0
1481025, 478557288, 0, 0
1482012, 457425700, 0, 0
1483057, 455690232, 0, 0
1484034, 450321603, 0, 0
1485002, 468920960, 0, 0
1486033, 449619337, 0, 0
1487020, 454925958, 0, 0
1488043, 476633858, 0, 0
1489013, 464712698, 0, 0
1490022, 458432569, 0, 0
1491043, 445507281, 0, 0
1492059, 434955901, 0, 0
1493024, 449444789, 0, 0
1494005, 460640162, 0, 0
1495013, 459115116, 0, 0
1496037, 458708987, 0, 0
1497024, 471497659, 0, 0
1498053, 463224498, 0, 0
1499049, 454147399, 0, 0
1500042, 472493450, 0, 0
1501021, 481816297, 0, 0
1502016, 461350933, 0, 0
1503057, 437319973, 0, 0
1504049, 443871238, 0, 0
1505063, 465678576, 0, 0
1506033, 484006842, 0, 0
1507047, 457337075, 0, 0
1508035, 450053154, 0, 0
1509022, 482493109, 0, 0
1510046, 457429818, 0, 0
1511008, 499633257, 0, 0
1512003, 458620731, 0, 0
1513051, 447164603, 0, 0
1514061, 459542902, 0, 0
1515051, 479357955, 0, 0
1516053, 485680038, 0, 0
1517028, 436635726, 0, 0
1518019, 460850455, 0, 0
1519008, 455281443, 0, 0
1520049, 466325696, 0, 0
1521050, 486003064, 0, 0
1522051, 453002657, 0, 0
1523018, 487529355, 0, 0
1524048, 473110615, 0, 0
1525040, 455448089, 0, 0
1526008, 450800874, 0, 0
1527019, 439043890, 0, 0
1528009, 437895136, 0, 0
1529034, 450874875, 0, 0
1530049, 450200658, 0, 0
1531015, 438477891, 0, 0
1532020, 450638711, 0, 0
1533053, 449542570, 0, 0
1534005, 468244066, 0, 0
1535030, 469791267, 0, 0
1536057, 458132406, 0, 0
1537047, 453798036, 0, 0
1538039, 473938554, 0, 0
1539001, 491229134, 0, 0
1540032, 462698606, 0, 0
1541051, 448879381, 0, 0
1542040, 467117971, 0, 0
1543029, 468208985, 0, 0
1544009, 463417418, 0, 0
1545031, 475041124, 0, 0
1546009, 443175038, 0, 0
1547025, 443412585, 0, 0
1548004, 451681849, 0, 0
1549005, 480170527, 0, 0
1550027, 463031765, 0, 0
1551003, 440904610, 0, 0
1552016, 454981918, 0, 0
1553043, 431923199, 0, 0
1554020, 436033503, 0, 0
1555016, 449326695, 0, 0
1556001, 446763950, 0, 0
1557047, 461303366, 0, 0
1558044, 467498458, 0, 0
1559004, 485539271, 0, 0
1560013, 459966884, 0, 0
1561026, 456632185, 0, 0
1562003, 448877104, 0, 0
1563021, 441178545, 0, 0
1564048, 464800374, 0, 0
1565007, 458524540, 0, 0
1566014, 443836699, 0, 0
1567050, 447934589, 0, 0
1568020, 468585180, 0, 0
1569014, 481075724, 0, 0
1570002, 462051624, 0, 0
1571032, 454914129, 0, 0
1572055, 458906454, 0, 0
1573030, 466129820, 0, 0
1574010, 428419937, 0, 0
1575058, 490591323, 0, 0
1576014, 429385670, 0, 0
1577016, 437112825, 0, 0
1578036, 474858802, 0, 0
1579008, 469882147, 0, 0
1580027, 437885426, 0, 0
1581056, 460193712, 0, 0
1582039, 478898250, 0, 0
1583044, 466810279, 0, 0
1584019, 452010687, 0, 0
1585041, 472884447, 0, 0
1586017, 463732931, 0, 0
1587047, 450865615, 0, 0
1588041, 453540498, 0, 0
1589001, 429774688, 0, 0
1590024, 447930431, 0, 0
1591029, 434801977, 0, 0
1592029, 462273332, 0, 0
1593007, 441055828, 0, 0
1594062, 448917704, 0, 0
1595033, 438291398, 0, 0
1596040, 442497221, 0, 0
1597039, 475201021, 0, 0
1598050, 475827508, 0, 0
1599041, 470477391, 0, 0
1600049, 417501991, 0, 0
1601012, 449062298, 0, 0
1602005, 470733850, 0, 0
1603013, 450238150, 0, 0
1604043, 462428353, 0, 0
1605054, 450787613, 0, 0
1606047, 435229447, 0, 0
1607057, 417835738, 0, 0
1608046, 439246364, 0, 0
1609010, 449674825, 0, 0
1610046, 467412262, 0, 0
1611060, 438309317, 0, 0
1612004, 481711381, 0, 0
1613036, 482300770, 0, 0
1614050, 459965884, 0, 0
1615013, 430208443, 0, 0
1616054, 464236308, 0, 0
1617012, 462873899, 0, 0
1618042, 475922253, 0, 0
1619000, 487263216, 0, 0
1620005, 481181597, 0, 0
1621057, 452546667, 0, 0
1622037, 470306428, 0, 0
1623036, 441324755, 0, 0
1624024, 450606038, 0, 0
1625029, 453408448, 0, 0
1626008, 438659069, 0, 0
1627012, 464716066, 0, 0
1628043, 446516318, 0, 0
1629037, 449318496, 0, 0
1630060, 440425666, 0, 0
1631047, 472373600, 0, 0
1632039, 457803723, 0, 0
1633040, 456931899, 0, 0
1634016, 463837204, 0, 0
1635037, 451213742, 0, 0
1636047, 504509020, 0, 0
1637000, 446979040, 0, 0
1638015, 440163987, 0, 0
1639014, 444081673, 0, 0
1640060, 427838684, 0, 0
1641047, 468042593, 0, 0
1642018, 491263083, 0, 0
1643031, 448303579, 0, 0
1644000, 434986285, 0, 0
1645048, 450697657, 0, 0
1646001, 447281632, 0, 0
1647043, 458213597, 0, 0
1648007, 443855939, 0, 0
1649039, 443562849, 0, 0
1650009, 467711492, 0, 0
1651049, 523609808, 0, 0
1652037, 455317735, 0, 0
1653041, 503805111, 0, 0
1654024, 571573873, 0, 0
1655018, 579935923, 0, 0
1656021, 461549836, 0, 0
1657032, 436444879, 0, 0
1658047, 457129915, 0, 0
1659030, 434011191, 0, 0
1660038, 464402870, 0, 0
1661023, 461110395, 0, 0
1662022, 441914706, 0, 0
1663046, 454555535, 0, 0
1664030, 445622040, 0, 0
1665030, 458564794, 0, 0
1666045, 459851814, 0, 0
1667019, 438488946, 0, 0
1668021, 486942005, 0, 0
1669053, 442007622, 0, 0
1670037, 441365705, 0, 0
1671038, 455633277, 0, 0
1672049, 465546499, 0, 0
1673013, 439027315, 0, 0
1674001, 460377221, 0, 0
1675050, 469076348, 0, 0
1676059, 437698011, 0, 0
1677057, 457309770, 0, 0
1678019, 474829278, 0, 0
1679058, 452946967, 0, 0
1680053, 468239138, 0, 0
1681046, 478556050, 0, 0
1682004, 445545556, 0, 0
1683001, 453868904, 0, 0
1684058, 468892355, 0, 0
1685030, 453669463, 0, 0
1686006, 464989273, 0, 0
1687001, 443175759, 0, 0
1688042, 463469862, 0, 0
1689053, 464101157, 0, 0
1690030, 466305024, 0, 0
1691011, 434144790, 0, 0
1692062, 486916318, 0, 0
1693042, 440429407, 0, 0
1694038, 460066169, 0, 0
1695028, 476096842, 0, 0
1696020, 464421300, 0, 0
1697039, 463498677, 0, 0
1698054, 447258969, 0, 0
1699013, 522348037, 0, 0
1700039, 452668130, 0, 0
1701043, 462976481, 0, 0
1702009, 437682779, 0, 0
1703010, 456169940, 0, 0
1704010, 470166780, 0, 0
1705036, 417304501, 0, 0
1706052, 434499080, 0, 0
1707004, 454703987, 0, 0
1708032, 442619919, 0, 0
1709034, 479742925, 0, 0
1710001, 460341808, 0, 0
1711011, 444923440, 0, 0
1712009, 446715696, 0, 0
1713049, 460530994, 0, 0
1714065, 459685793, 0, 0
1715014, 471746666, 0, 0
1716015, 444239469, 0, 0
1717021, 428661528, 0, 0
1718028, 456250577, 0, 0
1719018, 458553302, 0, 0
1720023, 487992299, 0, 0
1721019, 474571760, 0, 0
1722033, 439732094, 0, 0
1723024, 486370708, 0, 0
1724018, 434808105, 0, 0
1725030, 438714587, 0, 0
1726029, 447841021, 0, 0
1727060, 448487285, 0, 0
1728047, 477695685, 0, 0
1729010, 442241430, 0, 0
1730011, 448552240, 0, 0
1731025, 444956984, 0, 0
1732041, 488712808, 0, 0
1733039, 478166424, 0, 0
1734029, 471834523, 0, 0
1735036, 465726176, 0, 0
1736026, 496848471, 0, 0
1737047, 471771959, 0, 0
1738044, 440433535, 0, 0
1739015, 464579224, 0, 0
1740058, 450355308, 0, 0
1741045, 460697513, 0, 0
1742014, 435286014, 0, 0
1743018, 443652898, 0, 0
1744043, 456278139, 0, 0
1745001, 462454212, 0, 0
1746003, 434800587, 0, 0
1747059, 451654713, 0, 0
1748053, 472356247, 0, 0
1749055, 463381274, 0, 0
1750026, 445504038, 0, 0
1751009, 475843981, 0, 0
1752032, 446035872, 0, 0
1753048, 439563156, 0, 0
1754006, 461802249, 0, 0
1755028, 457562931, 0, 0
1756000, 463147348, 0, 0
1757017, 453158039, 0, 0
1758004, 464368268, 0, 0
1759062, 462536368, 0, 0
1760039, 391630072, 0, 0
1761002, 474175034, 0, 0
1762048, 484070696, 0, 0
1763028, 457796517, 0, 0
1764051, 438264550, 0, 0
1765035, 451766787, 0, 0
1766012, 468353863, 0, 0
1767023, 473048097, 0, 0
1768058, 477247695, 0, 0
1769008, 457128342, 0, 0
1770052, 457117950, 0, 0
1771013, 458617681, 0, 0
1772044, 440987051, 0, 0
1773044, 465901450, 0, 0
1774034, 451962328, 0, 0
1775031, 459137552, 0, 0
1776062, 460942742, 0, 0
1777021, 463469799, 0, 0
1778035, 448955768, 0, 0
1779039, 455547721, 0, 0
1780046, 480677940, 0, 0
1781065, 482901399, 0, 0
1782012, 454879388, 0, 0
1783055, 458514123, 0, 0
1784003, 441904001, 0, 0
1785028, 457927338, 0, 0
1786002, 459092968, 0, 0
1787023, 441929775, 0, 0
1788003, 436394008, 0, 0
1789025, 458164247, 0, 0
1790030, 446993157, 0, 0
1791024, 443622042, 0, 0
1792000, 465950793, 0, 0
1793028, 452252014, 0, 0
1794038, 448774290, 0, 0
1795049, 496687359, 0, 0
1796053, 447911085, 0, 0
1797040, 474156303, 0, 0
1798009, 445749432, 0, 0
1799039, 460845477, 0, 0
1800006, 467908184, 0, 0
1801030, 437416577, 0, 0
1802016, 468076523, 0, 0
1803038, 464020084, 0, 0
1804023, 441538430, 0, 0
1805037, 452394564, 0, 0
1806030, 452830678, 0, 0
1807018, 462772412, 0, 0
1808047, 440682761, 0, 0
1809045, 478585519, 0, 0
1810004, 471653112, 0, 0
1811045, 472341421, 0, 0
1812057, 468985028, 0, 0
1813053, 461046865, 0, 0
1814058, 440507637, 0, 0
1815004, 489418414, 0, 0
1816035, 459745452, 0, 0
1817026, 438277892, 0, 0
1818018, 475866867, 0, 0
1819004, 474123899, 0, 0
1820011, 463711377, 0, 0
1821007, 452512286, 0, 0
1822018, 471599655, 0, 0
1823001, 462681393, 0, 0
1824004, 467788167, 0, 0
1825052, 453101305, 0, 0
1826022, 456029608, 0, 0
1827055, 452843611, 0, 0
1828010, 448318582, 0, 0
1829029, 463828449, 0, 0
1830059, 455478507, 0, 0
1831033, 451188349, 0, 0
1832036, 467298340, 0, 0
1833014, 474265428, 0, 0
1834015, 456333095, 0, 0
1835003, 463934348, 0, 0
1836002, 435160393, 0, 0
1837048, 458319607, 0, 0
1838042, 462262021, 0, 0
1839023, 437108940, 0, 0
1840002, 487749916, 0, 0
1841016, 458524029, 0, 0
1842040, 464855234, 0, 0
1843005, 451390472, 0, 0
1844028, 463639521, 0, 0
1845010, 449547745, 0, 0
1846005, 450316344, 0, 0
1847045, 465622845, 0, 0
1848059, 472258180, 0, 0
1849050, 471915434, 0, 0
1850017, 453256717, 0, 0
1851033, 453958985, 0, 0
1852017, 444871183, 0, 0
1853045, 462522668, 0, 0
1854003, 444568810, 0, 0
1855011, 435652039, 0, 0
1856047, 451704420, 0, 0
1857021, 454307912, 0, 0
1858030, 456882930, 0, 0
1859050, 445476002, 0, 0
1860027, 460462599, 0, 0
1861007, 461154155, 0, 0
1862047, 437483154, 0, 0
1863040, 449449343, 0, 0
1864023, 474383402, 0, 0
1865001, 469316140, 0, 0
1866035, 461913395, 0, 0
1867037, 468993490, 0, 0
1868009, 462218927, 0, 0
1869033, 450141802, 0, 0
1870038, 447712986, 0, 0
1871042, 457627289, 0, 0
1872025, 449344576, 0, 0
1873017, 445133418, 0, 0
1874060, 463041841, 0, 0
1875002, 480795981, 0, 0
1876041, 459667300, 0, 0
1877031, 450124088, 0, 0
1878059, 435646555, 0, 0
1879039, 450416903, 0, 0
1880001, 441212203, 0, 0
1881051, 457886842, 0, 0
1882061, 444611386, 0, 0
1883015, 449202384, 0, 0
1884055, 449436281, 0, 0
1885033, 466238416, 0, 0
1886028, 482208739, 0, 0
1887022, 449559515, 0, 0
1888041, 441992944, 0, 0
1889001, 431825236, 0, 0
1890048, 462281422, 0, 0
1891046, 449091723, 0, 0
1892028, 466874877, 0, 0
1893031, 448875302, 0, 0
1894033, 434594360, 0, 0
1895047, 465431660, 0, 0
1896056, 471099092, 0, 0
1897010, 443102929, 0, 0
1898037, 449133578, 0, 0
1899026, 470327510, 0, 0
1900004, 467646656, 0, 0
1901035, 454562797, 0, 0
1902017, 449178664, 0, 0
1903012, 457565379, 0, 0
1904050, 458759905, 0, 0
1905053, 475617177, 0, 0
1906006, 439565948, 0, 0
1907028, 454205690, 0, 0
1908046, 483009156, 0, 0
1909050, 436728900, 0, 0
1910011, 439202086, 0, 0
1911024, 430042683, 0, 0
1912017, 487781188, 0, 0
1913048, 486032681, 0, 0
1914013, 469761379, 0, 0
1915033, 432820863, 0, 0
1916032, 456242626, 0, 0
1917044, 455964042, 0, 0
1918058, 456777710, 0, 0
1919021, 448382946, 0, 0
1920026, 448898437, 0, 0
1921058, 444343951, 0, 0
1922033, 468249053, 0, 0
1923006, 448876896, 0, 0
1924011, 443489123, 0, 0
1925024, 452335131, 0, 0
1926005, 437340499, 0, 0
1927046, 454474027, 0, 0
1928048, 457774174, 0, 0
1929013, 481285413, 0, 0
1930046, 450873862, 0, 0
1931051, 449629026, 0, 0
1932004, 437209514, 0, 0
1933021, 451202802, 0, 0
1934051, 472282293, 0, 0
1935009, 449810207, 0, 0
1936000, 469277335, 0, 0
1937040, 460607859, 0, 0
1938037, 465885183, 0, 0
1939023, 470665857, 0, 0
1940023, 458953928, 0, 0
1941022, 446665549, 0, 0
1942035, 455125367, 0, 0
1943038, 462323603, 0, 0
1944027, 435888865, 0, 0
1945040, 464378366, 0, 0
1946061, 446426857, 0, 0
1947036, 466793157, 0, 0
1948019, 460498794, 0, 0
1949004, 434358374, 0, 0
1950007, 442734610, 0, 0
1951005, 441348110, 0, 0
1952048, 472389152, 0, 0
1953025, 503314094, 0, 0
1954051, 446772178, 0, 0
1955005, 444874686, 0, 0
1956057, 472269284, 0, 0
1957042, 462519561, 0, 0
1958046, 487690298, 0, 0
1959031, 462981462, 0, 0
1960033, 472098359, 0, 0
1961006, 458697668, 0, 0
1962041, 439080143, 0, 0
1963047, 476189301, 0, 0
1964006, 449382224, 0, 0
1965043, 447305681, 0, 0
1966059, 456332313, 0, 0
1967056, 464133240, 0, 0
1968052, 480204286, 0, 0
1969040, 479324580, 0, 0
1970059, 453790204, 0, 0
1971023, 464516447, 0, 0
1972026, 440650422, 0, 0
1973050, 455246241, 0, 0
1974059, 423999967, 0, 0
1975024, 483148311, 0, 0
1976047, 460738889, 0, 0
1977035, 452107885, 0, 0
1978020, 468756527, 0, 0
1979005, 481440944, 0, 0
1980006, 435977235, 0, 0
1981040, 463823444, 0, 0
1982029, 454434166, 0, 0
1983031, 466516629, 0, 0
1984030, 483619944, 0, 0
1985050, 448165422, 0, 0
1986043, 443828111, 0, 0
1987043, 468305948, 0, 0
1988040, 455627631, 0, 0
1989040, 481585746, 0, 0
1990001, 466095624, 0, 0
1991055, 485122803, 0, 0
1992000, 441609434, 0, 0
1993006, 458716753, 0, 0
1994045, 475949027, 0, 0
1995042, 472518136, 0, 0
1996014, 487594916, 0, 0
1997047, 454178713, 0, 0
1998016, 458877211, 0, 0
1999051, 484000684, 0, 0
2000020, 484656116, 0, 0
2001051, 459484612, 0, 0
2002054, 439589698, 0, 0
2003011, 450136003, 0, 0
2004035, 445835117, 0, 0
2005037, 456279884, 0, 0
2006049, 450220393, 0, 0
2007001, 449323625, 0, 0
2008024, 464966541, 0, 0
2009009, 473005178, 0, 0
2010026, 462537523, 0, 0
2011004, 472659061, 0, 0
2012003, 498026098, 0, 0
2013009, 442639175, 0, 0
2014015, 476999256, 0, 0
2015003, 457334307, 0, 0
2016036, 462906882, 0, 0
2017040, 447194175, 0, 0
2018051, 461211989, 0, 0
2019047, 484940868, 0, 0
2020045, 477064638, 0, 0
2021052, 455932078, 0, 0
2022012, 432810095, 0, 0
2023039, 488888838, 0, 0
2024014, 462688425, 0, 0
2025010, 445395575, 0, 0
2026031, 461504220, 0, 0
2027040, 468548795, 0, 0
2028047, 452235740, 0, 0
2029055, 467110697, 0, 0
2030034, 471401726, 0, 0
2031041, 459010571, 0, 0
2032007, 447457437, 0, 0
2033027, 458039735, 0, 0
2034056, 468332639, 0, 0
2035049, 452088653, 0, 0
2036012, 444369440, 0, 0
2037023, 454645467, 0, 0
2038014, 459445138, 0, 0
2039056, 467288379, 0, 0
2040001, 449943515, 0, 0
2041031, 469539503, 0, 0
2042000, 441210526, 0, 0
2043057, 456591090, 0, 0
2044034, 449477185, 0, 0
2045032, 457077250, 0, 0
2046021, 413755891, 0, 0
2047054, 464963650, 0, 0
2048058, 460450787, 0, 0
2049048, 467925694, 0, 0
2050024, 502682588, 0, 0
2051030, 495164957, 0, 0
2052048, 448564963, 0, 0
2053005, 500810237, 0, 0
2054056, 464791427, 0, 0
2055027, 461234867, 0, 0
2056038, 487350116, 0, 0
2057046, 446711930, 0, 0
2058017, 448159699, 0, 0
2059018, 473279163, 0, 0
2060000, 429890335, 0, 0
2061046, 456807177, 0, 0
2062015, 445536886, 0, 0
2063016, 457983556, 0, 0
2064014, 462506114, 0, 0
2065014, 472779853, 0, 0
2066032, 448653388, 0, 0
2067005, 449401091, 0, 0
2068057, 488179324, 0, 0
2069024, 457224104, 0, 0
2070040, 482208185, 0, 0
2071037, 470644977, 0, 0
2072039, 464356024, 0, 0
2073018, 484060287, 0, 0
2074057, 459702910, 0, 0
2075017, 456935560, 0, 0
2076037, 451078289, 0, 0
2077028, 471689099, 0, 0
2078064, 448201794, 0, 0
2079026, 444869986, 0, 0
2080025, 472570559, 0, 0
2081054, 456631489, 0, 0
2082051, 464443995, 0, 0
2083067, 438356891, 0, 0
2084025, 456885796, 0, 0
2085045, 466908326, 0, 0
2086053, 431405632, 0, 0
2087021, 445422895, 0, 0
2088043, 450546278, 0, 0
2089044, 460198076, 0, 0
2090041, 466474409, 0, 0
2091016, 454414288, 0, 0
2092028, 465639890, 0, 0
2093026, 456666497, 0, 0
2094032, 447335680, 0, 0
2095008, 472401199, 0, 0
2096018, 441327447, 0, 0
2097032, 441423044, 0, 0
2098033, 412248467, 0, 0
2099051, 450644038, 0, 0
2100045, 484870762, 0, 0
2101051, 453490329, 0, 0
2102000, 449963759, 0, 0
2103023, 448178172, 0, 0
2104051, 429539804, 0, 0
2105042, 451817906, 0, 0
2106086, 465026636, 0, 0
2107035, 503860815, 0, 0
2108063, 499387449, 0, 0
2109044, 455945926, 0, 0
2110038, 463902816, 0, 0
2111038, 475672356, 0, 0
2112044, 452813379, 0, 0
2113022, 466269714, 0, 0
2114056, 442523757, 0, 0
2115060, 467562038, 0, 0
2116041, 496458297, 0, 0
2117001, 457553623, 0, 0
2118012, 460682618, 0, 0
2119031, 449523650, 0, 0
2120045, 449388900, 0, 0
2121018, 438553392, 0, 0
2122051, 464224963, 0, 0
2123039, 458736032, 0, 0
2124010, 425385455, 0, 0
2125037, 460279551, 0, 0
2126016, 473466756, 0, 0
2127038, 458989532, 0, 0
2128083, 451111596, 0, 0
2129058, 468399068, 0, 0
2130020, 452639955, 0, 0
2131009, 455924248, 0, 0
2132020, 394878120, 0, 0
2133041, 453716978, 0, 0
2134061, 455098631, 0, 0
2135056, 485731508, 0, 0
2136059, 471997781, 0, 0
2137020, 473874440, 0, 0
2138035, 441652504, 0, 0
2139025, 474706026, 0, 0
2140057, 445812489, 0, 0
2141058, 438570875, 0, 0
2142030, 449555255, 0, 0
2143001, 437191852, 0, 0
2144026, 455395001, 0, 0
2145039, 450496010, 0, 0
2146045, 451510764, 0, 0
2147000, 458665641, 0, 0
2148032, 410380157, 0, 0
2149063, 462132640, 0, 0
2150058, 451993791, 0, 0
2151043, 468588003, 0, 0
2152059, 463833688, 0, 0
2153046, 466928025, 0, 0
2154039, 476892277, 0, 0
2155050, 451724600, 0, 0
2156031, 459057948, 0, 0
2157031, 452141547, 0, 0
2158007, 456730162, 0, 0
2159060, 457439747, 0, 0
2160002, 466168852, 0, 0
2161056, 445326462, 0, 0
2162025, 469596481, 0, 0
2163035, 457027680, 0, 0
2164038, 459504230, 0, 0
2165006, 449526469, 0, 0
2166018, 464630010, 0, 0
2167054, 460825902, 0, 0
2168043, 460207794, 0, 0
2169043, 473151943, 0, 0
2170047, 459835272, 0, 0
2171055, 485688617, 0, 0
2172018, 453698016, 0, 0
2173019, 437009728, 0, 0
2174035, 441058198, 0, 0
2175005, 442412069, 0, 0
2176006, 458703106, 0, 0
2177015, 459351772, 0, 0
2178010, 466154233, 0, 0
2179004, 473196837, 0, 0
2180033, 461315504, 0, 0
2181057, 449871220, 0, 0
2182002, 444739293, 0, 0
2183005, 472186639, 0, 0
2184038, 465471536, 0, 0
2185038, 457603854, 0, 0
2186013, 458121679, 0, 0
2187055, 464145901, 0, 0
2188020, 459869008, 0, 0
2189052, 452050369, 0, 0
2190015, 429639414, 0, 0
2191026, 477760483, 0, 0
2192024, 472974894, 0, 0
2193033, 462798211, 0, 0
2194056, 448281741, 0, 0
2195018, 470523342, 0, 0
2196027, 455197958, 0, 0
2197036, 445319858, 0, 0
2198001, 433322510, 0, 0
2199026, 443732654, 0, 0
2200003, 503456517, 0, 0
2201037, 449008847, 0, 0
2202054, 451062463, 0, 0
2203039, 468905871, 0, 0
2204014, 433403310, 0, 0
2205057, 478909018, 0, 0
2206025, 447155231, 0, 0
2207007, 454993963, 0, 0
2208046, 465668551, 0, 0
2209020, 447600185, 0, 0
2210039, 448511840, 0, 0
2211062, 452679211, 0, 0
2212043, 454900500, 0, 0
2213021, 464807877, 0, 0
2214043, 436877638, 0, 0
2215071, 473782039, 0, 0
2216022, 486576877, 0, 0
2217052, 457823570, 0, 0
2218023, 440440083, 0, 0
2219035, 433512105, 0, 0
2220040, 481377542, 0, 0
2221003, 451319204, 0, 0
2222057, 470890460, 0, 0
2223017, 427790942, 0, 0
2224043, 438997268, 0, 0
2225039, 445112599, 0, 0
2226045, 438941074, 0, 0
2227026, 439028930, 0, 0
2228032, 455090037, 0, 0
2229018, 448137218, 0, 0
2230057, 444500327, 0, 0
2231001, 455121798, 0, 0
2232040, 453634171, 0, 0
2233048, 446339725, 0, 0
2234004, 431200716, 0, 0
2235035, 445570757, 0, 0
2236053, 445801078, 0, 0
2237030, 455551984, 0, 0
2238038, 460873252, 0, 0
2239026, 450117879, 0, 0
2240039, 457246601, 0, 0
2241025, 434884751, 0, 0
2242033, 443125317, 0, 0
2243055, 462153219, 0, 0
2244004, 449080702, 0, 0
2245012, 479656950, 0, 0
2246019, 473386438, 0, 0
2247045, 468165210, 0, 0
2248019, 488230505, 0, 0
2249017, 481539431, 0, 0
2250045, 467193738, 0, 0
2251046, 495842748, 0, 0
2252005, 516689696, 0, 0
2253034, 453620782, 0, 0
2254032, 478499178, 0, 0
2255057, 472831978, 0, 0
2256040, 472986744, 0, 0
2257038, 451435773, 0, 0
2258051, 494976665, 0, 0
2259030, 436569124, 0, 0
2260038, 464984907, 0, 0
2261035, 455283324, 0, 0
2262036, 450562913, 0, 0
2263019, 415694135, 0, 0
2264029, 463944614, 0, 0
2265059, 480101407, 0, 0
2266025, 437182557, 0, 0
2267025, 426714409, 0, 0
2268051, 448339702, 0, 0
2269017, 429606226, 0, 0
2270060, 474382513, 0, 0
2271039, 446992454, 0, 0
2272001, 467677902, 0, 0
2273053, 448588157, 0, 0
2274034, 456804080, 0, 0
2275002, 460449191, 0, 0
2276036, 455942922, 0, 0
2277029, 453694208, 0, 0
2278049, 449907196, 0, 0
2279022, 464874604, 0, 0
2280015, 447626922, 0, 0
2281016, 474999027, 0, 0
2282012, 451078981, 0, 0
2283030, 464821552, 0, 0
2284036, 475160125, 0, 0
2285037, 459267000, 0, 0
2286001, 458874062, 0, 0
2287015, 464539796, 0, 0
2288048, 464452161, 0, 0
2289009, 454472277, 0, 0
2290050, 453423598, 0, 0
2291051, 457778898, 0, 0
2292013, 443428033, 0, 0
2293019, 485569500, 0, 0
2294048, 469744381, 0, 0
2295007, 464415034, 0, 0
2296029, 482328081, 0, 0
2297019, 466437210, 0, 0
2298052, 483178914, 0, 0
2299028, 457024794, 0, 0
2300023, 462732008, 0, 0
2301027, 453228640, 0, 0
2302003, 456808754, 0, 0
2303048, 452055832, 0, 0
2304031, 472040989, 0, 0
2305003, 462752917, 0, 0
2306014, 471365531, 0, 0
2307046, 463326427, 0, 0
2308030, 469317513, 0, 0
2309046, 443247790, 0, 0
2310053, 445941262, 0, 0
2311051, 444610145, 0, 0
2312019, 446171402, 0, 0
2313049, 466539837, 0, 0
2314047, 451972884, 0, 0
2315022, 474153386, 0, 0
2316046, 446089917, 0, 0
2317025, 447359342, 0, 0
2318028, 445276634, 0, 0
2319000, 425060572, 0, 0
2320024, 453439612, 0, 0
2321021, 445891424, 0, 0
2322033, 484392833, 0, 0
2323030, 450429600, 0, 0
2324054, 464088031, 0, 0
2325045, 443645746, 0, 0
2326062, 444479272, 0, 0
2327036, 453311590, 0, 0
2328030, 478785963, 0, 0
2329036, 436751596, 0, 0
2330037, 446902769, 0, 0
2331043, 468851020, 0, 0
2332026, 448190949, 0, 0
2333003, 440732611, 0, 0
2334037, 442927491, 0, 0
2335045, 453119216, 0, 0
2336005, 463021688, 0, 0
2337006, 456447303, 0, 0
2338047, 461044353, 0, 0
2339013, 454779989, 0, 0
2340025, 451560362, 0, 0
2341035, 440125556, 0, 0
2342034, 434974526, 0, 0
2343017, 470493819, 0, 0
2344032, 446072443, 0, 0
2345028, 462350400, 0, 0
2346015, 447842799, 0, 0
2347003, 458544827, 0, 0
2348011, 448813100, 0, 0
2349038, 475412776, 0, 0
2350024, 459033018, 0, 0
2351011, 462996502, 0, 0
2352029, 464801200, 0, 0
2353030, 473714554, 0, 0
2354011, 455602240, 0, 0
2355002, 468314851, 0, 0
2356016, 452946783, 0, 0
2357030, 446786254, 0, 0
2358040, 437500263, 0, 0
2359041, 448783835, 0, 0
2360004, 454547936, 0, 0
2361028, 429421252, 0, 0
2362040, 462912976, 0, 0
2363048, 463664093, 0, 0
2364035, 439387330, 0, 0
2365039, 472490234, 0, 0
2366054, 442865781, 0, 0
2367003, 477231469, 0, 0
2368004, 457337921, 0, 0
2369046, 447308734, 0, 0
2370042, 451784714, 0, 0
2371056, 451635087, 0, 0
2372043, 433387993, 0, 0
2373027, 440524116, 0, 0
2374036, 451102676, 0, 0
2375025, 469102165, 0, 0
2376058, 458187532, 0, 0
2377005, 446604696, 0, 0
2378043, 423573718, 0, 0
2379057, 445460698, 0, 0
2380022, 455777467, 0, 0
2381032, 453867654, 0, 0
2382050, 468754929, 0, 0
2383012, 452066622, 0, 0
2384040, 440849709, 0, 0
2385022, 453228458, 0, 0
2386033, 450943837, 0, 0
2387008, 462194670, 0, 0
2388035, 430462680, 0, 0
2389000, 459641186, 0, 0
2390012, 477674794, 0, 0
2391023, 426891488, 0, 0
2392024, 453593985, 0, 0
2393011, 445476090, 0, 0
2394008, 445289093, 0, 0
2395057, 466683359, 0, 0
2396038, 474760651, 0, 0
2397001, 440688729, 0, 0
2398045, 445629477, 0, 0
2399019, 449676419, 0, 0
2400016, 472068064, 0, 0
2400105, 349772335, 0, 0
