1054, 69708045, 0, 0
2020, 154095181, 0, 0
3048, 138912673, 0, 0
4048, 258672727, 0, 0
5007, 99804888, 0, 0
6043, 168092356, 0, 0
7013, 49911266, 0, 0
8007, 160978120, 0, 0
9018, 182155620, 0, 0
10040, 127782435, 0, 0
11052, 99986046, 0, 0
12008, 79644478, 0, 0
13043, 228184266, 0, 0
14010, 117784621, 0, 0
15010, 165123551, 0, 0
16022, 144361202, 0, 0
17038, 77599100, 0, 0
18035, 167122816, 0, 0
19008, 194700894, 0, 0
20052, 45549505, 0, 0
21051, 135711026, 0, 0
22026, 105847063, 0, 0
23043, 107649758, 0, 0
24038, 335704807, 0, 0
25020, 82025120, 0, 0
26027, 183045630, 0, 0
27064, 180564760, 0, 0
28005, 87366657, 0, 0
29041, 84838611, 0, 0
30031, 93483020, 0, 0
31010, 239475108, 0, 0
32012, 116743294, 0, 0
33053, 128224411, 0, 0
34012, 130425514, 0, 0
35019, 115048474, 0, 0
36039, 51478573, 0, 0
37040, 67555139, 0, 0
38048, 152432001, 0, 0
39050, 219851529, 0, 0
40013, 87784884, 0, 0
41051, 189005934, 0, 0
42025, 181051113, 0, 0
43041, 137333002, 0, 0
44013, 205932961, 0, 0
45003, 329353302, 0, 0
46043, 232713135, 0, 0
47012, 81171336, 0, 0
48020, 101254193, 0, 0
49000, 111903481, 0, 0
50014, 101390251, 0, 0
51049, 317856527, 0, 0
52013, 213024696, 0, 0
53060, 194016079, 0, 0
54053, 93049199, 0, 0
55004, 105038958, 0, 0
56006, 92068980, 0, 0
57018, 176484369, 0, 0
58055, 193064220, 0, 0
59051, 126377977, 0, 0
60040, 85184795, 0, 0
61047, 105114004, 0, 0
62012, 177355856, 0, 0
63026, 247848315, 0, 0
64032, 245742682, 0, 0
65008, 235899664, 0, 0
66011, 90861860, 0, 0
67002, 106336413, 0, 0
68013, 176477622, 0, 0
69038, 205223214, 0, 0
70040, 165602521, 0, 0
71051, 196914220, 0, 0
72026, 180160515, 0, 0
73051, 189423269, 0, 0
74003, 96143999, 0, 0
75045, 161613846, 0, 0
76054, 125474509, 0, 0
77030, 61600135, 0, 0
78007, 254435049, 0, 0
79037, 352083368, 0, 0
80010, 334448259, 0, 0
81014, 296431422, 0, 0
82043, 253758677, 0, 0
83024, 228681967, 0, 0
84024, 184833391, 0, 0
85011, 158891139, 0, 0
86041, 170926790, 0, 0
87012, 182744903, 0, 0
88034, 193255731, 0, 0
89009, 201631972, 0, 0
90030, 256907178, 0, 0
91038, 187564081, 0, 0
92038, 143910780, 0, 0
93000, 193008242, 0, 0
94016, 275835135, 0, 0
95006, 215776819, 0, 0
96000, 155060021, 0, 0
97073, 117684481, 0, 0
98039, 156250921, 0, 0
99032, 178050038, 0, 0
100049, 157947301, 0, 0
101044, 143498097, 0, 0
102042, 173684726, 0, 0
103008, 272016037, 0, 0
104049, 206617214, 0, 0
105000, 113454426, 0, 0
106020, 115137253, 0, 0
107052, 125110563, 0, 0
108018, 130868280, 0, 0
109045, 130073785, 0, 0
110023, 154823513, 0, 0
111014, 187965603, 0, 0
112032, 210904730, 0, 0
113058, 111435769, 0, 0
114014, 109467855, 0, 0
115038, 166804185, 0, 0
116016, 233220122, 0, 0
117034, 281196671, 0, 0
118061, 149727417, 0, 0
119023, 277330904, 0, 0
120036, 98217494, 0, 0
121035, 309406261, 0, 0
122034, 157477149, 0, 0
123013, 268651688, 0, 0
124016, 317956602, 0, 0
125048, 193205281, 0, 0
126023, 133641539, 0, 0
127023, 134507593, 0, 0
128002, 264135722, 0, 0
129001, 281593252, 0, 0
130043, 92151356, 0, 0
131034, 89256044, 0, 0
132014, 135092288, 0, 0
133055, 292192287, 0, 0
134044, 161719170, 0, 0
135028, 142297000, 0, 0
136033, 141852934, 0, 0
137026, 327249209, 0, 0
138009, 308891626, 0, 0
139009, 274186253, 0, 0
140009, 152511883, 0, 0
141001, 300490382, 0, 0
142033, 133351662, 0, 0
143001, 148257297, 0, 0
144018, 136638892, 0, 0
145021, 112960052, 0, 0
146000, 149469918, 0, 0
147040, 208236608, 0, 0
148018, 301050579, 0, 0
149022, 190832595, 0, 0
150000, 341501060, 0, 0
151019, 227806061, 0, 0
152041, 99747260, 0, 0
153051, 218254903, 0, 0
154045, 226669062, 0, 0
155012, 293283803, 0, 0
156036, 286067462, 0, 0
157002, 198279802, 0, 0
158055, 175982621, 0, 0
159055, 194083869, 0, 0
160018, 192836310, 0, 0
161023, 132119279, 0, 0
162027, 136915409, 0, 0
163025, 302344184, 0, 0
164050, 173050401, 0, 0
165007, 115601229, 0, 0
166008, 249436319, 0, 0
167002, 144424310, 0, 0
168026, 218868773, 0, 0
169029, 275615182, 0, 0
170023, 295636718, 0, 0
171012, 286431506, 0, 0
172006, 194285886, 0, 0
173009, 239509807, 0, 0
174026, 272834745, 0, 0
175056, 271156833, 0, 0
176004, 198231291, 0, 0
177014, 186020313, 0, 0
178060, 250656768, 0, 0
179027, 216438231, 0, 0
180054, 203392421, 0, 0
181018, 167171145, 0, 0
182060, 178942483, 0, 0
183036, 264421285, 0, 0
184027, 178844213, 0, 0
185008, 277963185, 0, 0
186026, 282686249, 0, 0
187025, 170639458, 0, 0
188006, 283793829, 0, 0
189039, 273572454, 0, 0
190052, 292653164, 0, 0
191032, 291969470, 0, 0
192025, 225877294, 0, 0
193017, 171229824, 0, 0
194004, 182191283, 0, 0
195025, 277829698, 0, 0
196042, 275027461, 0, 0
197016, 310191015, 0, 0
198047, 190770252, 0, 0
199012, 125240048, 0, 0
200041, 136191066, 0, 0
201022, 282886138, 0, 0
202004, 281505221, 0, 0
203023, 282161837, 0, 0
204006, 269549625, 0, 0
205015, 264975496, 0, 0
206043, 295917661, 0, 0
207014, 259740793, 0, 0
208014, 221570081, 0, 0
209048, 142970876, 0, 0
210006, 244011514, 0, 0
211055, 239542596, 0, 0
212039, 179982556, 0, 0
213017, 174226694, 0, 0
214049, 270328721, 0, 0
215041, 187196853, 0, 0
216053, 236491949, 0, 0
217001, 145805973, 0, 0
218033, 221146754, 0, 0
219108, 127680161, 0, 0
220024, 248793787, 0, 0
221053, 213630745, 0, 0
222010, 200738412, 0, 0
223013, 200161883, 0, 0
224011, 215964066, 0, 0
225050, 253992809, 0, 0
226017, 231979389, 0, 0
227059, 270040128, 0, 0
228047, 233442553, 0, 0
229049, 237954623, 0, 0
230024, 199520348, 0, 0
231043, 253662158, 0, 0
232014, 246704195, 0, 0
233030, 133598623, 0, 0
234051, 253330665, 0, 0
235014, 213594886, 0, 0
236043, 179795311, 0, 0
237012, 254637630, 0, 0
238060, 214605605, 0, 0
239000, 169968236, 0, 0
240010, 221818911, 0, 0
241045, 141777576, 0, 0
242051, 220931573, 0, 0
243027, 250880580, 0, 0
244053, 174666569, 0, 0
245059, 247728739, 0, 0
246011, 178564400, 0, 0
247058, 209090746, 0, 0
248025, 148283410, 0, 0
249006, 211198739, 0, 0
250036, 126507739, 0, 0
251050, 152847483, 0, 0
252014, 247343653, 0, 0
253034, 130947051, 0, 0
254010, 260567379, 0, 0
255048, 133165494, 0, 0
256051, 145105763, 0, 0
257035, 215715662, 0, 0
258056, 225615663, 0, 0
259041, 245272000, 0, 0
260023, 218900296, 0, 0
261000, 213899842, 0, 0
262066, 204105452, 0, 0
263050, 222588726, 0, 0
264010, 200453708, 0, 0
265038, 277255254, 0, 0
266023, 235898302, 0, 0
267000, 250911493, 0, 0
268034, 187842389, 0, 0
269048, 198822422, 0, 0
270010, 256430237, 0, 0
271046, 275447354, 0, 0
272051, 206313470, 0, 0
273006, 150277658, 0, 0
274048, 224145487, 0, 0
275013, 253356045, 0, 0
276006, 236318246, 0, 0
277021, 196105161, 0, 0
278001, 196793259, 0, 0
279057, 215517155, 0, 0
280034, 182709064, 0, 0
281013, 208412413, 0, 0
282010, 180988221, 0, 0
283051, 195127841, 0, 0
284012, 168169348, 0, 0
285037, 138597286, 0, 0
286038, 227747011, 0, 0
287010, 232945592, 0, 0
288037, 247781141, 0, 0
289049, 233239929, 0, 0
290051, 248638927, 0, 0
291005, 109058402, 0, 0
292022, 192615755, 0, 0
293019, 187198260, 0, 0
294008, 167353630, 0, 0
295004, 228825461, 0, 0
296038, 140181857, 0, 0
297018, 182194925, 0, 0
298054, 182586259, 0, 0
299018, 163666888, 0, 0
300020, 181825422, 0, 0
301039, 195652601, 0, 0
302029, 169386560, 0, 0
303011, 225595087, 0, 0
304013, 202588240, 0, 0
305001, 171405019, 0, 0
306030, 214351995, 0, 0
307041, 212200263, 0, 0
308037, 207886076, 0, 0
309058, 209548979, 0, 0
310002, 213912208, 0, 0
311032, 231504942, 0, 0
312045, 173300355, 0, 0
313029, 133343687, 0, 0
314039, 219542745, 0, 0
315014, 205599650, 0, 0
316048, 148714102, 0, 0
317011, 150942250, 0, 0
318054, 154728297, 0, 0
319026, 193861360, 0, 0
320059, 217472490, 0, 0
321027, 215193116, 0, 0
322027, 188945476, 0, 0
323054, 189711561, 0, 0
324003, 180991470, 0, 0
325028, 143994530, 0, 0
326023, 151665921, 0, 0
327033, 196395659, 0, 0
328037, 188796601, 0, 0
329037, 155413083, 0, 0
330001, 145245466, 0, 0
331000, 192479780, 0, 0
332056, 165495797, 0, 0
333041, 173234070, 0, 0
334004, 208711119, 0, 0
335037, 149645475, 0, 0
336006, 163656480, 0, 0
337035, 186820860, 0, 0
338000, 197587806, 0, 0
339024, 222110230, 0, 0
340040, 203324469, 0, 0
341006, 193804640, 0, 0
342033, 161765527, 0, 0
343056, 196002348, 0, 0
344007, 196207321, 0, 0
345014, 226832314, 0, 0
346039, 219977524, 0, 0
347007, 165407625, 0, 0
348033, 155903400, 0, 0
349029, 163604845, 0, 0
350012, 163822213, 0, 0
351016, 175623692, 0, 0
352017, 213329669, 0, 0
353029, 160177772, 0, 0
354049, 133499507, 0, 0
355031, 136482120, 0, 0
356060, 149210615, 0, 0
357012, 182763421, 0, 0
358023, 214919013, 0, 0
359023, 182177069, 0, 0
360043, 170929409, 0, 0
361035, 177979983, 0, 0
362000, 206721307, 0, 0
363026, 195244873, 0, 0
364019, 154781261, 0, 0
365007, 196128330, 0, 0
366044, 204056986, 0, 0
367056, 161550901, 0, 0
368030, 182671939, 0, 0
369004, 163648676, 0, 0
370035, 180112834, 0, 0
371059, 155703100, 0, 0
372004, 216632097, 0, 0
373019, 212919992, 0, 0
374015, 208558083, 0, 0
375027, 217542169, 0, 0
376025, 201855451, 0, 0
377028, 188672856, 0, 0
378003, 171524010, 0, 0
379005, 199455211, 0, 0
380029, 194099669, 0, 0
381030, 187415459, 0, 0
382040, 192133710, 0, 0
383005, 135385074, 0, 0
384029, 142009061, 0, 0
385025, 165167548, 0, 0
386044, 182199571, 0, 0
387004, 209334922, 0, 0
388045, 143354171, 0, 0
389051, 127581851, 0, 0
390033, 164139813, 0, 0
391028, 149318744, 0, 0
392071, 194858600, 0, 0
393009, 243921656, 0, 0
394006, 151398487, 0, 0
395020, 147343910, 0, 0
396031, 160527933, 0, 0
397006, 179116371, 0, 0
398027, 148235620, 0, 0
399026, 226311447, 0, 0
400049, 167303044, 0, 0
401048, 133220250, 0, 0
402060, 188878727, 0, 0
403023, 181501277, 0, 0
404013, 123175391, 0, 0
405033, 179082763, 0, 0
406059, 168521325, 0, 0
407003, 169710843, 0, 0
408032, 132702914, 0, 0
409038, 163597130, 0, 0
410043, 205125527, 0, 0
411049, 182304391, 0, 0
412010, 184206563, 0, 0
413038, 174275185, 0, 0
414022, 155187439, 0, 0
415039, 156505796, 0, 0
416023, 153208196, 0, 0
417004, 190915201, 0, 0
418043, 231354991, 0, 0
419034, 204070012, 0, 0
420018, 132094651, 0, 0
421052, 190140269, 0, 0
422019, 207328240, 0, 0
423017, 206951819, 0, 0
424022, 151105550, 0, 0
425053, 212177417, 0, 0
426039, 210608700, 0, 0
427052, 182138657, 0, 0
428049, 212962082, 0, 0
429038, 175049662, 0, 0
430041, 169045912, 0, 0
431026, 172127995, 0, 0
432010, 216639168, 0, 0
433017, 197040218, 0, 0
434014, 119927998, 0, 0
435049, 170341910, 0, 0
436017, 158276200, 0, 0
437052, 155254516, 0, 0
438023, 168274447, 0, 0
439022, 170595751, 0, 0
440023, 183455937, 0, 0
441052, 188774804, 0, 0
442013, 173263940, 0, 0
443000, 165499561, 0, 0
444004, 158431728, 0, 0
445004, 215621145, 0, 0
446051, 181784648, 0, 0
447032, 197575845, 0, 0
448013, 211056554, 0, 0
449047, 233458077, 0, 0
450019, 227090654, 0, 0
451008, 143565674, 0, 0
452012, 140706438, 0, 0
453039, 171522160, 0, 0
454051, 186607100, 0, 0
455027, 177193141, 0, 0
456015, 180534617, 0, 0
457013, 177767154, 0, 0
458004, 198556217, 0, 0
459013, 176369856, 0, 0
460037, 134898779, 0, 0
461020, 177356140, 0, 0
462000, 168708336, 0, 0
463035, 150222816, 0, 0
464005, 126613913, 0, 0
465017, 199354793, 0, 0
466004, 210120922, 0, 0
467032, 210991562, 0, 0
468037, 175707038, 0, 0
469055, 136534200, 0, 0
470059, 149504618, 0, 0
471019, 174120258, 0, 0
472034, 157373378, 0, 0
473020, 154182847, 0, 0
474049, 147763245, 0, 0
475055, 195735205, 0, 0
476009, 191973515, 0, 0
477044, 184325485, 0, 0
478053, 180656742, 0, 0
479001, 172177034, 0, 0
480024, 221111978, 0, 0
481044, 149855014, 0, 0
482041, 169436934, 0, 0
483005, 184808060, 0, 0
484057, 150035109, 0, 0
485014, 202533184, 0, 0
486007, 176022723, 0, 0
487019, 157958136, 0, 0
488038, 181033268, 0, 0
489021, 150151292, 0, 0
490046, 205288759, 0, 0
491053, 180232401, 0, 0
492023, 213638368, 0, 0
493056, 180473185, 0, 0
494046, 199638804, 0, 0
495026, 155236084, 0, 0
496010, 202701074, 0, 0
497025, 141692910, 0, 0
498003, 188254048, 0, 0
499006, 145172593, 0, 0
500059, 182156743, 0, 0
501014, 194996503, 0, 0
502006, 175698083, 0, 0
503009, 179476392, 0, 0
504051, 162533060, 0, 0
505058, 171401080, 0, 0
506045, 175885815, 0, 0
507030, 172678697, 0, 0
508006, 154056319, 0, 0
509022, 183094659, 0, 0
510003, 191469418, 0, 0
511054, 143473575, 0, 0
512030, 213145464, 0, 0
513057, 194917072, 0, 0
514055, 212336445, 0, 0
515000, 204373894, 0, 0
516028, 214472003, 0, 0
517011, 206330362, 0, 0
518053, 178058443, 0, 0
519040, 172028569, 0, 0
520034, 175541817, 0, 0
521009, 221986186, 0, 0
522030, 192308321, 0, 0
523026, 207397252, 0, 0
524011, 179657071, 0, 0
525026, 166195777, 0, 0
526042, 180069808, 0, 0
527001, 133550584, 0, 0
528018, 138878743, 0, 0
529014, 167415656, 0, 0
530012, 165282336, 0, 0
531032, 194377893, 0, 0
532062, 183066486, 0, 0
533028, 190815858, 0, 0
534004, 141874454, 0, 0
535018, 124939256, 0, 0
536037, 163327986, 0, 0
537043, 154812800, 0, 0
538005, 215053176, 0, 0
539005, 203547617, 0, 0
540046, 205370234, 0, 0
541051, 166394748, 0, 0
542017, 142406628, 0, 0
543008, 140136200, 0, 0
544040, 171272853, 0, 0
545014, 222241091, 0, 0
546054, 162421741, 0, 0
547008, 128902297, 0, 0
548002, 206132414, 0, 0
549039, 235143215, 0, 0
550024, 206713557, 0, 0
551042, 191112472, 0, 0
552040, 181799395, 0, 0
553025, 195710671, 0, 0
554048, 241582950, 0, 0
555026, 186621748, 0, 0
556031, 188932578, 0, 0
557054, 167116588, 0, 0
558032, 183549364, 0, 0
559003, 195845626, 0, 0
560034, 166750867, 0, 0
561016, 178164321, 0, 0
562055, 200635256, 0, 0
563038, 217583696, 0, 0
564016, 166567228, 0, 0
565029, 163192615, 0, 0
566014, 178397446, 0, 0
567056, 191560837, 0, 0
568056, 198584404, 0, 0
569002, 179268571, 0, 0
570020, 161974550, 0, 0
571053, 213068233, 0, 0
572043, 133367215, 0, 0
573012, 171049896, 0, 0
574015, 199646959, 0, 0
575008, 231417404, 0, 0
576021, 237953911, 0, 0
577000, 176824686, 0, 0
578031, 125860817, 0, 0
579038, 117867935, 0, 0
580058, 142865430, 0, 0
581050, 188174031, 0, 0
582039, 206575638, 0, 0
583051, 181076014, 0, 0
584033, 187404595, 0, 0
585009, 196077039, 0, 0
586006, 206009442, 0, 0
587019, 194255763, 0, 0
588051, 199398764, 0, 0
589013, 209015621, 0, 0
590057, 201326715, 0, 0
591029, 211734566, 0, 0
592052, 186415454, 0, 0
593029, 196416599, 0, 0
594020, 176688880, 0, 0
595025, 174680682, 0, 0
596048, 220250959, 0, 0
597016, 155055280, 0, 0
598010, 174304617, 0, 0
599038, 183303845, 0, 0
600042, 150674949, 0, 0
601019, 213116777, 0, 0
602007, 195676697, 0, 0
603058, 167263402, 0, 0
604017, 183979528, 0, 0
605051, 204395579, 0, 0
606020, 225922377, 0, 0
607000, 180378183, 0, 0
608018, 194512756, 0, 0
609037, 192592006, 0, 0
610027, 185085160, 0, 0
611061, 160948571, 0, 0
612025, 176104318, 0, 0
613063, 179952142, 0, 0
614031, 247911114, 0, 0
615000, 185359201, 0, 0
616037, 204983047, 0, 0
617052, 156799929, 0, 0
618001, 193618777, 0, 0
619065, 173007813, 0, 0
620043, 230715676, 0, 0
621052, 197137029, 0, 0
622008, 204350555, 0, 0
623014, 206116621, 0, 0
624036, 144791712, 0, 0
625049, 187352264, 0, 0
626010, 157698727, 0, 0
627047, 203261523, 0, 0
628055, 178617480, 0, 0
629035, 179563335, 0, 0
630003, 180604796, 0, 0
631027, 171394615, 0, 0
632059, 194290358, 0, 0
633017, 197759532, 0, 0
634052, 190043998, 0, 0
635061, 187917535, 0, 0
636022, 167233196, 0, 0
637068, 182688586, 0, 0
638002, 183867854, 0, 0
639051, 194130204, 0, 0
640031, 207737406, 0, 0
641045, 170378386, 0, 0
642026, 210083682, 0, 0
643052, 210282267, 0, 0
644039, 161204680, 0, 0
645053, 207417617, 0, 0
646014, 220696613, 0, 0
647014, 167384697, 0, 0
648032, 196070456, 0, 0
649008, 196908239, 0, 0
650019, 178009027, 0, 0
651018, 175032818, 0, 0
652014, 168537149, 0, 0
653028, 189135555, 0, 0
654055, 201302547, 0, 0
655045, 224058769, 0, 0
656009, 185363133, 0, 0
657017, 186524391, 0, 0
658058, 200676133, 0, 0
659002, 172199947, 0, 0
660027, 175966766, 0, 0
661010, 176081612, 0, 0
662037, 167294373, 0, 0
663052, 174897904, 0, 0
664007, 170254807, 0, 0
665000, 227201694, 0, 0
666053, 175184310, 0, 0
667005, 180478972, 0, 0
668032, 163936538, 0, 0
669037, 144934236, 0, 0
670059, 195524145, 0, 0
671004, 179355393, 0, 0
672037, 202790716, 0, 0
673015, 189660369, 0, 0
674008, 190836015, 0, 0
675047, 197636144, 0, 0
676008, 176562270, 0, 0
677023, 170438075, 0, 0
678054, 173941996, 0, 0
679043, 208935812, 0, 0
680027, 187221527, 0, 0
681003, 175650249, 0, 0
682009, 191591616, 0, 0
683026, 172325033, 0, 0
684006, 186936546, 0, 0
685018, 210103593, 0, 0
686037, 179183557, 0, 0
687035, 185699465, 0, 0
688010, 188410813, 0, 0
689038, 170147156, 0, 0
690028, 201200760, 0, 0
691029, 160994020, 0, 0
692045, 158163139, 0, 0
693002, 173345506, 0, 0
694005, 196856672, 0, 0
695036, 192805629, 0, 0
696042, 211610893, 0, 0
697011, 191711816, 0, 0
698021, 176281123, 0, 0
699048, 190413468, 0, 0
700052, 161823162, 0, 0
701035, 193774503, 0, 0
702039, 156347860, 0, 0
703012, 160708926, 0, 0
704043, 156720106, 0, 0
705000, 203581170, 0, 0
706053, 162998516, 0, 0
707052, 174172606, 0, 0
708037, 160355231, 0, 0
709010, 137123642, 0, 0
710017, 190869891, 0, 0
711044, 190791647, 0, 0
712029, 163474976, 0, 0
713005, 157579007, 0, 0
714044, 162552548, 0, 0
715040, 169886104, 0, 0
716011, 190352119, 0, 0
717037, 191804757, 0, 0
718060, 187209085, 0, 0
719019, 165770084, 0, 0
720007, 187592200, 0, 0
721039, 213505780, 0, 0
722001, 176133124, 0, 0
723050, 174802386, 0, 0
724005, 192952577, 0, 0
725003, 197057697, 0, 0
726035, 140255645, 0, 0
727012, 171836530, 0, 0
728028, 186806603, 0, 0
729044, 188491535, 0, 0
730004, 195401036, 0, 0
731007, 190285586, 0, 0
732031, 187833467, 0, 0
733000, 170834963, 0, 0
734015, 146138308, 0, 0
735015, 157730160, 0, 0
736033, 196846896, 0, 0
737024, 177556101, 0, 0
738015, 188740435, 0, 0
739001, 192821255, 0, 0
740030, 163286761, 0, 0
741034, 159281174, 0, 0
742016, 198914048, 0, 0
743047, 218276709, 0, 0
744005, 158409694, 0, 0
745029, 159275145, 0, 0
746047, 196826644, 0, 0
747025, 173499052, 0, 0
748043, 160871976, 0, 0
749052, 175825213, 0, 0
750023, 175745598, 0, 0
751051, 188800888, 0, 0
752018, 187134817, 0, 0
753054, 206234261, 0, 0
754013, 157666829, 0, 0
755027, 194140039, 0, 0
756011, 187760983, 0, 0
757000, 174201032, 0, 0
758056, 169396713, 0, 0
759018, 160827668, 0, 0
760000, 167656997, 0, 0
761009, 178700754, 0, 0
762043, 184753520, 0, 0
763038, 196596980, 0, 0
764048, 170124593, 0, 0
765006, 188028475, 0, 0
766025, 191140244, 0, 0
767054, 193998910, 0, 0
768025, 156435809, 0, 0
769000, 163640811, 0, 0
770029, 193813069, 0, 0
771003, 193970588, 0, 0
772030, 197923118, 0, 0
773059, 167502346, 0, 0
774023, 202147035, 0, 0
775023, 176783464, 0, 0
776037, 166476409, 0, 0
777020, 178791352, 0, 0
778045, 170582606, 0, 0
779030, 182686567, 0, 0
780054, 187552468, 0, 0
781023, 123168391, 0, 0
782008, 174069926, 0, 0
783049, 177034090, 0, 0
784007, 188730933, 0, 0
785024, 187455169, 0, 0
786006, 160459241, 0, 0
787056, 178206563, 0, 0
788061, 156258353, 0, 0
789040, 186986229, 0, 0
790058, 154611482, 0, 0
791012, 168444017, 0, 0
792006, 177296802, 0, 0
793024, 181484206, 0, 0
794003, 168474664, 0, 0
795018, 173777461, 0, 0
796057, 165474360, 0, 0
797028, 173222435, 0, 0
798016, 191786347, 0, 0
799047, 183656794, 0, 0
800055, 180615592, 0, 0
801033, 172451354, 0, 0
802002, 187730225, 0, 0
803041, 192906751, 0, 0
804052, 155079075, 0, 0
805032, 221284824, 0, 0
806031, 148375697, 0, 0
807033, 210705912, 0, 0
808057, 184314472, 0, 0
809011, 168969580, 0, 0
810010, 161528320, 0, 0
811023, 162358253, 0, 0
812015, 137780851, 0, 0
813034, 165163064, 0, 0
814000, 162032876, 0, 0
815015, 188488742, 0, 0
816031, 153572758, 0, 0
817042, 153023718, 0, 0
818001, 169487523, 0, 0
819044, 172234258, 0, 0
820014, 162429647, 0, 0
821057, 187141855, 0, 0
822013, 170890691, 0, 0
823019, 194564874, 0, 0
824004, 214326692, 0, 0
825056, 197466856, 0, 0
826029, 171179537, 0, 0
827007, 168769473, 0, 0
828000, 171675865, 0, 0
829060, 175007324, 0, 0
830017, 170521202, 0, 0
831058, 182215326, 0, 0
832016, 177027751, 0, 0
833027, 149737388, 0, 0
834000, 163553232, 0, 0
835010, 166365031, 0, 0
836046, 154349341, 0, 0
837003, 153014874, 0, 0
838034, 138859539, 0, 0
839009, 131371642, 0, 0
840027, 153150339, 0, 0
841002, 136276132, 0, 0
842034, 159020446, 0, 0
843030, 156567702, 0, 0
844064, 177737819, 0, 0
845030, 143705381, 0, 0
846058, 148864254, 0, 0
847049, 194079296, 0, 0
848009, 137570616, 0, 0
849013, 162892238, 0, 0
850001, 173280913, 0, 0
851041, 152782472, 0, 0
852045, 126354965, 0, 0
853020, 137147064, 0, 0
854030, 133633832, 0, 0
855001, 112469504, 0, 0
856028, 121964928, 0, 0
857041, 130767527, 0, 0
858021, 141754762, 0, 0
859062, 118610905, 0, 0
860001, 113314694, 0, 0
861015, 131262673, 0, 0
862052, 119031706, 0, 0
863028, 115999940, 0, 0
864003, 107405078, 0, 0
865026, 107283324, 0, 0
866053, 111111865, 0, 0
867029, 115271789, 0, 0
868014, 113567321, 0, 0
869045, 126026641, 0, 0
870026, 120839655, 0, 0
871000, 123160262, 0, 0
872050, 97177095, 0, 0
873032, 116528876, 0, 0
874050, 122823634, 0, 0
875006, 106763318, 0, 0
876084, 118020670, 0, 0
877000, 128148253, 0, 0
878028, 114152086, 0, 0
879008, 134895787, 0, 0
880034, 113282655, 0, 0
881055, 94016878, 0, 0
882001, 110954901, 0, 0
883058, 112019184, 0, 0
884049, 112942230, 0, 0
885012, 118732112, 0, 0
886092, 113590376, 0, 0
887000, 117835170, 0, 0
888135, 110591025, 0, 0
889059, 108013830, 0, 0
890042, 115516992, 0, 0
891038, 105230627, 0, 0
892027, 114612558, 0, 0
893037, 111595517, 0, 0
894037, 101495375, 0, 0
895032, 114602822, 0, 0
896033, 106606815, 0, 0
897054, 122274858, 0, 0
898015, 99276838, 0, 0
899044, 116089251, 0, 0
900014, 116988387, 0, 0
901053, 101349388, 0, 0
902029, 103330964, 0, 0
903029, 122890260, 0, 0
904002, 110098725, 0, 0
905022, 110579995, 0, 0
906009, 104172217, 0, 0
907051, 101069987, 0, 0
908002, 127903268, 0, 0
909002, 108160800, 0, 0
910032, 95053543, 0, 0
911052, 115147718, 0, 0
912025, 95271961, 0, 0
913029, 89779502, 0, 0
914026, 106678051, 0, 0
915036, 109562499, 0, 0
916027, 100119822, 0, 0
917051, 109150694, 0, 0
918050, 106619927, 0, 0
919036, 89877511, 0, 0
920025, 103013194, 0, 0
921044, 85483885, 0, 0
922037, 103603703, 0, 0
923009, 111027320, 0, 0
924004, 102226701, 0, 0
925032, 97227147, 0, 0
926000, 96677736, 0, 0
927036, 82747189, 0, 0
928051, 89440516, 0, 0
929022, 101648716, 0, 0
930015, 113320344, 0, 0
931012, 107244663, 0, 0
932063, 95045853, 0, 0
933021, 88652911, 0, 0
934058, 87826520, 0, 0
935001, 94477179, 0, 0
936033, 85862937, 0, 0
937044, 95208383, 0, 0
938026, 99469317, 0, 0
939019, 94005926, 0, 0
940036, 98219172, 0, 0
941042, 86191041, 0, 0
942008, 100073425, 0, 0
943036, 77857085, 0, 0
944034, 88805467, 0, 0
945028, 81168572, 0, 0
946052, 77842943, 0, 0
947035, 85928119, 0, 0
948018, 87133890, 0, 0
949041, 87576529, 0, 0
950037, 99705752, 0, 0
951011, 92478300, 0, 0
952034, 92615274, 0, 0
953053, 74139827, 0, 0
954054, 75364202, 0, 0
955043, 73866858, 0, 0
956002, 95838455, 0, 0
957018, 91642583, 0, 0
958004, 77674202, 0, 0
959025, 77234661, 0, 0
960045, 89815059, 0, 0
961052, 89052172, 0, 0
962040, 89468773, 0, 0
963001, 99039170, 0, 0
964019, 78559994, 0, 0
965022, 84841982, 0, 0
966054, 69904345, 0, 0
967002, 66136150, 0, 0
968000, 68817929, 0, 0
969007, 75701662, 0, 0
970051, 80610088, 0, 0
971041, 84220721, 0, 0
972026, 76008469, 0, 0
973044, 72495335, 0, 0
974056, 66747810, 0, 0
975034, 71697403, 0, 0
976018, 75824649, 0, 0
977039, 69958117, 0, 0
978002, 69520400, 0, 0
979010, 71119888, 0, 0
980003, 79393922, 0, 0
981000, 68797760, 0, 0
982042, 82149279, 0, 0
983003, 81216804, 0, 0
984046, 70789176, 0, 0
985019, 64734687, 0, 0
986024, 83033223, 0, 0
987004, 67107290, 0, 0
988037, 76428931, 0, 0
989048, 77984117, 0, 0
990015, 65585354, 0, 0
991002, 69463115, 0, 0
992000, 67517922, 0, 0
993042, 63291158, 0, 0
994056, 57219950, 0, 0
995066, 61905976, 0, 0
996002, 66594069, 0, 0
997005, 69658372, 0, 0
998046, 58009230, 0, 0
999004, 54948384, 0, 0
1000047, 66356244, 0, 0
1001005, 64536018, 0, 0
1002009, 53510858, 0, 0
1003032, 64777066, 0, 0
1004041, 53844397, 0, 0
1005031, 70556621, 0, 0
1006059, 54335972, 0, 0
1007014, 59343591, 0, 0
1008026, 58946799, 0, 0
1009000, 62796220, 0, 0
1010030, 55955000, 0, 0
1011050, 62999858, 0, 0
1012056, 61064868, 0, 0
1013000, 57642618, 0, 0
1014044, 57919602, 0, 0
1015035, 53403685, 0, 0
1016046, 53030108, 0, 0
1017003, 50951026, 0, 0
1018015, 56981519, 0, 0
1019030, 42892281, 0, 0
1020031, 69427502, 0, 0
1021059, 60423763, 0, 0
1022040, 53593106, 0, 0
1023009, 55911360, 0, 0
1024040, 50825624, 0, 0
1025047, 56887375, 0, 0
1026037, 48704268, 0, 0
1027041, 45478339, 0, 0
1028054, 50724603, 0, 0
1029016, 49883968, 0, 0
1030020, 62220529, 0, 0
1031036, 43175800, 0, 0
1032028, 50460274, 0, 0
1033030, 42833676, 0, 0
1034031, 41979940, 0, 0
1035031, 41843120, 0, 0
1036003, 53042026, 0, 0
1037016, 42426920, 0, 0
1038033, 45279318, 0, 0
1039048, 38224427, 0, 0
1040012, 45904383, 0, 0
1041029, 45894744, 0, 0
1042051, 59125864, 0, 0
1043011, 47385009, 0, 0
1044051, 34623627, 0, 0
1045005, 49726535, 0, 0
1046066, 47967945, 0, 0
1047034, 49648571, 0, 0
1048000, 37609454, 0, 0
1049039, 48361183, 0, 0
1050066, 52588083, 0, 0
1051030, 49746539, 0, 0
1052043, 36761531, 0, 0
1053000, 37559332, 0, 0
1054007, 38073715, 0, 0
1055038, 44114748, 0, 0
1056019, 41549638, 0, 0
1057008, 41371728, 0, 0
1058050, 33392542, 0, 0
1059027, 37694381, 0, 0
1060010, 45119897, 0, 0
1061012, 35997893, 0, 0
1062030, 36951372, 0, 0
1063028, 46004419, 0, 0
1064011, 37764821, 0, 0
1065022, 34375346, 0, 0
1066058, 35012128, 0, 0
1067013, 37767562, 0, 0
1068035, 37223585, 0, 0
1069019, 27090794, 0, 0
1070027, 34966014, 0, 0
1071042, 33329061, 0, 0
1072000, 34077151, 0, 0
1073011, 26763572, 0, 0
1074000, 32298780, 0, 0
1075018, 35499048, 0, 0
1076044, 28987936, 0, 0
1077015, 29852913, 0, 0
1078050, 32246447, 0, 0
1079000, 26895660, 0, 0
1080041, 26076942, 0, 0
1081000, 31637093, 0, 0
1082044, 27287379, 0, 0
1083024, 29736890, 0, 0
1084036, 23774200, 0, 0
1085037, 24960183, 0, 0
1086014, 29584568, 0, 0
1087003, 29616168, 0, 0
1088032, 20004869, 0, 0
1089033, 26097971, 0, 0
1090000, 21417994, 0, 0
1091055, 21416916, 0, 0
1092034, 20125310, 0, 0
1093010, 20434276, 0, 0
1094013, 23724850, 0, 0
1095002, 24500469, 0, 0
1096016, 21609926, 0, 0
1097006, 22705106, 0, 0
1098042, 25460492, 0, 0
1099048, 20832973, 0, 0
1100012, 19623403, 0, 0
1101070, 18927817, 0, 0
1102000, 20652097, 0, 0
1103000, 16778684, 0, 0
1104025, 18109582, 0, 0
1105002, 14384772, 0, 0
1106015, 17470119, 0, 0
1107009, 27835727, 0, 0
1108077, 18390530, 0, 0
1109039, 16643072, 0, 0
1110045, 19115661, 0, 0
1111013, 16381838, 0, 0
1112025, 12594484, 0, 0
1113052, 15111688, 0, 0
1114055, 18735388, 0, 0
1115000, 14026683, 0, 0
1116024, 11516144, 0, 0
1117050, 11449929, 0, 0
1118011, 12983046, 0, 0
1119032, 11866892, 0, 0
1120046, 17933390, 0, 0
1121012, 10835136, 0, 0
1122046, 11759067, 0, 0
1123042, 13327581, 0, 0
1124013, 7577113, 0, 0
1125024, 9768441, 0, 0
1126067, 12919567, 0, 0
1127000, 14743018, 0, 0
1128013, 8276932, 0, 0
1129027, 6585612, 0, 0
1130020, 9309494, 0, 0
1131017, 6704989, 0, 0
1132028, 5937665, 0, 0
1133050, 6295525, 0, 0
1134079, 8541326, 0, 0
1135034, 5145530, 0, 0
1136019, 4310379, 0, 0
1137000, 4547077, 0, 0
1138032, 3300377, 0, 0
1139012, 3943536, 0, 0
1140000, 3120723, 0, 0
1141000, 2025828, 0, 0
1142010, 2289947, 0, 0
1143027, 1653259, 0, 0
1144000, 1317751, 0, 0
1145000, 1003592, 0, 0
1146000, 600731, 0, 0
1147000, 597000, 0, 0
1148000, 591303, 0, 0
1149000, 595124, 0, 0
1150000, 595607, 0, 0
1151000, 599293, 0, 0
1152000, 596084, 0, 0
1153000, 596803, 0, 0
1154002, 597967, 0, 0
1155000, 598810, 0, 0
1156000, 597523, 0, 0
1157000, 594724, 0, 0
1158000, 596209, 0, 0
1159000, 594840, 0, 0
1160000, 594072, 0, 0
1161000, 597910, 0, 0
1162000, 594773, 0, 0
1163000, 593787, 0, 0
1164000, 593134, 0, 0
1165000, 592685, 0, 0
1166000, 599150, 0, 0
1167000, 598315, 0, 0
1168000, 600565, 0, 0
1169000, 598288, 0, 0
1170000, 600351, 0, 0
1171000, 598553, 0, 0
1172000, 602435, 0, 0
1173000, 606570, 0, 0
1174000, 600924, 0, 0
1175000, 601500, 0, 0
1176000, 600848, 0, 0
1177000, 599505, 0, 0
1178000, 600265, 0, 0
1179000, 600363, 0, 0
1180000, 602125, 0, 0
1181000, 598502, 0, 0
1182000, 597207, 0, 0
1183000, 598764, 0, 0
1184000, 597735, 0, 0
1185000, 601504, 0, 0
1186000, 601793, 0, 0
1187000, 604913, 0, 0
1188000, 604123, 0, 0
1189000, 602832, 0, 0
1190000, 604090, 0, 0
1191000, 603167, 0, 0
1192000, 604647, 0, 0
1193000, 603629, 0, 0
1194000, 602799, 0, 0
1195000, 603275, 0, 0
1196000, 602087, 0, 0
1197000, 601446, 0, 0
1198047, 713377, 0, 0
1199000, 634750, 0, 0
1200000, 597908, 0, 0
1201000, 592182, 0, 0
1202000, 593499, 0, 0
1203000, 593343, 0, 0
1204000, 594702, 0, 0
1205000, 594966, 0, 0
1206000, 597062, 0, 0
1207000, 596207, 0, 0
1208000, 594252, 0, 0
1209000, 597870, 0, 0
1210000, 598042, 0, 0
1211000, 595371, 0, 0
1212000, 596243, 0, 0
1213000, 597902, 0, 0
1214000, 597927, 0, 0
1215000, 591915, 0, 0
1216000, 594985, 0, 0
1217000, 596687, 0, 0
1218000, 592245, 0, 0
1219000, 595215, 0, 0
1220000, 594187, 0, 0
1221000, 597468, 0, 0
1222000, 595185, 0, 0
1223000, 597453, 0, 0
1224000, 599604, 0, 0
1225000, 598920, 0, 0
1226000, 599009, 0, 0
1227000, 596654, 0, 0
1228000, 594463, 0, 0
1229000, 593862, 0, 0
1230000, 594688, 0, 0
1231000, 595190, 0, 0
1232000, 592204, 0, 0
1233000, 593762, 0, 0
1234000, 592668, 0, 0
1235000, 594828, 0, 0
1236000, 595406, 0, 0
1237000, 596461, 0, 0
1238000, 597183, 0, 0
1239000, 606483, 0, 0
1240000, 591012, 0, 0
1241000, 592742, 0, 0
1242000, 592748, 0, 0
1243000, 590483, 0, 0
1244000, 591483, 0, 0
1245000, 594729, 0, 0
1246000, 596142, 0, 0
1247000, 593733, 0, 0
1248000, 592209, 0, 0
1249000, 594985, 0, 0
1250000, 594313, 0, 0
1251000, 591488, 0, 0
1252000, 594016, 0, 0
1253000, 606457, 0, 0
1254000, 593899, 0, 0
1255000, 596700, 0, 0
1256000, 592935, 0, 0
1257000, 589513, 0, 0
1258000, 594809, 0, 0
1259000, 591574, 0, 0
1260000, 593676, 0, 0
1261000, 761721, 0, 0
1262000, 582944, 0, 0
1263000, 587070, 0, 0
1264000, 591907, 0, 0
1265000, 590915, 0, 0
1266000, 591830, 0, 0
1267000, 593669, 0, 0
1268000, 588691, 0, 0
1269000, 588082, 0, 0
1270000, 588150, 0, 0
1271000, 589883, 0, 0
1272000, 589048, 0, 0
1273000, 630328, 0, 0
1274000, 590319, 0, 0
1275000, 589832, 0, 0
1276000, 592333, 0, 0
1277000, 590200, 0, 0
1278000, 586432, 0, 0
1279000, 587152, 0, 0
1280000, 590437, 0, 0
1281000, 587399, 0, 0
1282000, 586531, 0, 0
1283000, 588653, 0, 0
1284000, 585949, 0, 0
1285000, 591844, 0, 0
1286000, 591273, 0, 0
1287000, 592080, 0, 0
1288000, 593184, 0, 0
1289000, 598459, 0, 0
1290000, 594746, 0, 0
1291000, 594761, 0, 0
1292000, 597203, 0, 0
1293000, 596603, 0, 0
1294000, 591313, 0, 0
1295000, 595163, 0, 0
1296000, 596801, 0, 0
1297000, 592579, 0, 0
1298000, 592781, 0, 0
1299000, 600256, 0, 0
1300000, 591022, 0, 0
1301000, 592399, 0, 0
1302000, 593504, 0, 0
1303000, 592207, 0, 0
1304000, 596483, 0, 0
1305000, 594222, 0, 0
1306000, 593198, 0, 0
1307000, 592346, 0, 0
1308000, 589292, 0, 0
1309000, 590422, 0, 0
1310000, 591442, 0, 0
1311000, 589784, 0, 0
1312000, 590953, 0, 0
1313000, 594454, 0, 0
1314000, 592041, 0, 0
1315000, 593183, 0, 0
1316000, 592412, 0, 0
1317000, 593778, 0, 0
1318000, 593741, 0, 0
1319000, 594365, 0, 0
1320000, 596564, 0, 0
1321000, 591872, 0, 0
1322000, 596030, 0, 0
1323079, 597143, 0, 0
1324000, 731022, 0, 0
1325000, 595893, 0, 0
1326000, 595307, 0, 0
1327000, 599063, 0, 0
1328000, 600149, 0, 0
1329000, 598145, 0, 0
1330000, 594415, 0, 0
1331000, 591688, 0, 0
1332000, 593500, 0, 0
1333000, 594305, 0, 0
1334000, 595092, 0, 0
1335000, 596757, 0, 0
1336000, 593958, 0, 0
1337000, 589953, 0, 0
1338000, 592981, 0, 0
1339000, 591745, 0, 0
1340000, 590673, 0, 0
1341000, 587035, 0, 0
1342000, 588063, 0, 0
1343000, 593594, 0, 0
1344000, 593682, 0, 0
1345000, 585800, 0, 0
1346000, 588171, 0, 0
1347000, 589522, 0, 0
1348000, 589829, 0, 0
1349000, 589283, 0, 0
1350000, 587506, 0, 0
1351000, 592304, 0, 0
1352000, 592508, 0, 0
1353000, 591838, 0, 0
1354000, 587596, 0, 0
1355000, 589399, 0, 0
1356000, 594221, 0, 0
1357000, 595342, 0, 0
1358000, 590232, 0, 0
1359000, 595408, 0, 0
1360000, 595913, 0, 0
1361000, 593437, 0, 0
1362000, 588661, 0, 0
1363000, 589132, 0, 0
1364000, 594885, 0, 0
1365000, 596300, 0, 0
1366000, 592654, 0, 0
1367000, 590068, 0, 0
1368000, 589787, 0, 0
1369000, 595166, 0, 0
1370000, 597155, 0, 0
1371000, 591000, 0, 0
1372000, 593749, 0, 0
1373000, 593085, 0, 0
1374000, 595198, 0, 0
1375000, 607246, 0, 0
1376000, 594754, 0, 0
1377000, 592756, 0, 0
1378000, 592537, 0, 0
1379000, 592666, 0, 0
1380000, 602562, 0, 0
1381000, 594071, 0, 0
1382000, 595340, 0, 0
1383000, 595120, 0, 0
1384000, 596231, 0, 0
1385000, 593212, 0, 0
1386000, 738916, 0, 0
1387000, 588671, 0, 0
1388000, 589976, 0, 0
1389000, 589574, 0, 0
1390000, 589686, 0, 0
1391000, 586786, 0, 0
1392000, 587065, 0, 0
1393000, 590005, 0, 0
1394000, 591439, 0, 0
1395000, 594289, 0, 0
1396000, 588373, 0, 0
1397000, 586598, 0, 0
1398000, 588891, 0, 0
1399000, 592927, 0, 0
1400000, 591177, 0, 0
1401000, 591492, 0, 0
1402000, 590114, 0, 0
1403000, 593206, 0, 0
1404000, 590931, 0, 0
1405000, 597529, 0, 0
1406000, 588888, 0, 0
1407000, 588591, 0, 0
1408000, 588107, 0, 0
1409000, 586937, 0, 0
1410000, 591621, 0, 0
1411000, 587387, 0, 0
1412000, 592793, 0, 0
1413000, 594672, 0, 0
1414000, 590504, 0, 0
1415000, 596018, 0, 0
1416000, 594675, 0, 0
1417000, 591866, 0, 0
1418000, 591654, 0, 0
1419000, 594871, 0, 0
1420000, 590596, 0, 0
1421000, 593319, 0, 0
1422000, 591345, 0, 0
1423000, 592593, 0, 0
1424000, 591074, 0, 0
1425000, 591409, 0, 0
1426000, 591168, 0, 0
1427000, 592053, 0, 0
1428000, 586369, 0, 0
1429000, 585406, 0, 0
1430000, 590029, 0, 0
1431000, 588301, 0, 0
1432000, 588403, 0, 0
1433000, 589255, 0, 0
1434000, 588955, 0, 0
1435000, 592674, 0, 0
1436000, 590326, 0, 0
1437000, 587094, 0, 0
1438000, 589177, 0, 0
1439000, 586744, 0, 0
1440000, 591737, 0, 0
1441000, 587940, 0, 0
1442000, 590101, 0, 0
1443000, 590639, 0, 0
1444000, 593159, 0, 0
1445000, 589220, 0, 0
1446000, 591396, 0, 0
1447000, 589206, 0, 0
1448041, 591545, 0, 0
1449000, 690379, 0, 0
1450000, 586139, 0, 0
1451000, 586957, 0, 0
1452000, 588788, 0, 0
1453000, 592054, 0, 0
1454000, 602751, 0, 0
1455000, 593606, 0, 0
1456000, 598573, 0, 0
1457000, 591414, 0, 0
1458000, 591937, 0, 0
1459000, 593366, 0, 0
1460000, 594411, 0, 0
1461000, 596537, 0, 0
1462000, 594252, 0, 0
1463000, 595375, 0, 0
1464000, 592068, 0, 0
1465000, 591944, 0, 0
1466000, 595456, 0, 0
1467000, 590762, 0, 0
1468000, 590587, 0, 0
1469000, 592249, 0, 0
1470000, 593832, 0, 0
1471000, 596420, 0, 0
1472000, 596681, 0, 0
1473000, 602626, 0, 0
1474000, 591428, 0, 0
1475000, 591380, 0, 0
1476000, 593355, 0, 0
1477000, 592864, 0, 0
1478000, 588546, 0, 0
1479000, 587576, 0, 0
1480000, 590220, 0, 0
1481000, 591821, 0, 0
1482000, 589222, 0, 0
1483000, 591433, 0, 0
1484000, 595270, 0, 0
1485000, 591403, 0, 0
1486000, 591261, 0, 0
1487000, 589092, 0, 0
1488000, 593752, 0, 0
1489000, 588787, 0, 0
1490000, 591592, 0, 0
1491000, 590583, 0, 0
1492000, 589131, 0, 0
1493000, 594457, 0, 0
1494000, 592893, 0, 0
1495000, 588341, 0, 0
1496000, 589800, 0, 0
1497000, 593721, 0, 0
1498000, 588687, 0, 0
1499000, 589838, 0, 0
1500000, 595616, 0, 0
1501000, 587960, 0, 0
1502000, 582988, 0, 0
1503000, 586376, 0, 0
1504000, 586271, 0, 0
1505000, 593326, 0, 0
1506000, 590843, 0, 0
1507000, 593323, 0, 0
1508000, 593579, 0, 0
1509000, 593429, 0, 0
1510000, 591856, 0, 0
1511000, 709970, 0, 0
1512000, 595533, 0, 0
1513000, 595587, 0, 0
1514000, 592398, 0, 0
1515000, 594593, 0, 0
1516000, 592094, 0, 0
1517000, 588178, 0, 0
1518000, 591485, 0, 0
1519000, 591122, 0, 0
1520000, 591942, 0, 0
1521000, 591789, 0, 0
1522000, 593435, 0, 0
1523000, 594470, 0, 0
1524000, 595207, 0, 0
1525000, 590324, 0, 0
1526000, 592650, 0, 0
1527000, 595225, 0, 0
1528000, 592113, 0, 0
1529000, 594878, 0, 0
1530000, 592770, 0, 0
1531000, 601070, 0, 0
1532000, 595398, 0, 0
1533000, 593013, 0, 0
1534000, 595678, 0, 0
1535000, 594840, 0, 0
1536000, 592294, 0, 0
1537000, 596092, 0, 0
1538000, 595027, 0, 0
1539000, 596403, 0, 0
1540000, 590153, 0, 0
1541000, 589112, 0, 0
1542000, 585986, 0, 0
1543000, 589765, 0, 0
1544000, 592469, 0, 0
1545000, 590447, 0, 0
1546000, 589396, 0, 0
1547000, 589010, 0, 0
1548000, 589437, 0, 0
1549000, 592093, 0, 0
1550000, 591113, 0, 0
1551000, 590911, 0, 0
1552000, 590561, 0, 0
1553000, 589298, 0, 0
1554000, 589735, 0, 0
1555000, 596246, 0, 0
1556000, 588932, 0, 0
1557000, 586944, 0, 0
1558000, 588126, 0, 0
1559000, 586386, 0, 0
1560000, 590931, 0, 0
1561000, 588777, 0, 0
1562000, 591036, 0, 0
1563000, 593339, 0, 0
1564000, 594110, 0, 0
1565000, 592976, 0, 0
1566000, 593158, 0, 0
1567000, 589205, 0, 0
1568000, 591090, 0, 0
1569000, 590183, 0, 0
1570000, 591523, 0, 0
1571000, 589013, 0, 0
1572000, 588861, 0, 0
1573030, 586441, 0, 0
1574000, 687327, 0, 0
1575000, 587871, 0, 0
1576000, 591029, 0, 0
1577000, 586944, 0, 0
1578000, 591334, 0, 0
1579000, 590151, 0, 0
1580000, 589720, 0, 0
1581000, 588415, 0, 0
1582000, 589177, 0, 0
1583000, 592915, 0, 0
1584000, 587604, 0, 0
1585000, 595019, 0, 0
1586000, 591355, 0, 0
1587000, 595644, 0, 0
1588000, 591978, 0, 0
1589000, 587580, 0, 0
1590000, 590794, 0, 0
1591000, 592537, 0, 0
1592000, 587640, 0, 0
1593000, 588142, 0, 0
1594000, 587503, 0, 0
1595000, 591304, 0, 0
1596000, 593085, 0, 0
1597000, 589498, 0, 0
1598000, 589740, 0, 0
1599000, 586230, 0, 0
1600000, 594291, 0, 0
1601000, 588575, 0, 0
1602000, 588168, 0, 0
1603000, 590580, 0, 0
1604000, 589574, 0, 0
1605000, 592657, 0, 0
1606000, 599062, 0, 0
1607000, 594464, 0, 0
1608000, 595068, 0, 0
1609000, 591770, 0, 0
1610000, 601387, 0, 0
1611000, 594378, 0, 0
1612000, 589890, 0, 0
1613000, 592729, 0, 0
1614000, 597371, 0, 0
1615000, 593694, 0, 0
1616000, 591817, 0, 0
1617000, 595610, 0, 0
1618000, 592583, 0, 0
1619000, 592639, 0, 0
1620000, 592063, 0, 0
1621000, 595468, 0, 0
1622000, 591305, 0, 0
1623000, 593784, 0, 0
1624000, 598489, 0, 0
1625000, 596486, 0, 0
1626000, 598164, 0, 0
1627000, 597845, 0, 0
1628000, 595043, 0, 0
1629000, 593785, 0, 0
1630000, 593370, 0, 0
1631000, 596217, 0, 0
1632000, 596781, 0, 0
1633000, 597704, 0, 0
1634000, 596841, 0, 0
1635000, 597942, 0, 0
1636000, 724053, 0, 0
1637000, 595119, 0, 0
1638000, 590639, 0, 0
1639000, 601288, 0, 0
1640000, 595109, 0, 0
1641000, 592794, 0, 0
1642000, 591756, 0, 0
1643000, 594796, 0, 0
1644000, 591675, 0, 0
1645000, 591287, 0, 0
1646000, 592120, 0, 0
1647000, 594546, 0, 0
1648000, 589703, 0, 0
1649000, 590117, 0, 0
1650000, 593775, 0, 0
1651000, 588683, 0, 0
1652000, 590667, 0, 0
1653000, 592131, 0, 0
1654000, 588507, 0, 0
1655000, 591195, 0, 0
1656000, 592475, 0, 0
1657000, 589446, 0, 0
1658000, 590144, 0, 0
1659000, 589275, 0, 0
1660000, 593194, 0, 0
1661000, 591583, 0, 0
1662000, 593431, 0, 0
1663000, 593537, 0, 0
1664000, 591155, 0, 0
1665000, 585992, 0, 0
1666000, 588916, 0, 0
1667000, 587224, 0, 0
1668000, 589112, 0, 0
1669000, 587241, 0, 0
1670000, 589278, 0, 0
1671000, 601837, 0, 0
1672000, 589792, 0, 0
1673000, 592712, 0, 0
1674000, 593192, 0, 0
1675000, 591763, 0, 0
1676000, 590338, 0, 0
1677000, 591032, 0, 0
1678000, 592124, 0, 0
1679000, 592550, 0, 0
1680000, 590974, 0, 0
1681000, 588106, 0, 0
1682000, 591800, 0, 0
1683000, 595385, 0, 0
1684000, 599832, 0, 0
1685000, 590522, 0, 0
1686000, 592408, 0, 0
1687000, 592414, 0, 0
1688000, 592801, 0, 0
1689000, 589842, 0, 0
1690000, 592255, 0, 0
1691000, 591702, 0, 0
1692000, 592204, 0, 0
1693000, 594177, 0, 0
1694000, 587582, 0, 0
1695000, 588995, 0, 0
1696000, 592491, 0, 0
1697000, 596137, 0, 0
1698000, 589903, 0, 0
1699000, 712958, 0, 0
1700000, 587597, 0, 0
1701000, 585183, 0, 0
1702000, 587100, 0, 0
1703000, 591129, 0, 0
1704000, 590296, 0, 0
1705000, 598728, 0, 0
1706000, 587951, 0, 0
1707000, 594859, 0, 0
1708000, 589797, 0, 0
1709000, 588856, 0, 0
1710000, 591485, 0, 0
1711000, 588954, 0, 0
1712000, 589699, 0, 0
1713000, 592141, 0, 0
1714000, 592627, 0, 0
1715000, 587743, 0, 0
1716000, 584168, 0, 0
1717000, 591063, 0, 0
1718000, 583760, 0, 0
1719000, 585324, 0, 0
1720000, 586116, 0, 0
1721000, 585591, 0, 0
1722000, 584764, 0, 0
1723000, 585230, 0, 0
1724000, 588898, 0, 0
1725000, 589570, 0, 0
1726000, 590723, 0, 0
1727000, 587841, 0, 0
1728000, 586634, 0, 0
1729000, 590253, 0, 0
1730000, 590737, 0, 0
1731000, 588150, 0, 0
1732000, 587798, 0, 0
1733000, 587619, 0, 0
1734000, 590726, 0, 0
1735000, 589217, 0, 0
1736000, 595588, 0, 0
1737000, 594704, 0, 0
1738000, 588224, 0, 0
1739000, 587604, 0, 0
1740000, 586457, 0, 0
1741000, 590450, 0, 0
1742000, 586325, 0, 0
1743000, 590341, 0, 0
1744000, 589699, 0, 0
1745000, 587084, 0, 0
1746000, 587030, 0, 0
1747000, 595579, 0, 0
1748000, 588931, 0, 0
1749000, 589428, 0, 0
1750000, 590856, 0, 0
1751000, 588089, 0, 0
1752000, 585702, 0, 0
1753000, 590790, 0, 0
1754000, 591978, 0, 0
1755000, 587534, 0, 0
1756000, 585643, 0, 0
1757000, 585011, 0, 0
1758000, 586884, 0, 0
1759000, 586495, 0, 0
1760000, 588789, 0, 0
1761000, 670033, 0, 0
1762000, 613401, 0, 0
1763000, 589615, 0, 0
1764000, 593307, 0, 0
1765000, 591846, 0, 0
1766000, 590514, 0, 0
1767000, 589463, 0, 0
1768000, 591066, 0, 0
1769000, 596127, 0, 0
1770000, 586674, 0, 0
1771000, 590642, 0, 0
1772000, 590568, 0, 0
1773000, 589514, 0, 0
1774000, 592000, 0, 0
1775000, 589544, 0, 0
1776000, 595950, 0, 0
1777000, 594771, 0, 0
1778000, 589685, 0, 0
1779000, 590837, 0, 0
1780000, 590503, 0, 0
1781000, 590830, 0, 0
1782000, 588630, 0, 0
1783000, 593204, 0, 0
1784000, 591615, 0, 0
1785000, 589534, 0, 0
1786000, 588282, 0, 0
1787000, 591911, 0, 0
1788000, 589986, 0, 0
1789000, 585080, 0, 0
1790000, 586307, 0, 0
1791000, 593049, 0, 0
1792000, 587715, 0, 0
1793000, 587198, 0, 0
1794000, 589885, 0, 0
1795000, 587940, 0, 0
1796000, 589352, 0, 0
1797000, 587772, 0, 0
1798000, 585512, 0, 0
1799000, 592181, 0, 0
1800000, 591742, 0, 0
1801000, 592107, 0, 0
1802000, 587550, 0, 0
1803000, 591134, 0, 0
1804000, 587330, 0, 0
1805000, 590353, 0, 0
1806000, 593624, 0, 0
1807000, 593384, 0, 0
1808000, 589714, 0, 0
1809000, 589303, 0, 0
1810000, 588578, 0, 0
1811000, 592048, 0, 0
1812000, 588692, 0, 0
1813000, 587509, 0, 0
1814000, 586289, 0, 0
1815000, 592684, 0, 0
1816000, 586751, 0, 0
1817000, 590274, 0, 0
1818000, 587945, 0, 0
1819000, 593745, 0, 0
1820000, 593975, 0, 0
1821000, 589849, 0, 0
1822000, 587538, 0, 0
1823000, 592106, 0, 0
1824000, 705384, 0, 0
1825000, 577494, 0, 0
1826000, 585969, 0, 0
1827000, 589778, 0, 0
1828000, 589341, 0, 0
1829000, 587993, 0, 0
1830000, 598061, 0, 0
1831000, 592217, 0, 0
1832000, 592640, 0, 0
1833000, 591460, 0, 0
1834000, 585358, 0, 0
1835000, 588715, 0, 0
1836000, 588142, 0, 0
1837000, 589267, 0, 0
1838000, 587391, 0, 0
1839000, 590938, 0, 0
1840000, 584789, 0, 0
1841000, 588854, 0, 0
1842000, 592290, 0, 0
1843000, 590912, 0, 0
1844000, 590351, 0, 0
1845000, 595571, 0, 0
1846000, 589696, 0, 0
1847000, 584478, 0, 0
1848000, 584760, 0, 0
1849000, 589872, 0, 0
1850000, 587384, 0, 0
1851000, 590195, 0, 0
1852000, 587005, 0, 0
1853000, 586033, 0, 0
1854000, 591559, 0, 0
1855000, 588493, 0, 0
1856000, 585607, 0, 0
1857000, 589925, 0, 0
1858000, 584500, 0, 0
1859000, 591564, 0, 0
1860000, 588564, 0, 0
1861000, 592298, 0, 0
1862000, 591200, 0, 0
1863000, 587396, 0, 0
1864000, 587923, 0, 0
1865000, 590631, 0, 0
1866000, 588042, 0, 0
1867000, 592347, 0, 0
1868000, 590394, 0, 0
1869000, 595936, 0, 0
1870000, 596989, 0, 0
1871000, 592845, 0, 0
1872000, 632614, 0, 0
1873000, 590589, 0, 0
1874000, 590095, 0, 0
1875000, 591149, 0, 0
1876000, 589793, 0, 0
1877000, 593378, 0, 0
1878000, 591582, 0, 0
1879000, 589351, 0, 0
1880000, 593015, 0, 0
1881000, 592694, 0, 0
1882000, 590250, 0, 0
1883000, 597147, 0, 0
1884000, 591870, 0, 0
1885000, 594737, 0, 0
1886000, 590404, 0, 0
1887000, 715763, 0, 0
1888000, 590397, 0, 0
1889000, 593905, 0, 0
1890000, 593912, 0, 0
1891000, 596897, 0, 0
1892000, 598224, 0, 0
1893000, 601255, 0, 0
1894000, 592610, 0, 0
1895000, 590878, 0, 0
1896000, 594681, 0, 0
1897000, 598861, 0, 0
1898000, 593996, 0, 0
1899000, 596288, 0, 0
1900000, 596486, 0, 0
1901000, 595047, 0, 0
1902000, 595370, 0, 0
1903000, 594913, 0, 0
1904000, 590233, 0, 0
1905000, 596441, 0, 0
1906000, 590797, 0, 0
1907000, 591916, 0, 0
1908000, 593199, 0, 0
1909000, 596056, 0, 0
1910000, 591765, 0, 0
1911000, 590848, 0, 0
1912000, 595441, 0, 0
1913000, 591200, 0, 0
1914000, 594244, 0, 0
1915000, 592407, 0, 0
1916000, 595644, 0, 0
1917000, 597173, 0, 0
1918000, 594191, 0, 0
1919000, 591275, 0, 0
1920000, 597813, 0, 0
1921000, 592513, 0, 0
1922000, 588931, 0, 0
1923000, 599188, 0, 0
1924000, 597056, 0, 0
1925000, 599966, 0, 0
1926000, 595339, 0, 0
1927000, 595362, 0, 0
1928000, 597755, 0, 0
1929000, 595129, 0, 0
1930000, 597619, 0, 0
1931000, 595157, 0, 0
1932000, 594249, 0, 0
1933000, 597554, 0, 0
1934000, 595467, 0, 0
1935000, 600460, 0, 0
1936000, 599661, 0, 0
1937000, 600031, 0, 0
1938000, 602680, 0, 0
1939000, 596434, 0, 0
1940000, 632523, 0, 0
1941000, 598543, 0, 0
1942000, 593400, 0, 0
1943000, 590548, 0, 0
1944000, 595368, 0, 0
1945000, 593518, 0, 0
1946000, 595179, 0, 0
1947000, 594189, 0, 0
1948000, 595034, 0, 0
1949000, 731239, 0, 0
1950000, 594281, 0, 0
1951000, 595957, 0, 0
1952000, 595247, 0, 0
1953000, 598226, 0, 0
1954000, 599173, 0, 0
1955000, 601075, 0, 0
1956000, 595643, 0, 0
1957000, 600164, 0, 0
1958000, 597140, 0, 0
1959000, 596970, 0, 0
1960000, 594839, 0, 0
1961000, 595320, 0, 0
1962000, 597123, 0, 0
1963000, 594952, 0, 0
1964000, 598960, 0, 0
1965000, 599988, 0, 0
1966000, 598720, 0, 0
1967000, 599081, 0, 0
1968000, 599741, 0, 0
1969000, 595198, 0, 0
1970000, 601930, 0, 0
1971000, 596743, 0, 0
1972000, 600651, 0, 0
1973000, 596239, 0, 0
1974000, 597645, 0, 0
1975000, 596015, 0, 0
1976000, 597650, 0, 0
1977000, 599728, 0, 0
1978000, 596581, 0, 0
1979000, 600117, 0, 0
1980000, 600395, 0, 0
1981000, 599935, 0, 0
1982000, 596625, 0, 0
1983000, 601270, 0, 0
1984000, 595932, 0, 0
1985000, 598179, 0, 0
1986000, 596546, 0, 0
1987000, 600359, 0, 0
1988000, 601133, 0, 0
1989000, 599114, 0, 0
1990000, 598412, 0, 0
1991000, 597662, 0, 0
1992000, 600437, 0, 0
1993000, 601077, 0, 0
1994000, 600559, 0, 0
1995000, 597889, 0, 0
1996000, 594817, 0, 0
1997000, 598872, 0, 0
1998000, 600302, 0, 0
1999000, 596030, 0, 0
2000000, 597977, 0, 0
2001000, 601364, 0, 0
2002000, 595491, 0, 0
2003000, 597631, 0, 0
2004000, 598210, 0, 0
2005000, 597618, 0, 0
2006000, 596689, 0, 0
2007000, 596180, 0, 0
2008000, 598118, 0, 0
2009000, 595094, 0, 0
2010000, 596518, 0, 0
2011000, 601389, 0, 0
2012000, 732762, 0, 0
2013000, 596082, 0, 0
2014000, 592492, 0, 0
2015000, 593111, 0, 0
2016000, 591945, 0, 0
2017000, 596799, 0, 0
2018000, 596666, 0, 0
2019000, 592949, 0, 0
2020000, 595427, 0, 0
2021000, 592357, 0, 0
2022000, 594505, 0, 0
2023000, 595457, 0, 0
2024000, 595632, 0, 0
2025000, 609467, 0, 0
2026000, 591287, 0, 0
2027000, 595836, 0, 0
2028000, 598687, 0, 0
2029000, 597241, 0, 0
2030000, 595209, 0, 0
2031000, 591909, 0, 0
2032000, 594654, 0, 0
2033000, 592832, 0, 0
2034000, 592849, 0, 0
2035000, 592790, 0, 0
2036000, 589139, 0, 0
2037000, 590641, 0, 0
2038000, 596309, 0, 0
2039000, 590697, 0, 0
2040000, 590164, 0, 0
2041000, 592701, 0, 0
2042000, 593785, 0, 0
2043000, 593972, 0, 0
2044000, 592399, 0, 0
2045000, 592267, 0, 0
2046000, 591065, 0, 0
2047000, 595205, 0, 0
2048000, 591617, 0, 0
2049000, 594549, 0, 0
2050000, 593114, 0, 0
2051000, 596277, 0, 0
2052000, 596575, 0, 0
2053000, 593762, 0, 0
2054000, 596459, 0, 0
2055000, 592365, 0, 0
2056000, 591247, 0, 0
2057000, 593701, 0, 0
2058000, 594472, 0, 0
2059000, 595954, 0, 0
2060000, 596408, 0, 0
2061000, 594562, 0, 0
2062000, 594717, 0, 0
2063000, 594638, 0, 0
2064000, 593417, 0, 0
2065000, 596669, 0, 0
2066000, 594611, 0, 0
2067000, 602173, 0, 0
2068000, 595420, 0, 0
2069000, 592218, 0, 0
2070000, 594856, 0, 0
2071000, 591376, 0, 0
2072000, 587668, 0, 0
2073000, 594787, 0, 0
2074000, 677465, 0, 0
2075000, 631386, 0, 0
2076000, 594905, 0, 0
2077000, 593807, 0, 0
2078000, 595465, 0, 0
2079000, 591872, 0, 0
2080000, 588852, 0, 0
2081000, 593426, 0, 0
2082000, 593371, 0, 0
2083000, 594434, 0, 0
2084000, 593527, 0, 0
2085000, 593281, 0, 0
2086000, 597400, 0, 0
2087000, 592594, 0, 0
2088000, 595028, 0, 0
2089000, 597186, 0, 0
2090000, 594901, 0, 0
2091000, 593597, 0, 0
2092000, 590659, 0, 0
2093000, 596503, 0, 0
2094000, 593770, 0, 0
2095000, 596917, 0, 0
2096000, 594217, 0, 0
2097000, 591849, 0, 0
2098000, 595599, 0, 0
2099000, 589776, 0, 0
2100000, 597345, 0, 0
2101000, 594032, 0, 0
2102000, 592805, 0, 0
2103000, 590612, 0, 0
2104000, 589904, 0, 0
2105000, 592494, 0, 0
2106000, 590951, 0, 0
2107000, 589931, 0, 0
2108000, 596657, 0, 0
2109000, 595275, 0, 0
2110000, 590271, 0, 0
2111000, 591425, 0, 0
2112000, 592924, 0, 0
2113000, 596890, 0, 0
2114000, 592870, 0, 0
2115000, 591968, 0, 0
2116000, 595925, 0, 0
2117000, 593947, 0, 0
2118000, 596360, 0, 0
2119000, 596339, 0, 0
2120000, 601331, 0, 0
2121000, 596327, 0, 0
2122000, 593842, 0, 0
2123000, 593501, 0, 0
2124000, 597550, 0, 0
2125000, 597098, 0, 0
2126000, 593227, 0, 0
2127000, 598626, 0, 0
2128000, 599262, 0, 0
2129000, 591363, 0, 0
2130000, 592881, 0, 0
2131000, 593074, 0, 0
2132000, 605283, 0, 0
2133000, 590913, 0, 0
2134000, 599809, 0, 0
2135000, 590369, 0, 0
2136000, 593082, 0, 0
2137000, 682356, 0, 0
2138000, 627210, 0, 0
2139000, 588394, 0, 0
2140000, 592231, 0, 0
2141000, 592968, 0, 0
2142000, 590641, 0, 0
2143000, 589464, 0, 0
2144000, 592728, 0, 0
2145000, 593349, 0, 0
2146000, 593171, 0, 0
2147000, 595418, 0, 0
2148000, 594632, 0, 0
2149000, 591286, 0, 0
2150000, 591683, 0, 0
2151000, 594542, 0, 0
2152000, 593150, 0, 0
2153000, 592380, 0, 0
2154000, 596049, 0, 0
2155000, 592762, 0, 0
2156000, 594801, 0, 0
2157000, 593768, 0, 0
2158000, 592753, 0, 0
2159000, 592887, 0, 0
2160000, 596732, 0, 0
2161000, 591310, 0, 0
2162000, 591040, 0, 0
2163000, 591383, 0, 0
2164000, 594484, 0, 0
2165000, 595673, 0, 0
2166000, 593463, 0, 0
2167000, 593582, 0, 0
2168000, 594892, 0, 0
2169000, 596036, 0, 0
2170000, 601565, 0, 0
2171000, 599805, 0, 0
2172000, 593818, 0, 0
2173000, 591887, 0, 0
2174000, 596143, 0, 0
2175000, 600121, 0, 0
2176000, 599965, 0, 0
2177000, 590346, 0, 0
2178000, 593580, 0, 0
2179000, 595648, 0, 0
2180000, 595548, 0, 0
2181000, 600346, 0, 0
2182000, 596547, 0, 0
2183000, 602975, 0, 0
2184000, 602995, 0, 0
2185000, 597935, 0, 0
2186000, 592766, 0, 0
2187000, 600440, 0, 0
2188000, 602174, 0, 0
2189000, 593073, 0, 0
2190000, 596822, 0, 0
2191000, 600241, 0, 0
2192000, 596409, 0, 0
2193000, 599419, 0, 0
2194000, 599250, 0, 0
2195000, 599726, 0, 0
2196000, 595833, 0, 0
2197000, 597297, 0, 0
2198000, 597230, 0, 0
2199000, 597233, 0, 0
2200000, 716364, 0, 0
2201000, 592546, 0, 0
2202000, 591345, 0, 0
2203000, 593823, 0, 0
2204000, 596112, 0, 0
2205000, 594541, 0, 0
2206000, 593661, 0, 0
2207000, 590741, 0, 0
2208000, 597794, 0, 0
2209000, 593531, 0, 0
2210000, 594427, 0, 0
2211000, 595244, 0, 0
2212000, 597433, 0, 0
2213000, 594478, 0, 0
2214000, 595058, 0, 0
2215000, 592574, 0, 0
2216000, 591012, 0, 0
2217000, 595375, 0, 0
2218000, 592105, 0, 0
2219000, 592467, 0, 0
2220000, 594664, 0, 0
2221000, 594671, 0, 0
2222000, 593029, 0, 0
2223000, 591658, 0, 0
2224000, 596590, 0, 0
2225000, 591777, 0, 0
2226000, 598295, 0, 0
2227000, 593962, 0, 0
2228000, 594287, 0, 0
2229000, 593838, 0, 0
2230000, 593753, 0, 0
2231000, 595172, 0, 0
2232000, 597603, 0, 0
2233000, 588903, 0, 0
2234000, 597474, 0, 0
2235000, 597524, 0, 0
2236000, 599429, 0, 0
2237000, 600012, 0, 0
2238000, 595693, 0, 0
2239000, 596746, 0, 0
2240000, 598393, 0, 0
2241000, 598236, 0, 0
2242000, 597753, 0, 0
2243000, 596535, 0, 0
2244000, 600049, 0, 0
2245000, 593350, 0, 0
2246000, 598386, 0, 0
2247000, 592281, 0, 0
2248000, 594441, 0, 0
2249000, 593084, 0, 0
2250000, 595370, 0, 0
2251000, 590739, 0, 0
2252000, 590937, 0, 0
2253000, 589804, 0, 0
2254000, 594121, 0, 0
2255000, 597748, 0, 0
2256000, 597904, 0, 0
2257000, 601891, 0, 0
2258000, 595225, 0, 0
2259000, 596653, 0, 0
2260000, 596728, 0, 0
2261000, 599715, 0, 0
2262000, 601024, 0, 0
2263000, 721281, 0, 0
2264000, 598376, 0, 0
2265000, 597557, 0, 0
2266000, 597662, 0, 0
2267000, 598335, 0, 0
2268000, 600204, 0, 0
2269000, 595327, 0, 0
2270000, 595721, 0, 0
2271000, 598968, 0, 0
2272000, 594912, 0, 0
2273000, 596406, 0, 0
2274000, 599530, 0, 0
2275000, 598099, 0, 0
2276000, 601473, 0, 0
2277000, 599368, 0, 0
2278000, 596210, 0, 0
2279000, 596619, 0, 0
2280000, 600397, 0, 0
2281000, 604795, 0, 0
2282000, 598156, 0, 0
2283000, 597649, 0, 0
2284000, 598004, 0, 0
2285000, 598402, 0, 0
2286000, 599335, 0, 0
2287000, 597216, 0, 0
2288000, 597308, 0, 0
2289000, 598858, 0, 0
2290000, 594550, 0, 0
2291000, 595486, 0, 0
2292000, 596397, 0, 0
2293000, 597272, 0, 0
2294000, 598658, 0, 0
2295000, 598717, 0, 0
2296000, 593873, 0, 0
2297000, 595288, 0, 0
2298000, 596451, 0, 0
2299000, 598960, 0, 0
2300000, 597584, 0, 0
2301000, 599944, 0, 0
2302000, 599231, 0, 0
2303000, 599620, 0, 0
2304000, 596588, 0, 0
2305000, 597808, 0, 0
2306000, 598661, 0, 0
2307000, 597666, 0, 0
2308000, 595571, 0, 0
2309000, 591318, 0, 0
2310000, 594819, 0, 0
2311000, 600096, 0, 0
2312000, 602751, 0, 0
2313000, 597420, 0, 0
2314000, 595251, 0, 0
2315000, 599126, 0, 0
2316000, 596964, 0, 0
2317000, 598243, 0, 0
2318000, 596447, 0, 0
2319000, 598703, 0, 0
2320000, 596211, 0, 0
2321000, 590246, 0, 0
2322000, 596083, 0, 0
2323000, 598963, 0, 0
2324000, 595847, 0, 0
2325000, 734869, 0, 0
2326000, 590261, 0, 0
2327000, 593951, 0, 0
2328000, 594823, 0, 0
2329000, 607429, 0, 0
2330000, 591823, 0, 0
2331000, 595053, 0, 0
2332000, 593725, 0, 0
2333000, 596679, 0, 0
2334000, 594832, 0, 0
2335000, 597390, 0, 0
2336000, 595985, 0, 0
2337000, 601581, 0, 0
2338000, 591986, 0, 0
2339000, 596444, 0, 0
2340000, 597142, 0, 0
2341000, 596370, 0, 0
2342000, 597811, 0, 0
2343000, 597110, 0, 0
2344000, 593082, 0, 0
2345000, 591696, 0, 0
2346000, 595322, 0, 0
2347000, 591364, 0, 0
2348000, 594423, 0, 0
2349000, 589268, 0, 0
2350000, 596441, 0, 0
2351000, 592080, 0, 0
2352000, 601626, 0, 0
2353000, 596309, 0, 0
2354000, 593118, 0, 0
2355000, 597230, 0, 0
2356000, 594920, 0, 0
2357000, 595975, 0, 0
2358000, 595930, 0, 0
2359000, 596266, 0, 0
2360000, 591750, 0, 0
2361000, 597554, 0, 0
2362000, 597879, 0, 0
2363000, 597462, 0, 0
2364000, 596497, 0, 0
2365000, 591314, 0, 0
2366000, 594674, 0, 0
2367000, 595384, 0, 0
2368000, 591434, 0, 0
2369000, 589033, 0, 0
2370000, 590792, 0, 0
2371000, 593731, 0, 0
2372000, 593745, 0, 0
2373000, 594812, 0, 0
2374000, 594111, 0, 0
2375000, 593674, 0, 0
2376000, 595108, 0, 0
2377000, 593533, 0, 0
2378000, 595737, 0, 0
2379000, 592338, 0, 0
2380000, 594799, 0, 0
2381000, 591432, 0, 0
2382000, 598761, 0, 0
2383000, 596927, 0, 0
2384000, 595755, 0, 0
2385000, 600097, 0, 0
2386000, 594674, 0, 0
2387000, 596700, 0, 0
2388000, 723172, 0, 0
2389000, 594997, 0, 0
2390000, 596298, 0, 0
2391000, 604562, 0, 0
2392000, 597115, 0, 0
2393000, 592034, 0, 0
2394000, 597399, 0, 0
2395000, 595777, 0, 0
2396000, 596582, 0, 0
2397000, 599149, 0, 0
2398000, 596440, 0, 0
2399000, 596597, 0, 0
2400000, 597088, 0, 0
2400001, 467057, 0, 0
