1030, 5197894, 0, 0
2032, 5685433, 0, 0
3005, 5254673, 0, 0
4033, 5833592, 0, 0
5023, 5619950, 0, 0
6056, 6108545, 0, 0
7028, 4927886, 0, 0
8054, 5196779, 0, 0
9007, 6031062, 0, 0
10020, 6884766, 0, 0
11043, 3531635, 0, 0
12026, 6136864, 0, 0
13010, 7228439, 0, 0
14051, 4620385, 0, 0
15050, 6049630, 0, 0
16044, 6245075, 0, 0
17050, 4610150, 0, 0
18009, 5013482, 0, 0
19063, 3372499, 0, 0
20013, 3487585, 0, 0
21054, 2392688, 0, 0
22006, 6943600, 0, 0
23017, 6513105, 0, 0
24047, 6594343, 0, 0
25021, 5830033, 0, 0
26023, 3182966, 0, 0
27000, 6061681, 0, 0
28001, 4443381, 0, 0
29083, 3334924, 0, 0
30053, 2112868, 0, 0
31041, 5447759, 0, 0
32039, 5482451, 0, 0
33011, 2920404, 0, 0
34011, 3502896, 0, 0
35049, 5286922, 0, 0
36020, 2753072, 0, 0
37047, 3796931, 0, 0
38033, 6523479, 0, 0
39024, 6228495, 0, 0
40020, 4828256, 0, 0
41021, 6291964, 0, 0
42013, 3573535, 0, 0
43018, 5149036, 0, 0
44036, 5649645, 0, 0
45021, 5290540, 0, 0
46059, 6168841, 0, 0
47012, 5876678, 0, 0
48015, 5139639, 0, 0
49031, 5516826, 0, 0
50030, 4534404, 0, 0
51043, 5188331, 0, 0
52022, 7296131, 0, 0
53058, 6018868, 0, 0
54063, 6043182, 0, 0
55015, 5170705, 0, 0
56040, 4895560, 0, 0
57046, 4694393, 0, 0
58003, 5496627, 0, 0
59041, 5426420, 0, 0
60010, 5150986, 0, 0
61003, 5799720, 0, 0
62005, 5919068, 0, 0
63022, 4597149, 0, 0
64027, 4801970, 0, 0
65001, 4990262, 0, 0
66043, 2741566, 0, 0
67012, 3407854, 0, 0
68012, 5043824, 0, 0
69047, 4739828, 0, 0
70002, 5022690, 0, 0
71055, 5232747, 0, 0
72018, 5589485, 0, 0
73047, 5679411, 0, 0
74040, 5391143, 0, 0
75002, 5586814, 0, 0
76039, 6168808, 0, 0
77026, 6010650, 0, 0
78050, 5089796, 0, 0
79015, 6379401, 0, 0
80029, 5446323, 0, 0
81037, 5531846, 0, 0
82002, 5739615, 0, 0
83015, 5557673, 0, 0
84048, 3042696, 0, 0
85040, 2937399, 0, 0
86001, 4821374, 0, 0
87043, 5816455, 0, 0
88000, 5365604, 0, 0
89007, 5323902, 0, 0
90020, 5528749, 0, 0
91047, 6580186, 0, 0
92056, 4935858, 0, 0
93054, 6272241, 0, 0
94013, 4648223, 0, 0
95012, 6012508, 0, 0
96029, 4838217, 0, 0
97024, 5549766, 0, 0
98052, 5160598, 0, 0
99013, 5133249, 0, 0
100051, 3311245, 0, 0
101053, 6177499, 0, 0
102023, 4865994, 0, 0
103032, 5039886, 0, 0
104019, 5448067, 0, 0
105051, 6213304, 0, 0
106034, 5987023, 0, 0
107062, 5935034, 0, 0
108022, 6308580, 0, 0
109000, 5088681, 0, 0
110037, 4793939, 0, 0
111056, 3354827, 0, 0
112002, 4795976, 0, 0
113021, 2808769, 0, 0
114008, 4835391, 0, 0
115014, 4876475, 0, 0
116043, 4803587, 0, 0
117031, 5163648, 0, 0
118030, 4355662, 0, 0
119038, 5034086, 0, 0
120057, 6169145, 0, 0
121009, 6140997, 0, 0
122032, 5706295, 0, 0
123039, 5266068, 0, 0
124032, 5606172, 0, 0
125033, 4734767, 0, 0
126056, 5349697, 0, 0
127018, 5655099, 0, 0
128036, 5213483, 0, 0
129007, 5736809, 0, 0
130049, 5628033, 0, 0
131066, 5579424, 0, 0
132032, 5481740, 0, 0
133034, 5006272, 0, 0
134008, 5203942, 0, 0
135028, 4524152, 0, 0
136006, 5341772, 0, 0
137051, 4921173, 0, 0
138010, 3147327, 0, 0
139074, 5187100, 0, 0
140043, 5657232, 0, 0
141048, 5287009, 0, 0
142053, 6352048, 0, 0
143051, 6347990, 0, 0
144030, 6271838, 0, 0
145058, 5767490, 0, 0
146018, 5270929, 0, 0
147036, 4455514, 0, 0
148062, 4618134, 0, 0
149021, 4605443, 0, 0
150048, 5023020, 0, 0
151032, 4329815, 0, 0
152038, 5554777, 0, 0
153012, 4419864, 0, 0
154060, 5081029, 0, 0
155005, 5245445, 0, 0
156035, 4872092, 0, 0
157050, 4568607, 0, 0
158022, 4977482, 0, 0
159062, 4876834, 0, 0
160049, 5030228, 0, 0
161026, 5055370, 0, 0
162020, 4531548, 0, 0
163007, 4321724, 0, 0
164013, 4117133, 0, 0
165046, 3876663, 0, 0
166010, 4648676, 0, 0
167013, 4938178, 0, 0
168036, 4684751, 0, 0
169033, 4784679, 0, 0
170047, 4646683, 0, 0
171050, 4594960, 0, 0
172003, 4780374, 0, 0
173026, 4937101, 0, 0
174061, 4291074, 0, 0
175003, 4609677, 0, 0
176042, 4377271, 0, 0
177015, 4625105, 0, 0
178056, 5845782, 0, 0
179037, 5235956, 0, 0
180018, 5702493, 0, 0
181022, 4988440, 0, 0
182004, 5697658, 0, 0
183009, 5312330, 0, 0
184062, 4677179, 0, 0
185019, 4925964, 0, 0
186033, 5687223, 0, 0
187062, 5525210, 0, 0
188018, 5650305, 0, 0
189044, 4974940, 0, 0
190003, 5070203, 0, 0
191031, 4518727, 0, 0
192025, 4206592, 0, 0
193000, 4705051, 0, 0
194013, 4127269, 0, 0
195043, 4395255, 0, 0
196028, 4557047, 0, 0
197053, 3890765, 0, 0
198011, 4069696, 0, 0
199013, 4610572, 0, 0
200062, 4896793, 0, 0
201039, 5000795, 0, 0
202002, 4219467, 0, 0
203056, 4635010, 0, 0
204020, 4608890, 0, 0
205009, 4572854, 0, 0
206041, 4768720, 0, 0
207000, 3955578, 0, 0
208058, 4556591, 0, 0
209052, 4965767, 0, 0
210043, 4972028, 0, 0
211034, 5051507, 0, 0
212002, 4077235, 0, 0
213035, 4207477, 0, 0
214031, 4715983, 0, 0
215012, 4261404, 0, 0
216032, 4544472, 0, 0
217031, 5144789, 0, 0
218011, 4510066, 0, 0
219108, 5560857, 0, 0
220026, 4205818, 0, 0
221040, 4217941, 0, 0
222035, 4398219, 0, 0
223051, 5540802, 0, 0
224003, 4755135, 0, 0
225004, 5558936, 0, 0
226044, 4921735, 0, 0
227051, 4953351, 0, 0
228005, 4986694, 0, 0
229000, 4664260, 0, 0
230055, 4995992, 0, 0
231022, 4782832, 0, 0
232049, 5128286, 0, 0
233018, 5203666, 0, 0
234039, 4855189, 0, 0
235067, 4774734, 0, 0
236031, 5037371, 0, 0
237062, 4459288, 0, 0
238050, 4673761, 0, 0
239002, 4425687, 0, 0
240007, 4382863, 0, 0
241050, 4568435, 0, 0
242024, 4301520, 0, 0
243058, 4319203, 0, 0
244057, 4475570, 0, 0
245001, 4246770, 0, 0
246026, 4871603, 0, 0
247034, 4938653, 0, 0
248034, 4709969, 0, 0
249020, 4823913, 0, 0
250046, 5127833, 0, 0
251006, 4356707, 0, 0
252026, 4918659, 0, 0
253043, 5077553, 0, 0
254014, 4850430, 0, 0
255042, 4936354, 0, 0
256032, 4557572, 0, 0
257011, 5117247, 0, 0
258020, 4601170, 0, 0
259025, 5285799, 0, 0
260041, 4877077, 0, 0
261034, 5329095, 0, 0
262037, 4413799, 0, 0
263033, 4481050, 0, 0
264037, 4536472, 0, 0
265000, 4272559, 0, 0
266002, 4857611, 0, 0
267021, 4780681, 0, 0
268002, 5208050, 0, 0
269009, 5351857, 0, 0
270055, 4926470, 0, 0
271031, 4824396, 0, 0
272045, 4757889, 0, 0
273007, 5055019, 0, 0
274002, 5256174, 0, 0
275002, 4874675, 0, 0
276038, 4595619, 0, 0
277001, 4832569, 0, 0
278061, 4643228, 0, 0
279014, 5010427, 0, 0
280026, 4372795, 0, 0
281033, 4451561, 0, 0
282043, 4274245, 0, 0
283014, 5047487, 0, 0
284006, 4566399, 0, 0
285004, 5113163, 0, 0
286000, 4878210, 0, 0
287053, 4549323, 0, 0
288006, 4713312, 0, 0
289023, 4248544, 0, 0
290065, 5104372, 0, 0
291026, 4522536, 0, 0
292057, 4658837, 0, 0
293016, 4938284, 0, 0
294044, 4688992, 0, 0
295016, 5166313, 0, 0
296028, 4531623, 0, 0
297034, 4387378, 0, 0
298038, 3927512, 0, 0
299006, 4435814, 0, 0
300033, 4794100, 0, 0
301007, 4744198, 0, 0
302054, 4233405, 0, 0
303039, 4078948, 0, 0
304010, 4730794, 0, 0
305040, 4510219, 0, 0
306003, 4181905, 0, 0
307050, 5100656, 0, 0
308053, 5035217, 0, 0
309021, 4583133, 0, 0
310010, 4488966, 0, 0
311013, 4511594, 0, 0
312104, 4537299, 0, 0
313014, 4640507, 0, 0
314001, 5054075, 0, 0
315029, 4403145, 0, 0
316000, 4179793, 0, 0
317056, 4527473, 0, 0
318012, 4483183, 0, 0
319018, 4803736, 0, 0
320008, 4434402, 0, 0
321050, 4229199, 0, 0
322001, 4482905, 0, 0
323016, 4629057, 0, 0
324006, 4594783, 0, 0
325041, 4324606, 0, 0
326050, 4938870, 0, 0
327057, 4353899, 0, 0
328002, 4474516, 0, 0
329040, 4248375, 0, 0
330014, 4460781, 0, 0
331001, 4649818, 0, 0
332052, 4771031, 0, 0
333019, 4469821, 0, 0
334024, 4756808, 0, 0
335019, 4897096, 0, 0
336016, 4927045, 0, 0
337002, 4925862, 0, 0
338016, 4287340, 0, 0
339003, 4928350, 0, 0
340038, 4853702, 0, 0
341018, 4823080, 0, 0
342038, 5199615, 0, 0
343019, 4639640, 0, 0
344000, 4279105, 0, 0
345022, 4793956, 0, 0
346046, 4627563, 0, 0
347058, 4228650, 0, 0
348023, 4674772, 0, 0
349023, 5402225, 0, 0
350015, 4501144, 0, 0
351080, 5088400, 0, 0
352007, 4897805, 0, 0
353019, 4320953, 0, 0
354040, 4356352, 0, 0
355046, 4273841, 0, 0
356031, 4968856, 0, 0
357035, 4938088, 0, 0
358011, 4710503, 0, 0
359014, 4885969, 0, 0
360048, 4450865, 0, 0
361000, 4802958, 0, 0
362031, 5626277, 0, 0
363023, 4879796, 0, 0
364011, 4586878, 0, 0
365035, 4916466, 0, 0
366031, 4606784, 0, 0
367009, 4883094, 0, 0
368011, 4813527, 0, 0
369054, 5342806, 0, 0
370011, 4614718, 0, 0
371011, 5123438, 0, 0
372064, 4845660, 0, 0
373045, 4600494, 0, 0
374018, 4763026, 0, 0
375036, 5029339, 0, 0
376044, 4863756, 0, 0
377019, 4992262, 0, 0
378054, 5094178, 0, 0
379004, 4767443, 0, 0
380051, 4604288, 0, 0
381054, 5246425, 0, 0
382011, 4803414, 0, 0
383020, 4987962, 0, 0
384064, 5036158, 0, 0
385059, 5021357, 0, 0
386046, 4692050, 0, 0
387028, 5163333, 0, 0
388012, 4793426, 0, 0
389032, 4467958, 0, 0
390005, 5196220, 0, 0
391044, 4893711, 0, 0
392020, 4872291, 0, 0
393033, 5325671, 0, 0
394017, 4891726, 0, 0
395015, 4613913, 0, 0
396011, 4539562, 0, 0
397026, 4526588, 0, 0
398047, 4765654, 0, 0
399012, 4994472, 0, 0
400053, 4831848, 0, 0
401005, 4708009, 0, 0
402022, 4981501, 0, 0
403021, 4964169, 0, 0
404050, 4585375, 0, 0
405029, 5120873, 0, 0
406010, 4685533, 0, 0
407018, 4337632, 0, 0
408035, 4793481, 0, 0
409050, 5249305, 0, 0
410037, 4834405, 0, 0
411049, 5054136, 0, 0
412006, 4441795, 0, 0
413008, 4859201, 0, 0
414047, 4847313, 0, 0
415022, 4595661, 0, 0
416014, 4586737, 0, 0
417038, 4731501, 0, 0
418015, 5112720, 0, 0
419025, 4921014, 0, 0
420029, 4577195, 0, 0
421015, 5470182, 0, 0
422061, 5356479, 0, 0
423018, 5087984, 0, 0
424030, 4928777, 0, 0
425003, 4883345, 0, 0
426024, 5045172, 0, 0
427052, 4777966, 0, 0
428049, 5325710, 0, 0
429003, 4215547, 0, 0
430044, 4835425, 0, 0
431005, 4632983, 0, 0
432052, 4690622, 0, 0
433009, 4683458, 0, 0
434007, 4679295, 0, 0
435002, 4872760, 0, 0
436037, 4968754, 0, 0
437050, 4557730, 0, 0
438043, 5388732, 0, 0
439058, 5042695, 0, 0
440012, 5296212, 0, 0
441064, 5305052, 0, 0
442011, 5058712, 0, 0
443039, 4501564, 0, 0
444038, 4939531, 0, 0
445012, 4815070, 0, 0
446008, 5078291, 0, 0
447029, 4808886, 0, 0
448040, 4948719, 0, 0
449051, 5806331, 0, 0
450009, 5403818, 0, 0
451013, 5170000, 0, 0
452053, 4947877, 0, 0
453001, 4853527, 0, 0
454051, 5138537, 0, 0
455031, 4869185, 0, 0
456002, 5026982, 0, 0
457051, 4532753, 0, 0
458027, 5387588, 0, 0
459031, 4796928, 0, 0
460020, 4706558, 0, 0
461045, 4989064, 0, 0
462045, 4626189, 0, 0
463014, 5864718, 0, 0
464018, 4496510, 0, 0
465041, 5464325, 0, 0
466035, 4840667, 0, 0
467021, 4560744, 0, 0
468036, 4756151, 0, 0
469034, 4888034, 0, 0
470059, 5332995, 0, 0
471055, 4668529, 0, 0
472020, 4301805, 0, 0
473024, 5305685, 0, 0
474046, 5131250, 0, 0
475008, 4595490, 0, 0
476017, 5170757, 0, 0
477052, 5040365, 0, 0
478035, 5059419, 0, 0
479067, 4771875, 0, 0
480039, 5165378, 0, 0
481000, 4659571, 0, 0
482013, 5135377, 0, 0
483049, 4900639, 0, 0
484057, 5725101, 0, 0
485031, 4606053, 0, 0
486053, 4979024, 0, 0
487053, 4921917, 0, 0
488038, 5177313, 0, 0
489007, 4522443, 0, 0
490053, 4835150, 0, 0
491049, 5102381, 0, 0
492052, 4725496, 0, 0
493043, 4435937, 0, 0
494022, 5147750, 0, 0
495033, 4952640, 0, 0
496002, 4540329, 0, 0
497037, 4946047, 0, 0
498042, 4668741, 0, 0
499008, 5272810, 0, 0
500045, 4562141, 0, 0
501001, 5049058, 0, 0
502011, 4713679, 0, 0
503052, 5561852, 0, 0
504031, 4568870, 0, 0
505057, 5097325, 0, 0
506003, 4699362, 0, 0
507024, 4674715, 0, 0
508015, 4854863, 0, 0
509026, 5023159, 0, 0
510033, 4955720, 0, 0
511006, 4761377, 0, 0
512030, 4848169, 0, 0
513006, 5356132, 0, 0
514061, 5017649, 0, 0
515037, 5025612, 0, 0
516032, 4687225, 0, 0
517039, 5524704, 0, 0
518026, 4647631, 0, 0
519006, 5128029, 0, 0
520032, 4787811, 0, 0
521050, 5133343, 0, 0
522017, 4854605, 0, 0
523003, 4578363, 0, 0
524040, 5177661, 0, 0
525047, 4656281, 0, 0
526023, 5104724, 0, 0
527000, 5447603, 0, 0
528039, 5463378, 0, 0
529026, 5084327, 0, 0
530016, 5286464, 0, 0
531037, 4924814, 0, 0
532047, 5338611, 0, 0
533015, 4833777, 0, 0
534037, 5234999, 0, 0
535040, 5412720, 0, 0
536049, 5332365, 0, 0
537002, 4665462, 0, 0
538037, 5068082, 0, 0
539043, 4829421, 0, 0
540009, 5130103, 0, 0
541045, 4929429, 0, 0
542015, 4993607, 0, 0
543049, 5108826, 0, 0
544040, 4852578, 0, 0
545011, 4949746, 0, 0
546042, 4996329, 0, 0
547029, 5084799, 0, 0
548019, 4431597, 0, 0
549024, 5068339, 0, 0
550003, 5754812, 0, 0
551019, 5702853, 0, 0
552002, 5277744, 0, 0
553005, 5133245, 0, 0
554054, 5759063, 0, 0
555004, 4994330, 0, 0
556034, 5222759, 0, 0
557055, 4741379, 0, 0
558002, 4682366, 0, 0
559007, 4646827, 0, 0
560033, 4832274, 0, 0
561007, 4964258, 0, 0
562020, 5325928, 0, 0
563053, 4754202, 0, 0
564056, 4746336, 0, 0
565054, 5008125, 0, 0
566008, 4885020, 0, 0
567052, 5215465, 0, 0
568030, 4934670, 0, 0
569044, 4688592, 0, 0
570000, 5245598, 0, 0
571053, 4867318, 0, 0
572000, 4753001, 0, 0
573020, 4897723, 0, 0
574007, 4585500, 0, 0
575003, 4519549, 0, 0
576034, 4703702, 0, 0
577059, 5092335, 0, 0
578010, 5026228, 0, 0
579035, 5330091, 0, 0
580006, 5304236, 0, 0
581025, 4915825, 0, 0
582021, 4921378, 0, 0
583032, 5461018, 0, 0
584005, 5249396, 0, 0
585008, 4886255, 0, 0
586051, 4693422, 0, 0
587001, 5074928, 0, 0
588010, 4774399, 0, 0
589058, 4844693, 0, 0
590005, 5256726, 0, 0
591021, 5152919, 0, 0
592046, 4874509, 0, 0
593054, 4816659, 0, 0
594014, 5155304, 0, 0
595003, 5252288, 0, 0
596020, 4379763, 0, 0
597032, 4833296, 0, 0
598006, 4913972, 0, 0
599000, 4658436, 0, 0
600006, 5153710, 0, 0
601045, 5243002, 0, 0
602006, 4948273, 0, 0
603028, 4834207, 0, 0
604040, 4433471, 0, 0
605058, 4956856, 0, 0
606000, 4527114, 0, 0
607042, 5075968, 0, 0
608058, 5072985, 0, 0
609017, 4627026, 0, 0
610044, 5052072, 0, 0
611026, 5082277, 0, 0
612065, 5266672, 0, 0
613039, 4699051, 0, 0
614000, 4773357, 0, 0
615038, 5009633, 0, 0
616005, 5489718, 0, 0
617032, 4908210, 0, 0
618021, 4865775, 0, 0
619017, 4973523, 0, 0
620050, 4583164, 0, 0
621016, 4703927, 0, 0
622046, 4971487, 0, 0
623042, 5496375, 0, 0
624067, 4994637, 0, 0
625034, 5277716, 0, 0
626020, 4873074, 0, 0
627044, 5686879, 0, 0
628006, 4926092, 0, 0
629001, 5645507, 0, 0
630056, 5243760, 0, 0
631018, 4926260, 0, 0
632008, 5123348, 0, 0
633023, 5393566, 0, 0
634039, 5122229, 0, 0
635015, 5512033, 0, 0
636019, 5567111, 0, 0
637068, 5697280, 0, 0
638043, 4344320, 0, 0
639052, 5336772, 0, 0
640049, 4924691, 0, 0
641051, 5411086, 0, 0
642031, 4798208, 0, 0
643045, 5692558, 0, 0
644040, 4869778, 0, 0
645002, 4663755, 0, 0
646055, 4822630, 0, 0
647041, 4951212, 0, 0
648002, 4972728, 0, 0
649048, 5121023, 0, 0
650000, 4775875, 0, 0
651055, 4924295, 0, 0
652019, 5151053, 0, 0
653009, 4639260, 0, 0
654038, 4990042, 0, 0
655034, 5378770, 0, 0
656032, 5245236, 0, 0
657049, 4904857, 0, 0
658039, 4751967, 0, 0
659004, 5128312, 0, 0
660056, 4608292, 0, 0
661052, 5051695, 0, 0
662033, 4944857, 0, 0
663045, 5239867, 0, 0
664012, 5427755, 0, 0
665003, 5407294, 0, 0
666018, 5146318, 0, 0
667037, 4385228, 0, 0
668016, 4886352, 0, 0
669011, 4849449, 0, 0
670023, 5001264, 0, 0
671000, 4414597, 0, 0
672046, 5172114, 0, 0
673022, 5160730, 0, 0
674030, 4746092, 0, 0
675049, 5501450, 0, 0
676010, 5191763, 0, 0
677016, 4784442, 0, 0
678020, 4617360, 0, 0
679024, 4599011, 0, 0
680027, 5058969, 0, 0
681056, 4989565, 0, 0
682062, 5237212, 0, 0
683032, 4523017, 0, 0
684017, 5232899, 0, 0
685047, 4924394, 0, 0
686059, 4493139, 0, 0
687025, 5157765, 0, 0
688040, 4944091, 0, 0
689048, 5086032, 0, 0
690053, 5672081, 0, 0
691006, 4663950, 0, 0
692018, 5318210, 0, 0
693039, 5201973, 0, 0
694033, 4260463, 0, 0
695039, 4876751, 0, 0
696036, 5161443, 0, 0
697031, 5146205, 0, 0
698038, 5030500, 0, 0
699058, 4920724, 0, 0
700019, 5551979, 0, 0
701021, 4901822, 0, 0
702053, 5512572, 0, 0
703041, 5219830, 0, 0
704060, 5784975, 0, 0
705021, 5079840, 0, 0
706031, 4805091, 0, 0
707056, 4548131, 0, 0
708000, 5239972, 0, 0
709050, 5350597, 0, 0
710029, 5493249, 0, 0
711019, 4704651, 0, 0
712043, 4738333, 0, 0
713007, 5228038, 0, 0
714025, 5137023, 0, 0
715020, 4799612, 0, 0
716042, 4953928, 0, 0
717005, 4907202, 0, 0
718062, 5098697, 0, 0
719030, 5064135, 0, 0
720001, 5330983, 0, 0
721013, 5183901, 0, 0
722043, 5501107, 0, 0
723041, 5030514, 0, 0
724027, 5106427, 0, 0
725055, 5155572, 0, 0
726057, 5622896, 0, 0
727027, 4363453, 0, 0
728051, 4780625, 0, 0
729056, 5145428, 0, 0
730062, 5401494, 0, 0
731040, 4764922, 0, 0
732007, 5219159, 0, 0
733032, 4852727, 0, 0
734035, 5302692, 0, 0
735044, 4342447, 0, 0
736007, 5198736, 0, 0
737035, 5031607, 0, 0
738026, 5561584, 0, 0
739029, 5474840, 0, 0
740020, 5626608, 0, 0
741056, 5222547, 0, 0
742026, 5264144, 0, 0
743062, 5126877, 0, 0
744024, 5003708, 0, 0
745038, 5501723, 0, 0
746061, 4796204, 0, 0
747009, 4857341, 0, 0
748015, 5176970, 0, 0
749010, 5260758, 0, 0
750023, 5239128, 0, 0
751046, 5239527, 0, 0
752004, 4809861, 0, 0
753047, 5541991, 0, 0
754052, 4870376, 0, 0
755044, 5054879, 0, 0
756024, 5502906, 0, 0
757029, 5228121, 0, 0
758045, 4832089, 0, 0
759000, 4963615, 0, 0
760037, 4731511, 0, 0
761001, 5258535, 0, 0
762011, 4850031, 0, 0
763008, 5354159, 0, 0
764004, 4827775, 0, 0
765033, 5114323, 0, 0
766046, 4885976, 0, 0
767013, 5398813, 0, 0
768055, 5253878, 0, 0
769004, 5178071, 0, 0
770054, 5380098, 0, 0
771057, 4933289, 0, 0
772002, 5189675, 0, 0
773048, 4856443, 0, 0
774015, 5929934, 0, 0
775045, 5500902, 0, 0
776007, 5218033, 0, 0
777047, 5413362, 0, 0
778020, 5141465, 0, 0
779002, 5420317, 0, 0
780036, 5433412, 0, 0
781024, 4769103, 0, 0
782006, 5271851, 0, 0
783012, 5289798, 0, 0
784000, 5391316, 0, 0
785050, 5246042, 0, 0
786013, 4578457, 0, 0
787041, 5079752, 0, 0
788057, 5402608, 0, 0
789008, 5162438, 0, 0
790029, 4945315, 0, 0
791012, 5397909, 0, 0
792055, 5919079, 0, 0
793017, 5824050, 0, 0
794033, 5517381, 0, 0
795019, 5351382, 0, 0
796004, 5433823, 0, 0
797001, 5107179, 0, 0
798039, 4669527, 0, 0
799032, 5276157, 0, 0
800017, 4940794, 0, 0
801052, 5332463, 0, 0
802033, 5240170, 0, 0
803020, 5081860, 0, 0
804037, 5099808, 0, 0
805029, 5302859, 0, 0
806046, 5105242, 0, 0
807049, 5959153, 0, 0
808034, 5526276, 0, 0
809050, 5903923, 0, 0
810026, 5504513, 0, 0
811012, 5413156, 0, 0
812001, 5172894, 0, 0
813030, 5011593, 0, 0
814000, 5124822, 0, 0
815032, 6068851, 0, 0
816028, 4922972, 0, 0
817042, 5014525, 0, 0
818004, 5520778, 0, 0
819062, 5420777, 0, 0
820025, 5561041, 0, 0
821031, 4780508, 0, 0
822061, 5117578, 0, 0
823030, 5764454, 0, 0
824004, 5433258, 0, 0
825030, 5512468, 0, 0
826054, 5469077, 0, 0
827050, 5719137, 0, 0
828050, 4822368, 0, 0
829028, 5519787, 0, 0
830049, 5257168, 0, 0
831009, 5239042, 0, 0
832018, 5627762, 0, 0
833033, 5636404, 0, 0
834001, 5493442, 0, 0
835021, 4969040, 0, 0
836000, 5461376, 0, 0
837000, 5311024, 0, 0
838018, 6058312, 0, 0
839036, 5160311, 0, 0
840026, 5120809, 0, 0
841038, 5780883, 0, 0
842003, 5502754, 0, 0
843022, 5444495, 0, 0
844020, 5084687, 0, 0
845037, 5103662, 0, 0
846058, 5966098, 0, 0
847037, 5372944, 0, 0
848030, 5736730, 0, 0
849027, 5132949, 0, 0
850047, 5361607, 0, 0
851028, 5662731, 0, 0
852023, 5678704, 0, 0
853010, 5331818, 0, 0
854046, 5332731, 0, 0
855015, 5146674, 0, 0
856034, 5560308, 0, 0
857031, 5661236, 0, 0
858062, 5279658, 0, 0
859022, 5956611, 0, 0
860003, 5764073, 0, 0
861024, 5862241, 0, 0
862000, 5569346, 0, 0
863002, 5270009, 0, 0
864019, 5490562, 0, 0
865025, 5023151, 0, 0
866052, 5898556, 0, 0
867011, 5568332, 0, 0
868016, 5254039, 0, 0
869027, 5871253, 0, 0
870036, 5566873, 0, 0
871055, 5719766, 0, 0
872009, 6480955, 0, 0
873017, 5926426, 0, 0
874025, 5269306, 0, 0
875027, 5720068, 0, 0
876047, 5389609, 0, 0
877051, 6192229, 0, 0
878010, 5353770, 0, 0
879053, 5725118, 0, 0
880058, 6116608, 0, 0
881026, 5827694, 0, 0
882003, 5671755, 0, 0
883034, 5228707, 0, 0
884022, 5138774, 0, 0
885000, 6032582, 0, 0
886005, 6009958, 0, 0
887049, 5762959, 0, 0
888135, 7090644, 0, 0
889042, 5296766, 0, 0
890050, 5533840, 0, 0
891012, 5718124, 0, 0
892017, 6014545, 0, 0
893026, 5658689, 0, 0
894044, 5354012, 0, 0
895034, 5583133, 0, 0
896025, 5691762, 0, 0
897049, 5876062, 0, 0
898020, 5389772, 0, 0
899021, 5495224, 0, 0
900010, 6215829, 0, 0
901052, 6087630, 0, 0
902025, 5717026, 0, 0
903003, 5518434, 0, 0
904011, 5684895, 0, 0
905013, 5411980, 0, 0
906049, 6156514, 0, 0
907039, 6143688, 0, 0
908028, 5342944, 0, 0
909026, 6074027, 0, 0
910008, 5948346, 0, 0
911033, 5627610, 0, 0
912016, 6253557, 0, 0
913035, 5651270, 0, 0
914058, 5494773, 0, 0
915054, 5852949, 0, 0
916054, 6285521, 0, 0
917026, 5332721, 0, 0
918044, 5136925, 0, 0
919023, 5752772, 0, 0
920044, 5793088, 0, 0
921003, 5842528, 0, 0
922027, 5441101, 0, 0
923047, 6247608, 0, 0
924005, 5944838, 0, 0
925018, 6210957, 0, 0
926046, 6112357, 0, 0
927054, 6063729, 0, 0
928004, 5485992, 0, 0
929037, 6108482, 0, 0
930010, 6561706, 0, 0
931023, 5750430, 0, 0
932044, 5633520, 0, 0
933039, 6627378, 0, 0
934006, 6073847, 0, 0
935004, 6046043, 0, 0
936047, 6352126, 0, 0
937048, 6453466, 0, 0
938020, 6031902, 0, 0
939058, 6957059, 0, 0
940006, 6029293, 0, 0
941028, 6154907, 0, 0
942045, 6115931, 0, 0
943004, 5878963, 0, 0
944042, 6133571, 0, 0
945000, 6134558, 0, 0
946057, 6365755, 0, 0
947010, 5838850, 0, 0
948016, 6123535, 0, 0
949048, 6328999, 0, 0
950045, 6549681, 0, 0
951052, 6661186, 0, 0
952048, 6183000, 0, 0
953020, 6650818, 0, 0
954013, 6614802, 0, 0
955034, 6141466, 0, 0
956060, 5336527, 0, 0
957024, 6382554, 0, 0
958047, 6812417, 0, 0
959037, 6550022, 0, 0
960065, 6624624, 0, 0
961017, 6844604, 0, 0
962041, 5978451, 0, 0
963047, 6485426, 0, 0
964028, 6402306, 0, 0
965003, 6673901, 0, 0
966045, 6892813, 0, 0
967046, 6059211, 0, 0
968028, 6498904, 0, 0
969059, 6477676, 0, 0
970046, 6282891, 0, 0
971005, 6558842, 0, 0
972050, 7350170, 0, 0
973046, 6030569, 0, 0
974015, 6679093, 0, 0
975002, 6753524, 0, 0
976013, 6645916, 0, 0
977048, 6119711, 0, 0
978033, 6515115, 0, 0
979021, 7096155, 0, 0
980050, 6591161, 0, 0
981038, 6760514, 0, 0
982008, 6504325, 0, 0
983025, 6822132, 0, 0
984044, 7119973, 0, 0
985025, 6848041, 0, 0
986043, 6738999, 0, 0
987019, 6500769, 0, 0
988055, 6850896, 0, 0
989010, 6625637, 0, 0
990060, 6514021, 0, 0
991008, 7068344, 0, 0
992025, 6472425, 0, 0
993010, 6603264, 0, 0
994051, 6712276, 0, 0
995007, 6584949, 0, 0
996034, 6844642, 0, 0
997005, 6782877, 0, 0
998027, 6804882, 0, 0
999002, 6764769, 0, 0
1000039, 6772725, 0, 0
1001009, 6332973, 0, 0
1002007, 6873918, 0, 0
1003005, 6879097, 0, 0
1004005, 7080362, 0, 0
1005001, 6422586, 0, 0
1006011, 6553706, 0, 0
1007032, 7131283, 0, 0
1008042, 6508368, 0, 0
1009024, 7007926, 0, 0
1010034, 7005089, 0, 0
1011054, 6494926, 0, 0
1012011, 6778369, 0, 0
1013024, 6700310, 0, 0
1014025, 7939778, 0, 0
1015025, 7404235, 0, 0
1016050, 6779760, 0, 0
1017002, 6944040, 0, 0
1018013, 6821964, 0, 0
1019016, 7426705, 0, 0
1020029, 7071630, 0, 0
1021013, 7287411, 0, 0
1022043, 6949462, 0, 0
1023015, 7093795, 0, 0
1024020, 6827055, 0, 0
1025043, 6427099, 0, 0
1026035, 7182560, 0, 0
1027055, 6931455, 0, 0
1028007, 6747090, 0, 0
1029038, 7306330, 0, 0
1030039, 6622867, 0, 0
1031010, 7289335, 0, 0
1032000, 7328907, 0, 0
1033042, 6806053, 0, 0
1034012, 6967807, 0, 0
1035048, 7345637, 0, 0
1036017, 7168740, 0, 0
1037008, 7277375, 0, 0
1038005, 6868586, 0, 0
1039027, 6898001, 0, 0
1040054, 7124436, 0, 0
1041032, 6936143, 0, 0
1042028, 6721394, 0, 0
1043047, 7019326, 0, 0
1044061, 7396087, 0, 0
1045012, 7196416, 0, 0
1046027, 7094377, 0, 0
1047050, 7246176, 0, 0
1048030, 7254475, 0, 0
1049036, 7126589, 0, 0
1050016, 8366980, 0, 0
1051046, 7253288, 0, 0
1052039, 7083412, 0, 0
1053016, 7628224, 0, 0
1054042, 7019237, 0, 0
1055046, 7114737, 0, 0
1056031, 7747123, 0, 0
1057008, 8002709, 0, 0
1058054, 7362540, 0, 0
1059017, 7179465, 0, 0
1060009, 7230759, 0, 0
1061062, 7362573, 0, 0
1062064, 7466123, 0, 0
1063014, 7598526, 0, 0
1064036, 6588045, 0, 0
1065043, 7034593, 0, 0
1066021, 7289593, 0, 0
1067007, 7138455, 0, 0
1068054, 7364236, 0, 0
1069031, 7508159, 0, 0
1070033, 7419230, 0, 0
1071008, 7378640, 0, 0
1072020, 6928510, 0, 0
1073025, 7327821, 0, 0
1074004, 7300595, 0, 0
1075036, 7416712, 0, 0
1076048, 7021592, 0, 0
1077046, 7066022, 0, 0
1078011, 7041480, 0, 0
1079009, 7382987, 0, 0
1080048, 7364271, 0, 0
1081042, 7408131, 0, 0
1082051, 7257491, 0, 0
1083073, 7678759, 0, 0
1084013, 7760960, 0, 0
1085015, 6999188, 0, 0
1086036, 7286915, 0, 0
1087056, 7380998, 0, 0
1088054, 7497068, 0, 0
1089010, 7183087, 0, 0
1090052, 7438531, 0, 0
1091008, 7516817, 0, 0
1092061, 7258911, 0, 0
1093042, 7485131, 0, 0
1094001, 7787992, 0, 0
1095048, 7578052, 0, 0
1096036, 7257914, 0, 0
1097020, 7562680, 0, 0
1098059, 7108109, 0, 0
1099034, 7217985, 0, 0
1100032, 7554559, 0, 0
1101020, 7420221, 0, 0
1102004, 7568200, 0, 0
1103018, 7231835, 0, 0
1104000, 7376165, 0, 0
1105025, 7372516, 0, 0
1106001, 7443269, 0, 0
1107020, 7169225, 0, 0
1108016, 7058238, 0, 0
1109040, 7412403, 0, 0
1110029, 7544901, 0, 0
1111014, 7454534, 0, 0
1112020, 7615796, 0, 0
1113051, 7302791, 0, 0
1114029, 7515290, 0, 0
1115003, 8183406, 0, 0
1116009, 7180451, 0, 0
1117043, 7171088, 0, 0
1118039, 7654050, 0, 0
1119031, 7456812, 0, 0
1120010, 7351320, 0, 0
1121043, 7374570, 0, 0
1122057, 7561873, 0, 0
1123016, 7205422, 0, 0
1124053, 7505997, 0, 0
1125022, 7331063, 0, 0
1126009, 7098065, 0, 0
1127037, 7725094, 0, 0
1128029, 7680449, 0, 0
1129018, 6862607, 0, 0
1130005, 7525835, 0, 0
1131041, 7289096, 0, 0
1132037, 7720913, 0, 0
1133015, 7511626, 0, 0
1134012, 7068394, 0, 0
1135018, 7179887, 0, 0
1136015, 7114821, 0, 0
1137020, 7123648, 0, 0
1138039, 7324960, 0, 0
1139016, 7869287, 0, 0
1140044, 7668481, 0, 0
1141012, 7496987, 0, 0
1142025, 7278833, 0, 0
1143000, 7164134, 0, 0
1144015, 7926906, 0, 0
1145018, 7540724, 0, 0
1146016, 7385836, 0, 0
1147037, 7395901, 0, 0
1148014, 7340278, 0, 0
1149004, 7674532, 0, 0
1150043, 7364264, 0, 0
1151021, 7347150, 0, 0
1152022, 7416727, 0, 0
1153059, 7299498, 0, 0
1154041, 7492756, 0, 0
1155063, 7293164, 0, 0
1156043, 7366525, 0, 0
1157030, 7416216, 0, 0
1158007, 7515881, 0, 0
1159014, 7618975, 0, 0
1160041, 7334643, 0, 0
1161005, 7411582, 0, 0
1162042, 7508891, 0, 0
1163005, 7135107, 0, 0
1164045, 7165330, 0, 0
1165045, 7139279, 0, 0
1166001, 7581715, 0, 0
1167043, 7136061, 0, 0
1168052, 7207328, 0, 0
1169035, 7438419, 0, 0
1170047, 7331006, 0, 0
1171055, 7352646, 0, 0
1172044, 6962095, 0, 0
1173040, 7378817, 0, 0
1174044, 7374885, 0, 0
1175002, 7252615, 0, 0
1176016, 6994585, 0, 0
1177029, 7028906, 0, 0
1178039, 7703812, 0, 0
1179003, 7299844, 0, 0
1180009, 7288994, 0, 0
1181043, 7328871, 0, 0
1182055, 7720565, 0, 0
1183002, 7062595, 0, 0
1184032, 7356164, 0, 0
1185048, 7203273, 0, 0
1186015, 7268798, 0, 0
1187038, 7300127, 0, 0
1188032, 7699425, 0, 0
1189015, 7332027, 0, 0
1190031, 7469212, 0, 0
1191043, 7279062, 0, 0
1192058, 6944507, 0, 0
1193046, 7370247, 0, 0
1194055, 7100764, 0, 0
1195029, 7433006, 0, 0
1196033, 6824557, 0, 0
1197016, 7502769, 0, 0
1198031, 7298557, 0, 0
1199001, 7634684, 0, 0
1200034, 7483095, 0, 0
1201030, 7598649, 0, 0
1202059, 7245173, 0, 0
1203037, 7134364, 0, 0
1204037, 7511962, 0, 0
1205055, 7304865, 0, 0
1206009, 7225421, 0, 0
1207027, 7218262, 0, 0
1208059, 7418398, 0, 0
1209023, 7303213, 0, 0
1210029, 7449617, 0, 0
1211004, 7159538, 0, 0
1212049, 7573570, 0, 0
1213043, 7880383, 0, 0
1214002, 6999979, 0, 0
1215043, 7481792, 0, 0
1216046, 7015080, 0, 0
1217016, 7232121, 0, 0
1218056, 7532463, 0, 0
1219001, 6948856, 0, 0
1220055, 7367632, 0, 0
1221051, 7595898, 0, 0
1222028, 7344832, 0, 0
1223006, 7184450, 0, 0
1224046, 7121292, 0, 0
1225017, 7240288, 0, 0
1226030, 7234820, 0, 0
1227029, 7135741, 0, 0
1228048, 7429920, 0, 0
1229025, 7346861, 0, 0
1230014, 7907282, 0, 0
1231045, 7359972, 0, 0
1232003, 6986573, 0, 0
1233014, 7429482, 0, 0
1234030, 7810250, 0, 0
1235047, 7113626, 0, 0
1236040, 7754187, 0, 0
1237044, 7720474, 0, 0
1238041, 6266672, 0, 0
1239005, 7082312, 0, 0
1240026, 7185140, 0, 0
1241016, 7331833, 0, 0
1242043, 7329289, 0, 0
1243004, 6763887, 0, 0
1244021, 7157455, 0, 0
1245017, 7215138, 0, 0
1246043, 7545127, 0, 0
1247032, 6863302, 0, 0
1248033, 6995504, 0, 0
1249034, 6998691, 0, 0
1250023, 7484351, 0, 0
1251032, 7054352, 0, 0
1252022, 7120090, 0, 0
1253005, 7170602, 0, 0
1254057, 7457625, 0, 0
1255022, 6887017, 0, 0
1256051, 7042617, 0, 0
1257007, 7132697, 0, 0
1258057, 7393215, 0, 0
1259031, 7849171, 0, 0
1260052, 7562691, 0, 0
1261023, 8088152, 0, 0
1262004, 7539340, 0, 0
1263043, 7163338, 0, 0
1264058, 7043022, 0, 0
1265011, 7053369, 0, 0
1266018, 6897675, 0, 0
1267029, 6970685, 0, 0
1268008, 7248950, 0, 0
1269033, 7216756, 0, 0
1270003, 7289723, 0, 0
1271033, 7406622, 0, 0
1272053, 7548933, 0, 0
1273034, 7486199, 0, 0
1274004, 6878695, 0, 0
1275014, 7475641, 0, 0
1276049, 7039098, 0, 0
1277050, 7517905, 0, 0
1278010, 7618209, 0, 0
1279052, 7660027, 0, 0
1280018, 7100736, 0, 0
1281034, 7356348, 0, 0
1282049, 7046554, 0, 0
1283051, 7258079, 0, 0
1284007, 7077080, 0, 0
1285024, 7104112, 0, 0
1286042, 7119229, 0, 0
1287015, 7095561, 0, 0
1288028, 7282124, 0, 0
1289056, 7287005, 0, 0
1290051, 7317324, 0, 0
1291053, 7305990, 0, 0
1292027, 7216383, 0, 0
1293061, 7154062, 0, 0
1294041, 7259241, 0, 0
1295037, 7596074, 0, 0
1296048, 6966000, 0, 0
1297038, 7389895, 0, 0
1298020, 7161830, 0, 0
1299030, 6962854, 0, 0
1300072, 7285060, 0, 0
1301053, 7154924, 0, 0
1302052, 7399040, 0, 0
1303029, 7341793, 0, 0
1304025, 7368157, 0, 0
1305055, 7304105, 0, 0
1306049, 7414312, 0, 0
1307044, 6814483, 0, 0
1308040, 7597231, 0, 0
1309027, 7306597, 0, 0
1310027, 6992072, 0, 0
1311048, 7180911, 0, 0
1312003, 6917323, 0, 0
1313031, 7039573, 0, 0
1314056, 7210970, 0, 0
1315008, 7210466, 0, 0
1316015, 7086186, 0, 0
1317010, 7209184, 0, 0
1318000, 6971739, 0, 0
1319056, 7534521, 0, 0
1320041, 7517985, 0, 0
1321003, 7287217, 0, 0
1322029, 6878070, 0, 0
1323015, 7244807, 0, 0
1324054, 6970195, 0, 0
1325019, 6845566, 0, 0
1326053, 7272838, 0, 0
1327022, 7126864, 0, 0
1328027, 7277165, 0, 0
1329057, 7100953, 0, 0
1330002, 7044971, 0, 0
1331011, 7642458, 0, 0
1332011, 6322101, 0, 0
1333052, 7438106, 0, 0
1334019, 7376212, 0, 0
1335028, 7252152, 0, 0
1336053, 7647838, 0, 0
1337016, 7178836, 0, 0
1338010, 7419557, 0, 0
1339026, 7198161, 0, 0
1340019, 6940071, 0, 0
1341027, 7524006, 0, 0
1342056, 7346348, 0, 0
1343014, 6984483, 0, 0
1344025, 7171774, 0, 0
1345044, 7222718, 0, 0
1346000, 7293141, 0, 0
1347006, 7285885, 0, 0
1348056, 7391306, 0, 0
1349031, 7112036, 0, 0
1350042, 7548277, 0, 0
1351034, 7450612, 0, 0
1352024, 7496573, 0, 0
1353038, 7043067, 0, 0
1354004, 7258600, 0, 0
1355019, 7042008, 0, 0
1356042, 7151680, 0, 0
1357031, 7113456, 0, 0
1358010, 6935354, 0, 0
1359021, 7114436, 0, 0
1360026, 7126899, 0, 0
1361035, 6848372, 0, 0
1362032, 7438348, 0, 0
1363044, 6977133, 0, 0
1364038, 8080265, 0, 0
1365032, 6669911, 0, 0
1366058, 7538204, 0, 0
1367038, 7095561, 0, 0
1368000, 7123601, 0, 0
1369031, 7313458, 0, 0
1370006, 7981355, 0, 0
1371000, 6951694, 0, 0
1372033, 7222013, 0, 0
1373032, 6887470, 0, 0
1374038, 7127429, 0, 0
1375046, 6807080, 0, 0
1376058, 7028556, 0, 0
1377003, 6844599, 0, 0
1378020, 7641375, 0, 0
1379000, 7204663, 0, 0
1380007, 7084599, 0, 0
1381040, 7175370, 0, 0
1382024, 7395049, 0, 0
1383049, 6871348, 0, 0
1384011, 7289148, 0, 0
1385054, 7236167, 0, 0
1386032, 7243620, 0, 0
1387032, 7575394, 0, 0
1388027, 6333423, 0, 0
1389056, 7190729, 0, 0
1390043, 7423505, 0, 0
1391051, 7145667, 0, 0
1392001, 7134587, 0, 0
1393033, 7319725, 0, 0
1394028, 7417090, 0, 0
1395038, 7373632, 0, 0
1396031, 6659614, 0, 0
1397059, 6898107, 0, 0
1398056, 7492894, 0, 0
1399035, 7039158, 0, 0
1400022, 7417508, 0, 0
1401010, 6768725, 0, 0
1402038, 7180737, 0, 0
1403023, 6793062, 0, 0
1404043, 6981090, 0, 0
1405059, 8191937, 0, 0
1406036, 7346331, 0, 0
1407009, 6997584, 0, 0
1408046, 7299079, 0, 0
1409044, 7611219, 0, 0
1410011, 7218792, 0, 0
1411019, 7516531, 0, 0
1412058, 7468742, 0, 0
1413009, 7203845, 0, 0
1414022, 7671774, 0, 0
1415041, 7024321, 0, 0
1416023, 7218866, 0, 0
1417020, 7220972, 0, 0
1418003, 7446215, 0, 0
1419033, 7301528, 0, 0
1420016, 7331764, 0, 0
1421026, 7108686, 0, 0
1422021, 7424059, 0, 0
1423047, 6532409, 0, 0
1424051, 6923514, 0, 0
1425010, 7207427, 0, 0
1426026, 6856364, 0, 0
1427062, 7292593, 0, 0
1428013, 7606270, 0, 0
1429015, 7534575, 0, 0
1430032, 7010359, 0, 0
1431027, 7151499, 0, 0
1432003, 7283578, 0, 0
1433020, 7527486, 0, 0
1434060, 7173468, 0, 0
1435033, 7145631, 0, 0
1436027, 7149928, 0, 0
1437042, 7045298, 0, 0
1438007, 6891625, 0, 0
1439012, 7556259, 0, 0
1440058, 7259419, 0, 0
1441012, 7624116, 0, 0
1442025, 7031329, 0, 0
1443004, 7093200, 0, 0
1444012, 7147114, 0, 0
1445000, 7209352, 0, 0
1446030, 7054393, 0, 0
1447066, 7338050, 0, 0
1448041, 8334733, 0, 0
1449031, 6682423, 0, 0
1450032, 6906617, 0, 0
1451058, 7068388, 0, 0
1452050, 6982904, 0, 0
1453019, 7336236, 0, 0
1454042, 7102167, 0, 0
1455014, 7256630, 0, 0
1456052, 6604802, 0, 0
1457006, 7063391, 0, 0
1458014, 7247823, 0, 0
1459024, 7114539, 0, 0
1460037, 7178083, 0, 0
1461045, 7408838, 0, 0
1462010, 7253328, 0, 0
1463021, 7118462, 0, 0
1464010, 7487663, 0, 0
1465008, 7444876, 0, 0
1466002, 6952392, 0, 0
1467033, 7255493, 0, 0
1468050, 7160422, 0, 0
1469061, 7064424, 0, 0
1470051, 7551866, 0, 0
1471000, 7084683, 0, 0
1472036, 7137277, 0, 0
1473038, 7647942, 0, 0
1474015, 7344506, 0, 0
1475009, 7360682, 0, 0
1476012, 7261679, 0, 0
1477014, 7052456, 0, 0
1478038, 7015847, 0, 0
1479064, 7482358, 0, 0
1480058, 7416863, 0, 0
1481040, 7431955, 0, 0
1482025, 7579465, 0, 0
1483010, 7238373, 0, 0
1484049, 7262683, 0, 0
1485018, 7069818, 0, 0
1486052, 7224808, 0, 0
1487036, 7511543, 0, 0
1488060, 7756842, 0, 0
1489030, 7287026, 0, 0
1490036, 7185224, 0, 0
1491058, 7294697, 0, 0
1492017, 7049138, 0, 0
1493037, 7387789, 0, 0
1494020, 7276181, 0, 0
1495036, 7365174, 0, 0
1496051, 7405703, 0, 0
1497040, 7371357, 0, 0
1498011, 7193319, 0, 0
1499000, 7108712, 0, 0
1500056, 6945730, 0, 0
1501035, 7471533, 0, 0
1502030, 7422133, 0, 0
1503012, 6766328, 0, 0
1504003, 7028535, 0, 0
1505009, 7237188, 0, 0
1506046, 7299481, 0, 0
1507004, 6937657, 0, 0
1508053, 7283798, 0, 0
1509037, 7283245, 0, 0
1510061, 7060248, 0, 0
1511033, 7469759, 0, 0
1512033, 7042337, 0, 0
1513020, 7307744, 0, 0
1514029, 7199122, 0, 0
1515019, 7386241, 0, 0
1516023, 7379676, 0, 0
1517057, 7383082, 0, 0
1518049, 7569833, 0, 0
1519038, 7430588, 0, 0
1520021, 7228679, 0, 0
1521025, 7433238, 0, 0
1522016, 7334747, 0, 0
1523048, 7588105, 0, 0
1524020, 7417794, 0, 0
1525015, 6856468, 0, 0
1526035, 6939529, 0, 0
1527052, 7257372, 0, 0
1528037, 6984408, 0, 0
1529004, 7325591, 0, 0
1530020, 7253991, 0, 0
1531048, 7333902, 0, 0
1532051, 7111200, 0, 0
1533018, 7270525, 0, 0
1534040, 7796212, 0, 0
1535064, 7697063, 0, 0
1536023, 7051916, 0, 0
1537016, 7694960, 0, 0
1538006, 7386226, 0, 0
1539031, 7817589, 0, 0
1540002, 7354469, 0, 0
1541022, 7231069, 0, 0
1542007, 7293450, 0, 0
1543061, 7419945, 0, 0
1544039, 7464688, 0, 0
1545062, 7410355, 0, 0
1546034, 7250555, 0, 0
1547054, 7279158, 0, 0
1548033, 7147459, 0, 0
1549033, 7569867, 0, 0
1550056, 7305895, 0, 0
1551031, 7273156, 0, 0
1552046, 7140977, 0, 0
1553013, 7271186, 0, 0
1554053, 7023303, 0, 0
1555045, 6837312, 0, 0
1556033, 7374196, 0, 0
1557012, 7087284, 0, 0
1558017, 6929365, 0, 0
1559034, 7758256, 0, 0
1560039, 7128521, 0, 0
1561056, 6914189, 0, 0
1562034, 7189912, 0, 0
1563050, 7098550, 0, 0
1564018, 7068005, 0, 0
1565039, 7183235, 0, 0
1566045, 6933157, 0, 0
1567020, 7225858, 0, 0
1568059, 7208643, 0, 0
1569039, 7257831, 0, 0
1570037, 7673257, 0, 0
1571001, 7141116, 0, 0
1572025, 7752192, 0, 0
1573030, 8097717, 0, 0
1574063, 6883896, 0, 0
1575043, 7777262, 0, 0
1576000, 7083327, 0, 0
1577003, 7166441, 0, 0
1578016, 7723616, 0, 0
1579049, 6979639, 0, 0
1580013, 7187856, 0, 0
1581041, 7043038, 0, 0
1582027, 7352888, 0, 0
1583032, 7664004, 0, 0
1584004, 7423217, 0, 0
1585024, 7442617, 0, 0
1586002, 7033021, 0, 0
1587032, 7243734, 0, 0
1588025, 6896281, 0, 0
1589040, 6995491, 0, 0
1590010, 7127924, 0, 0
1591016, 7037716, 0, 0
1592015, 7562976, 0, 0
1593046, 7310943, 0, 0
1594046, 6796570, 0, 0
1595019, 6850010, 0, 0
1596026, 6580815, 0, 0
1597025, 7230841, 0, 0
1598033, 7198843, 0, 0
1599025, 7240866, 0, 0
1600032, 6665123, 0, 0
1601052, 7081485, 0, 0
1602046, 7245885, 0, 0
1603055, 7103959, 0, 0
1604029, 7005799, 0, 0
1605039, 7013648, 0, 0
1606034, 7207667, 0, 0
1607042, 7091933, 0, 0
1608029, 6578391, 0, 0
1609063, 7277482, 0, 0
1610032, 7228672, 0, 0
1611043, 7116334, 0, 0
1612051, 7406902, 0, 0
1613024, 6996776, 0, 0
1614038, 6993629, 0, 0
1615055, 6961982, 0, 0
1616039, 7232880, 0, 0
1617055, 7249366, 0, 0
1618026, 7831578, 0, 0
1619047, 7446276, 0, 0
1620051, 7490172, 0, 0
1621040, 7323448, 0, 0
1622024, 7230232, 0, 0
1623020, 6871097, 0, 0
1624008, 7261874, 0, 0
1625012, 7014365, 0, 0
1626056, 7246864, 0, 0
1627057, 7584513, 0, 0
1628026, 7507923, 0, 0
1629022, 7481597, 0, 0
1630045, 7463375, 0, 0
1631000, 6866654, 0, 0
1632055, 7376465, 0, 0
1633056, 7251208, 0, 0
1634029, 7203253, 0, 0
1635056, 7330559, 0, 0
1636022, 7047854, 0, 0
1637044, 7408057, 0, 0
1638057, 7180707, 0, 0
1639001, 6938239, 0, 0
1640045, 6999556, 0, 0
1641034, 7670865, 0, 0
1642002, 7165808, 0, 0
1643017, 7195620, 0, 0
1644046, 7093363, 0, 0
1645033, 7360564, 0, 0
1646047, 7236647, 0, 0
1647029, 7387226, 0, 0
1648049, 7029954, 0, 0
1649024, 7217038, 0, 0
1650057, 7372720, 0, 0
1651033, 8270759, 0, 0
1652021, 7259249, 0, 0
1653026, 7974205, 0, 0
1654008, 9007149, 0, 0
1655001, 9455333, 0, 0
1656005, 7120232, 0, 0
1657016, 6828679, 0, 0
1658029, 6887271, 0, 0
1659013, 7337768, 0, 0
1660021, 6903112, 0, 0
1661008, 7470258, 0, 0
1662009, 7097293, 0, 0
1663032, 7303341, 0, 0
1664013, 7546144, 0, 0
1665045, 6652388, 0, 0
1666002, 7036247, 0, 0
1667036, 7332484, 0, 0
1668036, 7515876, 0, 0
1669011, 7112284, 0, 0
1670056, 6915478, 0, 0
1671023, 7214442, 0, 0
1672031, 6951364, 0, 0
1673001, 7284734, 0, 0
1674043, 7185169, 0, 0
1675033, 7333131, 0, 0
1676044, 6870057, 0, 0
1677043, 7395443, 0, 0
1678003, 7060419, 0, 0
1679043, 7164920, 0, 0
1680039, 7489256, 0, 0
1681033, 7411520, 0, 0
1682048, 7299631, 0, 0
1683049, 7529330, 0, 0
1684009, 7676919, 0, 0
1685046, 7146835, 0, 0
1686019, 7311565, 0, 0
1687015, 6960082, 0, 0
1688000, 7348298, 0, 0
1689003, 7215074, 0, 0
1690043, 7369850, 0, 0
1691028, 7460439, 0, 0
1692017, 7215048, 0, 0
1693028, 7375364, 0, 0
1694026, 7559951, 0, 0
1695015, 7432855, 0, 0
1696005, 7554883, 0, 0
1697021, 7051843, 0, 0
1698039, 7166850, 0, 0
1699044, 8441683, 0, 0
1700010, 7202457, 0, 0
1701015, 7074624, 0, 0
1702040, 7322833, 0, 0
1703044, 7381034, 0, 0
1704041, 7903317, 0, 0
1705022, 6956309, 0, 0
1706036, 6755015, 0, 0
1707050, 6760019, 0, 0
1708018, 7168776, 0, 0
1709017, 7504079, 0, 0
1710045, 6994607, 0, 0
1711050, 7174930, 0, 0
1712052, 7589021, 0, 0
1713033, 7368462, 0, 0
1714051, 7164569, 0, 0
1715061, 7429426, 0, 0
1716000, 7051418, 0, 0
1717008, 7197783, 0, 0
1718010, 7646988, 0, 0
1719061, 7345495, 0, 0
1720004, 7256757, 0, 0
1721006, 7365064, 0, 0
1722016, 7058239, 0, 0
1723013, 7381287, 0, 0
1724002, 6964964, 0, 0
1725015, 7230713, 0, 0
1726012, 6869266, 0, 0
1727041, 7246523, 0, 0
1728033, 7342360, 0, 0
1729058, 7317680, 0, 0
1730049, 7027659, 0, 0
1731009, 6954555, 0, 0
1732026, 7704532, 0, 0
1733022, 7373451, 0, 0
1734015, 7634634, 0, 0
1735023, 7464093, 0, 0
1736004, 7780077, 0, 0
1737033, 7244480, 0, 0
1738030, 7115008, 0, 0
1739001, 7300310, 0, 0
1740042, 7433461, 0, 0
1741029, 7589173, 0, 0
1742060, 6960691, 0, 0
1743004, 7094742, 0, 0
1744028, 7010142, 0, 0
1745041, 7034828, 0, 0
1746052, 6825877, 0, 0
1747045, 7576913, 0, 0
1748037, 7286822, 0, 0
1749044, 7347009, 0, 0
1750007, 7240834, 0, 0
1751056, 7538052, 0, 0
1752018, 7179062, 0, 0
1753033, 7094563, 0, 0
1754053, 7075913, 0, 0
1755013, 7499861, 0, 0
1756046, 7426843, 0, 0
1757002, 7237027, 0, 0
1758047, 7304909, 0, 0
1759047, 7574944, 0, 0
1760001, 7689350, 0, 0
1761035, 8270921, 0, 0
1762034, 7181712, 0, 0
1763014, 7474243, 0, 0
1764037, 7051309, 0, 0
1765021, 7234323, 0, 0
1766062, 7125386, 0, 0
1767008, 7448524, 0, 0
1768040, 7208781, 0, 0
1769051, 7430115, 0, 0
1770036, 7193716, 0, 0
1771064, 6890260, 0, 0
1772024, 7164760, 0, 0
1773031, 7137808, 0, 0
1774022, 6925136, 0, 0
1775013, 7451306, 0, 0
1776048, 7137816, 0, 0
1777007, 7097025, 0, 0
1778019, 7026069, 0, 0
1779026, 7401017, 0, 0
1780029, 7372630, 0, 0
1781045, 7524554, 0, 0
1782057, 7119406, 0, 0
1783072, 7249398, 0, 0
1784018, 6954831, 0, 0
1785044, 7273450, 0, 0
1786015, 7188024, 0, 0
1787036, 7236002, 0, 0
1788020, 7455370, 0, 0
1789040, 7128998, 0, 0
1790047, 7088372, 0, 0
1791036, 6957797, 0, 0
1792016, 7423269, 0, 0
1793042, 7068656, 0, 0
1794038, 7432017, 0, 0
1795033, 6629236, 0, 0
1796038, 7552806, 0, 0
1797027, 7108051, 0, 0
1798050, 7522921, 0, 0
1799022, 6990464, 0, 0
1800049, 7279265, 0, 0
1801015, 7255498, 0, 0
1802002, 7650683, 0, 0
1803024, 6903420, 0, 0
1804011, 7647981, 0, 0
1805023, 6923730, 0, 0
1806015, 7404121, 0, 0
1807005, 6771706, 0, 0
1808031, 7071922, 0, 0
1809031, 7247438, 0, 0
1810048, 7700816, 0, 0
1811030, 7375882, 0, 0
1812040, 7316583, 0, 0
1813038, 7447935, 0, 0
1814044, 6934137, 0, 0
1815052, 7408197, 0, 0
1816022, 7077966, 0, 0
1817010, 7204029, 0, 0
1818003, 7297487, 0, 0
1819056, 7208685, 0, 0
1820061, 7331640, 0, 0
1821050, 7324006, 0, 0
1822003, 7620830, 0, 0
1823043, 7022574, 0, 0
1824019, 6969030, 0, 0
1825005, 7466002, 0, 0
1826036, 7358681, 0, 0
1827007, 7189193, 0, 0
1828023, 7153307, 0, 0
1829046, 7149838, 0, 0
1830010, 7140710, 0, 0
1831050, 7166316, 0, 0
1832052, 7309787, 0, 0
1833028, 7281739, 0, 0
1834029, 7199971, 0, 0
1835017, 7099635, 0, 0
1836017, 7042866, 0, 0
1837004, 7362847, 0, 0
1838056, 6911566, 0, 0
1839039, 7336076, 0, 0
1840016, 7565444, 0, 0
1841032, 7204857, 0, 0
1842053, 7084022, 0, 0
1843020, 7218880, 0, 0
1844051, 7206164, 0, 0
1845027, 7173203, 0, 0
1846018, 7392288, 0, 0
1847062, 7240787, 0, 0
1848005, 7542236, 0, 0
1849005, 7348963, 0, 0
1850030, 7021641, 0, 0
1851047, 6908998, 0, 0
1852032, 7460785, 0, 0
1853005, 6946853, 0, 0
1854016, 7320170, 0, 0
1855026, 6964453, 0, 0
1856001, 7270768, 0, 0
1857037, 7400808, 0, 0
1858046, 7001836, 0, 0
1859066, 7281369, 0, 0
1860042, 7277516, 0, 0
1861024, 7222761, 0, 0
1862003, 6794708, 0, 0
1863057, 7413501, 0, 0
1864037, 7311721, 0, 0
1865017, 7475343, 0, 0
1866048, 7156810, 0, 0
1867061, 7340259, 0, 0
1868025, 7239223, 0, 0
1869046, 7241533, 0, 0
1870053, 7240600, 0, 0
1871056, 7593298, 0, 0
1872010, 6958136, 0, 0
1873003, 7089241, 0, 0
1874040, 7101185, 0, 0
1875047, 7238359, 0, 0
1876025, 7300318, 0, 0
1877014, 7378026, 0, 0
1878034, 7277518, 0, 0
1879024, 7328767, 0, 0
1880049, 7270216, 0, 0
1881034, 7295556, 0, 0
1882046, 7600007, 0, 0
1883001, 7231318, 0, 0
1884040, 7266447, 0, 0
1885018, 7184200, 0, 0
1886015, 7495175, 0, 0
1887048, 6972526, 0, 0
1888006, 7096439, 0, 0
1889029, 6906646, 0, 0
1890021, 7401616, 0, 0
1891011, 7436657, 0, 0
1892060, 6991331, 0, 0
1893001, 7068144, 0, 0
1894004, 6594815, 0, 0
1895012, 7523477, 0, 0
1896025, 7443059, 0, 0
1897046, 7290084, 0, 0
1898009, 7024225, 0, 0
1899057, 7177721, 0, 0
1900034, 7287217, 0, 0
1901005, 7080920, 0, 0
1902046, 7177767, 0, 0
1903039, 7244878, 0, 0
1904021, 7216902, 0, 0
1905013, 7186233, 0, 0
1906036, 7049767, 0, 0
1907057, 7340170, 0, 0
1908021, 7709430, 0, 0
1909026, 7278529, 0, 0
1910048, 7192068, 0, 0
1911050, 7156509, 0, 0
1912051, 7300288, 0, 0
1913020, 7020992, 0, 0
1914041, 7240011, 0, 0
1915002, 7113663, 0, 0
1916001, 7343158, 0, 0
1917015, 6986847, 0, 0
1918026, 7015277, 0, 0
1919051, 7318677, 0, 0
1920052, 6900064, 0, 0
1921030, 7192211, 0, 0
1922007, 7339603, 0, 0
1923034, 7080722, 0, 0
1924047, 6885873, 0, 0
1925038, 7287867, 0, 0
1926021, 7384117, 0, 0
1927005, 7284490, 0, 0
1928063, 7449969, 0, 0
1929026, 7125889, 0, 0
1930061, 7087778, 0, 0
1931009, 7175745, 0, 0
1932020, 6971068, 0, 0
1933037, 7210434, 0, 0
1934009, 7772741, 0, 0
1935026, 7157160, 0, 0
1936013, 7309110, 0, 0
1937054, 7328883, 0, 0
1938052, 7556740, 0, 0
1939039, 7417509, 0, 0
1940051, 7026838, 0, 0
1941051, 7138612, 0, 0
1942005, 7567332, 0, 0
1943007, 7003539, 0, 0
1944058, 7100282, 0, 0
1945010, 7205932, 0, 0
1946026, 6864545, 0, 0
1947001, 7379402, 0, 0
1948047, 7314444, 0, 0
1949019, 7303046, 0, 0
1950024, 6975111, 0, 0
1951024, 7142278, 0, 0
1952062, 7572200, 0, 0
1953042, 7843445, 0, 0
1954008, 7423158, 0, 0
1955020, 6928745, 0, 0
1956013, 7405187, 0, 0
1957000, 7419694, 0, 0
1958004, 7171887, 0, 0
1959054, 7390112, 0, 0
1960046, 7397160, 0, 0
1961020, 6908787, 0, 0
1962057, 7568053, 0, 0
1963004, 7757481, 0, 0
1964024, 6932899, 0, 0
1965060, 7194953, 0, 0
1966010, 6932576, 0, 0
1967007, 7434412, 0, 0
1968003, 7213080, 0, 0
1969054, 7351607, 0, 0
1970001, 7011606, 0, 0
1971037, 7341274, 0, 0
1972042, 6926035, 0, 0
1973007, 7095795, 0, 0
1974015, 6994651, 0, 0
1975038, 7750581, 0, 0
1976005, 7268183, 0, 0
1977059, 7312159, 0, 0
1978035, 7504648, 0, 0
1979022, 7534514, 0, 0
1980021, 6983284, 0, 0
1981055, 7279475, 0, 0
1982044, 7112805, 0, 0
1983048, 7217335, 0, 0
1984046, 7174760, 0, 0
1985003, 7039350, 0, 0
1986000, 7115212, 0, 0
1987057, 7338930, 0, 0
1988056, 7504847, 0, 0
1989053, 7174707, 0, 0
1990018, 7252459, 0, 0
1991015, 8104678, 0, 0
1992011, 7060088, 0, 0
1993019, 7296089, 0, 0
1994062, 7239943, 0, 0
1995059, 7384795, 0, 0
1996033, 7917177, 0, 0
1997060, 6982986, 0, 0
1998029, 7071141, 0, 0
1999067, 7518088, 0, 0
2000035, 7800901, 0, 0
2001004, 7179081, 0, 0
2002009, 6608411, 0, 0
2003023, 7185702, 0, 0
2004051, 7341070, 0, 0
2005054, 7594571, 0, 0
2006003, 6925049, 0, 0
2007017, 7138002, 0, 0
2008040, 7303458, 0, 0
2009026, 7251370, 0, 0
2010042, 7576452, 0, 0
2011020, 7517531, 0, 0
2012032, 7442691, 0, 0
2013039, 7133900, 0, 0
2014041, 7711451, 0, 0
2015035, 6900438, 0, 0
2016008, 7360958, 0, 0
2017009, 7419292, 0, 0
2018014, 7168732, 0, 0
2019013, 7453579, 0, 0
2020011, 7444914, 0, 0
2021023, 7127616, 0, 0
2022041, 7375901, 0, 0
2023011, 7756590, 0, 0
2024047, 7292130, 0, 0
2025043, 6861961, 0, 0
2026003, 6952952, 0, 0
2027008, 7388498, 0, 0
2028021, 7181153, 0, 0
2029021, 7576246, 0, 0
2030007, 7356865, 0, 0
2031015, 6995897, 0, 0
2032035, 7130585, 0, 0
2033000, 6836658, 0, 0
2034026, 7329217, 0, 0
2035022, 7057812, 0, 0
2036046, 7211751, 0, 0
2037052, 7128080, 0, 0
2038045, 7354433, 0, 0
2039026, 7375065, 0, 0
2040027, 7098469, 0, 0
2041060, 7373283, 0, 0
2042025, 7135278, 0, 0
2043029, 6784716, 0, 0
2044003, 7208405, 0, 0
2045007, 7274965, 0, 0
2046050, 7046037, 0, 0
2047025, 6958689, 0, 0
2048031, 7621668, 0, 0
2049022, 7021751, 0, 0
2050049, 7661597, 0, 0
2051000, 7606765, 0, 0
2052019, 7485744, 0, 0
2053039, 7668166, 0, 0
2054023, 7395564, 0, 0
2055056, 7596848, 0, 0
2056005, 7709739, 0, 0
2057018, 7184457, 0, 0
2058051, 7270436, 0, 0
2059053, 7584622, 0, 0
2060030, 6927667, 0, 0
2061014, 7177879, 0, 0
2062048, 7435974, 0, 0
2063050, 7477020, 0, 0
2064040, 7172235, 0, 0
2065044, 7601536, 0, 0
2066063, 7273429, 0, 0
2067055, 7293795, 0, 0
2068092, 8356398, 0, 0
2069007, 7209171, 0, 0
2070023, 7693504, 0, 0
2071021, 7615726, 0, 0
2072022, 7636320, 0, 0
2073004, 7109049, 0, 0
2074004, 7196820, 0, 0
2075004, 6890200, 0, 0
2076025, 7240236, 0, 0
2077013, 7372531, 0, 0
2078048, 7279882, 0, 0
2079011, 7134490, 0, 0
2080011, 7349679, 0, 0
2081040, 7348637, 0, 0
2082037, 7434962, 0, 0
2083050, 7230975, 0, 0
2084008, 7256402, 0, 0
2085031, 7053219, 0, 0
2086041, 6682134, 0, 0
2087007, 7430735, 0, 0
2088027, 7179809, 0, 0
2089029, 7103225, 0, 0
2090025, 7378062, 0, 0
2091002, 7283282, 0, 0
2092013, 7656254, 0, 0
2093012, 7507758, 0, 0
2094016, 7020731, 0, 0
2095049, 7224338, 0, 0
2096005, 7073175, 0, 0
2097017, 7128605, 0, 0
2098050, 7944284, 0, 0
2099000, 7593022, 0, 0
2100060, 7464162, 0, 0
2101065, 7385560, 0, 0
2102014, 6970899, 0, 0
2103038, 7111786, 0, 0
2104003, 6841173, 0, 0
2105058, 7480943, 0, 0
2106103, 7679086, 0, 0
2107050, 7167354, 0, 0
2108030, 7369740, 0, 0
2109015, 7293071, 0, 0
2110007, 7401123, 0, 0
2111008, 7640769, 0, 0
2112012, 7012001, 0, 0
2113055, 7344098, 0, 0
2114026, 7409976, 0, 0
2115032, 7792984, 0, 0
2116011, 7650502, 0, 0
2117027, 7203911, 0, 0
2118042, 7349767, 0, 0
2119003, 6958609, 0, 0
2120013, 7014227, 0, 0
2121048, 7087092, 0, 0
2122013, 6985589, 0, 0
2123008, 7422605, 0, 0
2124035, 6710372, 0, 0
2125007, 7418686, 0, 0
2126044, 7245129, 0, 0
2127010, 7777607, 0, 0
2128044, 7224866, 0, 0
2129027, 7278970, 0, 0
2130053, 6931861, 0, 0
2131038, 7349757, 0, 0
2132003, 7359606, 0, 0
2133024, 7243916, 0, 0
2134046, 7244312, 0, 0
2135041, 7888282, 0, 0
2136045, 7119237, 0, 0
2137048, 8155463, 0, 0
2138002, 7689547, 0, 0
2139051, 7281696, 0, 0
2140023, 7251443, 0, 0
2141029, 6838123, 0, 0
2142000, 7194013, 0, 0
2143035, 7231179, 0, 0
2144054, 7325527, 0, 0
2145011, 7252421, 0, 0
2146018, 7396267, 0, 0
2147039, 7143822, 0, 0
2148003, 6928386, 0, 0
2149032, 7454256, 0, 0
2150020, 6907401, 0, 0
2151011, 7231932, 0, 0
2152030, 7222511, 0, 0
2153012, 7165096, 0, 0
2154069, 7286267, 0, 0
2155022, 6899422, 0, 0
2156059, 7566833, 0, 0
2157000, 6865958, 0, 0
2158038, 7413873, 0, 0
2159027, 7377949, 0, 0
2160029, 7587995, 0, 0
2161017, 7106248, 0, 0
2162064, 7366451, 0, 0
2163008, 7313675, 0, 0
2164011, 7112797, 0, 0
2165038, 6935214, 0, 0
2166049, 7657435, 0, 0
2167028, 7410834, 0, 0
2168004, 7341057, 0, 0
2169012, 7146656, 0, 0
2170017, 7383480, 0, 0
2171022, 7552132, 0, 0
2172047, 6921223, 0, 0
2173050, 7161614, 0, 0
2174007, 7362246, 0, 0
2175038, 7309457, 0, 0
2176036, 7670115, 0, 0
2177060, 7062774, 0, 0
2178042, 7326527, 0, 0
2179032, 7614093, 0, 0
2180001, 7393960, 0, 0
2181023, 7081802, 0, 0
2182034, 7485738, 0, 0
2183036, 7475850, 0, 0
2184009, 7310372, 0, 0
2185008, 7345980, 0, 0
2186039, 7155934, 0, 0
2187023, 7396525, 0, 0
2188052, 7187220, 0, 0
2189023, 7139995, 0, 0
2190055, 7116678, 0, 0
2191057, 7471136, 0, 0
2192057, 7460720, 0, 0
2193003, 7007960, 0, 0
2194025, 7144025, 0, 0
2195049, 7105035, 0, 0
2196057, 7044741, 0, 0
2197008, 6837597, 0, 0
2198033, 6921893, 0, 0
2199058, 7268192, 0, 0
2200030, 7904961, 0, 0
2201010, 7586892, 0, 0
2202028, 7168141, 0, 0
2203008, 7536136, 0, 0
2204042, 7082262, 0, 0
2205027, 6980705, 0, 0
2206064, 7050138, 0, 0
2207035, 7194612, 0, 0
2208017, 7431246, 0, 0
2209053, 7290985, 0, 0
2210013, 7112381, 0, 0
2211029, 7205598, 0, 0
2212009, 7256018, 0, 0
2213047, 7303459, 0, 0
2214012, 7201042, 0, 0
2215002, 7438503, 0, 0
2216055, 7362429, 0, 0
2217024, 7123481, 0, 0
2218051, 6841074, 0, 0
2219007, 7184992, 0, 0
2220011, 7487795, 0, 0
2221032, 6989296, 0, 0
2222026, 7361395, 0, 0
2223045, 6884595, 0, 0
2224010, 6988825, 0, 0
2225010, 7041304, 0, 0
2226015, 7172628, 0, 0
2227053, 7357148, 0, 0
2228061, 7101500, 0, 0
2229050, 6957959, 0, 0
2230029, 7473108, 0, 0
2231028, 7084787, 0, 0
2232011, 7018042, 0, 0
2233020, 7097352, 0, 0
2234031, 7169685, 0, 0
2235005, 6907238, 0, 0
2236025, 6979976, 0, 0
2237057, 7115238, 0, 0
2238010, 7274437, 0, 0
2239061, 7450495, 0, 0
2240011, 7245187, 0, 0
2241058, 7323482, 0, 0
2242066, 7298680, 0, 0
2243025, 7263268, 0, 0
2244039, 7087524, 0, 0
2245037, 7280651, 0, 0
2246054, 7762151, 0, 0
2247015, 7115363, 0, 0
2248049, 7545474, 0, 0
2249048, 7564653, 0, 0
2250013, 7713346, 0, 0
2251011, 8674848, 0, 0
2252039, 7186055, 0, 0
2253066, 7334644, 0, 0
2254004, 7560908, 0, 0
2255022, 7592376, 0, 0
2256012, 7277329, 0, 0
2257081, 7321695, 0, 0
2258025, 7259050, 0, 0
2259001, 7387815, 0, 0
2260009, 7094081, 0, 0
2261006, 7382366, 0, 0
2262005, 7036961, 0, 0
2263003, 7558716, 0, 0
2264013, 7424308, 0, 0
2265042, 7191978, 0, 0
2266009, 7318726, 0, 0
2267008, 7135079, 0, 0
2268036, 7183887, 0, 0
2269002, 7369005, 0, 0
2270045, 7293703, 0, 0
2271007, 7342212, 0, 0
2272049, 7231496, 0, 0
2273038, 7059357, 0, 0
2274020, 7220203, 0, 0
2275047, 7131122, 0, 0
2276021, 7317061, 0, 0
2277016, 6953165, 0, 0
2278035, 6977770, 0, 0
2279008, 7262390, 0, 0
2280053, 7055151, 0, 0
2281036, 8191743, 0, 0
2282027, 6974224, 0, 0
2283045, 7480631, 0, 0
2284049, 7323979, 0, 0
2285052, 7015461, 0, 0
2286018, 7257369, 0, 0
2287030, 7228614, 0, 0
2288003, 7312889, 0, 0
2289025, 7142342, 0, 0
2290003, 7238212, 0, 0
2291003, 7249300, 0, 0
2292027, 7059880, 0, 0
2293033, 7392399, 0, 0
2294010, 7393509, 0, 0
2295022, 7026778, 0, 0
2296045, 7930389, 0, 0
2297035, 7436095, 0, 0
2298064, 7619719, 0, 0
2299042, 7089473, 0, 0
2300038, 7369019, 0, 0
2301050, 7079127, 0, 0
2302015, 7139296, 0, 0
2303064, 7549118, 0, 0
2304046, 7265553, 0, 0
2305018, 7363059, 0, 0
2306027, 7417614, 0, 0
2307000, 7151077, 0, 0
2308046, 7412848, 0, 0
2309061, 7409419, 0, 0
2310008, 7338127, 0, 0
2311008, 7140806, 0, 0
2312034, 7275893, 0, 0
2313004, 7235895, 0, 0
2314006, 7525577, 0, 0
2315038, 7163913, 0, 0
2316001, 7128800, 0, 0
2317040, 7368862, 0, 0
2318043, 6866382, 0, 0
2319014, 7895814, 0, 0
2320036, 6994394, 0, 0
2321045, 7525274, 0, 0
2322047, 7646642, 0, 0
2323047, 6849921, 0, 0
2324014, 7262892, 0, 0
2325015, 7000497, 0, 0
2326035, 7175666, 0, 0
2327007, 7359822, 0, 0
2328001, 7258231, 0, 0
2329009, 6714836, 0, 0
2330011, 7054385, 0, 0
2331014, 7480999, 0, 0
2332055, 6802041, 0, 0
2333041, 7466880, 0, 0
2334011, 7231275, 0, 0
2335017, 7138385, 0, 0
2336030, 7078321, 0, 0
2337035, 7386756, 0, 0
2338012, 7231636, 0, 0
2339043, 7471674, 0, 0
2340056, 7031812, 0, 0
2341002, 7164917, 0, 0
2342005, 6770208, 0, 0
2343046, 7332581, 0, 0
2344004, 7360443, 0, 0
2345054, 7499674, 0, 0
2346046, 7456235, 0, 0
2347030, 7509636, 0, 0
2348038, 7141540, 0, 0
2349012, 7669200, 0, 0
2350056, 7200387, 0, 0
2351041, 7457436, 0, 0
2352061, 6985401, 0, 0
2353004, 7537557, 0, 0
2354040, 7245041, 0, 0
2355030, 7730236, 0, 0
2356046, 7148500, 0, 0
2357001, 7183153, 0, 0
2358010, 6951440, 0, 0
2359015, 7128466, 0, 0
2360035, 6933876, 0, 0
2361058, 7467149, 0, 0
2362013, 7698642, 0, 0
2363020, 7185561, 0, 0
2364021, 7151450, 0, 0
2365025, 7017207, 0, 0
2366037, 7119270, 0, 0
2367044, 7351975, 0, 0
2368055, 7014279, 0, 0
2369029, 7319981, 0, 0
2370026, 6974160, 0, 0
2371040, 7290039, 0, 0
2372028, 7101690, 0, 0
2373013, 7293755, 0, 0
2374024, 7325151, 0, 0
2375012, 7315720, 0, 0
2376033, 6987628, 0, 0
2377048, 7149438, 0, 0
2378028, 6850172, 0, 0
2379041, 7183608, 0, 0
2380009, 7114244, 0, 0
2381015, 7612270, 0, 0
2382035, 6986111, 0, 0
2383063, 7341068, 0, 0
2384024, 6908789, 0, 0
2385007, 7556993, 0, 0
2386017, 7266346, 0, 0
2387051, 7380746, 0, 0
2388055, 7662867, 0, 0
2389011, 7184725, 0, 0
2390028, 7528988, 0, 0
2391007, 6846249, 0, 0
2392007, 7349969, 0, 0
2393055, 6893224, 0, 0
2394058, 7312892, 0, 0
2395040, 7169538, 0, 0
2396024, 7446016, 0, 0
2397044, 7084434, 0, 0
2398031, 6711621, 0, 0
2399005, 7262033, 0, 0
2400001, 7488749, 0, 0
