1000, 164, 0, 0
1999, 328, 0, 0
2999, 182, 0, 0
4000, 167, 0, 0
5000, 288, 0, 0
5999, 184, 0, 0
7000, 288, 0, 0
8000, 327, 0, 0
8999, 201, 0, 0
9999, 301, 0, 0
11000, 515, 0, 0
11999, 163, 0, 0
12999, 189, 0, 0
13999, 191, 0, 0
15000, 162, 0, 0
15999, 224, 0, 0
16999, 445, 0, 0
18000, 191, 0, 0
18999, 158, 0, 0
19999, 156, 0, 0
20999, 681, 0, 0
22000, 364, 0, 0
23000, 252, 0, 0
23999, 173, 0, 0
25000, 185, 0, 0
25999, 282, 0, 0
26999, 181, 0, 0
28000, 467, 0, 0
29000, 331, 0, 0
29999, 218, 0, 0
30999, 167, 0, 0
32000, 166, 0, 0
33000, 202, 0, 0
33999, 199, 0, 0
35000, 320, 0, 0
36000, 171, 0, 0
36999, 311, 0, 0
37999, 332, 0, 0
39000, 193, 0, 0
39999, 340, 0, 0
40999, 145, 0, 0
42000, 155, 0, 0
42999, 204, 0, 0
43999, 563, 0, 0
45000, 335, 0, 0
46000, 155, 0, 0
46999, 177, 0, 0
47999, 200, 0, 0
48999, 317, 0, 0
50000, 192, 0, 0
50999, 323, 0, 0
51999, 166, 0, 0
53000, 150, 0, 0
54000, 153, 0, 0
54999, 190, 0, 0
56000, 180, 0, 0
57000, 146, 0, 0
57999, 159, 0, 0
59000, 153, 0, 0
60000, 144, 0, 0
60999, 152, 0, 0
62000, 174, 0, 0
63000, 169, 0, 0
63999, 176, 0, 0
64999, 157, 0, 0
66000, 142, 0, 0
66999, 154, 0, 0
67999, 150, 0, 0
69000, 268, 0, 0
70000, 271, 0, 0
70999, 189, 0, 0
71999, 176, 0, 0
73000, 169, 0, 0
73999, 189, 0, 0
74999, 194, 0, 0
76000, 193, 0, 0
77000, 171, 0, 0
77999, 164, 0, 0
79000, 174, 0, 0
80000, 225, 0, 0
80999, 230, 0, 0
82000, 182, 0, 0
83000, 182, 0, 0
83999, 206, 0, 0
84999, 194, 0, 0
86000, 195, 0, 0
87000, 204, 0, 0
87999, 179, 0, 0
88999, 324, 0, 0
90000, 192, 0, 0
90999, 183, 0, 0
91999, 313, 0, 0
93000, 260, 0, 0
93999, 257, 0, 0
94999, 163, 0, 0
96000, 157, 0, 0
96999, 383, 0, 0
97999, 242, 0, 0
99000, 214, 0, 0
99999, 325, 0, 0
100999, 204, 0, 0
102000, 180, 0, 0
103000, 182, 0, 0
103999, 398, 0, 0
105000, 195, 0, 0
106000, 182, 0, 0
106999, 193, 0, 0
108000, 213, 0, 0
109000, 189, 0, 0
109999, 162, 0, 0
111000, 173, 0, 0
112000, 187, 0, 0
112999, 155, 0, 0
114000, 149, 0, 0
115000, 207, 0, 0
115999, 196, 0, 0
116999, 206, 0, 0
118000, 195, 0, 0
118999, 211, 0, 0
119999, 173, 0, 0
121000, 168, 0, 0
121999, 187, 0, 0
122999, 190, 0, 0
124000, 195, 0, 0
125000, 158, 0, 0
125999, 236, 0, 0
127000, 229, 0, 0
128000, 151, 0, 0
128999, 202, 0, 0
130000, 149, 0, 0
131000, 156, 0, 0
131999, 171, 0, 0
133000, 189, 0, 0
134000, 213, 0, 0
134999, 156, 0, 0
135999, 141, 0, 0
137000, 196, 0, 0
137999, 190, 0, 0
138999, 181, 0, 0
140000, 207, 0, 0
140999, 215, 0, 0
141999, 219, 0, 0
143000, 333, 0, 0
143999, 197, 0, 0
144999, 156, 0, 0
146000, 203, 0, 0
146999, 176, 0, 0
147999, 157, 0, 0
149000, 180, 0, 0
149999, 157, 0, 0
150999, 225, 0, 0
152000, 192, 0, 0
152999, 178, 0, 0
154000, 186, 0, 0
155000, 221, 0, 0
155999, 211, 0, 0
156999, 197, 0, 0
158000, 181, 0, 0
158999, 231, 0, 0
159999, 198, 0, 0
161000, 201, 0, 0
162000, 226, 0, 0
162999, 160, 0, 0
164000, 151, 0, 0
165000, 221, 0, 0
165999, 246, 0, 0
167000, 157, 0, 0
168000, 234, 0, 0
168999, 170, 0, 0
169999, 196, 0, 0
171000, 200, 0, 0
171999, 204, 0, 0
172999, 215, 0, 0
174000, 158, 0, 0
175000, 182, 0, 0
175999, 226, 0, 0
177000, 179, 0, 0
178000, 135, 0, 0
178999, 172, 0, 0
180000, 180, 0, 0
180999, 251, 0, 0
181999, 244, 0, 0
183000, 227, 0, 0
183999, 227, 0, 0
184999, 205, 0, 0
186000, 195, 0, 0
186999, 183, 0, 0
187999, 182, 0, 0
189000, 178, 0, 0
189999, 173, 0, 0
190999, 225, 0, 0
192000, 178, 0, 0
192999, 222, 0, 0
194000, 221, 0, 0
195000, 201, 0, 0
195999, 218, 0, 0
196999, 154, 0, 0
198000, 174, 0, 0
198999, 193, 0, 0
200000, 232, 0, 0
201000, 242, 0, 0
201999, 220, 0, 0
203000, 176, 0, 0
204000, 208, 0, 0
204999, 180, 0, 0
206000, 217, 0, 0
207000, 212, 0, 0
207999, 221, 0, 0
209000, 229, 0, 0
210000, 220, 0, 0
210999, 195, 0, 0
212000, 223, 0, 0
213000, 167, 0, 0
213999, 201, 0, 0
214999, 259, 0, 0
216000, 188, 0, 0
216999, 185, 0, 0
217999, 209, 0, 0
219000, 180, 0, 0
219999, 216, 0, 0
220999, 249, 0, 0
222000, 225, 0, 0
222999, 177, 0, 0
223999, 187, 0, 0
225000, 206, 0, 0
225999, 216, 0, 0
226999, 239, 0, 0
228000, 242, 0, 0
228999, 208, 0, 0
229999, 204, 0, 0
231000, 200, 0, 0
232000, 218, 0, 0
232999, 183, 0, 0
234000, 209, 0, 0
235000, 201, 0, 0
235999, 174, 0, 0
237000, 204, 0, 0
238000, 211, 0, 0
238999, 218, 0, 0
240000, 218, 0, 0
241000, 193, 0, 0
241999, 196, 0, 0
242999, 196, 0, 0
244000, 187, 0, 0
244999, 209, 0, 0
246000, 216, 0, 0
247000, 249, 0, 0
247999, 204, 0, 0
249000, 193, 0, 0
250000, 183, 0, 0
250999, 194, 0, 0
252000, 180, 0, 0
253000, 199, 0, 0
253999, 236, 0, 0
254999, 181, 0, 0
256000, 181, 0, 0
256999, 197, 0, 0
257999, 209, 0, 0
259000, 237, 0, 0
259999, 218, 0, 0
260999, 176, 0, 0
262000, 273, 0, 0
263000, 201, 0, 0
263999, 187, 0, 0
265000, 201, 0, 0
266000, 226, 0, 0
266999, 243, 0, 0
268000, 201, 0, 0
268999, 211, 0, 0
269999, 221, 0, 0
271000, 191, 0, 0
272000, 197, 0, 0
272999, 242, 0, 0
273999, 210, 0, 0
275000, 192, 0, 0
275999, 197, 0, 0
276999, 224, 0, 0
278000, 235, 0, 0
278999, 226, 0, 0
279999, 230, 0, 0
281000, 227, 0, 0
282000, 238, 0, 0
282999, 226, 0, 0
284000, 213, 0, 0
285000, 235, 0, 0
285999, 205, 0, 0
286999, 236, 0, 0
288000, 245, 0, 0
288999, 207, 0, 0
289999, 263, 0, 0
291000, 211, 0, 0
292000, 213, 0, 0
292999, 226, 0, 0
294000, 181, 0, 0
295000, 199, 0, 0
295999, 214, 0, 0
296999, 210, 0, 0
298000, 244, 0, 0
298999, 220, 0, 0
299999, 223, 0, 0
301000, 220, 0, 0
301999, 227, 0, 0
302999, 206, 0, 0
304000, 212, 0, 0
304999, 208, 0, 0
305999, 210, 0, 0
307000, 206, 0, 0
308000, 237, 0, 0
308999, 223, 0, 0
310000, 196, 0, 0
311000, 221, 0, 0
311999, 164, 0, 0
313000, 252, 0, 0
314000, 200, 0, 0
314999, 214, 0, 0
316000, 193, 0, 0
317000, 220, 0, 0
317999, 216, 0, 0
318999, 227, 0, 0
320000, 232, 0, 0
320999, 184, 0, 0
321999, 209, 0, 0
323000, 214, 0, 0
323999, 224, 0, 0
324999, 203, 0, 0
326000, 218, 0, 0
326999, 180, 0, 0
327999, 186, 0, 0
329000, 205, 0, 0
329999, 211, 0, 0
330999, 217, 0, 0
332000, 213, 0, 0
332999, 197, 0, 0
333999, 217, 0, 0
335000, 227, 0, 0
335999, 191, 0, 0
337000, 229, 0, 0
338000, 218, 0, 0
338999, 193, 0, 0
339999, 227, 0, 0
341000, 218, 0, 0
341999, 229, 0, 0
342999, 211, 0, 0
344000, 223, 0, 0
344999, 165, 0, 0
345999, 216, 0, 0
347000, 210, 0, 0
348000, 212, 0, 0
348999, 202, 0, 0
350000, 238, 0, 0
351000, 220, 0, 0
351999, 165, 0, 0
352999, 225, 0, 0
354000, 230, 0, 0
354999, 235, 0, 0
355999, 221, 0, 0
357000, 202, 0, 0
357999, 207, 0, 0
358999, 216, 0, 0
360000, 210, 0, 0
360999, 210, 0, 0
361999, 217, 0, 0
363000, 232, 0, 0
363999, 220, 0, 0
364999, 220, 0, 0
366000, 196, 0, 0
367000, 196, 0, 0
367999, 213, 0, 0
368999, 188, 0, 0
370000, 207, 0, 0
371000, 243, 0, 0
371999, 202, 0, 0
372999, 196, 0, 0
374000, 214, 0, 0
374999, 218, 0, 0
375999, 215, 0, 0
377000, 221, 0, 0
377999, 196, 0, 0
378999, 224, 0, 0
380000, 207, 0, 0
381000, 226, 0, 0
381999, 219, 0, 0
383000, 253, 0, 0
384000, 180, 0, 0
384999, 195, 0, 0
385999, 208, 0, 0
387000, 169, 0, 0
387999, 250, 0, 0
388999, 191, 0, 0
390000, 208, 0, 0
390999, 211, 0, 0
392000, 188, 0, 0
393000, 199, 0, 0
393999, 187, 0, 0
395000, 221, 0, 0
396000, 218, 0, 0
396999, 199, 0, 0
398000, 212, 0, 0
398999, 196, 0, 0
399999, 199, 0, 0
401000, 227, 0, 0
402000, 219, 0, 0
402999, 189, 0, 0
404000, 223, 0, 0
405000, 177, 0, 0
405999, 186, 0, 0
407000, 191, 0, 0
408000, 213, 0, 0
408999, 228, 0, 0
410000, 231, 0, 0
411000, 190, 0, 0
411999, 206, 0, 0
413000, 192, 0, 0
413999, 201, 0, 0
414999, 205, 0, 0
416000, 232, 0, 0
416999, 175, 0, 0
417999, 183, 0, 0
419000, 219, 0, 0
419999, 200, 0, 0
420999, 187, 0, 0
422000, 223, 0, 0
422999, 195, 0, 0
423999, 203, 0, 0
425000, 208, 0, 0
425999, 190, 0, 0
426999, 216, 0, 0
428000, 195, 0, 0
428999, 196, 0, 0
429999, 200, 0, 0
431000, 208, 0, 0
431999, 219, 0, 0
432999, 192, 0, 0
434000, 197, 0, 0
434999, 191, 0, 0
436000, 193, 0, 0
437000, 196, 0, 0
437999, 196, 0, 0
439000, 196, 0, 0
440000, 205, 0, 0
440999, 218, 0, 0
442000, 198, 0, 0
443000, 199, 0, 0
443999, 203, 0, 0
444999, 219, 0, 0
446000, 200, 0, 0
446999, 195, 0, 0
447999, 235, 0, 0
449000, 191, 0, 0
449999, 196, 0, 0
451000, 178, 0, 0
451999, 207, 0, 0
452999, 197, 0, 0
454000, 219, 0, 0
454999, 213, 0, 0
455999, 194, 0, 0
457000, 196, 0, 0
457999, 205, 0, 0
458999, 192, 0, 0
460000, 228, 0, 0
460999, 190, 0, 0
461999, 201, 0, 0
463000, 213, 0, 0
463999, 206, 0, 0
464999, 218, 0, 0
466000, 203, 0, 0
466999, 206, 0, 0
467999, 207, 0, 0
469000, 194, 0, 0
469999, 198, 0, 0
470999, 183, 0, 0
472000, 205, 0, 0
472999, 178, 0, 0
473999, 182, 0, 0
475000, 211, 0, 0
475999, 199, 0, 0
476999, 229, 0, 0
478000, 217, 0, 0
478999, 209, 0, 0
480000, 205, 0, 0
481000, 202, 0, 0
481999, 188, 0, 0
482999, 195, 0, 0
484000, 184, 0, 0
484999, 187, 0, 0
485999, 198, 0, 0
487000, 225, 0, 0
487999, 208, 0, 0
488999, 188, 0, 0
490000, 199, 0, 0
490999, 186, 0, 0
491999, 196, 0, 0
493000, 222, 0, 0
493999, 187, 0, 0
494999, 209, 0, 0
496000, 208, 0, 0
496999, 203, 0, 0
497999, 216, 0, 0
499000, 180, 0, 0
499999, 213, 0, 0
500999, 190, 0, 0
502000, 196, 0, 0
502999, 178, 0, 0
503999, 208, 0, 0
505000, 204, 0, 0
505999, 211, 0, 0
506999, 201, 0, 0
508000, 201, 0, 0
508999, 204, 0, 0
510000, 201, 0, 0
511000, 211, 0, 0
511999, 154, 0, 0
513000, 223, 0, 0
513999, 194, 0, 0
514999, 200, 0, 0
516000, 203, 0, 0
517000, 193, 0, 0
517999, 225, 0, 0
519000, 203, 0, 0
520000, 200, 0, 0
520999, 212, 0, 0
521999, 201, 0, 0
523000, 184, 0, 0
523999, 203, 0, 0
524999, 184, 0, 0
526000, 175, 0, 0
526999, 217, 0, 0
527999, 168, 0, 0
529000, 213, 0, 0
529999, 184, 0, 0
530999, 207, 0, 0
532000, 184, 0, 0
532999, 200, 0, 0
533999, 198, 0, 0
535000, 211, 0, 0
536000, 170, 0, 0
536999, 222, 0, 0
538000, 204, 0, 0
539000, 193, 0, 0
539999, 200, 0, 0
541000, 199, 0, 0
542000, 203, 0, 0
542999, 204, 0, 0
543999, 223, 0, 0
545000, 197, 0, 0
545999, 211, 0, 0
546999, 188, 0, 0
548000, 183, 0, 0
548999, 221, 0, 0
549999, 210, 0, 0
551000, 192, 0, 0
552000, 198, 0, 0
552999, 215, 0, 0
554000, 183, 0, 0
555000, 195, 0, 0
555999, 186, 0, 0
557000, 199, 0, 0
558000, 202, 0, 0
558999, 213, 0, 0
560000, 193, 0, 0
561000, 212, 0, 0
561999, 187, 0, 0
563000, 206, 0, 0
564000, 200, 0, 0
564999, 209, 0, 0
565999, 202, 0, 0
567000, 195, 0, 0
567999, 197, 0, 0
568999, 180, 0, 0
570000, 209, 0, 0
570999, 200, 0, 0
571999, 194, 0, 0
573000, 215, 0, 0
573999, 205, 0, 0
574999, 217, 0, 0
576000, 204, 0, 0
576999, 197, 0, 0
577999, 219, 0, 0
579000, 187, 0, 0
580000, 208, 0, 0
580999, 212, 0, 0
582000, 187, 0, 0
583000, 223, 0, 0
583999, 188, 0, 0
585000, 220, 0, 0
586000, 196, 0, 0
586999, 222, 0, 0
588000, 201, 0, 0
588999, 190, 0, 0
589999, 204, 0, 0
591000, 202, 0, 0
592000, 200, 0, 0
592999, 219, 0, 0
594000, 182, 0, 0
595000, 202, 0, 0
595999, 186, 0, 0
596999, 198, 0, 0
598000, 199, 0, 0
598999, 196, 0, 0
599999, 200, 0, 0
601000, 197, 0, 0
601999, 225, 0, 0
602999, 193, 0, 0
604000, 184, 0, 0
604999, 197, 0, 0
605999, 204, 0, 0
607000, 206, 0, 0
607999, 190, 0, 0
608999, 201, 0, 0
610000, 202, 0, 0
611000, 196, 0, 0
611999, 191, 0, 0
613000, 198, 0, 0
614000, 201, 0, 0
614999, 213, 0, 0
616000, 207, 0, 0
617000, 185, 0, 0
617999, 212, 0, 0
619000, 201, 0, 0
619999, 188, 0, 0
620999, 220, 0, 0
622000, 210, 0, 0
623000, 195, 0, 0
623999, 204, 0, 0
625000, 198, 0, 0
625999, 189, 0, 0
626999, 184, 0, 0
628000, 211, 0, 0
628999, 199, 0, 0
629999, 195, 0, 0
631000, 205, 0, 0
631999, 189, 0, 0
632999, 206, 0, 0
634000, 178, 0, 0
634999, 209, 0, 0
635999, 198, 0, 0
637000, 189, 0, 0
637999, 226, 0, 0
638999, 192, 0, 0
640000, 220, 0, 0
640999, 191, 0, 0
641999, 203, 0, 0
643000, 212, 0, 0
644000, 203, 0, 0
644999, 198, 0, 0
645999, 214, 0, 0
647000, 184, 0, 0
647999, 194, 0, 0
649000, 190, 0, 0
650000, 207, 0, 0
651000, 217, 0, 0
652000, 217, 0, 0
653000, 188, 0, 0
654000, 215, 0, 0
655000, 195, 0, 0
656000, 184, 0, 0
657000, 175, 0, 0
658000, 196, 0, 0
659000, 201, 0, 0
660001, 202, 0, 0
661000, 195, 0, 0
662000, 203, 0, 0
663000, 206, 0, 0
664000, 215, 0, 0
665000, 215, 0, 0
666000, 200, 0, 0
667000, 217, 0, 0
668000, 210, 0, 0
669000, 175, 0, 0
670000, 201, 0, 0
671000, 179, 0, 0
672000, 170, 0, 0
673000, 202, 0, 0
674000, 195, 0, 0
675000, 187, 0, 0
676000, 214, 0, 0
677000, 196, 0, 0
678000, 198, 0, 0
679000, 199, 0, 0
680000, 212, 0, 0
681000, 195, 0, 0
682000, 204, 0, 0
683000, 196, 0, 0
684000, 199, 0, 0
685000, 182, 0, 0
686000, 210, 0, 0
687000, 216, 0, 0
688000, 203, 0, 0
689000, 213, 0, 0
690000, 205, 0, 0
691000, 215, 0, 0
692000, 190, 0, 0
693000, 172, 0, 0
694000, 215, 0, 0
695000, 215, 0, 0
696000, 195, 0, 0
697000, 213, 0, 0
698000, 196, 0, 0
699000, 204, 0, 0
700000, 182, 0, 0
701000, 200, 0, 0
702000, 178, 0, 0
703000, 202, 0, 0
703999, 192, 0, 0
705000, 221, 0, 0
706000, 189, 0, 0
706999, 195, 0, 0
707999, 180, 0, 0
708999, 194, 0, 0
709999, 189, 0, 0
710999, 195, 0, 0
711998, 221, 0, 0
712999, 202, 0, 0
713998, 205, 0, 0
714998, 190, 0, 0
715998, 188, 0, 0
716997, 189, 0, 0
717998, 212, 0, 0
718998, 200, 0, 0
719997, 198, 0, 0
720997, 189, 0, 0
721997, 184, 0, 0
722997, 197, 0, 0
723997, 205, 0, 0
724996, 178, 0, 0
725996, 186, 0, 0
726996, 197, 0, 0
727996, 193, 0, 0
728996, 205, 0, 0
729995, 183, 0, 0
730996, 193, 0, 0
731995, 211, 0, 0
732995, 210, 0, 0
733994, 205, 0, 0
734995, 194, 0, 0
735995, 197, 0, 0
736994, 211, 0, 0
737994, 184, 0, 0
738994, 190, 0, 0
739994, 195, 0, 0
740993, 177, 0, 0
741993, 189, 0, 0
742993, 200, 0, 0
743993, 206, 0, 0
744993, 182, 0, 0
745992, 191, 0, 0
746993, 219, 0, 0
747992, 187, 0, 0
748992, 174, 0, 0
749992, 207, 0, 0
750991, 186, 0, 0
751992, 223, 0, 0
752992, 186, 0, 0
753991, 197, 0, 0
754991, 201, 0, 0
755991, 207, 0, 0
756991, 201, 0, 0
758000, 192, 0, 0
758991, 210, 0, 0
759999, 189, 0, 0
761000, 195, 0, 0
761999, 199, 0, 0
762999, 195, 0, 0
764000, 207, 0, 0
765000, 185, 0, 0
765999, 201, 0, 0
767000, 192, 0, 0
768000, 189, 0, 0
768999, 197, 0, 0
769999, 205, 0, 0
771000, 215, 0, 0
772000, 188, 0, 0
772999, 204, 0, 0
774000, 209, 0, 0
775000, 198, 0, 0
775999, 190, 0, 0
776999, 173, 0, 0
778000, 206, 0, 0
778999, 182, 0, 0
779999, 189, 0, 0
781000, 211, 0, 0
781999, 200, 0, 0
782999, 200, 0, 0
784000, 187, 0, 0
784999, 196, 0, 0
785999, 206, 0, 0
787000, 190, 0, 0
787999, 197, 0, 0
788999, 207, 0, 0
790000, 186, 0, 0
791000, 201, 0, 0
791999, 183, 0, 0
793000, 172, 0, 0
794000, 199, 0, 0
794999, 186, 0, 0
796000, 193, 0, 0
797000, 210, 0, 0
797999, 215, 0, 0
799000, 175, 0, 0
799999, 199, 0, 0
800999, 182, 0, 0
802000, 195, 0, 0
802999, 191, 0, 0
803999, 224, 0, 0
805000, 164, 0, 0
805999, 180, 0, 0
806999, 190, 0, 0
808000, 189, 0, 0
808999, 192, 0, 0
809999, 187, 0, 0
811000, 187, 0, 0
811999, 201, 0, 0
812999, 183, 0, 0
814000, 196, 0, 0
814999, 178, 0, 0
815999, 202, 0, 0
817000, 212, 0, 0
817999, 183, 0, 0
819000, 187, 0, 0
820000, 179, 0, 0
820999, 195, 0, 0
822000, 215, 0, 0
823000, 170, 0, 0
823999, 213, 0, 0
825000, 186, 0, 0
826000, 207, 0, 0
826999, 179, 0, 0
828000, 183, 0, 0
829000, 193, 0, 0
829999, 189, 0, 0
831000, 192, 0, 0
832000, 189, 0, 0
832999, 170, 0, 0
834000, 188, 0, 0
835000, 193, 0, 0
835999, 186, 0, 0
837000, 184, 0, 0
838000, 174, 0, 0
838999, 169, 0, 0
840000, 198, 0, 0
841000, 159, 0, 0
841999, 197, 0, 0
843000, 193, 0, 0
843999, 191, 0, 0
844999, 200, 0, 0
846000, 175, 0, 0
847000, 175, 0, 0
847999, 192, 0, 0
849000, 208, 0, 0
850000, 180, 0, 0
850999, 180, 0, 0
852000, 181, 0, 0
853000, 170, 0, 0
853999, 173, 0, 0
855000, 188, 0, 0
856000, 180, 0, 0
856999, 194, 0, 0
858000, 185, 0, 0
859000, 188, 0, 0
859999, 177, 0, 0
861000, 182, 0, 0
862000, 181, 0, 0
862999, 183, 0, 0
864000, 190, 0, 0
865000, 183, 0, 0
865999, 199, 0, 0
867000, 178, 0, 0
868000, 173, 0, 0
868999, 169, 0, 0
870000, 177, 0, 0
871000, 178, 0, 0
871999, 175, 0, 0
873000, 169, 0, 0
874000, 181, 0, 0
874999, 189, 0, 0
876000, 195, 0, 0
877000, 174, 0, 0
877999, 172, 0, 0
878999, 159, 0, 0
880000, 156, 0, 0
880999, 163, 0, 0
881999, 188, 0, 0
883000, 180, 0, 0
883999, 174, 0, 0
884999, 183, 0, 0
886000, 162, 0, 0
886999, 171, 0, 0
887999, 168, 0, 0
889000, 159, 0, 0
889999, 174, 0, 0
891000, 187, 0, 0
892000, 160, 0, 0
892999, 172, 0, 0
894000, 182, 0, 0
895000, 179, 0, 0
895999, 159, 0, 0
897000, 171, 0, 0
898000, 166, 0, 0
898999, 178, 0, 0
900000, 170, 0, 0
901000, 170, 0, 0
901999, 160, 0, 0
903000, 178, 0, 0
904000, 168, 0, 0
904999, 172, 0, 0
906000, 195, 0, 0
907000, 169, 0, 0
907999, 190, 0, 0
909000, 159, 0, 0
909999, 163, 0, 0
910999, 166, 0, 0
912000, 166, 0, 0
913000, 179, 0, 0
913999, 180, 0, 0
915000, 167, 0, 0
916000, 163, 0, 0
916999, 173, 0, 0
918000, 163, 0, 0
918999, 168, 0, 0
919999, 182, 0, 0
921000, 192, 0, 0
921999, 163, 0, 0
922999, 165, 0, 0
924000, 167, 0, 0
924999, 153, 0, 0
925999, 167, 0, 0
927000, 160, 0, 0
927999, 173, 0, 0
928999, 179, 0, 0
930000, 157, 0, 0
930999, 166, 0, 0
931999, 176, 0, 0
933000, 162, 0, 0
933999, 159, 0, 0
934999, 168, 0, 0
936000, 160, 0, 0
936999, 160, 0, 0
937999, 172, 0, 0
939000, 164, 0, 0
939999, 178, 0, 0
940999, 165, 0, 0
942000, 176, 0, 0
942999, 165, 0, 0
943999, 165, 0, 0
945000, 156, 0, 0
945999, 159, 0, 0
946999, 165, 0, 0
948000, 157, 0, 0
948999, 151, 0, 0
950000, 155, 0, 0
950999, 151, 0, 0
951999, 155, 0, 0
953000, 153, 0, 0
954000, 149, 0, 0
954999, 148, 0, 0
956000, 165, 0, 0
956999, 164, 0, 0
957999, 160, 0, 0
959000, 160, 0, 0
959999, 158, 0, 0
960999, 150, 0, 0
962000, 156, 0, 0
962999, 144, 0, 0
963999, 154, 0, 0
965000, 160, 0, 0
965999, 151, 0, 0
966999, 157, 0, 0
968000, 161, 0, 0
968999, 146, 0, 0
969999, 160, 0, 0
971000, 158, 0, 0
971999, 118, 0, 0
972999, 156, 0, 0
974000, 156, 0, 0
974999, 154, 0, 0
975999, 152, 0, 0
977000, 156, 0, 0
977999, 160, 0, 0
978999, 150, 0, 0
980000, 141, 0, 0
980999, 158, 0, 0
981999, 152, 0, 0
983000, 147, 0, 0
983999, 135, 0, 0
984999, 164, 0, 0
986000, 145, 0, 0
986999, 145, 0, 0
988000, 155, 0, 0
989000, 154, 0, 0
989999, 145, 0, 0
991000, 145, 0, 0
992000, 158, 0, 0
992999, 154, 0, 0
994000, 143, 0, 0
995000, 152, 0, 0
995999, 156, 0, 0
997000, 143, 0, 0
998000, 149, 0, 0
998999, 139, 0, 0
1000000, 154, 0, 0
1001000, 151, 0, 0
1001999, 137, 0, 0
1003000, 143, 0, 0
1004000, 135, 0, 0
1004999, 158, 0, 0
1005999, 147, 0, 0
1007000, 143, 0, 0
1007999, 139, 0, 0
1008999, 151, 0, 0
1010000, 148, 0, 0
1010999, 144, 0, 0
1011999, 147, 0, 0
1013000, 148, 0, 0
1013999, 133, 0, 0
1015000, 145, 0, 0
1016000, 152, 0, 0
1016999, 149, 0, 0
1018000, 145, 0, 0
1019000, 141, 0, 0
1019999, 129, 0, 0
1020999, 145, 0, 0
1022000, 134, 0, 0
1022999, 137, 0, 0
1024000, 153, 0, 0
1025000, 156, 0, 0
1025999, 138, 0, 0
1026999, 143, 0, 0
1028000, 148, 0, 0
1028999, 134, 0, 0
1029999, 142, 0, 0
1031000, 144, 0, 0
1031999, 139, 0, 0
1032999, 140, 0, 0
1034000, 133, 0, 0
1034999, 143, 0, 0
1035999, 135, 0, 0
1037000, 128, 0, 0
1037999, 149, 0, 0
1038999, 143, 0, 0
1040000, 137, 0, 0
1040999, 146, 0, 0
1041999, 144, 0, 0
1043000, 131, 0, 0
1043999, 136, 0, 0
1044999, 132, 0, 0
1046000, 143, 0, 0
1046999, 134, 0, 0
1047999, 141, 0, 0
1049000, 133, 0, 0
1049999, 117, 0, 0
1050999, 133, 0, 0
1052000, 154, 0, 0
1053000, 125, 0, 0
1053999, 133, 0, 0
1055000, 141, 0, 0
1056000, 137, 0, 0
1056999, 133, 0, 0
1058000, 135, 0, 0
1059000, 143, 0, 0
1059999, 138, 0, 0
1061000, 137, 0, 0
1062000, 133, 0, 0
1062999, 134, 0, 0
1063999, 141, 0, 0
1065000, 142, 0, 0
1065999, 138, 0, 0
1066999, 141, 0, 0
1068000, 136, 0, 0
1068999, 147, 0, 0
1069999, 127, 0, 0
1071000, 141, 0, 0
1071999, 144, 0, 0
1072999, 123, 0, 0
1074000, 141, 0, 0
1074999, 136, 0, 0
1075999, 139, 0, 0
1077000, 140, 0, 0
1078000, 141, 0, 0
1078999, 129, 0, 0
1080000, 135, 0, 0
1081000, 131, 0, 0
1081999, 141, 0, 0
1083000, 132, 0, 0
1084000, 129, 0, 0
1084999, 141, 0, 0
1086000, 131, 0, 0
1087000, 139, 0, 0
1087999, 134, 0, 0
1088999, 139, 0, 0
1090000, 130, 0, 0
1090999, 131, 0, 0
1091999, 136, 0, 0
1093000, 129, 0, 0
1093999, 132, 0, 0
1094999, 132, 0, 0
1096000, 130, 0, 0
1097000, 142, 0, 0
1097999, 127, 0, 0
1098999, 132, 0, 0
1100000, 143, 0, 0
1100999, 133, 0, 0
1101999, 133, 0, 0
1103000, 141, 0, 0
1103999, 133, 0, 0
1104999, 139, 0, 0
1106000, 129, 0, 0
1106999, 142, 0, 0
1107999, 142, 0, 0
1109000, 141, 0, 0
1110000, 132, 0, 0
1110999, 132, 0, 0
1112000, 132, 0, 0
1113000, 129, 0, 0
1113999, 139, 0, 0
1114999, 148, 0, 0
1116000, 143, 0, 0
1116999, 132, 0, 0
1117999, 130, 0, 0
1119000, 136, 0, 0
1119999, 143, 0, 0
1120999, 133, 0, 0
1122000, 129, 0, 0
1123000, 137, 0, 0
1123999, 130, 0, 0
1125000, 129, 0, 0
1126000, 147, 0, 0
1126999, 121, 0, 0
1127999, 129, 0, 0
1129000, 139, 0, 0
1129999, 141, 0, 0
1130999, 130, 0, 0
1132000, 130, 0, 0
1133000, 133, 0, 0
1133999, 149, 0, 0
1135000, 132, 0, 0
1136000, 140, 0, 0
1136999, 138, 0, 0
1137999, 142, 0, 0
1139000, 124, 0, 0
1140000, 143, 0, 0
1140999, 141, 0, 0
1142000, 129, 0, 0
1143000, 137, 0, 0
1144000, 124, 0, 0
1144999, 128, 0, 0
1145999, 134, 0, 0
1146999, 137, 0, 0
1148000, 144, 0, 0
1149000, 130, 0, 0
1150000, 139, 0, 0
1151000, 130, 0, 0
1151999, 130, 0, 0
1152999, 139, 0, 0
1154000, 132, 0, 0
1155000, 139, 0, 0
1156000, 133, 0, 0
1157000, 134, 0, 0
1157999, 145, 0, 0
1158999, 136, 0, 0
1159999, 133, 0, 0
1161000, 145, 0, 0
1162000, 134, 0, 0
1163000, 143, 0, 0
1164000, 136, 0, 0
1164999, 139, 0, 0
1165999, 130, 0, 0
1166999, 137, 0, 0
1168000, 143, 0, 0
1169000, 133, 0, 0
1170000, 147, 0, 0
1171000, 139, 0, 0
1171999, 140, 0, 0
1172999, 132, 0, 0
1173999, 133, 0, 0
1175000, 144, 0, 0
1176000, 132, 0, 0
1177000, 147, 0, 0
1178000, 131, 0, 0
1178999, 142, 0, 0
1179999, 151, 0, 0
1180999, 135, 0, 0
1182000, 131, 0, 0
1183000, 143, 0, 0
1184000, 139, 0, 0
1185000, 132, 0, 0
1185999, 142, 0, 0
1186999, 137, 0, 0
1188000, 137, 0, 0
1189000, 140, 0, 0
1190000, 134, 0, 0
1191000, 136, 0, 0
1192000, 142, 0, 0
1192999, 133, 0, 0
1193999, 144, 0, 0
1195000, 138, 0, 0
1196000, 130, 0, 0
1197000, 140, 0, 0
1198000, 126, 0, 0
1198999, 141, 0, 0
1199999, 135, 0, 0
1200999, 133, 0, 0
1202000, 142, 0, 0
1203000, 132, 0, 0
1204000, 135, 0, 0
1205000, 142, 0, 0
1205999, 141, 0, 0
1207000, 134, 0, 0
1208000, 141, 0, 0
1209000, 134, 0, 0
1210000, 133, 0, 0
1211000, 143, 0, 0
1211999, 131, 0, 0
1212999, 158, 0, 0
1214000, 143, 0, 0
1215000, 135, 0, 0
1216000, 140, 0, 0
1217000, 137, 0, 0
1217999, 147, 0, 0
1218999, 148, 0, 0
1220000, 134, 0, 0
1221000, 131, 0, 0
1222000, 135, 0, 0
1223000, 138, 0, 0
1223999, 134, 0, 0
1224999, 136, 0, 0
1226000, 141, 0, 0
1227000, 142, 0, 0
1228000, 138, 0, 0
1229000, 136, 0, 0
1230000, 132, 0, 0
1230999, 133, 0, 0
1231999, 148, 0, 0
1233000, 136, 0, 0
1234000, 122, 0, 0
1235000, 142, 0, 0
1236000, 133, 0, 0
1237000, 133, 0, 0
1238000, 145, 0, 0
1238999, 153, 0, 0
1239999, 145, 0, 0
1241000, 131, 0, 0
1242000, 142, 0, 0
1243000, 133, 0, 0
1244000, 145, 0, 0
1245000, 139, 0, 0
1246000, 134, 0, 0
1246999, 143, 0, 0
1247999, 141, 0, 0
1248999, 142, 0, 0
1250000, 135, 0, 0
1251000, 138, 0, 0
1252000, 144, 0, 0
1253000, 135, 0, 0
1254000, 129, 0, 0
1255000, 132, 0, 0
1255999, 144, 0, 0
1256999, 145, 0, 0
1258000, 135, 0, 0
1259000, 121, 0, 0
1260000, 134, 0, 0
1261000, 141, 0, 0
1262000, 167, 0, 0
1263000, 137, 0, 0
1263999, 146, 0, 0
1264999, 141, 0, 0
1266000, 133, 0, 0
1267000, 142, 0, 0
1268000, 144, 0, 0
1269000, 130, 0, 0
1270000, 142, 0, 0
1271000, 130, 0, 0
1272000, 136, 0, 0
1272999, 131, 0, 0
1273999, 138, 0, 0
1275000, 139, 0, 0
1276000, 134, 0, 0
1277000, 142, 0, 0
1278000, 124, 0, 0
1279000, 127, 0, 0
1280000, 142, 0, 0
1281000, 145, 0, 0
1281999, 134, 0, 0
1282999, 134, 0, 0
1284000, 145, 0, 0
1285000, 146, 0, 0
1286000, 143, 0, 0
1287000, 140, 0, 0
1288000, 144, 0, 0
1289000, 137, 0, 0
1289999, 133, 0, 0
1290999, 148, 0, 0
1292000, 135, 0, 0
1293000, 134, 0, 0
1294000, 142, 0, 0
1295000, 135, 0, 0
1296000, 140, 0, 0
1297000, 132, 0, 0
1297999, 135, 0, 0
1298999, 127, 0, 0
1300000, 146, 0, 0
1301000, 137, 0, 0
1302000, 134, 0, 0
1303000, 134, 0, 0
1304000, 141, 0, 0
1305000, 135, 0, 0
1306000, 134, 0, 0
1306999, 143, 0, 0
1307999, 134, 0, 0
1308999, 143, 0, 0
1310000, 144, 0, 0
1311000, 139, 0, 0
1312000, 146, 0, 0
1313000, 150, 0, 0
1314000, 138, 0, 0
1315000, 141, 0, 0
1315999, 143, 0, 0
1316999, 139, 0, 0
1317999, 133, 0, 0
1319000, 128, 0, 0
1320000, 137, 0, 0
1321000, 148, 0, 0
1322000, 140, 0, 0
1323000, 131, 0, 0
1323999, 131, 0, 0
1324999, 145, 0, 0
1325999, 130, 0, 0
1327000, 145, 0, 0
1328000, 133, 0, 0
1329000, 140, 0, 0
1330000, 148, 0, 0
1331000, 132, 0, 0
1332000, 122, 0, 0
1332999, 144, 0, 0
1333999, 134, 0, 0
1334999, 143, 0, 0
1336000, 125, 0, 0
1337000, 147, 0, 0
1338000, 132, 0, 0
1339000, 146, 0, 0
1340000, 144, 0, 0
1341000, 130, 0, 0
1341999, 136, 0, 0
1342999, 142, 0, 0
1344000, 147, 0, 0
1345000, 142, 0, 0
1346000, 132, 0, 0
1347000, 136, 0, 0
1348000, 134, 0, 0
1349000, 140, 0, 0
1350000, 138, 0, 0
1350999, 134, 0, 0
1351999, 136, 0, 0
1353000, 141, 0, 0
1354000, 137, 0, 0
1355000, 144, 0, 0
1356000, 144, 0, 0
1357000, 142, 0, 0
1358000, 142, 0, 0
1358999, 143, 0, 0
1359999, 147, 0, 0
1360999, 141, 0, 0
1362000, 137, 0, 0
1363000, 136, 0, 0
1364000, 152, 0, 0
1365000, 149, 0, 0
1366000, 125, 0, 0
1367000, 134, 0, 0
1367999, 143, 0, 0
1368999, 134, 0, 0
1370000, 146, 0, 0
1371000, 145, 0, 0
1372000, 143, 0, 0
1373000, 142, 0, 0
1374000, 143, 0, 0
1375000, 129, 0, 0
1376000, 140, 0, 0
1376999, 142, 0, 0
1377999, 139, 0, 0
1379000, 139, 0, 0
1380000, 140, 0, 0
1381000, 137, 0, 0
1382000, 142, 0, 0
1383000, 134, 0, 0
1384000, 143, 0, 0
1384999, 137, 0, 0
1385999, 136, 0, 0
1387000, 147, 0, 0
1388000, 121, 0, 0
1389000, 136, 0, 0
1390000, 143, 0, 0
1391000, 135, 0, 0
1392000, 145, 0, 0
1392999, 139, 0, 0
1393999, 132, 0, 0
1395000, 136, 0, 0
1396000, 148, 0, 0
1397000, 131, 0, 0
1398000, 135, 0, 0
1399000, 145, 0, 0
1400000, 132, 0, 0
1401000, 142, 0, 0
1401999, 140, 0, 0
1402999, 142, 0, 0
1404000, 133, 0, 0
1405000, 159, 0, 0
1406000, 138, 0, 0
1407000, 132, 0, 0
1408000, 134, 0, 0
1408999, 135, 0, 0
1409999, 143, 0, 0
1411000, 133, 0, 0
1412000, 135, 0, 0
1413000, 141, 0, 0
1414000, 136, 0, 0
1414999, 141, 0, 0
1415999, 132, 0, 0
1417000, 138, 0, 0
1418000, 135, 0, 0
1419000, 146, 0, 0
1420000, 132, 0, 0
1421000, 144, 0, 0
1421999, 133, 0, 0
1422999, 135, 0, 0
1424000, 141, 0, 0
1425000, 143, 0, 0
1426000, 137, 0, 0
1427000, 141, 0, 0
1427999, 131, 0, 0
1428999, 135, 0, 0
1430000, 136, 0, 0
1431000, 132, 0, 0
1432000, 142, 0, 0
1433000, 126, 0, 0
1433999, 141, 0, 0
1434999, 132, 0, 0
1436000, 131, 0, 0
1437000, 143, 0, 0
1438000, 141, 0, 0
1439000, 139, 0, 0
1440000, 140, 0, 0
1440999, 137, 0, 0
1441999, 133, 0, 0
1443000, 143, 0, 0
1444000, 139, 0, 0
1445000, 135, 0, 0
1446000, 133, 0, 0
1446999, 146, 0, 0
1448000, 126, 0, 0
1449000, 137, 0, 0
1450000, 146, 0, 0
1451000, 146, 0, 0
1452000, 144, 0, 0
1452999, 136, 0, 0
1454000, 157, 0, 0
1455000, 134, 0, 0
1456000, 140, 0, 0
1457000, 145, 0, 0
1458000, 142, 0, 0
1458999, 146, 0, 0
1460000, 143, 0, 0
1461000, 134, 0, 0
1462000, 129, 0, 0
1463000, 147, 0, 0
1464000, 131, 0, 0
1464999, 131, 0, 0
1466000, 142, 0, 0
1467000, 140, 0, 0
1468000, 137, 0, 0
1469000, 147, 0, 0
1470000, 136, 0, 0
1470999, 144, 0, 0
1471999, 143, 0, 0
1473000, 145, 0, 0
1474000, 139, 0, 0
1475000, 133, 0, 0
1476000, 134, 0, 0
1476999, 146, 0, 0
1477999, 136, 0, 0
1479000, 132, 0, 0
1480000, 132, 0, 0
1481000, 135, 0, 0
1482000, 143, 0, 0
1482999, 135, 0, 0
1483999, 134, 0, 0
1485000, 147, 0, 0
1486000, 130, 0, 0
1487000, 133, 0, 0
1488000, 134, 0, 0
1488999, 142, 0, 0
1489999, 134, 0, 0
1491000, 143, 0, 0
1492000, 144, 0, 0
1493000, 130, 0, 0
1494000, 143, 0, 0
1494999, 133, 0, 0
1495999, 129, 0, 0
1497000, 134, 0, 0
1498000, 138, 0, 0
1499000, 130, 0, 0
1500000, 136, 0, 0
1500999, 140, 0, 0
1502000, 133, 0, 0
1503000, 141, 0, 0
1504000, 145, 0, 0
1505000, 137, 0, 0
1506000, 137, 0, 0
1506999, 142, 0, 0
1507999, 131, 0, 0
1509000, 141, 0, 0
1510000, 134, 0, 0
1511000, 132, 0, 0
1512000, 142, 0, 0
1512999, 133, 0, 0
1513999, 139, 0, 0
1515000, 134, 0, 0
1516000, 132, 0, 0
1517000, 144, 0, 0
1517999, 132, 0, 0
1518999, 146, 0, 0
1520000, 131, 0, 0
1521000, 150, 0, 0
1522000, 134, 0, 0
1523000, 139, 0, 0
1523999, 132, 0, 0
1524999, 145, 0, 0
1526000, 141, 0, 0
1527000, 137, 0, 0
1528000, 145, 0, 0
1529000, 141, 0, 0
1530000, 143, 0, 0
1530999, 142, 0, 0
1532000, 145, 0, 0
1533000, 135, 0, 0
1534000, 137, 0, 0
1535000, 135, 0, 0
1536000, 132, 0, 0
1536999, 135, 0, 0
1537999, 140, 0, 0
1539000, 127, 0, 0
1540000, 143, 0, 0
1541000, 136, 0, 0
1542000, 145, 0, 0
1542999, 132, 0, 0
1543999, 131, 0, 0
1545000, 135, 0, 0
1546000, 133, 0, 0
1547000, 145, 0, 0
1548000, 133, 0, 0
1549000, 131, 0, 0
1549999, 141, 0, 0
1551000, 133, 0, 0
1552000, 145, 0, 0
1553000, 143, 0, 0
1554000, 145, 0, 0
1554999, 148, 0, 0
1555999, 134, 0, 0
1557000, 148, 0, 0
1558000, 133, 0, 0
1559000, 124, 0, 0
1560000, 141, 0, 0
1560999, 139, 0, 0
1561999, 134, 0, 0
1563000, 144, 0, 0
1564000, 139, 0, 0
1565000, 145, 0, 0
1566000, 143, 0, 0
1566999, 132, 0, 0
1567999, 141, 0, 0
1569000, 130, 0, 0
1570000, 135, 0, 0
1571000, 145, 0, 0
1572000, 127, 0, 0
1573000, 128, 0, 0
1573999, 142, 0, 0
1575000, 127, 0, 0
1576000, 143, 0, 0
1577000, 145, 0, 0
1578000, 126, 0, 0
1578999, 152, 0, 0
1579999, 147, 0, 0
1581000, 134, 0, 0
1582000, 137, 0, 0
1583000, 133, 0, 0
1584000, 143, 0, 0
1584999, 126, 0, 0
1585999, 140, 0, 0
1587000, 150, 0, 0
1588000, 186, 0, 0
1589000, 139, 0, 0
1590000, 142, 0, 0
1590999, 132, 0, 0
1591999, 137, 0, 0
1593000, 145, 0, 0
1594000, 143, 0, 0
1595000, 133, 0, 0
1596000, 146, 0, 0
1596999, 136, 0, 0
1598000, 137, 0, 0
1599000, 132, 0, 0
1600000, 144, 0, 0
1601000, 143, 0, 0
1601999, 139, 0, 0
1602999, 140, 0, 0
1603999, 136, 0, 0
1605000, 144, 0, 0
1606000, 140, 0, 0
1607000, 149, 0, 0
1608000, 140, 0, 0
1608999, 148, 0, 0
1609999, 138, 0, 0
1611000, 143, 0, 0
1612000, 135, 0, 0
1613000, 142, 0, 0
1614000, 142, 0, 0
1614999, 145, 0, 0
1615999, 135, 0, 0
1617000, 144, 0, 0
1618000, 124, 0, 0
1619000, 137, 0, 0
1620000, 138, 0, 0
1620999, 133, 0, 0
1622000, 135, 0, 0
1623000, 145, 0, 0
1624000, 146, 0, 0
1625000, 143, 0, 0
1625999, 137, 0, 0
1626999, 135, 0, 0
1628000, 139, 0, 0
1629000, 135, 0, 0
1630000, 139, 0, 0
1631000, 157, 0, 0
1631999, 134, 0, 0
1632999, 137, 0, 0
1634000, 143, 0, 0
1635000, 132, 0, 0
1636000, 130, 0, 0
1637000, 142, 0, 0
1637999, 141, 0, 0
1638999, 145, 0, 0
1640000, 146, 0, 0
1641000, 127, 0, 0
1642000, 141, 0, 0
1643000, 136, 0, 0
1643999, 142, 0, 0
1644999, 132, 0, 0
1646000, 146, 0, 0
1647000, 136, 0, 0
1648000, 140, 0, 0
1649000, 134, 0, 0
1649999, 148, 0, 0
1650999, 114, 0, 0
1652000, 141, 0, 0
1653000, 125, 0, 0
1654000, 118, 0, 0
1655000, 109, 0, 0
1655999, 147, 0, 0
1656999, 133, 0, 0
1658000, 141, 0, 0
1659000, 143, 0, 0
1660000, 140, 0, 0
1661000, 142, 0, 0
1661999, 145, 0, 0
1662999, 131, 0, 0
1664000, 145, 0, 0
1665000, 129, 0, 0
1666000, 132, 0, 0
1667000, 147, 0, 0
1668000, 134, 0, 0
1668999, 132, 0, 0
1670000, 140, 0, 0
1671000, 136, 0, 0
1672000, 136, 0, 0
1673000, 141, 0, 0
1673999, 132, 0, 0
1674999, 134, 0, 0
1676000, 142, 0, 0
1677000, 135, 0, 0
1678000, 138, 0, 0
1679000, 134, 0, 0
1680000, 132, 0, 0
1680999, 135, 0, 0
1681999, 145, 0, 0
1682999, 137, 0, 0
1684000, 132, 0, 0
1685000, 140, 0, 0
1686000, 135, 0, 0
1687000, 143, 0, 0
1688000, 133, 0, 0
1689000, 135, 0, 0
1689999, 137, 0, 0
1690999, 143, 0, 0
1691999, 138, 0, 0
1693000, 140, 0, 0
1694000, 143, 0, 0
1695000, 133, 0, 0
1696000, 137, 0, 0
1697000, 139, 0, 0
1698000, 132, 0, 0
1698999, 132, 0, 0
1700000, 138, 0, 0
1701000, 140, 0, 0
1702000, 141, 0, 0
1703000, 134, 0, 0
1704000, 131, 0, 0
1705000, 141, 0, 0
1705999, 132, 0, 0
1706999, 148, 0, 0
1707999, 142, 0, 0
1709000, 133, 0, 0
1710000, 133, 0, 0
1711000, 141, 0, 0
1712000, 136, 0, 0
1713000, 145, 0, 0
1713999, 135, 0, 0
1714999, 133, 0, 0
1715999, 140, 0, 0
1717000, 143, 0, 0
1718000, 132, 0, 0
1719000, 134, 0, 0
1720000, 135, 0, 0
1721000, 133, 0, 0
1721999, 140, 0, 0
1722999, 132, 0, 0
1723999, 138, 0, 0
1725000, 143, 0, 0
1726000, 142, 0, 0
1727000, 137, 0, 0
1728000, 135, 0, 0
1729000, 143, 0, 0
1729999, 139, 0, 0
1730999, 144, 0, 0
1731999, 133, 0, 0
1733000, 136, 0, 0
1734000, 133, 0, 0
1735000, 138, 0, 0
1736000, 146, 0, 0
1737000, 132, 0, 0
1738000, 151, 0, 0
1738999, 137, 0, 0
1739999, 137, 0, 0
1741000, 134, 0, 0
1742000, 145, 0, 0
1743000, 145, 0, 0
1744000, 140, 0, 0
1745000, 132, 0, 0
1746000, 142, 0, 0
1746999, 134, 0, 0
1747999, 135, 0, 0
1748999, 134, 0, 0
1750000, 140, 0, 0
1751000, 134, 0, 0
1752000, 144, 0, 0
1753000, 132, 0, 0
1754000, 147, 0, 0
1755000, 136, 0, 0
1755999, 132, 0, 0
1756999, 141, 0, 0
1758000, 135, 0, 0
1759000, 137, 0, 0
1760000, 146, 0, 0
1761000, 128, 0, 0
1762000, 137, 0, 0
1762999, 132, 0, 0
1763999, 141, 0, 0
1765000, 133, 0, 0
1766000, 144, 0, 0
1767000, 135, 0, 0
1768000, 132, 0, 0
1769000, 132, 0, 0
1769999, 136, 0, 0
1771000, 142, 0, 0
1772000, 135, 0, 0
1773000, 134, 0, 0
1774000, 142, 0, 0
1774999, 145, 0, 0
1775999, 133, 0, 0
1777000, 141, 0, 0
1778000, 133, 0, 0
1779000, 135, 0, 0
1780000, 130, 0, 0
1780999, 138, 0, 0
1781999, 144, 0, 0
1783000, 127, 0, 0
1784000, 156, 0, 0
1785000, 136, 0, 0
1786000, 144, 0, 0
1786999, 134, 0, 0
1787999, 150, 0, 0
1789000, 133, 0, 0
1790000, 143, 0, 0
1791000, 145, 0, 0
1792000, 141, 0, 0
1792999, 134, 0, 0
1793999, 145, 0, 0
1795000, 134, 0, 0
1796000, 134, 0, 0
1797000, 139, 0, 0
1798000, 124, 0, 0
1798999, 137, 0, 0
1799999, 134, 0, 0
1801000, 144, 0, 0
1802000, 131, 0, 0
1803000, 149, 0, 0
1804000, 132, 0, 0
1804999, 144, 0, 0
1805999, 135, 0, 0
1807000, 140, 0, 0
1808000, 137, 0, 0
1809000, 132, 0, 0
1810000, 135, 0, 0
1810999, 143, 0, 0
1811999, 124, 0, 0
1813000, 137, 0, 0
1814000, 149, 0, 0
1815000, 131, 0, 0
1816000, 144, 0, 0
1816999, 133, 0, 0
1817999, 135, 0, 0
1819000, 133, 0, 0
1820000, 130, 0, 0
1821000, 136, 0, 0
1822000, 137, 0, 0
1822999, 140, 0, 0
1823999, 140, 0, 0
1825000, 135, 0, 0
1826000, 146, 0, 0
1827000, 133, 0, 0
1828000, 142, 0, 0
1828999, 134, 0, 0
1829999, 152, 0, 0
1831000, 141, 0, 0
1832000, 132, 0, 0
1833000, 140, 0, 0
1834000, 132, 0, 0
1834999, 133, 0, 0
1835999, 142, 0, 0
1837000, 133, 0, 0
1838000, 140, 0, 0
1839000, 131, 0, 0
1840000, 133, 0, 0
1841000, 147, 0, 0
1841999, 137, 0, 0
1842999, 147, 0, 0
1844000, 134, 0, 0
1845000, 142, 0, 0
1846000, 132, 0, 0
1847000, 131, 0, 0
1848000, 137, 0, 0
1848999, 134, 0, 0
1849999, 133, 0, 0
1851000, 138, 0, 0
1852000, 135, 0, 0
1853000, 144, 0, 0
1854000, 137, 0, 0
1854999, 145, 0, 0
1855999, 136, 0, 0
1857000, 132, 0, 0
1858000, 147, 0, 0
1859000, 143, 0, 0
1860000, 135, 0, 0
1861000, 144, 0, 0
1861999, 143, 0, 0
1863000, 133, 0, 0
1864000, 137, 0, 0
1865000, 143, 0, 0
1866000, 130, 0, 0
1867000, 132, 0, 0
1867999, 141, 0, 0
1868999, 135, 0, 0
1870000, 135, 0, 0
1871000, 132, 0, 0
1872000, 150, 0, 0
1873000, 135, 0, 0
1873999, 132, 0, 0
1874999, 139, 0, 0
1876000, 135, 0, 0
1877000, 143, 0, 0
1878000, 139, 0, 0
1879000, 134, 0, 0
1879999, 146, 0, 0
1880999, 136, 0, 0
1882000, 136, 0, 0
1883000, 139, 0, 0
1884000, 137, 0, 0
1885000, 133, 0, 0
1885999, 140, 0, 0
1886999, 121, 0, 0
1888000, 145, 0, 0
1889000, 148, 0, 0
1890000, 133, 0, 0
1891000, 137, 0, 0
1891999, 137, 0, 0
1892999, 142, 0, 0
1894000, 144, 0, 0
1895000, 133, 0, 0
1896000, 133, 0, 0
1897000, 148, 0, 0
1897999, 136, 0, 0
1898999, 131, 0, 0
1900000, 143, 0, 0
1901000, 131, 0, 0
1902000, 135, 0, 0
1903000, 142, 0, 0
1903999, 134, 0, 0
1904999, 132, 0, 0
1906000, 146, 0, 0
1907000, 123, 0, 0
1908000, 133, 0, 0
1909000, 144, 0, 0
1909999, 139, 0, 0
1910999, 134, 0, 0
1912000, 160, 0, 0
1913000, 141, 0, 0
1914000, 143, 0, 0
1915000, 131, 0, 0
1915999, 134, 0, 0
1916999, 145, 0, 0
1918000, 138, 0, 0
1919000, 141, 0, 0
1920000, 144, 0, 0
1921000, 139, 0, 0
1921999, 139, 0, 0
1922999, 145, 0, 0
1924000, 145, 0, 0
1925000, 122, 0, 0
1926000, 143, 0, 0
1927000, 137, 0, 0
1927999, 141, 0, 0
1928999, 141, 0, 0
1930000, 131, 0, 0
1931000, 146, 0, 0
1932000, 142, 0, 0
1933000, 134, 0, 0
1933999, 132, 0, 0
1934999, 140, 0, 0
1935999, 132, 0, 0
1937000, 136, 0, 0
1938000, 134, 0, 0
1939000, 139, 0, 0
1940000, 135, 0, 0
1940999, 145, 0, 0
1941999, 134, 0, 0
1943000, 141, 0, 0
1944000, 137, 0, 0
1945000, 146, 0, 0
1946000, 136, 0, 0
1946999, 139, 0, 0
1947999, 136, 0, 0
1949000, 134, 0, 0
1950000, 141, 0, 0
1951000, 141, 0, 0
1952000, 127, 0, 0
1952999, 127, 0, 0
1953999, 143, 0, 0
1955000, 143, 0, 0
1956000, 132, 0, 0
1957000, 134, 0, 0
1957999, 140, 0, 0
1958999, 134, 0, 0
1960000, 134, 0, 0
1961000, 148, 0, 0
1962000, 136, 0, 0
1963000, 134, 0, 0
1963999, 141, 0, 0
1964999, 136, 0, 0
1965999, 142, 0, 0
1967000, 134, 0, 0
1968000, 135, 0, 0
1969000, 134, 0, 0
1970000, 139, 0, 0
1970999, 139, 0, 0
1971999, 141, 0, 0
1973000, 146, 0, 0
1974000, 143, 0, 0
1975000, 127, 0, 0
1975999, 140, 0, 0
1976999, 132, 0, 0
1977999, 133, 0, 0
1979000, 145, 0, 0
1980000, 142, 0, 0
1981000, 131, 0, 0
1982000, 132, 0, 0
1982999, 137, 0, 0
1983999, 135, 0, 0
1985000, 144, 0, 0
1986000, 140, 0, 0
1987000, 136, 0, 0
1987999, 134, 0, 0
1988999, 134, 0, 0
1990000, 143, 0, 0
1991000, 124, 0, 0
1992000, 144, 0, 0
1993000, 133, 0, 0
1993999, 137, 0, 0
1994999, 133, 0, 0
1996000, 137, 0, 0
1997000, 138, 0, 0
1998000, 144, 0, 0
1998999, 128, 0, 0
1999999, 124, 0, 0
2000999, 140, 0, 0
2002000, 141, 0, 0
2003000, 145, 0, 0
2004000, 136, 0, 0
2005000, 129, 0, 0
2005999, 140, 0, 0
2006999, 149, 0, 0
2008000, 141, 0, 0
2009000, 132, 0, 0
2010000, 122, 0, 0
2011000, 140, 0, 0
2012000, 157, 0, 0
2012999, 143, 0, 0
2013999, 123, 0, 0
2014999, 142, 0, 0
2016000, 135, 0, 0
2017000, 135, 0, 0
2018000, 139, 0, 0
2019000, 131, 0, 0
2019999, 133, 0, 0
2020999, 140, 0, 0
2022000, 149, 0, 0
2023000, 130, 0, 0
2024000, 146, 0, 0
2025000, 145, 0, 0
2025999, 133, 0, 0
2026999, 133, 0, 0
2028000, 138, 0, 0
2029000, 135, 0, 0
2030000, 134, 0, 0
2031000, 141, 0, 0
2031999, 145, 0, 0
2032999, 134, 0, 0
2034000, 143, 0, 0
2035000, 141, 0, 0
2036000, 140, 0, 0
2037000, 137, 0, 0
2037999, 141, 0, 0
2038999, 131, 0, 0
2040000, 141, 0, 0
2041000, 134, 0, 0
2042000, 141, 0, 0
2043000, 143, 0, 0
2043999, 131, 0, 0
2044999, 143, 0, 0
2046000, 149, 0, 0
2047000, 144, 0, 0
2048000, 133, 0, 0
2049000, 136, 0, 0
2049999, 124, 0, 0
2050999, 132, 0, 0
2052000, 139, 0, 0
2053000, 133, 0, 0
2054000, 137, 0, 0
2055000, 124, 0, 0
2056000, 132, 0, 0
2056999, 141, 0, 0
2057999, 131, 0, 0
2059000, 135, 0, 0
2060000, 147, 0, 0
2061000, 133, 0, 0
2062000, 133, 0, 0
2062999, 149, 0, 0
2063999, 133, 0, 0
2065000, 135, 0, 0
2066000, 134, 0, 0
2067000, 150, 0, 0
2067999, 140, 0, 0
2068999, 131, 0, 0
2070000, 127, 0, 0
2071000, 136, 0, 0
2072000, 134, 0, 0
2073000, 141, 0, 0
2073999, 138, 0, 0
2074999, 142, 0, 0
2076000, 146, 0, 0
2077000, 132, 0, 0
2078000, 135, 0, 0
2079000, 140, 0, 0
2079999, 134, 0, 0
2080999, 135, 0, 0
2082000, 143, 0, 0
2083000, 145, 0, 0
2084000, 140, 0, 0
2085000, 132, 0, 0
2085999, 141, 0, 0
2086999, 146, 0, 0
2088000, 143, 0, 0
2089000, 140, 0, 0
2090000, 140, 0, 0
2091000, 134, 0, 0
2091999, 133, 0, 0
2092999, 137, 0, 0
2094000, 140, 0, 0
2095000, 131, 0, 0
2096000, 141, 0, 0
2097000, 138, 0, 0
2097999, 136, 0, 0
2098999, 140, 0, 0
2100000, 135, 0, 0
2101000, 138, 0, 0
2102000, 140, 0, 0
2103000, 129, 0, 0
2104000, 142, 0, 0
2105000, 136, 0, 0
2106000, 135, 0, 0
2107000, 125, 0, 0
2108000, 154, 0, 0
2109000, 131, 0, 0
2110000, 142, 0, 0
2111000, 131, 0, 0
2112000, 144, 0, 0
2113000, 136, 0, 0
2114000, 139, 0, 0
2114999, 134, 0, 0
2116000, 132, 0, 0
2117000, 131, 0, 0
2118000, 145, 0, 0
2119000, 142, 0, 0
2120000, 141, 0, 0
2121000, 136, 0, 0
2122000, 144, 0, 0
2123000, 134, 0, 0
2124000, 146, 0, 0
2125000, 143, 0, 0
2126000, 134, 0, 0
2127000, 138, 0, 0
2128000, 134, 0, 0
2129000, 133, 0, 0
2130000, 145, 0, 0
2131000, 135, 0, 0
2132000, 131, 0, 0
2133000, 140, 0, 0
2134000, 133, 0, 0
2135000, 125, 0, 0
2135999, 145, 0, 0
2137000, 143, 0, 0
2138000, 131, 0, 0
2139000, 133, 0, 0
2140000, 136, 0, 0
2141000, 138, 0, 0
2142000, 138, 0, 0
2143000, 134, 0, 0
2144000, 147, 0, 0
2145000, 141, 0, 0
2146000, 122, 0, 0
2147000, 148, 0, 0
2148000, 144, 0, 0
2149000, 142, 0, 0
2150000, 135, 0, 0
2151000, 134, 0, 0
2152000, 145, 0, 0
2153000, 137, 0, 0
2154000, 135, 0, 0
2155000, 141, 0, 0
2156000, 138, 0, 0
2157000, 143, 0, 0
2158000, 142, 0, 0
2158999, 133, 0, 0
2160000, 141, 0, 0
2161000, 139, 0, 0
2161999, 137, 0, 0
2162999, 135, 0, 0
2163999, 142, 0, 0
2164999, 142, 0, 0
2165998, 129, 0, 0
2166998, 142, 0, 0
2167998, 131, 0, 0
2168998, 134, 0, 0
2169998, 135, 0, 0
2170998, 135, 0, 0
2171998, 135, 0, 0
2172998, 143, 0, 0
2173997, 145, 0, 0
2174997, 143, 0, 0
2175997, 134, 0, 0
2176996, 132, 0, 0
2177996, 141, 0, 0
2178996, 135, 0, 0
2179997, 131, 0, 0
2180996, 140, 0, 0
2181996, 140, 0, 0
2182996, 132, 0, 0
2183995, 134, 0, 0
2184995, 137, 0, 0
2185995, 132, 0, 0
2186995, 148, 0, 0
2187994, 135, 0, 0
2188994, 141, 0, 0
2189995, 134, 0, 0
2190995, 130, 0, 0
2191994, 133, 0, 0
2192994, 142, 0, 0
2193994, 140, 0, 0
2194993, 135, 0, 0
2195993, 145, 0, 0
2196993, 145, 0, 0
2197993, 141, 0, 0
2198993, 135, 0, 0
2199993, 149, 0, 0
2200993, 132, 0, 0
2201993, 138, 0, 0
2202992, 142, 0, 0
2203992, 132, 0, 0
2204992, 141, 0, 0
2205991, 136, 0, 0
2206991, 147, 0, 0
2207991, 134, 0, 0
2208992, 136, 0, 0
2209991, 144, 0, 0
2210991, 146, 0, 0
2211991, 136, 0, 0
2212991, 140, 0, 0
2214000, 146, 0, 0
2215000, 131, 0, 0
2216000, 130, 0, 0
2216999, 144, 0, 0
2217999, 149, 0, 0
2219000, 140, 0, 0
2220000, 135, 0, 0
2221000, 145, 0, 0
2222000, 134, 0, 0
2222999, 130, 0, 0
2223999, 146, 0, 0
2224999, 141, 0, 0
2226000, 140, 0, 0
2227000, 133, 0, 0
2228000, 143, 0, 0
2229000, 140, 0, 0
2230000, 141, 0, 0
2230999, 142, 0, 0
2231999, 130, 0, 0
2233000, 142, 0, 0
2234000, 142, 0, 0
2235000, 143, 0, 0
2236000, 140, 0, 0
2236999, 133, 0, 0
2237999, 146, 0, 0
2239000, 134, 0, 0
2240000, 143, 0, 0
2241000, 131, 0, 0
2242000, 141, 0, 0
2242999, 144, 0, 0
2243999, 145, 0, 0
2245000, 132, 0, 0
2246000, 126, 0, 0
2247000, 140, 0, 0
2248000, 124, 0, 0
2249000, 134, 0, 0
2249999, 135, 0, 0
2250999, 115, 0, 0
2252000, 142, 0, 0
2253000, 132, 0, 0
2254000, 136, 0, 0
2255000, 131, 0, 0
2255999, 133, 0, 0
2256999, 136, 0, 0
2258000, 134, 0, 0
2259000, 129, 0, 0
2260000, 141, 0, 0
2261000, 133, 0, 0
2262000, 142, 0, 0
2262999, 124, 0, 0
2264000, 131, 0, 0
2265000, 133, 0, 0
2266000, 145, 0, 0
2267000, 143, 0, 0
2268000, 137, 0, 0
2268999, 142, 0, 0
2269999, 133, 0, 0
2270999, 142, 0, 0
2272000, 130, 0, 0
2273000, 142, 0, 0
2274000, 132, 0, 0
2275000, 144, 0, 0
2276000, 136, 0, 0
2276999, 141, 0, 0
2278000, 143, 0, 0
2279000, 142, 0, 0
2280000, 143, 0, 0
2281000, 163, 0, 0
2282000, 153, 0, 0
2282999, 126, 0, 0
2283999, 134, 0, 0
2285000, 145, 0, 0
2286000, 139, 0, 0
2287000, 132, 0, 0
2288000, 139, 0, 0
2288999, 143, 0, 0
2289999, 137, 0, 0
2291000, 141, 0, 0
2292000, 136, 0, 0
2293000, 132, 0, 0
2294000, 141, 0, 0
2294999, 141, 0, 0
2295999, 126, 0, 0
2297000, 139, 0, 0
2298000, 132, 0, 0
2299000, 134, 0, 0
2300000, 132, 0, 0
2301000, 140, 0, 0
2301999, 146, 0, 0
2302999, 133, 0, 0
2304000, 135, 0, 0
2305000, 145, 0, 0
2306000, 135, 0, 0
2307000, 138, 0, 0
2307999, 133, 0, 0
2308999, 143, 0, 0
2310000, 139, 0, 0
2311000, 142, 0, 0
2312000, 135, 0, 0
2313000, 142, 0, 0
2313999, 134, 0, 0
2314999, 136, 0, 0
2316000, 144, 0, 0
2317000, 136, 0, 0
2318000, 139, 0, 0
2319000, 146, 0, 0
2319999, 138, 0, 0
2320999, 132, 0, 0
2322000, 133, 0, 0
2323000, 141, 0, 0
2324000, 143, 0, 0
2325000, 134, 0, 0
2325999, 140, 0, 0
2326999, 136, 0, 0
2328000, 138, 0, 0
2329000, 135, 0, 0
2330000, 144, 0, 0
2331000, 136, 0, 0
2331999, 140, 0, 0
2332999, 143, 0, 0
2334000, 132, 0, 0
2335000, 140, 0, 0
2336000, 142, 0, 0
2337000, 135, 0, 0
2338000, 134, 0, 0
2338999, 132, 0, 0
2340000, 146, 0, 0
2341000, 144, 0, 0
2342000, 146, 0, 0
2343000, 140, 0, 0
2344000, 144, 0, 0
2344999, 134, 0, 0
2345999, 132, 0, 0
2347000, 145, 0, 0
2348000, 139, 0, 0
2349000, 126, 0, 0
2350000, 131, 0, 0
2350999, 143, 0, 0
2351999, 133, 0, 0
2353000, 134, 0, 0
2354000, 143, 0, 0
2355000, 133, 0, 0
2356000, 133, 0, 0
2356999, 141, 0, 0
2357999, 145, 0, 0
2359000, 141, 0, 0
2360000, 141, 0, 0
2361000, 135, 0, 0
2362000, 132, 0, 0
2362999, 141, 0, 0
2363999, 137, 0, 0
2365000, 144, 0, 0
2366000, 146, 0, 0
2367000, 136, 0, 0
2368000, 143, 0, 0
2369000, 132, 0, 0
2369999, 143, 0, 0
2371000, 139, 0, 0
2372000, 141, 0, 0
2373000, 141, 0, 0
2374000, 139, 0, 0
2375000, 140, 0, 0
2375999, 132, 0, 0
2377000, 144, 0, 0
2378000, 145, 0, 0
2379000, 143, 0, 0
2380000, 139, 0, 0
2381000, 136, 0, 0
2381999, 135, 0, 0
2382999, 144, 0, 0
2384000, 132, 0, 0
2385000, 142, 0, 0
2386000, 139, 0, 0
2386999, 142, 0, 0
2387999, 127, 0, 0
2389000, 141, 0, 0
2390000, 135, 0, 0
2391000, 140, 0, 0
2392000, 140, 0, 0
2392999, 142, 0, 0
2393999, 137, 0, 0
2395000, 132, 0, 0
2396000, 130, 0, 0
2397000, 141, 0, 0
2398000, 147, 0, 0
2399000, 142, 0, 0
2399999, 131, 0, 0
