1000, 302990526, 0, 0
2057, 219332907, 0, 0
3036, 331548417, 0, 0
4067, 345831523, 0, 0
5051, 339001946, 0, 0
6028, 337314521, 0, 0
7002, 365269222, 0, 0
8014, 374359450, 0, 0
9033, 195121622, 0, 0
10009, 378212218, 0, 0
11030, 329878743, 0, 0
12013, 346402247, 0, 0
13056, 358196289, 0, 0
14036, 348170612, 0, 0
15034, 372976341, 0, 0
16028, 217255923, 0, 0
17035, 389789568, 0, 0
18051, 307666876, 0, 0
19047, 412126453, 0, 0
20000, 420313462, 0, 0
21036, 394747958, 0, 0
22017, 469219716, 0, 0
23034, 424825256, 0, 0
24002, 373340163, 0, 0
25003, 311362665, 0, 0
26009, 372332819, 0, 0
27042, 356859595, 0, 0
28052, 329049397, 0, 0
29062, 403357399, 0, 0
30039, 367489595, 0, 0
31025, 260211052, 0, 0
32028, 249590240, 0, 0
33055, 228188534, 0, 0
34060, 409274792, 0, 0
35034, 178830652, 0, 0
36047, 268590422, 0, 0
37015, 362889316, 0, 0
38000, 378394035, 0, 0
39053, 394600515, 0, 0
40048, 211687301, 0, 0
41050, 359036841, 0, 0
42046, 424978143, 0, 0
43045, 161193509, 0, 0
44008, 280679549, 0, 0
45051, 378831786, 0, 0
46027, 368000967, 0, 0
47038, 320572505, 0, 0
48042, 192736792, 0, 0
49005, 312516606, 0, 0
50001, 306166257, 0, 0
51000, 180445013, 0, 0
52008, 404428443, 0, 0
53044, 339323307, 0, 0
54048, 379206287, 0, 0
55001, 215098387, 0, 0
56025, 418288742, 0, 0
57031, 435401397, 0, 0
58046, 217877158, 0, 0
59027, 338010869, 0, 0
60053, 424393947, 0, 0
61052, 376932064, 0, 0
62048, 382342807, 0, 0
63011, 413750655, 0, 0
64012, 376697531, 0, 0
65046, 379695609, 0, 0
66029, 373392262, 0, 0
67054, 368510806, 0, 0
68054, 368543679, 0, 0
69032, 309670323, 0, 0
70051, 352788590, 0, 0
71038, 379227473, 0, 0
72035, 400022923, 0, 0
73064, 372574341, 0, 0
74059, 158295676, 0, 0
75018, 284024883, 0, 0
76056, 383196618, 0, 0
77038, 336041350, 0, 0
78005, 351305216, 0, 0
79033, 344395101, 0, 0
80044, 384604261, 0, 0
81049, 288906002, 0, 0
82016, 235247196, 0, 0
83045, 329371799, 0, 0
84033, 346902130, 0, 0
85024, 283995698, 0, 0
86043, 301568630, 0, 0
87029, 350407009, 0, 0
88043, 227215720, 0, 0
89050, 236539513, 0, 0
90003, 266725691, 0, 0
91033, 237860835, 0, 0
92041, 316314680, 0, 0
93039, 335442830, 0, 0
94029, 291161540, 0, 0
95025, 206675642, 0, 0
96043, 313318955, 0, 0
97039, 318795222, 0, 0
98008, 253877460, 0, 0
99027, 264035699, 0, 0
100004, 294023052, 0, 0
101008, 298045612, 0, 0
102036, 259387483, 0, 0
103046, 278596350, 0, 0
104034, 389657359, 0, 0
105064, 326084594, 0, 0
106052, 313241268, 0, 0
107006, 289417411, 0, 0
108036, 325153100, 0, 0
109015, 264391848, 0, 0
110052, 196627916, 0, 0
111013, 261871369, 0, 0
112019, 328919844, 0, 0
113035, 308520215, 0, 0
114022, 270606065, 0, 0
115028, 251200055, 0, 0
116055, 289147448, 0, 0
117044, 303668573, 0, 0
118044, 337909542, 0, 0
119051, 338292021, 0, 0
120010, 339812160, 0, 0
121025, 331569422, 0, 0
122049, 339122205, 0, 0
123054, 381096012, 0, 0
124050, 337653610, 0, 0
125046, 348338784, 0, 0
126011, 313408365, 0, 0
127033, 327457491, 0, 0
128054, 331369962, 0, 0
129022, 308992199, 0, 0
130006, 302517129, 0, 0
131009, 331576845, 0, 0
132045, 343435717, 0, 0
133049, 325515095, 0, 0
134023, 329343754, 0, 0
135044, 289869128, 0, 0
136035, 300170078, 0, 0
137022, 239740363, 0, 0
138040, 239192693, 0, 0
139030, 254732808, 0, 0
140010, 337235644, 0, 0
141022, 373484301, 0, 0
142019, 368001851, 0, 0
143017, 406360438, 0, 0
144058, 357533705, 0, 0
145028, 351044126, 0, 0
146056, 373792671, 0, 0
147006, 375592260, 0, 0
148027, 312010010, 0, 0
149052, 326653273, 0, 0
150016, 315767552, 0, 0
151005, 317081023, 0, 0
152003, 318833417, 0, 0
153037, 327941158, 0, 0
154031, 319656136, 0, 0
155034, 325729153, 0, 0
156004, 303738967, 0, 0
157011, 251562581, 0, 0
158048, 277660828, 0, 0
159031, 270093726, 0, 0
160020, 311522831, 0, 0
161054, 308974858, 0, 0
162050, 326981894, 0, 0
163040, 348654992, 0, 0
164041, 325673323, 0, 0
165018, 292691675, 0, 0
166041, 303230426, 0, 0
167044, 323068066, 0, 0
168008, 303819670, 0, 0
169006, 306838694, 0, 0
170018, 291936722, 0, 0
171021, 292966226, 0, 0
172034, 282312949, 0, 0
173055, 304699611, 0, 0
174029, 312541884, 0, 0
175032, 321833238, 0, 0
176016, 340166682, 0, 0
177044, 366970386, 0, 0
178024, 380999953, 0, 0
179005, 339696324, 0, 0
180048, 343923535, 0, 0
181055, 317719121, 0, 0
182030, 301066067, 0, 0
183036, 318007939, 0, 0
184032, 303850669, 0, 0
185049, 304518491, 0, 0
186004, 289358790, 0, 0
187028, 311353419, 0, 0
188042, 297455766, 0, 0
189013, 293649174, 0, 0
190030, 295722938, 0, 0
191002, 288675299, 0, 0
192057, 280075759, 0, 0
193031, 323712673, 0, 0
194039, 298767716, 0, 0
195014, 310797716, 0, 0
196057, 309255633, 0, 0
197022, 254305668, 0, 0
198040, 281843344, 0, 0
199040, 290121536, 0, 0
200019, 308562348, 0, 0
201008, 293156756, 0, 0
202030, 278420195, 0, 0
203022, 286333588, 0, 0
204052, 324410355, 0, 0
205038, 278404432, 0, 0
206011, 295171048, 0, 0
207027, 323239057, 0, 0
208025, 281341491, 0, 0
209019, 310682524, 0, 0
210014, 293556959, 0, 0
211060, 312786112, 0, 0
212032, 328129496, 0, 0
213003, 290681370, 0, 0
214002, 284136213, 0, 0
215041, 294233529, 0, 0
216001, 335516288, 0, 0
217001, 293259012, 0, 0
218045, 279604190, 0, 0
219108, 275704274, 0, 0
220060, 278869035, 0, 0
221007, 245814871, 0, 0
222009, 265570277, 0, 0
223022, 280902011, 0, 0
224039, 271170959, 0, 0
225029, 291900417, 0, 0
226017, 280070639, 0, 0
227020, 280715664, 0, 0
228034, 284885197, 0, 0
229031, 302421967, 0, 0
230024, 298403840, 0, 0
231052, 312372133, 0, 0
232019, 305219975, 0, 0
233051, 340956740, 0, 0
234008, 321249273, 0, 0
235027, 278692476, 0, 0
236062, 309084586, 0, 0
237029, 287140825, 0, 0
238019, 302341638, 0, 0
239032, 313503795, 0, 0
240040, 271210498, 0, 0
241023, 299707572, 0, 0
242052, 285992258, 0, 0
243025, 291850092, 0, 0
244027, 295457651, 0, 0
245033, 322278198, 0, 0
246055, 324722132, 0, 0
247004, 308360547, 0, 0
248007, 345606258, 0, 0
249051, 287466337, 0, 0
250014, 307414958, 0, 0
251035, 293793971, 0, 0
252057, 273472086, 0, 0
253014, 295374172, 0, 0
254046, 284926516, 0, 0
255015, 282001425, 0, 0
256004, 260989756, 0, 0
257042, 304297207, 0, 0
258051, 299118421, 0, 0
259049, 292701014, 0, 0
260012, 287273741, 0, 0
261034, 335531852, 0, 0
262050, 265911521, 0, 0
263049, 279198158, 0, 0
264050, 302157822, 0, 0
265015, 326981534, 0, 0
266016, 292362266, 0, 0
267036, 295507688, 0, 0
268017, 297403722, 0, 0
269026, 343555073, 0, 0
270002, 307980969, 0, 0
271046, 297827149, 0, 0
272004, 305699803, 0, 0
273025, 312721480, 0, 0
274018, 330646561, 0, 0
275018, 268400063, 0, 0
276053, 290048370, 0, 0
277013, 280495283, 0, 0
278012, 276888951, 0, 0
279030, 305451888, 0, 0
280041, 292701270, 0, 0
281047, 274292446, 0, 0
282064, 273962786, 0, 0
283030, 277106585, 0, 0
284024, 296294508, 0, 0
285018, 315897663, 0, 0
286014, 314203880, 0, 0
287009, 284192081, 0, 0
288018, 282541597, 0, 0
289036, 312702257, 0, 0
290012, 325039914, 0, 0
291040, 288732833, 0, 0
292009, 296109434, 0, 0
293031, 341423022, 0, 0
294002, 313313437, 0, 0
295030, 315277516, 0, 0
296045, 346374964, 0, 0
297048, 297252644, 0, 0
298053, 301044476, 0, 0
299023, 295636153, 0, 0
300046, 321840299, 0, 0
301021, 309787885, 0, 0
302012, 305001798, 0, 0
303015, 338659348, 0, 0
304062, 326844046, 0, 0
305024, 284158698, 0, 0
306050, 300416834, 0, 0
307033, 320555932, 0, 0
308037, 278569846, 0, 0
309006, 290198811, 0, 0
310050, 325341420, 0, 0
311063, 330086410, 0, 0
312089, 315962818, 0, 0
313000, 332697626, 0, 0
314046, 304887215, 0, 0
315013, 284584754, 0, 0
316042, 308476534, 0, 0
317041, 310334337, 0, 0
318064, 320810387, 0, 0
319060, 288390187, 0, 0
320000, 312980133, 0, 0
321031, 274313876, 0, 0
322050, 295921603, 0, 0
323002, 277636410, 0, 0
324047, 269182957, 0, 0
325026, 312762612, 0, 0
326033, 276035377, 0, 0
327038, 311360866, 0, 0
328019, 288220503, 0, 0
329056, 299273282, 0, 0
330029, 282830408, 0, 0
331023, 306322812, 0, 0
332009, 286658132, 0, 0
333034, 302911015, 0, 0
334040, 271313371, 0, 0
335035, 268543547, 0, 0
336035, 316243498, 0, 0
337017, 343254450, 0, 0
338032, 333458711, 0, 0
339019, 312898351, 0, 0
340054, 266865280, 0, 0
341037, 264047849, 0, 0
342055, 309212664, 0, 0
343034, 276532389, 0, 0
344012, 308082584, 0, 0
345006, 367060851, 0, 0
346023, 305432300, 0, 0
347045, 278159425, 0, 0
348008, 279078941, 0, 0
349006, 297433622, 0, 0
350001, 285756624, 0, 0
351004, 290713727, 0, 0
352052, 351767190, 0, 0
353004, 285818119, 0, 0
354029, 282702084, 0, 0
355033, 325599695, 0, 0
356016, 334875578, 0, 0
357019, 304304714, 0, 0
358074, 322954562, 0, 0
359001, 270418015, 0, 0
360033, 295989291, 0, 0
361044, 335544183, 0, 0
362015, 324413923, 0, 0
363007, 327559486, 0, 0
364056, 261558744, 0, 0
365020, 287283850, 0, 0
366016, 294016069, 0, 0
367054, 303322834, 0, 0
368052, 310323717, 0, 0
369038, 328233188, 0, 0
370000, 296710622, 0, 0
371053, 259850628, 0, 0
372045, 291255034, 0, 0
373032, 299222365, 0, 0
374002, 280829446, 0, 0
375021, 315354760, 0, 0
376031, 285564852, 0, 0
377006, 278659813, 0, 0
378042, 266445940, 0, 0
379044, 319431769, 0, 0
380035, 315364843, 0, 0
381039, 257104674, 0, 0
382058, 279868192, 0, 0
383006, 322442272, 0, 0
384047, 336663801, 0, 0
385036, 283307766, 0, 0
386032, 330274154, 0, 0
387049, 330984289, 0, 0
388026, 285139520, 0, 0
389046, 321581106, 0, 0
390021, 290234230, 0, 0
391057, 295496890, 0, 0
392037, 312149711, 0, 0
393047, 326667450, 0, 0
394034, 302426715, 0, 0
395028, 301980231, 0, 0
396027, 281405274, 0, 0
397043, 294826311, 0, 0
398001, 285749563, 0, 0
399028, 286468355, 0, 0
400011, 302851447, 0, 0
401020, 292462225, 0, 0
402038, 301848066, 0, 0
403036, 320128476, 0, 0
404002, 323262211, 0, 0
405045, 346001075, 0, 0
406029, 309410244, 0, 0
407031, 311185638, 0, 0
408049, 298151410, 0, 0
409010, 293377868, 0, 0
410053, 306921785, 0, 0
411010, 334808570, 0, 0
412023, 295657748, 0, 0
413022, 309064650, 0, 0
414002, 326671884, 0, 0
415037, 294440713, 0, 0
416026, 298726842, 0, 0
417056, 307070122, 0, 0
418032, 293940687, 0, 0
419041, 354989067, 0, 0
420043, 319237275, 0, 0
421033, 318609943, 0, 0
422009, 294042453, 0, 0
423030, 310979254, 0, 0
424047, 317355894, 0, 0
425020, 292575189, 0, 0
426035, 299198472, 0, 0
427009, 349323047, 0, 0
428049, 315303863, 0, 0
429045, 279351865, 0, 0
430030, 318181254, 0, 0
431043, 298421338, 0, 0
432038, 302105221, 0, 0
433054, 317953765, 0, 0
434058, 321252822, 0, 0
435044, 330583995, 0, 0
436024, 317807138, 0, 0
437034, 290133108, 0, 0
438026, 289980842, 0, 0
439046, 303934557, 0, 0
440059, 314279192, 0, 0
441041, 310356672, 0, 0
442053, 303576400, 0, 0
443026, 318394465, 0, 0
444013, 286527668, 0, 0
445067, 300647344, 0, 0
446052, 326828141, 0, 0
447015, 302985340, 0, 0
448026, 286702930, 0, 0
449035, 338555687, 0, 0
450054, 354907484, 0, 0
451055, 326143041, 0, 0
452040, 325347699, 0, 0
453046, 331633084, 0, 0
454036, 333741285, 0, 0
455014, 299707710, 0, 0
456044, 314221286, 0, 0
457038, 350545279, 0, 0
458012, 304240638, 0, 0
459017, 317140701, 0, 0
460006, 339224698, 0, 0
461028, 294982038, 0, 0
462031, 266582590, 0, 0
463002, 315822499, 0, 0
464003, 321979088, 0, 0
465019, 286385216, 0, 0
466019, 311466738, 0, 0
467008, 332057234, 0, 0
468021, 300886328, 0, 0
469020, 314635672, 0, 0
470059, 369431144, 0, 0
471042, 302748404, 0, 0
472007, 322649259, 0, 0
473010, 338965915, 0, 0
474032, 305882091, 0, 0
475054, 328236272, 0, 0
476004, 330304820, 0, 0
477036, 330007947, 0, 0
478021, 294258408, 0, 0
479044, 307456594, 0, 0
480019, 321653256, 0, 0
481048, 337515617, 0, 0
482060, 295276736, 0, 0
483032, 320569554, 0, 0
484041, 311092849, 0, 0
485014, 350100667, 0, 0
486036, 317856211, 0, 0
487038, 332786811, 0, 0
488021, 317407320, 0, 0
489053, 306933874, 0, 0
490029, 320376500, 0, 0
491031, 332191324, 0, 0
492038, 312507041, 0, 0
493020, 281740286, 0, 0
494007, 291340469, 0, 0
495020, 291781028, 0, 0
496051, 316691088, 0, 0
497022, 315758418, 0, 0
498027, 341579559, 0, 0
499054, 351274189, 0, 0
500026, 342916329, 0, 0
501047, 357989040, 0, 0
502057, 301758550, 0, 0
503038, 337339831, 0, 0
504018, 340088543, 0, 0
505043, 342435284, 0, 0
506050, 302433733, 0, 0
507012, 309679170, 0, 0
508062, 312092107, 0, 0
509009, 296421566, 0, 0
510018, 304579984, 0, 0
511049, 309871040, 0, 0
512063, 369843764, 0, 0
513035, 311438374, 0, 0
514032, 335097026, 0, 0
515012, 340620358, 0, 0
516005, 333742448, 0, 0
517007, 325454874, 0, 0
518052, 313102779, 0, 0
519034, 309727450, 0, 0
520057, 317471026, 0, 0
521017, 313255399, 0, 0
522049, 297624542, 0, 0
523034, 307573594, 0, 0
524007, 323203899, 0, 0
525013, 306353996, 0, 0
526053, 358463883, 0, 0
527029, 290821191, 0, 0
528013, 295266567, 0, 0
529072, 303241895, 0, 0
530044, 316538713, 0, 0
531006, 305765714, 0, 0
532016, 332841853, 0, 0
533046, 295588664, 0, 0
534003, 305679366, 0, 0
535008, 344828596, 0, 0
536023, 305349226, 0, 0
537040, 338570073, 0, 0
538009, 291580135, 0, 0
539017, 323321625, 0, 0
540038, 328796083, 0, 0
541017, 287228182, 0, 0
542042, 291213012, 0, 0
543019, 332234819, 0, 0
544007, 331971258, 0, 0
545042, 338333214, 0, 0
546011, 305135839, 0, 0
547062, 305891378, 0, 0
548047, 331984037, 0, 0
549056, 323025296, 0, 0
550038, 303326252, 0, 0
551048, 311856687, 0, 0
552043, 341956472, 0, 0
553032, 356686056, 0, 0
554026, 329626485, 0, 0
555040, 309658122, 0, 0
556005, 302773440, 0, 0
557024, 321622786, 0, 0
558031, 311520782, 0, 0
559037, 302447562, 0, 0
560001, 348451702, 0, 0
561043, 352774714, 0, 0
562052, 327846290, 0, 0
563025, 333847865, 0, 0
564029, 309290582, 0, 0
565021, 343699575, 0, 0
566038, 304481859, 0, 0
567010, 326442227, 0, 0
568060, 315967950, 0, 0
569015, 319839785, 0, 0
570027, 292198080, 0, 0
571023, 348416406, 0, 0
572040, 320689601, 0, 0
573083, 298484433, 0, 0
574021, 314339885, 0, 0
575017, 308491760, 0, 0
576052, 321580154, 0, 0
577013, 367885276, 0, 0
578024, 350041554, 0, 0
579050, 318670500, 0, 0
580024, 308488898, 0, 0
581037, 332173488, 0, 0
582036, 330486678, 0, 0
583048, 306636132, 0, 0
584019, 294918368, 0, 0
585022, 312179464, 0, 0
586009, 305019299, 0, 0
587016, 300624911, 0, 0
588025, 293483179, 0, 0
589010, 306203622, 0, 0
590019, 348494498, 0, 0
591038, 303645018, 0, 0
592002, 318093908, 0, 0
593008, 303224645, 0, 0
594033, 348641082, 0, 0
595016, 330612488, 0, 0
596035, 357268169, 0, 0
597049, 304486884, 0, 0
598021, 296022300, 0, 0
599017, 362619147, 0, 0
600021, 329297568, 0, 0
601007, 305489292, 0, 0
602019, 321301266, 0, 0
603042, 307754825, 0, 0
604053, 315149530, 0, 0
605007, 344193835, 0, 0
606016, 312701180, 0, 0
607058, 320768879, 0, 0
608012, 322968513, 0, 0
609034, 290297158, 0, 0
610061, 334586123, 0, 0
611043, 313741096, 0, 0
612012, 314021054, 0, 0
613052, 309011907, 0, 0
614014, 337186042, 0, 0
615056, 320519720, 0, 0
616018, 303164810, 0, 0
617055, 311819845, 0, 0
618034, 326223104, 0, 0
619032, 320357811, 0, 0
620067, 331979712, 0, 0
621031, 323496248, 0, 0
622001, 351084760, 0, 0
623056, 325652976, 0, 0
624018, 294959657, 0, 0
625051, 325316904, 0, 0
626037, 330577007, 0, 0
627062, 340467231, 0, 0
628020, 331648321, 0, 0
629016, 327912118, 0, 0
630011, 334528406, 0, 0
631034, 313966030, 0, 0
632031, 302803705, 0, 0
633037, 331352031, 0, 0
634054, 342003854, 0, 0
635028, 311361772, 0, 0
636037, 331645354, 0, 0
637068, 316255472, 0, 0
638011, 310121537, 0, 0
639027, 348087950, 0, 0
640020, 311920083, 0, 0
641020, 359664757, 0, 0
642003, 329740835, 0, 0
643013, 337590619, 0, 0
644013, 290799503, 0, 0
645030, 296357914, 0, 0
646028, 304818420, 0, 0
647014, 302547771, 0, 0
648033, 308778166, 0, 0
649014, 329195326, 0, 0
650032, 316514841, 0, 0
651026, 331796664, 0, 0
652051, 351411754, 0, 0
653041, 337288919, 0, 0
654005, 332110777, 0, 0
655004, 314733310, 0, 0
656063, 338858775, 0, 0
657022, 298378730, 0, 0
658011, 328297719, 0, 0
659032, 318458792, 0, 0
660027, 301438663, 0, 0
661020, 327164081, 0, 0
662007, 342286665, 0, 0
663016, 299527725, 0, 0
664042, 302366003, 0, 0
665049, 328050770, 0, 0
666006, 320635799, 0, 0
667018, 321319940, 0, 0
668003, 316634846, 0, 0
669053, 325136709, 0, 0
670006, 310073995, 0, 0
671046, 305531186, 0, 0
672031, 319057901, 0, 0
673006, 333098701, 0, 0
674014, 322111556, 0, 0
675036, 311084843, 0, 0
676057, 308387356, 0, 0
677000, 331027337, 0, 0
678002, 310506254, 0, 0
679083, 342724010, 0, 0
680046, 316004147, 0, 0
681012, 329845968, 0, 0
682009, 346738445, 0, 0
683047, 345631363, 0, 0
684032, 326028083, 0, 0
685059, 328384277, 0, 0
686006, 351234948, 0, 0
687038, 304049792, 0, 0
688051, 305415022, 0, 0
689066, 322711516, 0, 0
690009, 316426510, 0, 0
691023, 317504762, 0, 0
692033, 345904641, 0, 0
693053, 317805307, 0, 0
694049, 320453275, 0, 0
695054, 334850775, 0, 0
696001, 339483433, 0, 0
697056, 301108115, 0, 0
698052, 311320460, 0, 0
699011, 328884312, 0, 0
700035, 354186275, 0, 0
701034, 342288081, 0, 0
702007, 318543331, 0, 0
703074, 342238807, 0, 0
704020, 336679053, 0, 0
705034, 298220725, 0, 0
706048, 334611831, 0, 0
707010, 316642555, 0, 0
708014, 316930825, 0, 0
709004, 326694724, 0, 0
710043, 338247063, 0, 0
711035, 341535775, 0, 0
712001, 342041875, 0, 0
713019, 354269101, 0, 0
714040, 334269995, 0, 0
715034, 315343800, 0, 0
716001, 309504495, 0, 0
717021, 344657519, 0, 0
718005, 312195851, 0, 0
719044, 313791128, 0, 0
720018, 336710392, 0, 0
721000, 324981708, 0, 0
722031, 311794920, 0, 0
723026, 312095071, 0, 0
724013, 326555671, 0, 0
725041, 321362457, 0, 0
726040, 304854651, 0, 0
727014, 318332479, 0, 0
728036, 338865082, 0, 0
729042, 330754918, 0, 0
730036, 335312811, 0, 0
731027, 336675743, 0, 0
732056, 343777255, 0, 0
733016, 331092895, 0, 0
734020, 336477873, 0, 0
735030, 326392046, 0, 0
736050, 339827387, 0, 0
737018, 333635113, 0, 0
738009, 351060507, 0, 0
739017, 329119025, 0, 0
740007, 332935272, 0, 0
741043, 365611825, 0, 0
742012, 327564163, 0, 0
743048, 343085795, 0, 0
744008, 318816977, 0, 0
745022, 341458752, 0, 0
746044, 323798486, 0, 0
747058, 323969254, 0, 0
748067, 283941076, 0, 0
749053, 327035533, 0, 0
750011, 306892795, 0, 0
751031, 312711627, 0, 0
752052, 326469868, 0, 0
753033, 312581166, 0, 0
754038, 327301752, 0, 0
755022, 309147309, 0, 0
756008, 322321030, 0, 0
757011, 340623369, 0, 0
758031, 297911365, 0, 0
759045, 331912030, 0, 0
760023, 340145748, 0, 0
761052, 327293088, 0, 0
762058, 326109971, 0, 0
763023, 361651821, 0, 0
764020, 334685437, 0, 0
765046, 310279219, 0, 0
766006, 316098111, 0, 0
767036, 327425788, 0, 0
768012, 326662566, 0, 0
769018, 320801666, 0, 0
770007, 323349064, 0, 0
771011, 311116112, 0, 0
772020, 366236163, 0, 0
773001, 332937547, 0, 0
774030, 331258842, 0, 0
775060, 329732286, 0, 0
776019, 348297829, 0, 0
777008, 373058759, 0, 0
778035, 318842329, 0, 0
779022, 363248454, 0, 0
780051, 324784521, 0, 0
781037, 333184366, 0, 0
782019, 331613399, 0, 0
783029, 344641283, 0, 0
784017, 295858843, 0, 0
785000, 335559467, 0, 0
786028, 306054126, 0, 0
787054, 355123522, 0, 0
788013, 340012488, 0, 0
789025, 307416429, 0, 0
790001, 329729134, 0, 0
791040, 358373952, 0, 0
792025, 318905454, 0, 0
793045, 379952386, 0, 0
794004, 303848575, 0, 0
795058, 343551510, 0, 0
796039, 345213310, 0, 0
797031, 352598661, 0, 0
798007, 316309540, 0, 0
799000, 355906031, 0, 0
800046, 334712459, 0, 0
801023, 351031999, 0, 0
802001, 319196337, 0, 0
803053, 347171672, 0, 0
804006, 336423168, 0, 0
805013, 339136516, 0, 0
806030, 315129938, 0, 0
807034, 343707936, 0, 0
808020, 345861843, 0, 0
809031, 327401912, 0, 0
810012, 331062023, 0, 0
811061, 322400097, 0, 0
812045, 333006351, 0, 0
813017, 372125802, 0, 0
814042, 333599170, 0, 0
815019, 356854911, 0, 0
816015, 345369884, 0, 0
817028, 333650052, 0, 0
818045, 352659114, 0, 0
819048, 336850899, 0, 0
820012, 369470934, 0, 0
821018, 325514086, 0, 0
822042, 336410695, 0, 0
823015, 366261676, 0, 0
824050, 348413334, 0, 0
825017, 336138382, 0, 0
826040, 306700644, 0, 0
827036, 333503248, 0, 0
828035, 350513086, 0, 0
829016, 315299342, 0, 0
830036, 348694356, 0, 0
831054, 334241586, 0, 0
832006, 334192788, 0, 0
833016, 332765967, 0, 0
834046, 365969116, 0, 0
835007, 336640555, 0, 0
836057, 339235428, 0, 0
837046, 348205093, 0, 0
838003, 362222295, 0, 0
839020, 350344124, 0, 0
840013, 356721678, 0, 0
841019, 350891230, 0, 0
842058, 349530006, 0, 0
843005, 325737800, 0, 0
844005, 303602020, 0, 0
845022, 342917954, 0, 0
846058, 343193019, 0, 0
847010, 417451123, 0, 0
848000, 363531304, 0, 0
849059, 352678117, 0, 0
850017, 344126400, 0, 0
851000, 362985949, 0, 0
852057, 355845003, 0, 0
853038, 353054769, 0, 0
854016, 360098306, 0, 0
855044, 366053818, 0, 0
856004, 333403120, 0, 0
857002, 332945573, 0, 0
858028, 325212441, 0, 0
859052, 327032617, 0, 0
860043, 344014154, 0, 0
861059, 373641658, 0, 0
862027, 370611201, 0, 0
863027, 373043656, 0, 0
864049, 375763829, 0, 0
865053, 383986692, 0, 0
866021, 376020095, 0, 0
867042, 377906465, 0, 0
868047, 331669927, 0, 0
869057, 364923835, 0, 0
870005, 377218648, 0, 0
871028, 316950860, 0, 0
872043, 390864486, 0, 0
873047, 373150932, 0, 0
874057, 338100052, 0, 0
875055, 367187559, 0, 0
876015, 317172308, 0, 0
877020, 350380183, 0, 0
878041, 374920276, 0, 0
879024, 357999963, 0, 0
880025, 379360475, 0, 0
881055, 372293026, 0, 0
882032, 332145421, 0, 0
883005, 355536640, 0, 0
884052, 371329171, 0, 0
885033, 361834377, 0, 0
886041, 335537654, 0, 0
887021, 353910464, 0, 0
888135, 356937862, 0, 0
889012, 407296005, 0, 0
890022, 341515023, 0, 0
891041, 372681546, 0, 0
892047, 394947943, 0, 0
893056, 383844630, 0, 0
894013, 351461073, 0, 0
895003, 362696295, 0, 0
896054, 343300884, 0, 0
897011, 365815583, 0, 0
898054, 354840836, 0, 0
899049, 350308787, 0, 0
900036, 375483609, 0, 0
901017, 374240819, 0, 0
902058, 359845315, 0, 0
903032, 360126739, 0, 0
904043, 369380600, 0, 0
905045, 351243198, 0, 0
906020, 373166254, 0, 0
907003, 368663372, 0, 0
908055, 344120558, 0, 0
909053, 361426660, 0, 0
910035, 395973401, 0, 0
911004, 372321930, 0, 0
912047, 372645340, 0, 0
913005, 364164521, 0, 0
914028, 381096895, 0, 0
915028, 373439963, 0, 0
916024, 382967019, 0, 0
917057, 343534070, 0, 0
918017, 378195930, 0, 0
919051, 379882345, 0, 0
920013, 366633600, 0, 0
921034, 367725108, 0, 0
922057, 385112790, 0, 0
923017, 379119440, 0, 0
924042, 436943155, 0, 0
925049, 401043119, 0, 0
926015, 371329596, 0, 0
927016, 390491418, 0, 0
928040, 371931615, 0, 0
929009, 377038003, 0, 0
930024, 442551043, 0, 0
931039, 376387016, 0, 0
932058, 378274855, 0, 0
933052, 410493577, 0, 0
934022, 398331856, 0, 0
935021, 391550376, 0, 0
936000, 396943903, 0, 0
937008, 383394070, 0, 0
938034, 393819798, 0, 0
939000, 395102786, 0, 0
940022, 372068543, 0, 0
941044, 390291000, 0, 0
942056, 402095395, 0, 0
943018, 381782893, 0, 0
944060, 409223172, 0, 0
945012, 389076809, 0, 0
946009, 401152593, 0, 0
947025, 411038113, 0, 0
948029, 417347295, 0, 0
949002, 398554210, 0, 0
950059, 420385527, 0, 0
951008, 403621643, 0, 0
952003, 392888406, 0, 0
953036, 391547928, 0, 0
954026, 422151581, 0, 0
955049, 404740958, 0, 0
956043, 391745232, 0, 0
957010, 397664652, 0, 0
958031, 371943545, 0, 0
959020, 401898141, 0, 0
960041, 415629429, 0, 0
961004, 429714425, 0, 0
962023, 415738544, 0, 0
963031, 434447788, 0, 0
964014, 382042904, 0, 0
965048, 416913626, 0, 0
966031, 379276426, 0, 0
967030, 402544705, 0, 0
968013, 412112726, 0, 0
969043, 383370233, 0, 0
970032, 390073869, 0, 0
971059, 407356443, 0, 0
972018, 460683221, 0, 0
973016, 373491556, 0, 0
974043, 405292580, 0, 0
975033, 423077475, 0, 0
976041, 425324759, 0, 0
977018, 416434244, 0, 0
978003, 431506828, 0, 0
979050, 445565919, 0, 0
980020, 415414788, 0, 0
981011, 473589624, 0, 0
982038, 416189972, 0, 0
983064, 416536531, 0, 0
984019, 457084730, 0, 0
985055, 435336715, 0, 0
986010, 433146947, 0, 0
987048, 431553689, 0, 0
988027, 424464448, 0, 0
989038, 440866248, 0, 0
990026, 440210520, 0, 0
991035, 445441650, 0, 0
992053, 408072490, 0, 0
993039, 438220608, 0, 0
994019, 432741985, 0, 0
995038, 420375956, 0, 0
996062, 433607376, 0, 0
997036, 440102537, 0, 0
998001, 436529556, 0, 0
999039, 435417306, 0, 0
1000010, 458960577, 0, 0
1001051, 428220045, 0, 0
1002036, 429420536, 0, 0
1003033, 446393641, 0, 0
1004039, 446818847, 0, 0
1005030, 435012557, 0, 0
1006042, 422688992, 0, 0
1007003, 453459136, 0, 0
1008014, 439811696, 0, 0
1009050, 434300661, 0, 0
1010000, 421159470, 0, 0
1011028, 450188903, 0, 0
1012037, 426079025, 0, 0
1013053, 414659744, 0, 0
1014057, 441204010, 0, 0
1015055, 453832938, 0, 0
1016014, 437253650, 0, 0
1017031, 432374265, 0, 0
1018040, 459120936, 0, 0
1019046, 461789453, 0, 0
1020063, 446476980, 0, 0
1021041, 442572424, 0, 0
1022003, 417461530, 0, 0
1023047, 453053024, 0, 0
1024047, 459720599, 0, 0
1025011, 416299882, 0, 0
1026002, 460236626, 0, 0
1027029, 443335231, 0, 0
1028035, 436534229, 0, 0
1029011, 442855566, 0, 0
1030011, 443041904, 0, 0
1031047, 457512668, 0, 0
1032028, 441889459, 0, 0
1033015, 447233526, 0, 0
1034039, 444434451, 0, 0
1035021, 471534009, 0, 0
1036047, 479425357, 0, 0
1037041, 480154296, 0, 0
1038032, 463264313, 0, 0
1039058, 443816450, 0, 0
1040021, 475242107, 0, 0
1041004, 441946405, 0, 0
1042060, 471351177, 0, 0
1043016, 438718788, 0, 0
1044028, 447212280, 0, 0
1045041, 486793814, 0, 0
1046057, 465390134, 0, 0
1047019, 438897906, 0, 0
1048063, 455204782, 0, 0
1049001, 470470760, 0, 0
1050046, 525950919, 0, 0
1051014, 471880713, 0, 0
1052012, 448343446, 0, 0
1053050, 482987428, 0, 0
1054014, 467575519, 0, 0
1055017, 451046647, 0, 0
1056016, 525908329, 0, 0
1057054, 461253367, 0, 0
1058038, 466462278, 0, 0
1059003, 468592285, 0, 0
1060054, 481051630, 0, 0
1061046, 470539560, 0, 0
1062047, 478014236, 0, 0
1063000, 502430969, 0, 0
1064028, 433606425, 0, 0
1065030, 445997071, 0, 0
1066007, 481624432, 0, 0
1067053, 444188726, 0, 0
1068039, 445841665, 0, 0
1069013, 473059840, 0, 0
1070018, 477116274, 0, 0
1071049, 487771938, 0, 0
1072004, 463635064, 0, 0
1073012, 478455496, 0, 0
1074055, 477788623, 0, 0
1075023, 467326613, 0, 0
1076034, 454646170, 0, 0
1077032, 456090838, 0, 0
1078061, 465985585, 0, 0
1079047, 483383107, 0, 0
1080035, 473080558, 0, 0
1081025, 487755228, 0, 0
1082036, 474434713, 0, 0
1083050, 474709525, 0, 0
1084056, 511491633, 0, 0
1085000, 479460831, 0, 0
1086024, 459180794, 0, 0
1087042, 461154161, 0, 0
1088040, 481452790, 0, 0
1089058, 467809271, 0, 0
1090035, 469720754, 0, 0
1091056, 501712395, 0, 0
1092043, 490812613, 0, 0
1093027, 466599275, 0, 0
1094047, 495332178, 0, 0
1095036, 489562229, 0, 0
1096019, 477942187, 0, 0
1097004, 479539968, 0, 0
1098005, 483172451, 0, 0
1099048, 477636042, 0, 0
1100003, 522140013, 0, 0
1101047, 472203132, 0, 0
1102033, 474670190, 0, 0
1103050, 465084934, 0, 0
1104031, 464981142, 0, 0
1105000, 465397089, 0, 0
1106032, 456307458, 0, 0
1107049, 472153548, 0, 0
1108047, 455145118, 0, 0
1109014, 453004303, 0, 0
1110000, 492715416, 0, 0
1111045, 477539080, 0, 0
1112053, 475012657, 0, 0
1113024, 489361510, 0, 0
1114057, 473313661, 0, 0
1115031, 477571105, 0, 0
1116036, 450727318, 0, 0
1117009, 461207586, 0, 0
1118002, 484900635, 0, 0
1119004, 487475291, 0, 0
1120042, 487482956, 0, 0
1121011, 451757109, 0, 0
1122030, 485211740, 0, 0
1123045, 488750282, 0, 0
1124024, 476032453, 0, 0
1125049, 486056363, 0, 0
1126037, 452831472, 0, 0
1127008, 501869988, 0, 0
1128058, 470889578, 0, 0
1129056, 460610383, 0, 0
1130034, 480423420, 0, 0
1131011, 473431759, 0, 0
1132012, 494256186, 0, 0
1133042, 470274024, 0, 0
1134040, 455114994, 0, 0
1135050, 443967619, 0, 0
1136043, 452093728, 0, 0
1137054, 447457423, 0, 0
1138010, 479565506, 0, 0
1139012, 469929201, 0, 0
1140014, 504643790, 0, 0
1141041, 473550029, 0, 0
1142052, 472051138, 0, 0
1143034, 474821047, 0, 0
1144043, 489948594, 0, 0
1145049, 490240360, 0, 0
1146047, 497460996, 0, 0
1147006, 471012536, 0, 0
1148046, 466173467, 0, 0
1149033, 469786444, 0, 0
1150010, 486270494, 0, 0
1151047, 477269548, 0, 0
1152050, 474514751, 0, 0
1153027, 465270124, 0, 0
1154012, 489825647, 0, 0
1155022, 474878999, 0, 0
1156009, 474395247, 0, 0
1157060, 478185197, 0, 0
1158039, 474879262, 0, 0
1159042, 477849569, 0, 0
1160008, 468262047, 0, 0
1161040, 456054801, 0, 0
1162005, 472760649, 0, 0
1163034, 475735388, 0, 0
1164020, 477386698, 0, 0
1165017, 461115221, 0, 0
1166036, 487280639, 0, 0
1167014, 479158390, 0, 0
1168023, 455983994, 0, 0
1169004, 450368244, 0, 0
1170022, 470668375, 0, 0
1171027, 458270333, 0, 0
1172015, 442053427, 0, 0
1173007, 455078237, 0, 0
1174014, 475745398, 0, 0
1175030, 474465141, 0, 0
1176044, 456763098, 0, 0
1177001, 443305862, 0, 0
1178011, 479923485, 0, 0
1179029, 454844407, 0, 0
1180022, 473199768, 0, 0
1181004, 471928491, 0, 0
1182009, 470607595, 0, 0
1183017, 458080127, 0, 0
1184045, 477819256, 0, 0
1185004, 462823926, 0, 0
1186032, 445874557, 0, 0
1187055, 464783972, 0, 0
1188046, 471862280, 0, 0
1189030, 480297192, 0, 0
1190046, 489291898, 0, 0
1191004, 471638836, 0, 0
1192013, 450427976, 0, 0
1193004, 449422362, 0, 0
1194008, 472093859, 0, 0
1195044, 462622732, 0, 0
1196050, 462540600, 0, 0
1197031, 459990081, 0, 0
1198012, 466871843, 0, 0
1199015, 476563010, 0, 0
1200049, 438782317, 0, 0
1201043, 469987060, 0, 0
1202013, 462432445, 0, 0
1203053, 482920883, 0, 0
1204052, 464029872, 0, 0
1205009, 468840790, 0, 0
1206022, 449043203, 0, 0
1207043, 454672025, 0, 0
1208012, 463140676, 0, 0
1209037, 463689576, 0, 0
1210046, 471615518, 0, 0
1211019, 484429567, 0, 0
1212062, 451231164, 0, 0
1213013, 460163640, 0, 0
1214033, 452181382, 0, 0
1215014, 468919390, 0, 0
1216015, 464649493, 0, 0
1217054, 454781801, 0, 0
1218028, 482678895, 0, 0
1219033, 461018340, 0, 0
1220028, 471276635, 0, 0
1221021, 492933802, 0, 0
1222059, 463380728, 0, 0
1223034, 483077164, 0, 0
1224011, 468209849, 0, 0
1225045, 460892249, 0, 0
1226000, 458886493, 0, 0
1227001, 464398792, 0, 0
1228019, 454003553, 0, 0
1229053, 450413071, 0, 0
1230044, 485801006, 0, 0
1231017, 487053427, 0, 0
1232035, 453387194, 0, 0
1233044, 450815233, 0, 0
1234055, 487028779, 0, 0
1235015, 472123707, 0, 0
1236009, 458427863, 0, 0
1237014, 477865223, 0, 0
1238056, 470886570, 0, 0
1239049, 472645079, 0, 0
1240011, 482673774, 0, 0
1241000, 471233183, 0, 0
1242025, 458478267, 0, 0
1243047, 457035727, 0, 0
1244005, 454870613, 0, 0
1245001, 441751357, 0, 0
1246030, 481251078, 0, 0
1247012, 456207293, 0, 0
1248019, 457693482, 0, 0
1249022, 448500722, 0, 0
1250009, 451532136, 0, 0
1251015, 456583387, 0, 0
1252007, 441802226, 0, 0
1253016, 466365575, 0, 0
1254013, 461503075, 0, 0
1255039, 451920147, 0, 0
1256005, 479007561, 0, 0
1257021, 447529134, 0, 0
1258010, 467737301, 0, 0
1259047, 482469042, 0, 0
1260066, 479963222, 0, 0
1261039, 462426217, 0, 0
1262018, 465937464, 0, 0
1263056, 460110274, 0, 0
1264015, 449127942, 0, 0
1265024, 460379941, 0, 0
1266033, 439278184, 0, 0
1267043, 440406737, 0, 0
1268024, 444850876, 0, 0
1269050, 467879662, 0, 0
1270020, 468079688, 0, 0
1271050, 461632889, 0, 0
1272010, 461512336, 0, 0
1273003, 459075811, 0, 0
1274035, 471386324, 0, 0
1275042, 474019311, 0, 0
1276016, 465182216, 0, 0
1277015, 471704011, 0, 0
1278040, 513220716, 0, 0
1279021, 504361644, 0, 0
1280050, 457204296, 0, 0
1281005, 459946249, 0, 0
1282020, 463830677, 0, 0
1283019, 465146005, 0, 0
1284036, 454557777, 0, 0
1285051, 450583216, 0, 0
1286013, 451298932, 0, 0
1287044, 468840006, 0, 0
1288000, 431685308, 0, 0
1289016, 441829673, 0, 0
1290025, 488235793, 0, 0
1291022, 479664748, 0, 0
1292057, 468175519, 0, 0
1293031, 468342229, 0, 0
1294009, 454970966, 0, 0
1295004, 463993124, 0, 0
1296015, 451850179, 0, 0
1297009, 479873189, 0, 0
1298049, 464813215, 0, 0
1299014, 429273612, 0, 0
1300054, 448454165, 0, 0
1301037, 468667183, 0, 0
1302037, 466592351, 0, 0
1303016, 458054774, 0, 0
1304008, 471653972, 0, 0
1305038, 474351242, 0, 0
1306030, 469705085, 0, 0
1307029, 455325366, 0, 0
1308025, 463264818, 0, 0
1309011, 464871331, 0, 0
1310011, 458235140, 0, 0
1311034, 458193635, 0, 0
1312048, 451974539, 0, 0
1313015, 466710015, 0, 0
1314040, 468943683, 0, 0
1315053, 435320618, 0, 0
1316058, 470885039, 0, 0
1317057, 473164038, 0, 0
1318050, 473836418, 0, 0
1319040, 475561690, 0, 0
1320028, 473013132, 0, 0
1321049, 467071659, 0, 0
1322015, 460202130, 0, 0
1323000, 466605154, 0, 0
1324010, 431392968, 0, 0
1325034, 456166208, 0, 0
1326009, 463227640, 0, 0
1327039, 451733186, 0, 0
1328041, 487454289, 0, 0
1329012, 452990784, 0, 0
1330019, 462365335, 0, 0
1331025, 480618724, 0, 0
1332043, 446259522, 0, 0
1333018, 436604231, 0, 0
1334053, 444735748, 0, 0
1335060, 465420414, 0, 0
1336021, 466949127, 0, 0
1337042, 470964017, 0, 0
1338042, 471440277, 0, 0
1339055, 459557333, 0, 0
1340049, 428461753, 0, 0
1341000, 485500816, 0, 0
1342021, 472980823, 0, 0
1343042, 445551600, 0, 0
1344055, 440207397, 0, 0
1345013, 460665500, 0, 0
1346027, 451049713, 0, 0
1347040, 462299492, 0, 0
1348023, 464889101, 0, 0
1349063, 455028992, 0, 0
1350007, 478749582, 0, 0
1351003, 473102576, 0, 0
1352052, 450989427, 0, 0
1353010, 466202663, 0, 0
1354033, 453667777, 0, 0
1355052, 449756047, 0, 0
1356013, 465234938, 0, 0
1357063, 453238498, 0, 0
1358039, 439039609, 0, 0
1359051, 478904934, 0, 0
1360054, 466656199, 0, 0
1361007, 446196525, 0, 0
1362005, 471172426, 0, 0
1363019, 458491599, 0, 0
1364024, 381605961, 0, 0
1365047, 470631230, 0, 0
1366012, 532096596, 0, 0
1367053, 472164705, 0, 0
1368015, 452721525, 0, 0
1369047, 469830340, 0, 0
1370033, 430139443, 0, 0
1371030, 428067831, 0, 0
1372002, 454844296, 0, 0
1373003, 458776948, 0, 0
1374007, 438275753, 0, 0
1375029, 447330540, 0, 0
1376042, 448723525, 0, 0
1377053, 458835041, 0, 0
1378004, 466727960, 0, 0
1379053, 472233678, 0, 0
1380051, 460686196, 0, 0
1381023, 462413282, 0, 0
1382008, 466605118, 0, 0
1383032, 453788618, 0, 0
1384060, 459461353, 0, 0
1385035, 447326912, 0, 0
1386046, 509392416, 0, 0
1387048, 475766143, 0, 0
1388014, 490320015, 0, 0
1389040, 455631724, 0, 0
1390030, 472413796, 0, 0
1391036, 447011954, 0, 0
1392043, 428497379, 0, 0
1393015, 432400553, 0, 0
1394012, 490275915, 0, 0
1395021, 477343330, 0, 0
1396016, 455578929, 0, 0
1397043, 463226480, 0, 0
1398037, 480005144, 0, 0
1399021, 460285966, 0, 0
1400008, 470056091, 0, 0
1401053, 458959473, 0, 0
1402020, 438497610, 0, 0
1403010, 439988102, 0, 0
1404029, 447005756, 0, 0
1405026, 508701213, 0, 0
1406006, 507208652, 0, 0
1407042, 476798908, 0, 0
1408018, 465324507, 0, 0
1409015, 480660723, 0, 0
1410048, 468567062, 0, 0
1411055, 469713686, 0, 0
1412017, 458989403, 0, 0
1413036, 444405524, 0, 0
1414051, 465200760, 0, 0
1415009, 460867141, 0, 0
1416054, 461376117, 0, 0
1417054, 470474672, 0, 0
1418033, 475801284, 0, 0
1419065, 459680980, 0, 0
1420041, 467503921, 0, 0
1421058, 448949914, 0, 0
1422053, 471636428, 0, 0
1423003, 488591736, 0, 0
1424005, 445829926, 0, 0
1425026, 469872156, 0, 0
1426039, 452718590, 0, 0
1427012, 445262326, 0, 0
1428027, 475923449, 0, 0
1429032, 472324584, 0, 0
1430049, 460364651, 0, 0
1431038, 463465746, 0, 0
1432018, 457406391, 0, 0
1433034, 478713810, 0, 0
1434012, 488572280, 0, 0
1435046, 453738701, 0, 0
1436044, 471628004, 0, 0
1437056, 456425450, 0, 0
1438021, 461269208, 0, 0
1439029, 464676178, 0, 0
1440014, 462338480, 0, 0
1441027, 477514994, 0, 0
1442037, 462124226, 0, 0
1443019, 439333985, 0, 0
1444026, 431030365, 0, 0
1445015, 450047809, 0, 0
1446047, 463141011, 0, 0
1447015, 437925895, 0, 0
1448041, 486410189, 0, 0
1449003, 492306989, 0, 0
1450004, 459882595, 0, 0
1451029, 453595581, 0, 0
1452024, 461310273, 0, 0
1453046, 462759601, 0, 0
1454011, 477756874, 0, 0
1455045, 473267461, 0, 0
1456026, 447720547, 0, 0
1457034, 453359483, 0, 0
1458039, 460463935, 0, 0
1459053, 445623582, 0, 0
1460006, 439928397, 0, 0
1461006, 476469500, 0, 0
1462037, 476353959, 0, 0
1463047, 453618382, 0, 0
1464040, 474847937, 0, 0
1465036, 481793141, 0, 0
1466034, 454879101, 0, 0
1467067, 453366655, 0, 0
1468025, 480969916, 0, 0
1469033, 444055390, 0, 0
1470019, 481985076, 0, 0
1471028, 443503851, 0, 0
1472004, 447984064, 0, 0
1473023, 468703921, 0, 0
1474000, 475150370, 0, 0
1475062, 477398897, 0, 0
1476059, 468074809, 0, 0
1477000, 462120692, 0, 0
1478026, 458594202, 0, 0
1479048, 467478564, 0, 0
1480040, 479231250, 0, 0
1481025, 486110765, 0, 0
1482012, 464264779, 0, 0
1483057, 463332644, 0, 0
1484034, 456627179, 0, 0
1485002, 476883032, 0, 0
1486033, 456700438, 0, 0
1487020, 462042088, 0, 0
1488043, 484760995, 0, 0
1489013, 472071912, 0, 0
1490022, 465328915, 0, 0
1491043, 452669562, 0, 0
1492059, 441716411, 0, 0
1493024, 457408659, 0, 0
1494005, 467414805, 0, 0
1495013, 466398950, 0, 0
1496037, 465081478, 0, 0
1497024, 479189972, 0, 0
1498053, 470973112, 0, 0
1499049, 461877372, 0, 0
1500042, 479491003, 0, 0
1501021, 489343104, 0, 0
1502016, 469091533, 0, 0
1503057, 444379144, 0, 0
1504049, 450842995, 0, 0
1505063, 472099041, 0, 0
1506033, 492232220, 0, 0
1507047, 464536578, 0, 0
1508035, 457271648, 0, 0
1509022, 490408655, 0, 0
1510046, 464339083, 0, 0
1511008, 508575352, 0, 0
1512003, 465133073, 0, 0
1513051, 454375661, 0, 0
1514061, 466358933, 0, 0
1515051, 487226250, 0, 0
1516053, 493884981, 0, 0
1517028, 443159050, 0, 0
1518019, 468627454, 0, 0
1519008, 461870530, 0, 0
1520049, 473753639, 0, 0
1521050, 493887222, 0, 0
1522051, 460152603, 0, 0
1523018, 495768816, 0, 0
1524048, 480667478, 0, 0
1525040, 462625883, 0, 0
1526008, 457503791, 0, 0
1527019, 446573227, 0, 0
1528009, 444244664, 0, 0
1529034, 457591893, 0, 0
1530049, 457814914, 0, 0
1531015, 445436754, 0, 0
1532020, 457931676, 0, 0
1533053, 456161267, 0, 0
1534005, 476399603, 0, 0
1535030, 477655264, 0, 0
1536057, 465227407, 0, 0
1537047, 460652248, 0, 0
1538039, 480717183, 0, 0
1539001, 500063580, 0, 0
1540032, 469278561, 0, 0
1541051, 456437928, 0, 0
1542040, 474938556, 0, 0
1543029, 475025971, 0, 0
1544009, 470835801, 0, 0
1545031, 482492452, 0, 0
1546009, 450158539, 0, 0
1547025, 451143349, 0, 0
1548004, 458769503, 0, 0
1549005, 488245918, 0, 0
1550027, 469608915, 0, 0
1551003, 448338258, 0, 0
1552016, 462215660, 0, 0
1553043, 438261170, 0, 0
1554020, 443463097, 0, 0
1555016, 456024004, 0, 0
1556001, 454302932, 0, 0
1557047, 468193065, 0, 0
1558044, 474895668, 0, 0
1559004, 493549048, 0, 0
1560013, 466522984, 0, 0
1561026, 464096990, 0, 0
1562003, 456593558, 0, 0
1563021, 447962025, 0, 0
1564048, 472058975, 0, 0
1565007, 466274897, 0, 0
1566014, 450059271, 0, 0
1567050, 455929162, 0, 0
1568020, 475910463, 0, 0
1569014, 488702533, 0, 0
1570002, 469249743, 0, 0
1571032, 461786730, 0, 0
1572055, 466808676, 0, 0
1573030, 473103408, 0, 0
1574010, 435061237, 0, 0
1575058, 498547509, 0, 0
1576014, 436097650, 0, 0
1577016, 443710290, 0, 0
1578036, 482572970, 0, 0
1579008, 477931688, 0, 0
1580027, 444753953, 0, 0
1581056, 467161508, 0, 0
1582039, 486462774, 0, 0
1583044, 473993452, 0, 0
1584019, 459316851, 0, 0
1585041, 480761135, 0, 0
1586017, 471600228, 0, 0
1587047, 457294374, 0, 0
1588041, 460694991, 0, 0
1589001, 437034174, 0, 0
1590024, 455334264, 0, 0
1591029, 441053443, 0, 0
1592029, 470267268, 0, 0
1593007, 447652389, 0, 0
1594062, 455931899, 0, 0
1595033, 445435016, 0, 0
1596040, 449602821, 0, 0
1597039, 482048232, 0, 0
1598050, 483504821, 0, 0
1599041, 477940841, 0, 0
1600049, 424611059, 0, 0
1601012, 455595363, 0, 0
1602005, 478149836, 0, 0
1603013, 457597812, 0, 0
1604043, 470173207, 0, 0
1605054, 457503931, 0, 0
1606047, 442914712, 0, 0
1607057, 423717133, 0, 0
1608046, 445762814, 0, 0
1609010, 456624630, 0, 0
1610046, 475920262, 0, 0
1611060, 445700665, 0, 0
1612004, 488746721, 0, 0
1613036, 488720312, 0, 0
1614050, 468430027, 0, 0
1615013, 437014769, 0, 0
1616054, 471294405, 0, 0
1617012, 470181699, 0, 0
1618042, 483822881, 0, 0
1619000, 494770268, 0, 0
1620005, 488535533, 0, 0
1621057, 460671795, 0, 0
1622037, 477004390, 0, 0
1623036, 448600361, 0, 0
1624024, 457132284, 0, 0
1625029, 461241819, 0, 0
1626008, 445590070, 0, 0
1627012, 471987162, 0, 0
1628043, 453229136, 0, 0
1629037, 456621788, 0, 0
1630060, 447638473, 0, 0
1631047, 479349283, 0, 0
1632039, 465142268, 0, 0
1633040, 464044417, 0, 0
1634016, 471314262, 0, 0
1635037, 458483457, 0, 0
1636047, 512897082, 0, 0
1637000, 454015562, 0, 0
1638015, 446523565, 0, 0
1639014, 451932489, 0, 0
1640060, 434658168, 0, 0
1641047, 475316519, 0, 0
1642018, 499036373, 0, 0
1643031, 455453517, 0, 0
1644000, 441378445, 0, 0
1645048, 457882763, 0, 0
1646001, 454084792, 0, 0
1647043, 466569955, 0, 0
1648007, 450671491, 0, 0
1649039, 450044687, 0, 0
1650009, 475717269, 0, 0
1651049, 531381814, 0, 0
1652037, 462587319, 0, 0
1653041, 511267662, 0, 0
1654024, 580949756, 0, 0
1655018, 589282522, 0, 0
1656021, 469397910, 0, 0
1657032, 443645184, 0, 0
1658047, 464001185, 0, 0
1659030, 440519463, 0, 0
1660038, 471762603, 0, 0
1661023, 468390252, 0, 0
1662022, 449306901, 0, 0
1663046, 461737145, 0, 0
1664030, 452806994, 0, 0
1665030, 465813278, 0, 0
1666045, 466824432, 0, 0
1667019, 445837053, 0, 0
1668021, 494573409, 0, 0
1669053, 448732784, 0, 0
1670037, 448295279, 0, 0
1671038, 462710664, 0, 0
1672049, 473558474, 0, 0
1673013, 445949091, 0, 0
1674001, 467210795, 0, 0
1675050, 476849018, 0, 0
1676059, 444452966, 0, 0
1677057, 464867676, 0, 0
1678019, 482002413, 0, 0
1679058, 460423385, 0, 0
1680053, 475247187, 0, 0
1681046, 486140737, 0, 0
1682004, 453478633, 0, 0
1683001, 461130508, 0, 0
1684058, 475867327, 0, 0
1685030, 460483538, 0, 0
1686006, 472906601, 0, 0
1687001, 450101369, 0, 0
1688042, 470349931, 0, 0
1689053, 471364303, 0, 0
1690030, 474255215, 0, 0
1691011, 441524401, 0, 0
1692062, 493754068, 0, 0
1693042, 448216116, 0, 0
1694038, 466442852, 0, 0
1695028, 484115979, 0, 0
1696020, 471374201, 0, 0
1697039, 470959758, 0, 0
1698054, 454330005, 0, 0
1699013, 530310998, 0, 0
1700039, 460120195, 0, 0
1701043, 471129523, 0, 0
1702009, 444641482, 0, 0
1703010, 462920653, 0, 0
1704010, 478122798, 0, 0
1705036, 422980284, 0, 0
1706052, 441772080, 0, 0
1707004, 461822623, 0, 0
1708032, 449317138, 0, 0
1709034, 488644304, 0, 0
1710001, 466285433, 0, 0
1711011, 452826485, 0, 0
1712009, 452807124, 0, 0
1713049, 468343700, 0, 0
1714065, 467456013, 0, 0
1715014, 478669762, 0, 0
1716015, 451786048, 0, 0
1717021, 435009114, 0, 0
1718028, 463211590, 0, 0
1719018, 466432082, 0, 0
1720023, 495719964, 0, 0
1721019, 482202240, 0, 0
1722033, 446711757, 0, 0
1723024, 494064677, 0, 0
1724018, 441750871, 0, 0
1725030, 445287189, 0, 0
1726029, 455013356, 0, 0
1727060, 456003069, 0, 0
1728047, 484670704, 0, 0
1729010, 449266626, 0, 0
1730011, 455738583, 0, 0
1731025, 452377279, 0, 0
1732041, 495501220, 0, 0
1733039, 486243284, 0, 0
1734029, 479884478, 0, 0
1735036, 472773769, 0, 0
1736026, 505078579, 0, 0
1737047, 479260941, 0, 0
1738044, 447009046, 0, 0
1739015, 472282717, 0, 0
1740058, 457501917, 0, 0
1741045, 467990469, 0, 0
1742014, 441324149, 0, 0
1743018, 450837692, 0, 0
1744043, 464275202, 0, 0
1745001, 469894402, 0, 0
1746003, 442017913, 0, 0
1747059, 458383927, 0, 0
1748053, 479918696, 0, 0
1749055, 470617106, 0, 0
1750026, 452647916, 0, 0
1751009, 483806967, 0, 0
1752032, 452255986, 0, 0
1753048, 446974617, 0, 0
1754006, 469182490, 0, 0
1755028, 464504384, 0, 0
1756000, 470687095, 0, 0
1757017, 460025264, 0, 0
1758004, 471696284, 0, 0
1759062, 470233463, 0, 0
1760039, 398438708, 0, 0
1761002, 480684472, 0, 0
1762048, 491353028, 0, 0
1763028, 465312382, 0, 0
1764051, 445676927, 0, 0
1765035, 458117150, 0, 0
1766012, 476695435, 0, 0
1767023, 480521187, 0, 0
1768058, 484386663, 0, 0
1769008, 464082280, 0, 0
1770052, 464529402, 0, 0
1771013, 466579225, 0, 0
1772044, 447773464, 0, 0
1773044, 473334145, 0, 0
1774034, 458821400, 0, 0
1775031, 466405112, 0, 0
1776062, 467486298, 0, 0
1777021, 472725882, 0, 0
1778035, 455178013, 0, 0
1779039, 462675522, 0, 0
1780046, 488164477, 0, 0
1781065, 491601320, 0, 0
1782012, 461658967, 0, 0
1783055, 465810915, 0, 0
1784003, 448377567, 0, 0
1785028, 465730075, 0, 0
1786002, 465809091, 0, 0
1787023, 448932785, 0, 0
1788003, 443295619, 0, 0
1789025, 465652744, 0, 0
1790030, 454822865, 0, 0
1791024, 449931501, 0, 0
1792000, 473140603, 0, 0
1793028, 458957803, 0, 0
1794038, 456563517, 0, 0
1795049, 504613603, 0, 0
1796053, 454711286, 0, 0
1797040, 482125683, 0, 0
1798009, 452816229, 0, 0
1799039, 468203881, 0, 0
1800006, 474784279, 0, 0
1801030, 444034163, 0, 0
1802016, 475842087, 0, 0
1803038, 471619989, 0, 0
1804023, 449216228, 0, 0
1805037, 458674839, 0, 0
1806030, 460191671, 0, 0
1807018, 469756442, 0, 0
1808047, 448405967, 0, 0
1809045, 486469855, 0, 0
1810004, 477123769, 0, 0
1811045, 481365063, 0, 0
1812057, 476359314, 0, 0
1813053, 468077008, 0, 0
1814058, 447899107, 0, 0
1815004, 496446614, 0, 0
1816035, 467129652, 0, 0
1817026, 446158492, 0, 0
1818018, 482641692, 0, 0
1819004, 481957301, 0, 0
1820011, 470664054, 0, 0
1821007, 460706085, 0, 0
1822018, 478388202, 0, 0
1823001, 469556500, 0, 0
1824004, 475229080, 0, 0
1825052, 460706501, 0, 0
1826022, 463422569, 0, 0
1827055, 460033797, 0, 0
1828010, 454980137, 0, 0
1829029, 471100777, 0, 0
1830059, 462399094, 0, 0
1831033, 459163720, 0, 0
1832036, 474118060, 0, 0
1833014, 482027362, 0, 0
1834015, 463247500, 0, 0
1835003, 472273716, 0, 0
1836002, 441819947, 0, 0
1837048, 466064044, 0, 0
1838042, 469537735, 0, 0
1839023, 443091691, 0, 0
1840002, 496085090, 0, 0
1841016, 465311351, 0, 0
1842040, 472806506, 0, 0
1843005, 458459977, 0, 0
1844028, 470107508, 0, 0
1845010, 457531688, 0, 0
1846005, 456196500, 0, 0
1847045, 473421934, 0, 0
1848059, 480198535, 0, 0
1849050, 479818056, 0, 0
1850017, 460522926, 0, 0
1851033, 461219179, 0, 0
1852017, 451941874, 0, 0
1853045, 469348419, 0, 0
1854003, 452167268, 0, 0
1855011, 442101170, 0, 0
1856047, 458739945, 0, 0
1857021, 461680812, 0, 0
1858030, 464389196, 0, 0
1859050, 452304688, 0, 0
1860027, 468045446, 0, 0
1861007, 468075991, 0, 0
1862047, 443837380, 0, 0
1863040, 457154366, 0, 0
1864023, 482117101, 0, 0
1865001, 476713452, 0, 0
1866035, 469050189, 0, 0
1867037, 477484800, 0, 0
1868009, 469068663, 0, 0
1869033, 456765381, 0, 0
1870038, 454897536, 0, 0
1871042, 465435051, 0, 0
1872025, 456461468, 0, 0
1873017, 452182988, 0, 0
1874060, 470042239, 0, 0
1875002, 488351921, 0, 0
1876041, 467261144, 0, 0
1877031, 456849011, 0, 0
1878059, 443040729, 0, 0
1879039, 458062122, 0, 0
1880001, 447709088, 0, 0
1881051, 465469716, 0, 0
1882061, 451753405, 0, 0
1883015, 456483692, 0, 0
1884055, 455667275, 0, 0
1885033, 473219668, 0, 0
1886028, 489274423, 0, 0
1887022, 457529236, 0, 0
1888041, 449277235, 0, 0
1889001, 438446735, 0, 0
1890048, 469594894, 0, 0
1891046, 456690813, 0, 0
1892028, 474161431, 0, 0
1893031, 456243028, 0, 0
1894033, 441385680, 0, 0
1895047, 472949308, 0, 0
1896056, 478723338, 0, 0
1897010, 448835320, 0, 0
1898037, 456756170, 0, 0
1899026, 477797836, 0, 0
1900004, 475026783, 0, 0
1901035, 462177375, 0, 0
1902017, 456268013, 0, 0
1903012, 464813212, 0, 0
1904050, 466289901, 0, 0
1905053, 482772605, 0, 0
1906006, 446402198, 0, 0
1907028, 461241209, 0, 0
1908046, 491170451, 0, 0
1909050, 443663822, 0, 0
1910011, 446560677, 0, 0
1911024, 436635377, 0, 0
1912017, 494708208, 0, 0
1913048, 494405449, 0, 0
1914013, 477244776, 0, 0
1915033, 439186731, 0, 0
1916032, 463987208, 0, 0
1917044, 462424362, 0, 0
1918058, 464723618, 0, 0
1919021, 455568480, 0, 0
1920026, 455614624, 0, 0
1921058, 451695278, 0, 0
1922033, 475327061, 0, 0
1923006, 456319964, 0, 0
1924011, 450672727, 0, 0
1925024, 459540534, 0, 0
1926005, 444295145, 0, 0
1927046, 460845085, 0, 0
1928048, 465454838, 0, 0
1929013, 488789460, 0, 0
1930046, 458517460, 0, 0
1931051, 456354934, 0, 0
1932004, 444196170, 0, 0
1933021, 458781428, 0, 0
1934051, 480064481, 0, 0
1935009, 456267156, 0, 0
1936000, 476994809, 0, 0
1937040, 467444340, 0, 0
1938037, 473894810, 0, 0
1939023, 477563708, 0, 0
1940023, 466220296, 0, 0
1941022, 454285716, 0, 0
1942035, 461555683, 0, 0
1943038, 470517276, 0, 0
1944027, 442779734, 0, 0
1945040, 471340655, 0, 0
1946061, 454246684, 0, 0
1947036, 473768172, 0, 0
1948019, 467375341, 0, 0
1949004, 442028819, 0, 0
1950007, 449475144, 0, 0
1951005, 447479682, 0, 0
1952048, 480472701, 0, 0
1953025, 509675126, 0, 0
1954051, 455518142, 0, 0
1955005, 451927625, 0, 0
1956057, 479224229, 0, 0
1957042, 470232409, 0, 0
1958046, 494982627, 0, 0
1959031, 470392881, 0, 0
1960033, 479210359, 0, 0
1961006, 466790929, 0, 0
1962041, 445823721, 0, 0
1963047, 483449479, 0, 0
1964006, 456542860, 0, 0
1965043, 454607319, 0, 0
1966059, 464238899, 0, 0
1967056, 471120674, 0, 0
1968052, 486710188, 0, 0
1969040, 487576755, 0, 0
1970059, 460944296, 0, 0
1971023, 471792411, 0, 0
1972026, 448146194, 0, 0
1973050, 462398214, 0, 0
1974059, 431361287, 0, 0
1975024, 489472393, 0, 0
1976047, 469055407, 0, 0
1977035, 458840828, 0, 0
1978020, 475743867, 0, 0
1979005, 488957385, 0, 0
1980006, 443119432, 0, 0
1981040, 470987570, 0, 0
1982029, 462473596, 0, 0
1983031, 472983026, 0, 0
1984030, 491302641, 0, 0
1985050, 455782783, 0, 0
1986043, 450093975, 0, 0
1987043, 476163577, 0, 0
1988040, 462734557, 0, 0
1989040, 489351407, 0, 0
1990001, 473938449, 0, 0
1991055, 492736062, 0, 0
1992000, 448403822, 0, 0
1993006, 466706052, 0, 0
1994045, 482638616, 0, 0
1995042, 480138439, 0, 0
1996014, 494600981, 0, 0
1997047, 462305474, 0, 0
1998016, 466171374, 0, 0
1999051, 491758826, 0, 0
2000020, 491797722, 0, 0
2001051, 466805187, 0, 0
2002054, 447057037, 0, 0
2003011, 456750479, 0, 0
2004035, 453308521, 0, 0
2005037, 463893277, 0, 0
2006049, 456655111, 0, 0
2007001, 456887916, 0, 0
2008024, 471915802, 0, 0
2009009, 480778939, 0, 0
2010026, 469577899, 0, 0
2011004, 480355025, 0, 0
2012003, 505602291, 0, 0
2013009, 449835680, 0, 0
2014015, 484412428, 0, 0
2015003, 465097004, 0, 0
2016036, 470227722, 0, 0
2017040, 454160928, 0, 0
2018051, 468601542, 0, 0
2019047, 492292223, 0, 0
2020045, 484580939, 0, 0
2021052, 462786103, 0, 0
2022012, 439705652, 0, 0
2023039, 497529041, 0, 0
2024014, 469470001, 0, 0
2025010, 453091215, 0, 0
2026031, 468722074, 0, 0
2027040, 476270756, 0, 0
2028047, 458849999, 0, 0
2029055, 474809944, 0, 0
2030034, 479019291, 0, 0
2031041, 466206351, 0, 0
2032007, 454056257, 0, 0
2033027, 465313126, 0, 0
2034056, 476343123, 0, 0
2035049, 459156145, 0, 0
2036012, 451662453, 0, 0
2037023, 461205928, 0, 0
2038014, 466729246, 0, 0
2039056, 474978436, 0, 0
2040001, 456856613, 0, 0
2041031, 477463785, 0, 0
2042000, 447850989, 0, 0
2043057, 463807024, 0, 0
2044034, 456025841, 0, 0
2045032, 464665403, 0, 0
2046021, 420814637, 0, 0
2047054, 472326745, 0, 0
2048058, 467690118, 0, 0
2049048, 474965225, 0, 0
2050024, 510362727, 0, 0
2051030, 503491604, 0, 0
2052048, 455527521, 0, 0
2053005, 509210029, 0, 0
2054056, 472055532, 0, 0
2055027, 467946168, 0, 0
2056038, 495665576, 0, 0
2057046, 453203179, 0, 0
2058017, 455436568, 0, 0
2059018, 481444785, 0, 0
2060000, 436646596, 0, 0
2061046, 464105551, 0, 0
2062015, 452987438, 0, 0
2063016, 464737355, 0, 0
2064014, 469709241, 0, 0
2065014, 480395710, 0, 0
2066032, 456350894, 0, 0
2067005, 455901129, 0, 0
2068057, 496070571, 0, 0
2069024, 463670745, 0, 0
2070040, 491070519, 0, 0
2071037, 477261141, 0, 0
2072039, 472201125, 0, 0
2073018, 491198525, 0, 0
2074057, 467591554, 0, 0
2075017, 464519248, 0, 0
2076037, 457772851, 0, 0
2077028, 478639166, 0, 0
2078064, 455724380, 0, 0
2079026, 452068700, 0, 0
2080025, 480361991, 0, 0
2081054, 463564404, 0, 0
2082051, 471086647, 0, 0
2083067, 446508030, 0, 0
2084025, 464094392, 0, 0
2085045, 473960444, 0, 0
2086053, 437889654, 0, 0
2087021, 452221220, 0, 0
2088043, 457453574, 0, 0
2089044, 467889373, 0, 0
2090041, 473242521, 0, 0
2091016, 461713643, 0, 0
2092028, 473331672, 0, 0
2093026, 464297309, 0, 0
2094032, 454840804, 0, 0
2095008, 479185863, 0, 0
2096018, 448809338, 0, 0
2097032, 448314650, 0, 0
2098033, 418890437, 0, 0
2099051, 457285388, 0, 0
2100045, 493037124, 0, 0
2101051, 461144381, 0, 0
2102000, 455770832, 0, 0
2103023, 455339894, 0, 0
2104051, 437480518, 0, 0
2105042, 458659718, 0, 0
2106086, 472315929, 0, 0
2107035, 511389366, 0, 0
2108063, 507828544, 0, 0
2109044, 462712087, 0, 0
2110038, 471615510, 0, 0
2111038, 483009645, 0, 0
2112044, 460252753, 0, 0
2113022, 473670627, 0, 0
2114056, 449174605, 0, 0
2115060, 475001723, 0, 0
2116041, 504639209, 0, 0
2117001, 464545495, 0, 0
2118012, 468401542, 0, 0
2119031, 456585873, 0, 0
2120045, 456516470, 0, 0
2121018, 445591463, 0, 0
2122051, 471652630, 0, 0
2123039, 465917152, 0, 0
2124010, 431472844, 0, 0
2125037, 467784490, 0, 0
2126016, 480979194, 0, 0
2127038, 466809797, 0, 0
2128083, 458402312, 0, 0
2129058, 475249091, 0, 0
2130020, 459300835, 0, 0
2131009, 463449345, 0, 0
2132020, 401856114, 0, 0
2133041, 460743658, 0, 0
2134061, 462230097, 0, 0
2135056, 493375015, 0, 0
2136059, 479732473, 0, 0
2137020, 481670160, 0, 0
2138035, 447890023, 0, 0
2139025, 482676625, 0, 0
2140057, 452736108, 0, 0
2141058, 446168049, 0, 0
2142030, 456118270, 0, 0
2143001, 444619460, 0, 0
2144026, 461845896, 0, 0
2145039, 458035707, 0, 0
2146045, 458663851, 0, 0
2147000, 465481842, 0, 0
2148032, 417484910, 0, 0
2149063, 468712412, 0, 0
2150058, 459190519, 0, 0
2151043, 476605109, 0, 0
2152059, 470245725, 0, 0
2153046, 474807411, 0, 0
2154039, 484679365, 0, 0
2155050, 458459965, 0, 0
2156031, 466575396, 0, 0
2157031, 459919464, 0, 0
2158007, 464319471, 0, 0
2159060, 464138607, 0, 0
2160002, 473690375, 0, 0
2161056, 452034292, 0, 0
2162025, 477588392, 0, 0
2163035, 462768453, 0, 0
2164038, 468222934, 0, 0
2165006, 456921461, 0, 0
2166018, 471497945, 0, 0
2167054, 468251570, 0, 0
2168043, 467602190, 0, 0
2169043, 480663590, 0, 0
2170047, 467432314, 0, 0
2171055, 493458775, 0, 0
2172018, 460480215, 0, 0
2173019, 444018766, 0, 0
2174035, 447908485, 0, 0
2175005, 448180939, 0, 0
2176006, 466376385, 0, 0
2177015, 467629254, 0, 0
2178010, 473125934, 0, 0
2179004, 480995435, 0, 0
2180033, 468293580, 0, 0
2181057, 456964761, 0, 0
2182002, 452682663, 0, 0
2183005, 479336877, 0, 0
2184038, 473242473, 0, 0
2185038, 463863342, 0, 0
2186013, 465402923, 0, 0
2187055, 471908341, 0, 0
2188020, 467327885, 0, 0
2189052, 459584112, 0, 0
2190015, 436110862, 0, 0
2191026, 484631221, 0, 0
2192024, 480753778, 0, 0
2193033, 470130685, 0, 0
2194056, 455825557, 0, 0
2195018, 477425790, 0, 0
2196027, 462939280, 0, 0
2197036, 451561381, 0, 0
2198001, 441018272, 0, 0
2199026, 450770576, 0, 0
2200003, 510811673, 0, 0
2201037, 456254097, 0, 0
2202054, 458736781, 0, 0
2203039, 476109065, 0, 0
2204014, 440512200, 0, 0
2205057, 486528163, 0, 0
2206025, 454219563, 0, 0
2207007, 461723501, 0, 0
2208046, 473794624, 0, 0
2209020, 454389925, 0, 0
2210039, 454728306, 0, 0
2211062, 460613714, 0, 0
2212043, 462336953, 0, 0
2213021, 471554799, 0, 0
2214043, 443985632, 0, 0
2215071, 481811330, 0, 0
2216022, 494236449, 0, 0
2217052, 464368775, 0, 0
2218023, 448507729, 0, 0
2219035, 439460794, 0, 0
2220040, 489617271, 0, 0
2221003, 458052741, 0, 0
2222057, 478648856, 0, 0
2223017, 434626083, 0, 0
2224043, 446064361, 0, 0
2225039, 451746251, 0, 0
2226045, 446247090, 0, 0
2227026, 446013987, 0, 0
2228032, 461477534, 0, 0
2229018, 455625002, 0, 0
2230057, 452405947, 0, 0
2231001, 462005508, 0, 0
2232040, 460727512, 0, 0
2233048, 453439562, 0, 0
2234004, 436798116, 0, 0
2235035, 453812738, 0, 0
2236053, 452466143, 0, 0
2237030, 463234111, 0, 0
2238038, 468189476, 0, 0
2239026, 457260060, 0, 0
2240039, 464473721, 0, 0
2241025, 441751615, 0, 0
2242033, 450140290, 0, 0
2243055, 469242955, 0, 0
2244004, 456098828, 0, 0
2245012, 487236995, 0, 0
2246019, 481078075, 0, 0
2247045, 475414367, 0, 0
2248019, 495730366, 0, 0
2249017, 489203299, 0, 0
2250045, 474584111, 0, 0
2251046, 503696798, 0, 0
2252005, 524712299, 0, 0
2253034, 461263240, 0, 0
2254032, 485960146, 0, 0
2255057, 480861896, 0, 0
2256040, 479438709, 0, 0
2257038, 459637877, 0, 0
2258051, 502095016, 0, 0
2259030, 444166147, 0, 0
2260038, 472889773, 0, 0
2261035, 461432014, 0, 0
2262036, 458039107, 0, 0
2263019, 422474659, 0, 0
2264029, 470982012, 0, 0
2265059, 488101835, 0, 0
2266025, 443208173, 0, 0
2267025, 434021727, 0, 0
2268051, 455558340, 0, 0
2269017, 435995191, 0, 0
2270060, 482555736, 0, 0
2271039, 453747945, 0, 0
2272001, 475393051, 0, 0
2273053, 455795201, 0, 0
2274034, 463441650, 0, 0
2275002, 467833776, 0, 0
2276036, 463719308, 0, 0
2277029, 460809461, 0, 0
2278049, 456755766, 0, 0
2279022, 472561403, 0, 0
2280015, 454461407, 0, 0
2281016, 482134056, 0, 0
2282012, 458539716, 0, 0
2283030, 472276374, 0, 0
2284036, 482363078, 0, 0
2285037, 467210582, 0, 0
2286001, 466023439, 0, 0
2287015, 471469252, 0, 0
2288048, 472395564, 0, 0
2289009, 461616503, 0, 0
2290050, 460231514, 0, 0
2291051, 465067592, 0, 0
2292013, 449942230, 0, 0
2293019, 494218130, 0, 0
2294048, 476785738, 0, 0
2295007, 472313808, 0, 0
2296029, 489330342, 0, 0
2297019, 474009280, 0, 0
2298052, 491226915, 0, 0
2299028, 463823730, 0, 0
2300023, 470480763, 0, 0
2301027, 460089014, 0, 0
2302003, 464586495, 0, 0
2303048, 458757904, 0, 0
2304031, 479835521, 0, 0
2305003, 469773972, 0, 0
2306014, 479124893, 0, 0
2307046, 470709730, 0, 0
2308030, 477194850, 0, 0
2309046, 450062284, 0, 0
2310053, 452944931, 0, 0
2311051, 450760427, 0, 0
2312019, 454277378, 0, 0
2313049, 473503956, 0, 0
2314047, 458987164, 0, 0
2315022, 481622031, 0, 0
2316046, 454142145, 0, 0
2317025, 453952102, 0, 0
2318028, 451626629, 0, 0
2319000, 432659473, 0, 0
2320024, 460004906, 0, 0
2321021, 453621782, 0, 0
2322033, 492765578, 0, 0
2323030, 456494567, 0, 0
2324054, 471775213, 0, 0
2325045, 451278133, 0, 0
2326062, 451016145, 0, 0
2327036, 460057070, 0, 0
2328030, 486286512, 0, 0
2329036, 444156315, 0, 0
2330037, 453663611, 0, 0
2331043, 476674159, 0, 0
2332026, 455297850, 0, 0
2333003, 447668342, 0, 0
2334037, 449547203, 0, 0
2335045, 460355891, 0, 0
2336005, 470392648, 0, 0
2337006, 464069631, 0, 0
2338047, 468360896, 0, 0
2339013, 461997262, 0, 0
2340025, 458399695, 0, 0
2341035, 446949024, 0, 0
2342034, 442428569, 0, 0
2343017, 477750671, 0, 0
2344032, 453190114, 0, 0
2345028, 469984801, 0, 0
2346015, 454799093, 0, 0
2347003, 465715105, 0, 0
2348011, 455974778, 0, 0
2349038, 482641351, 0, 0
2350024, 465197801, 0, 0
2351011, 471855681, 0, 0
2352029, 471645422, 0, 0
2353030, 481506135, 0, 0
2354011, 462549606, 0, 0
2355002, 476500392, 0, 0
2356016, 459464021, 0, 0
2357030, 453749647, 0, 0
2358040, 445035561, 0, 0
2359041, 455886833, 0, 0
2360004, 461659440, 0, 0
2361028, 436737095, 0, 0
2362040, 469182164, 0, 0
2363048, 471565624, 0, 0
2364035, 445986986, 0, 0
2365039, 479566841, 0, 0
2366054, 450319016, 0, 0
2367003, 484640327, 0, 0
2368004, 465649752, 0, 0
2369046, 453858917, 0, 0
2370042, 459045345, 0, 0
2371056, 457845546, 0, 0
2372043, 441102952, 0, 0
2373027, 446657072, 0, 0
2374036, 459057267, 0, 0
2375025, 476467539, 0, 0
2376058, 465673214, 0, 0
2377005, 453960905, 0, 0
2378043, 429647775, 0, 0
2379057, 452853504, 0, 0
2380022, 462942963, 0, 0
2381032, 461525167, 0, 0
2382050, 475684661, 0, 0
2383012, 459061965, 0, 0
2384040, 448086906, 0, 0
2385022, 459454989, 0, 0
2386033, 459068561, 0, 0
2387008, 469403654, 0, 0
2388035, 437342134, 0, 0
2389000, 466500149, 0, 0
2390012, 485353755, 0, 0
2391023, 434006778, 0, 0
2392024, 460242163, 0, 0
2393011, 452568679, 0, 0
2394008, 452250922, 0, 0
2395057, 473723643, 0, 0
2396038, 482719515, 0, 0
2397001, 448148567, 0, 0
2398045, 452862836, 0, 0
2399019, 456561225, 0, 0
2400016, 479647387, 0, 0
2400105, 357626776, 0, 0
