999, 82, 0, 0
2000, 128, 0, 0
2999, 128, 0, 0
3999, 137, 0, 0
5000, 129, 0, 0
6000, 129, 0, 0
6999, 129, 0, 0
7999, 121, 0, 0
9000, 136, 0, 0
9999, 129, 0, 0
10999, 128, 0, 0
12000, 129, 0, 0
12999, 122, 0, 0
13999, 137, 0, 0
15000, 120, 0, 0
15999, 128, 0, 0
17000, 139, 0, 0
17999, 121, 0, 0
18999, 116, 0, 0
20000, 130, 0, 0
20999, 140, 0, 0
21999, 131, 0, 0
23000, 132, 0, 0
23999, 137, 0, 0
24999, 131, 0, 0
26000, 129, 0, 0
26999, 132, 0, 0
27999, 130, 0, 0
29000, 131, 0, 0
29999, 139, 0, 0
30999, 125, 0, 0
32000, 143, 0, 0
32999, 123, 0, 0
33999, 139, 0, 0
35000, 132, 0, 0
35999, 130, 0, 0
36999, 139, 0, 0
38000, 124, 0, 0
38999, 132, 0, 0
39999, 128, 0, 0
41000, 130, 0, 0
42000, 130, 0, 0
42999, 137, 0, 0
44000, 138, 0, 0
45000, 139, 0, 0
45999, 136, 0, 0
47000, 132, 0, 0
47999, 131, 0, 0
49000, 135, 0, 0
50000, 127, 0, 0
50999, 131, 0, 0
52000, 134, 0, 0
52999, 133, 0, 0
53999, 142, 0, 0
55000, 132, 0, 0
55999, 136, 0, 0
56999, 141, 0, 0
58000, 116, 0, 0
58999, 141, 0, 0
60000, 133, 0, 0
61000, 141, 0, 0
61999, 129, 0, 0
63000, 131, 0, 0
63999, 134, 0, 0
65000, 135, 0, 0
66000, 134, 0, 0
66999, 135, 0, 0
68000, 125, 0, 0
69000, 136, 0, 0
69999, 131, 0, 0
71000, 146, 0, 0
72000, 142, 0, 0
72999, 136, 0, 0
73999, 131, 0, 0
75000, 133, 0, 0
76000, 134, 0, 0
76999, 132, 0, 0
77999, 125, 0, 0
79000, 139, 0, 0
79999, 123, 0, 0
80999, 145, 0, 0
82000, 126, 0, 0
82999, 141, 0, 0
83999, 129, 0, 0
85000, 144, 0, 0
86000, 136, 0, 0
86999, 138, 0, 0
88000, 136, 0, 0
89000, 135, 0, 0
89999, 145, 0, 0
91000, 139, 0, 0
92000, 141, 0, 0
92999, 140, 0, 0
94000, 140, 0, 0
94999, 145, 0, 0
95999, 141, 0, 0
97000, 132, 0, 0
97999, 139, 0, 0
98999, 126, 0, 0
100000, 141, 0, 0
100999, 141, 0, 0
102000, 143, 0, 0
103000, 135, 0, 0
103999, 139, 0, 0
104999, 127, 0, 0
106000, 135, 0, 0
106999, 137, 0, 0
108000, 146, 0, 0
109000, 135, 0, 0
109999, 140, 0, 0
111000, 146, 0, 0
112000, 135, 0, 0
112999, 138, 0, 0
114000, 135, 0, 0
114999, 140, 0, 0
115999, 145, 0, 0
117000, 134, 0, 0
117999, 137, 0, 0
118999, 144, 0, 0
120000, 138, 0, 0
120999, 135, 0, 0
121999, 136, 0, 0
123000, 147, 0, 0
123999, 145, 0, 0
124999, 142, 0, 0
126000, 149, 0, 0
126999, 147, 0, 0
127999, 150, 0, 0
129000, 136, 0, 0
129999, 144, 0, 0
131000, 143, 0, 0
132000, 137, 0, 0
132999, 153, 0, 0
134000, 130, 0, 0
135000, 148, 0, 0
135999, 136, 0, 0
137000, 141, 0, 0
138000, 153, 0, 0
138999, 134, 0, 0
140000, 145, 0, 0
140999, 151, 0, 0
141999, 139, 0, 0
143000, 161, 0, 0
144000, 148, 0, 0
144999, 132, 0, 0
146000, 153, 0, 0
147000, 144, 0, 0
147999, 145, 0, 0
149000, 135, 0, 0
150000, 148, 0, 0
150999, 159, 0, 0
152000, 145, 0, 0
153000, 137, 0, 0
153999, 145, 0, 0
155000, 137, 0, 0
155999, 145, 0, 0
156999, 141, 0, 0
158000, 144, 0, 0
158999, 134, 0, 0
159999, 149, 0, 0
161000, 152, 0, 0
161999, 146, 0, 0
162999, 144, 0, 0
164000, 142, 0, 0
164999, 141, 0, 0
165999, 157, 0, 0
167000, 147, 0, 0
167999, 151, 0, 0
168999, 132, 0, 0
170000, 159, 0, 0
170999, 152, 0, 0
171999, 156, 0, 0
173000, 142, 0, 0
173999, 142, 0, 0
174999, 145, 0, 0
176000, 148, 0, 0
176999, 153, 0, 0
177999, 149, 0, 0
179000, 156, 0, 0
179999, 144, 0, 0
180999, 162, 0, 0
182000, 134, 0, 0
182999, 151, 0, 0
183999, 145, 0, 0
185000, 163, 0, 0
185999, 146, 0, 0
186999, 138, 0, 0
188000, 153, 0, 0
188999, 162, 0, 0
190000, 144, 0, 0
191000, 151, 0, 0
191999, 151, 0, 0
193000, 152, 0, 0
193999, 153, 0, 0
194999, 156, 0, 0
196000, 149, 0, 0
196999, 159, 0, 0
197999, 158, 0, 0
199000, 150, 0, 0
199999, 147, 0, 0
200999, 155, 0, 0
202000, 148, 0, 0
203000, 145, 0, 0
203999, 149, 0, 0
205000, 175, 0, 0
205999, 145, 0, 0
206999, 165, 0, 0
208000, 147, 0, 0
209000, 160, 0, 0
209999, 142, 0, 0
211000, 148, 0, 0
211999, 157, 0, 0
212999, 162, 0, 0
214000, 148, 0, 0
214999, 153, 0, 0
215999, 157, 0, 0
217000, 158, 0, 0
217999, 154, 0, 0
219000, 157, 0, 0
220000, 169, 0, 0
220999, 158, 0, 0
222000, 150, 0, 0
223000, 152, 0, 0
223999, 177, 0, 0
225000, 144, 0, 0
226000, 156, 0, 0
226999, 148, 0, 0
228000, 152, 0, 0
229000, 158, 0, 0
229999, 149, 0, 0
231000, 151, 0, 0
232000, 167, 0, 0
232999, 156, 0, 0
234000, 163, 0, 0
235000, 149, 0, 0
235999, 168, 0, 0
237000, 159, 0, 0
237999, 168, 0, 0
238999, 157, 0, 0
240000, 146, 0, 0
240999, 155, 0, 0
241999, 158, 0, 0
243000, 149, 0, 0
243999, 153, 0, 0
244999, 167, 0, 0
246000, 150, 0, 0
246999, 149, 0, 0
248000, 156, 0, 0
249000, 159, 0, 0
249999, 150, 0, 0
251000, 157, 0, 0
251999, 147, 0, 0
252999, 167, 0, 0
254000, 150, 0, 0
254999, 147, 0, 0
255999, 160, 0, 0
257000, 169, 0, 0
257999, 169, 0, 0
258999, 153, 0, 0
260000, 152, 0, 0
260999, 157, 0, 0
261999, 146, 0, 0
263000, 185, 0, 0
263999, 157, 0, 0
265000, 160, 0, 0
266000, 159, 0, 0
266999, 156, 0, 0
268000, 174, 0, 0
268999, 161, 0, 0
269999, 161, 0, 0
271000, 177, 0, 0
271999, 158, 0, 0
272999, 151, 0, 0
274000, 162, 0, 0
274999, 150, 0, 0
275999, 166, 0, 0
277000, 173, 0, 0
277999, 157, 0, 0
279000, 158, 0, 0
279999, 165, 0, 0
280999, 165, 0, 0
281999, 163, 0, 0
283000, 164, 0, 0
283999, 148, 0, 0
284999, 150, 0, 0
286000, 170, 0, 0
286999, 171, 0, 0
287999, 179, 0, 0
289000, 178, 0, 0
290000, 162, 0, 0
290999, 163, 0, 0
292000, 163, 0, 0
293000, 186, 0, 0
293999, 162, 0, 0
295000, 171, 0, 0
296000, 174, 0, 0
296999, 160, 0, 0
298000, 177, 0, 0
299000, 164, 0, 0
299999, 173, 0, 0
301000, 161, 0, 0
301999, 161, 0, 0
302999, 183, 0, 0
304000, 167, 0, 0
304999, 154, 0, 0
305999, 158, 0, 0
307000, 165, 0, 0
307999, 163, 0, 0
308999, 155, 0, 0
310000, 164, 0, 0
311000, 153, 0, 0
311999, 164, 0, 0
313000, 150, 0, 0
313999, 158, 0, 0
314999, 170, 0, 0
316000, 171, 0, 0
316999, 168, 0, 0
317999, 152, 0, 0
319000, 176, 0, 0
319999, 183, 0, 0
320999, 160, 0, 0
322000, 167, 0, 0
322999, 159, 0, 0
323999, 171, 0, 0
325000, 173, 0, 0
325999, 175, 0, 0
326999, 159, 0, 0
328000, 176, 0, 0
328999, 170, 0, 0
329999, 179, 0, 0
331000, 166, 0, 0
331999, 155, 0, 0
333000, 174, 0, 0
333999, 170, 0, 0
334999, 169, 0, 0
336000, 179, 0, 0
336999, 183, 0, 0
338000, 167, 0, 0
339000, 188, 0, 0
339999, 179, 0, 0
341000, 176, 0, 0
341999, 179, 0, 0
342999, 190, 0, 0
344000, 179, 0, 0
344999, 176, 0, 0
346000, 174, 0, 0
346999, 171, 0, 0
347999, 186, 0, 0
349000, 175, 0, 0
349999, 181, 0, 0
351000, 162, 0, 0
352000, 176, 0, 0
352999, 179, 0, 0
354000, 175, 0, 0
354999, 158, 0, 0
355999, 182, 0, 0
357000, 159, 0, 0
357999, 172, 0, 0
358999, 175, 0, 0
360000, 175, 0, 0
360999, 170, 0, 0
362000, 161, 0, 0
362999, 184, 0, 0
363999, 174, 0, 0
365000, 185, 0, 0
365999, 166, 0, 0
366999, 177, 0, 0
368000, 170, 0, 0
368999, 179, 0, 0
370000, 195, 0, 0
371000, 201, 0, 0
371999, 190, 0, 0
373000, 171, 0, 0
374000, 192, 0, 0
374999, 154, 0, 0
376000, 179, 0, 0
376999, 192, 0, 0
377999, 169, 0, 0
379000, 179, 0, 0
379999, 175, 0, 0
381000, 186, 0, 0
382000, 183, 0, 0
382999, 165, 0, 0
384000, 189, 0, 0
384999, 188, 0, 0
385999, 173, 0, 0
387000, 184, 0, 0
387999, 172, 0, 0
389000, 172, 0, 0
389999, 179, 0, 0
390999, 196, 0, 0
392000, 178, 0, 0
392999, 179, 0, 0
393999, 168, 0, 0
395000, 193, 0, 0
395999, 173, 0, 0
396999, 180, 0, 0
398000, 175, 0, 0
398999, 177, 0, 0
400000, 175, 0, 0
400999, 185, 0, 0
401999, 189, 0, 0
403000, 202, 0, 0
403999, 183, 0, 0
404999, 171, 0, 0
406000, 185, 0, 0
406999, 165, 0, 0
408000, 198, 0, 0
409000, 192, 0, 0
409999, 197, 0, 0
411000, 187, 0, 0
412000, 181, 0, 0
412999, 201, 0, 0
414000, 202, 0, 0
415000, 178, 0, 0
415999, 193, 0, 0
417000, 187, 0, 0
417999, 209, 0, 0
418999, 167, 0, 0
420000, 195, 0, 0
420999, 178, 0, 0
422000, 201, 0, 0
423000, 179, 0, 0
423999, 183, 0, 0
425000, 204, 0, 0
425999, 167, 0, 0
426999, 186, 0, 0
428000, 205, 0, 0
428999, 184, 0, 0
430000, 186, 0, 0
431000, 187, 0, 0
431999, 193, 0, 0
433000, 193, 0, 0
434000, 198, 0, 0
434999, 175, 0, 0
436000, 181, 0, 0
436999, 208, 0, 0
437999, 199, 0, 0
439000, 197, 0, 0
439999, 189, 0, 0
441000, 213, 0, 0
442000, 189, 0, 0
442999, 214, 0, 0
444000, 189, 0, 0
444999, 191, 0, 0
445999, 200, 0, 0
447000, 185, 0, 0
447999, 211, 0, 0
449000, 182, 0, 0
450000, 184, 0, 0
450999, 213, 0, 0
452000, 186, 0, 0
453000, 173, 0, 0
453999, 205, 0, 0
454999, 218, 0, 0
456000, 208, 0, 0
456999, 194, 0, 0
457999, 198, 0, 0
459000, 211, 0, 0
459999, 196, 0, 0
460999, 175, 0, 0
462000, 187, 0, 0
463000, 194, 0, 0
463999, 186, 0, 0
465000, 208, 0, 0
466000, 202, 0, 0
466999, 212, 0, 0
467999, 162, 0, 0
469000, 194, 0, 0
469999, 195, 0, 0
471000, 212, 0, 0
472000, 205, 0, 0
472999, 214, 0, 0
474000, 204, 0, 0
475000, 191, 0, 0
475999, 216, 0, 0
477000, 215, 0, 0
478000, 213, 0, 0
478999, 191, 0, 0
480000, 184, 0, 0
480999, 188, 0, 0
481999, 181, 0, 0
483000, 191, 0, 0
484000, 213, 0, 0
484999, 190, 0, 0
486000, 207, 0, 0
486999, 208, 0, 0
487999, 195, 0, 0
489000, 192, 0, 0
489999, 193, 0, 0
490999, 207, 0, 0
492000, 170, 0, 0
492999, 211, 0, 0
493999, 211, 0, 0
495000, 178, 0, 0
495999, 202, 0, 0
497000, 190, 0, 0
498000, 216, 0, 0
498999, 222, 0, 0
500000, 211, 0, 0
500999, 220, 0, 0
501999, 189, 0, 0
503000, 213, 0, 0
503999, 213, 0, 0
504999, 208, 0, 0
506000, 198, 0, 0
506999, 202, 0, 0
507999, 226, 0, 0
509000, 230, 0, 0
509999, 202, 0, 0
510999, 202, 0, 0
512000, 202, 0, 0
512999, 217, 0, 0
514000, 215, 0, 0
514999, 195, 0, 0
515999, 210, 0, 0
517000, 226, 0, 0
517999, 201, 0, 0
518999, 209, 0, 0
520000, 237, 0, 0
520999, 217, 0, 0
521999, 220, 0, 0
523000, 212, 0, 0
523999, 207, 0, 0
525000, 196, 0, 0
526000, 199, 0, 0
526999, 219, 0, 0
528000, 209, 0, 0
528999, 229, 0, 0
529999, 248, 0, 0
531000, 195, 0, 0
531999, 222, 0, 0
532999, 210, 0, 0
534000, 207, 0, 0
534999, 216, 0, 0
535999, 210, 0, 0
537000, 227, 0, 0
537999, 220, 0, 0
539000, 222, 0, 0
540000, 236, 0, 0
540999, 240, 0, 0
542000, 212, 0, 0
542999, 215, 0, 0
543999, 225, 0, 0
545000, 244, 0, 0
545999, 222, 0, 0
546999, 244, 0, 0
548000, 223, 0, 0
548999, 230, 0, 0
549999, 221, 0, 0
551000, 215, 0, 0
551999, 210, 0, 0
553000, 211, 0, 0
554000, 208, 0, 0
554999, 207, 0, 0
556000, 229, 0, 0
556999, 230, 0, 0
557999, 233, 0, 0
559000, 203, 0, 0
559999, 200, 0, 0
560999, 232, 0, 0
562000, 215, 0, 0
562999, 239, 0, 0
563999, 220, 0, 0
565000, 234, 0, 0
565999, 254, 0, 0
566999, 218, 0, 0
568000, 251, 0, 0
568999, 244, 0, 0
569999, 244, 0, 0
571000, 238, 0, 0
571999, 220, 0, 0
572999, 218, 0, 0
574000, 203, 0, 0
575000, 238, 0, 0
575999, 230, 0, 0
576999, 200, 0, 0
578000, 220, 0, 0
578999, 211, 0, 0
579999, 246, 0, 0
581000, 233, 0, 0
582000, 195, 0, 0
582999, 235, 0, 0
584000, 213, 0, 0
585000, 231, 0, 0
585999, 250, 0, 0
586999, 219, 0, 0
588000, 240, 0, 0
588999, 235, 0, 0
589999, 204, 0, 0
590999, 211, 0, 0
592000, 228, 0, 0
592999, 227, 0, 0
593999, 246, 0, 0
595000, 245, 0, 0
595999, 267, 0, 0
596999, 239, 0, 0
598000, 226, 0, 0
598999, 240, 0, 0
599999, 245, 0, 0
601000, 263, 0, 0
601999, 242, 0, 0
602999, 240, 0, 0
604000, 231, 0, 0
604999, 226, 0, 0
605999, 245, 0, 0
607000, 236, 0, 0
607999, 230, 0, 0
609000, 228, 0, 0
610000, 196, 0, 0
610999, 223, 0, 0
612000, 235, 0, 0
613000, 237, 0, 0
613999, 210, 0, 0
615000, 239, 0, 0
615999, 263, 0, 0
616999, 238, 0, 0
618000, 260, 0, 0
618999, 216, 0, 0
619999, 252, 0, 0
621000, 252, 0, 0
621999, 250, 0, 0
622999, 245, 0, 0
624000, 224, 0, 0
624999, 267, 0, 0
626000, 249, 0, 0
627000, 217, 0, 0
627999, 228, 0, 0
629000, 245, 0, 0
629999, 220, 0, 0
630999, 240, 0, 0
632000, 268, 0, 0
632999, 224, 0, 0
633999, 237, 0, 0
635000, 248, 0, 0
635999, 244, 0, 0
636999, 264, 0, 0
638000, 223, 0, 0
638999, 238, 0, 0
639999, 239, 0, 0
641000, 225, 0, 0
641999, 263, 0, 0
643000, 248, 0, 0
644000, 259, 0, 0
644999, 247, 0, 0
646000, 236, 0, 0
647000, 214, 0, 0
647999, 261, 0, 0
648999, 268, 0, 0
650000, 272, 0, 0
650999, 238, 0, 0
652000, 274, 0, 0
652999, 244, 0, 0
653999, 255, 0, 0
655000, 245, 0, 0
655999, 249, 0, 0
656999, 272, 0, 0
658000, 269, 0, 0
658999, 243, 0, 0
659999, 260, 0, 0
661000, 221, 0, 0
661999, 241, 0, 0
662999, 269, 0, 0
664000, 232, 0, 0
664999, 293, 0, 0
666000, 274, 0, 0
666999, 237, 0, 0
667999, 266, 0, 0
669000, 246, 0, 0
669999, 231, 0, 0
670999, 252, 0, 0
672000, 246, 0, 0
672999, 230, 0, 0
673999, 294, 0, 0
675000, 228, 0, 0
675999, 294, 0, 0
676999, 274, 0, 0
678000, 247, 0, 0
678999, 268, 0, 0
679999, 280, 0, 0
681000, 238, 0, 0
681999, 228, 0, 0
682999, 237, 0, 0
684000, 259, 0, 0
684999, 280, 0, 0
686000, 241, 0, 0
687000, 257, 0, 0
687999, 271, 0, 0
689000, 243, 0, 0
689999, 275, 0, 0
690999, 308, 0, 0
692000, 248, 0, 0
692999, 270, 0, 0
693999, 267, 0, 0
695000, 259, 0, 0
695999, 272, 0, 0
696999, 247, 0, 0
698000, 236, 0, 0
698999, 234, 0, 0
700000, 280, 0, 0
701000, 290, 0, 0
701999, 271, 0, 0
703000, 234, 0, 0
703999, 258, 0, 0
704999, 214, 0, 0
706000, 256, 0, 0
706999, 241, 0, 0
708000, 240, 0, 0
708999, 231, 0, 0
709999, 224, 0, 0
711000, 237, 0, 0
711999, 277, 0, 0
712999, 249, 0, 0
714000, 268, 0, 0
714999, 256, 0, 0
715999, 270, 0, 0
717000, 254, 0, 0
717999, 250, 0, 0
719000, 265, 0, 0
719999, 268, 0, 0
720999, 279, 0, 0
722000, 232, 0, 0
722999, 234, 0, 0
723999, 265, 0, 0
725000, 254, 0, 0
725999, 262, 0, 0
726999, 246, 0, 0
728000, 246, 0, 0
728999, 238, 0, 0
730000, 256, 0, 0
731000, 259, 0, 0
731999, 266, 0, 0
733000, 230, 0, 0
733999, 287, 0, 0
734999, 278, 0, 0
736000, 222, 0, 0
736999, 275, 0, 0
737999, 259, 0, 0
739000, 269, 0, 0
739999, 264, 0, 0
740999, 264, 0, 0
742000, 280, 0, 0
742999, 226, 0, 0
743999, 261, 0, 0
745000, 279, 0, 0
745999, 250, 0, 0
746999, 257, 0, 0
748000, 231, 0, 0
748999, 257, 0, 0
749999, 249, 0, 0
751000, 280, 0, 0
751999, 226, 0, 0
752999, 231, 0, 0
754000, 277, 0, 0
754999, 257, 0, 0
755999, 248, 0, 0
757000, 237, 0, 0
757999, 253, 0, 0
758999, 258, 0, 0
760000, 246, 0, 0
760999, 249, 0, 0
762000, 254, 0, 0
763000, 241, 0, 0
763999, 259, 0, 0
765000, 245, 0, 0
766000, 246, 0, 0
767000, 249, 0, 0
768000, 232, 0, 0
769000, 243, 0, 0
770000, 262, 0, 0
771000, 240, 0, 0
772000, 252, 0, 0
773000, 286, 0, 0
774000, 261, 0, 0
775000, 282, 0, 0
776000, 292, 0, 0
777000, 286, 0, 0
778000, 229, 0, 0
779000, 253, 0, 0
780000, 214, 0, 0
781000, 241, 0, 0
782000, 226, 0, 0
783000, 259, 0, 0
784000, 261, 0, 0
785000, 280, 0, 0
786000, 281, 0, 0
787000, 250, 0, 0
788000, 253, 0, 0
789000, 249, 0, 0
790001, 228, 0, 0
791000, 265, 0, 0
791999, 246, 0, 0
792999, 210, 0, 0
794000, 260, 0, 0
795000, 253, 0, 0
796000, 256, 0, 0
797000, 280, 0, 0
798000, 270, 0, 0
799000, 258, 0, 0
800000, 246, 0, 0
801000, 262, 0, 0
802000, 240, 0, 0
803000, 229, 0, 0
804000, 277, 0, 0
805000, 258, 0, 0
806000, 225, 0, 0
807000, 256, 0, 0
808000, 257, 0, 0
809000, 262, 0, 0
810000, 232, 0, 0
811000, 258, 0, 0
812000, 233, 0, 0
813000, 255, 0, 0
814000, 248, 0, 0
815000, 252, 0, 0
816000, 257, 0, 0
817000, 299, 0, 0
818000, 234, 0, 0
819000, 237, 0, 0
820000, 249, 0, 0
821000, 238, 0, 0
822000, 227, 0, 0
823000, 231, 0, 0
823999, 236, 0, 0
825000, 278, 0, 0
826000, 251, 0, 0
827000, 240, 0, 0
828000, 259, 0, 0
829000, 256, 0, 0
830000, 247, 0, 0
831000, 238, 0, 0
832000, 261, 0, 0
833000, 263, 0, 0
833999, 243, 0, 0
834999, 239, 0, 0
836000, 245, 0, 0
836999, 252, 0, 0
837999, 252, 0, 0
838998, 269, 0, 0
839999, 267, 0, 0
840998, 253, 0, 0
841998, 231, 0, 0
842999, 281, 0, 0
843998, 237, 0, 0
844998, 254, 0, 0
845997, 235, 0, 0
846998, 223, 0, 0
847998, 220, 0, 0
848997, 259, 0, 0
849997, 235, 0, 0
850997, 241, 0, 0
851997, 280, 0, 0
852997, 255, 0, 0
853996, 184, 0, 0
854997, 268, 0, 0
855996, 248, 0, 0
856996, 293, 0, 0
857996, 264, 0, 0
858996, 245, 0, 0
859996, 255, 0, 0
860995, 245, 0, 0
861995, 291, 0, 0
862995, 284, 0, 0
863995, 233, 0, 0
864995, 232, 0, 0
865994, 254, 0, 0
866995, 247, 0, 0
867994, 279, 0, 0
868994, 265, 0, 0
869995, 266, 0, 0
870994, 264, 0, 0
871994, 226, 0, 0
872993, 258, 0, 0
873994, 209, 0, 0
874994, 265, 0, 0
875993, 272, 0, 0
876993, 236, 0, 0
877993, 275, 0, 0
878993, 242, 0, 0
879992, 267, 0, 0
880993, 292, 0, 0
881993, 283, 0, 0
882992, 246, 0, 0
883992, 271, 0, 0
884992, 229, 0, 0
885992, 254, 0, 0
886992, 242, 0, 0
887991, 284, 0, 0
888992, 266, 0, 0
889991, 246, 0, 0
890991, 292, 0, 0
891992, 260, 0, 0
892991, 235, 0, 0
893991, 253, 0, 0
895000, 234, 0, 0
895991, 216, 0, 0
896991, 223, 0, 0
898000, 250, 0, 0
899000, 283, 0, 0
899999, 254, 0, 0
901000, 243, 0, 0
901999, 251, 0, 0
902999, 241, 0, 0
904000, 233, 0, 0
904999, 240, 0, 0
905999, 262, 0, 0
907000, 252, 0, 0
907999, 235, 0, 0
909000, 248, 0, 0
910000, 237, 0, 0
910999, 223, 0, 0
912000, 239, 0, 0
913000, 237, 0, 0
913999, 263, 0, 0
915000, 257, 0, 0
915999, 242, 0, 0
916999, 240, 0, 0
918000, 239, 0, 0
918999, 237, 0, 0
919999, 279, 0, 0
921000, 268, 0, 0
921999, 222, 0, 0
922999, 242, 0, 0
924000, 252, 0, 0
924999, 255, 0, 0
926000, 270, 0, 0
927000, 254, 0, 0
927999, 239, 0, 0
929000, 259, 0, 0
930000, 222, 0, 0
930999, 203, 0, 0
932000, 276, 0, 0
932999, 263, 0, 0
933999, 244, 0, 0
935000, 270, 0, 0
935999, 229, 0, 0
936999, 234, 0, 0
938000, 236, 0, 0
938999, 271, 0, 0
939999, 223, 0, 0
941000, 235, 0, 0
941999, 273, 0, 0
943000, 225, 0, 0
943999, 236, 0, 0
944999, 214, 0, 0
946000, 261, 0, 0
946999, 250, 0, 0
947999, 251, 0, 0
949000, 250, 0, 0
949999, 250, 0, 0
950999, 239, 0, 0
952000, 233, 0, 0
952999, 260, 0, 0
953999, 244, 0, 0
955000, 214, 0, 0
955999, 250, 0, 0
956999, 216, 0, 0
958000, 283, 0, 0
958999, 223, 0, 0
960000, 257, 0, 0
960999, 260, 0, 0
961999, 234, 0, 0
963000, 237, 0, 0
963999, 237, 0, 0
965000, 235, 0, 0
966000, 242, 0, 0
966999, 258, 0, 0
968000, 258, 0, 0
968999, 255, 0, 0
969999, 247, 0, 0
971000, 262, 0, 0
971999, 272, 0, 0
973000, 237, 0, 0
974000, 265, 0, 0
974999, 244, 0, 0
976000, 299, 0, 0
976999, 242, 0, 0
977999, 222, 0, 0
979000, 227, 0, 0
979999, 257, 0, 0
980999, 261, 0, 0
982000, 245, 0, 0
982999, 281, 0, 0
984000, 264, 0, 0
985000, 243, 0, 0
985999, 246, 0, 0
987000, 239, 0, 0
987999, 227, 0, 0
988999, 255, 0, 0
990000, 268, 0, 0
990999, 244, 0, 0
991999, 261, 0, 0
993000, 257, 0, 0
993999, 251, 0, 0
994999, 240, 0, 0
996000, 274, 0, 0
996999, 246, 0, 0
998000, 265, 0, 0
999000, 232, 0, 0
999999, 208, 0, 0
1001000, 265, 0, 0
1002000, 240, 0, 0
1002999, 265, 0, 0
1004000, 262, 0, 0
1004999, 229, 0, 0
1006000, 278, 0, 0
1007000, 243, 0, 0
1007999, 276, 0, 0
1009000, 262, 0, 0
1009999, 228, 0, 0
1010999, 234, 0, 0
1012000, 243, 0, 0
1012999, 237, 0, 0
1014000, 276, 0, 0
1015000, 210, 0, 0
1015999, 249, 0, 0
1016999, 266, 0, 0
1018000, 251, 0, 0
1018999, 236, 0, 0
1020000, 219, 0, 0
1020999, 248, 0, 0
1021999, 250, 0, 0
1023000, 256, 0, 0
1024000, 256, 0, 0
1025000, 216, 0, 0
1026000, 227, 0, 0
1026999, 262, 0, 0
1027999, 242, 0, 0
1029000, 238, 0, 0
1029999, 227, 0, 0
1030999, 258, 0, 0
1032000, 253, 0, 0
1032999, 209, 0, 0
1033999, 249, 0, 0
1035000, 240, 0, 0
1035999, 245, 0, 0
1037000, 256, 0, 0
1038000, 243, 0, 0
1038999, 230, 0, 0
1040000, 259, 0, 0
1040999, 230, 0, 0
1041999, 307, 0, 0
1043000, 260, 0, 0
1044000, 245, 0, 0
1044999, 226, 0, 0
1046000, 254, 0, 0
1046999, 253, 0, 0
1047999, 226, 0, 0
1049000, 222, 0, 0
1049999, 227, 0, 0
1050999, 253, 0, 0
1052000, 237, 0, 0
1053000, 241, 0, 0
1053999, 224, 0, 0
1055000, 244, 0, 0
1055999, 245, 0, 0
1056999, 278, 0, 0
1058000, 247, 0, 0
1058999, 193, 0, 0
1060000, 249, 0, 0
1060999, 205, 0, 0
1061999, 237, 0, 0
1063000, 251, 0, 0
1063999, 252, 0, 0
1064999, 247, 0, 0
1066000, 248, 0, 0
1066999, 257, 0, 0
1067999, 212, 0, 0
1069000, 248, 0, 0
1069999, 256, 0, 0
1071000, 230, 0, 0
1071999, 235, 0, 0
1072999, 228, 0, 0
1074000, 248, 0, 0
1074999, 244, 0, 0
1075999, 235, 0, 0
1077000, 264, 0, 0
1077999, 239, 0, 0
1079000, 264, 0, 0
1079999, 218, 0, 0
1080999, 241, 0, 0
1082000, 237, 0, 0
1083000, 238, 0, 0
1083999, 279, 0, 0
1085000, 251, 0, 0
1086000, 241, 0, 0
1086999, 252, 0, 0
1088000, 257, 0, 0
1088999, 243, 0, 0
1089999, 258, 0, 0
1091000, 227, 0, 0
1091999, 238, 0, 0
1092999, 284, 0, 0
1094000, 218, 0, 0
1094999, 231, 0, 0
1096000, 236, 0, 0
1097000, 231, 0, 0
1097999, 240, 0, 0
1099000, 242, 0, 0
1099999, 256, 0, 0
1100999, 234, 0, 0
1102000, 224, 0, 0
1102999, 200, 0, 0
1104000, 249, 0, 0
1105000, 241, 0, 0
1105999, 243, 0, 0
1107000, 217, 0, 0
1108000, 264, 0, 0
1108999, 240, 0, 0
1110000, 241, 0, 0
1111000, 235, 0, 0
1111999, 226, 0, 0
1113000, 235, 0, 0
1114000, 236, 0, 0
1114999, 246, 0, 0
1116000, 230, 0, 0
1116999, 287, 0, 0
1117999, 240, 0, 0
1119000, 228, 0, 0
1119999, 204, 0, 0
1120999, 257, 0, 0
1122000, 285, 0, 0
1123000, 251, 0, 0
1123999, 241, 0, 0
1124999, 237, 0, 0
1126000, 259, 0, 0
1126999, 232, 0, 0
1128000, 220, 0, 0
1129000, 239, 0, 0
1129999, 235, 0, 0
1131000, 235, 0, 0
1132000, 225, 0, 0
1132999, 272, 0, 0
1134000, 242, 0, 0
1135000, 237, 0, 0
1135999, 258, 0, 0
1137000, 231, 0, 0
1137999, 278, 0, 0
1138999, 226, 0, 0
1140000, 260, 0, 0
1140999, 237, 0, 0
1141999, 231, 0, 0
1143000, 261, 0, 0
1143999, 246, 0, 0
1145000, 210, 0, 0
1146000, 268, 0, 0
1146999, 238, 0, 0
1148000, 249, 0, 0
1148999, 226, 0, 0
1149999, 243, 0, 0
1151000, 251, 0, 0
1151999, 232, 0, 0
1153000, 215, 0, 0
1154000, 220, 0, 0
1154999, 235, 0, 0
1156000, 222, 0, 0
1156999, 245, 0, 0
1158000, 231, 0, 0
1159000, 249, 0, 0
1159999, 277, 0, 0
1161000, 212, 0, 0
1162000, 240, 0, 0
1162999, 258, 0, 0
1164000, 263, 0, 0
1165000, 259, 0, 0
1165999, 205, 0, 0
1167000, 266, 0, 0
1168000, 237, 0, 0
1168999, 268, 0, 0
1170000, 236, 0, 0
1170999, 240, 0, 0
1172000, 242, 0, 0
1173000, 234, 0, 0
1173999, 263, 0, 0
1175000, 228, 0, 0
1176000, 237, 0, 0
1176999, 236, 0, 0
1178000, 242, 0, 0
1178999, 241, 0, 0
1179999, 205, 0, 0
1181000, 232, 0, 0
1181999, 258, 0, 0
1182999, 239, 0, 0
1184000, 249, 0, 0
1184999, 258, 0, 0
1186000, 244, 0, 0
1186999, 261, 0, 0
1187999, 249, 0, 0
1189000, 228, 0, 0
1189999, 225, 0, 0
1191000, 249, 0, 0
1192000, 240, 0, 0
1192999, 287, 0, 0
1194000, 254, 0, 0
1194999, 237, 0, 0
1195999, 259, 0, 0
1197000, 218, 0, 0
1197999, 232, 0, 0
1198999, 249, 0, 0
1200000, 226, 0, 0
