999, 87, 0, 0
2000, 129, 0, 0
2999, 128, 0, 0
3999, 129, 0, 0
5000, 136, 0, 0
6000, 128, 0, 0
6999, 129, 0, 0
7999, 120, 0, 0
9000, 128, 0, 0
9999, 129, 0, 0
10999, 137, 0, 0
12000, 131, 0, 0
12999, 120, 0, 0
14000, 129, 0, 0
15000, 130, 0, 0
15999, 128, 0, 0
17000, 130, 0, 0
17999, 121, 0, 0
18999, 174, 0, 0
20000, 130, 0, 0
20999, 132, 0, 0
21999, 131, 0, 0
23000, 137, 0, 0
23999, 131, 0, 0
24999, 134, 0, 0
26000, 141, 0, 0
26999, 133, 0, 0
27999, 130, 0, 0
29000, 132, 0, 0
29999, 130, 0, 0
30999, 132, 0, 0
32000, 139, 0, 0
32999, 123, 0, 0
33999, 134, 0, 0
35000, 139, 0, 0
35999, 133, 0, 0
36999, 139, 0, 0
38000, 122, 0, 0
38999, 133, 0, 0
39999, 128, 0, 0
41000, 141, 0, 0
42000, 131, 0, 0
42999, 133, 0, 0
44000, 143, 0, 0
45000, 133, 0, 0
45999, 132, 0, 0
47000, 141, 0, 0
47999, 120, 0, 0
49000, 143, 0, 0
50000, 136, 0, 0
50999, 137, 0, 0
52000, 132, 0, 0
52999, 138, 0, 0
53999, 144, 0, 0
55000, 142, 0, 0
55999, 131, 0, 0
56999, 135, 0, 0
58000, 131, 0, 0
58999, 136, 0, 0
60000, 145, 0, 0
61000, 132, 0, 0
61999, 130, 0, 0
63000, 140, 0, 0
63999, 136, 0, 0
65000, 134, 0, 0
66000, 136, 0, 0
66999, 153, 0, 0
68000, 127, 0, 0
69000, 132, 0, 0
69999, 136, 0, 0
71000, 136, 0, 0
72000, 119, 0, 0
72999, 134, 0, 0
73999, 144, 0, 0
75000, 131, 0, 0
76000, 127, 0, 0
76999, 133, 0, 0
77999, 141, 0, 0
79000, 128, 0, 0
79999, 137, 0, 0
80999, 135, 0, 0
82000, 128, 0, 0
82999, 140, 0, 0
83999, 135, 0, 0
85000, 142, 0, 0
86000, 136, 0, 0
86999, 133, 0, 0
88000, 136, 0, 0
89000, 133, 0, 0
89999, 137, 0, 0
91000, 133, 0, 0
92000, 135, 0, 0
92999, 143, 0, 0
94000, 143, 0, 0
94999, 137, 0, 0
95999, 140, 0, 0
97000, 136, 0, 0
97999, 143, 0, 0
98999, 124, 0, 0
100000, 138, 0, 0
100999, 147, 0, 0
102000, 143, 0, 0
103000, 137, 0, 0
103999, 139, 0, 0
105000, 131, 0, 0
106000, 148, 0, 0
106999, 141, 0, 0
108000, 136, 0, 0
109000, 127, 0, 0
109999, 138, 0, 0
111000, 151, 0, 0
112000, 152, 0, 0
112999, 129, 0, 0
114000, 142, 0, 0
114999, 151, 0, 0
115999, 139, 0, 0
117000, 144, 0, 0
117999, 145, 0, 0
118999, 127, 0, 0
120000, 135, 0, 0
120999, 128, 0, 0
121999, 157, 0, 0
123000, 137, 0, 0
123999, 140, 0, 0
124999, 142, 0, 0
126000, 142, 0, 0
126999, 145, 0, 0
127999, 129, 0, 0
129000, 134, 0, 0
129999, 150, 0, 0
131000, 138, 0, 0
132000, 140, 0, 0
132999, 144, 0, 0
134000, 147, 0, 0
135000, 150, 0, 0
135999, 149, 0, 0
137000, 139, 0, 0
138000, 142, 0, 0
138999, 132, 0, 0
140000, 150, 0, 0
140999, 151, 0, 0
141999, 148, 0, 0
143000, 147, 0, 0
144000, 138, 0, 0
144999, 136, 0, 0
146000, 137, 0, 0
147000, 146, 0, 0
147999, 154, 0, 0
149000, 130, 0, 0
150000, 135, 0, 0
150999, 158, 0, 0
152000, 148, 0, 0
153000, 145, 0, 0
153999, 148, 0, 0
155000, 138, 0, 0
155999, 155, 0, 0
156999, 138, 0, 0
158000, 153, 0, 0
158999, 131, 0, 0
159999, 148, 0, 0
161000, 147, 0, 0
161999, 150, 0, 0
162999, 149, 0, 0
164000, 141, 0, 0
164999, 159, 0, 0
166000, 145, 0, 0
167000, 143, 0, 0
167999, 147, 0, 0
168999, 141, 0, 0
170000, 137, 0, 0
170999, 142, 0, 0
171999, 153, 0, 0
173000, 145, 0, 0
173999, 143, 0, 0
175000, 145, 0, 0
176000, 152, 0, 0
176999, 150, 0, 0
177999, 151, 0, 0
179000, 147, 0, 0
179999, 156, 0, 0
180999, 146, 0, 0
182000, 149, 0, 0
182999, 145, 0, 0
183999, 155, 0, 0
185000, 152, 0, 0
185999, 138, 0, 0
186999, 153, 0, 0
188000, 145, 0, 0
188999, 163, 0, 0
190000, 144, 0, 0
191000, 162, 0, 0
191999, 150, 0, 0
193000, 134, 0, 0
193999, 167, 0, 0
194999, 146, 0, 0
196000, 150, 0, 0
196999, 156, 0, 0
197999, 148, 0, 0
199000, 149, 0, 0
199999, 146, 0, 0
200999, 156, 0, 0
202000, 156, 0, 0
203000, 144, 0, 0
203999, 150, 0, 0
205000, 163, 0, 0
205999, 152, 0, 0
206999, 154, 0, 0
208000, 150, 0, 0
209000, 161, 0, 0
209999, 144, 0, 0
211000, 162, 0, 0
211999, 155, 0, 0
213000, 149, 0, 0
214000, 154, 0, 0
214999, 151, 0, 0
216000, 159, 0, 0
217000, 148, 0, 0
217999, 160, 0, 0
219000, 161, 0, 0
220000, 165, 0, 0
220999, 153, 0, 0
222000, 160, 0, 0
223000, 162, 0, 0
223999, 151, 0, 0
225000, 156, 0, 0
226000, 148, 0, 0
226999, 144, 0, 0
228000, 151, 0, 0
229000, 161, 0, 0
229999, 156, 0, 0
231000, 152, 0, 0
232000, 169, 0, 0
232999, 157, 0, 0
234000, 147, 0, 0
235000, 153, 0, 0
235999, 166, 0, 0
237000, 166, 0, 0
237999, 170, 0, 0
238999, 152, 0, 0
240000, 140, 0, 0
240999, 151, 0, 0
241999, 159, 0, 0
243000, 158, 0, 0
243999, 157, 0, 0
245000, 172, 0, 0
246000, 138, 0, 0
246999, 160, 0, 0
248000, 173, 0, 0
249000, 158, 0, 0
249999, 162, 0, 0
251000, 157, 0, 0
251999, 162, 0, 0
252999, 134, 0, 0
254000, 161, 0, 0
254999, 159, 0, 0
255999, 157, 0, 0
257000, 171, 0, 0
257999, 157, 0, 0
259000, 157, 0, 0
260000, 148, 0, 0
260999, 150, 0, 0
262000, 160, 0, 0
263000, 174, 0, 0
263999, 161, 0, 0
265000, 142, 0, 0
266000, 167, 0, 0
266999, 158, 0, 0
268000, 156, 0, 0
268999, 169, 0, 0
269999, 163, 0, 0
271000, 165, 0, 0
271999, 160, 0, 0
272999, 181, 0, 0
274000, 177, 0, 0
274999, 180, 0, 0
275999, 166, 0, 0
277000, 162, 0, 0
277999, 152, 0, 0
279000, 172, 0, 0
279999, 166, 0, 0
280999, 144, 0, 0
281999, 158, 0, 0
283000, 160, 0, 0
283999, 165, 0, 0
284999, 155, 0, 0
286000, 166, 0, 0
286999, 163, 0, 0
287999, 168, 0, 0
289000, 178, 0, 0
290000, 166, 0, 0
290999, 154, 0, 0
292000, 176, 0, 0
293000, 158, 0, 0
293999, 171, 0, 0
295000, 153, 0, 0
296000, 162, 0, 0
296999, 166, 0, 0
298000, 157, 0, 0
299000, 164, 0, 0
299999, 168, 0, 0
301000, 158, 0, 0
301999, 154, 0, 0
302999, 163, 0, 0
304000, 153, 0, 0
304999, 167, 0, 0
305999, 171, 0, 0
307000, 157, 0, 0
307999, 161, 0, 0
308999, 164, 0, 0
310000, 161, 0, 0
311000, 165, 0, 0
311999, 170, 0, 0
313000, 162, 0, 0
313999, 165, 0, 0
314999, 152, 0, 0
316000, 155, 0, 0
316999, 178, 0, 0
317999, 187, 0, 0
319000, 185, 0, 0
319999, 169, 0, 0
320999, 184, 0, 0
322000, 165, 0, 0
322999, 163, 0, 0
323999, 168, 0, 0
325000, 164, 0, 0
325999, 182, 0, 0
326999, 170, 0, 0
328000, 182, 0, 0
328999, 163, 0, 0
330000, 181, 0, 0
331000, 176, 0, 0
331999, 182, 0, 0
333000, 178, 0, 0
333999, 179, 0, 0
334999, 163, 0, 0
336000, 179, 0, 0
336999, 166, 0, 0
338000, 159, 0, 0
339000, 211, 0, 0
339999, 172, 0, 0
341000, 178, 0, 0
341999, 175, 0, 0
343000, 167, 0, 0
344000, 170, 0, 0
344999, 175, 0, 0
346000, 168, 0, 0
346999, 180, 0, 0
347999, 188, 0, 0
349000, 162, 0, 0
349999, 179, 0, 0
351000, 194, 0, 0
352000, 175, 0, 0
352999, 180, 0, 0
354000, 164, 0, 0
354999, 165, 0, 0
355999, 182, 0, 0
357000, 166, 0, 0
357999, 183, 0, 0
358999, 174, 0, 0
360000, 178, 0, 0
360999, 182, 0, 0
362000, 157, 0, 0
362999, 190, 0, 0
363999, 195, 0, 0
365000, 157, 0, 0
365999, 183, 0, 0
367000, 179, 0, 0
368000, 174, 0, 0
368999, 176, 0, 0
370000, 187, 0, 0
371000, 189, 0, 0
371999, 159, 0, 0
373000, 171, 0, 0
374000, 198, 0, 0
374999, 164, 0, 0
376000, 188, 0, 0
376999, 190, 0, 0
378000, 174, 0, 0
379000, 181, 0, 0
379999, 173, 0, 0
381000, 195, 0, 0
382000, 185, 0, 0
382999, 174, 0, 0
384000, 198, 0, 0
384999, 187, 0, 0
385999, 188, 0, 0
387000, 166, 0, 0
387999, 195, 0, 0
389000, 169, 0, 0
389999, 184, 0, 0
390999, 183, 0, 0
392000, 183, 0, 0
392999, 187, 0, 0
393999, 184, 0, 0
395000, 154, 0, 0
395999, 218, 0, 0
396999, 180, 0, 0
398000, 174, 0, 0
398999, 193, 0, 0
400000, 177, 0, 0
400999, 183, 0, 0
401999, 178, 0, 0
403000, 179, 0, 0
403999, 208, 0, 0
404999, 185, 0, 0
406000, 178, 0, 0
406999, 169, 0, 0
408000, 194, 0, 0
409000, 177, 0, 0
409999, 190, 0, 0
411000, 183, 0, 0
412000, 207, 0, 0
412999, 181, 0, 0
414000, 190, 0, 0
415000, 166, 0, 0
415999, 184, 0, 0
417000, 197, 0, 0
417999, 203, 0, 0
418999, 175, 0, 0
420000, 186, 0, 0
420999, 200, 0, 0
422000, 188, 0, 0
423000, 187, 0, 0
423999, 202, 0, 0
425000, 204, 0, 0
425999, 190, 0, 0
426999, 196, 0, 0
428000, 195, 0, 0
428999, 217, 0, 0
430000, 190, 0, 0
431000, 195, 0, 0
431999, 200, 0, 0
433000, 194, 0, 0
434000, 185, 0, 0
434999, 190, 0, 0
436000, 182, 0, 0
436999, 193, 0, 0
438000, 200, 0, 0
439000, 189, 0, 0
439999, 173, 0, 0
441000, 196, 0, 0
442000, 188, 0, 0
442999, 211, 0, 0
444000, 180, 0, 0
444999, 191, 0, 0
445999, 184, 0, 0
447000, 196, 0, 0
447999, 213, 0, 0
449000, 195, 0, 0
450000, 190, 0, 0
450999, 186, 0, 0
452000, 204, 0, 0
453000, 204, 0, 0
453999, 186, 0, 0
454999, 198, 0, 0
456000, 193, 0, 0
456999, 227, 0, 0
457999, 208, 0, 0
459000, 187, 0, 0
459999, 206, 0, 0
460999, 208, 0, 0
462000, 196, 0, 0
463000, 206, 0, 0
463999, 192, 0, 0
465000, 180, 0, 0
466000, 209, 0, 0
466999, 202, 0, 0
468000, 204, 0, 0
469000, 202, 0, 0
469999, 193, 0, 0
471000, 195, 0, 0
472000, 206, 0, 0
472999, 189, 0, 0
474000, 202, 0, 0
475000, 217, 0, 0
475999, 219, 0, 0
477000, 199, 0, 0
478000, 198, 0, 0
478999, 169, 0, 0
480000, 219, 0, 0
480999, 175, 0, 0
481999, 190, 0, 0
483000, 236, 0, 0
484000, 196, 0, 0
484999, 227, 0, 0
486000, 220, 0, 0
486999, 197, 0, 0
487999, 207, 0, 0
489000, 188, 0, 0
489999, 209, 0, 0
490999, 191, 0, 0
492000, 224, 0, 0
492999, 194, 0, 0
494000, 224, 0, 0
495000, 203, 0, 0
495999, 204, 0, 0
497000, 211, 0, 0
498000, 200, 0, 0
498999, 215, 0, 0
500000, 219, 0, 0
500999, 224, 0, 0
501999, 160, 0, 0
503000, 206, 0, 0
503999, 211, 0, 0
504999, 201, 0, 0
506000, 200, 0, 0
506999, 204, 0, 0
507999, 194, 0, 0
509000, 212, 0, 0
509999, 201, 0, 0
510999, 210, 0, 0
512000, 251, 0, 0
512999, 206, 0, 0
514000, 203, 0, 0
514999, 223, 0, 0
515999, 226, 0, 0
517000, 207, 0, 0
517999, 226, 0, 0
518999, 209, 0, 0
520000, 206, 0, 0
520999, 192, 0, 0
522000, 227, 0, 0
523000, 203, 0, 0
523999, 240, 0, 0
525000, 243, 0, 0
526000, 224, 0, 0
526999, 196, 0, 0
528000, 226, 0, 0
528999, 225, 0, 0
529999, 222, 0, 0
531000, 230, 0, 0
531999, 212, 0, 0
532999, 215, 0, 0
534000, 205, 0, 0
534999, 230, 0, 0
535999, 235, 0, 0
537000, 203, 0, 0
537999, 229, 0, 0
539000, 231, 0, 0
540000, 230, 0, 0
540999, 232, 0, 0
542000, 210, 0, 0
542999, 216, 0, 0
543999, 216, 0, 0
545000, 224, 0, 0
545999, 205, 0, 0
546999, 223, 0, 0
548000, 245, 0, 0
548999, 221, 0, 0
549999, 219, 0, 0
551000, 186, 0, 0
551999, 232, 0, 0
553000, 211, 0, 0
554000, 227, 0, 0
554999, 218, 0, 0
556000, 239, 0, 0
556999, 208, 0, 0
557999, 233, 0, 0
559000, 227, 0, 0
559999, 237, 0, 0
560999, 234, 0, 0
562000, 203, 0, 0
562999, 231, 0, 0
563999, 235, 0, 0
565000, 231, 0, 0
565999, 261, 0, 0
566999, 223, 0, 0
568000, 217, 0, 0
568999, 206, 0, 0
569999, 269, 0, 0
571000, 214, 0, 0
571999, 221, 0, 0
572999, 279, 0, 0
574000, 222, 0, 0
575000, 226, 0, 0
575999, 220, 0, 0
576999, 224, 0, 0
578000, 225, 0, 0
578999, 241, 0, 0
579999, 239, 0, 0
581000, 226, 0, 0
582000, 212, 0, 0
582999, 210, 0, 0
584000, 219, 0, 0
585000, 262, 0, 0
585999, 213, 0, 0
587000, 263, 0, 0
588000, 224, 0, 0
588999, 223, 0, 0
589999, 227, 0, 0
591000, 238, 0, 0
592000, 255, 0, 0
592999, 214, 0, 0
593999, 283, 0, 0
595000, 259, 0, 0
595999, 244, 0, 0
596999, 236, 0, 0
598000, 257, 0, 0
598999, 222, 0, 0
599999, 238, 0, 0
601000, 258, 0, 0
601999, 223, 0, 0
602999, 252, 0, 0
604000, 228, 0, 0
604999, 242, 0, 0
606000, 267, 0, 0
607000, 222, 0, 0
607999, 229, 0, 0
609000, 239, 0, 0
610000, 235, 0, 0
610999, 200, 0, 0
612000, 236, 0, 0
613000, 223, 0, 0
613999, 224, 0, 0
615000, 230, 0, 0
615999, 232, 0, 0
616999, 230, 0, 0
618000, 255, 0, 0
618999, 216, 0, 0
620000, 238, 0, 0
621000, 286, 0, 0
621999, 238, 0, 0
623000, 280, 0, 0
624000, 261, 0, 0
624999, 258, 0, 0
626000, 272, 0, 0
627000, 229, 0, 0
627999, 243, 0, 0
629000, 243, 0, 0
629999, 218, 0, 0
630999, 234, 0, 0
632000, 245, 0, 0
632999, 224, 0, 0
633999, 236, 0, 0
635000, 212, 0, 0
635999, 278, 0, 0
636999, 256, 0, 0
638000, 232, 0, 0
638999, 251, 0, 0
640000, 218, 0, 0
641000, 264, 0, 0
641999, 264, 0, 0
643000, 246, 0, 0
644000, 262, 0, 0
644999, 250, 0, 0
646000, 274, 0, 0
647000, 218, 0, 0
647999, 228, 0, 0
649000, 236, 0, 0
650000, 241, 0, 0
650999, 293, 0, 0
652000, 238, 0, 0
652999, 270, 0, 0
653999, 267, 0, 0
655000, 270, 0, 0
655999, 277, 0, 0
656999, 247, 0, 0
658000, 252, 0, 0
658999, 272, 0, 0
659999, 236, 0, 0
661000, 213, 0, 0
661999, 252, 0, 0
662999, 239, 0, 0
664000, 280, 0, 0
664999, 269, 0, 0
666000, 237, 0, 0
666999, 262, 0, 0
667999, 266, 0, 0
669000, 241, 0, 0
669999, 270, 0, 0
670999, 252, 0, 0
672000, 265, 0, 0
672999, 254, 0, 0
673999, 275, 0, 0
675000, 260, 0, 0
675999, 261, 0, 0
676999, 275, 0, 0
678000, 275, 0, 0
678999, 275, 0, 0
679999, 250, 0, 0
681000, 276, 0, 0
681999, 255, 0, 0
682999, 274, 0, 0
684000, 262, 0, 0
684999, 249, 0, 0
686000, 241, 0, 0
687000, 272, 0, 0
687999, 231, 0, 0
689000, 222, 0, 0
689999, 269, 0, 0
690999, 283, 0, 0
692000, 278, 0, 0
692999, 253, 0, 0
693999, 275, 0, 0
695000, 275, 0, 0
695999, 242, 0, 0
696999, 254, 0, 0
698000, 265, 0, 0
698999, 211, 0, 0
700000, 277, 0, 0
701000, 263, 0, 0
701999, 251, 0, 0
703000, 257, 0, 0
703999, 264, 0, 0
705000, 266, 0, 0
706000, 266, 0, 0
706999, 267, 0, 0
708000, 252, 0, 0
708999, 222, 0, 0
709999, 243, 0, 0
711000, 232, 0, 0
711999, 267, 0, 0
712999, 246, 0, 0
714000, 283, 0, 0
714999, 255, 0, 0
715999, 268, 0, 0
717000, 249, 0, 0
717999, 277, 0, 0
719000, 259, 0, 0
719999, 269, 0, 0
720999, 258, 0, 0
722000, 250, 0, 0
722999, 263, 0, 0
723999, 221, 0, 0
725000, 286, 0, 0
725999, 217, 0, 0
726999, 297, 0, 0
728000, 239, 0, 0
728999, 263, 0, 0
730000, 301, 0, 0
731000, 240, 0, 0
731999, 263, 0, 0
733000, 239, 0, 0
733999, 285, 0, 0
734999, 250, 0, 0
736000, 257, 0, 0
736999, 271, 0, 0
738000, 254, 0, 0
739000, 277, 0, 0
739999, 237, 0, 0
740999, 258, 0, 0
742000, 270, 0, 0
742999, 280, 0, 0
743999, 253, 0, 0
745000, 270, 0, 0
745999, 242, 0, 0
746999, 270, 0, 0
748000, 289, 0, 0
748999, 242, 0, 0
749999, 256, 0, 0
751000, 279, 0, 0
751999, 259, 0, 0
752999, 241, 0, 0
754000, 239, 0, 0
754999, 248, 0, 0
755999, 258, 0, 0
757000, 233, 0, 0
757999, 265, 0, 0
759000, 244, 0, 0
760000, 270, 0, 0
760999, 240, 0, 0
762000, 238, 0, 0
763001, 265, 0, 0
763999, 259, 0, 0
765000, 238, 0, 0
766000, 262, 0, 0
767000, 271, 0, 0
768000, 232, 0, 0
769000, 282, 0, 0
770000, 250, 0, 0
771000, 270, 0, 0
772000, 263, 0, 0
773000, 258, 0, 0
774000, 261, 0, 0
775000, 258, 0, 0
776000, 273, 0, 0
777000, 263, 0, 0
778000, 247, 0, 0
779000, 245, 0, 0
780000, 249, 0, 0
781000, 287, 0, 0
782000, 281, 0, 0
783000, 253, 0, 0
784000, 244, 0, 0
785000, 253, 0, 0
786000, 234, 0, 0
787000, 249, 0, 0
788000, 219, 0, 0
789000, 268, 0, 0
790001, 260, 0, 0
791000, 239, 0, 0
791999, 226, 0, 0
792999, 249, 0, 0
794000, 243, 0, 0
795000, 275, 0, 0
796000, 273, 0, 0
797000, 275, 0, 0
798000, 244, 0, 0
799000, 287, 0, 0
800000, 260, 0, 0
801000, 256, 0, 0
802000, 278, 0, 0
803000, 246, 0, 0
804000, 278, 0, 0
805001, 283, 0, 0
806000, 224, 0, 0
807000, 272, 0, 0
808000, 274, 0, 0
809000, 259, 0, 0
810000, 212, 0, 0
811000, 234, 0, 0
812000, 234, 0, 0
813000, 243, 0, 0
814000, 256, 0, 0
815000, 259, 0, 0
816001, 238, 0, 0
817000, 257, 0, 0
818000, 231, 0, 0
819000, 262, 0, 0
820000, 223, 0, 0
821000, 252, 0, 0
822000, 242, 0, 0
823000, 231, 0, 0
824000, 263, 0, 0
825000, 238, 0, 0
826000, 266, 0, 0
827000, 241, 0, 0
828000, 258, 0, 0
829000, 270, 0, 0
830000, 234, 0, 0
831000, 264, 0, 0
832000, 253, 0, 0
833000, 245, 0, 0
833999, 258, 0, 0
834999, 261, 0, 0
836000, 281, 0, 0
836999, 227, 0, 0
837999, 274, 0, 0
838999, 230, 0, 0
839999, 259, 0, 0
840998, 249, 0, 0
841998, 276, 0, 0
842999, 226, 0, 0
843998, 242, 0, 0
844998, 220, 0, 0
845997, 250, 0, 0
846998, 240, 0, 0
847998, 285, 0, 0
848997, 288, 0, 0
849997, 236, 0, 0
850997, 273, 0, 0
851997, 250, 0, 0
852997, 260, 0, 0
853996, 192, 0, 0
854997, 278, 0, 0
855996, 254, 0, 0
856996, 292, 0, 0
857996, 268, 0, 0
858996, 245, 0, 0
859996, 232, 0, 0
860995, 250, 0, 0
861996, 251, 0, 0
862995, 269, 0, 0
863995, 266, 0, 0
864995, 240, 0, 0
865994, 229, 0, 0
866995, 266, 0, 0
867994, 256, 0, 0
868995, 254, 0, 0
869995, 260, 0, 0
870994, 250, 0, 0
871994, 201, 0, 0
872994, 266, 0, 0
873994, 262, 0, 0
874994, 265, 0, 0
875993, 290, 0, 0
876993, 264, 0, 0
877993, 282, 0, 0
878993, 271, 0, 0
879992, 224, 0, 0
880993, 233, 0, 0
881993, 241, 0, 0
882992, 283, 0, 0
883992, 259, 0, 0
884992, 251, 0, 0
885992, 237, 0, 0
886992, 272, 0, 0
887991, 247, 0, 0
888992, 253, 0, 0
889991, 258, 0, 0
890991, 261, 0, 0
891992, 246, 0, 0
892991, 265, 0, 0
893991, 242, 0, 0
895000, 245, 0, 0
895991, 260, 0, 0
896991, 177, 0, 0
898000, 250, 0, 0
899000, 253, 0, 0
899999, 230, 0, 0
901000, 240, 0, 0
901999, 271, 0, 0
902999, 252, 0, 0
904000, 222, 0, 0
904999, 244, 0, 0
905999, 251, 0, 0
907000, 262, 0, 0
907999, 232, 0, 0
909000, 235, 0, 0
910000, 267, 0, 0
910999, 252, 0, 0
912000, 252, 0, 0
913000, 264, 0, 0
913999, 256, 0, 0
915000, 285, 0, 0
915999, 228, 0, 0
916999, 226, 0, 0
918000, 213, 0, 0
918999, 272, 0, 0
919999, 262, 0, 0
921000, 269, 0, 0
921999, 236, 0, 0
922999, 283, 0, 0
924000, 245, 0, 0
924999, 301, 0, 0
926000, 242, 0, 0
927000, 259, 0, 0
927999, 230, 0, 0
929000, 250, 0, 0
930000, 236, 0, 0
930999, 260, 0, 0
932000, 279, 0, 0
932999, 281, 0, 0
933999, 259, 0, 0
935000, 268, 0, 0
935999, 239, 0, 0
936999, 247, 0, 0
938000, 237, 0, 0
938999, 231, 0, 0
939999, 218, 0, 0
941000, 227, 0, 0
941999, 254, 0, 0
943000, 269, 0, 0
943999, 225, 0, 0
944999, 224, 0, 0
946000, 219, 0, 0
946999, 255, 0, 0
947999, 243, 0, 0
949000, 275, 0, 0
949999, 261, 0, 0
950999, 260, 0, 0
952000, 253, 0, 0
952999, 285, 0, 0
953999, 231, 0, 0
955000, 256, 0, 0
955999, 277, 0, 0
957000, 214, 0, 0
958000, 261, 0, 0
958999, 218, 0, 0
960000, 235, 0, 0
960999, 261, 0, 0
962000, 239, 0, 0
963000, 241, 0, 0
963999, 265, 0, 0
965000, 208, 0, 0
966000, 237, 0, 0
966999, 255, 0, 0
968000, 258, 0, 0
968999, 256, 0, 0
969999, 259, 0, 0
971000, 261, 0, 0
971999, 260, 0, 0
973000, 266, 0, 0
974000, 260, 0, 0
974999, 227, 0, 0
976000, 252, 0, 0
976999, 245, 0, 0
977999, 236, 0, 0
979000, 236, 0, 0
979999, 256, 0, 0
980999, 221, 0, 0
982000, 235, 0, 0
982999, 234, 0, 0
984000, 253, 0, 0
985000, 234, 0, 0
985999, 253, 0, 0
987000, 239, 0, 0
987999, 225, 0, 0
988999, 239, 0, 0
990000, 267, 0, 0
990999, 208, 0, 0
991999, 254, 0, 0
993000, 243, 0, 0
993999, 208, 0, 0
994999, 255, 0, 0
996000, 252, 0, 0
996999, 234, 0, 0
998000, 240, 0, 0
999000, 253, 0, 0
999999, 242, 0, 0
1001000, 241, 0, 0
1002000, 285, 0, 0
1002999, 245, 0, 0
1004000, 261, 0, 0
1004999, 248, 0, 0
1006000, 281, 0, 0
1007000, 238, 0, 0
1007999, 226, 0, 0
1009000, 264, 0, 0
1009999, 255, 0, 0
1010999, 233, 0, 0
1012000, 264, 0, 0
1012999, 258, 0, 0
1014000, 257, 0, 0
1015000, 234, 0, 0
1015999, 239, 0, 0
1017000, 260, 0, 0
1018000, 273, 0, 0
1018999, 235, 0, 0
1020000, 214, 0, 0
1020999, 223, 0, 0
1021999, 247, 0, 0
1023000, 224, 0, 0
1024000, 238, 0, 0
1025000, 242, 0, 0
1026000, 232, 0, 0
1026999, 232, 0, 0
1027999, 231, 0, 0
1029000, 264, 0, 0
1029999, 263, 0, 0
1030999, 269, 0, 0
1032000, 232, 0, 0
1032999, 260, 0, 0
1034000, 228, 0, 0
1035000, 214, 0, 0
1035999, 226, 0, 0
1037000, 217, 0, 0
1038000, 243, 0, 0
1038999, 268, 0, 0
1040000, 224, 0, 0
1040999, 234, 0, 0
1042000, 240, 0, 0
1043000, 252, 0, 0
1044000, 259, 0, 0
1044999, 244, 0, 0
1046000, 272, 0, 0
1046999, 258, 0, 0
1047999, 226, 0, 0
1049000, 224, 0, 0
1049999, 232, 0, 0
1050999, 251, 0, 0
1052000, 232, 0, 0
1053000, 238, 0, 0
1053999, 284, 0, 0
1055000, 238, 0, 0
1055999, 250, 0, 0
1057000, 237, 0, 0
1058000, 276, 0, 0
1058999, 213, 0, 0
1060000, 274, 0, 0
1060999, 235, 0, 0
1061999, 233, 0, 0
1063000, 227, 0, 0
1063999, 232, 0, 0
1064999, 219, 0, 0
1066000, 257, 0, 0
1066999, 233, 0, 0
1068000, 234, 0, 0
1069000, 245, 0, 0
1069999, 246, 0, 0
1071000, 260, 0, 0
1071999, 241, 0, 0
1072999, 266, 0, 0
1074000, 223, 0, 0
1074999, 244, 0, 0
1075999, 239, 0, 0
1077000, 246, 0, 0
1077999, 235, 0, 0
1079000, 245, 0, 0
1079999, 238, 0, 0
1080999, 277, 0, 0
1082000, 267, 0, 0
1083000, 252, 0, 0
1083999, 230, 0, 0
1085000, 234, 0, 0
1086000, 235, 0, 0
1086999, 240, 0, 0
1088000, 241, 0, 0
1088999, 253, 0, 0
1089999, 231, 0, 0
1091000, 214, 0, 0
1091999, 255, 0, 0
1092999, 250, 0, 0
1094000, 249, 0, 0
1094999, 228, 0, 0
1096000, 205, 0, 0
1097000, 243, 0, 0
1097999, 218, 0, 0
1099000, 234, 0, 0
1099999, 255, 0, 0
1100999, 224, 0, 0
1102000, 243, 0, 0
1102999, 218, 0, 0
1104000, 200, 0, 0
1105000, 222, 0, 0
1105999, 238, 0, 0
1107000, 258, 0, 0
1108000, 245, 0, 0
1108999, 247, 0, 0
1110000, 224, 0, 0
1111000, 229, 0, 0
1111999, 258, 0, 0
1113000, 247, 0, 0
1114000, 227, 0, 0
1114999, 196, 0, 0
1116000, 258, 0, 0
1116999, 238, 0, 0
1117999, 247, 0, 0
1119000, 225, 0, 0
1119999, 264, 0, 0
1120999, 228, 0, 0
1122000, 227, 0, 0
1123000, 239, 0, 0
1123999, 236, 0, 0
1125000, 257, 0, 0
1126000, 223, 0, 0
1126999, 250, 0, 0
1128000, 261, 0, 0
1129000, 246, 0, 0
1129999, 226, 0, 0
1131000, 252, 0, 0
1132000, 228, 0, 0
1132999, 233, 0, 0
1134000, 235, 0, 0
1135000, 239, 0, 0
1135999, 237, 0, 0
1137000, 242, 0, 0
1137999, 249, 0, 0
1138999, 265, 0, 0
1140000, 214, 0, 0
1140999, 270, 0, 0
1142000, 239, 0, 0
1143000, 264, 0, 0
1143999, 255, 0, 0
1145000, 224, 0, 0
1146000, 245, 0, 0
1146999, 226, 0, 0
1148000, 253, 0, 0
1148999, 228, 0, 0
1149999, 256, 0, 0
1151000, 237, 0, 0
1151999, 249, 0, 0
1153000, 236, 0, 0
1154000, 228, 0, 0
1154999, 207, 0, 0
1156000, 233, 0, 0
1156999, 236, 0, 0
1158000, 267, 0, 0
1159000, 256, 0, 0
1159999, 231, 0, 0
1161000, 202, 0, 0
1162000, 246, 0, 0
1162999, 228, 0, 0
1164000, 250, 0, 0
1165000, 252, 0, 0
1165999, 241, 0, 0
1167000, 251, 0, 0
1168000, 245, 0, 0
1168999, 236, 0, 0
1170000, 238, 0, 0
1170999, 246, 0, 0
1172000, 253, 0, 0
1173000, 247, 0, 0
1173999, 231, 0, 0
1175000, 225, 0, 0
1176000, 218, 0, 0
1176999, 237, 0, 0
1178000, 227, 0, 0
1178999, 236, 0, 0
1179999, 257, 0, 0
1181000, 222, 0, 0
1181999, 239, 0, 0
1182999, 233, 0, 0
1184000, 262, 0, 0
1184999, 229, 0, 0
1186000, 230, 0, 0
1186999, 257, 0, 0
1187999, 230, 0, 0
1189000, 252, 0, 0
1189999, 233, 0, 0
1191000, 257, 0, 0
1192000, 207, 0, 0
1192999, 268, 0, 0
1194000, 216, 0, 0
1194999, 262, 0, 0
1195999, 242, 0, 0
1197000, 212, 0, 0
1197999, 229, 0, 0
1198999, 254, 0, 0
1200000, 244, 0, 0
