999, 324, 0, 0
2000, 516, 0, 0
2999, 512, 0, 0
3999, 544, 0, 0
5000, 512, 0, 0
6000, 544, 0, 0
6999, 512, 0, 0
7999, 480, 0, 0
9000, 496, 0, 0
9999, 536, 0, 0
10999, 520, 0, 0
12000, 512, 0, 0
12999, 552, 0, 0
14000, 512, 0, 0
15000, 516, 0, 0
15999, 516, 0, 0
17000, 544, 0, 0
17999, 484, 0, 0
18999, 584, 0, 0
20000, 492, 0, 0
20999, 528, 0, 0
21999, 548, 0, 0
23000, 540, 0, 0
23999, 516, 0, 0
24999, 524, 0, 0
26000, 520, 0, 0
26999, 504, 0, 0
27999, 524, 0, 0
29000, 520, 0, 0
29999, 492, 0, 0
30999, 576, 0, 0
32000, 528, 0, 0
32999, 540, 0, 0
33999, 532, 0, 0
35000, 532, 0, 0
35999, 492, 0, 0
36999, 544, 0, 0
38000, 528, 0, 0
38999, 532, 0, 0
39999, 564, 0, 0
41000, 524, 0, 0
42000, 552, 0, 0
42999, 528, 0, 0
44000, 520, 0, 0
45000, 532, 0, 0
45999, 484, 0, 0
47000, 556, 0, 0
47999, 520, 0, 0
49000, 572, 0, 0
50000, 540, 0, 0
50999, 532, 0, 0
52000, 524, 0, 0
52999, 540, 0, 0
53999, 552, 0, 0
55000, 560, 0, 0
55999, 536, 0, 0
56999, 528, 0, 0
58000, 588, 0, 0
58999, 584, 0, 0
60000, 540, 0, 0
61000, 536, 0, 0
61999, 520, 0, 0
63000, 524, 0, 0
63999, 540, 0, 0
65000, 540, 0, 0
66000, 580, 0, 0
66999, 568, 0, 0
68000, 584, 0, 0
69000, 524, 0, 0
69999, 580, 0, 0
71000, 516, 0, 0
72000, 572, 0, 0
72999, 556, 0, 0
73999, 544, 0, 0
75000, 544, 0, 0
76000, 572, 0, 0
76999, 532, 0, 0
78000, 536, 0, 0
79000, 552, 0, 0
79999, 524, 0, 0
80999, 560, 0, 0
82000, 544, 0, 0
82999, 520, 0, 0
83999, 556, 0, 0
85000, 528, 0, 0
86000, 528, 0, 0
86999, 588, 0, 0
88000, 552, 0, 0
89000, 568, 0, 0
89999, 520, 0, 0
91000, 532, 0, 0
92000, 584, 0, 0
92999, 580, 0, 0
94000, 536, 0, 0
94999, 604, 0, 0
95999, 504, 0, 0
97000, 540, 0, 0
97999, 576, 0, 0
99000, 512, 0, 0
100000, 576, 0, 0
100999, 524, 0, 0
102000, 584, 0, 0
103000, 540, 0, 0
103999, 580, 0, 0
105000, 548, 0, 0
106000, 580, 0, 0
106999, 540, 0, 0
108000, 548, 0, 0
109000, 616, 0, 0
109999, 516, 0, 0
111000, 588, 0, 0
112000, 616, 0, 0
112999, 540, 0, 0
114000, 588, 0, 0
114999, 548, 0, 0
115999, 588, 0, 0
117000, 560, 0, 0
117999, 616, 0, 0
118999, 556, 0, 0
120000, 572, 0, 0
120999, 632, 0, 0
121999, 544, 0, 0
123000, 556, 0, 0
123999, 600, 0, 0
124999, 592, 0, 0
126000, 600, 0, 0
126999, 556, 0, 0
127999, 604, 0, 0
129000, 604, 0, 0
129999, 572, 0, 0
131000, 580, 0, 0
132000, 632, 0, 0
132999, 576, 0, 0
134000, 632, 0, 0
135000, 576, 0, 0
135999, 612, 0, 0
137000, 600, 0, 0
138000, 568, 0, 0
138999, 576, 0, 0
140000, 564, 0, 0
140999, 564, 0, 0
141999, 572, 0, 0
143000, 588, 0, 0
144000, 612, 0, 0
144999, 556, 0, 0
146000, 564, 0, 0
147000, 568, 0, 0
147999, 556, 0, 0
149000, 600, 0, 0
150000, 624, 0, 0
150999, 588, 0, 0
152000, 576, 0, 0
153000, 584, 0, 0
153999, 628, 0, 0
155000, 604, 0, 0
155999, 548, 0, 0
156999, 636, 0, 0
158000, 576, 0, 0
158999, 540, 0, 0
159999, 564, 0, 0
161000, 636, 0, 0
161999, 632, 0, 0
163000, 572, 0, 0
164000, 588, 0, 0
164999, 572, 0, 0
166000, 624, 0, 0
167000, 612, 0, 0
167999, 588, 0, 0
169000, 600, 0, 0
170000, 556, 0, 0
170999, 560, 0, 0
172000, 576, 0, 0
173000, 632, 0, 0
173999, 612, 0, 0
175000, 576, 0, 0
176000, 568, 0, 0
176999, 560, 0, 0
177999, 568, 0, 0
179000, 628, 0, 0
179999, 596, 0, 0
180999, 596, 0, 0
182000, 604, 0, 0
182999, 568, 0, 0
183999, 608, 0, 0
185000, 628, 0, 0
185999, 604, 0, 0
187000, 572, 0, 0
188000, 560, 0, 0
188999, 624, 0, 0
190000, 596, 0, 0
191000, 640, 0, 0
191999, 556, 0, 0
193000, 628, 0, 0
193999, 608, 0, 0
194999, 624, 0, 0
196000, 608, 0, 0
196999, 632, 0, 0
197999, 580, 0, 0
199000, 592, 0, 0
199999, 620, 0, 0
200999, 660, 0, 0
202000, 604, 0, 0
203000, 620, 0, 0
203999, 580, 0, 0
205000, 604, 0, 0
205999, 612, 0, 0
206999, 648, 0, 0
208000, 636, 0, 0
209000, 672, 0, 0
209999, 616, 0, 0
211000, 564, 0, 0
211999, 576, 0, 0
213000, 612, 0, 0
214000, 620, 0, 0
214999, 608, 0, 0
216000, 584, 0, 0
217000, 624, 0, 0
217999, 596, 0, 0
219000, 584, 0, 0
220000, 652, 0, 0
220999, 604, 0, 0
222000, 648, 0, 0
223000, 608, 0, 0
223999, 644, 0, 0
225000, 628, 0, 0
226000, 644, 0, 0
226999, 612, 0, 0
228000, 624, 0, 0
229000, 624, 0, 0
229999, 640, 0, 0
231000, 708, 0, 0
232000, 616, 0, 0
232999, 628, 0, 0
234000, 620, 0, 0
235000, 604, 0, 0
235999, 640, 0, 0
237000, 624, 0, 0
237999, 636, 0, 0
238999, 708, 0, 0
240000, 604, 0, 0
240999, 608, 0, 0
241999, 668, 0, 0
243000, 596, 0, 0
243999, 676, 0, 0
245000, 592, 0, 0
246000, 620, 0, 0
246999, 652, 0, 0
248000, 632, 0, 0
249000, 656, 0, 0
249999, 604, 0, 0
251000, 620, 0, 0
251999, 648, 0, 0
252999, 688, 0, 0
254000, 668, 0, 0
254999, 668, 0, 0
255999, 644, 0, 0
257000, 632, 0, 0
257999, 656, 0, 0
259000, 604, 0, 0
260000, 720, 0, 0
260999, 680, 0, 0
262000, 664, 0, 0
263000, 592, 0, 0
263999, 600, 0, 0
265000, 644, 0, 0
266000, 700, 0, 0
266999, 648, 0, 0
268000, 628, 0, 0
268999, 636, 0, 0
269999, 700, 0, 0
271000, 684, 0, 0
271999, 652, 0, 0
273000, 644, 0, 0
274000, 656, 0, 0
274999, 584, 0, 0
276000, 644, 0, 0
277000, 656, 0, 0
277999, 692, 0, 0
279000, 648, 0, 0
279999, 652, 0, 0
280999, 628, 0, 0
281999, 664, 0, 0
283000, 740, 0, 0
283999, 680, 0, 0
284999, 700, 0, 0
286000, 660, 0, 0
286999, 676, 0, 0
287999, 564, 0, 0
289000, 808, 0, 0
290000, 684, 0, 0
290999, 680, 0, 0
292000, 672, 0, 0
293000, 628, 0, 0
293999, 628, 0, 0
295000, 624, 0, 0
296000, 628, 0, 0
296999, 676, 0, 0
298000, 736, 0, 0
299000, 712, 0, 0
299999, 684, 0, 0
301000, 640, 0, 0
301999, 736, 0, 0
302999, 668, 0, 0
304000, 648, 0, 0
304999, 672, 0, 0
305999, 676, 0, 0
307000, 716, 0, 0
307999, 688, 0, 0
308999, 612, 0, 0
310000, 740, 0, 0
311000, 700, 0, 0
311999, 660, 0, 0
313000, 700, 0, 0
313999, 660, 0, 0
314999, 696, 0, 0
316000, 704, 0, 0
316999, 656, 0, 0
318000, 668, 0, 0
319000, 664, 0, 0
319999, 656, 0, 0
321000, 736, 0, 0
322000, 696, 0, 0
322999, 700, 0, 0
323999, 664, 0, 0
325000, 644, 0, 0
325999, 652, 0, 0
327000, 664, 0, 0
328000, 656, 0, 0
328999, 664, 0, 0
330000, 720, 0, 0
331000, 668, 0, 0
331999, 732, 0, 0
333000, 660, 0, 0
333999, 704, 0, 0
334999, 624, 0, 0
336000, 684, 0, 0
336999, 680, 0, 0
338000, 580, 0, 0
339000, 676, 0, 0
339999, 748, 0, 0
341000, 680, 0, 0
341999, 684, 0, 0
343000, 712, 0, 0
344000, 656, 0, 0
344999, 632, 0, 0
346000, 740, 0, 0
346999, 816, 0, 0
347999, 728, 0, 0
349000, 700, 0, 0
349999, 720, 0, 0
351000, 712, 0, 0
352000, 764, 0, 0
352999, 688, 0, 0
354000, 736, 0, 0
354999, 732, 0, 0
355999, 688, 0, 0
357000, 648, 0, 0
357999, 728, 0, 0
358999, 756, 0, 0
360000, 668, 0, 0
360999, 764, 0, 0
362000, 732, 0, 0
362999, 684, 0, 0
363999, 692, 0, 0
365000, 748, 0, 0
365999, 692, 0, 0
367000, 736, 0, 0
368000, 692, 0, 0
368999, 704, 0, 0
370000, 752, 0, 0
371000, 700, 0, 0
371999, 720, 0, 0
373000, 692, 0, 0
374000, 724, 0, 0
374999, 772, 0, 0
376000, 704, 0, 0
376999, 704, 0, 0
378000, 672, 0, 0
379000, 748, 0, 0
379999, 708, 0, 0
381000, 776, 0, 0
382000, 756, 0, 0
382999, 648, 0, 0
384000, 728, 0, 0
384999, 816, 0, 0
385999, 648, 0, 0
387000, 808, 0, 0
387999, 740, 0, 0
389000, 724, 0, 0
389999, 696, 0, 0
390999, 720, 0, 0
392000, 780, 0, 0
392999, 768, 0, 0
393999, 812, 0, 0
395000, 700, 0, 0
395999, 708, 0, 0
397000, 768, 0, 0
398000, 776, 0, 0
398999, 724, 0, 0
400000, 620, 0, 0
400999, 696, 0, 0
401999, 808, 0, 0
403000, 680, 0, 0
403999, 652, 0, 0
404999, 720, 0, 0
406000, 720, 0, 0
406999, 748, 0, 0
408000, 728, 0, 0
409000, 680, 0, 0
409999, 640, 0, 0
411000, 816, 0, 0
412000, 752, 0, 0
412999, 568, 0, 0
414000, 584, 0, 0
415000, 760, 0, 0
415999, 676, 0, 0
417000, 764, 0, 0
417999, 708, 0, 0
418999, 756, 0, 0
420000, 764, 0, 0
420999, 772, 0, 0
422000, 824, 0, 0
423000, 660, 0, 0
423999, 748, 0, 0
425000, 764, 0, 0
425999, 712, 0, 0
426999, 752, 0, 0
428000, 732, 0, 0
428999, 708, 0, 0
430000, 756, 0, 0
431000, 836, 0, 0
431999, 892, 0, 0
433000, 852, 0, 0
434000, 728, 0, 0
434999, 780, 0, 0
436000, 824, 0, 0
436999, 764, 0, 0
438000, 744, 0, 0
439000, 772, 0, 0
439999, 700, 0, 0
441000, 796, 0, 0
442000, 780, 0, 0
442999, 672, 0, 0
444000, 856, 0, 0
444999, 756, 0, 0
446000, 764, 0, 0
447000, 820, 0, 0
447999, 764, 0, 0
449000, 736, 0, 0
450000, 752, 0, 0
450999, 836, 0, 0
452000, 768, 0, 0
453000, 804, 0, 0
453999, 780, 0, 0
454999, 720, 0, 0
456000, 696, 0, 0
456999, 888, 0, 0
457999, 840, 0, 0
459000, 704, 0, 0
459999, 788, 0, 0
460999, 840, 0, 0
462000, 780, 0, 0
463000, 740, 0, 0
463999, 800, 0, 0
465000, 900, 0, 0
466000, 772, 0, 0
466999, 832, 0, 0
468000, 716, 0, 0
469000, 724, 0, 0
469999, 812, 0, 0
471000, 856, 0, 0
472000, 748, 0, 0
472999, 884, 0, 0
474000, 860, 0, 0
475000, 800, 0, 0
475999, 952, 0, 0
477000, 808, 0, 0
478000, 776, 0, 0
478999, 836, 0, 0
480000, 944, 0, 0
480999, 764, 0, 0
481999, 844, 0, 0
483000, 864, 0, 0
484000, 768, 0, 0
484999, 840, 0, 0
486000, 892, 0, 0
486999, 804, 0, 0
487999, 864, 0, 0
489000, 832, 0, 0
489999, 768, 0, 0
490999, 812, 0, 0
492000, 724, 0, 0
492999, 908, 0, 0
494000, 800, 0, 0
495000, 744, 0, 0
495999, 828, 0, 0
497000, 872, 0, 0
498000, 744, 0, 0
498999, 732, 0, 0
500000, 856, 0, 0
500999, 884, 0, 0
501999, 688, 0, 0
503000, 892, 0, 0
503999, 788, 0, 0
504999, 836, 0, 0
506000, 880, 0, 0
506999, 872, 0, 0
507999, 752, 0, 0
509000, 840, 0, 0
509999, 824, 0, 0
511000, 804, 0, 0
512000, 840, 0, 0
512999, 844, 0, 0
514000, 884, 0, 0
514999, 804, 0, 0
515999, 864, 0, 0
517000, 788, 0, 0
517999, 868, 0, 0
519000, 828, 0, 0
520000, 804, 0, 0
520999, 896, 0, 0
522000, 844, 0, 0
523000, 888, 0, 0
523999, 740, 0, 0
525000, 840, 0, 0
526000, 864, 0, 0
526999, 848, 0, 0
528000, 920, 0, 0
528999, 768, 0, 0
529999, 988, 0, 0
531000, 944, 0, 0
531999, 764, 0, 0
533000, 996, 0, 0
534000, 900, 0, 0
534999, 916, 0, 0
536000, 840, 0, 0
537000, 888, 0, 0
537999, 852, 0, 0
539000, 776, 0, 0
540000, 1028, 0, 0
540999, 940, 0, 0
542000, 928, 0, 0
542999, 804, 0, 0
543999, 876, 0, 0
545000, 820, 0, 0
545999, 680, 0, 0
546999, 876, 0, 0
548000, 892, 0, 0
548999, 808, 0, 0
550000, 896, 0, 0
551000, 888, 0, 0
551999, 872, 0, 0
553000, 840, 0, 0
554000, 792, 0, 0
554999, 892, 0, 0
556000, 932, 0, 0
556999, 884, 0, 0
557999, 876, 0, 0
559000, 984, 0, 0
559999, 984, 0, 0
560999, 964, 0, 0
562000, 864, 0, 0
562999, 860, 0, 0
564000, 940, 0, 0
565000, 936, 0, 0
565999, 764, 0, 0
567000, 896, 0, 0
568000, 928, 0, 0
568999, 940, 0, 0
569999, 880, 0, 0
571000, 916, 0, 0
571999, 1109, 0, 0
572999, 924, 0, 0
574000, 924, 0, 0
575000, 912, 0, 0
575999, 1049, 0, 0
576999, 1029, 0, 0
578000, 884, 0, 0
578999, 872, 0, 0
579999, 892, 0, 0
581000, 924, 0, 0
582000, 916, 0, 0
582999, 896, 0, 0
584000, 944, 0, 0
585000, 948, 0, 0
585999, 868, 0, 0
587000, 880, 0, 0
588000, 904, 0, 0
588999, 944, 0, 0
589999, 948, 0, 0
591000, 1028, 0, 0
592000, 896, 0, 0
592999, 920, 0, 0
593999, 900, 0, 0
595000, 912, 0, 0
595999, 944, 0, 0
596999, 888, 0, 0
598000, 988, 0, 0
598999, 896, 0, 0
599999, 868, 0, 0
601000, 1056, 0, 0
601999, 940, 0, 0
602999, 940, 0, 0
604000, 960, 0, 0
604999, 1001, 0, 0
606000, 864, 0, 0
607000, 920, 0, 0
607999, 948, 0, 0
609000, 968, 0, 0
610000, 984, 0, 0
610999, 1041, 0, 0
612000, 920, 0, 0
613000, 988, 0, 0
613999, 876, 0, 0
615000, 944, 0, 0
615999, 948, 0, 0
616999, 968, 0, 0
618000, 956, 0, 0
618999, 832, 0, 0
620000, 996, 0, 0
621000, 844, 0, 0
621999, 916, 0, 0
623000, 1112, 0, 0
624000, 1052, 0, 0
624999, 1041, 0, 0
626000, 1068, 0, 0
627000, 1048, 0, 0
627999, 1025, 0, 0
629000, 1108, 0, 0
629999, 1025, 0, 0
630999, 1041, 0, 0
632000, 1044, 0, 0
632999, 888, 0, 0
633999, 1037, 0, 0
635000, 1084, 0, 0
635999, 952, 0, 0
636999, 964, 0, 0
638000, 1040, 0, 0
638999, 1013, 0, 0
640000, 948, 0, 0
641000, 928, 0, 0
641999, 1101, 0, 0
643000, 892, 0, 0
644000, 976, 0, 0
644999, 1089, 0, 0
646000, 1204, 0, 0
647000, 1092, 0, 0
647999, 1045, 0, 0
649000, 980, 0, 0
650000, 1008, 0, 0
650999, 1077, 0, 0
652000, 1088, 0, 0
652999, 1033, 0, 0
653999, 1153, 0, 0
655000, 1096, 0, 0
655999, 1113, 0, 0
656999, 996, 0, 0
658000, 1004, 0, 0
658999, 952, 0, 0
659999, 1097, 0, 0
661000, 960, 0, 0
661999, 1173, 0, 0
663000, 880, 0, 0
664000, 936, 0, 0
664999, 1061, 0, 0
666000, 884, 0, 0
666999, 1113, 0, 0
667999, 1117, 0, 0
669000, 1024, 0, 0
669999, 1069, 0, 0
670999, 1221, 0, 0
672000, 976, 0, 0
672999, 1097, 0, 0
673999, 1049, 0, 0
675000, 1052, 0, 0
675999, 1029, 0, 0
676999, 960, 0, 0
678000, 1020, 0, 0
678999, 980, 0, 0
679999, 1081, 0, 0
681000, 1096, 0, 0
681999, 1017, 0, 0
682999, 988, 0, 0
684000, 1068, 0, 0
684999, 960, 0, 0
686000, 1060, 0, 0
687000, 1036, 0, 0
687999, 1013, 0, 0
689000, 1188, 0, 0
689999, 784, 0, 0
690999, 1081, 0, 0
692000, 924, 0, 0
692999, 1165, 0, 0
693999, 944, 0, 0
695000, 1036, 0, 0
695999, 1057, 0, 0
697000, 1036, 0, 0
698000, 1088, 0, 0
698999, 1089, 0, 0
700000, 928, 0, 0
701000, 1116, 0, 0
701999, 980, 0, 0
703000, 988, 0, 0
703999, 948, 0, 0
705000, 952, 0, 0
706000, 1144, 0, 0
706999, 1013, 0, 0
708000, 988, 0, 0
708999, 944, 0, 0
709999, 1053, 0, 0
711000, 1084, 0, 0
711999, 1049, 0, 0
712999, 976, 0, 0
714000, 1036, 0, 0
714999, 1005, 0, 0
715999, 980, 0, 0
717000, 916, 0, 0
717999, 1021, 0, 0
719000, 1052, 0, 0
719999, 956, 0, 0
720999, 1093, 0, 0
722000, 1124, 0, 0
722999, 1113, 0, 0
724000, 1056, 0, 0
725000, 968, 0, 0
725999, 1033, 0, 0
727000, 980, 0, 0
728000, 1048, 0, 0
728999, 1221, 0, 0
730000, 1120, 0, 0
731000, 1016, 0, 0
731999, 1017, 0, 0
733000, 928, 0, 0
733999, 972, 0, 0
734999, 1065, 0, 0
736000, 1008, 0, 0
736999, 1021, 0, 0
738000, 936, 0, 0
739000, 936, 0, 0
739999, 1125, 0, 0
740999, 1109, 0, 0
742000, 1060, 0, 0
742999, 960, 0, 0
743999, 976, 0, 0
745000, 1112, 0, 0
745999, 1021, 0, 0
746999, 1129, 0, 0
748000, 992, 0, 0
748999, 992, 0, 0
749999, 1089, 0, 0
751000, 1032, 0, 0
751999, 888, 0, 0
752999, 1037, 0, 0
754000, 1200, 0, 0
754999, 928, 0, 0
756000, 908, 0, 0
757000, 1088, 0, 0
757999, 952, 0, 0
759000, 988, 0, 0
760000, 1040, 0, 0
760999, 940, 0, 0
762000, 1136, 0, 0
763001, 1022, 0, 0
763999, 1009, 0, 0
765000, 1044, 0, 0
766000, 940, 0, 0
767000, 992, 0, 0
768000, 1044, 0, 0
769000, 1124, 0, 0
770000, 1056, 0, 0
771000, 1248, 0, 0
772000, 1000, 0, 0
773000, 956, 0, 0
774000, 1108, 0, 0
775000, 1096, 0, 0
776000, 1188, 0, 0
777000, 1076, 0, 0
778000, 964, 0, 0
779000, 940, 0, 0
780000, 1012, 0, 0
781000, 1024, 0, 0
782000, 984, 0, 0
783000, 1032, 0, 0
784000, 1064, 0, 0
785000, 1080, 0, 0
786000, 1160, 0, 0
787000, 1040, 0, 0
788000, 1040, 0, 0
789000, 1020, 0, 0
790001, 1086, 0, 0
791000, 1008, 0, 0
791999, 936, 0, 0
792999, 976, 0, 0
794000, 1120, 0, 0
795000, 1084, 0, 0
796000, 936, 0, 0
797000, 1080, 0, 0
798000, 1148, 0, 0
799000, 1036, 0, 0
800000, 988, 0, 0
801000, 1156, 0, 0
802000, 1064, 0, 0
803000, 1016, 0, 0
804000, 1088, 0, 0
805001, 851, 0, 0
806000, 1108, 0, 0
807000, 1068, 0, 0
808000, 996, 0, 0
809000, 964, 0, 0
810000, 868, 0, 0
811000, 1044, 0, 0
812000, 1072, 0, 0
813000, 1048, 0, 0
814000, 1104, 0, 0
815000, 960, 0, 0
816001, 983, 0, 0
817000, 952, 0, 0
818000, 964, 0, 0
819000, 1108, 0, 0
820000, 976, 0, 0
821000, 1100, 0, 0
822000, 992, 0, 0
823000, 920, 0, 0
824000, 1044, 0, 0
825000, 980, 0, 0
826000, 1096, 0, 0
827000, 1048, 0, 0
828000, 1052, 0, 0
829000, 1084, 0, 0
830000, 1088, 0, 0
831000, 964, 0, 0
832000, 1088, 0, 0
833000, 1088, 0, 0
833999, 1021, 0, 0
834999, 1085, 0, 0
836000, 1092, 0, 0
836999, 1081, 0, 0
837999, 1053, 0, 0
838999, 972, 0, 0
839999, 988, 0, 0
840998, 1090, 0, 0
841998, 1150, 0, 0
842999, 1141, 0, 0
843998, 977, 0, 0
844998, 1206, 0, 0
845997, 970, 0, 0
846998, 1190, 0, 0
847998, 1030, 0, 0
848997, 922, 0, 0
849997, 1175, 0, 0
850997, 986, 0, 0
851997, 1167, 0, 0
852997, 1199, 0, 0
853996, 875, 0, 0
854997, 1207, 0, 0
855996, 991, 0, 0
856996, 1164, 0, 0
857996, 975, 0, 0
858996, 923, 0, 0
859996, 1032, 0, 0
860995, 1037, 0, 0
861996, 1036, 0, 0
862995, 1101, 0, 0
863995, 1230, 0, 0
864995, 1077, 0, 0
865994, 1183, 0, 0
866995, 1021, 0, 0
867994, 1126, 0, 0
868995, 1073, 0, 0
869995, 1001, 0, 0
870994, 1086, 0, 0
871994, 1042, 0, 0
872994, 1042, 0, 0
873994, 1098, 0, 0
874994, 969, 0, 0
875993, 1047, 0, 0
876994, 1199, 0, 0
877993, 1079, 0, 0
878993, 1055, 0, 0
879992, 1088, 0, 0
880993, 954, 0, 0
881993, 1067, 0, 0
882992, 1116, 0, 0
883992, 923, 0, 0
884992, 1016, 0, 0
885992, 1056, 0, 0
886992, 991, 0, 0
887991, 1029, 0, 0
888992, 991, 0, 0
889991, 1130, 0, 0
890991, 1085, 0, 0
891992, 1072, 0, 0
892991, 996, 0, 0
893991, 1142, 0, 0
895000, 956, 0, 0
895991, 992, 0, 0
896991, 896, 0, 0
898000, 932, 0, 0
899000, 1008, 0, 0
899999, 1041, 0, 0
901000, 1072, 0, 0
901999, 940, 0, 0
902999, 1097, 0, 0
904000, 1144, 0, 0
904999, 948, 0, 0
905999, 1045, 0, 0
907000, 976, 0, 0
907999, 1117, 0, 0
909000, 1088, 0, 0
910000, 900, 0, 0
910999, 1005, 0, 0
912000, 980, 0, 0
913000, 964, 0, 0
913999, 1041, 0, 0
915000, 1040, 0, 0
915999, 988, 0, 0
916999, 1013, 0, 0
918000, 1124, 0, 0
918999, 1005, 0, 0
919999, 1069, 0, 0
921000, 1148, 0, 0
921999, 992, 0, 0
922999, 996, 0, 0
924000, 1072, 0, 0
924999, 1069, 0, 0
926000, 960, 0, 0
927000, 1080, 0, 0
927999, 984, 0, 0
929000, 992, 0, 0
930000, 1036, 0, 0
930999, 1049, 0, 0
932000, 1188, 0, 0
932999, 944, 0, 0
933999, 960, 0, 0
935000, 1028, 0, 0
935999, 1013, 0, 0
936999, 1017, 0, 0
938000, 1068, 0, 0
938999, 1021, 0, 0
940000, 1028, 0, 0
941000, 1032, 0, 0
941999, 860, 0, 0
943000, 948, 0, 0
943999, 1017, 0, 0
944999, 1121, 0, 0
946000, 1012, 0, 0
946999, 1029, 0, 0
947999, 1069, 0, 0
949000, 1080, 0, 0
949999, 1061, 0, 0
951000, 928, 0, 0
952000, 932, 0, 0
952999, 1001, 0, 0
953999, 1001, 0, 0
955000, 1124, 0, 0
955999, 1029, 0, 0
957000, 1284, 0, 0
958000, 1160, 0, 0
958999, 1113, 0, 0
960000, 1080, 0, 0
960999, 952, 0, 0
962000, 980, 0, 0
963000, 876, 0, 0
963999, 1009, 0, 0
965000, 1088, 0, 0
966000, 1152, 0, 0
966999, 944, 0, 0
968000, 1056, 0, 0
968999, 1025, 0, 0
970000, 904, 0, 0
971000, 1100, 0, 0
971999, 1077, 0, 0
973000, 1128, 0, 0
974000, 996, 0, 0
974999, 1153, 0, 0
976000, 996, 0, 0
976999, 1025, 0, 0
977999, 1053, 0, 0
979000, 988, 0, 0
979999, 992, 0, 0
981000, 1052, 0, 0
982000, 1028, 0, 0
982999, 1149, 0, 0
984000, 1024, 0, 0
985000, 1020, 0, 0
985999, 1141, 0, 0
987000, 996, 0, 0
987999, 1049, 0, 0
988999, 1021, 0, 0
990000, 1088, 0, 0
990999, 1225, 0, 0
991999, 1025, 0, 0
993000, 1032, 0, 0
993999, 960, 0, 0
995000, 1068, 0, 0
996000, 1112, 0, 0
996999, 964, 0, 0
998000, 1032, 0, 0
999000, 1084, 0, 0
999999, 1013, 0, 0
1001000, 1024, 0, 0
1002000, 1092, 0, 0
1002999, 1101, 0, 0
1004000, 1100, 0, 0
1004999, 1109, 0, 0
1006000, 1028, 0, 0
1007000, 1136, 0, 0
1007999, 1089, 0, 0
1009000, 1004, 0, 0
1009999, 1161, 0, 0
1010999, 1065, 0, 0
1012000, 1036, 0, 0
1012999, 992, 0, 0
1014000, 928, 0, 0
1015000, 1012, 0, 0
1015999, 1033, 0, 0
1017000, 1036, 0, 0
1018000, 964, 0, 0
1018999, 900, 0, 0
1020000, 1132, 0, 0
1020999, 936, 0, 0
1021999, 1109, 0, 0
1023000, 1056, 0, 0
1024000, 1104, 0, 0
1025000, 888, 0, 0
1026000, 992, 0, 0
1026999, 1105, 0, 0
1027999, 904, 0, 0
1029000, 1128, 0, 0
1029999, 936, 0, 0
1031000, 1049, 0, 0
1032000, 1104, 0, 0
1032999, 988, 0, 0
1034000, 904, 0, 0
1035000, 1104, 0, 0
1035999, 1013, 0, 0
1037000, 988, 0, 0
1038000, 1032, 0, 0
1038999, 1085, 0, 0
1040000, 1008, 0, 0
1040999, 1161, 0, 0
1042000, 980, 0, 0
1043000, 984, 0, 0
1044000, 1080, 0, 0
1044999, 1017, 0, 0
1046000, 1104, 0, 0
1046999, 924, 0, 0
1047999, 1001, 0, 0
1049000, 1048, 0, 0
1049999, 932, 0, 0
1050999, 1197, 0, 0
1052000, 948, 0, 0
1053000, 1172, 0, 0
1053999, 1069, 0, 0
1055000, 1012, 0, 0
1055999, 1113, 0, 0
1057000, 1104, 0, 0
1058000, 1052, 0, 0
1058999, 1061, 0, 0
1060000, 1004, 0, 0
1060999, 1065, 0, 0
1061999, 1029, 0, 0
1063000, 936, 0, 0
1063999, 1069, 0, 0
1064999, 1113, 0, 0
1066000, 1136, 0, 0
1066999, 1065, 0, 0
1068000, 944, 0, 0
1069000, 1124, 0, 0
1069999, 956, 0, 0
1071000, 1068, 0, 0
1071999, 1065, 0, 0
1072999, 1029, 0, 0
1074000, 1068, 0, 0
1074999, 908, 0, 0
1075999, 1109, 0, 0
1077000, 1016, 0, 0
1077999, 996, 0, 0
1079000, 1080, 0, 0
1079999, 1133, 0, 0
1080999, 1121, 0, 0
1082000, 1168, 0, 0
1083000, 996, 0, 0
1083999, 1057, 0, 0
1085000, 1004, 0, 0
1086000, 1008, 0, 0
1086999, 1121, 0, 0
1088000, 1020, 0, 0
1088999, 1005, 0, 0
1089999, 872, 0, 0
1091000, 1108, 0, 0
1091999, 888, 0, 0
1092999, 1057, 0, 0
1094000, 836, 0, 0
1094999, 1137, 0, 0
1096000, 952, 0, 0
1097000, 916, 0, 0
1097999, 984, 0, 0
1099000, 984, 0, 0
1099999, 1037, 0, 0
1100999, 984, 0, 0
1102000, 1060, 0, 0
1102999, 864, 0, 0
1104000, 1068, 0, 0
1105000, 1092, 0, 0
1105999, 1101, 0, 0
1107000, 888, 0, 0
1108000, 1004, 0, 0
1108999, 1073, 0, 0
1110000, 932, 0, 0
1111000, 1060, 0, 0
1111999, 932, 0, 0
1113000, 1048, 0, 0
1114000, 992, 0, 0
1114999, 1025, 0, 0
1116000, 1144, 0, 0
1116999, 1033, 0, 0
1117999, 1037, 0, 0
1119000, 1048, 0, 0
1119999, 1041, 0, 0
1120999, 1029, 0, 0
1122000, 968, 0, 0
1123000, 1036, 0, 0
1123999, 892, 0, 0
1125000, 1060, 0, 0
1126000, 1004, 0, 0
1126999, 944, 0, 0
1128000, 1112, 0, 0
1129000, 924, 0, 0
1129999, 1013, 0, 0
1131000, 1256, 0, 0
1132000, 1052, 0, 0
1132999, 1109, 0, 0
1134000, 916, 0, 0
1135000, 1108, 0, 0
1135999, 1033, 0, 0
1137000, 992, 0, 0
1137999, 1021, 0, 0
1138999, 1013, 0, 0
1140000, 932, 0, 0
1140999, 1025, 0, 0
1142000, 932, 0, 0
1143000, 1068, 0, 0
1143999, 1069, 0, 0
1145000, 980, 0, 0
1146000, 1140, 0, 0
1146999, 976, 0, 0
1148000, 1000, 0, 0
1148999, 1049, 0, 0
1149999, 1173, 0, 0
1151000, 1120, 0, 0
1151999, 984, 0, 0
1153000, 1060, 0, 0
1154000, 1120, 0, 0
1154999, 1061, 0, 0
1156000, 1056, 0, 0
1156999, 936, 0, 0
1158000, 1056, 0, 0
1159000, 976, 0, 0
1159999, 1041, 0, 0
1161000, 864, 0, 0
1162000, 968, 0, 0
1162999, 960, 0, 0
1164000, 1204, 0, 0
1165000, 964, 0, 0
1165999, 952, 0, 0
1167000, 1148, 0, 0
1168000, 976, 0, 0
1168999, 996, 0, 0
1170000, 1072, 0, 0
1170999, 800, 0, 0
1172000, 996, 0, 0
1173000, 1020, 0, 0
1173999, 904, 0, 0
1175000, 1144, 0, 0
1176000, 1088, 0, 0
1176999, 1033, 0, 0
1178000, 1180, 0, 0
1178999, 1125, 0, 0
1179999, 1057, 0, 0
1181000, 976, 0, 0
1181999, 1029, 0, 0
1182999, 936, 0, 0
1184000, 1084, 0, 0
1184999, 1085, 0, 0
1186000, 1076, 0, 0
1186999, 1069, 0, 0
1187999, 1029, 0, 0
1189000, 968, 0, 0
1189999, 992, 0, 0
1191000, 1044, 0, 0
1192000, 1180, 0, 0
1192999, 960, 0, 0
1194000, 980, 0, 0
1194999, 996, 0, 0
1195999, 956, 0, 0
1197000, 1052, 0, 0
1197999, 1153, 0, 0
1199000, 948, 0, 0
1200000, 972, 0, 0
