999, 328, 0, 0
2000, 508, 0, 0
2999, 516, 0, 0
3999, 544, 0, 0
5000, 512, 0, 0
6000, 544, 0, 0
6999, 516, 0, 0
7999, 480, 0, 0
9000, 516, 0, 0
9999, 544, 0, 0
10999, 512, 0, 0
12000, 516, 0, 0
12999, 480, 0, 0
13999, 548, 0, 0
15000, 492, 0, 0
15999, 516, 0, 0
17000, 516, 0, 0
17999, 484, 0, 0
18999, 516, 0, 0
20000, 512, 0, 0
20999, 516, 0, 0
21999, 528, 0, 0
23000, 516, 0, 0
23999, 544, 0, 0
24999, 512, 0, 0
26000, 516, 0, 0
26999, 544, 0, 0
27999, 492, 0, 0
29000, 556, 0, 0
29999, 520, 0, 0
30999, 520, 0, 0
32000, 528, 0, 0
32999, 524, 0, 0
33999, 512, 0, 0
35000, 520, 0, 0
35999, 556, 0, 0
36999, 512, 0, 0
38000, 508, 0, 0
38999, 524, 0, 0
39999, 488, 0, 0
41000, 528, 0, 0
42000, 524, 0, 0
42999, 524, 0, 0
44000, 552, 0, 0
45000, 540, 0, 0
45999, 524, 0, 0
47000, 560, 0, 0
47999, 488, 0, 0
49000, 544, 0, 0
50000, 508, 0, 0
50999, 596, 0, 0
52000, 532, 0, 0
52999, 544, 0, 0
53999, 568, 0, 0
55000, 544, 0, 0
55999, 516, 0, 0
56999, 524, 0, 0
58000, 508, 0, 0
58999, 556, 0, 0
60000, 532, 0, 0
61000, 532, 0, 0
61999, 548, 0, 0
63000, 532, 0, 0
63999, 524, 0, 0
65000, 508, 0, 0
66000, 568, 0, 0
66999, 544, 0, 0
68000, 496, 0, 0
69000, 564, 0, 0
69999, 536, 0, 0
71000, 560, 0, 0
72000, 528, 0, 0
72999, 528, 0, 0
73999, 556, 0, 0
75000, 552, 0, 0
76000, 536, 0, 0
76999, 560, 0, 0
77999, 544, 0, 0
79000, 516, 0, 0
79999, 544, 0, 0
80999, 564, 0, 0
82000, 500, 0, 0
82999, 528, 0, 0
83999, 584, 0, 0
85000, 556, 0, 0
86000, 592, 0, 0
86999, 556, 0, 0
88000, 556, 0, 0
89000, 508, 0, 0
89999, 552, 0, 0
91000, 572, 0, 0
92000, 552, 0, 0
92999, 508, 0, 0
94000, 592, 0, 0
94999, 580, 0, 0
95999, 556, 0, 0
97000, 580, 0, 0
97999, 548, 0, 0
98999, 520, 0, 0
100000, 540, 0, 0
100999, 556, 0, 0
102000, 596, 0, 0
103000, 516, 0, 0
103999, 592, 0, 0
104999, 464, 0, 0
106000, 612, 0, 0
106999, 548, 0, 0
108000, 552, 0, 0
109000, 584, 0, 0
109999, 520, 0, 0
111000, 536, 0, 0
112000, 580, 0, 0
112999, 548, 0, 0
114000, 560, 0, 0
114999, 548, 0, 0
115999, 568, 0, 0
117000, 616, 0, 0
117999, 560, 0, 0
118999, 512, 0, 0
120000, 560, 0, 0
120999, 564, 0, 0
121999, 532, 0, 0
123000, 544, 0, 0
123999, 616, 0, 0
124999, 564, 0, 0
126000, 556, 0, 0
126999, 584, 0, 0
127999, 552, 0, 0
129000, 532, 0, 0
129999, 568, 0, 0
131000, 584, 0, 0
132000, 584, 0, 0
132999, 548, 0, 0
134000, 552, 0, 0
135000, 588, 0, 0
135999, 596, 0, 0
137000, 588, 0, 0
138000, 564, 0, 0
138999, 536, 0, 0
140000, 592, 0, 0
140999, 572, 0, 0
141999, 664, 0, 0
143000, 580, 0, 0
144000, 592, 0, 0
144999, 584, 0, 0
146000, 516, 0, 0
147000, 580, 0, 0
147999, 604, 0, 0
149000, 520, 0, 0
150000, 572, 0, 0
150999, 592, 0, 0
152000, 592, 0, 0
153000, 576, 0, 0
153999, 584, 0, 0
155000, 580, 0, 0
155999, 584, 0, 0
156999, 592, 0, 0
158000, 536, 0, 0
158999, 596, 0, 0
159999, 620, 0, 0
161000, 596, 0, 0
161999, 640, 0, 0
162999, 568, 0, 0
164000, 568, 0, 0
164999, 628, 0, 0
165999, 592, 0, 0
167000, 572, 0, 0
167999, 604, 0, 0
168999, 552, 0, 0
170000, 540, 0, 0
170999, 588, 0, 0
171999, 628, 0, 0
173000, 644, 0, 0
173999, 608, 0, 0
174999, 608, 0, 0
176000, 596, 0, 0
176999, 592, 0, 0
177999, 628, 0, 0
179000, 608, 0, 0
179999, 608, 0, 0
180999, 604, 0, 0
182000, 568, 0, 0
182999, 588, 0, 0
183999, 556, 0, 0
185000, 612, 0, 0
185999, 580, 0, 0
186999, 568, 0, 0
188000, 564, 0, 0
188999, 596, 0, 0
190000, 584, 0, 0
191000, 632, 0, 0
191999, 580, 0, 0
193000, 568, 0, 0
193999, 580, 0, 0
194999, 600, 0, 0
196000, 608, 0, 0
196999, 600, 0, 0
197999, 584, 0, 0
199000, 616, 0, 0
199999, 632, 0, 0
200999, 568, 0, 0
202000, 592, 0, 0
203000, 580, 0, 0
203999, 560, 0, 0
205000, 620, 0, 0
205999, 596, 0, 0
206999, 592, 0, 0
208000, 664, 0, 0
209000, 660, 0, 0
209999, 584, 0, 0
211000, 668, 0, 0
211999, 596, 0, 0
212999, 568, 0, 0
214000, 608, 0, 0
214999, 560, 0, 0
215999, 632, 0, 0
217000, 688, 0, 0
217999, 612, 0, 0
219000, 636, 0, 0
220000, 628, 0, 0
220999, 636, 0, 0
222000, 636, 0, 0
223000, 632, 0, 0
223999, 584, 0, 0
225000, 592, 0, 0
226000, 624, 0, 0
226999, 628, 0, 0
228000, 596, 0, 0
229000, 664, 0, 0
229999, 636, 0, 0
231000, 640, 0, 0
232000, 624, 0, 0
232999, 608, 0, 0
234000, 620, 0, 0
235000, 608, 0, 0
235999, 684, 0, 0
237000, 688, 0, 0
237999, 612, 0, 0
238999, 580, 0, 0
240000, 596, 0, 0
240999, 560, 0, 0
241999, 660, 0, 0
243000, 528, 0, 0
243999, 668, 0, 0
244999, 684, 0, 0
246000, 608, 0, 0
246999, 628, 0, 0
248000, 628, 0, 0
249000, 604, 0, 0
249999, 624, 0, 0
251000, 616, 0, 0
251999, 580, 0, 0
252999, 644, 0, 0
254000, 652, 0, 0
254999, 548, 0, 0
255999, 720, 0, 0
257000, 656, 0, 0
257999, 624, 0, 0
258999, 660, 0, 0
260000, 596, 0, 0
260999, 640, 0, 0
261999, 656, 0, 0
263000, 640, 0, 0
263999, 652, 0, 0
265000, 668, 0, 0
266000, 676, 0, 0
266999, 664, 0, 0
268000, 660, 0, 0
268999, 684, 0, 0
269999, 596, 0, 0
271000, 724, 0, 0
271999, 612, 0, 0
272999, 616, 0, 0
274000, 656, 0, 0
274999, 644, 0, 0
275999, 640, 0, 0
277000, 660, 0, 0
277999, 692, 0, 0
279000, 648, 0, 0
279999, 640, 0, 0
280999, 608, 0, 0
281999, 672, 0, 0
283000, 664, 0, 0
283999, 668, 0, 0
284999, 636, 0, 0
286000, 608, 0, 0
286999, 656, 0, 0
287999, 648, 0, 0
289000, 636, 0, 0
290000, 652, 0, 0
290999, 676, 0, 0
292000, 720, 0, 0
293000, 656, 0, 0
293999, 628, 0, 0
295000, 688, 0, 0
296000, 640, 0, 0
296999, 672, 0, 0
298000, 624, 0, 0
299000, 660, 0, 0
299999, 656, 0, 0
301000, 652, 0, 0
301999, 712, 0, 0
302999, 652, 0, 0
304000, 648, 0, 0
304999, 704, 0, 0
305999, 708, 0, 0
307000, 584, 0, 0
307999, 692, 0, 0
308999, 676, 0, 0
310000, 624, 0, 0
311000, 668, 0, 0
311999, 704, 0, 0
313000, 744, 0, 0
313999, 652, 0, 0
314999, 652, 0, 0
316000, 668, 0, 0
316999, 704, 0, 0
317999, 748, 0, 0
319000, 660, 0, 0
319999, 696, 0, 0
320999, 700, 0, 0
322000, 624, 0, 0
322999, 696, 0, 0
323999, 636, 0, 0
325000, 680, 0, 0
325999, 716, 0, 0
326999, 756, 0, 0
328000, 724, 0, 0
328999, 624, 0, 0
329999, 764, 0, 0
331000, 712, 0, 0
331999, 696, 0, 0
333000, 692, 0, 0
333999, 708, 0, 0
334999, 680, 0, 0
336000, 696, 0, 0
336999, 632, 0, 0
338000, 764, 0, 0
339000, 696, 0, 0
339999, 712, 0, 0
341000, 684, 0, 0
341999, 712, 0, 0
342999, 756, 0, 0
344000, 712, 0, 0
344999, 708, 0, 0
346000, 664, 0, 0
346999, 680, 0, 0
347999, 740, 0, 0
349000, 640, 0, 0
349999, 804, 0, 0
351000, 756, 0, 0
352000, 720, 0, 0
352999, 712, 0, 0
354000, 724, 0, 0
354999, 652, 0, 0
355999, 732, 0, 0
357000, 756, 0, 0
357999, 712, 0, 0
358999, 616, 0, 0
360000, 708, 0, 0
360999, 684, 0, 0
362000, 664, 0, 0
362999, 728, 0, 0
363999, 724, 0, 0
365000, 724, 0, 0
365999, 860, 0, 0
366999, 740, 0, 0
368000, 720, 0, 0
368999, 648, 0, 0
370000, 728, 0, 0
371000, 652, 0, 0
371999, 728, 0, 0
373000, 728, 0, 0
374000, 756, 0, 0
374999, 620, 0, 0
376000, 740, 0, 0
376999, 708, 0, 0
377999, 692, 0, 0
379000, 692, 0, 0
379999, 784, 0, 0
381000, 664, 0, 0
382000, 728, 0, 0
382999, 724, 0, 0
384000, 752, 0, 0
384999, 800, 0, 0
385999, 688, 0, 0
387000, 708, 0, 0
387999, 668, 0, 0
389000, 708, 0, 0
389999, 712, 0, 0
390999, 684, 0, 0
392000, 704, 0, 0
392999, 692, 0, 0
393999, 744, 0, 0
395000, 716, 0, 0
395999, 768, 0, 0
396999, 684, 0, 0
398000, 676, 0, 0
398999, 700, 0, 0
400000, 720, 0, 0
400999, 756, 0, 0
401999, 788, 0, 0
403000, 688, 0, 0
403999, 792, 0, 0
404999, 740, 0, 0
406000, 744, 0, 0
406999, 652, 0, 0
408000, 780, 0, 0
409000, 696, 0, 0
409999, 744, 0, 0
411000, 820, 0, 0
412000, 752, 0, 0
412999, 764, 0, 0
414000, 780, 0, 0
415000, 812, 0, 0
415999, 744, 0, 0
417000, 788, 0, 0
417999, 760, 0, 0
418999, 740, 0, 0
420000, 732, 0, 0
420999, 824, 0, 0
422000, 732, 0, 0
423000, 808, 0, 0
423999, 760, 0, 0
425000, 704, 0, 0
425999, 732, 0, 0
426999, 784, 0, 0
428000, 740, 0, 0
428999, 760, 0, 0
430000, 892, 0, 0
431000, 704, 0, 0
431999, 780, 0, 0
433000, 808, 0, 0
434000, 836, 0, 0
434999, 756, 0, 0
436000, 748, 0, 0
436999, 772, 0, 0
437999, 784, 0, 0
439000, 828, 0, 0
439999, 764, 0, 0
441000, 752, 0, 0
442000, 756, 0, 0
442999, 756, 0, 0
444000, 884, 0, 0
444999, 780, 0, 0
445999, 812, 0, 0
447000, 724, 0, 0
447999, 792, 0, 0
449000, 780, 0, 0
450000, 652, 0, 0
450999, 868, 0, 0
452000, 764, 0, 0
453000, 872, 0, 0
453999, 744, 0, 0
454999, 736, 0, 0
456000, 732, 0, 0
456999, 772, 0, 0
457999, 808, 0, 0
459000, 792, 0, 0
459999, 848, 0, 0
460999, 800, 0, 0
462000, 780, 0, 0
463000, 824, 0, 0
463999, 832, 0, 0
465000, 800, 0, 0
466000, 804, 0, 0
466999, 844, 0, 0
467999, 704, 0, 0
469000, 884, 0, 0
469999, 680, 0, 0
471000, 888, 0, 0
472000, 788, 0, 0
472999, 872, 0, 0
474000, 792, 0, 0
475000, 824, 0, 0
475999, 840, 0, 0
477000, 888, 0, 0
478000, 820, 0, 0
478999, 752, 0, 0
480000, 840, 0, 0
480999, 756, 0, 0
481999, 820, 0, 0
483000, 840, 0, 0
484000, 776, 0, 0
484999, 752, 0, 0
486000, 736, 0, 0
486999, 932, 0, 0
487999, 780, 0, 0
489000, 816, 0, 0
489999, 812, 0, 0
490999, 824, 0, 0
492000, 884, 0, 0
492999, 820, 0, 0
493999, 792, 0, 0
495000, 832, 0, 0
495999, 812, 0, 0
496999, 864, 0, 0
498000, 916, 0, 0
498999, 804, 0, 0
500000, 860, 0, 0
500999, 840, 0, 0
501999, 692, 0, 0
503000, 844, 0, 0
503999, 900, 0, 0
504999, 832, 0, 0
506000, 884, 0, 0
506999, 744, 0, 0
507999, 900, 0, 0
509000, 908, 0, 0
509999, 788, 0, 0
510999, 884, 0, 0
512000, 888, 0, 0
512999, 836, 0, 0
514000, 752, 0, 0
514999, 852, 0, 0
515999, 868, 0, 0
517000, 792, 0, 0
517999, 880, 0, 0
518999, 888, 0, 0
520000, 984, 0, 0
520999, 884, 0, 0
521999, 852, 0, 0
523000, 760, 0, 0
523999, 888, 0, 0
525000, 760, 0, 0
526000, 900, 0, 0
526999, 848, 0, 0
528000, 788, 0, 0
528999, 828, 0, 0
529999, 816, 0, 0
531000, 888, 0, 0
531999, 848, 0, 0
532999, 888, 0, 0
534000, 848, 0, 0
534999, 804, 0, 0
535999, 832, 0, 0
537000, 876, 0, 0
537999, 856, 0, 0
539000, 792, 0, 0
540000, 784, 0, 0
540999, 888, 0, 0
542000, 836, 0, 0
542999, 896, 0, 0
543999, 968, 0, 0
545000, 836, 0, 0
545999, 848, 0, 0
546999, 784, 0, 0
548000, 960, 0, 0
548999, 880, 0, 0
549999, 836, 0, 0
551000, 856, 0, 0
551999, 920, 0, 0
553000, 812, 0, 0
554000, 900, 0, 0
554999, 888, 0, 0
556000, 924, 0, 0
556999, 936, 0, 0
557999, 960, 0, 0
559000, 940, 0, 0
559999, 828, 0, 0
560999, 900, 0, 0
562000, 964, 0, 0
562999, 956, 0, 0
563999, 940, 0, 0
565000, 912, 0, 0
565999, 908, 0, 0
566999, 884, 0, 0
568000, 944, 0, 0
568999, 920, 0, 0
569999, 828, 0, 0
571000, 1056, 0, 0
571999, 880, 0, 0
572999, 1101, 0, 0
574000, 940, 0, 0
575000, 828, 0, 0
575999, 808, 0, 0
576999, 808, 0, 0
578000, 936, 0, 0
578999, 784, 0, 0
579999, 816, 0, 0
581000, 924, 0, 0
582000, 956, 0, 0
582999, 840, 0, 0
584000, 856, 0, 0
585000, 948, 0, 0
585999, 908, 0, 0
586999, 932, 0, 0
588000, 976, 0, 0
588999, 848, 0, 0
589999, 1021, 0, 0
590999, 812, 0, 0
592000, 884, 0, 0
592999, 900, 0, 0
593999, 896, 0, 0
595000, 884, 0, 0
595999, 912, 0, 0
596999, 952, 0, 0
598000, 916, 0, 0
598999, 932, 0, 0
599999, 868, 0, 0
601000, 968, 0, 0
601999, 976, 0, 0
602999, 968, 0, 0
604000, 888, 0, 0
604999, 880, 0, 0
605999, 856, 0, 0
607000, 984, 0, 0
607999, 908, 0, 0
609000, 932, 0, 0
610000, 908, 0, 0
610999, 920, 0, 0
612000, 904, 0, 0
613000, 956, 0, 0
613999, 944, 0, 0
615000, 988, 0, 0
615999, 1061, 0, 0
616999, 980, 0, 0
618000, 1000, 0, 0
618999, 984, 0, 0
619999, 992, 0, 0
621000, 1048, 0, 0
621999, 912, 0, 0
622999, 1029, 0, 0
624000, 916, 0, 0
624999, 956, 0, 0
626000, 1044, 0, 0
627000, 1088, 0, 0
627999, 1013, 0, 0
629000, 976, 0, 0
629999, 920, 0, 0
630999, 868, 0, 0
632000, 1008, 0, 0
632999, 1045, 0, 0
633999, 964, 0, 0
635000, 908, 0, 0
635999, 1089, 0, 0
636999, 976, 0, 0
638000, 944, 0, 0
638999, 1009, 0, 0
639999, 896, 0, 0
641000, 952, 0, 0
641999, 1017, 0, 0
642999, 1061, 0, 0
644000, 1004, 0, 0
644999, 984, 0, 0
646000, 1092, 0, 0
647000, 960, 0, 0
647999, 1033, 0, 0
648999, 908, 0, 0
650000, 1028, 0, 0
650999, 1133, 0, 0
652000, 940, 0, 0
652999, 1045, 0, 0
653999, 1021, 0, 0
655000, 1124, 0, 0
655999, 1009, 0, 0
656999, 1025, 0, 0
658000, 1012, 0, 0
658999, 1009, 0, 0
659999, 1025, 0, 0
661000, 948, 0, 0
661999, 948, 0, 0
662999, 936, 0, 0
664000, 908, 0, 0
664999, 1085, 0, 0
666000, 992, 0, 0
666999, 1141, 0, 0
667999, 1165, 0, 0
669000, 1048, 0, 0
669999, 1133, 0, 0
670999, 1037, 0, 0
672000, 1080, 0, 0
672999, 992, 0, 0
673999, 976, 0, 0
675000, 1060, 0, 0
675999, 1065, 0, 0
676999, 1005, 0, 0
678000, 1128, 0, 0
678999, 980, 0, 0
679999, 896, 0, 0
681000, 1080, 0, 0
681999, 1177, 0, 0
682999, 932, 0, 0
684000, 1056, 0, 0
684999, 1021, 0, 0
686000, 932, 0, 0
687000, 1036, 0, 0
687999, 1141, 0, 0
689000, 948, 0, 0
689999, 1077, 0, 0
690999, 940, 0, 0
692000, 1156, 0, 0
692999, 996, 0, 0
693999, 1065, 0, 0
695000, 1004, 0, 0
695999, 912, 0, 0
696999, 912, 0, 0
698000, 1000, 0, 0
698999, 1013, 0, 0
700000, 1080, 0, 0
701000, 972, 0, 0
701999, 936, 0, 0
703000, 956, 0, 0
703999, 1009, 0, 0
704999, 1105, 0, 0
706000, 1092, 0, 0
706999, 1077, 0, 0
708000, 984, 0, 0
708999, 920, 0, 0
709999, 984, 0, 0
711000, 1024, 0, 0
711999, 1053, 0, 0
712999, 1017, 0, 0
714000, 1104, 0, 0
714999, 968, 0, 0
715999, 1185, 0, 0
717000, 884, 0, 0
717999, 1209, 0, 0
719000, 992, 0, 0
719999, 1113, 0, 0
720999, 1041, 0, 0
722000, 1052, 0, 0
722999, 1021, 0, 0
723999, 972, 0, 0
725000, 1052, 0, 0
725999, 932, 0, 0
726999, 1117, 0, 0
728000, 1116, 0, 0
728999, 948, 0, 0
730000, 1001, 0, 0
731000, 1040, 0, 0
731999, 988, 0, 0
733000, 1000, 0, 0
733999, 1069, 0, 0
734999, 1009, 0, 0
736000, 1068, 0, 0
736999, 932, 0, 0
737999, 1165, 0, 0
739000, 980, 0, 0
739999, 960, 0, 0
740999, 1001, 0, 0
742000, 872, 0, 0
742999, 952, 0, 0
743999, 896, 0, 0
745000, 1064, 0, 0
745999, 980, 0, 0
746999, 1037, 0, 0
748000, 1020, 0, 0
748999, 920, 0, 0
749999, 1049, 0, 0
751000, 1200, 0, 0
751999, 1113, 0, 0
752999, 1029, 0, 0
754000, 1096, 0, 0
754999, 1005, 0, 0
755999, 1093, 0, 0
757000, 984, 0, 0
757999, 1001, 0, 0
758999, 920, 0, 0
760000, 992, 0, 0
760999, 1089, 0, 0
762000, 992, 0, 0
763000, 1040, 0, 0
763999, 1077, 0, 0
765000, 1064, 0, 0
766000, 1104, 0, 0
767000, 872, 0, 0
768000, 972, 0, 0
769000, 1072, 0, 0
770000, 1140, 0, 0
771000, 1072, 0, 0
772000, 940, 0, 0
773000, 1124, 0, 0
774000, 1036, 0, 0
775000, 1060, 0, 0
776000, 1088, 0, 0
777000, 896, 0, 0
778000, 1148, 0, 0
779000, 1032, 0, 0
780000, 932, 0, 0
781000, 1020, 0, 0
782000, 1020, 0, 0
783000, 996, 0, 0
784000, 1040, 0, 0
785000, 1120, 0, 0
786000, 1000, 0, 0
787000, 1016, 0, 0
788000, 1020, 0, 0
789000, 968, 0, 0
790001, 944, 0, 0
791000, 956, 0, 0
791999, 900, 0, 0
792999, 988, 0, 0
794000, 1100, 0, 0
795000, 916, 0, 0
796000, 956, 0, 0
797000, 1076, 0, 0
798000, 1060, 0, 0
799000, 976, 0, 0
800000, 1020, 0, 0
801000, 1060, 0, 0
802000, 984, 0, 0
803000, 956, 0, 0
804000, 1008, 0, 0
805000, 996, 0, 0
806000, 972, 0, 0
807000, 1012, 0, 0
808000, 1056, 0, 0
809000, 1068, 0, 0
810000, 920, 0, 0
811000, 972, 0, 0
812000, 1036, 0, 0
813000, 1084, 0, 0
814000, 1052, 0, 0
815000, 1028, 0, 0
816000, 1048, 0, 0
817000, 1080, 0, 0
818000, 976, 0, 0
819000, 1040, 0, 0
820000, 1049, 0, 0
821000, 1132, 0, 0
822000, 1040, 0, 0
823000, 948, 0, 0
823999, 1117, 0, 0
825000, 940, 0, 0
826000, 1140, 0, 0
827000, 980, 0, 0
828000, 1072, 0, 0
829000, 1088, 0, 0
830000, 1176, 0, 0
831000, 1012, 0, 0
832000, 940, 0, 0
833000, 1040, 0, 0
833999, 1013, 0, 0
834999, 1177, 0, 0
836000, 1140, 0, 0
836999, 944, 0, 0
837999, 1025, 0, 0
838998, 965, 0, 0
839999, 1181, 0, 0
840998, 1102, 0, 0
841998, 933, 0, 0
842999, 1169, 0, 0
843998, 845, 0, 0
844998, 973, 0, 0
845997, 1051, 0, 0
846998, 905, 0, 0
847998, 1110, 0, 0
848997, 1043, 0, 0
849997, 874, 0, 0
850997, 1007, 0, 0
851997, 1195, 0, 0
852997, 1127, 0, 0
853996, 839, 0, 0
854997, 1059, 0, 0
855996, 1048, 0, 0
856996, 1128, 0, 0
857995, 1093, 0, 0
858996, 1072, 0, 0
859996, 1084, 0, 0
860995, 1073, 0, 0
861995, 1049, 0, 0
862995, 1065, 0, 0
863995, 1073, 0, 0
864995, 836, 0, 0
865994, 1026, 0, 0
866995, 944, 0, 0
867994, 1002, 0, 0
868994, 977, 0, 0
869995, 1029, 0, 0
870994, 1090, 0, 0
871994, 1010, 0, 0
872993, 1027, 0, 0
873994, 1038, 0, 0
874994, 1251, 0, 0
875993, 1095, 0, 0
876993, 1091, 0, 0
877993, 1043, 0, 0
878993, 1099, 0, 0
879992, 1133, 0, 0
880993, 1125, 0, 0
881993, 1011, 0, 0
882992, 1008, 0, 0
883992, 1068, 0, 0
884992, 1100, 0, 0
885992, 951, 0, 0
886992, 1028, 0, 0
887991, 859, 0, 0
888992, 1108, 0, 0
889991, 956, 0, 0
890991, 976, 0, 0
891992, 1004, 0, 0
892991, 972, 0, 0
893991, 1001, 0, 0
895000, 1020, 0, 0
895991, 1061, 0, 0
896991, 912, 0, 0
898000, 1192, 0, 0
899000, 1108, 0, 0
899999, 1013, 0, 0
901000, 884, 0, 0
901999, 920, 0, 0
902999, 968, 0, 0
904000, 944, 0, 0
904999, 996, 0, 0
905999, 996, 0, 0
907000, 916, 0, 0
907999, 1053, 0, 0
909000, 1012, 0, 0
910000, 988, 0, 0
910999, 1009, 0, 0
912000, 1012, 0, 0
913000, 900, 0, 0
913999, 932, 0, 0
915000, 960, 0, 0
915999, 928, 0, 0
916999, 984, 0, 0
918000, 1100, 0, 0
918999, 956, 0, 0
919999, 1053, 0, 0
921000, 880, 0, 0
921999, 992, 0, 0
922999, 1053, 0, 0
924000, 1092, 0, 0
924999, 1021, 0, 0
926000, 1016, 0, 0
927000, 920, 0, 0
927999, 1101, 0, 0
929000, 944, 0, 0
930000, 1052, 0, 0
930999, 984, 0, 0
932000, 1008, 0, 0
932999, 1029, 0, 0
933999, 1093, 0, 0
935000, 1140, 0, 0
935999, 988, 0, 0
936999, 944, 0, 0
938000, 920, 0, 0
938999, 912, 0, 0
939999, 864, 0, 0
941000, 948, 0, 0
941999, 952, 0, 0
943000, 1040, 0, 0
943999, 864, 0, 0
944999, 952, 0, 0
946000, 964, 0, 0
946999, 1057, 0, 0
947999, 1081, 0, 0
949000, 968, 0, 0
949999, 904, 0, 0
950999, 868, 0, 0
952000, 968, 0, 0
952999, 956, 0, 0
953999, 948, 0, 0
955000, 1032, 0, 0
955999, 1001, 0, 0
956999, 940, 0, 0
958000, 1052, 0, 0
958999, 848, 0, 0
960000, 816, 0, 0
960999, 976, 0, 0
961999, 1037, 0, 0
963000, 880, 0, 0
963999, 992, 0, 0
965000, 960, 0, 0
966000, 892, 0, 0
966999, 1053, 0, 0
968000, 1004, 0, 0
968999, 964, 0, 0
969999, 872, 0, 0
971000, 1012, 0, 0
971999, 904, 0, 0
973000, 916, 0, 0
974000, 1056, 0, 0
974999, 1013, 0, 0
976000, 1108, 0, 0
976999, 1037, 0, 0
977999, 1045, 0, 0
979000, 1044, 0, 0
979999, 924, 0, 0
980999, 952, 0, 0
982000, 864, 0, 0
982999, 912, 0, 0
984000, 996, 0, 0
985000, 988, 0, 0
985999, 992, 0, 0
987000, 1004, 0, 0
987999, 948, 0, 0
988999, 1001, 0, 0
990000, 984, 0, 0
990999, 1053, 0, 0
991999, 1073, 0, 0
993000, 932, 0, 0
993999, 1037, 0, 0
994999, 1049, 0, 0
996000, 868, 0, 0
996999, 1101, 0, 0
998000, 1016, 0, 0
999000, 976, 0, 0
999999, 888, 0, 0
1001000, 1020, 0, 0
1002000, 836, 0, 0
1002999, 992, 0, 0
1004000, 928, 0, 0
1004999, 908, 0, 0
1006000, 976, 0, 0
1007000, 952, 0, 0
1007999, 872, 0, 0
1009000, 968, 0, 0
1009999, 1073, 0, 0
1010999, 1009, 0, 0
1012000, 980, 0, 0
1012999, 976, 0, 0
1014000, 1081, 0, 0
1015000, 948, 0, 0
1015999, 984, 0, 0
1016999, 892, 0, 0
1018000, 936, 0, 0
1018999, 980, 0, 0
1020000, 1000, 0, 0
1020999, 992, 0, 0
1021999, 992, 0, 0
1023000, 1120, 0, 0
1024000, 968, 0, 0
1025000, 1101, 0, 0
1026000, 924, 0, 0
1026999, 988, 0, 0
1027999, 960, 0, 0
1029000, 1048, 0, 0
1029999, 1109, 0, 0
1030999, 1021, 0, 0
1032000, 908, 0, 0
1032999, 940, 0, 0
1033999, 1021, 0, 0
1035000, 856, 0, 0
1035999, 988, 0, 0
1037000, 940, 0, 0
1038000, 952, 0, 0
1038999, 952, 0, 0
1040000, 936, 0, 0
1040999, 808, 0, 0
1041999, 1037, 0, 0
1043000, 968, 0, 0
1044000, 1072, 0, 0
1044999, 916, 0, 0
1046000, 988, 0, 0
1046999, 1045, 0, 0
1047999, 916, 0, 0
1049000, 1004, 0, 0
1049999, 848, 0, 0
1050999, 964, 0, 0
1052000, 984, 0, 0
1053000, 1012, 0, 0
1053999, 968, 0, 0
1055000, 1084, 0, 0
1055999, 960, 0, 0
1056999, 1001, 0, 0
1058000, 948, 0, 0
1058999, 996, 0, 0
1060000, 984, 0, 0
1060999, 892, 0, 0
1061999, 956, 0, 0
1063000, 968, 0, 0
1063999, 968, 0, 0
1064999, 1017, 0, 0
1066000, 1000, 0, 0
1066999, 992, 0, 0
1067999, 936, 0, 0
1069000, 904, 0, 0
1069999, 1053, 0, 0
1071000, 884, 0, 0
1071999, 944, 0, 0
1072999, 920, 0, 0
1074000, 916, 0, 0
1074999, 948, 0, 0
1075999, 976, 0, 0
1077000, 1040, 0, 0
1077999, 848, 0, 0
1079000, 1000, 0, 0
1079999, 1017, 0, 0
1080999, 992, 0, 0
1082000, 1068, 0, 0
1083000, 948, 0, 0
1083999, 956, 0, 0
1085000, 1024, 0, 0
1086000, 1032, 0, 0
1086999, 864, 0, 0
1088000, 1012, 0, 0
1088999, 956, 0, 0
1089999, 1117, 0, 0
1091000, 928, 0, 0
1091999, 924, 0, 0
1092999, 1037, 0, 0
1094000, 840, 0, 0
1094999, 1009, 0, 0
1096000, 940, 0, 0
1097000, 820, 0, 0
1097999, 940, 0, 0
1099000, 924, 0, 0
1099999, 1057, 0, 0
1100999, 1025, 0, 0
1102000, 1028, 0, 0
1102999, 908, 0, 0
1104000, 944, 0, 0
1105000, 976, 0, 0
1105999, 972, 0, 0
1107000, 1044, 0, 0
1108000, 936, 0, 0
1108999, 924, 0, 0
1110000, 964, 0, 0
1111000, 860, 0, 0
1111999, 800, 0, 0
1113000, 1152, 0, 0
1114000, 1096, 0, 0
1114999, 800, 0, 0
1116000, 980, 0, 0
1116999, 1001, 0, 0
1117999, 880, 0, 0
1119000, 1056, 0, 0
1119999, 952, 0, 0
1120999, 852, 0, 0
1122000, 1000, 0, 0
1123000, 980, 0, 0
1123999, 896, 0, 0
1124999, 952, 0, 0
1126000, 856, 0, 0
1126999, 912, 0, 0
1128000, 1116, 0, 0
1129000, 1004, 0, 0
1129999, 880, 0, 0
1131000, 1008, 0, 0
1132000, 932, 0, 0
1132999, 988, 0, 0
1134000, 996, 0, 0
1135000, 972, 0, 0
1135999, 984, 0, 0
1137000, 1100, 0, 0
1137999, 880, 0, 0
1138999, 1033, 0, 0
1140000, 940, 0, 0
1140999, 948, 0, 0
1141999, 1037, 0, 0
1143000, 956, 0, 0
1143999, 936, 0, 0
1145000, 1005, 0, 0
1146000, 1060, 0, 0
1146999, 848, 0, 0
1148000, 1000, 0, 0
1148999, 928, 0, 0
1149999, 932, 0, 0
1151000, 1048, 0, 0
1151999, 972, 0, 0
1153000, 1000, 0, 0
1154000, 920, 0, 0
1154999, 952, 0, 0
1156000, 876, 0, 0
1156999, 996, 0, 0
1158000, 908, 0, 0
1159000, 992, 0, 0
1159999, 916, 0, 0
1161000, 936, 0, 0
1162000, 1012, 0, 0
1162999, 856, 0, 0
1164000, 980, 0, 0
1165000, 1004, 0, 0
1165999, 1033, 0, 0
1167000, 1004, 0, 0
1168000, 924, 0, 0
1168999, 924, 0, 0
1170000, 916, 0, 0
1170999, 1009, 0, 0
1172000, 952, 0, 0
1173000, 956, 0, 0
1173999, 952, 0, 0
1175000, 940, 0, 0
1176000, 956, 0, 0
1176999, 960, 0, 0
1178000, 956, 0, 0
1178999, 972, 0, 0
1179999, 1041, 0, 0
1181000, 852, 0, 0
1181999, 944, 0, 0
1182999, 1061, 0, 0
1184000, 1080, 0, 0
1184999, 908, 0, 0
1186000, 912, 0, 0
1186999, 952, 0, 0
1187999, 936, 0, 0
1189000, 916, 0, 0
1189999, 952, 0, 0
1191000, 972, 0, 0
1192000, 1028, 0, 0
1192999, 1005, 0, 0
1194000, 952, 0, 0
1194999, 928, 0, 0
1195999, 876, 0, 0
1197000, 840, 0, 0
1197999, 964, 0, 0
1198999, 956, 0, 0
1200000, 992, 0, 0
