1017, 6964841, 0, 0
2013, 7830224, 0, 0
3002, 7659179, 0, 0
4043, 7653173, 0, 0
5012, 7559486, 0, 0
6048, 7614036, 0, 0
7033, 7629188, 0, 0
8015, 8179379, 0, 0
9003, 7646782, 0, 0
10050, 7699221, 0, 0
11040, 7720735, 0, 0
12044, 7782271, 0, 0
13018, 8110132, 0, 0
14061, 7605458, 0, 0
15031, 7877142, 0, 0
16026, 7709253, 0, 0
17003, 7568650, 0, 0
18000, 8228666, 0, 0
19060, 8214916, 0, 0
20046, 7697855, 0, 0
21046, 7742405, 0, 0
22033, 7468063, 0, 0
23013, 7590576, 0, 0
24037, 7522930, 0, 0
25038, 7814471, 0, 0
26005, 7489284, 0, 0
27053, 7701421, 0, 0
28003, 7721387, 0, 0
29047, 7502942, 0, 0
30040, 7627773, 0, 0
31046, 7734060, 0, 0
32027, 7423077, 0, 0
33062, 7893598, 0, 0
34038, 7622584, 0, 0
35025, 7583148, 0, 0
36055, 7408412, 0, 0
37024, 7560442, 0, 0
38053, 8095820, 0, 0
39061, 7691162, 0, 0
40034, 7964813, 0, 0
41007, 7370900, 0, 0
42025, 7759635, 0, 0
43023, 7615008, 0, 0
44063, 7531927, 0, 0
45037, 7202214, 0, 0
46022, 7514162, 0, 0
47044, 7296608, 0, 0
48032, 8092975, 0, 0
49001, 7114953, 0, 0
50006, 7910628, 0, 0
51039, 6926019, 0, 0
52040, 7520810, 0, 0
53036, 7312099, 0, 0
54058, 7189778, 0, 0
55024, 7103435, 0, 0
56025, 7746423, 0, 0
57015, 7553526, 0, 0
58027, 7961903, 0, 0
59056, 7396653, 0, 0
60019, 7236886, 0, 0
61017, 7494326, 0, 0
62023, 7339750, 0, 0
63046, 7682214, 0, 0
64030, 7507605, 0, 0
65006, 7675718, 0, 0
66043, 7298160, 0, 0
67020, 7178150, 0, 0
68029, 8131725, 0, 0
69015, 6985391, 0, 0
70024, 7518105, 0, 0
71057, 7374487, 0, 0
72030, 7365573, 0, 0
73033, 7589323, 0, 0
74011, 7029802, 0, 0
75004, 7192551, 0, 0
76019, 7571981, 0, 0
77046, 7328238, 0, 0
78098, 7727033, 0, 0
79037, 7272929, 0, 0
80045, 7403443, 0, 0
81028, 6969190, 0, 0
82018, 7907681, 0, 0
83012, 7529988, 0, 0
84055, 7133778, 0, 0
85003, 6818090, 0, 0
86050, 7065989, 0, 0
87048, 7172902, 0, 0
88099, 7556753, 0, 0
89022, 7260937, 0, 0
90006, 7119463, 0, 0
91053, 7317993, 0, 0
92061, 7298874, 0, 0
93001, 7397567, 0, 0
94029, 6936577, 0, 0
95008, 6747408, 0, 0
96004, 7153506, 0, 0
97050, 7212712, 0, 0
98051, 7294957, 0, 0
99058, 7744484, 0, 0
100034, 7223538, 0, 0
101020, 7081027, 0, 0
102060, 6978654, 0, 0
103005, 7315988, 0, 0
104052, 7071816, 0, 0
105027, 8394428, 0, 0
106057, 6727507, 0, 0
107062, 7329558, 0, 0
108038, 7061737, 0, 0
109040, 6859212, 0, 0
110058, 7822940, 0, 0
111011, 7109269, 0, 0
112041, 7093159, 0, 0
113055, 7394263, 0, 0
114000, 6888543, 0, 0
115037, 7407069, 0, 0
116035, 7021084, 0, 0
117034, 6480021, 0, 0
118029, 7098214, 0, 0
119002, 7599012, 0, 0
120004, 7148403, 0, 0
121048, 7397984, 0, 0
122027, 7350526, 0, 0
123027, 7351752, 0, 0
124037, 6552969, 0, 0
125040, 7100920, 0, 0
126032, 7132617, 0, 0
127011, 6701807, 0, 0
128018, 7290404, 0, 0
129016, 7495939, 0, 0
130004, 6946596, 0, 0
131013, 6907403, 0, 0
132043, 7051523, 0, 0
133025, 7158647, 0, 0
134037, 7323682, 0, 0
135020, 6681191, 0, 0
136055, 6939782, 0, 0
137049, 6757879, 0, 0
138032, 6962728, 0, 0
139066, 7709466, 0, 0
140047, 6621325, 0, 0
141023, 6819734, 0, 0
142055, 6211597, 0, 0
143027, 6695289, 0, 0
144018, 6693049, 0, 0
145036, 6963366, 0, 0
146018, 7607695, 0, 0
147006, 6809278, 0, 0
148049, 6898371, 0, 0
149040, 7614482, 0, 0
150047, 7034949, 0, 0
151013, 6523163, 0, 0
152024, 6826216, 0, 0
153015, 6870957, 0, 0
154012, 6827303, 0, 0
155024, 6973664, 0, 0
156030, 6880826, 0, 0
157060, 6952870, 0, 0
158017, 7133998, 0, 0
159000, 6594541, 0, 0
160000, 6445899, 0, 0
161028, 6891588, 0, 0
162050, 6380400, 0, 0
163009, 6744280, 0, 0
164004, 7005071, 0, 0
165026, 6504228, 0, 0
166027, 6757042, 0, 0
167008, 6851354, 0, 0
168055, 6926464, 0, 0
169032, 7072550, 0, 0
170042, 7473776, 0, 0
171046, 6822073, 0, 0
172027, 6242524, 0, 0
173056, 6384662, 0, 0
174053, 6551721, 0, 0
175055, 6588428, 0, 0
176046, 6641489, 0, 0
177019, 6568565, 0, 0
178044, 6522365, 0, 0
179007, 6328663, 0, 0
180035, 6758754, 0, 0
181023, 6536841, 0, 0
182036, 7129464, 0, 0
183001, 6554685, 0, 0
184000, 7182027, 0, 0
185029, 6721796, 0, 0
186058, 7089796, 0, 0
187033, 6861011, 0, 0
188049, 7197809, 0, 0
189018, 6495725, 0, 0
190009, 6780088, 0, 0
191031, 6465415, 0, 0
192031, 6885096, 0, 0
193060, 7240042, 0, 0
194044, 6780963, 0, 0
195042, 6648125, 0, 0
196031, 6497542, 0, 0
197034, 6681210, 0, 0
198022, 6761229, 0, 0
199061, 6742060, 0, 0
200062, 6328159, 0, 0
201015, 6706643, 0, 0
202048, 6972445, 0, 0
203058, 6954553, 0, 0
204048, 7068611, 0, 0
205014, 6223784, 0, 0
206026, 6788665, 0, 0
207021, 6717608, 0, 0
208001, 5892967, 0, 0
209021, 6179785, 0, 0
210047, 7016524, 0, 0
211033, 5899312, 0, 0
212027, 6665163, 0, 0
213021, 6988965, 0, 0
214048, 6752063, 0, 0
215015, 6902672, 0, 0
216015, 6322866, 0, 0
217062, 6078816, 0, 0
218058, 6508534, 0, 0
219032, 6116339, 0, 0
220023, 6304717, 0, 0
221024, 6289685, 0, 0
222056, 6484970, 0, 0
223040, 6217853, 0, 0
224019, 6702117, 0, 0
225043, 6910133, 0, 0
226072, 6589745, 0, 0
227054, 6252321, 0, 0
228015, 6443941, 0, 0
229036, 6142423, 0, 0
230032, 6258454, 0, 0
231036, 6269241, 0, 0
232021, 6305545, 0, 0
233011, 6508105, 0, 0
234018, 6488353, 0, 0
235002, 6471237, 0, 0
236027, 5986726, 0, 0
237050, 5941251, 0, 0
238039, 6452898, 0, 0
239053, 6991879, 0, 0
240044, 6640338, 0, 0
241011, 6900796, 0, 0
242055, 6323617, 0, 0
243016, 7272030, 0, 0
244047, 6168697, 0, 0
245018, 5671962, 0, 0
246015, 6553017, 0, 0
247019, 6387731, 0, 0
248050, 6558472, 0, 0
249027, 6464087, 0, 0
250006, 6268733, 0, 0
251026, 6617038, 0, 0
252044, 7016826, 0, 0
253077, 6250952, 0, 0
254058, 6166727, 0, 0
255003, 6886863, 0, 0
256052, 5823537, 0, 0
257014, 5859483, 0, 0
258039, 6564892, 0, 0
259057, 6162567, 0, 0
260029, 6517005, 0, 0
261038, 6303484, 0, 0
262050, 6160854, 0, 0
263003, 5948503, 0, 0
264012, 6184420, 0, 0
265036, 6128286, 0, 0
266032, 5884631, 0, 0
267025, 5972786, 0, 0
268023, 6044086, 0, 0
269049, 5995615, 0, 0
270001, 6380802, 0, 0
271034, 5701707, 0, 0
272016, 6414435, 0, 0
273052, 6720608, 0, 0
274038, 6005623, 0, 0
275049, 6272936, 0, 0
276011, 6001450, 0, 0
277048, 6281125, 0, 0
278048, 5774036, 0, 0
279061, 6244990, 0, 0
280006, 5903088, 0, 0
281034, 6754122, 0, 0
282032, 5933630, 0, 0
283028, 5991409, 0, 0
284048, 6102292, 0, 0
285049, 6290613, 0, 0
286000, 6246025, 0, 0
287054, 6423790, 0, 0
288019, 5949122, 0, 0
289037, 6394939, 0, 0
290023, 6041746, 0, 0
291036, 5987941, 0, 0
292051, 5634307, 0, 0
293027, 5947108, 0, 0
294013, 6273766, 0, 0
295044, 5983207, 0, 0
296040, 6218557, 0, 0
297046, 5986382, 0, 0
298029, 6295858, 0, 0
299018, 5983016, 0, 0
300018, 6093682, 0, 0
301024, 6163954, 0, 0
302060, 5813809, 0, 0
303027, 5925923, 0, 0
304025, 6157376, 0, 0
305044, 5781841, 0, 0
306040, 5617854, 0, 0
307000, 6569680, 0, 0
308014, 5858271, 0, 0
309052, 6136077, 0, 0
310052, 6402720, 0, 0
311024, 5809248, 0, 0
312017, 5639295, 0, 0
313036, 5471347, 0, 0
314049, 6210610, 0, 0
315015, 5920164, 0, 0
316025, 6038657, 0, 0
317009, 5585586, 0, 0
318039, 5503164, 0, 0
319031, 6002799, 0, 0
320030, 5732804, 0, 0
321038, 5754114, 0, 0
322051, 6489604, 0, 0
323035, 5648700, 0, 0
324000, 6062105, 0, 0
325018, 5983084, 0, 0
326016, 5568228, 0, 0
327064, 5539951, 0, 0
328043, 5402070, 0, 0
329012, 6204011, 0, 0
330057, 5465497, 0, 0
331059, 5620917, 0, 0
332056, 5721887, 0, 0
333046, 5719666, 0, 0
334045, 5635244, 0, 0
335050, 5906715, 0, 0
336064, 5823568, 0, 0
337016, 6017448, 0, 0
338049, 5401518, 0, 0
339021, 5578477, 0, 0
340038, 5705604, 0, 0
341007, 5661708, 0, 0
342007, 5609810, 0, 0
343036, 5440602, 0, 0
344042, 5642139, 0, 0
345024, 5542570, 0, 0
346022, 6007000, 0, 0
347009, 5797923, 0, 0
348058, 5663275, 0, 0
349001, 5887732, 0, 0
350038, 5154799, 0, 0
351009, 5132763, 0, 0
352012, 5565244, 0, 0
353003, 5558725, 0, 0
354018, 5604493, 0, 0
355035, 6230388, 0, 0
356048, 5527766, 0, 0
357039, 5238004, 0, 0
358042, 5627636, 0, 0
359038, 6462714, 0, 0
360016, 5519719, 0, 0
361018, 5852466, 0, 0
362058, 6256629, 0, 0
363018, 5270033, 0, 0
364012, 5483711, 0, 0
365018, 5551558, 0, 0
366051, 4801102, 0, 0
367051, 5400045, 0, 0
368041, 5491475, 0, 0
369058, 6273351, 0, 0
370053, 5458176, 0, 0
371008, 5851762, 0, 0
372018, 5544497, 0, 0
373030, 5555919, 0, 0
374048, 5379222, 0, 0
375033, 6348325, 0, 0
376041, 5443562, 0, 0
377014, 5489640, 0, 0
378018, 5798274, 0, 0
379000, 5668138, 0, 0
380042, 5308262, 0, 0
381056, 6102867, 0, 0
382052, 5465342, 0, 0
383056, 5541772, 0, 0
384037, 5211740, 0, 0
385063, 5125127, 0, 0
386042, 5685663, 0, 0
387052, 5696753, 0, 0
388041, 5914994, 0, 0
389055, 5724949, 0, 0
390035, 5500556, 0, 0
391012, 5702402, 0, 0
392025, 5748891, 0, 0
393002, 5645784, 0, 0
394032, 5528450, 0, 0
395006, 5438399, 0, 0
396057, 5467457, 0, 0
397065, 5888834, 0, 0
398036, 5737333, 0, 0
399017, 5597985, 0, 0
400000, 5453592, 0, 0
401050, 5551941, 0, 0
402086, 5251318, 0, 0
403009, 5359034, 0, 0
404043, 5215411, 0, 0
405056, 5469009, 0, 0
406048, 5330380, 0, 0
407001, 5836917, 0, 0
408042, 5330680, 0, 0
409021, 5620936, 0, 0
410001, 5266171, 0, 0
411035, 5037815, 0, 0
412034, 5307423, 0, 0
413030, 5207579, 0, 0
414027, 5106605, 0, 0
415063, 5097162, 0, 0
416014, 5103979, 0, 0
417059, 5300007, 0, 0
418028, 5090671, 0, 0
419052, 5532736, 0, 0
420051, 5452521, 0, 0
421034, 4763618, 0, 0
422006, 5307721, 0, 0
423058, 5200149, 0, 0
424042, 5173697, 0, 0
425010, 5493519, 0, 0
426057, 5713941, 0, 0
427041, 5013570, 0, 0
428016, 5263912, 0, 0
429004, 5195052, 0, 0
430043, 4653922, 0, 0
431006, 5461569, 0, 0
432045, 5325373, 0, 0
433058, 5007379, 0, 0
434038, 4683412, 0, 0
435038, 5281568, 0, 0
436028, 5291561, 0, 0
437015, 5105263, 0, 0
438057, 5309035, 0, 0
439045, 4770611, 0, 0
440025, 5120838, 0, 0
441030, 5339590, 0, 0
442019, 5225529, 0, 0
443012, 5250128, 0, 0
444031, 4602969, 0, 0
445005, 4989751, 0, 0
446032, 5052635, 0, 0
447040, 5563018, 0, 0
448024, 4961210, 0, 0
449017, 5090143, 0, 0
450014, 6110668, 0, 0
451024, 4643621, 0, 0
452000, 5106289, 0, 0
453050, 4809674, 0, 0
454029, 5256366, 0, 0
455032, 5446863, 0, 0
456032, 5458661, 0, 0
457005, 5034525, 0, 0
458037, 5100285, 0, 0
459033, 5028192, 0, 0
460005, 4577087, 0, 0
461062, 5277048, 0, 0
462039, 5007327, 0, 0
463036, 4833785, 0, 0
464058, 4902752, 0, 0
465040, 4907301, 0, 0
466051, 5022117, 0, 0
467059, 4769879, 0, 0
468012, 5411831, 0, 0
469048, 4682082, 0, 0
470021, 5717161, 0, 0
471045, 4602873, 0, 0
472048, 5084780, 0, 0
473022, 4466036, 0, 0
474019, 5028098, 0, 0
475053, 5012838, 0, 0
476011, 4556220, 0, 0
477040, 4626897, 0, 0
478043, 4886848, 0, 0
479039, 5292631, 0, 0
480063, 4867423, 0, 0
481023, 5076980, 0, 0
482049, 4997045, 0, 0
483031, 4671286, 0, 0
484052, 5252264, 0, 0
485022, 5155361, 0, 0
486016, 5399192, 0, 0
487058, 4466001, 0, 0
488022, 4934052, 0, 0
489018, 4876845, 0, 0
490038, 5017481, 0, 0
491001, 4670456, 0, 0
492014, 4577337, 0, 0
493068, 5081490, 0, 0
494043, 4970363, 0, 0
495025, 4717212, 0, 0
496027, 4925559, 0, 0
497003, 4512831, 0, 0
498053, 4581162, 0, 0
499018, 4794311, 0, 0
500037, 4732200, 0, 0
501011, 4631229, 0, 0
502059, 6054027, 0, 0
503022, 4555154, 0, 0
504044, 4536046, 0, 0
505048, 4822785, 0, 0
506054, 4545588, 0, 0
507053, 5365532, 0, 0
508014, 4262389, 0, 0
509046, 4539958, 0, 0
510017, 4922858, 0, 0
511017, 4521306, 0, 0
512036, 4580231, 0, 0
513060, 4895802, 0, 0
514027, 5139026, 0, 0
515043, 4762138, 0, 0
516038, 4576318, 0, 0
517036, 5037760, 0, 0
518035, 4535216, 0, 0
519037, 4507892, 0, 0
520013, 3957350, 0, 0
521058, 4722786, 0, 0
522033, 4572539, 0, 0
523006, 5116998, 0, 0
524087, 4860042, 0, 0
525020, 4907612, 0, 0
526029, 4478592, 0, 0
527055, 4833313, 0, 0
528044, 5011773, 0, 0
529018, 4701375, 0, 0
530007, 4838980, 0, 0
531031, 4606255, 0, 0
532020, 4659959, 0, 0
533026, 4523702, 0, 0
534059, 4869021, 0, 0
535059, 4966798, 0, 0
536009, 4563973, 0, 0
537037, 4684931, 0, 0
538046, 4710405, 0, 0
539034, 4980860, 0, 0
540043, 5144478, 0, 0
541040, 4481610, 0, 0
542039, 4775814, 0, 0
543033, 4430732, 0, 0
544062, 4246151, 0, 0
545060, 4768704, 0, 0
546055, 4688680, 0, 0
547002, 4821911, 0, 0
548035, 4298706, 0, 0
549029, 4513978, 0, 0
550038, 4820576, 0, 0
551012, 4545279, 0, 0
552029, 4416767, 0, 0
553027, 4908490, 0, 0
554024, 4422514, 0, 0
555023, 4496816, 0, 0
556034, 4370087, 0, 0
557015, 4185409, 0, 0
558000, 4099024, 0, 0
559056, 4487753, 0, 0
560021, 4656164, 0, 0
561018, 4423960, 0, 0
562057, 4302541, 0, 0
563054, 4166500, 0, 0
564034, 4162934, 0, 0
565044, 4428035, 0, 0
566012, 4255837, 0, 0
567051, 4695802, 0, 0
568031, 4147461, 0, 0
569048, 4416482, 0, 0
570022, 4695413, 0, 0
571054, 3905353, 0, 0
572010, 4337149, 0, 0
573040, 3739960, 0, 0
574024, 4180792, 0, 0
575042, 4913263, 0, 0
576054, 5001261, 0, 0
577025, 4802183, 0, 0
578048, 4367670, 0, 0
579056, 5133462, 0, 0
580000, 4574992, 0, 0
581014, 4423342, 0, 0
582028, 4238677, 0, 0
583012, 4676534, 0, 0
584050, 4846516, 0, 0
585028, 4121977, 0, 0
586001, 4276091, 0, 0
587052, 4506759, 0, 0
588037, 4029676, 0, 0
589001, 4541226, 0, 0
590063, 4160370, 0, 0
591028, 4743144, 0, 0
592037, 4560827, 0, 0
593052, 4504554, 0, 0
594038, 4395182, 0, 0
595015, 4414900, 0, 0
596050, 4534680, 0, 0
597001, 3989854, 0, 0
598057, 4602178, 0, 0
599071, 4344887, 0, 0
600052, 4516237, 0, 0
601003, 3923864, 0, 0
602021, 4165713, 0, 0
603069, 4324970, 0, 0
604004, 4205806, 0, 0
605008, 4555506, 0, 0
606007, 4664950, 0, 0
607020, 4110129, 0, 0
608022, 4409779, 0, 0
609022, 4284455, 0, 0
610007, 4333502, 0, 0
611043, 4499308, 0, 0
612055, 4467879, 0, 0
613024, 4051152, 0, 0
614030, 4256435, 0, 0
615006, 3942681, 0, 0
616017, 3810352, 0, 0
617038, 4160165, 0, 0
618033, 3975130, 0, 0
619037, 4073478, 0, 0
620000, 3879658, 0, 0
621048, 3991466, 0, 0
622038, 4335188, 0, 0
623039, 3890945, 0, 0
624048, 4399984, 0, 0
625003, 3987585, 0, 0
626012, 3860843, 0, 0
627020, 3698518, 0, 0
628013, 3920457, 0, 0
629009, 4074147, 0, 0
630039, 4474456, 0, 0
631047, 4636966, 0, 0
632014, 3830849, 0, 0
633041, 3929663, 0, 0
634059, 4218378, 0, 0
635016, 4207842, 0, 0
636032, 3727692, 0, 0
637005, 3984677, 0, 0
638060, 4463133, 0, 0
639023, 3816433, 0, 0
640016, 4426809, 0, 0
641034, 4268614, 0, 0
642033, 3928145, 0, 0
643042, 3803434, 0, 0
644028, 3918552, 0, 0
645016, 4009515, 0, 0
646011, 3640082, 0, 0
647036, 4263559, 0, 0
648047, 3914696, 0, 0
649026, 4306882, 0, 0
650014, 3836332, 0, 0
651005, 3496299, 0, 0
652019, 4309097, 0, 0
653058, 3975362, 0, 0
654000, 3686090, 0, 0
655031, 3664852, 0, 0
656010, 3879308, 0, 0
657021, 3942499, 0, 0
658030, 3979656, 0, 0
659010, 3884281, 0, 0
660029, 3974166, 0, 0
661048, 4291044, 0, 0
662048, 4214317, 0, 0
663031, 4194810, 0, 0
664002, 4272617, 0, 0
665048, 3851995, 0, 0
666031, 3956696, 0, 0
667013, 3442360, 0, 0
668059, 3587324, 0, 0
669002, 3592425, 0, 0
670062, 3739626, 0, 0
671016, 3677510, 0, 0
672023, 3723930, 0, 0
673055, 4155103, 0, 0
674019, 3944626, 0, 0
675041, 3851552, 0, 0
676030, 3709938, 0, 0
677025, 3957237, 0, 0
678016, 3509328, 0, 0
679024, 4106264, 0, 0
680021, 4448672, 0, 0
681017, 3680679, 0, 0
682045, 3490272, 0, 0
683065, 4368711, 0, 0
684022, 3621225, 0, 0
685005, 3849325, 0, 0
686011, 4311793, 0, 0
687038, 3956572, 0, 0
688011, 3408205, 0, 0
689049, 4374854, 0, 0
690052, 3722603, 0, 0
691013, 4080248, 0, 0
692044, 3561914, 0, 0
693037, 3982108, 0, 0
694017, 3676042, 0, 0
695009, 3946701, 0, 0
696000, 4173631, 0, 0
697021, 4660399, 0, 0
698028, 4020646, 0, 0
699042, 4002864, 0, 0
700050, 3727100, 0, 0
701047, 4096041, 0, 0
702024, 4168423, 0, 0
703056, 4309494, 0, 0
704057, 3968251, 0, 0
705032, 3523955, 0, 0
706011, 3581794, 0, 0
707038, 3810617, 0, 0
708035, 4047846, 0, 0
709008, 4224236, 0, 0
710044, 4205514, 0, 0
711004, 3742716, 0, 0
712022, 3864367, 0, 0
713023, 3936914, 0, 0
714065, 3767400, 0, 0
715000, 3856606, 0, 0
716056, 3561915, 0, 0
717021, 4361270, 0, 0
718046, 3389302, 0, 0
719028, 3952512, 0, 0
720068, 3735077, 0, 0
721044, 3745009, 0, 0
722043, 3793588, 0, 0
723051, 3947935, 0, 0
724043, 4074467, 0, 0
725013, 3684171, 0, 0
726017, 4301106, 0, 0
727012, 3557848, 0, 0
728055, 3734860, 0, 0
729017, 4052713, 0, 0
730011, 3969442, 0, 0
731021, 3876022, 0, 0
732014, 4014350, 0, 0
733022, 4026430, 0, 0
734047, 3834841, 0, 0
735021, 3857290, 0, 0
736053, 3859366, 0, 0
737002, 4064010, 0, 0
738058, 3610475, 0, 0
739039, 4014652, 0, 0
740033, 4138312, 0, 0
741028, 3973876, 0, 0
742015, 4519828, 0, 0
743016, 4198934, 0, 0
744003, 4399994, 0, 0
745018, 3808511, 0, 0
746018, 4077712, 0, 0
747017, 3848564, 0, 0
748009, 3884209, 0, 0
749054, 4539916, 0, 0
750000, 3546446, 0, 0
751038, 3501848, 0, 0
752055, 3652986, 0, 0
753039, 3823327, 0, 0
754048, 3675381, 0, 0
755041, 3949522, 0, 0
756014, 3559136, 0, 0
757056, 4226059, 0, 0
758056, 3993833, 0, 0
759002, 4109024, 0, 0
760001, 4020262, 0, 0
761031, 3782936, 0, 0
762042, 4070977, 0, 0
763028, 3784462, 0, 0
764010, 3643398, 0, 0
765039, 3863975, 0, 0
766062, 3700321, 0, 0
767013, 4354573, 0, 0
768151, 4675077, 0, 0
769046, 3334295, 0, 0
770061, 3556429, 0, 0
771039, 3643577, 0, 0
772038, 4242193, 0, 0
773024, 3503880, 0, 0
774017, 3825967, 0, 0
775053, 3905624, 0, 0
776079, 3764706, 0, 0
777007, 4137148, 0, 0
778016, 3510743, 0, 0
779009, 3840895, 0, 0
780019, 4327809, 0, 0
781050, 4037157, 0, 0
782049, 3912606, 0, 0
783010, 3852291, 0, 0
784028, 3911428, 0, 0
785050, 3638599, 0, 0
786050, 3994714, 0, 0
787024, 3826888, 0, 0
788046, 4001724, 0, 0
789033, 4072768, 0, 0
790024, 4192899, 0, 0
791062, 4337261, 0, 0
792049, 4378004, 0, 0
793028, 3956717, 0, 0
794042, 3682612, 0, 0
795029, 4304650, 0, 0
796022, 4145955, 0, 0
797012, 3674285, 0, 0
798047, 3899794, 0, 0
799026, 4008800, 0, 0
800029, 3927074, 0, 0
801045, 3826802, 0, 0
802034, 4012718, 0, 0
803054, 4262421, 0, 0
804049, 3943409, 0, 0
805029, 3925698, 0, 0
806046, 4181368, 0, 0
807036, 3905711, 0, 0
808025, 3740437, 0, 0
809026, 3742743, 0, 0
810032, 4367258, 0, 0
811150, 4595409, 0, 0
812053, 3481761, 0, 0
813053, 3681970, 0, 0
814044, 3761491, 0, 0
815002, 3723734, 0, 0
816050, 3992324, 0, 0
817029, 3621948, 0, 0
818024, 4069531, 0, 0
819012, 3793273, 0, 0
820024, 3855903, 0, 0
821009, 3474869, 0, 0
822052, 4005557, 0, 0
823021, 4083901, 0, 0
824048, 3674814, 0, 0
825003, 4056339, 0, 0
826050, 3669175, 0, 0
827015, 3931884, 0, 0
828014, 3721725, 0, 0
829009, 3649915, 0, 0
830003, 3374127, 0, 0
831016, 3997430, 0, 0
832061, 4443216, 0, 0
833030, 3719317, 0, 0
834034, 3962551, 0, 0
835028, 3374358, 0, 0
836059, 3612423, 0, 0
837020, 4066892, 0, 0
838046, 4001792, 0, 0
839030, 4073683, 0, 0
840024, 3363457, 0, 0
841002, 3549758, 0, 0
842004, 4295429, 0, 0
843064, 3625689, 0, 0
844010, 4473843, 0, 0
845021, 4155925, 0, 0
846031, 3848828, 0, 0
847055, 4108329, 0, 0
848034, 3847890, 0, 0
849024, 3800538, 0, 0
850043, 4669232, 0, 0
851036, 3947161, 0, 0
852006, 3248627, 0, 0
853057, 3735973, 0, 0
854016, 4579043, 0, 0
855040, 3870875, 0, 0
856010, 3713789, 0, 0
857058, 3533788, 0, 0
858039, 3808483, 0, 0
859008, 3623018, 0, 0
860060, 3890060, 0, 0
861025, 3608622, 0, 0
862011, 3770130, 0, 0
863039, 3874399, 0, 0
864048, 3773875, 0, 0
865001, 4574454, 0, 0
866028, 4021604, 0, 0
867048, 4334652, 0, 0
868050, 4017692, 0, 0
869030, 4025035, 0, 0
870034, 3915829, 0, 0
871022, 3637489, 0, 0
872056, 4115417, 0, 0
873023, 3785353, 0, 0
874033, 3909895, 0, 0
875043, 3239292, 0, 0
876014, 3563768, 0, 0
877044, 3797456, 0, 0
878009, 3720527, 0, 0
879000, 3606990, 0, 0
880034, 3689834, 0, 0
881053, 3642596, 0, 0
882059, 3735194, 0, 0
883028, 4169255, 0, 0
884050, 3850129, 0, 0
885058, 3688045, 0, 0
886010, 4025139, 0, 0
887047, 4061678, 0, 0
888058, 4223033, 0, 0
889043, 3952464, 0, 0
890025, 4133715, 0, 0
891060, 3943797, 0, 0
892007, 4131258, 0, 0
893004, 4130838, 0, 0
894003, 4021724, 0, 0
895000, 3905347, 0, 0
896035, 3929002, 0, 0
897020, 4349937, 0, 0
898052, 3458852, 0, 0
899045, 3577278, 0, 0
900005, 3789202, 0, 0
901002, 4505903, 0, 0
902010, 4373567, 0, 0
903057, 4321795, 0, 0
904058, 4235999, 0, 0
905035, 3916314, 0, 0
906048, 4063962, 0, 0
907047, 4354901, 0, 0
908051, 3809336, 0, 0
909043, 3916015, 0, 0
910004, 3884030, 0, 0
911013, 3996969, 0, 0
912000, 3925904, 0, 0
913044, 4593256, 0, 0
914047, 4298652, 0, 0
915044, 4149098, 0, 0
916033, 4257699, 0, 0
917042, 4093408, 0, 0
918035, 3607027, 0, 0
919023, 4125747, 0, 0
920062, 3943070, 0, 0
921013, 4316832, 0, 0
922021, 4060842, 0, 0
923029, 3824722, 0, 0
924043, 3706343, 0, 0
925022, 3834346, 0, 0
926051, 4045015, 0, 0
927003, 4133005, 0, 0
928002, 3626930, 0, 0
929011, 4269514, 0, 0
930027, 3857208, 0, 0
931022, 4038991, 0, 0
932005, 3894511, 0, 0
933046, 4043830, 0, 0
934057, 3695878, 0, 0
935007, 3327073, 0, 0
936030, 4134617, 0, 0
937012, 4154148, 0, 0
938054, 4526070, 0, 0
939052, 4368955, 0, 0
940007, 4415560, 0, 0
941045, 4373149, 0, 0
942022, 4101098, 0, 0
943052, 3955772, 0, 0
944035, 4543229, 0, 0
945033, 4186771, 0, 0
946052, 4222754, 0, 0
947011, 3626492, 0, 0
948051, 3843526, 0, 0
949053, 4133405, 0, 0
950012, 4239098, 0, 0
951012, 4602668, 0, 0
952006, 4101026, 0, 0
953002, 4162239, 0, 0
954023, 4300535, 0, 0
955066, 4034346, 0, 0
956059, 3968888, 0, 0
957019, 4075935, 0, 0
958043, 3887236, 0, 0
959057, 4776233, 0, 0
960041, 4817367, 0, 0
961020, 4006262, 0, 0
962008, 3807066, 0, 0
963031, 4647852, 0, 0
964063, 4151646, 0, 0
965020, 3984173, 0, 0
966041, 4572041, 0, 0
967021, 3721526, 0, 0
968024, 3988518, 0, 0
969044, 4223560, 0, 0
970030, 4519794, 0, 0
971007, 3853425, 0, 0
972037, 4551684, 0, 0
973057, 4450135, 0, 0
974050, 3754754, 0, 0
975045, 3926708, 0, 0
976021, 3515302, 0, 0
977033, 3903785, 0, 0
978060, 3927346, 0, 0
979054, 3800379, 0, 0
980026, 4201796, 0, 0
981006, 4111580, 0, 0
982008, 4633416, 0, 0
983045, 4542403, 0, 0
984034, 3962794, 0, 0
985050, 4109527, 0, 0
986038, 3977572, 0, 0
987015, 3886369, 0, 0
988012, 4199233, 0, 0
989009, 3981070, 0, 0
990073, 4321318, 0, 0
991006, 3541420, 0, 0
992044, 3862512, 0, 0
993018, 4171645, 0, 0
994047, 3967730, 0, 0
995034, 3760522, 0, 0
996000, 4444614, 0, 0
997057, 3839593, 0, 0
998030, 3823762, 0, 0
999065, 4236255, 0, 0
1000006, 4229092, 0, 0
1001063, 4139964, 0, 0
1002055, 4737998, 0, 0
1003043, 3979708, 0, 0
1004019, 4200450, 0, 0
1005059, 4572971, 0, 0
1006024, 3949026, 0, 0
1007037, 4247886, 0, 0
1008001, 4419781, 0, 0
1009010, 4160496, 0, 0
1010036, 3821779, 0, 0
1011027, 3927507, 0, 0
1012009, 4003894, 0, 0
1013003, 4065463, 0, 0
1014045, 3851726, 0, 0
1015034, 4167490, 0, 0
1016044, 4100523, 0, 0
1017017, 4354274, 0, 0
1018003, 4207790, 0, 0
1019025, 4167216, 0, 0
1020017, 3962590, 0, 0
1021034, 4092935, 0, 0
1022011, 3934339, 0, 0
1023022, 3602720, 0, 0
1024002, 4044015, 0, 0
1025038, 3762573, 0, 0
1026007, 4184528, 0, 0
1027049, 4212855, 0, 0
1028048, 4157190, 0, 0
1029034, 3757937, 0, 0
1030055, 3678811, 0, 0
1031051, 3899331, 0, 0
1032003, 4187615, 0, 0
1033060, 4489904, 0, 0
1034047, 3866967, 0, 0
1035040, 4632286, 0, 0
1036061, 4129896, 0, 0
1037030, 4117149, 0, 0
1038024, 4170007, 0, 0
1039047, 4291928, 0, 0
1040021, 4156801, 0, 0
1041008, 4876831, 0, 0
1042039, 3973840, 0, 0
1043032, 4096939, 0, 0
1044047, 3782140, 0, 0
1045037, 4318467, 0, 0
1046043, 4064164, 0, 0
1047012, 3706906, 0, 0
1048011, 4355301, 0, 0
1049025, 4035763, 0, 0
1050038, 4769868, 0, 0
1051034, 4128365, 0, 0
1052017, 3990796, 0, 0
1053025, 3976510, 0, 0
1054011, 4068075, 0, 0
1055020, 3717968, 0, 0
1056017, 4146585, 0, 0
1057034, 4060961, 0, 0
1058051, 4287147, 0, 0
1059035, 3946515, 0, 0
1060055, 4139126, 0, 0
1061036, 4394460, 0, 0
1062055, 4257434, 0, 0
1063054, 4121851, 0, 0
1064042, 4072806, 0, 0
1065012, 3816409, 0, 0
1066034, 4078659, 0, 0
1067017, 3956944, 0, 0
1068129, 4748911, 0, 0
1069004, 3862659, 0, 0
1070060, 4010429, 0, 0
1071019, 4333170, 0, 0
1072046, 4346335, 0, 0
1073018, 4219473, 0, 0
1074045, 4475199, 0, 0
1075061, 4283503, 0, 0
1076020, 3923645, 0, 0
1077029, 3872402, 0, 0
1078004, 4595182, 0, 0
1079049, 4174774, 0, 0
1080052, 3941478, 0, 0
1081031, 3941896, 0, 0
1082019, 3693548, 0, 0
1083027, 4246498, 0, 0
1084042, 4238657, 0, 0
1085030, 3854584, 0, 0
1086064, 4003339, 0, 0
1087048, 4546792, 0, 0
1088029, 3870161, 0, 0
1089022, 4148238, 0, 0
1090011, 3540509, 0, 0
1091054, 4489113, 0, 0
1092031, 4221574, 0, 0
1093061, 3972461, 0, 0
1094026, 4587731, 0, 0
1095022, 3946944, 0, 0
1096052, 4374505, 0, 0
1097045, 4840551, 0, 0
1098051, 4273990, 0, 0
1099024, 4202827, 0, 0
1100005, 3710540, 0, 0
1101007, 3909033, 0, 0
1102029, 3971427, 0, 0
1103019, 4355406, 0, 0
1104029, 4272880, 0, 0
1105053, 4188202, 0, 0
1106033, 4027147, 0, 0
1107035, 3832545, 0, 0
1108026, 4229623, 0, 0
1109040, 4384742, 0, 0
1110032, 4107964, 0, 0
1111002, 4508576, 0, 0
1112018, 5069961, 0, 0
1113001, 3409379, 0, 0
1114014, 3689344, 0, 0
1115039, 5117255, 0, 0
1116031, 4044107, 0, 0
1117010, 3910099, 0, 0
1118020, 4583904, 0, 0
1119047, 3884467, 0, 0
1120035, 4146207, 0, 0
1121029, 4659927, 0, 0
1122007, 3903501, 0, 0
1123023, 4141325, 0, 0
1124043, 4551005, 0, 0
1125056, 4245944, 0, 0
1126014, 4473148, 0, 0
1127003, 4331987, 0, 0
1128034, 3687217, 0, 0
1129027, 3949576, 0, 0
1130008, 4452376, 0, 0
1131070, 4207479, 0, 0
1132026, 4097272, 0, 0
1133009, 3976289, 0, 0
1134031, 4097307, 0, 0
1135053, 4197750, 0, 0
1136011, 3888436, 0, 0
1137039, 3730951, 0, 0
1138019, 4451013, 0, 0
1139015, 3853608, 0, 0
1140053, 4412457, 0, 0
1141060, 4241165, 0, 0
1142028, 3730715, 0, 0
1143039, 4225883, 0, 0
1144007, 4128966, 0, 0
1145029, 4066756, 0, 0
1146065, 3900998, 0, 0
1147044, 4611927, 0, 0
1148036, 3961416, 0, 0
1149019, 4231817, 0, 0
1150000, 4204587, 0, 0
1151033, 3937252, 0, 0
1152038, 4127235, 0, 0
1153051, 4045740, 0, 0
1154052, 4347530, 0, 0
1155067, 4259901, 0, 0
1156012, 4304033, 0, 0
1157018, 4035583, 0, 0
1158006, 4347271, 0, 0
1159036, 4146145, 0, 0
1160005, 4227299, 0, 0
1161014, 4305027, 0, 0
1162009, 3925530, 0, 0
1163007, 4659152, 0, 0
1164005, 4065346, 0, 0
1165020, 4039394, 0, 0
1166053, 3996997, 0, 0
1167028, 3876137, 0, 0
1168021, 4296251, 0, 0
1169012, 4284201, 0, 0
1170021, 4396712, 0, 0
1171053, 4088431, 0, 0
1172005, 3996956, 0, 0
1173052, 4373226, 0, 0
1174049, 4180833, 0, 0
1175050, 4253181, 0, 0
1176062, 4229915, 0, 0
1177031, 4032541, 0, 0
1178014, 4104676, 0, 0
1179016, 4117182, 0, 0
1180014, 3834285, 0, 0
1181032, 4771002, 0, 0
1182030, 4221434, 0, 0
1183054, 3857662, 0, 0
1184024, 3588854, 0, 0
1185016, 4364464, 0, 0
1186031, 4443043, 0, 0
1187025, 4170483, 0, 0
1188005, 4180115, 0, 0
1189052, 4567434, 0, 0
1190048, 4179158, 0, 0
1191004, 3926861, 0, 0
1192057, 4091274, 0, 0
1193042, 3920083, 0, 0
1194051, 4229485, 0, 0
1195043, 4272158, 0, 0
1196022, 4460787, 0, 0
1197051, 4896178, 0, 0
1198065, 4202892, 0, 0
1199027, 4016109, 0, 0
1200039, 4073732, 0, 0
