1042, 7183167, 0, 0
2058, 7868331, 0, 0
3025, 7547597, 0, 0
4043, 7478130, 0, 0
5025, 7664839, 0, 0
6053, 7556778, 0, 0
7059, 7856324, 0, 0
8059, 8320240, 0, 0
9021, 7756113, 0, 0
10023, 7472288, 0, 0
11051, 7899750, 0, 0
12014, 7515242, 0, 0
13047, 7478376, 0, 0
14036, 7722082, 0, 0
15002, 7484489, 0, 0
16003, 7751898, 0, 0
17064, 7790711, 0, 0
18029, 7974385, 0, 0
19061, 7061579, 0, 0
20005, 7667739, 0, 0
21001, 7533801, 0, 0
22028, 7491609, 0, 0
23038, 7477152, 0, 0
24033, 7705348, 0, 0
25046, 7729655, 0, 0
26033, 7580591, 0, 0
27017, 7807074, 0, 0
28005, 7532236, 0, 0
29028, 7861588, 0, 0
30000, 7898491, 0, 0
31047, 7260510, 0, 0
32037, 7494227, 0, 0
33041, 7431392, 0, 0
34051, 7587011, 0, 0
35031, 7362993, 0, 0
36001, 7877198, 0, 0
37041, 7641942, 0, 0
38046, 7606651, 0, 0
39007, 7221302, 0, 0
40028, 7235735, 0, 0
41028, 7623454, 0, 0
42054, 7431844, 0, 0
43014, 7266572, 0, 0
44070, 8113781, 0, 0
45059, 7426532, 0, 0
46008, 7839016, 0, 0
47041, 7423482, 0, 0
48019, 7519519, 0, 0
49056, 7245066, 0, 0
50043, 7307726, 0, 0
51046, 7534976, 0, 0
52058, 7719088, 0, 0
53022, 7132967, 0, 0
54001, 7085192, 0, 0
55056, 7528754, 0, 0
56053, 7439094, 0, 0
57022, 7329930, 0, 0
58061, 7059441, 0, 0
59025, 6599438, 0, 0
60007, 7268832, 0, 0
61035, 7664539, 0, 0
62011, 7500784, 0, 0
63006, 7587542, 0, 0
64026, 7550541, 0, 0
65022, 7371926, 0, 0
66046, 7052240, 0, 0
67033, 6943631, 0, 0
68044, 6923401, 0, 0
69022, 7459648, 0, 0
70052, 7092866, 0, 0
71039, 7642191, 0, 0
72050, 7065919, 0, 0
73033, 7068634, 0, 0
74026, 7291706, 0, 0
75021, 7314258, 0, 0
76056, 7226750, 0, 0
77057, 7524450, 0, 0
78032, 7266906, 0, 0
79006, 7051360, 0, 0
80009, 7652354, 0, 0
81052, 7439779, 0, 0
82037, 7239669, 0, 0
83001, 7409015, 0, 0
84007, 7233263, 0, 0
85012, 7604186, 0, 0
86021, 7636063, 0, 0
87054, 7021993, 0, 0
88054, 7242155, 0, 0
89060, 7075555, 0, 0
90068, 7747879, 0, 0
91002, 7013397, 0, 0
92024, 6994884, 0, 0
93058, 6844751, 0, 0
94010, 7429815, 0, 0
95062, 6958721, 0, 0
96002, 7450717, 0, 0
97010, 7464074, 0, 0
98048, 7199391, 0, 0
99004, 7461127, 0, 0
100047, 7236602, 0, 0
101000, 7270078, 0, 0
102049, 7180849, 0, 0
103037, 7314064, 0, 0
104046, 6948283, 0, 0
105032, 7192922, 0, 0
106053, 7034261, 0, 0
107023, 7178589, 0, 0
108018, 7254314, 0, 0
109061, 6768547, 0, 0
110025, 7461470, 0, 0
111008, 6681648, 0, 0
112048, 6752346, 0, 0
113023, 7210787, 0, 0
114048, 6965370, 0, 0
115045, 7273580, 0, 0
116011, 6567549, 0, 0
117000, 7053499, 0, 0
118035, 6716132, 0, 0
119023, 7100918, 0, 0
120000, 6825970, 0, 0
121056, 6675007, 0, 0
122033, 7176063, 0, 0
123030, 7170176, 0, 0
124036, 6700487, 0, 0
125013, 6591884, 0, 0
126041, 6848544, 0, 0
127033, 7131865, 0, 0
128024, 6557451, 0, 0
129015, 6551470, 0, 0
130029, 7086664, 0, 0
131011, 6769600, 0, 0
132045, 6536364, 0, 0
133047, 6950333, 0, 0
134055, 6375741, 0, 0
135028, 6746968, 0, 0
136063, 6762470, 0, 0
137058, 6621407, 0, 0
138020, 6773371, 0, 0
139051, 7151637, 0, 0
140018, 6850185, 0, 0
141050, 7312235, 0, 0
142012, 6722324, 0, 0
143026, 6893722, 0, 0
144036, 6591553, 0, 0
145043, 7236025, 0, 0
146061, 7218040, 0, 0
147033, 6836889, 0, 0
148049, 7301030, 0, 0
149021, 6472794, 0, 0
150044, 6557043, 0, 0
151028, 6680545, 0, 0
152019, 6881547, 0, 0
153009, 6774466, 0, 0
154049, 6613693, 0, 0
155048, 6610017, 0, 0
156008, 6998785, 0, 0
157037, 6468780, 0, 0
158067, 7145063, 0, 0
159004, 6937915, 0, 0
160003, 7077247, 0, 0
161027, 6433365, 0, 0
162034, 6366052, 0, 0
163030, 6956052, 0, 0
164037, 6846273, 0, 0
165023, 6886219, 0, 0
166062, 6653762, 0, 0
167043, 6407674, 0, 0
168038, 6759455, 0, 0
169037, 6659040, 0, 0
170039, 7197593, 0, 0
171013, 6948471, 0, 0
172015, 6957952, 0, 0
173040, 6478330, 0, 0
174042, 6540902, 0, 0
175032, 6870387, 0, 0
176007, 6861188, 0, 0
177019, 7222249, 0, 0
178002, 6915216, 0, 0
179024, 6500284, 0, 0
180026, 6723629, 0, 0
181029, 6725910, 0, 0
182007, 6464371, 0, 0
183011, 7067195, 0, 0
184000, 6502404, 0, 0
185028, 6537291, 0, 0
186056, 6800850, 0, 0
187055, 6980072, 0, 0
188007, 6793166, 0, 0
189024, 6516238, 0, 0
190027, 6726069, 0, 0
191038, 6307738, 0, 0
192002, 6934640, 0, 0
193017, 6457153, 0, 0
194048, 6773291, 0, 0
195053, 6437776, 0, 0
196018, 6340141, 0, 0
197038, 6451183, 0, 0
198027, 6812157, 0, 0
199018, 6692398, 0, 0
200025, 6487516, 0, 0
201041, 6152855, 0, 0
202071, 6813013, 0, 0
203061, 6384481, 0, 0
204046, 6787270, 0, 0
205041, 6582002, 0, 0
206022, 6407118, 0, 0
207024, 6174750, 0, 0
208026, 6300107, 0, 0
209045, 6053472, 0, 0
210018, 6312275, 0, 0
211036, 7216764, 0, 0
212029, 6888292, 0, 0
213010, 6402488, 0, 0
214006, 6421384, 0, 0
215024, 6694059, 0, 0
216054, 7048578, 0, 0
217052, 6389269, 0, 0
218056, 6732380, 0, 0
219009, 6517705, 0, 0
220048, 6369597, 0, 0
221023, 6449864, 0, 0
222063, 6411752, 0, 0
223047, 6468177, 0, 0
224033, 6119259, 0, 0
225046, 6443941, 0, 0
226011, 5989319, 0, 0
227043, 6737915, 0, 0
228033, 6336912, 0, 0
229003, 6215583, 0, 0
230038, 6459073, 0, 0
231050, 5711094, 0, 0
232017, 6274793, 0, 0
233008, 6309213, 0, 0
234014, 6484104, 0, 0
235017, 6632007, 0, 0
236031, 6331453, 0, 0
237003, 6227748, 0, 0
238022, 6398921, 0, 0
239056, 5833747, 0, 0
240039, 6508853, 0, 0
241022, 6457526, 0, 0
242045, 6117569, 0, 0
243017, 6520633, 0, 0
244039, 6042169, 0, 0
245021, 6627773, 0, 0
246025, 6472587, 0, 0
247050, 6278208, 0, 0
248028, 6182771, 0, 0
249041, 6168940, 0, 0
250023, 6502288, 0, 0
251011, 6368268, 0, 0
252003, 6113287, 0, 0
253032, 5976375, 0, 0
254054, 6113993, 0, 0
255036, 5874494, 0, 0
256031, 6173303, 0, 0
257028, 6306573, 0, 0
258080, 6404758, 0, 0
259023, 6237086, 0, 0
260036, 5624738, 0, 0
261005, 5692938, 0, 0
262044, 6250125, 0, 0
263037, 6701550, 0, 0
264039, 6677563, 0, 0
265038, 6197562, 0, 0
266056, 5809188, 0, 0
267027, 5989893, 0, 0
268067, 6618129, 0, 0
269038, 6097570, 0, 0
270038, 5709629, 0, 0
271025, 5763158, 0, 0
272060, 6342959, 0, 0
273012, 5907723, 0, 0
274054, 6347587, 0, 0
275023, 6628931, 0, 0
276009, 6122686, 0, 0
277027, 6200457, 0, 0
278002, 5628429, 0, 0
279004, 6178010, 0, 0
280035, 6318947, 0, 0
281050, 6458536, 0, 0
282011, 5779906, 0, 0
283029, 5501038, 0, 0
284007, 5745237, 0, 0
285034, 5858147, 0, 0
286027, 6012460, 0, 0
287059, 6102038, 0, 0
288016, 6779722, 0, 0
289030, 5011408, 0, 0
290019, 5778916, 0, 0
291049, 6056018, 0, 0
292058, 5998875, 0, 0
293028, 6171407, 0, 0
294025, 6343797, 0, 0
295042, 6509630, 0, 0
296018, 6209243, 0, 0
297030, 5982512, 0, 0
298018, 5366447, 0, 0
299034, 5697870, 0, 0
300049, 5928645, 0, 0
301047, 6234162, 0, 0
302011, 5233418, 0, 0
303006, 5950776, 0, 0
304018, 6237429, 0, 0
305031, 6025220, 0, 0
306016, 5819840, 0, 0
307008, 5539973, 0, 0
308019, 5870428, 0, 0
309005, 6436135, 0, 0
310030, 5531693, 0, 0
311029, 5706069, 0, 0
312024, 6023785, 0, 0
313038, 5784356, 0, 0
314055, 6159914, 0, 0
315026, 5576244, 0, 0
316061, 5869720, 0, 0
317051, 6030726, 0, 0
318031, 5863778, 0, 0
319052, 6141523, 0, 0
320003, 5796389, 0, 0
321056, 5716672, 0, 0
322029, 5585060, 0, 0
323049, 5823399, 0, 0
324032, 5915878, 0, 0
325036, 6224952, 0, 0
326039, 6151307, 0, 0
327052, 6092762, 0, 0
328046, 6057670, 0, 0
329054, 6063558, 0, 0
330027, 5397711, 0, 0
331001, 5827265, 0, 0
332009, 5501672, 0, 0
333024, 6145362, 0, 0
334032, 5722887, 0, 0
335033, 6410108, 0, 0
336045, 5911715, 0, 0
337038, 5832200, 0, 0
338012, 6713935, 0, 0
339036, 6049810, 0, 0
340053, 5431557, 0, 0
341002, 5574568, 0, 0
342036, 6042290, 0, 0
343010, 5466785, 0, 0
344015, 6121311, 0, 0
345004, 6255827, 0, 0
346004, 5395222, 0, 0
347042, 5082472, 0, 0
348037, 5463079, 0, 0
349027, 5648376, 0, 0
350023, 5525294, 0, 0
351048, 5751697, 0, 0
352032, 5146952, 0, 0
353005, 5650832, 0, 0
354044, 5639786, 0, 0
355019, 5323391, 0, 0
356010, 5752837, 0, 0
357033, 6311918, 0, 0
358005, 5332450, 0, 0
359056, 5556468, 0, 0
360065, 6036591, 0, 0
361051, 5152245, 0, 0
362024, 5310735, 0, 0
363055, 6025833, 0, 0
364038, 5673875, 0, 0
365045, 5376990, 0, 0
366054, 5826467, 0, 0
367024, 5266965, 0, 0
368029, 5801923, 0, 0
369052, 5806124, 0, 0
370035, 5223090, 0, 0
371036, 5714496, 0, 0
372049, 5621503, 0, 0
373036, 5698109, 0, 0
374006, 5352869, 0, 0
375038, 5340874, 0, 0
376030, 5629770, 0, 0
377011, 5564737, 0, 0
378014, 5966897, 0, 0
379018, 5362268, 0, 0
380002, 5551603, 0, 0
381021, 5247953, 0, 0
382028, 5319347, 0, 0
383009, 6050237, 0, 0
384011, 5502360, 0, 0
385058, 5124634, 0, 0
386027, 5974103, 0, 0
387022, 4919476, 0, 0
388047, 5536234, 0, 0
389022, 5378359, 0, 0
390038, 5834721, 0, 0
391005, 5363899, 0, 0
392016, 5176412, 0, 0
393056, 5412285, 0, 0
394024, 4762252, 0, 0
395027, 5723576, 0, 0
396039, 5713200, 0, 0
397008, 5040136, 0, 0
398054, 5383678, 0, 0
399057, 5533330, 0, 0
400009, 6138232, 0, 0
401006, 5723242, 0, 0
402038, 5101945, 0, 0
403086, 6159156, 0, 0
404021, 5729090, 0, 0
405023, 5563825, 0, 0
406024, 5553349, 0, 0
407053, 5493777, 0, 0
408029, 5360496, 0, 0
409061, 6064845, 0, 0
410014, 5948637, 0, 0
411048, 5063243, 0, 0
412051, 5327681, 0, 0
413054, 7054058, 0, 0
414049, 6812635, 0, 0
415042, 5216802, 0, 0
416009, 5714666, 0, 0
417053, 5460904, 0, 0
418015, 5432346, 0, 0
419046, 5445664, 0, 0
420034, 5168750, 0, 0
421047, 5242278, 0, 0
422054, 4880368, 0, 0
423059, 6085355, 0, 0
424042, 5251529, 0, 0
425008, 5048264, 0, 0
426036, 5770028, 0, 0
427033, 5295720, 0, 0
428051, 5560349, 0, 0
429042, 5592899, 0, 0
430042, 5280140, 0, 0
431002, 4589504, 0, 0
432032, 4613200, 0, 0
433021, 4637417, 0, 0
434034, 5557547, 0, 0
435019, 5047775, 0, 0
436001, 4757348, 0, 0
437046, 5465037, 0, 0
438053, 5411730, 0, 0
439052, 5168605, 0, 0
440030, 5581883, 0, 0
441043, 5085320, 0, 0
442053, 5169904, 0, 0
443016, 5726017, 0, 0
444000, 4699895, 0, 0
445045, 5381896, 0, 0
446022, 5108877, 0, 0
447008, 4806613, 0, 0
448034, 5363891, 0, 0
449015, 5324470, 0, 0
450006, 5266129, 0, 0
451044, 4957173, 0, 0
452043, 5196986, 0, 0
453020, 4856128, 0, 0
454002, 5029818, 0, 0
455007, 5575045, 0, 0
456010, 5757040, 0, 0
457043, 4650208, 0, 0
458024, 4661280, 0, 0
459011, 5602395, 0, 0
460029, 5160561, 0, 0
461050, 4859142, 0, 0
462034, 5040214, 0, 0
463024, 5341030, 0, 0
464013, 4942114, 0, 0
465056, 4629029, 0, 0
466053, 5157929, 0, 0
467049, 4782437, 0, 0
468012, 5374810, 0, 0
469008, 5493758, 0, 0
470001, 4884649, 0, 0
471053, 4908544, 0, 0
472024, 5186081, 0, 0
473013, 4472639, 0, 0
474036, 4751858, 0, 0
475029, 4957726, 0, 0
476063, 4337346, 0, 0
477050, 4882325, 0, 0
478056, 5174128, 0, 0
479012, 4569692, 0, 0
480054, 4411755, 0, 0
481036, 5132875, 0, 0
482020, 4656346, 0, 0
483055, 4785677, 0, 0
484050, 5177137, 0, 0
485017, 4596949, 0, 0
486051, 4632997, 0, 0
487001, 4720397, 0, 0
488060, 4894353, 0, 0
489023, 4623667, 0, 0
490040, 5290466, 0, 0
491059, 5015660, 0, 0
492000, 5275550, 0, 0
493028, 4462969, 0, 0
494034, 5027826, 0, 0
495037, 5382734, 0, 0
496061, 4942683, 0, 0
497041, 4488263, 0, 0
498052, 5430512, 0, 0
499056, 5478286, 0, 0
500026, 4527104, 0, 0
501006, 4428599, 0, 0
502000, 5772967, 0, 0
503020, 4568099, 0, 0
504043, 5185975, 0, 0
505031, 4719581, 0, 0
506010, 4442103, 0, 0
507058, 4803252, 0, 0
508017, 5092991, 0, 0
509057, 4945700, 0, 0
510031, 4722041, 0, 0
511029, 4961677, 0, 0
512035, 4782500, 0, 0
513036, 4739102, 0, 0
514019, 4441713, 0, 0
515030, 5022576, 0, 0
516030, 4622063, 0, 0
517010, 4967259, 0, 0
518006, 4585678, 0, 0
519035, 4965801, 0, 0
520001, 4797194, 0, 0
521034, 4607224, 0, 0
522019, 4658751, 0, 0
523068, 4722062, 0, 0
524011, 5091254, 0, 0
525016, 4778459, 0, 0
526028, 4676324, 0, 0
527020, 4672493, 0, 0
528056, 4498052, 0, 0
529017, 5001588, 0, 0
530000, 3971547, 0, 0
531025, 4337228, 0, 0
532005, 5125601, 0, 0
533056, 4215967, 0, 0
534027, 4308380, 0, 0
535011, 4290762, 0, 0
536037, 4880887, 0, 0
537036, 4490620, 0, 0
538042, 4716424, 0, 0
539013, 5002734, 0, 0
540067, 4094115, 0, 0
541038, 4122413, 0, 0
542012, 4193833, 0, 0
543048, 5146826, 0, 0
544027, 4465038, 0, 0
545054, 5005220, 0, 0
546010, 5615924, 0, 0
547036, 4675509, 0, 0
548059, 4582489, 0, 0
549004, 4671750, 0, 0
550032, 4585245, 0, 0
551013, 4410990, 0, 0
552033, 4670036, 0, 0
553003, 4612855, 0, 0
554008, 5072853, 0, 0
555018, 4522475, 0, 0
556056, 4446892, 0, 0
557024, 4374442, 0, 0
558012, 4507291, 0, 0
559049, 4207143, 0, 0
560032, 3989436, 0, 0
561020, 4095276, 0, 0
562004, 4549976, 0, 0
563013, 4682992, 0, 0
564007, 4225229, 0, 0
565037, 4395917, 0, 0
566049, 5291844, 0, 0
567050, 4460995, 0, 0
568040, 4263741, 0, 0
569057, 4318971, 0, 0
570036, 4443084, 0, 0
571006, 4229784, 0, 0
572030, 3690480, 0, 0
573009, 4234924, 0, 0
574002, 4290542, 0, 0
575009, 4409773, 0, 0
576000, 3778797, 0, 0
577051, 4082081, 0, 0
578041, 4473755, 0, 0
579054, 4637410, 0, 0
580028, 4362838, 0, 0
581030, 4332462, 0, 0
582008, 4263903, 0, 0
583026, 4539437, 0, 0
584055, 4352877, 0, 0
585000, 4118031, 0, 0
586030, 4572376, 0, 0
587031, 4543769, 0, 0
588004, 4299999, 0, 0
589006, 4240786, 0, 0
590002, 4195982, 0, 0
591018, 3945971, 0, 0
592049, 4596986, 0, 0
593045, 4325058, 0, 0
594001, 4240174, 0, 0
595014, 4439023, 0, 0
596047, 4372164, 0, 0
597039, 4460199, 0, 0
598032, 4013004, 0, 0
599028, 4443486, 0, 0
600037, 4643258, 0, 0
601075, 3926094, 0, 0
602018, 4004290, 0, 0
603028, 4291982, 0, 0
604005, 4064409, 0, 0
605055, 4191723, 0, 0
606019, 4458057, 0, 0
607011, 4306947, 0, 0
608015, 4228637, 0, 0
609022, 4157670, 0, 0
610020, 4047828, 0, 0
611049, 3954653, 0, 0
612041, 4303556, 0, 0
613043, 4051136, 0, 0
614043, 4560165, 0, 0
615015, 4112316, 0, 0
616055, 4385564, 0, 0
617034, 4039294, 0, 0
618043, 4215335, 0, 0
619024, 4707189, 0, 0
620031, 4038679, 0, 0
621006, 4615604, 0, 0
622030, 4464660, 0, 0
623060, 3700267, 0, 0
624023, 3653883, 0, 0
625047, 3930493, 0, 0
626008, 3594919, 0, 0
627057, 3997580, 0, 0
628023, 3767914, 0, 0
629031, 3631040, 0, 0
630004, 3797078, 0, 0
631003, 3833515, 0, 0
632035, 3949281, 0, 0
633006, 4367191, 0, 0
634015, 3889202, 0, 0
635050, 3812874, 0, 0
636001, 3988758, 0, 0
637025, 4244951, 0, 0
638023, 3829946, 0, 0
639037, 4004209, 0, 0
640041, 4229991, 0, 0
641036, 4282446, 0, 0
642055, 3697923, 0, 0
643004, 4249104, 0, 0
644020, 4157266, 0, 0
645062, 3825894, 0, 0
646056, 3296509, 0, 0
647053, 3645036, 0, 0
648057, 3838553, 0, 0
649052, 4054928, 0, 0
650020, 3835291, 0, 0
651027, 3738837, 0, 0
652045, 3737667, 0, 0
653042, 3856115, 0, 0
654039, 3455236, 0, 0
655014, 3553002, 0, 0
656034, 3661817, 0, 0
657033, 4007120, 0, 0
658055, 4065630, 0, 0
659048, 4166627, 0, 0
660034, 3591218, 0, 0
661035, 4164519, 0, 0
662060, 3492219, 0, 0
663058, 4532002, 0, 0
664056, 4259094, 0, 0
665063, 3792754, 0, 0
666021, 4330524, 0, 0
667055, 3710779, 0, 0
668019, 3450594, 0, 0
669032, 3949425, 0, 0
670058, 3672870, 0, 0
671020, 3278115, 0, 0
672038, 4163160, 0, 0
673021, 3582302, 0, 0
674043, 3894552, 0, 0
675054, 3839419, 0, 0
676023, 3761360, 0, 0
677046, 4258933, 0, 0
678046, 3913404, 0, 0
679035, 4030823, 0, 0
680057, 3780723, 0, 0
681035, 3561372, 0, 0
682026, 3896581, 0, 0
683008, 3970766, 0, 0
684061, 3937033, 0, 0
685052, 4124203, 0, 0
686035, 3702039, 0, 0
687040, 3873690, 0, 0
688011, 3830419, 0, 0
689058, 3521519, 0, 0
690012, 4859971, 0, 0
691062, 3882635, 0, 0
692010, 4095952, 0, 0
693050, 3568832, 0, 0
694044, 4206445, 0, 0
695019, 3756376, 0, 0
696018, 3781116, 0, 0
697009, 3820215, 0, 0
698067, 3882601, 0, 0
699070, 3679373, 0, 0
700012, 4056724, 0, 0
701026, 3629553, 0, 0
702064, 4229326, 0, 0
703037, 3931387, 0, 0
704002, 4065570, 0, 0
705008, 4222746, 0, 0
706044, 3617451, 0, 0
707046, 3952080, 0, 0
708048, 4050992, 0, 0
709001, 4032271, 0, 0
710040, 3942791, 0, 0
711015, 3592592, 0, 0
712022, 3840035, 0, 0
713031, 4128867, 0, 0
714038, 3881268, 0, 0
715031, 3948273, 0, 0
716048, 4145268, 0, 0
717002, 4159885, 0, 0
718052, 4110504, 0, 0
719042, 3760378, 0, 0
720027, 4115564, 0, 0
721012, 3602358, 0, 0
722033, 3626489, 0, 0
723050, 3652895, 0, 0
724059, 3813560, 0, 0
725034, 4025523, 0, 0
726044, 3908171, 0, 0
727013, 3946802, 0, 0
728011, 3803085, 0, 0
729039, 3366191, 0, 0
730014, 3475865, 0, 0
731030, 3991315, 0, 0
732020, 3891948, 0, 0
733013, 4275999, 0, 0
734039, 4215349, 0, 0
735051, 3796212, 0, 0
736021, 3843834, 0, 0
737011, 3875578, 0, 0
738002, 4229096, 0, 0
739001, 4265523, 0, 0
740066, 3784825, 0, 0
741027, 3462765, 0, 0
742019, 3734179, 0, 0
743038, 4239973, 0, 0
744013, 3988718, 0, 0
745035, 3672665, 0, 0
746053, 3761781, 0, 0
747046, 3716537, 0, 0
748056, 4065111, 0, 0
749013, 3851212, 0, 0
750015, 3679472, 0, 0
751020, 3886947, 0, 0
752021, 4505224, 0, 0
753005, 3794153, 0, 0
754044, 3454833, 0, 0
755048, 4323359, 0, 0
756023, 4286230, 0, 0
757047, 3759907, 0, 0
758063, 4264428, 0, 0
759005, 3805553, 0, 0
760000, 3989223, 0, 0
761035, 4202183, 0, 0
762013, 3437297, 0, 0
763025, 3946825, 0, 0
764039, 4018321, 0, 0
765054, 3883381, 0, 0
766040, 4189832, 0, 0
767018, 3938025, 0, 0
768151, 4331469, 0, 0
769021, 3092081, 0, 0
770001, 3704480, 0, 0
771032, 3300101, 0, 0
772034, 4001675, 0, 0
773013, 4089931, 0, 0
774013, 3603477, 0, 0
775024, 3685266, 0, 0
776059, 3477362, 0, 0
777046, 3663596, 0, 0
778025, 4054931, 0, 0
779009, 4180216, 0, 0
780055, 4130239, 0, 0
781055, 3899648, 0, 0
782049, 4034676, 0, 0
783032, 3804331, 0, 0
784026, 3728375, 0, 0
785009, 3635122, 0, 0
786000, 3663641, 0, 0
787057, 3769461, 0, 0
788029, 3732282, 0, 0
789007, 3828775, 0, 0
790050, 3827151, 0, 0
791023, 3858382, 0, 0
792027, 4282133, 0, 0
793026, 4086841, 0, 0
794016, 3530665, 0, 0
795034, 3751864, 0, 0
796000, 4380592, 0, 0
797001, 3519946, 0, 0
798023, 3555415, 0, 0
799027, 3869058, 0, 0
800003, 3948009, 0, 0
801043, 3589745, 0, 0
802001, 3598722, 0, 0
803013, 3977639, 0, 0
804033, 3742694, 0, 0
805004, 4550663, 0, 0
806039, 3732402, 0, 0
807041, 3746761, 0, 0
808032, 3973397, 0, 0
809013, 4065457, 0, 0
810013, 4598274, 0, 0
811150, 4351156, 0, 0
812013, 3213994, 0, 0
813004, 3776710, 0, 0
814049, 3779411, 0, 0
815000, 4240277, 0, 0
816056, 4023861, 0, 0
817045, 4152566, 0, 0
818030, 4081007, 0, 0
819000, 3623489, 0, 0
820064, 4184010, 0, 0
821025, 3490629, 0, 0
822007, 3953137, 0, 0
823036, 4465990, 0, 0
824028, 3794283, 0, 0
825008, 3997213, 0, 0
826000, 3821285, 0, 0
827058, 3813857, 0, 0
828042, 3734814, 0, 0
829006, 3551157, 0, 0
830046, 3817672, 0, 0
831017, 4024709, 0, 0
832057, 3814700, 0, 0
833040, 3607447, 0, 0
834037, 3904926, 0, 0
835037, 3686166, 0, 0
836060, 3737884, 0, 0
837003, 3488808, 0, 0
838018, 3851288, 0, 0
839057, 4270480, 0, 0
840027, 3922198, 0, 0
841027, 3670545, 0, 0
842019, 3448425, 0, 0
843056, 3632908, 0, 0
844002, 3869900, 0, 0
845056, 3496200, 0, 0
846040, 4060273, 0, 0
847007, 3249122, 0, 0
848043, 4024612, 0, 0
849028, 4277175, 0, 0
850035, 3432276, 0, 0
851024, 4012571, 0, 0
852023, 3427668, 0, 0
853041, 3398192, 0, 0
854016, 4465822, 0, 0
855032, 3368541, 0, 0
856056, 4010880, 0, 0
857032, 3455272, 0, 0
858042, 4149760, 0, 0
859006, 4185661, 0, 0
860010, 3898670, 0, 0
861057, 4052797, 0, 0
862023, 3736554, 0, 0
863053, 3557154, 0, 0
864044, 3400914, 0, 0
865006, 3580841, 0, 0
866033, 3487560, 0, 0
867053, 4008782, 0, 0
868033, 3496374, 0, 0
869058, 3833096, 0, 0
870055, 3698239, 0, 0
871010, 3815397, 0, 0
872038, 3960770, 0, 0
873029, 3820727, 0, 0
874001, 3556629, 0, 0
875019, 4214596, 0, 0
876006, 3789772, 0, 0
877036, 3450622, 0, 0
878045, 3759968, 0, 0
879052, 3837628, 0, 0
880037, 3641973, 0, 0
881004, 4075250, 0, 0
882012, 3795423, 0, 0
883061, 3539605, 0, 0
884004, 4481882, 0, 0
885046, 4130450, 0, 0
886028, 3740004, 0, 0
887016, 4011452, 0, 0
888029, 3965918, 0, 0
889012, 3991198, 0, 0
890059, 3517230, 0, 0
891007, 3757493, 0, 0
892014, 3780168, 0, 0
893051, 3892243, 0, 0
894053, 3788305, 0, 0
895030, 4080144, 0, 0
896006, 3962143, 0, 0
897031, 4613066, 0, 0
898026, 4264097, 0, 0
899040, 4014876, 0, 0
900046, 3863458, 0, 0
901029, 3661630, 0, 0
902062, 4393189, 0, 0
903001, 3420411, 0, 0
904007, 3512016, 0, 0
905003, 4192355, 0, 0
906003, 3827959, 0, 0
907028, 4195219, 0, 0
908007, 3502957, 0, 0
909051, 3830818, 0, 0
910017, 4287055, 0, 0
911016, 3973509, 0, 0
912033, 4146336, 0, 0
913004, 4024468, 0, 0
914027, 3925740, 0, 0
915021, 3818391, 0, 0
916012, 4006394, 0, 0
917033, 4027774, 0, 0
918034, 3556836, 0, 0
919011, 3888793, 0, 0
920033, 3820287, 0, 0
921044, 3515296, 0, 0
922058, 4083948, 0, 0
923052, 3986339, 0, 0
924054, 3734640, 0, 0
925051, 3726424, 0, 0
926010, 3989412, 0, 0
927011, 3702503, 0, 0
928014, 4072132, 0, 0
929060, 4208929, 0, 0
930045, 3800184, 0, 0
931066, 3887832, 0, 0
932044, 3286759, 0, 0
933024, 4148255, 0, 0
934009, 4097228, 0, 0
935049, 4040666, 0, 0
936039, 3907859, 0, 0
937012, 3825823, 0, 0
938036, 3828375, 0, 0
939016, 3837713, 0, 0
940026, 3922459, 0, 0
941059, 3996899, 0, 0
942022, 4476030, 0, 0
943011, 4163546, 0, 0
944049, 4081645, 0, 0
945023, 3471103, 0, 0
946009, 3894252, 0, 0
947043, 4013985, 0, 0
948038, 3722199, 0, 0
949042, 3713112, 0, 0
950061, 3840036, 0, 0
951031, 4171633, 0, 0
952044, 4341026, 0, 0
953041, 3982168, 0, 0
954025, 3932038, 0, 0
955041, 3609692, 0, 0
956003, 3736543, 0, 0
957042, 3229171, 0, 0
958022, 3372914, 0, 0
959031, 3624969, 0, 0
960036, 3715826, 0, 0
961016, 4109458, 0, 0
962058, 4248491, 0, 0
963002, 4302308, 0, 0
964013, 4007839, 0, 0
965000, 3702186, 0, 0
966041, 3536494, 0, 0
967004, 4075985, 0, 0
968009, 3800803, 0, 0
969051, 4062721, 0, 0
970043, 4380232, 0, 0
971054, 3671158, 0, 0
972035, 3643070, 0, 0
973034, 3535721, 0, 0
974017, 3941428, 0, 0
975005, 3424684, 0, 0
976002, 3995996, 0, 0
977008, 3925255, 0, 0
978048, 3948126, 0, 0
979034, 3983696, 0, 0
980046, 4073562, 0, 0
981051, 3816306, 0, 0
982009, 3721160, 0, 0
983000, 3375289, 0, 0
984055, 4214397, 0, 0
985002, 3709288, 0, 0
986028, 3594817, 0, 0
987063, 4150441, 0, 0
988032, 3693378, 0, 0
989041, 3950709, 0, 0
990019, 3587217, 0, 0
991035, 3316192, 0, 0
992061, 3998953, 0, 0
993020, 3710742, 0, 0
994043, 4256863, 0, 0
995028, 3683892, 0, 0
996036, 3621036, 0, 0
997015, 4054783, 0, 0
998009, 3844953, 0, 0
999018, 3718548, 0, 0
1000026, 3977621, 0, 0
1001024, 3893077, 0, 0
1002035, 3695334, 0, 0
1003059, 3717671, 0, 0
1004051, 3603453, 0, 0
1005056, 3620448, 0, 0
1006053, 3872196, 0, 0
1007005, 3347618, 0, 0
1008002, 3659152, 0, 0
1009013, 4021771, 0, 0
1010046, 3554510, 0, 0
1011056, 3793320, 0, 0
1012027, 3741706, 0, 0
1013039, 4074616, 0, 0
1014050, 4354182, 0, 0
1015004, 3761104, 0, 0
1016015, 3915885, 0, 0
1017005, 3816562, 0, 0
1018008, 4155157, 0, 0
1019008, 4434863, 0, 0
1020018, 3564844, 0, 0
1021005, 4212234, 0, 0
1022056, 3787334, 0, 0
1023066, 3820964, 0, 0
1024057, 3581723, 0, 0
1025003, 4256933, 0, 0
1026009, 4049473, 0, 0
1027057, 3791565, 0, 0
1028004, 4182026, 0, 0
1029056, 3725592, 0, 0
1030016, 4094840, 0, 0
1031012, 3798327, 0, 0
1032011, 3611328, 0, 0
1033078, 4312333, 0, 0
1034031, 4212494, 0, 0
1035009, 3537266, 0, 0
1036026, 4011938, 0, 0
1037046, 4124816, 0, 0
1038054, 3901625, 0, 0
1039036, 3617151, 0, 0
1040020, 3897454, 0, 0
1041050, 3547244, 0, 0
1042055, 4096103, 0, 0
1043020, 3912552, 0, 0
1044056, 3833449, 0, 0
1045028, 3819807, 0, 0
1046059, 3729807, 0, 0
1047046, 4267543, 0, 0
1048024, 3904592, 0, 0
1049046, 3894377, 0, 0
1050009, 4126448, 0, 0
1051045, 3457800, 0, 0
1052015, 4089005, 0, 0
1053055, 3542826, 0, 0
1054048, 3713931, 0, 0
1055056, 3977925, 0, 0
1056031, 3500701, 0, 0
1057050, 3685341, 0, 0
1058044, 3772442, 0, 0
1059094, 3954602, 0, 0
1060052, 3812320, 0, 0
1061046, 3729773, 0, 0
1062011, 3747394, 0, 0
1063007, 4251546, 0, 0
1064001, 3716998, 0, 0
1065019, 3656762, 0, 0
1066003, 3457955, 0, 0
1067046, 3914607, 0, 0
1068129, 4584757, 0, 0
1069060, 3305135, 0, 0
1070053, 4149408, 0, 0
1071037, 3679751, 0, 0
1072010, 3650500, 0, 0
1073053, 4053426, 0, 0
1074051, 3731545, 0, 0
1075007, 4207338, 0, 0
1076051, 3762658, 0, 0
1077019, 3802893, 0, 0
1078034, 4069503, 0, 0
1079031, 3688810, 0, 0
1080018, 3479057, 0, 0
1081043, 3655891, 0, 0
1082050, 3441380, 0, 0
1083047, 3997398, 0, 0
1084030, 3717734, 0, 0
1085023, 3952464, 0, 0
1086047, 4057335, 0, 0
1087004, 3410487, 0, 0
1088019, 3975203, 0, 0
1089049, 4097685, 0, 0
1090030, 4494403, 0, 0
1091050, 3673528, 0, 0
1092048, 4490429, 0, 0
1093039, 3749026, 0, 0
1094013, 4652461, 0, 0
1095054, 3657112, 0, 0
1096062, 4233150, 0, 0
1097047, 4294026, 0, 0
1098036, 4014794, 0, 0
1099015, 3972241, 0, 0
1100013, 3846630, 0, 0
1101007, 4036404, 0, 0
1102040, 3891488, 0, 0
1103038, 4611542, 0, 0
1104051, 3787287, 0, 0
1105018, 3537936, 0, 0
1106036, 3695405, 0, 0
1107005, 4356594, 0, 0
1108037, 4106725, 0, 0
1109024, 3677541, 0, 0
1110033, 4322106, 0, 0
1111061, 3874765, 0, 0
1112059, 4276654, 0, 0
1113054, 3792619, 0, 0
1114040, 3968579, 0, 0
1115032, 3866126, 0, 0
1116000, 3475559, 0, 0
1117060, 3979200, 0, 0
1118047, 3807764, 0, 0
1119005, 3649391, 0, 0
1120004, 3836812, 0, 0
1121074, 4155554, 0, 0
1122055, 4045818, 0, 0
1123045, 3817127, 0, 0
1124000, 4126599, 0, 0
1125057, 4109536, 0, 0
1126065, 4009917, 0, 0
1127014, 4012365, 0, 0
1128053, 3733589, 0, 0
1129002, 4099133, 0, 0
1130004, 3955209, 0, 0
1131021, 3232985, 0, 0
1132011, 3756783, 0, 0
1133032, 3681224, 0, 0
1134009, 4259172, 0, 0
1135055, 3770867, 0, 0
1136039, 3806186, 0, 0
1137038, 4024162, 0, 0
1138033, 3894984, 0, 0
1139046, 3996768, 0, 0
1140026, 4199608, 0, 0
1141030, 3915078, 0, 0
1142018, 4233607, 0, 0
1143058, 3891871, 0, 0
1144048, 3701612, 0, 0
1145029, 3994708, 0, 0
1146059, 3610760, 0, 0
1147021, 3933064, 0, 0
1148022, 3998157, 0, 0
1149019, 3798799, 0, 0
1150051, 3518072, 0, 0
1151044, 3540887, 0, 0
1152060, 4122786, 0, 0
1153035, 3672522, 0, 0
1154043, 3594060, 0, 0
1155000, 3604598, 0, 0
1156052, 3979985, 0, 0
1157023, 4142909, 0, 0
1158000, 3695755, 0, 0
1159016, 4157933, 0, 0
1160052, 3976944, 0, 0
1161026, 4504933, 0, 0
1162028, 4130901, 0, 0
1163020, 4130906, 0, 0
1164043, 3389362, 0, 0
1165024, 4066045, 0, 0
1166018, 4170735, 0, 0
1167017, 3474468, 0, 0
1168002, 4030792, 0, 0
1169029, 4117356, 0, 0
1170067, 3865591, 0, 0
1171025, 4786899, 0, 0
1172018, 3980357, 0, 0
1173039, 4000741, 0, 0
1174000, 4245008, 0, 0
1175047, 3654059, 0, 0
1176019, 3568886, 0, 0
1177017, 3859730, 0, 0
1178035, 3445533, 0, 0
1179066, 3664748, 0, 0
1180049, 3716118, 0, 0
1181038, 4044659, 0, 0
1182028, 3846189, 0, 0
1183008, 4183844, 0, 0
1184017, 3718249, 0, 0
1185016, 3679747, 0, 0
1186054, 3852432, 0, 0
1187042, 3694218, 0, 0
1188001, 3724723, 0, 0
1189056, 4351949, 0, 0
1190049, 3997742, 0, 0
1191005, 3658986, 0, 0
1192045, 3516693, 0, 0
1193017, 4045129, 0, 0
1194000, 4006576, 0, 0
1195056, 4231854, 0, 0
1196000, 3910351, 0, 0
1197019, 3901343, 0, 0
1198029, 3499258, 0, 0
1199014, 4149459, 0, 0
1200007, 4081515, 0, 0
