999, 81, 0, 0
2000, 129, 0, 0
2999, 128, 0, 0
3999, 136, 0, 0
5000, 128, 0, 0
6000, 136, 0, 0
6999, 128, 0, 0
7999, 120, 0, 0
9000, 124, 0, 0
9999, 134, 0, 0
10999, 130, 0, 0
12000, 128, 0, 0
12999, 138, 0, 0
14000, 128, 0, 0
15000, 129, 0, 0
15999, 129, 0, 0
17000, 136, 0, 0
17999, 121, 0, 0
18999, 146, 0, 0
20000, 123, 0, 0
20999, 132, 0, 0
21999, 137, 0, 0
23000, 135, 0, 0
23999, 129, 0, 0
24999, 131, 0, 0
26000, 130, 0, 0
26999, 126, 0, 0
27999, 131, 0, 0
29000, 130, 0, 0
29999, 123, 0, 0
30999, 144, 0, 0
32000, 132, 0, 0
32999, 135, 0, 0
33999, 133, 0, 0
35000, 133, 0, 0
35999, 123, 0, 0
36999, 136, 0, 0
38000, 132, 0, 0
38999, 133, 0, 0
39999, 141, 0, 0
41000, 131, 0, 0
42000, 138, 0, 0
42999, 132, 0, 0
44000, 130, 0, 0
45000, 133, 0, 0
45999, 121, 0, 0
47000, 139, 0, 0
47999, 130, 0, 0
49000, 143, 0, 0
50000, 135, 0, 0
50999, 133, 0, 0
52000, 131, 0, 0
52999, 135, 0, 0
53999, 138, 0, 0
55000, 140, 0, 0
55999, 134, 0, 0
56999, 132, 0, 0
58000, 147, 0, 0
58999, 146, 0, 0
60000, 135, 0, 0
61000, 134, 0, 0
61999, 130, 0, 0
63000, 131, 0, 0
63999, 135, 0, 0
65000, 135, 0, 0
66000, 145, 0, 0
66999, 142, 0, 0
68000, 146, 0, 0
69000, 131, 0, 0
69999, 145, 0, 0
71000, 129, 0, 0
72000, 143, 0, 0
72999, 139, 0, 0
73999, 136, 0, 0
75000, 136, 0, 0
76000, 143, 0, 0
76999, 133, 0, 0
78000, 134, 0, 0
79000, 138, 0, 0
79999, 131, 0, 0
80999, 140, 0, 0
82000, 136, 0, 0
82999, 130, 0, 0
83999, 139, 0, 0
85000, 132, 0, 0
86000, 132, 0, 0
86999, 147, 0, 0
88000, 138, 0, 0
89000, 142, 0, 0
89999, 130, 0, 0
91000, 133, 0, 0
92000, 146, 0, 0
92999, 145, 0, 0
94000, 134, 0, 0
94999, 151, 0, 0
95999, 126, 0, 0
97000, 135, 0, 0
97999, 144, 0, 0
99000, 128, 0, 0
100000, 144, 0, 0
100999, 131, 0, 0
102000, 146, 0, 0
103000, 135, 0, 0
103999, 145, 0, 0
105000, 137, 0, 0
106000, 145, 0, 0
106999, 135, 0, 0
108000, 137, 0, 0
109000, 154, 0, 0
109999, 129, 0, 0
111000, 147, 0, 0
112000, 154, 0, 0
112999, 135, 0, 0
114000, 147, 0, 0
114999, 137, 0, 0
115999, 147, 0, 0
117000, 140, 0, 0
117999, 154, 0, 0
118999, 139, 0, 0
120000, 143, 0, 0
120999, 158, 0, 0
121999, 136, 0, 0
123000, 139, 0, 0
123999, 150, 0, 0
124999, 148, 0, 0
126000, 150, 0, 0
126999, 139, 0, 0
127999, 151, 0, 0
129000, 151, 0, 0
129999, 143, 0, 0
131000, 145, 0, 0
132000, 158, 0, 0
132999, 144, 0, 0
134000, 158, 0, 0
135000, 144, 0, 0
135999, 153, 0, 0
137000, 150, 0, 0
138000, 142, 0, 0
138999, 144, 0, 0
140000, 141, 0, 0
140999, 141, 0, 0
141999, 143, 0, 0
143000, 147, 0, 0
144000, 153, 0, 0
144999, 139, 0, 0
146000, 141, 0, 0
147000, 142, 0, 0
147999, 139, 0, 0
149000, 150, 0, 0
150000, 156, 0, 0
150999, 147, 0, 0
152000, 144, 0, 0
153000, 146, 0, 0
153999, 157, 0, 0
155000, 151, 0, 0
155999, 137, 0, 0
156999, 159, 0, 0
158000, 144, 0, 0
158999, 135, 0, 0
159999, 141, 0, 0
161000, 159, 0, 0
161999, 158, 0, 0
163000, 143, 0, 0
164000, 147, 0, 0
164999, 143, 0, 0
166000, 156, 0, 0
167000, 153, 0, 0
167999, 147, 0, 0
169000, 150, 0, 0
170000, 139, 0, 0
170999, 140, 0, 0
172000, 144, 0, 0
173000, 158, 0, 0
173999, 153, 0, 0
175000, 144, 0, 0
176000, 142, 0, 0
176999, 140, 0, 0
177999, 142, 0, 0
179000, 157, 0, 0
179999, 149, 0, 0
180999, 149, 0, 0
182000, 151, 0, 0
182999, 142, 0, 0
183999, 152, 0, 0
185000, 157, 0, 0
185999, 151, 0, 0
187000, 143, 0, 0
188000, 140, 0, 0
188999, 156, 0, 0
190000, 149, 0, 0
191000, 160, 0, 0
191999, 139, 0, 0
193000, 157, 0, 0
193999, 152, 0, 0
194999, 156, 0, 0
196000, 152, 0, 0
196999, 158, 0, 0
197999, 145, 0, 0
199000, 148, 0, 0
199999, 155, 0, 0
200999, 165, 0, 0
202000, 151, 0, 0
203000, 155, 0, 0
203999, 145, 0, 0
205000, 151, 0, 0
205999, 153, 0, 0
206999, 162, 0, 0
208000, 159, 0, 0
209000, 168, 0, 0
209999, 154, 0, 0
211000, 141, 0, 0
211999, 144, 0, 0
213000, 153, 0, 0
214000, 155, 0, 0
214999, 152, 0, 0
216000, 146, 0, 0
217000, 156, 0, 0
217999, 149, 0, 0
219000, 146, 0, 0
220000, 163, 0, 0
220999, 151, 0, 0
222000, 162, 0, 0
223000, 152, 0, 0
223999, 161, 0, 0
225000, 157, 0, 0
226000, 161, 0, 0
226999, 153, 0, 0
228000, 156, 0, 0
229000, 156, 0, 0
229999, 160, 0, 0
231000, 177, 0, 0
232000, 154, 0, 0
232999, 157, 0, 0
234000, 155, 0, 0
235000, 151, 0, 0
235999, 160, 0, 0
237000, 156, 0, 0
237999, 159, 0, 0
238999, 177, 0, 0
240000, 151, 0, 0
240999, 152, 0, 0
241999, 167, 0, 0
243000, 149, 0, 0
243999, 169, 0, 0
245000, 148, 0, 0
246000, 155, 0, 0
246999, 163, 0, 0
248000, 158, 0, 0
249000, 164, 0, 0
249999, 151, 0, 0
251000, 155, 0, 0
251999, 162, 0, 0
253000, 172, 0, 0
254000, 167, 0, 0
254999, 167, 0, 0
255999, 161, 0, 0
257000, 158, 0, 0
257999, 164, 0, 0
259000, 151, 0, 0
260000, 180, 0, 0
260999, 170, 0, 0
262000, 166, 0, 0
263000, 148, 0, 0
263999, 150, 0, 0
265000, 161, 0, 0
266000, 175, 0, 0
266999, 162, 0, 0
268000, 157, 0, 0
268999, 159, 0, 0
269999, 175, 0, 0
271000, 171, 0, 0
271999, 163, 0, 0
273000, 161, 0, 0
274000, 164, 0, 0
274999, 146, 0, 0
276000, 161, 0, 0
277000, 164, 0, 0
277999, 173, 0, 0
279000, 162, 0, 0
279999, 163, 0, 0
280999, 157, 0, 0
281999, 166, 0, 0
283000, 185, 0, 0
283999, 170, 0, 0
284999, 175, 0, 0
286000, 165, 0, 0
286999, 169, 0, 0
287999, 141, 0, 0
289000, 202, 0, 0
290000, 171, 0, 0
290999, 170, 0, 0
292000, 168, 0, 0
293000, 157, 0, 0
293999, 157, 0, 0
295000, 156, 0, 0
296000, 157, 0, 0
296999, 169, 0, 0
298000, 184, 0, 0
299000, 178, 0, 0
299999, 171, 0, 0
301000, 160, 0, 0
301999, 184, 0, 0
302999, 167, 0, 0
304000, 162, 0, 0
304999, 168, 0, 0
305999, 169, 0, 0
307000, 179, 0, 0
307999, 172, 0, 0
308999, 153, 0, 0
310000, 185, 0, 0
311000, 175, 0, 0
311999, 165, 0, 0
313000, 175, 0, 0
313999, 165, 0, 0
314999, 174, 0, 0
316000, 176, 0, 0
316999, 164, 0, 0
318000, 167, 0, 0
319000, 166, 0, 0
319999, 164, 0, 0
321000, 184, 0, 0
322000, 174, 0, 0
322999, 175, 0, 0
323999, 166, 0, 0
325000, 161, 0, 0
325999, 163, 0, 0
327000, 166, 0, 0
328000, 164, 0, 0
328999, 166, 0, 0
330000, 180, 0, 0
331000, 167, 0, 0
331999, 183, 0, 0
333000, 165, 0, 0
333999, 176, 0, 0
334999, 156, 0, 0
336000, 171, 0, 0
336999, 170, 0, 0
338000, 145, 0, 0
339000, 169, 0, 0
339999, 187, 0, 0
341000, 170, 0, 0
341999, 171, 0, 0
343000, 178, 0, 0
344000, 164, 0, 0
344999, 158, 0, 0
346000, 185, 0, 0
346999, 204, 0, 0
347999, 182, 0, 0
349000, 175, 0, 0
349999, 180, 0, 0
351000, 178, 0, 0
352000, 191, 0, 0
352999, 172, 0, 0
354000, 184, 0, 0
354999, 183, 0, 0
355999, 172, 0, 0
357000, 162, 0, 0
357999, 182, 0, 0
358999, 189, 0, 0
360000, 167, 0, 0
360999, 191, 0, 0
362000, 183, 0, 0
362999, 171, 0, 0
363999, 173, 0, 0
365000, 187, 0, 0
365999, 173, 0, 0
367000, 184, 0, 0
368000, 173, 0, 0
368999, 176, 0, 0
370000, 188, 0, 0
371000, 175, 0, 0
371999, 180, 0, 0
373000, 173, 0, 0
374000, 181, 0, 0
374999, 193, 0, 0
376000, 176, 0, 0
376999, 176, 0, 0
378000, 168, 0, 0
379000, 187, 0, 0
379999, 177, 0, 0
381000, 194, 0, 0
382000, 189, 0, 0
382999, 162, 0, 0
384000, 182, 0, 0
384999, 204, 0, 0
385999, 162, 0, 0
387000, 202, 0, 0
387999, 185, 0, 0
389000, 181, 0, 0
389999, 174, 0, 0
390999, 180, 0, 0
392000, 195, 0, 0
392999, 192, 0, 0
393999, 203, 0, 0
395000, 175, 0, 0
395999, 177, 0, 0
397000, 192, 0, 0
398000, 194, 0, 0
398999, 181, 0, 0
400000, 155, 0, 0
400999, 174, 0, 0
401999, 202, 0, 0
403000, 170, 0, 0
403999, 163, 0, 0
404999, 180, 0, 0
406000, 180, 0, 0
406999, 187, 0, 0
408000, 182, 0, 0
409000, 170, 0, 0
409999, 160, 0, 0
411000, 204, 0, 0
412000, 188, 0, 0
412999, 142, 0, 0
414000, 146, 0, 0
415000, 190, 0, 0
415999, 169, 0, 0
417000, 191, 0, 0
417999, 177, 0, 0
419000, 189, 0, 0
420000, 191, 0, 0
420999, 193, 0, 0
422000, 206, 0, 0
423000, 165, 0, 0
423999, 187, 0, 0
425000, 191, 0, 0
425999, 178, 0, 0
426999, 188, 0, 0
428000, 183, 0, 0
428999, 177, 0, 0
430000, 189, 0, 0
431000, 209, 0, 0
431999, 223, 0, 0
433000, 213, 0, 0
434000, 182, 0, 0
434999, 195, 0, 0
436000, 206, 0, 0
436999, 191, 0, 0
438000, 186, 0, 0
439000, 193, 0, 0
439999, 175, 0, 0
441000, 199, 0, 0
442000, 195, 0, 0
442999, 168, 0, 0
444000, 214, 0, 0
444999, 189, 0, 0
446000, 191, 0, 0
447000, 205, 0, 0
447999, 191, 0, 0
449000, 184, 0, 0
450000, 188, 0, 0
450999, 209, 0, 0
452000, 192, 0, 0
453000, 201, 0, 0
453999, 195, 0, 0
454999, 180, 0, 0
456000, 174, 0, 0
456999, 222, 0, 0
457999, 210, 0, 0
459000, 176, 0, 0
459999, 197, 0, 0
460999, 210, 0, 0
462000, 195, 0, 0
463000, 185, 0, 0
463999, 200, 0, 0
465000, 225, 0, 0
466000, 193, 0, 0
466999, 208, 0, 0
468000, 179, 0, 0
469000, 181, 0, 0
469999, 203, 0, 0
471000, 214, 0, 0
472000, 187, 0, 0
472999, 221, 0, 0
474000, 215, 0, 0
475000, 200, 0, 0
475999, 238, 0, 0
477000, 202, 0, 0
478000, 194, 0, 0
478999, 209, 0, 0
480000, 236, 0, 0
480999, 191, 0, 0
481999, 211, 0, 0
483000, 216, 0, 0
484000, 192, 0, 0
484999, 210, 0, 0
486000, 223, 0, 0
486999, 201, 0, 0
487999, 216, 0, 0
489000, 208, 0, 0
489999, 192, 0, 0
490999, 203, 0, 0
492000, 181, 0, 0
492999, 227, 0, 0
494000, 200, 0, 0
495000, 186, 0, 0
495999, 207, 0, 0
497000, 218, 0, 0
498000, 186, 0, 0
498999, 183, 0, 0
500000, 214, 0, 0
500999, 221, 0, 0
501999, 172, 0, 0
503000, 223, 0, 0
503999, 197, 0, 0
504999, 209, 0, 0
506000, 220, 0, 0
506999, 218, 0, 0
507999, 188, 0, 0
509000, 210, 0, 0
509999, 206, 0, 0
511000, 201, 0, 0
512000, 210, 0, 0
512999, 211, 0, 0
514000, 221, 0, 0
514999, 201, 0, 0
515999, 216, 0, 0
517000, 197, 0, 0
517999, 217, 0, 0
519000, 207, 0, 0
520000, 201, 0, 0
520999, 224, 0, 0
522000, 211, 0, 0
523000, 222, 0, 0
523999, 185, 0, 0
525000, 210, 0, 0
526000, 216, 0, 0
526999, 212, 0, 0
528000, 230, 0, 0
528999, 192, 0, 0
529999, 247, 0, 0
531000, 236, 0, 0
531999, 191, 0, 0
533000, 249, 0, 0
534000, 225, 0, 0
534999, 229, 0, 0
536000, 210, 0, 0
537000, 222, 0, 0
537999, 213, 0, 0
539000, 194, 0, 0
540000, 257, 0, 0
540999, 235, 0, 0
542000, 232, 0, 0
542999, 201, 0, 0
543999, 219, 0, 0
545000, 205, 0, 0
545999, 170, 0, 0
546999, 219, 0, 0
548000, 223, 0, 0
548999, 202, 0, 0
550000, 224, 0, 0
551000, 222, 0, 0
551999, 218, 0, 0
553000, 210, 0, 0
554000, 198, 0, 0
554999, 223, 0, 0
556000, 233, 0, 0
556999, 221, 0, 0
557999, 219, 0, 0
559000, 246, 0, 0
559999, 246, 0, 0
560999, 241, 0, 0
562000, 216, 0, 0
562999, 215, 0, 0
564000, 235, 0, 0
565000, 234, 0, 0
565999, 191, 0, 0
567000, 224, 0, 0
568000, 232, 0, 0
568999, 235, 0, 0
569999, 220, 0, 0
571000, 229, 0, 0
571999, 277, 0, 0
572999, 231, 0, 0
574000, 231, 0, 0
575000, 228, 0, 0
575999, 262, 0, 0
576999, 257, 0, 0
578000, 221, 0, 0
578999, 218, 0, 0
579999, 223, 0, 0
581000, 231, 0, 0
582000, 229, 0, 0
582999, 224, 0, 0
584000, 236, 0, 0
585000, 237, 0, 0
585999, 217, 0, 0
587000, 220, 0, 0
588000, 226, 0, 0
588999, 236, 0, 0
589999, 237, 0, 0
591000, 257, 0, 0
592000, 224, 0, 0
592999, 230, 0, 0
593999, 225, 0, 0
595000, 228, 0, 0
595999, 236, 0, 0
596999, 222, 0, 0
598000, 247, 0, 0
598999, 224, 0, 0
599999, 217, 0, 0
601000, 264, 0, 0
601999, 235, 0, 0
602999, 235, 0, 0
604000, 240, 0, 0
604999, 250, 0, 0
606000, 216, 0, 0
607000, 230, 0, 0
607999, 237, 0, 0
609000, 242, 0, 0
610000, 246, 0, 0
610999, 260, 0, 0
612000, 230, 0, 0
613000, 247, 0, 0
613999, 219, 0, 0
615000, 236, 0, 0
615999, 237, 0, 0
616999, 242, 0, 0
618000, 239, 0, 0
618999, 208, 0, 0
620000, 249, 0, 0
621000, 211, 0, 0
621999, 229, 0, 0
623000, 278, 0, 0
624000, 263, 0, 0
624999, 260, 0, 0
626000, 267, 0, 0
627000, 262, 0, 0
627999, 256, 0, 0
629000, 277, 0, 0
629999, 256, 0, 0
630999, 260, 0, 0
632000, 261, 0, 0
632999, 222, 0, 0
633999, 259, 0, 0
635000, 271, 0, 0
635999, 238, 0, 0
636999, 241, 0, 0
638000, 260, 0, 0
638999, 253, 0, 0
640000, 237, 0, 0
641000, 232, 0, 0
641999, 275, 0, 0
643000, 223, 0, 0
644000, 244, 0, 0
644999, 272, 0, 0
646000, 301, 0, 0
647000, 273, 0, 0
647999, 261, 0, 0
649000, 245, 0, 0
650000, 252, 0, 0
650999, 269, 0, 0
652000, 272, 0, 0
652999, 258, 0, 0
653999, 288, 0, 0
655000, 274, 0, 0
655999, 278, 0, 0
656999, 249, 0, 0
658000, 251, 0, 0
658999, 238, 0, 0
659999, 274, 0, 0
661000, 240, 0, 0
661999, 293, 0, 0
663000, 220, 0, 0
664000, 234, 0, 0
664999, 265, 0, 0
666000, 221, 0, 0
666999, 278, 0, 0
667999, 279, 0, 0
669000, 256, 0, 0
669999, 267, 0, 0
670999, 305, 0, 0
672000, 244, 0, 0
672999, 274, 0, 0
673999, 262, 0, 0
675000, 263, 0, 0
675999, 257, 0, 0
676999, 240, 0, 0
678000, 255, 0, 0
678999, 245, 0, 0
679999, 270, 0, 0
681000, 274, 0, 0
681999, 254, 0, 0
682999, 247, 0, 0
684000, 267, 0, 0
684999, 240, 0, 0
686000, 265, 0, 0
687000, 259, 0, 0
687999, 253, 0, 0
689000, 297, 0, 0
689999, 196, 0, 0
690999, 270, 0, 0
692000, 231, 0, 0
692999, 291, 0, 0
693999, 236, 0, 0
695000, 259, 0, 0
695999, 264, 0, 0
697000, 259, 0, 0
698000, 272, 0, 0
698999, 272, 0, 0
700000, 232, 0, 0
701000, 279, 0, 0
701999, 245, 0, 0
703000, 247, 0, 0
703999, 237, 0, 0
705000, 238, 0, 0
706000, 286, 0, 0
706999, 253, 0, 0
708000, 247, 0, 0
708999, 236, 0, 0
709999, 263, 0, 0
711000, 271, 0, 0
711999, 262, 0, 0
712999, 244, 0, 0
714000, 259, 0, 0
714999, 251, 0, 0
715999, 245, 0, 0
717000, 229, 0, 0
717999, 255, 0, 0
719000, 263, 0, 0
719999, 239, 0, 0
720999, 273, 0, 0
722000, 281, 0, 0
722999, 278, 0, 0
724000, 264, 0, 0
725000, 242, 0, 0
725999, 258, 0, 0
727000, 245, 0, 0
728000, 262, 0, 0
728999, 305, 0, 0
730000, 280, 0, 0
731000, 254, 0, 0
731999, 254, 0, 0
733000, 232, 0, 0
733999, 243, 0, 0
734999, 266, 0, 0
736000, 252, 0, 0
736999, 255, 0, 0
738000, 234, 0, 0
739000, 234, 0, 0
739999, 281, 0, 0
740999, 277, 0, 0
742000, 265, 0, 0
742999, 240, 0, 0
743999, 244, 0, 0
745000, 278, 0, 0
745999, 255, 0, 0
746999, 282, 0, 0
748000, 248, 0, 0
748999, 248, 0, 0
749999, 272, 0, 0
751000, 258, 0, 0
751999, 222, 0, 0
752999, 259, 0, 0
754000, 300, 0, 0
754999, 232, 0, 0
756000, 227, 0, 0
757000, 272, 0, 0
757999, 238, 0, 0
759000, 247, 0, 0
760000, 260, 0, 0
760999, 235, 0, 0
762000, 284, 0, 0
763001, 255, 0, 0
763999, 252, 0, 0
765000, 261, 0, 0
766000, 235, 0, 0
767000, 248, 0, 0
768000, 261, 0, 0
769000, 281, 0, 0
770000, 264, 0, 0
771000, 312, 0, 0
772000, 250, 0, 0
773000, 239, 0, 0
774000, 277, 0, 0
775000, 274, 0, 0
776000, 297, 0, 0
777000, 269, 0, 0
778000, 241, 0, 0
779000, 235, 0, 0
780000, 253, 0, 0
781000, 256, 0, 0
782000, 246, 0, 0
783000, 258, 0, 0
784000, 266, 0, 0
785000, 270, 0, 0
786000, 290, 0, 0
787000, 260, 0, 0
788000, 260, 0, 0
789000, 255, 0, 0
790001, 271, 0, 0
791000, 252, 0, 0
791999, 234, 0, 0
792999, 244, 0, 0
794000, 280, 0, 0
795000, 271, 0, 0
796000, 234, 0, 0
797000, 270, 0, 0
798000, 287, 0, 0
799000, 259, 0, 0
800000, 247, 0, 0
801000, 289, 0, 0
802000, 266, 0, 0
803000, 254, 0, 0
804000, 272, 0, 0
805001, 212, 0, 0
806000, 277, 0, 0
807000, 267, 0, 0
808000, 249, 0, 0
809000, 241, 0, 0
810000, 217, 0, 0
811000, 261, 0, 0
812000, 268, 0, 0
813000, 262, 0, 0
814000, 276, 0, 0
815000, 240, 0, 0
816001, 245, 0, 0
817000, 238, 0, 0
818000, 241, 0, 0
819000, 277, 0, 0
820000, 244, 0, 0
821000, 275, 0, 0
822000, 248, 0, 0
823000, 230, 0, 0
824000, 261, 0, 0
825000, 245, 0, 0
826000, 274, 0, 0
827000, 262, 0, 0
828000, 263, 0, 0
829000, 271, 0, 0
830000, 272, 0, 0
831000, 241, 0, 0
832000, 272, 0, 0
833000, 272, 0, 0
833999, 255, 0, 0
834999, 271, 0, 0
836000, 273, 0, 0
836999, 270, 0, 0
837999, 263, 0, 0
838999, 243, 0, 0
839999, 247, 0, 0
840998, 272, 0, 0
841998, 287, 0, 0
842999, 285, 0, 0
843998, 244, 0, 0
844998, 301, 0, 0
845997, 242, 0, 0
846998, 297, 0, 0
847998, 257, 0, 0
848997, 230, 0, 0
849997, 293, 0, 0
850997, 246, 0, 0
851997, 291, 0, 0
852997, 299, 0, 0
853996, 218, 0, 0
854997, 301, 0, 0
855996, 247, 0, 0
856996, 291, 0, 0
857996, 243, 0, 0
858996, 230, 0, 0
859996, 258, 0, 0
860995, 259, 0, 0
861996, 259, 0, 0
862995, 275, 0, 0
863995, 307, 0, 0
864995, 269, 0, 0
865994, 295, 0, 0
866995, 255, 0, 0
867994, 281, 0, 0
868995, 268, 0, 0
869995, 250, 0, 0
870994, 271, 0, 0
871994, 260, 0, 0
872994, 260, 0, 0
873994, 274, 0, 0
874994, 242, 0, 0
875993, 261, 0, 0
876994, 299, 0, 0
877993, 269, 0, 0
878993, 263, 0, 0
879992, 272, 0, 0
880993, 238, 0, 0
881993, 266, 0, 0
882992, 279, 0, 0
883992, 230, 0, 0
884992, 254, 0, 0
885992, 264, 0, 0
886992, 247, 0, 0
887991, 257, 0, 0
888992, 247, 0, 0
889991, 282, 0, 0
890991, 271, 0, 0
891992, 268, 0, 0
892991, 249, 0, 0
893991, 285, 0, 0
895000, 239, 0, 0
895991, 248, 0, 0
896991, 224, 0, 0
898000, 233, 0, 0
899000, 252, 0, 0
899999, 260, 0, 0
901000, 268, 0, 0
901999, 235, 0, 0
902999, 274, 0, 0
904000, 286, 0, 0
904999, 237, 0, 0
905999, 261, 0, 0
907000, 244, 0, 0
907999, 279, 0, 0
909000, 272, 0, 0
910000, 225, 0, 0
910999, 251, 0, 0
912000, 245, 0, 0
913000, 241, 0, 0
913999, 260, 0, 0
915000, 260, 0, 0
915999, 247, 0, 0
916999, 253, 0, 0
918000, 281, 0, 0
918999, 251, 0, 0
919999, 267, 0, 0
921000, 287, 0, 0
921999, 248, 0, 0
922999, 249, 0, 0
924000, 268, 0, 0
924999, 267, 0, 0
926000, 240, 0, 0
927000, 270, 0, 0
927999, 246, 0, 0
929000, 248, 0, 0
930000, 259, 0, 0
930999, 262, 0, 0
932000, 297, 0, 0
932999, 236, 0, 0
933999, 240, 0, 0
935000, 257, 0, 0
935999, 253, 0, 0
936999, 254, 0, 0
938000, 267, 0, 0
938999, 255, 0, 0
940000, 257, 0, 0
941000, 258, 0, 0
941999, 215, 0, 0
943000, 237, 0, 0
943999, 254, 0, 0
944999, 280, 0, 0
946000, 253, 0, 0
946999, 257, 0, 0
947999, 267, 0, 0
949000, 270, 0, 0
949999, 265, 0, 0
951000, 232, 0, 0
952000, 233, 0, 0
952999, 250, 0, 0
953999, 250, 0, 0
955000, 281, 0, 0
955999, 257, 0, 0
957000, 321, 0, 0
958000, 290, 0, 0
958999, 278, 0, 0
960000, 270, 0, 0
960999, 238, 0, 0
962000, 245, 0, 0
963000, 219, 0, 0
963999, 252, 0, 0
965000, 272, 0, 0
966000, 288, 0, 0
966999, 236, 0, 0
968000, 264, 0, 0
968999, 256, 0, 0
970000, 226, 0, 0
971000, 275, 0, 0
971999, 269, 0, 0
973000, 282, 0, 0
974000, 249, 0, 0
974999, 288, 0, 0
976000, 249, 0, 0
976999, 256, 0, 0
977999, 263, 0, 0
979000, 247, 0, 0
979999, 248, 0, 0
981000, 263, 0, 0
982000, 257, 0, 0
982999, 287, 0, 0
984000, 256, 0, 0
985000, 255, 0, 0
985999, 285, 0, 0
987000, 249, 0, 0
987999, 262, 0, 0
988999, 255, 0, 0
990000, 272, 0, 0
990999, 306, 0, 0
991999, 256, 0, 0
993000, 258, 0, 0
993999, 240, 0, 0
995000, 267, 0, 0
996000, 278, 0, 0
996999, 241, 0, 0
998000, 258, 0, 0
999000, 271, 0, 0
999999, 253, 0, 0
1001000, 256, 0, 0
1002000, 273, 0, 0
1002999, 275, 0, 0
1004000, 275, 0, 0
1004999, 277, 0, 0
1006000, 257, 0, 0
1007000, 284, 0, 0
1007999, 272, 0, 0
1009000, 251, 0, 0
1009999, 290, 0, 0
1010999, 266, 0, 0
1012000, 259, 0, 0
1012999, 248, 0, 0
1014000, 232, 0, 0
1015000, 253, 0, 0
1015999, 258, 0, 0
1017000, 259, 0, 0
1018000, 241, 0, 0
1018999, 225, 0, 0
1020000, 283, 0, 0
1020999, 234, 0, 0
1021999, 277, 0, 0
1023000, 264, 0, 0
1024000, 276, 0, 0
1025000, 222, 0, 0
1026000, 248, 0, 0
1026999, 276, 0, 0
1027999, 226, 0, 0
1029000, 282, 0, 0
1029999, 234, 0, 0
1031000, 262, 0, 0
1032000, 276, 0, 0
1032999, 247, 0, 0
1034000, 226, 0, 0
1035000, 276, 0, 0
1035999, 253, 0, 0
1037000, 247, 0, 0
1038000, 258, 0, 0
1038999, 271, 0, 0
1040000, 252, 0, 0
1040999, 290, 0, 0
1042000, 245, 0, 0
1043000, 246, 0, 0
1044000, 270, 0, 0
1044999, 254, 0, 0
1046000, 276, 0, 0
1046999, 231, 0, 0
1047999, 250, 0, 0
1049000, 262, 0, 0
1049999, 233, 0, 0
1050999, 299, 0, 0
1052000, 237, 0, 0
1053000, 293, 0, 0
1053999, 267, 0, 0
1055000, 253, 0, 0
1055999, 278, 0, 0
1057000, 276, 0, 0
1058000, 263, 0, 0
1058999, 265, 0, 0
1060000, 251, 0, 0
1060999, 266, 0, 0
1061999, 257, 0, 0
1063000, 234, 0, 0
1063999, 267, 0, 0
1064999, 278, 0, 0
1066000, 284, 0, 0
1066999, 266, 0, 0
1068000, 236, 0, 0
1069000, 281, 0, 0
1069999, 239, 0, 0
1071000, 267, 0, 0
1071999, 266, 0, 0
1072999, 257, 0, 0
1074000, 267, 0, 0
1074999, 227, 0, 0
1075999, 277, 0, 0
1077000, 254, 0, 0
1077999, 249, 0, 0
1079000, 270, 0, 0
1079999, 283, 0, 0
1080999, 280, 0, 0
1082000, 292, 0, 0
1083000, 249, 0, 0
1083999, 264, 0, 0
1085000, 251, 0, 0
1086000, 252, 0, 0
1086999, 280, 0, 0
1088000, 255, 0, 0
1088999, 251, 0, 0
1089999, 218, 0, 0
1091000, 277, 0, 0
1091999, 222, 0, 0
1092999, 264, 0, 0
1094000, 209, 0, 0
1094999, 284, 0, 0
1096000, 238, 0, 0
1097000, 229, 0, 0
1097999, 246, 0, 0
1099000, 246, 0, 0
1099999, 259, 0, 0
1100999, 246, 0, 0
1102000, 265, 0, 0
1102999, 216, 0, 0
1104000, 267, 0, 0
1105000, 273, 0, 0
1105999, 275, 0, 0
1107000, 222, 0, 0
1108000, 251, 0, 0
1108999, 268, 0, 0
1110000, 233, 0, 0
1111000, 265, 0, 0
1111999, 233, 0, 0
1113000, 262, 0, 0
1114000, 248, 0, 0
1114999, 256, 0, 0
1116000, 286, 0, 0
1116999, 258, 0, 0
1117999, 259, 0, 0
1119000, 262, 0, 0
1119999, 260, 0, 0
1120999, 257, 0, 0
1122000, 242, 0, 0
1123000, 259, 0, 0
1123999, 223, 0, 0
1125000, 265, 0, 0
1126000, 251, 0, 0
1126999, 236, 0, 0
1128000, 278, 0, 0
1129000, 231, 0, 0
1129999, 253, 0, 0
1131000, 314, 0, 0
1132000, 263, 0, 0
1132999, 277, 0, 0
1134000, 229, 0, 0
1135000, 277, 0, 0
1135999, 258, 0, 0
1137000, 248, 0, 0
1137999, 255, 0, 0
1138999, 253, 0, 0
1140000, 233, 0, 0
1140999, 256, 0, 0
1142000, 233, 0, 0
1143000, 267, 0, 0
1143999, 267, 0, 0
1145000, 245, 0, 0
1146000, 285, 0, 0
1146999, 244, 0, 0
1148000, 250, 0, 0
1148999, 262, 0, 0
1149999, 293, 0, 0
1151000, 280, 0, 0
1151999, 246, 0, 0
1153000, 265, 0, 0
1154000, 280, 0, 0
1154999, 265, 0, 0
1156000, 264, 0, 0
1156999, 234, 0, 0
1158000, 264, 0, 0
1159000, 244, 0, 0
1159999, 260, 0, 0
1161000, 216, 0, 0
1162000, 242, 0, 0
1162999, 240, 0, 0
1164000, 301, 0, 0
1165000, 241, 0, 0
1165999, 238, 0, 0
1167000, 287, 0, 0
1168000, 244, 0, 0
1168999, 249, 0, 0
1170000, 268, 0, 0
1170999, 200, 0, 0
1172000, 249, 0, 0
1173000, 255, 0, 0
1173999, 226, 0, 0
1175000, 286, 0, 0
1176000, 272, 0, 0
1176999, 258, 0, 0
1178000, 295, 0, 0
1178999, 281, 0, 0
1179999, 264, 0, 0
1181000, 244, 0, 0
1181999, 257, 0, 0
1182999, 234, 0, 0
1184000, 271, 0, 0
1184999, 271, 0, 0
1186000, 269, 0, 0
1186999, 267, 0, 0
1187999, 257, 0, 0
1189000, 242, 0, 0
1189999, 248, 0, 0
1191000, 261, 0, 0
1192000, 295, 0, 0
1192999, 240, 0, 0
1194000, 245, 0, 0
1194999, 249, 0, 0
1195999, 239, 0, 0
1197000, 263, 0, 0
1197999, 288, 0, 0
1199000, 237, 0, 0
1200000, 243, 0, 0
