1008, 462767372, 0, 0
2021, 489740929, 0, 0
3057, 492769383, 0, 0
4010, 469291366, 0, 0
5051, 472994019, 0, 0
6003, 496395761, 0, 0
7005, 498387306, 0, 0
8074, 498427526, 0, 0
9037, 513016380, 0, 0
10042, 479451858, 0, 0
11065, 489136331, 0, 0
12028, 489395104, 0, 0
13003, 474580542, 0, 0
14050, 487142828, 0, 0
15017, 475295384, 0, 0
16020, 473150904, 0, 0
17012, 482706218, 0, 0
18050, 499388088, 0, 0
19031, 504989774, 0, 0
20030, 499448242, 0, 0
21034, 479745841, 0, 0
22000, 470002320, 0, 0
23053, 483966992, 0, 0
24049, 479188041, 0, 0
25062, 499668648, 0, 0
26049, 482186270, 0, 0
27034, 456668030, 0, 0
28019, 464365744, 0, 0
29045, 483141405, 0, 0
30015, 495747883, 0, 0
31000, 495340569, 0, 0
32050, 474305580, 0, 0
33057, 464052237, 0, 0
34008, 476305848, 0, 0
35046, 466961439, 0, 0
36018, 501345962, 0, 0
37055, 481032731, 0, 0
38003, 487070555, 0, 0
39023, 461088604, 0, 0
40045, 453198722, 0, 0
41041, 467865278, 0, 0
42011, 475842879, 0, 0
43028, 451209714, 0, 0
44020, 485860482, 0, 0
45006, 480851858, 0, 0
46023, 473563762, 0, 0
47000, 460074619, 0, 0
48031, 471825692, 0, 0
49012, 410364882, 0, 0
50060, 475320928, 0, 0
51003, 464379098, 0, 0
52015, 498306242, 0, 0
53036, 460567485, 0, 0
54018, 443483269, 0, 0
55014, 469890466, 0, 0
56008, 474511628, 0, 0
57036, 460393881, 0, 0
58014, 449139773, 0, 0
59042, 447074893, 0, 0
60033, 469593255, 0, 0
61049, 478408587, 0, 0
62030, 447588925, 0, 0
63048, 470470547, 0, 0
64002, 443821179, 0, 0
65007, 477795008, 0, 0
66029, 447145546, 0, 0
67016, 471583450, 0, 0
68030, 451497323, 0, 0
69006, 458023444, 0, 0
70035, 456833117, 0, 0
71022, 452696337, 0, 0
72033, 454341490, 0, 0
73018, 458955435, 0, 0
74006, 459103123, 0, 0
75006, 466141984, 0, 0
76040, 457318095, 0, 0
77043, 464956721, 0, 0
78020, 451071658, 0, 0
79055, 432490772, 0, 0
80059, 455048969, 0, 0
81035, 455279967, 0, 0
82022, 461598720, 0, 0
83053, 472309959, 0, 0
84053, 488859554, 0, 0
85044, 462542400, 0, 0
86047, 457008693, 0, 0
87020, 447472488, 0, 0
88021, 456841238, 0, 0
89029, 438172449, 0, 0
90035, 442854238, 0, 0
91034, 454739236, 0, 0
92055, 441156791, 0, 0
93029, 445319656, 0, 0
94039, 466672632, 0, 0
95030, 464787477, 0, 0
96033, 428984312, 0, 0
97049, 458750163, 0, 0
98018, 466670016, 0, 0
99035, 464032309, 0, 0
100019, 422357239, 0, 0
101033, 462443024, 0, 0
102010, 447337810, 0, 0
103005, 473693881, 0, 0
104007, 464899813, 0, 0
105003, 451485430, 0, 0
106023, 438246893, 0, 0
107056, 456690004, 0, 0
108050, 438396331, 0, 0
109032, 465252349, 0, 0
110055, 456072951, 0, 0
111037, 442255584, 0, 0
112018, 453430484, 0, 0
113053, 422932462, 0, 0
114020, 445814305, 0, 0
115015, 443775431, 0, 0
116048, 448650262, 0, 0
117031, 440321321, 0, 0
118003, 446687092, 0, 0
119056, 426651323, 0, 0
120029, 448502673, 0, 0
121020, 451519107, 0, 0
122062, 444775662, 0, 0
123000, 439394823, 0, 0
124009, 418497383, 0, 0
125043, 426420527, 0, 0
126012, 445889826, 0, 0
127005, 429153748, 0, 0
128051, 419771583, 0, 0
129042, 419075265, 0, 0
130004, 460601535, 0, 0
131039, 430672644, 0, 0
132012, 429650505, 0, 0
133012, 430303415, 0, 0
134026, 417969367, 0, 0
135001, 433541764, 0, 0
136030, 425591204, 0, 0
137027, 434775470, 0, 0
138054, 419776410, 0, 0
139027, 503347952, 0, 0
140003, 421088783, 0, 0
141024, 413596570, 0, 0
142001, 448569934, 0, 0
143011, 454145000, 0, 0
144019, 430253920, 0, 0
145029, 432734549, 0, 0
146044, 441060806, 0, 0
147014, 414713096, 0, 0
148035, 430338540, 0, 0
149004, 423695533, 0, 0
150029, 418218953, 0, 0
151011, 443197036, 0, 0
152003, 412943698, 0, 0
153059, 424718312, 0, 0
154033, 429593751, 0, 0
155034, 410247297, 0, 0
156051, 443264761, 0, 0
157025, 421167488, 0, 0
158048, 433348375, 0, 0
159049, 422648048, 0, 0
160053, 432347805, 0, 0
161012, 438106561, 0, 0
162020, 402457592, 0, 0
163016, 412483565, 0, 0
164021, 446180376, 0, 0
165010, 434028583, 0, 0
166045, 426755741, 0, 0
167024, 387547923, 0, 0
168023, 449892422, 0, 0
169021, 430479790, 0, 0
170025, 443266713, 0, 0
171061, 430133474, 0, 0
172000, 433439196, 0, 0
173023, 403020036, 0, 0
174026, 406768405, 0, 0
175016, 432180963, 0, 0
176053, 412547205, 0, 0
177005, 418749910, 0, 0
178052, 417378922, 0, 0
179009, 447364460, 0, 0
180011, 411585669, 0, 0
181015, 432752862, 0, 0
182048, 417145773, 0, 0
183055, 436672058, 0, 0
184052, 428248035, 0, 0
185015, 434799671, 0, 0
186040, 403653886, 0, 0
187039, 438349520, 0, 0
188051, 405834673, 0, 0
189008, 424999963, 0, 0
190013, 412134515, 0, 0
191023, 399751280, 0, 0
192050, 429952911, 0, 0
193030, 397733665, 0, 0
194005, 409845040, 0, 0
195008, 381053164, 0, 0
196033, 406446665, 0, 0
197054, 376731143, 0, 0
198043, 417577698, 0, 0
199031, 414656555, 0, 0
200037, 392219782, 0, 0
201054, 391430268, 0, 0
202012, 425932137, 0, 0
203010, 403025630, 0, 0
204001, 399338353, 0, 0
205057, 410333688, 0, 0
206036, 398514162, 0, 0
207048, 387519244, 0, 0
208039, 403492393, 0, 0
209062, 392710660, 0, 0
210034, 407390871, 0, 0
211054, 416114720, 0, 0
212045, 422605212, 0, 0
213053, 432900339, 0, 0
214050, 428823953, 0, 0
215009, 453059167, 0, 0
216038, 401657610, 0, 0
217041, 405165317, 0, 0
218040, 423690409, 0, 0
219052, 445841912, 0, 0
220033, 412170078, 0, 0
221008, 425734421, 0, 0
222048, 400254768, 0, 0
223033, 438401928, 0, 0
224017, 395119213, 0, 0
225030, 430667685, 0, 0
226058, 392169667, 0, 0
227027, 396048036, 0, 0
228015, 394749625, 0, 0
229049, 380967299, 0, 0
230026, 416031831, 0, 0
231033, 399683927, 0, 0
232000, 408602790, 0, 0
233053, 372009623, 0, 0
234065, 406366789, 0, 0
235003, 393699221, 0, 0
236017, 426619128, 0, 0
237047, 396907223, 0, 0
238007, 398178148, 0, 0
239039, 371674549, 0, 0
240024, 394834986, 0, 0
241005, 392287605, 0, 0
242030, 395464902, 0, 0
243002, 403069821, 0, 0
244025, 372376366, 0, 0
245008, 378129566, 0, 0
246012, 432682039, 0, 0
247034, 399702731, 0, 0
248011, 415078035, 0, 0
249025, 379134185, 0, 0
250007, 404129823, 0, 0
251055, 402908184, 0, 0
252048, 387401185, 0, 0
253017, 408625667, 0, 0
254041, 359274916, 0, 0
255007, 406437088, 0, 0
256003, 407624538, 0, 0
257070, 382443587, 0, 0
258009, 373725645, 0, 0
259054, 410169839, 0, 0
260005, 365510405, 0, 0
261039, 373227588, 0, 0
262014, 411103197, 0, 0
263020, 366049806, 0, 0
264023, 379610161, 0, 0
265023, 380979203, 0, 0
266042, 386663362, 0, 0
267014, 403000078, 0, 0
268049, 421932089, 0, 0
269012, 380355519, 0, 0
270022, 395008024, 0, 0
271011, 401723034, 0, 0
272044, 387964900, 0, 0
273058, 397197800, 0, 0
274039, 368452723, 0, 0
275005, 379406437, 0, 0
276061, 380580446, 0, 0
277010, 387007214, 0, 0
278054, 374240346, 0, 0
279047, 377053941, 0, 0
280017, 393477326, 0, 0
281035, 401844073, 0, 0
282057, 375761630, 0, 0
283016, 395217954, 0, 0
284049, 350633708, 0, 0
285020, 374502046, 0, 0
286011, 361530815, 0, 0
287045, 390220923, 0, 0
288000, 409369108, 0, 0
289045, 429664884, 0, 0
290035, 399656452, 0, 0
291002, 385436678, 0, 0
292010, 387332958, 0, 0
293047, 392256509, 0, 0
294041, 386365776, 0, 0
295059, 387749145, 0, 0
296033, 381055319, 0, 0
297045, 342496593, 0, 0
298054, 388421601, 0, 0
299006, 347224221, 0, 0
300017, 385229441, 0, 0
301012, 381524473, 0, 0
302041, 355109781, 0, 0
303036, 390199173, 0, 0
304044, 357100696, 0, 0
305002, 356397932, 0, 0
306043, 384164947, 0, 0
307037, 375495848, 0, 0
308061, 378490416, 0, 0
309035, 383647289, 0, 0
310001, 401554414, 0, 0
311061, 400078185, 0, 0
312058, 383331608, 0, 0
313002, 373227695, 0, 0
314024, 387841845, 0, 0
315058, 323874178, 0, 0
316017, 363453087, 0, 0
317017, 352630551, 0, 0
318000, 375983466, 0, 0
319023, 362853004, 0, 0
320032, 372087162, 0, 0
321021, 351128717, 0, 0
322057, 369534872, 0, 0
323019, 398304568, 0, 0
324005, 345747381, 0, 0
325010, 373171951, 0, 0
326011, 375039717, 0, 0
327014, 359084505, 0, 0
328017, 380533634, 0, 0
329025, 354099174, 0, 0
330054, 362646764, 0, 0
331027, 379550812, 0, 0
332037, 374811412, 0, 0
333053, 366009004, 0, 0
334003, 349086099, 0, 0
335004, 373853481, 0, 0
336017, 341122890, 0, 0
337004, 326790072, 0, 0
338045, 385148498, 0, 0
339005, 388296788, 0, 0
340025, 396837190, 0, 0
341036, 359794404, 0, 0
342008, 388541750, 0, 0
343038, 372863060, 0, 0
344043, 384526623, 0, 0
345029, 374049378, 0, 0
346031, 337072679, 0, 0
347015, 368893036, 0, 0
348003, 337465077, 0, 0
349053, 359031093, 0, 0
350054, 367833778, 0, 0
351018, 354738189, 0, 0
352057, 374556138, 0, 0
353034, 350572575, 0, 0
354010, 366410639, 0, 0
355053, 363750167, 0, 0
356038, 335929712, 0, 0
357002, 370071529, 0, 0
358034, 334541801, 0, 0
359024, 345622795, 0, 0
360030, 339461065, 0, 0
361018, 357032687, 0, 0
362055, 315270820, 0, 0
363023, 365486908, 0, 0
364007, 358180505, 0, 0
365010, 361943198, 0, 0
366029, 372532836, 0, 0
367053, 315934563, 0, 0
368055, 344139219, 0, 0
369020, 359392379, 0, 0
370002, 376359206, 0, 0
371000, 351650676, 0, 0
372020, 371121518, 0, 0
373009, 323507665, 0, 0
374041, 333152536, 0, 0
375008, 369100360, 0, 0
376057, 352860196, 0, 0
377045, 342397511, 0, 0
378041, 336418894, 0, 0
379046, 343124486, 0, 0
380032, 356693488, 0, 0
381048, 336013029, 0, 0
382002, 330874196, 0, 0
383025, 397172075, 0, 0
384027, 336357392, 0, 0
385009, 364945464, 0, 0
386039, 336595689, 0, 0
387038, 340886626, 0, 0
388061, 325303678, 0, 0
389034, 366814111, 0, 0
390054, 335875792, 0, 0
391021, 341521015, 0, 0
392039, 317682237, 0, 0
393009, 354781611, 0, 0
394001, 310217294, 0, 0
395010, 362929956, 0, 0
396024, 391748321, 0, 0
397058, 350599018, 0, 0
398040, 341783194, 0, 0
399034, 354941516, 0, 0
400059, 350567477, 0, 0
401052, 363003899, 0, 0
402025, 329859656, 0, 0
403073, 388724643, 0, 0
404004, 356120296, 0, 0
405007, 315212479, 0, 0
406011, 380179613, 0, 0
407038, 332018183, 0, 0
408014, 314330809, 0, 0
409043, 351234138, 0, 0
410000, 353818723, 0, 0
411035, 310887605, 0, 0
412040, 360627589, 0, 0
413038, 427347367, 0, 0
414037, 384258698, 0, 0
415024, 311460057, 0, 0
416050, 331384599, 0, 0
417040, 308758560, 0, 0
418066, 365619478, 0, 0
419031, 357127249, 0, 0
420020, 307427941, 0, 0
421033, 343949721, 0, 0
422037, 347162246, 0, 0
423039, 359549221, 0, 0
424029, 335078130, 0, 0
425053, 365960137, 0, 0
426020, 318796424, 0, 0
427018, 342468765, 0, 0
428036, 316142287, 0, 0
429029, 321632752, 0, 0
430028, 304168938, 0, 0
431048, 331430465, 0, 0
432017, 318488502, 0, 0
433008, 329675813, 0, 0
434016, 348787988, 0, 0
435003, 332672031, 0, 0
436047, 342801266, 0, 0
437031, 309217716, 0, 0
438037, 328607571, 0, 0
439036, 332704338, 0, 0
440012, 364407208, 0, 0
441028, 320799178, 0, 0
442036, 339131179, 0, 0
443001, 320909269, 0, 0
444044, 299734601, 0, 0
445030, 307372144, 0, 0
446008, 323626745, 0, 0
447060, 306949301, 0, 0
448020, 332478282, 0, 0
449061, 304378335, 0, 0
450049, 322311866, 0, 0
451026, 314232464, 0, 0
452027, 325042309, 0, 0
453009, 317787114, 0, 0
454047, 303145854, 0, 0
455060, 362193522, 0, 0
456052, 304805123, 0, 0
457029, 322254545, 0, 0
458007, 298988901, 0, 0
459057, 312923741, 0, 0
460016, 309708741, 0, 0
461030, 302242541, 0, 0
462019, 336141025, 0, 0
463007, 321844314, 0, 0
464054, 302599393, 0, 0
465035, 316729283, 0, 0
466037, 324493484, 0, 0
467032, 333181759, 0, 0
468012, 326120847, 0, 0
469022, 310949629, 0, 0
470016, 297302351, 0, 0
471005, 345587101, 0, 0
472040, 312440076, 0, 0
473030, 341256767, 0, 0
474052, 294440195, 0, 0
475044, 310650477, 0, 0
476011, 289590918, 0, 0
477006, 321956745, 0, 0
478000, 282236473, 0, 0
479026, 298159403, 0, 0
480007, 308204613, 0, 0
481055, 296391395, 0, 0
482034, 312230202, 0, 0
483010, 336542878, 0, 0
484064, 327214138, 0, 0
485030, 289538257, 0, 0
486007, 320448485, 0, 0
487019, 331183495, 0, 0
488013, 324682082, 0, 0
489037, 295478500, 0, 0
490056, 301120410, 0, 0
491004, 317552724, 0, 0
492017, 316698982, 0, 0
493051, 266765992, 0, 0
494053, 313231777, 0, 0
495053, 301719421, 0, 0
496010, 270238488, 0, 0
497058, 299418425, 0, 0
498003, 318045283, 0, 0
499010, 298136157, 0, 0
500041, 289293109, 0, 0
501020, 332755058, 0, 0
502015, 354300142, 0, 0
503037, 303973662, 0, 0
504058, 284101475, 0, 0
505045, 269357430, 0, 0
506026, 303760621, 0, 0
507015, 341618195, 0, 0
508031, 296674466, 0, 0
509006, 312013776, 0, 0
510046, 313394745, 0, 0
511022, 306419829, 0, 0
512004, 291388547, 0, 0
513006, 312221545, 0, 0
514048, 312413920, 0, 0
515000, 286412350, 0, 0
516001, 293315537, 0, 0
517040, 273729873, 0, 0
518034, 314775966, 0, 0
519003, 338459114, 0, 0
520028, 294265756, 0, 0
521002, 273291868, 0, 0
522047, 299855622, 0, 0
523029, 314556830, 0, 0
524048, 306093827, 0, 0
525050, 288111229, 0, 0
526055, 303885435, 0, 0
527051, 307476202, 0, 0
528024, 297362206, 0, 0
529047, 319736036, 0, 0
530031, 288995301, 0, 0
531056, 313001554, 0, 0
532039, 302485335, 0, 0
533028, 307273793, 0, 0
534056, 259816924, 0, 0
535042, 264848959, 0, 0
536006, 279897872, 0, 0
537070, 315025933, 0, 0
538009, 301547803, 0, 0
539039, 291149007, 0, 0
540024, 310397431, 0, 0
541009, 289283219, 0, 0
542040, 251423456, 0, 0
543018, 304803507, 0, 0
544058, 271894761, 0, 0
545019, 266044556, 0, 0
546039, 276737133, 0, 0
547008, 291933218, 0, 0
548026, 280624446, 0, 0
549034, 288538931, 0, 0
550004, 260877109, 0, 0
551059, 262924734, 0, 0
552003, 279406115, 0, 0
553015, 287339125, 0, 0
554024, 290275628, 0, 0
555003, 269980660, 0, 0
556038, 275777924, 0, 0
557010, 301872740, 0, 0
558063, 285387759, 0, 0
559033, 290072626, 0, 0
560018, 277423599, 0, 0
561005, 265089304, 0, 0
562054, 300142851, 0, 0
563061, 269869223, 0, 0
564056, 281040597, 0, 0
565022, 297247955, 0, 0
566033, 274043483, 0, 0
567032, 248066893, 0, 0
568025, 282681781, 0, 0
569040, 263031814, 0, 0
570020, 300330081, 0, 0
571057, 288234032, 0, 0
572015, 289065674, 0, 0
573051, 321729761, 0, 0
574052, 261426506, 0, 0
575055, 269994917, 0, 0
576046, 271576442, 0, 0
577036, 263326850, 0, 0
578024, 276494853, 0, 0
579039, 292249786, 0, 0
580009, 260595769, 0, 0
581015, 283456843, 0, 0
582057, 286231206, 0, 0
583009, 245802941, 0, 0
584040, 285212765, 0, 0
585043, 289923736, 0, 0
586016, 265382505, 0, 0
587016, 242723219, 0, 0
588049, 260898309, 0, 0
589052, 245316279, 0, 0
590052, 293313349, 0, 0
591003, 273410845, 0, 0
592031, 300721528, 0, 0
593033, 289921167, 0, 0
594046, 268965761, 0, 0
595068, 268463399, 0, 0
596032, 271228653, 0, 0
597052, 278542782, 0, 0
598046, 256502544, 0, 0
599044, 281183120, 0, 0
600052, 255510273, 0, 0
601011, 248987092, 0, 0
602033, 253213581, 0, 0
603046, 248686783, 0, 0
604023, 277784534, 0, 0
605003, 268161327, 0, 0
606035, 292997049, 0, 0
607025, 258872245, 0, 0
608029, 266940670, 0, 0
609037, 251223515, 0, 0
610034, 300805957, 0, 0
611007, 239139446, 0, 0
612066, 273669221, 0, 0
613000, 244986915, 0, 0
614061, 274501746, 0, 0
615031, 236409745, 0, 0
616011, 241254837, 0, 0
617052, 255415540, 0, 0
618057, 277375056, 0, 0
619039, 264482755, 0, 0
620045, 261675254, 0, 0
621021, 237631412, 0, 0
622043, 289307821, 0, 0
623011, 285955153, 0, 0
624038, 265775697, 0, 0
625003, 241159087, 0, 0
626038, 270257130, 0, 0
627025, 284520080, 0, 0
628062, 265003288, 0, 0
629048, 254976767, 0, 0
630019, 232004257, 0, 0
631016, 237899268, 0, 0
632060, 250720488, 0, 0
633019, 272470422, 0, 0
634035, 252667894, 0, 0
635010, 237377648, 0, 0
636018, 257768080, 0, 0
637042, 238901864, 0, 0
638043, 244571872, 0, 0
639054, 250254214, 0, 0
640001, 325289144, 0, 0
641048, 249701757, 0, 0
642009, 234218050, 0, 0
643018, 283294626, 0, 0
644034, 236897946, 0, 0
645016, 250865313, 0, 0
646008, 235714417, 0, 0
647011, 233623435, 0, 0
648007, 250274787, 0, 0
649012, 241394981, 0, 0
650034, 224504195, 0, 0
651042, 239724706, 0, 0
652027, 242139436, 0, 0
653030, 244183730, 0, 0
654025, 252375885, 0, 0
655000, 240589417, 0, 0
656020, 218357198, 0, 0
657017, 250107260, 0, 0
658041, 244553386, 0, 0
659033, 271015430, 0, 0
660021, 246725753, 0, 0
661014, 252966244, 0, 0
662042, 242301942, 0, 0
663045, 248808657, 0, 0
664041, 252643430, 0, 0
665046, 232030939, 0, 0
666007, 270003997, 0, 0
667039, 225421892, 0, 0
668003, 242810805, 0, 0
669020, 231969334, 0, 0
670044, 273671864, 0, 0
671004, 239226915, 0, 0
672022, 240723339, 0, 0
673008, 246895709, 0, 0
674024, 258937936, 0, 0
675039, 267592311, 0, 0
676007, 248830377, 0, 0
677033, 244948459, 0, 0
678031, 238643208, 0, 0
679018, 268868758, 0, 0
680043, 231283591, 0, 0
681022, 233149696, 0, 0
682008, 239902697, 0, 0
683053, 276032396, 0, 0
684045, 222494182, 0, 0
685039, 225385820, 0, 0
686021, 265340936, 0, 0
687028, 253743338, 0, 0
688057, 236323818, 0, 0
689042, 268120342, 0, 0
690056, 239495092, 0, 0
691017, 250819725, 0, 0
692024, 230684189, 0, 0
693006, 201941781, 0, 0
694060, 225114228, 0, 0
695034, 228620082, 0, 0
696038, 249992705, 0, 0
697024, 229818542, 0, 0
698019, 256241865, 0, 0
699015, 259574661, 0, 0
700027, 290055229, 0, 0
701043, 258382208, 0, 0
702015, 253946585, 0, 0
703051, 287784464, 0, 0
704015, 258923521, 0, 0
705023, 206900383, 0, 0
706000, 229425379, 0, 0
707064, 233981449, 0, 0
708003, 228490204, 0, 0
709016, 240482001, 0, 0
710054, 242914572, 0, 0
711027, 257922534, 0, 0
712036, 266322501, 0, 0
713045, 237554541, 0, 0
714055, 239466971, 0, 0
715046, 217416757, 0, 0
716002, 239060574, 0, 0
717017, 273044795, 0, 0
718005, 248019099, 0, 0
719057, 247449560, 0, 0
720042, 255983168, 0, 0
721028, 247124592, 0, 0
722047, 233694742, 0, 0
723007, 268283969, 0, 0
724005, 232795278, 0, 0
725048, 251288111, 0, 0
726010, 231798621, 0, 0
727040, 243278347, 0, 0
728041, 230661647, 0, 0
729011, 232311721, 0, 0
730060, 235583914, 0, 0
731059, 225295695, 0, 0
732047, 257596650, 0, 0
733044, 231045905, 0, 0
734004, 234842373, 0, 0
735015, 251188706, 0, 0
736050, 229661818, 0, 0
737045, 245209176, 0, 0
738032, 239514503, 0, 0
739028, 276469610, 0, 0
740028, 254306461, 0, 0
741056, 254457764, 0, 0
742047, 219680589, 0, 0
743007, 243854417, 0, 0
744039, 228219398, 0, 0
745004, 236159988, 0, 0
746027, 262633954, 0, 0
747021, 248160574, 0, 0
748025, 260105534, 0, 0
749042, 271194326, 0, 0
750045, 239474704, 0, 0
751058, 230672901, 0, 0
752052, 259986212, 0, 0
753039, 219199441, 0, 0
754016, 257228992, 0, 0
755012, 221608009, 0, 0
756052, 233627633, 0, 0
757009, 292076398, 0, 0
758024, 261832313, 0, 0
759036, 241601759, 0, 0
760029, 236078718, 0, 0
761007, 254813688, 0, 0
762044, 260648314, 0, 0
763055, 270128243, 0, 0
764009, 250613379, 0, 0
765023, 242791443, 0, 0
766009, 247934883, 0, 0
767047, 213627610, 0, 0
768041, 238982165, 0, 0
769005, 331427961, 0, 0
770054, 254014615, 0, 0
771019, 230625062, 0, 0
772022, 235383732, 0, 0
773000, 268954288, 0, 0
774058, 259965431, 0, 0
775037, 284331413, 0, 0
776009, 206740220, 0, 0
777001, 236494080, 0, 0
778039, 243391819, 0, 0
779031, 230760324, 0, 0
780002, 259923121, 0, 0
781011, 241062218, 0, 0
782003, 255968150, 0, 0
783048, 238650031, 0, 0
784040, 253350791, 0, 0
785031, 235949307, 0, 0
786013, 230684518, 0, 0
787013, 251755641, 0, 0
788045, 244117004, 0, 0
789022, 265887739, 0, 0
790005, 257248234, 0, 0
791038, 216951985, 0, 0
792043, 271437466, 0, 0
793041, 235439478, 0, 0
794034, 245732131, 0, 0
795057, 257993674, 0, 0
796017, 224647578, 0, 0
797016, 243115848, 0, 0
798039, 247732518, 0, 0
799042, 244718822, 0, 0
800018, 239216061, 0, 0
801056, 243442379, 0, 0
802017, 233820700, 0, 0
803030, 234234022, 0, 0
804046, 237282218, 0, 0
805018, 232124122, 0, 0
806054, 248514608, 0, 0
807060, 221410810, 0, 0
808054, 236649350, 0, 0
809026, 248572688, 0, 0
810026, 282509548, 0, 0
811150, 249338372, 0, 0
812046, 294733440, 0, 0
813032, 233004023, 0, 0
814011, 228286917, 0, 0
815033, 251483695, 0, 0
816021, 276180013, 0, 0
817016, 251023030, 0, 0
818000, 240133807, 0, 0
819033, 223248730, 0, 0
820028, 220051154, 0, 0
821056, 242194162, 0, 0
822040, 234580100, 0, 0
823003, 210942777, 0, 0
824057, 247073638, 0, 0
825036, 222211514, 0, 0
826032, 237851564, 0, 0
827028, 262458482, 0, 0
828008, 249507067, 0, 0
829037, 252949088, 0, 0
830020, 255061865, 0, 0
831046, 242267542, 0, 0
832027, 243151419, 0, 0
833013, 241765955, 0, 0
834010, 235138833, 0, 0
835010, 233057155, 0, 0
836026, 258627519, 0, 0
837035, 247079971, 0, 0
838048, 222238759, 0, 0
839027, 256099919, 0, 0
840058, 279836920, 0, 0
841050, 285150575, 0, 0
842045, 254936837, 0, 0
843025, 254795639, 0, 0
844032, 241545050, 0, 0
845022, 258739638, 0, 0
846012, 235054386, 0, 0
847041, 243458588, 0, 0
848009, 247060842, 0, 0
849058, 208992201, 0, 0
850009, 242961218, 0, 0
851051, 215610504, 0, 0
852051, 234920819, 0, 0
853010, 220640196, 0, 0
854016, 213646509, 0, 0
855047, 255628363, 0, 0
856010, 227121332, 0, 0
857047, 219809616, 0, 0
858059, 272164395, 0, 0
859021, 240642273, 0, 0
860026, 244435228, 0, 0
861010, 258090462, 0, 0
862039, 222759186, 0, 0
863009, 229318690, 0, 0
864062, 212438213, 0, 0
865022, 251072998, 0, 0
866049, 254170585, 0, 0
867004, 240614693, 0, 0
868054, 245167518, 0, 0
869011, 247391165, 0, 0
870011, 271617166, 0, 0
871025, 248049652, 0, 0
872050, 238985435, 0, 0
873044, 223889719, 0, 0
874019, 226850965, 0, 0
875035, 254860477, 0, 0
876018, 261954194, 0, 0
877051, 228234927, 0, 0
878058, 238576845, 0, 0
879003, 234833956, 0, 0
880053, 242874263, 0, 0
881048, 240556481, 0, 0
882061, 236078743, 0, 0
883045, 246506917, 0, 0
884049, 252716182, 0, 0
885001, 268603960, 0, 0
886042, 258899166, 0, 0
887030, 245282868, 0, 0
888042, 229303299, 0, 0
889028, 256004911, 0, 0
890008, 234052251, 0, 0
891025, 262568213, 0, 0
892029, 237019964, 0, 0
893011, 256510228, 0, 0
894001, 255509811, 0, 0
895046, 253081232, 0, 0
896019, 269530659, 0, 0
897014, 275956062, 0, 0
898012, 240563015, 0, 0
899023, 238691627, 0, 0
900024, 240034777, 0, 0
901012, 246747558, 0, 0
902048, 249330163, 0, 0
903049, 260084507, 0, 0
904052, 243921562, 0, 0
905055, 242162501, 0, 0
906047, 221142813, 0, 0
907013, 254171511, 0, 0
908053, 257517860, 0, 0
909036, 244515181, 0, 0
910002, 221660576, 0, 0
911002, 210493495, 0, 0
912018, 258454352, 0, 0
913051, 261877596, 0, 0
914010, 239655600, 0, 0
915007, 223725947, 0, 0
916054, 260802500, 0, 0
917017, 265417686, 0, 0
918018, 236264821, 0, 0
919058, 256625370, 0, 0
920017, 247815357, 0, 0
921030, 256225883, 0, 0
922041, 237233117, 0, 0
923036, 256602632, 0, 0
924038, 254996773, 0, 0
925037, 251051180, 0, 0
926052, 252035165, 0, 0
927057, 277247561, 0, 0
928001, 247581721, 0, 0
929043, 229344585, 0, 0
930030, 257952466, 0, 0
931049, 277000824, 0, 0
932027, 234387763, 0, 0
933011, 242331968, 0, 0
934056, 254160738, 0, 0
935033, 228256457, 0, 0
936021, 246486886, 0, 0
937057, 223962752, 0, 0
938021, 235121744, 0, 0
939002, 230653982, 0, 0
940041, 276890916, 0, 0
941011, 257340389, 0, 0
942039, 249603740, 0, 0
943027, 245005678, 0, 0
944005, 255090952, 0, 0
945037, 220573397, 0, 0
946025, 237295898, 0, 0
947060, 244863602, 0, 0
948052, 239048174, 0, 0
949003, 244072782, 0, 0
950013, 252789975, 0, 0
951057, 228735310, 0, 0
952057, 256407371, 0, 0
953054, 232894714, 0, 0
954041, 240543840, 0, 0
955055, 248295005, 0, 0
956020, 265808874, 0, 0
957000, 234359272, 0, 0
958035, 245504657, 0, 0
959048, 247738923, 0, 0
960049, 248033452, 0, 0
961032, 231070732, 0, 0
962012, 235766679, 0, 0
963015, 242691386, 0, 0
964036, 208609479, 0, 0
965012, 243600565, 0, 0
966057, 227927411, 0, 0
967020, 233674818, 0, 0
968024, 252927197, 0, 0
969009, 255440392, 0, 0
970057, 251304150, 0, 0
971011, 250743980, 0, 0
972050, 243990342, 0, 0
973050, 258828540, 0, 0
974035, 241023442, 0, 0
975022, 251344012, 0, 0
976018, 243336316, 0, 0
977022, 256066161, 0, 0
978000, 240152400, 0, 0
979047, 235037682, 0, 0
980062, 280405783, 0, 0
981010, 236384582, 0, 0
982024, 239021673, 0, 0
983051, 258139963, 0, 0
984039, 240823139, 0, 0
985052, 264916765, 0, 0
986013, 246823328, 0, 0
987046, 252099146, 0, 0
988019, 251765319, 0, 0
989028, 253228696, 0, 0
990000, 243857670, 0, 0
991020, 230479162, 0, 0
992046, 236875756, 0, 0
993004, 292782228, 0, 0
994024, 255924013, 0, 0
995014, 235223446, 0, 0
996023, 230829333, 0, 0
997001, 248998502, 0, 0
998060, 213666302, 0, 0
999005, 273497761, 0, 0
1000009, 235602747, 0, 0
1001008, 252390014, 0, 0
1002023, 274412839, 0, 0
1003041, 244217023, 0, 0
1004038, 232397096, 0, 0
1005040, 236323995, 0, 0
1006036, 253501312, 0, 0
1007052, 253163544, 0, 0
1008041, 249762607, 0, 0
1009067, 272324080, 0, 0
1010032, 251012701, 0, 0
1011032, 258219533, 0, 0
1012011, 250519896, 0, 0
1013023, 233253593, 0, 0
1014033, 256457783, 0, 0
1015062, 254171242, 0, 0
1016001, 256563237, 0, 0
1017049, 258535388, 0, 0
1018059, 260614098, 0, 0
1019058, 244614017, 0, 0
1020004, 245709405, 0, 0
1021023, 241815617, 0, 0
1022000, 245475856, 0, 0
1023010, 259546695, 0, 0
1024011, 237220766, 0, 0
1025017, 243609293, 0, 0
1026024, 247940306, 0, 0
1027000, 242989957, 0, 0
1028019, 249275093, 0, 0
1029014, 204726776, 0, 0
1030032, 276450163, 0, 0
1031027, 239615831, 0, 0
1032027, 227104268, 0, 0
1033007, 257322041, 0, 0
1034046, 209870300, 0, 0
1035023, 245220734, 0, 0
1036040, 228008829, 0, 0
1037063, 249343326, 0, 0
1038008, 258772737, 0, 0
1039053, 228728877, 0, 0
1040035, 258538077, 0, 0
1041006, 223687176, 0, 0
1042008, 244713970, 0, 0
1043036, 240070616, 0, 0
1044008, 207537927, 0, 0
1045044, 229516655, 0, 0
1046012, 238407506, 0, 0
1047008, 254276635, 0, 0
1048036, 238843094, 0, 0
1049008, 223475610, 0, 0
1050025, 258878118, 0, 0
1051001, 255533898, 0, 0
1052033, 236172461, 0, 0
1053007, 234673036, 0, 0
1054000, 268614335, 0, 0
1055016, 267091317, 0, 0
1056049, 234837069, 0, 0
1057006, 227486371, 0, 0
1058005, 251217703, 0, 0
1059009, 246381428, 0, 0
1060001, 235571060, 0, 0
1061001, 249904276, 0, 0
1062026, 243859079, 0, 0
1063021, 260137968, 0, 0
1064016, 249809167, 0, 0
1065033, 236637380, 0, 0
1066026, 229843475, 0, 0
1067061, 249651486, 0, 0
1068006, 227702753, 0, 0
1069032, 273466872, 0, 0
1070026, 241867067, 0, 0
1071006, 254425305, 0, 0
1072040, 227296436, 0, 0
1073023, 258218976, 0, 0
1074012, 233282985, 0, 0
1075038, 231912840, 0, 0
1076023, 234802702, 0, 0
1077052, 220677088, 0, 0
1078003, 251175728, 0, 0
1079004, 244525639, 0, 0
1080045, 231315009, 0, 0
1081013, 236089518, 0, 0
1082021, 247116069, 0, 0
1083009, 237336322, 0, 0
1084002, 260938492, 0, 0
1085054, 252322992, 0, 0
1086020, 237752412, 0, 0
1087034, 231018679, 0, 0
1088049, 235475385, 0, 0
1089019, 239265372, 0, 0
1090000, 256992686, 0, 0
1091023, 240618737, 0, 0
1092021, 246776540, 0, 0
1093004, 230103883, 0, 0
1094048, 209110160, 0, 0
1095023, 209261083, 0, 0
1096009, 242518879, 0, 0
1097015, 261099058, 0, 0
1098007, 261317969, 0, 0
1099049, 234645620, 0, 0
1100040, 238933572, 0, 0
1101041, 281655695, 0, 0
1102013, 278592175, 0, 0
1103009, 262182749, 0, 0
1104011, 269247051, 0, 0
1105052, 243838753, 0, 0
1106009, 281661127, 0, 0
1107037, 245682157, 0, 0
1108007, 219756485, 0, 0
1109063, 241277903, 0, 0
1110002, 221450258, 0, 0
1111028, 236413370, 0, 0
1112028, 252241516, 0, 0
1113020, 237409735, 0, 0
1114011, 239957492, 0, 0
1115061, 243016441, 0, 0
1116029, 247350537, 0, 0
1117025, 233755251, 0, 0
1118010, 265683492, 0, 0
1119035, 227913022, 0, 0
1120035, 238711535, 0, 0
1121028, 240760579, 0, 0
1122024, 223209369, 0, 0
1123015, 230852293, 0, 0
1124032, 247894156, 0, 0
1125025, 264115704, 0, 0
1126029, 227010022, 0, 0
1127041, 227725621, 0, 0
1128021, 225348898, 0, 0
1129029, 244475043, 0, 0
1130035, 272538780, 0, 0
1131048, 254506645, 0, 0
1132039, 231196816, 0, 0
1133004, 255113397, 0, 0
1134038, 225280914, 0, 0
1135026, 254125826, 0, 0
1136007, 241923475, 0, 0
1137002, 234988921, 0, 0
1138003, 267355694, 0, 0
1139010, 250281109, 0, 0
1140057, 252794750, 0, 0
1141057, 252660992, 0, 0
1142051, 263709905, 0, 0
1143028, 245762592, 0, 0
1144016, 247067255, 0, 0
1145001, 260338311, 0, 0
1146017, 212421211, 0, 0
1147050, 241483552, 0, 0
1148052, 235392948, 0, 0
1149047, 252470111, 0, 0
1150023, 241900863, 0, 0
1151015, 207615668, 0, 0
1152030, 226407324, 0, 0
1153002, 251113116, 0, 0
1154028, 248046019, 0, 0
1155033, 262202470, 0, 0
1156023, 273288619, 0, 0
1157058, 245481501, 0, 0
1158029, 237342397, 0, 0
1159044, 234590352, 0, 0
1160018, 246345305, 0, 0
1161058, 225650292, 0, 0
1162001, 258273515, 0, 0
1163054, 235825432, 0, 0
1164014, 240977599, 0, 0
1165057, 243634664, 0, 0
1166049, 256827017, 0, 0
1167049, 255646656, 0, 0
1168032, 214215889, 0, 0
1169063, 254739328, 0, 0
1170030, 219537922, 0, 0
1171057, 238145793, 0, 0
1172050, 233054583, 0, 0
1173005, 257528727, 0, 0
1174035, 263738464, 0, 0
1175014, 235288133, 0, 0
1176049, 252132227, 0, 0
1177047, 246984449, 0, 0
1178004, 209865922, 0, 0
1179024, 224393543, 0, 0
1180020, 241470242, 0, 0
1181007, 235989474, 0, 0
1182059, 221210289, 0, 0
1183033, 230377938, 0, 0
1184050, 241852316, 0, 0
1185045, 258171701, 0, 0
1186021, 240018901, 0, 0
1187012, 210493802, 0, 0
1188032, 236840116, 0, 0
1189026, 257043899, 0, 0
1190019, 250667657, 0, 0
1191034, 216579227, 0, 0
1192012, 223774003, 0, 0
1193046, 240258065, 0, 0
1194032, 246981916, 0, 0
1195023, 255865339, 0, 0
1196025, 245152647, 0, 0
1197048, 263477541, 0, 0
1198002, 235588289, 0, 0
1199045, 266630464, 0, 0
1200035, 242908397, 0, 0
1200147, 274355735, 0, 0
