999, 89, 0, 0
2000, 144, 0, 0
3000, 152, 0, 0
3999, 144, 0, 0
4999, 135, 0, 0
6000, 136, 0, 0
6999, 144, 0, 0
7999, 145, 0, 0
9000, 154, 0, 0
10000, 148, 0, 0
10999, 162, 0, 0
12000, 144, 0, 0
13000, 147, 0, 0
13999, 150, 0, 0
14999, 140, 0, 0
16000, 156, 0, 0
16999, 147, 0, 0
18000, 145, 0, 0
19000, 156, 0, 0
19999, 148, 0, 0
20999, 153, 0, 0
22000, 148, 0, 0
22999, 154, 0, 0
23999, 141, 0, 0
25000, 159, 0, 0
25999, 141, 0, 0
26999, 149, 0, 0
28000, 152, 0, 0
28999, 154, 0, 0
29999, 149, 0, 0
31000, 150, 0, 0
31999, 150, 0, 0
32999, 158, 0, 0
34000, 159, 0, 0
34999, 151, 0, 0
35999, 153, 0, 0
37000, 150, 0, 0
37999, 153, 0, 0
38999, 149, 0, 0
40000, 161, 0, 0
41000, 153, 0, 0
41999, 151, 0, 0
42999, 161, 0, 0
44000, 153, 0, 0
45000, 152, 0, 0
45999, 150, 0, 0
47000, 151, 0, 0
47999, 155, 0, 0
48999, 152, 0, 0
49999, 155, 0, 0
51000, 160, 0, 0
51999, 151, 0, 0
52999, 150, 0, 0
54000, 151, 0, 0
55000, 149, 0, 0
55999, 152, 0, 0
56999, 157, 0, 0
58000, 160, 0, 0
58999, 156, 0, 0
59999, 164, 0, 0
61000, 159, 0, 0
61999, 158, 0, 0
62999, 155, 0, 0
63999, 158, 0, 0
65000, 149, 0, 0
65999, 160, 0, 0
66999, 161, 0, 0
68000, 165, 0, 0
68999, 160, 0, 0
69999, 155, 0, 0
71000, 157, 0, 0
72000, 155, 0, 0
72999, 143, 0, 0
73999, 161, 0, 0
74999, 171, 0, 0
75999, 164, 0, 0
76999, 159, 0, 0
78000, 161, 0, 0
79000, 177, 0, 0
79999, 170, 0, 0
80999, 171, 0, 0
82000, 157, 0, 0
82999, 165, 0, 0
83999, 172, 0, 0
84999, 152, 0, 0
86000, 169, 0, 0
87000, 154, 0, 0
87999, 173, 0, 0
88999, 154, 0, 0
89999, 174, 0, 0
91000, 159, 0, 0
91999, 167, 0, 0
92999, 173, 0, 0
94000, 175, 0, 0
95000, 169, 0, 0
95999, 174, 0, 0
96999, 180, 0, 0
98000, 165, 0, 0
99000, 170, 0, 0
99999, 172, 0, 0
100999, 156, 0, 0
102000, 180, 0, 0
103000, 176, 0, 0
103999, 157, 0, 0
104999, 174, 0, 0
106000, 158, 0, 0
107000, 166, 0, 0
107999, 180, 0, 0
108999, 170, 0, 0
109999, 178, 0, 0
110999, 168, 0, 0
111999, 154, 0, 0
113000, 181, 0, 0
113999, 159, 0, 0
114999, 168, 0, 0
116000, 170, 0, 0
116999, 182, 0, 0
117999, 164, 0, 0
119000, 177, 0, 0
119999, 178, 0, 0
120999, 169, 0, 0
122000, 173, 0, 0
122999, 167, 0, 0
123999, 175, 0, 0
125000, 175, 0, 0
125999, 189, 0, 0
126999, 190, 0, 0
128000, 163, 0, 0
129000, 175, 0, 0
129999, 181, 0, 0
130999, 188, 0, 0
132000, 176, 0, 0
132999, 184, 0, 0
133999, 170, 0, 0
135000, 182, 0, 0
135999, 182, 0, 0
136999, 169, 0, 0
138000, 207, 0, 0
138999, 173, 0, 0
139999, 174, 0, 0
141000, 179, 0, 0
142000, 187, 0, 0
142999, 178, 0, 0
144000, 196, 0, 0
144999, 183, 0, 0
145999, 187, 0, 0
146999, 178, 0, 0
148000, 189, 0, 0
148999, 173, 0, 0
149999, 181, 0, 0
151000, 209, 0, 0
151999, 169, 0, 0
152999, 187, 0, 0
153999, 191, 0, 0
155000, 196, 0, 0
155999, 193, 0, 0
156999, 181, 0, 0
157999, 196, 0, 0
159000, 185, 0, 0
159999, 198, 0, 0
160999, 194, 0, 0
162000, 185, 0, 0
163000, 192, 0, 0
163999, 182, 0, 0
164999, 185, 0, 0
166000, 205, 0, 0
166999, 195, 0, 0
167999, 180, 0, 0
168999, 175, 0, 0
170000, 208, 0, 0
170999, 205, 0, 0
172000, 183, 0, 0
173000, 213, 0, 0
173999, 189, 0, 0
174999, 201, 0, 0
175999, 186, 0, 0
177000, 209, 0, 0
177999, 188, 0, 0
178999, 193, 0, 0
179999, 198, 0, 0
181000, 197, 0, 0
181999, 204, 0, 0
182999, 201, 0, 0
184000, 181, 0, 0
185000, 201, 0, 0
185999, 185, 0, 0
186999, 185, 0, 0
188000, 200, 0, 0
188999, 200, 0, 0
189999, 205, 0, 0
190999, 231, 0, 0
192000, 221, 0, 0
193000, 202, 0, 0
193999, 235, 0, 0
194999, 207, 0, 0
196000, 209, 0, 0
197000, 217, 0, 0
197999, 188, 0, 0
198999, 201, 0, 0
200000, 202, 0, 0
201000, 210, 0, 0
201999, 190, 0, 0
202999, 224, 0, 0
204000, 217, 0, 0
204999, 202, 0, 0
205999, 203, 0, 0
206999, 221, 0, 0
208000, 226, 0, 0
208999, 204, 0, 0
209999, 237, 0, 0
211000, 220, 0, 0
211999, 233, 0, 0
212999, 218, 0, 0
214000, 209, 0, 0
214999, 207, 0, 0
215999, 220, 0, 0
217000, 241, 0, 0
217999, 218, 0, 0
218999, 214, 0, 0
220000, 223, 0, 0
220999, 221, 0, 0
221999, 213, 0, 0
223000, 230, 0, 0
223999, 244, 0, 0
224999, 206, 0, 0
226000, 227, 0, 0
226999, 227, 0, 0
227999, 243, 0, 0
229000, 211, 0, 0
229999, 238, 0, 0
230999, 216, 0, 0
232000, 238, 0, 0
232999, 248, 0, 0
233999, 219, 0, 0
235000, 229, 0, 0
235999, 204, 0, 0
236999, 234, 0, 0
238000, 225, 0, 0
238999, 240, 0, 0
239999, 218, 0, 0
241000, 257, 0, 0
241999, 227, 0, 0
242999, 238, 0, 0
243999, 214, 0, 0
244999, 222, 0, 0
245999, 234, 0, 0
247000, 261, 0, 0
247999, 241, 0, 0
248999, 231, 0, 0
250000, 225, 0, 0
250999, 239, 0, 0
251999, 254, 0, 0
253000, 237, 0, 0
253999, 209, 0, 0
254999, 243, 0, 0
256000, 267, 0, 0
256999, 260, 0, 0
257999, 251, 0, 0
259000, 255, 0, 0
259999, 254, 0, 0
260999, 217, 0, 0
262000, 222, 0, 0
263000, 249, 0, 0
263999, 222, 0, 0
264999, 271, 0, 0
266000, 239, 0, 0
266999, 242, 0, 0
267999, 246, 0, 0
269000, 252, 0, 0
269999, 248, 0, 0
270999, 254, 0, 0
272000, 232, 0, 0
272999, 270, 0, 0
274000, 246, 0, 0
275000, 300, 0, 0
275999, 229, 0, 0
276999, 236, 0, 0
278000, 242, 0, 0
278999, 260, 0, 0
279999, 255, 0, 0
281000, 257, 0, 0
281999, 265, 0, 0
282999, 286, 0, 0
284000, 261, 0, 0
285000, 257, 0, 0
285999, 278, 0, 0
287000, 288, 0, 0
288000, 242, 0, 0
288999, 262, 0, 0
290000, 259, 0, 0
290999, 277, 0, 0
291999, 250, 0, 0
293000, 236, 0, 0
293999, 284, 0, 0
294999, 283, 0, 0
296000, 291, 0, 0
296999, 290, 0, 0
297999, 284, 0, 0
299000, 248, 0, 0
299999, 258, 0, 0
300999, 282, 0, 0
302000, 285, 0, 0
302999, 311, 0, 0
303999, 285, 0, 0
305000, 298, 0, 0
305999, 255, 0, 0
306999, 295, 0, 0
308000, 289, 0, 0
308999, 289, 0, 0
309999, 311, 0, 0
311000, 266, 0, 0
312000, 285, 0, 0
312999, 295, 0, 0
313999, 303, 0, 0
315000, 277, 0, 0
315999, 313, 0, 0
316999, 332, 0, 0
317999, 303, 0, 0
319000, 273, 0, 0
319999, 273, 0, 0
320999, 317, 0, 0
321999, 290, 0, 0
323000, 310, 0, 0
324000, 311, 0, 0
324999, 291, 0, 0
325999, 310, 0, 0
326999, 322, 0, 0
328000, 299, 0, 0
328999, 290, 0, 0
329999, 303, 0, 0
330999, 341, 0, 0
332000, 297, 0, 0
332999, 317, 0, 0
333999, 317, 0, 0
334999, 321, 0, 0
336000, 325, 0, 0
336999, 269, 0, 0
337999, 328, 0, 0
339000, 341, 0, 0
340000, 359, 0, 0
340999, 277, 0, 0
341999, 277, 0, 0
343000, 285, 0, 0
344000, 369, 0, 0
344999, 374, 0, 0
345999, 295, 0, 0
347000, 337, 0, 0
347999, 324, 0, 0
348999, 322, 0, 0
350000, 373, 0, 0
350999, 340, 0, 0
351999, 311, 0, 0
353000, 338, 0, 0
353999, 355, 0, 0
354999, 344, 0, 0
356000, 335, 0, 0
356999, 330, 0, 0
357999, 310, 0, 0
359000, 312, 0, 0
359999, 393, 0, 0
360999, 369, 0, 0
362000, 386, 0, 0
362999, 408, 0, 0
363999, 404, 0, 0
365000, 410, 0, 0
365999, 353, 0, 0
366999, 363, 0, 0
367999, 342, 0, 0
368999, 387, 0, 0
369999, 337, 0, 0
371000, 388, 0, 0
371999, 382, 0, 0
372999, 379, 0, 0
374000, 375, 0, 0
374999, 365, 0, 0
375999, 358, 0, 0
377000, 375, 0, 0
378000, 355, 0, 0
378999, 317, 0, 0
379999, 357, 0, 0
381000, 416, 0, 0
381999, 354, 0, 0
382999, 421, 0, 0
383999, 382, 0, 0
385000, 420, 0, 0
385999, 418, 0, 0
386999, 362, 0, 0
388000, 379, 0, 0
388999, 354, 0, 0
389999, 391, 0, 0
390999, 398, 0, 0
392000, 441, 0, 0
392999, 429, 0, 0
393999, 487, 0, 0
395000, 367, 0, 0
395999, 430, 0, 0
396999, 372, 0, 0
398000, 421, 0, 0
398999, 402, 0, 0
399999, 392, 0, 0
401000, 415, 0, 0
402000, 407, 0, 0
402999, 443, 0, 0
403999, 468, 0, 0
405000, 437, 0, 0
406000, 451, 0, 0
406999, 410, 0, 0
408000, 448, 0, 0
409000, 449, 0, 0
409999, 461, 0, 0
410999, 436, 0, 0
412000, 418, 0, 0
412999, 489, 0, 0
413999, 490, 0, 0
415000, 355, 0, 0
416000, 438, 0, 0
416999, 393, 0, 0
417999, 484, 0, 0
419000, 507, 0, 0
420000, 446, 0, 0
420999, 474, 0, 0
421999, 499, 0, 0
423000, 452, 0, 0
423999, 477, 0, 0
424999, 454, 0, 0
425999, 543, 0, 0
427000, 460, 0, 0
427999, 467, 0, 0
428999, 515, 0, 0
430000, 583, 0, 0
430999, 517, 0, 0
431999, 503, 0, 0
433000, 531, 0, 0
434000, 609, 0, 0
434999, 494, 0, 0
435999, 492, 0, 0
437000, 525, 0, 0
437999, 501, 0, 0
438999, 500, 0, 0
439999, 578, 0, 0
441000, 498, 0, 0
441999, 591, 0, 0
442999, 555, 0, 0
444000, 552, 0, 0
444999, 536, 0, 0
445999, 531, 0, 0
447000, 559, 0, 0
448000, 555, 0, 0
448999, 551, 0, 0
449999, 504, 0, 0
451000, 550, 0, 0
451999, 646, 0, 0
452999, 491, 0, 0
454000, 599, 0, 0
454999, 607, 0, 0
455999, 563, 0, 0
457000, 615, 0, 0
457999, 575, 0, 0
458999, 625, 0, 0
460000, 673, 0, 0
460999, 631, 0, 0
461999, 646, 0, 0
463000, 571, 0, 0
463999, 572, 0, 0
464999, 598, 0, 0
466000, 737, 0, 0
467000, 643, 0, 0
467999, 639, 0, 0
468999, 733, 0, 0
470000, 631, 0, 0
471000, 648, 0, 0
471999, 604, 0, 0
472999, 817, 0, 0
474000, 723, 0, 0
474999, 689, 0, 0
475999, 814, 0, 0
477000, 669, 0, 0
477999, 772, 0, 0
478999, 885, 0, 0
480000, 604, 0, 0
480999, 815, 0, 0
481999, 623, 0, 0
482999, 877, 0, 0
483999, 689, 0, 0
484999, 662, 0, 0
485999, 788, 0, 0
487000, 870, 0, 0
487999, 766, 0, 0
488999, 798, 0, 0
490000, 871, 0, 0
490999, 775, 0, 0
491999, 1010, 0, 0
493000, 866, 0, 0
493999, 756, 0, 0
494999, 789, 0, 0
496000, 793, 0, 0
496999, 865, 0, 0
497999, 845, 0, 0
499000, 767, 0, 0
499999, 922, 0, 0
500999, 899, 0, 0
501999, 929, 0, 0
503000, 902, 0, 0
503999, 836, 0, 0
504999, 994, 0, 0
506000, 970, 0, 0
506999, 979, 0, 0
507999, 933, 0, 0
509000, 1035, 0, 0
510000, 988, 0, 0
510999, 934, 0, 0
511999, 831, 0, 0
513000, 1040, 0, 0
514000, 1222, 0, 0
514999, 1144, 0, 0
515999, 921, 0, 0
517000, 1263, 0, 0
518000, 1187, 0, 0
518999, 1092, 0, 0
519999, 1098, 0, 0
520999, 1241, 0, 0
522000, 1131, 0, 0
522999, 1133, 0, 0
523999, 1206, 0, 0
525000, 1439, 0, 0
525999, 1147, 0, 0
526999, 1037, 0, 0
527999, 1234, 0, 0
529000, 1289, 0, 0
529999, 1505, 0, 0
530999, 1923, 0, 0
531999, 1556, 0, 0
533000, 1464, 0, 0
533999, 1352, 0, 0
534999, 1463, 0, 0
536000, 1712, 0, 0
537000, 1666, 0, 0
537999, 1630, 0, 0
538999, 1617, 0, 0
540000, 1624, 0, 0
541000, 1613, 0, 0
541999, 2118, 0, 0
542999, 1913, 0, 0
544000, 2164, 0, 0
544999, 2266, 0, 0
545999, 1694, 0, 0
547000, 2012, 0, 0
548000, 2069, 0, 0
548999, 2493, 0, 0
549999, 2416, 0, 0
551000, 2397, 0, 0
552000, 2262, 0, 0
552999, 3033, 0, 0
553999, 2957, 0, 0
554999, 2552, 0, 0
556000, 2959, 0, 0
556999, 3621, 0, 0
557999, 2977, 0, 0
558999, 3345, 0, 0
560000, 4420, 0, 0
561000, 3461, 0, 0
561999, 4328, 0, 0
562999, 5468, 0, 0
563999, 4620, 0, 0
565000, 6650, 0, 0
566000, 8081, 0, 0
567000, 11830, 0, 0
567999, 28005, 0, 0
568999, 51749, 0, 0
569999, 49490, 0, 0
571000, 49477, 0, 0
572000, 49369, 0, 0
572999, 49304, 0, 0
573999, 49407, 0, 0
574999, 49216, 0, 0
575999, 49657, 0, 0
577000, 49468, 0, 0
578000, 49575, 0, 0
579000, 49409, 0, 0
579999, 49404, 0, 0
580999, 49279, 0, 0
581999, 49273, 0, 0
582999, 49810, 0, 0
584000, 49547, 0, 0
585000, 49407, 0, 0
585999, 49349, 0, 0
586999, 49425, 0, 0
587999, 49386, 0, 0
588999, 49534, 0, 0
590000, 49586, 0, 0
591000, 49510, 0, 0
592000, 49416, 0, 0
593000, 49390, 0, 0
593999, 49392, 0, 0
594999, 49318, 0, 0
595999, 49582, 0, 0
596999, 49614, 0, 0
598000, 49405, 0, 0
599000, 49356, 0, 0
599999, 49332, 0, 0
600999, 49328, 0, 0
601999, 49286, 0, 0
602999, 49459, 0, 0
603999, 49625, 0, 0
605000, 49482, 0, 0
606000, 49307, 0, 0
607000, 49319, 0, 0
607999, 49348, 0, 0
608999, 49485, 0, 0
609999, 49655, 0, 0
611000, 49528, 0, 0
612000, 49406, 0, 0
613000, 49413, 0, 0
613999, 49350, 0, 0
614999, 49328, 0, 0
615999, 49533, 0, 0
616999, 49543, 0, 0
618000, 49503, 0, 0
619000, 49545, 0, 0
619999, 49527, 0, 0
620999, 49284, 0, 0
621999, 49512, 0, 0
622999, 49576, 0, 0
624000, 49539, 0, 0
625000, 49517, 0, 0
626000, 49527, 0, 0
626999, 49470, 0, 0
627999, 49335, 0, 0
628999, 49679, 0, 0
629999, 49498, 0, 0
631000, 49472, 0, 0
632000, 49481, 0, 0
633000, 49472, 0, 0
633999, 49250, 0, 0
634999, 49371, 0, 0
635999, 49442, 0, 0
636999, 49593, 0, 0
637999, 49534, 0, 0
639000, 49282, 0, 0
640000, 49311, 0, 0
640999, 49321, 0, 0
641999, 49388, 0, 0
642999, 49563, 0, 0
643999, 49433, 0, 0
644999, 49472, 0, 0
646000, 49297, 0, 0
647000, 49363, 0, 0
648000, 49283, 0, 0
648999, 49368, 0, 0
649999, 49516, 0, 0
651000, 49458, 0, 0
652000, 49499, 0, 0
653000, 49256, 0, 0
654000, 49436, 0, 0
655000, 49262, 0, 0
656000, 50459, 0, 0
657000, 50837, 0, 0
658000, 50922, 0, 0
658999, 50943, 0, 0
659999, 50863, 0, 0
661000, 50800, 0, 0
662000, 50935, 0, 0
663000, 51033, 0, 0
664000, 51123, 0, 0
665000, 51070, 0, 0
666000, 51123, 0, 0
667000, 50896, 0, 0
668000, 51158, 0, 0
669000, 51211, 0, 0
670000, 51237, 0, 0
670999, 51142, 0, 0
672000, 51159, 0, 0
673000, 51013, 0, 0
674000, 51211, 0, 0
675000, 51324, 0, 0
676000, 51368, 0, 0
677000, 50911, 0, 0
678000, 51063, 0, 0
679000, 50824, 0, 0
680000, 50912, 0, 0
681000, 50728, 0, 0
682000, 51121, 0, 0
683000, 51048, 0, 0
683999, 51168, 0, 0
685000, 50969, 0, 0
686000, 50808, 0, 0
687000, 50955, 0, 0
688000, 51047, 0, 0
689000, 50985, 0, 0
690000, 51068, 0, 0
691000, 50871, 0, 0
692000, 50702, 0, 0
693000, 50957, 0, 0
694000, 51068, 0, 0
695000, 50880, 0, 0
695999, 51053, 0, 0
697000, 50921, 0, 0
698000, 50708, 0, 0
699000, 50833, 0, 0
700000, 51112, 0, 0
701000, 51413, 0, 0
702000, 50822, 0, 0
703000, 50920, 0, 0
704000, 50782, 0, 0
704999, 50732, 0, 0
705999, 50804, 0, 0
706999, 50886, 0, 0
707999, 50991, 0, 0
708998, 51061, 0, 0
709999, 50819, 0, 0
710999, 50776, 0, 0
711999, 50903, 0, 0
712998, 50838, 0, 0
713998, 50998, 0, 0
714998, 51176, 0, 0
715998, 50826, 0, 0
716997, 50900, 0, 0
717997, 50935, 0, 0
718997, 50994, 0, 0
719997, 51026, 0, 0
720996, 50979, 0, 0
721997, 51053, 0, 0
722997, 51051, 0, 0
723997, 50834, 0, 0
724996, 50883, 0, 0
725996, 51088, 0, 0
726996, 51169, 0, 0
727996, 51044, 0, 0
728995, 51171, 0, 0
729995, 51327, 0, 0
730995, 51047, 0, 0
731995, 50927, 0, 0
732994, 51294, 0, 0
733995, 50982, 0, 0
734994, 51202, 0, 0
735995, 51028, 0, 0
736994, 51028, 0, 0
737994, 50969, 0, 0
738994, 51162, 0, 0
739993, 51273, 0, 0
740993, 51126, 0, 0
741993, 51161, 0, 0
742993, 51188, 0, 0
743992, 50918, 0, 0
744993, 51154, 0, 0
745993, 51203, 0, 0
746993, 51294, 0, 0
747992, 51070, 0, 0
748992, 51297, 0, 0
749992, 51119, 0, 0
750992, 51153, 0, 0
751991, 51136, 0, 0
752991, 51338, 0, 0
753991, 51176, 0, 0
754991, 51415, 0, 0
756000, 51086, 0, 0
757000, 50749, 0, 0
758000, 50755, 0, 0
758999, 50945, 0, 0
759999, 50725, 0, 0
761000, 50826, 0, 0
762000, 50747, 0, 0
763000, 50760, 0, 0
764000, 51115, 0, 0
764999, 51052, 0, 0
765999, 50864, 0, 0
766999, 50881, 0, 0
768000, 50788, 0, 0
769000, 50757, 0, 0
770000, 50615, 0, 0
770999, 50867, 0, 0
771999, 50918, 0, 0
772999, 50783, 0, 0
773999, 50931, 0, 0
775000, 50851, 0, 0
776000, 50727, 0, 0
777000, 50852, 0, 0
777999, 50946, 0, 0
778999, 50922, 0, 0
779999, 50835, 0, 0
780999, 50752, 0, 0
781999, 50904, 0, 0
783000, 50838, 0, 0
784000, 50680, 0, 0
785000, 50944, 0, 0
786000, 50859, 0, 0
786999, 50797, 0, 0
787999, 50697, 0, 0
788999, 50774, 0, 0
790000, 50644, 0, 0
791000, 50801, 0, 0
792000, 50803, 0, 0
793000, 50758, 0, 0
793999, 50534, 0, 0
794999, 50724, 0, 0
795999, 50721, 0, 0
797000, 50976, 0, 0
798000, 51106, 0, 0
799000, 50914, 0, 0
800000, 50848, 0, 0
800999, 50711, 0, 0
801999, 50758, 0, 0
803000, 50689, 0, 0
804000, 50940, 0, 0
805000, 50663, 0, 0
805999, 50611, 0, 0
806999, 50798, 0, 0
807999, 50703, 0, 0
809000, 50821, 0, 0
810000, 50792, 0, 0
811000, 50738, 0, 0
812000, 50827, 0, 0
812999, 50798, 0, 0
813999, 50855, 0, 0
814999, 50681, 0, 0
816000, 50832, 0, 0
817000, 50882, 0, 0
818000, 51005, 0, 0
818999, 50928, 0, 0
819999, 50689, 0, 0
820999, 50652, 0, 0
822000, 50601, 0, 0
823000, 50726, 0, 0
824000, 50917, 0, 0
824999, 50808, 0, 0
825999, 50819, 0, 0
826999, 50828, 0, 0
827999, 50799, 0, 0
828999, 50750, 0, 0
830000, 50878, 0, 0
831000, 50863, 0, 0
831999, 51044, 0, 0
832999, 51002, 0, 0
833999, 51047, 0, 0
834999, 50781, 0, 0
835999, 50909, 0, 0
837000, 50783, 0, 0
838000, 50776, 0, 0
839000, 50621, 0, 0
839999, 50842, 0, 0
840999, 50827, 0, 0
841999, 50800, 0, 0
842999, 50770, 0, 0
844000, 50868, 0, 0
845000, 50929, 0, 0
846000, 51066, 0, 0
846999, 51032, 0, 0
847999, 51008, 0, 0
848999, 51017, 0, 0
849999, 50728, 0, 0
851000, 50771, 0, 0
852000, 50712, 0, 0
853000, 50733, 0, 0
854000, 50569, 0, 0
854999, 50846, 0, 0
855999, 50813, 0, 0
857000, 50685, 0, 0
858000, 50568, 0, 0
859000, 50611, 0, 0
860000, 50798, 0, 0
860999, 50770, 0, 0
861999, 50990, 0, 0
863000, 50923, 0, 0
864000, 50707, 0, 0
865000, 50740, 0, 0
865999, 50640, 0, 0
866999, 50456, 0, 0
867999, 50958, 0, 0
868999, 50871, 0, 0
870000, 50762, 0, 0
871000, 50601, 0, 0
872000, 50671, 0, 0
872999, 50630, 0, 0
873999, 50828, 0, 0
874999, 50585, 0, 0
875999, 50724, 0, 0
877000, 50550, 0, 0
878000, 50702, 0, 0
878999, 50656, 0, 0
879999, 50730, 0, 0
880999, 50783, 0, 0
881999, 50774, 0, 0
882999, 50697, 0, 0
884000, 50866, 0, 0
885000, 50623, 0, 0
885999, 50655, 0, 0
886999, 50779, 0, 0
887999, 50818, 0, 0
888999, 50833, 0, 0
890000, 50696, 0, 0
891000, 50631, 0, 0
892000, 50697, 0, 0
893000, 50677, 0, 0
893999, 50712, 0, 0
894999, 50775, 0, 0
895999, 50917, 0, 0
897000, 50431, 0, 0
898000, 50827, 0, 0
899000, 50665, 0, 0
899999, 50578, 0, 0
900999, 50860, 0, 0
901999, 50809, 0, 0
903000, 50552, 0, 0
904000, 50547, 0, 0
905000, 50781, 0, 0
906000, 50633, 0, 0
906999, 50793, 0, 0
907999, 50773, 0, 0
909000, 50687, 0, 0
910000, 50603, 0, 0
911000, 50612, 0, 0
912000, 50940, 0, 0
912999, 50668, 0, 0
913999, 50784, 0, 0
915000, 50667, 0, 0
916000, 50705, 0, 0
917000, 50580, 0, 0
918000, 50878, 0, 0
918999, 50555, 0, 0
919999, 51009, 0, 0
920999, 50555, 0, 0
922000, 50682, 0, 0
923000, 50590, 0, 0
924000, 50494, 0, 0
924999, 50454, 0, 0
925999, 50838, 0, 0
926999, 50917, 0, 0
927999, 50541, 0, 0
929000, 50724, 0, 0
930000, 50862, 0, 0
931000, 50593, 0, 0
931999, 50508, 0, 0
932999, 50865, 0, 0
933999, 50712, 0, 0
934999, 50728, 0, 0
936000, 50606, 0, 0
937000, 50573, 0, 0
938000, 50473, 0, 0
938999, 50590, 0, 0
939999, 50778, 0, 0
940999, 50720, 0, 0
941999, 50784, 0, 0
942999, 50742, 0, 0
944000, 50555, 0, 0
945000, 50541, 0, 0
946000, 50681, 0, 0
947000, 50739, 0, 0
947999, 50624, 0, 0
948999, 50511, 0, 0
949999, 50801, 0, 0
951000, 50613, 0, 0
952000, 50992, 0, 0
952999, 50699, 0, 0
954000, 50797, 0, 0
954999, 50593, 0, 0
955999, 50671, 0, 0
956999, 50603, 0, 0
958000, 50502, 0, 0
959000, 50808, 0, 0
960000, 50538, 0, 0
960999, 50655, 0, 0
961999, 50608, 0, 0
963000, 50567, 0, 0
964000, 50604, 0, 0
965000, 50558, 0, 0
965999, 50724, 0, 0
966999, 50629, 0, 0
967999, 50512, 0, 0
969000, 50665, 0, 0
970000, 50443, 0, 0
971000, 50601, 0, 0
971999, 51134, 0, 0
972999, 50773, 0, 0
973999, 50686, 0, 0
974999, 50750, 0, 0
976000, 50632, 0, 0
977000, 50473, 0, 0
978000, 50755, 0, 0
978999, 50721, 0, 0
979999, 50695, 0, 0
980999, 50673, 0, 0
981999, 50795, 0, 0
983000, 50764, 0, 0
984000, 50480, 0, 0
985000, 50775, 0, 0
985999, 50633, 0, 0
986999, 50588, 0, 0
987999, 50701, 0, 0
988999, 50723, 0, 0
990000, 50614, 0, 0
991000, 50623, 0, 0
992000, 50595, 0, 0
992999, 50763, 0, 0
993999, 50464, 0, 0
994999, 50577, 0, 0
996000, 50536, 0, 0
997000, 50689, 0, 0
998000, 50616, 0, 0
999000, 50580, 0, 0
999999, 50582, 0, 0
1000999, 50702, 0, 0
1002000, 50560, 0, 0
1003000, 50643, 0, 0
1004000, 50608, 0, 0
1005000, 50651, 0, 0
1005999, 50607, 0, 0
1006999, 50647, 0, 0
1008000, 50713, 0, 0
1009000, 50580, 0, 0
1010000, 50583, 0, 0
1010999, 50656, 0, 0
1011999, 50659, 0, 0
1012999, 50589, 0, 0
1014000, 50467, 0, 0
1015000, 50578, 0, 0
1016000, 50655, 0, 0
1016999, 50734, 0, 0
1017999, 50633, 0, 0
1018999, 50592, 0, 0
1020000, 50656, 0, 0
1021000, 50485, 0, 0
1022000, 50457, 0, 0
1022999, 50558, 0, 0
1023999, 50678, 0, 0
1024999, 50716, 0, 0
1025999, 50516, 0, 0
1027000, 50604, 0, 0
1028000, 50442, 0, 0
1029000, 50584, 0, 0
1029999, 50714, 0, 0
1030999, 50789, 0, 0
1032000, 50899, 0, 0
1033000, 50878, 0, 0
1034000, 50708, 0, 0
1034999, 50532, 0, 0
1035999, 50495, 0, 0
1036999, 50574, 0, 0
1038000, 50754, 0, 0
1039000, 50606, 0, 0
1040000, 50728, 0, 0
1041000, 50570, 0, 0
1041999, 50485, 0, 0
1042999, 50704, 0, 0
1043999, 50818, 0, 0
1045000, 50633, 0, 0
1046000, 50402, 0, 0
1047000, 50589, 0, 0
1047999, 50538, 0, 0
1048999, 50721, 0, 0
1050000, 50577, 0, 0
1051000, 50604, 0, 0
1052000, 50612, 0, 0
1052999, 50659, 0, 0
1053999, 50604, 0, 0
1054999, 50570, 0, 0
1056000, 50530, 0, 0
1057000, 50561, 0, 0
1057999, 50194, 0, 0
1058999, 50036, 0, 0
1059999, 49830, 0, 0
1060999, 49824, 0, 0
1062000, 49981, 0, 0
1063000, 49910, 0, 0
1064000, 50208, 0, 0
1064999, 50764, 0, 0
1065999, 50805, 0, 0
1066999, 50557, 0, 0
1067999, 50497, 0, 0
1069000, 50551, 0, 0
1070000, 50616, 0, 0
1070999, 50101, 0, 0
1071999, 50619, 0, 0
1072999, 50708, 0, 0
1073999, 50519, 0, 0
1075000, 50881, 0, 0
1076000, 50838, 0, 0
1077000, 50532, 0, 0
1077999, 50797, 0, 0
1078999, 50550, 0, 0
1079999, 50578, 0, 0
1080999, 50544, 0, 0
1082000, 50515, 0, 0
1083000, 50318, 0, 0
1084000, 50567, 0, 0
1084999, 50532, 0, 0
1085999, 50553, 0, 0
1087000, 50446, 0, 0
1088000, 50634, 0, 0
1089000, 50566, 0, 0
1090000, 50495, 0, 0
1090999, 50534, 0, 0
1091999, 50438, 0, 0
1093000, 50640, 0, 0
1094000, 50557, 0, 0
1094999, 50600, 0, 0
1095999, 50339, 0, 0
1096999, 50686, 0, 0
1097999, 50778, 0, 0
1098999, 50946, 0, 0
1100000, 50992, 0, 0
1101000, 50590, 0, 0
1101999, 50665, 0, 0
1102999, 50717, 0, 0
1103999, 50494, 0, 0
1104999, 50461, 0, 0
1106000, 50527, 0, 0
1107000, 50625, 0, 0
1108000, 50487, 0, 0
1108999, 50407, 0, 0
1109999, 50591, 0, 0
1110999, 50564, 0, 0
1111999, 50607, 0, 0
1113000, 50422, 0, 0
1114000, 50815, 0, 0
1114999, 50816, 0, 0
1115999, 50605, 0, 0
1116999, 50743, 0, 0
1117999, 50642, 0, 0
1119000, 50545, 0, 0
1120000, 50700, 0, 0
1121000, 50700, 0, 0
1121999, 50694, 0, 0
1122999, 50682, 0, 0
1123999, 50538, 0, 0
1124999, 50799, 0, 0
1125999, 50950, 0, 0
1127000, 50665, 0, 0
1128000, 50826, 0, 0
1129000, 50654, 0, 0
1129999, 50726, 0, 0
1130999, 50601, 0, 0
1131999, 50479, 0, 0
1133000, 50526, 0, 0
1134000, 50485, 0, 0
1135000, 50577, 0, 0
1135999, 50718, 0, 0
1136999, 50503, 0, 0
1137999, 50671, 0, 0
1139000, 50555, 0, 0
1140000, 50668, 0, 0
1141000, 50626, 0, 0
1141999, 50589, 0, 0
1142999, 50533, 0, 0
1143999, 50652, 0, 0
1145000, 50445, 0, 0
1146000, 50184, 0, 0
1146999, 50601, 0, 0
1147999, 50669, 0, 0
1148999, 50602, 0, 0
1149999, 50524, 0, 0
1151000, 50439, 0, 0
1152000, 50544, 0, 0
1153000, 50599, 0, 0
1153999, 50616, 0, 0
1154999, 50504, 0, 0
1155999, 50760, 0, 0
1156999, 50769, 0, 0
1158000, 50485, 0, 0
1159000, 50097, 0, 0
1160000, 50578, 0, 0
1160999, 50441, 0, 0
1161999, 50554, 0, 0
1162999, 50406, 0, 0
1163999, 50472, 0, 0
1165000, 50305, 0, 0
1166000, 50367, 0, 0
1166999, 50470, 0, 0
1167999, 52130, 0, 0
1168999, 53490, 0, 0
1169999, 53436, 0, 0
1170999, 53497, 0, 0
1172000, 53297, 0, 0
1173000, 53488, 0, 0
1174000, 53319, 0, 0
1174999, 53551, 0, 0
1175999, 53466, 0, 0
1176999, 53429, 0, 0
1177999, 53188, 0, 0
1179000, 53380, 0, 0
1180000, 53332, 0, 0
1180999, 53273, 0, 0
1181999, 53330, 0, 0
1182999, 53300, 0, 0
1183999, 53421, 0, 0
1184999, 53623, 0, 0
1186000, 53382, 0, 0
1187000, 53424, 0, 0
1188000, 53227, 0, 0
1188999, 53434, 0, 0
1189999, 53404, 0, 0
1191000, 53402, 0, 0
1192000, 53306, 0, 0
1193000, 53295, 0, 0
1193999, 53414, 0, 0
1194999, 53429, 0, 0
1195999, 53436, 0, 0
1196999, 53285, 0, 0
1198000, 53422, 0, 0
1199000, 53224, 0, 0
1200000, 53378, 0, 0
