1003, 417229652, 0, 0
2002, 436722584, 0, 0
3042, 455146542, 0, 0
4029, 438769326, 0, 0
5041, 440960732, 0, 0
6013, 439422732, 0, 0
7023, 444753190, 0, 0
8043, 447879748, 0, 0
9026, 436958064, 0, 0
10020, 435169132, 0, 0
11039, 430062418, 0, 0
12015, 434016623, 0, 0
13011, 417235114, 0, 0
14054, 436442808, 0, 0
15016, 435202015, 0, 0
16009, 436431092, 0, 0
17038, 426296467, 0, 0
18030, 422940479, 0, 0
19014, 423950577, 0, 0
20044, 428490143, 0, 0
21020, 415588539, 0, 0
22001, 423751149, 0, 0
23051, 431706395, 0, 0
24031, 439279836, 0, 0
25049, 424748398, 0, 0
26021, 420191595, 0, 0
27006, 424945736, 0, 0
28039, 423055000, 0, 0
29004, 399476577, 0, 0
30037, 410417457, 0, 0
31041, 387620195, 0, 0
32020, 418693986, 0, 0
33047, 411506053, 0, 0
34048, 412950205, 0, 0
35010, 446295181, 0, 0
36031, 417302105, 0, 0
37024, 412434109, 0, 0
38033, 405607166, 0, 0
39030, 403139032, 0, 0
40042, 418583328, 0, 0
41040, 424626195, 0, 0
42013, 406198699, 0, 0
43057, 411893807, 0, 0
44016, 436518423, 0, 0
45009, 403839898, 0, 0
46023, 410782403, 0, 0
47019, 400643006, 0, 0
48004, 415642595, 0, 0
49032, 424857412, 0, 0
50006, 417852693, 0, 0
51018, 439418659, 0, 0
52019, 424907783, 0, 0
53041, 407118063, 0, 0
54057, 415796510, 0, 0
55003, 423729185, 0, 0
56034, 415637898, 0, 0
57016, 394850820, 0, 0
58000, 410169260, 0, 0
59012, 403267026, 0, 0
60009, 401916128, 0, 0
61026, 417622439, 0, 0
62026, 387964764, 0, 0
63009, 420274153, 0, 0
64043, 376757127, 0, 0
65052, 419759228, 0, 0
66004, 412797767, 0, 0
67030, 405728813, 0, 0
68067, 386585770, 0, 0
69012, 416672031, 0, 0
70040, 403347715, 0, 0
71053, 393882682, 0, 0
72041, 390021410, 0, 0
73046, 381992305, 0, 0
74046, 396532059, 0, 0
75016, 412413949, 0, 0
76045, 398011919, 0, 0
77038, 388639288, 0, 0
78031, 401055198, 0, 0
79034, 384613971, 0, 0
80044, 395158501, 0, 0
81002, 386151358, 0, 0
82035, 389026781, 0, 0
83015, 425469456, 0, 0
84052, 390539668, 0, 0
85023, 376013366, 0, 0
86024, 401013312, 0, 0
87052, 398710239, 0, 0
88050, 389938247, 0, 0
89054, 393831277, 0, 0
90046, 396763897, 0, 0
91033, 392265274, 0, 0
92018, 386484078, 0, 0
93032, 398938087, 0, 0
94010, 365542076, 0, 0
95039, 414451279, 0, 0
96011, 392092090, 0, 0
97020, 364364935, 0, 0
98045, 367890577, 0, 0
99028, 370693575, 0, 0
100020, 377142461, 0, 0
101006, 402076194, 0, 0
102009, 384193910, 0, 0
103040, 397722557, 0, 0
104043, 365161440, 0, 0
105031, 367411365, 0, 0
106052, 360465084, 0, 0
107062, 382440387, 0, 0
108044, 358952968, 0, 0
109040, 402089895, 0, 0
110000, 377877092, 0, 0
111026, 364618114, 0, 0
112001, 356022885, 0, 0
113021, 375085063, 0, 0
114004, 375330789, 0, 0
115034, 359932840, 0, 0
116007, 359844738, 0, 0
117048, 334295288, 0, 0
118014, 356905101, 0, 0
119038, 383928846, 0, 0
120044, 344479681, 0, 0
121049, 362635094, 0, 0
122022, 347318871, 0, 0
123020, 385787029, 0, 0
124010, 359379322, 0, 0
125013, 362454065, 0, 0
126030, 364249858, 0, 0
127019, 372291607, 0, 0
128055, 345514234, 0, 0
129004, 353316496, 0, 0
130038, 348079929, 0, 0
131047, 370176403, 0, 0
132025, 391998355, 0, 0
133044, 351705875, 0, 0
134044, 351591893, 0, 0
135049, 340451575, 0, 0
136038, 357685405, 0, 0
137003, 351279733, 0, 0
138029, 357115123, 0, 0
139034, 356174790, 0, 0
140045, 347954796, 0, 0
141011, 340982872, 0, 0
142030, 384968885, 0, 0
143011, 345541511, 0, 0
144020, 348506708, 0, 0
145035, 331937573, 0, 0
146046, 336363172, 0, 0
147041, 339126418, 0, 0
148036, 335497693, 0, 0
149017, 329592838, 0, 0
150007, 346512310, 0, 0
151052, 357956210, 0, 0
152064, 324788805, 0, 0
153020, 377964972, 0, 0
154012, 356405286, 0, 0
155021, 348584838, 0, 0
156051, 316751712, 0, 0
157048, 304387907, 0, 0
158029, 352647787, 0, 0
159050, 324337334, 0, 0
160027, 354059425, 0, 0
161017, 326502909, 0, 0
162036, 332067034, 0, 0
163045, 318246420, 0, 0
164028, 329611764, 0, 0
165049, 355513712, 0, 0
166022, 314032640, 0, 0
167005, 344528888, 0, 0
168025, 345193092, 0, 0
169040, 354802808, 0, 0
170040, 343860991, 0, 0
171017, 322174834, 0, 0
172001, 330934323, 0, 0
173035, 325802718, 0, 0
174026, 336773592, 0, 0
175057, 332405345, 0, 0
176050, 321800533, 0, 0
177030, 323026575, 0, 0
178029, 320260762, 0, 0
179052, 306353488, 0, 0
180051, 327985496, 0, 0
181035, 324356566, 0, 0
182013, 317457078, 0, 0
183029, 320670419, 0, 0
184023, 335690099, 0, 0
185040, 301208720, 0, 0
186014, 307752793, 0, 0
187032, 306624977, 0, 0
188020, 313011572, 0, 0
189021, 325654808, 0, 0
190029, 308222327, 0, 0
191016, 313070196, 0, 0
192029, 295132300, 0, 0
193006, 298375759, 0, 0
194018, 308254373, 0, 0
195002, 335252103, 0, 0
196048, 325595982, 0, 0
197023, 313121492, 0, 0
198031, 303290268, 0, 0
199006, 312385026, 0, 0
200050, 317638875, 0, 0
201028, 305023457, 0, 0
202039, 320623156, 0, 0
203030, 293342177, 0, 0
204019, 323316151, 0, 0
205043, 299855405, 0, 0
206012, 337260883, 0, 0
207001, 311982026, 0, 0
208045, 300922359, 0, 0
209027, 293801714, 0, 0
210000, 281134594, 0, 0
211015, 283986755, 0, 0
212034, 279737677, 0, 0
213028, 298086201, 0, 0
214030, 287310789, 0, 0
215005, 290024531, 0, 0
216018, 289718648, 0, 0
217051, 321085419, 0, 0
218010, 305796905, 0, 0
219042, 276163282, 0, 0
220027, 301750403, 0, 0
221047, 334436585, 0, 0
222027, 288160129, 0, 0
223011, 293341181, 0, 0
224017, 313213569, 0, 0
225001, 299908337, 0, 0
226043, 298168516, 0, 0
227029, 293152123, 0, 0
228024, 275828485, 0, 0
229011, 285929888, 0, 0
230026, 269006556, 0, 0
231032, 305654334, 0, 0
232022, 308103406, 0, 0
233023, 291820979, 0, 0
234035, 283385899, 0, 0
235032, 268909041, 0, 0
236002, 266733955, 0, 0
237047, 269511006, 0, 0
238020, 266928570, 0, 0
239031, 287563772, 0, 0
240013, 274335566, 0, 0
241002, 289905794, 0, 0
242008, 273182097, 0, 0
243031, 251074270, 0, 0
244015, 258981117, 0, 0
245018, 269264631, 0, 0
246003, 256578969, 0, 0
247015, 279786957, 0, 0
248023, 286873887, 0, 0
249021, 291523576, 0, 0
250022, 276117716, 0, 0
251013, 269468326, 0, 0
252046, 266639056, 0, 0
253014, 263279510, 0, 0
254003, 285806347, 0, 0
255004, 275758157, 0, 0
256040, 275797890, 0, 0
257040, 264723548, 0, 0
258019, 247832479, 0, 0
259002, 240884300, 0, 0
260048, 268789582, 0, 0
261032, 253792918, 0, 0
262020, 292321269, 0, 0
263000, 267346534, 0, 0
264057, 241550077, 0, 0
265035, 284559081, 0, 0
266026, 275705956, 0, 0
267011, 275597076, 0, 0
268001, 291633195, 0, 0
269001, 262571729, 0, 0
270057, 226209263, 0, 0
271042, 222521773, 0, 0
272008, 248576042, 0, 0
273005, 256198755, 0, 0
274000, 241485329, 0, 0
275036, 244510960, 0, 0
276012, 233312124, 0, 0
277015, 253569011, 0, 0
278024, 239940106, 0, 0
279000, 273098466, 0, 0
280028, 254303122, 0, 0
281053, 230124813, 0, 0
282018, 243529310, 0, 0
283043, 250297597, 0, 0
284016, 274859158, 0, 0
285030, 233574719, 0, 0
286016, 240353396, 0, 0
287012, 244154570, 0, 0
288048, 239504305, 0, 0
289016, 235774908, 0, 0
290015, 257946646, 0, 0
291019, 235662657, 0, 0
292006, 217253417, 0, 0
293048, 216090376, 0, 0
294044, 264905632, 0, 0
295051, 266709205, 0, 0
296053, 254573517, 0, 0
297002, 256622334, 0, 0
298051, 216658172, 0, 0
299012, 246881040, 0, 0
300014, 236034609, 0, 0
301038, 222763113, 0, 0
302003, 254771672, 0, 0
303006, 247752567, 0, 0
304003, 236552195, 0, 0
305037, 227535207, 0, 0
306033, 229880773, 0, 0
307045, 230902535, 0, 0
308055, 228136086, 0, 0
309014, 220533470, 0, 0
310018, 233909652, 0, 0
311008, 212962991, 0, 0
312007, 227173496, 0, 0
313030, 187225349, 0, 0
314048, 201274468, 0, 0
315040, 215584275, 0, 0
316021, 210604247, 0, 0
317052, 219369720, 0, 0
318020, 194975508, 0, 0
319016, 197096839, 0, 0
320013, 233588536, 0, 0
321046, 212549678, 0, 0
322026, 201973722, 0, 0
323034, 214628420, 0, 0
324018, 216995947, 0, 0
325019, 205226665, 0, 0
326035, 212881690, 0, 0
327028, 210533050, 0, 0
328034, 232155513, 0, 0
329008, 196195685, 0, 0
330009, 202310532, 0, 0
331047, 185763737, 0, 0
332022, 216172010, 0, 0
333013, 220896478, 0, 0
334036, 202975996, 0, 0
335045, 198150820, 0, 0
336012, 217052845, 0, 0
337006, 193596072, 0, 0
338035, 185722582, 0, 0
339006, 189749266, 0, 0
340009, 204681204, 0, 0
341007, 187558144, 0, 0
342027, 206100457, 0, 0
343018, 197415213, 0, 0
344038, 198472602, 0, 0
345008, 194614104, 0, 0
346052, 184338716, 0, 0
347049, 176278909, 0, 0
348020, 199253551, 0, 0
349024, 205351127, 0, 0
350034, 201447786, 0, 0
351005, 183754119, 0, 0
352015, 190390749, 0, 0
353005, 190426282, 0, 0
354015, 191348764, 0, 0
355011, 185318712, 0, 0
356010, 187606675, 0, 0
357054, 175832759, 0, 0
358035, 184614963, 0, 0
359024, 170794528, 0, 0
360029, 217460197, 0, 0
361043, 186205168, 0, 0
362019, 198951746, 0, 0
363019, 191032915, 0, 0
364032, 186114429, 0, 0
365033, 191569329, 0, 0
366042, 186193611, 0, 0
367046, 191074816, 0, 0
368047, 185280007, 0, 0
369047, 202162306, 0, 0
370026, 180780749, 0, 0
371041, 145854219, 0, 0
372007, 176463667, 0, 0
373014, 186296396, 0, 0
374032, 195073847, 0, 0
375021, 195501594, 0, 0
376032, 181776537, 0, 0
377015, 150657178, 0, 0
378028, 184707004, 0, 0
379054, 166829971, 0, 0
380007, 193455014, 0, 0
381008, 159142319, 0, 0
382033, 173980651, 0, 0
383003, 153645918, 0, 0
384023, 167292508, 0, 0
385032, 152228566, 0, 0
386040, 159935478, 0, 0
387032, 141662316, 0, 0
388027, 148556080, 0, 0
389044, 157615684, 0, 0
390045, 160319607, 0, 0
391036, 178329543, 0, 0
392027, 166710718, 0, 0
393045, 149059500, 0, 0
394003, 142451333, 0, 0
395053, 148739646, 0, 0
396015, 160613110, 0, 0
397020, 153158106, 0, 0
398033, 166574784, 0, 0
399014, 171105594, 0, 0
400014, 153711161, 0, 0
401000, 155917729, 0, 0
402037, 146544505, 0, 0
403023, 168041824, 0, 0
404012, 159606237, 0, 0
405045, 148434755, 0, 0
406010, 133725779, 0, 0
407024, 164977388, 0, 0
408006, 153452694, 0, 0
409003, 141013774, 0, 0
410030, 162419200, 0, 0
411030, 151911067, 0, 0
412019, 134958865, 0, 0
413041, 141528597, 0, 0
414018, 144502410, 0, 0
415006, 147470736, 0, 0
416038, 155419013, 0, 0
417038, 128236515, 0, 0
418027, 143043349, 0, 0
419027, 146152473, 0, 0
420000, 132873006, 0, 0
421033, 135005496, 0, 0
422022, 123178936, 0, 0
423007, 120782431, 0, 0
424050, 120740150, 0, 0
425031, 135323676, 0, 0
426058, 117517283, 0, 0
427039, 134412723, 0, 0
428015, 132156678, 0, 0
429000, 117231077, 0, 0
430024, 128568577, 0, 0
431002, 126099451, 0, 0
432019, 132310726, 0, 0
433041, 127366309, 0, 0
434006, 122728942, 0, 0
435033, 116954127, 0, 0
436037, 120523984, 0, 0
437016, 110472631, 0, 0
438020, 117897940, 0, 0
439014, 117520838, 0, 0
440008, 118680141, 0, 0
441055, 117841635, 0, 0
442048, 128243411, 0, 0
443014, 128239448, 0, 0
444025, 125437904, 0, 0
445022, 105781870, 0, 0
446030, 122702496, 0, 0
447003, 112995979, 0, 0
448033, 107453488, 0, 0
449049, 117587146, 0, 0
450026, 110500815, 0, 0
451008, 118946868, 0, 0
452047, 103884250, 0, 0
453018, 141228048, 0, 0
454015, 118896870, 0, 0
455039, 100083964, 0, 0
456011, 105850680, 0, 0
457047, 105452828, 0, 0
458043, 98595501, 0, 0
459056, 97415948, 0, 0
460023, 95958133, 0, 0
461050, 115032914, 0, 0
462045, 96766841, 0, 0
463036, 113193212, 0, 0
464056, 98414181, 0, 0
465010, 102122078, 0, 0
466043, 100205705, 0, 0
467027, 106079824, 0, 0
468010, 101214882, 0, 0
469009, 87399431, 0, 0
470011, 104151440, 0, 0
471046, 102301931, 0, 0
472031, 94977220, 0, 0
473013, 99000408, 0, 0
474044, 74905131, 0, 0
475046, 91441547, 0, 0
476051, 87392021, 0, 0
477025, 93756399, 0, 0
478035, 89232327, 0, 0
479017, 103185379, 0, 0
480039, 88466853, 0, 0
481028, 91748262, 0, 0
482051, 89179668, 0, 0
483010, 79292303, 0, 0
484037, 71325379, 0, 0
485047, 74021020, 0, 0
486026, 79240626, 0, 0
487013, 84058707, 0, 0
488059, 70968564, 0, 0
489031, 93190706, 0, 0
490042, 83804343, 0, 0
491017, 78530479, 0, 0
492030, 73423934, 0, 0
493009, 69412513, 0, 0
494002, 62300347, 0, 0
495020, 79281137, 0, 0
496026, 81719125, 0, 0
497028, 77965918, 0, 0
498048, 69544873, 0, 0
499029, 80667949, 0, 0
500002, 77244972, 0, 0
501000, 65785725, 0, 0
502044, 71655618, 0, 0
503008, 66635915, 0, 0
504024, 68580012, 0, 0
505042, 67321517, 0, 0
506039, 75735357, 0, 0
507042, 65133730, 0, 0
508010, 57816900, 0, 0
509048, 56153124, 0, 0
510018, 67436087, 0, 0
511047, 52457567, 0, 0
512043, 68963834, 0, 0
513003, 71010624, 0, 0
514005, 55016469, 0, 0
515018, 59348682, 0, 0
516001, 51943948, 0, 0
517039, 63929790, 0, 0
518047, 45678995, 0, 0
519041, 56176556, 0, 0
520038, 55928071, 0, 0
521009, 47089215, 0, 0
522049, 43256595, 0, 0
523011, 55976127, 0, 0
524037, 62473399, 0, 0
525014, 43684282, 0, 0
526030, 45898925, 0, 0
527041, 48908090, 0, 0
528039, 47611684, 0, 0
529049, 48139022, 0, 0
530034, 47138203, 0, 0
531040, 41217031, 0, 0
532062, 47559940, 0, 0
533006, 46405695, 0, 0
534017, 35445294, 0, 0
535006, 41712420, 0, 0
536012, 48997078, 0, 0
537010, 41896662, 0, 0
538002, 47125808, 0, 0
539043, 37427601, 0, 0
540034, 35671758, 0, 0
541002, 39275905, 0, 0
542013, 36586430, 0, 0
543031, 30595091, 0, 0
544015, 36879603, 0, 0
545041, 36084140, 0, 0
546032, 30050128, 0, 0
547058, 33650560, 0, 0
548027, 26993126, 0, 0
549020, 30308322, 0, 0
550035, 25535023, 0, 0
551000, 25264309, 0, 0
552042, 22095774, 0, 0
553034, 20127214, 0, 0
554030, 27126274, 0, 0
555029, 24369059, 0, 0
556002, 21657803, 0, 0
557009, 27439438, 0, 0
558028, 20462503, 0, 0
559028, 16975458, 0, 0
560010, 20057106, 0, 0
561049, 17218392, 0, 0
562024, 13742867, 0, 0
563024, 17005345, 0, 0
564007, 13731716, 0, 0
565019, 9355924, 0, 0
566041, 12057967, 0, 0
567006, 5240247, 0, 0
568000, 3979873, 0, 0
569000, 1396714, 0, 0
570000, 1292306, 0, 0
571000, 1292071, 0, 0
572000, 1292017, 0, 0
573000, 1294527, 0, 0
574000, 1294424, 0, 0
575000, 1300400, 0, 0
576000, 1288728, 0, 0
577000, 1289328, 0, 0
578000, 1288458, 0, 0
579000, 1292874, 0, 0
580000, 1292931, 0, 0
581000, 1298974, 0, 0
582000, 1298574, 0, 0
583000, 1285185, 0, 0
584000, 1290348, 0, 0
585000, 1294029, 0, 0
586000, 1295491, 0, 0
587000, 1292943, 0, 0
588000, 1294719, 0, 0
589000, 1293869, 0, 0
590000, 1288442, 0, 0
591000, 1289261, 0, 0
592000, 1293862, 0, 0
593000, 1294284, 0, 0
594000, 1294473, 0, 0
595000, 1295750, 0, 0
596000, 1290742, 0, 0
597000, 1289795, 0, 0
598000, 1294329, 0, 0
599000, 1294121, 0, 0
600000, 1295956, 0, 0
601000, 1297414, 0, 0
602000, 1298473, 0, 0
603000, 1293905, 0, 0
604000, 1289682, 0, 0
605000, 1291976, 0, 0
606000, 1296606, 0, 0
607000, 1296341, 0, 0
608000, 1295684, 0, 0
609000, 1293304, 0, 0
610000, 1288983, 0, 0
611000, 1289958, 0, 0
612000, 1293992, 0, 0
613000, 1293904, 0, 0
614000, 1295399, 0, 0
615000, 1294467, 0, 0
616000, 1292034, 0, 0
617000, 1291790, 0, 0
618000, 1292529, 0, 0
619000, 1290409, 0, 0
620000, 1290918, 0, 0
621000, 1298482, 0, 0
622000, 1292365, 0, 0
623000, 1290971, 0, 0
624000, 1290594, 0, 0
625000, 1291133, 0, 0
626000, 1290863, 0, 0
627000, 1292201, 0, 0
628000, 1297006, 0, 0
629000, 1288431, 0, 0
630000, 1292658, 0, 0
631000, 1292432, 0, 0
632000, 1292227, 0, 0
633000, 1292324, 0, 0
634000, 1298046, 0, 0
635000, 1296015, 0, 0
636000, 1294484, 0, 0
637000, 1290501, 0, 0
638000, 1292010, 0, 0
639000, 1296137, 0, 0
640000, 1295373, 0, 0
641000, 1297292, 0, 0
642000, 1296767, 0, 0
643000, 1292331, 0, 0
644000, 1295610, 0, 0
645000, 1293585, 0, 0
646000, 1296756, 0, 0
647000, 1295898, 0, 0
648000, 1297079, 0, 0
649000, 1294370, 0, 0
650000, 1293795, 0, 0
651000, 1292633, 0, 0
652000, 1291492, 0, 0
653000, 1297899, 0, 0
654000, 1293524, 0, 0
655000, 1297257, 0, 0
656000, 1267096, 0, 0
657000, 1257516, 0, 0
658000, 1255541, 0, 0
659000, 1255032, 0, 0
660000, 1257934, 0, 0
661000, 1258640, 0, 0
662000, 1255136, 0, 0
663000, 1252833, 0, 0
664000, 1251298, 0, 0
665000, 1251655, 0, 0
666000, 1250173, 0, 0
667000, 1255107, 0, 0
668000, 1248837, 0, 0
669000, 1248253, 0, 0
670000, 1247791, 0, 0
671000, 1249844, 0, 0
672000, 1249744, 0, 0
673000, 1253141, 0, 0
674000, 1248411, 0, 0
675000, 1245450, 0, 0
676000, 1244600, 0, 0
677000, 1255681, 0, 0
678000, 1253335, 0, 0
679000, 1258454, 0, 0
680000, 1255660, 0, 0
681000, 1261824, 0, 0
682000, 1249064, 0, 0
683000, 1252181, 0, 0
684000, 1249418, 0, 0
685000, 1254226, 0, 0
686000, 1258205, 0, 0
687000, 1254583, 0, 0
688000, 1252384, 0, 0
689000, 1254095, 0, 0
690000, 1251800, 0, 0
691000, 1261259, 0, 0
692000, 1261127, 0, 0
693000, 1254378, 0, 0
694000, 1252007, 0, 0
695000, 1256491, 0, 0
696000, 1254180, 0, 0
697000, 1255349, 0, 0
698000, 1259742, 0, 0
699000, 1255669, 0, 0
700000, 1250682, 0, 0
701000, 1243542, 0, 0
702000, 1258066, 0, 0
703000, 1255217, 0, 0
704000, 1257058, 0, 0
705000, 1260198, 0, 0
706000, 1260430, 0, 0
707000, 1257262, 0, 0
708000, 1256098, 0, 0
709000, 1253348, 0, 0
710000, 1259379, 0, 0
711000, 1260078, 0, 0
712000, 1259204, 0, 0
713000, 1260647, 0, 0
714000, 1255178, 0, 0
715000, 1253821, 0, 0
716000, 1260219, 0, 0
717000, 1259504, 0, 0
718000, 1258417, 0, 0
719000, 1258208, 0, 0
720000, 1256857, 0, 0
721000, 1257960, 0, 0
722000, 1256040, 0, 0
723000, 1256042, 0, 0
724000, 1262441, 0, 0
725000, 1258894, 0, 0
726000, 1257109, 0, 0
727000, 1254494, 0, 0
728000, 1257568, 0, 0
729000, 1253935, 0, 0
730000, 1253058, 0, 0
731000, 1258507, 0, 0
732000, 1261687, 0, 0
733000, 1254454, 0, 0
734000, 1260371, 0, 0
735000, 1255988, 0, 0
736000, 1258899, 0, 0
737000, 1259209, 0, 0
738000, 1261739, 0, 0
739000, 1257054, 0, 0
740000, 1255615, 0, 0
741000, 1257879, 0, 0
742000, 1257943, 0, 0
743000, 1257348, 0, 0
744000, 1263693, 0, 0
745000, 1258234, 0, 0
746000, 1257416, 0, 0
747000, 1255308, 0, 0
748000, 1260810, 0, 0
749000, 1255922, 0, 0
750000, 1259093, 0, 0
751000, 1259261, 0, 0
752000, 1260449, 0, 0
753000, 1256610, 0, 0
754000, 1260917, 0, 0
755000, 1254490, 0, 0
756000, 1262200, 0, 0
757000, 1259617, 0, 0
758000, 1259623, 0, 0
759000, 1255183, 0, 0
760000, 1261559, 0, 0
761000, 1257868, 0, 0
762000, 1259787, 0, 0
763000, 1260302, 0, 0
764000, 1251642, 0, 0
765000, 1252405, 0, 0
766000, 1258987, 0, 0
767000, 1258843, 0, 0
768000, 1258719, 0, 0
769000, 1260794, 0, 0
770000, 1264090, 0, 0
771000, 1256781, 0, 0
772000, 1256841, 0, 0
773000, 1260208, 0, 0
774000, 1256524, 0, 0
775000, 1258535, 0, 0
776000, 1260400, 0, 0
777000, 1258102, 0, 0
778000, 1253809, 0, 0
779000, 1257965, 0, 0
780000, 1257793, 0, 0
781000, 1261964, 0, 0
782000, 1256200, 0, 0
783000, 1258508, 0, 0
784000, 1262400, 0, 0
785000, 1255077, 0, 0
786000, 1257848, 0, 0
787000, 1259508, 0, 0
788000, 1262251, 0, 0
789000, 1260301, 0, 0
790000, 1263487, 0, 0
791000, 1258473, 0, 0
792000, 1258551, 0, 0
793000, 1259384, 0, 0
794000, 1265264, 0, 0
795000, 1261566, 0, 0
796000, 1261738, 0, 0
797000, 1254301, 0, 0
798000, 1250976, 0, 0
799000, 1255673, 0, 0
800000, 1257550, 0, 0
801000, 1260633, 0, 0
802000, 1260914, 0, 0
803000, 1261186, 0, 0
804000, 1255169, 0, 0
805000, 1261933, 0, 0
806000, 1263404, 0, 0
807000, 1259734, 0, 0
808000, 1262332, 0, 0
809000, 1257978, 0, 0
810000, 1258845, 0, 0
811000, 1259816, 0, 0
812000, 1258081, 0, 0
813000, 1256662, 0, 0
814000, 1255330, 0, 0
815000, 1261462, 0, 0
816000, 1257769, 0, 0
817000, 1254781, 0, 0
818000, 1253317, 0, 0
819000, 1254468, 0, 0
820000, 1262563, 0, 0
821000, 1263387, 0, 0
822000, 1264865, 0, 0
823000, 1260217, 0, 0
824000, 1257679, 0, 0
825000, 1258203, 0, 0
826000, 1260251, 0, 0
827000, 1259074, 0, 0
828000, 1259793, 0, 0
829000, 1261955, 0, 0
830000, 1256629, 0, 0
831000, 1257001, 0, 0
832000, 1252327, 0, 0
833000, 1254658, 0, 0
834000, 1254614, 0, 0
835000, 1263897, 0, 0
836000, 1257163, 0, 0
837000, 1259094, 0, 0
838000, 1259077, 0, 0
839000, 1264622, 0, 0
840000, 1257543, 0, 0
841000, 1261898, 0, 0
842000, 1259738, 0, 0
843000, 1260536, 0, 0
844000, 1258585, 0, 0
845000, 1257025, 0, 0
846000, 1253217, 0, 0
847000, 1254609, 0, 0
848000, 1254563, 0, 0
849000, 1255280, 0, 0
850000, 1261639, 0, 0
851000, 1259368, 0, 0
852000, 1260523, 0, 0
853000, 1260207, 0, 0
854000, 1263081, 0, 0
855000, 1254945, 0, 0
856000, 1259438, 0, 0
857000, 1256789, 0, 0
858000, 1264358, 0, 0
859000, 1263174, 0, 0
860000, 1258492, 0, 0
861000, 1259341, 0, 0
862000, 1255076, 0, 0
863000, 1257442, 0, 0
864000, 1261659, 0, 0
865000, 1260022, 0, 0
866000, 1260598, 0, 0
867000, 1267425, 0, 0
868000, 1255795, 0, 0
869000, 1258067, 0, 0
870000, 1259353, 0, 0
871000, 1263382, 0, 0
872000, 1261907, 0, 0
873000, 1262781, 0, 0
874000, 1259228, 0, 0
875000, 1265046, 0, 0
876000, 1261710, 0, 0
877000, 1264637, 0, 0
878000, 1261128, 0, 0
879000, 1262130, 0, 0
880000, 1261432, 0, 0
881000, 1260175, 0, 0
882000, 1260492, 0, 0
883000, 1262229, 0, 0
884000, 1259786, 0, 0
885000, 1262819, 0, 0
886000, 1262251, 0, 0
887000, 1259237, 0, 0
888000, 1257952, 0, 0
889000, 1259988, 0, 0
890000, 1261183, 0, 0
891000, 1260545, 0, 0
892000, 1261189, 0, 0
893000, 1261432, 0, 0
894000, 1262534, 0, 0
895000, 1260387, 0, 0
896000, 1256933, 0, 0
897000, 1267719, 0, 0
898000, 1258066, 0, 0
899000, 1261757, 0, 0
900000, 1264296, 0, 0
901000, 1258195, 0, 0
902000, 1259421, 0, 0
903000, 1264612, 0, 0
904000, 1264803, 0, 0
905000, 1259254, 0, 0
906000, 1262514, 0, 0
907000, 1258833, 0, 0
908000, 1260524, 0, 0
909000, 1261331, 0, 0
910000, 1263486, 0, 0
911000, 1263303, 0, 0
912000, 1254971, 0, 0
913000, 1261910, 0, 0
914000, 1259140, 0, 0
915000, 1261834, 0, 0
916000, 1260954, 0, 0
917000, 1263762, 0, 0
918000, 1256828, 0, 0
919000, 1264635, 0, 0
920000, 1253645, 0, 0
921000, 1264879, 0, 0
922000, 1261521, 0, 0
923000, 1263676, 0, 0
924000, 1266188, 0, 0
925000, 1267209, 0, 0
926000, 1258700, 0, 0
927000, 1263498, 0, 0
928000, 1266392, 0, 0
929000, 1260296, 0, 0
930000, 1259063, 0, 0
931000, 1264731, 0, 0
932000, 1265681, 0, 0
933000, 1258314, 0, 0
934000, 1261800, 0, 0
935000, 1261807, 0, 0
936000, 1263212, 0, 0
937000, 1264079, 0, 0
938000, 1266724, 0, 0
939000, 1261826, 0, 0
940000, 1260635, 0, 0
941000, 1261604, 0, 0
942000, 1261164, 0, 0
943000, 1261188, 0, 0
944000, 1262838, 0, 0
945000, 1265215, 0, 0
946000, 1260530, 0, 0
947000, 1259900, 0, 0
948000, 1262928, 0, 0
949000, 1266942, 0, 0
950000, 1259778, 0, 0
951000, 1263187, 0, 0
952000, 1253753, 0, 0
953000, 1261038, 0, 0
954000, 1259837, 0, 0
955000, 1263592, 0, 0
956000, 1263157, 0, 0
957000, 1264646, 0, 0
958000, 1266048, 0, 0
959000, 1258531, 0, 0
960000, 1264973, 0, 0
961000, 1262052, 0, 0
962000, 1265845, 0, 0
963000, 1264312, 0, 0
964000, 1263455, 0, 0
965000, 1264539, 0, 0
966000, 1259505, 0, 0
967000, 1262979, 0, 0
968000, 1266983, 0, 0
969000, 1262112, 0, 0
970000, 1267082, 0, 0
971000, 1263766, 0, 0
972000, 1250313, 0, 0
973000, 1260436, 0, 0
974000, 1262771, 0, 0
975000, 1260919, 0, 0
976000, 1262743, 0, 0
977000, 1266608, 0, 0
978000, 1259681, 0, 0
979000, 1260628, 0, 0
980000, 1262154, 0, 0
981000, 1263018, 0, 0
982000, 1260727, 0, 0
983000, 1260458, 0, 0
984000, 1266416, 0, 0
985000, 1259222, 0, 0
986000, 1262686, 0, 0
987000, 1265786, 0, 0
988000, 1262337, 0, 0
989000, 1261724, 0, 0
990000, 1263089, 0, 0
991000, 1262852, 0, 0
992000, 1263784, 0, 0
993000, 1259523, 0, 0
994000, 1267950, 0, 0
995000, 1265558, 0, 0
996000, 1264890, 0, 0
997000, 1261449, 0, 0
998000, 1262586, 0, 0
999000, 1264198, 0, 0
1000000, 1264096, 0, 0
1001000, 1262195, 0, 0
1002000, 1264465, 0, 0
1003000, 1262574, 0, 0
1004000, 1263306, 0, 0
1005000, 1262148, 0, 0
1006000, 1263420, 0, 0
1007000, 1263680, 0, 0
1008000, 1260720, 0, 0
1009000, 1263973, 0, 0
1010000, 1265630, 0, 0
1011000, 1262113, 0, 0
1012000, 1263532, 0, 0
1013000, 1264847, 0, 0
1014000, 1266890, 0, 0
1015000, 1264155, 0, 0
1016000, 1262080, 0, 0
1017000, 1260253, 0, 0
1018000, 1262974, 0, 0
1019000, 1264405, 0, 0
1020000, 1262094, 0, 0
1021000, 1266309, 0, 0
1022000, 1267161, 0, 0
1023000, 1264546, 0, 0
1024000, 1262697, 0, 0
1025000, 1261736, 0, 0
1026000, 1267118, 0, 0
1027000, 1263366, 0, 0
1028000, 1267334, 0, 0
1029000, 1263873, 0, 0
1030000, 1260534, 0, 0
1031000, 1260223, 0, 0
1032000, 1256197, 0, 0
1033000, 1256699, 0, 0
1034000, 1260718, 0, 0
1035000, 1265542, 0, 0
1036000, 1267092, 0, 0
1037000, 1265535, 0, 0
1038000, 1260602, 0, 0
1039000, 1265330, 0, 0
1040000, 1260377, 0, 0
1041000, 1263302, 0, 0
1042000, 1265451, 0, 0
1043000, 1260286, 0, 0
1044000, 1260071, 0, 0
1045000, 1260715, 0, 0
1046000, 1268674, 0, 0
1047000, 1263827, 0, 0
1048000, 1264965, 0, 0
1049000, 1261934, 0, 0
1050000, 1263981, 0, 0
1051000, 1263419, 0, 0
1052000, 1263390, 0, 0
1053000, 1262075, 0, 0
1054000, 1264716, 0, 0
1055000, 1265517, 0, 0
1056000, 1265111, 0, 0
1057000, 1264548, 0, 0
1058000, 1272799, 0, 0
1059000, 1282403, 0, 0
1060000, 1286109, 0, 0
1061000, 1282327, 0, 0
1062000, 1280722, 0, 0
1063000, 1281708, 0, 0
1064000, 1273530, 0, 0
1065000, 1259323, 0, 0
1066000, 1259669, 0, 0
1067000, 1265858, 0, 0
1068000, 1269245, 0, 0
1069000, 1264724, 0, 0
1070000, 1262934, 0, 0
1071000, 1276284, 0, 0
1072000, 1264384, 0, 0
1073000, 1262097, 0, 0
1074000, 1266720, 0, 0
1075000, 1257510, 0, 0
1076000, 1257517, 0, 0
1077000, 1265315, 0, 0
1078000, 1258582, 0, 0
1079000, 1265097, 0, 0
1080000, 1265140, 0, 0
1081000, 1266251, 0, 0
1082000, 1265837, 0, 0
1083000, 1270534, 0, 0
1084000, 1264383, 0, 0
1085000, 1265364, 0, 0
1086000, 1266989, 0, 0
1087000, 1268197, 0, 0
1088000, 1262690, 0, 0
1089000, 1264660, 0, 0
1090000, 1266127, 0, 0
1091000, 1265242, 0, 0
1092000, 1268496, 0, 0
1093000, 1262808, 0, 0
1094000, 1264517, 0, 0
1095000, 1263506, 0, 0
1096000, 1271405, 0, 0
1097000, 1262663, 0, 0
1098000, 1260538, 0, 0
1099000, 1256118, 0, 0
1100000, 1253717, 0, 0
1101000, 1265706, 0, 0
1102000, 1261922, 0, 0
1103000, 1263787, 0, 0
1104000, 1267153, 0, 0
1105000, 1268285, 0, 0
1106000, 1265392, 0, 0
1107000, 1262796, 0, 0
1108000, 1266306, 0, 0
1109000, 1269343, 0, 0
1110000, 1265105, 0, 0
1111000, 1265425, 0, 0
1112000, 1264616, 0, 0
1113000, 1268030, 0, 0
1114000, 1259103, 0, 0
1115000, 1258335, 0, 0
1116000, 1264688, 0, 0
1117000, 1261160, 0, 0
1118000, 1262577, 0, 0
1119000, 1266025, 0, 0
1120000, 1261057, 0, 0
1121000, 1259939, 0, 0
1122000, 1259145, 0, 0
1123000, 1260710, 0, 0
1124000, 1266180, 0, 0
1125000, 1259736, 0, 0
1126000, 1256184, 0, 0
1127000, 1262772, 0, 0
1128000, 1257965, 0, 0
1129000, 1261911, 0, 0
1130000, 1260825, 0, 0
1131000, 1263548, 0, 0
1132000, 1267981, 0, 0
1133000, 1265508, 0, 0
1134000, 1267157, 0, 0
1135000, 1263050, 0, 0
1136000, 1260617, 0, 0
1137000, 1267219, 0, 0
1138000, 1262897, 0, 0
1139000, 1264548, 0, 0
1140000, 1263855, 0, 0
1141000, 1262840, 0, 0
1142000, 1262856, 0, 0
1143000, 1266484, 0, 0
1144000, 1263698, 0, 0
1145000, 1267167, 0, 0
1146000, 1274012, 0, 0
1147000, 1263192, 0, 0
1148000, 1263182, 0, 0
1149000, 1264961, 0, 0
1150000, 1266591, 0, 0
1151000, 1267592, 0, 0
1152000, 1264848, 0, 0
1153000, 1263565, 0, 0
1154000, 1262947, 0, 0
1155000, 1267112, 0, 0
1156000, 1260854, 0, 0
1157000, 1260570, 0, 0
1158000, 1267231, 0, 0
1159000, 1274910, 0, 0
1160000, 1263932, 0, 0
1161000, 1267506, 0, 0
1162000, 1265994, 0, 0
1163000, 1269456, 0, 0
1164000, 1268091, 0, 0
1165000, 1270919, 0, 0
1166000, 1269405, 0, 0
1167000, 1266814, 0, 0
1168000, 1227558, 0, 0
1169000, 1198095, 0, 0
1170000, 1196039, 0, 0
1171000, 1196215, 0, 0
1172000, 1199480, 0, 0
1173000, 1195256, 0, 0
1174000, 1198097, 0, 0
1175000, 1193822, 0, 0
1176000, 1196977, 0, 0
1177000, 1196080, 0, 0
1178000, 1203087, 0, 0
1179000, 1199388, 0, 0
1180000, 1198809, 0, 0
1181000, 1200118, 0, 0
1182000, 1199928, 0, 0
1183000, 1200644, 0, 0
1184000, 1197837, 0, 0
1185000, 1193330, 0, 0
1186000, 1197684, 0, 0
1187000, 1196681, 0, 0
1188000, 1199276, 0, 0
1189000, 1194976, 0, 0
1190000, 1198416, 0, 0
1191000, 1197185, 0, 0
1192000, 1199393, 0, 0
1193000, 1199594, 0, 0
1194000, 1197873, 0, 0
1195000, 1197644, 0, 0
1196000, 1199292, 0, 0
1197000, 1201049, 0, 0
1198000, 1196711, 0, 0
1199000, 1201927, 0, 0
1200000, 1197572, 0, 0
1200001, 2108889, 0, 0
