999, 101, 0, 0
2000, 146, 0, 0
3000, 136, 0, 0
3999, 144, 0, 0
5000, 139, 0, 0
6000, 151, 0, 0
6999, 144, 0, 0
7999, 136, 0, 0
9000, 144, 0, 0
10000, 155, 0, 0
10999, 145, 0, 0
12000, 152, 0, 0
13000, 156, 0, 0
13999, 148, 0, 0
15000, 146, 0, 0
16000, 147, 0, 0
16999, 148, 0, 0
18000, 147, 0, 0
19000, 157, 0, 0
19999, 148, 0, 0
20999, 156, 0, 0
22000, 150, 0, 0
22999, 148, 0, 0
23999, 142, 0, 0
25000, 159, 0, 0
25999, 157, 0, 0
26999, 147, 0, 0
28000, 147, 0, 0
28999, 157, 0, 0
30000, 149, 0, 0
31000, 156, 0, 0
31999, 157, 0, 0
33000, 147, 0, 0
34000, 149, 0, 0
34999, 148, 0, 0
36000, 154, 0, 0
37000, 163, 0, 0
37999, 151, 0, 0
38999, 147, 0, 0
40000, 139, 0, 0
41000, 155, 0, 0
41999, 158, 0, 0
42999, 156, 0, 0
44000, 157, 0, 0
45000, 166, 0, 0
45999, 155, 0, 0
47000, 156, 0, 0
47999, 154, 0, 0
48999, 153, 0, 0
49999, 142, 0, 0
51000, 146, 0, 0
51999, 165, 0, 0
52999, 166, 0, 0
54000, 153, 0, 0
55000, 152, 0, 0
55999, 154, 0, 0
56999, 151, 0, 0
58000, 167, 0, 0
58999, 162, 0, 0
59999, 161, 0, 0
61000, 158, 0, 0
61999, 160, 0, 0
62999, 166, 0, 0
64000, 160, 0, 0
65000, 159, 0, 0
65999, 153, 0, 0
66999, 159, 0, 0
68000, 168, 0, 0
68999, 152, 0, 0
69999, 159, 0, 0
71000, 164, 0, 0
72000, 159, 0, 0
72999, 170, 0, 0
74000, 156, 0, 0
74999, 161, 0, 0
75999, 157, 0, 0
76999, 158, 0, 0
78000, 154, 0, 0
79000, 153, 0, 0
79999, 155, 0, 0
80999, 164, 0, 0
82000, 162, 0, 0
82999, 167, 0, 0
83999, 170, 0, 0
84999, 163, 0, 0
86000, 161, 0, 0
87000, 163, 0, 0
87999, 158, 0, 0
88999, 167, 0, 0
90000, 165, 0, 0
91000, 153, 0, 0
91999, 168, 0, 0
92999, 166, 0, 0
94000, 177, 0, 0
95000, 156, 0, 0
95999, 179, 0, 0
96999, 166, 0, 0
98000, 179, 0, 0
99000, 171, 0, 0
99999, 167, 0, 0
100999, 183, 0, 0
102000, 174, 0, 0
103000, 169, 0, 0
103999, 177, 0, 0
104999, 167, 0, 0
106000, 183, 0, 0
107000, 159, 0, 0
107999, 169, 0, 0
109000, 173, 0, 0
109999, 170, 0, 0
110999, 176, 0, 0
111999, 178, 0, 0
113000, 170, 0, 0
113999, 176, 0, 0
115000, 183, 0, 0
116000, 181, 0, 0
116999, 174, 0, 0
117999, 173, 0, 0
119000, 164, 0, 0
119999, 189, 0, 0
120999, 170, 0, 0
122000, 184, 0, 0
122999, 173, 0, 0
123999, 163, 0, 0
125000, 196, 0, 0
125999, 171, 0, 0
126999, 169, 0, 0
128000, 175, 0, 0
129000, 180, 0, 0
129999, 187, 0, 0
130999, 180, 0, 0
132000, 173, 0, 0
132999, 165, 0, 0
133999, 181, 0, 0
135000, 168, 0, 0
135999, 203, 0, 0
136999, 170, 0, 0
138000, 191, 0, 0
138999, 188, 0, 0
139999, 162, 0, 0
141000, 196, 0, 0
142000, 177, 0, 0
142999, 179, 0, 0
144000, 202, 0, 0
144999, 180, 0, 0
145999, 196, 0, 0
146999, 181, 0, 0
148000, 183, 0, 0
148999, 175, 0, 0
149999, 190, 0, 0
151000, 182, 0, 0
151999, 193, 0, 0
152999, 178, 0, 0
153999, 185, 0, 0
155000, 199, 0, 0
155999, 184, 0, 0
156999, 178, 0, 0
157999, 200, 0, 0
159000, 203, 0, 0
159999, 191, 0, 0
160999, 181, 0, 0
162000, 169, 0, 0
163000, 195, 0, 0
163999, 196, 0, 0
164999, 197, 0, 0
166000, 200, 0, 0
166999, 175, 0, 0
167999, 189, 0, 0
168999, 189, 0, 0
170000, 190, 0, 0
170999, 201, 0, 0
172000, 196, 0, 0
173000, 189, 0, 0
173999, 195, 0, 0
174999, 186, 0, 0
175999, 197, 0, 0
177000, 222, 0, 0
177999, 199, 0, 0
178999, 214, 0, 0
180000, 203, 0, 0
181000, 200, 0, 0
181999, 214, 0, 0
182999, 224, 0, 0
184000, 204, 0, 0
185000, 195, 0, 0
185999, 204, 0, 0
187000, 201, 0, 0
188000, 196, 0, 0
188999, 193, 0, 0
189999, 203, 0, 0
190999, 194, 0, 0
192000, 208, 0, 0
193000, 224, 0, 0
193999, 197, 0, 0
194999, 205, 0, 0
196000, 193, 0, 0
197000, 194, 0, 0
197999, 223, 0, 0
198999, 214, 0, 0
200000, 221, 0, 0
201000, 199, 0, 0
201999, 212, 0, 0
202999, 204, 0, 0
204000, 195, 0, 0
204999, 231, 0, 0
205999, 216, 0, 0
206999, 230, 0, 0
208000, 207, 0, 0
208999, 217, 0, 0
209999, 229, 0, 0
211000, 203, 0, 0
211999, 219, 0, 0
212999, 208, 0, 0
214000, 227, 0, 0
214999, 208, 0, 0
216000, 208, 0, 0
217000, 225, 0, 0
217999, 220, 0, 0
218999, 220, 0, 0
220000, 225, 0, 0
220999, 222, 0, 0
221999, 214, 0, 0
223000, 244, 0, 0
223999, 225, 0, 0
224999, 234, 0, 0
226000, 237, 0, 0
226999, 212, 0, 0
227999, 243, 0, 0
229000, 219, 0, 0
229999, 209, 0, 0
230999, 227, 0, 0
232000, 259, 0, 0
232999, 217, 0, 0
233999, 235, 0, 0
235000, 250, 0, 0
235999, 238, 0, 0
236999, 240, 0, 0
238000, 233, 0, 0
238999, 215, 0, 0
239999, 232, 0, 0
241000, 219, 0, 0
241999, 237, 0, 0
242999, 214, 0, 0
243999, 249, 0, 0
244999, 218, 0, 0
245999, 236, 0, 0
247000, 223, 0, 0
247999, 257, 0, 0
248999, 249, 0, 0
250000, 258, 0, 0
250999, 238, 0, 0
252000, 248, 0, 0
253000, 235, 0, 0
253999, 246, 0, 0
255000, 255, 0, 0
256000, 227, 0, 0
256999, 235, 0, 0
257999, 268, 0, 0
259000, 252, 0, 0
259999, 245, 0, 0
260999, 254, 0, 0
262000, 267, 0, 0
263000, 241, 0, 0
263999, 282, 0, 0
264999, 223, 0, 0
266000, 261, 0, 0
266999, 252, 0, 0
268000, 238, 0, 0
269000, 267, 0, 0
269999, 261, 0, 0
271000, 253, 0, 0
272000, 241, 0, 0
272999, 240, 0, 0
274000, 239, 0, 0
275000, 259, 0, 0
275999, 272, 0, 0
276999, 237, 0, 0
278000, 290, 0, 0
278999, 262, 0, 0
279999, 239, 0, 0
281000, 294, 0, 0
281999, 280, 0, 0
282999, 249, 0, 0
284000, 245, 0, 0
285000, 254, 0, 0
285999, 296, 0, 0
287000, 246, 0, 0
288000, 284, 0, 0
288999, 285, 0, 0
290000, 268, 0, 0
290999, 267, 0, 0
291999, 279, 0, 0
293000, 262, 0, 0
293999, 274, 0, 0
294999, 256, 0, 0
296000, 288, 0, 0
296999, 268, 0, 0
297999, 271, 0, 0
299000, 292, 0, 0
299999, 267, 0, 0
300999, 273, 0, 0
302000, 268, 0, 0
302999, 250, 0, 0
303999, 309, 0, 0
305000, 259, 0, 0
305999, 275, 0, 0
306999, 305, 0, 0
308000, 272, 0, 0
308999, 288, 0, 0
309999, 285, 0, 0
311000, 260, 0, 0
312000, 296, 0, 0
312999, 271, 0, 0
313999, 296, 0, 0
315000, 284, 0, 0
315999, 323, 0, 0
316999, 273, 0, 0
317999, 302, 0, 0
319000, 282, 0, 0
319999, 282, 0, 0
320999, 277, 0, 0
321999, 306, 0, 0
323000, 295, 0, 0
324000, 289, 0, 0
324999, 283, 0, 0
325999, 308, 0, 0
327000, 320, 0, 0
328000, 329, 0, 0
328999, 332, 0, 0
329999, 303, 0, 0
330999, 326, 0, 0
332000, 283, 0, 0
332999, 306, 0, 0
333999, 279, 0, 0
335000, 295, 0, 0
336000, 286, 0, 0
336999, 296, 0, 0
337999, 282, 0, 0
339000, 337, 0, 0
340000, 344, 0, 0
340999, 339, 0, 0
341999, 315, 0, 0
343000, 359, 0, 0
344000, 322, 0, 0
344999, 310, 0, 0
345999, 376, 0, 0
347000, 335, 0, 0
347999, 317, 0, 0
348999, 299, 0, 0
350000, 353, 0, 0
350999, 361, 0, 0
352000, 364, 0, 0
353000, 331, 0, 0
353999, 386, 0, 0
354999, 343, 0, 0
356000, 357, 0, 0
356999, 356, 0, 0
357999, 340, 0, 0
359000, 360, 0, 0
359999, 337, 0, 0
360999, 383, 0, 0
362000, 376, 0, 0
362999, 360, 0, 0
363999, 340, 0, 0
365000, 355, 0, 0
365999, 341, 0, 0
366999, 389, 0, 0
367999, 360, 0, 0
368999, 298, 0, 0
369999, 404, 0, 0
371000, 370, 0, 0
371999, 365, 0, 0
372999, 331, 0, 0
374000, 335, 0, 0
374999, 349, 0, 0
375999, 313, 0, 0
377000, 376, 0, 0
378000, 420, 0, 0
378999, 380, 0, 0
379999, 392, 0, 0
381000, 430, 0, 0
381999, 382, 0, 0
382999, 368, 0, 0
383999, 419, 0, 0
385000, 429, 0, 0
385999, 404, 0, 0
386999, 411, 0, 0
388000, 384, 0, 0
388999, 384, 0, 0
389999, 383, 0, 0
390999, 419, 0, 0
392000, 392, 0, 0
392999, 446, 0, 0
393999, 431, 0, 0
395000, 399, 0, 0
395999, 426, 0, 0
396999, 328, 0, 0
398000, 399, 0, 0
398999, 377, 0, 0
399999, 451, 0, 0
401000, 408, 0, 0
402000, 469, 0, 0
402999, 463, 0, 0
403999, 395, 0, 0
405000, 451, 0, 0
406000, 398, 0, 0
406999, 411, 0, 0
408000, 458, 0, 0
409000, 429, 0, 0
409999, 420, 0, 0
410999, 511, 0, 0
412000, 474, 0, 0
412999, 463, 0, 0
413999, 422, 0, 0
415000, 406, 0, 0
416000, 461, 0, 0
416999, 467, 0, 0
417999, 443, 0, 0
419000, 510, 0, 0
420000, 536, 0, 0
420999, 473, 0, 0
421999, 474, 0, 0
423000, 472, 0, 0
423999, 560, 0, 0
424999, 509, 0, 0
425999, 470, 0, 0
427000, 498, 0, 0
427999, 467, 0, 0
428999, 486, 0, 0
430000, 428, 0, 0
430999, 441, 0, 0
431999, 454, 0, 0
433000, 501, 0, 0
434000, 587, 0, 0
434999, 532, 0, 0
435999, 509, 0, 0
437000, 513, 0, 0
437999, 493, 0, 0
438999, 543, 0, 0
439999, 557, 0, 0
441000, 432, 0, 0
441999, 486, 0, 0
442999, 607, 0, 0
444000, 545, 0, 0
444999, 602, 0, 0
445999, 584, 0, 0
447000, 579, 0, 0
448000, 548, 0, 0
448999, 526, 0, 0
449999, 567, 0, 0
451000, 523, 0, 0
451999, 567, 0, 0
452999, 451, 0, 0
454000, 520, 0, 0
454999, 600, 0, 0
455999, 626, 0, 0
457000, 679, 0, 0
457999, 566, 0, 0
458999, 595, 0, 0
460000, 747, 0, 0
460999, 689, 0, 0
461999, 599, 0, 0
463000, 697, 0, 0
463999, 471, 0, 0
464999, 713, 0, 0
466000, 631, 0, 0
467000, 678, 0, 0
467999, 728, 0, 0
468999, 621, 0, 0
470000, 654, 0, 0
471000, 682, 0, 0
471999, 705, 0, 0
473000, 687, 0, 0
474000, 689, 0, 0
474999, 757, 0, 0
475999, 735, 0, 0
477000, 704, 0, 0
477999, 734, 0, 0
479000, 931, 0, 0
480000, 697, 0, 0
480999, 778, 0, 0
481999, 710, 0, 0
483000, 720, 0, 0
483999, 773, 0, 0
484999, 868, 0, 0
486000, 809, 0, 0
487000, 803, 0, 0
487999, 751, 0, 0
489000, 637, 0, 0
490000, 920, 0, 0
490999, 792, 0, 0
492000, 661, 0, 0
493000, 889, 0, 0
493999, 864, 0, 0
494999, 828, 0, 0
496000, 873, 0, 0
496999, 801, 0, 0
497999, 912, 0, 0
499000, 784, 0, 0
499999, 1037, 0, 0
500999, 990, 0, 0
502000, 1089, 0, 0
503000, 780, 0, 0
503999, 952, 0, 0
505000, 885, 0, 0
506000, 940, 0, 0
506999, 1017, 0, 0
507999, 1071, 0, 0
509000, 1064, 0, 0
510000, 987, 0, 0
510999, 1063, 0, 0
511999, 1165, 0, 0
513000, 991, 0, 0
514000, 1046, 0, 0
514999, 1251, 0, 0
515999, 1205, 0, 0
517000, 1314, 0, 0
518000, 1103, 0, 0
518999, 1526, 0, 0
519999, 1134, 0, 0
521000, 937, 0, 0
522000, 1053, 0, 0
522999, 1168, 0, 0
523999, 1023, 0, 0
525000, 1273, 0, 0
525999, 1239, 0, 0
526999, 1125, 0, 0
528000, 1325, 0, 0
529000, 1288, 0, 0
529999, 1750, 0, 0
530999, 1186, 0, 0
531999, 1406, 0, 0
533000, 1411, 0, 0
533999, 1596, 0, 0
534999, 1804, 0, 0
536000, 1670, 0, 0
537000, 1634, 0, 0
537999, 1340, 0, 0
538999, 1781, 0, 0
540000, 1604, 0, 0
541000, 1543, 0, 0
541999, 1383, 0, 0
542999, 1612, 0, 0
544000, 2185, 0, 0
544999, 1882, 0, 0
545999, 1946, 0, 0
547000, 1979, 0, 0
548000, 1761, 0, 0
548999, 2033, 0, 0
549999, 2414, 0, 0
551000, 2659, 0, 0
552000, 1874, 0, 0
552999, 2725, 0, 0
553999, 3117, 0, 0
555000, 3262, 0, 0
556000, 2500, 0, 0
556999, 3877, 0, 0
557999, 2604, 0, 0
559000, 4112, 0, 0
560000, 4106, 0, 0
561000, 4537, 0, 0
561999, 3613, 0, 0
562999, 4947, 0, 0
564000, 6447, 0, 0
565000, 6122, 0, 0
566000, 4551, 0, 0
567000, 12170, 0, 0
567999, 15789, 0, 0
568999, 44092, 0, 0
570000, 49431, 0, 0
571000, 49515, 0, 0
572000, 49371, 0, 0
572999, 49338, 0, 0
573999, 49401, 0, 0
574999, 49211, 0, 0
575999, 49663, 0, 0
577000, 49472, 0, 0
578000, 49574, 0, 0
579000, 49407, 0, 0
579999, 49411, 0, 0
580999, 49279, 0, 0
581999, 49281, 0, 0
583000, 49803, 0, 0
584000, 49543, 0, 0
585000, 49416, 0, 0
585999, 49346, 0, 0
586999, 49448, 0, 0
587999, 49428, 0, 0
588999, 49415, 0, 0
590000, 49588, 0, 0
591000, 49517, 0, 0
592000, 49414, 0, 0
593000, 49392, 0, 0
593999, 49389, 0, 0
594999, 49320, 0, 0
595999, 49580, 0, 0
597000, 49561, 0, 0
598000, 49408, 0, 0
599000, 49362, 0, 0
599999, 49330, 0, 0
600999, 49327, 0, 0
601999, 49290, 0, 0
602999, 49464, 0, 0
604000, 49573, 0, 0
605000, 49480, 0, 0
606000, 49310, 0, 0
607000, 49317, 0, 0
607999, 49345, 0, 0
608999, 49486, 0, 0
609999, 49652, 0, 0
611000, 49525, 0, 0
612000, 49414, 0, 0
613000, 49408, 0, 0
613999, 49354, 0, 0
614999, 49331, 0, 0
615999, 49529, 0, 0
617000, 49494, 0, 0
618000, 49465, 0, 0
619000, 49506, 0, 0
619999, 49481, 0, 0
620999, 49292, 0, 0
621999, 49520, 0, 0
622999, 49570, 0, 0
624000, 49540, 0, 0
625000, 49521, 0, 0
626000, 49522, 0, 0
626999, 49473, 0, 0
627999, 49337, 0, 0
628999, 49678, 0, 0
629999, 49498, 0, 0
631000, 49474, 0, 0
632000, 49478, 0, 0
633000, 49470, 0, 0
633999, 49252, 0, 0
634999, 49375, 0, 0
635999, 49447, 0, 0
636999, 49582, 0, 0
638000, 49487, 0, 0
639000, 49285, 0, 0
640000, 49311, 0, 0
640999, 49282, 0, 0
641999, 49350, 0, 0
642999, 49515, 0, 0
643999, 49395, 0, 0
645000, 49426, 0, 0
646000, 49303, 0, 0
647000, 49356, 0, 0
648000, 49287, 0, 0
648999, 49368, 0, 0
650000, 49482, 0, 0
651000, 49458, 0, 0
652000, 49502, 0, 0
653000, 49253, 0, 0
654000, 49433, 0, 0
655000, 49267, 0, 0
656000, 50456, 0, 0
657000, 50842, 0, 0
658000, 50921, 0, 0
659000, 50939, 0, 0
660000, 50814, 0, 0
661000, 50793, 0, 0
662000, 50974, 0, 0
663000, 51038, 0, 0
664000, 51091, 0, 0
665000, 51070, 0, 0
666000, 51136, 0, 0
667000, 50904, 0, 0
668000, 51155, 0, 0
669000, 51334, 0, 0
670000, 51242, 0, 0
670999, 51167, 0, 0
672000, 51230, 0, 0
673000, 51098, 0, 0
674000, 51203, 0, 0
675000, 51324, 0, 0
676000, 51445, 0, 0
677000, 50907, 0, 0
678000, 50999, 0, 0
679000, 50834, 0, 0
680000, 50911, 0, 0
681000, 50659, 0, 0
682000, 51227, 0, 0
683000, 51122, 0, 0
684000, 51159, 0, 0
685000, 50976, 0, 0
686000, 50800, 0, 0
687000, 50961, 0, 0
688000, 51050, 0, 0
689000, 50979, 0, 0
690000, 50996, 0, 0
691000, 50680, 0, 0
692000, 50695, 0, 0
693000, 50968, 0, 0
694000, 51061, 0, 0
695000, 50876, 0, 0
696000, 50924, 0, 0
697000, 50926, 0, 0
698000, 50703, 0, 0
699000, 50836, 0, 0
700000, 51114, 0, 0
701000, 51416, 0, 0
702000, 50812, 0, 0
703000, 50920, 0, 0
704000, 50788, 0, 0
704999, 50730, 0, 0
705999, 50767, 0, 0
706999, 50898, 0, 0
707999, 50948, 0, 0
708999, 50958, 0, 0
709999, 50824, 0, 0
710999, 50774, 0, 0
711999, 50823, 0, 0
712998, 50766, 0, 0
713998, 51032, 0, 0
714998, 51026, 0, 0
715998, 50792, 0, 0
716997, 50857, 0, 0
717997, 50945, 0, 0
718997, 50959, 0, 0
719997, 51023, 0, 0
720996, 50975, 0, 0
721997, 51076, 0, 0
722997, 51023, 0, 0
723997, 50751, 0, 0
724996, 50885, 0, 0
725996, 51094, 0, 0
726996, 51175, 0, 0
727996, 51078, 0, 0
728995, 51180, 0, 0
729995, 51271, 0, 0
730995, 51059, 0, 0
731995, 50924, 0, 0
732995, 51175, 0, 0
733995, 50992, 0, 0
734995, 51199, 0, 0
735995, 51031, 0, 0
736994, 51031, 0, 0
737994, 50969, 0, 0
738994, 51163, 0, 0
739993, 51229, 0, 0
740993, 51138, 0, 0
741993, 51148, 0, 0
742993, 51201, 0, 0
743993, 50858, 0, 0
744993, 51157, 0, 0
745993, 51202, 0, 0
746993, 51302, 0, 0
747992, 51056, 0, 0
748992, 51306, 0, 0
749992, 51155, 0, 0
750992, 51156, 0, 0
751991, 51133, 0, 0
752991, 51346, 0, 0
753991, 51168, 0, 0
754991, 51416, 0, 0
756000, 51084, 0, 0
757000, 50754, 0, 0
757991, 50784, 0, 0
758999, 51442, 0, 0
760000, 50675, 0, 0
761000, 50823, 0, 0
762000, 50791, 0, 0
763000, 50729, 0, 0
764000, 51038, 0, 0
764999, 51051, 0, 0
765999, 50820, 0, 0
766999, 50853, 0, 0
768000, 50786, 0, 0
769000, 50715, 0, 0
770000, 50582, 0, 0
770999, 50864, 0, 0
771999, 50921, 0, 0
772999, 50779, 0, 0
773999, 50934, 0, 0
775000, 50795, 0, 0
776000, 50724, 0, 0
777000, 50816, 0, 0
777999, 50954, 0, 0
778999, 50868, 0, 0
779999, 50880, 0, 0
780999, 50707, 0, 0
781999, 50882, 0, 0
783000, 50793, 0, 0
784000, 50696, 0, 0
785000, 50974, 0, 0
786000, 50831, 0, 0
786999, 50759, 0, 0
787999, 50699, 0, 0
788999, 50772, 0, 0
790000, 50606, 0, 0
791000, 50798, 0, 0
792000, 50799, 0, 0
793000, 50761, 0, 0
793999, 50533, 0, 0
794999, 50727, 0, 0
795999, 50717, 0, 0
797000, 50981, 0, 0
798000, 51102, 0, 0
799000, 50914, 0, 0
800000, 50847, 0, 0
800999, 50713, 0, 0
801999, 50751, 0, 0
803000, 50697, 0, 0
804000, 50935, 0, 0
805000, 50669, 0, 0
805999, 50604, 0, 0
806999, 50801, 0, 0
807999, 50700, 0, 0
809000, 50824, 0, 0
810000, 50792, 0, 0
811000, 50742, 0, 0
812000, 50822, 0, 0
812999, 50800, 0, 0
813999, 50857, 0, 0
815000, 50630, 0, 0
816000, 50840, 0, 0
817000, 50869, 0, 0
818000, 51011, 0, 0
818999, 50996, 0, 0
819999, 50684, 0, 0
820999, 50655, 0, 0
822000, 50548, 0, 0
823000, 50735, 0, 0
824000, 50829, 0, 0
824999, 50818, 0, 0
825999, 50772, 0, 0
826999, 50828, 0, 0
827999, 50801, 0, 0
829000, 50665, 0, 0
830000, 50869, 0, 0
831000, 50904, 0, 0
831999, 51084, 0, 0
832999, 50995, 0, 0
833999, 51021, 0, 0
834999, 50626, 0, 0
836000, 50854, 0, 0
837000, 50781, 0, 0
838000, 50782, 0, 0
839000, 50556, 0, 0
839999, 50835, 0, 0
840999, 50715, 0, 0
841999, 50801, 0, 0
843000, 50716, 0, 0
844000, 50787, 0, 0
845000, 50862, 0, 0
846000, 51023, 0, 0
846999, 50987, 0, 0
847999, 51014, 0, 0
848999, 50980, 0, 0
849999, 50807, 0, 0
851000, 50765, 0, 0
852000, 50722, 0, 0
853000, 50726, 0, 0
854000, 50682, 0, 0
854999, 50846, 0, 0
855999, 50817, 0, 0
857000, 50682, 0, 0
858000, 50565, 0, 0
859000, 50617, 0, 0
860000, 50795, 0, 0
860999, 50774, 0, 0
861999, 50946, 0, 0
863000, 50812, 0, 0
864000, 50669, 0, 0
865000, 50736, 0, 0
865999, 50647, 0, 0
866999, 50450, 0, 0
867999, 50959, 0, 0
868999, 50876, 0, 0
870000, 50804, 0, 0
871000, 50599, 0, 0
872000, 50706, 0, 0
872999, 50618, 0, 0
873999, 50835, 0, 0
874999, 50590, 0, 0
876000, 50719, 0, 0
877000, 50555, 0, 0
878000, 50698, 0, 0
878999, 50654, 0, 0
879999, 50736, 0, 0
880999, 50771, 0, 0
881999, 50771, 0, 0
883000, 50658, 0, 0
884000, 50792, 0, 0
885000, 50626, 0, 0
885999, 50652, 0, 0
886999, 50781, 0, 0
887999, 50817, 0, 0
888999, 50785, 0, 0
890000, 50735, 0, 0
891000, 50640, 0, 0
892000, 50700, 0, 0
893000, 50678, 0, 0
893999, 50641, 0, 0
894999, 50778, 0, 0
896000, 50860, 0, 0
897000, 50430, 0, 0
898000, 50823, 0, 0
899000, 50680, 0, 0
899999, 50566, 0, 0
900999, 50863, 0, 0
902000, 50811, 0, 0
903000, 50550, 0, 0
904000, 50556, 0, 0
905000, 50769, 0, 0
906000, 50638, 0, 0
906999, 50791, 0, 0
907999, 50773, 0, 0
909000, 50685, 0, 0
910000, 50607, 0, 0
911000, 50610, 0, 0
912000, 50929, 0, 0
912999, 50673, 0, 0
913999, 50791, 0, 0
915000, 50656, 0, 0
916000, 50714, 0, 0
917000, 50582, 0, 0
918000, 50877, 0, 0
918999, 50630, 0, 0
919999, 51007, 0, 0
921000, 50557, 0, 0
922000, 50680, 0, 0
923000, 50590, 0, 0
924000, 50496, 0, 0
924999, 50448, 0, 0
925999, 50838, 0, 0
926999, 50924, 0, 0
927999, 50541, 0, 0
929000, 50723, 0, 0
930000, 50786, 0, 0
931000, 50548, 0, 0
931999, 50514, 0, 0
932999, 50858, 0, 0
933999, 50718, 0, 0
934999, 50724, 0, 0
936000, 50610, 0, 0
937000, 50571, 0, 0
938000, 50475, 0, 0
938999, 50594, 0, 0
939999, 50760, 0, 0
940999, 50727, 0, 0
941999, 50745, 0, 0
943000, 50736, 0, 0
944000, 50564, 0, 0
945000, 50536, 0, 0
946000, 50677, 0, 0
947000, 50751, 0, 0
947999, 50612, 0, 0
948999, 50515, 0, 0
950000, 50800, 0, 0
951000, 50611, 0, 0
952000, 50995, 0, 0
952999, 50699, 0, 0
954000, 50834, 0, 0
954999, 50601, 0, 0
955999, 50667, 0, 0
957000, 50553, 0, 0
958000, 50502, 0, 0
959000, 50804, 0, 0
960000, 50576, 0, 0
960999, 50704, 0, 0
961999, 50520, 0, 0
963000, 50562, 0, 0
964000, 50611, 0, 0
965000, 50557, 0, 0
965999, 50721, 0, 0
966999, 50638, 0, 0
967999, 50504, 0, 0
969000, 50668, 0, 0
970000, 50450, 0, 0
971000, 50593, 0, 0
971999, 51130, 0, 0
972999, 50778, 0, 0
973999, 50685, 0, 0
974999, 50745, 0, 0
976000, 50636, 0, 0
977000, 50474, 0, 0
978000, 50751, 0, 0
978999, 50718, 0, 0
979999, 50698, 0, 0
980999, 50719, 0, 0
981999, 50758, 0, 0
983000, 50719, 0, 0
984000, 50486, 0, 0
985000, 50773, 0, 0
985999, 50636, 0, 0
986999, 50551, 0, 0
987999, 50699, 0, 0
989000, 50674, 0, 0
990000, 50619, 0, 0
991000, 50627, 0, 0
992000, 50587, 0, 0
992999, 50764, 0, 0
993999, 50465, 0, 0
994999, 50575, 0, 0
996000, 50548, 0, 0
997000, 50674, 0, 0
998000, 50652, 0, 0
999000, 50660, 0, 0
999999, 50576, 0, 0
1000999, 50705, 0, 0
1002000, 50562, 0, 0
1003000, 50632, 0, 0
1004000, 50614, 0, 0
1005000, 50651, 0, 0
1005999, 50611, 0, 0
1006999, 50646, 0, 0
1008000, 50708, 0, 0
1009000, 50587, 0, 0
1010000, 50517, 0, 0
1010999, 50658, 0, 0
1011999, 50648, 0, 0
1012999, 50598, 0, 0
1014000, 50467, 0, 0
1015000, 50574, 0, 0
1016000, 50656, 0, 0
1016999, 50733, 0, 0
1017999, 50632, 0, 0
1018999, 50594, 0, 0
1020000, 50654, 0, 0
1021000, 50488, 0, 0
1022000, 50454, 0, 0
1022999, 50563, 0, 0
1023999, 50671, 0, 0
1024999, 50726, 0, 0
1026000, 50455, 0, 0
1027000, 50610, 0, 0
1028000, 50449, 0, 0
1029000, 50577, 0, 0
1029999, 50757, 0, 0
1030999, 50857, 0, 0
1032000, 50897, 0, 0
1033000, 50878, 0, 0
1034000, 50702, 0, 0
1034999, 50530, 0, 0
1035999, 50502, 0, 0
1036999, 50614, 0, 0
1038000, 50786, 0, 0
1039000, 50522, 0, 0
1040000, 50727, 0, 0
1041000, 50568, 0, 0
1041999, 50453, 0, 0
1042999, 50739, 0, 0
1043999, 50789, 0, 0
1045000, 50624, 0, 0
1046000, 50403, 0, 0
1047000, 50591, 0, 0
1047999, 50536, 0, 0
1048999, 50718, 0, 0
1050000, 50584, 0, 0
1051000, 50604, 0, 0
1052000, 50609, 0, 0
1052999, 50661, 0, 0
1053999, 50604, 0, 0
1054999, 50572, 0, 0
1056000, 50524, 0, 0
1057000, 50568, 0, 0
1057999, 50159, 0, 0
1058999, 49973, 0, 0
1059999, 49754, 0, 0
1060999, 49829, 0, 0
1062000, 49923, 0, 0
1063000, 49872, 0, 0
1064000, 50217, 0, 0
1064999, 50770, 0, 0
1065999, 50801, 0, 0
1066999, 50556, 0, 0
1068000, 50421, 0, 0
1069000, 50549, 0, 0
1070000, 50618, 0, 0
1070999, 50097, 0, 0
1071999, 50616, 0, 0
1072999, 50708, 0, 0
1073999, 50524, 0, 0
1075000, 50836, 0, 0
1076000, 50847, 0, 0
1077000, 50570, 0, 0
1077999, 50798, 0, 0
1078999, 50547, 0, 0
1079999, 50580, 0, 0
1081000, 50500, 0, 0
1082000, 50503, 0, 0
1083000, 50323, 0, 0
1084000, 50572, 0, 0
1084999, 50524, 0, 0
1085999, 50513, 0, 0
1087000, 50418, 0, 0
1088000, 50633, 0, 0
1089000, 50558, 0, 0
1090000, 50496, 0, 0
1090999, 50529, 0, 0
1091999, 50453, 0, 0
1093000, 50626, 0, 0
1094000, 50560, 0, 0
1094999, 50603, 0, 0
1095999, 50331, 0, 0
1096999, 50691, 0, 0
1097999, 50816, 0, 0
1099000, 50899, 0, 0
1100000, 50995, 0, 0
1101000, 50515, 0, 0
1101999, 50693, 0, 0
1102999, 50680, 0, 0
1103999, 50575, 0, 0
1104999, 50462, 0, 0
1106000, 50557, 0, 0
1107000, 50634, 0, 0
1108000, 50480, 0, 0
1108999, 50368, 0, 0
1109999, 50592, 0, 0
1110999, 50572, 0, 0
1112000, 50605, 0, 0
1113000, 50417, 0, 0
1114000, 50777, 0, 0
1114999, 50812, 0, 0
1115999, 50600, 0, 0
1116999, 50748, 0, 0
1117999, 50642, 0, 0
1119000, 50502, 0, 0
1120000, 50695, 0, 0
1121000, 50702, 0, 0
1121999, 50731, 0, 0
1122999, 50686, 0, 0
1123999, 50538, 0, 0
1124999, 50806, 0, 0
1126000, 50944, 0, 0
1127000, 50625, 0, 0
1128000, 50830, 0, 0
1129000, 50703, 0, 0
1129999, 50713, 0, 0
1130999, 50647, 0, 0
1132000, 50419, 0, 0
1133000, 50534, 0, 0
1134000, 50369, 0, 0
1135000, 50618, 0, 0
1135999, 50722, 0, 0
1136999, 50499, 0, 0
1138000, 50625, 0, 0
1139000, 50553, 0, 0
1140000, 50588, 0, 0
1141000, 50632, 0, 0
1141999, 50627, 0, 0
1142999, 50531, 0, 0
1144000, 50598, 0, 0
1145000, 50452, 0, 0
1146000, 50184, 0, 0
1146999, 50607, 0, 0
1147999, 50665, 0, 0
1148999, 50601, 0, 0
1149999, 50522, 0, 0
1151000, 50436, 0, 0
1152000, 50546, 0, 0
1153000, 50600, 0, 0
1153999, 50620, 0, 0
1154999, 50468, 0, 0
1155999, 50756, 0, 0
1156999, 50768, 0, 0
1158000, 50444, 0, 0
1159000, 50139, 0, 0
1160000, 50585, 0, 0
1160999, 50437, 0, 0
1161999, 50555, 0, 0
1162999, 50407, 0, 0
1163999, 50505, 0, 0
1165000, 50301, 0, 0
1166000, 50368, 0, 0
1166999, 50474, 0, 0
1167999, 52128, 0, 0
1168999, 53415, 0, 0
1169999, 53433, 0, 0
1170999, 53499, 0, 0
1172000, 53297, 0, 0
1173000, 53494, 0, 0
1174000, 53310, 0, 0
1174999, 53555, 0, 0
1175999, 53461, 0, 0
1176999, 53429, 0, 0
1178000, 53155, 0, 0
1179000, 53303, 0, 0
1180000, 53325, 0, 0
1180999, 53275, 0, 0
1181999, 53337, 0, 0
1182999, 53296, 0, 0
1183999, 53417, 0, 0
1185000, 53583, 0, 0
1186000, 53380, 0, 0
1187000, 53427, 0, 0
1188000, 53230, 0, 0
1188999, 53424, 0, 0
1189999, 53405, 0, 0
1191000, 53395, 0, 0
1192000, 53314, 0, 0
1193000, 53299, 0, 0
1193999, 53325, 0, 0
1194999, 53433, 0, 0
1195999, 53354, 0, 0
1197000, 53236, 0, 0
1198000, 53459, 0, 0
1199000, 53269, 0, 0
1200000, 53361, 0, 0
