1041, 425468135, 0, 0
2054, 437099062, 0, 0
3023, 438444455, 0, 0
4026, 430349052, 0, 0
5023, 358680236, 0, 0
6005, 440302633, 0, 0
7005, 435340184, 0, 0
8053, 435763708, 0, 0
9033, 437242496, 0, 0
10041, 428940140, 0, 0
11039, 435255410, 0, 0
12010, 455891739, 0, 0
13000, 433526544, 0, 0
14058, 435220491, 0, 0
15015, 446072506, 0, 0
16000, 425051622, 0, 0
17034, 421182684, 0, 0
18019, 412584321, 0, 0
19005, 429136296, 0, 0
20050, 424365600, 0, 0
21025, 413619871, 0, 0
22016, 413812943, 0, 0
23035, 411079172, 0, 0
24042, 429173559, 0, 0
25010, 414267420, 0, 0
26044, 444290878, 0, 0
27050, 429534635, 0, 0
28030, 418198595, 0, 0
29019, 402481629, 0, 0
30002, 420133191, 0, 0
31033, 395665742, 0, 0
32025, 425364775, 0, 0
33016, 406986495, 0, 0
34004, 420659387, 0, 0
35033, 400150236, 0, 0
36006, 417320701, 0, 0
37034, 411869582, 0, 0
38026, 429646816, 0, 0
39004, 407945828, 0, 0
40031, 402120941, 0, 0
41019, 404548197, 0, 0
42016, 412288879, 0, 0
43040, 390913607, 0, 0
44031, 408230428, 0, 0
45030, 411875326, 0, 0
46013, 420479514, 0, 0
47009, 417648381, 0, 0
48042, 433194582, 0, 0
49003, 392206000, 0, 0
50057, 412270600, 0, 0
51028, 395856284, 0, 0
52035, 402042773, 0, 0
53037, 398170440, 0, 0
54034, 429261549, 0, 0
55012, 374144222, 0, 0
56057, 402227673, 0, 0
57049, 405946935, 0, 0
58026, 381961018, 0, 0
59001, 398133827, 0, 0
60028, 402449880, 0, 0
61008, 385611873, 0, 0
62008, 392750375, 0, 0
63000, 415727367, 0, 0
64011, 400402466, 0, 0
65001, 402622901, 0, 0
66040, 390197770, 0, 0
67034, 378402803, 0, 0
68024, 393565002, 0, 0
69019, 405070679, 0, 0
70009, 433324589, 0, 0
71007, 393513553, 0, 0
72027, 390807554, 0, 0
73042, 399167529, 0, 0
74028, 396265726, 0, 0
75020, 407025552, 0, 0
76017, 399898202, 0, 0
77018, 406255917, 0, 0
78000, 384352076, 0, 0
79043, 415292542, 0, 0
80044, 409127218, 0, 0
81021, 371573581, 0, 0
82006, 391238994, 0, 0
83053, 398680884, 0, 0
84020, 353850818, 0, 0
85034, 402820796, 0, 0
86016, 379562586, 0, 0
87041, 393589871, 0, 0
88021, 394459688, 0, 0
89027, 390769792, 0, 0
90020, 379326762, 0, 0
91045, 366535532, 0, 0
92037, 373143474, 0, 0
93028, 377885612, 0, 0
94013, 386202819, 0, 0
95005, 381230114, 0, 0
96040, 375994779, 0, 0
97039, 366349647, 0, 0
98000, 379897710, 0, 0
99001, 360803501, 0, 0
100029, 354585178, 0, 0
101039, 395747754, 0, 0
102017, 371374331, 0, 0
103010, 349136369, 0, 0
104008, 379244420, 0, 0
105013, 379352039, 0, 0
106011, 363415362, 0, 0
107034, 377772124, 0, 0
108051, 347187930, 0, 0
109005, 386645333, 0, 0
110048, 333710288, 0, 0
111004, 401100025, 0, 0
112029, 343072545, 0, 0
113004, 362186877, 0, 0
114052, 333784172, 0, 0
115011, 354804894, 0, 0
116042, 365318769, 0, 0
117028, 366838197, 0, 0
118010, 377330731, 0, 0
119030, 341557215, 0, 0
120024, 368474571, 0, 0
121002, 349942206, 0, 0
122007, 388020063, 0, 0
123040, 357310696, 0, 0
124008, 378011603, 0, 0
125006, 361287862, 0, 0
126032, 355848560, 0, 0
127005, 345724317, 0, 0
128011, 381539469, 0, 0
129055, 365897440, 0, 0
130032, 378209740, 0, 0
131045, 352654913, 0, 0
132052, 354716609, 0, 0
133044, 334247495, 0, 0
134040, 329602521, 0, 0
135003, 334650492, 0, 0
136035, 303253831, 0, 0
137044, 357591771, 0, 0
138015, 331665656, 0, 0
139009, 364442112, 0, 0
140054, 369639651, 0, 0
141056, 338994483, 0, 0
142005, 367860073, 0, 0
143012, 372242938, 0, 0
144020, 321526395, 0, 0
145033, 357175065, 0, 0
146005, 353467913, 0, 0
147016, 334647092, 0, 0
148007, 358136596, 0, 0
149037, 326167796, 0, 0
150029, 335919437, 0, 0
151014, 347864702, 0, 0
152041, 339208143, 0, 0
153039, 350671366, 0, 0
154013, 322546036, 0, 0
155047, 338577650, 0, 0
156006, 338440622, 0, 0
157020, 338209438, 0, 0
158031, 311695057, 0, 0
159012, 334466646, 0, 0
160042, 313865340, 0, 0
161011, 322652659, 0, 0
162020, 353741188, 0, 0
163038, 339889690, 0, 0
164035, 317946149, 0, 0
165038, 325270211, 0, 0
166003, 341352178, 0, 0
167009, 335610298, 0, 0
168013, 310636231, 0, 0
169027, 314506428, 0, 0
170013, 327076567, 0, 0
171036, 318856282, 0, 0
172021, 305763072, 0, 0
173010, 320427618, 0, 0
174041, 319393979, 0, 0
175030, 349623580, 0, 0
176018, 308607871, 0, 0
177012, 312246405, 0, 0
178037, 320924884, 0, 0
179047, 322033030, 0, 0
180000, 316487408, 0, 0
181002, 322100679, 0, 0
182050, 313521189, 0, 0
183045, 309767024, 0, 0
184039, 312355063, 0, 0
185022, 309634015, 0, 0
186033, 307633815, 0, 0
187037, 316874653, 0, 0
188011, 311659017, 0, 0
189053, 322522988, 0, 0
190047, 347582088, 0, 0
191038, 297658663, 0, 0
192049, 321428351, 0, 0
193030, 305608920, 0, 0
194006, 323842064, 0, 0
195050, 318129029, 0, 0
196039, 331373243, 0, 0
197010, 303720042, 0, 0
198023, 316912880, 0, 0
199042, 312999173, 0, 0
200048, 294175310, 0, 0
201046, 298312657, 0, 0
202053, 318605197, 0, 0
203012, 288612493, 0, 0
204044, 297131182, 0, 0
205017, 306031711, 0, 0
206033, 294461033, 0, 0
207024, 303765314, 0, 0
208047, 276073149, 0, 0
209013, 268434152, 0, 0
210038, 299121581, 0, 0
211050, 304109892, 0, 0
212022, 281305678, 0, 0
213046, 276826659, 0, 0
214051, 292643346, 0, 0
215011, 289069060, 0, 0
216002, 304626196, 0, 0
217030, 256845422, 0, 0
218011, 293566416, 0, 0
219038, 274068259, 0, 0
220042, 272325384, 0, 0
221025, 289983573, 0, 0
222036, 296864753, 0, 0
223007, 285366171, 0, 0
224027, 274259321, 0, 0
225033, 277837637, 0, 0
226001, 296959864, 0, 0
227027, 263129830, 0, 0
228030, 263919431, 0, 0
229030, 264301917, 0, 0
230048, 277750433, 0, 0
231018, 272639596, 0, 0
232048, 287678283, 0, 0
233022, 279168571, 0, 0
234049, 276564231, 0, 0
235024, 255459701, 0, 0
236051, 293790697, 0, 0
237040, 278666146, 0, 0
238048, 262767856, 0, 0
239031, 278409800, 0, 0
240032, 296996117, 0, 0
241026, 263002128, 0, 0
242031, 315141620, 0, 0
243002, 271979775, 0, 0
244049, 283489450, 0, 0
245033, 274963053, 0, 0
246018, 255243232, 0, 0
247053, 267142009, 0, 0
248006, 246118037, 0, 0
249050, 250186835, 0, 0
250009, 285047231, 0, 0
251047, 267017849, 0, 0
252033, 240231318, 0, 0
253009, 268931350, 0, 0
254050, 258286837, 0, 0
255021, 267781298, 0, 0
256045, 262981585, 0, 0
257022, 263098627, 0, 0
258055, 235727785, 0, 0
259046, 268986292, 0, 0
260053, 257992028, 0, 0
261042, 247422266, 0, 0
262036, 260957318, 0, 0
263009, 279866521, 0, 0
264007, 278091574, 0, 0
265051, 242220706, 0, 0
266006, 271480260, 0, 0
267034, 224619300, 0, 0
268032, 219841631, 0, 0
269031, 226807876, 0, 0
270025, 240892270, 0, 0
271009, 249503012, 0, 0
272033, 257147262, 0, 0
273020, 258118058, 0, 0
274043, 238197532, 0, 0
275014, 238743271, 0, 0
276019, 251594907, 0, 0
277018, 258665015, 0, 0
278029, 229700086, 0, 0
279018, 229269591, 0, 0
280020, 210202587, 0, 0
281017, 251496633, 0, 0
282012, 244339350, 0, 0
283010, 228909117, 0, 0
284005, 244351688, 0, 0
285034, 236519355, 0, 0
286040, 234638437, 0, 0
287027, 244448648, 0, 0
288027, 210076669, 0, 0
289002, 224864504, 0, 0
290019, 250640343, 0, 0
291025, 230017139, 0, 0
292026, 227605757, 0, 0
293043, 232189346, 0, 0
294028, 196133489, 0, 0
295002, 225546246, 0, 0
296034, 221317105, 0, 0
297007, 237964715, 0, 0
298047, 237685322, 0, 0
299005, 235398915, 0, 0
300047, 203235637, 0, 0
301030, 237682215, 0, 0
302005, 215661133, 0, 0
303014, 217782229, 0, 0
304034, 246301658, 0, 0
305000, 241540327, 0, 0
306052, 223006148, 0, 0
307003, 228655353, 0, 0
308047, 212208997, 0, 0
309029, 211011270, 0, 0
310033, 226301406, 0, 0
311004, 212124472, 0, 0
312035, 204609745, 0, 0
313026, 221114993, 0, 0
314041, 215645709, 0, 0
315040, 229974931, 0, 0
316012, 207697185, 0, 0
317020, 189044273, 0, 0
318014, 194676588, 0, 0
319050, 197437322, 0, 0
320008, 233233345, 0, 0
321026, 222158341, 0, 0
322044, 259984116, 0, 0
323031, 213446545, 0, 0
324003, 205693452, 0, 0
325001, 202386609, 0, 0
326049, 189842498, 0, 0
327011, 191706767, 0, 0
328054, 200286466, 0, 0
329038, 227158658, 0, 0
330046, 213921949, 0, 0
331032, 206125683, 0, 0
332034, 200838559, 0, 0
333008, 212715415, 0, 0
334040, 198169736, 0, 0
335031, 215770160, 0, 0
336009, 199326105, 0, 0
337016, 191853327, 0, 0
338047, 224304144, 0, 0
339006, 190305415, 0, 0
340038, 201506724, 0, 0
341054, 183784791, 0, 0
342016, 203239946, 0, 0
343023, 190506075, 0, 0
344028, 210676095, 0, 0
345040, 199099613, 0, 0
346050, 201848567, 0, 0
347041, 171574501, 0, 0
348042, 185689420, 0, 0
349019, 187568512, 0, 0
350047, 193429438, 0, 0
351038, 188691716, 0, 0
352057, 191642249, 0, 0
353014, 196371251, 0, 0
354040, 173599578, 0, 0
355051, 175926109, 0, 0
356034, 176011066, 0, 0
357017, 172854850, 0, 0
358025, 187358432, 0, 0
359019, 187010436, 0, 0
360052, 176066982, 0, 0
361001, 207405570, 0, 0
362045, 173951746, 0, 0
363036, 169612131, 0, 0
364048, 194235323, 0, 0
365030, 176867634, 0, 0
366017, 177878798, 0, 0
367042, 206495517, 0, 0
368014, 166305032, 0, 0
369020, 166549786, 0, 0
370039, 192939686, 0, 0
371086, 170799082, 0, 0
372049, 166746657, 0, 0
373013, 170437995, 0, 0
374053, 213536061, 0, 0
375029, 169579644, 0, 0
376037, 168128437, 0, 0
377017, 178061326, 0, 0
378036, 188026088, 0, 0
379035, 176758216, 0, 0
380050, 170034779, 0, 0
381033, 164927426, 0, 0
382012, 167589371, 0, 0
383051, 160272597, 0, 0
384003, 146313956, 0, 0
385029, 160077855, 0, 0
386042, 180008800, 0, 0
387048, 168670526, 0, 0
388041, 130666755, 0, 0
389021, 167631426, 0, 0
390018, 151451507, 0, 0
391032, 157101509, 0, 0
392002, 160803932, 0, 0
393039, 147982823, 0, 0
394052, 161313033, 0, 0
395039, 170961676, 0, 0
396004, 141607321, 0, 0
397035, 155363758, 0, 0
398002, 153255441, 0, 0
399037, 157625647, 0, 0
400054, 155034100, 0, 0
401009, 153293278, 0, 0
402018, 146930472, 0, 0
403041, 146534703, 0, 0
404043, 142674764, 0, 0
405034, 150702347, 0, 0
406051, 151603857, 0, 0
407048, 147947327, 0, 0
408048, 138168837, 0, 0
409027, 145217463, 0, 0
410052, 122584478, 0, 0
411050, 152894758, 0, 0
412014, 138012079, 0, 0
413006, 151980470, 0, 0
414008, 136003966, 0, 0
415006, 139264561, 0, 0
416007, 168958627, 0, 0
417043, 148315850, 0, 0
418018, 155565001, 0, 0
419005, 138443909, 0, 0
420045, 135219122, 0, 0
421009, 126991134, 0, 0
422022, 121675875, 0, 0
423048, 129897285, 0, 0
424002, 152512939, 0, 0
425033, 136757523, 0, 0
426048, 116493077, 0, 0
427041, 139878310, 0, 0
428037, 137242681, 0, 0
429008, 113345991, 0, 0
430036, 128816484, 0, 0
431026, 121378222, 0, 0
432039, 112671114, 0, 0
433023, 136758588, 0, 0
434038, 107480453, 0, 0
435047, 121675453, 0, 0
436015, 134594057, 0, 0
437009, 119392244, 0, 0
438011, 115522457, 0, 0
439024, 132843477, 0, 0
440021, 114705917, 0, 0
441031, 109750636, 0, 0
442042, 107455169, 0, 0
443039, 115214229, 0, 0
444023, 120895459, 0, 0
445002, 102728549, 0, 0
446041, 121382499, 0, 0
447058, 100372740, 0, 0
448013, 116749415, 0, 0
449015, 111079050, 0, 0
450039, 92853367, 0, 0
451028, 116336625, 0, 0
452006, 114980903, 0, 0
453014, 114062260, 0, 0
454024, 108239891, 0, 0
455023, 91099666, 0, 0
456055, 123253219, 0, 0
457023, 122607894, 0, 0
458052, 101012706, 0, 0
459029, 82247706, 0, 0
460048, 94939558, 0, 0
461042, 107869045, 0, 0
462023, 102108749, 0, 0
463000, 96982127, 0, 0
464028, 106033838, 0, 0
465014, 91038304, 0, 0
466043, 96753001, 0, 0
467006, 102526090, 0, 0
468012, 96165281, 0, 0
469026, 98188713, 0, 0
470031, 103851531, 0, 0
471000, 84140475, 0, 0
472013, 97367435, 0, 0
473010, 84134594, 0, 0
474047, 106497314, 0, 0
475022, 104729228, 0, 0
476035, 78935332, 0, 0
477007, 82790023, 0, 0
478044, 81739219, 0, 0
479018, 83518962, 0, 0
480002, 81480500, 0, 0
481011, 86929544, 0, 0
482017, 82464141, 0, 0
483011, 94664647, 0, 0
484043, 78312491, 0, 0
485058, 81258509, 0, 0
486009, 87782907, 0, 0
487015, 69116185, 0, 0
488003, 80930410, 0, 0
489015, 91841273, 0, 0
490045, 72472391, 0, 0
491010, 79490471, 0, 0
492007, 88575628, 0, 0
493032, 68307403, 0, 0
494012, 77625643, 0, 0
495023, 69490556, 0, 0
496021, 74821439, 0, 0
497030, 73864075, 0, 0
498031, 67990357, 0, 0
499037, 68572036, 0, 0
500021, 68895321, 0, 0
501013, 60226164, 0, 0
502027, 75870580, 0, 0
503000, 75427691, 0, 0
504054, 71206079, 0, 0
505004, 67224581, 0, 0
506037, 74874710, 0, 0
507011, 61258307, 0, 0
508019, 58450785, 0, 0
509025, 60516090, 0, 0
510040, 51023061, 0, 0
511037, 66763020, 0, 0
512028, 61703449, 0, 0
513028, 54579144, 0, 0
514044, 54688874, 0, 0
515009, 53748596, 0, 0
516016, 67119183, 0, 0
517032, 58182265, 0, 0
518004, 60558732, 0, 0
519054, 64902129, 0, 0
520006, 59477596, 0, 0
521003, 52427399, 0, 0
522006, 44494509, 0, 0
523044, 50009485, 0, 0
524006, 43725015, 0, 0
525059, 63430051, 0, 0
526074, 54453906, 0, 0
527008, 44005287, 0, 0
528004, 56382737, 0, 0
529050, 48424638, 0, 0
530000, 37086710, 0, 0
531022, 45832123, 0, 0
532005, 43843087, 0, 0
533012, 44891376, 0, 0
534048, 42926700, 0, 0
535003, 34013946, 0, 0
536037, 42227222, 0, 0
537033, 46150962, 0, 0
538010, 32672231, 0, 0
539012, 39183490, 0, 0
540054, 41482878, 0, 0
541043, 28945725, 0, 0
542041, 33502139, 0, 0
543007, 36693598, 0, 0
544008, 31468422, 0, 0
545008, 28795275, 0, 0
546040, 26161908, 0, 0
547025, 26442955, 0, 0
548027, 33179913, 0, 0
549048, 30212011, 0, 0
550027, 28293066, 0, 0
551000, 25148099, 0, 0
552003, 24262685, 0, 0
553000, 22535650, 0, 0
554009, 19216686, 0, 0
555014, 19749721, 0, 0
556030, 23062454, 0, 0
557021, 23649277, 0, 0
558043, 17847046, 0, 0
559044, 17822575, 0, 0
560051, 18261989, 0, 0
561019, 14491150, 0, 0
562002, 19375977, 0, 0
563003, 16163425, 0, 0
564039, 13270895, 0, 0
565000, 8788172, 0, 0
566008, 7862119, 0, 0
567027, 5128207, 0, 0
568000, 3028257, 0, 0
569000, 1238563, 0, 0
570000, 1285698, 0, 0
571000, 1282993, 0, 0
572000, 1284360, 0, 0
573000, 1288464, 0, 0
574000, 1284327, 0, 0
575000, 1291373, 0, 0
576000, 1280774, 0, 0
577000, 1284176, 0, 0
578000, 1281794, 0, 0
579000, 1286101, 0, 0
580000, 1285844, 0, 0
581000, 1290930, 0, 0
582000, 1289702, 0, 0
583000, 1277002, 0, 0
584000, 1282305, 0, 0
585000, 1286007, 0, 0
586000, 1285199, 0, 0
587000, 1286882, 0, 0
588000, 1284143, 0, 0
589000, 1287106, 0, 0
590000, 1281389, 0, 0
591000, 1282263, 0, 0
592000, 1284584, 0, 0
593000, 1286370, 0, 0
594000, 1286528, 0, 0
595000, 1289650, 0, 0
596000, 1282883, 0, 0
597000, 1281960, 0, 0
598000, 1286366, 0, 0
599000, 1287464, 0, 0
600000, 1288019, 0, 0
601000, 1289405, 0, 0
602000, 1290539, 0, 0
603000, 1285828, 0, 0
604000, 1281683, 0, 0
605000, 1284063, 0, 0
606000, 1287414, 0, 0
607000, 1288410, 0, 0
608000, 1287739, 0, 0
609000, 1285296, 0, 0
610000, 1280842, 0, 0
611000, 1282881, 0, 0
612000, 1286022, 0, 0
613000, 1285993, 0, 0
614000, 1287369, 0, 0
615000, 1289405, 0, 0
616000, 1283994, 0, 0
617000, 1283985, 0, 0
618000, 1284683, 0, 0
619000, 1283489, 0, 0
620000, 1284059, 0, 0
621000, 1290366, 0, 0
622000, 1285054, 0, 0
623000, 1282032, 0, 0
624000, 1282397, 0, 0
625000, 1283070, 0, 0
626000, 1282733, 0, 0
627000, 1284162, 0, 0
628000, 1288928, 0, 0
629000, 1280197, 0, 0
630000, 1283723, 0, 0
631000, 1284514, 0, 0
632000, 1283272, 0, 0
633000, 1284363, 0, 0
634000, 1289997, 0, 0
635000, 1288011, 0, 0
636000, 1286442, 0, 0
637000, 1282362, 0, 0
638000, 1284058, 0, 0
639000, 1289080, 0, 0
640000, 1288426, 0, 0
641000, 1289283, 0, 0
642000, 1287259, 0, 0
643000, 1284297, 0, 0
644000, 1287568, 0, 0
645000, 1285601, 0, 0
646000, 1288704, 0, 0
647000, 1287942, 0, 0
648000, 1289035, 0, 0
649000, 1286332, 0, 0
650000, 1284686, 0, 0
651000, 1284516, 0, 0
652000, 1283500, 0, 0
653000, 1290048, 0, 0
654000, 1285505, 0, 0
655000, 1289456, 0, 0
656000, 1259168, 0, 0
657000, 1249526, 0, 0
658000, 1247653, 0, 0
659000, 1247076, 0, 0
660000, 1250204, 0, 0
661000, 1250576, 0, 0
662000, 1247370, 0, 0
663000, 1244958, 0, 0
664000, 1243334, 0, 0
665000, 1243758, 0, 0
666000, 1242255, 0, 0
667000, 1248232, 0, 0
668000, 1241853, 0, 0
669000, 1240370, 0, 0
670000, 1238956, 0, 0
671000, 1241886, 0, 0
672000, 1241983, 0, 0
673000, 1245134, 0, 0
674000, 1240577, 0, 0
675000, 1237690, 0, 0
676000, 1236608, 0, 0
677000, 1247793, 0, 0
678000, 1245664, 0, 0
679000, 1250842, 0, 0
680000, 1247700, 0, 0
681000, 1254035, 0, 0
682000, 1243012, 0, 0
683000, 1244244, 0, 0
684000, 1241552, 0, 0
685000, 1246339, 0, 0
686000, 1250426, 0, 0
687000, 1246683, 0, 0
688000, 1244495, 0, 0
689000, 1245940, 0, 0
690000, 1245928, 0, 0
691000, 1253514, 0, 0
692000, 1253146, 0, 0
693000, 1246549, 0, 0
694000, 1244003, 0, 0
695000, 1248656, 0, 0
696000, 1246267, 0, 0
697000, 1247515, 0, 0
698000, 1252644, 0, 0
699000, 1249840, 0, 0
700000, 1242845, 0, 0
701000, 1235563, 0, 0
702000, 1249331, 0, 0
703000, 1246866, 0, 0
704000, 1251185, 0, 0
705000, 1252299, 0, 0
706000, 1252625, 0, 0
707000, 1249512, 0, 0
708000, 1248173, 0, 0
709000, 1246464, 0, 0
710000, 1251455, 0, 0
711000, 1252296, 0, 0
712000, 1253452, 0, 0
713000, 1252923, 0, 0
714000, 1248220, 0, 0
715000, 1247552, 0, 0
716000, 1253447, 0, 0
717000, 1251760, 0, 0
718000, 1250560, 0, 0
719000, 1250419, 0, 0
720000, 1249077, 0, 0
721000, 1250110, 0, 0
722000, 1247433, 0, 0
723000, 1247090, 0, 0
724000, 1255596, 0, 0
725000, 1251950, 0, 0
726000, 1249390, 0, 0
727000, 1246612, 0, 0
728000, 1249540, 0, 0
729000, 1246254, 0, 0
730000, 1245087, 0, 0
731000, 1250632, 0, 0
732000, 1253926, 0, 0
733000, 1246552, 0, 0
734000, 1252419, 0, 0
735000, 1246785, 0, 0
736000, 1250944, 0, 0
737000, 1251364, 0, 0
738000, 1253970, 0, 0
739000, 1249015, 0, 0
740000, 1247477, 0, 0
741000, 1251007, 0, 0
742000, 1250996, 0, 0
743000, 1249541, 0, 0
744000, 1254126, 0, 0
745000, 1250378, 0, 0
746000, 1249650, 0, 0
747000, 1247316, 0, 0
748000, 1252987, 0, 0
749000, 1248112, 0, 0
750000, 1253046, 0, 0
751000, 1251276, 0, 0
752000, 1252694, 0, 0
753000, 1248614, 0, 0
754000, 1251395, 0, 0
755000, 1245218, 0, 0
756000, 1254335, 0, 0
757000, 1251681, 0, 0
758000, 1251716, 0, 0
759000, 1247254, 0, 0
760000, 1253682, 0, 0
761000, 1250003, 0, 0
762000, 1251842, 0, 0
763000, 1252376, 0, 0
764000, 1244679, 0, 0
765000, 1244499, 0, 0
766000, 1249973, 0, 0
767000, 1250878, 0, 0
768000, 1250790, 0, 0
769000, 1252750, 0, 0
770000, 1256189, 0, 0
771000, 1245190, 0, 0
772000, 1248954, 0, 0
773000, 1252306, 0, 0
774000, 1248548, 0, 0
775000, 1250511, 0, 0
776000, 1252530, 0, 0
777000, 1250276, 0, 0
778000, 1246872, 0, 0
779000, 1250198, 0, 0
780000, 1250829, 0, 0
781000, 1254230, 0, 0
782000, 1249100, 0, 0
783000, 1249689, 0, 0
784000, 1255389, 0, 0
785000, 1247133, 0, 0
786000, 1250025, 0, 0
787000, 1251537, 0, 0
788000, 1254292, 0, 0
789000, 1252394, 0, 0
790000, 1254415, 0, 0
791000, 1248642, 0, 0
792000, 1250514, 0, 0
793000, 1251447, 0, 0
794000, 1257211, 0, 0
795000, 1251169, 0, 0
796000, 1253845, 0, 0
797000, 1246475, 0, 0
798000, 1243084, 0, 0
799000, 1247692, 0, 0
800000, 1249561, 0, 0
801000, 1252820, 0, 0
802000, 1252976, 0, 0
803000, 1253376, 0, 0
804000, 1246193, 0, 0
805000, 1253586, 0, 0
806000, 1254518, 0, 0
807000, 1251938, 0, 0
808000, 1254424, 0, 0
809000, 1250076, 0, 0
810000, 1250888, 0, 0
811000, 1252008, 0, 0
812000, 1248920, 0, 0
813000, 1250750, 0, 0
814000, 1250560, 0, 0
815000, 1254722, 0, 0
816000, 1249943, 0, 0
817000, 1248865, 0, 0
818000, 1245476, 0, 0
819000, 1247600, 0, 0
820000, 1254625, 0, 0
821000, 1255581, 0, 0
822000, 1257013, 0, 0
823000, 1252422, 0, 0
824000, 1247407, 0, 0
825000, 1250303, 0, 0
826000, 1252421, 0, 0
827000, 1251130, 0, 0
828000, 1252064, 0, 0
829000, 1254131, 0, 0
830000, 1248660, 0, 0
831000, 1249045, 0, 0
832000, 1244616, 0, 0
833000, 1246811, 0, 0
834000, 1246741, 0, 0
835000, 1256120, 0, 0
836000, 1249257, 0, 0
837000, 1251203, 0, 0
838000, 1251210, 0, 0
839000, 1256732, 0, 0
840000, 1249743, 0, 0
841000, 1253923, 0, 0
842000, 1252035, 0, 0
843000, 1252646, 0, 0
844000, 1250734, 0, 0
845000, 1249245, 0, 0
846000, 1245258, 0, 0
847000, 1246761, 0, 0
848000, 1246619, 0, 0
849000, 1247412, 0, 0
850000, 1253795, 0, 0
851000, 1251470, 0, 0
852000, 1252825, 0, 0
853000, 1252343, 0, 0
854000, 1256252, 0, 0
855000, 1249761, 0, 0
856000, 1251428, 0, 0
857000, 1253670, 0, 0
858000, 1256425, 0, 0
859000, 1255318, 0, 0
860000, 1250825, 0, 0
861000, 1251409, 0, 0
862000, 1248394, 0, 0
863000, 1250669, 0, 0
864000, 1253879, 0, 0
865000, 1252297, 0, 0
866000, 1254619, 0, 0
867000, 1260568, 0, 0
868000, 1247955, 0, 0
869000, 1250306, 0, 0
870000, 1251486, 0, 0
871000, 1255671, 0, 0
872000, 1253992, 0, 0
873000, 1254968, 0, 0
874000, 1251370, 0, 0
875000, 1257226, 0, 0
876000, 1253925, 0, 0
877000, 1256915, 0, 0
878000, 1253215, 0, 0
879000, 1254279, 0, 0
880000, 1253712, 0, 0
881000, 1252365, 0, 0
882000, 1251612, 0, 0
883000, 1254193, 0, 0
884000, 1251849, 0, 0
885000, 1254976, 0, 0
886000, 1254315, 0, 0
887000, 1252281, 0, 0
888000, 1251352, 0, 0
889000, 1252083, 0, 0
890000, 1253257, 0, 0
891000, 1254552, 0, 0
892000, 1253237, 0, 0
893000, 1253414, 0, 0
894000, 1254472, 0, 0
895000, 1252271, 0, 0
896000, 1248923, 0, 0
897000, 1259741, 0, 0
898000, 1250089, 0, 0
899000, 1253761, 0, 0
900000, 1251881, 0, 0
901000, 1250252, 0, 0
902000, 1251428, 0, 0
903000, 1256671, 0, 0
904000, 1255996, 0, 0
905000, 1251273, 0, 0
906000, 1254464, 0, 0
907000, 1250874, 0, 0
908000, 1252555, 0, 0
909000, 1253407, 0, 0
910000, 1255536, 0, 0
911000, 1255328, 0, 0
912000, 1247038, 0, 0
913000, 1253902, 0, 0
914000, 1252125, 0, 0
915000, 1254033, 0, 0
916000, 1252813, 0, 0
917000, 1255753, 0, 0
918000, 1248878, 0, 0
919000, 1255760, 0, 0
920000, 1246543, 0, 0
921000, 1257923, 0, 0
922000, 1253485, 0, 0
923000, 1255731, 0, 0
924000, 1256978, 0, 0
925000, 1259322, 0, 0
926000, 1249817, 0, 0
927000, 1248899, 0, 0
928000, 1257294, 0, 0
929000, 1252533, 0, 0
930000, 1251026, 0, 0
931000, 1256773, 0, 0
932000, 1257790, 0, 0
933000, 1250417, 0, 0
934000, 1253861, 0, 0
935000, 1253744, 0, 0
936000, 1255372, 0, 0
937000, 1256207, 0, 0
938000, 1258749, 0, 0
939000, 1255648, 0, 0
940000, 1252693, 0, 0
941000, 1253719, 0, 0
942000, 1253275, 0, 0
943000, 1253253, 0, 0
944000, 1256479, 0, 0
945000, 1257240, 0, 0
946000, 1253686, 0, 0
947000, 1252076, 0, 0
948000, 1254926, 0, 0
949000, 1259077, 0, 0
950000, 1251766, 0, 0
951000, 1255288, 0, 0
952000, 1245819, 0, 0
953000, 1253167, 0, 0
954000, 1250596, 0, 0
955000, 1255744, 0, 0
956000, 1255164, 0, 0
957000, 1256694, 0, 0
958000, 1258155, 0, 0
959000, 1250521, 0, 0
960000, 1257059, 0, 0
961000, 1254178, 0, 0
962000, 1258778, 0, 0
963000, 1256487, 0, 0
964000, 1255426, 0, 0
965000, 1256782, 0, 0
966000, 1251731, 0, 0
967000, 1255896, 0, 0
968000, 1258899, 0, 0
969000, 1254126, 0, 0
970000, 1259192, 0, 0
971000, 1255724, 0, 0
972000, 1242472, 0, 0
973000, 1252493, 0, 0
974000, 1253916, 0, 0
975000, 1252978, 0, 0
976000, 1254843, 0, 0
977000, 1258677, 0, 0
978000, 1251975, 0, 0
979000, 1252656, 0, 0
980000, 1254261, 0, 0
981000, 1255078, 0, 0
982000, 1252776, 0, 0
983000, 1252546, 0, 0
984000, 1257424, 0, 0
985000, 1251169, 0, 0
986000, 1254618, 0, 0
987000, 1257701, 0, 0
988000, 1254106, 0, 0
989000, 1253668, 0, 0
990000, 1255030, 0, 0
991000, 1254847, 0, 0
992000, 1255540, 0, 0
993000, 1251429, 0, 0
994000, 1260221, 0, 0
995000, 1257601, 0, 0
996000, 1257126, 0, 0
997000, 1253574, 0, 0
998000, 1254671, 0, 0
999000, 1256287, 0, 0
1000000, 1256187, 0, 0
1001000, 1254312, 0, 0
1002000, 1256556, 0, 0
1003000, 1254737, 0, 0
1004000, 1255315, 0, 0
1005000, 1254315, 0, 0
1006000, 1255580, 0, 0
1007000, 1255445, 0, 0
1008000, 1252795, 0, 0
1009000, 1255853, 0, 0
1010000, 1257704, 0, 0
1011000, 1254111, 0, 0
1012000, 1255507, 0, 0
1013000, 1256819, 0, 0
1014000, 1258913, 0, 0
1015000, 1256099, 0, 0
1016000, 1254173, 0, 0
1017000, 1252332, 0, 0
1018000, 1255907, 0, 0
1019000, 1256965, 0, 0
1020000, 1254132, 0, 0
1021000, 1258309, 0, 0
1022000, 1259184, 0, 0
1023000, 1256679, 0, 0
1024000, 1253759, 0, 0
1025000, 1253682, 0, 0
1026000, 1257979, 0, 0
1027000, 1255430, 0, 0
1028000, 1259337, 0, 0
1029000, 1256121, 0, 0
1030000, 1252536, 0, 0
1031000, 1252249, 0, 0
1032000, 1248289, 0, 0
1033000, 1248625, 0, 0
1034000, 1253801, 0, 0
1035000, 1257412, 0, 0
1036000, 1259237, 0, 0
1037000, 1257546, 0, 0
1038000, 1252725, 0, 0
1039000, 1257336, 0, 0
1040000, 1252378, 0, 0
1041000, 1256217, 0, 0
1042000, 1259271, 0, 0
1043000, 1254259, 0, 0
1044000, 1252175, 0, 0
1045000, 1254785, 0, 0
1046000, 1260663, 0, 0
1047000, 1254804, 0, 0
1048000, 1256924, 0, 0
1049000, 1253833, 0, 0
1050000, 1256151, 0, 0
1051000, 1255555, 0, 0
1052000, 1255303, 0, 0
1053000, 1254191, 0, 0
1054000, 1256706, 0, 0
1055000, 1257586, 0, 0
1056000, 1257192, 0, 0
1057000, 1256418, 0, 0
1058000, 1266749, 0, 0
1059000, 1274316, 0, 0
1060000, 1278378, 0, 0
1061000, 1276306, 0, 0
1062000, 1272627, 0, 0
1063000, 1273802, 0, 0
1064000, 1265465, 0, 0
1065000, 1251372, 0, 0
1066000, 1251760, 0, 0
1067000, 1257950, 0, 0
1068000, 1261310, 0, 0
1069000, 1256820, 0, 0
1070000, 1255054, 0, 0
1071000, 1268311, 0, 0
1072000, 1256393, 0, 0
1073000, 1254168, 0, 0
1074000, 1258779, 0, 0
1075000, 1249654, 0, 0
1076000, 1249464, 0, 0
1077000, 1257450, 0, 0
1078000, 1250600, 0, 0
1079000, 1258035, 0, 0
1080000, 1257335, 0, 0
1081000, 1258329, 0, 0
1082000, 1257883, 0, 0
1083000, 1262681, 0, 0
1084000, 1256334, 0, 0
1085000, 1257400, 0, 0
1086000, 1258958, 0, 0
1087000, 1260256, 0, 0
1088000, 1254751, 0, 0
1089000, 1256652, 0, 0
1090000, 1258148, 0, 0
1091000, 1257356, 0, 0
1092000, 1260597, 0, 0
1093000, 1254850, 0, 0
1094000, 1255714, 0, 0
1095000, 1255559, 0, 0
1096000, 1263465, 0, 0
1097000, 1254558, 0, 0
1098000, 1252457, 0, 0
1099000, 1248199, 0, 0
1100000, 1245815, 0, 0
1101000, 1257845, 0, 0
1102000, 1253932, 0, 0
1103000, 1255792, 0, 0
1104000, 1259223, 0, 0
1105000, 1260372, 0, 0
1106000, 1257391, 0, 0
1107000, 1254865, 0, 0
1108000, 1258296, 0, 0
1109000, 1261456, 0, 0
1110000, 1257138, 0, 0
1111000, 1257605, 0, 0
1112000, 1256725, 0, 0
1113000, 1260042, 0, 0
1114000, 1251252, 0, 0
1115000, 1250371, 0, 0
1116000, 1256661, 0, 0
1117000, 1253286, 0, 0
1118000, 1255701, 0, 0
1119000, 1258085, 0, 0
1120000, 1252013, 0, 0
1121000, 1250586, 0, 0
1122000, 1253177, 0, 0
1123000, 1254814, 0, 0
1124000, 1258376, 0, 0
1125000, 1251900, 0, 0
1126000, 1246574, 0, 0
1127000, 1254923, 0, 0
1128000, 1250029, 0, 0
1129000, 1254074, 0, 0
1130000, 1252832, 0, 0
1131000, 1256735, 0, 0
1132000, 1260089, 0, 0
1133000, 1257476, 0, 0
1134000, 1261338, 0, 0
1135000, 1254307, 0, 0
1136000, 1251728, 0, 0
1137000, 1259312, 0, 0
1138000, 1254932, 0, 0
1139000, 1255014, 0, 0
1140000, 1255841, 0, 0
1141000, 1254670, 0, 0
1142000, 1255790, 0, 0
1143000, 1258401, 0, 0
1144000, 1256725, 0, 0
1145000, 1259195, 0, 0
1146000, 1265868, 0, 0
1147000, 1255174, 0, 0
1148000, 1255164, 0, 0
1149000, 1256888, 0, 0
1150000, 1257834, 0, 0
1151000, 1259702, 0, 0
1152000, 1256864, 0, 0
1153000, 1253675, 0, 0
1154000, 1255577, 0, 0
1155000, 1260039, 0, 0
1156000, 1251819, 0, 0
1157000, 1249414, 0, 0
1158000, 1259253, 0, 0
1159000, 1268390, 0, 0
1160000, 1256134, 0, 0
1161000, 1259459, 0, 0
1162000, 1258108, 0, 0
1163000, 1261553, 0, 0
1164000, 1260194, 0, 0
1165000, 1263121, 0, 0
1166000, 1261408, 0, 0
1167000, 1258927, 0, 0
1168000, 1219730, 0, 0
1169000, 1190226, 0, 0
1170000, 1189830, 0, 0
1171000, 1188315, 0, 0
1172000, 1191802, 0, 0
1173000, 1187498, 0, 0
1174000, 1185391, 0, 0
1175000, 1185157, 0, 0
1176000, 1189006, 0, 0
1177000, 1189651, 0, 0
1178000, 1195647, 0, 0
1179000, 1191334, 0, 0
1180000, 1190785, 0, 0
1181000, 1192085, 0, 0
1182000, 1191930, 0, 0
1183000, 1192785, 0, 0
1184000, 1189980, 0, 0
1185000, 1185205, 0, 0
1186000, 1189911, 0, 0
1187000, 1188880, 0, 0
1188000, 1193313, 0, 0
1189000, 1188815, 0, 0
1190000, 1190735, 0, 0
1191000, 1189461, 0, 0
1192000, 1191514, 0, 0
1193000, 1191824, 0, 0
1194000, 1191096, 0, 0
1195000, 1189911, 0, 0
1196000, 1191717, 0, 0
1197000, 1193365, 0, 0
1198000, 1188969, 0, 0
1199000, 1194367, 0, 0
1200000, 1189898, 0, 0
1200001, 1855520, 0, 0
