1000, 1184868, 0, 0
2000, 1190749, 0, 0
3000, 1191720, 0, 0
4000, 1197542, 0, 0
5000, 1195344, 0, 0
6000, 1194512, 0, 0
7000, 1193781, 0, 0
8000, 1191288, 0, 0
9000, 1188826, 0, 0
10000, 1196077, 0, 0
11000, 1192855, 0, 0
12000, 1193536, 0, 0
13000, 1192998, 0, 0
14000, 1193170, 0, 0
15000, 1195518, 0, 0
16000, 1193999, 0, 0
17000, 1196715, 0, 0
18000, 1191956, 0, 0
19000, 1192161, 0, 0
20000, 1192191, 0, 0
21000, 1193046, 0, 0
22000, 1193045, 0, 0
23000, 1198229, 0, 0
24000, 1192475, 0, 0
25000, 1196576, 0, 0
26000, 1196950, 0, 0
27000, 1193454, 0, 0
28000, 1196013, 0, 0
29000, 1203899, 0, 0
30000, 1193324, 0, 0
31000, 1194302, 0, 0
32000, 1194164, 0, 0
33000, 1196605, 0, 0
34000, 1195564, 0, 0
35000, 1196851, 0, 0
36000, 1197464, 0, 0
37000, 1194276, 0, 0
38000, 1194100, 0, 0
39000, 1195411, 0, 0
40000, 1194185, 0, 0
41000, 1201539, 0, 0
42000, 1197490, 0, 0
43000, 1192703, 0, 0
44000, 1197132, 0, 0
45000, 1194714, 0, 0
46000, 1199235, 0, 0
47000, 1198227, 0, 0
48000, 1191950, 0, 0
49000, 1196670, 0, 0
50000, 1196341, 0, 0
51000, 1192493, 0, 0
52000, 1197815, 0, 0
53000, 1195756, 0, 0
54000, 1200954, 0, 0
55000, 1194988, 0, 0
56000, 1197214, 0, 0
57000, 1196784, 0, 0
58000, 1195918, 0, 0
59000, 1196793, 0, 0
60000, 1197272, 0, 0
61000, 1197850, 0, 0
62000, 1195445, 0, 0
63000, 1197869, 0, 0
64000, 1198399, 0, 0
65000, 1200669, 0, 0
66000, 1202383, 0, 0
67000, 1197941, 0, 0
68000, 1196498, 0, 0
69000, 1196978, 0, 0
70000, 1191727, 0, 0
71000, 1200286, 0, 0
72000, 1196834, 0, 0
73000, 1200846, 0, 0
74000, 1198401, 0, 0
75000, 1196981, 0, 0
76000, 1197003, 0, 0
77000, 1200482, 0, 0
78000, 1201034, 0, 0
79000, 1202489, 0, 0
80000, 1194118, 0, 0
81000, 1196310, 0, 0
82000, 1198092, 0, 0
83000, 1197111, 0, 0
84000, 1199979, 0, 0
85000, 1201222, 0, 0
86000, 1195845, 0, 0
87000, 1196360, 0, 0
88000, 1197563, 0, 0
89000, 1194812, 0, 0
90000, 1200157, 0, 0
91000, 1204516, 0, 0
92000, 1194915, 0, 0
93000, 1200609, 0, 0
94000, 1199229, 0, 0
95000, 1196878, 0, 0
96000, 1200237, 0, 0
97000, 1201123, 0, 0
98000, 1203769, 0, 0
99000, 1198953, 0, 0
100000, 1198161, 0, 0
101000, 1199355, 0, 0
102000, 1200204, 0, 0
103000, 1202054, 0, 0
104000, 1207099, 0, 0
105000, 1201324, 0, 0
106000, 1202371, 0, 0
107000, 1202210, 0, 0
108000, 1200610, 0, 0
109000, 1201573, 0, 0
110000, 1203621, 0, 0
111000, 1202006, 0, 0
112000, 1200605, 0, 0
113000, 1199570, 0, 0
114000, 1199460, 0, 0
115000, 1201802, 0, 0
116000, 1209155, 0, 0
117000, 1200164, 0, 0
118000, 1200158, 0, 0
119000, 1202660, 0, 0
120000, 1198839, 0, 0
121000, 1201464, 0, 0
122000, 1204767, 0, 0
123000, 1195992, 0, 0
124000, 1202073, 0, 0
125000, 1199624, 0, 0
126000, 1200381, 0, 0
127000, 1205543, 0, 0
128000, 1202027, 0, 0
129000, 1205718, 0, 0
130000, 1200620, 0, 0
131000, 1201284, 0, 0
132000, 1199968, 0, 0
133000, 1202828, 0, 0
134000, 1205952, 0, 0
135000, 1199763, 0, 0
136000, 1201751, 0, 0
137000, 1200631, 0, 0
138000, 1200274, 0, 0
139000, 1203157, 0, 0
140000, 1202693, 0, 0
141000, 1206104, 0, 0
142000, 1201890, 0, 0
143000, 1202412, 0, 0
144000, 1200177, 0, 0
145000, 1202816, 0, 0
146000, 1204818, 0, 0
147000, 1204162, 0, 0
148000, 1203459, 0, 0
149000, 1203287, 0, 0
150000, 1206540, 0, 0
151000, 1205050, 0, 0
152000, 1202546, 0, 0
153000, 1207634, 0, 0
154000, 1205934, 0, 0
155000, 1202803, 0, 0
156000, 1200551, 0, 0
157000, 1203241, 0, 0
158000, 1205425, 0, 0
159000, 1204139, 0, 0
160000, 1206754, 0, 0
161000, 1201067, 0, 0
162000, 1202532, 0, 0
163000, 1208131, 0, 0
164000, 1205742, 0, 0
165000, 1204937, 0, 0
166000, 1208700, 0, 0
167000, 1205199, 0, 0
168000, 1206690, 0, 0
169000, 1202282, 0, 0
170000, 1205920, 0, 0
171000, 1207023, 0, 0
172000, 1203296, 0, 0
173000, 1201767, 0, 0
174000, 1203755, 0, 0
175000, 1207264, 0, 0
176000, 1202940, 0, 0
177000, 1204216, 0, 0
178000, 1213048, 0, 0
179000, 1204481, 0, 0
180000, 1206115, 0, 0
181000, 1203319, 0, 0
182000, 1208581, 0, 0
183000, 1206511, 0, 0
184000, 1208028, 0, 0
185000, 1203303, 0, 0
186000, 1206265, 0, 0
187000, 1206143, 0, 0
188000, 1205037, 0, 0
189000, 1205141, 0, 0
190000, 1206387, 0, 0
191000, 1209491, 0, 0
192000, 1207309, 0, 0
193000, 1207592, 0, 0
194000, 1204498, 0, 0
195000, 1207255, 0, 0
196000, 1211220, 0, 0
197000, 1203486, 0, 0
198000, 1207623, 0, 0
199000, 1206062, 0, 0
200000, 1205219, 0, 0
201000, 1207587, 0, 0
202000, 1205853, 0, 0
203000, 1216816, 0, 0
204000, 1208206, 0, 0
205000, 1206762, 0, 0
206000, 1209387, 0, 0
207000, 1206061, 0, 0
208000, 1209672, 0, 0
209000, 1210029, 0, 0
210000, 1207224, 0, 0
211000, 1209115, 0, 0
212000, 1207601, 0, 0
213000, 1208379, 0, 0
214000, 1208975, 0, 0
215000, 1209562, 0, 0
216000, 1215242, 0, 0
217000, 1207025, 0, 0
218000, 1207321, 0, 0
219000, 1209686, 0, 0
220000, 1209680, 0, 0
221000, 1208395, 0, 0
222000, 1210328, 0, 0
223000, 1209259, 0, 0
224000, 1207033, 0, 0
225000, 1206208, 0, 0
226000, 1207373, 0, 0
227000, 1210368, 0, 0
228000, 1213734, 0, 0
229000, 1206040, 0, 0
230000, 1205229, 0, 0
231000, 1208454, 0, 0
232000, 1208456, 0, 0
233000, 1210904, 0, 0
234000, 1210576, 0, 0
235000, 1208756, 0, 0
236000, 1209072, 0, 0
237000, 1211273, 0, 0
238000, 1205290, 0, 0
239000, 1210520, 0, 0
240000, 1209200, 0, 0
241000, 1214283, 0, 0
242000, 1208541, 0, 0
243000, 1209044, 0, 0
244000, 1210674, 0, 0
245000, 1214070, 0, 0
246000, 1209958, 0, 0
247000, 1209322, 0, 0
248000, 1210558, 0, 0
249000, 1210804, 0, 0
250000, 1209717, 0, 0
251000, 1211059, 0, 0
252000, 1210906, 0, 0
253000, 1218452, 0, 0
254000, 1210008, 0, 0
255000, 1207998, 0, 0
256000, 1210879, 0, 0
257000, 1211705, 0, 0
258000, 1213038, 0, 0
259000, 1210034, 0, 0
260000, 1208604, 0, 0
261000, 1212588, 0, 0
262000, 1210137, 0, 0
263000, 1213279, 0, 0
264000, 1211941, 0, 0
265000, 1215594, 0, 0
266000, 1209232, 0, 0
267000, 1210118, 0, 0
268000, 1211081, 0, 0
269000, 1209232, 0, 0
270000, 1214449, 0, 0
271000, 1211943, 0, 0
272000, 1210202, 0, 0
273000, 1212816, 0, 0
274000, 1211408, 0, 0
275000, 1210085, 0, 0
276000, 1210885, 0, 0
277000, 1211651, 0, 0
278000, 1219389, 0, 0
279000, 1212093, 0, 0
280000, 1213272, 0, 0
281000, 1211424, 0, 0
282000, 1214880, 0, 0
283000, 1212446, 0, 0
284000, 1210200, 0, 0
285000, 1211179, 0, 0
286000, 1209640, 0, 0
287000, 1212051, 0, 0
288000, 1209521, 0, 0
289000, 1213700, 0, 0
290000, 1219643, 0, 0
291000, 1208287, 0, 0
292000, 1210689, 0, 0
293000, 1211190, 0, 0
294000, 1215462, 0, 0
295000, 1210120, 0, 0
296000, 1216727, 0, 0
297000, 1211825, 0, 0
298000, 1209753, 0, 0
299000, 1212270, 0, 0
300000, 1209605, 0, 0
301000, 1213834, 0, 0
302000, 1212387, 0, 0
303000, 1214419, 0, 0
304000, 1212613, 0, 0
305000, 1212534, 0, 0
306000, 1213437, 0, 0
307000, 1211776, 0, 0
308000, 1215393, 0, 0
309000, 1211460, 0, 0
310000, 1213097, 0, 0
311000, 1214218, 0, 0
312000, 1208755, 0, 0
313000, 1211732, 0, 0
314000, 1212912, 0, 0
315000, 1221409, 0, 0
316000, 1212542, 0, 0
317000, 1213236, 0, 0
318000, 1211860, 0, 0
319000, 1216363, 0, 0
320000, 1216256, 0, 0
321000, 1212972, 0, 0
322000, 1212910, 0, 0
323000, 1214770, 0, 0
324000, 1212371, 0, 0
325000, 1215308, 0, 0
326000, 1211644, 0, 0
327000, 1213052, 0, 0
328000, 1221231, 0, 0
329000, 1214130, 0, 0
330000, 1215034, 0, 0
331000, 1216880, 0, 0
332000, 1211514, 0, 0
333000, 1214918, 0, 0
334000, 1212859, 0, 0
335000, 1208374, 0, 0
336000, 1211799, 0, 0
337000, 1214109, 0, 0
338000, 1215259, 0, 0
339000, 1217714, 0, 0
340000, 1220027, 0, 0
341000, 1214385, 0, 0
342000, 1215786, 0, 0
343000, 1217112, 0, 0
344000, 1212936, 0, 0
345000, 1214097, 0, 0
346000, 1215537, 0, 0
347000, 1216399, 0, 0
348000, 1216180, 0, 0
349000, 1212784, 0, 0
350000, 1215043, 0, 0
351000, 1215995, 0, 0
352000, 1220468, 0, 0
353000, 1219633, 0, 0
354000, 1215463, 0, 0
355000, 1216431, 0, 0
356000, 1215271, 0, 0
357000, 1216985, 0, 0
358000, 1217290, 0, 0
359000, 1213842, 0, 0
360000, 1215044, 0, 0
361000, 1214051, 0, 0
362000, 1216480, 0, 0
363000, 1214125, 0, 0
364000, 1217778, 0, 0
365000, 1223503, 0, 0
366000, 1214950, 0, 0
367000, 1214979, 0, 0
368000, 1218223, 0, 0
369000, 1217120, 0, 0
370000, 1213977, 0, 0
371000, 1217843, 0, 0
372000, 1216661, 0, 0
373000, 1215129, 0, 0
374000, 1216641, 0, 0
375000, 1214384, 0, 0
376000, 1216672, 0, 0
377000, 1223416, 0, 0
378000, 1214309, 0, 0
379000, 1214333, 0, 0
380000, 1219236, 0, 0
381000, 1218366, 0, 0
382000, 1214478, 0, 0
383000, 1218607, 0, 0
384000, 1218890, 0, 0
385000, 1214483, 0, 0
386000, 1217484, 0, 0
387000, 1215578, 0, 0
388000, 1216522, 0, 0
389000, 1216644, 0, 0
390000, 1223272, 0, 0
391000, 1214502, 0, 0
392000, 1217644, 0, 0
393000, 1220190, 0, 0
394000, 1216450, 0, 0
395000, 1216149, 0, 0
396000, 1220792, 0, 0
397000, 1215988, 0, 0
398000, 1217300, 0, 0
399000, 1219950, 0, 0
400000, 1215725, 0, 0
401000, 1218035, 0, 0
402000, 1225258, 0, 0
403000, 1219653, 0, 0
404000, 1216537, 0, 0
405000, 1219072, 0, 0
406000, 1217613, 0, 0
407000, 1215213, 0, 0
408000, 1221579, 0, 0
409000, 1218375, 0, 0
410000, 1217699, 0, 0
411000, 1219598, 0, 0
412000, 1217279, 0, 0
413000, 1219092, 0, 0
414000, 1219235, 0, 0
415000, 1223406, 0, 0
416000, 1218625, 0, 0
417000, 1220559, 0, 0
418000, 1216089, 0, 0
419000, 1219071, 0, 0
420000, 1217381, 0, 0
421000, 1220801, 0, 0
422000, 1219161, 0, 0
423000, 1217045, 0, 0
424000, 1217414, 0, 0
425000, 1219361, 0, 0
426000, 1221196, 0, 0
427000, 1226389, 0, 0
428000, 1221468, 0, 0
429000, 1218309, 0, 0
430000, 1224188, 0, 0
431000, 1217521, 0, 0
432000, 1218057, 0, 0
433000, 1222162, 0, 0
434000, 1219898, 0, 0
435000, 1220064, 0, 0
436000, 1218266, 0, 0
437000, 1220175, 0, 0
438000, 1220659, 0, 0
439000, 1222505, 0, 0
440000, 1227482, 0, 0
441000, 1219485, 0, 0
442000, 1223112, 0, 0
443000, 1219573, 0, 0
444000, 1218617, 0, 0
445000, 1218263, 0, 0
446000, 1220696, 0, 0
447000, 1224362, 0, 0
448000, 1217525, 0, 0
449000, 1219914, 0, 0
450000, 1221451, 0, 0
451000, 1219436, 0, 0
452000, 1227595, 0, 0
453000, 1217732, 0, 0
454000, 1223839, 0, 0
455000, 1221032, 0, 0
456000, 1217837, 0, 0
457000, 1221277, 0, 0
458000, 1220373, 0, 0
459000, 1221087, 0, 0
460000, 1221688, 0, 0
461000, 1220822, 0, 0
462000, 1222152, 0, 0
463000, 1219518, 0, 0
464000, 1226117, 0, 0
465000, 1222675, 0, 0
466000, 1221630, 0, 0
467000, 1224189, 0, 0
468000, 1217983, 0, 0
469000, 1219705, 0, 0
470000, 1218509, 0, 0
471000, 1223503, 0, 0
472000, 1218792, 0, 0
473000, 1219455, 0, 0
474000, 1221570, 0, 0
475000, 1220827, 0, 0
476000, 1224781, 0, 0
477000, 1227292, 0, 0
478000, 1218569, 0, 0
479000, 1223570, 0, 0
480000, 1218223, 0, 0
481000, 1220886, 0, 0
482000, 1220264, 0, 0
483000, 1222373, 0, 0
484000, 1221903, 0, 0
485000, 1222463, 0, 0
486000, 1219123, 0, 0
487000, 1222120, 0, 0
488000, 1220076, 0, 0
489000, 1228241, 0, 0
490000, 1220291, 0, 0
491000, 1228735, 0, 0
492000, 1216885, 0, 0
493000, 1222810, 0, 0
494000, 1220265, 0, 0
495000, 1220146, 0, 0
496000, 1220720, 0, 0
497000, 1218929, 0, 0
498000, 1219193, 0, 0
499000, 1224358, 0, 0
500000, 1223029, 0, 0
501000, 1218219, 0, 0
502000, 1228427, 0, 0
503000, 1225395, 0, 0
504000, 1225243, 0, 0
505000, 1221243, 0, 0
506000, 1221478, 0, 0
507000, 1221865, 0, 0
508000, 1223985, 0, 0
509000, 1224166, 0, 0
510000, 1226284, 0, 0
511000, 1221504, 0, 0
512000, 1226044, 0, 0
513000, 1221873, 0, 0
514000, 1227923, 0, 0
515000, 1222659, 0, 0
516000, 1226651, 0, 0
517000, 1223606, 0, 0
518000, 1222201, 0, 0
519000, 1221211, 0, 0
520000, 1223369, 0, 0
521000, 1222247, 0, 0
522000, 1224554, 0, 0
523000, 1220195, 0, 0
524000, 1221607, 0, 0
525000, 1225657, 0, 0
526000, 1222690, 0, 0
527000, 1228719, 0, 0
528000, 1228457, 0, 0
529000, 1226887, 0, 0
530000, 1222345, 0, 0
531000, 1223199, 0, 0
532000, 1224543, 0, 0
533000, 1223378, 0, 0
534000, 1224961, 0, 0
535000, 1225293, 0, 0
536000, 1225567, 0, 0
537000, 1224657, 0, 0
538000, 1223888, 0, 0
539000, 1233150, 0, 0
540000, 1226671, 0, 0
541000, 1225491, 0, 0
542000, 1223803, 0, 0
543000, 1228322, 0, 0
544000, 1224922, 0, 0
545000, 1224449, 0, 0
546000, 1226200, 0, 0
547000, 1225780, 0, 0
548000, 1223455, 0, 0
549000, 1227217, 0, 0
550000, 1226919, 0, 0
551000, 1226348, 0, 0
552000, 1228419, 0, 0
553000, 1231577, 0, 0
554000, 1221889, 0, 0
555000, 1222248, 0, 0
556000, 1225609, 0, 0
557000, 1223713, 0, 0
558000, 1226245, 0, 0
559000, 1226637, 0, 0
560000, 1224131, 0, 0
561000, 1224948, 0, 0
562000, 1225796, 0, 0
563000, 1225313, 0, 0
564000, 1229076, 0, 0
565000, 1233494, 0, 0
566000, 1223305, 0, 0
567000, 1227038, 0, 0
568000, 1223569, 0, 0
569000, 1223601, 0, 0
570000, 1227189, 0, 0
571000, 1224234, 0, 0
572000, 1226827, 0, 0
573000, 1226440, 0, 0
574000, 1226333, 0, 0
575000, 1230355, 0, 0
576000, 1228165, 0, 0
577000, 1229930, 0, 0
578000, 1226363, 0, 0
579000, 1226381, 0, 0
580000, 1224710, 0, 0
581000, 1225267, 0, 0
582000, 1228590, 0, 0
583000, 1226765, 0, 0
584000, 1225634, 0, 0
585000, 1224827, 0, 0
586000, 1226145, 0, 0
587000, 1226013, 0, 0
588000, 1225576, 0, 0
589000, 1228317, 0, 0
590000, 1228424, 0, 0
591000, 1227889, 0, 0
592000, 1225731, 0, 0
593000, 1227644, 0, 0
594000, 1224915, 0, 0
595000, 1227346, 0, 0
596000, 1227405, 0, 0
597000, 1228732, 0, 0
598000, 1227831, 0, 0
599000, 1225928, 0, 0
600000, 1226967, 0, 0
601000, 1235178, 0, 0
602000, 1230293, 0, 0
603000, 1223618, 0, 0
604000, 1228887, 0, 0
605000, 1229649, 0, 0
606000, 1227619, 0, 0
607000, 1228279, 0, 0
608000, 1226016, 0, 0
609000, 1226759, 0, 0
610000, 1226657, 0, 0
611000, 1226405, 0, 0
612000, 1228422, 0, 0
613000, 1227516, 0, 0
614000, 1242866, 0, 0
615000, 1227181, 0, 0
616000, 1226572, 0, 0
617000, 1227521, 0, 0
618000, 1222073, 0, 0
619000, 1222552, 0, 0
620000, 1229572, 0, 0
621000, 1225458, 0, 0
622000, 1228121, 0, 0
623000, 1227518, 0, 0
624000, 1229821, 0, 0
625000, 1224389, 0, 0
626000, 1233073, 0, 0
627000, 1230180, 0, 0
628000, 1227494, 0, 0
629000, 1227184, 0, 0
630000, 1229743, 0, 0
631000, 1227506, 0, 0
632000, 1230434, 0, 0
633000, 1228393, 0, 0
634000, 1228736, 0, 0
635000, 1231218, 0, 0
636000, 1230356, 0, 0
637000, 1229602, 0, 0
638000, 1228183, 0, 0
639000, 1241146, 0, 0
640000, 1226002, 0, 0
641000, 1227153, 0, 0
642000, 1230195, 0, 0
643000, 1225359, 0, 0
644000, 1228533, 0, 0
645000, 1228397, 0, 0
646000, 1226072, 0, 0
647000, 1228872, 0, 0
648000, 1229174, 0, 0
649000, 1228779, 0, 0
650000, 1227377, 0, 0
651000, 1240056, 0, 0
652000, 1229297, 0, 0
653000, 1226693, 0, 0
654000, 1231033, 0, 0
655000, 1226686, 0, 0
656000, 1228697, 0, 0
657000, 1225867, 0, 0
658000, 1229461, 0, 0
659000, 1228197, 0, 0
660000, 1226663, 0, 0
661000, 1229090, 0, 0
662000, 1227822, 0, 0
663000, 1230109, 0, 0
664000, 1234666, 0, 0
665000, 1225271, 0, 0
666000, 1229361, 0, 0
667000, 1229051, 0, 0
668000, 1230407, 0, 0
669000, 1225685, 0, 0
670000, 1225862, 0, 0
671000, 1229417, 0, 0
672000, 1227508, 0, 0
673000, 1228141, 0, 0
674000, 1229617, 0, 0
675000, 1232331, 0, 0
676000, 1241309, 0, 0
677000, 1229802, 0, 0
678000, 1230906, 0, 0
679000, 1228718, 0, 0
680000, 1233309, 0, 0
681000, 1229288, 0, 0
682000, 1233589, 0, 0
683000, 1231152, 0, 0
684000, 1228948, 0, 0
685000, 1230135, 0, 0
686000, 1230954, 0, 0
687000, 1231720, 0, 0
688000, 1238690, 0, 0
689000, 1229120, 0, 0
690000, 1229966, 0, 0
691000, 1231997, 0, 0
692000, 1230308, 0, 0
693000, 1232882, 0, 0
694000, 1230277, 0, 0
695000, 1229398, 0, 0
696000, 1231284, 0, 0
697000, 1228171, 0, 0
698000, 1232680, 0, 0
699000, 1227937, 0, 0
700000, 1229650, 0, 0
701000, 1239153, 0, 0
702000, 1229671, 0, 0
703000, 1230535, 0, 0
704000, 1232657, 0, 0
705000, 1231976, 0, 0
706000, 1231410, 0, 0
707000, 1229595, 0, 0
708000, 1227695, 0, 0
709000, 1229907, 0, 0
710000, 1231154, 0, 0
711000, 1229905, 0, 0
712000, 1229671, 0, 0
713000, 1239885, 0, 0
714000, 1227999, 0, 0
715000, 1229870, 0, 0
716000, 1231056, 0, 0
717000, 1230029, 0, 0
718000, 1231430, 0, 0
719000, 1231244, 0, 0
720000, 1230942, 0, 0
721000, 1234088, 0, 0
722000, 1228944, 0, 0
723000, 1228463, 0, 0
724000, 1230597, 0, 0
725000, 1231352, 0, 0
726000, 1240940, 0, 0
727000, 1231985, 0, 0
728000, 1228296, 0, 0
729000, 1236170, 0, 0
730000, 1231194, 0, 0
731000, 1237112, 0, 0
732000, 1227608, 0, 0
733000, 1231637, 0, 0
734000, 1233285, 0, 0
735000, 1232329, 0, 0
736000, 1232591, 0, 0
737000, 1231830, 0, 0
738000, 1242602, 0, 0
739000, 1229138, 0, 0
740000, 1233144, 0, 0
741000, 1233773, 0, 0
742000, 1233854, 0, 0
743000, 1230718, 0, 0
744000, 1234305, 0, 0
745000, 1230807, 0, 0
746000, 1229737, 0, 0
747000, 1233657, 0, 0
748000, 1231238, 0, 0
749000, 1233541, 0, 0
750000, 1234960, 0, 0
751000, 1238298, 0, 0
752000, 1231424, 0, 0
753000, 1233563, 0, 0
754000, 1231678, 0, 0
755000, 1228972, 0, 0
756000, 1233212, 0, 0
757000, 1232329, 0, 0
758000, 1230234, 0, 0
759000, 1232644, 0, 0
760000, 1231154, 0, 0
761000, 1232364, 0, 0
762000, 1236084, 0, 0
763000, 1240157, 0, 0
764000, 1231964, 0, 0
765000, 1233937, 0, 0
766000, 1235685, 0, 0
767000, 1229519, 0, 0
768000, 1235164, 0, 0
769000, 1232412, 0, 0
770000, 1232104, 0, 0
771000, 1233888, 0, 0
772000, 1232090, 0, 0
773000, 1234400, 0, 0
774000, 1231955, 0, 0
775000, 1237421, 0, 0
776000, 1234810, 0, 0
777000, 1231920, 0, 0
778000, 1233054, 0, 0
779000, 1235289, 0, 0
780000, 1229048, 0, 0
781000, 1231106, 0, 0
782000, 1231431, 0, 0
783000, 1231359, 0, 0
784000, 1233408, 0, 0
785000, 1235047, 0, 0
786000, 1232171, 0, 0
787000, 1235315, 0, 0
788000, 1241674, 0, 0
789000, 1232120, 0, 0
790000, 1233225, 0, 0
791000, 1236158, 0, 0
792000, 1232604, 0, 0
793000, 1235749, 0, 0
794000, 1232718, 0, 0
795000, 1234762, 0, 0
796000, 1233637, 0, 0
797000, 1236997, 0, 0
798000, 1234513, 0, 0
799000, 1230167, 0, 0
800000, 1242794, 0, 0
801000, 1235334, 0, 0
802000, 1236745, 0, 0
803000, 1232880, 0, 0
804000, 1234839, 0, 0
805000, 1233316, 0, 0
806000, 1234341, 0, 0
807000, 1235224, 0, 0
808000, 1235713, 0, 0
809000, 1233184, 0, 0
810000, 1233025, 0, 0
811000, 1231807, 0, 0
812000, 1236116, 0, 0
813000, 1243925, 0, 0
814000, 1235349, 0, 0
815000, 1232840, 0, 0
816000, 1234420, 0, 0
817000, 1234078, 0, 0
818000, 1233301, 0, 0
819000, 1233912, 0, 0
820000, 1239529, 0, 0
821000, 1234371, 0, 0
822000, 1231633, 0, 0
823000, 1236150, 0, 0
824000, 1231741, 0, 0
825000, 1244547, 0, 0
826000, 1230154, 0, 0
827000, 1235381, 0, 0
828000, 1229483, 0, 0
829000, 1237190, 0, 0
830000, 1234588, 0, 0
831000, 1235392, 0, 0
832000, 1238721, 0, 0
833000, 1235191, 0, 0
834000, 1233919, 0, 0
835000, 1235867, 0, 0
836000, 1237892, 0, 0
837000, 1238752, 0, 0
838000, 1237859, 0, 0
839000, 1235003, 0, 0
840000, 1233512, 0, 0
841000, 1235532, 0, 0
842000, 1234069, 0, 0
843000, 1234946, 0, 0
844000, 1233568, 0, 0
845000, 1238008, 0, 0
846000, 1236209, 0, 0
847000, 1234754, 0, 0
848000, 1235996, 0, 0
849000, 1237492, 0, 0
850000, 1242648, 0, 0
851000, 1237266, 0, 0
852000, 1237310, 0, 0
853000, 1234689, 0, 0
854000, 1234849, 0, 0
855000, 1236762, 0, 0
856000, 1235514, 0, 0
857000, 1236268, 0, 0
858000, 1236638, 0, 0
859000, 1237855, 0, 0
860000, 1234345, 0, 0
861000, 1241154, 0, 0
862000, 1237272, 0, 0
863000, 1240098, 0, 0
864000, 1237689, 0, 0
865000, 1237044, 0, 0
866000, 1239795, 0, 0
867000, 1234473, 0, 0
868000, 1238090, 0, 0
869000, 1237142, 0, 0
870000, 1234170, 0, 0
871000, 1236722, 0, 0
872000, 1237209, 0, 0
873000, 1238221, 0, 0
874000, 1238405, 0, 0
875000, 1243407, 0, 0
876000, 1236405, 0, 0
877000, 1238199, 0, 0
878000, 1236475, 0, 0
879000, 1235532, 0, 0
880000, 1237328, 0, 0
881000, 1237288, 0, 0
882000, 1236489, 0, 0
883000, 1233640, 0, 0
884000, 1238936, 0, 0
885000, 1236685, 0, 0
886000, 1247665, 0, 0
887000, 1240957, 0, 0
888000, 1241355, 0, 0
889000, 1241146, 0, 0
890000, 1235625, 0, 0
891000, 1237357, 0, 0
892000, 1233918, 0, 0
893000, 1239376, 0, 0
894000, 1240613, 0, 0
895000, 1238623, 0, 0
896000, 1244438, 0, 0
897000, 1243908, 0, 0
898000, 1245032, 0, 0
899000, 1243934, 0, 0
900000, 1249872, 0, 0
901000, 1243243, 0, 0
902000, 1241335, 0, 0
903000, 1238643, 0, 0
904000, 1238387, 0, 0
905000, 1239592, 0, 0
906000, 1240326, 0, 0
907000, 1235451, 0, 0
908000, 1239997, 0, 0
909000, 1238051, 0, 0
910000, 1239195, 0, 0
911000, 1240510, 0, 0
912000, 1242294, 0, 0
913000, 1233319, 0, 0
914000, 1232852, 0, 0
915000, 1235969, 0, 0
916000, 1239501, 0, 0
917000, 1235305, 0, 0
918000, 1237737, 0, 0
919000, 1239468, 0, 0
920000, 1237798, 0, 0
921000, 1237660, 0, 0
922000, 1237763, 0, 0
923000, 1241124, 0, 0
924000, 1236761, 0, 0
925000, 1246128, 0, 0
926000, 1232820, 0, 0
927000, 1236394, 0, 0
928000, 1238036, 0, 0
929000, 1239795, 0, 0
930000, 1238205, 0, 0
931000, 1237139, 0, 0
932000, 1241886, 0, 0
933000, 1236839, 0, 0
934000, 1238190, 0, 0
935000, 1239068, 0, 0
936000, 1241312, 0, 0
937000, 1246829, 0, 0
938000, 1241065, 0, 0
939000, 1235858, 0, 0
940000, 1238465, 0, 0
941000, 1239004, 0, 0
942000, 1240056, 0, 0
943000, 1239589, 0, 0
944000, 1238927, 0, 0
945000, 1240710, 0, 0
946000, 1238355, 0, 0
947000, 1240565, 0, 0
948000, 1242694, 0, 0
949000, 1239726, 0, 0
950000, 1243098, 0, 0
951000, 1239450, 0, 0
952000, 1239767, 0, 0
953000, 1240382, 0, 0
954000, 1237445, 0, 0
955000, 1238260, 0, 0
956000, 1239645, 0, 0
957000, 1240487, 0, 0
958000, 1239520, 0, 0
959000, 1239314, 0, 0
960000, 1242776, 0, 0
961000, 1240101, 0, 0
962000, 1246430, 0, 0
963000, 1239624, 0, 0
964000, 1238847, 0, 0
965000, 1238707, 0, 0
966000, 1241600, 0, 0
967000, 1238508, 0, 0
968000, 1240384, 0, 0
969000, 1238771, 0, 0
970000, 1240700, 0, 0
971000, 1236651, 0, 0
972000, 1238967, 0, 0
973000, 1242264, 0, 0
974000, 1240366, 0, 0
975000, 1245076, 0, 0
976000, 1241668, 0, 0
977000, 1241854, 0, 0
978000, 1240408, 0, 0
979000, 1241749, 0, 0
980000, 1238633, 0, 0
981000, 1239066, 0, 0
982000, 1242377, 0, 0
983000, 1242576, 0, 0
984000, 1241160, 0, 0
985000, 1245989, 0, 0
986000, 1241640, 0, 0
987000, 1246510, 0, 0
988000, 1238317, 0, 0
989000, 1239921, 0, 0
990000, 1239277, 0, 0
991000, 1238428, 0, 0
992000, 1237760, 0, 0
993000, 1242468, 0, 0
994000, 1240067, 0, 0
995000, 1241252, 0, 0
996000, 1238295, 0, 0
997000, 1241820, 0, 0
998000, 1242997, 0, 0
999000, 1241092, 0, 0
1000000, 1246842, 0, 0
1001000, 1236878, 0, 0
1002000, 1240921, 0, 0
1003000, 1240223, 0, 0
1004000, 1239733, 0, 0
1005000, 1241535, 0, 0
1006000, 1239463, 0, 0
1007000, 1241406, 0, 0
1008000, 1241486, 0, 0
1009000, 1241546, 0, 0
1010000, 1236887, 0, 0
1011000, 1239411, 0, 0
1012000, 1248438, 0, 0
1013000, 1241042, 0, 0
1014000, 1240461, 0, 0
1015000, 1241125, 0, 0
1016000, 1239235, 0, 0
1017000, 1242665, 0, 0
1018000, 1241235, 0, 0
1019000, 1243045, 0, 0
1020000, 1242849, 0, 0
1021000, 1245217, 0, 0
1022000, 1243300, 0, 0
1023000, 1241614, 0, 0
1024000, 1247098, 0, 0
1025000, 1242814, 0, 0
1026000, 1243669, 0, 0
1027000, 1241022, 0, 0
1028000, 1241706, 0, 0
1029000, 1241064, 0, 0
1030000, 1243955, 0, 0
1031000, 1241870, 0, 0
1032000, 1239253, 0, 0
1033000, 1238190, 0, 0
1034000, 1244167, 0, 0
1035000, 1240899, 0, 0
1036000, 1242646, 0, 0
1037000, 1251268, 0, 0
1038000, 1242048, 0, 0
1039000, 1243002, 0, 0
1040000, 1242032, 0, 0
1041000, 1242804, 0, 0
1042000, 1240113, 0, 0
1043000, 1245962, 0, 0
1044000, 1242419, 0, 0
1045000, 1243132, 0, 0
1046000, 1241471, 0, 0
1047000, 1248294, 0, 0
1048000, 1242143, 0, 0
1049000, 1248374, 0, 0
1050000, 1242913, 0, 0
1051000, 1244689, 0, 0
1052000, 1238348, 0, 0
1053000, 1239586, 0, 0
1054000, 1241671, 0, 0
1055000, 1243817, 0, 0
1056000, 1239263, 0, 0
1057000, 1243319, 0, 0
1058000, 1243631, 0, 0
1059000, 1246738, 0, 0
1060000, 1243947, 0, 0
1061000, 1242308, 0, 0
1062000, 1248048, 0, 0
1063000, 1242229, 0, 0
1064000, 1244617, 0, 0
1065000, 1243476, 0, 0
1066000, 1249080, 0, 0
1067000, 1243158, 0, 0
1068000, 1242443, 0, 0
1069000, 1244051, 0, 0
1070000, 1241589, 0, 0
1071000, 1246033, 0, 0
1072000, 1248116, 0, 0
1073000, 1246522, 0, 0
1074000, 1252310, 0, 0
1075000, 1245084, 0, 0
1076000, 1242776, 0, 0
1077000, 1243840, 0, 0
1078000, 1243136, 0, 0
1079000, 1247992, 0, 0
1080000, 1241794, 0, 0
1081000, 1243253, 0, 0
1082000, 1247739, 0, 0
1083000, 1245651, 0, 0
1084000, 1245658, 0, 0
1085000, 1245399, 0, 0
1086000, 1247024, 0, 0
1087000, 1249085, 0, 0
1088000, 1243692, 0, 0
1089000, 1247366, 0, 0
1090000, 1242465, 0, 0
1091000, 1243989, 0, 0
1092000, 1244933, 0, 0
1093000, 1244197, 0, 0
1094000, 1243060, 0, 0
1095000, 1246943, 0, 0
1096000, 1246604, 0, 0
1097000, 1245448, 0, 0
1098000, 1246574, 0, 0
1099000, 1248451, 0, 0
1100000, 1244195, 0, 0
1101000, 1246730, 0, 0
1102000, 1242560, 0, 0
1103000, 1248163, 0, 0
1104000, 1242900, 0, 0
1105000, 1246667, 0, 0
1106000, 1247211, 0, 0
1107000, 1246120, 0, 0
1108000, 1246751, 0, 0
1109000, 1247650, 0, 0
1110000, 1244971, 0, 0
1111000, 1247394, 0, 0
1112000, 1250999, 0, 0
1113000, 1247166, 0, 0
1114000, 1244244, 0, 0
1115000, 1245531, 0, 0
1116000, 1242129, 0, 0
1117000, 1247307, 0, 0
1118000, 1244899, 0, 0
1119000, 1245719, 0, 0
1120000, 1244950, 0, 0
1121000, 1246828, 0, 0
1122000, 1243942, 0, 0
1123000, 1245481, 0, 0
1124000, 1249469, 0, 0
1125000, 1245189, 0, 0
1126000, 1245259, 0, 0
1127000, 1244582, 0, 0
1128000, 1247052, 0, 0
1129000, 1244668, 0, 0
1130000, 1245499, 0, 0
1131000, 1243600, 0, 0
1132000, 1240890, 0, 0
1133000, 1248038, 0, 0
1134000, 1246326, 0, 0
1135000, 1243544, 0, 0
1136000, 1249303, 0, 0
1137000, 1246782, 0, 0
1138000, 1244816, 0, 0
1139000, 1245156, 0, 0
1140000, 1247277, 0, 0
1141000, 1246327, 0, 0
1142000, 1243121, 0, 0
1143000, 1246722, 0, 0
1144000, 1247041, 0, 0
1145000, 1245200, 0, 0
1146000, 1248874, 0, 0
1147000, 1245707, 0, 0
1148000, 1245064, 0, 0
1149000, 1250140, 0, 0
1150000, 1249755, 0, 0
1151000, 1245176, 0, 0
1152000, 1246406, 0, 0
1153000, 1246970, 0, 0
1154000, 1246835, 0, 0
1155000, 1244002, 0, 0
1156000, 1248761, 0, 0
1157000, 1244650, 0, 0
1158000, 1248019, 0, 0
1159000, 1243770, 0, 0
1160000, 1241826, 0, 0
1161000, 1254077, 0, 0
1162000, 1245281, 0, 0
1163000, 1249324, 0, 0
1164000, 1243007, 0, 0
1165000, 1246645, 0, 0
1166000, 1247484, 0, 0
1167000, 1245439, 0, 0
1168000, 1245262, 0, 0
1169000, 1246510, 0, 0
1170000, 1244175, 0, 0
1171000, 1245520, 0, 0
1172000, 1243650, 0, 0
1173000, 1242899, 0, 0
1174000, 1249769, 0, 0
1175000, 1246893, 0, 0
1176000, 1248536, 0, 0
1177000, 1244674, 0, 0
1178000, 1246941, 0, 0
1179000, 1245689, 0, 0
1180000, 1249804, 0, 0
1181000, 1249012, 0, 0
1182000, 1251341, 0, 0
1183000, 1246973, 0, 0
1184000, 1246795, 0, 0
1185000, 1247603, 0, 0
1186000, 1256456, 0, 0
1187000, 1246328, 0, 0
1188000, 1245959, 0, 0
1189000, 1249794, 0, 0
1190000, 1246712, 0, 0
1191000, 1249163, 0, 0
1192000, 1249819, 0, 0
1193000, 1246485, 0, 0
1194000, 1248879, 0, 0
1195000, 1249901, 0, 0
1196000, 1247380, 0, 0
1197000, 1248422, 0, 0
1198000, 1246139, 0, 0
1199000, 1252502, 0, 0
1200000, 1246163, 0, 0
1200001, 2025746, 0, 0
