1000, 9400, 0, 0
2000, 7652, 0, 0
3000, 7673, 0, 0
4000, 7629, 0, 0
5000, 7602, 0, 0
6000, 7784, 0, 0
7000, 7615, 0, 0
8000, 7684, 0, 0
9000, 7622, 0, 0
10000, 7597, 0, 0
11000, 7625, 0, 0
12000, 7585, 0, 0
13000, 7638, 0, 0
14000, 7961, 0, 0
15000, 7723, 0, 0
16000, 7786, 0, 0
17000, 7741, 0, 0
18000, 7711, 0, 0
19000, 7745, 0, 0
20000, 8004, 0, 0
21000, 7723, 0, 0
22000, 7731, 0, 0
23000, 7695, 0, 0
24000, 7666, 0, 0
25000, 7669, 0, 0
26000, 7767, 0, 0
27000, 7723, 0, 0
28000, 7669, 0, 0
29000, 7752, 0, 0
30000, 7663, 0, 0
31000, 7699, 0, 0
32000, 7675, 0, 0
33000, 7992, 0, 0
34000, 7753, 0, 0
35000, 7727, 0, 0
36000, 7718, 0, 0
37000, 7704, 0, 0
38000, 7739, 0, 0
39000, 7735, 0, 0
40000, 7763, 0, 0
41000, 7963, 0, 0
42000, 7719, 0, 0
43000, 7751, 0, 0
44000, 7703, 0, 0
45000, 7763, 0, 0
46000, 7788, 0, 0
47000, 7705, 0, 0
48000, 7718, 0, 0
49000, 7654, 0, 0
50000, 7625, 0, 0
51000, 7664, 0, 0
52000, 7657, 0, 0
53000, 7662, 0, 0
54000, 7655, 0, 0
55000, 7632, 0, 0
56000, 7722, 0, 0
57000, 7791, 0, 0
58000, 7719, 0, 0
59000, 7720, 0, 0
60000, 7724, 0, 0
61000, 7721, 0, 0
62000, 7697, 0, 0
63000, 7765, 0, 0
64000, 7762, 0, 0
65000, 7774, 0, 0
66000, 7809, 0, 0
67000, 7706, 0, 0
68000, 7732, 0, 0
69000, 7790, 0, 0
70000, 7809, 0, 0
71000, 7808, 0, 0
72000, 7756, 0, 0
73000, 7758, 0, 0
74000, 7677, 0, 0
75000, 7764, 0, 0
76000, 7680, 0, 0
77000, 7702, 0, 0
78000, 7723, 0, 0
79000, 7661, 0, 0
80000, 7587, 0, 0
81000, 8267, 0, 0
82000, 7704, 0, 0
83000, 7698, 0, 0
84000, 7710, 0, 0
85000, 7690, 0, 0
86000, 7616, 0, 0
87000, 7656, 0, 0
88000, 7670, 0, 0
89000, 7740, 0, 0
90000, 7674, 0, 0
91000, 7687, 0, 0
92000, 7625, 0, 0
93000, 7837, 0, 0
94000, 7789, 0, 0
95000, 7680, 0, 0
96000, 7728, 0, 0
97000, 7688, 0, 0
98000, 7746, 0, 0
99000, 8127, 0, 0
100000, 7445, 0, 0
101000, 7460, 0, 0
102000, 7490, 0, 0
103000, 7471, 0, 0
104000, 7458, 0, 0
105000, 8234, 0, 0
106000, 8032, 0, 0
107000, 7499, 0, 0
108000, 7501, 0, 0
109000, 7488, 0, 0
110000, 7476, 0, 0
111000, 7460, 0, 0
112000, 7477, 0, 0
113000, 7489, 0, 0
114000, 7509, 0, 0
115000, 7495, 0, 0
116000, 7452, 0, 0
117000, 7497, 0, 0
118000, 7307, 0, 0
119000, 7361, 0, 0
120000, 7405, 0, 0
121000, 7413, 0, 0
122000, 7403, 0, 0
123000, 7395, 0, 0
124000, 7365, 0, 0
125000, 7416, 0, 0
126000, 7401, 0, 0
127000, 7425, 0, 0
128000, 7424, 0, 0
129000, 7387, 0, 0
130000, 7331, 0, 0
131000, 7421, 0, 0
132000, 7402, 0, 0
133000, 7407, 0, 0
134000, 7434, 0, 0
135000, 7395, 0, 0
136000, 7411, 0, 0
137000, 7446, 0, 0
138000, 7423, 0, 0
139000, 7396, 0, 0
140000, 7369, 0, 0
141000, 7416, 0, 0
142000, 7410, 0, 0
143000, 7407, 0, 0
144000, 7380, 0, 0
145000, 7410, 0, 0
146000, 7424, 0, 0
147000, 7348, 0, 0
148000, 7344, 0, 0
149000, 7353, 0, 0
150000, 7450, 0, 0
151000, 7470, 0, 0
152000, 7457, 0, 0
153000, 7451, 0, 0
154000, 7457, 0, 0
155000, 7431, 0, 0
156000, 7333, 0, 0
157000, 7473, 0, 0
158000, 7380, 0, 0
159000, 7347, 0, 0
160000, 7387, 0, 0
161000, 7444, 0, 0
162000, 7519, 0, 0
163000, 7461, 0, 0
164000, 7380, 0, 0
165000, 7355, 0, 0
166000, 7362, 0, 0
167000, 7337, 0, 0
168000, 7382, 0, 0
169000, 7373, 0, 0
170000, 7410, 0, 0
171000, 7395, 0, 0
172000, 7377, 0, 0
173000, 7475, 0, 0
174000, 7435, 0, 0
175000, 7439, 0, 0
176000, 7417, 0, 0
177000, 7408, 0, 0
178000, 7445, 0, 0
179000, 7428, 0, 0
180000, 7406, 0, 0
181000, 7395, 0, 0
182000, 7433, 0, 0
183000, 7436, 0, 0
184000, 7448, 0, 0
185000, 7451, 0, 0
186000, 7409, 0, 0
187000, 7436, 0, 0
188000, 7433, 0, 0
189000, 7421, 0, 0
190000, 7432, 0, 0
191000, 7669, 0, 0
192000, 7466, 0, 0
193000, 7551, 0, 0
194000, 7513, 0, 0
195000, 7522, 0, 0
196000, 7617, 0, 0
197000, 7552, 0, 0
198000, 7535, 0, 0
199000, 7539, 0, 0
200000, 7540, 0, 0
201000, 8014, 0, 0
202000, 7514, 0, 0
203000, 7501, 0, 0
204000, 7509, 0, 0
205000, 7488, 0, 0
206000, 7502, 0, 0
207000, 7491, 0, 0
208000, 7431, 0, 0
209000, 7444, 0, 0
210000, 7396, 0, 0
211000, 7410, 0, 0
212000, 7443, 0, 0
213000, 7445, 0, 0
214000, 7454, 0, 0
215000, 7433, 0, 0
216000, 7451, 0, 0
217000, 7541, 0, 0
218000, 7549, 0, 0
219000, 7519, 0, 0
220000, 7527, 0, 0
221000, 7531, 0, 0
222000, 7509, 0, 0
223000, 7495, 0, 0
224000, 7531, 0, 0
225000, 7549, 0, 0
226000, 7529, 0, 0
227000, 7571, 0, 0
228000, 7545, 0, 0
229000, 7536, 0, 0
230000, 7528, 0, 0
231000, 7528, 0, 0
232000, 7556, 0, 0
233000, 7554, 0, 0
234000, 7525, 0, 0
235000, 7503, 0, 0
236000, 7540, 0, 0
237000, 7481, 0, 0
238000, 7526, 0, 0
239000, 7546, 0, 0
240000, 7517, 0, 0
241000, 7536, 0, 0
242000, 7504, 0, 0
243000, 7539, 0, 0
244000, 7511, 0, 0
245000, 7534, 0, 0
246000, 7557, 0, 0
247000, 7520, 0, 0
248000, 7496, 0, 0
249000, 7518, 0, 0
250000, 7537, 0, 0
251000, 7512, 0, 0
252000, 7524, 0, 0
253000, 7542, 0, 0
254000, 7541, 0, 0
255000, 7510, 0, 0
256000, 7531, 0, 0
257000, 7524, 0, 0
258000, 7476, 0, 0
259000, 7467, 0, 0
260000, 7448, 0, 0
261000, 7444, 0, 0
262000, 7469, 0, 0
263000, 7468, 0, 0
264000, 7459, 0, 0
265000, 7509, 0, 0
266000, 7475, 0, 0
267000, 7423, 0, 0
268000, 7476, 0, 0
269000, 7391, 0, 0
270000, 7374, 0, 0
271000, 7358, 0, 0
272000, 7369, 0, 0
273000, 7737, 0, 0
274000, 7432, 0, 0
275000, 7429, 0, 0
276000, 7429, 0, 0
277000, 7499, 0, 0
278000, 7466, 0, 0
279000, 7453, 0, 0
280000, 7440, 0, 0
281000, 7471, 0, 0
282000, 7489, 0, 0
283000, 7471, 0, 0
284000, 7446, 0, 0
285000, 7466, 0, 0
286000, 7405, 0, 0
287000, 7448, 0, 0
288000, 7466, 0, 0
289000, 7480, 0, 0
290000, 7488, 0, 0
291000, 7467, 0, 0
292000, 7428, 0, 0
293000, 7493, 0, 0
294000, 7469, 0, 0
295000, 7355, 0, 0
296000, 7382, 0, 0
297000, 7470, 0, 0
298000, 7418, 0, 0
299000, 7473, 0, 0
300000, 7422, 0, 0
301000, 7467, 0, 0
302000, 7455, 0, 0
303000, 7466, 0, 0
304000, 7430, 0, 0
305000, 7453, 0, 0
306000, 7480, 0, 0
307000, 7434, 0, 0
308000, 7487, 0, 0
309000, 7467, 0, 0
310000, 7454, 0, 0
311000, 7460, 0, 0
312000, 7446, 0, 0
313000, 7463, 0, 0
314000, 7468, 0, 0
315000, 7465, 0, 0
316000, 7455, 0, 0
317000, 7388, 0, 0
318000, 7410, 0, 0
319000, 7407, 0, 0
320000, 7403, 0, 0
321000, 7372, 0, 0
322000, 7365, 0, 0
323000, 7374, 0, 0
324000, 7336, 0, 0
325000, 7360, 0, 0
326000, 7352, 0, 0
327000, 7349, 0, 0
328000, 7366, 0, 0
329000, 7345, 0, 0
330000, 7335, 0, 0
331000, 7368, 0, 0
332000, 7351, 0, 0
333000, 7382, 0, 0
334000, 7345, 0, 0
335000, 7317, 0, 0
336000, 7370, 0, 0
337000, 7376, 0, 0
338000, 7369, 0, 0
339000, 7369, 0, 0
340000, 7389, 0, 0
341000, 7362, 0, 0
342000, 7335, 0, 0
343000, 7370, 0, 0
344000, 7378, 0, 0
345000, 7466, 0, 0
346000, 7392, 0, 0
347000, 7411, 0, 0
348000, 7396, 0, 0
349000, 7342, 0, 0
350000, 7356, 0, 0
351000, 7329, 0, 0
352000, 7337, 0, 0
353000, 7347, 0, 0
354000, 7349, 0, 0
355000, 7338, 0, 0
356000, 7406, 0, 0
357000, 7429, 0, 0
358000, 7441, 0, 0
359000, 7406, 0, 0
360000, 7415, 0, 0
361000, 7421, 0, 0
362000, 7447, 0, 0
363000, 7451, 0, 0
364000, 7445, 0, 0
365000, 7370, 0, 0
366000, 7354, 0, 0
367000, 7319, 0, 0
368000, 7359, 0, 0
369000, 7361, 0, 0
370000, 7328, 0, 0
371000, 7360, 0, 0
372000, 7356, 0, 0
373000, 7510, 0, 0
374000, 7514, 0, 0
375000, 7525, 0, 0
376000, 7531, 0, 0
377000, 7562, 0, 0
378000, 7517, 0, 0
379000, 7485, 0, 0
380000, 7543, 0, 0
381000, 7536, 0, 0
382000, 7525, 0, 0
383000, 7494, 0, 0
384000, 7442, 0, 0
385000, 7366, 0, 0
386000, 7382, 0, 0
387000, 7401, 0, 0
388000, 7406, 0, 0
389000, 7406, 0, 0
390000, 7412, 0, 0
391000, 7386, 0, 0
392000, 7378, 0, 0
393000, 7437, 0, 0
394000, 7471, 0, 0
395000, 7459, 0, 0
396000, 7484, 0, 0
397000, 7458, 0, 0
398000, 7469, 0, 0
399000, 7487, 0, 0
400000, 7474, 0, 0
401000, 7437, 0, 0
402000, 7462, 0, 0
403000, 7445, 0, 0
404000, 7451, 0, 0
405000, 7461, 0, 0
406000, 7487, 0, 0
407000, 7500, 0, 0
408000, 7490, 0, 0
409000, 7469, 0, 0
410000, 7469, 0, 0
411000, 7464, 0, 0
412000, 7462, 0, 0
413000, 7495, 0, 0
414000, 7515, 0, 0
415000, 7499, 0, 0
416000, 7510, 0, 0
417000, 7494, 0, 0
418000, 7552, 0, 0
419000, 7603, 0, 0
420000, 7558, 0, 0
421000, 7568, 0, 0
422000, 7510, 0, 0
423000, 7563, 0, 0
424000, 7515, 0, 0
425000, 7553, 0, 0
426000, 7503, 0, 0
427000, 7411, 0, 0
428000, 7395, 0, 0
429000, 7374, 0, 0
430000, 7400, 0, 0
431000, 7393, 0, 0
432000, 7368, 0, 0
433000, 7377, 0, 0
434000, 7377, 0, 0
435000, 7394, 0, 0
436000, 7369, 0, 0
437000, 7389, 0, 0
438000, 7365, 0, 0
439000, 7390, 0, 0
440000, 7431, 0, 0
441000, 7379, 0, 0
442000, 7374, 0, 0
443000, 7379, 0, 0
444000, 7399, 0, 0
445000, 7423, 0, 0
446000, 7402, 0, 0
447000, 7420, 0, 0
448000, 7462, 0, 0
449000, 7409, 0, 0
450000, 7436, 0, 0
451000, 7419, 0, 0
452000, 7422, 0, 0
453000, 7406, 0, 0
454000, 7445, 0, 0
455000, 7376, 0, 0
456000, 7404, 0, 0
457000, 7527, 0, 0
458000, 7471, 0, 0
459000, 7448, 0, 0
460000, 7459, 0, 0
461000, 7433, 0, 0
462000, 7413, 0, 0
463000, 7398, 0, 0
464000, 7436, 0, 0
465000, 7473, 0, 0
466000, 7448, 0, 0
467000, 7471, 0, 0
468000, 7406, 0, 0
469000, 7467, 0, 0
470000, 7445, 0, 0
471000, 7488, 0, 0
472000, 7453, 0, 0
473000, 7760, 0, 0
474000, 7486, 0, 0
475000, 7480, 0, 0
476000, 7518, 0, 0
477000, 7511, 0, 0
478000, 7610, 0, 0
479000, 7425, 0, 0
480000, 7419, 0, 0
481000, 7339, 0, 0
482000, 7381, 0, 0
483000, 7387, 0, 0
484000, 7369, 0, 0
485000, 7396, 0, 0
486000, 7398, 0, 0
487000, 7365, 0, 0
488000, 7419, 0, 0
489000, 7484, 0, 0
490000, 7429, 0, 0
491000, 7489, 0, 0
492000, 7422, 0, 0
493000, 7429, 0, 0
494000, 7417, 0, 0
495000, 7420, 0, 0
496000, 7429, 0, 0
497000, 7375, 0, 0
498000, 7411, 0, 0
499000, 7425, 0, 0
500000, 7427, 0, 0
501000, 7432, 0, 0
502000, 7860, 0, 0
503000, 7451, 0, 0
504000, 7452, 0, 0
505000, 7405, 0, 0
506000, 7426, 0, 0
507000, 7454, 0, 0
508000, 7474, 0, 0
509000, 7444, 0, 0
510000, 7461, 0, 0
511000, 7446, 0, 0
512000, 7450, 0, 0
513000, 7464, 0, 0
514000, 7495, 0, 0
515000, 7458, 0, 0
516000, 7495, 0, 0
517000, 7494, 0, 0
518000, 7993, 0, 0
519000, 7459, 0, 0
520000, 7464, 0, 0
521000, 7466, 0, 0
522000, 7437, 0, 0
523000, 7430, 0, 0
524000, 7414, 0, 0
525000, 7428, 0, 0
526000, 7447, 0, 0
527000, 7448, 0, 0
528000, 7453, 0, 0
529000, 7474, 0, 0
530000, 7450, 0, 0
531000, 7445, 0, 0
532000, 7467, 0, 0
533000, 7474, 0, 0
534000, 7473, 0, 0
535000, 7463, 0, 0
536000, 7477, 0, 0
537000, 7432, 0, 0
538000, 7466, 0, 0
539000, 7493, 0, 0
540000, 7494, 0, 0
541000, 7414, 0, 0
542000, 7416, 0, 0
543000, 7437, 0, 0
544000, 7411, 0, 0
545000, 7423, 0, 0
546000, 7420, 0, 0
547000, 7442, 0, 0
548000, 7420, 0, 0
549000, 7447, 0, 0
550000, 7383, 0, 0
551000, 7436, 0, 0
552000, 7432, 0, 0
553000, 7784, 0, 0
554000, 7566, 0, 0
555000, 7562, 0, 0
556000, 7475, 0, 0
557000, 7527, 0, 0
558000, 7503, 0, 0
559000, 7529, 0, 0
560000, 7486, 0, 0
561000, 7520, 0, 0
562000, 7478, 0, 0
563000, 7520, 0, 0
564000, 7735, 0, 0
565000, 7524, 0, 0
566000, 7500, 0, 0
567000, 7507, 0, 0
568000, 7462, 0, 0
569000, 7477, 0, 0
570000, 7514, 0, 0
571000, 7507, 0, 0
572000, 7483, 0, 0
573000, 7514, 0, 0
574000, 7504, 0, 0
575000, 7503, 0, 0
576000, 7523, 0, 0
577000, 7517, 0, 0
578000, 7530, 0, 0
579000, 7494, 0, 0
580000, 7472, 0, 0
581000, 7479, 0, 0
582000, 7483, 0, 0
583000, 7531, 0, 0
584000, 7511, 0, 0
585000, 7466, 0, 0
586000, 7490, 0, 0
587000, 7529, 0, 0
588000, 7584, 0, 0
589000, 7588, 0, 0
590000, 7579, 0, 0
591000, 7565, 0, 0
592000, 7529, 0, 0
593000, 7547, 0, 0
594000, 7481, 0, 0
595000, 7529, 0, 0
596000, 7543, 0, 0
597000, 7548, 0, 0
598000, 7536, 0, 0
599000, 7549, 0, 0
600000, 7540, 0, 0
601000, 7525, 0, 0
602000, 7547, 0, 0
603000, 7546, 0, 0
604000, 7568, 0, 0
605000, 7490, 0, 0
606000, 7452, 0, 0
607000, 7446, 0, 0
608000, 7474, 0, 0
609000, 7471, 0, 0
610000, 7462, 0, 0
611000, 7446, 0, 0
612000, 7490, 0, 0
613000, 7751, 0, 0
614000, 7524, 0, 0
615000, 7526, 0, 0
616000, 7505, 0, 0
617000, 7546, 0, 0
618000, 7829, 0, 0
619000, 7518, 0, 0
620000, 7524, 0, 0
621000, 7479, 0, 0
622000, 7478, 0, 0
623000, 7463, 0, 0
624000, 7457, 0, 0
625000, 7497, 0, 0
626000, 7515, 0, 0
627000, 7497, 0, 0
628000, 7515, 0, 0
629000, 7509, 0, 0
630000, 7518, 0, 0
631000, 7505, 0, 0
632000, 7506, 0, 0
633000, 7454, 0, 0
634000, 7491, 0, 0
635000, 7508, 0, 0
636000, 7492, 0, 0
637000, 7499, 0, 0
638000, 7493, 0, 0
639000, 7510, 0, 0
640000, 7469, 0, 0
641000, 7457, 0, 0
642000, 7499, 0, 0
643000, 7478, 0, 0
644000, 7459, 0, 0
645000, 7506, 0, 0
646000, 7506, 0, 0
647000, 7508, 0, 0
648000, 7488, 0, 0
649000, 7474, 0, 0
650000, 7453, 0, 0
651000, 7519, 0, 0
652000, 7494, 0, 0
653000, 7496, 0, 0
654000, 7513, 0, 0
655000, 7476, 0, 0
656000, 7464, 0, 0
657000, 7470, 0, 0
658000, 7451, 0, 0
659000, 7514, 0, 0
660000, 7501, 0, 0
661000, 7480, 0, 0
662000, 7489, 0, 0
663000, 7517, 0, 0
664000, 7503, 0, 0
665000, 7535, 0, 0
666000, 7485, 0, 0
667000, 7487, 0, 0
668000, 7499, 0, 0
669000, 7497, 0, 0
670000, 7484, 0, 0
671000, 7459, 0, 0
672000, 7458, 0, 0
673000, 7468, 0, 0
674000, 7509, 0, 0
675000, 7498, 0, 0
676000, 7482, 0, 0
677000, 7472, 0, 0
678000, 7511, 0, 0
679000, 7483, 0, 0
680000, 7500, 0, 0
681000, 7495, 0, 0
682000, 7505, 0, 0
683000, 7456, 0, 0
684000, 7504, 0, 0
685000, 7502, 0, 0
686000, 7487, 0, 0
687000, 7512, 0, 0
688000, 7505, 0, 0
689000, 7490, 0, 0
690000, 7478, 0, 0
691000, 7488, 0, 0
692000, 7529, 0, 0
693000, 7481, 0, 0
694000, 7499, 0, 0
695000, 7463, 0, 0
696000, 7464, 0, 0
697000, 7524, 0, 0
698000, 7500, 0, 0
699000, 7479, 0, 0
700000, 7515, 0, 0
701000, 7558, 0, 0
702000, 7467, 0, 0
703000, 7418, 0, 0
704000, 7503, 0, 0
705000, 7504, 0, 0
706000, 7507, 0, 0
707000, 7477, 0, 0
708000, 7484, 0, 0
709000, 7460, 0, 0
710000, 7482, 0, 0
711000, 7457, 0, 0
712000, 7471, 0, 0
713000, 7470, 0, 0
714000, 7436, 0, 0
715000, 7430, 0, 0
716000, 7448, 0, 0
717000, 7387, 0, 0
718000, 7437, 0, 0
719000, 7399, 0, 0
720000, 7397, 0, 0
721000, 7393, 0, 0
722000, 7415, 0, 0
723000, 7397, 0, 0
724000, 7419, 0, 0
725000, 7466, 0, 0
726000, 7525, 0, 0
727000, 7454, 0, 0
728000, 7484, 0, 0
729000, 7458, 0, 0
730000, 7467, 0, 0
731000, 7471, 0, 0
732000, 7433, 0, 0
733000, 7456, 0, 0
734000, 7462, 0, 0
735000, 7490, 0, 0
736000, 7509, 0, 0
737000, 7457, 0, 0
738000, 7483, 0, 0
739000, 7433, 0, 0
740000, 7447, 0, 0
741000, 7462, 0, 0
742000, 7465, 0, 0
743000, 7436, 0, 0
744000, 7454, 0, 0
745000, 7435, 0, 0
746000, 7459, 0, 0
747000, 7444, 0, 0
748000, 7610, 0, 0
749000, 7605, 0, 0
750000, 7601, 0, 0
751000, 7601, 0, 0
752000, 7570, 0, 0
753000, 7588, 0, 0
754000, 7598, 0, 0
755000, 7557, 0, 0
756000, 7565, 0, 0
757000, 7542, 0, 0
758000, 7491, 0, 0
759000, 7477, 0, 0
760000, 7498, 0, 0
761000, 7485, 0, 0
762000, 7496, 0, 0
763000, 7504, 0, 0
764000, 7507, 0, 0
765000, 7526, 0, 0
766000, 7475, 0, 0
767000, 7521, 0, 0
768000, 7716, 0, 0
769000, 7767, 0, 0
770000, 7536, 0, 0
771000, 7534, 0, 0
772000, 7494, 0, 0
773000, 7561, 0, 0
774000, 7548, 0, 0
775000, 7619, 0, 0
776000, 7570, 0, 0
777000, 7547, 0, 0
778000, 7546, 0, 0
779000, 7552, 0, 0
780000, 7546, 0, 0
781000, 7533, 0, 0
782000, 7540, 0, 0
783000, 7523, 0, 0
784000, 7524, 0, 0
785000, 7879, 0, 0
786000, 7573, 0, 0
787000, 7590, 0, 0
788000, 7532, 0, 0
789000, 7548, 0, 0
790000, 7542, 0, 0
791000, 7550, 0, 0
792000, 7582, 0, 0
793000, 7574, 0, 0
794000, 7609, 0, 0
795000, 7624, 0, 0
796000, 7560, 0, 0
797000, 7579, 0, 0
798000, 7547, 0, 0
799000, 7589, 0, 0
800000, 7603, 0, 0
801000, 7573, 0, 0
802000, 7559, 0, 0
803000, 7576, 0, 0
804000, 7576, 0, 0
805000, 7561, 0, 0
806000, 7550, 0, 0
807000, 7551, 0, 0
808000, 7579, 0, 0
809000, 7533, 0, 0
810000, 7501, 0, 0
811000, 7533, 0, 0
812000, 7549, 0, 0
813000, 7485, 0, 0
814000, 7465, 0, 0
815000, 7461, 0, 0
816000, 7460, 0, 0
817000, 7424, 0, 0
818000, 7486, 0, 0
819000, 7514, 0, 0
820000, 7538, 0, 0
821000, 7515, 0, 0
822000, 7491, 0, 0
823000, 7439, 0, 0
824000, 7507, 0, 0
825000, 7576, 0, 0
826000, 7586, 0, 0
827000, 7542, 0, 0
828000, 7567, 0, 0
829000, 7447, 0, 0
830000, 7434, 0, 0
831000, 7464, 0, 0
832000, 7474, 0, 0
833000, 7500, 0, 0
834000, 7497, 0, 0
835000, 7478, 0, 0
836000, 7482, 0, 0
837000, 7516, 0, 0
838000, 7520, 0, 0
839000, 7525, 0, 0
840000, 7475, 0, 0
841000, 7481, 0, 0
842000, 7454, 0, 0
843000, 7518, 0, 0
844000, 7489, 0, 0
845000, 7515, 0, 0
846000, 7526, 0, 0
847000, 7513, 0, 0
848000, 7470, 0, 0
849000, 7485, 0, 0
850000, 7496, 0, 0
851000, 7524, 0, 0
852000, 7490, 0, 0
853000, 7501, 0, 0
854000, 7507, 0, 0
855000, 7492, 0, 0
856000, 7496, 0, 0
857000, 7486, 0, 0
858000, 7532, 0, 0
859000, 7492, 0, 0
860000, 7523, 0, 0
861000, 7539, 0, 0
862000, 7505, 0, 0
863000, 7504, 0, 0
864000, 7496, 0, 0
865000, 7490, 0, 0
866000, 7482, 0, 0
867000, 7431, 0, 0
868000, 7454, 0, 0
869000, 7672, 0, 0
870000, 7514, 0, 0
871000, 7506, 0, 0
872000, 7506, 0, 0
873000, 7549, 0, 0
874000, 7413, 0, 0
875000, 7490, 0, 0
876000, 7489, 0, 0
877000, 7488, 0, 0
878000, 7460, 0, 0
879000, 7470, 0, 0
880000, 7479, 0, 0
881000, 7479, 0, 0
882000, 7487, 0, 0
883000, 7472, 0, 0
884000, 7487, 0, 0
885000, 7465, 0, 0
886000, 7484, 0, 0
887000, 7433, 0, 0
888000, 7499, 0, 0
889000, 7506, 0, 0
890000, 7464, 0, 0
891000, 7492, 0, 0
892000, 7457, 0, 0
893000, 7458, 0, 0
894000, 7526, 0, 0
895000, 7581, 0, 0
896000, 7567, 0, 0
897000, 7596, 0, 0
898000, 7617, 0, 0
899000, 7558, 0, 0
900000, 7579, 0, 0
901000, 7613, 0, 0
902000, 7566, 0, 0
903000, 7593, 0, 0
904000, 7574, 0, 0
905000, 7544, 0, 0
906000, 7527, 0, 0
907000, 7586, 0, 0
908000, 7744, 0, 0
909000, 7913, 0, 0
910000, 7452, 0, 0
911000, 7422, 0, 0
912000, 7437, 0, 0
913000, 7441, 0, 0
914000, 7460, 0, 0
915000, 7440, 0, 0
916000, 7460, 0, 0
917000, 7455, 0, 0
918000, 7494, 0, 0
919000, 7487, 0, 0
920000, 7498, 0, 0
921000, 7492, 0, 0
922000, 7499, 0, 0
923000, 7528, 0, 0
924000, 7491, 0, 0
925000, 7543, 0, 0
926000, 7531, 0, 0
927000, 7538, 0, 0
928000, 7559, 0, 0
929000, 7743, 0, 0
930000, 7494, 0, 0
931000, 7479, 0, 0
932000, 7507, 0, 0
933000, 7479, 0, 0
934000, 7453, 0, 0
935000, 7498, 0, 0
936000, 7489, 0, 0
937000, 7663, 0, 0
938000, 7577, 0, 0
939000, 7665, 0, 0
940000, 7655, 0, 0
941000, 7620, 0, 0
942000, 7648, 0, 0
943000, 7650, 0, 0
944000, 7643, 0, 0
945000, 7653, 0, 0
946000, 7665, 0, 0
947000, 7627, 0, 0
948000, 7657, 0, 0
949000, 7671, 0, 0
950000, 7643, 0, 0
951000, 7620, 0, 0
952000, 7668, 0, 0
953000, 7645, 0, 0
954000, 7662, 0, 0
955000, 7612, 0, 0
956000, 7600, 0, 0
957000, 7572, 0, 0
958000, 7584, 0, 0
959000, 7565, 0, 0
960000, 7590, 0, 0
961000, 7569, 0, 0
962000, 7593, 0, 0
963000, 7570, 0, 0
964000, 7570, 0, 0
965000, 7600, 0, 0
966000, 7589, 0, 0
967000, 7561, 0, 0
968000, 7540, 0, 0
969000, 7953, 0, 0
970000, 7534, 0, 0
971000, 7604, 0, 0
972000, 7597, 0, 0
973000, 7592, 0, 0
974000, 7532, 0, 0
975000, 7571, 0, 0
976000, 7533, 0, 0
977000, 7541, 0, 0
978000, 7615, 0, 0
979000, 7812, 0, 0
980000, 7542, 0, 0
981000, 7525, 0, 0
982000, 7531, 0, 0
983000, 7482, 0, 0
984000, 7537, 0, 0
985000, 7564, 0, 0
986000, 7543, 0, 0
987000, 7462, 0, 0
988000, 7437, 0, 0
989000, 7465, 0, 0
990000, 7458, 0, 0
991000, 7474, 0, 0
992000, 7482, 0, 0
993000, 7499, 0, 0
994000, 7482, 0, 0
995000, 7435, 0, 0
996000, 7450, 0, 0
997000, 7680, 0, 0
998000, 7633, 0, 0
999000, 7608, 0, 0
1000000, 7600, 0, 0
1001000, 7604, 0, 0
1002000, 7586, 0, 0
1003000, 7647, 0, 0
1004000, 7617, 0, 0
1005000, 7654, 0, 0
1006000, 7755, 0, 0
1007000, 7557, 0, 0
1008000, 7535, 0, 0
1009000, 7504, 0, 0
1010000, 7503, 0, 0
1011000, 7513, 0, 0
1012000, 7503, 0, 0
1013000, 8053, 0, 0
1014000, 7768, 0, 0
1015000, 7539, 0, 0
1016000, 7537, 0, 0
1017000, 7574, 0, 0
1018000, 7569, 0, 0
1019000, 7566, 0, 0
1020000, 7555, 0, 0
1021000, 7531, 0, 0
1022000, 7553, 0, 0
1023000, 7579, 0, 0
1024000, 7552, 0, 0
1025000, 7531, 0, 0
1026000, 7562, 0, 0
1027000, 7445, 0, 0
1028000, 7481, 0, 0
1029000, 7497, 0, 0
1030000, 7500, 0, 0
1031000, 7511, 0, 0
1032000, 7469, 0, 0
1033000, 7521, 0, 0
1034000, 7448, 0, 0
1035000, 7473, 0, 0
1036000, 7506, 0, 0
1037000, 7512, 0, 0
1038000, 7478, 0, 0
1039000, 7459, 0, 0
1040000, 7469, 0, 0
1041000, 7453, 0, 0
1042000, 7471, 0, 0
1043000, 7505, 0, 0
1044000, 7822, 0, 0
1045000, 7583, 0, 0
1046000, 7535, 0, 0
1047000, 7583, 0, 0
1048000, 7720, 0, 0
1049000, 7828, 0, 0
1050000, 7557, 0, 0
1051000, 7588, 0, 0
1052000, 7573, 0, 0
1053000, 7521, 0, 0
1054000, 7542, 0, 0
1055000, 7529, 0, 0
1056000, 7570, 0, 0
1057000, 7602, 0, 0
1058000, 7538, 0, 0
1059000, 7521, 0, 0
1060000, 7518, 0, 0
1061000, 7569, 0, 0
1062000, 7577, 0, 0
1063000, 7603, 0, 0
1064000, 7493, 0, 0
1065000, 7496, 0, 0
1066000, 7507, 0, 0
1067000, 7542, 0, 0
1068000, 7554, 0, 0
1069000, 7533, 0, 0
1070000, 7551, 0, 0
1071000, 7524, 0, 0
1072000, 7536, 0, 0
1073000, 7522, 0, 0
1074000, 7585, 0, 0
1075000, 7509, 0, 0
1076000, 7536, 0, 0
1077000, 7549, 0, 0
1078000, 7523, 0, 0
1079000, 7481, 0, 0
1080000, 7544, 0, 0
1081000, 7520, 0, 0
1082000, 7581, 0, 0
1083000, 7666, 0, 0
1084000, 7653, 0, 0
1085000, 7644, 0, 0
1086000, 7666, 0, 0
1087000, 7699, 0, 0
1088000, 7688, 0, 0
1089000, 7677, 0, 0
1090000, 7644, 0, 0
1091000, 7661, 0, 0
1092000, 7633, 0, 0
1093000, 7692, 0, 0
1094000, 7653, 0, 0
1095000, 7611, 0, 0
1096000, 7585, 0, 0
1097000, 7577, 0, 0
1098000, 7574, 0, 0
1099000, 7547, 0, 0
1100000, 7619, 0, 0
1101000, 7601, 0, 0
1102000, 7591, 0, 0
1103000, 7596, 0, 0
1104000, 7575, 0, 0
1105000, 7581, 0, 0
1106000, 7617, 0, 0
1107000, 7617, 0, 0
1108000, 7654, 0, 0
1109000, 7592, 0, 0
1110000, 7586, 0, 0
1111000, 7613, 0, 0
1112000, 7630, 0, 0
1113000, 7607, 0, 0
1114000, 7580, 0, 0
1115000, 7575, 0, 0
1116000, 7577, 0, 0
1117000, 7591, 0, 0
1118000, 7599, 0, 0
1119000, 7609, 0, 0
1120000, 7610, 0, 0
1121000, 7643, 0, 0
1122000, 7568, 0, 0
1123000, 7576, 0, 0
1124000, 7581, 0, 0
1125000, 7587, 0, 0
1126000, 7613, 0, 0
1127000, 7561, 0, 0
1128000, 7610, 0, 0
1129000, 7588, 0, 0
1130000, 7580, 0, 0
1131000, 7591, 0, 0
1132000, 7580, 0, 0
1133000, 7586, 0, 0
1134000, 7637, 0, 0
1135000, 7600, 0, 0
1136000, 7609, 0, 0
1137000, 7575, 0, 0
1138000, 7633, 0, 0
1139000, 7584, 0, 0
1140000, 7596, 0, 0
1141000, 7588, 0, 0
1142000, 7594, 0, 0
1143000, 7573, 0, 0
1144000, 7596, 0, 0
1145000, 7590, 0, 0
1146000, 7614, 0, 0
1147000, 7628, 0, 0
1148000, 7594, 0, 0
1149000, 7685, 0, 0
1150000, 7628, 0, 0
1151000, 7672, 0, 0
1152000, 7694, 0, 0
1153000, 7674, 0, 0
1154000, 7546, 0, 0
1155000, 7596, 0, 0
1156000, 7537, 0, 0
1157000, 7600, 0, 0
1158000, 7578, 0, 0
1159000, 7600, 0, 0
1160000, 7601, 0, 0
1161000, 7680, 0, 0
1162000, 7583, 0, 0
1163000, 7528, 0, 0
1164000, 7584, 0, 0
1165000, 7597, 0, 0
1166000, 7591, 0, 0
1167000, 7522, 0, 0
1168000, 7501, 0, 0
1169000, 7561, 0, 0
1170000, 7582, 0, 0
1171000, 7638, 0, 0
1172000, 7650, 0, 0
1173000, 7641, 0, 0
1174000, 7645, 0, 0
1175000, 7551, 0, 0
1176000, 7574, 0, 0
1177000, 7545, 0, 0
1178000, 7571, 0, 0
1179000, 7545, 0, 0
1180000, 7531, 0, 0
1181000, 7525, 0, 0
1182000, 7528, 0, 0
1183000, 7571, 0, 0
1184000, 7553, 0, 0
1185000, 7569, 0, 0
1186000, 7586, 0, 0
1187000, 7578, 0, 0
1188000, 7559, 0, 0
1189000, 7570, 0, 0
1190000, 7595, 0, 0
1191000, 7590, 0, 0
1192000, 7586, 0, 0
1193000, 7668, 0, 0
1194000, 7696, 0, 0
1195000, 7715, 0, 0
1196000, 7666, 0, 0
1197000, 7662, 0, 0
1198000, 7624, 0, 0
1199000, 7639, 0, 0
1200000, 7536, 0, 0
