1000, 8627, 0, 0
2000, 7685, 0, 0
3000, 7702, 0, 0
4000, 7622, 0, 0
5000, 7724, 0, 0
6000, 7617, 0, 0
7000, 7691, 0, 0
8000, 7658, 0, 0
9000, 7685, 0, 0
10000, 7690, 0, 0
11000, 7664, 0, 0
12000, 7854, 0, 0
13000, 7599, 0, 0
14000, 7668, 0, 0
15000, 7853, 0, 0
16000, 7894, 0, 0
17000, 7920, 0, 0
18000, 7901, 0, 0
19000, 7909, 0, 0
20000, 7930, 0, 0
21000, 7745, 0, 0
22000, 7761, 0, 0
23000, 7933, 0, 0
24000, 7895, 0, 0
25000, 7872, 0, 0
26000, 7902, 0, 0
27000, 7948, 0, 0
28000, 7962, 0, 0
29000, 7915, 0, 0
30000, 7898, 0, 0
31000, 7891, 0, 0
32000, 7926, 0, 0
33000, 7907, 0, 0
34000, 7902, 0, 0
35000, 7897, 0, 0
36000, 7877, 0, 0
37000, 7921, 0, 0
38000, 7938, 0, 0
39000, 7936, 0, 0
40000, 7877, 0, 0
41000, 7887, 0, 0
42000, 7939, 0, 0
43000, 7885, 0, 0
44000, 7910, 0, 0
45000, 7914, 0, 0
46000, 7888, 0, 0
47000, 7896, 0, 0
48000, 7880, 0, 0
49000, 7936, 0, 0
50000, 7910, 0, 0
51000, 7870, 0, 0
52000, 7897, 0, 0
53000, 7905, 0, 0
54000, 7897, 0, 0
55000, 7905, 0, 0
56000, 7881, 0, 0
57000, 8141, 0, 0
58000, 7940, 0, 0
59000, 7889, 0, 0
60000, 7876, 0, 0
61000, 7905, 0, 0
62000, 7844, 0, 0
63000, 7920, 0, 0
64000, 7884, 0, 0
65000, 7870, 0, 0
66000, 7849, 0, 0
67000, 7862, 0, 0
68000, 7815, 0, 0
69000, 7852, 0, 0
70000, 7820, 0, 0
71000, 7835, 0, 0
72000, 7821, 0, 0
73000, 7850, 0, 0
74000, 7850, 0, 0
75000, 7841, 0, 0
76000, 7854, 0, 0
77000, 7863, 0, 0
78000, 7982, 0, 0
79000, 7913, 0, 0
80000, 7858, 0, 0
81000, 7902, 0, 0
82000, 7942, 0, 0
83000, 7946, 0, 0
84000, 7961, 0, 0
85000, 8076, 0, 0
86000, 8039, 0, 0
87000, 8054, 0, 0
88000, 8043, 0, 0
89000, 7933, 0, 0
90000, 7907, 0, 0
91000, 7914, 0, 0
92000, 7851, 0, 0
93000, 7943, 0, 0
94000, 8032, 0, 0
95000, 7997, 0, 0
96000, 7950, 0, 0
97000, 7950, 0, 0
98000, 7931, 0, 0
99000, 7907, 0, 0
100000, 7953, 0, 0
101000, 7965, 0, 0
102000, 7934, 0, 0
103000, 7813, 0, 0
104000, 7792, 0, 0
105000, 7780, 0, 0
106000, 7846, 0, 0
107000, 7832, 0, 0
108000, 7929, 0, 0
109000, 7872, 0, 0
110000, 7820, 0, 0
111000, 7773, 0, 0
112000, 7792, 0, 0
113000, 7806, 0, 0
114000, 7821, 0, 0
115000, 7829, 0, 0
116000, 7787, 0, 0
117000, 7796, 0, 0
118000, 7818, 0, 0
119000, 7915, 0, 0
120000, 7974, 0, 0
121000, 7941, 0, 0
122000, 7933, 0, 0
123000, 7926, 0, 0
124000, 7922, 0, 0
125000, 7917, 0, 0
126000, 7837, 0, 0
127000, 7814, 0, 0
128000, 7812, 0, 0
129000, 7798, 0, 0
130000, 8301, 0, 0
131000, 8138, 0, 0
132000, 8159, 0, 0
133000, 8156, 0, 0
134000, 8237, 0, 0
135000, 8210, 0, 0
136000, 8268, 0, 0
137000, 8387, 0, 0
138000, 7888, 0, 0
139000, 7847, 0, 0
140000, 7813, 0, 0
141000, 7961, 0, 0
142000, 7919, 0, 0
143000, 7931, 0, 0
144000, 8037, 0, 0
145000, 8184, 0, 0
146000, 8150, 0, 0
147000, 8120, 0, 0
148000, 8117, 0, 0
149000, 8116, 0, 0
150000, 8128, 0, 0
151000, 8091, 0, 0
152000, 8105, 0, 0
153000, 8054, 0, 0
154000, 8015, 0, 0
155000, 7968, 0, 0
156000, 8299, 0, 0
157000, 8048, 0, 0
158000, 7915, 0, 0
159000, 7885, 0, 0
160000, 7907, 0, 0
161000, 8137, 0, 0
162000, 8021, 0, 0
163000, 8035, 0, 0
164000, 8150, 0, 0
165000, 8103, 0, 0
166000, 8159, 0, 0
167000, 8072, 0, 0
168000, 8127, 0, 0
169000, 8103, 0, 0
170000, 8143, 0, 0
171000, 8419, 0, 0
172000, 8131, 0, 0
173000, 8055, 0, 0
174000, 8179, 0, 0
175000, 8142, 0, 0
176000, 8119, 0, 0
177000, 8127, 0, 0
178000, 8123, 0, 0
179000, 8090, 0, 0
180000, 8091, 0, 0
181000, 8142, 0, 0
182000, 8197, 0, 0
183000, 8136, 0, 0
184000, 8150, 0, 0
185000, 8080, 0, 0
186000, 8087, 0, 0
187000, 8269, 0, 0
188000, 8274, 0, 0
189000, 8246, 0, 0
190000, 8205, 0, 0
191000, 8249, 0, 0
192000, 8200, 0, 0
193000, 8220, 0, 0
194000, 8189, 0, 0
195000, 8231, 0, 0
196000, 8250, 0, 0
197000, 8194, 0, 0
198000, 8142, 0, 0
199000, 8180, 0, 0
200000, 8198, 0, 0
201000, 8114, 0, 0
202000, 8106, 0, 0
203000, 8160, 0, 0
204000, 8110, 0, 0
205000, 8128, 0, 0
206000, 8145, 0, 0
207000, 8156, 0, 0
208000, 8139, 0, 0
209000, 8110, 0, 0
210000, 8090, 0, 0
211000, 8109, 0, 0
212000, 8129, 0, 0
213000, 8268, 0, 0
214000, 8200, 0, 0
215000, 8239, 0, 0
216000, 8241, 0, 0
217000, 8210, 0, 0
218000, 8219, 0, 0
219000, 8146, 0, 0
220000, 8039, 0, 0
221000, 8061, 0, 0
222000, 8101, 0, 0
223000, 8050, 0, 0
224000, 8042, 0, 0
225000, 8085, 0, 0
226000, 8067, 0, 0
227000, 8056, 0, 0
228000, 8083, 0, 0
229000, 8072, 0, 0
230000, 8084, 0, 0
231000, 8094, 0, 0
232000, 8080, 0, 0
233000, 8237, 0, 0
234000, 8004, 0, 0
235000, 7991, 0, 0
236000, 7960, 0, 0
237000, 7988, 0, 0
238000, 8027, 0, 0
239000, 8065, 0, 0
240000, 8251, 0, 0
241000, 8572, 0, 0
242000, 8070, 0, 0
243000, 8167, 0, 0
244000, 8157, 0, 0
245000, 8200, 0, 0
246000, 8143, 0, 0
247000, 8083, 0, 0
248000, 8045, 0, 0
249000, 8125, 0, 0
250000, 8082, 0, 0
251000, 8076, 0, 0
252000, 8132, 0, 0
253000, 8238, 0, 0
254000, 8159, 0, 0
255000, 8173, 0, 0
256000, 8222, 0, 0
257000, 8236, 0, 0
258000, 8168, 0, 0
259000, 8177, 0, 0
260000, 8115, 0, 0
261000, 8335, 0, 0
262000, 8113, 0, 0
263000, 8151, 0, 0
264000, 8131, 0, 0
265000, 8163, 0, 0
266000, 8211, 0, 0
267000, 8208, 0, 0
268000, 8258, 0, 0
269000, 8203, 0, 0
270000, 8098, 0, 0
271000, 8159, 0, 0
272000, 8164, 0, 0
273000, 8132, 0, 0
274000, 8202, 0, 0
275000, 8220, 0, 0
276000, 8191, 0, 0
277000, 8398, 0, 0
278000, 8216, 0, 0
279000, 8181, 0, 0
280000, 8232, 0, 0
281000, 8196, 0, 0
282000, 8252, 0, 0
283000, 8081, 0, 0
284000, 8061, 0, 0
285000, 8061, 0, 0
286000, 8065, 0, 0
287000, 8151, 0, 0
288000, 8122, 0, 0
289000, 8105, 0, 0
290000, 8091, 0, 0
291000, 7988, 0, 0
292000, 8045, 0, 0
293000, 8081, 0, 0
294000, 8181, 0, 0
295000, 8108, 0, 0
296000, 8157, 0, 0
297000, 8097, 0, 0
298000, 8137, 0, 0
299000, 8201, 0, 0
300000, 8160, 0, 0
301000, 8194, 0, 0
302000, 8155, 0, 0
303000, 8152, 0, 0
304000, 8113, 0, 0
305000, 8169, 0, 0
306000, 8192, 0, 0
307000, 8236, 0, 0
308000, 8236, 0, 0
309000, 8204, 0, 0
310000, 8235, 0, 0
311000, 8179, 0, 0
312000, 8236, 0, 0
313000, 8125, 0, 0
314000, 8081, 0, 0
315000, 8152, 0, 0
316000, 8121, 0, 0
317000, 8140, 0, 0
318000, 8149, 0, 0
319000, 8172, 0, 0
320000, 8150, 0, 0
321000, 8121, 0, 0
322000, 8119, 0, 0
323000, 8136, 0, 0
324000, 8138, 0, 0
325000, 8128, 0, 0
326000, 8067, 0, 0
327000, 8092, 0, 0
328000, 8106, 0, 0
329000, 8083, 0, 0
330000, 8131, 0, 0
331000, 8134, 0, 0
332000, 8144, 0, 0
333000, 8125, 0, 0
334000, 8085, 0, 0
335000, 8058, 0, 0
336000, 8043, 0, 0
337000, 8121, 0, 0
338000, 8136, 0, 0
339000, 8109, 0, 0
340000, 8496, 0, 0
341000, 8065, 0, 0
342000, 8058, 0, 0
343000, 8135, 0, 0
344000, 8159, 0, 0
345000, 8182, 0, 0
346000, 8177, 0, 0
347000, 8205, 0, 0
348000, 8169, 0, 0
349000, 8425, 0, 0
350000, 8155, 0, 0
351000, 8182, 0, 0
352000, 8200, 0, 0
353000, 8205, 0, 0
354000, 8176, 0, 0
355000, 8196, 0, 0
356000, 8233, 0, 0
357000, 8498, 0, 0
358000, 8236, 0, 0
359000, 8231, 0, 0
360000, 8204, 0, 0
361000, 8377, 0, 0
362000, 8221, 0, 0
363000, 8203, 0, 0
364000, 8227, 0, 0
365000, 8214, 0, 0
366000, 8195, 0, 0
367000, 8148, 0, 0
368000, 8225, 0, 0
369000, 8217, 0, 0
370000, 8186, 0, 0
371000, 8195, 0, 0
372000, 8221, 0, 0
373000, 8180, 0, 0
374000, 8174, 0, 0
375000, 8183, 0, 0
376000, 8180, 0, 0
377000, 8227, 0, 0
378000, 8174, 0, 0
379000, 8172, 0, 0
380000, 8197, 0, 0
381000, 8244, 0, 0
382000, 8231, 0, 0
383000, 8218, 0, 0
384000, 8210, 0, 0
385000, 8142, 0, 0
386000, 8366, 0, 0
387000, 8208, 0, 0
388000, 8210, 0, 0
389000, 8180, 0, 0
390000, 8204, 0, 0
391000, 8178, 0, 0
392000, 8146, 0, 0
393000, 8214, 0, 0
394000, 8196, 0, 0
395000, 8452, 0, 0
396000, 8223, 0, 0
397000, 8150, 0, 0
398000, 8182, 0, 0
399000, 8185, 0, 0
400000, 8217, 0, 0
401000, 8184, 0, 0
402000, 8223, 0, 0
403000, 8208, 0, 0
404000, 8209, 0, 0
405000, 8243, 0, 0
406000, 8166, 0, 0
407000, 8213, 0, 0
408000, 8213, 0, 0
409000, 8226, 0, 0
410000, 8271, 0, 0
411000, 8199, 0, 0
412000, 8263, 0, 0
413000, 8236, 0, 0
414000, 8195, 0, 0
415000, 8196, 0, 0
416000, 8195, 0, 0
417000, 8138, 0, 0
418000, 8161, 0, 0
419000, 8158, 0, 0
420000, 8158, 0, 0
421000, 8212, 0, 0
422000, 8187, 0, 0
423000, 8166, 0, 0
424000, 8131, 0, 0
425000, 8156, 0, 0
426000, 8471, 0, 0
427000, 8195, 0, 0
428000, 8151, 0, 0
429000, 8159, 0, 0
430000, 8125, 0, 0
431000, 8175, 0, 0
432000, 8177, 0, 0
433000, 8236, 0, 0
434000, 8186, 0, 0
435000, 8217, 0, 0
436000, 8207, 0, 0
437000, 8217, 0, 0
438000, 8230, 0, 0
439000, 8240, 0, 0
440000, 8277, 0, 0
441000, 8175, 0, 0
442000, 8199, 0, 0
443000, 8188, 0, 0
444000, 8227, 0, 0
445000, 8192, 0, 0
446000, 8148, 0, 0
447000, 8123, 0, 0
448000, 8090, 0, 0
449000, 8168, 0, 0
450000, 8201, 0, 0
451000, 8212, 0, 0
452000, 8238, 0, 0
453000, 8170, 0, 0
454000, 8238, 0, 0
455000, 8169, 0, 0
456000, 8762, 0, 0
457000, 8070, 0, 0
458000, 8095, 0, 0
459000, 8061, 0, 0
460000, 8047, 0, 0
461000, 8036, 0, 0
462000, 8035, 0, 0
463000, 8116, 0, 0
464000, 8079, 0, 0
465000, 8087, 0, 0
466000, 8086, 0, 0
467000, 8089, 0, 0
468000, 8077, 0, 0
469000, 8102, 0, 0
470000, 8087, 0, 0
471000, 8123, 0, 0
472000, 8050, 0, 0
473000, 8053, 0, 0
474000, 8044, 0, 0
475000, 8138, 0, 0
476000, 8135, 0, 0
477000, 8102, 0, 0
478000, 8087, 0, 0
479000, 8105, 0, 0
480000, 8050, 0, 0
481000, 8100, 0, 0
482000, 8097, 0, 0
483000, 8089, 0, 0
484000, 8056, 0, 0
485000, 8069, 0, 0
486000, 8055, 0, 0
487000, 8087, 0, 0
488000, 8082, 0, 0
489000, 8141, 0, 0
490000, 8083, 0, 0
491000, 8136, 0, 0
492000, 8062, 0, 0
493000, 8156, 0, 0
494000, 8233, 0, 0
495000, 8215, 0, 0
496000, 8211, 0, 0
497000, 8198, 0, 0
498000, 8167, 0, 0
499000, 8156, 0, 0
500000, 8180, 0, 0
501000, 8211, 0, 0
502000, 8275, 0, 0
503000, 8212, 0, 0
504000, 8209, 0, 0
505000, 8178, 0, 0
506000, 8180, 0, 0
507000, 8226, 0, 0
508000, 8214, 0, 0
509000, 8212, 0, 0
510000, 8218, 0, 0
511000, 8176, 0, 0
512000, 8156, 0, 0
513000, 8201, 0, 0
514000, 8198, 0, 0
515000, 8210, 0, 0
516000, 8201, 0, 0
517000, 8155, 0, 0
518000, 8133, 0, 0
519000, 8166, 0, 0
520000, 8182, 0, 0
521000, 8163, 0, 0
522000, 8164, 0, 0
523000, 8154, 0, 0
524000, 8146, 0, 0
525000, 8160, 0, 0
526000, 8177, 0, 0
527000, 8175, 0, 0
528000, 8412, 0, 0
529000, 8141, 0, 0
530000, 8138, 0, 0
531000, 8078, 0, 0
532000, 8255, 0, 0
533000, 8190, 0, 0
534000, 8222, 0, 0
535000, 8208, 0, 0
536000, 8230, 0, 0
537000, 8193, 0, 0
538000, 8136, 0, 0
539000, 8173, 0, 0
540000, 8175, 0, 0
541000, 8113, 0, 0
542000, 8124, 0, 0
543000, 8110, 0, 0
544000, 8105, 0, 0
545000, 8148, 0, 0
546000, 8126, 0, 0
547000, 8137, 0, 0
548000, 8134, 0, 0
549000, 8174, 0, 0
550000, 8145, 0, 0
551000, 8205, 0, 0
552000, 8175, 0, 0
553000, 8224, 0, 0
554000, 8213, 0, 0
555000, 8175, 0, 0
556000, 8181, 0, 0
557000, 8192, 0, 0
558000, 8163, 0, 0
559000, 8244, 0, 0
560000, 8154, 0, 0
561000, 8210, 0, 0
562000, 8205, 0, 0
563000, 8216, 0, 0
564000, 8254, 0, 0
565000, 8220, 0, 0
566000, 8165, 0, 0
567000, 8168, 0, 0
568000, 8159, 0, 0
569000, 8136, 0, 0
570000, 8184, 0, 0
571000, 8223, 0, 0
572000, 8212, 0, 0
573000, 8226, 0, 0
574000, 8176, 0, 0
575000, 8152, 0, 0
576000, 8221, 0, 0
577000, 8169, 0, 0
578000, 8200, 0, 0
579000, 8179, 0, 0
580000, 8132, 0, 0
581000, 8140, 0, 0
582000, 8202, 0, 0
583000, 8223, 0, 0
584000, 8191, 0, 0
585000, 8202, 0, 0
586000, 8384, 0, 0
587000, 8135, 0, 0
588000, 8184, 0, 0
589000, 8240, 0, 0
590000, 8202, 0, 0
591000, 8164, 0, 0
592000, 8173, 0, 0
593000, 8210, 0, 0
594000, 8142, 0, 0
595000, 8183, 0, 0
596000, 8486, 0, 0
597000, 8485, 0, 0
598000, 8272, 0, 0
599000, 8272, 0, 0
600000, 8248, 0, 0
601000, 8254, 0, 0
602000, 8223, 0, 0
603000, 8183, 0, 0
604000, 8217, 0, 0
605000, 8220, 0, 0
606000, 8177, 0, 0
607000, 8108, 0, 0
608000, 8174, 0, 0
609000, 8179, 0, 0
610000, 8133, 0, 0
611000, 8211, 0, 0
612000, 8245, 0, 0
613000, 8418, 0, 0
614000, 8235, 0, 0
615000, 8293, 0, 0
616000, 8225, 0, 0
617000, 8201, 0, 0
618000, 8223, 0, 0
619000, 8167, 0, 0
620000, 8201, 0, 0
621000, 8220, 0, 0
622000, 8228, 0, 0
623000, 8208, 0, 0
624000, 8197, 0, 0
625000, 8218, 0, 0
626000, 8400, 0, 0
627000, 8141, 0, 0
628000, 8224, 0, 0
629000, 8194, 0, 0
630000, 8226, 0, 0
631000, 8377, 0, 0
632000, 8306, 0, 0
633000, 8216, 0, 0
634000, 8269, 0, 0
635000, 8260, 0, 0
636000, 8262, 0, 0
637000, 8194, 0, 0
638000, 8229, 0, 0
639000, 8248, 0, 0
640000, 8210, 0, 0
641000, 8349, 0, 0
642000, 8547, 0, 0
643000, 8272, 0, 0
644000, 8229, 0, 0
645000, 8266, 0, 0
646000, 8241, 0, 0
647000, 8198, 0, 0
648000, 8206, 0, 0
649000, 8178, 0, 0
650000, 8171, 0, 0
651000, 8157, 0, 0
652000, 8197, 0, 0
653000, 8199, 0, 0
654000, 8206, 0, 0
655000, 8167, 0, 0
656000, 8152, 0, 0
657000, 8159, 0, 0
658000, 8184, 0, 0
659000, 8215, 0, 0
660000, 8204, 0, 0
661000, 8193, 0, 0
662000, 8154, 0, 0
663000, 8176, 0, 0
664000, 8136, 0, 0
665000, 8191, 0, 0
666000, 8257, 0, 0
667000, 8252, 0, 0
668000, 8221, 0, 0
669000, 8221, 0, 0
670000, 8194, 0, 0
671000, 8227, 0, 0
672000, 8221, 0, 0
673000, 8189, 0, 0
674000, 8236, 0, 0
675000, 8217, 0, 0
676000, 8156, 0, 0
677000, 8200, 0, 0
678000, 8261, 0, 0
679000, 8226, 0, 0
680000, 8229, 0, 0
681000, 8195, 0, 0
682000, 8158, 0, 0
683000, 8106, 0, 0
684000, 8181, 0, 0
685000, 8246, 0, 0
686000, 8193, 0, 0
687000, 8157, 0, 0
688000, 8164, 0, 0
689000, 8162, 0, 0
690000, 8195, 0, 0
691000, 8222, 0, 0
692000, 8253, 0, 0
693000, 8205, 0, 0
694000, 8209, 0, 0
695000, 8145, 0, 0
696000, 8171, 0, 0
697000, 8275, 0, 0
698000, 8264, 0, 0
699000, 8171, 0, 0
700000, 8233, 0, 0
701000, 8160, 0, 0
702000, 8139, 0, 0
703000, 8206, 0, 0
704000, 8165, 0, 0
705000, 8199, 0, 0
706000, 8171, 0, 0
707000, 8150, 0, 0
708000, 8174, 0, 0
709000, 8109, 0, 0
710000, 8206, 0, 0
711000, 8158, 0, 0
712000, 8142, 0, 0
713000, 8203, 0, 0
714000, 8133, 0, 0
715000, 8160, 0, 0
716000, 8224, 0, 0
717000, 8165, 0, 0
718000, 8203, 0, 0
719000, 8142, 0, 0
720000, 8130, 0, 0
721000, 8160, 0, 0
722000, 8197, 0, 0
723000, 8177, 0, 0
724000, 8211, 0, 0
725000, 8151, 0, 0
726000, 8305, 0, 0
727000, 8264, 0, 0
728000, 8251, 0, 0
729000, 8276, 0, 0
730000, 8300, 0, 0
731000, 8262, 0, 0
732000, 8220, 0, 0
733000, 8283, 0, 0
734000, 8222, 0, 0
735000, 8234, 0, 0
736000, 8398, 0, 0
737000, 8248, 0, 0
738000, 8243, 0, 0
739000, 8175, 0, 0
740000, 8193, 0, 0
741000, 8231, 0, 0
742000, 8194, 0, 0
743000, 8189, 0, 0
744000, 8190, 0, 0
745000, 8191, 0, 0
746000, 8429, 0, 0
747000, 8158, 0, 0
748000, 8175, 0, 0
749000, 8189, 0, 0
750000, 8197, 0, 0
751000, 8166, 0, 0
752000, 8135, 0, 0
753000, 8144, 0, 0
754000, 8183, 0, 0
755000, 8158, 0, 0
756000, 8166, 0, 0
757000, 8172, 0, 0
758000, 8157, 0, 0
759000, 8134, 0, 0
760000, 8187, 0, 0
761000, 8208, 0, 0
762000, 8186, 0, 0
763000, 8168, 0, 0
764000, 8116, 0, 0
765000, 8148, 0, 0
766000, 8095, 0, 0
767000, 8102, 0, 0
768000, 8108, 0, 0
769000, 8112, 0, 0
770000, 8070, 0, 0
771000, 8104, 0, 0
772000, 8096, 0, 0
773000, 8156, 0, 0
774000, 8122, 0, 0
775000, 8128, 0, 0
776000, 8136, 0, 0
777000, 8101, 0, 0
778000, 8092, 0, 0
779000, 8130, 0, 0
780000, 8112, 0, 0
781000, 8099, 0, 0
782000, 8124, 0, 0
783000, 8114, 0, 0
784000, 8093, 0, 0
785000, 8096, 0, 0
786000, 8201, 0, 0
787000, 8239, 0, 0
788000, 8236, 0, 0
789000, 8153, 0, 0
790000, 8176, 0, 0
791000, 8191, 0, 0
792000, 8224, 0, 0
793000, 8211, 0, 0
794000, 8219, 0, 0
795000, 8210, 0, 0
796000, 8226, 0, 0
797000, 8237, 0, 0
798000, 8264, 0, 0
799000, 8295, 0, 0
800000, 8253, 0, 0
801000, 8173, 0, 0
802000, 8188, 0, 0
803000, 8217, 0, 0
804000, 8186, 0, 0
805000, 8250, 0, 0
806000, 8254, 0, 0
807000, 8237, 0, 0
808000, 8215, 0, 0
809000, 8196, 0, 0
810000, 8168, 0, 0
811000, 8174, 0, 0
812000, 8229, 0, 0
813000, 8293, 0, 0
814000, 8240, 0, 0
815000, 8195, 0, 0
816000, 8208, 0, 0
817000, 8227, 0, 0
818000, 8268, 0, 0
819000, 8290, 0, 0
820000, 8263, 0, 0
821000, 8241, 0, 0
822000, 8249, 0, 0
823000, 8224, 0, 0
824000, 8231, 0, 0
825000, 8289, 0, 0
826000, 8195, 0, 0
827000, 8151, 0, 0
828000, 8143, 0, 0
829000, 8165, 0, 0
830000, 8198, 0, 0
831000, 8234, 0, 0
832000, 8232, 0, 0
833000, 8201, 0, 0
834000, 8232, 0, 0
835000, 8236, 0, 0
836000, 8190, 0, 0
837000, 8237, 0, 0
838000, 8258, 0, 0
839000, 8247, 0, 0
840000, 8175, 0, 0
841000, 8216, 0, 0
842000, 8215, 0, 0
843000, 8252, 0, 0
844000, 8240, 0, 0
845000, 8241, 0, 0
846000, 8233, 0, 0
847000, 8228, 0, 0
848000, 8236, 0, 0
849000, 8240, 0, 0
850000, 8241, 0, 0
851000, 8236, 0, 0
852000, 8202, 0, 0
853000, 8176, 0, 0
854000, 8200, 0, 0
855000, 8381, 0, 0
856000, 8193, 0, 0
857000, 8143, 0, 0
858000, 8196, 0, 0
859000, 8186, 0, 0
860000, 8189, 0, 0
861000, 8207, 0, 0
862000, 8172, 0, 0
863000, 8202, 0, 0
864000, 8178, 0, 0
865000, 8187, 0, 0
866000, 8180, 0, 0
867000, 8162, 0, 0
868000, 8158, 0, 0
869000, 8170, 0, 0
870000, 8217, 0, 0
871000, 8314, 0, 0
872000, 8144, 0, 0
873000, 8166, 0, 0
874000, 8167, 0, 0
875000, 8253, 0, 0
876000, 8214, 0, 0
877000, 8230, 0, 0
878000, 8219, 0, 0
879000, 8203, 0, 0
880000, 8220, 0, 0
881000, 8201, 0, 0
882000, 8220, 0, 0
883000, 8428, 0, 0
884000, 8220, 0, 0
885000, 8223, 0, 0
886000, 8214, 0, 0
887000, 8722, 0, 0
888000, 8273, 0, 0
889000, 8262, 0, 0
890000, 8300, 0, 0
891000, 8254, 0, 0
892000, 8106, 0, 0
893000, 8101, 0, 0
894000, 8179, 0, 0
895000, 8190, 0, 0
896000, 8174, 0, 0
897000, 8150, 0, 0
898000, 8167, 0, 0
899000, 8165, 0, 0
900000, 8157, 0, 0
901000, 8200, 0, 0
902000, 8149, 0, 0
903000, 8142, 0, 0
904000, 8115, 0, 0
905000, 8130, 0, 0
906000, 8106, 0, 0
907000, 8157, 0, 0
908000, 8133, 0, 0
909000, 8168, 0, 0
910000, 8195, 0, 0
911000, 8183, 0, 0
912000, 8163, 0, 0
913000, 8172, 0, 0
914000, 8214, 0, 0
915000, 8189, 0, 0
916000, 8213, 0, 0
917000, 8439, 0, 0
918000, 8169, 0, 0
919000, 8210, 0, 0
920000, 8212, 0, 0
921000, 8198, 0, 0
922000, 8238, 0, 0
923000, 8248, 0, 0
924000, 8209, 0, 0
925000, 8212, 0, 0
926000, 8231, 0, 0
927000, 8253, 0, 0
928000, 8254, 0, 0
929000, 8232, 0, 0
930000, 8242, 0, 0
931000, 8214, 0, 0
932000, 8233, 0, 0
933000, 8210, 0, 0
934000, 8191, 0, 0
935000, 8211, 0, 0
936000, 8187, 0, 0
937000, 8238, 0, 0
938000, 8201, 0, 0
939000, 8267, 0, 0
940000, 8218, 0, 0
941000, 8220, 0, 0
942000, 8233, 0, 0
943000, 8231, 0, 0
944000, 8218, 0, 0
945000, 8242, 0, 0
946000, 8237, 0, 0
947000, 8218, 0, 0
948000, 8244, 0, 0
949000, 8249, 0, 0
950000, 8221, 0, 0
951000, 8204, 0, 0
952000, 8231, 0, 0
953000, 8195, 0, 0
954000, 8211, 0, 0
955000, 8173, 0, 0
956000, 8205, 0, 0
957000, 8226, 0, 0
958000, 8215, 0, 0
959000, 8217, 0, 0
960000, 8206, 0, 0
961000, 8410, 0, 0
962000, 8219, 0, 0
963000, 8269, 0, 0
964000, 8255, 0, 0
965000, 8169, 0, 0
966000, 8188, 0, 0
967000, 8194, 0, 0
968000, 8167, 0, 0
969000, 8180, 0, 0
970000, 8188, 0, 0
971000, 8213, 0, 0
972000, 8237, 0, 0
973000, 8233, 0, 0
974000, 8246, 0, 0
975000, 8231, 0, 0
976000, 8220, 0, 0
977000, 8248, 0, 0
978000, 8229, 0, 0
979000, 8250, 0, 0
980000, 8247, 0, 0
981000, 8200, 0, 0
982000, 8175, 0, 0
983000, 8159, 0, 0
984000, 8227, 0, 0
985000, 8459, 0, 0
986000, 8190, 0, 0
987000, 8172, 0, 0
988000, 8196, 0, 0
989000, 8221, 0, 0
990000, 8221, 0, 0
991000, 8215, 0, 0
992000, 8215, 0, 0
993000, 8249, 0, 0
994000, 8230, 0, 0
995000, 8195, 0, 0
996000, 8215, 0, 0
997000, 8253, 0, 0
998000, 8271, 0, 0
999000, 8239, 0, 0
1000000, 8239, 0, 0
1001000, 8205, 0, 0
1002000, 8197, 0, 0
1003000, 8271, 0, 0
1004000, 8229, 0, 0
1005000, 8259, 0, 0
1006000, 8226, 0, 0
1007000, 8210, 0, 0
1008000, 8229, 0, 0
1009000, 8226, 0, 0
1010000, 8235, 0, 0
1011000, 8255, 0, 0
1012000, 8235, 0, 0
1013000, 8239, 0, 0
1014000, 8239, 0, 0
1015000, 8220, 0, 0
1016000, 8228, 0, 0
1017000, 8237, 0, 0
1018000, 8259, 0, 0
1019000, 8258, 0, 0
1020000, 8240, 0, 0
1021000, 8237, 0, 0
1022000, 8223, 0, 0
1023000, 8256, 0, 0
1024000, 8248, 0, 0
1025000, 8219, 0, 0
1026000, 8226, 0, 0
1027000, 8197, 0, 0
1028000, 8208, 0, 0
1029000, 8242, 0, 0
1030000, 8265, 0, 0
1031000, 8240, 0, 0
1032000, 8262, 0, 0
1033000, 8211, 0, 0
1034000, 8226, 0, 0
1035000, 8236, 0, 0
1036000, 8245, 0, 0
1037000, 8288, 0, 0
1038000, 8273, 0, 0
1039000, 8222, 0, 0
1040000, 8225, 0, 0
1041000, 8213, 0, 0
1042000, 8259, 0, 0
1043000, 8423, 0, 0
1044000, 8205, 0, 0
1045000, 8199, 0, 0
1046000, 8204, 0, 0
1047000, 8194, 0, 0
1048000, 8186, 0, 0
1049000, 8259, 0, 0
1050000, 8177, 0, 0
1051000, 8652, 0, 0
1052000, 8257, 0, 0
1053000, 8148, 0, 0
1054000, 8188, 0, 0
1055000, 8375, 0, 0
1056000, 8214, 0, 0
1057000, 8182, 0, 0
1058000, 8212, 0, 0
1059000, 8228, 0, 0
1060000, 8187, 0, 0
1061000, 8206, 0, 0
1062000, 8242, 0, 0
1063000, 8561, 0, 0
1064000, 8203, 0, 0
1065000, 8215, 0, 0
1066000, 8232, 0, 0
1067000, 8242, 0, 0
1068000, 8208, 0, 0
1069000, 8214, 0, 0
1070000, 8238, 0, 0
1071000, 8164, 0, 0
1072000, 8206, 0, 0
1073000, 8186, 0, 0
1074000, 8248, 0, 0
1075000, 8161, 0, 0
1076000, 8196, 0, 0
1077000, 8172, 0, 0
1078000, 8162, 0, 0
1079000, 8170, 0, 0
1080000, 8206, 0, 0
1081000, 8160, 0, 0
1082000, 8204, 0, 0
1083000, 8206, 0, 0
1084000, 8182, 0, 0
1085000, 8157, 0, 0
1086000, 8179, 0, 0
1087000, 8212, 0, 0
1088000, 8184, 0, 0
1089000, 8193, 0, 0
1090000, 8167, 0, 0
1091000, 8190, 0, 0
1092000, 8174, 0, 0
1093000, 8203, 0, 0
1094000, 8233, 0, 0
1095000, 8225, 0, 0
1096000, 8227, 0, 0
1097000, 8240, 0, 0
1098000, 8223, 0, 0
1099000, 8260, 0, 0
1100000, 8263, 0, 0
1101000, 8249, 0, 0
1102000, 8240, 0, 0
1103000, 8241, 0, 0
1104000, 8187, 0, 0
1105000, 8335, 0, 0
1106000, 8412, 0, 0
1107000, 8224, 0, 0
1108000, 8223, 0, 0
1109000, 8193, 0, 0
1110000, 8302, 0, 0
1111000, 8283, 0, 0
1112000, 8280, 0, 0
1113000, 8263, 0, 0
1114000, 8255, 0, 0
1115000, 8281, 0, 0
1116000, 8233, 0, 0
1117000, 8235, 0, 0
1118000, 8256, 0, 0
1119000, 8251, 0, 0
1120000, 8299, 0, 0
1121000, 8234, 0, 0
1122000, 8207, 0, 0
1123000, 8215, 0, 0
1124000, 8245, 0, 0
1125000, 8641, 0, 0
1126000, 8137, 0, 0
1127000, 8128, 0, 0
1128000, 8154, 0, 0
1129000, 8214, 0, 0
1130000, 8237, 0, 0
1131000, 8226, 0, 0
1132000, 8265, 0, 0
1133000, 8270, 0, 0
1134000, 8311, 0, 0
1135000, 8259, 0, 0
1136000, 8262, 0, 0
1137000, 8269, 0, 0
1138000, 8276, 0, 0
1139000, 8306, 0, 0
1140000, 8309, 0, 0
1141000, 8257, 0, 0
1142000, 8237, 0, 0
1143000, 8219, 0, 0
1144000, 8291, 0, 0
1145000, 8277, 0, 0
1146000, 8283, 0, 0
1147000, 8301, 0, 0
1148000, 8228, 0, 0
1149000, 8300, 0, 0
1150000, 8410, 0, 0
1151000, 8343, 0, 0
1152000, 8260, 0, 0
1153000, 8191, 0, 0
1154000, 8173, 0, 0
1155000, 8198, 0, 0
1156000, 8181, 0, 0
1157000, 8171, 0, 0
1158000, 8211, 0, 0
1159000, 8175, 0, 0
1160000, 8222, 0, 0
1161000, 8541, 0, 0
1162000, 8335, 0, 0
1163000, 8255, 0, 0
1164000, 8276, 0, 0
1165000, 8308, 0, 0
1166000, 8297, 0, 0
1167000, 8275, 0, 0
1168000, 8304, 0, 0
1169000, 8278, 0, 0
1170000, 8453, 0, 0
1171000, 8619, 0, 0
1172000, 8219, 0, 0
1173000, 8280, 0, 0
1174000, 8294, 0, 0
1175000, 8265, 0, 0
1176000, 8230, 0, 0
1177000, 8198, 0, 0
1178000, 8234, 0, 0
1179000, 8241, 0, 0
1180000, 8209, 0, 0
1181000, 8216, 0, 0
1182000, 8211, 0, 0
1183000, 8267, 0, 0
1184000, 8259, 0, 0
1185000, 8197, 0, 0
1186000, 8227, 0, 0
1187000, 8192, 0, 0
1188000, 8182, 0, 0
1189000, 8204, 0, 0
1190000, 8218, 0, 0
1191000, 8225, 0, 0
1192000, 8217, 0, 0
1193000, 8233, 0, 0
1194000, 8251, 0, 0
1195000, 8258, 0, 0
1196000, 8244, 0, 0
1197000, 8241, 0, 0
1198000, 8227, 0, 0
1199000, 8258, 0, 0
1200000, 8182, 0, 0
