1041, 397585676, 0, 0
2046, 435503310, 0, 0
3031, 484324352, 0, 0
4018, 429174745, 0, 0
5053, 419533562, 0, 0
6022, 428417915, 0, 0
7008, 422752308, 0, 0
8023, 429226604, 0, 0
9011, 434104625, 0, 0
10026, 433095160, 0, 0
11010, 429981642, 0, 0
12009, 420192119, 0, 0
13051, 448356880, 0, 0
14044, 433446127, 0, 0
15012, 418359681, 0, 0
16016, 424441403, 0, 0
17040, 433670974, 0, 0
18042, 439449081, 0, 0
19012, 451317807, 0, 0
20026, 431344890, 0, 0
21006, 420550795, 0, 0
22012, 417062660, 0, 0
23033, 432540420, 0, 0
24029, 431507654, 0, 0
25000, 406158116, 0, 0
26009, 416956782, 0, 0
27042, 423702638, 0, 0
28030, 425164388, 0, 0
29048, 398951608, 0, 0
30041, 412334714, 0, 0
31005, 412672453, 0, 0
32029, 403074432, 0, 0
33028, 417455715, 0, 0
34031, 429158358, 0, 0
35044, 412391235, 0, 0
36014, 398653574, 0, 0
37001, 422933297, 0, 0
38036, 414595353, 0, 0
39028, 406654443, 0, 0
40054, 426632306, 0, 0
41028, 405599780, 0, 0
42016, 391673281, 0, 0
43019, 431714552, 0, 0
44004, 388144584, 0, 0
45011, 384316262, 0, 0
46008, 413489510, 0, 0
47012, 411279165, 0, 0
48036, 404872680, 0, 0
49002, 410367585, 0, 0
50039, 420853165, 0, 0
51038, 400154043, 0, 0
52014, 385662145, 0, 0
53038, 404868400, 0, 0
54049, 396163834, 0, 0
55028, 366937028, 0, 0
56000, 385683327, 0, 0
57026, 427361085, 0, 0
58009, 402857713, 0, 0
59000, 412052286, 0, 0
60040, 393728777, 0, 0
61040, 402459611, 0, 0
62009, 402770119, 0, 0
63040, 386198506, 0, 0
64033, 394811382, 0, 0
65001, 403927772, 0, 0
66029, 390199025, 0, 0
67008, 384413318, 0, 0
68019, 386513441, 0, 0
69036, 411958705, 0, 0
70018, 365736021, 0, 0
71022, 394674550, 0, 0
72012, 388196554, 0, 0
73005, 377560085, 0, 0
74043, 378615690, 0, 0
75035, 381266819, 0, 0
76037, 386125116, 0, 0
77006, 354634740, 0, 0
78050, 376191166, 0, 0
79033, 401514432, 0, 0
80002, 373392988, 0, 0
81010, 376570884, 0, 0
82052, 398593473, 0, 0
83025, 387481762, 0, 0
84004, 359707509, 0, 0
85044, 374522053, 0, 0
86003, 355921439, 0, 0
87006, 371922564, 0, 0
88044, 379023299, 0, 0
89034, 357190278, 0, 0
90047, 361142915, 0, 0
91040, 388392843, 0, 0
92018, 367399015, 0, 0
93015, 385178910, 0, 0
94021, 357926030, 0, 0
95048, 361363736, 0, 0
96013, 360649671, 0, 0
97024, 406587538, 0, 0
98040, 403796994, 0, 0
99054, 376358554, 0, 0
100019, 375341870, 0, 0
101017, 351779466, 0, 0
102013, 365335351, 0, 0
103043, 357217467, 0, 0
104047, 376584360, 0, 0
105013, 357013804, 0, 0
106000, 361042122, 0, 0
107009, 355042067, 0, 0
108015, 322593407, 0, 0
109040, 339765586, 0, 0
110046, 352632157, 0, 0
111035, 353815494, 0, 0
112005, 353544887, 0, 0
113022, 344480867, 0, 0
114045, 343646029, 0, 0
115022, 341913012, 0, 0
116040, 342224641, 0, 0
117056, 358129969, 0, 0
118042, 371307241, 0, 0
119025, 372666074, 0, 0
120029, 348216345, 0, 0
121046, 337015653, 0, 0
122039, 334706355, 0, 0
123018, 340679686, 0, 0
124032, 335878003, 0, 0
125036, 354698774, 0, 0
126021, 344038258, 0, 0
127016, 342932518, 0, 0
128005, 320343349, 0, 0
129049, 333385749, 0, 0
130000, 325042925, 0, 0
131040, 342516376, 0, 0
132032, 317168513, 0, 0
133031, 346467630, 0, 0
134035, 329822725, 0, 0
135012, 336939812, 0, 0
136028, 336475579, 0, 0
137036, 346938608, 0, 0
138027, 338165510, 0, 0
139013, 316120667, 0, 0
140000, 329345246, 0, 0
141022, 337390664, 0, 0
142022, 339126900, 0, 0
143013, 335343828, 0, 0
144060, 341427854, 0, 0
145059, 349051757, 0, 0
146039, 344926843, 0, 0
147005, 340463636, 0, 0
148028, 307881374, 0, 0
149018, 318010238, 0, 0
150062, 313783913, 0, 0
151028, 319683459, 0, 0
152015, 322300968, 0, 0
153033, 327706193, 0, 0
154010, 339965003, 0, 0
155027, 344350415, 0, 0
156012, 312803126, 0, 0
157042, 313680557, 0, 0
158002, 293275091, 0, 0
159011, 301787534, 0, 0
160000, 307959590, 0, 0
161010, 309486052, 0, 0
162004, 318469034, 0, 0
163026, 309282266, 0, 0
164047, 344445012, 0, 0
165000, 354335857, 0, 0
166039, 308625166, 0, 0
167026, 287170798, 0, 0
168039, 330403815, 0, 0
169047, 313213056, 0, 0
170036, 316829936, 0, 0
171005, 291590329, 0, 0
172038, 328839213, 0, 0
173043, 307848044, 0, 0
174038, 293317485, 0, 0
175030, 307504159, 0, 0
176000, 301959879, 0, 0
177040, 299270559, 0, 0
178042, 320870229, 0, 0
179046, 285323002, 0, 0
180049, 301152576, 0, 0
181029, 287765035, 0, 0
182016, 306058403, 0, 0
183011, 311990748, 0, 0
184018, 293427438, 0, 0
185003, 302868383, 0, 0
186050, 301750249, 0, 0
187035, 325442632, 0, 0
188027, 297321701, 0, 0
189000, 286029248, 0, 0
190033, 315094392, 0, 0
191019, 272962849, 0, 0
192001, 277292017, 0, 0
193004, 303623357, 0, 0
194033, 282957404, 0, 0
195043, 286421727, 0, 0
196021, 284032182, 0, 0
197015, 297076860, 0, 0
198118, 342602754, 0, 0
199011, 381495731, 0, 0
200048, 312345414, 0, 0
201045, 278700364, 0, 0
202053, 274837887, 0, 0
203018, 330959216, 0, 0
204004, 296233177, 0, 0
205019, 271370946, 0, 0
206042, 299354433, 0, 0
207049, 278443235, 0, 0
208000, 289118864, 0, 0
209023, 284676476, 0, 0
210024, 264665193, 0, 0
211017, 293788631, 0, 0
212035, 286593884, 0, 0
213011, 279323127, 0, 0
214033, 266619498, 0, 0
215054, 299865417, 0, 0
216001, 280719508, 0, 0
217022, 293071367, 0, 0
218007, 278024230, 0, 0
219004, 265781835, 0, 0
220006, 263081562, 0, 0
221002, 269615616, 0, 0
222049, 276712088, 0, 0
223046, 278638123, 0, 0
224005, 287629713, 0, 0
225041, 285985856, 0, 0
226018, 260550401, 0, 0
227035, 257846182, 0, 0
228041, 263026301, 0, 0
229025, 255542785, 0, 0
230010, 294329707, 0, 0
231028, 303632439, 0, 0
232031, 258725631, 0, 0
233046, 271474849, 0, 0
234055, 277284931, 0, 0
235009, 270889005, 0, 0
236015, 260401118, 0, 0
237051, 263507453, 0, 0
238053, 270779995, 0, 0
239009, 253482759, 0, 0
240003, 239008799, 0, 0
241010, 229209989, 0, 0
242005, 264371347, 0, 0
243032, 271729426, 0, 0
244035, 256158031, 0, 0
245022, 279066650, 0, 0
246011, 239176052, 0, 0
247008, 274026003, 0, 0
248026, 267159370, 0, 0
249022, 248475806, 0, 0
250014, 253128068, 0, 0
251038, 260254407, 0, 0
252012, 239382973, 0, 0
253041, 222335448, 0, 0
254020, 246305730, 0, 0
255009, 276361506, 0, 0
256015, 234159072, 0, 0
257030, 283020927, 0, 0
258041, 252764162, 0, 0
259055, 279215084, 0, 0
260016, 233296957, 0, 0
261022, 238327156, 0, 0
262040, 268336449, 0, 0
263050, 224934603, 0, 0
264051, 234211691, 0, 0
265041, 223915162, 0, 0
266047, 256489791, 0, 0
267026, 201418479, 0, 0
268016, 212443827, 0, 0
269015, 241816415, 0, 0
270036, 251547920, 0, 0
271059, 199890070, 0, 0
272052, 250488069, 0, 0
273048, 237459102, 0, 0
274037, 216513884, 0, 0
275033, 248295182, 0, 0
276006, 238173476, 0, 0
277063, 219425182, 0, 0
278018, 240583323, 0, 0
279013, 243044536, 0, 0
280050, 200590750, 0, 0
281002, 219968042, 0, 0
282052, 226824902, 0, 0
283025, 215778032, 0, 0
284017, 196880885, 0, 0
285033, 223367410, 0, 0
286044, 210636234, 0, 0
287038, 212702899, 0, 0
288010, 223825428, 0, 0
289039, 244213621, 0, 0
290014, 241296987, 0, 0
291034, 211323764, 0, 0
292018, 225023238, 0, 0
293024, 211645012, 0, 0
294041, 210007885, 0, 0
295010, 223128249, 0, 0
296049, 208747845, 0, 0
297006, 216375075, 0, 0
298007, 219616117, 0, 0
299050, 220749149, 0, 0
300047, 206325280, 0, 0
301035, 198259187, 0, 0
302012, 198668869, 0, 0
303011, 212636374, 0, 0
304013, 213936834, 0, 0
305051, 211619565, 0, 0
306002, 194142078, 0, 0
307027, 197677618, 0, 0
308055, 205209008, 0, 0
309027, 202456042, 0, 0
310006, 224573842, 0, 0
311012, 195033730, 0, 0
312019, 198631998, 0, 0
313028, 221438989, 0, 0
314034, 189009274, 0, 0
315015, 188090216, 0, 0
316013, 219814194, 0, 0
317017, 185696820, 0, 0
318037, 213655695, 0, 0
319039, 228909056, 0, 0
320000, 178940534, 0, 0
321005, 195296724, 0, 0
322026, 196309882, 0, 0
323005, 209557546, 0, 0
324043, 191695613, 0, 0
325041, 179889299, 0, 0
326044, 223960868, 0, 0
327000, 187331027, 0, 0
328030, 185182896, 0, 0
329003, 174558881, 0, 0
330035, 189247015, 0, 0
331037, 178355565, 0, 0
332024, 187225716, 0, 0
333040, 183951645, 0, 0
334005, 187545895, 0, 0
335011, 191510735, 0, 0
336015, 188558735, 0, 0
337008, 191225243, 0, 0
338001, 186458095, 0, 0
339045, 198386602, 0, 0
340000, 174708699, 0, 0
341060, 195084065, 0, 0
342026, 174072765, 0, 0
343051, 177376728, 0, 0
344031, 171525266, 0, 0
345056, 160527251, 0, 0
346003, 173967119, 0, 0
347026, 175736308, 0, 0
348039, 162959163, 0, 0
349031, 178041816, 0, 0
350023, 186012355, 0, 0
351007, 191333777, 0, 0
352020, 177981019, 0, 0
353022, 164165803, 0, 0
354050, 175884567, 0, 0
355036, 185477686, 0, 0
356017, 165966870, 0, 0
357013, 187959560, 0, 0
358042, 183915005, 0, 0
359013, 180914289, 0, 0
360012, 157065819, 0, 0
361026, 183200512, 0, 0
362061, 170105256, 0, 0
363022, 177267746, 0, 0
364026, 188360493, 0, 0
365035, 165547009, 0, 0
366041, 185076925, 0, 0
367021, 153088677, 0, 0
368049, 175906957, 0, 0
369054, 171456318, 0, 0
370015, 158587448, 0, 0
371043, 166346058, 0, 0
372002, 174235108, 0, 0
373049, 154332639, 0, 0
374046, 153095078, 0, 0
375028, 165400500, 0, 0
376034, 179851241, 0, 0
377001, 159345734, 0, 0
378021, 189377276, 0, 0
379007, 164543507, 0, 0
380039, 157448715, 0, 0
381044, 158803767, 0, 0
382042, 154271004, 0, 0
383033, 150486526, 0, 0
384051, 161508468, 0, 0
385046, 165067103, 0, 0
386064, 163763904, 0, 0
387032, 152688532, 0, 0
388036, 149319107, 0, 0
389028, 129003624, 0, 0
390002, 148068522, 0, 0
391035, 150631620, 0, 0
392050, 135537018, 0, 0
393042, 143840023, 0, 0
394007, 144722014, 0, 0
395004, 164268061, 0, 0
396040, 124425903, 0, 0
397037, 139895065, 0, 0
398014, 143679017, 0, 0
399006, 134340897, 0, 0
400025, 152052342, 0, 0
401009, 135789233, 0, 0
402024, 143904581, 0, 0
403017, 140870233, 0, 0
404043, 142024650, 0, 0
405031, 130360161, 0, 0
406035, 117378329, 0, 0
407023, 141481106, 0, 0
408007, 137092987, 0, 0
409030, 146168386, 0, 0
410037, 123919127, 0, 0
411044, 131504638, 0, 0
412049, 137799617, 0, 0
413015, 141637407, 0, 0
414001, 145809661, 0, 0
415000, 121970169, 0, 0
416029, 125023517, 0, 0
417051, 125495086, 0, 0
418013, 153879410, 0, 0
419035, 123533902, 0, 0
420042, 116338490, 0, 0
421032, 123626376, 0, 0
422047, 109191613, 0, 0
423040, 114182291, 0, 0
424015, 123576187, 0, 0
425024, 123679030, 0, 0
426005, 106314580, 0, 0
427000, 119468183, 0, 0
428005, 125108565, 0, 0
429010, 104621025, 0, 0
430053, 118713322, 0, 0
431044, 122300437, 0, 0
432022, 111867869, 0, 0
433041, 110981169, 0, 0
434035, 120297099, 0, 0
435025, 111542593, 0, 0
436010, 116049240, 0, 0
437010, 115427246, 0, 0
438026, 106650049, 0, 0
439035, 103358355, 0, 0
440015, 101389318, 0, 0
441012, 104365566, 0, 0
442050, 113438150, 0, 0
443039, 114389104, 0, 0
444031, 109169254, 0, 0
445054, 103461788, 0, 0
446038, 121892998, 0, 0
447026, 115855606, 0, 0
448033, 116365463, 0, 0
449051, 103285077, 0, 0
450045, 106806252, 0, 0
451004, 97607762, 0, 0
452035, 109821547, 0, 0
453013, 102290788, 0, 0
454004, 87735900, 0, 0
455054, 97767485, 0, 0
456020, 114166449, 0, 0
457039, 82115816, 0, 0
458020, 97719611, 0, 0
459031, 101578864, 0, 0
460012, 92212026, 0, 0
461019, 94631163, 0, 0
462048, 109053445, 0, 0
463044, 98293047, 0, 0
464046, 91036995, 0, 0
465037, 82935011, 0, 0
466019, 86982985, 0, 0
467012, 101536721, 0, 0
468026, 98974226, 0, 0
469054, 101366428, 0, 0
470039, 90551712, 0, 0
471013, 71461659, 0, 0
472001, 74074094, 0, 0
473021, 78161326, 0, 0
474009, 97250035, 0, 0
475040, 74301374, 0, 0
476048, 76145143, 0, 0
477042, 82421232, 0, 0
478020, 86990405, 0, 0
479009, 74996561, 0, 0
480025, 66324138, 0, 0
481047, 85828384, 0, 0
482000, 66588583, 0, 0
483012, 74820421, 0, 0
484024, 75668044, 0, 0
485021, 91619393, 0, 0
486018, 74354916, 0, 0
487010, 67935698, 0, 0
488051, 79451629, 0, 0
489038, 70282388, 0, 0
490023, 72605523, 0, 0
491046, 68572083, 0, 0
492000, 80407798, 0, 0
493000, 74610882, 0, 0
494027, 76552827, 0, 0
495060, 57925120, 0, 0
496015, 94161718, 0, 0
497002, 65621380, 0, 0
498053, 74534025, 0, 0
499043, 61401484, 0, 0
500020, 63605750, 0, 0
501013, 57834993, 0, 0
502010, 51449603, 0, 0
503028, 49961966, 0, 0
504043, 56739354, 0, 0
505005, 65326328, 0, 0
506008, 63052920, 0, 0
507045, 68285971, 0, 0
508062, 68720924, 0, 0
509028, 47075229, 0, 0
510012, 55032457, 0, 0
511001, 54373616, 0, 0
512020, 57159123, 0, 0
513051, 50940912, 0, 0
514029, 54260238, 0, 0
515046, 54722733, 0, 0
516046, 51734679, 0, 0
517091, 51060467, 0, 0
518051, 53238770, 0, 0
519059, 46635796, 0, 0
520035, 51479577, 0, 0
521046, 53922074, 0, 0
522012, 40574894, 0, 0
523024, 53153912, 0, 0
524021, 42293614, 0, 0
525019, 43933175, 0, 0
526048, 42102021, 0, 0
527050, 44769552, 0, 0
528032, 39854863, 0, 0
529044, 45941336, 0, 0
530019, 39316839, 0, 0
531042, 37394803, 0, 0
532090, 59715615, 0, 0
533011, 38507935, 0, 0
534000, 46583600, 0, 0
535031, 45737562, 0, 0
536004, 37763198, 0, 0
537052, 40360588, 0, 0
538033, 34815152, 0, 0
539002, 31322164, 0, 0
540026, 36996569, 0, 0
541027, 41054212, 0, 0
542018, 35757515, 0, 0
543016, 29603051, 0, 0
544007, 32443400, 0, 0
545009, 31003449, 0, 0
546037, 35755865, 0, 0
547010, 28888664, 0, 0
548017, 27150996, 0, 0
549000, 30929595, 0, 0
550010, 27483064, 0, 0
551010, 28718274, 0, 0
552007, 32805642, 0, 0
553049, 25708963, 0, 0
554010, 27124885, 0, 0
555042, 22867534, 0, 0
556011, 21171574, 0, 0
557045, 23693209, 0, 0
558002, 18454805, 0, 0
559029, 20676612, 0, 0
560015, 21885527, 0, 0
561051, 16661677, 0, 0
562000, 21354225, 0, 0
563023, 14257578, 0, 0
564028, 19048371, 0, 0
565003, 17460765, 0, 0
566033, 11850120, 0, 0
567043, 12520250, 0, 0
568035, 18089340, 0, 0
569005, 14572845, 0, 0
570045, 11202754, 0, 0
571006, 11395681, 0, 0
572025, 9137947, 0, 0
573000, 9572778, 0, 0
574000, 8394025, 0, 0
575019, 9309980, 0, 0
576004, 9972636, 0, 0
577010, 7087561, 0, 0
578000, 6621084, 0, 0
579027, 5356460, 0, 0
580039, 5985332, 0, 0
581000, 4084316, 0, 0
582056, 3711155, 0, 0
583000, 2266951, 0, 0
584000, 1612740, 0, 0
585000, 1338257, 0, 0
586000, 1283172, 0, 0
587000, 1286038, 0, 0
588000, 1275196, 0, 0
589000, 1278197, 0, 0
590000, 1277461, 0, 0
591000, 1267795, 0, 0
592000, 1271126, 0, 0
593000, 1275220, 0, 0
594000, 1269705, 0, 0
595000, 1275211, 0, 0
596000, 1273868, 0, 0
597000, 1269515, 0, 0
598000, 1274160, 0, 0
599000, 1272829, 0, 0
600000, 1273145, 0, 0
600001, 2355171, 0, 0
