999, 420, 0, 0
1999, 576, 0, 0
3000, 516, 0, 0
3999, 580, 0, 0
4999, 620, 0, 0
6000, 584, 0, 0
7000, 580, 0, 0
7999, 588, 0, 0
9000, 584, 0, 0
9999, 576, 0, 0
10999, 588, 0, 0
12000, 596, 0, 0
13000, 580, 0, 0
13999, 584, 0, 0
14999, 588, 0, 0
16000, 592, 0, 0
16999, 584, 0, 0
17999, 580, 0, 0
19000, 548, 0, 0
19999, 592, 0, 0
20999, 592, 0, 0
22000, 608, 0, 0
22999, 584, 0, 0
23999, 588, 0, 0
25000, 608, 0, 0
25999, 600, 0, 0
26999, 616, 0, 0
28000, 596, 0, 0
28999, 640, 0, 0
29999, 612, 0, 0
31000, 588, 0, 0
31999, 652, 0, 0
32999, 576, 0, 0
34000, 608, 0, 0
34999, 608, 0, 0
35999, 616, 0, 0
37000, 588, 0, 0
37999, 632, 0, 0
38999, 608, 0, 0
40000, 604, 0, 0
40999, 620, 0, 0
42000, 620, 0, 0
43000, 592, 0, 0
43999, 636, 0, 0
44999, 656, 0, 0
46000, 628, 0, 0
46999, 604, 0, 0
47999, 640, 0, 0
49000, 584, 0, 0
49999, 632, 0, 0
50999, 616, 0, 0
52000, 644, 0, 0
52999, 628, 0, 0
53999, 668, 0, 0
55000, 656, 0, 0
55999, 632, 0, 0
56999, 608, 0, 0
58000, 612, 0, 0
58999, 604, 0, 0
59999, 664, 0, 0
61000, 628, 0, 0
62000, 636, 0, 0
62999, 636, 0, 0
64000, 640, 0, 0
64999, 616, 0, 0
65999, 660, 0, 0
67000, 648, 0, 0
67999, 656, 0, 0
68999, 632, 0, 0
70000, 660, 0, 0
70999, 656, 0, 0
71999, 628, 0, 0
73000, 672, 0, 0
73999, 684, 0, 0
74999, 652, 0, 0
76000, 672, 0, 0
76999, 668, 0, 0
77999, 696, 0, 0
79000, 628, 0, 0
79999, 648, 0, 0
80999, 664, 0, 0
82000, 664, 0, 0
82999, 648, 0, 0
83999, 676, 0, 0
85000, 712, 0, 0
85999, 680, 0, 0
86999, 676, 0, 0
88000, 688, 0, 0
88999, 680, 0, 0
89999, 724, 0, 0
91000, 640, 0, 0
91999, 672, 0, 0
92999, 652, 0, 0
94000, 712, 0, 0
94999, 720, 0, 0
95999, 672, 0, 0
97000, 580, 0, 0
97999, 680, 0, 0
98999, 668, 0, 0
100000, 676, 0, 0
100999, 696, 0, 0
101999, 680, 0, 0
103000, 732, 0, 0
103999, 676, 0, 0
104999, 684, 0, 0
106000, 684, 0, 0
106999, 732, 0, 0
107999, 796, 0, 0
109000, 752, 0, 0
109999, 716, 0, 0
111000, 688, 0, 0
112000, 700, 0, 0
112999, 732, 0, 0
114000, 756, 0, 0
114999, 736, 0, 0
115999, 752, 0, 0
117000, 696, 0, 0
118000, 668, 0, 0
118999, 672, 0, 0
120000, 740, 0, 0
120999, 748, 0, 0
121999, 744, 0, 0
123000, 736, 0, 0
123999, 748, 0, 0
124999, 724, 0, 0
126000, 704, 0, 0
127000, 756, 0, 0
127999, 772, 0, 0
129000, 796, 0, 0
129999, 708, 0, 0
130999, 792, 0, 0
132000, 776, 0, 0
132999, 736, 0, 0
133999, 772, 0, 0
135000, 712, 0, 0
135999, 780, 0, 0
136999, 704, 0, 0
138000, 752, 0, 0
138999, 804, 0, 0
139999, 744, 0, 0
141000, 736, 0, 0
141999, 772, 0, 0
142999, 720, 0, 0
144000, 768, 0, 0
145000, 728, 0, 0
145999, 732, 0, 0
147000, 716, 0, 0
148000, 860, 0, 0
148999, 772, 0, 0
150000, 840, 0, 0
151000, 752, 0, 0
151999, 768, 0, 0
152999, 780, 0, 0
154000, 728, 0, 0
154999, 752, 0, 0
155999, 816, 0, 0
156999, 796, 0, 0
158000, 868, 0, 0
158999, 792, 0, 0
159999, 828, 0, 0
161000, 836, 0, 0
161999, 772, 0, 0
162999, 804, 0, 0
164000, 760, 0, 0
164999, 700, 0, 0
165999, 848, 0, 0
167000, 856, 0, 0
167999, 780, 0, 0
168999, 800, 0, 0
170000, 812, 0, 0
170999, 820, 0, 0
171999, 788, 0, 0
173000, 836, 0, 0
173999, 824, 0, 0
174999, 832, 0, 0
176000, 860, 0, 0
176999, 792, 0, 0
177999, 808, 0, 0
179000, 900, 0, 0
179999, 840, 0, 0
180999, 872, 0, 0
182000, 804, 0, 0
182999, 800, 0, 0
183999, 864, 0, 0
185000, 820, 0, 0
185999, 868, 0, 0
186999, 748, 0, 0
188000, 848, 0, 0
188999, 880, 0, 0
189999, 836, 0, 0
191000, 900, 0, 0
191999, 896, 0, 0
192999, 824, 0, 0
194000, 932, 0, 0
194999, 880, 0, 0
195999, 896, 0, 0
197000, 812, 0, 0
197999, 756, 0, 0
198999, 592, 0, 0
200000, 884, 0, 0
200999, 916, 0, 0
202000, 900, 0, 0
203000, 744, 0, 0
203999, 856, 0, 0
205000, 936, 0, 0
206000, 872, 0, 0
206999, 864, 0, 0
208000, 852, 0, 0
208999, 952, 0, 0
209999, 888, 0, 0
211000, 880, 0, 0
211999, 864, 0, 0
212999, 932, 0, 0
214000, 952, 0, 0
214999, 816, 0, 0
215999, 876, 0, 0
217000, 896, 0, 0
217999, 884, 0, 0
218999, 956, 0, 0
220000, 928, 0, 0
220999, 952, 0, 0
221999, 940, 0, 0
223000, 868, 0, 0
223999, 868, 0, 0
224999, 912, 0, 0
226000, 976, 0, 0
226999, 976, 0, 0
227999, 980, 0, 0
229000, 936, 0, 0
229999, 884, 0, 0
230999, 824, 0, 0
232000, 984, 0, 0
232999, 928, 0, 0
233999, 924, 0, 0
235000, 916, 0, 0
235999, 972, 0, 0
236999, 932, 0, 0
238000, 976, 0, 0
238999, 956, 0, 0
239999, 1089, 0, 0
241000, 1024, 0, 0
241999, 980, 0, 0
242999, 936, 0, 0
244000, 988, 0, 0
244999, 908, 0, 0
246000, 1056, 0, 0
246999, 884, 0, 0
247999, 968, 0, 0
249000, 1004, 0, 0
250000, 1004, 0, 0
250999, 988, 0, 0
252000, 1040, 0, 0
252999, 1141, 0, 0
253999, 1013, 0, 0
255000, 900, 0, 0
255999, 1073, 0, 0
256999, 916, 0, 0
258000, 1020, 0, 0
258999, 928, 0, 0
259999, 1045, 0, 0
261000, 996, 0, 0
261999, 968, 0, 0
262999, 1161, 0, 0
264000, 1068, 0, 0
264999, 1073, 0, 0
265999, 1073, 0, 0
267000, 1208, 0, 0
268000, 1136, 0, 0
268999, 1049, 0, 0
270000, 1040, 0, 0
271000, 1240, 0, 0
271999, 1005, 0, 0
273000, 1096, 0, 0
274000, 1132, 0, 0
274999, 992, 0, 0
276000, 1044, 0, 0
277000, 1200, 0, 0
277999, 980, 0, 0
278999, 1085, 0, 0
280000, 1256, 0, 0
280999, 1105, 0, 0
282000, 1192, 0, 0
283000, 1116, 0, 0
283999, 1301, 0, 0
285000, 1096, 0, 0
286000, 1220, 0, 0
286999, 1197, 0, 0
287999, 1085, 0, 0
289000, 1044, 0, 0
289999, 1049, 0, 0
290999, 1225, 0, 0
292000, 1076, 0, 0
292999, 1237, 0, 0
293999, 1205, 0, 0
295000, 1116, 0, 0
295999, 1261, 0, 0
296999, 1109, 0, 0
298000, 1112, 0, 0
298999, 1205, 0, 0
299999, 1213, 0, 0
301000, 1272, 0, 0
301999, 1225, 0, 0
302999, 1165, 0, 0
304000, 1212, 0, 0
304999, 1233, 0, 0
305999, 1265, 0, 0
307000, 1276, 0, 0
307999, 1281, 0, 0
308999, 1177, 0, 0
310000, 1128, 0, 0
311000, 1296, 0, 0
311999, 1269, 0, 0
313000, 1192, 0, 0
314000, 1272, 0, 0
314999, 1333, 0, 0
315999, 1125, 0, 0
317000, 1364, 0, 0
317999, 1221, 0, 0
318999, 1121, 0, 0
319999, 1365, 0, 0
320999, 1277, 0, 0
322000, 1308, 0, 0
322999, 1197, 0, 0
323999, 1361, 0, 0
325000, 1384, 0, 0
325999, 1125, 0, 0
326999, 1277, 0, 0
328000, 1364, 0, 0
328999, 1473, 0, 0
329999, 1405, 0, 0
331000, 1396, 0, 0
331999, 1309, 0, 0
332999, 1409, 0, 0
333999, 1309, 0, 0
335000, 1284, 0, 0
335999, 1377, 0, 0
336999, 1293, 0, 0
338000, 1324, 0, 0
338999, 1369, 0, 0
339999, 1369, 0, 0
341000, 1372, 0, 0
341999, 1413, 0, 0
342999, 1421, 0, 0
344000, 1464, 0, 0
345000, 1632, 0, 0
345999, 1357, 0, 0
347000, 1480, 0, 0
348000, 1524, 0, 0
348999, 1401, 0, 0
349999, 1365, 0, 0
351000, 1272, 0, 0
351999, 1461, 0, 0
352999, 1553, 0, 0
354000, 1412, 0, 0
354999, 1361, 0, 0
355999, 1513, 0, 0
357000, 1356, 0, 0
357999, 1401, 0, 0
358999, 1377, 0, 0
360000, 1564, 0, 0
360999, 1349, 0, 0
361999, 1577, 0, 0
363000, 1376, 0, 0
363999, 1357, 0, 0
364999, 1525, 0, 0
366000, 1356, 0, 0
366999, 1633, 0, 0
367999, 1485, 0, 0
369000, 1440, 0, 0
369999, 1533, 0, 0
370999, 1589, 0, 0
372000, 1380, 0, 0
372999, 1717, 0, 0
373999, 1641, 0, 0
375000, 1464, 0, 0
375999, 1477, 0, 0
376999, 1457, 0, 0
378000, 1396, 0, 0
379000, 1280, 0, 0
379999, 1901, 0, 0
380999, 1569, 0, 0
382000, 1692, 0, 0
382999, 1637, 0, 0
383999, 1573, 0, 0
385000, 1492, 0, 0
385999, 1577, 0, 0
386999, 1637, 0, 0
388000, 1668, 0, 0
388999, 1889, 0, 0
389999, 1745, 0, 0
391000, 1704, 0, 0
392000, 1848, 0, 0
392999, 1741, 0, 0
394000, 1696, 0, 0
395000, 1536, 0, 0
395999, 2106, 0, 0
397000, 1792, 0, 0
398000, 1740, 0, 0
398999, 1797, 0, 0
399999, 1661, 0, 0
401000, 1880, 0, 0
401999, 1785, 0, 0
403000, 1796, 0, 0
404000, 1828, 0, 0
404999, 1929, 0, 0
406000, 2084, 0, 0
406999, 1805, 0, 0
407999, 1797, 0, 0
409000, 1824, 0, 0
409999, 1957, 0, 0
410999, 1933, 0, 0
412000, 1808, 0, 0
412999, 1753, 0, 0
413999, 1709, 0, 0
415000, 2088, 0, 0
415999, 2062, 0, 0
416999, 1757, 0, 0
418000, 1800, 0, 0
418999, 2114, 0, 0
419999, 2154, 0, 0
421000, 2048, 0, 0
422000, 2284, 0, 0
422999, 2178, 0, 0
424000, 2028, 0, 0
424999, 2090, 0, 0
425999, 2242, 0, 0
427000, 2160, 0, 0
428000, 2012, 0, 0
428999, 2462, 0, 0
429999, 2186, 0, 0
431000, 2040, 0, 0
431999, 2214, 0, 0
432999, 2334, 0, 0
434000, 2056, 0, 0
434999, 2190, 0, 0
435999, 2230, 0, 0
437000, 2140, 0, 0
437999, 2458, 0, 0
438999, 2458, 0, 0
440000, 2452, 0, 0
440999, 2338, 0, 0
441999, 2330, 0, 0
443000, 2136, 0, 0
443999, 2302, 0, 0
444999, 2342, 0, 0
446000, 2156, 0, 0
446999, 2218, 0, 0
447999, 2154, 0, 0
449000, 2460, 0, 0
449999, 2414, 0, 0
450999, 2378, 0, 0
452000, 2456, 0, 0
452999, 2398, 0, 0
453999, 2778, 0, 0
455000, 2632, 0, 0
455999, 2286, 0, 0
456999, 3031, 0, 0
458000, 2596, 0, 0
458999, 2490, 0, 0
459999, 2698, 0, 0
461000, 2668, 0, 0
461999, 2314, 0, 0
462999, 2594, 0, 0
464000, 2764, 0, 0
465000, 3040, 0, 0
465999, 2850, 0, 0
466999, 2442, 0, 0
468000, 2608, 0, 0
468999, 2558, 0, 0
469999, 2750, 0, 0
471000, 3444, 0, 0
471999, 3335, 0, 0
472999, 3239, 0, 0
474000, 2624, 0, 0
475000, 3552, 0, 0
475999, 3255, 0, 0
476999, 2942, 0, 0
478000, 2984, 0, 0
478999, 3363, 0, 0
479999, 3671, 0, 0
480999, 3123, 0, 0
482000, 3524, 0, 0
482999, 3531, 0, 0
483999, 3371, 0, 0
485000, 2636, 0, 0
486000, 3440, 0, 0
486999, 3627, 0, 0
487999, 3395, 0, 0
489000, 3460, 0, 0
489999, 3515, 0, 0
490999, 3747, 0, 0
491999, 2926, 0, 0
493000, 3180, 0, 0
493999, 3611, 0, 0
494999, 4452, 0, 0
496000, 2568, 0, 0
497000, 3756, 0, 0
497999, 3623, 0, 0
498999, 4092, 0, 0
500000, 3768, 0, 0
500999, 4416, 0, 0
501999, 4932, 0, 0
503000, 5132, 0, 0
503999, 4496, 0, 0
504999, 3615, 0, 0
505999, 4056, 0, 0
507000, 3900, 0, 0
507999, 3703, 0, 0
508999, 5065, 0, 0
509999, 4580, 0, 0
511000, 4580, 0, 0
511999, 4596, 0, 0
512999, 4920, 0, 0
514000, 4668, 0, 0
515000, 4524, 0, 0
515999, 5045, 0, 0
516999, 4924, 0, 0
518000, 4808, 0, 0
519000, 5392, 0, 0
519999, 4784, 0, 0
520999, 4736, 0, 0
522000, 5972, 0, 0
522999, 4772, 0, 0
523999, 5989, 0, 0
524999, 5721, 0, 0
526000, 6156, 0, 0
527000, 5648, 0, 0
527999, 6234, 0, 0
528999, 5597, 0, 0
530000, 6260, 0, 0
531000, 6864, 0, 0
531999, 4244, 0, 0
532999, 6238, 0, 0
533999, 5581, 0, 0
535000, 5516, 0, 0
535999, 6494, 0, 0
536999, 6534, 0, 0
538000, 6968, 0, 0
539000, 8052, 0, 0
539999, 6726, 0, 0
540999, 6162, 0, 0
542000, 7036, 0, 0
543000, 8672, 0, 0
543999, 7707, 0, 0
544999, 7843, 0, 0
545999, 7407, 0, 0
547000, 8344, 0, 0
547999, 9757, 0, 0
548999, 8236, 0, 0
549999, 8976, 0, 0
551000, 8572, 0, 0
551999, 7779, 0, 0
552999, 10238, 0, 0
554000, 8952, 0, 0
555000, 11268, 0, 0
555999, 11395, 0, 0
556999, 11243, 0, 0
558000, 13117, 0, 0
559000, 12488, 0, 0
559999, 11451, 0, 0
560999, 15431, 0, 0
561999, 11143, 0, 0
563000, 18548, 0, 0
563999, 13217, 0, 0
564999, 14234, 0, 0
565999, 21617, 0, 0
567000, 19932, 0, 0
568000, 13980, 0, 0
569000, 16976, 0, 0
569999, 23431, 0, 0
571000, 22040, 0, 0
572000, 26860, 0, 0
573000, 26592, 0, 0
573999, 28724, 0, 0
574999, 28368, 0, 0
576000, 24572, 0, 0
577000, 35844, 0, 0
578000, 39784, 0, 0
578999, 45941, 0, 0
579999, 42030, 0, 0
580999, 63271, 0, 0
582000, 66688, 0, 0
583000, 113148, 0, 0
583999, 156624, 0, 0
584999, 193089, 0, 0
585999, 198250, 0, 0
587000, 197608, 0, 0
588000, 199220, 0, 0
588999, 198818, 0, 0
589999, 199155, 0, 0
590999, 200524, 0, 0
591999, 200140, 0, 0
593000, 199304, 0, 0
594000, 200160, 0, 0
594999, 199279, 0, 0
595999, 199699, 0, 0
596999, 200388, 0, 0
597999, 199667, 0, 0
599000, 199680, 0, 0
600000, 199568, 0, 0
