1027, 402244524, 0, 0
2033, 428634084, 0, 0
3019, 490926987, 0, 0
4005, 433182076, 0, 0
5040, 427362612, 0, 0
6008, 428426370, 0, 0
7046, 426654565, 0, 0
8010, 419667775, 0, 0
9057, 439674444, 0, 0
10012, 423864230, 0, 0
11050, 427825088, 0, 0
12054, 423339714, 0, 0
13037, 446371719, 0, 0
14031, 422052167, 0, 0
15055, 419040330, 0, 0
16002, 419736348, 0, 0
17024, 444580379, 0, 0
18029, 429440087, 0, 0
19001, 448270071, 0, 0
20012, 431881062, 0, 0
21051, 421155291, 0, 0
22053, 420620064, 0, 0
23018, 421146708, 0, 0
24018, 415892325, 0, 0
25040, 392125514, 0, 0
26056, 412815745, 0, 0
27028, 430048819, 0, 0
28016, 421701112, 0, 0
29036, 399603572, 0, 0
30027, 418361110, 0, 0
31045, 430901259, 0, 0
32016, 411401020, 0, 0
33015, 418802624, 0, 0
34014, 424970502, 0, 0
35028, 406187837, 0, 0
36001, 395322336, 0, 0
37043, 420565625, 0, 0
38019, 422949170, 0, 0
39014, 406027645, 0, 0
40042, 423737892, 0, 0
41055, 397344321, 0, 0
42047, 417573038, 0, 0
43046, 436436476, 0, 0
44030, 381432917, 0, 0
45039, 419700048, 0, 0
46038, 402845499, 0, 0
47039, 410142691, 0, 0
48007, 404241035, 0, 0
49038, 419825056, 0, 0
50013, 418789401, 0, 0
51008, 406304278, 0, 0
52042, 380831673, 0, 0
53011, 416343440, 0, 0
54026, 420462622, 0, 0
55001, 381309287, 0, 0
56026, 397670356, 0, 0
57040, 411163887, 0, 0
58026, 389336894, 0, 0
59014, 395414432, 0, 0
60053, 391753997, 0, 0
61055, 393315907, 0, 0
62022, 399959105, 0, 0
63055, 387704473, 0, 0
64050, 412123504, 0, 0
65016, 403356508, 0, 0
66045, 379800119, 0, 0
67022, 385225592, 0, 0
68033, 386201378, 0, 0
69050, 355115311, 0, 0
70035, 407031433, 0, 0
71035, 375049268, 0, 0
72025, 394537902, 0, 0
73018, 380870041, 0, 0
74055, 390736510, 0, 0
75047, 382753852, 0, 0
76024, 362389416, 0, 0
77044, 344611105, 0, 0
78034, 387777087, 0, 0
79021, 407540111, 0, 0
80041, 365625663, 0, 0
81051, 385196450, 0, 0
82038, 390561668, 0, 0
83012, 406566779, 0, 0
84042, 384568354, 0, 0
85029, 384539474, 0, 0
86051, 382588835, 0, 0
87045, 364543238, 0, 0
88032, 364131336, 0, 0
89019, 374254390, 0, 0
90032, 379494977, 0, 0
91029, 368316280, 0, 0
92003, 379089412, 0, 0
93002, 355056021, 0, 0
94009, 353105008, 0, 0
95036, 358069754, 0, 0
96000, 344913782, 0, 0
97013, 368254452, 0, 0
98026, 375094527, 0, 0
99040, 359725775, 0, 0
100007, 378230355, 0, 0
101006, 370067079, 0, 0
102053, 366548748, 0, 0
103027, 316912856, 0, 0
104034, 353215030, 0, 0
105001, 349023502, 0, 0
106039, 360132161, 0, 0
107051, 340735533, 0, 0
108001, 341768534, 0, 0
109029, 345588363, 0, 0
110030, 363032114, 0, 0
111019, 332336881, 0, 0
112047, 374864841, 0, 0
113010, 358705399, 0, 0
114016, 322391678, 0, 0
115049, 342177392, 0, 0
116016, 369625854, 0, 0
117030, 354534774, 0, 0
118013, 373954329, 0, 0
119002, 370990425, 0, 0
120055, 325240253, 0, 0
121018, 358290048, 0, 0
122011, 354146446, 0, 0
123045, 345467797, 0, 0
124002, 343774406, 0, 0
125007, 331644101, 0, 0
126048, 340172396, 0, 0
127042, 352854645, 0, 0
128034, 335788676, 0, 0
129022, 348286030, 0, 0
130027, 356504296, 0, 0
131012, 331783688, 0, 0
132003, 344198803, 0, 0
133003, 342615507, 0, 0
134006, 353948745, 0, 0
135042, 340746155, 0, 0
136001, 340898453, 0, 0
137006, 327130746, 0, 0
138054, 328467304, 0, 0
139042, 326252861, 0, 0
140029, 311236528, 0, 0
141050, 317153926, 0, 0
142051, 337933780, 0, 0
143046, 335125896, 0, 0
144029, 343601567, 0, 0
145023, 352036286, 0, 0
146009, 329799676, 0, 0
147030, 330485710, 0, 0
148055, 315747359, 0, 0
149045, 315686375, 0, 0
150031, 331977369, 0, 0
151001, 318742787, 0, 0
152042, 316588502, 0, 0
153004, 362932260, 0, 0
154043, 308456332, 0, 0
155053, 347265476, 0, 0
156038, 312798251, 0, 0
157011, 307047086, 0, 0
158031, 324209158, 0, 0
159040, 311887333, 0, 0
160025, 326026081, 0, 0
161035, 301904203, 0, 0
162032, 320900136, 0, 0
163002, 305176002, 0, 0
164022, 332191857, 0, 0
165021, 328234751, 0, 0
166012, 310712159, 0, 0
167063, 283012483, 0, 0
168008, 308775626, 0, 0
169015, 332088586, 0, 0
170009, 308632278, 0, 0
171033, 296310711, 0, 0
172013, 284062744, 0, 0
173013, 311925813, 0, 0
174007, 292869846, 0, 0
175004, 292640175, 0, 0
176025, 328316650, 0, 0
177008, 311899029, 0, 0
178017, 291713844, 0, 0
179017, 276584510, 0, 0
180022, 288221867, 0, 0
181001, 276105074, 0, 0
182045, 311089493, 0, 0
183039, 282959044, 0, 0
184046, 275279662, 0, 0
185031, 296772824, 0, 0
186020, 301366681, 0, 0
187012, 302975818, 0, 0
188001, 280802032, 0, 0
189029, 284928122, 0, 0
190006, 281824002, 0, 0
191045, 293706565, 0, 0
192030, 284309259, 0, 0
193030, 303721009, 0, 0
194008, 282463403, 0, 0
195018, 304097715, 0, 0
196045, 289841228, 0, 0
197043, 279631847, 0, 0
198092, 382079642, 0, 0
199038, 408663135, 0, 0
200020, 280020579, 0, 0
201017, 242188146, 0, 0
202021, 258632923, 0, 0
203048, 288951154, 0, 0
204030, 293311686, 0, 0
205052, 288274682, 0, 0
206015, 298717146, 0, 0
207021, 271318579, 0, 0
208030, 265470327, 0, 0
209048, 302456628, 0, 0
210052, 294202957, 0, 0
211045, 257395613, 0, 0
212066, 300724500, 0, 0
213036, 291063807, 0, 0
214004, 268073702, 0, 0
215025, 295297701, 0, 0
216028, 261590119, 0, 0
217050, 294841805, 0, 0
218033, 269164511, 0, 0
219033, 263751700, 0, 0
220034, 263992360, 0, 0
221031, 247888725, 0, 0
222023, 249617225, 0, 0
223016, 252709354, 0, 0
224028, 274978012, 0, 0
225013, 286726408, 0, 0
226048, 272711644, 0, 0
227009, 243569782, 0, 0
228003, 276503672, 0, 0
229047, 267140294, 0, 0
230025, 265466333, 0, 0
231040, 288424804, 0, 0
232044, 291632324, 0, 0
233008, 280989822, 0, 0
234011, 269306893, 0, 0
235026, 251371496, 0, 0
236028, 275349046, 0, 0
237038, 250421270, 0, 0
238039, 260293733, 0, 0
239052, 248624835, 0, 0
240039, 251635956, 0, 0
241052, 240987801, 0, 0
242051, 239764325, 0, 0
243016, 259410796, 0, 0
244020, 252029422, 0, 0
245008, 263620219, 0, 0
246053, 259929992, 0, 0
247046, 248337140, 0, 0
248014, 295419547, 0, 0
249010, 265294865, 0, 0
250003, 277772343, 0, 0
251027, 249052255, 0, 0
252050, 253509863, 0, 0
253028, 221286754, 0, 0
254005, 263997902, 0, 0
255050, 260355016, 0, 0
256000, 247567483, 0, 0
257016, 256743875, 0, 0
258026, 253479401, 0, 0
259040, 233792469, 0, 0
260005, 261892810, 0, 0
261007, 239011369, 0, 0
262028, 244760907, 0, 0
263035, 221799159, 0, 0
264038, 283400677, 0, 0
265024, 226517582, 0, 0
266035, 244369466, 0, 0
267014, 233070259, 0, 0
268003, 234643656, 0, 0
269001, 237002677, 0, 0
270020, 251516364, 0, 0
271040, 247730336, 0, 0
272036, 241445499, 0, 0
273035, 236135532, 0, 0
274023, 228907079, 0, 0
275021, 242109103, 0, 0
276042, 245671025, 0, 0
277047, 219675036, 0, 0
278002, 244575461, 0, 0
279058, 230302824, 0, 0
280038, 227913914, 0, 0
281043, 240704617, 0, 0
282040, 247199817, 0, 0
283012, 250295228, 0, 0
284006, 234807988, 0, 0
285019, 204756785, 0, 0
286030, 229583320, 0, 0
287022, 212897579, 0, 0
288055, 222150912, 0, 0
289026, 213749952, 0, 0
290057, 250660058, 0, 0
291018, 206288055, 0, 0
292004, 242570722, 0, 0
293009, 219244402, 0, 0
294027, 220994286, 0, 0
295051, 208618496, 0, 0
296035, 222349558, 0, 0
297051, 243355868, 0, 0
298047, 196681428, 0, 0
299038, 228081535, 0, 0
300034, 204690050, 0, 0
301020, 226458287, 0, 0
302000, 223225636, 0, 0
303101, 203171750, 0, 0
304062, 214909686, 0, 0
305035, 201328560, 0, 0
306040, 205106891, 0, 0
307013, 197448048, 0, 0
308041, 203742668, 0, 0
309009, 217430819, 0, 0
310051, 193659727, 0, 0
311053, 198889917, 0, 0
312006, 185120107, 0, 0
313013, 203850016, 0, 0
314017, 197891662, 0, 0
315029, 181188445, 0, 0
316032, 224853721, 0, 0
317031, 207115455, 0, 0
318051, 200062054, 0, 0
319053, 211105310, 0, 0
320014, 204356384, 0, 0
321021, 195914162, 0, 0
322040, 213276866, 0, 0
323019, 182621444, 0, 0
324005, 199588018, 0, 0
325053, 182504553, 0, 0
326075, 195074048, 0, 0
327038, 190370763, 0, 0
328015, 200923362, 0, 0
329043, 189366726, 0, 0
330022, 187541413, 0, 0
331023, 194530017, 0, 0
332039, 194886251, 0, 0
333000, 197121728, 0, 0
334016, 196773925, 0, 0
335023, 180127999, 0, 0
336027, 194389802, 0, 0
337022, 197872385, 0, 0
338014, 186935766, 0, 0
339002, 191138504, 0, 0
340013, 180532957, 0, 0
341045, 178874981, 0, 0
342008, 188505860, 0, 0
343037, 181584868, 0, 0
344017, 169373593, 0, 0
345044, 161656610, 0, 0
346048, 185898433, 0, 0
347015, 183227254, 0, 0
348028, 191524121, 0, 0
349016, 203864793, 0, 0
350008, 157495699, 0, 0
351047, 176052511, 0, 0
352007, 167738959, 0, 0
353007, 189788034, 0, 0
354039, 182981215, 0, 0
355025, 170697741, 0, 0
356004, 163918224, 0, 0
357000, 171713482, 0, 0
358029, 165282369, 0, 0
359055, 167385974, 0, 0
360029, 168840658, 0, 0
361042, 172588402, 0, 0
362015, 170794416, 0, 0
363039, 180533429, 0, 0
364039, 171545957, 0, 0
365050, 180663026, 0, 0
366003, 155457260, 0, 0
367034, 173875080, 0, 0
368009, 160146739, 0, 0
369012, 176807074, 0, 0
370026, 166497567, 0, 0
371003, 164090908, 0, 0
372016, 153951716, 0, 0
373008, 153254099, 0, 0
374007, 181033920, 0, 0
375042, 173354473, 0, 0
376047, 148289110, 0, 0
377015, 165919318, 0, 0
378037, 165821062, 0, 0
379007, 156885205, 0, 0
380001, 159065526, 0, 0
381001, 148026339, 0, 0
382054, 144685695, 0, 0
383045, 154641316, 0, 0
384008, 148738036, 0, 0
385005, 156377301, 0, 0
386024, 148379990, 0, 0
387044, 148935702, 0, 0
388048, 150957266, 0, 0
389041, 156373251, 0, 0
390018, 139796288, 0, 0
391001, 166489512, 0, 0
392010, 154170058, 0, 0
393006, 157930875, 0, 0
394023, 144049498, 0, 0
395017, 131212036, 0, 0
396000, 155772494, 0, 0
397000, 140457580, 0, 0
398025, 146890608, 0, 0
399018, 148731121, 0, 0
400039, 134868506, 0, 0
401023, 144727732, 0, 0
402040, 140661178, 0, 0
403030, 121702672, 0, 0
404002, 112192147, 0, 0
405019, 153522620, 0, 0
406022, 144593350, 0, 0
407009, 150220672, 0, 0
408047, 123719393, 0, 0
409018, 138922991, 0, 0
410049, 109153729, 0, 0
411014, 130614197, 0, 0
412007, 136218147, 0, 0
413042, 146541882, 0, 0
414029, 132522485, 0, 0
415029, 127974896, 0, 0
416017, 116094279, 0, 0
417051, 112091251, 0, 0
418045, 128135453, 0, 0
419009, 117468625, 0, 0
420018, 117478241, 0, 0
421006, 125722225, 0, 0
422021, 108115728, 0, 0
423013, 122472889, 0, 0
424044, 113107681, 0, 0
425037, 111967297, 0, 0
426056, 132758752, 0, 0
427044, 120092937, 0, 0
428053, 131930126, 0, 0
429048, 122453728, 0, 0
430004, 119336679, 0, 0
431003, 117443832, 0, 0
432035, 113636442, 0, 0
433054, 111445509, 0, 0
434050, 105600645, 0, 0
435042, 112082168, 0, 0
436022, 121098410, 0, 0
437037, 120160654, 0, 0
438016, 93329568, 0, 0
439010, 110930871, 0, 0
440033, 118999335, 0, 0
441026, 123484725, 0, 0
442008, 115716174, 0, 0
443053, 104002070, 0, 0
444044, 105948425, 0, 0
445082, 105287907, 0, 0
446023, 106275814, 0, 0
447014, 95503128, 0, 0
448050, 97108071, 0, 0
449005, 116568310, 0, 0
450005, 107923540, 0, 0
451016, 100890204, 0, 0
452048, 92494158, 0, 0
453028, 100656530, 0, 0
454033, 86584588, 0, 0
455018, 112825433, 0, 0
456008, 94269398, 0, 0
457000, 105943048, 0, 0
458033, 103595744, 0, 0
459017, 99658992, 0, 0
460026, 89523502, 0, 0
461034, 96037608, 0, 0
462061, 100772639, 0, 0
463002, 98673207, 0, 0
464004, 101153413, 0, 0
465051, 76852429, 0, 0
466035, 95951512, 0, 0
467027, 84173899, 0, 0
468041, 93290664, 0, 0
469010, 89310385, 0, 0
470000, 91372233, 0, 0
471027, 104136922, 0, 0
472027, 81642126, 0, 0
473007, 68567939, 0, 0
474046, 79165229, 0, 0
475027, 89116271, 0, 0
476035, 85596196, 0, 0
477057, 70445048, 0, 0
478033, 79769669, 0, 0
479023, 75095766, 0, 0
480036, 86704211, 0, 0
481004, 101504969, 0, 0
482015, 77417751, 0, 0
483051, 78493607, 0, 0
484012, 71198463, 0, 0
485037, 82286120, 0, 0
486003, 78976786, 0, 0
487062, 76535269, 0, 0
488037, 79289556, 0, 0
489023, 78992548, 0, 0
490009, 75835668, 0, 0
491003, 68635812, 0, 0
492014, 75207338, 0, 0
493000, 87646541, 0, 0
494042, 63042619, 0, 0
495048, 72912145, 0, 0
496041, 64306777, 0, 0
497014, 67182170, 0, 0
498011, 74391838, 0, 0
499003, 64933304, 0, 0
500005, 67703385, 0, 0
501060, 71969948, 0, 0
502054, 64047741, 0, 0
503044, 73732694, 0, 0
504027, 66652767, 0, 0
505018, 54050335, 0, 0
506023, 53947077, 0, 0
507019, 59421656, 0, 0
508014, 61253900, 0, 0
509041, 58026524, 0, 0
510052, 74957395, 0, 0
511050, 55096645, 0, 0
512009, 56419897, 0, 0
513028, 49416662, 0, 0
514004, 48787040, 0, 0
515001, 50293016, 0, 0
516021, 50246973, 0, 0
517004, 51727572, 0, 0
518036, 60148636, 0, 0
519039, 47863669, 0, 0
520008, 46317222, 0, 0
521019, 51187195, 0, 0
522000, 59743781, 0, 0
523037, 47330227, 0, 0
524034, 48590117, 0, 0
525047, 43646856, 0, 0
526021, 47192517, 0, 0
527020, 53579581, 0, 0
528043, 42523752, 0, 0
529031, 42126354, 0, 0
530006, 36961420, 0, 0
531015, 42818531, 0, 0
532010, 45387456, 0, 0
533000, 35531977, 0, 0
534026, 37927380, 0, 0
535079, 44713647, 0, 0
536016, 34273265, 0, 0
537039, 41734782, 0, 0
538019, 28749694, 0, 0
539017, 34936677, 0, 0
540039, 28451654, 0, 0
541000, 36446179, 0, 0
542041, 28116085, 0, 0
543033, 33089940, 0, 0
544021, 29894467, 0, 0
545047, 35869299, 0, 0
546051, 33916195, 0, 0
547037, 27318215, 0, 0
548000, 29247722, 0, 0
549012, 32790817, 0, 0
550022, 26842799, 0, 0
551010, 26664935, 0, 0
552021, 22570334, 0, 0
553005, 21567017, 0, 0
554034, 27800911, 0, 0
555027, 24650851, 0, 0
556037, 26215060, 0, 0
557016, 23179153, 0, 0
558017, 22581944, 0, 0
559004, 17110893, 0, 0
560026, 17933825, 0, 0
561023, 18786294, 0, 0
562014, 16428015, 0, 0
563009, 21269856, 0, 0
564004, 14045588, 0, 0
565014, 15209227, 0, 0
566048, 18546560, 0, 0
567056, 15502289, 0, 0
568008, 11650507, 0, 0
569034, 16868330, 0, 0
570008, 13658893, 0, 0
571043, 10247529, 0, 0
572000, 11073428, 0, 0
573006, 9166083, 0, 0
574025, 10313314, 0, 0
575006, 8433875, 0, 0
576019, 6717680, 0, 0
577055, 6055482, 0, 0
578024, 5336696, 0, 0
579042, 4880029, 0, 0
580000, 5556797, 0, 0
581024, 4628521, 0, 0
582004, 2559003, 0, 0
583017, 2793346, 0, 0
584000, 1813873, 0, 0
585000, 1276827, 0, 0
586000, 1269862, 0, 0
587000, 1277979, 0, 0
588000, 1268834, 0, 0
589000, 1271041, 0, 0
590000, 1278464, 0, 0
591000, 1267515, 0, 0
592000, 1271129, 0, 0
593000, 1275321, 0, 0
594000, 1269525, 0, 0
595000, 1275123, 0, 0
596000, 1273858, 0, 0
597000, 1269473, 0, 0
598000, 1274038, 0, 0
599000, 1272761, 0, 0
600000, 1273196, 0, 0
600001, 2005493, 0, 0
