1049, 435141594, 0, 0
2042, 429873468, 0, 0
3044, 464751537, 0, 0
4000, 438679739, 0, 0
5038, 452720653, 0, 0
6049, 437751174, 0, 0
7043, 425614950, 0, 0
8034, 435888583, 0, 0
9044, 437630354, 0, 0
10026, 434639129, 0, 0
11057, 418213026, 0, 0
12050, 418190460, 0, 0
13032, 422930588, 0, 0
14018, 432679024, 0, 0
15019, 436245141, 0, 0
16008, 417647421, 0, 0
17047, 436348652, 0, 0
18012, 419704683, 0, 0
19043, 409731285, 0, 0
20011, 406700087, 0, 0
21026, 420303527, 0, 0
22014, 428980816, 0, 0
23001, 420196568, 0, 0
24038, 419141942, 0, 0
25043, 402364318, 0, 0
26022, 409196726, 0, 0
27029, 414648874, 0, 0
28010, 442705557, 0, 0
29027, 414678650, 0, 0
30010, 408000930, 0, 0
31005, 400680405, 0, 0
32009, 417770329, 0, 0
33035, 407329362, 0, 0
34000, 402986753, 0, 0
35004, 415904769, 0, 0
36017, 391077556, 0, 0
37040, 419051414, 0, 0
38038, 385483685, 0, 0
39051, 373779464, 0, 0
40022, 403364258, 0, 0
41057, 401613498, 0, 0
42035, 422931802, 0, 0
43025, 397727967, 0, 0
44037, 415086582, 0, 0
45012, 406160861, 0, 0
46029, 418047757, 0, 0
47023, 399928106, 0, 0
48040, 403315090, 0, 0
49014, 394383567, 0, 0
50051, 391855330, 0, 0
51024, 396747612, 0, 0
52039, 401716355, 0, 0
53042, 410213757, 0, 0
54014, 379878082, 0, 0
55049, 387017841, 0, 0
56048, 390851413, 0, 0
57055, 396096341, 0, 0
58009, 398386896, 0, 0
59037, 391796225, 0, 0
60023, 396093008, 0, 0
61043, 412164847, 0, 0
62037, 384348681, 0, 0
63017, 410001962, 0, 0
64038, 377931709, 0, 0
65034, 389612345, 0, 0
66033, 394676968, 0, 0
67043, 384943289, 0, 0
68044, 417203694, 0, 0
69031, 414980271, 0, 0
70025, 389247797, 0, 0
71013, 376226795, 0, 0
72011, 395925634, 0, 0
73040, 367136008, 0, 0
74017, 374491914, 0, 0
75008, 369215004, 0, 0
76043, 384126917, 0, 0
77013, 375518317, 0, 0
78009, 374164934, 0, 0
79011, 366842353, 0, 0
80048, 347750060, 0, 0
81014, 361942890, 0, 0
82054, 387107282, 0, 0
83036, 387387041, 0, 0
84016, 390581631, 0, 0
85001, 391361492, 0, 0
86002, 385241280, 0, 0
87045, 380830111, 0, 0
88039, 384707764, 0, 0
89024, 377503909, 0, 0
90009, 380217840, 0, 0
91000, 382093534, 0, 0
92049, 363149904, 0, 0
93023, 364887961, 0, 0
94047, 385474639, 0, 0
95028, 372482882, 0, 0
96031, 344589985, 0, 0
97003, 373454673, 0, 0
98053, 354283105, 0, 0
99016, 377870234, 0, 0
100000, 380682910, 0, 0
101007, 356360572, 0, 0
102011, 391028901, 0, 0
103002, 361441827, 0, 0
104039, 343551005, 0, 0
105028, 375993651, 0, 0
106030, 348304524, 0, 0
107028, 345548828, 0, 0
108057, 377673892, 0, 0
109036, 347807656, 0, 0
110001, 337994714, 0, 0
111000, 345980483, 0, 0
112031, 356638208, 0, 0
113002, 376336390, 0, 0
114004, 361521583, 0, 0
115011, 352524039, 0, 0
116044, 353562895, 0, 0
117009, 351995631, 0, 0
118003, 339142528, 0, 0
119008, 358773966, 0, 0
120031, 329667432, 0, 0
121013, 320070259, 0, 0
122007, 371946406, 0, 0
123052, 324464259, 0, 0
124031, 349552390, 0, 0
125012, 346603961, 0, 0
126040, 346327882, 0, 0
127024, 343665186, 0, 0
128038, 360340933, 0, 0
129001, 344719681, 0, 0
130045, 341471102, 0, 0
131040, 336115253, 0, 0
132037, 327611892, 0, 0
133010, 331601718, 0, 0
134022, 330063009, 0, 0
135023, 338344122, 0, 0
136031, 354466841, 0, 0
137025, 318176760, 0, 0
138029, 332004972, 0, 0
139000, 319746071, 0, 0
140019, 351075031, 0, 0
141002, 314909124, 0, 0
142006, 336633279, 0, 0
143004, 332070798, 0, 0
144042, 353256898, 0, 0
145034, 319178036, 0, 0
146020, 324184508, 0, 0
147055, 330599940, 0, 0
148027, 345093285, 0, 0
149048, 340538658, 0, 0
150021, 322269078, 0, 0
151022, 349633293, 0, 0
152054, 334402698, 0, 0
153003, 328157479, 0, 0
154016, 311987998, 0, 0
155027, 316976606, 0, 0
156043, 316013190, 0, 0
157054, 328631428, 0, 0
158030, 307015096, 0, 0
159044, 306757393, 0, 0
160024, 295825389, 0, 0
161019, 312594068, 0, 0
162005, 327212614, 0, 0
163037, 303000292, 0, 0
164045, 323663250, 0, 0
165006, 337628895, 0, 0
166026, 286231035, 0, 0
167023, 323426348, 0, 0
168025, 313517944, 0, 0
169037, 315327879, 0, 0
170041, 312914052, 0, 0
171032, 341930117, 0, 0
172014, 345962998, 0, 0
173036, 318905987, 0, 0
174052, 321843369, 0, 0
175023, 306020567, 0, 0
176008, 291382059, 0, 0
177041, 296895820, 0, 0
178036, 303003290, 0, 0
179052, 318649031, 0, 0
180042, 320249850, 0, 0
181001, 295468646, 0, 0
182007, 311495419, 0, 0
183007, 287382553, 0, 0
184023, 291883492, 0, 0
185050, 297704570, 0, 0
186007, 276456906, 0, 0
187025, 300528075, 0, 0
188018, 292712048, 0, 0
189001, 283790326, 0, 0
190013, 305348738, 0, 0
191002, 289287868, 0, 0
192017, 289965189, 0, 0
193040, 284503054, 0, 0
194023, 291567098, 0, 0
195053, 293770893, 0, 0
196049, 300934060, 0, 0
197049, 287892248, 0, 0
198038, 288155898, 0, 0
199042, 286325190, 0, 0
200052, 295796132, 0, 0
201052, 292838688, 0, 0
202027, 293650595, 0, 0
203014, 299517645, 0, 0
204008, 256697775, 0, 0
205001, 292670826, 0, 0
206038, 289890760, 0, 0
207005, 289466194, 0, 0
208011, 264645907, 0, 0
209011, 289636779, 0, 0
210014, 287312463, 0, 0
211033, 260062976, 0, 0
212035, 310442161, 0, 0
213040, 275130032, 0, 0
214010, 268474724, 0, 0
215006, 277615021, 0, 0
216054, 285077198, 0, 0
217042, 277514291, 0, 0
218051, 291379962, 0, 0
219050, 293187226, 0, 0
220007, 296947983, 0, 0
221022, 297226743, 0, 0
222021, 261686346, 0, 0
223000, 257021550, 0, 0
224036, 294953237, 0, 0
225018, 268328939, 0, 0
226037, 282763887, 0, 0
227025, 315312304, 0, 0
228009, 263798696, 0, 0
229062, 258067499, 0, 0
230012, 245785956, 0, 0
231012, 276277191, 0, 0
232050, 242733285, 0, 0
233003, 254609391, 0, 0
234040, 261707018, 0, 0
235015, 249505432, 0, 0
236013, 245801412, 0, 0
237009, 254392228, 0, 0
238028, 259166447, 0, 0
239032, 254538354, 0, 0
240013, 251149475, 0, 0
241028, 283144994, 0, 0
242000, 272081380, 0, 0
243018, 258497334, 0, 0
244023, 253589538, 0, 0
245025, 267288297, 0, 0
246030, 261611103, 0, 0
247048, 260234809, 0, 0
248019, 243716389, 0, 0
249048, 323440327, 0, 0
250000, 321460330, 0, 0
251007, 256148035, 0, 0
252008, 257927397, 0, 0
253022, 279529394, 0, 0
254017, 249484614, 0, 0
255029, 230673830, 0, 0
256042, 251362618, 0, 0
257028, 238657715, 0, 0
258040, 236180107, 0, 0
259002, 263918789, 0, 0
260013, 242812409, 0, 0
261012, 252869424, 0, 0
262011, 236578464, 0, 0
263020, 244943259, 0, 0
264016, 223424832, 0, 0
265041, 223325146, 0, 0
266003, 239029817, 0, 0
267012, 231950255, 0, 0
268028, 224039253, 0, 0
269048, 237947755, 0, 0
270009, 222947172, 0, 0
271006, 233896866, 0, 0
272049, 227487424, 0, 0
273018, 229450864, 0, 0
274022, 220129623, 0, 0
275084, 246545104, 0, 0
276006, 233767121, 0, 0
277020, 238543514, 0, 0
278059, 237238745, 0, 0
279049, 263425597, 0, 0
280037, 217790033, 0, 0
281030, 236869408, 0, 0
282002, 243597921, 0, 0
283044, 237332411, 0, 0
284036, 230317005, 0, 0
285026, 225565652, 0, 0
286040, 209714283, 0, 0
287000, 229760982, 0, 0
288000, 227039441, 0, 0
289048, 215469835, 0, 0
290052, 240571053, 0, 0
291005, 227069190, 0, 0
292018, 226751872, 0, 0
293041, 213163950, 0, 0
294047, 249456618, 0, 0
295026, 227360984, 0, 0
296036, 247052556, 0, 0
297019, 224570467, 0, 0
298050, 207769603, 0, 0
299048, 221126594, 0, 0
300006, 216926466, 0, 0
301033, 209482491, 0, 0
302027, 213549317, 0, 0
303014, 224446782, 0, 0
304012, 212993840, 0, 0
305024, 196828165, 0, 0
306026, 218862710, 0, 0
307035, 212063062, 0, 0
308025, 201494118, 0, 0
309001, 185180412, 0, 0
310015, 205273283, 0, 0
311028, 181865578, 0, 0
312026, 196500434, 0, 0
313033, 209317374, 0, 0
314028, 197486709, 0, 0
315044, 207955052, 0, 0
316051, 202892115, 0, 0
317012, 207459220, 0, 0
318011, 194128956, 0, 0
319031, 203723589, 0, 0
320008, 205424036, 0, 0
321051, 184581024, 0, 0
322051, 194095732, 0, 0
323025, 195526975, 0, 0
324021, 213042478, 0, 0
325001, 215306074, 0, 0
326004, 183115505, 0, 0
327006, 190620469, 0, 0
328019, 167946569, 0, 0
329015, 182925550, 0, 0
330015, 175296046, 0, 0
331053, 192858256, 0, 0
332048, 179625529, 0, 0
333001, 188842370, 0, 0
334028, 200090467, 0, 0
335019, 197780547, 0, 0
336035, 180411077, 0, 0
337036, 182845994, 0, 0
338023, 169029900, 0, 0
339038, 193411950, 0, 0
340031, 188652855, 0, 0
341023, 182767852, 0, 0
342056, 183022871, 0, 0
343055, 200201635, 0, 0
344007, 170236736, 0, 0
345009, 179875992, 0, 0
346029, 184021108, 0, 0
347021, 183656471, 0, 0
348010, 177380998, 0, 0
349028, 175061411, 0, 0
350052, 159989644, 0, 0
351023, 204852334, 0, 0
352049, 176158343, 0, 0
353037, 175681892, 0, 0
354040, 167598790, 0, 0
355028, 184175940, 0, 0
356036, 176608436, 0, 0
357017, 182766360, 0, 0
358013, 174928935, 0, 0
359028, 180641271, 0, 0
360054, 168242508, 0, 0
361011, 153526212, 0, 0
362025, 144451218, 0, 0
363023, 169434496, 0, 0
364052, 167816829, 0, 0
365054, 182504267, 0, 0
366024, 149443179, 0, 0
367056, 153044162, 0, 0
368035, 174168245, 0, 0
369019, 167930493, 0, 0
370032, 169984246, 0, 0
371019, 182082386, 0, 0
372002, 146482717, 0, 0
373033, 159200359, 0, 0
374065, 168305592, 0, 0
375041, 196517954, 0, 0
376011, 151713568, 0, 0
377021, 162244142, 0, 0
378004, 147947348, 0, 0
379007, 141577979, 0, 0
380024, 171920163, 0, 0
381018, 142675389, 0, 0
382024, 148881707, 0, 0
383002, 140312688, 0, 0
384030, 148009005, 0, 0
385001, 144593531, 0, 0
386002, 137470332, 0, 0
387028, 146218743, 0, 0
388031, 151765169, 0, 0
389053, 156164625, 0, 0
390015, 141203449, 0, 0
391039, 126821224, 0, 0
392010, 155580121, 0, 0
393015, 151408258, 0, 0
394038, 130060371, 0, 0
395025, 134130603, 0, 0
396026, 143265213, 0, 0
397021, 138350953, 0, 0
398017, 144861036, 0, 0
399037, 132687923, 0, 0
400038, 161592236, 0, 0
401031, 127690104, 0, 0
402017, 136486443, 0, 0
403042, 147543101, 0, 0
404050, 152896628, 0, 0
405023, 132969887, 0, 0
406036, 129839145, 0, 0
407063, 132185619, 0, 0
408025, 141083634, 0, 0
409027, 144943705, 0, 0
410056, 137425841, 0, 0
411053, 117019025, 0, 0
412022, 129224841, 0, 0
413013, 114105980, 0, 0
414001, 128201724, 0, 0
415029, 135917440, 0, 0
416018, 122395251, 0, 0
417051, 127111167, 0, 0
418028, 131139538, 0, 0
419000, 139872262, 0, 0
420004, 117234757, 0, 0
421004, 135420398, 0, 0
422019, 137257138, 0, 0
423051, 126517840, 0, 0
424042, 117076752, 0, 0
425019, 115892846, 0, 0
426041, 122060190, 0, 0
427066, 127054612, 0, 0
428047, 109305955, 0, 0
429022, 120392134, 0, 0
430026, 111795756, 0, 0
431034, 126179211, 0, 0
432051, 111752341, 0, 0
433037, 123311749, 0, 0
434026, 123985915, 0, 0
435030, 114846619, 0, 0
436042, 100160335, 0, 0
437030, 108530946, 0, 0
438027, 108192927, 0, 0
439001, 102659052, 0, 0
440008, 110500455, 0, 0
441048, 101930625, 0, 0
442044, 129638921, 0, 0
443033, 102271672, 0, 0
444009, 108744225, 0, 0
445022, 108663510, 0, 0
446019, 113029822, 0, 0
447001, 101528646, 0, 0
448030, 93956823, 0, 0
449039, 90808368, 0, 0
450057, 106668192, 0, 0
451037, 99891803, 0, 0
452048, 102835199, 0, 0
453032, 100575643, 0, 0
454012, 105381505, 0, 0
455052, 109176473, 0, 0
456039, 98917429, 0, 0
457048, 88799966, 0, 0
458004, 95106895, 0, 0
459044, 93659241, 0, 0
460044, 106142608, 0, 0
461024, 98112322, 0, 0
462031, 102703562, 0, 0
463005, 100730777, 0, 0
464047, 94652073, 0, 0
465043, 87585724, 0, 0
466005, 92690202, 0, 0
467024, 78214424, 0, 0
468013, 94046158, 0, 0
469033, 87374893, 0, 0
470028, 89908822, 0, 0
471030, 97410916, 0, 0
472015, 68738607, 0, 0
473029, 80475968, 0, 0
474005, 89155632, 0, 0
475021, 79598821, 0, 0
476035, 84928368, 0, 0
477011, 83802073, 0, 0
478015, 72492394, 0, 0
479000, 88593499, 0, 0
480048, 82040638, 0, 0
481026, 82195144, 0, 0
482055, 72261272, 0, 0
483014, 71041816, 0, 0
484038, 65007044, 0, 0
485044, 80660264, 0, 0
486031, 63657276, 0, 0
487015, 75047116, 0, 0
488035, 76140248, 0, 0
489014, 74259092, 0, 0
490015, 72834011, 0, 0
491006, 83532690, 0, 0
492012, 70396201, 0, 0
493000, 78773076, 0, 0
494042, 66377910, 0, 0
495014, 61618346, 0, 0
496013, 79173977, 0, 0
497012, 72889867, 0, 0
498020, 57765536, 0, 0
499032, 67180072, 0, 0
500015, 63969296, 0, 0
501047, 56358227, 0, 0
502051, 57479027, 0, 0
503062, 62979962, 0, 0
504016, 53313933, 0, 0
505006, 52900470, 0, 0
506010, 63012039, 0, 0
507038, 65225570, 0, 0
508004, 68980890, 0, 0
509039, 53777460, 0, 0
510050, 59870115, 0, 0
511042, 53935967, 0, 0
512003, 55138250, 0, 0
513057, 50300170, 0, 0
514027, 66989411, 0, 0
515017, 63331131, 0, 0
516005, 59320740, 0, 0
517036, 45934186, 0, 0
518002, 49757028, 0, 0
519008, 51736951, 0, 0
520045, 53029352, 0, 0
521017, 45391476, 0, 0
522016, 50438923, 0, 0
523047, 53579418, 0, 0
524044, 42323665, 0, 0
525037, 42354702, 0, 0
526035, 39581504, 0, 0
527022, 49983032, 0, 0
528006, 47325275, 0, 0
529038, 42679533, 0, 0
530001, 44016409, 0, 0
531025, 44910038, 0, 0
532002, 35281746, 0, 0
533037, 33075015, 0, 0
534044, 36096310, 0, 0
535055, 37072950, 0, 0
536044, 36320575, 0, 0
537047, 33054646, 0, 0
538036, 40228619, 0, 0
539023, 32106024, 0, 0
540001, 30549230, 0, 0
541074, 30626146, 0, 0
542013, 34532298, 0, 0
543035, 34221293, 0, 0
544068, 27542959, 0, 0
545005, 35941992, 0, 0
546037, 24950664, 0, 0
547037, 28073904, 0, 0
548087, 35630532, 0, 0
549047, 29865086, 0, 0
550057, 29549220, 0, 0
551083, 33358311, 0, 0
552012, 33683582, 0, 0
553046, 26987678, 0, 0
554000, 21067103, 0, 0
555017, 19362731, 0, 0
556053, 19361681, 0, 0
557013, 18994439, 0, 0
558019, 23029960, 0, 0
559043, 21603931, 0, 0
560001, 23678168, 0, 0
561020, 18129098, 0, 0
562000, 17981069, 0, 0
563028, 13274139, 0, 0
564018, 19043868, 0, 0
565019, 18237562, 0, 0
566016, 14618751, 0, 0
567013, 13306510, 0, 0
568004, 17907382, 0, 0
569018, 13981079, 0, 0
570007, 12687950, 0, 0
571060, 12778622, 0, 0
572032, 10688784, 0, 0
573041, 7114255, 0, 0
574051, 8424900, 0, 0
575000, 9793861, 0, 0
576021, 6609935, 0, 0
577033, 6168783, 0, 0
578047, 8206984, 0, 0
579000, 4776812, 0, 0
580031, 4172337, 0, 0
581026, 3752481, 0, 0
582000, 3693720, 0, 0
583000, 2760461, 0, 0
584000, 1469913, 0, 0
585000, 1306641, 0, 0
586000, 1284149, 0, 0
587000, 1282122, 0, 0
588000, 1273995, 0, 0
589000, 1277734, 0, 0
590000, 1276353, 0, 0
591000, 1271138, 0, 0
592000, 1270269, 0, 0
593000, 1274653, 0, 0
594000, 1269293, 0, 0
595000, 1274908, 0, 0
596000, 1273383, 0, 0
597000, 1269178, 0, 0
598000, 1273690, 0, 0
599000, 1272372, 0, 0
600000, 1272940, 0, 0
600001, 2444985, 0, 0
