999, 97, 0, 0
1999, 144, 0, 0
3000, 135, 0, 0
3999, 145, 0, 0
4999, 148, 0, 0
6000, 152, 0, 0
7000, 146, 0, 0
7999, 147, 0, 0
9000, 145, 0, 0
9999, 145, 0, 0
10999, 146, 0, 0
11999, 148, 0, 0
13000, 139, 0, 0
13999, 149, 0, 0
14999, 157, 0, 0
16000, 150, 0, 0
16999, 146, 0, 0
17999, 139, 0, 0
19000, 150, 0, 0
19999, 146, 0, 0
20999, 151, 0, 0
22000, 147, 0, 0
22999, 149, 0, 0
23999, 152, 0, 0
25000, 154, 0, 0
25999, 150, 0, 0
26999, 142, 0, 0
28000, 160, 0, 0
28999, 151, 0, 0
29999, 159, 0, 0
31000, 143, 0, 0
31999, 154, 0, 0
32999, 147, 0, 0
34000, 154, 0, 0
34999, 144, 0, 0
35999, 163, 0, 0
37000, 144, 0, 0
37999, 159, 0, 0
38999, 157, 0, 0
40000, 148, 0, 0
40999, 153, 0, 0
42000, 152, 0, 0
43000, 148, 0, 0
43999, 168, 0, 0
44999, 156, 0, 0
46000, 160, 0, 0
46999, 146, 0, 0
47999, 154, 0, 0
49000, 156, 0, 0
49999, 149, 0, 0
50999, 156, 0, 0
52000, 162, 0, 0
52999, 153, 0, 0
53999, 155, 0, 0
55000, 164, 0, 0
55999, 164, 0, 0
56999, 154, 0, 0
58000, 169, 0, 0
58999, 163, 0, 0
59999, 159, 0, 0
61000, 165, 0, 0
62000, 171, 0, 0
62999, 148, 0, 0
64000, 161, 0, 0
64999, 154, 0, 0
65999, 160, 0, 0
67000, 169, 0, 0
67999, 162, 0, 0
68999, 164, 0, 0
70000, 183, 0, 0
70999, 166, 0, 0
71999, 159, 0, 0
73000, 167, 0, 0
73999, 156, 0, 0
74999, 172, 0, 0
76000, 159, 0, 0
76999, 174, 0, 0
77999, 167, 0, 0
79000, 163, 0, 0
79999, 170, 0, 0
80999, 165, 0, 0
82000, 161, 0, 0
82999, 171, 0, 0
83999, 168, 0, 0
85000, 178, 0, 0
85999, 153, 0, 0
86999, 174, 0, 0
88000, 163, 0, 0
88999, 177, 0, 0
89999, 153, 0, 0
91000, 173, 0, 0
91999, 177, 0, 0
92999, 166, 0, 0
94000, 171, 0, 0
94999, 174, 0, 0
95999, 178, 0, 0
97000, 187, 0, 0
97999, 170, 0, 0
98999, 164, 0, 0
100000, 184, 0, 0
100999, 182, 0, 0
101999, 171, 0, 0
103000, 186, 0, 0
103999, 160, 0, 0
104999, 187, 0, 0
106000, 165, 0, 0
106999, 175, 0, 0
107999, 185, 0, 0
109000, 173, 0, 0
109999, 172, 0, 0
110999, 195, 0, 0
112000, 162, 0, 0
112999, 173, 0, 0
114000, 185, 0, 0
114999, 184, 0, 0
115999, 175, 0, 0
117000, 180, 0, 0
118000, 177, 0, 0
118999, 173, 0, 0
120000, 180, 0, 0
120999, 176, 0, 0
121999, 185, 0, 0
123000, 182, 0, 0
123999, 188, 0, 0
124999, 176, 0, 0
126000, 186, 0, 0
127000, 182, 0, 0
127999, 191, 0, 0
129000, 182, 0, 0
129999, 190, 0, 0
130999, 182, 0, 0
132000, 177, 0, 0
132999, 192, 0, 0
133999, 192, 0, 0
135000, 182, 0, 0
135999, 179, 0, 0
136999, 187, 0, 0
138000, 173, 0, 0
138999, 203, 0, 0
139999, 192, 0, 0
141000, 182, 0, 0
141999, 196, 0, 0
142999, 178, 0, 0
144000, 181, 0, 0
145000, 182, 0, 0
145999, 200, 0, 0
147000, 200, 0, 0
148000, 201, 0, 0
148999, 187, 0, 0
150000, 208, 0, 0
151000, 194, 0, 0
151999, 210, 0, 0
152999, 212, 0, 0
154000, 177, 0, 0
154999, 183, 0, 0
155999, 194, 0, 0
156999, 202, 0, 0
158000, 198, 0, 0
158999, 204, 0, 0
159999, 194, 0, 0
161000, 187, 0, 0
161999, 188, 0, 0
162999, 193, 0, 0
164000, 195, 0, 0
164999, 197, 0, 0
165999, 187, 0, 0
167000, 227, 0, 0
167999, 194, 0, 0
168999, 222, 0, 0
170000, 215, 0, 0
170999, 213, 0, 0
171999, 210, 0, 0
173000, 210, 0, 0
173999, 198, 0, 0
174999, 190, 0, 0
176000, 205, 0, 0
176999, 207, 0, 0
177999, 198, 0, 0
179000, 197, 0, 0
179999, 216, 0, 0
180999, 207, 0, 0
182000, 211, 0, 0
182999, 201, 0, 0
183999, 230, 0, 0
185000, 207, 0, 0
185999, 221, 0, 0
186999, 242, 0, 0
188000, 210, 0, 0
188999, 207, 0, 0
189999, 235, 0, 0
191000, 210, 0, 0
191999, 211, 0, 0
192999, 220, 0, 0
194000, 221, 0, 0
194999, 203, 0, 0
195999, 221, 0, 0
197000, 184, 0, 0
197999, 171, 0, 0
198999, 146, 0, 0
200000, 235, 0, 0
200999, 207, 0, 0
202000, 242, 0, 0
203000, 246, 0, 0
203999, 215, 0, 0
205000, 231, 0, 0
206000, 211, 0, 0
206999, 242, 0, 0
208000, 218, 0, 0
208999, 209, 0, 0
209999, 215, 0, 0
211000, 213, 0, 0
211999, 240, 0, 0
212999, 223, 0, 0
214000, 242, 0, 0
214999, 233, 0, 0
215999, 229, 0, 0
217000, 213, 0, 0
217999, 213, 0, 0
218999, 241, 0, 0
220000, 208, 0, 0
220999, 246, 0, 0
221999, 235, 0, 0
223000, 235, 0, 0
223999, 229, 0, 0
224999, 242, 0, 0
226000, 243, 0, 0
226999, 239, 0, 0
227999, 253, 0, 0
229000, 238, 0, 0
229999, 247, 0, 0
230999, 228, 0, 0
232000, 220, 0, 0
232999, 234, 0, 0
233999, 234, 0, 0
235000, 258, 0, 0
235999, 269, 0, 0
236999, 243, 0, 0
238000, 242, 0, 0
238999, 236, 0, 0
239999, 239, 0, 0
241000, 266, 0, 0
241999, 269, 0, 0
242999, 225, 0, 0
244000, 249, 0, 0
244999, 240, 0, 0
246000, 275, 0, 0
246999, 218, 0, 0
247999, 216, 0, 0
249000, 255, 0, 0
250000, 250, 0, 0
250999, 236, 0, 0
252000, 273, 0, 0
252999, 248, 0, 0
253999, 251, 0, 0
255000, 205, 0, 0
255999, 250, 0, 0
256999, 239, 0, 0
258000, 293, 0, 0
258999, 266, 0, 0
259999, 265, 0, 0
261000, 245, 0, 0
261999, 230, 0, 0
262999, 285, 0, 0
264000, 222, 0, 0
264999, 259, 0, 0
265999, 261, 0, 0
267000, 253, 0, 0
268000, 278, 0, 0
268999, 265, 0, 0
270000, 218, 0, 0
271000, 257, 0, 0
271999, 246, 0, 0
273000, 252, 0, 0
274000, 262, 0, 0
274999, 281, 0, 0
276000, 272, 0, 0
277000, 277, 0, 0
277999, 283, 0, 0
278999, 265, 0, 0
280000, 278, 0, 0
280999, 265, 0, 0
282000, 271, 0, 0
283000, 267, 0, 0
283999, 278, 0, 0
285000, 265, 0, 0
286000, 262, 0, 0
286999, 279, 0, 0
287999, 295, 0, 0
289000, 249, 0, 0
289999, 274, 0, 0
290999, 298, 0, 0
292000, 260, 0, 0
292999, 304, 0, 0
293999, 279, 0, 0
295000, 282, 0, 0
295999, 257, 0, 0
296999, 271, 0, 0
298000, 300, 0, 0
298999, 291, 0, 0
299999, 319, 0, 0
301000, 283, 0, 0
301999, 292, 0, 0
302999, 325, 0, 0
304000, 267, 0, 0
304999, 318, 0, 0
305999, 345, 0, 0
307000, 302, 0, 0
307999, 326, 0, 0
308999, 313, 0, 0
310000, 320, 0, 0
311000, 295, 0, 0
311999, 291, 0, 0
313000, 324, 0, 0
314000, 307, 0, 0
314999, 318, 0, 0
315999, 322, 0, 0
317000, 302, 0, 0
317999, 327, 0, 0
318999, 341, 0, 0
319999, 341, 0, 0
320999, 376, 0, 0
322000, 280, 0, 0
322999, 372, 0, 0
323999, 290, 0, 0
325000, 310, 0, 0
325999, 287, 0, 0
326999, 348, 0, 0
328000, 324, 0, 0
328999, 308, 0, 0
329999, 344, 0, 0
331000, 335, 0, 0
331999, 342, 0, 0
332999, 305, 0, 0
333999, 313, 0, 0
335000, 347, 0, 0
335999, 328, 0, 0
336999, 354, 0, 0
338000, 314, 0, 0
338999, 375, 0, 0
339999, 339, 0, 0
341000, 358, 0, 0
341999, 350, 0, 0
342999, 338, 0, 0
344000, 363, 0, 0
345000, 342, 0, 0
345999, 327, 0, 0
347000, 365, 0, 0
348000, 342, 0, 0
348999, 310, 0, 0
349999, 361, 0, 0
351000, 364, 0, 0
351999, 394, 0, 0
352999, 375, 0, 0
354000, 373, 0, 0
354999, 414, 0, 0
355999, 341, 0, 0
357000, 404, 0, 0
357999, 383, 0, 0
358999, 334, 0, 0
360000, 424, 0, 0
360999, 345, 0, 0
361999, 307, 0, 0
363000, 358, 0, 0
363999, 402, 0, 0
364999, 376, 0, 0
366000, 415, 0, 0
366999, 409, 0, 0
367999, 340, 0, 0
369000, 423, 0, 0
369999, 403, 0, 0
370999, 438, 0, 0
372000, 382, 0, 0
372999, 430, 0, 0
373999, 361, 0, 0
375000, 419, 0, 0
375999, 406, 0, 0
376999, 410, 0, 0
378000, 391, 0, 0
379000, 323, 0, 0
379999, 402, 0, 0
380999, 482, 0, 0
382000, 419, 0, 0
382999, 440, 0, 0
383999, 421, 0, 0
385000, 410, 0, 0
385999, 331, 0, 0
386999, 439, 0, 0
388000, 390, 0, 0
388999, 439, 0, 0
389999, 441, 0, 0
391000, 474, 0, 0
392000, 381, 0, 0
392999, 449, 0, 0
394000, 483, 0, 0
395000, 466, 0, 0
395999, 451, 0, 0
397000, 407, 0, 0
398000, 405, 0, 0
398999, 491, 0, 0
399999, 445, 0, 0
401000, 440, 0, 0
401999, 527, 0, 0
403000, 437, 0, 0
404000, 485, 0, 0
404999, 468, 0, 0
406000, 482, 0, 0
406999, 476, 0, 0
407999, 443, 0, 0
409000, 440, 0, 0
409999, 525, 0, 0
410999, 511, 0, 0
412000, 489, 0, 0
412999, 473, 0, 0
413999, 474, 0, 0
415000, 513, 0, 0
415999, 475, 0, 0
416999, 465, 0, 0
418000, 504, 0, 0
418999, 525, 0, 0
419999, 561, 0, 0
421000, 522, 0, 0
422000, 522, 0, 0
422999, 547, 0, 0
424000, 555, 0, 0
424999, 566, 0, 0
425999, 514, 0, 0
427000, 489, 0, 0
428000, 563, 0, 0
428999, 502, 0, 0
429999, 580, 0, 0
431000, 529, 0, 0
431999, 643, 0, 0
432999, 540, 0, 0
434000, 571, 0, 0
434999, 533, 0, 0
435999, 592, 0, 0
437000, 611, 0, 0
437999, 670, 0, 0
438999, 516, 0, 0
440000, 541, 0, 0
440999, 556, 0, 0
441999, 510, 0, 0
443000, 579, 0, 0
443999, 579, 0, 0
444999, 640, 0, 0
446000, 628, 0, 0
446999, 581, 0, 0
447999, 624, 0, 0
449000, 660, 0, 0
449999, 587, 0, 0
450999, 604, 0, 0
452000, 611, 0, 0
452999, 566, 0, 0
453999, 707, 0, 0
455000, 698, 0, 0
455999, 605, 0, 0
456999, 649, 0, 0
458000, 733, 0, 0
458999, 735, 0, 0
459999, 577, 0, 0
461000, 672, 0, 0
461999, 856, 0, 0
462999, 754, 0, 0
464000, 569, 0, 0
465000, 643, 0, 0
465999, 704, 0, 0
466999, 667, 0, 0
468000, 684, 0, 0
468999, 706, 0, 0
469999, 720, 0, 0
471000, 596, 0, 0
471999, 746, 0, 0
472999, 674, 0, 0
474000, 731, 0, 0
475000, 741, 0, 0
475999, 777, 0, 0
476999, 777, 0, 0
478000, 724, 0, 0
478999, 901, 0, 0
479999, 835, 0, 0
480999, 765, 0, 0
482000, 751, 0, 0
482999, 820, 0, 0
483999, 864, 0, 0
485000, 754, 0, 0
486000, 942, 0, 0
486999, 906, 0, 0
487999, 990, 0, 0
489000, 977, 0, 0
489999, 903, 0, 0
490999, 769, 0, 0
491999, 888, 0, 0
493000, 803, 0, 0
493999, 879, 0, 0
494999, 800, 0, 0
496000, 1080, 0, 0
497000, 969, 0, 0
497999, 1022, 0, 0
498999, 842, 0, 0
500000, 893, 0, 0
500999, 956, 0, 0
501999, 860, 0, 0
503000, 1003, 0, 0
503999, 820, 0, 0
504999, 1002, 0, 0
505999, 996, 0, 0
507000, 1091, 0, 0
507999, 1244, 0, 0
508999, 973, 0, 0
509999, 1247, 0, 0
511000, 982, 0, 0
511999, 1277, 0, 0
512999, 970, 0, 0
514000, 1047, 0, 0
515000, 1250, 0, 0
515999, 1172, 0, 0
516999, 1200, 0, 0
518000, 1007, 0, 0
519000, 1172, 0, 0
519999, 1263, 0, 0
520999, 1568, 0, 0
522000, 1643, 0, 0
522999, 1433, 0, 0
523999, 1566, 0, 0
524999, 1397, 0, 0
526000, 1432, 0, 0
527000, 1722, 0, 0
527999, 1568, 0, 0
528999, 1540, 0, 0
530000, 1309, 0, 0
531000, 1370, 0, 0
531999, 1610, 0, 0
532999, 1472, 0, 0
533999, 1534, 0, 0
535000, 1767, 0, 0
535999, 2080, 0, 0
536999, 1576, 0, 0
538000, 1775, 0, 0
539000, 1663, 0, 0
539999, 1920, 0, 0
540999, 1810, 0, 0
542000, 2379, 0, 0
543000, 1586, 0, 0
543999, 1912, 0, 0
544999, 1878, 0, 0
545999, 2217, 0, 0
547000, 2211, 0, 0
547999, 2012, 0, 0
548999, 2261, 0, 0
549999, 2010, 0, 0
551000, 2041, 0, 0
551999, 2198, 0, 0
552999, 2656, 0, 0
554000, 2851, 0, 0
555000, 2617, 0, 0
555999, 3357, 0, 0
556999, 2987, 0, 0
557999, 3444, 0, 0
559000, 3281, 0, 0
559999, 3774, 0, 0
560999, 3822, 0, 0
561999, 3102, 0, 0
563000, 3411, 0, 0
563999, 3677, 0, 0
564999, 4664, 0, 0
565999, 3766, 0, 0
567000, 3583, 0, 0
568000, 5379, 0, 0
569000, 4343, 0, 0
569999, 4598, 0, 0
571000, 6769, 0, 0
572000, 4233, 0, 0
573000, 6760, 0, 0
573999, 8317, 0, 0
574999, 7121, 0, 0
576000, 7571, 0, 0
577000, 7961, 0, 0
578000, 12364, 0, 0
578999, 8717, 0, 0
579999, 12495, 0, 0
580999, 14626, 0, 0
582000, 25423, 0, 0
583000, 28919, 0, 0
583999, 37081, 0, 0
584999, 49873, 0, 0
585999, 50007, 0, 0
587000, 49806, 0, 0
588000, 49978, 0, 0
588999, 49721, 0, 0
589999, 49797, 0, 0
590999, 50021, 0, 0
591999, 50075, 0, 0
593000, 49902, 0, 0
594000, 50076, 0, 0
594999, 49820, 0, 0
595999, 49932, 0, 0
596999, 50093, 0, 0
597999, 49915, 0, 0
599000, 49911, 0, 0
600000, 49892, 0, 0
