1002, 409778139, 0, 0
2004, 436888318, 0, 0
3044, 494893100, 0, 0
4031, 437014225, 0, 0
5011, 422001447, 0, 0
6044, 437142210, 0, 0
7020, 431880471, 0, 0
8037, 439823219, 0, 0
9027, 441122058, 0, 0
10038, 439482333, 0, 0
11024, 436116481, 0, 0
12024, 429422510, 0, 0
13006, 455029372, 0, 0
14005, 425154778, 0, 0
15027, 423307596, 0, 0
16029, 421713879, 0, 0
17055, 445413314, 0, 0
18000, 436975748, 0, 0
19025, 442244067, 0, 0
20038, 443015212, 0, 0
21022, 418264373, 0, 0
22026, 435341705, 0, 0
23045, 438831807, 0, 0
24042, 423465192, 0, 0
25012, 401890513, 0, 0
26025, 430322089, 0, 0
27000, 434405876, 0, 0
28045, 428087050, 0, 0
29011, 408571809, 0, 0
30055, 420608302, 0, 0
31017, 427581992, 0, 0
32043, 431446395, 0, 0
33042, 424539536, 0, 0
34045, 420329981, 0, 0
35000, 423505744, 0, 0
36029, 412169325, 0, 0
37015, 427157111, 0, 0
38048, 425452696, 0, 0
39042, 402678146, 0, 0
40013, 418863155, 0, 0
41008, 417367416, 0, 0
42003, 420354608, 0, 0
43004, 424779762, 0, 0
44044, 399642729, 0, 0
45052, 418317896, 0, 0
46053, 402908927, 0, 0
47055, 414029842, 0, 0
48022, 414437693, 0, 0
49055, 420044274, 0, 0
50025, 426677220, 0, 0
51023, 408721965, 0, 0
52001, 390950852, 0, 0
53025, 414774022, 0, 0
54037, 427166402, 0, 0
55015, 388333131, 0, 0
56026, 400015259, 0, 0
57012, 393437611, 0, 0
58053, 393469890, 0, 0
59042, 396609206, 0, 0
60028, 390500260, 0, 0
61023, 385989581, 0, 0
62050, 392668562, 0, 0
63024, 406710134, 0, 0
64020, 398605187, 0, 0
65044, 434537814, 0, 0
66014, 385679250, 0, 0
67047, 390319395, 0, 0
68003, 382484113, 0, 0
69003, 395072931, 0, 0
70049, 357406273, 0, 0
71047, 382851801, 0, 0
72039, 407369573, 0, 0
73031, 378190565, 0, 0
74013, 400152903, 0, 0
75008, 373491636, 0, 0
76000, 398282922, 0, 0
77018, 370547490, 0, 0
78006, 381724826, 0, 0
79045, 415501651, 0, 0
80013, 354344762, 0, 0
81023, 391214598, 0, 0
82004, 381831536, 0, 0
83037, 397508143, 0, 0
84018, 370402634, 0, 0
85058, 376688046, 0, 0
86018, 405515962, 0, 0
87017, 371750218, 0, 0
88002, 384105973, 0, 0
89049, 371534222, 0, 0
90004, 395705928, 0, 0
91000, 391647826, 0, 0
92035, 357406072, 0, 0
93031, 388685234, 0, 0
94043, 379437030, 0, 0
95008, 354586254, 0, 0
96028, 368092913, 0, 0
97038, 352954652, 0, 0
98054, 371619538, 0, 0
99012, 362430571, 0, 0
100034, 364936794, 0, 0
101033, 361833752, 0, 0
102025, 353892379, 0, 0
103057, 357853371, 0, 0
104002, 376613052, 0, 0
105029, 356036416, 0, 0
106013, 379047628, 0, 0
107020, 369034661, 0, 0
108030, 355064209, 0, 0
109002, 355859994, 0, 0
110002, 368271015, 0, 0
111049, 348673169, 0, 0
112020, 379039640, 0, 0
113035, 382253293, 0, 0
114028, 348315459, 0, 0
115009, 337356210, 0, 0
116029, 370140836, 0, 0
117044, 346727261, 0, 0
118027, 360899706, 0, 0
119013, 363722746, 0, 0
120012, 357434543, 0, 0
121031, 377840480, 0, 0
122024, 342520734, 0, 0
123004, 346378675, 0, 0
124016, 346727944, 0, 0
125022, 360858377, 0, 0
126008, 343342276, 0, 0
127002, 346040329, 0, 0
128048, 357844503, 0, 0
129035, 343527264, 0, 0
130044, 339837077, 0, 0
131025, 341625418, 0, 0
132018, 356187117, 0, 0
133019, 338774461, 0, 0
134021, 328957957, 0, 0
135000, 370295415, 0, 0
136015, 335258637, 0, 0
137022, 346424158, 0, 0
138012, 368614841, 0, 0
139056, 325600031, 0, 0
140043, 338235370, 0, 0
141006, 341779204, 0, 0
142010, 322626790, 0, 0
143002, 339546206, 0, 0
144045, 382013468, 0, 0
145037, 348293272, 0, 0
146026, 320301337, 0, 0
147042, 332917317, 0, 0
148013, 304421233, 0, 0
149007, 334116336, 0, 0
150048, 324940201, 0, 0
151012, 323471011, 0, 0
152027, 306299932, 0, 0
153045, 306332518, 0, 0
154025, 346766077, 0, 0
155040, 354548537, 0, 0
156024, 332985126, 0, 0
157055, 319856877, 0, 0
158017, 330155096, 0, 0
159026, 300744157, 0, 0
160012, 326781027, 0, 0
161023, 343943156, 0, 0
162019, 345015131, 0, 0
163040, 330505879, 0, 0
164003, 315561454, 0, 0
165011, 341728172, 0, 0
166002, 328890800, 0, 0
167046, 296160901, 0, 0
168054, 327700507, 0, 0
169059, 298657035, 0, 0
170050, 283172998, 0, 0
171019, 296446803, 0, 0
172052, 310845523, 0, 0
173059, 311956963, 0, 0
174053, 310676553, 0, 0
175042, 346011659, 0, 0
176011, 303946740, 0, 0
177057, 319783520, 0, 0
178003, 304915417, 0, 0
179000, 332290298, 0, 0
180007, 300137355, 0, 0
181044, 305485255, 0, 0
182030, 308025477, 0, 0
183025, 316861664, 0, 0
184032, 291261586, 0, 0
185017, 295538316, 0, 0
186004, 286933588, 0, 0
187045, 277110892, 0, 0
188044, 291541308, 0, 0
189015, 310225274, 0, 0
190047, 278859739, 0, 0
191034, 303195272, 0, 0
192015, 299322967, 0, 0
193017, 294346136, 0, 0
194045, 286335099, 0, 0
195001, 308210689, 0, 0
196032, 297891263, 0, 0
197028, 343206636, 0, 0
198132, 376625851, 0, 0
199025, 400064010, 0, 0
200004, 290494275, 0, 0
201002, 301337034, 0, 0
202010, 268439812, 0, 0
203035, 261135120, 0, 0
204017, 299663716, 0, 0
205035, 285753897, 0, 0
206003, 287969161, 0, 0
207009, 277214556, 0, 0
208015, 292237267, 0, 0
209035, 307431471, 0, 0
210037, 301321849, 0, 0
211033, 290114619, 0, 0
212053, 270575454, 0, 0
213024, 286568285, 0, 0
214045, 271665355, 0, 0
215011, 269331822, 0, 0
216014, 273039606, 0, 0
217036, 305744549, 0, 0
218021, 293958222, 0, 0
219020, 267270603, 0, 0
220020, 307018846, 0, 0
221017, 260592644, 0, 0
222011, 272372149, 0, 0
223004, 258662548, 0, 0
224016, 297917180, 0, 0
225053, 273890695, 0, 0
226035, 259934417, 0, 0
227049, 273164026, 0, 0
228016, 241675499, 0, 0
229059, 277447485, 0, 0
230041, 256047232, 0, 0
231000, 271639179, 0, 0
232002, 278053948, 0, 0
233018, 291895382, 0, 0
234029, 268867029, 0, 0
235041, 257465556, 0, 0
236041, 238258200, 0, 0
237025, 259703943, 0, 0
238026, 256437231, 0, 0
239037, 274976145, 0, 0
240026, 267731759, 0, 0
241037, 250381552, 0, 0
242034, 237628778, 0, 0
243004, 262655631, 0, 0
244008, 266736052, 0, 0
245047, 267292336, 0, 0
246037, 237754070, 0, 0
247034, 284695263, 0, 0
248049, 307911151, 0, 0
249048, 243586011, 0, 0
250042, 259221179, 0, 0
251014, 265141614, 0, 0
252036, 238662521, 0, 0
253013, 256933678, 0, 0
254047, 256936309, 0, 0
255036, 306762377, 0, 0
256049, 264239242, 0, 0
257000, 257367675, 0, 0
258012, 218816454, 0, 0
259025, 244737807, 0, 0
260045, 244778147, 0, 0
261050, 265866799, 0, 0
262013, 260323097, 0, 0
263020, 233884133, 0, 0
264025, 292215513, 0, 0
265009, 243614659, 0, 0
266023, 241699636, 0, 0
267001, 247686403, 0, 0
268040, 239822600, 0, 0
269045, 240506889, 0, 0
270007, 290353012, 0, 0
271024, 245122455, 0, 0
272023, 267572525, 0, 0
273022, 243944261, 0, 0
274010, 250872785, 0, 0
275008, 224150748, 0, 0
276029, 240178565, 0, 0
277029, 233709409, 0, 0
278044, 227898141, 0, 0
279038, 240903765, 0, 0
280024, 225681545, 0, 0
281028, 241397987, 0, 0
282025, 239702979, 0, 0
283000, 234410512, 0, 0
284043, 234622974, 0, 0
285005, 231901912, 0, 0
286016, 245769440, 0, 0
287008, 226498233, 0, 0
288039, 227398685, 0, 0
289011, 242486292, 0, 0
290043, 251149634, 0, 0
291006, 202057466, 0, 0
292044, 258801820, 0, 0
293055, 216050088, 0, 0
294015, 217490901, 0, 0
295038, 233287222, 0, 0
296020, 243113411, 0, 0
297037, 236686038, 0, 0
298033, 217435692, 0, 0
299025, 215996294, 0, 0
300022, 200986753, 0, 0
301004, 226631185, 0, 0
302039, 224434886, 0, 0
303036, 195211721, 0, 0
304030, 239483277, 0, 0
305008, 200202698, 0, 0
306014, 186043334, 0, 0
307040, 210702020, 0, 0
308005, 191264114, 0, 0
309040, 209588789, 0, 0
310021, 200880526, 0, 0
311026, 212567542, 0, 0
312032, 228853098, 0, 0
313040, 198043847, 0, 0
314048, 197847590, 0, 0
315002, 200882091, 0, 0
316057, 209381293, 0, 0
317004, 202851825, 0, 0
318022, 199676196, 0, 0
319025, 187193889, 0, 0
320036, 189441851, 0, 0
321051, 173094137, 0, 0
322013, 213450103, 0, 0
323047, 183959861, 0, 0
324031, 212807989, 0, 0
325022, 204092272, 0, 0
326014, 219058189, 0, 0
327025, 191217361, 0, 0
328000, 196939406, 0, 0
329030, 207483054, 0, 0
330006, 181617901, 0, 0
331010, 191339841, 0, 0
332053, 196558955, 0, 0
333013, 203428784, 0, 0
334028, 207683676, 0, 0
335041, 186153273, 0, 0
336040, 192149581, 0, 0
337035, 182156448, 0, 0
338027, 195390584, 0, 0
339018, 173921470, 0, 0
340026, 188566441, 0, 0
341029, 181677955, 0, 0
342042, 188906014, 0, 0
343007, 184646821, 0, 0
344045, 184791863, 0, 0
345012, 174052477, 0, 0
346017, 197529888, 0, 0
347042, 173195338, 0, 0
348053, 197252613, 0, 0
349045, 199595478, 0, 0
350036, 181265147, 0, 0
351020, 172782568, 0, 0
352034, 161396085, 0, 0
353034, 172124785, 0, 0
354011, 165274922, 0, 0
355049, 166216225, 0, 0
356035, 176801808, 0, 0
357027, 160305503, 0, 0
358000, 164590212, 0, 0
359027, 190240208, 0, 0
360042, 158423856, 0, 0
361056, 184759649, 0, 0
362032, 201641999, 0, 0
363052, 184793203, 0, 0
364052, 159749603, 0, 0
365009, 162304152, 0, 0
366014, 160389530, 0, 0
367049, 158470103, 0, 0
368022, 183951993, 0, 0
369026, 152370965, 0, 0
370041, 152187322, 0, 0
371016, 149421113, 0, 0
372029, 168795765, 0, 0
373022, 144738563, 0, 0
374019, 178422664, 0, 0
375000, 157550250, 0, 0
376007, 155144582, 0, 0
377027, 158517694, 0, 0
378053, 166877642, 0, 0
379007, 161032095, 0, 0
380013, 179000328, 0, 0
381015, 136201437, 0, 0
382009, 152665918, 0, 0
383005, 143354207, 0, 0
384021, 155241697, 0, 0
385020, 157710054, 0, 0
386011, 187711848, 0, 0
387020, 144380857, 0, 0
388024, 160805541, 0, 0
389014, 154316182, 0, 0
390046, 148354849, 0, 0
391023, 129230036, 0, 0
392037, 166463939, 0, 0
393030, 146690272, 0, 0
394051, 136771631, 0, 0
395042, 137910319, 0, 0
396027, 138441819, 0, 0
397023, 150511013, 0, 0
398003, 157798717, 0, 0
399045, 140529226, 0, 0
400011, 133428422, 0, 0
401049, 151556224, 0, 0
402010, 118480271, 0, 0
403005, 143927340, 0, 0
404030, 135147311, 0, 0
405006, 140867740, 0, 0
406008, 126699198, 0, 0
407050, 139256700, 0, 0
408034, 146003388, 0, 0
409005, 136694538, 0, 0
410009, 119403395, 0, 0
411058, 135602188, 0, 0
412062, 126863780, 0, 0
413029, 136680704, 0, 0
414014, 133205615, 0, 0
415040, 129096964, 0, 0
416043, 136248197, 0, 0
417051, 118842244, 0, 0
418030, 140065931, 0, 0
419049, 127222936, 0, 0
420030, 110365281, 0, 0
421019, 120862869, 0, 0
422005, 120106545, 0, 0
423052, 123776482, 0, 0
424028, 111393410, 0, 0
425024, 112876432, 0, 0
426020, 124266450, 0, 0
427014, 130850307, 0, 0
428022, 113053129, 0, 0
429022, 129620567, 0, 0
430034, 107623824, 0, 0
431030, 124706600, 0, 0
432009, 97818897, 0, 0
433025, 117727155, 0, 0
434018, 111739361, 0, 0
435010, 122715895, 0, 0
436050, 110088101, 0, 0
437022, 102041672, 0, 0
438005, 93981070, 0, 0
439010, 120227251, 0, 0
440046, 126564412, 0, 0
441042, 112800497, 0, 0
442022, 124047244, 0, 0
443013, 112027328, 0, 0
444001, 106846953, 0, 0
445009, 105096902, 0, 0
446010, 100485052, 0, 0
447000, 106526273, 0, 0
448022, 103531001, 0, 0
449035, 101194436, 0, 0
450033, 105615653, 0, 0
451043, 107642392, 0, 0
452022, 102402304, 0, 0
453058, 115967900, 0, 0
454046, 90848618, 0, 0
455030, 96200386, 0, 0
456036, 99200300, 0, 0
457027, 101082928, 0, 0
458007, 83972141, 0, 0
459044, 92173267, 0, 0
460000, 107712860, 0, 0
461005, 92209431, 0, 0
462033, 76826725, 0, 0
463029, 81276157, 0, 0
464032, 115008138, 0, 0
465009, 97666280, 0, 0
466048, 94882578, 0, 0
467040, 94127381, 0, 0
468053, 95882714, 0, 0
469023, 90997644, 0, 0
470013, 84689849, 0, 0
471041, 111162345, 0, 0
472042, 85488708, 0, 0
473036, 94104108, 0, 0
474021, 88842686, 0, 0
475004, 85409791, 0, 0
476007, 81967550, 0, 0
477003, 77713139, 0, 0
478045, 95415991, 0, 0
479037, 71293699, 0, 0
480052, 78091393, 0, 0
481018, 80898170, 0, 0
482028, 82674137, 0, 0
483040, 80065243, 0, 0
484038, 75913960, 0, 0
485054, 84947356, 0, 0
486049, 67907739, 0, 0
487024, 71131165, 0, 0
488008, 61055616, 0, 0
489006, 65682268, 0, 0
490053, 73157584, 0, 0
491015, 81686955, 0, 0
492027, 71849820, 0, 0
493000, 78747321, 0, 0
494053, 75505493, 0, 0
495020, 76062984, 0, 0
496004, 60479987, 0, 0
497045, 67285524, 0, 0
498038, 62851053, 0, 0
499027, 74494880, 0, 0
500047, 72052430, 0, 0
501048, 69126584, 0, 0
502025, 71523807, 0, 0
503000, 64089471, 0, 0
504013, 76009488, 0, 0
505030, 65492429, 0, 0
506022, 66472534, 0, 0
507007, 56103943, 0, 0
508046, 53057659, 0, 0
509012, 62960595, 0, 0
510040, 53895383, 0, 0
511034, 61578843, 0, 0
512048, 53771658, 0, 0
513041, 64403835, 0, 0
514016, 60559729, 0, 0
515032, 49099548, 0, 0
516034, 57541368, 0, 0
517066, 53360832, 0, 0
518011, 62381876, 0, 0
519012, 54142248, 0, 0
520020, 50766657, 0, 0
521033, 42090406, 0, 0
522038, 38616403, 0, 0
523009, 43907866, 0, 0
524008, 40189504, 0, 0
525033, 48021898, 0, 0
526035, 44867374, 0, 0
527004, 35629122, 0, 0
528006, 40756295, 0, 0
529014, 41466548, 0, 0
530047, 50295619, 0, 0
531000, 45204333, 0, 0
532064, 42017817, 0, 0
533037, 42793795, 0, 0
534013, 40899394, 0, 0
535009, 35903415, 0, 0
536045, 32080835, 0, 0
537009, 38078398, 0, 0
538064, 38354564, 0, 0
539041, 38187335, 0, 0
540010, 33494613, 0, 0
541012, 35636349, 0, 0
542003, 25529145, 0, 0
543046, 42038134, 0, 0
544034, 33100465, 0, 0
545022, 34766373, 0, 0
546023, 27637569, 0, 0
547022, 29720013, 0, 0
548006, 31166948, 0, 0
549036, 27914111, 0, 0
550022, 31309029, 0, 0
551054, 32884465, 0, 0
552045, 29827031, 0, 0
553033, 23741224, 0, 0
554023, 22490931, 0, 0
555000, 23742574, 0, 0
556000, 19437794, 0, 0
557028, 21410312, 0, 0
558034, 18655785, 0, 0
559042, 19900533, 0, 0
560038, 17063727, 0, 0
561038, 16451277, 0, 0
562040, 20462113, 0, 0
563023, 18167532, 0, 0
564044, 18328795, 0, 0
565029, 13350400, 0, 0
566009, 16803473, 0, 0
567029, 18251602, 0, 0
568000, 12164083, 0, 0
569017, 14296618, 0, 0
570033, 14316100, 0, 0
571087, 9160074, 0, 0
572001, 14894204, 0, 0
573035, 9808810, 0, 0
574039, 7720718, 0, 0
575044, 8596802, 0, 0
576034, 8811408, 0, 0
577026, 7819504, 0, 0
578010, 5058980, 0, 0
579012, 7209233, 0, 0
580026, 5499112, 0, 0
581034, 4370805, 0, 0
582015, 2482244, 0, 0
583000, 2264016, 0, 0
584000, 1724677, 0, 0
585000, 1299718, 0, 0
586000, 1279678, 0, 0
587000, 1283687, 0, 0
588000, 1279340, 0, 0
589000, 1285922, 0, 0
590000, 1285412, 0, 0
591000, 1279705, 0, 0
592000, 1278061, 0, 0
593000, 1281349, 0, 0
594000, 1276838, 0, 0
595000, 1283345, 0, 0
596000, 1281916, 0, 0
597000, 1277721, 0, 0
598000, 1282287, 0, 0
599000, 1280893, 0, 0
600000, 1281482, 0, 0
600001, 1716796, 0, 0
