1001, 425375062, 0, 0
2028, 418935766, 0, 0
3007, 452224236, 0, 0
4047, 432615811, 0, 0
5046, 445998287, 0, 0
6012, 444499033, 0, 0
7001, 441211364, 0, 0
8043, 432609327, 0, 0
9049, 427875967, 0, 0
10057, 454395117, 0, 0
11042, 431196962, 0, 0
12006, 427286138, 0, 0
13009, 432669376, 0, 0
14049, 407157297, 0, 0
15016, 416750007, 0, 0
16039, 437822346, 0, 0
17024, 422389126, 0, 0
18035, 436470482, 0, 0
19005, 436676981, 0, 0
20025, 425477284, 0, 0
21042, 428243008, 0, 0
22052, 436737028, 0, 0
23017, 435669566, 0, 0
24040, 405163557, 0, 0
25031, 415130692, 0, 0
26011, 426349627, 0, 0
27013, 405917135, 0, 0
28039, 400248686, 0, 0
29022, 404197046, 0, 0
30049, 413718137, 0, 0
31044, 423330519, 0, 0
32048, 418853586, 0, 0
33001, 451578127, 0, 0
34042, 406137179, 0, 0
35039, 400767898, 0, 0
36034, 417440021, 0, 0
37036, 421459673, 0, 0
38006, 394620630, 0, 0
39019, 414576670, 0, 0
40032, 416818193, 0, 0
41024, 420190476, 0, 0
42022, 415808535, 0, 0
43044, 443190232, 0, 0
44038, 387045397, 0, 0
45022, 399569416, 0, 0
46007, 408283726, 0, 0
47048, 392938887, 0, 0
48052, 420157940, 0, 0
49014, 394552305, 0, 0
50049, 384001203, 0, 0
51056, 379398943, 0, 0
52026, 407839920, 0, 0
53020, 424980611, 0, 0
54018, 404023451, 0, 0
55032, 389393934, 0, 0
56056, 387803850, 0, 0
57031, 392757846, 0, 0
58004, 378045081, 0, 0
59022, 395589873, 0, 0
60025, 382137311, 0, 0
61013, 400635058, 0, 0
62052, 411563073, 0, 0
63022, 392232098, 0, 0
64009, 386423751, 0, 0
65044, 386699819, 0, 0
66027, 385561215, 0, 0
67053, 384392367, 0, 0
68004, 395892443, 0, 0
69023, 409473761, 0, 0
70017, 424306020, 0, 0
71003, 392492661, 0, 0
72025, 394737145, 0, 0
73051, 380791225, 0, 0
74046, 378821606, 0, 0
75040, 396992322, 0, 0
76046, 385959894, 0, 0
77026, 379061331, 0, 0
78037, 397205029, 0, 0
79000, 366387124, 0, 0
80024, 362957459, 0, 0
81035, 391632548, 0, 0
82050, 384009384, 0, 0
83008, 386205002, 0, 0
84006, 357476931, 0, 0
85036, 368632674, 0, 0
86050, 378792532, 0, 0
87010, 384322091, 0, 0
88031, 373027459, 0, 0
89016, 346661308, 0, 0
90048, 384343183, 0, 0
91033, 393728214, 0, 0
92032, 393026519, 0, 0
93029, 358519972, 0, 0
94024, 381505310, 0, 0
95011, 333620688, 0, 0
96050, 360142573, 0, 0
97038, 370297508, 0, 0
98003, 339822453, 0, 0
99052, 352886645, 0, 0
100051, 347471887, 0, 0
101000, 355583605, 0, 0
102021, 373864137, 0, 0
103018, 354027259, 0, 0
104003, 378207435, 0, 0
105026, 368059007, 0, 0
106032, 335334711, 0, 0
107054, 351691170, 0, 0
108019, 345780902, 0, 0
109046, 333183927, 0, 0
110046, 356613964, 0, 0
111050, 354926149, 0, 0
112037, 351674789, 0, 0
113040, 352993536, 0, 0
114042, 358475481, 0, 0
115023, 341368829, 0, 0
116004, 345720968, 0, 0
117024, 352967025, 0, 0
118052, 344726956, 0, 0
119030, 365596969, 0, 0
120021, 367720400, 0, 0
121046, 361662456, 0, 0
122014, 368919731, 0, 0
123041, 352868306, 0, 0
124030, 376827117, 0, 0
125027, 340695150, 0, 0
126042, 321069534, 0, 0
127057, 336695644, 0, 0
128010, 323682287, 0, 0
129045, 353466880, 0, 0
130001, 333405704, 0, 0
131021, 330928530, 0, 0
132006, 326310857, 0, 0
133004, 357629815, 0, 0
134013, 359226164, 0, 0
135049, 319671630, 0, 0
136040, 363276559, 0, 0
137040, 308623491, 0, 0
138042, 356872418, 0, 0
139026, 317722829, 0, 0
140047, 327921206, 0, 0
141039, 330514590, 0, 0
142030, 354043773, 0, 0
143026, 329870107, 0, 0
144026, 343475395, 0, 0
145030, 338318478, 0, 0
146044, 342031077, 0, 0
147020, 321880565, 0, 0
148010, 331536262, 0, 0
149053, 319912427, 0, 0
150050, 308608999, 0, 0
151010, 338380896, 0, 0
152025, 346652882, 0, 0
153014, 320480491, 0, 0
154008, 331827524, 0, 0
155032, 325763282, 0, 0
156007, 321826137, 0, 0
157036, 312683205, 0, 0
158029, 317117966, 0, 0
159001, 346111294, 0, 0
160000, 345356902, 0, 0
161027, 348030189, 0, 0
162002, 302967195, 0, 0
163006, 322720426, 0, 0
164025, 303164324, 0, 0
165032, 302555213, 0, 0
166010, 318225757, 0, 0
167018, 317494119, 0, 0
168043, 319812087, 0, 0
169017, 298782484, 0, 0
170019, 306253304, 0, 0
171031, 299120897, 0, 0
172051, 304916927, 0, 0
173023, 328581025, 0, 0
174007, 301675161, 0, 0
175017, 312361613, 0, 0
176058, 317518979, 0, 0
177003, 305696454, 0, 0
178025, 281439664, 0, 0
179041, 322320606, 0, 0
180046, 321259401, 0, 0
181045, 330617677, 0, 0
182003, 289336633, 0, 0
183005, 296191960, 0, 0
184005, 311978083, 0, 0
185051, 349687977, 0, 0
186005, 280591077, 0, 0
187042, 308039020, 0, 0
188051, 300962407, 0, 0
189011, 275525368, 0, 0
190012, 278235258, 0, 0
191035, 285228465, 0, 0
192039, 280645997, 0, 0
193017, 300156219, 0, 0
194016, 309353430, 0, 0
195005, 288540689, 0, 0
196008, 304256823, 0, 0
197027, 281846106, 0, 0
198016, 288363661, 0, 0
199031, 278162070, 0, 0
200018, 266024759, 0, 0
201047, 287105800, 0, 0
202033, 277989067, 0, 0
203023, 271101490, 0, 0
204033, 303041002, 0, 0
205010, 282737418, 0, 0
206014, 289026515, 0, 0
207003, 282177201, 0, 0
208031, 270101589, 0, 0
209000, 265024049, 0, 0
210060, 263411216, 0, 0
211041, 303921112, 0, 0
212040, 299743749, 0, 0
213027, 288961126, 0, 0
214027, 289741900, 0, 0
215029, 266229361, 0, 0
216009, 250702418, 0, 0
217002, 278209983, 0, 0
218053, 270464081, 0, 0
219005, 301148542, 0, 0
220040, 262723775, 0, 0
221029, 267756928, 0, 0
222015, 274143700, 0, 0
223037, 257057149, 0, 0
224028, 286283298, 0, 0
225027, 230783648, 0, 0
226044, 259686104, 0, 0
227000, 268369194, 0, 0
228003, 273138977, 0, 0
229030, 283686543, 0, 0
230031, 245665226, 0, 0
231012, 273335718, 0, 0
232009, 331324375, 0, 0
233037, 383065170, 0, 0
234042, 284892064, 0, 0
235022, 270246496, 0, 0
236004, 267985409, 0, 0
237037, 276342765, 0, 0
238030, 233197543, 0, 0
239046, 267738443, 0, 0
240007, 261929671, 0, 0
241004, 268893257, 0, 0
242019, 226633921, 0, 0
243034, 269834447, 0, 0
244030, 242886221, 0, 0
245000, 252883850, 0, 0
246053, 244462942, 0, 0
247039, 250552874, 0, 0
248038, 286869093, 0, 0
249005, 239900865, 0, 0
250021, 257125155, 0, 0
251048, 233551809, 0, 0
252023, 225393244, 0, 0
253022, 259772418, 0, 0
254051, 269748027, 0, 0
255013, 261692004, 0, 0
256048, 248252102, 0, 0
257026, 228477333, 0, 0
258042, 249385364, 0, 0
259010, 256282308, 0, 0
260049, 250253107, 0, 0
261024, 232919534, 0, 0
262055, 251911612, 0, 0
263006, 227983288, 0, 0
264026, 219120848, 0, 0
265044, 229945614, 0, 0
266023, 279941973, 0, 0
267023, 233241239, 0, 0
268016, 227452869, 0, 0
269006, 220617221, 0, 0
270017, 241559679, 0, 0
271021, 251677380, 0, 0
272000, 235155872, 0, 0
273045, 255934457, 0, 0
274005, 257219093, 0, 0
275021, 232997176, 0, 0
276002, 211920897, 0, 0
277040, 208476623, 0, 0
278005, 229458683, 0, 0
279051, 233944329, 0, 0
280045, 224282184, 0, 0
281016, 251164742, 0, 0
282045, 217439913, 0, 0
283028, 251642684, 0, 0
284034, 211037796, 0, 0
285036, 230974040, 0, 0
286030, 230728063, 0, 0
287012, 216558607, 0, 0
288011, 233295255, 0, 0
289028, 214039645, 0, 0
290050, 201349095, 0, 0
291052, 215550384, 0, 0
292046, 214008956, 0, 0
293052, 206076477, 0, 0
294009, 215956865, 0, 0
295041, 221754938, 0, 0
296001, 215334867, 0, 0
297037, 215405999, 0, 0
298004, 181862643, 0, 0
299024, 224896473, 0, 0
300037, 228125002, 0, 0
301050, 215374563, 0, 0
302014, 244161970, 0, 0
303002, 225403983, 0, 0
304014, 224051316, 0, 0
305025, 228975294, 0, 0
306047, 192740195, 0, 0
307038, 240610838, 0, 0
308031, 211738797, 0, 0
309001, 194839406, 0, 0
310006, 207161716, 0, 0
311018, 214752748, 0, 0
312014, 204660789, 0, 0
313015, 224272850, 0, 0
314050, 193938848, 0, 0
315038, 205669733, 0, 0
316019, 212717280, 0, 0
317044, 209543875, 0, 0
318023, 206198299, 0, 0
319006, 184716303, 0, 0
320045, 184467742, 0, 0
321029, 186640784, 0, 0
322028, 187157627, 0, 0
323041, 191597224, 0, 0
324024, 190631619, 0, 0
325002, 210613398, 0, 0
326044, 186882763, 0, 0
327032, 208967513, 0, 0
328000, 169756955, 0, 0
329010, 192773541, 0, 0
330006, 214042550, 0, 0
331030, 218436724, 0, 0
332023, 179533658, 0, 0
333039, 191924270, 0, 0
334014, 202913120, 0, 0
335047, 184957740, 0, 0
336044, 191110449, 0, 0
337026, 182995355, 0, 0
338021, 186761712, 0, 0
339012, 176767868, 0, 0
340042, 159449385, 0, 0
341043, 200120542, 0, 0
342030, 187695736, 0, 0
343011, 158796466, 0, 0
344035, 168830195, 0, 0
345017, 174789037, 0, 0
346016, 174400663, 0, 0
347011, 167762398, 0, 0
348032, 180891777, 0, 0
349050, 204390423, 0, 0
350046, 173595950, 0, 0
351030, 151659890, 0, 0
352031, 174335524, 0, 0
353051, 166835840, 0, 0
354020, 165412025, 0, 0
355012, 175445221, 0, 0
356048, 184791567, 0, 0
357035, 164190622, 0, 0
358016, 178183414, 0, 0
359051, 158763049, 0, 0
360041, 161822480, 0, 0
361003, 167279648, 0, 0
362011, 168902572, 0, 0
363029, 175418683, 0, 0
364025, 186109313, 0, 0
365006, 169528931, 0, 0
366000, 178993456, 0, 0
367024, 154323041, 0, 0
368023, 179658433, 0, 0
369026, 169175075, 0, 0
370003, 167879043, 0, 0
371033, 169424935, 0, 0
372045, 146521482, 0, 0
373041, 158247724, 0, 0
374027, 141228566, 0, 0
375056, 130092372, 0, 0
376047, 172159080, 0, 0
377029, 146965499, 0, 0
378037, 149465681, 0, 0
379007, 138131633, 0, 0
380005, 169085949, 0, 0
381039, 141624945, 0, 0
382013, 161917002, 0, 0
383036, 163948549, 0, 0
384013, 162878389, 0, 0
385039, 149500036, 0, 0
386004, 144471858, 0, 0
387016, 146508615, 0, 0
388000, 155880479, 0, 0
389023, 132656907, 0, 0
390001, 125899735, 0, 0
391014, 141445529, 0, 0
392036, 139145643, 0, 0
393008, 145311208, 0, 0
394001, 145947772, 0, 0
395031, 139175862, 0, 0
396047, 127627189, 0, 0
397054, 129772601, 0, 0
398039, 122992845, 0, 0
399049, 139686959, 0, 0
400045, 145488819, 0, 0
401044, 140972394, 0, 0
402016, 114857409, 0, 0
403011, 135898411, 0, 0
404052, 138584146, 0, 0
405009, 140866067, 0, 0
406031, 142185798, 0, 0
407026, 140823476, 0, 0
408042, 130019088, 0, 0
409036, 128874433, 0, 0
410023, 158442268, 0, 0
411003, 113745968, 0, 0
412039, 108709479, 0, 0
413017, 134462607, 0, 0
414014, 121688791, 0, 0
415012, 123522328, 0, 0
416014, 132316786, 0, 0
417051, 126579365, 0, 0
418003, 127938553, 0, 0
419033, 135252750, 0, 0
420027, 135511603, 0, 0
421044, 117161278, 0, 0
422051, 114186351, 0, 0
423005, 102180387, 0, 0
424010, 120373944, 0, 0
425027, 120834314, 0, 0
426005, 118575641, 0, 0
427048, 118470961, 0, 0
428021, 119349576, 0, 0
429036, 118414458, 0, 0
430008, 123042895, 0, 0
431046, 111533434, 0, 0
432024, 100132687, 0, 0
433034, 118696923, 0, 0
434039, 107520331, 0, 0
435045, 96023104, 0, 0
436004, 111275311, 0, 0
437000, 111204911, 0, 0
438028, 98264726, 0, 0
439030, 116689360, 0, 0
440043, 101034835, 0, 0
441065, 108178747, 0, 0
442016, 100328471, 0, 0
443004, 101251824, 0, 0
444003, 86400496, 0, 0
445000, 113941444, 0, 0
446022, 109454125, 0, 0
447019, 119113848, 0, 0
448018, 115070964, 0, 0
449001, 101869519, 0, 0
450020, 101968287, 0, 0
451055, 88888983, 0, 0
452049, 99004873, 0, 0
453006, 86570726, 0, 0
454034, 89273880, 0, 0
455034, 104678154, 0, 0
456005, 101532692, 0, 0
457012, 98412437, 0, 0
458013, 95977096, 0, 0
459010, 101797212, 0, 0
460048, 89558610, 0, 0
461014, 94854918, 0, 0
462013, 89300865, 0, 0
463023, 86157009, 0, 0
464044, 79814641, 0, 0
465008, 71289303, 0, 0
466028, 88852771, 0, 0
467031, 80909180, 0, 0
468037, 90617968, 0, 0
469033, 81939918, 0, 0
470000, 81233780, 0, 0
471009, 72669829, 0, 0
472033, 75876394, 0, 0
473025, 79820975, 0, 0
474034, 86839922, 0, 0
475022, 77587403, 0, 0
476042, 69589173, 0, 0
477026, 89621150, 0, 0
478016, 68980356, 0, 0
479009, 74410549, 0, 0
480001, 65047384, 0, 0
481022, 66665837, 0, 0
482044, 76003164, 0, 0
483022, 72074085, 0, 0
484032, 68686651, 0, 0
485045, 62753749, 0, 0
486023, 72803726, 0, 0
487015, 60080432, 0, 0
488005, 77377727, 0, 0
489018, 58417746, 0, 0
490043, 68295436, 0, 0
491027, 64265186, 0, 0
492037, 58918664, 0, 0
493000, 69783705, 0, 0
494024, 61993783, 0, 0
495059, 50998047, 0, 0
496032, 70151955, 0, 0
497056, 55648182, 0, 0
498024, 57403621, 0, 0
499005, 59788418, 0, 0
500063, 53334073, 0, 0
501004, 56979637, 0, 0
502031, 53568846, 0, 0
503036, 58238221, 0, 0
504046, 69216738, 0, 0
505011, 58337385, 0, 0
506000, 65662697, 0, 0
507039, 60739100, 0, 0
508000, 58736282, 0, 0
509036, 45904641, 0, 0
510009, 51931312, 0, 0
511004, 52039319, 0, 0
512031, 47448353, 0, 0
513009, 47125950, 0, 0
514015, 40052057, 0, 0
515042, 58476403, 0, 0
516033, 54589714, 0, 0
517039, 48988183, 0, 0
518020, 42877586, 0, 0
519054, 47704170, 0, 0
520012, 49680461, 0, 0
521054, 43721912, 0, 0
522016, 41398057, 0, 0
523023, 40434935, 0, 0
524020, 44076764, 0, 0
525029, 33168054, 0, 0
526020, 39929105, 0, 0
527059, 34975933, 0, 0
528040, 32285208, 0, 0
529023, 34399783, 0, 0
530045, 43651620, 0, 0
531006, 34250520, 0, 0
532014, 34040993, 0, 0
533018, 36462207, 0, 0
534000, 39308253, 0, 0
535036, 29080307, 0, 0
536004, 32376960, 0, 0
537030, 33512453, 0, 0
538012, 29882314, 0, 0
539052, 40202437, 0, 0
540014, 27990924, 0, 0
541030, 30512757, 0, 0
542000, 27792904, 0, 0
543015, 34341120, 0, 0
544015, 29149447, 0, 0
545021, 30603006, 0, 0
546046, 26966205, 0, 0
547000, 30503498, 0, 0
548019, 20400319, 0, 0
549037, 21177590, 0, 0
550045, 20736614, 0, 0
551028, 20332005, 0, 0
552026, 24657502, 0, 0
553037, 20580610, 0, 0
554033, 18936870, 0, 0
555000, 22852770, 0, 0
556060, 22978322, 0, 0
557031, 14893528, 0, 0
558032, 13039785, 0, 0
559000, 14892260, 0, 0
560041, 13998577, 0, 0
561001, 12987844, 0, 0
562000, 13723911, 0, 0
563035, 11026121, 0, 0
564030, 11594725, 0, 0
565008, 9836472, 0, 0
566039, 8468135, 0, 0
567000, 7801248, 0, 0
568000, 13129178, 0, 0
569036, 9001044, 0, 0
570018, 9204978, 0, 0
571034, 6206486, 0, 0
572012, 5024609, 0, 0
573029, 4236093, 0, 0
574000, 3967827, 0, 0
575004, 2983092, 0, 0
576019, 3119419, 0, 0
577012, 1895136, 0, 0
578000, 1162114, 0, 0
579000, 886958, 0, 0
580000, 892964, 0, 0
581000, 852012, 0, 0
582000, 839412, 0, 0
583000, 873052, 0, 0
584000, 1029303, 0, 0
585000, 1288940, 0, 0
586000, 1293509, 0, 0
587000, 1295210, 0, 0
588000, 1285223, 0, 0
589000, 1288024, 0, 0
590000, 1288143, 0, 0
591000, 1278765, 0, 0
592000, 1278361, 0, 0
593000, 1283391, 0, 0
594000, 1277856, 0, 0
595000, 1283387, 0, 0
596000, 1282057, 0, 0
597000, 1277679, 0, 0
598000, 1282288, 0, 0
599000, 1280972, 0, 0
600000, 1281434, 0, 0
600001, 2238130, 0, 0
