1049, 6509700, 0, 0
2042, 6889459, 0, 0
3044, 7306530, 0, 0
4000, 6970216, 0, 0
5038, 7056301, 0, 0
6049, 7015358, 0, 0
7043, 6807797, 0, 0
8034, 6827678, 0, 0
9044, 7002180, 0, 0
10026, 6770191, 0, 0
11057, 6689376, 0, 0
12050, 6655095, 0, 0
13032, 6724343, 0, 0
14018, 6883898, 0, 0
15019, 6804925, 0, 0
16008, 6720906, 0, 0
17047, 6919267, 0, 0
18012, 6512384, 0, 0
19043, 6604172, 0, 0
20011, 6363939, 0, 0
21026, 6761046, 0, 0
22014, 6667153, 0, 0
23001, 6755470, 0, 0
24038, 6642041, 0, 0
25043, 6352795, 0, 0
26022, 6564073, 0, 0
27029, 6615839, 0, 0
28010, 6901176, 0, 0
29027, 6517789, 0, 0
30010, 6457408, 0, 0
31005, 6456053, 0, 0
32009, 6687111, 0, 0
33035, 6365556, 0, 0
34000, 6346186, 0, 0
35004, 6597056, 0, 0
36017, 6206661, 0, 0
37040, 6681280, 0, 0
38038, 5970134, 0, 0
39051, 6022316, 0, 0
40022, 6379709, 0, 0
41057, 6464484, 0, 0
42035, 6599018, 0, 0
43025, 6344563, 0, 0
44037, 6694612, 0, 0
45012, 6324195, 0, 0
46029, 6598073, 0, 0
47023, 6281811, 0, 0
48040, 6555444, 0, 0
49014, 6161325, 0, 0
50051, 6276500, 0, 0
51024, 6190603, 0, 0
52039, 6376019, 0, 0
53042, 6590401, 0, 0
54014, 5958317, 0, 0
55049, 6230472, 0, 0
56048, 6278292, 0, 0
57055, 6166269, 0, 0
58009, 6396419, 0, 0
59037, 6080740, 0, 0
60022, 6349440, 0, 0
61043, 6493564, 0, 0
62037, 6126509, 0, 0
63017, 6121602, 0, 0
64038, 6294899, 0, 0
65034, 6143639, 0, 0
66033, 6353150, 0, 0
67043, 6267638, 0, 0
68044, 6581414, 0, 0
69031, 6618817, 0, 0
70025, 5946346, 0, 0
71013, 6054069, 0, 0
72011, 6188483, 0, 0
73040, 5840969, 0, 0
74016, 5843456, 0, 0
75008, 6000492, 0, 0
76043, 6011238, 0, 0
77013, 6135140, 0, 0
78009, 5787758, 0, 0
79011, 5781954, 0, 0
80048, 5602363, 0, 0
81014, 5707257, 0, 0
82054, 6109851, 0, 0
83036, 6174167, 0, 0
84016, 6395318, 0, 0
85001, 5966857, 0, 0
86002, 6093546, 0, 0
87045, 6132025, 0, 0
88039, 6125247, 0, 0
89024, 5929621, 0, 0
90009, 5925844, 0, 0
91000, 6072271, 0, 0
92049, 5919987, 0, 0
93023, 5760512, 0, 0
94047, 6051827, 0, 0
95028, 5867689, 0, 0
96031, 5445930, 0, 0
97003, 5955490, 0, 0
98053, 5638006, 0, 0
99016, 5900969, 0, 0
100000, 6107633, 0, 0
101007, 5555148, 0, 0
102011, 6156213, 0, 0
103002, 6000894, 0, 0
104039, 5254460, 0, 0
105028, 6022615, 0, 0
106030, 5440766, 0, 0
107028, 5571180, 0, 0
108057, 6046816, 0, 0
109036, 5369776, 0, 0
110001, 5210003, 0, 0
111000, 5733739, 0, 0
112031, 5599207, 0, 0
113002, 6021645, 0, 0
114004, 5691560, 0, 0
115011, 5747031, 0, 0
116044, 5543604, 0, 0
117009, 5326525, 0, 0
118003, 5579079, 0, 0
119008, 5641146, 0, 0
120031, 5105024, 0, 0
121013, 5333491, 0, 0
122007, 5803675, 0, 0
123052, 5275663, 0, 0
124031, 5492819, 0, 0
125012, 5501998, 0, 0
126040, 5347698, 0, 0
127024, 5524316, 0, 0
128038, 5719632, 0, 0
129001, 5532240, 0, 0
130045, 5264815, 0, 0
131040, 5315015, 0, 0
132037, 5266333, 0, 0
133010, 5171208, 0, 0
134022, 5209731, 0, 0
135023, 5522593, 0, 0
136031, 5592305, 0, 0
137025, 5016770, 0, 0
138029, 5169853, 0, 0
139000, 5158655, 0, 0
140019, 5381813, 0, 0
141002, 5169498, 0, 0
142006, 5248381, 0, 0
143004, 5191798, 0, 0
144042, 5857164, 0, 0
145034, 4931540, 0, 0
146020, 5209302, 0, 0
147055, 5278651, 0, 0
148026, 5358629, 0, 0
149048, 5637017, 0, 0
150021, 4984203, 0, 0
151022, 5552590, 0, 0
152054, 5262224, 0, 0
153003, 5147564, 0, 0
154016, 4867209, 0, 0
155027, 5175522, 0, 0
156043, 4973249, 0, 0
157054, 5262104, 0, 0
158030, 4684235, 0, 0
159044, 4942590, 0, 0
160024, 4703434, 0, 0
161019, 4869073, 0, 0
162005, 5242723, 0, 0
163037, 4930645, 0, 0
164044, 5055323, 0, 0
165006, 5364995, 0, 0
166026, 4509194, 0, 0
167023, 5052912, 0, 0
168025, 5030647, 0, 0
169037, 4929796, 0, 0
170041, 5116295, 0, 0
171032, 5526211, 0, 0
172014, 5452406, 0, 0
173036, 5078642, 0, 0
174052, 4971493, 0, 0
175023, 4874326, 0, 0
176008, 4594957, 0, 0
177041, 4735244, 0, 0
178036, 4797865, 0, 0
179052, 5076803, 0, 0
180042, 5094009, 0, 0
181001, 4674962, 0, 0
182007, 4758313, 0, 0
183007, 4521263, 0, 0
184023, 4719779, 0, 0
185050, 4616459, 0, 0
186007, 4424444, 0, 0
187025, 4750684, 0, 0
188018, 4725641, 0, 0
189001, 4502961, 0, 0
190013, 4786457, 0, 0
191002, 4572240, 0, 0
192017, 4569147, 0, 0
193040, 4602208, 0, 0
194023, 4629272, 0, 0
195053, 4573338, 0, 0
196049, 4852831, 0, 0
197049, 4497546, 0, 0
198038, 4678971, 0, 0
199042, 4455123, 0, 0
200052, 4739328, 0, 0
201052, 4709334, 0, 0
202027, 4529461, 0, 0
203014, 4738273, 0, 0
204008, 4241559, 0, 0
205001, 4570023, 0, 0
206038, 4582149, 0, 0
207005, 4534714, 0, 0
208011, 4271462, 0, 0
209011, 4440544, 0, 0
210014, 4658836, 0, 0
211033, 4136230, 0, 0
212035, 4812043, 0, 0
213040, 4458486, 0, 0
214010, 4211913, 0, 0
215006, 4251557, 0, 0
216054, 4693572, 0, 0
217042, 4384580, 0, 0
218051, 4579418, 0, 0
219050, 4771655, 0, 0
220007, 4754449, 0, 0
221022, 4548111, 0, 0
222021, 4103731, 0, 0
223000, 4214629, 0, 0
224036, 4597917, 0, 0
225018, 4339663, 0, 0
226037, 4404389, 0, 0
227025, 4934360, 0, 0
228009, 4109540, 0, 0
229062, 4290350, 0, 0
230012, 3811809, 0, 0
231012, 4438012, 0, 0
232050, 3753402, 0, 0
233003, 4033696, 0, 0
234040, 4190868, 0, 0
235015, 3956294, 0, 0
236013, 3789847, 0, 0
237009, 4076040, 0, 0
238028, 4168559, 0, 0
239032, 3929081, 0, 0
240013, 4205918, 0, 0
241028, 4311682, 0, 0
242000, 4275051, 0, 0
243018, 4149779, 0, 0
244023, 4146106, 0, 0
245025, 4021170, 0, 0
246030, 4270626, 0, 0
247048, 4095300, 0, 0
248019, 3861969, 0, 0
249048, 5779155, 0, 0
250000, 4728090, 0, 0
251007, 3958797, 0, 0
252008, 3903977, 0, 0
253022, 4601012, 0, 0
254017, 3930165, 0, 0
255029, 3658987, 0, 0
256042, 4014292, 0, 0
257028, 3687371, 0, 0
258040, 3839641, 0, 0
259002, 4069401, 0, 0
260013, 4023357, 0, 0
261012, 3896092, 0, 0
262011, 3733995, 0, 0
263020, 3831802, 0, 0
264016, 3525926, 0, 0
265041, 3576892, 0, 0
266003, 3767256, 0, 0
267012, 3729765, 0, 0
268028, 3523543, 0, 0
269048, 3770433, 0, 0
270009, 3553212, 0, 0
271006, 3685975, 0, 0
272049, 3579520, 0, 0
273018, 3608614, 0, 0
274021, 3526367, 0, 0
275084, 4161456, 0, 0
276006, 3473730, 0, 0
277020, 3789732, 0, 0
278059, 3801792, 0, 0
279049, 4133509, 0, 0
280037, 3401341, 0, 0
281030, 3889551, 0, 0
282002, 3686808, 0, 0
283044, 4019878, 0, 0
284036, 3611340, 0, 0
285026, 3385907, 0, 0
286040, 3338820, 0, 0
287000, 3744496, 0, 0
288000, 3315276, 0, 0
289048, 3608591, 0, 0
290052, 3871878, 0, 0
291005, 3549767, 0, 0
292018, 3690931, 0, 0
293041, 3346281, 0, 0
294047, 4033758, 0, 0
295026, 3554453, 0, 0
296036, 3924321, 0, 0
297019, 3677050, 0, 0
298050, 3107787, 0, 0
299048, 3691622, 0, 0
300006, 3251446, 0, 0
301033, 3404002, 0, 0
302027, 3377433, 0, 0
303014, 3541798, 0, 0
304012, 3509349, 0, 0
305024, 2960424, 0, 0
306026, 3425658, 0, 0
307035, 3461504, 0, 0
308025, 3098781, 0, 0
309001, 2978423, 0, 0
310015, 3317109, 0, 0
311028, 2832836, 0, 0
312026, 3112855, 0, 0
313032, 3415997, 0, 0
314028, 3086134, 0, 0
315044, 3198825, 0, 0
316051, 3274654, 0, 0
317012, 3353228, 0, 0
318011, 2976942, 0, 0
319031, 3272551, 0, 0
320008, 3175163, 0, 0
321051, 2983163, 0, 0
322051, 3079085, 0, 0
323025, 3095448, 0, 0
324021, 3439504, 0, 0
325001, 3374347, 0, 0
326004, 2836534, 0, 0
327006, 3001697, 0, 0
328019, 2652026, 0, 0
329015, 2906404, 0, 0
330015, 2843314, 0, 0
331053, 2968728, 0, 0
332048, 2851476, 0, 0
333001, 3069013, 0, 0
334028, 3163914, 0, 0
335019, 3131283, 0, 0
336035, 2989314, 0, 0
337036, 2782241, 0, 0
338023, 2605449, 0, 0
339038, 3204839, 0, 0
340031, 2908307, 0, 0
341023, 2834519, 0, 0
342056, 3051609, 0, 0
343055, 3085047, 0, 0
344007, 2747716, 0, 0
345009, 2782826, 0, 0
346029, 2994350, 0, 0
347021, 2820139, 0, 0
348010, 2871277, 0, 0
349028, 2700915, 0, 0
350052, 2680727, 0, 0
351023, 3107872, 0, 0
352049, 2788311, 0, 0
353037, 2755314, 0, 0
354040, 2733538, 0, 0
355028, 2909666, 0, 0
356036, 2833736, 0, 0
357017, 2709572, 0, 0
358013, 2808372, 0, 0
359028, 2935604, 0, 0
360054, 2645890, 0, 0
361011, 2423489, 0, 0
362025, 2262988, 0, 0
363023, 2710931, 0, 0
364052, 2689265, 0, 0
365053, 2964687, 0, 0
366024, 2310500, 0, 0
367056, 2516942, 0, 0
368035, 2705882, 0, 0
369019, 2646836, 0, 0
370032, 2632119, 0, 0
371019, 2870185, 0, 0
372002, 2285757, 0, 0
373033, 2596405, 0, 0
374065, 2640914, 0, 0
375041, 3133130, 0, 0
376011, 2525390, 0, 0
377021, 2445723, 0, 0
378004, 2273993, 0, 0
379007, 2810428, 0, 0
380024, 2296751, 0, 0
381018, 2262960, 0, 0
382024, 2331904, 0, 0
383002, 2239045, 0, 0
384030, 2340717, 0, 0
385001, 2273951, 0, 0
386002, 2231847, 0, 0
387028, 2306193, 0, 0
388031, 2404906, 0, 0
389053, 2517770, 0, 0
390015, 2180363, 0, 0
391039, 2028891, 0, 0
392010, 2490104, 0, 0
393015, 2321336, 0, 0
394038, 1999716, 0, 0
395025, 2221787, 0, 0
396026, 2269791, 0, 0
397021, 2200776, 0, 0
398017, 2247005, 0, 0
399036, 2074548, 0, 0
400038, 2600797, 0, 0
401031, 1987832, 0, 0
402017, 2215622, 0, 0
403042, 2354853, 0, 0
404050, 2413191, 0, 0
405023, 2028590, 0, 0
406036, 2083478, 0, 0
407063, 2089931, 0, 0
408025, 2241607, 0, 0
409027, 2292923, 0, 0
410056, 2225596, 0, 0
411053, 1799659, 0, 0
412022, 2055867, 0, 0
413013, 1799574, 0, 0
414001, 2111151, 0, 0
415029, 2079167, 0, 0
416018, 1924787, 0, 0
417051, 2403039, 0, 0
418028, 1813448, 0, 0
419000, 2100942, 0, 0
420004, 1911824, 0, 0
421004, 2111731, 0, 0
422019, 2240776, 0, 0
423051, 1990252, 0, 0
424042, 1845594, 0, 0
425019, 1899802, 0, 0
426041, 1897217, 0, 0
427066, 1945012, 0, 0
428047, 1785392, 0, 0
429022, 1855030, 0, 0
430026, 1768072, 0, 0
431034, 2016584, 0, 0
432051, 1788821, 0, 0
433037, 2060186, 0, 0
434026, 1854243, 0, 0
435030, 1783416, 0, 0
436042, 1608138, 0, 0
437030, 1697825, 0, 0
438027, 1683815, 0, 0
439001, 1579405, 0, 0
440008, 1818798, 0, 0
441048, 1596510, 0, 0
442044, 2151476, 0, 0
443033, 1584342, 0, 0
444009, 1676345, 0, 0
445022, 1730838, 0, 0
446019, 1821275, 0, 0
447001, 1565104, 0, 0
448030, 1498568, 0, 0
449039, 1455437, 0, 0
450057, 1689056, 0, 0
451037, 1548672, 0, 0
452048, 1659709, 0, 0
453032, 1591396, 0, 0
454012, 1672439, 0, 0
455052, 1725014, 0, 0
456039, 1547477, 0, 0
457048, 1440299, 0, 0
458004, 1473065, 0, 0
459044, 1475832, 0, 0
460044, 1688445, 0, 0
461024, 1513725, 0, 0
462031, 1618517, 0, 0
463005, 1663751, 0, 0
464047, 1452832, 0, 0
465043, 1395342, 0, 0
466005, 1426132, 0, 0
467024, 1217987, 0, 0
468013, 1577007, 0, 0
469033, 1376653, 0, 0
470028, 1404585, 0, 0
471030, 1503240, 0, 0
472015, 1114416, 0, 0
473029, 1294169, 0, 0
474005, 1382699, 0, 0
475021, 1253521, 0, 0
476035, 1350201, 0, 0
477011, 1269646, 0, 0
478015, 1163969, 0, 0
479000, 1422002, 0, 0
480048, 1286215, 0, 0
481026, 1311318, 0, 0
482055, 1148305, 0, 0
483014, 1101523, 0, 0
484038, 1021907, 0, 0
485044, 1292539, 0, 0
486031, 981846, 0, 0
487015, 1206804, 0, 0
488035, 1220829, 0, 0
489014, 1140747, 0, 0
490015, 1189867, 0, 0
491006, 1275300, 0, 0
492012, 1149322, 0, 0
493000, 1187099, 0, 0
494042, 1102129, 0, 0
495014, 908540, 0, 0
496013, 1348805, 0, 0
497012, 1117588, 0, 0
498020, 901986, 0, 0
499032, 1078257, 0, 0
500015, 997728, 0, 0
501047, 890453, 0, 0
502051, 910640, 0, 0
503062, 1024593, 0, 0
504016, 805094, 0, 0
505006, 854341, 0, 0
506010, 979766, 0, 0
507038, 1025730, 0, 0
508004, 1092843, 0, 0
509039, 842116, 0, 0
510050, 940654, 0, 0
511042, 880975, 0, 0
512003, 835837, 0, 0
513057, 804544, 0, 0
514027, 1065832, 0, 0
515017, 984349, 0, 0
516005, 935895, 0, 0
517036, 729977, 0, 0
518002, 783959, 0, 0
519007, 815521, 0, 0
520045, 824608, 0, 0
521017, 714152, 0, 0
522016, 800655, 0, 0
523047, 851662, 0, 0
524044, 654873, 0, 0
525037, 678979, 0, 0
526035, 605096, 0, 0
527022, 818333, 0, 0
528006, 708445, 0, 0
529038, 702189, 0, 0
530001, 691232, 0, 0
531025, 689873, 0, 0
532002, 568847, 0, 0
533037, 515579, 0, 0
534044, 568776, 0, 0
535055, 584500, 0, 0
536044, 564499, 0, 0
537047, 522068, 0, 0
538036, 656460, 0, 0
539023, 485793, 0, 0
540001, 478067, 0, 0
541074, 500217, 0, 0
542013, 523648, 0, 0
543035, 528929, 0, 0
544068, 450477, 0, 0
545005, 541208, 0, 0
546037, 390018, 0, 0
547037, 440240, 0, 0
548087, 585145, 0, 0
549047, 447002, 0, 0
550057, 481050, 0, 0
551083, 530053, 0, 0
552012, 497935, 0, 0
553045, 426180, 0, 0
554000, 321507, 0, 0
555017, 306446, 0, 0
556053, 304315, 0, 0
557013, 293851, 0, 0
558019, 360214, 0, 0
559043, 339530, 0, 0
560001, 364143, 0, 0
561020, 284847, 0, 0
562000, 278416, 0, 0
563028, 203517, 0, 0
564018, 308862, 0, 0
565019, 276732, 0, 0
566016, 226509, 0, 0
567013, 203622, 0, 0
568004, 274553, 0, 0
569018, 221498, 0, 0
570007, 199026, 0, 0
571060, 202960, 0, 0
572032, 154822, 0, 0
573041, 113990, 0, 0
574051, 126760, 0, 0
575000, 143985, 0, 0
576021, 104261, 0, 0
577033, 96147, 0, 0
578047, 125945, 0, 0
579000, 68588, 0, 0
580031, 65952, 0, 0
581026, 55014, 0, 0
582000, 53928, 0, 0
583000, 38301, 0, 0
584000, 15958, 0, 0
585000, 8325, 0, 0
586000, 8234, 0, 0
587000, 8936, 0, 0
588000, 8461, 0, 0
589000, 8524, 0, 0
590000, 9213, 0, 0
591000, 8183, 0, 0
592000, 8638, 0, 0
593000, 8389, 0, 0
594000, 8270, 0, 0
595000, 8231, 0, 0
596000, 8230, 0, 0
597000, 8276, 0, 0
598000, 8273, 0, 0
599000, 8246, 0, 0
600000, 8274, 0, 0
