1023, 172554114, 0, 0
2013, 412279605, 0, 0
3018, 437726952, 0, 0
4012, 375945450, 0, 0
5008, 200392026, 0, 0
6056, 166869842, 0, 0
7012, 209819990, 0, 0
8004, 298151516, 0, 0
9058, 313003775, 0, 0
10005, 84474460, 0, 0
11053, 216676622, 0, 0
12032, 374965870, 0, 0
13038, 327383935, 0, 0
14034, 111119290, 0, 0
15042, 316228816, 0, 0
16040, 197219385, 0, 0
17028, 393741645, 0, 0
18008, 384799386, 0, 0
19022, 346445784, 0, 0
20026, 200128849, 0, 0
21000, 291352432, 0, 0
22055, 318816446, 0, 0
23005, 359725673, 0, 0
24000, 330036963, 0, 0
25038, 204596814, 0, 0
26033, 155673478, 0, 0
27054, 201277191, 0, 0
28049, 302879679, 0, 0
29031, 249836131, 0, 0
30000, 210931206, 0, 0
31038, 309721694, 0, 0
32028, 143947072, 0, 0
33015, 403155390, 0, 0
34025, 414758301, 0, 0
35034, 221515869, 0, 0
36021, 269739676, 0, 0
37012, 319187616, 0, 0
38019, 359494838, 0, 0
39044, 211290815, 0, 0
40048, 390654149, 0, 0
41024, 416673334, 0, 0
42037, 357354700, 0, 0
43051, 295493730, 0, 0
44016, 155258446, 0, 0
45060, 107461650, 0, 0
46038, 405335256, 0, 0
47059, 413176226, 0, 0
48031, 289240657, 0, 0
49056, 162195573, 0, 0
50033, 154585215, 0, 0
51006, 203130039, 0, 0
52058, 162276492, 0, 0
53008, 241995032, 0, 0
54016, 226991662, 0, 0
55005, 307575970, 0, 0
56010, 226299532, 0, 0
57006, 272014682, 0, 0
58057, 278569412, 0, 0
59048, 205243201, 0, 0
60000, 299656746, 0, 0
61013, 365996666, 0, 0
62027, 114240366, 0, 0
63056, 204148771, 0, 0
64047, 336560034, 0, 0
65006, 324499951, 0, 0
66008, 227205698, 0, 0
67043, 288155493, 0, 0
68027, 334067931, 0, 0
69052, 343245924, 0, 0
70044, 242040701, 0, 0
71016, 236027202, 0, 0
72012, 269152711, 0, 0
73030, 200450925, 0, 0
74028, 353054940, 0, 0
75031, 342151029, 0, 0
76021, 95702103, 0, 0
77040, 330077145, 0, 0
78050, 346590671, 0, 0
79038, 308133915, 0, 0
80008, 330609786, 0, 0
81007, 326375484, 0, 0
82031, 287515834, 0, 0
83040, 443920879, 0, 0
84050, 423532588, 0, 0
85005, 347147694, 0, 0
86006, 318345124, 0, 0
87041, 357408682, 0, 0
88032, 191006997, 0, 0
89021, 277503394, 0, 0
90048, 286066326, 0, 0
91004, 302795956, 0, 0
92033, 313823511, 0, 0
93022, 190018434, 0, 0
94026, 280959547, 0, 0
95032, 320992539, 0, 0
96026, 338637393, 0, 0
97042, 194895915, 0, 0
98041, 197145797, 0, 0
99009, 288814753, 0, 0
100025, 311754449, 0, 0
101010, 420503017, 0, 0
102055, 393549037, 0, 0
103027, 294271953, 0, 0
104060, 164362910, 0, 0
105000, 373915357, 0, 0
106035, 345958826, 0, 0
107051, 299009195, 0, 0
108026, 426789834, 0, 0
109024, 393139796, 0, 0
110040, 207594700, 0, 0
111052, 98610545, 0, 0
112053, 223615708, 0, 0
113048, 325167721, 0, 0
114029, 270653141, 0, 0
115000, 384867080, 0, 0
116046, 288391801, 0, 0
117019, 289692404, 0, 0
118031, 339887120, 0, 0
119045, 352599323, 0, 0
120037, 430910303, 0, 0
121009, 319670013, 0, 0
122035, 390943848, 0, 0
123055, 194154992, 0, 0
124014, 365643894, 0, 0
125004, 140033138, 0, 0
126028, 272495390, 0, 0
127054, 312925985, 0, 0
128070, 279469626, 0, 0
129055, 352356746, 0, 0
130012, 305036449, 0, 0
131007, 273622488, 0, 0
132003, 339728313, 0, 0
133015, 316131879, 0, 0
134049, 382022196, 0, 0
135017, 187355542, 0, 0
136020, 322343642, 0, 0
137014, 358971883, 0, 0
138003, 257396033, 0, 0
139020, 297274297, 0, 0
140047, 399014745, 0, 0
141055, 129069989, 0, 0
142028, 285694856, 0, 0
143050, 288105516, 0, 0
144050, 405340872, 0, 0
145011, 152319344, 0, 0
146055, 110997007, 0, 0
147006, 408600017, 0, 0
148052, 363501339, 0, 0
149027, 269570213, 0, 0
150058, 145241228, 0, 0
151030, 247211145, 0, 0
152048, 315347437, 0, 0
153050, 370797568, 0, 0
154064, 192676842, 0, 0
155008, 349111046, 0, 0
156058, 260903549, 0, 0
157059, 187927347, 0, 0
158012, 255027833, 0, 0
159046, 160367402, 0, 0
160002, 348340083, 0, 0
161045, 358953272, 0, 0
162050, 414921394, 0, 0
163030, 269318965, 0, 0
164031, 281290198, 0, 0
165037, 307078017, 0, 0
166053, 248388951, 0, 0
167036, 277301782, 0, 0
168043, 331454747, 0, 0
169035, 286441233, 0, 0
170000, 376922671, 0, 0
171016, 240125721, 0, 0
172040, 251130459, 0, 0
173022, 308171440, 0, 0
174017, 287521278, 0, 0
175006, 327060586, 0, 0
176046, 343411974, 0, 0
177048, 387078367, 0, 0
178052, 369430964, 0, 0
179056, 405000385, 0, 0
180055, 336000994, 0, 0
181055, 306491159, 0, 0
182006, 356774355, 0, 0
183035, 271197245, 0, 0
184044, 320033969, 0, 0
185053, 355864041, 0, 0
186057, 373036076, 0, 0
187036, 347188348, 0, 0
188007, 292440765, 0, 0
189017, 282754839, 0, 0
190015, 365193617, 0, 0
191048, 360649328, 0, 0
192019, 328674219, 0, 0
193001, 302209196, 0, 0
194057, 360184152, 0, 0
195038, 381317887, 0, 0
196040, 320866596, 0, 0
197031, 318580017, 0, 0
198042, 303693770, 0, 0
199032, 276481328, 0, 0
200048, 343385805, 0, 0
201069, 380319154, 0, 0
202003, 355723938, 0, 0
203017, 392718939, 0, 0
204029, 367316580, 0, 0
205033, 284227570, 0, 0
206053, 311560776, 0, 0
207051, 346587390, 0, 0
208009, 287246772, 0, 0
209045, 262144692, 0, 0
210054, 299820108, 0, 0
211019, 315916733, 0, 0
212052, 344008200, 0, 0
213068, 362258248, 0, 0
214003, 357860736, 0, 0
215000, 301585959, 0, 0
216051, 263821396, 0, 0
217065, 298086615, 0, 0
218053, 314162253, 0, 0
219056, 306422683, 0, 0
220011, 249208165, 0, 0
221011, 289108636, 0, 0
222033, 370634988, 0, 0
223012, 306015423, 0, 0
224026, 275904246, 0, 0
225001, 251970428, 0, 0
226009, 290704884, 0, 0
227027, 325720452, 0, 0
228023, 245063702, 0, 0
229020, 381664334, 0, 0
230005, 297292329, 0, 0
231054, 345092573, 0, 0
232008, 326284896, 0, 0
233013, 249573084, 0, 0
234014, 287618369, 0, 0
235063, 361125792, 0, 0
236034, 349668951, 0, 0
237012, 268987997, 0, 0
238033, 255201677, 0, 0
239061, 332154523, 0, 0
240038, 287242149, 0, 0
241032, 293204899, 0, 0
242051, 266198669, 0, 0
243071, 316101930, 0, 0
244024, 285643181, 0, 0
245038, 342664572, 0, 0
246027, 353899784, 0, 0
247023, 309109382, 0, 0
248030, 271671749, 0, 0
249044, 233631258, 0, 0
250031, 324396951, 0, 0
251016, 290975274, 0, 0
252002, 273020439, 0, 0
253030, 271470401, 0, 0
254063, 233115999, 0, 0
255018, 360226235, 0, 0
256032, 359754562, 0, 0
257042, 365719170, 0, 0
258019, 345086445, 0, 0
259008, 348424642, 0, 0
260017, 297921495, 0, 0
261018, 339323274, 0, 0
262034, 302136007, 0, 0
263028, 379267990, 0, 0
264029, 351910650, 0, 0
265020, 321762535, 0, 0
266058, 273025490, 0, 0
267003, 290086382, 0, 0
268000, 319956017, 0, 0
269040, 295489667, 0, 0
270007, 323480535, 0, 0
271065, 319187066, 0, 0
272058, 276195882, 0, 0
273015, 354136762, 0, 0
274037, 270020571, 0, 0
275057, 228505426, 0, 0
276057, 318229406, 0, 0
277036, 326376695, 0, 0
278001, 288949178, 0, 0
279007, 334996321, 0, 0
280056, 333507786, 0, 0
281051, 329739317, 0, 0
282038, 274079463, 0, 0
283050, 264535125, 0, 0
284009, 291027412, 0, 0
285040, 277741738, 0, 0
286039, 302279639, 0, 0
287001, 331289236, 0, 0
288064, 274134399, 0, 0
289021, 248696351, 0, 0
290050, 262820649, 0, 0
291027, 254849202, 0, 0
292015, 262268052, 0, 0
293048, 290681060, 0, 0
294054, 300946601, 0, 0
295045, 262713399, 0, 0
296010, 236639282, 0, 0
297057, 281902352, 0, 0
298021, 307555733, 0, 0
299050, 259713361, 0, 0
300010, 235501652, 0, 0
301010, 285568010, 0, 0
302027, 303320307, 0, 0
303053, 285121490, 0, 0
304029, 279315495, 0, 0
305043, 268511694, 0, 0
306022, 248516301, 0, 0
307026, 282942284, 0, 0
308006, 252505748, 0, 0
309049, 322544149, 0, 0
310000, 330042282, 0, 0
311052, 259839012, 0, 0
312032, 246309148, 0, 0
313005, 286547077, 0, 0
314015, 314651094, 0, 0
315014, 281828504, 0, 0
316046, 283794043, 0, 0
317015, 349381176, 0, 0
318017, 328678707, 0, 0
319045, 261907979, 0, 0
320038, 288826366, 0, 0
321035, 276792334, 0, 0
322016, 295565288, 0, 0
323029, 296167228, 0, 0
324020, 295045963, 0, 0
325035, 297567362, 0, 0
326023, 282786488, 0, 0
327028, 286006190, 0, 0
328026, 324731137, 0, 0
329004, 300119110, 0, 0
330008, 335379337, 0, 0
331057, 318646014, 0, 0
332013, 291739912, 0, 0
333022, 305486619, 0, 0
334029, 279904056, 0, 0
335020, 276495839, 0, 0
336054, 293701953, 0, 0
337045, 278684599, 0, 0
338000, 308891352, 0, 0
339026, 307365487, 0, 0
340002, 315574108, 0, 0
341004, 289393440, 0, 0
342038, 310541150, 0, 0
343043, 282712180, 0, 0
344007, 236693000, 0, 0
345004, 275333733, 0, 0
346007, 286701421, 0, 0
347040, 300342876, 0, 0
348012, 301219674, 0, 0
349034, 315896704, 0, 0
350021, 331965216, 0, 0
351004, 283342374, 0, 0
352006, 302040267, 0, 0
353055, 262364464, 0, 0
354024, 256952855, 0, 0
355040, 266925394, 0, 0
356022, 312580441, 0, 0
357060, 287314997, 0, 0
358048, 253622615, 0, 0
359005, 294252605, 0, 0
360019, 254480429, 0, 0
361017, 253161705, 0, 0
362042, 303912707, 0, 0
363051, 274415104, 0, 0
364055, 290641061, 0, 0
365001, 295289810, 0, 0
366013, 248276456, 0, 0
367008, 262226299, 0, 0
368054, 284312920, 0, 0
369033, 281980565, 0, 0
370019, 281352576, 0, 0
371035, 304340345, 0, 0
372049, 249452282, 0, 0
373028, 266488492, 0, 0
374065, 319731707, 0, 0
375005, 314526384, 0, 0
376068, 288887999, 0, 0
377017, 282419889, 0, 0
378007, 270775301, 0, 0
379022, 256002998, 0, 0
380032, 296573656, 0, 0
381028, 259192445, 0, 0
382038, 271336018, 0, 0
383020, 280283805, 0, 0
384034, 276024093, 0, 0
385060, 308365558, 0, 0
386029, 235409775, 0, 0
387030, 285585877, 0, 0
388044, 311330075, 0, 0
389021, 287112253, 0, 0
390005, 277656574, 0, 0
391017, 286910698, 0, 0
392000, 317942476, 0, 0
393039, 292962397, 0, 0
394049, 287268305, 0, 0
395025, 295967165, 0, 0
396000, 271306608, 0, 0
397024, 281032226, 0, 0
398040, 298284646, 0, 0
399031, 278109443, 0, 0
400014, 243188431, 0, 0
401013, 255688907, 0, 0
402043, 289939579, 0, 0
403059, 295966117, 0, 0
404041, 253538356, 0, 0
405038, 258689363, 0, 0
406049, 295920578, 0, 0
407048, 279334527, 0, 0
408026, 308040700, 0, 0
409005, 277655684, 0, 0
410056, 303832936, 0, 0
411014, 308869886, 0, 0
412027, 298872475, 0, 0
413066, 265963868, 0, 0
414052, 294515596, 0, 0
415010, 289210305, 0, 0
416011, 252402193, 0, 0
417002, 266140263, 0, 0
418032, 293070049, 0, 0
419026, 300910110, 0, 0
420036, 243159839, 0, 0
421009, 254988412, 0, 0
422004, 303039998, 0, 0
423025, 296784273, 0, 0
424010, 296817755, 0, 0
425002, 235719313, 0, 0
426043, 264306479, 0, 0
427044, 239569460, 0, 0
428040, 299726022, 0, 0
429037, 293766268, 0, 0
430006, 293358777, 0, 0
431008, 307598217, 0, 0
432011, 278018196, 0, 0
433012, 283176358, 0, 0
434017, 267788935, 0, 0
435012, 316618751, 0, 0
436045, 253630704, 0, 0
437002, 254948689, 0, 0
438027, 257675481, 0, 0
439029, 276771732, 0, 0
440012, 273304942, 0, 0
441013, 267520161, 0, 0
442063, 307479936, 0, 0
443039, 290457085, 0, 0
444025, 304663069, 0, 0
445002, 293560828, 0, 0
446039, 256330627, 0, 0
447014, 295484548, 0, 0
448005, 267397092, 0, 0
449039, 280512124, 0, 0
450026, 250262872, 0, 0
451054, 285130410, 0, 0
452031, 284758749, 0, 0
453016, 265592144, 0, 0
454048, 325810930, 0, 0
455058, 265605851, 0, 0
456041, 260977639, 0, 0
457057, 289738602, 0, 0
458018, 283433417, 0, 0
459056, 270166066, 0, 0
460039, 262745919, 0, 0
461008, 283689695, 0, 0
462049, 314520848, 0, 0
463018, 268542243, 0, 0
464042, 282111523, 0, 0
465037, 292203627, 0, 0
466020, 264445405, 0, 0
467001, 296745382, 0, 0
468040, 284054025, 0, 0
469028, 280764846, 0, 0
470044, 271934818, 0, 0
471019, 298781526, 0, 0
472002, 277521275, 0, 0
473029, 275566750, 0, 0
474043, 262466683, 0, 0
475024, 251590913, 0, 0
476002, 249543065, 0, 0
477050, 269396776, 0, 0
478000, 283171944, 0, 0
479043, 299026347, 0, 0
480015, 259201566, 0, 0
481049, 278197122, 0, 0
482032, 260037546, 0, 0
483069, 308983941, 0, 0
484021, 314127156, 0, 0
485030, 257301918, 0, 0
486012, 299355783, 0, 0
487017, 264357739, 0, 0
488048, 278378085, 0, 0
489016, 279017191, 0, 0
490013, 288839016, 0, 0
491051, 295354442, 0, 0
492019, 249191216, 0, 0
493005, 277379426, 0, 0
494007, 291648237, 0, 0
495013, 287033769, 0, 0
496032, 259895426, 0, 0
497035, 266651356, 0, 0
498009, 266211050, 0, 0
499015, 286566233, 0, 0
500023, 263071420, 0, 0
501058, 248652790, 0, 0
502006, 290817894, 0, 0
503058, 283796495, 0, 0
504051, 268706903, 0, 0
505038, 284609497, 0, 0
506005, 248211573, 0, 0
507043, 241060392, 0, 0
508037, 260759012, 0, 0
509004, 260058572, 0, 0
510023, 289997419, 0, 0
511120, 304435949, 0, 0
512010, 313763169, 0, 0
513021, 291265375, 0, 0
514019, 299355385, 0, 0
515031, 250197459, 0, 0
516058, 299841021, 0, 0
517037, 288972214, 0, 0
518002, 290289336, 0, 0
519055, 297130570, 0, 0
520043, 301783405, 0, 0
521042, 284136298, 0, 0
522035, 261432913, 0, 0
523057, 254483400, 0, 0
524060, 264564174, 0, 0
525057, 233963545, 0, 0
526032, 265189600, 0, 0
527052, 274428352, 0, 0
528023, 276513188, 0, 0
529061, 261349715, 0, 0
530055, 272707058, 0, 0
531039, 271991102, 0, 0
532029, 281491492, 0, 0
533031, 277694953, 0, 0
534022, 266902903, 0, 0
535022, 265194797, 0, 0
536001, 281229045, 0, 0
537056, 261523059, 0, 0
538046, 231843334, 0, 0
539052, 276961799, 0, 0
540060, 272760115, 0, 0
541052, 281306605, 0, 0
542025, 258121567, 0, 0
543016, 257606316, 0, 0
544024, 275220315, 0, 0
545027, 291260895, 0, 0
546020, 287342596, 0, 0
547000, 272068215, 0, 0
548039, 271731384, 0, 0
549039, 279324160, 0, 0
550040, 257180127, 0, 0
551037, 295984819, 0, 0
552034, 298681367, 0, 0
553028, 263024933, 0, 0
554003, 258838254, 0, 0
555008, 258391155, 0, 0
556033, 267025515, 0, 0
557024, 239865425, 0, 0
558046, 278468972, 0, 0
559026, 271533782, 0, 0
560003, 246935842, 0, 0
561009, 282428180, 0, 0
562046, 267315782, 0, 0
563056, 271072153, 0, 0
564024, 285547718, 0, 0
565032, 253831141, 0, 0
566036, 254283732, 0, 0
567048, 271073297, 0, 0
568051, 276664797, 0, 0
569021, 245707874, 0, 0
570023, 258943262, 0, 0
571000, 268255169, 0, 0
572049, 240260023, 0, 0
573035, 254053574, 0, 0
574003, 317986608, 0, 0
575014, 295876913, 0, 0
576006, 297554610, 0, 0
577023, 254506856, 0, 0
578053, 242808330, 0, 0
579056, 286070951, 0, 0
580050, 250486166, 0, 0
581004, 229055668, 0, 0
582038, 283660186, 0, 0
583029, 275132685, 0, 0
584036, 276250132, 0, 0
585002, 252904573, 0, 0
586037, 262346266, 0, 0
587026, 256028331, 0, 0
588011, 262717913, 0, 0
589004, 272112881, 0, 0
590042, 298438968, 0, 0
591021, 258778430, 0, 0
592015, 302535921, 0, 0
593039, 278751648, 0, 0
594045, 286043867, 0, 0
595024, 293021566, 0, 0
596003, 258347578, 0, 0
597050, 260254666, 0, 0
598024, 254126517, 0, 0
599028, 272061338, 0, 0
600042, 289224969, 0, 0
601054, 250857580, 0, 0
602012, 281494441, 0, 0
603055, 286488579, 0, 0
604023, 274886421, 0, 0
605048, 235600520, 0, 0
606038, 264219524, 0, 0
607028, 279023762, 0, 0
608055, 261421199, 0, 0
609015, 280676135, 0, 0
610045, 248254149, 0, 0
611039, 242085489, 0, 0
612015, 290523690, 0, 0
613024, 259908528, 0, 0
614034, 258593164, 0, 0
615040, 284653349, 0, 0
616040, 264845877, 0, 0
617021, 284018886, 0, 0
618041, 285299419, 0, 0
619014, 222759521, 0, 0
620038, 256152091, 0, 0
621043, 239840400, 0, 0
622012, 252170234, 0, 0
623008, 283043911, 0, 0
624029, 289817537, 0, 0
625041, 301371955, 0, 0
626019, 220430040, 0, 0
627033, 244338526, 0, 0
628045, 262026704, 0, 0
629043, 292162688, 0, 0
630032, 267654245, 0, 0
631007, 257597290, 0, 0
632062, 278578842, 0, 0
633032, 237928960, 0, 0
634043, 296547541, 0, 0
635001, 292250405, 0, 0
636017, 261600612, 0, 0
637043, 249886099, 0, 0
638059, 260865158, 0, 0
639051, 294908557, 0, 0
640014, 245008760, 0, 0
641008, 252112699, 0, 0
642025, 280176381, 0, 0
643012, 269839486, 0, 0
644008, 283728121, 0, 0
645058, 275758712, 0, 0
646025, 259839765, 0, 0
647046, 249822067, 0, 0
648000, 234606901, 0, 0
649002, 247383546, 0, 0
650058, 265850425, 0, 0
651021, 242580041, 0, 0
652003, 253685273, 0, 0
653045, 247741461, 0, 0
654033, 250736662, 0, 0
655017, 272676442, 0, 0
656012, 292501972, 0, 0
657044, 301001713, 0, 0
658053, 286179011, 0, 0
659037, 280611467, 0, 0
660058, 240313723, 0, 0
661006, 247763689, 0, 0
662005, 261012307, 0, 0
663046, 267322229, 0, 0
664049, 277503606, 0, 0
665039, 282816954, 0, 0
666008, 248571935, 0, 0
667049, 271842774, 0, 0
668048, 271206776, 0, 0
669010, 259053720, 0, 0
670057, 265477817, 0, 0
671039, 297672503, 0, 0
672034, 242491812, 0, 0
673002, 270386045, 0, 0
674037, 276590333, 0, 0
675063, 238425745, 0, 0
676012, 260711727, 0, 0
677045, 259075267, 0, 0
678000, 273382083, 0, 0
679045, 253320047, 0, 0
680050, 284060197, 0, 0
681002, 271072343, 0, 0
682051, 286549552, 0, 0
683020, 292911413, 0, 0
684015, 233266360, 0, 0
685022, 258564515, 0, 0
686009, 264701049, 0, 0
687005, 263675219, 0, 0
688041, 254590484, 0, 0
689009, 270491967, 0, 0
690047, 246151013, 0, 0
691011, 317226116, 0, 0
692027, 319775952, 0, 0
693003, 257271274, 0, 0
694034, 264844660, 0, 0
695049, 305088680, 0, 0
696041, 252370160, 0, 0
697015, 277055881, 0, 0
698054, 261644500, 0, 0
699006, 279969875, 0, 0
700020, 269523654, 0, 0
701013, 247527905, 0, 0
702032, 249741822, 0, 0
703045, 271098311, 0, 0
704022, 241352721, 0, 0
705002, 261127741, 0, 0
706028, 264528844, 0, 0
707037, 272789745, 0, 0
708028, 294855158, 0, 0
709009, 262963170, 0, 0
710017, 270699480, 0, 0
711054, 275054692, 0, 0
712020, 276529907, 0, 0
713057, 299445548, 0, 0
714047, 248345510, 0, 0
715004, 294780243, 0, 0
716052, 234678511, 0, 0
717017, 273680901, 0, 0
718029, 272282622, 0, 0
719011, 245242569, 0, 0
720021, 277756449, 0, 0
721017, 250317113, 0, 0
722014, 277649646, 0, 0
723043, 282108498, 0, 0
724020, 255282976, 0, 0
725058, 254071391, 0, 0
726026, 265830036, 0, 0
727000, 250737544, 0, 0
728014, 288150509, 0, 0
729038, 287077950, 0, 0
730032, 282093114, 0, 0
731023, 283841724, 0, 0
732066, 275544734, 0, 0
733001, 266423694, 0, 0
734043, 253238390, 0, 0
735052, 238773164, 0, 0
736007, 252460665, 0, 0
737050, 242897445, 0, 0
738025, 243318846, 0, 0
739039, 236631865, 0, 0
740021, 251289369, 0, 0
741052, 248899922, 0, 0
742000, 239190358, 0, 0
743025, 236437603, 0, 0
744019, 272202944, 0, 0
745034, 282790635, 0, 0
746060, 261505465, 0, 0
747042, 270720035, 0, 0
748042, 246459662, 0, 0
749032, 234845522, 0, 0
750027, 250386881, 0, 0
751000, 245077833, 0, 0
752053, 230975041, 0, 0
753039, 265158859, 0, 0
754011, 265859705, 0, 0
755025, 251713548, 0, 0
756044, 253148965, 0, 0
757030, 264068967, 0, 0
758020, 246506622, 0, 0
759009, 266473329, 0, 0
760017, 264987731, 0, 0
761046, 279706980, 0, 0
762035, 286756195, 0, 0
763015, 279157486, 0, 0
764054, 264850091, 0, 0
765045, 245538717, 0, 0
766052, 261962478, 0, 0
767019, 260157505, 0, 0
768007, 262382790, 0, 0
769008, 312015142, 0, 0
770016, 279009895, 0, 0
771002, 261695458, 0, 0
772029, 274332772, 0, 0
773007, 261638573, 0, 0
774063, 274156835, 0, 0
775046, 270473692, 0, 0
776027, 281436446, 0, 0
777006, 274933782, 0, 0
778002, 264384371, 0, 0
779018, 243978455, 0, 0
780016, 266575219, 0, 0
781002, 272123629, 0, 0
782016, 264561903, 0, 0
783031, 260383319, 0, 0
784029, 236799939, 0, 0
785000, 274323933, 0, 0
786045, 257330262, 0, 0
787013, 261921977, 0, 0
788006, 241265502, 0, 0
789060, 240446906, 0, 0
790054, 293126656, 0, 0
791010, 231921605, 0, 0
792043, 242849828, 0, 0
793018, 252156536, 0, 0
794008, 236373879, 0, 0
795004, 275732196, 0, 0
796019, 268829221, 0, 0
797027, 257529837, 0, 0
798033, 283323919, 0, 0
799054, 286132838, 0, 0
800032, 266728470, 0, 0
801002, 262780182, 0, 0
802049, 265754354, 0, 0
803009, 251906295, 0, 0
804069, 242979485, 0, 0
805004, 262620234, 0, 0
806002, 275669402, 0, 0
807048, 312938388, 0, 0
808016, 254835636, 0, 0
809043, 249068271, 0, 0
810046, 267441388, 0, 0
811041, 278720391, 0, 0
812066, 251625490, 0, 0
813023, 240498809, 0, 0
814046, 257339356, 0, 0
815019, 259544008, 0, 0
816026, 265879646, 0, 0
817026, 280965372, 0, 0
818041, 278229160, 0, 0
819044, 274532718, 0, 0
820048, 274489392, 0, 0
821021, 250864270, 0, 0
822003, 269337011, 0, 0
823032, 292179927, 0, 0
824013, 263868139, 0, 0
825003, 314470033, 0, 0
826025, 258891089, 0, 0
827021, 238806998, 0, 0
828035, 232162793, 0, 0
829021, 241331718, 0, 0
830025, 269208366, 0, 0
831039, 264782477, 0, 0
832057, 265082633, 0, 0
833005, 268417497, 0, 0
834040, 263814080, 0, 0
835036, 262527025, 0, 0
836050, 276224744, 0, 0
837003, 273337883, 0, 0
838006, 250823081, 0, 0
839056, 276756557, 0, 0
840063, 267219681, 0, 0
841050, 277608053, 0, 0
842058, 281216601, 0, 0
843032, 265703871, 0, 0
844026, 248164160, 0, 0
845058, 307376004, 0, 0
846005, 237937734, 0, 0
847006, 290307484, 0, 0
848025, 290890108, 0, 0
849012, 269392957, 0, 0
850000, 257087515, 0, 0
851002, 285494715, 0, 0
852059, 278934114, 0, 0
853003, 296616363, 0, 0
854045, 241027190, 0, 0
855024, 334495833, 0, 0
856000, 267343435, 0, 0
857002, 254008447, 0, 0
858011, 271976635, 0, 0
859045, 282825032, 0, 0
860010, 273998764, 0, 0
861023, 240318233, 0, 0
862003, 284372687, 0, 0
863007, 261006912, 0, 0
864048, 228258515, 0, 0
865007, 267440870, 0, 0
866054, 256865137, 0, 0
867032, 258278788, 0, 0
868030, 287770393, 0, 0
869053, 251569187, 0, 0
870023, 236308256, 0, 0
871002, 261264667, 0, 0
872059, 267047520, 0, 0
873047, 260345692, 0, 0
874039, 246488813, 0, 0
875001, 269735820, 0, 0
876040, 247688781, 0, 0
877007, 265391909, 0, 0
878005, 252172812, 0, 0
879000, 246177262, 0, 0
880012, 255669574, 0, 0
881040, 243420993, 0, 0
882043, 263291068, 0, 0
883028, 248843979, 0, 0
884056, 251559965, 0, 0
885001, 268907406, 0, 0
886005, 252908640, 0, 0
887057, 289541225, 0, 0
888012, 270781630, 0, 0
889021, 267418222, 0, 0
890046, 257325987, 0, 0
891052, 254024742, 0, 0
892048, 277159424, 0, 0
893002, 271396283, 0, 0
894010, 285104887, 0, 0
895039, 278657548, 0, 0
896007, 287263539, 0, 0
897014, 240975139, 0, 0
898006, 272684946, 0, 0
899022, 236760196, 0, 0
900011, 250562167, 0, 0
901026, 277479211, 0, 0
902049, 263990237, 0, 0
903014, 296615849, 0, 0
904056, 292034879, 0, 0
905055, 260924736, 0, 0
906000, 260779152, 0, 0
907025, 252979309, 0, 0
908003, 251838420, 0, 0
909056, 273925115, 0, 0
910013, 275308888, 0, 0
911023, 286348281, 0, 0
912000, 254189672, 0, 0
913058, 263332613, 0, 0
914057, 291053703, 0, 0
915003, 298679938, 0, 0
916025, 265147917, 0, 0
917033, 277645380, 0, 0
918007, 254629414, 0, 0
919025, 233038773, 0, 0
920029, 276131813, 0, 0
921016, 300034412, 0, 0
922029, 259673673, 0, 0
923006, 272434523, 0, 0
924007, 260862817, 0, 0
925050, 245979501, 0, 0
926011, 279638833, 0, 0
927046, 306249064, 0, 0
928050, 322151308, 0, 0
929042, 258455240, 0, 0
930011, 265485371, 0, 0
931064, 251729559, 0, 0
932048, 232528558, 0, 0
933035, 236911751, 0, 0
934029, 265381786, 0, 0
935056, 262541546, 0, 0
936041, 316555725, 0, 0
937020, 264496348, 0, 0
938027, 284618642, 0, 0
939051, 285732466, 0, 0
940017, 314435832, 0, 0
941005, 260282689, 0, 0
942036, 242743797, 0, 0
943045, 267752452, 0, 0
944006, 285685292, 0, 0
945009, 290479966, 0, 0
946046, 300741611, 0, 0
947001, 297942818, 0, 0
948057, 284874771, 0, 0
949030, 297815693, 0, 0
950015, 269008719, 0, 0
951001, 248050109, 0, 0
952016, 282076835, 0, 0
953041, 261136657, 0, 0
954027, 275602623, 0, 0
955044, 274483772, 0, 0
956105, 250248726, 0, 0
957037, 321592884, 0, 0
958053, 300166921, 0, 0
959035, 257226467, 0, 0
960061, 310822883, 0, 0
961006, 250438271, 0, 0
962017, 275516892, 0, 0
963009, 297419512, 0, 0
964034, 276389316, 0, 0
965014, 252223991, 0, 0
966041, 229683868, 0, 0
967040, 283310010, 0, 0
968023, 276654113, 0, 0
969051, 268915918, 0, 0
970011, 260913622, 0, 0
971031, 278156117, 0, 0
972002, 257615123, 0, 0
973047, 308007862, 0, 0
974023, 323713441, 0, 0
975025, 294466922, 0, 0
976001, 258362770, 0, 0
977006, 292682850, 0, 0
978003, 247747997, 0, 0
979010, 288316165, 0, 0
980050, 261747424, 0, 0
981015, 270617531, 0, 0
982046, 298553261, 0, 0
983019, 330591586, 0, 0
984013, 326357551, 0, 0
985003, 307270420, 0, 0
986000, 291008387, 0, 0
987009, 283599543, 0, 0
988055, 250267273, 0, 0
989025, 258437991, 0, 0
990057, 308873072, 0, 0
991022, 310921312, 0, 0
992001, 257956337, 0, 0
993030, 235694732, 0, 0
994072, 253031768, 0, 0
995044, 338341496, 0, 0
996025, 293011545, 0, 0
997008, 282552673, 0, 0
998012, 268730232, 0, 0
999001, 274310716, 0, 0
1000005, 273337838, 0, 0
1001000, 265428550, 0, 0
1002029, 271198698, 0, 0
1003018, 279024776, 0, 0
1004028, 263055327, 0, 0
1005021, 307435787, 0, 0
1006056, 321257449, 0, 0
1007035, 272556753, 0, 0
1008039, 287088554, 0, 0
1009028, 304920885, 0, 0
1010045, 289595919, 0, 0
1011031, 295937038, 0, 0
1012038, 285190486, 0, 0
1013025, 241223561, 0, 0
1014056, 274168700, 0, 0
1015045, 261287354, 0, 0
1016039, 230843913, 0, 0
1017016, 243587205, 0, 0
1018010, 251773948, 0, 0
1019057, 267482081, 0, 0
1020043, 270053101, 0, 0
1021016, 295207617, 0, 0
1022069, 288755013, 0, 0
1023046, 292554353, 0, 0
1024012, 301697866, 0, 0
1025053, 298456323, 0, 0
1026022, 306663909, 0, 0
1027048, 284079536, 0, 0
1028027, 250259049, 0, 0
1029031, 244699025, 0, 0
1030048, 232436023, 0, 0
1031011, 282652425, 0, 0
1032014, 299838512, 0, 0
1033048, 306669932, 0, 0
1034004, 279240159, 0, 0
1035019, 290000433, 0, 0
1036001, 259402601, 0, 0
1037042, 261761077, 0, 0
1038057, 274871132, 0, 0
1039032, 318015557, 0, 0
1040026, 264617119, 0, 0
1041035, 270114340, 0, 0
1042014, 287040923, 0, 0
1043031, 286956832, 0, 0
1044057, 244637721, 0, 0
1045003, 225821507, 0, 0
1046029, 234420063, 0, 0
1047061, 288710520, 0, 0
1048014, 262607180, 0, 0
1049029, 253941222, 0, 0
1050027, 263654367, 0, 0
1051040, 286302277, 0, 0
1052059, 299316088, 0, 0
1053061, 270898475, 0, 0
1054024, 274795873, 0, 0
1055052, 300384406, 0, 0
1056052, 251337102, 0, 0
1057008, 267986264, 0, 0
1058002, 274073702, 0, 0
1059011, 305510861, 0, 0
1060023, 253272999, 0, 0
1061019, 252289304, 0, 0
1062015, 301721323, 0, 0
1063019, 301774335, 0, 0
1064027, 304429863, 0, 0
1065006, 243154396, 0, 0
1066038, 255701353, 0, 0
1067035, 290547802, 0, 0
1068012, 295272211, 0, 0
1069037, 361589019, 0, 0
1070070, 252653683, 0, 0
1071054, 264317391, 0, 0
1072019, 307515427, 0, 0
1073020, 262672289, 0, 0
1074049, 255057109, 0, 0
1075019, 263163984, 0, 0
1076045, 288172127, 0, 0
1077027, 283422976, 0, 0
1078055, 287991531, 0, 0
1079056, 278270142, 0, 0
1080011, 323534613, 0, 0
1081001, 294035923, 0, 0
1082049, 268133242, 0, 0
1083055, 279057498, 0, 0
1084062, 290975616, 0, 0
1085035, 284907197, 0, 0
1086030, 296733041, 0, 0
1087007, 227823933, 0, 0
1088033, 255683661, 0, 0
1089069, 270196577, 0, 0
1090045, 284218045, 0, 0
1091057, 256620358, 0, 0
1092060, 280352226, 0, 0
1093057, 272060537, 0, 0
1094025, 272383950, 0, 0
1095037, 281484934, 0, 0
1096035, 286541079, 0, 0
1097002, 252221714, 0, 0
1098005, 273443120, 0, 0
1099024, 282068165, 0, 0
1100069, 264977075, 0, 0
1101010, 290922557, 0, 0
1102006, 265017202, 0, 0
1103023, 255766946, 0, 0
1104025, 284478324, 0, 0
1105018, 242860422, 0, 0
1106044, 316542349, 0, 0
1107037, 266986724, 0, 0
1108034, 273404754, 0, 0
1109035, 285024030, 0, 0
1110041, 292680902, 0, 0
1111040, 292067225, 0, 0
1112054, 280898009, 0, 0
1113045, 263452902, 0, 0
1114053, 267157741, 0, 0
1115025, 297964016, 0, 0
1116049, 263310502, 0, 0
1117021, 239120625, 0, 0
1118019, 288457971, 0, 0
1119000, 295699699, 0, 0
1120020, 244574036, 0, 0
1121016, 269036391, 0, 0
1122050, 247605710, 0, 0
1123002, 292019851, 0, 0
1124019, 287689373, 0, 0
1125021, 265688018, 0, 0
1126063, 288643531, 0, 0
1127050, 320175034, 0, 0
1128053, 320089277, 0, 0
1129044, 292614661, 0, 0
1130040, 272287723, 0, 0
1131021, 285787532, 0, 0
1132051, 260100909, 0, 0
1133027, 278337203, 0, 0
1134012, 252567060, 0, 0
1135014, 280070107, 0, 0
1136035, 279869174, 0, 0
1137017, 301881930, 0, 0
1138033, 263866833, 0, 0
1139047, 263136159, 0, 0
1140050, 260830526, 0, 0
1141040, 281521243, 0, 0
1142052, 279082421, 0, 0
1143048, 274219641, 0, 0
1144044, 290804407, 0, 0
1145010, 306395085, 0, 0
1146026, 290292473, 0, 0
1147000, 286249185, 0, 0
1148059, 283911585, 0, 0
1149047, 295336264, 0, 0
1150021, 280465984, 0, 0
1151017, 250631827, 0, 0
1152031, 294494482, 0, 0
1153043, 269394916, 0, 0
1154050, 255136058, 0, 0
1155044, 310771046, 0, 0
1156055, 298121057, 0, 0
1157047, 274831552, 0, 0
1158003, 306742361, 0, 0
1159035, 268581224, 0, 0
1160049, 292848196, 0, 0
1161043, 296385347, 0, 0
1162004, 309687716, 0, 0
1163009, 279567094, 0, 0
1164040, 285613077, 0, 0
1165056, 299206696, 0, 0
1166041, 290115978, 0, 0
1167033, 262741716, 0, 0
1168000, 274209561, 0, 0
1169007, 297396372, 0, 0
1170028, 305338036, 0, 0
1171005, 284133809, 0, 0
1172059, 277740337, 0, 0
1173000, 296715798, 0, 0
1174040, 274226277, 0, 0
1175021, 293809953, 0, 0
1176026, 267900658, 0, 0
1177017, 271209911, 0, 0
1178054, 274218726, 0, 0
1179054, 275636210, 0, 0
1180048, 265226713, 0, 0
1181009, 295792633, 0, 0
1182059, 268853201, 0, 0
1183032, 281357575, 0, 0
1184028, 284266535, 0, 0
1185053, 258392148, 0, 0
1186038, 297499168, 0, 0
1187004, 298016351, 0, 0
1188044, 274535926, 0, 0
1189022, 296142602, 0, 0
1190060, 290194674, 0, 0
1191040, 264083144, 0, 0
1192031, 281798897, 0, 0
1193006, 313092413, 0, 0
1194045, 310435222, 0, 0
1195032, 266201237, 0, 0
1196034, 280150761, 0, 0
1197059, 315832154, 0, 0
1198007, 304762200, 0, 0
1199043, 292438810, 0, 0
1200045, 259697031, 0, 0
1201000, 271797039, 0, 0
1202047, 293827843, 0, 0
1203050, 307972372, 0, 0
1204045, 271426469, 0, 0
1205049, 250506141, 0, 0
1206036, 330245883, 0, 0
1207044, 294700870, 0, 0
1208015, 287995399, 0, 0
1209019, 266533750, 0, 0
1210026, 297680618, 0, 0
1211056, 303599089, 0, 0
1212034, 298848036, 0, 0
1213046, 283123421, 0, 0
1214021, 280335080, 0, 0
1215001, 308827215, 0, 0
1216045, 291290148, 0, 0
1217043, 314851590, 0, 0
1218018, 295683063, 0, 0
1219051, 286595643, 0, 0
1220021, 313344895, 0, 0
1221053, 297784971, 0, 0
1222053, 304300823, 0, 0
1223032, 259040282, 0, 0
1224001, 286911264, 0, 0
1225037, 286717575, 0, 0
1226026, 290989737, 0, 0
1227015, 305641873, 0, 0
1228055, 301349706, 0, 0
1229053, 287240680, 0, 0
1230040, 298751178, 0, 0
1231072, 284327642, 0, 0
1232025, 312901850, 0, 0
1233015, 298698808, 0, 0
1234041, 319422904, 0, 0
1235016, 293142207, 0, 0
1236012, 276970782, 0, 0
1237028, 308363331, 0, 0
1238040, 279792887, 0, 0
1239012, 310229737, 0, 0
1240035, 300280248, 0, 0
1241002, 322614001, 0, 0
1242002, 305725275, 0, 0
1243055, 301811678, 0, 0
1244057, 276555540, 0, 0
1245056, 324550790, 0, 0
1246054, 293763033, 0, 0
1247064, 296211398, 0, 0
1248058, 303842615, 0, 0
1249028, 321648099, 0, 0
1250034, 302856810, 0, 0
1251017, 292040987, 0, 0
1252007, 317900326, 0, 0
1253045, 306218043, 0, 0
1254053, 307046055, 0, 0
1255041, 325637759, 0, 0
1256001, 284547051, 0, 0
1257017, 304453474, 0, 0
1258057, 324984885, 0, 0
1259011, 311115636, 0, 0
1260005, 300815834, 0, 0
1261054, 318386766, 0, 0
1262037, 241110942, 0, 0
1263011, 315708639, 0, 0
1264019, 307373878, 0, 0
1265031, 310404774, 0, 0
1266011, 313033318, 0, 0
1267059, 314094502, 0, 0
1268025, 295736874, 0, 0
1269006, 304352494, 0, 0
1270023, 315364460, 0, 0
1271020, 283606445, 0, 0
1272019, 318284929, 0, 0
1273059, 291751691, 0, 0
1274041, 292944459, 0, 0
1275037, 294994632, 0, 0
1276019, 275657711, 0, 0
1277028, 328140270, 0, 0
1278019, 289596839, 0, 0
1279020, 306195777, 0, 0
1280008, 295109135, 0, 0
1281050, 334653099, 0, 0
1282046, 299006228, 0, 0
1283054, 354313130, 0, 0
1284039, 315313055, 0, 0
1285017, 327380213, 0, 0
1286054, 347196708, 0, 0
1287054, 293646238, 0, 0
1288034, 320290129, 0, 0
1289011, 296149514, 0, 0
1290006, 300969768, 0, 0
1291039, 301385217, 0, 0
1292042, 303045000, 0, 0
1293005, 325905112, 0, 0
1294008, 299754338, 0, 0
1295017, 313573069, 0, 0
1296000, 281274005, 0, 0
1297045, 313672073, 0, 0
1298018, 308155333, 0, 0
1299045, 304670731, 0, 0
1300046, 332881291, 0, 0
1301049, 273995987, 0, 0
1302056, 289789605, 0, 0
1303003, 343127709, 0, 0
1304055, 340912902, 0, 0
1305048, 306591700, 0, 0
1306043, 318221239, 0, 0
1307067, 322165024, 0, 0
1308059, 326948885, 0, 0
1309018, 325937637, 0, 0
1310013, 318721160, 0, 0
1311049, 345765986, 0, 0
1312010, 306175041, 0, 0
1313043, 334891907, 0, 0
1314056, 293342265, 0, 0
1315013, 331879118, 0, 0
1316054, 304938953, 0, 0
1317048, 316885948, 0, 0
1318017, 331327098, 0, 0
1319047, 311445390, 0, 0
1320044, 333351328, 0, 0
1321057, 306618653, 0, 0
1322005, 348618372, 0, 0
1323023, 330049250, 0, 0
1324072, 356936978, 0, 0
1325040, 324574716, 0, 0
1326011, 382224381, 0, 0
1327010, 337036188, 0, 0
1328007, 330548251, 0, 0
1329002, 341830369, 0, 0
1330013, 334021152, 0, 0
1331056, 319250952, 0, 0
1332045, 329728443, 0, 0
1333066, 323906338, 0, 0
1334062, 292683078, 0, 0
1335000, 339646943, 0, 0
1336003, 342220035, 0, 0
1337057, 342055719, 0, 0
1338041, 327935309, 0, 0
1339063, 333261893, 0, 0
1340022, 323187263, 0, 0
1341053, 348547697, 0, 0
1342003, 309321660, 0, 0
1343062, 357139426, 0, 0
1344019, 353270538, 0, 0
1345037, 343647996, 0, 0
1346024, 303345325, 0, 0
1347015, 276992663, 0, 0
1348010, 300937399, 0, 0
1349021, 313084128, 0, 0
1350004, 344629603, 0, 0
1351023, 326589357, 0, 0
1352049, 315447701, 0, 0
1353050, 341159544, 0, 0
1354028, 353862929, 0, 0
1355038, 354751176, 0, 0
1356045, 330541857, 0, 0
1357031, 344645431, 0, 0
1358071, 349769544, 0, 0
1359017, 350837464, 0, 0
1360028, 338562482, 0, 0
1361011, 323316047, 0, 0
1362036, 373308613, 0, 0
1363045, 358851483, 0, 0
1364019, 339368849, 0, 0
1365006, 344583860, 0, 0
1366054, 328023141, 0, 0
1367034, 340105827, 0, 0
1368032, 332535829, 0, 0
1369002, 387013197, 0, 0
1370028, 378917489, 0, 0
1371057, 315242009, 0, 0
1372053, 325078625, 0, 0
1373003, 309689341, 0, 0
1374046, 330056090, 0, 0
1375059, 321918859, 0, 0
1376055, 343572058, 0, 0
1377001, 376993738, 0, 0
1378032, 380370661, 0, 0
1379012, 363927173, 0, 0
1380043, 348543569, 0, 0
1381044, 329832017, 0, 0
1382038, 340226400, 0, 0
1383045, 326529004, 0, 0
1384022, 341346597, 0, 0
1385020, 330390015, 0, 0
1386047, 359775626, 0, 0
1387029, 341943426, 0, 0
1388018, 344672473, 0, 0
1389030, 320090797, 0, 0
1390022, 325811139, 0, 0
1391036, 318947995, 0, 0
1392013, 333936655, 0, 0
1393032, 343991953, 0, 0
1394010, 347086424, 0, 0
1395002, 363428926, 0, 0
1396059, 350519996, 0, 0
1397061, 366504957, 0, 0
1398055, 309635285, 0, 0
1399035, 315311494, 0, 0
1400011, 345957408, 0, 0
1401058, 410641996, 0, 0
1402013, 329248847, 0, 0
1403018, 348921324, 0, 0
1404001, 355344520, 0, 0
1405000, 354417997, 0, 0
1406029, 335611114, 0, 0
1407008, 367489049, 0, 0
1408047, 366134243, 0, 0
1409050, 366828068, 0, 0
1410038, 337504610, 0, 0
1411036, 332795375, 0, 0
1412032, 387642291, 0, 0
1413035, 376533206, 0, 0
1414042, 388979835, 0, 0
1415048, 349389863, 0, 0
1416021, 379390733, 0, 0
1417058, 319132848, 0, 0
1418061, 331385968, 0, 0
1419060, 331598019, 0, 0
1420053, 360258116, 0, 0
1421030, 341342902, 0, 0
1422025, 363806720, 0, 0
1423009, 368087795, 0, 0
1424025, 369051721, 0, 0
1425050, 372504628, 0, 0
1426020, 322308851, 0, 0
1427037, 356346219, 0, 0
1428049, 382602185, 0, 0
1429004, 360375049, 0, 0
1430018, 386598527, 0, 0
1431043, 343233319, 0, 0
1432003, 345742674, 0, 0
1433026, 381044992, 0, 0
1434032, 372766804, 0, 0
1435024, 334640092, 0, 0
1436028, 352595744, 0, 0
1437024, 335204702, 0, 0
1438017, 383017186, 0, 0
1439038, 353131490, 0, 0
1440057, 312826948, 0, 0
1441057, 371081752, 0, 0
1442012, 361695608, 0, 0
1443051, 340629618, 0, 0
1444039, 376913819, 0, 0
1445009, 362976522, 0, 0
1446028, 349642671, 0, 0
1447000, 332338101, 0, 0
1448016, 359830197, 0, 0
1449003, 382810756, 0, 0
1450034, 358055634, 0, 0
1451060, 336439331, 0, 0
1452034, 359829596, 0, 0
1453049, 363374806, 0, 0
1454055, 373465854, 0, 0
1455011, 391769776, 0, 0
1456010, 379818189, 0, 0
1457017, 343027229, 0, 0
1458058, 372474456, 0, 0
1459034, 342888478, 0, 0
1460015, 347298495, 0, 0
1461034, 376976427, 0, 0
1462001, 350583655, 0, 0
1463060, 363112750, 0, 0
1464035, 358245680, 0, 0
1465060, 381753009, 0, 0
1466058, 380598369, 0, 0
1467051, 369439364, 0, 0
1468000, 381733956, 0, 0
1469053, 369379270, 0, 0
1470012, 368444237, 0, 0
1471006, 386205583, 0, 0
1472045, 389393398, 0, 0
1473041, 356529189, 0, 0
1474022, 349861450, 0, 0
1475054, 374668822, 0, 0
1476020, 374173447, 0, 0
1477002, 363141427, 0, 0
1478001, 414007550, 0, 0
1479020, 366318773, 0, 0
1480045, 371121899, 0, 0
1481037, 362432380, 0, 0
1482007, 354618478, 0, 0
1483002, 393269608, 0, 0
1484011, 400869865, 0, 0
1485018, 374027686, 0, 0
1486029, 361815915, 0, 0
1487040, 373644712, 0, 0
1488025, 369877061, 0, 0
1489026, 379896978, 0, 0
1490056, 369765901, 0, 0
1491064, 368340717, 0, 0
1492014, 405493171, 0, 0
1493049, 365212536, 0, 0
1494004, 395191663, 0, 0
1495028, 369340315, 0, 0
1496048, 377638493, 0, 0
1497033, 383940815, 0, 0
1498051, 381120329, 0, 0
1499016, 481988674, 0, 0
1500032, 407148059, 0, 0
1501044, 403695827, 0, 0
1502008, 375091002, 0, 0
1503014, 374335632, 0, 0
1504001, 360289974, 0, 0
1505033, 369530853, 0, 0
1506011, 411565053, 0, 0
1507020, 398405364, 0, 0
1508017, 411906981, 0, 0
1509035, 375902898, 0, 0
1510028, 368233718, 0, 0
1511008, 377028836, 0, 0
1512012, 377183916, 0, 0
1513046, 364498299, 0, 0
1514015, 387732856, 0, 0
1515014, 380710805, 0, 0
1516005, 379885027, 0, 0
1517032, 361395685, 0, 0
1518041, 373959648, 0, 0
1519008, 377744124, 0, 0
1520025, 400648307, 0, 0
1521008, 391066649, 0, 0
1522057, 344088560, 0, 0
1523050, 399711849, 0, 0
1524048, 398104279, 0, 0
1525032, 380270335, 0, 0
1526003, 401139819, 0, 0
1527054, 350253360, 0, 0
1528012, 416531943, 0, 0
1529011, 381749502, 0, 0
1530038, 387318818, 0, 0
1531036, 422594835, 0, 0
1532022, 439764329, 0, 0
1533048, 382696484, 0, 0
1534058, 427608355, 0, 0
1535012, 390589947, 0, 0
1536014, 386596747, 0, 0
1537031, 400533897, 0, 0
1538047, 399060853, 0, 0
1539030, 393424870, 0, 0
1540003, 412285812, 0, 0
1541023, 421590001, 0, 0
1542009, 408934678, 0, 0
1543065, 385880992, 0, 0
1544059, 435179733, 0, 0
1545058, 394678575, 0, 0
1546005, 392400038, 0, 0
1547067, 415807065, 0, 0
1548038, 385102634, 0, 0
1549051, 395386860, 0, 0
1550058, 408525896, 0, 0
1551001, 423542114, 0, 0
1552000, 406202108, 0, 0
1553062, 404438132, 0, 0
1554000, 390207126, 0, 0
1555043, 389216776, 0, 0
1556049, 418803610, 0, 0
1557052, 386619190, 0, 0
1558006, 412224900, 0, 0
1559020, 372651863, 0, 0
1560049, 389562125, 0, 0
1561063, 409608747, 0, 0
1562036, 415871460, 0, 0
1563018, 393990776, 0, 0
1564019, 409164462, 0, 0
1565044, 363290037, 0, 0
1566065, 407091200, 0, 0
1567012, 385247026, 0, 0
1568019, 405886349, 0, 0
1569031, 420165539, 0, 0
1570036, 392013608, 0, 0
1571030, 401302732, 0, 0
1572053, 425336335, 0, 0
1573048, 416176576, 0, 0
1574048, 408032377, 0, 0
1575014, 420170627, 0, 0
1576017, 414031925, 0, 0
1577036, 421035702, 0, 0
1578041, 413879274, 0, 0
1579015, 402151485, 0, 0
1580041, 401598282, 0, 0
1581011, 403291727, 0, 0
1582030, 390719858, 0, 0
1583004, 384647679, 0, 0
1584048, 442654436, 0, 0
1585048, 375568989, 0, 0
1586008, 426449210, 0, 0
1587051, 419651555, 0, 0
1588022, 412189423, 0, 0
1589042, 414642905, 0, 0
1590039, 425065591, 0, 0
1591021, 394905678, 0, 0
1592040, 402229287, 0, 0
1593032, 389543122, 0, 0
1594000, 427672875, 0, 0
1595055, 404370884, 0, 0
1596033, 405858844, 0, 0
1597006, 415617019, 0, 0
1598005, 399650785, 0, 0
1599013, 417951883, 0, 0
1600049, 402769156, 0, 0
1601048, 388276719, 0, 0
1602041, 390792918, 0, 0
1603056, 433760055, 0, 0
1604064, 415027365, 0, 0
1605012, 416661108, 0, 0
1606057, 447199492, 0, 0
1607030, 403783026, 0, 0
1608057, 421097963, 0, 0
1609059, 388907859, 0, 0
1610000, 430394556, 0, 0
1611027, 382179654, 0, 0
1612030, 409788750, 0, 0
1613018, 458793232, 0, 0
1614060, 408545616, 0, 0
1615041, 392215630, 0, 0
1616005, 390852714, 0, 0
1617018, 427981470, 0, 0
1618004, 414630450, 0, 0
1619046, 422642873, 0, 0
1620021, 413189132, 0, 0
1621035, 424273565, 0, 0
1622006, 444212760, 0, 0
1623002, 437600484, 0, 0
1624034, 386660004, 0, 0
1625031, 435153580, 0, 0
1626032, 431810869, 0, 0
1627005, 480952324, 0, 0
1628002, 418446548, 0, 0
1629030, 395670495, 0, 0
1630001, 419495216, 0, 0
1631030, 446423059, 0, 0
1632052, 411374808, 0, 0
1633039, 412262087, 0, 0
1634001, 381299976, 0, 0
1635018, 423788437, 0, 0
1636038, 423330816, 0, 0
1637059, 404556680, 0, 0
1638028, 392800771, 0, 0
1639022, 383570934, 0, 0
1640010, 402679386, 0, 0
1641049, 386237127, 0, 0
1642052, 409580174, 0, 0
1643015, 404524419, 0, 0
1644000, 420825889, 0, 0
1645012, 457355153, 0, 0
1646016, 431543656, 0, 0
1647053, 420702083, 0, 0
1648047, 427812236, 0, 0
1649020, 428179937, 0, 0
1650036, 430112053, 0, 0
1651043, 441039480, 0, 0
1652053, 441369767, 0, 0
1653051, 406616276, 0, 0
1654009, 392985236, 0, 0
1655054, 412559749, 0, 0
1656026, 391903399, 0, 0
1657011, 410064716, 0, 0
1658060, 445701844, 0, 0
1659035, 409007667, 0, 0
1660039, 422536025, 0, 0
1661053, 440108840, 0, 0
1662026, 430329873, 0, 0
1663011, 420769686, 0, 0
1664020, 392514324, 0, 0
1665025, 409079316, 0, 0
1666014, 450536340, 0, 0
1667013, 406727729, 0, 0
1668020, 417189999, 0, 0
1669005, 434628189, 0, 0
1670006, 447246456, 0, 0
1671048, 419987710, 0, 0
1672040, 435091099, 0, 0
1673021, 425502556, 0, 0
1674033, 434145621, 0, 0
1675050, 432547214, 0, 0
1676055, 422331626, 0, 0
1677032, 436953599, 0, 0
1678006, 425750527, 0, 0
1679031, 400610116, 0, 0
1680007, 416242390, 0, 0
1681023, 412579640, 0, 0
1682040, 440209604, 0, 0
1683045, 427177158, 0, 0
1684023, 417189798, 0, 0
1685042, 431745543, 0, 0
1686021, 430506057, 0, 0
1687056, 426219046, 0, 0
1688007, 428352586, 0, 0
1689000, 424196532, 0, 0
1690026, 413592577, 0, 0
1691021, 416454449, 0, 0
1692024, 463701799, 0, 0
1693046, 431188796, 0, 0
1694043, 427330574, 0, 0
1695050, 459234465, 0, 0
1696041, 426924170, 0, 0
1697007, 461013541, 0, 0
1698022, 465243222, 0, 0
1699027, 458782606, 0, 0
1700024, 466636038, 0, 0
1701044, 445075984, 0, 0
1702028, 440411288, 0, 0
1703055, 395080616, 0, 0
1704007, 424961057, 0, 0
1705027, 440391487, 0, 0
1706010, 437649260, 0, 0
1707053, 426678016, 0, 0
1708043, 433746034, 0, 0
1709037, 430779844, 0, 0
1710022, 455881226, 0, 0
1711021, 447485856, 0, 0
1712055, 420166543, 0, 0
1713050, 429613565, 0, 0
1714043, 442409049, 0, 0
1715050, 424779656, 0, 0
1716046, 446847317, 0, 0
1717020, 465029242, 0, 0
1718024, 427619542, 0, 0
1719051, 440146469, 0, 0
1720020, 451527562, 0, 0
1721022, 461314482, 0, 0
1722017, 422368026, 0, 0
1723049, 445505676, 0, 0
1724000, 445948288, 0, 0
1725048, 446632847, 0, 0
1726049, 419623275, 0, 0
1727043, 466536716, 0, 0
1728026, 492686601, 0, 0
1729023, 430791031, 0, 0
1730035, 460032566, 0, 0
1731036, 422530285, 0, 0
1732054, 451865810, 0, 0
1733039, 446969218, 0, 0
1734049, 445374957, 0, 0
1735040, 442493602, 0, 0
1736031, 455154286, 0, 0
1737045, 461574827, 0, 0
1738031, 417033423, 0, 0
1739041, 437398298, 0, 0
1740040, 454707414, 0, 0
1741008, 449193865, 0, 0
1742028, 442181619, 0, 0
1743011, 429777802, 0, 0
1744044, 451947471, 0, 0
1745009, 427896070, 0, 0
1746039, 420219309, 0, 0
1747038, 418692620, 0, 0
1748064, 419925492, 0, 0
1749047, 447891505, 0, 0
1750052, 454422148, 0, 0
1751047, 445359025, 0, 0
1752020, 452805929, 0, 0
1753057, 461961550, 0, 0
1754007, 443371300, 0, 0
1755050, 437060894, 0, 0
1756060, 482000890, 0, 0
1757055, 443977793, 0, 0
1758005, 458193461, 0, 0
1759013, 434334704, 0, 0
1760019, 447107322, 0, 0
1761013, 433011484, 0, 0
1762021, 432608437, 0, 0
1763005, 441561608, 0, 0
1764041, 456790975, 0, 0
1765039, 459224328, 0, 0
1766016, 443099142, 0, 0
1767010, 436899055, 0, 0
1768020, 457802734, 0, 0
1769021, 441319612, 0, 0
1770015, 431182946, 0, 0
1771005, 438621692, 0, 0
1772006, 432676010, 0, 0
1773024, 452054706, 0, 0
1774040, 464753566, 0, 0
1775009, 431418675, 0, 0
1776025, 438094217, 0, 0
1777014, 454593289, 0, 0
1778001, 443465905, 0, 0
1779069, 448557591, 0, 0
1780052, 456101419, 0, 0
1781025, 464168836, 0, 0
1782010, 448374673, 0, 0
1783004, 461919219, 0, 0
1784017, 419743397, 0, 0
1785054, 440695824, 0, 0
1786051, 461598657, 0, 0
1787024, 429293832, 0, 0
1788046, 444229076, 0, 0
1789063, 456979830, 0, 0
1790034, 478991354, 0, 0
1791013, 423149107, 0, 0
1792029, 423413560, 0, 0
1793033, 454762129, 0, 0
1794005, 448308904, 0, 0
1795037, 434211112, 0, 0
1796043, 455354488, 0, 0
1797016, 477732751, 0, 0
1798063, 434292148, 0, 0
1799003, 465077263, 0, 0
1800024, 434628961, 0, 0
1801041, 438874883, 0, 0
1802014, 431845169, 0, 0
1803012, 431865734, 0, 0
1804048, 454171668, 0, 0
1805007, 448665572, 0, 0
1806091, 463800682, 0, 0
1807040, 466015463, 0, 0
1808027, 451194452, 0, 0
1809048, 437844718, 0, 0
1810032, 437391012, 0, 0
1811055, 412719819, 0, 0
1812000, 433758986, 0, 0
1813050, 439715354, 0, 0
1814020, 439832015, 0, 0
1815019, 428796137, 0, 0
1816081, 425795832, 0, 0
1817021, 470573574, 0, 0
1818008, 458334255, 0, 0
1819045, 450749964, 0, 0
1820007, 423098809, 0, 0
1821004, 425482039, 0, 0
1822059, 467597700, 0, 0
1823044, 461271768, 0, 0
1824031, 426138314, 0, 0
1825019, 456794648, 0, 0
1826035, 423395774, 0, 0
1827009, 437107327, 0, 0
1828040, 462770648, 0, 0
1829026, 453486339, 0, 0
1830003, 442791092, 0, 0
1831072, 450521497, 0, 0
1832051, 437118043, 0, 0
1833046, 434246672, 0, 0
1834033, 433333912, 0, 0
1835055, 457148023, 0, 0
1836059, 439920869, 0, 0
1837012, 443770896, 0, 0
1838052, 468651438, 0, 0
1839050, 443428172, 0, 0
1840001, 442107614, 0, 0
1841022, 462598105, 0, 0
1842020, 466816991, 0, 0
1843009, 445737071, 0, 0
1844052, 445847751, 0, 0
1845055, 455211548, 0, 0
1846057, 441956692, 0, 0
1847058, 433884369, 0, 0
1848002, 448586058, 0, 0
1849041, 445392543, 0, 0
1850040, 415887138, 0, 0
1851021, 439228453, 0, 0
1852007, 434105090, 0, 0
1853033, 428708975, 0, 0
1854008, 440496920, 0, 0
1855046, 449581353, 0, 0
1856025, 467213906, 0, 0
1857070, 464497983, 0, 0
1858026, 439311857, 0, 0
1859015, 439958391, 0, 0
1860046, 428179020, 0, 0
1861034, 445122762, 0, 0
1862021, 438267992, 0, 0
1863041, 420676634, 0, 0
1864036, 427157524, 0, 0
1865017, 425527303, 0, 0
1866007, 445737321, 0, 0
1867027, 443956919, 0, 0
1868049, 414685445, 0, 0
1869051, 427437672, 0, 0
1870015, 457584818, 0, 0
1871003, 432693607, 0, 0
1872005, 413668673, 0, 0
1873023, 454200259, 0, 0
1874008, 453617351, 0, 0
1875039, 449767723, 0, 0
1876031, 436508293, 0, 0
1877042, 413011236, 0, 0
1878019, 425414564, 0, 0
1879017, 442988294, 0, 0
1880015, 442469489, 0, 0
1881053, 426902742, 0, 0
1882018, 419706886, 0, 0
1883016, 460826918, 0, 0
1884016, 445656878, 0, 0
1885036, 463226355, 0, 0
1886030, 458634568, 0, 0
1887060, 432024236, 0, 0
1888021, 429561820, 0, 0
1889038, 454578626, 0, 0
1890047, 447481908, 0, 0
1891029, 442090113, 0, 0
1892005, 430218012, 0, 0
1893067, 436031503, 0, 0
1894030, 463900264, 0, 0
1895006, 447479422, 0, 0
1896044, 418533756, 0, 0
1897042, 472213398, 0, 0
1898000, 439289444, 0, 0
1899011, 442294567, 0, 0
1900008, 449983471, 0, 0
1901061, 431913853, 0, 0
1902041, 441103347, 0, 0
1903003, 435574354, 0, 0
1904002, 440682117, 0, 0
1905028, 443042707, 0, 0
1906051, 399643484, 0, 0
1907059, 413499265, 0, 0
1908034, 440001315, 0, 0
1909004, 465753210, 0, 0
1910052, 452367192, 0, 0
1911024, 424968617, 0, 0
1912012, 437646372, 0, 0
1913006, 404212041, 0, 0
1914045, 389843470, 0, 0
1915048, 440361479, 0, 0
1916022, 422281435, 0, 0
1917041, 439535131, 0, 0
1918033, 436034935, 0, 0
1919017, 424184524, 0, 0
1920036, 417529325, 0, 0
1921025, 441191334, 0, 0
1922038, 478621197, 0, 0
1923020, 410910484, 0, 0
1924016, 431481159, 0, 0
1925005, 439385528, 0, 0
1926034, 438523646, 0, 0
1927065, 437523755, 0, 0
1928055, 451419498, 0, 0
1929033, 451290229, 0, 0
1930023, 437223604, 0, 0
1931003, 443126433, 0, 0
1932022, 426361356, 0, 0
1933037, 438247349, 0, 0
1934038, 420609054, 0, 0
1935018, 443356793, 0, 0
1936010, 430153196, 0, 0
1937014, 434459236, 0, 0
1938030, 403544550, 0, 0
1939022, 432979418, 0, 0
1940053, 454676952, 0, 0
1941065, 452000663, 0, 0
1942058, 457130839, 0, 0
1943015, 416194407, 0, 0
1944003, 439807811, 0, 0
1945051, 448975331, 0, 0
1946057, 445111343, 0, 0
1947028, 419116651, 0, 0
1948048, 466190068, 0, 0
1949046, 437355138, 0, 0
1950035, 426885489, 0, 0
1951018, 424177763, 0, 0
1952036, 424057770, 0, 0
1953018, 439315050, 0, 0
1954031, 434070120, 0, 0
1955036, 439400982, 0, 0
1956057, 471282860, 0, 0
1957042, 426172983, 0, 0
1958010, 465803209, 0, 0
1959026, 439411733, 0, 0
1960042, 437097722, 0, 0
1961010, 421276330, 0, 0
1962041, 432342119, 0, 0
1963055, 433152883, 0, 0
1964003, 445891152, 0, 0
1965019, 431502872, 0, 0
1966054, 440288008, 0, 0
1967028, 423089038, 0, 0
1968020, 451230790, 0, 0
1969051, 429482045, 0, 0
1970037, 440471883, 0, 0
1971063, 411147549, 0, 0
1972014, 448850791, 0, 0
1973032, 439316812, 0, 0
1974052, 424620654, 0, 0
1975059, 449221036, 0, 0
1976017, 417971002, 0, 0
1977003, 429460681, 0, 0
1978033, 421762348, 0, 0
1979047, 432220444, 0, 0
1980028, 437563291, 0, 0
1981011, 462491131, 0, 0
1982037, 429673313, 0, 0
1983055, 430835900, 0, 0
1984026, 410277682, 0, 0
1985006, 458454449, 0, 0
1986035, 417716337, 0, 0
1987048, 401466378, 0, 0
1988037, 409871347, 0, 0
1989023, 444525366, 0, 0
1990022, 433009020, 0, 0
1991043, 469912073, 0, 0
1992039, 433542590, 0, 0
1993043, 461669813, 0, 0
1994046, 425167322, 0, 0
1995055, 442177095, 0, 0
1996006, 457617252, 0, 0
1997047, 435214358, 0, 0
1998006, 447686292, 0, 0
1999011, 441990238, 0, 0
2000008, 418371107, 0, 0
2001007, 427154756, 0, 0
2002025, 446755667, 0, 0
2003013, 424796469, 0, 0
2004006, 439450037, 0, 0
2005016, 433981067, 0, 0
2006034, 426654972, 0, 0
2007050, 454038292, 0, 0
2008040, 414508398, 0, 0
2009034, 438678061, 0, 0
2010044, 433284638, 0, 0
2011036, 442670081, 0, 0
2012019, 419951666, 0, 0
2013005, 415810566, 0, 0
2014056, 427130416, 0, 0
2015026, 446292470, 0, 0
2016010, 450155853, 0, 0
2017038, 471638452, 0, 0
2018028, 423792254, 0, 0
2019028, 426514026, 0, 0
2020007, 424920582, 0, 0
2021045, 407170229, 0, 0
2022047, 438097353, 0, 0
2023032, 440109166, 0, 0
2024042, 417974895, 0, 0
2025013, 412269161, 0, 0
2026054, 416035456, 0, 0
2027071, 421914394, 0, 0
2028001, 464513017, 0, 0
2029000, 428970309, 0, 0
2030063, 429899472, 0, 0
2031039, 410987149, 0, 0
2032033, 394486058, 0, 0
2033027, 417761790, 0, 0
2034002, 403780241, 0, 0
2035018, 434980143, 0, 0
2036054, 437767999, 0, 0
2037039, 439943207, 0, 0
2038000, 418927807, 0, 0
2039033, 444712113, 0, 0
2040056, 458795275, 0, 0
2041040, 429285093, 0, 0
2042063, 435750374, 0, 0
2043057, 450300093, 0, 0
2044058, 428676688, 0, 0
2045001, 414451418, 0, 0
2046010, 447221994, 0, 0
2047023, 455469785, 0, 0
2048055, 400604602, 0, 0
2049070, 457323984, 0, 0
2050041, 457582954, 0, 0
2051057, 426912230, 0, 0
2052007, 414970739, 0, 0
2053042, 434564612, 0, 0
2054065, 438735251, 0, 0
2055027, 407653530, 0, 0
2056037, 424083246, 0, 0
2057055, 472614505, 0, 0
2058035, 416940678, 0, 0
2059041, 409691347, 0, 0
2060004, 442981148, 0, 0
2061044, 435591816, 0, 0
2062036, 439003578, 0, 0
2063038, 405550941, 0, 0
2064015, 395883700, 0, 0
2065028, 436229768, 0, 0
2066043, 432111474, 0, 0
2067032, 414784277, 0, 0
2068057, 454322502, 0, 0
2069014, 470840191, 0, 0
2070032, 439390012, 0, 0
2071017, 432226732, 0, 0
2072027, 416809471, 0, 0
2073014, 426247810, 0, 0
2074020, 419804321, 0, 0
2075004, 412370435, 0, 0
2076016, 423240035, 0, 0
2077048, 429139860, 0, 0
2078038, 436601044, 0, 0
2079002, 446954895, 0, 0
2080032, 459154058, 0, 0
2081037, 438119995, 0, 0
2082044, 455512111, 0, 0
2083056, 418466820, 0, 0
2084019, 415865185, 0, 0
2085035, 442977960, 0, 0
2086023, 421037280, 0, 0
2087003, 451648360, 0, 0
2088006, 411812348, 0, 0
2089026, 424438144, 0, 0
2090045, 396055789, 0, 0
2091003, 400118824, 0, 0
2092058, 413705889, 0, 0
2093051, 419823286, 0, 0
2094035, 415919843, 0, 0
2095046, 450246345, 0, 0
2096010, 406940970, 0, 0
2097020, 420759843, 0, 0
2098005, 423954301, 0, 0
2099040, 420968039, 0, 0
2100022, 433928053, 0, 0
2101066, 425358260, 0, 0
2102024, 422073028, 0, 0
2103050, 424679712, 0, 0
2104032, 410913020, 0, 0
2105032, 434453382, 0, 0
2106060, 445652925, 0, 0
2107003, 433774336, 0, 0
2108046, 423986619, 0, 0
2109047, 428090328, 0, 0
2110034, 434284931, 0, 0
2111038, 443256066, 0, 0
2112027, 407266962, 0, 0
2113003, 400528337, 0, 0
2114017, 409840854, 0, 0
2115014, 437562945, 0, 0
2116016, 448473945, 0, 0
2117037, 406341758, 0, 0
2118027, 429909467, 0, 0
2119012, 438342148, 0, 0
2120006, 444265607, 0, 0
2121029, 420115498, 0, 0
2122032, 434730119, 0, 0
2123050, 424600559, 0, 0
2124019, 431931519, 0, 0
2125018, 410088254, 0, 0
2126007, 380302891, 0, 0
2127034, 434296925, 0, 0
2128027, 422528059, 0, 0
2129007, 410658534, 0, 0
2130048, 437714435, 0, 0
2131051, 423926793, 0, 0
2132062, 410599845, 0, 0
2133032, 433820090, 0, 0
2134017, 453320531, 0, 0
2135006, 443105143, 0, 0
2136002, 401669058, 0, 0
2137038, 453918102, 0, 0
2138028, 429916453, 0, 0
2139005, 374891294, 0, 0
2140008, 415043120, 0, 0
2141004, 429315003, 0, 0
2142033, 393057430, 0, 0
2143048, 411880370, 0, 0
2144042, 394052492, 0, 0
2145005, 446040987, 0, 0
2146028, 438921817, 0, 0
2147007, 452489008, 0, 0
2148035, 413196919, 0, 0
2149050, 440392106, 0, 0
2150073, 427899006, 0, 0
2151005, 435204067, 0, 0
2152056, 439419569, 0, 0
2153003, 464026012, 0, 0
2154007, 430189900, 0, 0
2155041, 428339093, 0, 0
2156008, 416777856, 0, 0
2157030, 408187259, 0, 0
2158019, 409404874, 0, 0
2159008, 456943657, 0, 0
2160033, 440423745, 0, 0
2161026, 432938532, 0, 0
2162017, 403251627, 0, 0
2163005, 422163375, 0, 0
2164020, 391539094, 0, 0
2165001, 423299097, 0, 0
2166060, 403806186, 0, 0
2167034, 426381750, 0, 0
2168005, 433189670, 0, 0
2169046, 458057734, 0, 0
2170038, 434099019, 0, 0
2171022, 411085788, 0, 0
2172075, 411159237, 0, 0
2173041, 462709763, 0, 0
2174020, 408563474, 0, 0
2175053, 400913488, 0, 0
2176008, 428605260, 0, 0
2177004, 444052663, 0, 0
2178031, 437880788, 0, 0
2179007, 432934020, 0, 0
2180007, 406267062, 0, 0
2181040, 427691786, 0, 0
2182022, 436112644, 0, 0
2183022, 436831317, 0, 0
2184007, 419064195, 0, 0
2185059, 405169871, 0, 0
2186053, 431527081, 0, 0
2187038, 390643998, 0, 0
2188034, 446643741, 0, 0
2189041, 408728861, 0, 0
2190041, 413166141, 0, 0
2191000, 411527426, 0, 0
2192049, 409351024, 0, 0
2193025, 421160807, 0, 0
2194042, 423178392, 0, 0
2195062, 422604871, 0, 0
2196002, 437101180, 0, 0
2197043, 479394105, 0, 0
2198008, 427613350, 0, 0
2199013, 443316647, 0, 0
2200022, 456648254, 0, 0
2201026, 429307837, 0, 0
2202004, 412208757, 0, 0
2203052, 415369217, 0, 0
2204002, 415103106, 0, 0
2205030, 403087675, 0, 0
2206016, 413387954, 0, 0
2207015, 409064965, 0, 0
2208019, 417594090, 0, 0
2209043, 413586425, 0, 0
2210061, 394863123, 0, 0
2211054, 458718431, 0, 0
2212031, 419089943, 0, 0
2213015, 419385558, 0, 0
2214048, 424427566, 0, 0
2215014, 420984433, 0, 0
2216017, 418483836, 0, 0
2217024, 434979270, 0, 0
2218037, 438331832, 0, 0
2219039, 438092368, 0, 0
2220013, 423527143, 0, 0
2221042, 409477452, 0, 0
2222033, 411286819, 0, 0
2223030, 438238874, 0, 0
2224043, 388137965, 0, 0
2225022, 423447071, 0, 0
2226032, 420732204, 0, 0
2227021, 423313571, 0, 0
2228024, 417785876, 0, 0
2229042, 440376076, 0, 0
2230041, 395509052, 0, 0
2231069, 372290641, 0, 0
2232027, 449172358, 0, 0
2233043, 428883855, 0, 0
2234052, 404849512, 0, 0
2235045, 390899305, 0, 0
2236066, 406990045, 0, 0
2237050, 448523788, 0, 0
2238034, 416107396, 0, 0
2239050, 435226534, 0, 0
2240047, 446194707, 0, 0
2241004, 452737018, 0, 0
2242054, 410532523, 0, 0
2243036, 419188577, 0, 0
2244026, 415488123, 0, 0
2245004, 408854268, 0, 0
2246056, 429324340, 0, 0
2247029, 410127133, 0, 0
2248011, 411860436, 0, 0
2249006, 439202762, 0, 0
2250040, 452747248, 0, 0
2251003, 426507556, 0, 0
2252010, 417823597, 0, 0
2253007, 425021072, 0, 0
2254019, 401259986, 0, 0
2255066, 438337977, 0, 0
2256048, 431788756, 0, 0
2257036, 447267303, 0, 0
2258052, 442516878, 0, 0
2259033, 451332078, 0, 0
2260016, 437205734, 0, 0
2261040, 401107541, 0, 0
2262034, 412343963, 0, 0
2263019, 404179960, 0, 0
2264026, 451499612, 0, 0
2265026, 398190928, 0, 0
2266010, 426967053, 0, 0
2267049, 394932384, 0, 0
2268021, 403067805, 0, 0
2269002, 425124937, 0, 0
2270040, 387750617, 0, 0
2271030, 408403880, 0, 0
2272009, 423801163, 0, 0
2273017, 427008113, 0, 0
2274056, 416891567, 0, 0
2275003, 426130776, 0, 0
2276007, 424165672, 0, 0
2277015, 392675723, 0, 0
2278056, 383025753, 0, 0
2279001, 415330486, 0, 0
2280057, 420513431, 0, 0
2281032, 405837216, 0, 0
2282052, 417895670, 0, 0
2283059, 416647999, 0, 0
2284003, 417242838, 0, 0
2285022, 417448482, 0, 0
2286037, 403318675, 0, 0
2287047, 418096867, 0, 0
2288013, 426198980, 0, 0
2289024, 419921979, 0, 0
2290001, 433099409, 0, 0
2291010, 387638449, 0, 0
2292038, 411588931, 0, 0
2293031, 438675053, 0, 0
2294017, 424946129, 0, 0
2295017, 399997768, 0, 0
2296039, 388896816, 0, 0
2297049, 437768045, 0, 0
2298010, 436244285, 0, 0
2299003, 428975105, 0, 0
2300031, 415806120, 0, 0
2301055, 422396896, 0, 0
2302039, 425426088, 0, 0
2303063, 415037369, 0, 0
2304027, 416689303, 0, 0
2305038, 422472952, 0, 0
2306060, 414954127, 0, 0
2307057, 407004552, 0, 0
2308016, 389922560, 0, 0
2309003, 387306310, 0, 0
2310005, 430702221, 0, 0
2311051, 444566325, 0, 0
2312048, 417435998, 0, 0
2313061, 403656317, 0, 0
2314031, 422097216, 0, 0
2315038, 424261730, 0, 0
2316007, 438670338, 0, 0
2317065, 450744303, 0, 0
2318018, 441586225, 0, 0
2319014, 441216533, 0, 0
2320023, 445087096, 0, 0
2321040, 415399550, 0, 0
2322018, 411993271, 0, 0
2323069, 415514361, 0, 0
2324052, 393929212, 0, 0
2325017, 377518163, 0, 0
2326003, 404401490, 0, 0
2327028, 404187832, 0, 0
2328025, 425237562, 0, 0
2329031, 411301834, 0, 0
2330041, 425569110, 0, 0
2331011, 426979219, 0, 0
2332052, 428253759, 0, 0
2333033, 432177464, 0, 0
2334028, 417963977, 0, 0
2335036, 449941922, 0, 0
2336005, 409518141, 0, 0
2337057, 400594169, 0, 0
2338011, 430911977, 0, 0
2339011, 426640517, 0, 0
2340064, 422635188, 0, 0
2341006, 415672055, 0, 0
2342054, 423517905, 0, 0
2343030, 426031632, 0, 0
2344056, 391242509, 0, 0
2345038, 417967673, 0, 0
2346049, 421523307, 0, 0
2347035, 418797994, 0, 0
2348027, 447369344, 0, 0
2349058, 403734926, 0, 0
2350006, 384386722, 0, 0
2351061, 401947055, 0, 0
2352038, 426776176, 0, 0
2353054, 435244577, 0, 0
2354040, 424910626, 0, 0
2355021, 421519281, 0, 0
2356060, 390714187, 0, 0
2357012, 412001905, 0, 0
2358057, 462013589, 0, 0
2359050, 425038660, 0, 0
2360017, 435302616, 0, 0
2361000, 409050654, 0, 0
2362054, 403878177, 0, 0
2363011, 414289074, 0, 0
2364040, 430081437, 0, 0
2365028, 414903756, 0, 0
2366056, 431577287, 0, 0
2367055, 416953227, 0, 0
2368044, 410917942, 0, 0
2369034, 465514075, 0, 0
2370004, 428708588, 0, 0
2371034, 415367867, 0, 0
2372022, 395153162, 0, 0
2373022, 424130721, 0, 0
2374052, 434112015, 0, 0
2375051, 404283463, 0, 0
2376033, 416178672, 0, 0
2377051, 397195619, 0, 0
2378014, 436906782, 0, 0
2379003, 441748626, 0, 0
2380012, 422733724, 0, 0
2381041, 416773945, 0, 0
2382038, 445932810, 0, 0
2383058, 436637336, 0, 0
2384049, 437274629, 0, 0
2385011, 429140459, 0, 0
2386042, 418671589, 0, 0
2387024, 398964434, 0, 0
2388067, 374606431, 0, 0
2389001, 402693368, 0, 0
2390046, 461056903, 0, 0
2391025, 436123918, 0, 0
2392038, 431216702, 0, 0
2393030, 430341215, 0, 0
2394049, 387921141, 0, 0
2395036, 381446470, 0, 0
2396025, 412781753, 0, 0
2397020, 423938938, 0, 0
2398022, 413271787, 0, 0
2399045, 438500300, 0, 0
2400032, 429849543, 0, 0
2400105, 326762295, 0, 0
