1027, 2778633, 0, 0
2026, 3012928, 0, 0
3031, 4800478, 0, 0
4035, 3170145, 0, 0
5015, 1525748, 0, 0
6000, 3073706, 0, 0
7055, 6094007, 0, 0
8059, 5474931, 0, 0
9027, 5793598, 0, 0
10058, 5504982, 0, 0
11027, 1762487, 0, 0
12016, 6175019, 0, 0
13011, 2787932, 0, 0
14002, 6780771, 0, 0
15028, 5452140, 0, 0
16031, 5444309, 0, 0
17023, 5507889, 0, 0
18044, 3526716, 0, 0
19015, 2867149, 0, 0
20012, 5528902, 0, 0
21050, 5011712, 0, 0
22008, 2010018, 0, 0
23029, 3005225, 0, 0
24010, 5668147, 0, 0
25031, 4695493, 0, 0
26046, 4505066, 0, 0
27040, 2970592, 0, 0
28007, 3459078, 0, 0
29047, 1720102, 0, 0
30002, 3321691, 0, 0
31049, 6535273, 0, 0
32059, 5897588, 0, 0
33017, 6790630, 0, 0
34051, 5739500, 0, 0
35036, 1660249, 0, 0
36023, 2975492, 0, 0
37062, 6367685, 0, 0
38010, 4363135, 0, 0
39014, 5144489, 0, 0
40025, 6121004, 0, 0
41017, 4284671, 0, 0
42073, 4886870, 0, 0
43046, 4012686, 0, 0
44016, 3669468, 0, 0
45060, 3091336, 0, 0
46061, 3608285, 0, 0
47016, 2941071, 0, 0
48000, 2985379, 0, 0
49041, 3508909, 0, 0
50030, 5987542, 0, 0
51012, 6018010, 0, 0
52044, 5667834, 0, 0
53010, 3705827, 0, 0
54060, 3943832, 0, 0
55029, 4133518, 0, 0
56028, 4072909, 0, 0
57001, 4783808, 0, 0
58034, 4710161, 0, 0
59026, 4784938, 0, 0
60027, 2503704, 0, 0
61069, 3200195, 0, 0
62032, 4256390, 0, 0
63032, 2995127, 0, 0
64036, 4010867, 0, 0
65018, 4137898, 0, 0
66017, 4594218, 0, 0
67041, 6518323, 0, 0
68004, 5866300, 0, 0
69054, 5491360, 0, 0
70056, 3831761, 0, 0
71057, 3084831, 0, 0
72042, 2322293, 0, 0
73046, 2581721, 0, 0
74060, 4709165, 0, 0
75030, 4842884, 0, 0
76044, 4186752, 0, 0
77042, 3936297, 0, 0
78045, 4246711, 0, 0
79014, 5623527, 0, 0
80043, 4487293, 0, 0
81053, 2371585, 0, 0
82013, 2610827, 0, 0
83004, 3467454, 0, 0
84019, 4488187, 0, 0
85033, 4865873, 0, 0
86006, 5037441, 0, 0
87052, 3334017, 0, 0
88031, 3431042, 0, 0
89008, 4645447, 0, 0
90017, 5599198, 0, 0
91017, 5067206, 0, 0
92020, 4474851, 0, 0
93023, 5723580, 0, 0
94013, 3261409, 0, 0
95041, 5320818, 0, 0
96025, 6970117, 0, 0
97002, 4832564, 0, 0
98050, 5152359, 0, 0
99027, 4477119, 0, 0
100011, 5615941, 0, 0
101037, 5228254, 0, 0
102005, 5009813, 0, 0
103000, 5070003, 0, 0
104032, 3482890, 0, 0
105004, 2200939, 0, 0
106009, 1579908, 0, 0
107020, 2669343, 0, 0
108045, 3098831, 0, 0
109040, 4417921, 0, 0
110016, 2485009, 0, 0
111061, 2018772, 0, 0
112007, 4313207, 0, 0
113059, 5200847, 0, 0
114016, 5497802, 0, 0
115005, 5225379, 0, 0
116047, 5151812, 0, 0
117008, 3581240, 0, 0
118039, 2809891, 0, 0
119044, 5422420, 0, 0
120000, 4896084, 0, 0
121028, 2966046, 0, 0
122013, 4276403, 0, 0
123006, 1972975, 0, 0
124026, 6029233, 0, 0
125062, 2138477, 0, 0
126046, 5684168, 0, 0
127041, 5643664, 0, 0
128019, 4033535, 0, 0
129047, 3993582, 0, 0
130026, 1623262, 0, 0
131055, 4390737, 0, 0
132033, 5682819, 0, 0
133032, 4729430, 0, 0
134066, 4733363, 0, 0
135048, 5981642, 0, 0
136053, 6085468, 0, 0
137034, 6495216, 0, 0
138053, 5411908, 0, 0
139023, 4362302, 0, 0
140007, 4044187, 0, 0
141057, 4480393, 0, 0
142042, 4821811, 0, 0
143019, 2585897, 0, 0
144051, 4461182, 0, 0
145001, 5452836, 0, 0
146033, 3112385, 0, 0
147030, 5186691, 0, 0
148025, 1727309, 0, 0
149017, 6004839, 0, 0
150013, 1947684, 0, 0
151057, 5374743, 0, 0
152034, 6137774, 0, 0
153016, 4439502, 0, 0
154004, 2923530, 0, 0
155049, 4661909, 0, 0
156032, 2836434, 0, 0
157019, 4782920, 0, 0
158053, 4611027, 0, 0
159000, 5370730, 0, 0
160039, 4360924, 0, 0
161045, 4202922, 0, 0
162046, 4855031, 0, 0
163033, 4072606, 0, 0
164054, 4877325, 0, 0
165004, 5932895, 0, 0
166003, 5766637, 0, 0
167036, 5109727, 0, 0
168043, 2845287, 0, 0
169018, 4444965, 0, 0
170030, 2672811, 0, 0
171027, 4326731, 0, 0
172039, 3051269, 0, 0
173046, 4720451, 0, 0
174008, 2221698, 0, 0
175006, 4278323, 0, 0
176034, 5863557, 0, 0
177057, 6118789, 0, 0
178039, 4606105, 0, 0
179036, 6106810, 0, 0
180013, 5273972, 0, 0
181036, 4480282, 0, 0
182031, 5814834, 0, 0
183034, 4634866, 0, 0
184013, 5201186, 0, 0
185000, 4584130, 0, 0
186022, 5612671, 0, 0
187059, 5177785, 0, 0
188062, 3850189, 0, 0
189018, 3962734, 0, 0
190016, 5828296, 0, 0
191047, 3991815, 0, 0
192029, 5354587, 0, 0
193035, 4407944, 0, 0
194000, 5505715, 0, 0
195047, 5079746, 0, 0
196023, 3866385, 0, 0
197062, 3842455, 0, 0
198027, 5983357, 0, 0
199014, 5635757, 0, 0
200061, 5199841, 0, 0
201058, 5628691, 0, 0
202000, 4873474, 0, 0
203024, 4585505, 0, 0
204052, 4461944, 0, 0
205038, 4852639, 0, 0
206029, 4874856, 0, 0
207037, 3800058, 0, 0
208053, 4088566, 0, 0
209016, 5559390, 0, 0
210047, 4768004, 0, 0
211007, 3975195, 0, 0
212041, 5017175, 0, 0
213037, 4688861, 0, 0
214047, 5019044, 0, 0
215025, 5617416, 0, 0
216028, 5504386, 0, 0
217028, 5607738, 0, 0
218008, 4664119, 0, 0
219035, 5484377, 0, 0
220024, 5308190, 0, 0
221022, 4614760, 0, 0
222027, 4563034, 0, 0
223029, 5921306, 0, 0
224001, 4878858, 0, 0
225058, 3823881, 0, 0
226035, 3272185, 0, 0
227007, 3850784, 0, 0
228043, 4947956, 0, 0
229026, 5520284, 0, 0
230010, 4364709, 0, 0
231030, 4174133, 0, 0
232005, 5595724, 0, 0
233001, 5353182, 0, 0
234048, 4818337, 0, 0
235035, 4712743, 0, 0
236037, 3835421, 0, 0
237018, 4775136, 0, 0
238017, 4773758, 0, 0
239049, 5541794, 0, 0
240029, 5096963, 0, 0
241010, 3920674, 0, 0
242015, 3661831, 0, 0
243007, 3780501, 0, 0
244031, 3440866, 0, 0
245057, 4286343, 0, 0
246002, 4763496, 0, 0
247055, 4893562, 0, 0
248044, 4573030, 0, 0
249047, 4489693, 0, 0
250015, 4298270, 0, 0
251008, 4291702, 0, 0
252002, 4595154, 0, 0
253034, 5051910, 0, 0
254050, 4589015, 0, 0
255015, 6347036, 0, 0
256056, 5617764, 0, 0
257017, 5162453, 0, 0
258009, 5663956, 0, 0
259023, 3732711, 0, 0
260050, 3769628, 0, 0
261046, 4382483, 0, 0
262025, 4023604, 0, 0
263001, 5026197, 0, 0
264027, 4490210, 0, 0
265054, 3214466, 0, 0
266048, 5014152, 0, 0
267014, 4775781, 0, 0
268020, 5744445, 0, 0
269037, 3800481, 0, 0
270017, 5127025, 0, 0
271047, 5528943, 0, 0
272035, 4386670, 0, 0
273030, 3803752, 0, 0
274001, 3928481, 0, 0
275004, 4699170, 0, 0
276036, 4774649, 0, 0
277056, 4408135, 0, 0
278012, 5519991, 0, 0
279033, 5575034, 0, 0
280018, 4989873, 0, 0
281052, 5191701, 0, 0
282000, 3925875, 0, 0
283050, 4464862, 0, 0
284014, 4455942, 0, 0
285057, 4938313, 0, 0
286030, 4980208, 0, 0
287045, 3943171, 0, 0
288029, 4986573, 0, 0
289051, 4398184, 0, 0
290021, 3740929, 0, 0
291024, 3821502, 0, 0
292016, 3978337, 0, 0
293017, 5405513, 0, 0
294050, 4667949, 0, 0
295054, 3455544, 0, 0
296027, 3871647, 0, 0
297024, 5441512, 0, 0
298007, 4480567, 0, 0
299021, 4543471, 0, 0
300038, 4177451, 0, 0
301013, 3971390, 0, 0
302047, 3823583, 0, 0
303039, 5187371, 0, 0
304018, 5466510, 0, 0
305001, 4717340, 0, 0
306015, 4916174, 0, 0
307022, 5622673, 0, 0
308042, 5196388, 0, 0
309060, 5378430, 0, 0
310034, 5146240, 0, 0
311018, 5148922, 0, 0
312038, 5040862, 0, 0
313012, 4192284, 0, 0
314059, 4117518, 0, 0
315061, 4258197, 0, 0
316019, 3705089, 0, 0
317049, 4512473, 0, 0
318054, 4665812, 0, 0
319049, 4779966, 0, 0
320015, 3543585, 0, 0
321012, 4655082, 0, 0
322019, 3970789, 0, 0
323012, 4611960, 0, 0
324015, 3930549, 0, 0
325018, 4242161, 0, 0
326014, 4419364, 0, 0
327027, 3488906, 0, 0
328028, 3253361, 0, 0
329000, 3405701, 0, 0
330006, 4626386, 0, 0
331051, 4787989, 0, 0
332024, 4961393, 0, 0
333006, 5157816, 0, 0
334013, 4551224, 0, 0
335045, 4224367, 0, 0
336055, 3588500, 0, 0
337057, 3817109, 0, 0
338053, 3768051, 0, 0
339024, 3447956, 0, 0
340028, 3993396, 0, 0
341010, 4517536, 0, 0
342051, 4861925, 0, 0
343018, 4779972, 0, 0
344006, 3625056, 0, 0
345054, 4889077, 0, 0
346027, 4833804, 0, 0
347018, 4009198, 0, 0
348042, 4038528, 0, 0
349050, 3842944, 0, 0
350045, 4336381, 0, 0
351044, 4895537, 0, 0
352048, 4578331, 0, 0
353029, 4732447, 0, 0
354059, 4674485, 0, 0
355004, 3520701, 0, 0
356054, 3446834, 0, 0
357064, 4404605, 0, 0
358046, 4785168, 0, 0
359027, 4393213, 0, 0
360062, 3550063, 0, 0
361018, 4400850, 0, 0
362013, 3717919, 0, 0
363041, 3947354, 0, 0
364015, 3726379, 0, 0
365011, 3360954, 0, 0
366013, 3623001, 0, 0
367055, 3767755, 0, 0
368048, 4151921, 0, 0
369007, 3859126, 0, 0
370001, 3816424, 0, 0
371025, 4988485, 0, 0
372015, 4299641, 0, 0
373047, 4539964, 0, 0
374060, 4663227, 0, 0
375043, 5639854, 0, 0
376048, 4871736, 0, 0
377045, 4838070, 0, 0
378035, 4750280, 0, 0
379023, 4612509, 0, 0
380032, 4796897, 0, 0
381013, 4668318, 0, 0
382010, 4630275, 0, 0
383017, 4653535, 0, 0
384000, 4860005, 0, 0
385037, 3607550, 0, 0
386014, 3982721, 0, 0
387024, 4384477, 0, 0
388020, 3931199, 0, 0
389049, 4757514, 0, 0
390061, 3772778, 0, 0
391015, 4469913, 0, 0
392000, 4512146, 0, 0
393035, 4324810, 0, 0
394050, 4135113, 0, 0
395029, 3820006, 0, 0
396010, 3651797, 0, 0
397058, 3920956, 0, 0
398036, 3274748, 0, 0
399025, 4048165, 0, 0
400016, 4104569, 0, 0
401019, 4374961, 0, 0
402054, 4994905, 0, 0
403000, 3966533, 0, 0
404059, 4560392, 0, 0
405029, 4195502, 0, 0
406012, 4544630, 0, 0
407000, 4248745, 0, 0
408019, 4733746, 0, 0
409057, 4670644, 0, 0
410024, 4756344, 0, 0
411021, 4631999, 0, 0
412033, 3995058, 0, 0
413047, 4203565, 0, 0
414010, 4447544, 0, 0
415012, 4120368, 0, 0
416025, 4195912, 0, 0
417001, 4898756, 0, 0
418004, 4005928, 0, 0
419035, 4399607, 0, 0
420009, 4267229, 0, 0
421005, 4361692, 0, 0
422052, 4165151, 0, 0
423012, 4165689, 0, 0
424034, 4116078, 0, 0
425017, 4788406, 0, 0
426011, 4702891, 0, 0
427011, 4627088, 0, 0
428068, 4816029, 0, 0
429045, 4357046, 0, 0
430011, 4406838, 0, 0
431025, 4728737, 0, 0
432054, 3998983, 0, 0
433001, 3692750, 0, 0
434044, 3568362, 0, 0
435009, 4011292, 0, 0
436004, 4158595, 0, 0
437035, 4238124, 0, 0
438008, 3557559, 0, 0
439035, 3427681, 0, 0
440037, 3571471, 0, 0
441014, 3856062, 0, 0
442016, 3302867, 0, 0
443032, 4156815, 0, 0
444029, 4031114, 0, 0
445050, 3626824, 0, 0
446011, 3425928, 0, 0
447038, 4168487, 0, 0
448024, 4357887, 0, 0
449064, 4220086, 0, 0
450000, 3796502, 0, 0
451009, 4540031, 0, 0
452064, 4299184, 0, 0
453037, 3917707, 0, 0
454015, 3847765, 0, 0
455000, 3425851, 0, 0
456051, 3508994, 0, 0
457047, 4159766, 0, 0
458029, 4264023, 0, 0
459056, 4308067, 0, 0
460074, 3955057, 0, 0
461012, 4319120, 0, 0
462007, 3691164, 0, 0
463026, 4154577, 0, 0
464022, 4922131, 0, 0
465052, 4594730, 0, 0
466037, 4131548, 0, 0
467004, 4127819, 0, 0
468031, 3768952, 0, 0
469044, 4455570, 0, 0
470058, 3818348, 0, 0
471026, 4455668, 0, 0
472036, 3478440, 0, 0
473034, 4017377, 0, 0
474017, 4022207, 0, 0
475004, 3835629, 0, 0
476008, 4283553, 0, 0
477034, 3866798, 0, 0
478042, 3977096, 0, 0
479054, 4124572, 0, 0
480060, 4386186, 0, 0
481045, 3753593, 0, 0
482055, 3776017, 0, 0
483048, 3769506, 0, 0
484000, 4483046, 0, 0
485033, 3937057, 0, 0
486017, 3735958, 0, 0
487000, 4109497, 0, 0
488006, 4201092, 0, 0
489021, 4630384, 0, 0
490028, 4104348, 0, 0
491058, 3556790, 0, 0
492058, 4093935, 0, 0
493048, 3983804, 0, 0
494047, 3960000, 0, 0
495001, 3887430, 0, 0
496000, 3923437, 0, 0
497047, 4434174, 0, 0
498019, 3717531, 0, 0
499073, 3641754, 0, 0
500020, 4056924, 0, 0
501052, 4540546, 0, 0
502057, 3843461, 0, 0
503028, 4127393, 0, 0
504028, 4641286, 0, 0
505054, 4341384, 0, 0
506023, 4501150, 0, 0
507013, 3648598, 0, 0
508020, 3643924, 0, 0
509029, 3886525, 0, 0
510001, 3478366, 0, 0
511120, 4837502, 0, 0
512023, 3821967, 0, 0
513055, 3993962, 0, 0
514053, 4052180, 0, 0
515050, 4162555, 0, 0
516054, 4731682, 0, 0
517036, 3999856, 0, 0
518028, 4025996, 0, 0
519046, 3331719, 0, 0
520039, 3517976, 0, 0
521059, 4121630, 0, 0
522030, 3894642, 0, 0
523043, 3828947, 0, 0
524051, 3995075, 0, 0
525005, 3905535, 0, 0
526038, 4818697, 0, 0
527000, 3752572, 0, 0
528009, 3903245, 0, 0
529026, 3640620, 0, 0
530000, 3497447, 0, 0
531045, 4224209, 0, 0
532036, 3896535, 0, 0
533023, 4303298, 0, 0
534022, 4641360, 0, 0
535025, 4659560, 0, 0
536018, 4587557, 0, 0
537030, 4195636, 0, 0
538043, 4637248, 0, 0
539017, 4038832, 0, 0
540052, 4590711, 0, 0
541009, 4135363, 0, 0
542031, 4166671, 0, 0
543033, 4118182, 0, 0
544091, 3757527, 0, 0
545050, 3925716, 0, 0
546059, 3831247, 0, 0
547044, 3918983, 0, 0
548028, 4110490, 0, 0
549039, 3630328, 0, 0
550006, 4037848, 0, 0
551044, 3688019, 0, 0
552060, 4263545, 0, 0
553010, 3733380, 0, 0
554048, 4319232, 0, 0
555009, 4572534, 0, 0
556011, 4464734, 0, 0
557012, 3983852, 0, 0
558025, 3845146, 0, 0
559008, 3940680, 0, 0
560044, 4295231, 0, 0
561035, 3818716, 0, 0
562050, 4005424, 0, 0
563027, 4117813, 0, 0
564014, 3834079, 0, 0
565043, 3736237, 0, 0
566038, 3585782, 0, 0
567038, 4123823, 0, 0
568003, 3781192, 0, 0
569021, 3806015, 0, 0
570049, 4603690, 0, 0
571021, 4331696, 0, 0
572013, 4179199, 0, 0
573043, 3781595, 0, 0
574019, 3869116, 0, 0
575003, 3835347, 0, 0
576031, 4314961, 0, 0
577058, 4662034, 0, 0
578007, 3520601, 0, 0
579001, 4103641, 0, 0
580007, 3953738, 0, 0
581022, 3290814, 0, 0
582015, 4566691, 0, 0
583015, 3826883, 0, 0
584012, 3619886, 0, 0
585055, 3457860, 0, 0
586059, 3410634, 0, 0
587011, 3973676, 0, 0
588016, 4149661, 0, 0
589048, 3746510, 0, 0
590054, 3731625, 0, 0
591003, 3866219, 0, 0
592012, 3548218, 0, 0
593041, 3998060, 0, 0
594045, 3994554, 0, 0
595050, 3786287, 0, 0
596000, 4293081, 0, 0
597014, 3938706, 0, 0
598009, 3835566, 0, 0
599060, 4065925, 0, 0
600052, 4145274, 0, 0
601010, 4101881, 0, 0
602022, 4158490, 0, 0
603056, 3867328, 0, 0
604010, 4141047, 0, 0
605007, 3815018, 0, 0
606053, 4143321, 0, 0
607060, 4090890, 0, 0
608012, 4009166, 0, 0
609023, 3319261, 0, 0
610007, 3583900, 0, 0
611052, 4141600, 0, 0
612068, 4212118, 0, 0
613000, 3442794, 0, 0
614017, 4517321, 0, 0
615041, 3597789, 0, 0
616056, 4053785, 0, 0
617017, 3854746, 0, 0
618035, 3910399, 0, 0
619029, 3906484, 0, 0
620064, 4360071, 0, 0
621055, 4124838, 0, 0
622010, 4273206, 0, 0
623035, 3735184, 0, 0
624063, 3590464, 0, 0
625025, 3872053, 0, 0
626022, 3672190, 0, 0
627023, 4049371, 0, 0
628032, 3902550, 0, 0
629003, 3563891, 0, 0
630030, 3586032, 0, 0
631020, 4170537, 0, 0
632002, 3843116, 0, 0
633047, 4386218, 0, 0
634022, 3757763, 0, 0
635043, 4016713, 0, 0
636003, 4044243, 0, 0
637008, 4602085, 0, 0
638043, 4083386, 0, 0
639029, 4088390, 0, 0
640014, 4352589, 0, 0
641037, 3957787, 0, 0
642025, 4696005, 0, 0
643035, 3682608, 0, 0
644064, 3747732, 0, 0
645036, 3881475, 0, 0
646064, 4243671, 0, 0
647054, 3715565, 0, 0
648036, 4103970, 0, 0
649019, 3876517, 0, 0
650038, 4008429, 0, 0
651030, 3975657, 0, 0
652048, 3606465, 0, 0
653049, 3813967, 0, 0
654039, 3830714, 0, 0
655051, 4074980, 0, 0
656003, 3379435, 0, 0
657058, 3991418, 0, 0
658018, 4045727, 0, 0
659036, 3642504, 0, 0
660011, 4569051, 0, 0
661050, 3704313, 0, 0
662006, 4132474, 0, 0
663017, 3883750, 0, 0
664028, 3738168, 0, 0
665057, 4246027, 0, 0
666063, 3746798, 0, 0
667008, 4175384, 0, 0
668026, 4098599, 0, 0
669043, 3640361, 0, 0
670050, 4409780, 0, 0
671040, 4205106, 0, 0
672000, 3882636, 0, 0
673054, 3884141, 0, 0
674001, 4632366, 0, 0
675016, 4102720, 0, 0
676028, 3534278, 0, 0
677055, 4037035, 0, 0
678052, 3698893, 0, 0
679019, 3877976, 0, 0
680008, 3918022, 0, 0
681026, 4068750, 0, 0
682027, 4539780, 0, 0
683022, 4644040, 0, 0
684009, 3819775, 0, 0
685007, 4104245, 0, 0
686001, 3890379, 0, 0
687003, 3650899, 0, 0
688049, 4000332, 0, 0
689042, 4430654, 0, 0
690000, 3794875, 0, 0
691054, 3987167, 0, 0
692020, 3968069, 0, 0
693019, 3925648, 0, 0
694056, 3647089, 0, 0
695040, 4445898, 0, 0
696058, 3894023, 0, 0
697012, 4000659, 0, 0
698043, 4439685, 0, 0
699035, 3867367, 0, 0
700025, 3789355, 0, 0
701012, 4420455, 0, 0
702010, 3888569, 0, 0
703002, 4043954, 0, 0
704031, 4211815, 0, 0
705046, 3711223, 0, 0
706044, 3938706, 0, 0
707028, 4251934, 0, 0
708058, 4099546, 0, 0
709019, 3868735, 0, 0
710060, 4014032, 0, 0
711015, 3815546, 0, 0
712053, 3967695, 0, 0
713063, 3503044, 0, 0
714058, 4005794, 0, 0
715014, 3613910, 0, 0
716053, 3579164, 0, 0
717063, 3983891, 0, 0
718040, 3260562, 0, 0
719024, 4079049, 0, 0
720001, 3520296, 0, 0
721001, 3767772, 0, 0
722029, 3902472, 0, 0
723002, 4356095, 0, 0
724004, 3895153, 0, 0
725031, 4018078, 0, 0
726026, 4437978, 0, 0
727045, 3672139, 0, 0
728013, 3959662, 0, 0
729036, 4134669, 0, 0
730021, 3798120, 0, 0
731019, 4353888, 0, 0
732052, 4026043, 0, 0
733009, 3981707, 0, 0
734012, 4071849, 0, 0
735043, 4381886, 0, 0
736035, 3587116, 0, 0
737015, 3779761, 0, 0
738012, 3644250, 0, 0
739015, 4105275, 0, 0
740051, 4204661, 0, 0
741002, 3781889, 0, 0
742002, 4061596, 0, 0
743045, 4049729, 0, 0
744005, 3881577, 0, 0
745057, 4471385, 0, 0
746016, 4006414, 0, 0
747042, 3579359, 0, 0
748038, 4091413, 0, 0
749007, 3767017, 0, 0
750042, 4267667, 0, 0
751058, 4108454, 0, 0
752031, 3640317, 0, 0
753044, 4248019, 0, 0
754018, 3448749, 0, 0
755044, 4492340, 0, 0
756069, 4230230, 0, 0
757027, 3842154, 0, 0
758008, 3722292, 0, 0
759028, 3874406, 0, 0
760027, 3970129, 0, 0
761011, 3586713, 0, 0
762040, 4588582, 0, 0
763038, 3939105, 0, 0
764000, 4052232, 0, 0
765010, 4443639, 0, 0
766013, 3909530, 0, 0
767002, 4117962, 0, 0
768006, 3929312, 0, 0
769027, 4676128, 0, 0
770062, 4185839, 0, 0
771000, 3381280, 0, 0
772020, 3932924, 0, 0
773013, 4165720, 0, 0
774053, 3437202, 0, 0
775028, 3538415, 0, 0
776004, 3545315, 0, 0
777011, 3626214, 0, 0
778000, 4471645, 0, 0
779003, 3864235, 0, 0
780021, 4403895, 0, 0
781064, 4356671, 0, 0
782044, 3598261, 0, 0
783032, 4566919, 0, 0
784026, 4277576, 0, 0
785013, 3910081, 0, 0
786056, 3931658, 0, 0
787007, 4073696, 0, 0
788043, 3775959, 0, 0
789042, 4190978, 0, 0
790058, 3827719, 0, 0
791008, 4293085, 0, 0
792024, 3827892, 0, 0
793053, 4333632, 0, 0
794023, 4633952, 0, 0
795039, 4356446, 0, 0
796059, 4759553, 0, 0
797005, 3734002, 0, 0
798044, 3663936, 0, 0
799029, 4082080, 0, 0
800023, 4430965, 0, 0
801042, 4502163, 0, 0
802033, 3835015, 0, 0
803021, 3916002, 0, 0
804006, 3766314, 0, 0
805017, 4222742, 0, 0
806082, 4172702, 0, 0
807043, 4154224, 0, 0
808025, 4001493, 0, 0
809023, 3876604, 0, 0
810006, 4547265, 0, 0
811008, 3908235, 0, 0
812005, 4233811, 0, 0
813048, 3829140, 0, 0
814056, 3828122, 0, 0
815064, 4104808, 0, 0
816035, 4253013, 0, 0
817023, 4046091, 0, 0
818020, 4162436, 0, 0
819021, 4166834, 0, 0
820042, 4044050, 0, 0
821011, 4608218, 0, 0
822047, 4089082, 0, 0
823040, 3919815, 0, 0
824016, 3517738, 0, 0
825060, 4307127, 0, 0
826011, 4258088, 0, 0
827053, 3883919, 0, 0
828046, 4079686, 0, 0
829055, 3532870, 0, 0
830014, 4236986, 0, 0
831005, 4073717, 0, 0
832015, 4404955, 0, 0
833040, 3588922, 0, 0
834000, 3757021, 0, 0
835031, 3930084, 0, 0
836055, 4011709, 0, 0
837035, 3804666, 0, 0
838051, 3994131, 0, 0
839018, 4234602, 0, 0
840005, 4324304, 0, 0
841054, 4494943, 0, 0
842070, 4788276, 0, 0
843004, 4019554, 0, 0
844065, 4325531, 0, 0
845049, 3958770, 0, 0
846008, 4184294, 0, 0
847055, 3566705, 0, 0
848027, 3978957, 0, 0
849032, 3543015, 0, 0
850049, 4077671, 0, 0
851048, 4340102, 0, 0
852024, 4025342, 0, 0
853029, 3937413, 0, 0
854057, 4686774, 0, 0
855051, 4724459, 0, 0
856006, 4113217, 0, 0
857058, 3920045, 0, 0
858007, 4511088, 0, 0
859016, 4231750, 0, 0
860018, 4067844, 0, 0
861012, 3832953, 0, 0
862004, 3929758, 0, 0
863006, 4170615, 0, 0
864024, 4128299, 0, 0
865044, 4318741, 0, 0
866044, 3781035, 0, 0
867049, 3918462, 0, 0
868015, 4004142, 0, 0
869055, 3978397, 0, 0
870029, 4245551, 0, 0
871031, 3986613, 0, 0
872035, 4108084, 0, 0
873061, 4132953, 0, 0
874051, 3843266, 0, 0
875055, 4108185, 0, 0
876028, 3780835, 0, 0
877042, 4066107, 0, 0
878022, 4080083, 0, 0
879011, 4046562, 0, 0
880016, 4363381, 0, 0
881027, 4609718, 0, 0
882000, 3635463, 0, 0
883037, 4316929, 0, 0
884023, 4690821, 0, 0
885023, 4476839, 0, 0
886008, 4575841, 0, 0
887036, 4223108, 0, 0
888042, 3954569, 0, 0
889004, 4020540, 0, 0
890040, 4343817, 0, 0
891008, 4184749, 0, 0
892020, 4533906, 0, 0
893010, 3742507, 0, 0
894053, 3370319, 0, 0
895029, 3594600, 0, 0
896047, 4149485, 0, 0
897048, 4542954, 0, 0
898040, 4042793, 0, 0
899032, 3853555, 0, 0
900034, 3495514, 0, 0
901062, 3873546, 0, 0
902037, 4945121, 0, 0
903031, 4189516, 0, 0
904033, 3788701, 0, 0
905051, 4660952, 0, 0
906005, 4371653, 0, 0
907041, 3888251, 0, 0
908002, 3931337, 0, 0
909022, 4028302, 0, 0
910017, 4357863, 0, 0
911002, 4219711, 0, 0
912000, 3759050, 0, 0
913015, 4827436, 0, 0
914013, 4470307, 0, 0
915051, 4301270, 0, 0
916026, 3893500, 0, 0
917000, 3935310, 0, 0
918019, 4371125, 0, 0
919022, 4155069, 0, 0
920037, 3974734, 0, 0
921028, 3973450, 0, 0
922009, 3840402, 0, 0
923000, 4285186, 0, 0
924054, 4175083, 0, 0
925072, 3820518, 0, 0
926028, 4080668, 0, 0
927045, 3906338, 0, 0
928049, 3961585, 0, 0
929018, 3609602, 0, 0
930009, 3663658, 0, 0
931007, 3731182, 0, 0
932026, 3766964, 0, 0
933001, 3865882, 0, 0
934047, 4245130, 0, 0
935042, 4023213, 0, 0
936005, 4197492, 0, 0
937002, 3968438, 0, 0
938055, 3807428, 0, 0
939028, 3693454, 0, 0
940023, 3510477, 0, 0
941046, 3393153, 0, 0
942019, 3997060, 0, 0
943039, 4106209, 0, 0
944027, 3710796, 0, 0
945044, 3802937, 0, 0
946019, 4069986, 0, 0
947004, 4515241, 0, 0
948050, 4193310, 0, 0
949059, 4580200, 0, 0
950028, 3964924, 0, 0
951014, 4171321, 0, 0
952057, 4184234, 0, 0
953032, 4326194, 0, 0
954015, 4158885, 0, 0
955013, 4448438, 0, 0
956015, 4241860, 0, 0
957026, 4671691, 0, 0
958046, 3979447, 0, 0
959018, 4351013, 0, 0
960012, 3569512, 0, 0
961017, 3890321, 0, 0
962040, 3701464, 0, 0
963024, 4145790, 0, 0
964011, 4053748, 0, 0
965051, 3530822, 0, 0
966028, 4737378, 0, 0
967011, 4568114, 0, 0
968033, 4096270, 0, 0
969036, 4021750, 0, 0
970026, 4226050, 0, 0
971031, 4498974, 0, 0
972026, 4156765, 0, 0
973008, 4226985, 0, 0
974026, 3956666, 0, 0
975060, 3938807, 0, 0
976007, 4096486, 0, 0
977015, 4573800, 0, 0
978010, 3957012, 0, 0
979052, 3785626, 0, 0
980000, 3924620, 0, 0
981019, 3199931, 0, 0
982046, 4439766, 0, 0
983026, 4254062, 0, 0
984000, 3810627, 0, 0
985056, 4042499, 0, 0
986009, 4597226, 0, 0
987019, 4048993, 0, 0
988009, 3925198, 0, 0
989046, 4601419, 0, 0
990058, 4263723, 0, 0
991035, 4012079, 0, 0
992038, 4556368, 0, 0
993007, 3808885, 0, 0
994030, 4202687, 0, 0
995012, 3904345, 0, 0
996053, 4296181, 0, 0
997041, 4443619, 0, 0
998053, 3995250, 0, 0
999023, 3680401, 0, 0
1000046, 3975872, 0, 0
1001051, 4543118, 0, 0
1002023, 4182029, 0, 0
1003009, 4086990, 0, 0
1004020, 3881949, 0, 0
1005058, 4111610, 0, 0
1006045, 4211917, 0, 0
1007004, 3546757, 0, 0
1008040, 4220631, 0, 0
1009004, 4242261, 0, 0
1010017, 3904485, 0, 0
1011028, 4052481, 0, 0
1012039, 4122518, 0, 0
1013000, 3449412, 0, 0
1014035, 4067410, 0, 0
1015006, 3645877, 0, 0
1016045, 4413249, 0, 0
1017014, 4189286, 0, 0
1018009, 4247321, 0, 0
1019002, 3935668, 0, 0
1020057, 4163917, 0, 0
1021004, 3939187, 0, 0
1022011, 3417566, 0, 0
1023050, 4035739, 0, 0
1024011, 3691218, 0, 0
1025038, 4154367, 0, 0
1026020, 4244539, 0, 0
1027000, 3821312, 0, 0
1028048, 3946877, 0, 0
1029017, 4066039, 0, 0
1030000, 4360089, 0, 0
1031028, 4060402, 0, 0
1032023, 4191539, 0, 0
1033009, 4414964, 0, 0
1034029, 4090109, 0, 0
1035066, 4011177, 0, 0
1036052, 4396605, 0, 0
1037041, 4013272, 0, 0
1038066, 4590202, 0, 0
1039058, 4059020, 0, 0
1040005, 4903338, 0, 0
1041056, 4066144, 0, 0
1042053, 4426401, 0, 0
1043050, 4145855, 0, 0
1044031, 3952132, 0, 0
1045058, 4307820, 0, 0
1046001, 3719381, 0, 0
1047057, 3792813, 0, 0
1048043, 3395852, 0, 0
1049006, 2690483, 0, 0
1050000, 2435356, 0, 0
1051046, 3225202, 0, 0
1052052, 3891656, 0, 0
1053021, 3885392, 0, 0
1054041, 3946488, 0, 0
1055029, 3884646, 0, 0
1056056, 3840647, 0, 0
1057014, 4070616, 0, 0
1058050, 3945386, 0, 0
1059031, 3785013, 0, 0
1060043, 4175797, 0, 0
1061024, 4333821, 0, 0
1062000, 3748493, 0, 0
1063006, 3760828, 0, 0
1064000, 3317272, 0, 0
1065057, 4139609, 0, 0
1066006, 3897470, 0, 0
1067030, 3831469, 0, 0
1068046, 4208959, 0, 0
1069001, 4039795, 0, 0
1070027, 4288030, 0, 0
1071002, 3561300, 0, 0
1072044, 3881663, 0, 0
1073016, 3899641, 0, 0
1074017, 3541470, 0, 0
1075006, 3983100, 0, 0
1076027, 3800702, 0, 0
1077042, 3555000, 0, 0
1078039, 3981280, 0, 0
1079020, 4014352, 0, 0
1080059, 3786211, 0, 0
1081015, 4041348, 0, 0
1082006, 3650970, 0, 0
1083056, 3825773, 0, 0
1084002, 3335688, 0, 0
1085040, 3880933, 0, 0
1086054, 3878958, 0, 0
1087029, 3924763, 0, 0
1088039, 3788644, 0, 0
1089036, 3619098, 0, 0
1090032, 3964438, 0, 0
1091055, 4200981, 0, 0
1092045, 3801762, 0, 0
1093031, 4019713, 0, 0
1094020, 3840801, 0, 0
1095018, 3651231, 0, 0
1096051, 4029655, 0, 0
1097010, 3988702, 0, 0
1098034, 3745853, 0, 0
1099016, 3937818, 0, 0
1100038, 4249107, 0, 0
1101001, 3687097, 0, 0
1102049, 4102368, 0, 0
1103023, 3599807, 0, 0
1104024, 3457450, 0, 0
1105003, 3945109, 0, 0
1106017, 4182172, 0, 0
1107064, 3843016, 0, 0
1108026, 3479427, 0, 0
1109058, 4041899, 0, 0
1110023, 3477899, 0, 0
1111037, 3552061, 0, 0
1112009, 4255870, 0, 0
1113023, 3680294, 0, 0
1114024, 3701050, 0, 0
1115012, 3679324, 0, 0
1116018, 3404116, 0, 0
1117016, 4173212, 0, 0
1118024, 3976136, 0, 0
1119023, 3564198, 0, 0
1120004, 4513881, 0, 0
1121043, 3842579, 0, 0
1122031, 4212831, 0, 0
1123049, 3941949, 0, 0
1124022, 3824623, 0, 0
1125033, 3989446, 0, 0
1126026, 3628287, 0, 0
1127042, 4229570, 0, 0
1128038, 3683428, 0, 0
1129000, 3677057, 0, 0
1130048, 4186605, 0, 0
1131035, 3791991, 0, 0
1132004, 3963815, 0, 0
1133051, 3773920, 0, 0
1134054, 3852946, 0, 0
1135037, 3803678, 0, 0
1136060, 3797168, 0, 0
1137058, 4100346, 0, 0
1138055, 3566125, 0, 0
1139050, 4072598, 0, 0
1140053, 3722975, 0, 0
1141029, 3945802, 0, 0
1142014, 3778600, 0, 0
1143008, 4412825, 0, 0
1144011, 4007797, 0, 0
1145013, 3649768, 0, 0
1146023, 3575454, 0, 0
1147039, 3620934, 0, 0
1148032, 3529841, 0, 0
1149001, 3793600, 0, 0
1150029, 3321033, 0, 0
1151014, 4182485, 0, 0
1152034, 3718712, 0, 0
1153019, 3796794, 0, 0
1154017, 3729761, 0, 0
1155002, 4450546, 0, 0
1156023, 4231185, 0, 0
1157016, 4112201, 0, 0
1158029, 3384002, 0, 0
1159050, 3804486, 0, 0
1160012, 3856675, 0, 0
1161036, 3731559, 0, 0
1162034, 4236696, 0, 0
1163056, 3686955, 0, 0
1164030, 3998334, 0, 0
1165018, 3268227, 0, 0
1166011, 4273458, 0, 0
1167000, 3839806, 0, 0
1168006, 4334147, 0, 0
1169012, 4133932, 0, 0
1170039, 3462896, 0, 0
1171003, 3926606, 0, 0
1172038, 4037804, 0, 0
1173026, 3668248, 0, 0
1174080, 4173298, 0, 0
1175034, 3649532, 0, 0
1176037, 4054336, 0, 0
1177013, 3430620, 0, 0
1178011, 4222570, 0, 0
1179008, 3659744, 0, 0
1180014, 4033318, 0, 0
1181032, 3849928, 0, 0
1182010, 3755974, 0, 0
1183027, 3465954, 0, 0
1184054, 4132163, 0, 0
1185000, 3663729, 0, 0
1186037, 3415902, 0, 0
1187016, 3848367, 0, 0
1188005, 3996353, 0, 0
1189008, 3899154, 0, 0
1190058, 3479815, 0, 0
1191006, 4192088, 0, 0
1192028, 3655382, 0, 0
1193053, 4028080, 0, 0
1194024, 3774930, 0, 0
1195023, 3640043, 0, 0
1196008, 4044929, 0, 0
1197051, 3803248, 0, 0
1198025, 4378706, 0, 0
1199028, 4156652, 0, 0
1200000, 3450102, 0, 0
1201020, 4160630, 0, 0
1202046, 3708915, 0, 0
1203029, 3175507, 0, 0
1204039, 3895172, 0, 0
1205024, 4132008, 0, 0
1206022, 4033012, 0, 0
1207043, 4339060, 0, 0
1208045, 3877945, 0, 0
1209034, 3999330, 0, 0
1210053, 3796301, 0, 0
1211044, 3803394, 0, 0
1212028, 3600638, 0, 0
1213015, 3803197, 0, 0
1214050, 3730605, 0, 0
1215041, 3805869, 0, 0
1216001, 4095110, 0, 0
1217000, 3852743, 0, 0
1218049, 3999047, 0, 0
1219049, 3794054, 0, 0
1220039, 3729237, 0, 0
1221051, 4042895, 0, 0
1222018, 3958237, 0, 0
1223018, 3914210, 0, 0
1224056, 3674922, 0, 0
1225040, 3560641, 0, 0
1226043, 3476877, 0, 0
1227006, 4037543, 0, 0
1228013, 3737620, 0, 0
1229020, 4139575, 0, 0
1230057, 3670680, 0, 0
1231023, 3904263, 0, 0
1232021, 3801655, 0, 0
1233052, 3842042, 0, 0
1234009, 3929319, 0, 0
1235046, 3647584, 0, 0
1236003, 3745154, 0, 0
1237025, 3724886, 0, 0
1238025, 4108935, 0, 0
1239030, 4077785, 0, 0
1240020, 4534116, 0, 0
1241049, 3806797, 0, 0
1242015, 3796284, 0, 0
1243017, 3775400, 0, 0
1244057, 3920071, 0, 0
1245043, 3771366, 0, 0
1246022, 3756685, 0, 0
1247011, 3564880, 0, 0
1248040, 3878477, 0, 0
1249003, 3371717, 0, 0
1250064, 3758297, 0, 0
1251019, 3737367, 0, 0
1252008, 4116723, 0, 0
1253043, 3855270, 0, 0
1254047, 3490211, 0, 0
1255006, 3909968, 0, 0
1256021, 4274253, 0, 0
1257000, 3893838, 0, 0
1258012, 3843579, 0, 0
1259011, 3345454, 0, 0
1260012, 3830259, 0, 0
1261017, 3730569, 0, 0
1262058, 3521175, 0, 0
1263005, 3975052, 0, 0
1264032, 3634116, 0, 0
1265020, 3343671, 0, 0
1266032, 3783565, 0, 0
1267024, 3825507, 0, 0
1268016, 4024195, 0, 0
1269051, 3455089, 0, 0
1270067, 3916249, 0, 0
1271055, 3994907, 0, 0
1272045, 3923562, 0, 0
1273054, 3888167, 0, 0
1274044, 3351836, 0, 0
1275046, 4117454, 0, 0
1276022, 3746927, 0, 0
1277025, 4262755, 0, 0
1278006, 3901149, 0, 0
1279001, 3923729, 0, 0
1280043, 3563917, 0, 0
1281009, 3457586, 0, 0
1282049, 4038703, 0, 0
1283015, 4573260, 0, 0
1284031, 4261010, 0, 0
1285052, 3908467, 0, 0
1286053, 3827304, 0, 0
1287026, 3766736, 0, 0
1288015, 3655170, 0, 0
1289021, 3537523, 0, 0
1290008, 3568436, 0, 0
1291056, 3463981, 0, 0
1292024, 3592273, 0, 0
1293054, 3822225, 0, 0
1294049, 3881941, 0, 0
1295043, 3569663, 0, 0
1296047, 4073531, 0, 0
1297029, 3848433, 0, 0
1298050, 4210406, 0, 0
1299001, 3782481, 0, 0
1300005, 3566100, 0, 0
1301062, 4189983, 0, 0
1302034, 3791562, 0, 0
1303040, 3717168, 0, 0
1304017, 3697280, 0, 0
1305009, 3750563, 0, 0
1306049, 3667460, 0, 0
1307025, 3900573, 0, 0
1308003, 3399485, 0, 0
1309019, 3731076, 0, 0
1310021, 3905366, 0, 0
1311045, 3949707, 0, 0
1312031, 3476971, 0, 0
1313010, 4056971, 0, 0
1314058, 3789589, 0, 0
1315036, 3450793, 0, 0
1316044, 3841473, 0, 0
1317054, 3907592, 0, 0
1318024, 3768987, 0, 0
1319054, 3753756, 0, 0
1320007, 3686589, 0, 0
1321031, 3454798, 0, 0
1322056, 3540993, 0, 0
1323067, 4103657, 0, 0
1324032, 3232219, 0, 0
1325013, 3934230, 0, 0
1326039, 4393436, 0, 0
1327032, 4131868, 0, 0
1328019, 3988492, 0, 0
1329051, 3736132, 0, 0
1330051, 4091079, 0, 0
1331031, 4425490, 0, 0
1332046, 3402423, 0, 0
1333015, 3406481, 0, 0
1334023, 3479512, 0, 0
1335032, 3522197, 0, 0
1336017, 3643411, 0, 0
1337055, 3362415, 0, 0
1338010, 4058746, 0, 0
1339031, 4108639, 0, 0
1340046, 3543998, 0, 0
1341014, 3803661, 0, 0
1342005, 3637490, 0, 0
1343004, 3960406, 0, 0
1344046, 4196274, 0, 0
1345013, 4448711, 0, 0
1346023, 4051408, 0, 0
1347000, 3571194, 0, 0
1348023, 3595647, 0, 0
1349036, 4417606, 0, 0
1350015, 3649264, 0, 0
1351049, 3793365, 0, 0
1352009, 4065103, 0, 0
1353026, 3636496, 0, 0
1354001, 3660241, 0, 0
1355025, 3903529, 0, 0
1356015, 3876031, 0, 0
1357001, 3755622, 0, 0
1358044, 3655154, 0, 0
1359035, 3689457, 0, 0
1360001, 3654331, 0, 0
1361031, 3713388, 0, 0
1362057, 3895425, 0, 0
1363014, 3852814, 0, 0
1364058, 3580231, 0, 0
1365001, 3579533, 0, 0
1366054, 3539020, 0, 0
1367000, 3921241, 0, 0
1368006, 3534276, 0, 0
1369021, 4054082, 0, 0
1370044, 3594583, 0, 0
1371006, 4194875, 0, 0
1372046, 3819219, 0, 0
1373014, 3552999, 0, 0
1374044, 3656417, 0, 0
1375036, 4288797, 0, 0
1376031, 3439088, 0, 0
1377024, 3755899, 0, 0
1378062, 4467655, 0, 0
1379034, 3633530, 0, 0
1380019, 3537301, 0, 0
1381000, 4063529, 0, 0
1382019, 3700192, 0, 0
1383009, 3937454, 0, 0
1384005, 4461034, 0, 0
1385049, 3616949, 0, 0
1386003, 4052590, 0, 0
1387050, 3874389, 0, 0
1388061, 3306109, 0, 0
1389024, 3562336, 0, 0
1390005, 3916061, 0, 0
1391004, 3574662, 0, 0
1392038, 3675048, 0, 0
1393026, 3497132, 0, 0
1394016, 4227332, 0, 0
1395019, 3833698, 0, 0
1396015, 3826002, 0, 0
1397041, 3837081, 0, 0
1398018, 4135056, 0, 0
1399023, 3813263, 0, 0
1400015, 4327466, 0, 0
1401026, 3879714, 0, 0
1402037, 3854667, 0, 0
1403033, 3428667, 0, 0
1404018, 4352182, 0, 0
1405018, 4010225, 0, 0
1406047, 4092635, 0, 0
1407048, 4482340, 0, 0
1408063, 4022005, 0, 0
1409055, 3736408, 0, 0
1410011, 3757421, 0, 0
1411024, 3966183, 0, 0
1412052, 4124404, 0, 0
1413003, 4008133, 0, 0
1414006, 4003189, 0, 0
1415023, 3833078, 0, 0
1416010, 3803975, 0, 0
1417051, 3622497, 0, 0
1418024, 3794086, 0, 0
1419036, 3754080, 0, 0
1420016, 3373332, 0, 0
1421061, 3636077, 0, 0
1422031, 3535444, 0, 0
1423002, 3785358, 0, 0
1424017, 4172145, 0, 0
1425053, 3932730, 0, 0
1426049, 3722908, 0, 0
1427049, 3632888, 0, 0
1428048, 3940249, 0, 0
1429015, 4143390, 0, 0
1430017, 4036929, 0, 0
1431039, 4286143, 0, 0
1432015, 4471506, 0, 0
1433012, 3888830, 0, 0
1434024, 3771661, 0, 0
1435008, 3544276, 0, 0
1436035, 3328553, 0, 0
1437030, 3991043, 0, 0
1438037, 3601783, 0, 0
1439026, 3813563, 0, 0
1440059, 4192260, 0, 0
1441015, 4317615, 0, 0
1442038, 3370606, 0, 0
1443035, 3891814, 0, 0
1444056, 4227748, 0, 0
1445047, 3792589, 0, 0
1446033, 4263415, 0, 0
1447018, 3436749, 0, 0
1448042, 3843363, 0, 0
1449044, 3560887, 0, 0
1450041, 3516647, 0, 0
1451040, 4224512, 0, 0
1452047, 3796175, 0, 0
1453007, 3523785, 0, 0
1454037, 3557686, 0, 0
1455039, 3859400, 0, 0
1456006, 4429776, 0, 0
1457010, 3885840, 0, 0
1458015, 3674851, 0, 0
1459014, 4058082, 0, 0
1460030, 3885906, 0, 0
1461019, 3755588, 0, 0
1462012, 3766508, 0, 0
1463062, 3681179, 0, 0
1464012, 3855752, 0, 0
1465056, 3579820, 0, 0
1466044, 4160708, 0, 0
1467025, 4185766, 0, 0
1468055, 3896184, 0, 0
1469040, 4470045, 0, 0
1470050, 3614140, 0, 0
1471029, 3834352, 0, 0
1472048, 3426349, 0, 0
1473024, 3835263, 0, 0
1474005, 4239172, 0, 0
1475025, 3873136, 0, 0
1476016, 3774562, 0, 0
1477045, 4044889, 0, 0
1478001, 4045654, 0, 0
1479034, 3295220, 0, 0
1480023, 3724814, 0, 0
1481025, 3940168, 0, 0
1482044, 3926248, 0, 0
1483032, 3412265, 0, 0
1484020, 3826028, 0, 0
1485005, 3560928, 0, 0
1486042, 3893927, 0, 0
1487010, 3803996, 0, 0
1488000, 3374718, 0, 0
1489044, 3669246, 0, 0
1490054, 3626960, 0, 0
1491032, 3497463, 0, 0
1492035, 4071419, 0, 0
1493016, 4081583, 0, 0
1494002, 3593105, 0, 0
1495060, 3943572, 0, 0
1496003, 4397565, 0, 0
1497031, 3995268, 0, 0
1498050, 4154423, 0, 0
1499005, 3708919, 0, 0
1500000, 3470653, 0, 0
1501033, 4162332, 0, 0
1502045, 3979110, 0, 0
1503060, 3971743, 0, 0
1504016, 3804236, 0, 0
1505017, 3873674, 0, 0
1506021, 4059759, 0, 0
1507024, 3864597, 0, 0
1508056, 3388775, 0, 0
1509051, 3613135, 0, 0
1510049, 4330683, 0, 0
1511011, 3559637, 0, 0
1512023, 3458469, 0, 0
1513021, 3497237, 0, 0
1514001, 4162819, 0, 0
1515046, 4207726, 0, 0
1516055, 3745222, 0, 0
1517050, 3720009, 0, 0
1518051, 4062767, 0, 0
1519057, 3559565, 0, 0
1520021, 4149064, 0, 0
1521021, 4380225, 0, 0
1522075, 3679611, 0, 0
1523013, 4022496, 0, 0
1524004, 3876492, 0, 0
1525049, 4209593, 0, 0
1526003, 3919828, 0, 0
1527015, 4227213, 0, 0
1528002, 4090748, 0, 0
1529042, 3370897, 0, 0
1530004, 4194880, 0, 0
1531003, 4005411, 0, 0
1532046, 3961013, 0, 0
1533027, 3558259, 0, 0
1534042, 4332881, 0, 0
1535037, 3484277, 0, 0
1536001, 3476450, 0, 0
1537000, 4104163, 0, 0
1538055, 3644457, 0, 0
1539049, 3647956, 0, 0
1540004, 3597975, 0, 0
1541055, 4584502, 0, 0
1542021, 4051867, 0, 0
1543025, 3944599, 0, 0
1544065, 3804404, 0, 0
1545017, 4042766, 0, 0
1546037, 4075191, 0, 0
1547043, 3651491, 0, 0
1548016, 3857665, 0, 0
1549055, 3742211, 0, 0
1550041, 4087330, 0, 0
1551057, 4244257, 0, 0
1552045, 3749796, 0, 0
1553047, 3941970, 0, 0
1554024, 3764689, 0, 0
1555004, 3820409, 0, 0
1556061, 3391915, 0, 0
1557066, 4200213, 0, 0
1558056, 3633765, 0, 0
1559040, 3737382, 0, 0
1560041, 3493213, 0, 0
1561044, 3911496, 0, 0
1562002, 3567802, 0, 0
1563052, 3615049, 0, 0
1564055, 3604107, 0, 0
1565027, 3745574, 0, 0
1566050, 4239400, 0, 0
1567036, 3922872, 0, 0
1568024, 3821888, 0, 0
1569054, 4113568, 0, 0
1570022, 4561475, 0, 0
1571058, 3643725, 0, 0
1572066, 3797348, 0, 0
1573018, 3740618, 0, 0
1574053, 4218313, 0, 0
1575024, 4215237, 0, 0
1576043, 4102414, 0, 0
1577005, 3453597, 0, 0
1578047, 4468834, 0, 0
1579050, 3778745, 0, 0
1580002, 3416487, 0, 0
1581053, 3658229, 0, 0
1582049, 3498229, 0, 0
1583017, 3928936, 0, 0
1584034, 4619040, 0, 0
1585011, 3544391, 0, 0
1586058, 3773861, 0, 0
1587049, 4360083, 0, 0
1588000, 4164279, 0, 0
1589000, 3855751, 0, 0
1590023, 3573274, 0, 0
1591030, 4120643, 0, 0
1592016, 4412554, 0, 0
1593024, 3493438, 0, 0
1594018, 3691129, 0, 0
1595066, 4040718, 0, 0
1596017, 3906227, 0, 0
1597026, 3873701, 0, 0
1598044, 4165907, 0, 0
1599028, 4029970, 0, 0
1600019, 3848681, 0, 0
1601010, 3911540, 0, 0
1602005, 3638415, 0, 0
1603027, 3656570, 0, 0
1604042, 3595107, 0, 0
1605036, 3727840, 0, 0
1606044, 3828063, 0, 0
1607039, 3762291, 0, 0
1608045, 4202984, 0, 0
1609013, 3867380, 0, 0
1610029, 4025503, 0, 0
1611031, 3830833, 0, 0
1612065, 3755668, 0, 0
1613054, 3902377, 0, 0
1614023, 3664674, 0, 0
1615030, 4390176, 0, 0
1616028, 3677121, 0, 0
1617050, 3780555, 0, 0
1618044, 3646071, 0, 0
1619053, 4199506, 0, 0
1620033, 3750429, 0, 0
1621029, 3601321, 0, 0
1622006, 4299721, 0, 0
1623011, 3886617, 0, 0
1624046, 3900226, 0, 0
1625000, 3951708, 0, 0
1626038, 3883798, 0, 0
1627016, 4137367, 0, 0
1628023, 3766137, 0, 0
1629019, 4251052, 0, 0
1630055, 3902277, 0, 0
1631010, 3892108, 0, 0
1632026, 3931602, 0, 0
1633056, 4129708, 0, 0
1634047, 3677783, 0, 0
1635002, 3681835, 0, 0
1636004, 3940173, 0, 0
1637049, 3686965, 0, 0
1638027, 4035179, 0, 0
1639025, 3803406, 0, 0
1640045, 4154613, 0, 0
1641063, 4133025, 0, 0
1642047, 4061274, 0, 0
1643052, 3802610, 0, 0
1644017, 4279261, 0, 0
1645015, 3806511, 0, 0
1646027, 3841789, 0, 0
1647049, 3970383, 0, 0
1648054, 4145892, 0, 0
1649007, 4287198, 0, 0
1650014, 4135110, 0, 0
1651029, 4104177, 0, 0
1652026, 3998562, 0, 0
1653029, 3808884, 0, 0
1654002, 3916517, 0, 0
1655002, 4269597, 0, 0
1656024, 3790198, 0, 0
1657014, 3938236, 0, 0
1658012, 4369566, 0, 0
1659004, 4364109, 0, 0
1660007, 3695973, 0, 0
1661000, 4365002, 0, 0
1662004, 4127595, 0, 0
1663009, 4361450, 0, 0
1664013, 3948668, 0, 0
1665033, 3886093, 0, 0
1666046, 4376880, 0, 0
1667064, 4184777, 0, 0
1668017, 3761778, 0, 0
1669049, 4072727, 0, 0
1670037, 3835887, 0, 0
1671057, 4352487, 0, 0
1672047, 3879207, 0, 0
1673007, 3758906, 0, 0
1674047, 3773211, 0, 0
1675023, 3733514, 0, 0
1676014, 3834721, 0, 0
1677011, 3801542, 0, 0
1678043, 3888414, 0, 0
1679007, 3728270, 0, 0
1680057, 3741349, 0, 0
1681046, 4066664, 0, 0
1682028, 3937852, 0, 0
1683028, 4303533, 0, 0
1684038, 3985582, 0, 0
1685037, 4469813, 0, 0
1686013, 3947469, 0, 0
1687025, 4412026, 0, 0
1688029, 4042737, 0, 0
1689039, 4001678, 0, 0
1690051, 3962311, 0, 0
1691023, 4473484, 0, 0
1692039, 3870659, 0, 0
1693056, 4455930, 0, 0
1694043, 3775663, 0, 0
1695056, 4660558, 0, 0
1696060, 4518136, 0, 0
1697031, 3832347, 0, 0
1698017, 4240140, 0, 0
1699046, 4246423, 0, 0
1700008, 4194921, 0, 0
1701045, 4334112, 0, 0
1702037, 4127622, 0, 0
1703037, 4076906, 0, 0
1704025, 4160267, 0, 0
1705060, 4221512, 0, 0
1706000, 4205270, 0, 0
1707018, 4366055, 0, 0
1708058, 3933856, 0, 0
1709002, 3767993, 0, 0
1710057, 4196485, 0, 0
1711057, 4161639, 0, 0
1712052, 4266143, 0, 0
1713054, 4168133, 0, 0
1714004, 4372999, 0, 0
1715037, 4226017, 0, 0
1716035, 4119276, 0, 0
1717042, 4391410, 0, 0
1718032, 3798447, 0, 0
1719011, 3805184, 0, 0
1720055, 4512872, 0, 0
1721020, 4065046, 0, 0
1722061, 3866013, 0, 0
1723020, 4432903, 0, 0
1724043, 3671887, 0, 0
1725009, 4639786, 0, 0
1726001, 3959023, 0, 0
1727006, 4544313, 0, 0
1728026, 4714082, 0, 0
1729002, 4026951, 0, 0
1730014, 4472724, 0, 0
1731013, 4339327, 0, 0
1732061, 4670417, 0, 0
1733057, 4076603, 0, 0
1734048, 4416151, 0, 0
1735026, 3936252, 0, 0
1736007, 3827349, 0, 0
1737024, 4657303, 0, 0
1738000, 4471986, 0, 0
1739037, 4127144, 0, 0
1740037, 4395745, 0, 0
1741024, 4144668, 0, 0
1742015, 4476066, 0, 0
1743043, 4563762, 0, 0
1744022, 4483707, 0, 0
1745047, 3776875, 0, 0
1746053, 4199753, 0, 0
1747028, 4197961, 0, 0
1748042, 4401298, 0, 0
1749046, 4231912, 0, 0
1750056, 4273073, 0, 0
1751055, 4394978, 0, 0
1752023, 4042736, 0, 0
1753049, 4287020, 0, 0
1754048, 4124637, 0, 0
1755036, 4465401, 0, 0
1756039, 4489513, 0, 0
1757046, 4351947, 0, 0
1758048, 4408827, 0, 0
1759006, 4599713, 0, 0
1760050, 4010840, 0, 0
1761007, 5031045, 0, 0
1762053, 4244302, 0, 0
1763017, 4078780, 0, 0
1764055, 4670657, 0, 0
1765000, 4064510, 0, 0
1766041, 4315409, 0, 0
1767047, 4424815, 0, 0
1768008, 4015430, 0, 0
1769018, 3954078, 0, 0
1770067, 4782915, 0, 0
1771007, 3995790, 0, 0
1772005, 4241029, 0, 0
1773039, 4394495, 0, 0
1774027, 4461569, 0, 0
1775008, 4513318, 0, 0
1776026, 4439942, 0, 0
1777056, 4591865, 0, 0
1778031, 4895155, 0, 0
1779043, 4681482, 0, 0
1780030, 4283924, 0, 0
1781063, 4160142, 0, 0
1782025, 4345878, 0, 0
1783030, 4305899, 0, 0
1784048, 4184419, 0, 0
1785031, 4813966, 0, 0
1786051, 4626781, 0, 0
1787047, 4605401, 0, 0
1788000, 4806700, 0, 0
1789043, 4342273, 0, 0
1790010, 4427769, 0, 0
1791019, 4918951, 0, 0
1792035, 4674934, 0, 0
1793019, 4232296, 0, 0
1794054, 5071474, 0, 0
1795023, 4152311, 0, 0
1796022, 5091381, 0, 0
1797012, 4729722, 0, 0
1798059, 5026753, 0, 0
1799002, 4062349, 0, 0
1800042, 4307286, 0, 0
1801006, 4609347, 0, 0
1802054, 4591557, 0, 0
1803008, 4912970, 0, 0
1804022, 5142606, 0, 0
1805053, 4105284, 0, 0
1806027, 4791913, 0, 0
1807022, 4459598, 0, 0
1808063, 4794772, 0, 0
1809038, 4291495, 0, 0
1810055, 4065498, 0, 0
1811020, 4463382, 0, 0
1812012, 4593711, 0, 0
1813014, 4549969, 0, 0
1814053, 4853629, 0, 0
1815014, 4708506, 0, 0
1816010, 4502875, 0, 0
1817030, 4430277, 0, 0
1818006, 4905253, 0, 0
1819055, 4786157, 0, 0
1820018, 4789018, 0, 0
1821028, 5120588, 0, 0
1822007, 4407714, 0, 0
1823039, 4710110, 0, 0
1824000, 3825382, 0, 0
1825051, 4977887, 0, 0
1826018, 4623639, 0, 0
1827000, 4542560, 0, 0
1828024, 4551252, 0, 0
1829045, 4536196, 0, 0
1830047, 4168447, 0, 0
1831040, 4618525, 0, 0
1832041, 4830613, 0, 0
1833056, 4764732, 0, 0
1834038, 4380199, 0, 0
1835036, 4841175, 0, 0
1836038, 5270216, 0, 0
1837045, 4556877, 0, 0
1838044, 4475561, 0, 0
1839016, 4540973, 0, 0
1840017, 4567971, 0, 0
1841043, 4812922, 0, 0
1842042, 5096897, 0, 0
1843051, 4625734, 0, 0
1844034, 4908647, 0, 0
1845063, 5018528, 0, 0
1846047, 4728484, 0, 0
1847040, 4636495, 0, 0
1848014, 4615773, 0, 0
1849055, 4771115, 0, 0
1850001, 4678425, 0, 0
1851048, 4630254, 0, 0
1852045, 4791083, 0, 0
1853013, 4674428, 0, 0
1854025, 4933107, 0, 0
1855003, 4771202, 0, 0
1856039, 4726735, 0, 0
1857049, 4804276, 0, 0
1858055, 5156722, 0, 0
1859015, 4746850, 0, 0
1860048, 4448605, 0, 0
1861032, 4351603, 0, 0
1862033, 4652696, 0, 0
1863004, 4930218, 0, 0
1864032, 4445175, 0, 0
1865056, 5141726, 0, 0
1866008, 4805996, 0, 0
1867003, 4999791, 0, 0
1868003, 4520328, 0, 0
1869024, 4166588, 0, 0
1870006, 4378514, 0, 0
1871058, 4476148, 0, 0
1872042, 4389868, 0, 0
1873041, 4919924, 0, 0
1874050, 4460107, 0, 0
1875037, 4445448, 0, 0
1876004, 4293756, 0, 0
1877012, 4642607, 0, 0
1878000, 4589359, 0, 0
1879011, 4981548, 0, 0
1880011, 4688386, 0, 0
1881010, 4709740, 0, 0
1882033, 4607818, 0, 0
1883016, 4588998, 0, 0
1884041, 4455033, 0, 0
1885036, 3977253, 0, 0
1886033, 4791916, 0, 0
1887040, 4748339, 0, 0
1888049, 4438178, 0, 0
1889033, 4473515, 0, 0
1890055, 4640122, 0, 0
1891007, 4806543, 0, 0
1892015, 5036783, 0, 0
1893053, 4149580, 0, 0
1894041, 4368574, 0, 0
1895017, 4926635, 0, 0
1896040, 4890078, 0, 0
1897035, 4380773, 0, 0
1898019, 4847115, 0, 0
1899066, 4566590, 0, 0
1900016, 4568259, 0, 0
1901050, 4360198, 0, 0
1902047, 4981986, 0, 0
1903049, 5242784, 0, 0
1904031, 4563644, 0, 0
1905008, 4953864, 0, 0
1906041, 4758223, 0, 0
1907023, 4906602, 0, 0
1908048, 4680095, 0, 0
1909013, 4593997, 0, 0
1910005, 4812953, 0, 0
1911010, 4365581, 0, 0
1912030, 4829710, 0, 0
1913032, 4510831, 0, 0
1914021, 4434086, 0, 0
1915007, 4759640, 0, 0
1916069, 4552962, 0, 0
1917017, 4329224, 0, 0
1918015, 4863280, 0, 0
1919053, 5012717, 0, 0
1920060, 5299187, 0, 0
1921012, 4615987, 0, 0
1922039, 4751458, 0, 0
1923040, 4832020, 0, 0
1924006, 4830765, 0, 0
1925031, 4828246, 0, 0
1926029, 4990489, 0, 0
1927020, 5105923, 0, 0
1928010, 4849736, 0, 0
1929031, 4790643, 0, 0
1930031, 4542029, 0, 0
1931063, 5107025, 0, 0
1932009, 4848773, 0, 0
1933055, 4644791, 0, 0
1934032, 4625914, 0, 0
1935030, 4821358, 0, 0
1936011, 4646878, 0, 0
1937030, 4586365, 0, 0
1938031, 4505433, 0, 0
1939002, 4735536, 0, 0
1940037, 4879157, 0, 0
1941033, 4953437, 0, 0
1942026, 4635251, 0, 0
1943004, 4746080, 0, 0
1944039, 4458149, 0, 0
1945028, 4616928, 0, 0
1946018, 4563005, 0, 0
1947028, 4465858, 0, 0
1948055, 4644405, 0, 0
1949029, 4286135, 0, 0
1950047, 4797855, 0, 0
1951055, 5363672, 0, 0
1952004, 4309085, 0, 0
1953059, 4666237, 0, 0
1954034, 4918939, 0, 0
1955014, 4317785, 0, 0
1956032, 4751350, 0, 0
1957028, 4810211, 0, 0
1958007, 4616752, 0, 0
1959005, 4373506, 0, 0
1960004, 4800086, 0, 0
1961037, 4736334, 0, 0
1962062, 5332640, 0, 0
1963038, 4601559, 0, 0
1964000, 4668999, 0, 0
1965046, 5024867, 0, 0
1966038, 5082708, 0, 0
1967038, 4364268, 0, 0
1968020, 5140686, 0, 0
1969010, 4689241, 0, 0
1970015, 4945876, 0, 0
1971007, 4863377, 0, 0
1972032, 4434016, 0, 0
1973028, 4423472, 0, 0
1974047, 5142022, 0, 0
1975042, 4736483, 0, 0
1976012, 4922563, 0, 0
1977042, 4656299, 0, 0
1978026, 5314672, 0, 0
1979050, 4336373, 0, 0
1980006, 4928182, 0, 0
1981041, 4745083, 0, 0
1982041, 4602932, 0, 0
1983014, 4543552, 0, 0
1984034, 4741203, 0, 0
1985015, 4955425, 0, 0
1986035, 5198804, 0, 0
1987042, 4658595, 0, 0
1988006, 4568662, 0, 0
1989036, 4475439, 0, 0
1990041, 4671519, 0, 0
1991042, 5104310, 0, 0
1992015, 4811190, 0, 0
1993011, 4717981, 0, 0
1994000, 4995294, 0, 0
1995034, 5037974, 0, 0
1996050, 4929581, 0, 0
1997005, 4871388, 0, 0
1998008, 4989157, 0, 0
1999046, 5403835, 0, 0
2000019, 5061956, 0, 0
2001001, 4627860, 0, 0
2002037, 4710029, 0, 0
2003036, 5014795, 0, 0
2004003, 4783433, 0, 0
2005033, 4219089, 0, 0
2006028, 4780229, 0, 0
2007031, 4142803, 0, 0
2008015, 5043945, 0, 0
2009052, 4910810, 0, 0
2010024, 4649063, 0, 0
2011040, 5521940, 0, 0
2012036, 5024844, 0, 0
2013041, 4670478, 0, 0
2014053, 4752025, 0, 0
2015073, 5068392, 0, 0
2016005, 4458519, 0, 0
2017042, 4355231, 0, 0
2018016, 4485438, 0, 0
2019043, 4600743, 0, 0
2020016, 4767050, 0, 0
2021009, 4986701, 0, 0
2022048, 4455918, 0, 0
2023037, 4799906, 0, 0
2024041, 5147681, 0, 0
2025004, 4559726, 0, 0
2026028, 4715480, 0, 0
2027052, 4299732, 0, 0
2028027, 4411547, 0, 0
2029007, 5237859, 0, 0
2030002, 4688317, 0, 0
2031039, 4668558, 0, 0
2032005, 4782474, 0, 0
2033015, 4760531, 0, 0
2034045, 5330954, 0, 0
2035031, 4543101, 0, 0
2036001, 4157865, 0, 0
2037016, 4949951, 0, 0
2038045, 4945873, 0, 0
2039051, 4468550, 0, 0
2040058, 4533043, 0, 0
2041014, 5000327, 0, 0
2042029, 4355333, 0, 0
2043038, 5253517, 0, 0
2044023, 4474231, 0, 0
2045007, 4430178, 0, 0
2046051, 4850442, 0, 0
2047045, 4895111, 0, 0
2048002, 5342645, 0, 0
2049050, 4804391, 0, 0
2050040, 4873242, 0, 0
2051041, 5002569, 0, 0
2052017, 5136269, 0, 0
2053013, 4782327, 0, 0
2054002, 4993530, 0, 0
2055051, 4811048, 0, 0
2056016, 4728408, 0, 0
2057002, 3954518, 0, 0
2058032, 5283347, 0, 0
2059001, 5122404, 0, 0
2060044, 4986881, 0, 0
2061032, 5092732, 0, 0
2062018, 4829334, 0, 0
2063024, 5780284, 0, 0
2064043, 4691023, 0, 0
2065007, 5099875, 0, 0
2066058, 4731411, 0, 0
2067043, 5045273, 0, 0
2068042, 5172273, 0, 0
2069060, 5142245, 0, 0
2070061, 5405561, 0, 0
2071032, 4668841, 0, 0
2072025, 4884827, 0, 0
2073009, 4797483, 0, 0
2074000, 4857213, 0, 0
2075020, 4970469, 0, 0
2076002, 5061119, 0, 0
2077055, 4897322, 0, 0
2078023, 4563083, 0, 0
2079050, 5106912, 0, 0
2080000, 4719396, 0, 0
2081029, 4551931, 0, 0
2082034, 4922436, 0, 0
2083001, 5495613, 0, 0
2084015, 4386338, 0, 0
2085000, 4919004, 0, 0
2086046, 5152144, 0, 0
2087043, 5086160, 0, 0
2088057, 5169800, 0, 0
2089022, 4655888, 0, 0
2090004, 4981924, 0, 0
2091003, 4849401, 0, 0
2092002, 4731896, 0, 0
2093043, 4709014, 0, 0
2094048, 4422367, 0, 0
2095046, 4965018, 0, 0
2096000, 4987224, 0, 0
2097056, 4693163, 0, 0
2098028, 4737172, 0, 0
2099028, 4501190, 0, 0
2100058, 5282240, 0, 0
2101052, 4618193, 0, 0
2102050, 4729606, 0, 0
2103010, 4944643, 0, 0
2104059, 4598528, 0, 0
2105011, 5144513, 0, 0
2106046, 5046447, 0, 0
2107019, 4718669, 0, 0
2108019, 4899628, 0, 0
2109026, 4680677, 0, 0
2110025, 4710832, 0, 0
2111046, 5604708, 0, 0
2112017, 4925768, 0, 0
2113034, 5161441, 0, 0
2114056, 4863986, 0, 0
2115026, 4508430, 0, 0
2116022, 4716700, 0, 0
2117055, 4939674, 0, 0
2118068, 5037760, 0, 0
2119023, 4996808, 0, 0
2120031, 5218178, 0, 0
2121051, 4552118, 0, 0
2122028, 5220089, 0, 0
2123030, 4744504, 0, 0
2124036, 5056968, 0, 0
2125030, 4846291, 0, 0
2126041, 5231855, 0, 0
2127018, 5087173, 0, 0
2128034, 4833308, 0, 0
2129008, 4729384, 0, 0
2130056, 4757189, 0, 0
2131034, 4613168, 0, 0
2132032, 4816183, 0, 0
2133029, 4699247, 0, 0
2134036, 5327265, 0, 0
2135038, 4982912, 0, 0
2136058, 5022237, 0, 0
2137025, 4878719, 0, 0
2138030, 5370218, 0, 0
2139036, 4788351, 0, 0
2140053, 4730795, 0, 0
2141034, 5383778, 0, 0
2142010, 4980370, 0, 0
2143001, 4711840, 0, 0
2144019, 4648067, 0, 0
2145028, 4869887, 0, 0
2146008, 5411580, 0, 0
2147006, 4707031, 0, 0
2148001, 5100348, 0, 0
2149072, 4775127, 0, 0
2150033, 5369560, 0, 0
2151049, 4812786, 0, 0
2152046, 4812917, 0, 0
2153018, 4930956, 0, 0
2154002, 4941034, 0, 0
2155044, 4778352, 0, 0
2156058, 5144933, 0, 0
2157017, 4647635, 0, 0
2158000, 4820592, 0, 0
2159037, 5004399, 0, 0
2160019, 4957682, 0, 0
2161007, 4426044, 0, 0
2162013, 4722579, 0, 0
2163055, 5569585, 0, 0
2164040, 4731766, 0, 0
2165057, 4638426, 0, 0
2166034, 4787903, 0, 0
2167043, 4442376, 0, 0
2168042, 4731553, 0, 0
2169051, 4386806, 0, 0
2170041, 4942214, 0, 0
2171028, 5062044, 0, 0
2172017, 4797911, 0, 0
2173051, 4875840, 0, 0
2174022, 4800793, 0, 0
2175014, 5167515, 0, 0
2176034, 5175642, 0, 0
2177037, 4513785, 0, 0
2178012, 5050169, 0, 0
2179037, 5475332, 0, 0
2180005, 4651287, 0, 0
2181018, 4710574, 0, 0
2182017, 4685997, 0, 0
2183060, 5318168, 0, 0
2184009, 5391179, 0, 0
2185014, 5100314, 0, 0
2186023, 4646363, 0, 0
2187066, 5161272, 0, 0
2188020, 5178823, 0, 0
2189040, 5369615, 0, 0
2190041, 5237741, 0, 0
2191040, 5252663, 0, 0
2192050, 4761714, 0, 0
2193052, 5006862, 0, 0
2194023, 4576949, 0, 0
2195030, 4933891, 0, 0
2196055, 4902109, 0, 0
2197030, 4923269, 0, 0
2198036, 4786017, 0, 0
2199013, 5339316, 0, 0
2200016, 5272308, 0, 0
2201028, 5268760, 0, 0
2202060, 5373939, 0, 0
2203009, 4940485, 0, 0
2204013, 4892938, 0, 0
2205001, 4963126, 0, 0
2206051, 5044441, 0, 0
2207041, 5211192, 0, 0
2208020, 5685765, 0, 0
2209007, 4932787, 0, 0
2210006, 4778820, 0, 0
2211041, 4768110, 0, 0
2212021, 4798354, 0, 0
2213058, 4711940, 0, 0
2214055, 5536090, 0, 0
2215046, 4462512, 0, 0
2216026, 5564406, 0, 0
2217014, 5011339, 0, 0
2218061, 4892068, 0, 0
2219001, 5369295, 0, 0
2220055, 4765377, 0, 0
2221006, 4947597, 0, 0
2222058, 5180957, 0, 0
2223044, 5215448, 0, 0
2224026, 4741673, 0, 0
2225022, 5185678, 0, 0
2226062, 4699892, 0, 0
2227019, 5342987, 0, 0
2228059, 4880453, 0, 0
2229021, 4928498, 0, 0
2230036, 4654270, 0, 0
2231033, 5031843, 0, 0
2232036, 5113484, 0, 0
2233005, 5408902, 0, 0
2234037, 4505216, 0, 0
2235053, 4746645, 0, 0
2236032, 5095593, 0, 0
2237016, 4916394, 0, 0
2238009, 5394020, 0, 0
2239015, 5077134, 0, 0
2240036, 4723312, 0, 0
2241062, 5289687, 0, 0
2242036, 4192089, 0, 0
2243022, 5106233, 0, 0
2244001, 4727484, 0, 0
2245050, 5141636, 0, 0
2246054, 5278521, 0, 0
2247042, 5225055, 0, 0
2248014, 4694442, 0, 0
2249061, 5106200, 0, 0
2250063, 4980842, 0, 0
2251017, 5017486, 0, 0
2252002, 4801077, 0, 0
2253068, 4801643, 0, 0
2254019, 5459830, 0, 0
2255019, 5000752, 0, 0
2256004, 4895309, 0, 0
2257047, 5347537, 0, 0
2258035, 5090183, 0, 0
2259013, 4673997, 0, 0
2260007, 4872950, 0, 0
2261011, 4893118, 0, 0
2262048, 4647936, 0, 0
2263009, 4247912, 0, 0
2264020, 5156937, 0, 0
2265056, 4386410, 0, 0
2266053, 4593030, 0, 0
2267034, 5029634, 0, 0
2268022, 4426538, 0, 0
2269044, 5318870, 0, 0
2270054, 4694771, 0, 0
2271042, 5015238, 0, 0
2272001, 5210489, 0, 0
2273028, 4839996, 0, 0
2274009, 5418706, 0, 0
2275039, 4594838, 0, 0
2276003, 5207891, 0, 0
2277012, 5223673, 0, 0
2278005, 5224378, 0, 0
2279007, 4838974, 0, 0
2280003, 5294048, 0, 0
2281017, 4293219, 0, 0
2282032, 5074740, 0, 0
2283064, 4750109, 0, 0
2284008, 4672333, 0, 0
2285024, 4494761, 0, 0
2286047, 5087283, 0, 0
2287020, 5064646, 0, 0
2288048, 5188891, 0, 0
2289034, 4949287, 0, 0
2290026, 5448043, 0, 0
2291052, 4792084, 0, 0
2292034, 5114260, 0, 0
2293036, 5053996, 0, 0
2294004, 4887992, 0, 0
2295037, 4610486, 0, 0
2296022, 4576744, 0, 0
2297020, 5449665, 0, 0
2298048, 5162880, 0, 0
2299051, 4892312, 0, 0
2300023, 5112297, 0, 0
2301055, 5236980, 0, 0
2302045, 4968248, 0, 0
2303012, 5170142, 0, 0
2304043, 4601424, 0, 0
2305026, 4791306, 0, 0
2306043, 4935226, 0, 0
2307017, 5043746, 0, 0
2308024, 5005157, 0, 0
2309032, 5536907, 0, 0
2310040, 5275627, 0, 0
2311001, 4778217, 0, 0
2312021, 4673399, 0, 0
2313022, 5080786, 0, 0
2314046, 4943971, 0, 0
2315029, 5140680, 0, 0
2316024, 4670961, 0, 0
2317017, 5117412, 0, 0
2318015, 4534101, 0, 0
2319047, 4709329, 0, 0
2320031, 5094069, 0, 0
2321001, 5354036, 0, 0
2322023, 5135001, 0, 0
2323026, 4638525, 0, 0
2324004, 5203044, 0, 0
2325009, 5232153, 0, 0
2326048, 5013850, 0, 0
2327026, 5011258, 0, 0
2328002, 5986840, 0, 0
2329003, 5265081, 0, 0
2330044, 5052647, 0, 0
2331015, 5389338, 0, 0
2332006, 5188118, 0, 0
2333011, 5123987, 0, 0
2334028, 4863263, 0, 0
2335042, 5420679, 0, 0
2336017, 5324115, 0, 0
2337003, 5129951, 0, 0
2338006, 5540975, 0, 0
2339000, 5254550, 0, 0
2340010, 4526677, 0, 0
2341052, 5185231, 0, 0
2342061, 5601318, 0, 0
2343025, 5352621, 0, 0
2344054, 5219532, 0, 0
2345054, 4715017, 0, 0
2346034, 4997043, 0, 0
2347051, 4935080, 0, 0
2348004, 5605458, 0, 0
2349038, 4966286, 0, 0
2350011, 5526929, 0, 0
2351020, 5251737, 0, 0
2352010, 5262915, 0, 0
2353024, 4385609, 0, 0
2354049, 4830390, 0, 0
2355020, 4392453, 0, 0
2356051, 4929635, 0, 0
2357043, 6045511, 0, 0
2358052, 4873604, 0, 0
2359037, 5075656, 0, 0
2360012, 4894426, 0, 0
2361023, 5289884, 0, 0
2362039, 5346646, 0, 0
2363030, 4712501, 0, 0
2364045, 4718825, 0, 0
2365000, 4501869, 0, 0
2366053, 5184355, 0, 0
2367008, 4797611, 0, 0
2368042, 5465774, 0, 0
2369034, 5451000, 0, 0
2370001, 5458155, 0, 0
2371053, 4983887, 0, 0
2372052, 5311030, 0, 0
2373012, 4944180, 0, 0
2374044, 5545150, 0, 0
2375056, 4885475, 0, 0
2376026, 5078896, 0, 0
2377039, 4892412, 0, 0
2378011, 4852765, 0, 0
2379043, 4984152, 0, 0
2380032, 5400554, 0, 0
2381036, 5424873, 0, 0
2382053, 4398816, 0, 0
2383019, 4905046, 0, 0
2384000, 5157406, 0, 0
2385035, 4682080, 0, 0
2386015, 4994024, 0, 0
2387031, 4535075, 0, 0
2388035, 4601240, 0, 0
2389000, 4571075, 0, 0
2390020, 5394141, 0, 0
2391063, 4961864, 0, 0
2392038, 4780870, 0, 0
2393015, 4904943, 0, 0
2394055, 4855109, 0, 0
2395007, 4781378, 0, 0
2396004, 5035232, 0, 0
2397015, 4953111, 0, 0
2398047, 5514456, 0, 0
2399061, 5727088, 0, 0
2400003, 4979959, 0, 0
