1000, 150, 0, 0
2000, 211, 0, 0
2999, 165, 0, 0
3999, 186, 0, 0
5000, 198, 0, 0
5999, 306, 0, 0
6999, 315, 0, 0
8000, 194, 0, 0
8999, 187, 0, 0
9999, 150, 0, 0
11000, 301, 0, 0
12000, 301, 0, 0
12999, 276, 0, 0
13999, 144, 0, 0
15000, 299, 0, 0
15999, 210, 0, 0
16999, 452, 0, 0
18000, 314, 0, 0
18999, 196, 0, 0
19999, 567, 0, 0
21000, 190, 0, 0
21999, 330, 0, 0
22999, 201, 0, 0
24000, 336, 0, 0
24999, 337, 0, 0
25999, 318, 0, 0
27000, 292, 0, 0
27999, 194, 0, 0
28999, 187, 0, 0
30000, 155, 0, 0
30999, 162, 0, 0
31999, 475, 0, 0
33000, 144, 0, 0
33999, 178, 0, 0
34999, 147, 0, 0
36000, 177, 0, 0
36999, 412, 0, 0
37999, 173, 0, 0
39000, 174, 0, 0
39999, 280, 0, 0
40999, 332, 0, 0
41999, 547, 0, 0
43000, 192, 0, 0
43999, 216, 0, 0
44999, 278, 0, 0
46000, 190, 0, 0
46999, 585, 0, 0
47999, 457, 0, 0
48999, 205, 0, 0
49999, 490, 0, 0
50999, 152, 0, 0
52000, 195, 0, 0
52999, 181, 0, 0
53999, 1005, 0, 0
54999, 140, 0, 0
56000, 281, 0, 0
56999, 315, 0, 0
57999, 442, 0, 0
59000, 487, 0, 0
59999, 321, 0, 0
60999, 342, 0, 0
62000, 185, 0, 0
62999, 182, 0, 0
63999, 353, 0, 0
65000, 319, 0, 0
65999, 222, 0, 0
66999, 161, 0, 0
68000, 330, 0, 0
68999, 215, 0, 0
69999, 277, 0, 0
71000, 474, 0, 0
71999, 233, 0, 0
72999, 182, 0, 0
74000, 208, 0, 0
74999, 194, 0, 0
75999, 166, 0, 0
77000, 174, 0, 0
77999, 148, 0, 0
78999, 150, 0, 0
80000, 292, 0, 0
80999, 342, 0, 0
81999, 201, 0, 0
83000, 163, 0, 0
84000, 152, 0, 0
84999, 188, 0, 0
85999, 162, 0, 0
87000, 203, 0, 0
87999, 200, 0, 0
88999, 243, 0, 0
90000, 163, 0, 0
90999, 481, 0, 0
91999, 214, 0, 0
93000, 272, 0, 0
93999, 192, 0, 0
94999, 272, 0, 0
96000, 255, 0, 0
96999, 243, 0, 0
97999, 309, 0, 0
99000, 213, 0, 0
99999, 185, 0, 0
100999, 179, 0, 0
102000, 150, 0, 0
102999, 151, 0, 0
103999, 176, 0, 0
105000, 175, 0, 0
106000, 215, 0, 0
106999, 317, 0, 0
108000, 196, 0, 0
108999, 213, 0, 0
109999, 261, 0, 0
111000, 276, 0, 0
112000, 174, 0, 0
112999, 184, 0, 0
114000, 220, 0, 0
114999, 228, 0, 0
115999, 167, 0, 0
116999, 178, 0, 0
118000, 164, 0, 0
118999, 313, 0, 0
119999, 275, 0, 0
121000, 272, 0, 0
121999, 252, 0, 0
122999, 219, 0, 0
124000, 190, 0, 0
124999, 176, 0, 0
125999, 159, 0, 0
127000, 265, 0, 0
127999, 332, 0, 0
128999, 282, 0, 0
130000, 244, 0, 0
130999, 204, 0, 0
131999, 198, 0, 0
133000, 175, 0, 0
133999, 184, 0, 0
134999, 186, 0, 0
135999, 198, 0, 0
137000, 244, 0, 0
137999, 276, 0, 0
138999, 179, 0, 0
140000, 177, 0, 0
140999, 199, 0, 0
141999, 228, 0, 0
143000, 182, 0, 0
143999, 386, 0, 0
144999, 294, 0, 0
146000, 208, 0, 0
146999, 200, 0, 0
147999, 206, 0, 0
149000, 215, 0, 0
149999, 201, 0, 0
150999, 259, 0, 0
152000, 384, 0, 0
152999, 344, 0, 0
153999, 231, 0, 0
155000, 322, 0, 0
155999, 210, 0, 0
156999, 171, 0, 0
158000, 159, 0, 0
158999, 180, 0, 0
159999, 190, 0, 0
161000, 216, 0, 0
161999, 336, 0, 0
162999, 286, 0, 0
164000, 344, 0, 0
164999, 177, 0, 0
165999, 154, 0, 0
167000, 177, 0, 0
168000, 190, 0, 0
168999, 232, 0, 0
169999, 196, 0, 0
171000, 201, 0, 0
171999, 181, 0, 0
172999, 231, 0, 0
174000, 208, 0, 0
174999, 194, 0, 0
175999, 159, 0, 0
177000, 233, 0, 0
177999, 276, 0, 0
178999, 207, 0, 0
180000, 162, 0, 0
180999, 163, 0, 0
181999, 174, 0, 0
183000, 162, 0, 0
183999, 169, 0, 0
184999, 214, 0, 0
186000, 246, 0, 0
186999, 227, 0, 0
187999, 185, 0, 0
189000, 165, 0, 0
189999, 190, 0, 0
190999, 185, 0, 0
192000, 239, 0, 0
192999, 221, 0, 0
193999, 244, 0, 0
195000, 221, 0, 0
195999, 188, 0, 0
196999, 205, 0, 0
197999, 185, 0, 0
198999, 205, 0, 0
199999, 170, 0, 0
201000, 195, 0, 0
201999, 181, 0, 0
202999, 204, 0, 0
203999, 202, 0, 0
205000, 210, 0, 0
205999, 185, 0, 0
206999, 175, 0, 0
208000, 205, 0, 0
208999, 200, 0, 0
209999, 237, 0, 0
211000, 206, 0, 0
211999, 207, 0, 0
212999, 192, 0, 0
214000, 197, 0, 0
214999, 192, 0, 0
215999, 203, 0, 0
217000, 182, 0, 0
217999, 183, 0, 0
218999, 171, 0, 0
220000, 190, 0, 0
220999, 194, 0, 0
221999, 202, 0, 0
223000, 236, 0, 0
223999, 203, 0, 0
224999, 192, 0, 0
226000, 221, 0, 0
226999, 207, 0, 0
227999, 210, 0, 0
229000, 228, 0, 0
229999, 227, 0, 0
230999, 226, 0, 0
232000, 255, 0, 0
232999, 247, 0, 0
233999, 243, 0, 0
235000, 206, 0, 0
236000, 200, 0, 0
236999, 236, 0, 0
238000, 252, 0, 0
238999, 261, 0, 0
239999, 260, 0, 0
241000, 223, 0, 0
242000, 231, 0, 0
242999, 218, 0, 0
243999, 205, 0, 0
245000, 194, 0, 0
245999, 219, 0, 0
246999, 203, 0, 0
248000, 210, 0, 0
248999, 211, 0, 0
249999, 203, 0, 0
251000, 208, 0, 0
251999, 203, 0, 0
252999, 200, 0, 0
253999, 195, 0, 0
255000, 188, 0, 0
255999, 210, 0, 0
256999, 219, 0, 0
257999, 225, 0, 0
258999, 238, 0, 0
259999, 194, 0, 0
261000, 214, 0, 0
261999, 217, 0, 0
262999, 224, 0, 0
264000, 231, 0, 0
264999, 216, 0, 0
265999, 223, 0, 0
267000, 206, 0, 0
267999, 222, 0, 0
268999, 224, 0, 0
270000, 243, 0, 0
271000, 227, 0, 0
271999, 211, 0, 0
272999, 225, 0, 0
273999, 240, 0, 0
274999, 256, 0, 0
275999, 217, 0, 0
276999, 204, 0, 0
277999, 224, 0, 0
278999, 273, 0, 0
280000, 235, 0, 0
280999, 229, 0, 0
281999, 219, 0, 0
282999, 193, 0, 0
284000, 214, 0, 0
284999, 205, 0, 0
285999, 218, 0, 0
287000, 242, 0, 0
287999, 213, 0, 0
288999, 196, 0, 0
290000, 243, 0, 0
290999, 208, 0, 0
291999, 220, 0, 0
292999, 210, 0, 0
293999, 213, 0, 0
294999, 231, 0, 0
295999, 177, 0, 0
297000, 175, 0, 0
297999, 209, 0, 0
298999, 208, 0, 0
300000, 265, 0, 0
300999, 222, 0, 0
301999, 206, 0, 0
302999, 206, 0, 0
304000, 215, 0, 0
304999, 195, 0, 0
305999, 224, 0, 0
307000, 205, 0, 0
307999, 206, 0, 0
308999, 194, 0, 0
310000, 204, 0, 0
310999, 201, 0, 0
311999, 199, 0, 0
312999, 238, 0, 0
313999, 232, 0, 0
314999, 246, 0, 0
315999, 203, 0, 0
317000, 253, 0, 0
317999, 244, 0, 0
318999, 229, 0, 0
319999, 230, 0, 0
320999, 219, 0, 0
321999, 214, 0, 0
322999, 243, 0, 0
324000, 225, 0, 0
324999, 250, 0, 0
325999, 254, 0, 0
327000, 217, 0, 0
327999, 203, 0, 0
328999, 220, 0, 0
330000, 200, 0, 0
330999, 199, 0, 0
331999, 248, 0, 0
332999, 207, 0, 0
334000, 192, 0, 0
334999, 203, 0, 0
335999, 187, 0, 0
337000, 202, 0, 0
337999, 179, 0, 0
338999, 181, 0, 0
340000, 202, 0, 0
341000, 205, 0, 0
341999, 252, 0, 0
342999, 216, 0, 0
344000, 216, 0, 0
344999, 196, 0, 0
345999, 179, 0, 0
347000, 221, 0, 0
347999, 220, 0, 0
348999, 203, 0, 0
349999, 263, 0, 0
351000, 247, 0, 0
351999, 240, 0, 0
352999, 203, 0, 0
354000, 210, 0, 0
354999, 201, 0, 0
355999, 217, 0, 0
357000, 218, 0, 0
357999, 222, 0, 0
358999, 201, 0, 0
359999, 223, 0, 0
361000, 227, 0, 0
361999, 225, 0, 0
362999, 219, 0, 0
364000, 212, 0, 0
364999, 203, 0, 0
365999, 234, 0, 0
366999, 244, 0, 0
368000, 219, 0, 0
368999, 229, 0, 0
369999, 243, 0, 0
371000, 241, 0, 0
371999, 207, 0, 0
372999, 212, 0, 0
374000, 214, 0, 0
374999, 205, 0, 0
375999, 211, 0, 0
376999, 220, 0, 0
378000, 204, 0, 0
378999, 237, 0, 0
379999, 215, 0, 0
381000, 204, 0, 0
381999, 196, 0, 0
382999, 231, 0, 0
383999, 237, 0, 0
385000, 213, 0, 0
385999, 224, 0, 0
386999, 223, 0, 0
388000, 201, 0, 0
388999, 217, 0, 0
389999, 190, 0, 0
390999, 227, 0, 0
392000, 234, 0, 0
392999, 250, 0, 0
393999, 253, 0, 0
395000, 237, 0, 0
395999, 214, 0, 0
396999, 236, 0, 0
397999, 233, 0, 0
399000, 254, 0, 0
399999, 259, 0, 0
400999, 258, 0, 0
401999, 218, 0, 0
403000, 205, 0, 0
403999, 233, 0, 0
404999, 239, 0, 0
406000, 211, 0, 0
406999, 280, 0, 0
407999, 237, 0, 0
408999, 259, 0, 0
410000, 225, 0, 0
410999, 227, 0, 0
411999, 235, 0, 0
413000, 209, 0, 0
414000, 202, 0, 0
414999, 218, 0, 0
415999, 223, 0, 0
417000, 218, 0, 0
417999, 207, 0, 0
418999, 229, 0, 0
420000, 193, 0, 0
420999, 263, 0, 0
421999, 225, 0, 0
422999, 281, 0, 0
424000, 257, 0, 0
424999, 224, 0, 0
425999, 221, 0, 0
427000, 248, 0, 0
427999, 233, 0, 0
428999, 237, 0, 0
429999, 210, 0, 0
431000, 230, 0, 0
431999, 196, 0, 0
432999, 220, 0, 0
434000, 267, 0, 0
434999, 244, 0, 0
435999, 227, 0, 0
437000, 242, 0, 0
437999, 228, 0, 0
438999, 246, 0, 0
439999, 200, 0, 0
441000, 225, 0, 0
441999, 233, 0, 0
442999, 221, 0, 0
444000, 225, 0, 0
444999, 216, 0, 0
445999, 266, 0, 0
447000, 227, 0, 0
447999, 232, 0, 0
448999, 244, 0, 0
449999, 231, 0, 0
451000, 260, 0, 0
451999, 234, 0, 0
452999, 233, 0, 0
453999, 200, 0, 0
454999, 228, 0, 0
455999, 214, 0, 0
456999, 220, 0, 0
458000, 248, 0, 0
458999, 239, 0, 0
459999, 244, 0, 0
460999, 216, 0, 0
462000, 220, 0, 0
462999, 244, 0, 0
463999, 239, 0, 0
465000, 220, 0, 0
465999, 231, 0, 0
466999, 246, 0, 0
468000, 280, 0, 0
469000, 225, 0, 0
469999, 253, 0, 0
470999, 256, 0, 0
472000, 260, 0, 0
472999, 237, 0, 0
473999, 227, 0, 0
474999, 233, 0, 0
475999, 256, 0, 0
476999, 259, 0, 0
477999, 237, 0, 0
479000, 192, 0, 0
479999, 236, 0, 0
480999, 226, 0, 0
482000, 291, 0, 0
482999, 218, 0, 0
483999, 227, 0, 0
484999, 234, 0, 0
485999, 220, 0, 0
486999, 239, 0, 0
487999, 214, 0, 0
489000, 237, 0, 0
489999, 229, 0, 0
490999, 243, 0, 0
492000, 265, 0, 0
492999, 236, 0, 0
493999, 223, 0, 0
494999, 234, 0, 0
496000, 266, 0, 0
496999, 190, 0, 0
497999, 222, 0, 0
499000, 252, 0, 0
499999, 253, 0, 0
500999, 233, 0, 0
502000, 251, 0, 0
502999, 230, 0, 0
503999, 245, 0, 0
505000, 263, 0, 0
505999, 251, 0, 0
506999, 242, 0, 0
508000, 206, 0, 0
508999, 230, 0, 0
509999, 267, 0, 0
510999, 196, 0, 0
512000, 215, 0, 0
512999, 221, 0, 0
513999, 200, 0, 0
515000, 232, 0, 0
516000, 227, 0, 0
516999, 250, 0, 0
517999, 245, 0, 0
519000, 252, 0, 0
520000, 234, 0, 0
520999, 248, 0, 0
522000, 232, 0, 0
523000, 258, 0, 0
523999, 205, 0, 0
524999, 237, 0, 0
526000, 180, 0, 0
526999, 245, 0, 0
527999, 236, 0, 0
529000, 247, 0, 0
529999, 243, 0, 0
530999, 238, 0, 0
532000, 233, 0, 0
532999, 247, 0, 0
533999, 245, 0, 0
535000, 260, 0, 0
535999, 263, 0, 0
536999, 244, 0, 0
537999, 239, 0, 0
539000, 251, 0, 0
539999, 219, 0, 0
540999, 239, 0, 0
542000, 243, 0, 0
542999, 203, 0, 0
543999, 255, 0, 0
545000, 234, 0, 0
545999, 240, 0, 0
546999, 226, 0, 0
548000, 252, 0, 0
548999, 210, 0, 0
549999, 222, 0, 0
551000, 193, 0, 0
551999, 203, 0, 0
552999, 243, 0, 0
553999, 238, 0, 0
555000, 218, 0, 0
555999, 255, 0, 0
556999, 223, 0, 0
558000, 227, 0, 0
558999, 266, 0, 0
559999, 253, 0, 0
561000, 258, 0, 0
561999, 229, 0, 0
562999, 223, 0, 0
564000, 203, 0, 0
564999, 265, 0, 0
565999, 234, 0, 0
567000, 277, 0, 0
567999, 243, 0, 0
568999, 266, 0, 0
569999, 247, 0, 0
571000, 246, 0, 0
571999, 277, 0, 0
572999, 227, 0, 0
574000, 230, 0, 0
574999, 227, 0, 0
575999, 233, 0, 0
577000, 248, 0, 0
577999, 246, 0, 0
578999, 218, 0, 0
580000, 230, 0, 0
580999, 221, 0, 0
581999, 223, 0, 0
583000, 220, 0, 0
583999, 213, 0, 0
584999, 233, 0, 0
585999, 241, 0, 0
586999, 212, 0, 0
587999, 255, 0, 0
588999, 247, 0, 0
590000, 226, 0, 0
590999, 226, 0, 0
591999, 234, 0, 0
593000, 261, 0, 0
593999, 214, 0, 0
594999, 274, 0, 0
596000, 263, 0, 0
597000, 232, 0, 0
597999, 236, 0, 0
599000, 222, 0, 0
600000, 215, 0, 0
601000, 234, 0, 0
601999, 254, 0, 0
603000, 232, 0, 0
604000, 238, 0, 0
605000, 197, 0, 0
606000, 235, 0, 0
607000, 199, 0, 0
608000, 227, 0, 0
609000, 283, 0, 0
610000, 276, 0, 0
610999, 259, 0, 0
612000, 313, 0, 0
613000, 231, 0, 0
614000, 231, 0, 0
615000, 256, 0, 0
616000, 246, 0, 0
617000, 265, 0, 0
618000, 217, 0, 0
619000, 245, 0, 0
619999, 226, 0, 0
621000, 231, 0, 0
622000, 218, 0, 0
623000, 235, 0, 0
624000, 228, 0, 0
625000, 240, 0, 0
626000, 244, 0, 0
627000, 203, 0, 0
628000, 247, 0, 0
629000, 255, 0, 0
630000, 285, 0, 0
631000, 250, 0, 0
632000, 252, 0, 0
633000, 262, 0, 0
633999, 227, 0, 0
635000, 238, 0, 0
636000, 300, 0, 0
637000, 198, 0, 0
638000, 238, 0, 0
639000, 231, 0, 0
640000, 223, 0, 0
641000, 237, 0, 0
642000, 255, 0, 0
642999, 257, 0, 0
644000, 232, 0, 0
645000, 238, 0, 0
646000, 239, 0, 0
647000, 230, 0, 0
647999, 238, 0, 0
649000, 216, 0, 0
650000, 225, 0, 0
651000, 254, 0, 0
652000, 247, 0, 0
653000, 235, 0, 0
654000, 254, 0, 0
654999, 280, 0, 0
655999, 234, 0, 0
656998, 217, 0, 0
657999, 227, 0, 0
658999, 232, 0, 0
659998, 248, 0, 0
660998, 196, 0, 0
661998, 232, 0, 0
662998, 212, 0, 0
663998, 222, 0, 0
664997, 220, 0, 0
665997, 231, 0, 0
666998, 216, 0, 0
667997, 275, 0, 0
668997, 233, 0, 0
669996, 228, 0, 0
670997, 217, 0, 0
671997, 255, 0, 0
672996, 221, 0, 0
673996, 243, 0, 0
674995, 228, 0, 0
675996, 215, 0, 0
676996, 244, 0, 0
677995, 275, 0, 0
678995, 245, 0, 0
679995, 237, 0, 0
680995, 240, 0, 0
681995, 239, 0, 0
682994, 228, 0, 0
683994, 234, 0, 0
684994, 285, 0, 0
685994, 231, 0, 0
686994, 287, 0, 0
687993, 234, 0, 0
688993, 235, 0, 0
689993, 255, 0, 0
690993, 225, 0, 0
691993, 267, 0, 0
692992, 301, 0, 0
693993, 246, 0, 0
694993, 249, 0, 0
695992, 216, 0, 0
696992, 242, 0, 0
697991, 260, 0, 0
698992, 259, 0, 0
699992, 241, 0, 0
700991, 242, 0, 0
701991, 226, 0, 0
703000, 265, 0, 0
703991, 248, 0, 0
704991, 283, 0, 0
706000, 248, 0, 0
707000, 251, 0, 0
707999, 238, 0, 0
709000, 232, 0, 0
709999, 249, 0, 0
710999, 242, 0, 0
712000, 248, 0, 0
712999, 240, 0, 0
713999, 241, 0, 0
714999, 212, 0, 0
716000, 247, 0, 0
716999, 270, 0, 0
717999, 241, 0, 0
719000, 212, 0, 0
719999, 231, 0, 0
720999, 235, 0, 0
722000, 241, 0, 0
722999, 218, 0, 0
723999, 239, 0, 0
725000, 225, 0, 0
725999, 197, 0, 0
726999, 266, 0, 0
727999, 271, 0, 0
729000, 224, 0, 0
729999, 242, 0, 0
730999, 222, 0, 0
732000, 221, 0, 0
732999, 270, 0, 0
733999, 239, 0, 0
734999, 209, 0, 0
736000, 218, 0, 0
736999, 255, 0, 0
737999, 253, 0, 0
739000, 226, 0, 0
739999, 218, 0, 0
740999, 216, 0, 0
742000, 291, 0, 0
742999, 283, 0, 0
743999, 243, 0, 0
745000, 236, 0, 0
745999, 242, 0, 0
746999, 257, 0, 0
748000, 260, 0, 0
749000, 256, 0, 0
749999, 256, 0, 0
750999, 224, 0, 0
752000, 239, 0, 0
752999, 239, 0, 0
753999, 228, 0, 0
755000, 253, 0, 0
755999, 270, 0, 0
756999, 248, 0, 0
757999, 234, 0, 0
759000, 240, 0, 0
759999, 253, 0, 0
760999, 252, 0, 0
762000, 243, 0, 0
762999, 209, 0, 0
763999, 210, 0, 0
764999, 241, 0, 0
766000, 235, 0, 0
766999, 285, 0, 0
767999, 224, 0, 0
769000, 238, 0, 0
769999, 206, 0, 0
770999, 247, 0, 0
772000, 209, 0, 0
772999, 241, 0, 0
773999, 239, 0, 0
775000, 233, 0, 0
775999, 243, 0, 0
776999, 287, 0, 0
778000, 258, 0, 0
778999, 259, 0, 0
779999, 235, 0, 0
781000, 254, 0, 0
781999, 196, 0, 0
782999, 251, 0, 0
784000, 224, 0, 0
785000, 235, 0, 0
785999, 241, 0, 0
786999, 273, 0, 0
788000, 237, 0, 0
788999, 229, 0, 0
789999, 212, 0, 0
791000, 241, 0, 0
791999, 277, 0, 0
792999, 249, 0, 0
794000, 238, 0, 0
794999, 226, 0, 0
795999, 229, 0, 0
797000, 261, 0, 0
797999, 251, 0, 0
798999, 207, 0, 0
800000, 238, 0, 0
800999, 240, 0, 0
801999, 259, 0, 0
803000, 232, 0, 0
803999, 252, 0, 0
804999, 265, 0, 0
806000, 241, 0, 0
807000, 240, 0, 0
807999, 249, 0, 0
808999, 268, 0, 0
810000, 256, 0, 0
810999, 225, 0, 0
811999, 229, 0, 0
813000, 254, 0, 0
813999, 215, 0, 0
814999, 214, 0, 0
816000, 237, 0, 0
816999, 228, 0, 0
817999, 261, 0, 0
819000, 231, 0, 0
819999, 219, 0, 0
820999, 217, 0, 0
822000, 236, 0, 0
822999, 236, 0, 0
823999, 225, 0, 0
824999, 236, 0, 0
826000, 230, 0, 0
826999, 244, 0, 0
827999, 270, 0, 0
829000, 206, 0, 0
829999, 211, 0, 0
830999, 231, 0, 0
832000, 276, 0, 0
832999, 213, 0, 0
833999, 226, 0, 0
835000, 236, 0, 0
835999, 223, 0, 0
836999, 271, 0, 0
838000, 217, 0, 0
839000, 219, 0, 0
839999, 202, 0, 0
840999, 204, 0, 0
842000, 230, 0, 0
842999, 211, 0, 0
843999, 213, 0, 0
845000, 219, 0, 0
845999, 231, 0, 0
846999, 237, 0, 0
848000, 241, 0, 0
848999, 244, 0, 0
849999, 251, 0, 0
851000, 249, 0, 0
851999, 234, 0, 0
852999, 252, 0, 0
854000, 234, 0, 0
854999, 243, 0, 0
855999, 219, 0, 0
856999, 241, 0, 0
858000, 238, 0, 0
858999, 202, 0, 0
859999, 280, 0, 0
861000, 222, 0, 0
861999, 230, 0, 0
862999, 248, 0, 0
864000, 233, 0, 0
864999, 215, 0, 0
865999, 227, 0, 0
867000, 213, 0, 0
868000, 228, 0, 0
868999, 213, 0, 0
870000, 213, 0, 0
870999, 222, 0, 0
871999, 192, 0, 0
873000, 226, 0, 0
874000, 215, 0, 0
874999, 208, 0, 0
875999, 234, 0, 0
877000, 242, 0, 0
877999, 228, 0, 0
878999, 259, 0, 0
880000, 218, 0, 0
880999, 206, 0, 0
881999, 254, 0, 0
882999, 282, 0, 0
883999, 243, 0, 0
885000, 244, 0, 0
885999, 255, 0, 0
886999, 277, 0, 0
887999, 256, 0, 0
889000, 237, 0, 0
889999, 228, 0, 0
890999, 219, 0, 0
892000, 220, 0, 0
892999, 231, 0, 0
893999, 258, 0, 0
895000, 215, 0, 0
895999, 250, 0, 0
896999, 235, 0, 0
898000, 234, 0, 0
898999, 235, 0, 0
899999, 223, 0, 0
901000, 220, 0, 0
901999, 256, 0, 0
902999, 250, 0, 0
904000, 218, 0, 0
904999, 247, 0, 0
905999, 239, 0, 0
907000, 237, 0, 0
908000, 232, 0, 0
908999, 212, 0, 0
910000, 220, 0, 0
910999, 238, 0, 0
911999, 206, 0, 0
913000, 223, 0, 0
913999, 202, 0, 0
914999, 214, 0, 0
916000, 236, 0, 0
916999, 224, 0, 0
917999, 223, 0, 0
919000, 262, 0, 0
920000, 259, 0, 0
920999, 243, 0, 0
921999, 279, 0, 0
923000, 230, 0, 0
923999, 229, 0, 0
924999, 221, 0, 0
926000, 240, 0, 0
926999, 237, 0, 0
927999, 235, 0, 0
929000, 246, 0, 0
930000, 226, 0, 0
930999, 221, 0, 0
932000, 249, 0, 0
933000, 246, 0, 0
933999, 258, 0, 0
934999, 218, 0, 0
936000, 223, 0, 0
936999, 228, 0, 0
937999, 227, 0, 0
939000, 208, 0, 0
939999, 246, 0, 0
940999, 227, 0, 0
942000, 212, 0, 0
942999, 213, 0, 0
943999, 230, 0, 0
945000, 234, 0, 0
945999, 224, 0, 0
946999, 227, 0, 0
948000, 234, 0, 0
948999, 232, 0, 0
949999, 219, 0, 0
951000, 219, 0, 0
951999, 229, 0, 0
952999, 221, 0, 0
954000, 237, 0, 0
954999, 220, 0, 0
955999, 231, 0, 0
957000, 250, 0, 0
957999, 240, 0, 0
958999, 213, 0, 0
959999, 220, 0, 0
961000, 225, 0, 0
961999, 256, 0, 0
962999, 238, 0, 0
964000, 232, 0, 0
964999, 252, 0, 0
965999, 227, 0, 0
967000, 212, 0, 0
967999, 227, 0, 0
968999, 197, 0, 0
970000, 250, 0, 0
970999, 200, 0, 0
971999, 253, 0, 0
973000, 193, 0, 0
973999, 181, 0, 0
974999, 174, 0, 0
975999, 234, 0, 0
977000, 221, 0, 0
977999, 240, 0, 0
978999, 235, 0, 0
980000, 242, 0, 0
980999, 241, 0, 0
981999, 200, 0, 0
983000, 227, 0, 0
983999, 211, 0, 0
984999, 238, 0, 0
985999, 236, 0, 0
987000, 226, 0, 0
987999, 216, 0, 0
988999, 230, 0, 0
990000, 198, 0, 0
991000, 239, 0, 0
991999, 229, 0, 0
992999, 240, 0, 0
994000, 220, 0, 0
994999, 208, 0, 0
995999, 250, 0, 0
997000, 212, 0, 0
997999, 234, 0, 0
998999, 205, 0, 0
1000000, 237, 0, 0
1000999, 242, 0, 0
1001999, 197, 0, 0
1003000, 249, 0, 0
1003999, 240, 0, 0
1004999, 231, 0, 0
1006000, 235, 0, 0
1007000, 262, 0, 0
1007999, 253, 0, 0
1009000, 223, 0, 0
1009999, 226, 0, 0
1010999, 250, 0, 0
1012000, 233, 0, 0
1012999, 232, 0, 0
1013999, 249, 0, 0
1014999, 211, 0, 0
1016000, 240, 0, 0
1016999, 223, 0, 0
1017999, 219, 0, 0
1019000, 256, 0, 0
1019999, 219, 0, 0
1020999, 233, 0, 0
1022000, 255, 0, 0
1022999, 247, 0, 0
1023999, 205, 0, 0
1025000, 237, 0, 0
1025999, 227, 0, 0
1026999, 228, 0, 0
1028000, 234, 0, 0
1028999, 227, 0, 0
1029999, 249, 0, 0
1031000, 222, 0, 0
1031999, 242, 0, 0
1032999, 234, 0, 0
1034000, 203, 0, 0
1034999, 214, 0, 0
1035999, 221, 0, 0
1037000, 247, 0, 0
1038000, 212, 0, 0
1038999, 229, 0, 0
1039999, 215, 0, 0
1041000, 253, 0, 0
1041999, 238, 0, 0
1042999, 231, 0, 0
1044000, 214, 0, 0
1044999, 248, 0, 0
1045999, 248, 0, 0
1047000, 254, 0, 0
1047999, 271, 0, 0
1048999, 238, 0, 0
1050000, 239, 0, 0
1050999, 244, 0, 0
1051999, 191, 0, 0
1053000, 219, 0, 0
1053999, 192, 0, 0
1054999, 202, 0, 0
1056000, 202, 0, 0
1056999, 222, 0, 0
1057999, 257, 0, 0
1059000, 228, 0, 0
1059999, 237, 0, 0
1060999, 248, 0, 0
1062000, 223, 0, 0
1062999, 213, 0, 0
1063999, 237, 0, 0
1065000, 233, 0, 0
1065999, 279, 0, 0
1066999, 230, 0, 0
1068000, 214, 0, 0
1068999, 202, 0, 0
1069999, 219, 0, 0
1071000, 207, 0, 0
1071999, 212, 0, 0
1072999, 207, 0, 0
1074000, 217, 0, 0
1075000, 208, 0, 0
1075999, 218, 0, 0
1077000, 256, 0, 0
1077999, 210, 0, 0
1078999, 201, 0, 0
1080000, 259, 0, 0
1080999, 267, 0, 0
1081999, 257, 0, 0
1083000, 231, 0, 0
1083999, 207, 0, 0
1084999, 231, 0, 0
1085999, 227, 0, 0
1087000, 235, 0, 0
1087999, 245, 0, 0
1088999, 243, 0, 0
1090000, 257, 0, 0
1090999, 204, 0, 0
1091999, 238, 0, 0
1093000, 210, 0, 0
1093999, 243, 0, 0
1094999, 192, 0, 0
1096000, 244, 0, 0
1096999, 236, 0, 0
1097999, 249, 0, 0
1099000, 253, 0, 0
1099999, 234, 0, 0
1100999, 234, 0, 0
1102000, 221, 0, 0
1102999, 233, 0, 0
1103999, 237, 0, 0
1105000, 241, 0, 0
1105999, 204, 0, 0
1106999, 220, 0, 0
1107999, 251, 0, 0
1108999, 215, 0, 0
1109999, 213, 0, 0
1110999, 254, 0, 0
1112000, 198, 0, 0
1112999, 211, 0, 0
1113999, 240, 0, 0
1115000, 226, 0, 0
1115999, 214, 0, 0
1116999, 228, 0, 0
1118000, 214, 0, 0
1118999, 224, 0, 0
1119999, 245, 0, 0
1121000, 218, 0, 0
1121999, 220, 0, 0
1122999, 240, 0, 0
1124000, 236, 0, 0
1125000, 228, 0, 0
1125999, 229, 0, 0
1126999, 206, 0, 0
1128000, 223, 0, 0
1128999, 222, 0, 0
1129999, 204, 0, 0
1131000, 232, 0, 0
1131999, 236, 0, 0
1132999, 268, 0, 0
1134000, 216, 0, 0
1134999, 233, 0, 0
1135999, 229, 0, 0
1136999, 209, 0, 0
1138000, 208, 0, 0
1138999, 241, 0, 0
1139999, 219, 0, 0
1141000, 211, 0, 0
1141999, 225, 0, 0
1142999, 216, 0, 0
1143999, 220, 0, 0
1144999, 233, 0, 0
1145999, 244, 0, 0
1146999, 228, 0, 0
1148000, 230, 0, 0
1148999, 237, 0, 0
1149999, 240, 0, 0
1151000, 219, 0, 0
1151999, 225, 0, 0
1152999, 195, 0, 0
1153999, 223, 0, 0
1154999, 233, 0, 0
1155999, 231, 0, 0
1156999, 218, 0, 0
1157999, 206, 0, 0
1158999, 210, 0, 0
1159999, 209, 0, 0
1161000, 202, 0, 0
1161999, 233, 0, 0
1162999, 204, 0, 0
1164000, 229, 0, 0
1164999, 209, 0, 0
1165999, 234, 0, 0
1166999, 224, 0, 0
1168000, 221, 0, 0
1168999, 214, 0, 0
1169999, 223, 0, 0
1171000, 231, 0, 0
1172000, 214, 0, 0
1172999, 204, 0, 0
1173999, 221, 0, 0
1175000, 236, 0, 0
1175999, 226, 0, 0
1176999, 218, 0, 0
1178000, 224, 0, 0
1178999, 217, 0, 0
1179999, 208, 0, 0
1181000, 236, 0, 0
1181999, 206, 0, 0
1182999, 227, 0, 0
1184000, 230, 0, 0
1185000, 239, 0, 0
1185999, 235, 0, 0
1186999, 212, 0, 0
1188000, 222, 0, 0
1188999, 203, 0, 0
1189999, 190, 0, 0
1191000, 198, 0, 0
1191999, 209, 0, 0
1192999, 215, 0, 0
1194000, 216, 0, 0
1195000, 220, 0, 0
1195999, 195, 0, 0
1197000, 212, 0, 0
1197999, 222, 0, 0
1198999, 225, 0, 0
1199999, 220, 0, 0
1201000, 243, 0, 0
1201999, 217, 0, 0
1202999, 198, 0, 0
1204000, 217, 0, 0
1204999, 232, 0, 0
1205999, 192, 0, 0
1207000, 214, 0, 0
1207999, 208, 0, 0
1208999, 218, 0, 0
1210000, 227, 0, 0
1210999, 207, 0, 0
1211999, 207, 0, 0
1213000, 231, 0, 0
1213999, 245, 0, 0
1214999, 208, 0, 0
1216000, 201, 0, 0
1216999, 210, 0, 0
1217999, 226, 0, 0
1219000, 203, 0, 0
1219999, 221, 0, 0
1220999, 199, 0, 0
1221999, 235, 0, 0
1223000, 228, 0, 0
1223999, 213, 0, 0
1224999, 222, 0, 0
1226000, 230, 0, 0
1226999, 212, 0, 0
1227999, 204, 0, 0
1229000, 194, 0, 0
1229999, 216, 0, 0
1230999, 228, 0, 0
1232000, 216, 0, 0
1232999, 217, 0, 0
1233999, 201, 0, 0
1235000, 216, 0, 0
1235999, 211, 0, 0
1236999, 199, 0, 0
1238000, 194, 0, 0
1239000, 236, 0, 0
1239999, 216, 0, 0
1240999, 194, 0, 0
1241999, 217, 0, 0
1242999, 221, 0, 0
1243999, 228, 0, 0
1245000, 192, 0, 0
1245999, 206, 0, 0
1246999, 218, 0, 0
1248000, 207, 0, 0
1248999, 218, 0, 0
1249999, 207, 0, 0
1251000, 218, 0, 0
1251999, 209, 0, 0
1252999, 212, 0, 0
1254000, 211, 0, 0
1254999, 220, 0, 0
1255999, 191, 0, 0
1257000, 212, 0, 0
1257999, 205, 0, 0
1258999, 226, 0, 0
1260000, 216, 0, 0
1260999, 205, 0, 0
1261999, 199, 0, 0
1263000, 214, 0, 0
1264000, 190, 0, 0
1264999, 217, 0, 0
1265999, 203, 0, 0
1267000, 189, 0, 0
1267999, 216, 0, 0
1268999, 216, 0, 0
1270000, 205, 0, 0
1270999, 214, 0, 0
1271999, 199, 0, 0
1272999, 190, 0, 0
1273999, 204, 0, 0
1274999, 201, 0, 0
1275999, 195, 0, 0
1277000, 208, 0, 0
1277999, 211, 0, 0
1278999, 207, 0, 0
1280000, 213, 0, 0
1280999, 207, 0, 0
1281999, 197, 0, 0
1283000, 188, 0, 0
1284000, 199, 0, 0
1284999, 215, 0, 0
1286000, 176, 0, 0
1286999, 203, 0, 0
1287999, 232, 0, 0
1289000, 205, 0, 0
1289999, 195, 0, 0
1290999, 195, 0, 0
1292000, 190, 0, 0
1293000, 214, 0, 0
1293999, 212, 0, 0
1295000, 198, 0, 0
1296000, 189, 0, 0
1296999, 196, 0, 0
1297999, 214, 0, 0
1299000, 179, 0, 0
1299999, 203, 0, 0
1300999, 208, 0, 0
1302000, 236, 0, 0
1302999, 200, 0, 0
1303999, 206, 0, 0
1305000, 185, 0, 0
1305999, 198, 0, 0
1306999, 214, 0, 0
1308000, 200, 0, 0
1308999, 202, 0, 0
1309999, 200, 0, 0
1311000, 185, 0, 0
1311999, 183, 0, 0
1312999, 205, 0, 0
1314000, 208, 0, 0
1315000, 212, 0, 0
1315999, 193, 0, 0
1316999, 191, 0, 0
1318000, 200, 0, 0
1318999, 183, 0, 0
1319999, 211, 0, 0
1321000, 195, 0, 0
1321999, 188, 0, 0
1322999, 201, 0, 0
1324000, 205, 0, 0
1324999, 182, 0, 0
1325999, 168, 0, 0
1327000, 182, 0, 0
1327999, 197, 0, 0
1328999, 199, 0, 0
1330000, 197, 0, 0
1330999, 181, 0, 0
1331999, 193, 0, 0
1333000, 195, 0, 0
1333999, 185, 0, 0
1334999, 195, 0, 0
1336000, 192, 0, 0
1337000, 203, 0, 0
1337999, 228, 0, 0
1338999, 190, 0, 0
1340000, 189, 0, 0
1340999, 179, 0, 0
1341999, 194, 0, 0
1343000, 195, 0, 0
1343999, 190, 0, 0
1344999, 185, 0, 0
1346000, 215, 0, 0
1346999, 196, 0, 0
1347999, 187, 0, 0
1349000, 193, 0, 0
1349999, 204, 0, 0
1350999, 191, 0, 0
1352000, 176, 0, 0
1352999, 189, 0, 0
1353999, 195, 0, 0
1355000, 192, 0, 0
1355999, 195, 0, 0
1356999, 189, 0, 0
1358000, 198, 0, 0
1359000, 190, 0, 0
1359999, 211, 0, 0
1360999, 185, 0, 0
1362000, 174, 0, 0
1362999, 187, 0, 0
1363999, 186, 0, 0
1365000, 182, 0, 0
1365999, 170, 0, 0
1366999, 192, 0, 0
1368000, 195, 0, 0
1368999, 152, 0, 0
1369999, 171, 0, 0
1371000, 182, 0, 0
1371999, 189, 0, 0
1372999, 200, 0, 0
1373999, 190, 0, 0
1375000, 173, 0, 0
1375999, 168, 0, 0
1376999, 187, 0, 0
1378000, 199, 0, 0
1378999, 191, 0, 0
1379999, 197, 0, 0
1381000, 181, 0, 0
1381999, 184, 0, 0
1382999, 188, 0, 0
1384000, 179, 0, 0
1384999, 188, 0, 0
1385999, 163, 0, 0
1387000, 192, 0, 0
1387999, 189, 0, 0
1388999, 177, 0, 0
1390000, 190, 0, 0
1390999, 174, 0, 0
1391999, 198, 0, 0
1393000, 176, 0, 0
1393999, 194, 0, 0
1394999, 179, 0, 0
1396000, 181, 0, 0
1396999, 174, 0, 0
1397999, 180, 0, 0
1399000, 177, 0, 0
1399999, 191, 0, 0
1400999, 173, 0, 0
1402000, 175, 0, 0
1402999, 173, 0, 0
1403999, 183, 0, 0
1405000, 186, 0, 0
1405999, 196, 0, 0
1406999, 201, 0, 0
1407999, 164, 0, 0
1409000, 177, 0, 0
1409999, 179, 0, 0
1410999, 180, 0, 0
1412000, 173, 0, 0
1412999, 173, 0, 0
1413999, 183, 0, 0
1415000, 175, 0, 0
1415999, 185, 0, 0
1416999, 169, 0, 0
1418000, 178, 0, 0
1418999, 171, 0, 0
1419999, 172, 0, 0
1420999, 177, 0, 0
1422000, 160, 0, 0
1422999, 178, 0, 0
1423999, 186, 0, 0
1425000, 179, 0, 0
1425999, 196, 0, 0
1426999, 174, 0, 0
1427999, 175, 0, 0
1429000, 178, 0, 0
1429999, 182, 0, 0
1430999, 192, 0, 0
1432000, 167, 0, 0
1432999, 183, 0, 0
1433999, 185, 0, 0
1435000, 195, 0, 0
1435999, 174, 0, 0
1436999, 170, 0, 0
1438000, 165, 0, 0
1438999, 179, 0, 0
1439999, 170, 0, 0
1441000, 173, 0, 0
1442000, 172, 0, 0
1442999, 181, 0, 0
1443999, 185, 0, 0
1445000, 170, 0, 0
1445999, 175, 0, 0
1446999, 169, 0, 0
1448000, 173, 0, 0
1448999, 179, 0, 0
1449999, 175, 0, 0
1451000, 186, 0, 0
1452000, 174, 0, 0
1452999, 164, 0, 0
1453999, 173, 0, 0
1455000, 142, 0, 0
1455999, 168, 0, 0
1456999, 161, 0, 0
1458000, 165, 0, 0
1458999, 165, 0, 0
1459999, 177, 0, 0
1461000, 168, 0, 0
1461999, 181, 0, 0
1462999, 191, 0, 0
1464000, 157, 0, 0
1464999, 163, 0, 0
1465999, 174, 0, 0
1466999, 172, 0, 0
1468000, 165, 0, 0
1468999, 168, 0, 0
1469999, 187, 0, 0
1471000, 164, 0, 0
1471999, 183, 0, 0
1472999, 167, 0, 0
1474000, 166, 0, 0
1474999, 163, 0, 0
1475999, 177, 0, 0
1477000, 179, 0, 0
1477999, 182, 0, 0
1478999, 169, 0, 0
1479999, 178, 0, 0
1481000, 174, 0, 0
1481999, 171, 0, 0
1482999, 164, 0, 0
1484000, 180, 0, 0
1484999, 166, 0, 0
1485999, 158, 0, 0
1487000, 172, 0, 0
1487999, 177, 0, 0
1488999, 176, 0, 0
1489999, 156, 0, 0
1491000, 189, 0, 0
1491999, 156, 0, 0
1492999, 176, 0, 0
1494000, 185, 0, 0
1494999, 162, 0, 0
1495999, 181, 0, 0
1497000, 159, 0, 0
1497999, 147, 0, 0
1498999, 180, 0, 0
1500000, 155, 0, 0
1501000, 165, 0, 0
1501999, 169, 0, 0
1502999, 156, 0, 0
1504000, 164, 0, 0
1504999, 163, 0, 0
1505999, 157, 0, 0
1507000, 151, 0, 0
1507999, 159, 0, 0
1508999, 179, 0, 0
1510000, 162, 0, 0
1510999, 166, 0, 0
1511999, 159, 0, 0
1513000, 161, 0, 0
1513999, 156, 0, 0
1514999, 167, 0, 0
1516000, 166, 0, 0
1516999, 172, 0, 0
1517999, 169, 0, 0
1519000, 174, 0, 0
1519999, 151, 0, 0
1520999, 168, 0, 0
1522000, 154, 0, 0
1522999, 159, 0, 0
1523999, 175, 0, 0
1525000, 167, 0, 0
1525999, 166, 0, 0
1526999, 164, 0, 0
1528000, 161, 0, 0
1529000, 170, 0, 0
1529999, 168, 0, 0
1531000, 152, 0, 0
1531999, 158, 0, 0
1532999, 165, 0, 0
1533999, 155, 0, 0
1535000, 172, 0, 0
1535999, 172, 0, 0
1536999, 167, 0, 0
1538000, 140, 0, 0
1538999, 163, 0, 0
1539999, 148, 0, 0
1541000, 144, 0, 0
1541999, 162, 0, 0
1542999, 152, 0, 0
1544000, 159, 0, 0
1544999, 175, 0, 0
1545999, 157, 0, 0
1547000, 163, 0, 0
1548000, 162, 0, 0
1548999, 158, 0, 0
1549999, 158, 0, 0
1551000, 153, 0, 0
1551999, 155, 0, 0
1552999, 157, 0, 0
1554000, 166, 0, 0
1554999, 154, 0, 0
1555999, 165, 0, 0
1557000, 163, 0, 0
1558000, 150, 0, 0
1558999, 147, 0, 0
1559999, 166, 0, 0
1561000, 164, 0, 0
1561999, 140, 0, 0
1562999, 156, 0, 0
1564000, 163, 0, 0
1564999, 176, 0, 0
1565999, 156, 0, 0
1566999, 150, 0, 0
1568000, 146, 0, 0
1568999, 168, 0, 0
1569999, 158, 0, 0
1571000, 153, 0, 0
1571999, 159, 0, 0
1572999, 152, 0, 0
1574000, 160, 0, 0
1574999, 165, 0, 0
1575999, 150, 0, 0
1577000, 168, 0, 0
1577999, 153, 0, 0
1578999, 145, 0, 0
1579999, 171, 0, 0
1581000, 169, 0, 0
1581999, 137, 0, 0
1582999, 157, 0, 0
1584000, 131, 0, 0
1584999, 161, 0, 0
1585999, 141, 0, 0
1587000, 140, 0, 0
1588000, 160, 0, 0
1588999, 148, 0, 0
1589999, 147, 0, 0
1591000, 161, 0, 0
1591999, 156, 0, 0
1592999, 156, 0, 0
1594000, 159, 0, 0
1594999, 160, 0, 0
1595999, 145, 0, 0
1596999, 148, 0, 0
1598000, 151, 0, 0
1598999, 144, 0, 0
1599999, 152, 0, 0
1601000, 154, 0, 0
1601999, 156, 0, 0
1602999, 154, 0, 0
1604000, 150, 0, 0
1604999, 148, 0, 0
1605999, 150, 0, 0
1607000, 166, 0, 0
1607999, 141, 0, 0
1608999, 155, 0, 0
1609999, 153, 0, 0
1611000, 158, 0, 0
1611999, 146, 0, 0
1612999, 145, 0, 0
1614000, 153, 0, 0
1615000, 150, 0, 0
1615999, 144, 0, 0
1616999, 160, 0, 0
1618000, 155, 0, 0
1618999, 152, 0, 0
1619999, 158, 0, 0
1621000, 138, 0, 0
1621999, 145, 0, 0
1622999, 141, 0, 0
1623999, 143, 0, 0
1625000, 154, 0, 0
1625999, 137, 0, 0
1626999, 130, 0, 0
1628000, 146, 0, 0
1628999, 157, 0, 0
1629999, 137, 0, 0
1631000, 147, 0, 0
1632000, 145, 0, 0
1632999, 157, 0, 0
1633999, 143, 0, 0
1635000, 142, 0, 0
1635999, 165, 0, 0
1636999, 153, 0, 0
1638000, 167, 0, 0
1638999, 142, 0, 0
1639999, 149, 0, 0
1640999, 153, 0, 0
1642000, 147, 0, 0
1642999, 154, 0, 0
1643999, 146, 0, 0
1645000, 141, 0, 0
1645999, 143, 0, 0
1646999, 147, 0, 0
1648000, 167, 0, 0
1648999, 154, 0, 0
1649999, 135, 0, 0
1650999, 148, 0, 0
1651999, 143, 0, 0
1652999, 152, 0, 0
1653999, 167, 0, 0
1655000, 146, 0, 0
1655999, 153, 0, 0
1656999, 160, 0, 0
1658000, 151, 0, 0
1658999, 151, 0, 0
1659999, 151, 0, 0
1660999, 147, 0, 0
1662000, 148, 0, 0
1662999, 157, 0, 0
1663999, 150, 0, 0
1665000, 144, 0, 0
1665999, 149, 0, 0
1666999, 145, 0, 0
1668000, 136, 0, 0
1668999, 159, 0, 0
1669999, 132, 0, 0
1670999, 149, 0, 0
1672000, 163, 0, 0
1672999, 153, 0, 0
1673999, 136, 0, 0
1674999, 147, 0, 0
1675999, 136, 0, 0
1676999, 145, 0, 0
1677999, 147, 0, 0
1679000, 156, 0, 0
1680000, 145, 0, 0
1680999, 158, 0, 0
1681999, 147, 0, 0
1683000, 141, 0, 0
1683999, 149, 0, 0
1684999, 145, 0, 0
1686000, 132, 0, 0
1686999, 153, 0, 0
1687999, 141, 0, 0
1688999, 138, 0, 0
1690000, 161, 0, 0
1690999, 146, 0, 0
1691999, 142, 0, 0
1692999, 150, 0, 0
1694000, 142, 0, 0
1694999, 137, 0, 0
1695999, 148, 0, 0
1697000, 135, 0, 0
1697999, 145, 0, 0
1698999, 142, 0, 0
1699999, 144, 0, 0
1701000, 142, 0, 0
1701999, 155, 0, 0
1702999, 149, 0, 0
1704000, 142, 0, 0
1704999, 145, 0, 0
1705999, 139, 0, 0
1706999, 140, 0, 0
1708000, 154, 0, 0
1708999, 155, 0, 0
1709999, 139, 0, 0
1711000, 136, 0, 0
1711999, 150, 0, 0
1712999, 126, 0, 0
1713999, 140, 0, 0
1715000, 137, 0, 0
1715999, 125, 0, 0
1716999, 134, 0, 0
1718000, 138, 0, 0
1719000, 146, 0, 0
1719999, 128, 0, 0
1720999, 146, 0, 0
1722000, 152, 0, 0
1722999, 148, 0, 0
1723999, 146, 0, 0
1725000, 142, 0, 0
1725999, 146, 0, 0
1726999, 147, 0, 0
1727999, 135, 0, 0
1729000, 140, 0, 0
1729999, 151, 0, 0
1730999, 142, 0, 0
1731999, 140, 0, 0
1733000, 140, 0, 0
1733999, 133, 0, 0
1734999, 140, 0, 0
1736000, 152, 0, 0
1736999, 142, 0, 0
1737999, 142, 0, 0
1738999, 137, 0, 0
1740000, 136, 0, 0
1740999, 139, 0, 0
1741999, 145, 0, 0
1743000, 141, 0, 0
1743999, 144, 0, 0
1744999, 139, 0, 0
1745999, 148, 0, 0
1746999, 142, 0, 0
1747999, 141, 0, 0
1748999, 139, 0, 0
1750000, 134, 0, 0
1750999, 141, 0, 0
1751999, 140, 0, 0
1752999, 143, 0, 0
1754000, 135, 0, 0
1754999, 142, 0, 0
1755999, 127, 0, 0
1757000, 138, 0, 0
1757999, 145, 0, 0
1758999, 140, 0, 0
1759999, 141, 0, 0
1761000, 145, 0, 0
1762000, 144, 0, 0
1762999, 132, 0, 0
1763999, 140, 0, 0
1765000, 137, 0, 0
1765999, 141, 0, 0
1766999, 140, 0, 0
1768000, 139, 0, 0
1768999, 141, 0, 0
1769999, 144, 0, 0
1770999, 134, 0, 0
1772000, 150, 0, 0
1772999, 146, 0, 0
1773999, 151, 0, 0
1775000, 136, 0, 0
1775999, 133, 0, 0
1776999, 142, 0, 0
1777999, 143, 0, 0
1779000, 142, 0, 0
1779999, 150, 0, 0
1780999, 139, 0, 0
1781999, 134, 0, 0
1783000, 148, 0, 0
1783999, 138, 0, 0
1784999, 160, 0, 0
1786000, 136, 0, 0
1786999, 145, 0, 0
1787999, 134, 0, 0
1788999, 140, 0, 0
1790000, 144, 0, 0
1790999, 135, 0, 0
1791999, 144, 0, 0
1792999, 145, 0, 0
1794000, 140, 0, 0
1794999, 141, 0, 0
1795999, 131, 0, 0
1797000, 147, 0, 0
1797999, 137, 0, 0
1798999, 162, 0, 0
1799999, 147, 0, 0
1801000, 145, 0, 0
1802000, 151, 0, 0
1802999, 141, 0, 0
1803999, 132, 0, 0
1805000, 145, 0, 0
1806000, 131, 0, 0
1806999, 132, 0, 0
1807999, 152, 0, 0
1808999, 144, 0, 0
1810000, 139, 0, 0
1811000, 150, 0, 0
1812000, 147, 0, 0
1813000, 139, 0, 0
1813999, 147, 0, 0
1814999, 147, 0, 0
1815999, 145, 0, 0
1817000, 143, 0, 0
1818000, 146, 0, 0
1819000, 133, 0, 0
1819999, 150, 0, 0
1820999, 141, 0, 0
1821999, 138, 0, 0
1823000, 145, 0, 0
1824000, 138, 0, 0
1825000, 152, 0, 0
1825999, 145, 0, 0
1826999, 150, 0, 0
1827999, 133, 0, 0
1829000, 152, 0, 0
1830000, 127, 0, 0
1831000, 137, 0, 0
1832000, 143, 0, 0
1832999, 146, 0, 0
1833999, 143, 0, 0
1835000, 144, 0, 0
1836000, 142, 0, 0
1837000, 145, 0, 0
1838000, 149, 0, 0
1838999, 136, 0, 0
1839999, 147, 0, 0
1840999, 141, 0, 0
1842000, 139, 0, 0
1843000, 142, 0, 0
1844000, 145, 0, 0
1844999, 144, 0, 0
1845999, 142, 0, 0
1846999, 141, 0, 0
1848000, 147, 0, 0
1849000, 133, 0, 0
1850000, 139, 0, 0
1850999, 152, 0, 0
1851999, 143, 0, 0
1852999, 142, 0, 0
1854000, 149, 0, 0
1855000, 126, 0, 0
1856000, 146, 0, 0
1856999, 140, 0, 0
1857999, 144, 0, 0
1858999, 162, 0, 0
1860000, 140, 0, 0
1861000, 144, 0, 0
1862000, 155, 0, 0
1862999, 133, 0, 0
1863999, 135, 0, 0
1864999, 153, 0, 0
1866000, 142, 0, 0
1867000, 151, 0, 0
1868000, 139, 0, 0
1868999, 140, 0, 0
1869999, 143, 0, 0
1870999, 145, 0, 0
1872000, 147, 0, 0
1873000, 143, 0, 0
1874000, 136, 0, 0
1875000, 135, 0, 0
1875999, 139, 0, 0
1876999, 155, 0, 0
1877999, 158, 0, 0
1879000, 150, 0, 0
1880000, 144, 0, 0
1881000, 146, 0, 0
1881999, 146, 0, 0
1882999, 138, 0, 0
1883999, 145, 0, 0
1885000, 132, 0, 0
1886000, 143, 0, 0
1887000, 155, 0, 0
1888000, 148, 0, 0
1888999, 134, 0, 0
1889999, 139, 0, 0
1891000, 147, 0, 0
1892000, 138, 0, 0
1893000, 146, 0, 0
1894000, 139, 0, 0
1894999, 144, 0, 0
1895999, 146, 0, 0
1896999, 133, 0, 0
1898000, 149, 0, 0
1899000, 145, 0, 0
1900000, 142, 0, 0
1900999, 148, 0, 0
1901999, 138, 0, 0
1902999, 149, 0, 0
1904000, 143, 0, 0
1905000, 154, 0, 0
1906000, 149, 0, 0
1907000, 138, 0, 0
1907999, 135, 0, 0
1908999, 162, 0, 0
1909999, 140, 0, 0
1911000, 150, 0, 0
1912000, 140, 0, 0
1913000, 162, 0, 0
1913999, 154, 0, 0
1914999, 134, 0, 0
1915999, 148, 0, 0
1917000, 153, 0, 0
1918000, 147, 0, 0
1919000, 141, 0, 0
1919999, 156, 0, 0
1920999, 128, 0, 0
1921999, 139, 0, 0
1923000, 138, 0, 0
1924000, 145, 0, 0
1925000, 147, 0, 0
1926000, 154, 0, 0
1926999, 133, 0, 0
1927999, 138, 0, 0
1929000, 156, 0, 0
1930000, 147, 0, 0
1931000, 146, 0, 0
1932000, 141, 0, 0
1932999, 147, 0, 0
1933999, 144, 0, 0
1935000, 148, 0, 0
1936000, 149, 0, 0
1937000, 142, 0, 0
1938000, 139, 0, 0
1938999, 142, 0, 0
1939999, 134, 0, 0
1941000, 144, 0, 0
1942000, 143, 0, 0
1943000, 146, 0, 0
1944000, 152, 0, 0
1944999, 143, 0, 0
1945999, 138, 0, 0
1947000, 153, 0, 0
1948000, 137, 0, 0
1949000, 156, 0, 0
1949999, 151, 0, 0
1950999, 158, 0, 0
1951999, 141, 0, 0
1953000, 156, 0, 0
1954000, 132, 0, 0
1955000, 138, 0, 0
1956000, 133, 0, 0
1956999, 143, 0, 0
1957999, 145, 0, 0
1958999, 144, 0, 0
1960000, 133, 0, 0
1961000, 153, 0, 0
1962000, 136, 0, 0
1962999, 147, 0, 0
1963999, 150, 0, 0
1965000, 151, 0, 0
1966000, 156, 0, 0
1967000, 152, 0, 0
1967999, 151, 0, 0
1968999, 133, 0, 0
1969999, 152, 0, 0
1970999, 137, 0, 0
1972000, 143, 0, 0
1973000, 147, 0, 0
1974000, 141, 0, 0
1974999, 137, 0, 0
1975999, 165, 0, 0
1976999, 134, 0, 0
1978000, 154, 0, 0
1979000, 137, 0, 0
1980000, 148, 0, 0
1981000, 142, 0, 0
1981999, 148, 0, 0
1982999, 136, 0, 0
1984000, 152, 0, 0
1985000, 143, 0, 0
1986000, 159, 0, 0
1987000, 145, 0, 0
1987999, 155, 0, 0
1988999, 143, 0, 0
1989999, 145, 0, 0
1991000, 145, 0, 0
1992000, 139, 0, 0
1993000, 142, 0, 0
1993999, 136, 0, 0
1994999, 146, 0, 0
1995999, 144, 0, 0
1997000, 148, 0, 0
1998000, 140, 0, 0
1999000, 145, 0, 0
2000000, 148, 0, 0
2000999, 141, 0, 0
2001999, 139, 0, 0
2002999, 139, 0, 0
2004000, 142, 0, 0
2005000, 147, 0, 0
2006000, 152, 0, 0
2006999, 147, 0, 0
2007999, 153, 0, 0
2008999, 154, 0, 0
2010000, 142, 0, 0
2011000, 148, 0, 0
2012000, 150, 0, 0
2012999, 153, 0, 0
2013999, 146, 0, 0
2014999, 162, 0, 0
2016000, 144, 0, 0
2017000, 131, 0, 0
2018000, 145, 0, 0
2019000, 150, 0, 0
2019999, 160, 0, 0
2020999, 144, 0, 0
2022000, 149, 0, 0
2023000, 128, 0, 0
2024000, 143, 0, 0
2025000, 150, 0, 0
2026000, 142, 0, 0
2027000, 149, 0, 0
2028000, 144, 0, 0
2028999, 141, 0, 0
2029999, 142, 0, 0
2031000, 144, 0, 0
2032000, 144, 0, 0
2033000, 142, 0, 0
2034000, 145, 0, 0
2035000, 144, 0, 0
2036000, 151, 0, 0
2037000, 140, 0, 0
2038000, 155, 0, 0
2038999, 133, 0, 0
2039999, 144, 0, 0
2041000, 147, 0, 0
2042000, 149, 0, 0
2043000, 139, 0, 0
2044000, 142, 0, 0
2045000, 145, 0, 0
2046000, 141, 0, 0
2047000, 136, 0, 0
2048000, 151, 0, 0
2048999, 150, 0, 0
2049999, 167, 0, 0
2050999, 141, 0, 0
2052000, 143, 0, 0
2053000, 143, 0, 0
2054000, 150, 0, 0
2055000, 146, 0, 0
2056000, 144, 0, 0
2057000, 150, 0, 0
2058000, 150, 0, 0
2059000, 141, 0, 0
2059999, 145, 0, 0
2061000, 140, 0, 0
2062000, 142, 0, 0
2063000, 148, 0, 0
2064000, 146, 0, 0
2065000, 142, 0, 0
2066000, 150, 0, 0
2067000, 141, 0, 0
2068000, 146, 0, 0
2069000, 143, 0, 0
2070000, 140, 0, 0
2070999, 151, 0, 0
2072000, 150, 0, 0
2073000, 148, 0, 0
2074000, 146, 0, 0
2075000, 152, 0, 0
2076000, 143, 0, 0
2076999, 150, 0, 0
2077999, 152, 0, 0
2078999, 140, 0, 0
2079999, 137, 0, 0
2080998, 150, 0, 0
2081999, 140, 0, 0
2082999, 159, 0, 0
2083998, 158, 0, 0
2084998, 147, 0, 0
2085998, 149, 0, 0
2086998, 131, 0, 0
2087997, 144, 0, 0
2088997, 149, 0, 0
2089997, 147, 0, 0
2090997, 158, 0, 0
2091996, 151, 0, 0
2092997, 152, 0, 0
2093997, 151, 0, 0
2094996, 146, 0, 0
2095996, 159, 0, 0
2096996, 151, 0, 0
2097996, 137, 0, 0
2098995, 144, 0, 0
2099995, 160, 0, 0
2100995, 142, 0, 0
2101995, 137, 0, 0
2102994, 140, 0, 0
2103995, 149, 0, 0
2104995, 148, 0, 0
2105995, 136, 0, 0
2106994, 140, 0, 0
2107994, 151, 0, 0
2108994, 160, 0, 0
2109993, 154, 0, 0
2110993, 137, 0, 0
2111993, 147, 0, 0
2112993, 139, 0, 0
2113993, 150, 0, 0
2114993, 145, 0, 0
2115993, 149, 0, 0
2116992, 153, 0, 0
2117992, 148, 0, 0
2118992, 165, 0, 0
2119992, 153, 0, 0
2120991, 149, 0, 0
2121991, 151, 0, 0
2122992, 142, 0, 0
2123992, 162, 0, 0
2124991, 152, 0, 0
2125991, 136, 0, 0
2126991, 152, 0, 0
2128000, 144, 0, 0
2129000, 141, 0, 0
2130000, 156, 0, 0
2130999, 152, 0, 0
2131999, 154, 0, 0
2132999, 147, 0, 0
2134000, 141, 0, 0
2135000, 141, 0, 0
2136000, 153, 0, 0
2137000, 147, 0, 0
2137999, 140, 0, 0
2138999, 143, 0, 0
2139999, 146, 0, 0
2141000, 157, 0, 0
2142000, 152, 0, 0
2143000, 149, 0, 0
2143999, 161, 0, 0
2144999, 131, 0, 0
2145999, 145, 0, 0
2147000, 134, 0, 0
2148000, 157, 0, 0
2149000, 143, 0, 0
2150000, 152, 0, 0
2151000, 147, 0, 0
2151999, 137, 0, 0
2152999, 147, 0, 0
2154000, 153, 0, 0
2155000, 147, 0, 0
2156000, 150, 0, 0
2157000, 145, 0, 0
2157999, 146, 0, 0
2158999, 170, 0, 0
2159999, 131, 0, 0
2161000, 155, 0, 0
2162000, 149, 0, 0
2163000, 157, 0, 0
2164000, 147, 0, 0
2164999, 155, 0, 0
2165999, 152, 0, 0
2166999, 142, 0, 0
2168000, 145, 0, 0
2169000, 131, 0, 0
2170000, 147, 0, 0
2170999, 149, 0, 0
2171999, 148, 0, 0
2172999, 149, 0, 0
2174000, 145, 0, 0
2175000, 137, 0, 0
2176000, 147, 0, 0
2177000, 143, 0, 0
2177999, 156, 0, 0
2178999, 152, 0, 0
2179999, 144, 0, 0
2181000, 157, 0, 0
2182000, 152, 0, 0
2183000, 139, 0, 0
2184000, 148, 0, 0
2184999, 141, 0, 0
2185999, 155, 0, 0
2187000, 159, 0, 0
2188000, 142, 0, 0
2189000, 145, 0, 0
2190000, 160, 0, 0
2190999, 141, 0, 0
2191999, 139, 0, 0
2192999, 157, 0, 0
2194000, 143, 0, 0
2195000, 128, 0, 0
2196000, 146, 0, 0
2196999, 134, 0, 0
2197999, 140, 0, 0
2199000, 146, 0, 0
2200000, 149, 0, 0
2201000, 143, 0, 0
2202000, 147, 0, 0
2202999, 152, 0, 0
2203999, 154, 0, 0
2204999, 144, 0, 0
2206000, 164, 0, 0
2207000, 151, 0, 0
2208000, 148, 0, 0
2209000, 151, 0, 0
2209999, 158, 0, 0
2210999, 144, 0, 0
2211999, 154, 0, 0
2213000, 161, 0, 0
2214000, 149, 0, 0
2215000, 141, 0, 0
2215999, 151, 0, 0
2216999, 150, 0, 0
2217999, 146, 0, 0
2219000, 150, 0, 0
2220000, 156, 0, 0
2221000, 144, 0, 0
2222000, 146, 0, 0
2222999, 149, 0, 0
2223999, 157, 0, 0
2224999, 163, 0, 0
2226000, 152, 0, 0
2227000, 156, 0, 0
2228000, 154, 0, 0
2229000, 149, 0, 0
2229999, 156, 0, 0
2230999, 161, 0, 0
2232000, 150, 0, 0
2233000, 146, 0, 0
2234000, 155, 0, 0
2235000, 153, 0, 0
2235999, 169, 0, 0
2236999, 149, 0, 0
2237999, 145, 0, 0
2239000, 152, 0, 0
2240000, 153, 0, 0
2241000, 152, 0, 0
2242000, 153, 0, 0
2242999, 155, 0, 0
2243999, 149, 0, 0
2245000, 164, 0, 0
2246000, 147, 0, 0
2247000, 144, 0, 0
2248000, 155, 0, 0
2248999, 147, 0, 0
2249999, 140, 0, 0
2250999, 147, 0, 0
2252000, 165, 0, 0
2253000, 162, 0, 0
2254000, 132, 0, 0
2254999, 156, 0, 0
2255999, 150, 0, 0
2256999, 140, 0, 0
2258000, 151, 0, 0
2259000, 141, 0, 0
2260000, 142, 0, 0
2261000, 159, 0, 0
2261999, 152, 0, 0
2262999, 152, 0, 0
2264000, 150, 0, 0
2265000, 147, 0, 0
2266000, 144, 0, 0
2266999, 146, 0, 0
2267999, 162, 0, 0
2269000, 152, 0, 0
2270000, 158, 0, 0
2271000, 155, 0, 0
2272000, 150, 0, 0
2272999, 158, 0, 0
2273999, 152, 0, 0
2274999, 155, 0, 0
2276000, 159, 0, 0
2277000, 156, 0, 0
2278000, 149, 0, 0
2279000, 156, 0, 0
2279999, 154, 0, 0
2280999, 152, 0, 0
2282000, 156, 0, 0
2283000, 154, 0, 0
2284000, 157, 0, 0
2285000, 148, 0, 0
2285999, 139, 0, 0
2286999, 144, 0, 0
2288000, 141, 0, 0
2289000, 145, 0, 0
2290000, 147, 0, 0
2291000, 169, 0, 0
2291999, 148, 0, 0
2292999, 154, 0, 0
2293999, 154, 0, 0
2295000, 147, 0, 0
2296000, 144, 0, 0
2297000, 161, 0, 0
2298000, 150, 0, 0
2298999, 148, 0, 0
2299999, 146, 0, 0
2301000, 146, 0, 0
2302000, 147, 0, 0
2303000, 164, 0, 0
2304000, 151, 0, 0
2304999, 143, 0, 0
2305999, 151, 0, 0
2307000, 161, 0, 0
2308000, 159, 0, 0
2309000, 162, 0, 0
2310000, 154, 0, 0
2310999, 138, 0, 0
2311999, 156, 0, 0
2312999, 153, 0, 0
2314000, 147, 0, 0
2315000, 142, 0, 0
2316000, 149, 0, 0
2317000, 158, 0, 0
2317999, 137, 0, 0
2318999, 151, 0, 0
2319999, 147, 0, 0
2321000, 148, 0, 0
2322000, 147, 0, 0
2323000, 171, 0, 0
2323999, 156, 0, 0
2324999, 153, 0, 0
2325999, 161, 0, 0
2327000, 157, 0, 0
2328000, 141, 0, 0
2329000, 167, 0, 0
2329999, 155, 0, 0
2330999, 161, 0, 0
2331999, 153, 0, 0
2333000, 155, 0, 0
2334000, 144, 0, 0
2335000, 146, 0, 0
2335999, 148, 0, 0
2336999, 155, 0, 0
2337999, 149, 0, 0
2339000, 145, 0, 0
2340000, 157, 0, 0
2341000, 152, 0, 0
2342000, 148, 0, 0
2342999, 154, 0, 0
2343999, 141, 0, 0
2344999, 158, 0, 0
2346000, 141, 0, 0
2347000, 160, 0, 0
2348000, 153, 0, 0
2348999, 154, 0, 0
2349999, 154, 0, 0
2350999, 148, 0, 0
2352000, 162, 0, 0
2353000, 138, 0, 0
2354000, 157, 0, 0
2355000, 151, 0, 0
2355999, 142, 0, 0
2356999, 153, 0, 0
2358000, 143, 0, 0
2359000, 152, 0, 0
2360000, 155, 0, 0
2360999, 147, 0, 0
2361999, 161, 0, 0
2362999, 157, 0, 0
2364000, 152, 0, 0
2365000, 151, 0, 0
2366000, 153, 0, 0
2366999, 152, 0, 0
2367999, 150, 0, 0
2368999, 141, 0, 0
2370000, 172, 0, 0
2371000, 147, 0, 0
2372000, 149, 0, 0
2373000, 152, 0, 0
2373999, 163, 0, 0
2374999, 149, 0, 0
2376000, 152, 0, 0
2377000, 151, 0, 0
2378000, 148, 0, 0
2379000, 151, 0, 0
2379999, 146, 0, 0
2380999, 142, 0, 0
2382000, 149, 0, 0
2383000, 145, 0, 0
2384000, 138, 0, 0
2385000, 154, 0, 0
2385999, 150, 0, 0
2386999, 148, 0, 0
2387999, 155, 0, 0
2389000, 147, 0, 0
2390000, 133, 0, 0
2391000, 133, 0, 0
2391999, 149, 0, 0
2392999, 152, 0, 0
2393999, 168, 0, 0
2395000, 149, 0, 0
2396000, 158, 0, 0
2397000, 162, 0, 0
2398000, 146, 0, 0
2398999, 157, 0, 0
2399999, 143, 0, 0
