1000, 457, 0, 0
2000, 196, 0, 0
2999, 459, 0, 0
3999, 171, 0, 0
5000, 185, 0, 0
5999, 329, 0, 0
6999, 331, 0, 0
8000, 318, 0, 0
8999, 196, 0, 0
9999, 193, 0, 0
11000, 142, 0, 0
12000, 161, 0, 0
12999, 684, 0, 0
13999, 344, 0, 0
15000, 295, 0, 0
15999, 330, 0, 0
16999, 193, 0, 0
18000, 302, 0, 0
18999, 155, 0, 0
19999, 218, 0, 0
21000, 197, 0, 0
21999, 198, 0, 0
22999, 407, 0, 0
24000, 677, 0, 0
24999, 468, 0, 0
25999, 589, 0, 0
27000, 215, 0, 0
27999, 294, 0, 0
28999, 375, 0, 0
30000, 322, 0, 0
30999, 342, 0, 0
31999, 417, 0, 0
33000, 177, 0, 0
33999, 293, 0, 0
34999, 326, 0, 0
36000, 144, 0, 0
36999, 470, 0, 0
37999, 321, 0, 0
39000, 164, 0, 0
39999, 753, 0, 0
40999, 190, 0, 0
41999, 154, 0, 0
43000, 225, 0, 0
43999, 349, 0, 0
44999, 208, 0, 0
46000, 200, 0, 0
46999, 323, 0, 0
47999, 144, 0, 0
48999, 182, 0, 0
49999, 488, 0, 0
50999, 173, 0, 0
52000, 191, 0, 0
52999, 354, 0, 0
53999, 177, 0, 0
54999, 199, 0, 0
56000, 145, 0, 0
56999, 220, 0, 0
57999, 172, 0, 0
59000, 202, 0, 0
59999, 166, 0, 0
60999, 240, 0, 0
62000, 162, 0, 0
62999, 232, 0, 0
63999, 147, 0, 0
65000, 192, 0, 0
65999, 451, 0, 0
66999, 259, 0, 0
68000, 410, 0, 0
68999, 217, 0, 0
69999, 418, 0, 0
71000, 178, 0, 0
71999, 188, 0, 0
72999, 459, 0, 0
74000, 412, 0, 0
74999, 406, 0, 0
75999, 998, 0, 0
77000, 237, 0, 0
77999, 273, 0, 0
78999, 253, 0, 0
80000, 195, 0, 0
80999, 229, 0, 0
81999, 411, 0, 0
83000, 188, 0, 0
84000, 182, 0, 0
84999, 496, 0, 0
85999, 191, 0, 0
87000, 174, 0, 0
87999, 306, 0, 0
88999, 298, 0, 0
90000, 567, 0, 0
90999, 322, 0, 0
91999, 198, 0, 0
93000, 158, 0, 0
93999, 328, 0, 0
94999, 233, 0, 0
96000, 277, 0, 0
96999, 361, 0, 0
97999, 160, 0, 0
99000, 219, 0, 0
99999, 190, 0, 0
100999, 183, 0, 0
102000, 395, 0, 0
102999, 172, 0, 0
103999, 167, 0, 0
105000, 357, 0, 0
106000, 169, 0, 0
106999, 328, 0, 0
108000, 208, 0, 0
108999, 186, 0, 0
109999, 235, 0, 0
111000, 315, 0, 0
112000, 358, 0, 0
112999, 213, 0, 0
114000, 221, 0, 0
114999, 167, 0, 0
115999, 370, 0, 0
116999, 415, 0, 0
118000, 204, 0, 0
118999, 314, 0, 0
119999, 153, 0, 0
121000, 216, 0, 0
121999, 229, 0, 0
122999, 171, 0, 0
124000, 207, 0, 0
124999, 173, 0, 0
125999, 371, 0, 0
127000, 248, 0, 0
127999, 414, 0, 0
128999, 421, 0, 0
130000, 260, 0, 0
130999, 410, 0, 0
131999, 189, 0, 0
133000, 385, 0, 0
133999, 236, 0, 0
134999, 234, 0, 0
135999, 397, 0, 0
137000, 204, 0, 0
137999, 194, 0, 0
138999, 243, 0, 0
140000, 199, 0, 0
140999, 258, 0, 0
141999, 241, 0, 0
143000, 211, 0, 0
143999, 223, 0, 0
144999, 255, 0, 0
146000, 184, 0, 0
146999, 195, 0, 0
147999, 168, 0, 0
149000, 235, 0, 0
149999, 369, 0, 0
150999, 191, 0, 0
152000, 158, 0, 0
152999, 173, 0, 0
153999, 702, 0, 0
155000, 309, 0, 0
155999, 222, 0, 0
156999, 235, 0, 0
158000, 213, 0, 0
158999, 219, 0, 0
159999, 240, 0, 0
161000, 209, 0, 0
161999, 160, 0, 0
162999, 232, 0, 0
164000, 272, 0, 0
164999, 264, 0, 0
165999, 279, 0, 0
167000, 190, 0, 0
168000, 198, 0, 0
168999, 217, 0, 0
169999, 189, 0, 0
171000, 178, 0, 0
171999, 188, 0, 0
172999, 206, 0, 0
174000, 264, 0, 0
174999, 269, 0, 0
175999, 316, 0, 0
177000, 233, 0, 0
177999, 230, 0, 0
178999, 213, 0, 0
180000, 198, 0, 0
180999, 201, 0, 0
181999, 236, 0, 0
183000, 233, 0, 0
183999, 229, 0, 0
184999, 242, 0, 0
186000, 235, 0, 0
186999, 172, 0, 0
187999, 173, 0, 0
189000, 200, 0, 0
189999, 311, 0, 0
190999, 234, 0, 0
192000, 211, 0, 0
192999, 194, 0, 0
193999, 208, 0, 0
195000, 224, 0, 0
195999, 209, 0, 0
196999, 206, 0, 0
197999, 201, 0, 0
198999, 203, 0, 0
199999, 209, 0, 0
201000, 245, 0, 0
201999, 190, 0, 0
202999, 190, 0, 0
203999, 223, 0, 0
205000, 227, 0, 0
205999, 215, 0, 0
206999, 176, 0, 0
208000, 189, 0, 0
208999, 210, 0, 0
209999, 196, 0, 0
211000, 180, 0, 0
211999, 169, 0, 0
212999, 205, 0, 0
214000, 231, 0, 0
214999, 227, 0, 0
215999, 175, 0, 0
217000, 217, 0, 0
217999, 202, 0, 0
218999, 206, 0, 0
220000, 263, 0, 0
220999, 224, 0, 0
221999, 230, 0, 0
223000, 191, 0, 0
223999, 193, 0, 0
224999, 187, 0, 0
226000, 205, 0, 0
226999, 205, 0, 0
227999, 185, 0, 0
229000, 197, 0, 0
229999, 196, 0, 0
230999, 201, 0, 0
232000, 207, 0, 0
232999, 217, 0, 0
233999, 218, 0, 0
234999, 235, 0, 0
236000, 217, 0, 0
236999, 238, 0, 0
238000, 202, 0, 0
238999, 186, 0, 0
239999, 190, 0, 0
241000, 205, 0, 0
242000, 172, 0, 0
242999, 182, 0, 0
243999, 223, 0, 0
245000, 193, 0, 0
245999, 214, 0, 0
246999, 216, 0, 0
248000, 207, 0, 0
248999, 218, 0, 0
249999, 190, 0, 0
251000, 196, 0, 0
251999, 226, 0, 0
252999, 234, 0, 0
253999, 239, 0, 0
255000, 222, 0, 0
255999, 256, 0, 0
256999, 233, 0, 0
257999, 250, 0, 0
258999, 197, 0, 0
259999, 226, 0, 0
261000, 207, 0, 0
261999, 231, 0, 0
262999, 239, 0, 0
264000, 248, 0, 0
264999, 271, 0, 0
265999, 256, 0, 0
267000, 265, 0, 0
267999, 224, 0, 0
268999, 213, 0, 0
270000, 217, 0, 0
271000, 204, 0, 0
271999, 217, 0, 0
272999, 227, 0, 0
273999, 236, 0, 0
274999, 265, 0, 0
275999, 266, 0, 0
276999, 260, 0, 0
277999, 248, 0, 0
278999, 239, 0, 0
280000, 221, 0, 0
280999, 239, 0, 0
281999, 251, 0, 0
282999, 224, 0, 0
284000, 238, 0, 0
284999, 198, 0, 0
285999, 193, 0, 0
287000, 219, 0, 0
287999, 205, 0, 0
288999, 230, 0, 0
290000, 231, 0, 0
290999, 230, 0, 0
291999, 191, 0, 0
292999, 223, 0, 0
293999, 234, 0, 0
294999, 201, 0, 0
295999, 253, 0, 0
297000, 187, 0, 0
297999, 224, 0, 0
298999, 225, 0, 0
300000, 209, 0, 0
300999, 226, 0, 0
301999, 229, 0, 0
302999, 222, 0, 0
304000, 216, 0, 0
304999, 204, 0, 0
305999, 232, 0, 0
307000, 238, 0, 0
307999, 198, 0, 0
308999, 248, 0, 0
310000, 260, 0, 0
310999, 239, 0, 0
311999, 200, 0, 0
312999, 241, 0, 0
313999, 207, 0, 0
314999, 181, 0, 0
315999, 238, 0, 0
317000, 232, 0, 0
317999, 201, 0, 0
318999, 206, 0, 0
319999, 242, 0, 0
320999, 252, 0, 0
321999, 273, 0, 0
322999, 281, 0, 0
324000, 227, 0, 0
324999, 261, 0, 0
325999, 259, 0, 0
327000, 211, 0, 0
327999, 261, 0, 0
328999, 252, 0, 0
330000, 277, 0, 0
330999, 218, 0, 0
331999, 199, 0, 0
332999, 218, 0, 0
334000, 229, 0, 0
334999, 218, 0, 0
335999, 214, 0, 0
337000, 210, 0, 0
337999, 209, 0, 0
338999, 232, 0, 0
340000, 246, 0, 0
341000, 248, 0, 0
341999, 205, 0, 0
342999, 208, 0, 0
344000, 206, 0, 0
344999, 216, 0, 0
345999, 211, 0, 0
347000, 200, 0, 0
347999, 228, 0, 0
348999, 212, 0, 0
349999, 250, 0, 0
351000, 204, 0, 0
351999, 216, 0, 0
352999, 213, 0, 0
354000, 208, 0, 0
354999, 187, 0, 0
355999, 202, 0, 0
357000, 218, 0, 0
357999, 243, 0, 0
358999, 258, 0, 0
359999, 238, 0, 0
361000, 240, 0, 0
361999, 242, 0, 0
362999, 252, 0, 0
364000, 210, 0, 0
364999, 250, 0, 0
365999, 232, 0, 0
366999, 224, 0, 0
368000, 278, 0, 0
368999, 285, 0, 0
369999, 253, 0, 0
371000, 218, 0, 0
371999, 219, 0, 0
372999, 238, 0, 0
374000, 226, 0, 0
374999, 236, 0, 0
375999, 216, 0, 0
376999, 222, 0, 0
378000, 200, 0, 0
378999, 203, 0, 0
379999, 221, 0, 0
381000, 251, 0, 0
381999, 205, 0, 0
382999, 224, 0, 0
383999, 237, 0, 0
385000, 258, 0, 0
385999, 265, 0, 0
386999, 249, 0, 0
388000, 254, 0, 0
388999, 263, 0, 0
389999, 250, 0, 0
390999, 240, 0, 0
392000, 249, 0, 0
392999, 214, 0, 0
393999, 238, 0, 0
395000, 231, 0, 0
395999, 260, 0, 0
396999, 258, 0, 0
397999, 251, 0, 0
399000, 222, 0, 0
399999, 250, 0, 0
400999, 222, 0, 0
401999, 232, 0, 0
403000, 224, 0, 0
403999, 250, 0, 0
404999, 219, 0, 0
406000, 240, 0, 0
406999, 263, 0, 0
407999, 282, 0, 0
408999, 256, 0, 0
410000, 249, 0, 0
410999, 227, 0, 0
411999, 223, 0, 0
413000, 224, 0, 0
414000, 242, 0, 0
414999, 248, 0, 0
415999, 233, 0, 0
417000, 260, 0, 0
417999, 218, 0, 0
418999, 224, 0, 0
420000, 231, 0, 0
420999, 235, 0, 0
421999, 220, 0, 0
422999, 226, 0, 0
424000, 222, 0, 0
424999, 242, 0, 0
425999, 251, 0, 0
427000, 228, 0, 0
427999, 231, 0, 0
428999, 252, 0, 0
429999, 262, 0, 0
431000, 226, 0, 0
431999, 277, 0, 0
432999, 288, 0, 0
434000, 267, 0, 0
434999, 258, 0, 0
435999, 275, 0, 0
437000, 259, 0, 0
437999, 273, 0, 0
438999, 211, 0, 0
439999, 221, 0, 0
441000, 232, 0, 0
441999, 228, 0, 0
442999, 210, 0, 0
444000, 200, 0, 0
444999, 246, 0, 0
445999, 259, 0, 0
447000, 249, 0, 0
447999, 209, 0, 0
448999, 273, 0, 0
449999, 258, 0, 0
451000, 240, 0, 0
451999, 242, 0, 0
452999, 238, 0, 0
453999, 234, 0, 0
454999, 293, 0, 0
455999, 261, 0, 0
456999, 250, 0, 0
458000, 278, 0, 0
458999, 279, 0, 0
459999, 239, 0, 0
460999, 245, 0, 0
462000, 250, 0, 0
462999, 215, 0, 0
463999, 214, 0, 0
465000, 253, 0, 0
465999, 247, 0, 0
466999, 280, 0, 0
468000, 263, 0, 0
469000, 236, 0, 0
469999, 246, 0, 0
470999, 270, 0, 0
472000, 273, 0, 0
472999, 243, 0, 0
473999, 269, 0, 0
474999, 239, 0, 0
475999, 238, 0, 0
476999, 249, 0, 0
477999, 229, 0, 0
479000, 256, 0, 0
479999, 213, 0, 0
480999, 228, 0, 0
482000, 267, 0, 0
482999, 262, 0, 0
483999, 247, 0, 0
484999, 228, 0, 0
485999, 270, 0, 0
486999, 212, 0, 0
487999, 226, 0, 0
489000, 236, 0, 0
489999, 209, 0, 0
490999, 263, 0, 0
492000, 216, 0, 0
492999, 218, 0, 0
493999, 270, 0, 0
494999, 258, 0, 0
496000, 251, 0, 0
496999, 263, 0, 0
497999, 246, 0, 0
499000, 241, 0, 0
499999, 232, 0, 0
500999, 211, 0, 0
502000, 232, 0, 0
502999, 299, 0, 0
503999, 263, 0, 0
505000, 228, 0, 0
505999, 249, 0, 0
506999, 258, 0, 0
508000, 260, 0, 0
508999, 206, 0, 0
509999, 237, 0, 0
510999, 231, 0, 0
512000, 236, 0, 0
512999, 281, 0, 0
513999, 287, 0, 0
515000, 245, 0, 0
516000, 291, 0, 0
516999, 235, 0, 0
517999, 235, 0, 0
519000, 275, 0, 0
520000, 252, 0, 0
520999, 246, 0, 0
522000, 256, 0, 0
523000, 246, 0, 0
523999, 261, 0, 0
524999, 224, 0, 0
526000, 195, 0, 0
526999, 239, 0, 0
527999, 280, 0, 0
529000, 261, 0, 0
529999, 259, 0, 0
530999, 245, 0, 0
532000, 227, 0, 0
532999, 225, 0, 0
533999, 238, 0, 0
535000, 226, 0, 0
535999, 227, 0, 0
536999, 245, 0, 0
537999, 245, 0, 0
539000, 247, 0, 0
539999, 255, 0, 0
540999, 222, 0, 0
542000, 245, 0, 0
542999, 243, 0, 0
543999, 262, 0, 0
545000, 267, 0, 0
545999, 256, 0, 0
546999, 231, 0, 0
548000, 285, 0, 0
548999, 247, 0, 0
549999, 292, 0, 0
551000, 238, 0, 0
551999, 253, 0, 0
552999, 240, 0, 0
553999, 237, 0, 0
555000, 237, 0, 0
555999, 258, 0, 0
556999, 263, 0, 0
558000, 267, 0, 0
558999, 256, 0, 0
559999, 267, 0, 0
561000, 259, 0, 0
561999, 235, 0, 0
562999, 256, 0, 0
564000, 254, 0, 0
564999, 268, 0, 0
565999, 242, 0, 0
567000, 302, 0, 0
567999, 263, 0, 0
568999, 298, 0, 0
569999, 255, 0, 0
571000, 230, 0, 0
571999, 212, 0, 0
572999, 251, 0, 0
574000, 219, 0, 0
574999, 251, 0, 0
575999, 260, 0, 0
577000, 225, 0, 0
577999, 286, 0, 0
578999, 245, 0, 0
580000, 284, 0, 0
580999, 282, 0, 0
581999, 244, 0, 0
583000, 232, 0, 0
583999, 250, 0, 0
584999, 263, 0, 0
585999, 216, 0, 0
586999, 228, 0, 0
587999, 238, 0, 0
588999, 242, 0, 0
590000, 248, 0, 0
590999, 249, 0, 0
591999, 273, 0, 0
593000, 229, 0, 0
593999, 238, 0, 0
594999, 247, 0, 0
596000, 256, 0, 0
597000, 277, 0, 0
597999, 272, 0, 0
599000, 279, 0, 0
600000, 286, 0, 0
601000, 264, 0, 0
601999, 246, 0, 0
603000, 233, 0, 0
604000, 266, 0, 0
605000, 231, 0, 0
606000, 253, 0, 0
607000, 223, 0, 0
608000, 247, 0, 0
609000, 269, 0, 0
610000, 265, 0, 0
610999, 286, 0, 0
612000, 212, 0, 0
613000, 264, 0, 0
614000, 246, 0, 0
615000, 223, 0, 0
616000, 246, 0, 0
617000, 236, 0, 0
618000, 261, 0, 0
619000, 294, 0, 0
619999, 246, 0, 0
621000, 242, 0, 0
622000, 290, 0, 0
623000, 226, 0, 0
624000, 248, 0, 0
625000, 246, 0, 0
626000, 289, 0, 0
627000, 269, 0, 0
628000, 298, 0, 0
629000, 303, 0, 0
630000, 238, 0, 0
631000, 237, 0, 0
632000, 240, 0, 0
633000, 254, 0, 0
633999, 306, 0, 0
635000, 226, 0, 0
636000, 244, 0, 0
637000, 269, 0, 0
638000, 268, 0, 0
639000, 255, 0, 0
640000, 260, 0, 0
641000, 240, 0, 0
642000, 218, 0, 0
642999, 240, 0, 0
644000, 282, 0, 0
645000, 272, 0, 0
646000, 253, 0, 0
647000, 231, 0, 0
647999, 251, 0, 0
649000, 279, 0, 0
650000, 268, 0, 0
651000, 253, 0, 0
652000, 271, 0, 0
653000, 237, 0, 0
654000, 245, 0, 0
654999, 251, 0, 0
655999, 256, 0, 0
656998, 243, 0, 0
657999, 236, 0, 0
658999, 248, 0, 0
659998, 298, 0, 0
660998, 236, 0, 0
661998, 229, 0, 0
662998, 262, 0, 0
663998, 255, 0, 0
664997, 296, 0, 0
665997, 253, 0, 0
666998, 231, 0, 0
667997, 224, 0, 0
668997, 246, 0, 0
669996, 291, 0, 0
670997, 229, 0, 0
671997, 267, 0, 0
672996, 220, 0, 0
673996, 283, 0, 0
674995, 239, 0, 0
675996, 251, 0, 0
676996, 251, 0, 0
677995, 253, 0, 0
678995, 261, 0, 0
679995, 266, 0, 0
680995, 304, 0, 0
681995, 269, 0, 0
682994, 242, 0, 0
683994, 280, 0, 0
684994, 272, 0, 0
685994, 222, 0, 0
686994, 250, 0, 0
687993, 262, 0, 0
688993, 269, 0, 0
689993, 276, 0, 0
690993, 262, 0, 0
691993, 267, 0, 0
692992, 257, 0, 0
693993, 227, 0, 0
694993, 217, 0, 0
695992, 237, 0, 0
696992, 256, 0, 0
697991, 249, 0, 0
698992, 260, 0, 0
699992, 292, 0, 0
700991, 249, 0, 0
701991, 234, 0, 0
703000, 257, 0, 0
703991, 262, 0, 0
704991, 273, 0, 0
706000, 262, 0, 0
707000, 264, 0, 0
707999, 217, 0, 0
709000, 272, 0, 0
709999, 232, 0, 0
710999, 232, 0, 0
712000, 245, 0, 0
712999, 233, 0, 0
713999, 224, 0, 0
714999, 257, 0, 0
716000, 271, 0, 0
716999, 236, 0, 0
717999, 251, 0, 0
719000, 266, 0, 0
719999, 270, 0, 0
720999, 241, 0, 0
722000, 240, 0, 0
722999, 234, 0, 0
723999, 247, 0, 0
725000, 212, 0, 0
725999, 249, 0, 0
726999, 292, 0, 0
727999, 247, 0, 0
729000, 257, 0, 0
729999, 223, 0, 0
730999, 238, 0, 0
732000, 240, 0, 0
732999, 216, 0, 0
733999, 241, 0, 0
734999, 272, 0, 0
736000, 242, 0, 0
736999, 265, 0, 0
737999, 261, 0, 0
739000, 322, 0, 0
739999, 258, 0, 0
740999, 233, 0, 0
742000, 245, 0, 0
742999, 282, 0, 0
743999, 253, 0, 0
745000, 245, 0, 0
745999, 263, 0, 0
746999, 255, 0, 0
748000, 223, 0, 0
749000, 234, 0, 0
749999, 248, 0, 0
750999, 213, 0, 0
752000, 263, 0, 0
752999, 232, 0, 0
753999, 249, 0, 0
755000, 218, 0, 0
755999, 261, 0, 0
756999, 264, 0, 0
757999, 268, 0, 0
759000, 245, 0, 0
759999, 255, 0, 0
760999, 265, 0, 0
762000, 218, 0, 0
762999, 240, 0, 0
763999, 212, 0, 0
764999, 232, 0, 0
766000, 249, 0, 0
766999, 249, 0, 0
767999, 252, 0, 0
769000, 229, 0, 0
769999, 238, 0, 0
770999, 253, 0, 0
772000, 250, 0, 0
772999, 237, 0, 0
773999, 256, 0, 0
775000, 225, 0, 0
775999, 245, 0, 0
776999, 227, 0, 0
778000, 236, 0, 0
778999, 264, 0, 0
779999, 225, 0, 0
781000, 261, 0, 0
781999, 245, 0, 0
782999, 268, 0, 0
783999, 240, 0, 0
785000, 239, 0, 0
785999, 240, 0, 0
786999, 245, 0, 0
788000, 231, 0, 0
788999, 239, 0, 0
789999, 254, 0, 0
791000, 250, 0, 0
791999, 262, 0, 0
792999, 259, 0, 0
794000, 307, 0, 0
794999, 275, 0, 0
795999, 282, 0, 0
797000, 269, 0, 0
797999, 244, 0, 0
798999, 236, 0, 0
800000, 232, 0, 0
800999, 251, 0, 0
801999, 236, 0, 0
803000, 251, 0, 0
803999, 286, 0, 0
804999, 236, 0, 0
806000, 271, 0, 0
807000, 215, 0, 0
807999, 231, 0, 0
808999, 265, 0, 0
810000, 248, 0, 0
810999, 239, 0, 0
811999, 243, 0, 0
813000, 256, 0, 0
813999, 265, 0, 0
814999, 237, 0, 0
816000, 235, 0, 0
816999, 219, 0, 0
817999, 222, 0, 0
819000, 243, 0, 0
819999, 251, 0, 0
820999, 234, 0, 0
822000, 252, 0, 0
822999, 282, 0, 0
823999, 237, 0, 0
824999, 246, 0, 0
826000, 251, 0, 0
826999, 269, 0, 0
827999, 207, 0, 0
829000, 271, 0, 0
829999, 238, 0, 0
830999, 239, 0, 0
832000, 263, 0, 0
832999, 238, 0, 0
833999, 208, 0, 0
835000, 227, 0, 0
835999, 241, 0, 0
836999, 253, 0, 0
838000, 214, 0, 0
839000, 236, 0, 0
839999, 216, 0, 0
840999, 231, 0, 0
842000, 262, 0, 0
842999, 256, 0, 0
843999, 243, 0, 0
845000, 251, 0, 0
845999, 261, 0, 0
846999, 228, 0, 0
848000, 230, 0, 0
848999, 220, 0, 0
849999, 209, 0, 0
851000, 226, 0, 0
851999, 289, 0, 0
852999, 216, 0, 0
854000, 223, 0, 0
854999, 218, 0, 0
855999, 229, 0, 0
856999, 270, 0, 0
858000, 244, 0, 0
858999, 277, 0, 0
859999, 252, 0, 0
861000, 242, 0, 0
861999, 319, 0, 0
862999, 211, 0, 0
864000, 245, 0, 0
864999, 270, 0, 0
865999, 211, 0, 0
867000, 275, 0, 0
868000, 265, 0, 0
868999, 251, 0, 0
870000, 259, 0, 0
870999, 244, 0, 0
871999, 262, 0, 0
873000, 251, 0, 0
874000, 275, 0, 0
874999, 256, 0, 0
875999, 257, 0, 0
877000, 252, 0, 0
877999, 279, 0, 0
878999, 236, 0, 0
880000, 232, 0, 0
880999, 238, 0, 0
881999, 230, 0, 0
882999, 273, 0, 0
883999, 239, 0, 0
885000, 212, 0, 0
885999, 221, 0, 0
886999, 222, 0, 0
887999, 240, 0, 0
889000, 241, 0, 0
889999, 272, 0, 0
890999, 229, 0, 0
892000, 291, 0, 0
892999, 230, 0, 0
893999, 259, 0, 0
895000, 255, 0, 0
895999, 222, 0, 0
896999, 226, 0, 0
898000, 236, 0, 0
898999, 238, 0, 0
899999, 248, 0, 0
901000, 287, 0, 0
901999, 248, 0, 0
902999, 258, 0, 0
904000, 242, 0, 0
904999, 268, 0, 0
905999, 249, 0, 0
907000, 252, 0, 0
908000, 266, 0, 0
908999, 270, 0, 0
910000, 248, 0, 0
910999, 285, 0, 0
911999, 279, 0, 0
913000, 234, 0, 0
913999, 221, 0, 0
914999, 281, 0, 0
916000, 242, 0, 0
916999, 238, 0, 0
917999, 217, 0, 0
919000, 281, 0, 0
920000, 230, 0, 0
920999, 239, 0, 0
921999, 267, 0, 0
923000, 250, 0, 0
923999, 228, 0, 0
924999, 242, 0, 0
926000, 209, 0, 0
926999, 249, 0, 0
927999, 235, 0, 0
929000, 239, 0, 0
930000, 279, 0, 0
930999, 303, 0, 0
932000, 253, 0, 0
933000, 269, 0, 0
933999, 255, 0, 0
934999, 234, 0, 0
936000, 263, 0, 0
936999, 206, 0, 0
937999, 244, 0, 0
939000, 233, 0, 0
939999, 257, 0, 0
940999, 223, 0, 0
942000, 221, 0, 0
942999, 217, 0, 0
943999, 261, 0, 0
945000, 288, 0, 0
945999, 222, 0, 0
946999, 241, 0, 0
948000, 222, 0, 0
948999, 243, 0, 0
949999, 282, 0, 0
951000, 250, 0, 0
951999, 230, 0, 0
952999, 246, 0, 0
954000, 285, 0, 0
954999, 244, 0, 0
955999, 274, 0, 0
957000, 247, 0, 0
957999, 245, 0, 0
958999, 254, 0, 0
959999, 226, 0, 0
961000, 242, 0, 0
961999, 243, 0, 0
962999, 282, 0, 0
964000, 281, 0, 0
964999, 232, 0, 0
965999, 258, 0, 0
967000, 220, 0, 0
967999, 207, 0, 0
968999, 200, 0, 0
970000, 238, 0, 0
970999, 239, 0, 0
971999, 237, 0, 0
973000, 243, 0, 0
973999, 258, 0, 0
974999, 236, 0, 0
975999, 242, 0, 0
977000, 223, 0, 0
977999, 242, 0, 0
978999, 254, 0, 0
980000, 231, 0, 0
980999, 265, 0, 0
981999, 229, 0, 0
983000, 189, 0, 0
983999, 240, 0, 0
984999, 252, 0, 0
985999, 229, 0, 0
987000, 230, 0, 0
987999, 239, 0, 0
988999, 221, 0, 0
990000, 223, 0, 0
991000, 284, 0, 0
991999, 284, 0, 0
992999, 264, 0, 0
994000, 252, 0, 0
994999, 252, 0, 0
995999, 222, 0, 0
997000, 221, 0, 0
997999, 230, 0, 0
998999, 238, 0, 0
1000000, 252, 0, 0
1000999, 251, 0, 0
1001999, 262, 0, 0
1003000, 268, 0, 0
1003999, 213, 0, 0
1004999, 244, 0, 0
1006000, 251, 0, 0
1007000, 261, 0, 0
1007999, 257, 0, 0
1009000, 268, 0, 0
1009999, 251, 0, 0
1010999, 287, 0, 0
1012000, 210, 0, 0
1012999, 252, 0, 0
1013999, 211, 0, 0
1014999, 224, 0, 0
1016000, 233, 0, 0
1016999, 228, 0, 0
1017999, 251, 0, 0
1019000, 253, 0, 0
1019999, 246, 0, 0
1020999, 224, 0, 0
1022000, 251, 0, 0
1022999, 242, 0, 0
1023999, 265, 0, 0
1025000, 232, 0, 0
1025999, 232, 0, 0
1026999, 240, 0, 0
1028000, 232, 0, 0
1028999, 293, 0, 0
1029999, 215, 0, 0
1031000, 215, 0, 0
1031999, 206, 0, 0
1032999, 218, 0, 0
1034000, 256, 0, 0
1034999, 254, 0, 0
1035999, 224, 0, 0
1037000, 229, 0, 0
1038000, 213, 0, 0
1038999, 225, 0, 0
1039999, 236, 0, 0
1041000, 260, 0, 0
1041999, 229, 0, 0
1042999, 251, 0, 0
1044000, 304, 0, 0
1044999, 250, 0, 0
1045999, 253, 0, 0
1047000, 225, 0, 0
1047999, 272, 0, 0
1048999, 254, 0, 0
1050000, 246, 0, 0
1050999, 260, 0, 0
1051999, 265, 0, 0
1053000, 262, 0, 0
1053999, 296, 0, 0
1054999, 241, 0, 0
1056000, 250, 0, 0
1056999, 235, 0, 0
1057999, 254, 0, 0
1059000, 300, 0, 0
1059999, 243, 0, 0
1060999, 243, 0, 0
1062000, 252, 0, 0
1062999, 232, 0, 0
1063999, 246, 0, 0
1065000, 247, 0, 0
1065999, 257, 0, 0
1066999, 250, 0, 0
1068000, 263, 0, 0
1068999, 274, 0, 0
1069999, 240, 0, 0
1071000, 272, 0, 0
1071999, 253, 0, 0
1072999, 259, 0, 0
1074000, 249, 0, 0
1075000, 274, 0, 0
1075999, 233, 0, 0
1077000, 253, 0, 0
1077999, 271, 0, 0
1078999, 249, 0, 0
1080000, 284, 0, 0
1080999, 259, 0, 0
1081999, 274, 0, 0
1083000, 252, 0, 0
1083999, 289, 0, 0
1084999, 265, 0, 0
1085999, 265, 0, 0
1087000, 249, 0, 0
1087999, 271, 0, 0
1088999, 253, 0, 0
1090000, 261, 0, 0
1090999, 273, 0, 0
1091999, 281, 0, 0
1093000, 281, 0, 0
1093999, 294, 0, 0
1094999, 255, 0, 0
1096000, 255, 0, 0
1096999, 268, 0, 0
1097999, 305, 0, 0
1099000, 278, 0, 0
1099999, 266, 0, 0
1100999, 262, 0, 0
1102000, 233, 0, 0
1102999, 277, 0, 0
1103999, 259, 0, 0
1105000, 251, 0, 0
1105999, 281, 0, 0
1106999, 264, 0, 0
1107999, 293, 0, 0
1108999, 249, 0, 0
1109999, 279, 0, 0
1110999, 273, 0, 0
1112000, 202, 0, 0
1112999, 308, 0, 0
1113999, 228, 0, 0
1115000, 224, 0, 0
1115999, 282, 0, 0
1116999, 244, 0, 0
1118000, 268, 0, 0
1118999, 266, 0, 0
1119999, 238, 0, 0
1121000, 283, 0, 0
1121999, 290, 0, 0
1122999, 225, 0, 0
1124000, 263, 0, 0
1125000, 268, 0, 0
1125999, 283, 0, 0
1126999, 199, 0, 0
1128000, 305, 0, 0
1128999, 233, 0, 0
1129999, 257, 0, 0
1131000, 229, 0, 0
1131999, 275, 0, 0
1132999, 278, 0, 0
1134000, 255, 0, 0
1134999, 270, 0, 0
1135999, 220, 0, 0
1136999, 282, 0, 0
1138000, 285, 0, 0
1138999, 264, 0, 0
1139999, 286, 0, 0
1141000, 268, 0, 0
1141999, 255, 0, 0
1142999, 269, 0, 0
1143999, 272, 0, 0
1144999, 262, 0, 0
1145999, 272, 0, 0
1146999, 236, 0, 0
1148000, 274, 0, 0
1148999, 244, 0, 0
1149999, 274, 0, 0
1151000, 274, 0, 0
1151999, 283, 0, 0
1152999, 285, 0, 0
1153999, 228, 0, 0
1154999, 276, 0, 0
1155999, 251, 0, 0
1156999, 242, 0, 0
1157999, 262, 0, 0
1158999, 271, 0, 0
1159999, 266, 0, 0
1161000, 258, 0, 0
1161999, 257, 0, 0
1162999, 274, 0, 0
1164000, 276, 0, 0
1164999, 278, 0, 0
1165999, 259, 0, 0
1166999, 247, 0, 0
1168000, 260, 0, 0
1168999, 248, 0, 0
1169999, 228, 0, 0
1171000, 251, 0, 0
1172000, 278, 0, 0
1172999, 261, 0, 0
1173999, 261, 0, 0
1175000, 260, 0, 0
1175999, 265, 0, 0
1176999, 261, 0, 0
1178000, 273, 0, 0
1178999, 263, 0, 0
1179999, 244, 0, 0
1181000, 290, 0, 0
1181999, 271, 0, 0
1182999, 294, 0, 0
1184000, 241, 0, 0
1185000, 232, 0, 0
1185999, 254, 0, 0
1186999, 274, 0, 0
1188000, 258, 0, 0
1188999, 261, 0, 0
1189999, 245, 0, 0
1191000, 229, 0, 0
1191999, 245, 0, 0
1192999, 275, 0, 0
1194000, 260, 0, 0
1195000, 255, 0, 0
1195999, 281, 0, 0
1197000, 266, 0, 0
1197999, 229, 0, 0
1198999, 252, 0, 0
1199999, 260, 0, 0
1201000, 248, 0, 0
1201999, 274, 0, 0
1202999, 246, 0, 0
1204000, 260, 0, 0
1204999, 281, 0, 0
1205999, 269, 0, 0
1207000, 236, 0, 0
1207999, 232, 0, 0
1208999, 281, 0, 0
1210000, 254, 0, 0
1210999, 291, 0, 0
1211999, 272, 0, 0
1213000, 251, 0, 0
1213999, 304, 0, 0
1214999, 268, 0, 0
1216000, 238, 0, 0
1216999, 279, 0, 0
1217999, 276, 0, 0
1219000, 262, 0, 0
1219999, 281, 0, 0
1220999, 235, 0, 0
1221999, 293, 0, 0
1223000, 253, 0, 0
1223999, 255, 0, 0
1224999, 272, 0, 0
1226000, 308, 0, 0
1226999, 243, 0, 0
1227999, 274, 0, 0
1229000, 220, 0, 0
1229999, 276, 0, 0
1230999, 257, 0, 0
1232000, 239, 0, 0
1232999, 286, 0, 0
1233999, 282, 0, 0
1235000, 266, 0, 0
1235999, 269, 0, 0
1236999, 275, 0, 0
1238000, 246, 0, 0
1239000, 243, 0, 0
1239999, 224, 0, 0
1240999, 263, 0, 0
1241999, 296, 0, 0
1242999, 285, 0, 0
1243999, 269, 0, 0
1245000, 254, 0, 0
1245999, 286, 0, 0
1246999, 282, 0, 0
1248000, 233, 0, 0
1248999, 287, 0, 0
1249999, 274, 0, 0
1251000, 249, 0, 0
1251999, 224, 0, 0
1252999, 263, 0, 0
1254000, 265, 0, 0
1254999, 282, 0, 0
1255999, 251, 0, 0
1257000, 255, 0, 0
1257999, 258, 0, 0
1258999, 258, 0, 0
1260000, 256, 0, 0
1260999, 261, 0, 0
1261999, 254, 0, 0
1263000, 303, 0, 0
1264000, 253, 0, 0
1264999, 265, 0, 0
1265999, 246, 0, 0
1267000, 259, 0, 0
1267999, 242, 0, 0
1268999, 244, 0, 0
1270000, 266, 0, 0
1270999, 284, 0, 0
1271999, 283, 0, 0
1272999, 267, 0, 0
1273999, 275, 0, 0
1274999, 255, 0, 0
1275999, 302, 0, 0
1277000, 302, 0, 0
1277999, 234, 0, 0
1278999, 258, 0, 0
1280000, 270, 0, 0
1280999, 260, 0, 0
1281999, 299, 0, 0
1283000, 261, 0, 0
1284000, 269, 0, 0
1284999, 260, 0, 0
1286000, 271, 0, 0
1286999, 279, 0, 0
1287999, 267, 0, 0
1289000, 246, 0, 0
1289999, 259, 0, 0
1290999, 261, 0, 0
1292000, 291, 0, 0
1293000, 284, 0, 0
1293999, 254, 0, 0
1295000, 269, 0, 0
1296000, 270, 0, 0
1296999, 274, 0, 0
1297999, 237, 0, 0
1299000, 279, 0, 0
1299999, 268, 0, 0
1300999, 246, 0, 0
1302000, 251, 0, 0
1302999, 258, 0, 0
1303999, 262, 0, 0
1305000, 279, 0, 0
1305999, 234, 0, 0
1306999, 322, 0, 0
1308000, 262, 0, 0
1308999, 249, 0, 0
1309999, 262, 0, 0
1311000, 287, 0, 0
1311999, 245, 0, 0
1312999, 274, 0, 0
1314000, 272, 0, 0
1315000, 248, 0, 0
1315999, 286, 0, 0
1316999, 233, 0, 0
1318000, 260, 0, 0
1318999, 271, 0, 0
1319999, 265, 0, 0
1321000, 271, 0, 0
1321999, 306, 0, 0
1322999, 259, 0, 0
1324000, 243, 0, 0
1324999, 257, 0, 0
1325999, 237, 0, 0
1327000, 264, 0, 0
1327999, 272, 0, 0
1328999, 304, 0, 0
1330000, 267, 0, 0
1330999, 250, 0, 0
1331999, 275, 0, 0
1333000, 256, 0, 0
1333999, 265, 0, 0
1334999, 264, 0, 0
1336000, 254, 0, 0
1337000, 283, 0, 0
1337999, 243, 0, 0
1338999, 261, 0, 0
1340000, 258, 0, 0
1340999, 308, 0, 0
1341999, 265, 0, 0
1343000, 240, 0, 0
1343999, 235, 0, 0
1344999, 278, 0, 0
1346000, 240, 0, 0
1346999, 264, 0, 0
1347999, 272, 0, 0
1349000, 265, 0, 0
1349999, 276, 0, 0
1350999, 245, 0, 0
1352000, 264, 0, 0
1352999, 213, 0, 0
1353999, 278, 0, 0
1355000, 238, 0, 0
1355999, 283, 0, 0
1356999, 298, 0, 0
1358000, 254, 0, 0
1359000, 264, 0, 0
1359999, 259, 0, 0
1360999, 246, 0, 0
1362000, 273, 0, 0
1362999, 249, 0, 0
1363999, 261, 0, 0
1365000, 252, 0, 0
1365999, 248, 0, 0
1366999, 272, 0, 0
1368000, 267, 0, 0
1368999, 225, 0, 0
1369999, 310, 0, 0
1371000, 263, 0, 0
1371999, 275, 0, 0
1372999, 283, 0, 0
1373999, 272, 0, 0
1375000, 247, 0, 0
1375999, 271, 0, 0
1376999, 229, 0, 0
1378000, 226, 0, 0
1378999, 256, 0, 0
1379999, 253, 0, 0
1381000, 282, 0, 0
1381999, 258, 0, 0
1382999, 298, 0, 0
1384000, 234, 0, 0
1384999, 243, 0, 0
1385999, 270, 0, 0
1387000, 274, 0, 0
1387999, 275, 0, 0
1388999, 241, 0, 0
1390000, 276, 0, 0
1390999, 267, 0, 0
1391999, 226, 0, 0
1393000, 225, 0, 0
1393999, 250, 0, 0
1394999, 274, 0, 0
1396000, 289, 0, 0
1396999, 268, 0, 0
1397999, 267, 0, 0
1399000, 232, 0, 0
1399999, 266, 0, 0
1400999, 244, 0, 0
1402000, 263, 0, 0
1402999, 291, 0, 0
1403999, 265, 0, 0
1405000, 244, 0, 0
1405999, 228, 0, 0
1406999, 210, 0, 0
1407999, 265, 0, 0
1409000, 268, 0, 0
1409999, 263, 0, 0
1410999, 256, 0, 0
1412000, 268, 0, 0
1412999, 268, 0, 0
1413999, 223, 0, 0
1415000, 238, 0, 0
1415999, 267, 0, 0
1416999, 268, 0, 0
1418000, 238, 0, 0
1418999, 261, 0, 0
1419999, 267, 0, 0
1420999, 249, 0, 0
1422000, 254, 0, 0
1422999, 306, 0, 0
1423999, 194, 0, 0
1425000, 250, 0, 0
1425999, 246, 0, 0
1426999, 231, 0, 0
1427999, 277, 0, 0
1429000, 279, 0, 0
1429999, 223, 0, 0
1430999, 255, 0, 0
1432000, 252, 0, 0
1432999, 241, 0, 0
1433999, 258, 0, 0
1435000, 241, 0, 0
1435999, 242, 0, 0
1436999, 301, 0, 0
1438000, 275, 0, 0
1438999, 255, 0, 0
1439999, 263, 0, 0
1440999, 273, 0, 0
1442000, 275, 0, 0
1442999, 249, 0, 0
1443999, 216, 0, 0
1445000, 232, 0, 0
1445999, 277, 0, 0
1446999, 257, 0, 0
1448000, 318, 0, 0
1448999, 266, 0, 0
1449999, 250, 0, 0
1451000, 243, 0, 0
1452000, 289, 0, 0
1452999, 240, 0, 0
1453999, 256, 0, 0
1455000, 241, 0, 0
1455999, 275, 0, 0
1456999, 242, 0, 0
1458000, 253, 0, 0
1458999, 256, 0, 0
1459999, 262, 0, 0
1461000, 277, 0, 0
1461999, 228, 0, 0
1462999, 243, 0, 0
1464000, 272, 0, 0
1464999, 263, 0, 0
1465999, 265, 0, 0
1466999, 287, 0, 0
1468000, 224, 0, 0
1468999, 262, 0, 0
1469999, 264, 0, 0
1471000, 280, 0, 0
1471999, 266, 0, 0
1472999, 280, 0, 0
1474000, 261, 0, 0
1474999, 248, 0, 0
1475999, 275, 0, 0
1477000, 267, 0, 0
1477999, 250, 0, 0
1478999, 280, 0, 0
1479999, 267, 0, 0
1481000, 242, 0, 0
1481999, 263, 0, 0
1482999, 248, 0, 0
1484000, 244, 0, 0
1484999, 247, 0, 0
1485999, 245, 0, 0
1487000, 260, 0, 0
1487999, 261, 0, 0
1488999, 264, 0, 0
1489999, 245, 0, 0
1491000, 263, 0, 0
1491999, 285, 0, 0
1492999, 255, 0, 0
1494000, 249, 0, 0
1494999, 256, 0, 0
1495999, 260, 0, 0
1497000, 281, 0, 0
1497999, 224, 0, 0
1498999, 258, 0, 0
1500000, 257, 0, 0
1501000, 242, 0, 0
1501999, 248, 0, 0
1502999, 264, 0, 0
1504000, 259, 0, 0
1504999, 212, 0, 0
1505999, 278, 0, 0
1507000, 243, 0, 0
1507999, 279, 0, 0
1508999, 243, 0, 0
1510000, 275, 0, 0
1510999, 279, 0, 0
1511999, 222, 0, 0
1513000, 257, 0, 0
1513999, 287, 0, 0
1514999, 244, 0, 0
1516000, 284, 0, 0
1516999, 250, 0, 0
1517999, 252, 0, 0
1519000, 283, 0, 0
1519999, 309, 0, 0
1520999, 267, 0, 0
1522000, 236, 0, 0
1522999, 274, 0, 0
1523999, 245, 0, 0
1525000, 250, 0, 0
1525999, 292, 0, 0
1526999, 236, 0, 0
1528000, 260, 0, 0
1529000, 271, 0, 0
1529999, 248, 0, 0
1531000, 270, 0, 0
1531999, 280, 0, 0
1532999, 256, 0, 0
1533999, 261, 0, 0
1535000, 241, 0, 0
1535999, 274, 0, 0
1536999, 258, 0, 0
1538000, 300, 0, 0
1538999, 246, 0, 0
1539999, 283, 0, 0
1541000, 227, 0, 0
1541999, 255, 0, 0
1542999, 255, 0, 0
1544000, 275, 0, 0
1544999, 258, 0, 0
1545999, 261, 0, 0
1547000, 271, 0, 0
1548000, 282, 0, 0
1548999, 250, 0, 0
1549999, 272, 0, 0
1551000, 252, 0, 0
1551999, 262, 0, 0
1552999, 251, 0, 0
1554000, 271, 0, 0
1554999, 242, 0, 0
1555999, 244, 0, 0
1557000, 272, 0, 0
1558000, 253, 0, 0
1558999, 240, 0, 0
1559999, 249, 0, 0
1561000, 295, 0, 0
1561999, 296, 0, 0
1562999, 254, 0, 0
1564000, 278, 0, 0
1564999, 244, 0, 0
1565999, 235, 0, 0
1566999, 249, 0, 0
1568000, 282, 0, 0
1568999, 223, 0, 0
1569999, 239, 0, 0
1571000, 257, 0, 0
1571999, 244, 0, 0
1572999, 258, 0, 0
1574000, 274, 0, 0
1574999, 298, 0, 0
1575999, 264, 0, 0
1577000, 255, 0, 0
1577999, 263, 0, 0
1578999, 242, 0, 0
1579999, 287, 0, 0
1581000, 251, 0, 0
1581999, 236, 0, 0
1582999, 284, 0, 0
1584000, 230, 0, 0
1584999, 293, 0, 0
1585999, 237, 0, 0
1587000, 305, 0, 0
1588000, 238, 0, 0
1588999, 232, 0, 0
1589999, 280, 0, 0
1591000, 236, 0, 0
1591999, 231, 0, 0
1592999, 261, 0, 0
1593999, 277, 0, 0
1594999, 236, 0, 0
1595999, 265, 0, 0
1596999, 248, 0, 0
1598000, 253, 0, 0
1598999, 299, 0, 0
1599999, 220, 0, 0
1601000, 249, 0, 0
1601999, 242, 0, 0
1602999, 277, 0, 0
1604000, 240, 0, 0
1604999, 278, 0, 0
1605999, 261, 0, 0
1606999, 229, 0, 0
1607999, 256, 0, 0
1608999, 272, 0, 0
1609999, 228, 0, 0
1611000, 278, 0, 0
1611999, 210, 0, 0
1612999, 251, 0, 0
1614000, 225, 0, 0
1615000, 303, 0, 0
1615999, 250, 0, 0
1616999, 267, 0, 0
1618000, 284, 0, 0
1618999, 260, 0, 0
1619999, 247, 0, 0
1621000, 253, 0, 0
1621999, 258, 0, 0
1622999, 257, 0, 0
1623999, 266, 0, 0
1625000, 274, 0, 0
1625999, 277, 0, 0
1626999, 217, 0, 0
1628000, 246, 0, 0
1628999, 245, 0, 0
1629999, 259, 0, 0
1631000, 252, 0, 0
1632000, 255, 0, 0
1632999, 250, 0, 0
1633999, 267, 0, 0
1635000, 266, 0, 0
1635999, 263, 0, 0
1636999, 257, 0, 0
1638000, 249, 0, 0
1638999, 257, 0, 0
1639999, 261, 0, 0
1640999, 254, 0, 0
1642000, 225, 0, 0
1642999, 249, 0, 0
1643999, 225, 0, 0
1645000, 256, 0, 0
1645999, 212, 0, 0
1646999, 261, 0, 0
1648000, 234, 0, 0
1648999, 223, 0, 0
1649999, 236, 0, 0
1650999, 234, 0, 0
1651999, 250, 0, 0
1652999, 225, 0, 0
1653999, 269, 0, 0
1655000, 244, 0, 0
1655999, 241, 0, 0
1656999, 262, 0, 0
1658000, 234, 0, 0
1658999, 228, 0, 0
1659999, 252, 0, 0
1660999, 240, 0, 0
1662000, 242, 0, 0
1662999, 269, 0, 0
1663999, 251, 0, 0
1665000, 250, 0, 0
1665999, 245, 0, 0
1666999, 235, 0, 0
1668000, 266, 0, 0
1668999, 261, 0, 0
1669999, 242, 0, 0
1670999, 225, 0, 0
1672000, 266, 0, 0
1672999, 255, 0, 0
1673999, 235, 0, 0
1674999, 263, 0, 0
1675999, 218, 0, 0
1676999, 222, 0, 0
1677999, 207, 0, 0
1679000, 254, 0, 0
1680000, 261, 0, 0
1680999, 240, 0, 0
1681999, 251, 0, 0
1683000, 236, 0, 0
1683999, 252, 0, 0
1684999, 247, 0, 0
1685999, 270, 0, 0
1686999, 220, 0, 0
1687999, 245, 0, 0
1688999, 230, 0, 0
1690000, 244, 0, 0
1690999, 244, 0, 0
1691999, 255, 0, 0
1692999, 247, 0, 0
1694000, 240, 0, 0
1694999, 228, 0, 0
1695999, 258, 0, 0
1697000, 244, 0, 0
1697999, 240, 0, 0
1698999, 253, 0, 0
1699999, 242, 0, 0
1701000, 193, 0, 0
1701999, 235, 0, 0
1702999, 233, 0, 0
1704000, 230, 0, 0
1704999, 258, 0, 0
1705999, 250, 0, 0
1706999, 247, 0, 0
1708000, 277, 0, 0
1708999, 247, 0, 0
1709999, 229, 0, 0
1711000, 245, 0, 0
1711999, 230, 0, 0
1712999, 209, 0, 0
1713999, 230, 0, 0
1715000, 246, 0, 0
1715999, 237, 0, 0
1716999, 253, 0, 0
1718000, 241, 0, 0
1719000, 263, 0, 0
1719999, 254, 0, 0
1720999, 235, 0, 0
1722000, 234, 0, 0
1722999, 211, 0, 0
1723999, 262, 0, 0
1725000, 220, 0, 0
1725999, 254, 0, 0
1726999, 248, 0, 0
1727999, 249, 0, 0
1729000, 231, 0, 0
1729999, 268, 0, 0
1730999, 227, 0, 0
1731999, 223, 0, 0
1733000, 214, 0, 0
1733999, 258, 0, 0
1734999, 252, 0, 0
1735999, 252, 0, 0
1736999, 229, 0, 0
1737999, 225, 0, 0
1738999, 218, 0, 0
1740000, 235, 0, 0
1740999, 254, 0, 0
1741999, 238, 0, 0
1743000, 235, 0, 0
1743999, 226, 0, 0
1744999, 228, 0, 0
1745999, 243, 0, 0
1746999, 220, 0, 0
1747999, 238, 0, 0
1748999, 214, 0, 0
1750000, 219, 0, 0
1750999, 220, 0, 0
1751999, 242, 0, 0
1752999, 209, 0, 0
1754000, 223, 0, 0
1754999, 237, 0, 0
1755999, 210, 0, 0
1757000, 245, 0, 0
1757999, 219, 0, 0
1758999, 247, 0, 0
1759999, 237, 0, 0
1761000, 231, 0, 0
1762000, 232, 0, 0
1762999, 251, 0, 0
1763999, 225, 0, 0
1765000, 225, 0, 0
1765999, 214, 0, 0
1766999, 234, 0, 0
1768000, 244, 0, 0
1768999, 215, 0, 0
1769999, 219, 0, 0
1770999, 234, 0, 0
1772000, 221, 0, 0
1772999, 220, 0, 0
1773999, 230, 0, 0
1775000, 216, 0, 0
1775999, 213, 0, 0
1776999, 215, 0, 0
1777999, 225, 0, 0
1779000, 227, 0, 0
1779999, 232, 0, 0
1780999, 227, 0, 0
1781999, 221, 0, 0
1783000, 232, 0, 0
1783999, 201, 0, 0
1784999, 210, 0, 0
1786000, 236, 0, 0
1786999, 213, 0, 0
1787999, 226, 0, 0
1788999, 222, 0, 0
1790000, 231, 0, 0
1790999, 213, 0, 0
1791999, 215, 0, 0
1792999, 228, 0, 0
1794000, 223, 0, 0
1794999, 258, 0, 0
1795999, 213, 0, 0
1797000, 194, 0, 0
1797999, 214, 0, 0
1798999, 229, 0, 0
1799999, 239, 0, 0
1801000, 218, 0, 0
1802000, 216, 0, 0
1802999, 219, 0, 0
1803999, 224, 0, 0
1805000, 205, 0, 0
1806000, 224, 0, 0
1806999, 205, 0, 0
1807999, 216, 0, 0
1808999, 230, 0, 0
1810000, 203, 0, 0
1811000, 218, 0, 0
1812000, 238, 0, 0
1813000, 231, 0, 0
1813999, 224, 0, 0
1814999, 235, 0, 0
1815999, 220, 0, 0
1817000, 243, 0, 0
1818000, 201, 0, 0
1819000, 208, 0, 0
1819999, 254, 0, 0
1820999, 196, 0, 0
1821999, 204, 0, 0
1823000, 222, 0, 0
1824000, 220, 0, 0
1825000, 213, 0, 0
1825999, 241, 0, 0
1826999, 210, 0, 0
1827999, 234, 0, 0
1829000, 220, 0, 0
1830000, 226, 0, 0
1831000, 230, 0, 0
1832000, 210, 0, 0
1832999, 211, 0, 0
1833999, 204, 0, 0
1835000, 210, 0, 0
1836000, 215, 0, 0
1837000, 229, 0, 0
1838000, 199, 0, 0
1838999, 195, 0, 0
1839999, 217, 0, 0
1840999, 240, 0, 0
1842000, 224, 0, 0
1843000, 215, 0, 0
1844000, 200, 0, 0
1844999, 199, 0, 0
1845999, 212, 0, 0
1846999, 206, 0, 0
1848000, 221, 0, 0
1849000, 218, 0, 0
1850000, 217, 0, 0
1850999, 216, 0, 0
1851999, 222, 0, 0
1852999, 190, 0, 0
1854000, 197, 0, 0
1855000, 224, 0, 0
1856000, 213, 0, 0
1856999, 198, 0, 0
1857999, 206, 0, 0
1858999, 208, 0, 0
1860000, 204, 0, 0
1861000, 218, 0, 0
1862000, 202, 0, 0
1862999, 210, 0, 0
1863999, 227, 0, 0
1864999, 181, 0, 0
1866000, 211, 0, 0
1867000, 225, 0, 0
1868000, 206, 0, 0
1868999, 214, 0, 0
1869999, 214, 0, 0
1870999, 222, 0, 0
1872000, 226, 0, 0
1873000, 206, 0, 0
1874000, 242, 0, 0
1875000, 206, 0, 0
1875999, 209, 0, 0
1876999, 195, 0, 0
1877999, 226, 0, 0
1879000, 223, 0, 0
1880000, 219, 0, 0
1881000, 214, 0, 0
1881999, 204, 0, 0
1882999, 210, 0, 0
1883999, 218, 0, 0
1885000, 223, 0, 0
1886000, 218, 0, 0
1887000, 217, 0, 0
1888000, 205, 0, 0
1888999, 204, 0, 0
1889999, 201, 0, 0
1891000, 211, 0, 0
1892000, 198, 0, 0
1893000, 225, 0, 0
1894000, 210, 0, 0
1894999, 242, 0, 0
1895999, 212, 0, 0
1896999, 217, 0, 0
1898000, 235, 0, 0
1899000, 189, 0, 0
1900000, 205, 0, 0
1900999, 209, 0, 0
1901999, 205, 0, 0
1902999, 209, 0, 0
1904000, 215, 0, 0
1905000, 222, 0, 0
1906000, 216, 0, 0
1907000, 205, 0, 0
1907999, 219, 0, 0
1908999, 208, 0, 0
1909999, 208, 0, 0
1911000, 202, 0, 0
1912000, 230, 0, 0
1913000, 205, 0, 0
1913999, 213, 0, 0
1914999, 229, 0, 0
1915999, 211, 0, 0
1917000, 196, 0, 0
1918000, 185, 0, 0
1919000, 192, 0, 0
1919999, 220, 0, 0
1920999, 205, 0, 0
1921999, 215, 0, 0
1923000, 203, 0, 0
1924000, 210, 0, 0
1925000, 204, 0, 0
1926000, 211, 0, 0
1926999, 191, 0, 0
1927999, 221, 0, 0
1929000, 212, 0, 0
1930000, 222, 0, 0
1931000, 249, 0, 0
1932000, 241, 0, 0
1932999, 223, 0, 0
1933999, 207, 0, 0
1935000, 208, 0, 0
1936000, 217, 0, 0
1937000, 190, 0, 0
1938000, 215, 0, 0
1938999, 216, 0, 0
1939999, 210, 0, 0
1941000, 212, 0, 0
1942000, 202, 0, 0
1943000, 235, 0, 0
1944000, 224, 0, 0
1944999, 209, 0, 0
1945999, 203, 0, 0
1947000, 223, 0, 0
1948000, 188, 0, 0
1949000, 221, 0, 0
1949999, 196, 0, 0
1950999, 232, 0, 0
1951999, 209, 0, 0
1953000, 202, 0, 0
1954000, 185, 0, 0
1955000, 222, 0, 0
1956000, 210, 0, 0
1956999, 203, 0, 0
1957999, 218, 0, 0
1958999, 194, 0, 0
1960000, 222, 0, 0
1961000, 206, 0, 0
1962000, 207, 0, 0
1962999, 215, 0, 0
1963999, 198, 0, 0
1965000, 191, 0, 0
1966000, 198, 0, 0
1967000, 228, 0, 0
1967999, 200, 0, 0
1968999, 241, 0, 0
1969999, 196, 0, 0
1970999, 218, 0, 0
1972000, 207, 0, 0
1973000, 211, 0, 0
1974000, 211, 0, 0
1974999, 221, 0, 0
1975999, 211, 0, 0
1976999, 192, 0, 0
1978000, 219, 0, 0
1979000, 214, 0, 0
1980000, 210, 0, 0
1981000, 213, 0, 0
1981999, 212, 0, 0
1982999, 220, 0, 0
1984000, 218, 0, 0
1985000, 205, 0, 0
1986000, 217, 0, 0
1987000, 204, 0, 0
1987999, 208, 0, 0
1988999, 237, 0, 0
1989999, 215, 0, 0
1991000, 215, 0, 0
1992000, 209, 0, 0
1993000, 208, 0, 0
1993999, 217, 0, 0
1994999, 208, 0, 0
1995999, 184, 0, 0
1997000, 231, 0, 0
1998000, 217, 0, 0
1999000, 233, 0, 0
2000000, 191, 0, 0
2000999, 194, 0, 0
2001999, 219, 0, 0
2002999, 212, 0, 0
2004000, 220, 0, 0
2005000, 261, 0, 0
2006000, 203, 0, 0
2006999, 196, 0, 0
2007999, 195, 0, 0
2008999, 210, 0, 0
2010000, 234, 0, 0
2011000, 211, 0, 0
2012000, 200, 0, 0
2012999, 199, 0, 0
2013999, 228, 0, 0
2014999, 208, 0, 0
2016000, 185, 0, 0
2017000, 200, 0, 0
2018000, 224, 0, 0
2019000, 223, 0, 0
2019999, 217, 0, 0
2020999, 192, 0, 0
2022000, 211, 0, 0
2023000, 225, 0, 0
2024000, 208, 0, 0
2025000, 222, 0, 0
2026000, 216, 0, 0
2027000, 208, 0, 0
2028000, 208, 0, 0
2028999, 218, 0, 0
2029999, 196, 0, 0
2031000, 191, 0, 0
2032000, 227, 0, 0
2033000, 198, 0, 0
2034000, 202, 0, 0
2035000, 198, 0, 0
2036000, 223, 0, 0
2037000, 211, 0, 0
2038000, 211, 0, 0
2038999, 228, 0, 0
2039999, 191, 0, 0
2041000, 198, 0, 0
2042000, 214, 0, 0
2043000, 218, 0, 0
2044000, 199, 0, 0
2045000, 226, 0, 0
2046000, 208, 0, 0
2047000, 207, 0, 0
2048000, 203, 0, 0
2048999, 197, 0, 0
2049999, 227, 0, 0
2050999, 214, 0, 0
2052000, 193, 0, 0
2053000, 229, 0, 0
2054000, 187, 0, 0
2055000, 213, 0, 0
2056000, 197, 0, 0
2057000, 224, 0, 0
2058000, 187, 0, 0
2059000, 218, 0, 0
2059999, 194, 0, 0
2061000, 203, 0, 0
2062000, 205, 0, 0
2063000, 199, 0, 0
2064000, 200, 0, 0
2065000, 199, 0, 0
2066000, 211, 0, 0
2067000, 208, 0, 0
2068000, 221, 0, 0
2069000, 208, 0, 0
2070000, 214, 0, 0
2070999, 216, 0, 0
2072000, 221, 0, 0
2073000, 204, 0, 0
2074000, 196, 0, 0
2075000, 215, 0, 0
2076000, 201, 0, 0
2076999, 216, 0, 0
2077999, 204, 0, 0
2078999, 206, 0, 0
2079999, 224, 0, 0
2080998, 220, 0, 0
2081999, 211, 0, 0
2082999, 186, 0, 0
2083998, 224, 0, 0
2084998, 203, 0, 0
2085998, 206, 0, 0
2086998, 194, 0, 0
2087997, 186, 0, 0
2088997, 216, 0, 0
2089997, 213, 0, 0
2090997, 194, 0, 0
2091996, 191, 0, 0
2092997, 225, 0, 0
2093997, 185, 0, 0
2094996, 195, 0, 0
2095996, 197, 0, 0
2096996, 198, 0, 0
2097996, 219, 0, 0
2098995, 211, 0, 0
2099995, 186, 0, 0
2100995, 211, 0, 0
2101995, 224, 0, 0
2102994, 207, 0, 0
2103995, 197, 0, 0
2104995, 222, 0, 0
2105995, 214, 0, 0
2106994, 220, 0, 0
2107994, 205, 0, 0
2108994, 185, 0, 0
2109993, 198, 0, 0
2110993, 187, 0, 0
2111993, 221, 0, 0
2112993, 207, 0, 0
2113993, 187, 0, 0
2114993, 231, 0, 0
2115993, 227, 0, 0
2116992, 199, 0, 0
2117992, 200, 0, 0
2118992, 220, 0, 0
2119992, 198, 0, 0
2120991, 191, 0, 0
2121991, 219, 0, 0
2122992, 196, 0, 0
2123992, 210, 0, 0
2124991, 207, 0, 0
2125991, 202, 0, 0
2126991, 241, 0, 0
2128000, 200, 0, 0
2129000, 218, 0, 0
2130000, 203, 0, 0
2130999, 198, 0, 0
2131999, 190, 0, 0
2132999, 198, 0, 0
2134000, 211, 0, 0
2135000, 207, 0, 0
2136000, 199, 0, 0
2137000, 227, 0, 0
2137999, 209, 0, 0
2138999, 199, 0, 0
2139999, 184, 0, 0
2141000, 203, 0, 0
2142000, 191, 0, 0
2143000, 184, 0, 0
2143999, 204, 0, 0
2144999, 209, 0, 0
2145999, 220, 0, 0
2147000, 187, 0, 0
2148000, 197, 0, 0
2149000, 198, 0, 0
2150000, 191, 0, 0
2151000, 194, 0, 0
2151999, 202, 0, 0
2152999, 192, 0, 0
2154000, 230, 0, 0
2155000, 205, 0, 0
2156000, 207, 0, 0
2157000, 203, 0, 0
2157999, 203, 0, 0
2158999, 207, 0, 0
2159999, 207, 0, 0
2161000, 229, 0, 0
2162000, 226, 0, 0
2163000, 214, 0, 0
2164000, 197, 0, 0
2164999, 229, 0, 0
2165999, 212, 0, 0
2166999, 210, 0, 0
2168000, 177, 0, 0
2169000, 200, 0, 0
2170000, 196, 0, 0
2170999, 204, 0, 0
2171999, 196, 0, 0
2172999, 199, 0, 0
2174000, 205, 0, 0
2175000, 200, 0, 0
2176000, 223, 0, 0
2177000, 178, 0, 0
2177999, 198, 0, 0
2178999, 192, 0, 0
2179999, 206, 0, 0
2181000, 205, 0, 0
2182000, 195, 0, 0
2183000, 214, 0, 0
2184000, 212, 0, 0
2184999, 206, 0, 0
2185999, 192, 0, 0
2187000, 177, 0, 0
2188000, 214, 0, 0
2189000, 194, 0, 0
2190000, 186, 0, 0
2190999, 200, 0, 0
2191999, 233, 0, 0
2192999, 186, 0, 0
2194000, 212, 0, 0
2195000, 190, 0, 0
2196000, 199, 0, 0
2196999, 219, 0, 0
2197999, 203, 0, 0
2199000, 200, 0, 0
2200000, 199, 0, 0
2201000, 237, 0, 0
2202000, 180, 0, 0
2202999, 196, 0, 0
2203999, 204, 0, 0
2204999, 198, 0, 0
2206000, 218, 0, 0
2207000, 205, 0, 0
2208000, 221, 0, 0
2209000, 192, 0, 0
2209999, 209, 0, 0
2210999, 203, 0, 0
2211999, 195, 0, 0
2213000, 200, 0, 0
2214000, 189, 0, 0
2215000, 215, 0, 0
2215999, 193, 0, 0
2216999, 204, 0, 0
2217999, 197, 0, 0
2219000, 180, 0, 0
2220000, 198, 0, 0
2221000, 208, 0, 0
2222000, 196, 0, 0
2222999, 229, 0, 0
2223999, 199, 0, 0
2224999, 209, 0, 0
2226000, 195, 0, 0
2227000, 191, 0, 0
2228000, 192, 0, 0
2229000, 198, 0, 0
2229999, 207, 0, 0
2230999, 190, 0, 0
2232000, 210, 0, 0
2233000, 196, 0, 0
2234000, 223, 0, 0
2235000, 204, 0, 0
2235999, 184, 0, 0
2236999, 214, 0, 0
2237999, 200, 0, 0
2239000, 205, 0, 0
2240000, 191, 0, 0
2241000, 194, 0, 0
2242000, 187, 0, 0
2242999, 194, 0, 0
2243999, 199, 0, 0
2245000, 182, 0, 0
2246000, 200, 0, 0
2247000, 181, 0, 0
2248000, 239, 0, 0
2248999, 193, 0, 0
2249999, 194, 0, 0
2250999, 205, 0, 0
2252000, 203, 0, 0
2253000, 197, 0, 0
2254000, 192, 0, 0
2254999, 189, 0, 0
2255999, 207, 0, 0
2256999, 199, 0, 0
2258000, 195, 0, 0
2259000, 205, 0, 0
2260000, 196, 0, 0
2261000, 211, 0, 0
2261999, 199, 0, 0
2262999, 193, 0, 0
2264000, 196, 0, 0
2265000, 199, 0, 0
2266000, 189, 0, 0
2266999, 202, 0, 0
2267999, 210, 0, 0
2269000, 198, 0, 0
2270000, 209, 0, 0
2271000, 210, 0, 0
2272000, 203, 0, 0
2272999, 194, 0, 0
2273999, 170, 0, 0
2274999, 198, 0, 0
2276000, 204, 0, 0
2277000, 192, 0, 0
2278000, 198, 0, 0
2279000, 197, 0, 0
2279999, 179, 0, 0
2280999, 179, 0, 0
2282000, 195, 0, 0
2283000, 196, 0, 0
2284000, 193, 0, 0
2285000, 210, 0, 0
2285999, 198, 0, 0
2286999, 180, 0, 0
2288000, 189, 0, 0
2289000, 191, 0, 0
2290000, 200, 0, 0
2291000, 209, 0, 0
2291999, 198, 0, 0
2292999, 199, 0, 0
2293999, 200, 0, 0
2295000, 200, 0, 0
2296000, 201, 0, 0
2297000, 192, 0, 0
2298000, 205, 0, 0
2298999, 223, 0, 0
2299999, 203, 0, 0
2301000, 193, 0, 0
2302000, 202, 0, 0
2303000, 213, 0, 0
2304000, 213, 0, 0
2304999, 186, 0, 0
2305999, 201, 0, 0
2307000, 196, 0, 0
2308000, 213, 0, 0
2309000, 204, 0, 0
2310000, 194, 0, 0
2310999, 189, 0, 0
2311999, 197, 0, 0
2312999, 201, 0, 0
2314000, 227, 0, 0
2315000, 221, 0, 0
2316000, 200, 0, 0
2317000, 212, 0, 0
2317999, 193, 0, 0
2318999, 211, 0, 0
2319999, 189, 0, 0
2321000, 187, 0, 0
2322000, 210, 0, 0
2323000, 186, 0, 0
2323999, 193, 0, 0
2324999, 193, 0, 0
2325999, 206, 0, 0
2327000, 194, 0, 0
2328000, 148, 0, 0
2329000, 226, 0, 0
2329999, 175, 0, 0
2330999, 204, 0, 0
2331999, 187, 0, 0
2333000, 180, 0, 0
2334000, 195, 0, 0
2335000, 198, 0, 0
2335999, 200, 0, 0
2336999, 179, 0, 0
2337999, 194, 0, 0
2339000, 188, 0, 0
2340000, 205, 0, 0
2341000, 187, 0, 0
2342000, 213, 0, 0
2342999, 197, 0, 0
2343999, 204, 0, 0
2344999, 193, 0, 0
2346000, 198, 0, 0
2347000, 203, 0, 0
2348000, 194, 0, 0
2348999, 199, 0, 0
2349999, 180, 0, 0
2350999, 202, 0, 0
2352000, 210, 0, 0
2353000, 189, 0, 0
2354000, 192, 0, 0
2355000, 186, 0, 0
2355999, 205, 0, 0
2356999, 203, 0, 0
2358000, 198, 0, 0
2359000, 227, 0, 0
2360000, 202, 0, 0
2360999, 188, 0, 0
2361999, 198, 0, 0
2362999, 191, 0, 0
2364000, 192, 0, 0
2365000, 200, 0, 0
2366000, 190, 0, 0
2366999, 216, 0, 0
2367999, 202, 0, 0
2368999, 161, 0, 0
2370000, 206, 0, 0
2371000, 201, 0, 0
2372000, 194, 0, 0
2373000, 198, 0, 0
2373999, 171, 0, 0
2374999, 199, 0, 0
2376000, 194, 0, 0
2377000, 195, 0, 0
2378000, 209, 0, 0
2379000, 199, 0, 0
2379999, 179, 0, 0
2380999, 198, 0, 0
2382000, 204, 0, 0
2383000, 190, 0, 0
2384000, 206, 0, 0
2385000, 212, 0, 0
2385999, 200, 0, 0
2386999, 223, 0, 0
2387999, 193, 0, 0
2389000, 220, 0, 0
2390000, 169, 0, 0
2391000, 215, 0, 0
2391999, 185, 0, 0
2392999, 189, 0, 0
2393999, 199, 0, 0
2395000, 196, 0, 0
2396000, 203, 0, 0
2397000, 200, 0, 0
2398000, 222, 0, 0
2398999, 204, 0, 0
2399999, 206, 0, 0
