1051, 167337107, 0, 0
2041, 144166986, 0, 0
3047, 361786747, 0, 0
4041, 191008115, 0, 0
5041, 369369218, 0, 0
6023, 391968624, 0, 0
7043, 326943867, 0, 0
8035, 296018520, 0, 0
9027, 145659693, 0, 0
10037, 359475695, 0, 0
11008, 149483573, 0, 0
12049, 357522536, 0, 0
13054, 344216715, 0, 0
14048, 323546652, 0, 0
15058, 391454413, 0, 0
16055, 235068280, 0, 0
17042, 194224814, 0, 0
18023, 355264361, 0, 0
19038, 196200723, 0, 0
20043, 197142827, 0, 0
21015, 343235375, 0, 0
22009, 365530091, 0, 0
23019, 329449156, 0, 0
24015, 388227791, 0, 0
25052, 422409320, 0, 0
26050, 346483506, 0, 0
27007, 387137704, 0, 0
28003, 377591118, 0, 0
29046, 295940454, 0, 0
30016, 202202244, 0, 0
31054, 218466647, 0, 0
32043, 331121449, 0, 0
33000, 291150830, 0, 0
34009, 392376542, 0, 0
35019, 454494104, 0, 0
36009, 454678261, 0, 0
37065, 315933017, 0, 0
38004, 342017169, 0, 0
39028, 135051136, 0, 0
40035, 375983993, 0, 0
41011, 135499539, 0, 0
42019, 251046587, 0, 0
43036, 373871253, 0, 0
44000, 416546342, 0, 0
45043, 209700994, 0, 0
46023, 420393883, 0, 0
47044, 376561702, 0, 0
48016, 365476304, 0, 0
49041, 351754063, 0, 0
50000, 382274843, 0, 0
51038, 412126226, 0, 0
52027, 350960283, 0, 0
53038, 360182513, 0, 0
54002, 392166969, 0, 0
55047, 93317225, 0, 0
56058, 124678852, 0, 0
57053, 306410882, 0, 0
58040, 379704328, 0, 0
59029, 339001570, 0, 0
60045, 190267034, 0, 0
61058, 178327517, 0, 0
62008, 211172327, 0, 0
63042, 202397796, 0, 0
64032, 416168595, 0, 0
65020, 333965873, 0, 0
66023, 202994178, 0, 0
67057, 199790337, 0, 0
68041, 208042020, 0, 0
69005, 185837934, 0, 0
70060, 319591612, 0, 0
71032, 280780779, 0, 0
72029, 180858507, 0, 0
73049, 306126765, 0, 0
74040, 100208187, 0, 0
75048, 207101391, 0, 0
76037, 476692857, 0, 0
77058, 428234292, 0, 0
78011, 334492846, 0, 0
79057, 334363400, 0, 0
80026, 356966514, 0, 0
81021, 361967626, 0, 0
82045, 141329446, 0, 0
83006, 376194672, 0, 0
84021, 419516557, 0, 0
85036, 297513715, 0, 0
86036, 183242821, 0, 0
87010, 301261941, 0, 0
88007, 331194511, 0, 0
89054, 384111986, 0, 0
90020, 296835738, 0, 0
91035, 310698563, 0, 0
92005, 403449407, 0, 0
93053, 315451771, 0, 0
94074, 395028221, 0, 0
95000, 361901313, 0, 0
96050, 430655368, 0, 0
97015, 194040858, 0, 0
98007, 177275735, 0, 0
99042, 215169471, 0, 0
100058, 367932739, 0, 0
101043, 326689885, 0, 0
102021, 316235065, 0, 0
103001, 336300340, 0, 0
104023, 386647100, 0, 0
105034, 293736652, 0, 0
106001, 415428802, 0, 0
107017, 329167691, 0, 0
108059, 387033052, 0, 0
109060, 324956485, 0, 0
110008, 204553681, 0, 0
111023, 123192664, 0, 0
112026, 377947271, 0, 0
113022, 388407963, 0, 0
114055, 278379151, 0, 0
115028, 299096413, 0, 0
116020, 408476436, 0, 0
117051, 356194564, 0, 0
118000, 187728296, 0, 0
119015, 178431887, 0, 0
120007, 314461791, 0, 0
121041, 377170486, 0, 0
122007, 383256666, 0, 0
123022, 316666941, 0, 0
124047, 212784670, 0, 0
125039, 345423745, 0, 0
126042, 431540185, 0, 0
127005, 338679110, 0, 0
128012, 283299183, 0, 0
129004, 305195523, 0, 0
130026, 180802513, 0, 0
131024, 164940149, 0, 0
132016, 384232718, 0, 0
133030, 296854917, 0, 0
134001, 170497573, 0, 0
135001, 358444635, 0, 0
136001, 385505484, 0, 0
137065, 435529881, 0, 0
138045, 403456470, 0, 0
139004, 260381885, 0, 0
140031, 343163801, 0, 0
141042, 164026056, 0, 0
142013, 319478457, 0, 0
143032, 334419652, 0, 0
144033, 379010258, 0, 0
145059, 367786297, 0, 0
146041, 333515241, 0, 0
147052, 369000468, 0, 0
148037, 353504958, 0, 0
149012, 381178188, 0, 0
150043, 177058157, 0, 0
151014, 316637897, 0, 0
152031, 282157098, 0, 0
153030, 337172528, 0, 0
154045, 319813216, 0, 0
155056, 328464744, 0, 0
156041, 277329442, 0, 0
157042, 268123141, 0, 0
158060, 286066608, 0, 0
159030, 357199657, 0, 0
160049, 397314622, 0, 0
161032, 283776793, 0, 0
162037, 363701482, 0, 0
163018, 303834508, 0, 0
164017, 259752982, 0, 0
165020, 356583738, 0, 0
166037, 209569038, 0, 0
167019, 349022836, 0, 0
168043, 384199138, 0, 0
169052, 400453149, 0, 0
170012, 190039455, 0, 0
171031, 297169363, 0, 0
172053, 314589519, 0, 0
173036, 328164991, 0, 0
174028, 386657383, 0, 0
175020, 311002108, 0, 0
176061, 386237213, 0, 0
177002, 311746652, 0, 0
178004, 343787368, 0, 0
179011, 283149803, 0, 0
180011, 368603183, 0, 0
181012, 355365213, 0, 0
182020, 237637252, 0, 0
183047, 222657761, 0, 0
184058, 291227088, 0, 0
185007, 330921217, 0, 0
186011, 321563294, 0, 0
187051, 325049940, 0, 0
188024, 300685295, 0, 0
189034, 180596644, 0, 0
190028, 360609043, 0, 0
191000, 310679543, 0, 0
192032, 373969066, 0, 0
193014, 301311001, 0, 0
194004, 318652503, 0, 0
195054, 378119527, 0, 0
196056, 278804544, 0, 0
197046, 259147385, 0, 0
198056, 346586576, 0, 0
199047, 271249169, 0, 0
200001, 299486380, 0, 0
201016, 392553430, 0, 0
202016, 305755693, 0, 0
203034, 345190370, 0, 0
204044, 279390536, 0, 0
205049, 300171102, 0, 0
206001, 250312550, 0, 0
207064, 330734717, 0, 0
208025, 328184281, 0, 0
209060, 341682504, 0, 0
210003, 264819547, 0, 0
211032, 359649802, 0, 0
212065, 289596829, 0, 0
213016, 289470268, 0, 0
214019, 206830324, 0, 0
215014, 292604185, 0, 0
216005, 296880867, 0, 0
217013, 300652736, 0, 0
218005, 265181985, 0, 0
219009, 247417047, 0, 0
220024, 347864435, 0, 0
221028, 357915232, 0, 0
222048, 367263261, 0, 0
223026, 326034712, 0, 0
224040, 242277638, 0, 0
225015, 341396729, 0, 0
226029, 309237465, 0, 0
227042, 226723675, 0, 0
228036, 262199979, 0, 0
229037, 330516511, 0, 0
230019, 331931838, 0, 0
231009, 287499111, 0, 0
232025, 315011826, 0, 0
233028, 311907627, 0, 0
234026, 315553613, 0, 0
235022, 282323524, 0, 0
236048, 231404080, 0, 0
237026, 270239971, 0, 0
238046, 227455653, 0, 0
239011, 299998129, 0, 0
240054, 292891024, 0, 0
241048, 266238768, 0, 0
242006, 335237541, 0, 0
243026, 299821366, 0, 0
244035, 312888857, 0, 0
245050, 291902660, 0, 0
246046, 348603056, 0, 0
247037, 263706421, 0, 0
248046, 325568349, 0, 0
249001, 261451649, 0, 0
250047, 278817086, 0, 0
251036, 285280773, 0, 0
252018, 284682303, 0, 0
253045, 291804655, 0, 0
254009, 244209923, 0, 0
255034, 269787985, 0, 0
256047, 298479033, 0, 0
257060, 245349223, 0, 0
258034, 270503211, 0, 0
259023, 294149892, 0, 0
260034, 249377988, 0, 0
261035, 292482797, 0, 0
262048, 358438351, 0, 0
263042, 330614654, 0, 0
264042, 312552436, 0, 0
265032, 330630642, 0, 0
266012, 313385742, 0, 0
267022, 304564310, 0, 0
268015, 262304502, 0, 0
269059, 297815185, 0, 0
270021, 298494994, 0, 0
271011, 268300796, 0, 0
272008, 322762081, 0, 0
273032, 285718776, 0, 0
274053, 282248485, 0, 0
275001, 307287164, 0, 0
276008, 387291875, 0, 0
277052, 309818294, 0, 0
278017, 258066374, 0, 0
279020, 278725184, 0, 0
280007, 284837247, 0, 0
281004, 309457297, 0, 0
282054, 321111806, 0, 0
283065, 315770069, 0, 0
284033, 363524448, 0, 0
285053, 234014594, 0, 0
286056, 310221091, 0, 0
287016, 335126528, 0, 0
288017, 306923297, 0, 0
289038, 222292943, 0, 0
290004, 217839032, 0, 0
291043, 248422093, 0, 0
292032, 272097639, 0, 0
293068, 284866406, 0, 0
294009, 311450483, 0, 0
295060, 273537051, 0, 0
296059, 229632246, 0, 0
297001, 294741208, 0, 0
298038, 310076341, 0, 0
299004, 239376339, 0, 0
300028, 253628322, 0, 0
301024, 309384698, 0, 0
302044, 254872189, 0, 0
303009, 296408838, 0, 0
304044, 266472268, 0, 0
305058, 266569094, 0, 0
306039, 320392379, 0, 0
307041, 269543855, 0, 0
308021, 277515389, 0, 0
309004, 264478847, 0, 0
310015, 307267523, 0, 0
311006, 248050135, 0, 0
312049, 277023258, 0, 0
313023, 307053484, 0, 0
314029, 301459535, 0, 0
315030, 269245377, 0, 0
316000, 327306855, 0, 0
317036, 315654886, 0, 0
318034, 293437403, 0, 0
319001, 272535185, 0, 0
320052, 315589904, 0, 0
321052, 332477431, 0, 0
322032, 338662209, 0, 0
323042, 338859353, 0, 0
324034, 292914279, 0, 0
325051, 274688260, 0, 0
326036, 273685920, 0, 0
327043, 268037897, 0, 0
328041, 320585548, 0, 0
329028, 275866226, 0, 0
330024, 287458672, 0, 0
331013, 365936199, 0, 0
332027, 302536818, 0, 0
333037, 227546437, 0, 0
334045, 267379199, 0, 0
335038, 293348015, 0, 0
336007, 304556681, 0, 0
337060, 234607856, 0, 0
338014, 247520692, 0, 0
339043, 241384654, 0, 0
340052, 279124503, 0, 0
341054, 297843193, 0, 0
342024, 325984248, 0, 0
343026, 334132187, 0, 0
344051, 258908013, 0, 0
345055, 263255986, 0, 0
346050, 275174119, 0, 0
347027, 285509400, 0, 0
348056, 241666532, 0, 0
349018, 268062855, 0, 0
350004, 296735086, 0, 0
351046, 321490119, 0, 0
352046, 291315810, 0, 0
353038, 255046619, 0, 0
354008, 249955933, 0, 0
355025, 298454113, 0, 0
356003, 331634960, 0, 0
357043, 251038342, 0, 0
358035, 287589035, 0, 0
359048, 303171717, 0, 0
360005, 316125655, 0, 0
361003, 304764505, 0, 0
362029, 253476922, 0, 0
363034, 310894843, 0, 0
364039, 261989960, 0, 0
365047, 297218253, 0, 0
366000, 280287796, 0, 0
367057, 320377902, 0, 0
368038, 296882060, 0, 0
369018, 274143841, 0, 0
370006, 314510033, 0, 0
371020, 302204238, 0, 0
372003, 320095536, 0, 0
373046, 232737535, 0, 0
374010, 255590538, 0, 0
375022, 274688501, 0, 0
376009, 256139253, 0, 0
377033, 234209123, 0, 0
378022, 237520675, 0, 0
379040, 284128967, 0, 0
380049, 255067878, 0, 0
381042, 262587301, 0, 0
382054, 270456877, 0, 0
383036, 321806917, 0, 0
384049, 280583400, 0, 0
385010, 272195155, 0, 0
386044, 255075916, 0, 0
387044, 270506963, 0, 0
388060, 303569285, 0, 0
389038, 284258624, 0, 0
390020, 338938696, 0, 0
391033, 313386415, 0, 0
392012, 286258349, 0, 0
393055, 308176997, 0, 0
394002, 294857095, 0, 0
395040, 291242107, 0, 0
396014, 269590468, 0, 0
397037, 265301049, 0, 0
398055, 289226846, 0, 0
399047, 270143563, 0, 0
400028, 296008442, 0, 0
401028, 281444986, 0, 0
402057, 287592662, 0, 0
403015, 319587430, 0, 0
404056, 306876724, 0, 0
405054, 273392033, 0, 0
406004, 319243613, 0, 0
407061, 307960893, 0, 0
408042, 282590786, 0, 0
409018, 287868710, 0, 0
410011, 253925853, 0, 0
411028, 260810684, 0, 0
412040, 320045202, 0, 0
413012, 276948069, 0, 0
414001, 359116407, 0, 0
415025, 315911535, 0, 0
416024, 281551075, 0, 0
417015, 251405692, 0, 0
418044, 279229699, 0, 0
419041, 268101731, 0, 0
420050, 297483228, 0, 0
421024, 277759797, 0, 0
422018, 284565774, 0, 0
423040, 261729355, 0, 0
424024, 262532726, 0, 0
425017, 261365623, 0, 0
426029, 298598061, 0, 0
427029, 253217200, 0, 0
428026, 252353051, 0, 0
429024, 263801616, 0, 0
430069, 236345259, 0, 0
431059, 229162996, 0, 0
432054, 260915169, 0, 0
433053, 254091104, 0, 0
434002, 245797458, 0, 0
435053, 265220756, 0, 0
436030, 268588903, 0, 0
437045, 259371448, 0, 0
438010, 263870634, 0, 0
439011, 277262706, 0, 0
440056, 251298152, 0, 0
441000, 272838585, 0, 0
442045, 290716535, 0, 0
443025, 298744041, 0, 0
444008, 273110794, 0, 0
445049, 241665091, 0, 0
446027, 284131741, 0, 0
447065, 240409703, 0, 0
448049, 239905031, 0, 0
449025, 292835550, 0, 0
450011, 275507409, 0, 0
451038, 246780845, 0, 0
452013, 240696713, 0, 0
453001, 257662344, 0, 0
454035, 233686810, 0, 0
455042, 248786016, 0, 0
456027, 269321351, 0, 0
457043, 228848414, 0, 0
458008, 251710466, 0, 0
459041, 299946764, 0, 0
460024, 288096018, 0, 0
461051, 261378080, 0, 0
462034, 297814339, 0, 0
463001, 273800790, 0, 0
464027, 271279938, 0, 0
465022, 291346919, 0, 0
466004, 260857491, 0, 0
467048, 270776521, 0, 0
468027, 315303832, 0, 0
469015, 256190375, 0, 0
470028, 244932720, 0, 0
471006, 268022339, 0, 0
472046, 270119808, 0, 0
473015, 278895382, 0, 0
474026, 284879235, 0, 0
475010, 275379711, 0, 0
476045, 268012062, 0, 0
477033, 256301470, 0, 0
478048, 222794631, 0, 0
479026, 298906318, 0, 0
480000, 295414855, 0, 0
481036, 252245308, 0, 0
482019, 265589294, 0, 0
483054, 251632537, 0, 0
484005, 278697492, 0, 0
485012, 262308882, 0, 0
486068, 264406515, 0, 0
487003, 266345781, 0, 0
488035, 240986576, 0, 0
489000, 253079028, 0, 0
490000, 295308639, 0, 0
491038, 312127172, 0, 0
492001, 284635354, 0, 0
493055, 274653483, 0, 0
494055, 306385786, 0, 0
495054, 272125081, 0, 0
496049, 323546579, 0, 0
497050, 271320132, 0, 0
498022, 274245927, 0, 0
499031, 293509660, 0, 0
500036, 239249051, 0, 0
501013, 265357657, 0, 0
502021, 267798395, 0, 0
503013, 293353803, 0, 0
504008, 271643025, 0, 0
505053, 239572524, 0, 0
506020, 238297922, 0, 0
507000, 262140610, 0, 0
508051, 277446353, 0, 0
509018, 289850933, 0, 0
510040, 279281731, 0, 0
511120, 265147003, 0, 0
512030, 289983215, 0, 0
513038, 248129348, 0, 0
514036, 303028443, 0, 0
515046, 300687465, 0, 0
516008, 268748437, 0, 0
517050, 261888688, 0, 0
518016, 274703797, 0, 0
519007, 280927286, 0, 0
520059, 264578107, 0, 0
521057, 259952847, 0, 0
522050, 275454449, 0, 0
523014, 255772108, 0, 0
524011, 309245565, 0, 0
525010, 319654070, 0, 0
526050, 292938231, 0, 0
527006, 286532742, 0, 0
528039, 261599101, 0, 0
529004, 269247889, 0, 0
530009, 284881575, 0, 0
531054, 274560065, 0, 0
532044, 281235171, 0, 0
533046, 247066630, 0, 0
534036, 263519867, 0, 0
535038, 250669581, 0, 0
536019, 280090327, 0, 0
537009, 258558448, 0, 0
538063, 264130066, 0, 0
539008, 240510829, 0, 0
540011, 254629846, 0, 0
541006, 249764800, 0, 0
542040, 263791740, 0, 0
543030, 258222369, 0, 0
544040, 279288906, 0, 0
545046, 275011953, 0, 0
546037, 248904352, 0, 0
547014, 245904037, 0, 0
548062, 263990366, 0, 0
549054, 262690996, 0, 0
550057, 268710654, 0, 0
551055, 279527086, 0, 0
552051, 319947993, 0, 0
553044, 285865583, 0, 0
554020, 270819141, 0, 0
555037, 338281547, 0, 0
556006, 268089329, 0, 0
557050, 256438662, 0, 0
558015, 256482488, 0, 0
559055, 257848769, 0, 0
560033, 257302068, 0, 0
561037, 242910057, 0, 0
562017, 236442513, 0, 0
563025, 280269840, 0, 0
564053, 273054544, 0, 0
565004, 265567968, 0, 0
566002, 286393135, 0, 0
567017, 281650964, 0, 0
568021, 288905859, 0, 0
569053, 246565376, 0, 0
570054, 253102639, 0, 0
571034, 265143376, 0, 0
572007, 279129104, 0, 0
573005, 250885891, 0, 0
574043, 286142021, 0, 0
575048, 268364310, 0, 0
576038, 319474450, 0, 0
577060, 267309465, 0, 0
578023, 269699619, 0, 0
579026, 272295917, 0, 0
580013, 263472941, 0, 0
581039, 269386374, 0, 0
582008, 274232542, 0, 0
583002, 272105140, 0, 0
584002, 277541028, 0, 0
585035, 251421173, 0, 0
586008, 253250901, 0, 0
587059, 257560824, 0, 0
588039, 265908481, 0, 0
589037, 253644568, 0, 0
590008, 292682562, 0, 0
591055, 267708038, 0, 0
592056, 279284285, 0, 0
593008, 281799609, 0, 0
594016, 273030931, 0, 0
595054, 242841425, 0, 0
596031, 241369199, 0, 0
597000, 229872662, 0, 0
598044, 214955306, 0, 0
599044, 240667344, 0, 0
600055, 253138673, 0, 0
601003, 280341547, 0, 0
602026, 286641075, 0, 0
603068, 288015780, 0, 0
604040, 288119761, 0, 0
605067, 251512663, 0, 0
606053, 278943543, 0, 0
607046, 298341706, 0, 0
608007, 278017003, 0, 0
609028, 267875971, 0, 0
610001, 246469572, 0, 0
611051, 265566132, 0, 0
612032, 231368315, 0, 0
613037, 246451082, 0, 0
614051, 251942030, 0, 0
615057, 258280923, 0, 0
616056, 258844689, 0, 0
617034, 228187346, 0, 0
618056, 274220045, 0, 0
619029, 238240519, 0, 0
620052, 267464962, 0, 0
621002, 257729613, 0, 0
622029, 302992218, 0, 0
623026, 255818947, 0, 0
624047, 278779081, 0, 0
625055, 253041344, 0, 0
626036, 297831828, 0, 0
627050, 265088186, 0, 0
628059, 276101929, 0, 0
629002, 251318912, 0, 0
630045, 236640185, 0, 0
631023, 285997334, 0, 0
632014, 269823178, 0, 0
633048, 255273004, 0, 0
634059, 271574777, 0, 0
635017, 276793003, 0, 0
636032, 258781678, 0, 0
637059, 274437143, 0, 0
638008, 258304842, 0, 0
639072, 250469598, 0, 0
640015, 282888863, 0, 0
641022, 258339757, 0, 0
642040, 247485877, 0, 0
643028, 246195195, 0, 0
644022, 279818248, 0, 0
645013, 250669225, 0, 0
646041, 249362652, 0, 0
647062, 264964635, 0, 0
648013, 256367769, 0, 0
649018, 237358089, 0, 0
650011, 218763681, 0, 0
651037, 252989461, 0, 0
652018, 270380410, 0, 0
653004, 269677322, 0, 0
654050, 220238341, 0, 0
655032, 237751059, 0, 0
656028, 275466447, 0, 0
657061, 282775978, 0, 0
658001, 257387784, 0, 0
659053, 257824630, 0, 0
660010, 256131524, 0, 0
661022, 254149148, 0, 0
662023, 291142883, 0, 0
663059, 259896036, 0, 0
664001, 243853503, 0, 0
665055, 273172690, 0, 0
666023, 261255631, 0, 0
667004, 282553736, 0, 0
668063, 243055588, 0, 0
669024, 260067695, 0, 0
670011, 243365766, 0, 0
671053, 268752248, 0, 0
672049, 267452957, 0, 0
673019, 250678625, 0, 0
674053, 250737139, 0, 0
675013, 274329043, 0, 0
676028, 239278762, 0, 0
677002, 251607314, 0, 0
678015, 234315382, 0, 0
679061, 213890971, 0, 0
680066, 271226951, 0, 0
681016, 260189221, 0, 0
682009, 243657021, 0, 0
683052, 226705472, 0, 0
684045, 293187815, 0, 0
685051, 254035494, 0, 0
686037, 279184399, 0, 0
687036, 244902125, 0, 0
688010, 287959920, 0, 0
689036, 273194091, 0, 0
690016, 222209737, 0, 0
691043, 249606191, 0, 0
692000, 268643547, 0, 0
693032, 260840577, 0, 0
694005, 269821755, 0, 0
695018, 284187193, 0, 0
696011, 266367618, 0, 0
697046, 268521315, 0, 0
698022, 254180115, 0, 0
699037, 244521406, 0, 0
700048, 264324267, 0, 0
701044, 282504005, 0, 0
702019, 290197021, 0, 0
703028, 240283087, 0, 0
704006, 270071060, 0, 0
705055, 251796458, 0, 0
706013, 282602451, 0, 0
707020, 243008466, 0, 0
708013, 272145325, 0, 0
709051, 273849063, 0, 0
710001, 299664094, 0, 0
711039, 260071068, 0, 0
712003, 262310643, 0, 0
713037, 258155420, 0, 0
714030, 261910928, 0, 0
715056, 287479716, 0, 0
716038, 290492882, 0, 0
717002, 300676376, 0, 0
718015, 263062849, 0, 0
719061, 247806932, 0, 0
720008, 287643459, 0, 0
721062, 273834781, 0, 0
722055, 263206660, 0, 0
723023, 284720195, 0, 0
724007, 225465248, 0, 0
725040, 257690796, 0, 0
726026, 256201885, 0, 0
727029, 261164972, 0, 0
728045, 258917203, 0, 0
729006, 268114606, 0, 0
730004, 271707769, 0, 0
731054, 235173642, 0, 0
732036, 258907360, 0, 0
733045, 260932255, 0, 0
734025, 240744241, 0, 0
735035, 247369062, 0, 0
736048, 305435278, 0, 0
737035, 258039468, 0, 0
738010, 256075823, 0, 0
739025, 294888118, 0, 0
740008, 264929071, 0, 0
741035, 269545182, 0, 0
742042, 278623429, 0, 0
743013, 245867436, 0, 0
744004, 262430868, 0, 0
745018, 268628561, 0, 0
746044, 256042682, 0, 0
747029, 249871482, 0, 0
748028, 263181406, 0, 0
749019, 265719488, 0, 0
750014, 282279119, 0, 0
751049, 277076850, 0, 0
752038, 252508067, 0, 0
753026, 286335819, 0, 0
754055, 245440259, 0, 0
755012, 269688567, 0, 0
756029, 233320940, 0, 0
757018, 253427143, 0, 0
758004, 262387397, 0, 0
759057, 277275305, 0, 0
760003, 273380089, 0, 0
761030, 246500943, 0, 0
762020, 259731216, 0, 0
763001, 247504148, 0, 0
764037, 258129723, 0, 0
765029, 264401477, 0, 0
766034, 283735056, 0, 0
767006, 272925150, 0, 0
768053, 282817379, 0, 0
769041, 253589164, 0, 0
770051, 250624002, 0, 0
771030, 233994013, 0, 0
772063, 259146205, 0, 0
773045, 268774982, 0, 0
774026, 261552289, 0, 0
775017, 256788239, 0, 0
776061, 250710704, 0, 0
777036, 246415172, 0, 0
778033, 254692485, 0, 0
779052, 240101635, 0, 0
780045, 217562646, 0, 0
781031, 239210883, 0, 0
782046, 273825893, 0, 0
783001, 237385732, 0, 0
784068, 253055234, 0, 0
785040, 273294416, 0, 0
786012, 279867870, 0, 0
787038, 289331417, 0, 0
788037, 271271498, 0, 0
789027, 251511900, 0, 0
790027, 254832486, 0, 0
791044, 264090135, 0, 0
792010, 241077431, 0, 0
793048, 252613814, 0, 0
794038, 263283247, 0, 0
795033, 244502558, 0, 0
796048, 273374203, 0, 0
797063, 267354944, 0, 0
798001, 279328478, 0, 0
799024, 278286029, 0, 0
800000, 253488029, 0, 0
801041, 229669954, 0, 0
802015, 221362129, 0, 0
803041, 260543354, 0, 0
804036, 232996939, 0, 0
805037, 236465960, 0, 0
806090, 253476159, 0, 0
807015, 295836388, 0, 0
808048, 262038233, 0, 0
809013, 272849615, 0, 0
810013, 257652145, 0, 0
811007, 275920113, 0, 0
812049, 264440904, 0, 0
813008, 267980818, 0, 0
814032, 244276990, 0, 0
815006, 233412978, 0, 0
816008, 249264441, 0, 0
817009, 276896536, 0, 0
818026, 259491872, 0, 0
819027, 213108399, 0, 0
820035, 265717778, 0, 0
821005, 279049496, 0, 0
822048, 236363067, 0, 0
823016, 261142583, 0, 0
824091, 261201470, 0, 0
825016, 277196890, 0, 0
826041, 255571080, 0, 0
827036, 278343940, 0, 0
828048, 257420147, 0, 0
829038, 235989339, 0, 0
830042, 254882270, 0, 0
831054, 273644893, 0, 0
832007, 266426293, 0, 0
833021, 299576666, 0, 0
834000, 252320043, 0, 0
835053, 239802738, 0, 0
836000, 251964971, 0, 0
837015, 266183808, 0, 0
838024, 269128128, 0, 0
839007, 293539591, 0, 0
840014, 242575110, 0, 0
841007, 261449082, 0, 0
842011, 276033174, 0, 0
843047, 248004429, 0, 0
844043, 256771710, 0, 0
845006, 248247511, 0, 0
846023, 259608843, 0, 0
847023, 241729607, 0, 0
848044, 262931996, 0, 0
849025, 228790708, 0, 0
850016, 244820571, 0, 0
851017, 265314849, 0, 0
852009, 276206547, 0, 0
853018, 245258270, 0, 0
854005, 259517968, 0, 0
855010, 248835326, 0, 0
856044, 279605269, 0, 0
857049, 239593779, 0, 0
858055, 243109586, 0, 0
859031, 271628478, 0, 0
860055, 250666334, 0, 0
861008, 299484871, 0, 0
862042, 265850712, 0, 0
863052, 317284784, 0, 0
864031, 254899583, 0, 0
865058, 256946570, 0, 0
866042, 250073276, 0, 0
867016, 263433977, 0, 0
868012, 269528337, 0, 0
869038, 262031768, 0, 0
870007, 251778535, 0, 0
871018, 312054581, 0, 0
872005, 285078267, 0, 0
873000, 276430500, 0, 0
874050, 321489015, 0, 0
875015, 250531581, 0, 0
876057, 243539680, 0, 0
877024, 279430664, 0, 0
878023, 263592097, 0, 0
879014, 256835964, 0, 0
880029, 298304465, 0, 0
881053, 266073830, 0, 0
882000, 252303802, 0, 0
883042, 261837617, 0, 0
884011, 265852018, 0, 0
885016, 237063758, 0, 0
886022, 216130729, 0, 0
887009, 242207463, 0, 0
888027, 271295984, 0, 0
889035, 295402924, 0, 0
890061, 243530242, 0, 0
891004, 259605831, 0, 0
892063, 282218946, 0, 0
893019, 265873533, 0, 0
894022, 274064036, 0, 0
895055, 252763820, 0, 0
896024, 260763950, 0, 0
897030, 262836270, 0, 0
898038, 294397982, 0, 0
899054, 254622676, 0, 0
900040, 238362463, 0, 0
901055, 297695628, 0, 0
902017, 289739616, 0, 0
903045, 303293472, 0, 0
904022, 262302131, 0, 0
905025, 314273496, 0, 0
906034, 263708627, 0, 0
907058, 244100119, 0, 0
908030, 235025544, 0, 0
909027, 255928448, 0, 0
910042, 280516860, 0, 0
911053, 279676204, 0, 0
912031, 259686705, 0, 0
913024, 276010858, 0, 0
914027, 291093717, 0, 0
915031, 285136033, 0, 0
916053, 285267310, 0, 0
917001, 285505261, 0, 0
918039, 272358098, 0, 0
919000, 266633455, 0, 0
920061, 280966191, 0, 0
921045, 275895873, 0, 0
922062, 281302598, 0, 0
923036, 283376721, 0, 0
924036, 303256934, 0, 0
925024, 253787312, 0, 0
926044, 310527531, 0, 0
927012, 242338974, 0, 0
928016, 252607827, 0, 0
929005, 228442679, 0, 0
930044, 297165856, 0, 0
931031, 275932254, 0, 0
932016, 292744327, 0, 0
933005, 250299457, 0, 0
934002, 282237284, 0, 0
935023, 284508713, 0, 0
936009, 304735675, 0, 0
937053, 260468037, 0, 0
938000, 269709481, 0, 0
939019, 250261687, 0, 0
940050, 279029866, 0, 0
941019, 300053821, 0, 0
942062, 285709473, 0, 0
943059, 272708293, 0, 0
944023, 233638520, 0, 0
945026, 229214679, 0, 0
946002, 284890166, 0, 0
947018, 271780726, 0, 0
948007, 284536867, 0, 0
949053, 268705969, 0, 0
950030, 253252203, 0, 0
951015, 229837014, 0, 0
952032, 241540149, 0, 0
953055, 268860378, 0, 0
954045, 227509805, 0, 0
955001, 256770692, 0, 0
956009, 250950119, 0, 0
957055, 254524281, 0, 0
958004, 279129871, 0, 0
959049, 276886712, 0, 0
960010, 229839704, 0, 0
961024, 250601491, 0, 0
962033, 277773089, 0, 0
963024, 258631126, 0, 0
964046, 257136345, 0, 0
965029, 216406814, 0, 0
966054, 239450893, 0, 0
967058, 256942631, 0, 0
968038, 237938151, 0, 0
969005, 259535614, 0, 0
970028, 249605023, 0, 0
971044, 289025653, 0, 0
972019, 246464775, 0, 0
973000, 314955264, 0, 0
974040, 311546319, 0, 0
975041, 340452169, 0, 0
976016, 263930247, 0, 0
977021, 274553543, 0, 0
978019, 283331651, 0, 0
979025, 283757794, 0, 0
980007, 265374652, 0, 0
981029, 256081942, 0, 0
982000, 296900901, 0, 0
983035, 299744630, 0, 0
984058, 271605935, 0, 0
985052, 304826324, 0, 0
986049, 260065170, 0, 0
987051, 282566022, 0, 0
988039, 258058708, 0, 0
989013, 292033208, 0, 0
990031, 246545641, 0, 0
991006, 285772823, 0, 0
992045, 263829221, 0, 0
993016, 236608890, 0, 0
994055, 292864623, 0, 0
995026, 265529022, 0, 0
996007, 225791818, 0, 0
997051, 271700917, 0, 0
998064, 300190014, 0, 0
999049, 276189269, 0, 0
1000049, 300198686, 0, 0
1001053, 300736831, 0, 0
1002000, 293120610, 0, 0
1003051, 262229892, 0, 0
1004059, 267306528, 0, 0
1005049, 313247129, 0, 0
1006027, 280414854, 0, 0
1007066, 272441990, 0, 0
1008010, 284013434, 0, 0
1009060, 271278818, 0, 0
1010014, 299977762, 0, 0
1011064, 298678983, 0, 0
1012007, 276445152, 0, 0
1013055, 265614967, 0, 0
1014025, 258126716, 0, 0
1015009, 287782531, 0, 0
1016009, 282690253, 0, 0
1017047, 239177407, 0, 0
1018040, 290583903, 0, 0
1019021, 282023120, 0, 0
1020015, 262946719, 0, 0
1021042, 276459848, 0, 0
1022039, 267897144, 0, 0
1023012, 272060185, 0, 0
1024043, 290881576, 0, 0
1025019, 308282562, 0, 0
1026036, 279439552, 0, 0
1027017, 279900122, 0, 0
1028069, 281955010, 0, 0
1029004, 286407645, 0, 0
1030021, 274064357, 0, 0
1031043, 263155466, 0, 0
1032041, 274906260, 0, 0
1033022, 283539937, 0, 0
1034033, 293091282, 0, 0
1035048, 297849046, 0, 0
1036029, 275979374, 0, 0
1037013, 254458344, 0, 0
1038022, 283986696, 0, 0
1039007, 268308563, 0, 0
1040060, 265688072, 0, 0
1041005, 298330102, 0, 0
1042046, 291605448, 0, 0
1043063, 258882471, 0, 0
1044025, 272773361, 0, 0
1045036, 250925414, 0, 0
1046057, 269931183, 0, 0
1047031, 265088521, 0, 0
1048045, 266430394, 0, 0
1049062, 275862455, 0, 0
1050056, 272841985, 0, 0
1051007, 295361828, 0, 0
1052024, 276253709, 0, 0
1053031, 277323698, 0, 0
1054060, 251011602, 0, 0
1055020, 292338602, 0, 0
1056023, 278164313, 0, 0
1057043, 274741613, 0, 0
1058033, 262889373, 0, 0
1059040, 296759679, 0, 0
1060054, 280024182, 0, 0
1061049, 288452990, 0, 0
1062050, 287905875, 0, 0
1063050, 290837244, 0, 0
1064056, 301525368, 0, 0
1065034, 313199262, 0, 0
1066007, 287720438, 0, 0
1067004, 309680552, 0, 0
1068045, 306713184, 0, 0
1069006, 358977231, 0, 0
1070034, 294412795, 0, 0
1071023, 294578025, 0, 0
1072052, 290767549, 0, 0
1073049, 297860190, 0, 0
1074021, 303711735, 0, 0
1075049, 254262062, 0, 0
1076014, 256717049, 0, 0
1077059, 266123445, 0, 0
1078027, 306480642, 0, 0
1079028, 276938860, 0, 0
1080042, 291967732, 0, 0
1081030, 316828923, 0, 0
1082018, 278505799, 0, 0
1083030, 281309326, 0, 0
1084028, 296629644, 0, 0
1085002, 276074806, 0, 0
1086000, 230145371, 0, 0
1087035, 226566309, 0, 0
1088004, 221570232, 0, 0
1089009, 242115060, 0, 0
1090030, 270312618, 0, 0
1091041, 262855464, 0, 0
1092045, 270928525, 0, 0
1093041, 283622486, 0, 0
1094010, 269757129, 0, 0
1095024, 309086143, 0, 0
1096022, 256060654, 0, 0
1097051, 281897651, 0, 0
1098046, 270679993, 0, 0
1099010, 273194427, 0, 0
1100054, 285361889, 0, 0
1101065, 261507957, 0, 0
1102052, 293436441, 0, 0
1103006, 280803894, 0, 0
1104009, 291199375, 0, 0
1105004, 245085809, 0, 0
1106033, 256857266, 0, 0
1107022, 289293367, 0, 0
1108011, 269482261, 0, 0
1109017, 278940581, 0, 0
1110026, 267860725, 0, 0
1111025, 267059253, 0, 0
1112006, 271302117, 0, 0
1113000, 290911123, 0, 0
1114011, 262916647, 0, 0
1115040, 270150913, 0, 0
1116002, 271123901, 0, 0
1117036, 240348728, 0, 0
1118032, 282220712, 0, 0
1119012, 303146755, 0, 0
1120035, 293894652, 0, 0
1121031, 296659663, 0, 0
1122000, 272329613, 0, 0
1123015, 272823262, 0, 0
1124037, 294331179, 0, 0
1125040, 243120901, 0, 0
1126016, 283313741, 0, 0
1127007, 335618745, 0, 0
1128007, 273974680, 0, 0
1129059, 250245522, 0, 0
1130054, 287077709, 0, 0
1131037, 243766060, 0, 0
1132002, 262487675, 0, 0
1133044, 278944521, 0, 0
1134028, 250574535, 0, 0
1135030, 284325302, 0, 0
1136054, 294931272, 0, 0
1137032, 281579122, 0, 0
1138048, 248657534, 0, 0
1139000, 264229906, 0, 0
1140005, 272180384, 0, 0
1141058, 257156332, 0, 0
1142009, 278836819, 0, 0
1143001, 289308045, 0, 0
1144057, 293044579, 0, 0
1145027, 259726757, 0, 0
1146041, 264215281, 0, 0
1147019, 271317779, 0, 0
1148013, 293540114, 0, 0
1149001, 260855685, 0, 0
1150037, 287282797, 0, 0
1151034, 298209194, 0, 0
1152045, 282350267, 0, 0
1153058, 256451541, 0, 0
1154006, 289023754, 0, 0
1155001, 339803401, 0, 0
1156009, 255752833, 0, 0
1157002, 278376010, 0, 0
1158020, 293899998, 0, 0
1159052, 272450358, 0, 0
1160006, 296698181, 0, 0
1161058, 271399594, 0, 0
1162018, 293901235, 0, 0
1163030, 302370695, 0, 0
1164057, 280126743, 0, 0
1165011, 284251496, 0, 0
1166055, 286415296, 0, 0
1167049, 263868661, 0, 0
1168017, 275913366, 0, 0
1169023, 295665193, 0, 0
1170044, 323096056, 0, 0
1171023, 278672387, 0, 0
1172008, 300043205, 0, 0
1173018, 293501828, 0, 0
1174056, 269272717, 0, 0
1175037, 300441220, 0, 0
1176040, 289098936, 0, 0
1177032, 273416996, 0, 0
1178009, 289650978, 0, 0
1179014, 302636009, 0, 0
1180001, 278292132, 0, 0
1181023, 299840810, 0, 0
1182007, 306049154, 0, 0
1183050, 311806474, 0, 0
1184044, 300878876, 0, 0
1185007, 279885742, 0, 0
1186055, 290674455, 0, 0
1187021, 307602502, 0, 0
1188058, 266686730, 0, 0
1189036, 328894249, 0, 0
1190016, 299772884, 0, 0
1191055, 297297931, 0, 0
1192049, 256936112, 0, 0
1193023, 282166973, 0, 0
1194005, 298206555, 0, 0
1195007, 274038381, 0, 0
1196019, 303653686, 0, 0
1197040, 305083011, 0, 0
1198021, 292076993, 0, 0
1199059, 295101670, 0, 0
1200001, 281467113, 0, 0
1201016, 298858848, 0, 0
1202000, 278611488, 0, 0
1203003, 297769587, 0, 0
1204001, 324659081, 0, 0
1205065, 288827250, 0, 0
1206053, 308153591, 0, 0
1207001, 320283826, 0, 0
1208028, 283552759, 0, 0
1209034, 265765515, 0, 0
1210041, 320815073, 0, 0
1211001, 284595736, 0, 0
1212051, 287568904, 0, 0
1213000, 283831417, 0, 0
1214035, 292016490, 0, 0
1215014, 263958452, 0, 0
1216061, 286434193, 0, 0
1217058, 315962688, 0, 0
1218033, 270792260, 0, 0
1219010, 301792887, 0, 0
1220035, 291227204, 0, 0
1221009, 297321537, 0, 0
1222008, 314772134, 0, 0
1223048, 287289471, 0, 0
1224014, 295757584, 0, 0
1225051, 304517139, 0, 0
1226042, 302013738, 0, 0
1227031, 303213395, 0, 0
1228010, 310914461, 0, 0
1229006, 287500524, 0, 0
1230055, 287995357, 0, 0
1231018, 330492733, 0, 0
1232040, 332672513, 0, 0
1233030, 299049853, 0, 0
1234056, 289801627, 0, 0
1235034, 274914272, 0, 0
1236024, 319745350, 0, 0
1237043, 318965418, 0, 0
1238056, 297524538, 0, 0
1239028, 287435797, 0, 0
1240021, 345781821, 0, 0
1241036, 331927574, 0, 0
1242032, 326764644, 0, 0
1243024, 305662650, 0, 0
1244029, 296090375, 0, 0
1245029, 319616826, 0, 0
1246022, 314361743, 0, 0
1247034, 311086158, 0, 0
1248013, 303300132, 0, 0
1249001, 289243923, 0, 0
1250004, 285616714, 0, 0
1251047, 336772255, 0, 0
1252036, 308396846, 0, 0
1253015, 319855628, 0, 0
1254024, 302148388, 0, 0
1255010, 291823934, 0, 0
1256029, 323609683, 0, 0
1257049, 303964548, 0, 0
1258024, 291760412, 0, 0
1259040, 298690535, 0, 0
1260037, 323440875, 0, 0
1261011, 303247488, 0, 0
1262052, 329160021, 0, 0
1263027, 310935845, 0, 0
1264035, 318935126, 0, 0
1265048, 322114521, 0, 0
1266027, 316134990, 0, 0
1267014, 301221535, 0, 0
1268041, 265891227, 0, 0
1269020, 302542149, 0, 0
1270040, 282954911, 0, 0
1271032, 314738961, 0, 0
1272037, 322710711, 0, 0
1273009, 331649328, 0, 0
1274053, 358100420, 0, 0
1275051, 322204561, 0, 0
1276034, 276278529, 0, 0
1277042, 292258689, 0, 0
1278038, 319173427, 0, 0
1279032, 310441505, 0, 0
1280026, 290930252, 0, 0
1281006, 328489163, 0, 0
1282059, 295696312, 0, 0
1283020, 339704231, 0, 0
1284023, 321116328, 0, 0
1285001, 330605063, 0, 0
1286040, 305373449, 0, 0
1287041, 313106594, 0, 0
1288017, 354909565, 0, 0
1289057, 287172548, 0, 0
1290051, 325961539, 0, 0
1291024, 328627284, 0, 0
1292027, 304788114, 0, 0
1293050, 309596727, 0, 0
1294052, 320932581, 0, 0
1295002, 333382359, 0, 0
1296051, 308851293, 0, 0
1297030, 287109488, 0, 0
1298002, 290377560, 0, 0
1299028, 324187638, 0, 0
1300031, 326793735, 0, 0
1301033, 323219686, 0, 0
1302041, 315333924, 0, 0
1303048, 313504695, 0, 0
1304039, 331007763, 0, 0
1305034, 301645373, 0, 0
1306025, 290838641, 0, 0
1307053, 302506089, 0, 0
1308045, 304563016, 0, 0
1309001, 309603985, 0, 0
1310059, 316087816, 0, 0
1311032, 335063859, 0, 0
1312057, 337100432, 0, 0
1313029, 341280350, 0, 0
1314039, 293273514, 0, 0
1315000, 325746142, 0, 0
1316037, 305361442, 0, 0
1317031, 292312106, 0, 0
1318002, 311744420, 0, 0
1319031, 336736232, 0, 0
1320028, 335069549, 0, 0
1321041, 316384333, 0, 0
1322055, 340996447, 0, 0
1323007, 329118328, 0, 0
1324056, 313458361, 0, 0
1325024, 314346899, 0, 0
1326021, 355130236, 0, 0
1327027, 317073993, 0, 0
1328022, 331243855, 0, 0
1329015, 340955549, 0, 0
1330028, 318368299, 0, 0
1331009, 340018119, 0, 0
1332002, 341549665, 0, 0
1333016, 327429186, 0, 0
1334015, 318460382, 0, 0
1335014, 325027993, 0, 0
1336017, 311814722, 0, 0
1337012, 319678722, 0, 0
1338056, 317513191, 0, 0
1339016, 334739208, 0, 0
1340040, 322309466, 0, 0
1341001, 358884064, 0, 0
1342026, 326764873, 0, 0
1343014, 317502649, 0, 0
1344033, 379217331, 0, 0
1345053, 301957011, 0, 0
1346038, 320336999, 0, 0
1347032, 309932773, 0, 0
1348027, 343723783, 0, 0
1349036, 292963876, 0, 0
1350024, 319983056, 0, 0
1351041, 320976574, 0, 0
1352066, 353945572, 0, 0
1353002, 307027505, 0, 0
1354045, 327061855, 0, 0
1355054, 333727654, 0, 0
1356059, 349029159, 0, 0
1357045, 326329755, 0, 0
1358011, 317923562, 0, 0
1359039, 320405212, 0, 0
1360045, 335891509, 0, 0
1361027, 339060748, 0, 0
1362051, 324836692, 0, 0
1363000, 351612593, 0, 0
1364034, 353492205, 0, 0
1365020, 345501519, 0, 0
1366013, 342084567, 0, 0
1367048, 331143392, 0, 0
1368046, 336024595, 0, 0
1369032, 360982047, 0, 0
1370001, 299676243, 0, 0
1371026, 324900398, 0, 0
1372021, 345019976, 0, 0
1373037, 355481847, 0, 0
1374012, 338898115, 0, 0
1375024, 349421745, 0, 0
1376021, 368542031, 0, 0
1377036, 345805980, 0, 0
1378001, 378745586, 0, 0
1379043, 303054430, 0, 0
1380008, 313530388, 0, 0
1381014, 298398211, 0, 0
1382011, 318555550, 0, 0
1383019, 345544691, 0, 0
1384056, 337386275, 0, 0
1385055, 352257848, 0, 0
1386016, 357816388, 0, 0
1387060, 371613081, 0, 0
1388049, 328493819, 0, 0
1389064, 362585370, 0, 0
1390051, 364509274, 0, 0
1391003, 334893466, 0, 0
1392041, 329671718, 0, 0
1393001, 374924761, 0, 0
1394041, 331912877, 0, 0
1395036, 367892072, 0, 0
1396032, 330719227, 0, 0
1397028, 362363424, 0, 0
1398023, 364307801, 0, 0
1399007, 327924587, 0, 0
1400042, 336198480, 0, 0
1401027, 360585862, 0, 0
1402044, 344574245, 0, 0
1403054, 328445325, 0, 0
1404033, 338037822, 0, 0
1405030, 338125502, 0, 0
1406059, 336908602, 0, 0
1407040, 372165421, 0, 0
1408013, 360441877, 0, 0
1409018, 354196686, 0, 0
1410015, 353824080, 0, 0
1411001, 348489443, 0, 0
1412047, 353826820, 0, 0
1413049, 333524332, 0, 0
1414059, 360094508, 0, 0
1415062, 356002798, 0, 0
1416036, 345924575, 0, 0
1417041, 317399670, 0, 0
1418047, 343348218, 0, 0
1419047, 363902137, 0, 0
1420036, 332431266, 0, 0
1421013, 348849187, 0, 0
1422012, 361859858, 0, 0
1423050, 340929934, 0, 0
1424012, 354640633, 0, 0
1425033, 356769581, 0, 0
1426005, 346211674, 0, 0
1427021, 321382099, 0, 0
1428033, 375600164, 0, 0
1429054, 349314505, 0, 0
1430004, 340390892, 0, 0
1431026, 363694694, 0, 0
1432044, 337920608, 0, 0
1433012, 362506286, 0, 0
1434003, 370022238, 0, 0
1435052, 335997003, 0, 0
1436055, 361243420, 0, 0
1437057, 358148110, 0, 0
1438053, 376062103, 0, 0
1439006, 399857547, 0, 0
1440023, 354196741, 0, 0
1441022, 367952549, 0, 0
1442039, 339769239, 0, 0
1443019, 334868441, 0, 0
1444009, 335924376, 0, 0
1445037, 363448039, 0, 0
1446058, 369178925, 0, 0
1447031, 378756107, 0, 0
1448047, 368864390, 0, 0
1449034, 370149924, 0, 0
1450000, 356060004, 0, 0
1451030, 356550270, 0, 0
1452004, 345396240, 0, 0
1453023, 334286892, 0, 0
1454028, 347427307, 0, 0
1455042, 392900517, 0, 0
1456059, 359374863, 0, 0
1457069, 359915937, 0, 0
1458043, 344747232, 0, 0
1459020, 373784524, 0, 0
1460000, 365366094, 0, 0
1461018, 343000896, 0, 0
1462042, 378134990, 0, 0
1463041, 358785114, 0, 0
1464022, 354451902, 0, 0
1465046, 338491987, 0, 0
1466042, 382391254, 0, 0
1467035, 365675872, 0, 0
1468049, 341991432, 0, 0
1469037, 358835102, 0, 0
1470055, 373853276, 0, 0
1471052, 371577251, 0, 0
1472018, 377374738, 0, 0
1473013, 380629790, 0, 0
1474054, 365266994, 0, 0
1475025, 367693861, 0, 0
1476052, 353371401, 0, 0
1477035, 348062695, 0, 0
1478027, 390689767, 0, 0
1479054, 343434640, 0, 0
1480015, 366331565, 0, 0
1481001, 356134960, 0, 0
1482039, 331211402, 0, 0
1483044, 399640271, 0, 0
1484040, 389858383, 0, 0
1485049, 382307472, 0, 0
1486061, 407770079, 0, 0
1487007, 396311955, 0, 0
1488058, 363289334, 0, 0
1489060, 383906183, 0, 0
1490004, 353088321, 0, 0
1491012, 397719164, 0, 0
1492029, 422899570, 0, 0
1493006, 368886563, 0, 0
1494016, 357152311, 0, 0
1495045, 365477890, 0, 0
1496005, 390811143, 0, 0
1497046, 354831704, 0, 0
1498051, 403337397, 0, 0
1499038, 382461524, 0, 0
1500050, 387566341, 0, 0
1501058, 361521175, 0, 0
1502025, 385766296, 0, 0
1503030, 385598471, 0, 0
1504015, 367277959, 0, 0
1505048, 345791656, 0, 0
1506025, 418894069, 0, 0
1507033, 388908201, 0, 0
1508031, 386339529, 0, 0
1509050, 368261196, 0, 0
1510045, 376615610, 0, 0
1511024, 386812938, 0, 0
1512029, 398732453, 0, 0
1513003, 371326575, 0, 0
1514030, 397651830, 0, 0
1515030, 361900547, 0, 0
1516020, 401869196, 0, 0
1517045, 353286767, 0, 0
1518057, 346316617, 0, 0
1519024, 382869455, 0, 0
1520038, 397501948, 0, 0
1521021, 395427315, 0, 0
1522010, 370423068, 0, 0
1523002, 394790729, 0, 0
1524033, 367953113, 0, 0
1525017, 390096192, 0, 0
1526051, 393805254, 0, 0
1527039, 389642813, 0, 0
1528056, 380135712, 0, 0
1529056, 392165244, 0, 0
1530026, 397636699, 0, 0
1531022, 389026894, 0, 0
1532009, 409137198, 0, 0
1533029, 384098086, 0, 0
1534043, 397572754, 0, 0
1535056, 410226385, 0, 0
1536063, 386789024, 0, 0
1537015, 396833533, 0, 0
1538032, 398288868, 0, 0
1539014, 376789106, 0, 0
1540049, 378567990, 0, 0
1541007, 409628357, 0, 0
1542042, 421165567, 0, 0
1543023, 382000112, 0, 0
1544025, 420735832, 0, 0
1545027, 410350973, 0, 0
1546032, 440049408, 0, 0
1547026, 401565059, 0, 0
1548009, 390062303, 0, 0
1549022, 407598791, 0, 0
1550030, 405812668, 0, 0
1551027, 407630369, 0, 0
1552029, 397043154, 0, 0
1553026, 404354004, 0, 0
1554027, 386375514, 0, 0
1555009, 387994322, 0, 0
1556019, 374938495, 0, 0
1557025, 410304519, 0, 0
1558040, 370643154, 0, 0
1559054, 397752028, 0, 0
1560019, 383365426, 0, 0
1561032, 408695015, 0, 0
1562006, 421578515, 0, 0
1563047, 424181936, 0, 0
1564046, 385521851, 0, 0
1565017, 404606821, 0, 0
1566024, 368841134, 0, 0
1567044, 387491285, 0, 0
1568052, 402768842, 0, 0
1569003, 403981086, 0, 0
1570005, 403313228, 0, 0
1571060, 382952099, 0, 0
1572020, 373955781, 0, 0
1573023, 420038583, 0, 0
1574015, 416676430, 0, 0
1575045, 424674872, 0, 0
1576047, 410693907, 0, 0
1577006, 388886240, 0, 0
1578008, 411799135, 0, 0
1579043, 407152603, 0, 0
1580013, 396991519, 0, 0
1581044, 398960920, 0, 0
1582002, 414261430, 0, 0
1583036, 406425862, 0, 0
1584033, 453982767, 0, 0
1585031, 413296704, 0, 0
1586060, 413151813, 0, 0
1587035, 437176073, 0, 0
1588009, 390747112, 0, 0
1589028, 390451283, 0, 0
1590021, 409507486, 0, 0
1591007, 418485143, 0, 0
1592027, 391358106, 0, 0
1593017, 406904483, 0, 0
1594050, 396761615, 0, 0
1595041, 411473250, 0, 0
1596017, 377097490, 0, 0
1597049, 441708847, 0, 0
1598056, 434387895, 0, 0
1599066, 399564205, 0, 0
1600033, 410075423, 0, 0
1601031, 423552179, 0, 0
1602024, 395715194, 0, 0
1603042, 394214088, 0, 0
1604048, 408800622, 0, 0
1605063, 429607239, 0, 0
1606042, 439195088, 0, 0
1607010, 399830719, 0, 0
1608042, 434582871, 0, 0
1609044, 434857764, 0, 0
1610051, 407912498, 0, 0
1611010, 405236407, 0, 0
1612016, 390138882, 0, 0
1613003, 442684858, 0, 0
1614045, 413977731, 0, 0
1615026, 412528374, 0, 0
1616053, 427770153, 0, 0
1617006, 413935129, 0, 0
1618047, 427800499, 0, 0
1619027, 393005655, 0, 0
1620005, 422266010, 0, 0
1621020, 392058960, 0, 0
1622047, 444321542, 0, 0
1623044, 408337163, 0, 0
1624017, 424488275, 0, 0
1625011, 426744530, 0, 0
1626014, 402687718, 0, 0
1627049, 459018937, 0, 0
1628049, 423583331, 0, 0
1629013, 420414893, 0, 0
1630050, 446441270, 0, 0
1631014, 425616006, 0, 0
1632037, 387623275, 0, 0
1633026, 421500620, 0, 0
1634058, 412351587, 0, 0
1635004, 447501436, 0, 0
1636023, 432535088, 0, 0
1637041, 381319566, 0, 0
1638012, 390132735, 0, 0
1639007, 415332868, 0, 0
1640056, 429769800, 0, 0
1641034, 409134256, 0, 0
1642037, 422145874, 0, 0
1643001, 405374404, 0, 0
1644053, 398681162, 0, 0
1645060, 423155127, 0, 0
1646000, 422265919, 0, 0
1647040, 417945593, 0, 0
1648033, 423425759, 0, 0
1649003, 436839238, 0, 0
1650050, 415426466, 0, 0
1651059, 442186733, 0, 0
1652010, 428891037, 0, 0
1653006, 426295908, 0, 0
1654024, 402471906, 0, 0
1655011, 421873304, 0, 0
1656042, 397237134, 0, 0
1657028, 411775205, 0, 0
1658011, 410787216, 0, 0
1659054, 437813251, 0, 0
1660053, 415534273, 0, 0
1661005, 413555885, 0, 0
1662039, 422457799, 0, 0
1663026, 416399666, 0, 0
1664034, 396337495, 0, 0
1665042, 420413198, 0, 0
1666026, 451323303, 0, 0
1667030, 436452896, 0, 0
1668035, 428683684, 0, 0
1669019, 430122551, 0, 0
1670051, 436771857, 0, 0
1671034, 411068043, 0, 0
1672016, 410966318, 0, 0
1673006, 414736900, 0, 0
1674017, 431880571, 0, 0
1675033, 418036840, 0, 0
1676039, 440643954, 0, 0
1677015, 428436839, 0, 0
1678057, 448668309, 0, 0
1679016, 429904415, 0, 0
1680049, 399524625, 0, 0
1681008, 394469304, 0, 0
1682023, 394613913, 0, 0
1683033, 422787096, 0, 0
1684009, 427967534, 0, 0
1685026, 432231474, 0, 0
1686004, 431645696, 0, 0
1687040, 440110053, 0, 0
1688051, 438554344, 0, 0
1689044, 441776341, 0, 0
1690008, 412972373, 0, 0
1691002, 430455344, 0, 0
1692009, 423708803, 0, 0
1693029, 450909175, 0, 0
1694027, 451221236, 0, 0
1695035, 429645700, 0, 0
1696026, 445535711, 0, 0
1697048, 444651033, 0, 0
1698006, 433617035, 0, 0
1699012, 426149409, 0, 0
1700009, 429681660, 0, 0
1701020, 467527309, 0, 0
1702012, 445709608, 0, 0
1703041, 417616809, 0, 0
1704049, 447295221, 0, 0
1705014, 443419455, 0, 0
1706054, 424363590, 0, 0
1707038, 441712044, 0, 0
1708027, 435089077, 0, 0
1709021, 435133455, 0, 0
1710006, 428591730, 0, 0
1711005, 407025737, 0, 0
1712042, 429231444, 0, 0
1713013, 476654028, 0, 0
1714000, 438475162, 0, 0
1715003, 419855384, 0, 0
1716071, 434976606, 0, 0
1717037, 469106311, 0, 0
1718041, 452105237, 0, 0
1719007, 455872521, 0, 0
1720037, 451101593, 0, 0
1721034, 429127935, 0, 0
1722031, 429433616, 0, 0
1723001, 460192465, 0, 0
1724013, 454035970, 0, 0
1725000, 426237190, 0, 0
1726003, 426796040, 0, 0
1727058, 424392140, 0, 0
1728010, 540942546, 0, 0
1729008, 444776101, 0, 0
1730020, 431758329, 0, 0
1731021, 444385908, 0, 0
1732036, 417306464, 0, 0
1733022, 460194947, 0, 0
1734033, 417253656, 0, 0
1735026, 411331028, 0, 0
1736015, 436036999, 0, 0
1737031, 440669354, 0, 0
1738018, 452058812, 0, 0
1739027, 436713331, 0, 0
1740023, 404398379, 0, 0
1741053, 432456044, 0, 0
1742016, 425231309, 0, 0
1743056, 433402655, 0, 0
1744021, 456704427, 0, 0
1745055, 411037333, 0, 0
1746026, 441621359, 0, 0
1747024, 419810993, 0, 0
1748049, 427923278, 0, 0
1749030, 429521853, 0, 0
1750037, 443132376, 0, 0
1751033, 446791541, 0, 0
1752007, 433468055, 0, 0
1753041, 445886570, 0, 0
1754058, 428566256, 0, 0
1755033, 444958958, 0, 0
1756033, 478434281, 0, 0
1757024, 417357079, 0, 0
1758033, 451433585, 0, 0
1759046, 450990987, 0, 0
1760050, 446542372, 0, 0
1761045, 443673981, 0, 0
1762053, 431227719, 0, 0
1763035, 464551095, 0, 0
1764011, 448690322, 0, 0
1765009, 465669136, 0, 0
1766046, 443849600, 0, 0
1767037, 448330964, 0, 0
1768048, 453171580, 0, 0
1769051, 441172748, 0, 0
1770045, 450366414, 0, 0
1771038, 426508660, 0, 0
1772038, 436623126, 0, 0
1773051, 445039931, 0, 0
1774012, 438520355, 0, 0
1775038, 423947855, 0, 0
1776057, 432548409, 0, 0
1777043, 447818864, 0, 0
1778029, 426941291, 0, 0
1779038, 422615453, 0, 0
1780021, 453818866, 0, 0
1781052, 468682448, 0, 0
1782043, 485830356, 0, 0
1783034, 457588598, 0, 0
1784044, 473364359, 0, 0
1785013, 426594483, 0, 0
1786018, 429000779, 0, 0
1787057, 432515739, 0, 0
1788015, 443635979, 0, 0
1789022, 477137999, 0, 0
1790002, 466095725, 0, 0
1791036, 437791851, 0, 0
1792057, 412803469, 0, 0
1793003, 439268782, 0, 0
1794036, 447052563, 0, 0
1795001, 458087288, 0, 0
1796008, 471615657, 0, 0
1797047, 463012433, 0, 0
1798059, 432557925, 0, 0
1799051, 449084016, 0, 0
1800009, 428672279, 0, 0
1801027, 449109707, 0, 0
1802000, 440043392, 0, 0
1803066, 455114598, 0, 0
1804033, 474439637, 0, 0
1805053, 474241974, 0, 0
1806075, 458413228, 0, 0
1807025, 463734763, 0, 0
1808013, 453506307, 0, 0
1809033, 433667774, 0, 0
1810017, 440620840, 0, 0
1811039, 452389858, 0, 0
1812042, 450253454, 0, 0
1813033, 444667650, 0, 0
1814064, 438959573, 0, 0
1815008, 449642923, 0, 0
1816033, 428809229, 0, 0
1817008, 460397609, 0, 0
1818057, 439605948, 0, 0
1819032, 436413196, 0, 0
1820050, 414461989, 0, 0
1821051, 430113169, 0, 0
1822046, 442782610, 0, 0
1823026, 428279269, 0, 0
1824016, 435398776, 0, 0
1825003, 442982726, 0, 0
1826020, 448644489, 0, 0
1827050, 412377037, 0, 0
1828026, 445853589, 0, 0
1829010, 442676535, 0, 0
1830054, 478006994, 0, 0
1831055, 446641313, 0, 0
1832034, 429790342, 0, 0
1833031, 452399428, 0, 0
1834017, 456257225, 0, 0
1835035, 441989047, 0, 0
1836041, 436793227, 0, 0
1837058, 455731023, 0, 0
1838036, 448439264, 0, 0
1839033, 436984369, 0, 0
1840046, 468784782, 0, 0
1841007, 473641314, 0, 0
1842006, 465194194, 0, 0
1843058, 431027573, 0, 0
1844037, 452381798, 0, 0
1845041, 441740242, 0, 0
1846045, 430131861, 0, 0
1847046, 442726793, 0, 0
1848050, 446851391, 0, 0
1849028, 439546142, 0, 0
1850024, 452755698, 0, 0
1851002, 426252943, 0, 0
1852055, 445555150, 0, 0
1853019, 431539895, 0, 0
1854057, 429250746, 0, 0
1855030, 461077960, 0, 0
1856010, 432061345, 0, 0
1857046, 442774783, 0, 0
1858013, 417182900, 0, 0
1859032, 422948672, 0, 0
1860001, 429323313, 0, 0
1861048, 440908371, 0, 0
1862034, 423239839, 0, 0
1863001, 422451010, 0, 0
1864051, 418329382, 0, 0
1865030, 421775232, 0, 0
1866031, 452496946, 0, 0
1867041, 427222882, 0, 0
1868003, 408144925, 0, 0
1869066, 408315372, 0, 0
1870030, 471857360, 0, 0
1871018, 466279355, 0, 0
1872023, 417817326, 0, 0
1873042, 450264333, 0, 0
1874023, 448057811, 0, 0
1875057, 426687502, 0, 0
1876048, 439102155, 0, 0
1877057, 449308753, 0, 0
1878034, 432489542, 0, 0
1879029, 444122884, 0, 0
1880032, 426994279, 0, 0
1881007, 420144668, 0, 0
1882033, 426384347, 0, 0
1883029, 425158253, 0, 0
1884032, 450035056, 0, 0
1885052, 427842660, 0, 0
1886046, 447169499, 0, 0
1887012, 440304406, 0, 0
1888036, 465502973, 0, 0
1889054, 481986264, 0, 0
1890060, 450262494, 0, 0
1891047, 434124144, 0, 0
1892018, 420550152, 0, 0
1893024, 443724394, 0, 0
1894048, 469178889, 0, 0
1895021, 450132329, 0, 0
1896058, 423587390, 0, 0
1897059, 465155155, 0, 0
1898014, 453237050, 0, 0
1899028, 453348366, 0, 0
1900020, 431079613, 0, 0
1901014, 434384669, 0, 0
1902057, 410373817, 0, 0
1903020, 412254874, 0, 0
1904014, 441848561, 0, 0
1905041, 435632203, 0, 0
1906007, 449178549, 0, 0
1907009, 436589107, 0, 0
1908048, 434935745, 0, 0
1909021, 465175750, 0, 0
1910009, 420664959, 0, 0
1911038, 438831080, 0, 0
1912027, 450718327, 0, 0
1913033, 441435889, 0, 0
1914013, 417484964, 0, 0
1915016, 435660672, 0, 0
1916051, 414933676, 0, 0
1917011, 436449301, 0, 0
1918004, 442999288, 0, 0
1919052, 448504522, 0, 0
1920005, 435357022, 0, 0
1921011, 390644834, 0, 0
1922023, 457625887, 0, 0
1923005, 420604106, 0, 0
1924000, 449271701, 0, 0
1925050, 437886744, 0, 0
1926021, 439102784, 0, 0
1927048, 439766692, 0, 0
1928039, 434975088, 0, 0
1929020, 415738274, 0, 0
1930007, 445772955, 0, 0
1931051, 444796024, 0, 0
1932008, 444034061, 0, 0
1933023, 427831460, 0, 0
1934022, 455698347, 0, 0
1935002, 439521166, 0, 0
1936054, 420029599, 0, 0
1937058, 431779127, 0, 0
1938015, 421893277, 0, 0
1939006, 404381194, 0, 0
1940002, 449010835, 0, 0
1941012, 424114109, 0, 0
1942013, 449407463, 0, 0
1943033, 401399820, 0, 0
1944020, 433484131, 0, 0
1945003, 436653438, 0, 0
1946013, 472387230, 0, 0
1947046, 458783137, 0, 0
1948002, 465302777, 0, 0
1949063, 437058133, 0, 0
1950050, 425685410, 0, 0
1951033, 439811783, 0, 0
1952050, 416362813, 0, 0
1953033, 454169233, 0, 0
1954044, 465178013, 0, 0
1955052, 445663923, 0, 0
1956001, 468194286, 0, 0
1957058, 442789041, 0, 0
1958025, 447913462, 0, 0
1959041, 453057282, 0, 0
1960056, 452137354, 0, 0
1961028, 446849027, 0, 0
1962059, 423763275, 0, 0
1963009, 426889540, 0, 0
1964019, 445740191, 0, 0
1965031, 410192273, 0, 0
1966009, 413907975, 0, 0
1967042, 448845407, 0, 0
1968035, 428409654, 0, 0
1969065, 428551634, 0, 0
1970053, 453359692, 0, 0
1971049, 433673940, 0, 0
1972001, 432839254, 0, 0
1973016, 436274279, 0, 0
1974033, 406859289, 0, 0
1975043, 448793919, 0, 0
1976006, 434752558, 0, 0
1977046, 445622832, 0, 0
1978017, 414011694, 0, 0
1979033, 455602553, 0, 0
1980014, 438398943, 0, 0
1981059, 424904440, 0, 0
1982024, 432009272, 0, 0
1983036, 435237963, 0, 0
1984012, 453087705, 0, 0
1985053, 432953394, 0, 0
1986021, 405354544, 0, 0
1987034, 417320083, 0, 0
1988020, 415801031, 0, 0
1989009, 445266000, 0, 0
1990007, 426080329, 0, 0
1991029, 411775789, 0, 0
1992024, 430458777, 0, 0
1993030, 434519824, 0, 0
1994031, 426296861, 0, 0
1995039, 442019942, 0, 0
1996052, 439203151, 0, 0
1997034, 455212208, 0, 0
1998050, 437426160, 0, 0
1999049, 413427215, 0, 0
2000057, 423312956, 0, 0
2001053, 434719543, 0, 0
2002009, 454879330, 0, 0
2003059, 413542914, 0, 0
2004053, 419466327, 0, 0
2005004, 438068872, 0, 0
2006014, 434801276, 0, 0
2007020, 426263500, 0, 0
2008008, 403151805, 0, 0
2009003, 423947714, 0, 0
2010010, 416415759, 0, 0
2011004, 436236197, 0, 0
2012050, 414842490, 0, 0
2013032, 411238870, 0, 0
2014026, 412201073, 0, 0
2015054, 413048767, 0, 0
2016054, 475445139, 0, 0
2017007, 434586238, 0, 0
2018059, 434691068, 0, 0
2019065, 430161619, 0, 0
2020039, 436163302, 0, 0
2021011, 413714018, 0, 0
2022003, 475587255, 0, 0
2023044, 456582699, 0, 0
2024059, 443111699, 0, 0
2025030, 421525700, 0, 0
2026009, 435788939, 0, 0
2027010, 421445711, 0, 0
2028016, 476470516, 0, 0
2029016, 426082286, 0, 0
2030013, 426943076, 0, 0
2031057, 435420104, 0, 0
2032049, 436060442, 0, 0
2033045, 428744146, 0, 0
2034035, 435314131, 0, 0
2035047, 438228452, 0, 0
2036025, 411206725, 0, 0
2037009, 431933363, 0, 0
2038029, 431090684, 0, 0
2039002, 435152511, 0, 0
2040027, 449934392, 0, 0
2041008, 416302422, 0, 0
2042032, 427480473, 0, 0
2043026, 446592149, 0, 0
2044025, 449817906, 0, 0
2045032, 469212878, 0, 0
2046040, 409398455, 0, 0
2047051, 437455056, 0, 0
2048021, 414211493, 0, 0
2049028, 454671978, 0, 0
2050012, 457442826, 0, 0
2051010, 432608529, 0, 0
2052038, 450441448, 0, 0
2053015, 424533928, 0, 0
2054032, 432536585, 0, 0
2055000, 417490467, 0, 0
2056002, 412862412, 0, 0
2057025, 478725804, 0, 0
2058006, 430344202, 0, 0
2059009, 430730098, 0, 0
2060037, 435553099, 0, 0
2061012, 454488466, 0, 0
2062004, 419384393, 0, 0
2063005, 401958619, 0, 0
2064046, 407756397, 0, 0
2065060, 428381518, 0, 0
2066012, 442146040, 0, 0
2067001, 429713590, 0, 0
2068043, 426585493, 0, 0
2069061, 455957455, 0, 0
2070015, 409867670, 0, 0
2071003, 433518502, 0, 0
2072012, 456221269, 0, 0
2073070, 434564394, 0, 0
2074004, 453402845, 0, 0
2075049, 429257551, 0, 0
2076066, 443287696, 0, 0
2077030, 417052633, 0, 0
2078023, 409848388, 0, 0
2079048, 429422550, 0, 0
2080017, 449256173, 0, 0
2081024, 428574313, 0, 0
2082030, 432833722, 0, 0
2083039, 410892300, 0, 0
2084006, 407204870, 0, 0
2085020, 441203877, 0, 0
2086005, 399092015, 0, 0
2087053, 444993565, 0, 0
2088060, 433290482, 0, 0
2089013, 431596552, 0, 0
2090031, 432230866, 0, 0
2091051, 394823444, 0, 0
2092045, 435818496, 0, 0
2093037, 432071165, 0, 0
2094019, 414313261, 0, 0
2095031, 422738095, 0, 0
2096061, 405073145, 0, 0
2097002, 446870906, 0, 0
2098050, 459550563, 0, 0
2099023, 415656414, 0, 0
2100005, 433089702, 0, 0
2101049, 429371517, 0, 0
2102012, 460396195, 0, 0
2103004, 421340182, 0, 0
2104045, 479318601, 0, 0
2105046, 415075510, 0, 0
2106007, 430631172, 0, 0
2107018, 446853197, 0, 0
2108002, 428594943, 0, 0
2109001, 392802601, 0, 0
2110053, 425260084, 0, 0
2111054, 427257033, 0, 0
2112041, 425054660, 0, 0
2113048, 439963146, 0, 0
2114001, 435146883, 0, 0
2115000, 426604417, 0, 0
2116003, 421379806, 0, 0
2117022, 413582785, 0, 0
2118012, 447474739, 0, 0
2119061, 436724197, 0, 0
2120054, 418511632, 0, 0
2121013, 416349658, 0, 0
2122018, 439953503, 0, 0
2123033, 419495595, 0, 0
2124004, 424715449, 0, 0
2125003, 424767038, 0, 0
2126038, 420832909, 0, 0
2127005, 429411358, 0, 0
2128061, 440416231, 0, 0
2129040, 401320868, 0, 0
2130014, 445603218, 0, 0
2131021, 452413901, 0, 0
2132028, 425742315, 0, 0
2133062, 414015436, 0, 0
2134044, 405222644, 0, 0
2135034, 413308833, 0, 0
2136030, 396935519, 0, 0
2137007, 447959112, 0, 0
2138057, 433617511, 0, 0
2139033, 414186567, 0, 0
2140040, 439593889, 0, 0
2141036, 446202996, 0, 0
2142004, 412644016, 0, 0
2143018, 401624384, 0, 0
2144013, 416673146, 0, 0
2145036, 425697228, 0, 0
2146000, 438689153, 0, 0
2147036, 439894520, 0, 0
2148005, 407722369, 0, 0
2149021, 411969477, 0, 0
2150027, 439314699, 0, 0
2151034, 417180177, 0, 0
2152017, 440779890, 0, 0
2153031, 405393699, 0, 0
2154040, 422212741, 0, 0
2155008, 472988585, 0, 0
2156041, 458611197, 0, 0
2157002, 423995805, 0, 0
2158048, 434867376, 0, 0
2159046, 440078949, 0, 0
2160005, 433919957, 0, 0
2161062, 426989734, 0, 0
2162046, 389186926, 0, 0
2163039, 419563099, 0, 0
2164050, 414750306, 0, 0
2165031, 420049658, 0, 0
2166028, 435562962, 0, 0
2167063, 416405016, 0, 0
2168040, 442682232, 0, 0
2169014, 442875572, 0, 0
2170005, 446347038, 0, 0
2171048, 430663071, 0, 0
2172028, 407797481, 0, 0
2173011, 468673694, 0, 0
2174050, 412303310, 0, 0
2175022, 405201221, 0, 0
2176037, 416201361, 0, 0
2177053, 425101290, 0, 0
2178016, 388771533, 0, 0
2179054, 414103968, 0, 0
2180046, 439602434, 0, 0
2181024, 424262377, 0, 0
2182007, 412961937, 0, 0
2183007, 446523746, 0, 0
2184055, 422825943, 0, 0
2185043, 383666195, 0, 0
2186039, 424588098, 0, 0
2187019, 409539856, 0, 0
2188016, 439549435, 0, 0
2189026, 414649977, 0, 0
2190024, 424941750, 0, 0
2191042, 409240141, 0, 0
2192034, 424067161, 0, 0
2193010, 422685506, 0, 0
2194027, 447855882, 0, 0
2195045, 419425944, 0, 0
2196045, 425869004, 0, 0
2197028, 344487133, 0, 0
2198055, 460586566, 0, 0
2199072, 430494284, 0, 0
2200008, 431360191, 0, 0
2201012, 411993309, 0, 0
2202051, 400747678, 0, 0
2203035, 433292286, 0, 0
2204043, 410822995, 0, 0
2205018, 420547168, 0, 0
2206001, 415781812, 0, 0
2207000, 426673293, 0, 0
2208007, 430105161, 0, 0
2209029, 411434903, 0, 0
2210041, 442821693, 0, 0
2211006, 425129505, 0, 0
2212047, 402913818, 0, 0
2213032, 428136169, 0, 0
2214007, 409676346, 0, 0
2215029, 425361708, 0, 0
2216032, 416532948, 0, 0
2217040, 441872048, 0, 0
2218052, 432893042, 0, 0
2219054, 435005654, 0, 0
2220029, 404376574, 0, 0
2221001, 410119560, 0, 0
2222047, 431838834, 0, 0
2223045, 453525812, 0, 0
2224058, 406463998, 0, 0
2225035, 433727016, 0, 0
2226052, 401682560, 0, 0
2227036, 432438519, 0, 0
2228041, 423131207, 0, 0
2229054, 427078746, 0, 0
2230056, 416264347, 0, 0
2231015, 389580212, 0, 0
2232043, 418578175, 0, 0
2233055, 430867695, 0, 0
2234003, 390720473, 0, 0
2235057, 406935038, 0, 0
2236014, 410229863, 0, 0
2237004, 427501828, 0, 0
2238050, 438558875, 0, 0
2239008, 419616707, 0, 0
2240000, 421850758, 0, 0
2241020, 435902742, 0, 0
2242007, 396879210, 0, 0
2243052, 406449092, 0, 0
2244041, 399988654, 0, 0
2245023, 419433159, 0, 0
2246006, 414729408, 0, 0
2247045, 407174969, 0, 0
2248027, 413270174, 0, 0
2249021, 446647635, 0, 0
2250057, 438538403, 0, 0
2251019, 422525967, 0, 0
2252025, 402207001, 0, 0
2253024, 421441599, 0, 0
2254035, 441590804, 0, 0
2255015, 413050693, 0, 0
2256071, 408259879, 0, 0
2257052, 444961033, 0, 0
2258000, 432193805, 0, 0
2259047, 449243304, 0, 0
2260031, 423944072, 0, 0
2261025, 409849680, 0, 0
2262018, 429857625, 0, 0
2263002, 401278497, 0, 0
2264013, 447613858, 0, 0
2265009, 422747825, 0, 0
2266049, 422607865, 0, 0
2267034, 410150556, 0, 0
2268005, 394553925, 0, 0
2269050, 410924409, 0, 0
2270026, 420205548, 0, 0
2271015, 400672907, 0, 0
2272054, 402975351, 0, 0
2273002, 411600245, 0, 0
2274044, 410403645, 0, 0
2275053, 424905784, 0, 0
2276068, 434814609, 0, 0
2277049, 467616431, 0, 0
2278028, 432896396, 0, 0
2279034, 426285093, 0, 0
2280023, 409467440, 0, 0
2281001, 414489458, 0, 0
2282024, 397961893, 0, 0
2283028, 440564856, 0, 0
2284035, 427053494, 0, 0
2285039, 403233171, 0, 0
2286054, 438584795, 0, 0
2287002, 426906191, 0, 0
2288027, 432274849, 0, 0
2289041, 446970839, 0, 0
2290016, 442398655, 0, 0
2291031, 404609582, 0, 0
2292055, 391834042, 0, 0
2293045, 421930402, 0, 0
2294034, 404434127, 0, 0
2295032, 404883805, 0, 0
2296055, 407328398, 0, 0
2297066, 439616002, 0, 0
2298028, 443400929, 0, 0
2299019, 407163907, 0, 0
2300041, 425697590, 0, 0
2301015, 410755927, 0, 0
2302054, 412363619, 0, 0
2303014, 417293451, 0, 0
2304043, 418600556, 0, 0
2305011, 423404616, 0, 0
2306032, 402331956, 0, 0
2307027, 405488370, 0, 0
2308048, 405928288, 0, 0
2309034, 411681331, 0, 0
2310035, 429402822, 0, 0
2311018, 419060683, 0, 0
2312021, 413253955, 0, 0
2313029, 429295436, 0, 0
2314065, 418867874, 0, 0
2315007, 423730550, 0, 0
2316036, 460287404, 0, 0
2317028, 415103266, 0, 0
2318051, 415850210, 0, 0
2319047, 436370025, 0, 0
2320054, 442116474, 0, 0
2321008, 430769453, 0, 0
2322049, 424297153, 0, 0
2323030, 395393857, 0, 0
2324023, 418253694, 0, 0
2325047, 401584408, 0, 0
2326030, 400151437, 0, 0
2327060, 400967791, 0, 0
2328057, 429050645, 0, 0
2329003, 527931405, 0, 0
2330028, 422035262, 0, 0
2331060, 398453355, 0, 0
2332036, 383252712, 0, 0
2333019, 412179512, 0, 0
2334011, 414254612, 0, 0
2335023, 424762912, 0, 0
2336051, 416901882, 0, 0
2337041, 413795343, 0, 0
2338056, 449623562, 0, 0
2339056, 427539438, 0, 0
2340041, 426734615, 0, 0
2341050, 388858331, 0, 0
2342037, 429463443, 0, 0
2343014, 433744972, 0, 0
2344042, 426289971, 0, 0
2345025, 431990518, 0, 0
2346030, 403993951, 0, 0
2347020, 392376870, 0, 0
2348011, 410275951, 0, 0
2349042, 416265126, 0, 0
2350051, 407128022, 0, 0
2351042, 387406200, 0, 0
2352022, 425627057, 0, 0
2353039, 419001012, 0, 0
2354025, 432549809, 0, 0
2355010, 429010621, 0, 0
2356042, 418757745, 0, 0
2357057, 425868612, 0, 0
2358042, 431604242, 0, 0
2359036, 416365952, 0, 0
2360003, 422517186, 0, 0
2361046, 424504986, 0, 0
2362036, 433781932, 0, 0
2363053, 423420045, 0, 0
2364023, 412601559, 0, 0
2365014, 390751711, 0, 0
2366042, 432625133, 0, 0
2367038, 407232120, 0, 0
2368031, 403643203, 0, 0
2369023, 444504768, 0, 0
2370034, 393155819, 0, 0
2371005, 370584959, 0, 0
2372056, 415897752, 0, 0
2373052, 391404829, 0, 0
2374022, 430535350, 0, 0
2375021, 378348153, 0, 0
2376004, 379115874, 0, 0
2377017, 410295608, 0, 0
2378049, 450265284, 0, 0
2379043, 415190926, 0, 0
2380047, 433142282, 0, 0
2381006, 409036227, 0, 0
2382005, 438083427, 0, 0
2383027, 439753270, 0, 0
2384020, 420367165, 0, 0
2385042, 439944842, 0, 0
2386012, 400493660, 0, 0
2387052, 408292588, 0, 0
2388031, 408793116, 0, 0
2389032, 419799180, 0, 0
2390015, 459120922, 0, 0
2391056, 441411965, 0, 0
2392004, 402465030, 0, 0
2393059, 432238202, 0, 0
2394019, 401552079, 0, 0
2395004, 411644455, 0, 0
2396056, 397719019, 0, 0
2397049, 435001693, 0, 0
2398053, 409357761, 0, 0
2399014, 422060028, 0, 0
2400002, 414333264, 0, 0
2400121, 382494075, 0, 0
