1000, 353, 0, 0
2000, 577, 0, 0
2999, 201, 0, 0
4000, 359, 0, 0
5000, 442, 0, 0
5999, 170, 0, 0
6999, 415, 0, 0
8000, 236, 0, 0
8999, 693, 0, 0
9999, 459, 0, 0
11000, 403, 0, 0
12000, 600, 0, 0
12999, 148, 0, 0
14000, 141, 0, 0
15000, 127, 0, 0
15999, 281, 0, 0
17000, 660, 0, 0
18000, 353, 0, 0
18999, 200, 0, 0
20000, 177, 0, 0
21000, 336, 0, 0
21999, 478, 0, 0
23000, 808, 0, 0
24000, 203, 0, 0
24999, 359, 0, 0
26000, 157, 0, 0
27000, 441, 0, 0
27999, 459, 0, 0
29000, 327, 0, 0
30000, 675, 0, 0
30999, 187, 0, 0
32000, 175, 0, 0
33000, 635, 0, 0
33999, 207, 0, 0
34999, 297, 0, 0
36000, 166, 0, 0
36999, 214, 0, 0
37999, 375, 0, 0
39000, 177, 0, 0
39999, 142, 0, 0
40999, 137, 0, 0
42000, 275, 0, 0
43000, 180, 0, 0
43999, 241, 0, 0
45000, 346, 0, 0
46000, 211, 0, 0
46999, 296, 0, 0
48000, 501, 0, 0
48999, 205, 0, 0
49999, 316, 0, 0
50999, 197, 0, 0
52000, 346, 0, 0
52999, 590, 0, 0
53999, 285, 0, 0
55000, 218, 0, 0
56000, 218, 0, 0
56999, 246, 0, 0
58000, 359, 0, 0
59000, 170, 0, 0
59999, 183, 0, 0
61000, 196, 0, 0
62000, 359, 0, 0
62999, 225, 0, 0
64000, 167, 0, 0
65000, 197, 0, 0
65999, 354, 0, 0
67000, 209, 0, 0
68000, 202, 0, 0
68999, 555, 0, 0
69999, 293, 0, 0
71000, 487, 0, 0
71999, 265, 0, 0
72999, 301, 0, 0
74000, 346, 0, 0
74999, 454, 0, 0
75999, 182, 0, 0
77000, 193, 0, 0
77999, 227, 0, 0
78999, 186, 0, 0
80000, 194, 0, 0
80999, 350, 0, 0
81999, 285, 0, 0
83000, 152, 0, 0
84000, 137, 0, 0
84999, 183, 0, 0
86000, 199, 0, 0
87000, 392, 0, 0
87999, 153, 0, 0
89000, 410, 0, 0
90000, 221, 0, 0
90999, 184, 0, 0
92000, 181, 0, 0
93000, 431, 0, 0
93999, 267, 0, 0
95000, 339, 0, 0
96000, 179, 0, 0
96999, 191, 0, 0
98000, 164, 0, 0
99000, 403, 0, 0
99999, 296, 0, 0
100999, 241, 0, 0
102000, 366, 0, 0
102999, 194, 0, 0
103999, 494, 0, 0
105000, 205, 0, 0
106000, 232, 0, 0
106999, 201, 0, 0
108000, 181, 0, 0
108999, 200, 0, 0
109999, 277, 0, 0
111000, 309, 0, 0
112000, 497, 0, 0
112999, 158, 0, 0
114000, 165, 0, 0
114999, 273, 0, 0
115999, 283, 0, 0
117000, 277, 0, 0
118000, 223, 0, 0
118999, 560, 0, 0
120000, 349, 0, 0
121000, 250, 0, 0
121999, 303, 0, 0
122999, 194, 0, 0
124000, 229, 0, 0
124999, 418, 0, 0
125999, 173, 0, 0
127000, 183, 0, 0
127999, 203, 0, 0
129000, 180, 0, 0
130000, 200, 0, 0
130999, 229, 0, 0
131999, 329, 0, 0
133000, 237, 0, 0
133999, 171, 0, 0
134999, 169, 0, 0
136000, 163, 0, 0
137000, 163, 0, 0
137999, 188, 0, 0
139000, 182, 0, 0
140000, 162, 0, 0
140999, 164, 0, 0
141999, 173, 0, 0
143000, 200, 0, 0
143999, 194, 0, 0
145000, 471, 0, 0
146000, 233, 0, 0
146999, 220, 0, 0
148000, 217, 0, 0
149000, 209, 0, 0
149999, 246, 0, 0
151000, 230, 0, 0
152000, 244, 0, 0
152999, 210, 0, 0
153999, 151, 0, 0
155000, 179, 0, 0
155999, 174, 0, 0
157000, 182, 0, 0
158000, 187, 0, 0
158999, 261, 0, 0
159999, 281, 0, 0
161000, 248, 0, 0
161999, 212, 0, 0
162999, 236, 0, 0
164000, 189, 0, 0
164999, 185, 0, 0
165999, 183, 0, 0
167000, 206, 0, 0
168000, 218, 0, 0
168999, 252, 0, 0
170000, 252, 0, 0
171000, 271, 0, 0
171999, 204, 0, 0
173000, 187, 0, 0
174000, 216, 0, 0
174999, 200, 0, 0
176000, 182, 0, 0
177000, 218, 0, 0
177999, 236, 0, 0
179000, 198, 0, 0
180000, 195, 0, 0
180999, 256, 0, 0
181999, 289, 0, 0
183000, 194, 0, 0
183999, 191, 0, 0
184999, 174, 0, 0
186000, 172, 0, 0
186999, 207, 0, 0
187999, 215, 0, 0
189000, 216, 0, 0
189999, 245, 0, 0
190999, 188, 0, 0
192000, 208, 0, 0
192999, 269, 0, 0
193999, 247, 0, 0
195000, 194, 0, 0
195999, 267, 0, 0
196999, 280, 0, 0
198000, 246, 0, 0
198999, 206, 0, 0
199999, 180, 0, 0
201000, 193, 0, 0
201999, 188, 0, 0
202999, 184, 0, 0
204000, 212, 0, 0
205000, 301, 0, 0
205999, 216, 0, 0
207000, 262, 0, 0
208000, 227, 0, 0
208999, 207, 0, 0
210000, 190, 0, 0
211000, 278, 0, 0
211999, 292, 0, 0
213000, 259, 0, 0
214000, 216, 0, 0
214999, 202, 0, 0
215999, 214, 0, 0
217000, 211, 0, 0
217999, 216, 0, 0
218999, 207, 0, 0
220000, 204, 0, 0
220999, 202, 0, 0
222000, 215, 0, 0
223000, 196, 0, 0
223999, 166, 0, 0
225000, 179, 0, 0
226000, 218, 0, 0
226999, 202, 0, 0
227999, 209, 0, 0
229000, 210, 0, 0
229999, 216, 0, 0
230999, 252, 0, 0
232000, 216, 0, 0
232999, 221, 0, 0
233999, 207, 0, 0
235000, 213, 0, 0
236000, 244, 0, 0
236999, 236, 0, 0
238000, 179, 0, 0
238999, 208, 0, 0
239999, 248, 0, 0
241000, 237, 0, 0
242000, 216, 0, 0
242999, 246, 0, 0
244000, 267, 0, 0
245000, 254, 0, 0
245999, 251, 0, 0
247000, 264, 0, 0
248000, 214, 0, 0
248999, 177, 0, 0
249999, 222, 0, 0
251000, 237, 0, 0
251999, 249, 0, 0
252999, 241, 0, 0
254000, 247, 0, 0
255000, 292, 0, 0
255999, 231, 0, 0
257000, 273, 0, 0
257999, 252, 0, 0
258999, 272, 0, 0
260000, 226, 0, 0
261000, 200, 0, 0
261999, 193, 0, 0
263000, 192, 0, 0
264000, 198, 0, 0
264999, 195, 0, 0
266000, 198, 0, 0
267000, 223, 0, 0
267999, 198, 0, 0
268999, 219, 0, 0
270000, 222, 0, 0
271000, 214, 0, 0
271999, 300, 0, 0
273000, 230, 0, 0
273999, 238, 0, 0
274999, 248, 0, 0
276000, 240, 0, 0
276999, 216, 0, 0
277999, 227, 0, 0
279000, 216, 0, 0
280000, 242, 0, 0
280999, 276, 0, 0
281999, 218, 0, 0
283000, 251, 0, 0
284000, 261, 0, 0
284999, 239, 0, 0
286000, 247, 0, 0
287000, 200, 0, 0
287999, 227, 0, 0
288999, 212, 0, 0
290000, 221, 0, 0
290999, 222, 0, 0
291999, 226, 0, 0
293000, 243, 0, 0
293999, 269, 0, 0
294999, 243, 0, 0
296000, 239, 0, 0
297000, 261, 0, 0
297999, 278, 0, 0
298999, 235, 0, 0
300000, 273, 0, 0
300999, 222, 0, 0
301999, 264, 0, 0
303000, 273, 0, 0
304000, 281, 0, 0
304999, 286, 0, 0
306000, 249, 0, 0
307000, 224, 0, 0
307999, 204, 0, 0
309000, 207, 0, 0
310000, 240, 0, 0
310999, 233, 0, 0
311999, 206, 0, 0
313000, 257, 0, 0
313999, 224, 0, 0
314999, 251, 0, 0
315999, 285, 0, 0
317000, 251, 0, 0
317999, 239, 0, 0
318999, 228, 0, 0
320000, 218, 0, 0
320999, 218, 0, 0
321999, 195, 0, 0
323000, 223, 0, 0
324000, 175, 0, 0
324999, 216, 0, 0
326000, 234, 0, 0
327000, 194, 0, 0
327999, 260, 0, 0
328999, 265, 0, 0
330000, 242, 0, 0
330999, 210, 0, 0
331999, 217, 0, 0
333000, 243, 0, 0
334000, 256, 0, 0
334999, 230, 0, 0
335999, 234, 0, 0
337000, 238, 0, 0
337999, 221, 0, 0
338999, 232, 0, 0
340000, 200, 0, 0
341000, 258, 0, 0
341999, 219, 0, 0
343000, 239, 0, 0
344000, 257, 0, 0
344999, 253, 0, 0
345999, 206, 0, 0
347000, 221, 0, 0
347999, 228, 0, 0
348999, 220, 0, 0
350000, 214, 0, 0
351000, 232, 0, 0
351999, 201, 0, 0
352999, 211, 0, 0
354000, 225, 0, 0
354999, 240, 0, 0
355999, 228, 0, 0
357000, 231, 0, 0
357999, 247, 0, 0
358999, 230, 0, 0
360000, 241, 0, 0
361000, 204, 0, 0
361999, 214, 0, 0
363000, 280, 0, 0
364000, 273, 0, 0
364999, 305, 0, 0
365999, 285, 0, 0
367000, 272, 0, 0
368000, 258, 0, 0
368999, 255, 0, 0
370000, 270, 0, 0
371000, 218, 0, 0
371999, 265, 0, 0
372999, 202, 0, 0
374000, 214, 0, 0
374999, 216, 0, 0
375999, 243, 0, 0
377000, 225, 0, 0
378000, 246, 0, 0
378999, 227, 0, 0
379999, 245, 0, 0
381000, 287, 0, 0
381999, 230, 0, 0
382999, 215, 0, 0
384000, 212, 0, 0
385000, 243, 0, 0
385999, 228, 0, 0
386999, 229, 0, 0
388000, 260, 0, 0
388999, 285, 0, 0
389999, 247, 0, 0
391000, 277, 0, 0
392000, 227, 0, 0
392999, 260, 0, 0
393999, 241, 0, 0
395000, 236, 0, 0
395999, 246, 0, 0
396999, 208, 0, 0
398000, 228, 0, 0
399000, 250, 0, 0
399999, 229, 0, 0
400999, 253, 0, 0
402000, 248, 0, 0
403000, 240, 0, 0
403999, 210, 0, 0
404999, 210, 0, 0
406000, 209, 0, 0
406999, 206, 0, 0
407999, 245, 0, 0
409000, 224, 0, 0
410000, 258, 0, 0
410999, 261, 0, 0
411999, 221, 0, 0
413000, 238, 0, 0
414000, 276, 0, 0
414999, 229, 0, 0
416000, 222, 0, 0
417000, 220, 0, 0
417999, 230, 0, 0
418999, 219, 0, 0
420000, 224, 0, 0
420999, 204, 0, 0
421999, 228, 0, 0
423000, 218, 0, 0
424000, 219, 0, 0
424999, 277, 0, 0
425999, 262, 0, 0
427000, 244, 0, 0
427999, 198, 0, 0
428999, 257, 0, 0
430000, 214, 0, 0
431000, 227, 0, 0
431999, 253, 0, 0
432999, 266, 0, 0
434000, 284, 0, 0
434999, 257, 0, 0
435999, 287, 0, 0
437000, 235, 0, 0
437999, 237, 0, 0
438999, 275, 0, 0
440000, 236, 0, 0
441000, 211, 0, 0
441999, 229, 0, 0
442999, 245, 0, 0
444000, 237, 0, 0
444999, 211, 0, 0
445999, 240, 0, 0
447000, 236, 0, 0
447999, 209, 0, 0
448999, 222, 0, 0
450000, 211, 0, 0
451000, 288, 0, 0
451999, 239, 0, 0
452999, 290, 0, 0
454000, 264, 0, 0
454999, 225, 0, 0
455999, 242, 0, 0
456999, 288, 0, 0
458000, 302, 0, 0
458999, 232, 0, 0
459999, 232, 0, 0
461000, 252, 0, 0
462000, 216, 0, 0
462999, 227, 0, 0
464000, 221, 0, 0
465000, 238, 0, 0
465999, 265, 0, 0
466999, 234, 0, 0
468000, 250, 0, 0
469000, 244, 0, 0
469999, 269, 0, 0
471000, 261, 0, 0
472000, 251, 0, 0
472999, 252, 0, 0
473999, 251, 0, 0
475000, 223, 0, 0
475999, 243, 0, 0
476999, 281, 0, 0
478000, 237, 0, 0
479000, 218, 0, 0
479999, 235, 0, 0
480999, 267, 0, 0
482000, 276, 0, 0
482999, 237, 0, 0
483999, 251, 0, 0
485000, 272, 0, 0
485999, 232, 0, 0
486999, 246, 0, 0
488000, 224, 0, 0
489000, 255, 0, 0
489999, 219, 0, 0
490999, 221, 0, 0
492000, 213, 0, 0
492999, 240, 0, 0
493999, 259, 0, 0
495000, 203, 0, 0
496000, 234, 0, 0
496999, 227, 0, 0
498000, 237, 0, 0
499000, 240, 0, 0
499999, 245, 0, 0
501000, 209, 0, 0
502000, 239, 0, 0
502999, 269, 0, 0
504000, 234, 0, 0
505000, 236, 0, 0
505999, 248, 0, 0
506999, 262, 0, 0
508000, 269, 0, 0
508999, 247, 0, 0
509999, 263, 0, 0
511000, 230, 0, 0
512000, 251, 0, 0
512999, 231, 0, 0
513999, 237, 0, 0
515000, 252, 0, 0
516000, 264, 0, 0
516999, 217, 0, 0
517999, 251, 0, 0
519000, 228, 0, 0
520000, 249, 0, 0
520999, 244, 0, 0
522000, 242, 0, 0
523000, 288, 0, 0
523999, 261, 0, 0
525000, 248, 0, 0
526000, 186, 0, 0
526999, 258, 0, 0
528000, 253, 0, 0
529000, 242, 0, 0
529999, 245, 0, 0
530999, 249, 0, 0
532000, 278, 0, 0
532999, 262, 0, 0
533999, 294, 0, 0
535000, 285, 0, 0
535999, 255, 0, 0
536999, 263, 0, 0
538000, 216, 0, 0
539000, 270, 0, 0
539999, 221, 0, 0
541000, 238, 0, 0
542000, 269, 0, 0
542999, 244, 0, 0
543999, 274, 0, 0
545000, 235, 0, 0
545999, 235, 0, 0
546999, 247, 0, 0
548000, 226, 0, 0
548999, 245, 0, 0
549999, 258, 0, 0
551000, 262, 0, 0
551999, 258, 0, 0
552999, 247, 0, 0
554000, 249, 0, 0
555000, 225, 0, 0
555999, 262, 0, 0
557000, 255, 0, 0
558000, 250, 0, 0
558999, 254, 0, 0
560000, 283, 0, 0
561000, 239, 0, 0
561999, 271, 0, 0
563000, 264, 0, 0
564000, 220, 0, 0
564999, 236, 0, 0
565999, 256, 0, 0
567000, 240, 0, 0
567999, 236, 0, 0
568999, 234, 0, 0
570000, 251, 0, 0
571000, 247, 0, 0
571999, 277, 0, 0
573000, 282, 0, 0
574000, 250, 0, 0
574999, 239, 0, 0
576000, 223, 0, 0
577000, 249, 0, 0
577999, 230, 0, 0
579000, 252, 0, 0
580000, 209, 0, 0
580999, 272, 0, 0
581999, 252, 0, 0
583000, 255, 0, 0
583999, 233, 0, 0
584999, 284, 0, 0
586000, 244, 0, 0
586999, 257, 0, 0
587999, 257, 0, 0
589000, 233, 0, 0
590000, 254, 0, 0
590999, 266, 0, 0
591999, 266, 0, 0
593000, 271, 0, 0
593999, 238, 0, 0
594999, 254, 0, 0
596000, 220, 0, 0
597000, 290, 0, 0
597999, 232, 0, 0
599000, 231, 0, 0
600000, 228, 0, 0
601000, 227, 0, 0
602000, 262, 0, 0
603000, 225, 0, 0
604000, 225, 0, 0
605000, 247, 0, 0
606001, 235, 0, 0
607000, 230, 0, 0
608000, 254, 0, 0
609000, 273, 0, 0
610000, 257, 0, 0
611000, 269, 0, 0
612000, 271, 0, 0
613000, 279, 0, 0
614000, 281, 0, 0
615001, 274, 0, 0
616000, 244, 0, 0
617000, 238, 0, 0
618000, 263, 0, 0
619000, 240, 0, 0
620000, 205, 0, 0
621000, 225, 0, 0
622000, 267, 0, 0
623000, 243, 0, 0
624000, 231, 0, 0
625000, 220, 0, 0
626000, 263, 0, 0
627000, 249, 0, 0
628000, 279, 0, 0
629001, 243, 0, 0
630000, 271, 0, 0
631000, 221, 0, 0
632000, 236, 0, 0
633001, 235, 0, 0
634000, 275, 0, 0
635000, 236, 0, 0
636000, 292, 0, 0
637000, 258, 0, 0
638000, 230, 0, 0
639000, 251, 0, 0
640000, 221, 0, 0
641000, 249, 0, 0
642000, 233, 0, 0
643000, 272, 0, 0
644000, 244, 0, 0
645000, 275, 0, 0
646000, 242, 0, 0
647000, 225, 0, 0
648000, 266, 0, 0
649000, 288, 0, 0
650000, 261, 0, 0
651000, 242, 0, 0
652000, 253, 0, 0
653000, 221, 0, 0
654000, 296, 0, 0
654999, 222, 0, 0
655999, 248, 0, 0
656999, 269, 0, 0
657999, 265, 0, 0
658999, 247, 0, 0
659998, 253, 0, 0
660999, 230, 0, 0
661998, 239, 0, 0
662998, 253, 0, 0
663998, 242, 0, 0
664997, 197, 0, 0
665998, 267, 0, 0
666998, 260, 0, 0
667997, 266, 0, 0
668997, 274, 0, 0
669996, 240, 0, 0
670997, 259, 0, 0
671997, 227, 0, 0
672996, 245, 0, 0
673996, 272, 0, 0
674996, 270, 0, 0
675996, 259, 0, 0
676996, 265, 0, 0
677995, 266, 0, 0
678995, 232, 0, 0
679995, 277, 0, 0
680995, 224, 0, 0
681995, 250, 0, 0
682994, 216, 0, 0
683995, 281, 0, 0
684994, 239, 0, 0
685994, 259, 0, 0
686994, 244, 0, 0
687993, 234, 0, 0
688994, 225, 0, 0
689993, 233, 0, 0
690993, 252, 0, 0
691993, 258, 0, 0
692992, 216, 0, 0
693993, 252, 0, 0
694993, 252, 0, 0
695992, 245, 0, 0
696992, 246, 0, 0
697992, 250, 0, 0
698992, 247, 0, 0
699992, 272, 0, 0
700991, 258, 0, 0
701991, 235, 0, 0
702991, 247, 0, 0
703991, 228, 0, 0
704991, 245, 0, 0
706000, 259, 0, 0
706991, 234, 0, 0
707999, 265, 0, 0
709000, 258, 0, 0
709999, 239, 0, 0
710999, 234, 0, 0
712000, 253, 0, 0
712999, 247, 0, 0
713999, 260, 0, 0
715000, 231, 0, 0
716000, 243, 0, 0
716999, 252, 0, 0
718000, 264, 0, 0
719000, 232, 0, 0
719999, 266, 0, 0
720999, 257, 0, 0
722000, 300, 0, 0
722999, 245, 0, 0
723999, 303, 0, 0
725000, 268, 0, 0
725999, 210, 0, 0
726999, 251, 0, 0
728000, 282, 0, 0
729000, 235, 0, 0
729999, 213, 0, 0
730999, 237, 0, 0
732000, 262, 0, 0
732999, 250, 0, 0
733999, 251, 0, 0
735000, 227, 0, 0
736000, 232, 0, 0
736999, 209, 0, 0
738000, 225, 0, 0
739000, 226, 0, 0
739999, 225, 0, 0
741000, 237, 0, 0
742000, 222, 0, 0
742999, 246, 0, 0
744000, 280, 0, 0
745000, 249, 0, 0
745999, 243, 0, 0
746999, 246, 0, 0
748000, 255, 0, 0
749000, 287, 0, 0
749999, 259, 0, 0
751000, 256, 0, 0
752000, 240, 0, 0
752999, 258, 0, 0
753999, 250, 0, 0
755000, 222, 0, 0
755999, 242, 0, 0
756999, 250, 0, 0
758000, 270, 0, 0
759000, 212, 0, 0
759999, 256, 0, 0
761000, 292, 0, 0
762000, 267, 0, 0
762999, 228, 0, 0
763999, 265, 0, 0
765000, 251, 0, 0
766000, 286, 0, 0
766999, 239, 0, 0
768000, 239, 0, 0
769000, 226, 0, 0
769999, 243, 0, 0
771000, 235, 0, 0
772000, 256, 0, 0
772999, 247, 0, 0
774000, 265, 0, 0
775000, 272, 0, 0
775999, 247, 0, 0
776999, 256, 0, 0
778000, 239, 0, 0
778999, 237, 0, 0
779999, 255, 0, 0
781000, 257, 0, 0
781999, 249, 0, 0
782999, 273, 0, 0
784000, 235, 0, 0
785000, 257, 0, 0
785999, 259, 0, 0
787000, 236, 0, 0
788000, 278, 0, 0
788999, 246, 0, 0
790000, 262, 0, 0
791000, 269, 0, 0
791999, 285, 0, 0
793000, 240, 0, 0
794000, 251, 0, 0
794999, 209, 0, 0
796000, 259, 0, 0
797000, 296, 0, 0
797999, 264, 0, 0
799000, 228, 0, 0
800000, 261, 0, 0
800999, 258, 0, 0
802000, 246, 0, 0
803000, 244, 0, 0
803999, 236, 0, 0
804999, 241, 0, 0
806000, 232, 0, 0
807000, 233, 0, 0
807999, 250, 0, 0
809000, 268, 0, 0
810000, 272, 0, 0
810999, 270, 0, 0
812000, 247, 0, 0
813000, 247, 0, 0
813999, 230, 0, 0
814999, 225, 0, 0
816000, 238, 0, 0
816999, 260, 0, 0
817999, 220, 0, 0
819000, 238, 0, 0
819999, 259, 0, 0
820999, 276, 0, 0
822000, 242, 0, 0
822999, 228, 0, 0
823999, 241, 0, 0
825000, 243, 0, 0
826000, 251, 0, 0
826999, 242, 0, 0
828000, 288, 0, 0
829000, 264, 0, 0
829999, 230, 0, 0
831000, 322, 0, 0
832000, 252, 0, 0
832999, 276, 0, 0
833999, 222, 0, 0
835000, 239, 0, 0
835999, 246, 0, 0
836999, 225, 0, 0
838000, 248, 0, 0
839000, 233, 0, 0
839999, 208, 0, 0
841000, 247, 0, 0
842000, 234, 0, 0
842999, 255, 0, 0
844000, 237, 0, 0
845000, 245, 0, 0
845999, 245, 0, 0
847000, 260, 0, 0
848000, 223, 0, 0
848999, 249, 0, 0
850000, 256, 0, 0
851000, 258, 0, 0
851999, 297, 0, 0
852999, 278, 0, 0
854000, 225, 0, 0
854999, 242, 0, 0
855999, 251, 0, 0
857000, 260, 0, 0
858000, 257, 0, 0
858999, 232, 0, 0
860000, 249, 0, 0
861000, 257, 0, 0
861999, 293, 0, 0
863000, 243, 0, 0
864000, 264, 0, 0
864999, 240, 0, 0
865999, 250, 0, 0
867000, 255, 0, 0
868000, 236, 0, 0
868999, 244, 0, 0
870000, 232, 0, 0
870999, 254, 0, 0
871999, 255, 0, 0
873000, 248, 0, 0
874000, 222, 0, 0
874999, 225, 0, 0
876000, 237, 0, 0
877000, 226, 0, 0
877999, 251, 0, 0
879000, 226, 0, 0
880000, 225, 0, 0
880999, 250, 0, 0
882000, 262, 0, 0
882999, 244, 0, 0
883999, 248, 0, 0
885000, 235, 0, 0
885999, 284, 0, 0
886999, 267, 0, 0
888000, 259, 0, 0
889000, 238, 0, 0
889999, 252, 0, 0
891000, 250, 0, 0
892000, 207, 0, 0
892999, 219, 0, 0
894000, 251, 0, 0
895000, 212, 0, 0
895999, 265, 0, 0
896999, 258, 0, 0
898000, 251, 0, 0
898999, 263, 0, 0
899999, 238, 0, 0
901000, 230, 0, 0
901999, 267, 0, 0
902999, 250, 0, 0
904000, 260, 0, 0
904999, 210, 0, 0
905999, 220, 0, 0
907000, 273, 0, 0
908000, 244, 0, 0
908999, 252, 0, 0
910000, 286, 0, 0
910999, 251, 0, 0
911999, 267, 0, 0
913000, 230, 0, 0
913999, 248, 0, 0
915000, 222, 0, 0
916000, 243, 0, 0
916999, 228, 0, 0
917999, 230, 0, 0
919000, 260, 0, 0
920000, 272, 0, 0
920999, 214, 0, 0
922000, 235, 0, 0
923000, 245, 0, 0
923999, 252, 0, 0
925000, 242, 0, 0
926000, 246, 0, 0
926999, 255, 0, 0
927999, 286, 0, 0
929000, 233, 0, 0
930000, 251, 0, 0
930999, 238, 0, 0
932000, 253, 0, 0
933000, 225, 0, 0
933999, 203, 0, 0
935000, 221, 0, 0
936000, 209, 0, 0
936999, 232, 0, 0
938000, 206, 0, 0
939000, 240, 0, 0
939999, 211, 0, 0
941000, 257, 0, 0
942000, 227, 0, 0
942999, 242, 0, 0
944000, 230, 0, 0
945000, 268, 0, 0
945999, 200, 0, 0
947000, 262, 0, 0
948000, 211, 0, 0
948999, 224, 0, 0
949999, 232, 0, 0
951000, 232, 0, 0
951999, 215, 0, 0
952999, 230, 0, 0
954000, 237, 0, 0
954999, 283, 0, 0
955999, 266, 0, 0
957000, 215, 0, 0
957999, 243, 0, 0
958999, 227, 0, 0
960000, 255, 0, 0
961000, 242, 0, 0
961999, 248, 0, 0
963000, 233, 0, 0
964000, 247, 0, 0
964999, 221, 0, 0
966000, 253, 0, 0
967000, 217, 0, 0
967999, 217, 0, 0
968999, 241, 0, 0
970000, 227, 0, 0
970999, 228, 0, 0
971999, 235, 0, 0
973000, 242, 0, 0
973999, 232, 0, 0
974999, 271, 0, 0
976000, 248, 0, 0
977000, 218, 0, 0
977999, 277, 0, 0
979000, 253, 0, 0
980000, 228, 0, 0
980999, 235, 0, 0
981999, 221, 0, 0
983000, 182, 0, 0
983999, 197, 0, 0
984999, 228, 0, 0
985999, 222, 0, 0
987000, 229, 0, 0
987999, 269, 0, 0
988999, 235, 0, 0
990000, 244, 0, 0
991000, 243, 0, 0
991999, 213, 0, 0
993000, 237, 0, 0
994000, 211, 0, 0
994999, 248, 0, 0
995999, 234, 0, 0
997000, 255, 0, 0
997999, 257, 0, 0
998999, 271, 0, 0
1000000, 212, 0, 0
1000999, 215, 0, 0
1001999, 241, 0, 0
1003000, 250, 0, 0
1003999, 221, 0, 0
1004999, 227, 0, 0
1006000, 244, 0, 0
1007000, 236, 0, 0
1007999, 219, 0, 0
1009000, 221, 0, 0
1009999, 210, 0, 0
1010999, 229, 0, 0
1012000, 222, 0, 0
1012999, 259, 0, 0
1013999, 220, 0, 0
1015000, 247, 0, 0
1016000, 216, 0, 0
1016999, 254, 0, 0
1018000, 220, 0, 0
1019000, 238, 0, 0
1019999, 241, 0, 0
1021000, 279, 0, 0
1022000, 249, 0, 0
1022999, 204, 0, 0
1024000, 241, 0, 0
1025000, 239, 0, 0
1025999, 224, 0, 0
1027000, 253, 0, 0
1028000, 265, 0, 0
1028999, 237, 0, 0
1030000, 252, 0, 0
1031000, 248, 0, 0
1031999, 250, 0, 0
1032999, 270, 0, 0
1034000, 222, 0, 0
1034999, 227, 0, 0
1035999, 252, 0, 0
1037000, 219, 0, 0
1038000, 272, 0, 0
1038999, 350, 0, 0
1040000, 294, 0, 0
1041000, 329, 0, 0
1041999, 224, 0, 0
1043000, 274, 0, 0
1044000, 257, 0, 0
1044999, 251, 0, 0
1045999, 247, 0, 0
1047000, 250, 0, 0
1047999, 249, 0, 0
1048999, 226, 0, 0
1050000, 239, 0, 0
1050999, 247, 0, 0
1051999, 291, 0, 0
1053000, 272, 0, 0
1053999, 249, 0, 0
1055000, 225, 0, 0
1056000, 297, 0, 0
1056999, 254, 0, 0
1057999, 239, 0, 0
1059000, 263, 0, 0
1059999, 261, 0, 0
1061000, 241, 0, 0
1062000, 260, 0, 0
1062999, 274, 0, 0
1063999, 258, 0, 0
1065000, 256, 0, 0
1065999, 261, 0, 0
1066999, 236, 0, 0
1068000, 256, 0, 0
1068999, 225, 0, 0
1069999, 288, 0, 0
1071000, 275, 0, 0
1071999, 244, 0, 0
1072999, 245, 0, 0
1074000, 259, 0, 0
1075000, 275, 0, 0
1075999, 257, 0, 0
1077000, 256, 0, 0
1077999, 250, 0, 0
1078999, 219, 0, 0
1080000, 270, 0, 0
1080999, 232, 0, 0
1081999, 258, 0, 0
1083000, 267, 0, 0
1083999, 289, 0, 0
1084999, 289, 0, 0
1086000, 277, 0, 0
1087000, 290, 0, 0
1087999, 269, 0, 0
1089000, 293, 0, 0
1090000, 240, 0, 0
1090999, 281, 0, 0
1092000, 254, 0, 0
1093000, 304, 0, 0
1093999, 274, 0, 0
1095000, 260, 0, 0
1096000, 263, 0, 0
1096999, 239, 0, 0
1098000, 258, 0, 0
1099000, 266, 0, 0
1099999, 307, 0, 0
1100999, 287, 0, 0
1102000, 245, 0, 0
1102999, 245, 0, 0
1103999, 226, 0, 0
1105000, 238, 0, 0
1105999, 199, 0, 0
1106999, 261, 0, 0
1108000, 250, 0, 0
1108999, 272, 0, 0
1109999, 238, 0, 0
1111000, 269, 0, 0
1112000, 257, 0, 0
1112999, 248, 0, 0
1114000, 241, 0, 0
1115000, 295, 0, 0
1115999, 227, 0, 0
1116999, 258, 0, 0
1118000, 255, 0, 0
1118999, 258, 0, 0
1119999, 266, 0, 0
1121000, 238, 0, 0
1121999, 276, 0, 0
1122999, 235, 0, 0
1124000, 236, 0, 0
1125000, 266, 0, 0
1125999, 281, 0, 0
1127000, 235, 0, 0
1128000, 256, 0, 0
1128999, 266, 0, 0
1129999, 240, 0, 0
1131000, 259, 0, 0
1131999, 264, 0, 0
1132999, 281, 0, 0
1134000, 261, 0, 0
1134999, 242, 0, 0
1135999, 242, 0, 0
1137000, 268, 0, 0
1138000, 228, 0, 0
1138999, 303, 0, 0
1139999, 278, 0, 0
1141000, 248, 0, 0
1141999, 271, 0, 0
1142999, 274, 0, 0
1144000, 260, 0, 0
1144999, 290, 0, 0
1145999, 229, 0, 0
1147000, 220, 0, 0
1148000, 227, 0, 0
1148999, 256, 0, 0
1149999, 263, 0, 0
1151000, 281, 0, 0
1151999, 252, 0, 0
1152999, 249, 0, 0
1154000, 270, 0, 0
1154999, 208, 0, 0
1155999, 280, 0, 0
1157000, 262, 0, 0
1157999, 267, 0, 0
1158999, 249, 0, 0
1160000, 258, 0, 0
1161000, 248, 0, 0
1161999, 230, 0, 0
1162999, 282, 0, 0
1164000, 261, 0, 0
1164999, 265, 0, 0
1165999, 251, 0, 0
1167000, 257, 0, 0
1168000, 237, 0, 0
1168999, 278, 0, 0
1169999, 294, 0, 0
1171000, 242, 0, 0
1172000, 281, 0, 0
1172999, 263, 0, 0
1174000, 241, 0, 0
1175000, 269, 0, 0
1175999, 253, 0, 0
1177000, 256, 0, 0
1178000, 259, 0, 0
1178999, 261, 0, 0
1179999, 258, 0, 0
1181000, 286, 0, 0
1181999, 279, 0, 0
1182999, 290, 0, 0
1184000, 241, 0, 0
1185000, 267, 0, 0
1185999, 294, 0, 0
1187000, 248, 0, 0
1188000, 251, 0, 0
1188999, 245, 0, 0
1190000, 266, 0, 0
1191000, 274, 0, 0
1191999, 277, 0, 0
1192999, 225, 0, 0
1194000, 328, 0, 0
1195000, 235, 0, 0
1195999, 256, 0, 0
1197000, 261, 0, 0
1197999, 246, 0, 0
1198999, 239, 0, 0
1200000, 272, 0, 0
1201000, 251, 0, 0
1201999, 246, 0, 0
1203000, 279, 0, 0
1204000, 231, 0, 0
1204999, 301, 0, 0
1206000, 273, 0, 0
1207000, 253, 0, 0
1207999, 279, 0, 0
1209000, 244, 0, 0
1210000, 264, 0, 0
1210999, 270, 0, 0
1212000, 269, 0, 0
1213000, 298, 0, 0
1213999, 279, 0, 0
1215000, 276, 0, 0
1216000, 264, 0, 0
1216999, 285, 0, 0
1218000, 262, 0, 0
1219000, 305, 0, 0
1219999, 261, 0, 0
1220999, 260, 0, 0
1222000, 290, 0, 0
1223000, 268, 0, 0
1223999, 267, 0, 0
1225000, 254, 0, 0
1226000, 294, 0, 0
1226999, 266, 0, 0
1227999, 279, 0, 0
1229000, 247, 0, 0
1229999, 255, 0, 0
1230999, 263, 0, 0
1232000, 265, 0, 0
1232999, 252, 0, 0
1233999, 251, 0, 0
1235000, 257, 0, 0
1235999, 275, 0, 0
1236999, 267, 0, 0
1238000, 270, 0, 0
1239000, 278, 0, 0
1239999, 247, 0, 0
1241000, 247, 0, 0
1241999, 221, 0, 0
1242999, 289, 0, 0
1244000, 293, 0, 0
1245000, 262, 0, 0
1245999, 284, 0, 0
1247000, 297, 0, 0
1248000, 282, 0, 0
1248999, 272, 0, 0
1250000, 298, 0, 0
1251000, 253, 0, 0
1251999, 255, 0, 0
1253000, 241, 0, 0
1254000, 266, 0, 0
1254999, 257, 0, 0
1256000, 248, 0, 0
1257000, 254, 0, 0
1257999, 251, 0, 0
1258999, 259, 0, 0
1260000, 243, 0, 0
1260999, 219, 0, 0
1261999, 299, 0, 0
1263000, 249, 0, 0
1264000, 239, 0, 0
1264999, 264, 0, 0
1266000, 280, 0, 0
1267000, 268, 0, 0
1267999, 255, 0, 0
1268999, 253, 0, 0
1270000, 278, 0, 0
1270999, 250, 0, 0
1271999, 255, 0, 0
1273000, 285, 0, 0
1273999, 236, 0, 0
1274999, 261, 0, 0
1276000, 263, 0, 0
1277000, 289, 0, 0
1277999, 259, 0, 0
1278999, 279, 0, 0
1280000, 275, 0, 0
1280999, 241, 0, 0
1281999, 269, 0, 0
1283000, 288, 0, 0
1284000, 240, 0, 0
1284999, 275, 0, 0
1286000, 272, 0, 0
1286999, 235, 0, 0
1287999, 269, 0, 0
1289000, 246, 0, 0
1289999, 281, 0, 0
1290999, 275, 0, 0
1292000, 252, 0, 0
1293000, 291, 0, 0
1293999, 247, 0, 0
1295000, 280, 0, 0
1296000, 261, 0, 0
1296999, 273, 0, 0
1298000, 221, 0, 0
1299000, 240, 0, 0
1299999, 268, 0, 0
1301000, 249, 0, 0
1302000, 258, 0, 0
1302999, 234, 0, 0
1304000, 275, 0, 0
1305000, 272, 0, 0
1305999, 265, 0, 0
1307000, 264, 0, 0
1308000, 285, 0, 0
1308999, 266, 0, 0
1309999, 273, 0, 0
1311000, 259, 0, 0
1311999, 278, 0, 0
1312999, 273, 0, 0
1314000, 274, 0, 0
1315000, 225, 0, 0
1315999, 262, 0, 0
1317000, 239, 0, 0
1318000, 261, 0, 0
1318999, 287, 0, 0
1320000, 285, 0, 0
1321000, 246, 0, 0
1321999, 265, 0, 0
1323000, 261, 0, 0
1324000, 240, 0, 0
1324999, 258, 0, 0
1326000, 254, 0, 0
1327000, 290, 0, 0
1327999, 306, 0, 0
1328999, 246, 0, 0
1330000, 268, 0, 0
1330999, 271, 0, 0
1331999, 258, 0, 0
1333000, 267, 0, 0
1333999, 238, 0, 0
1334999, 295, 0, 0
1336000, 250, 0, 0
1337000, 257, 0, 0
1337999, 248, 0, 0
1339000, 286, 0, 0
1340000, 254, 0, 0
1340999, 289, 0, 0
1342000, 283, 0, 0
1343000, 262, 0, 0
1343999, 229, 0, 0
1345000, 297, 0, 0
1346000, 314, 0, 0
1346999, 296, 0, 0
1348000, 277, 0, 0
1349000, 259, 0, 0
1349999, 282, 0, 0
1351000, 258, 0, 0
1352000, 295, 0, 0
1352999, 280, 0, 0
1353999, 240, 0, 0
1355000, 267, 0, 0
1355999, 235, 0, 0
1356999, 276, 0, 0
1358000, 260, 0, 0
1359000, 256, 0, 0
1359999, 274, 0, 0
1361000, 223, 0, 0
1362000, 273, 0, 0
1362999, 278, 0, 0
1364000, 259, 0, 0
1365000, 254, 0, 0
1365999, 261, 0, 0
1367000, 269, 0, 0
1368000, 257, 0, 0
1368999, 236, 0, 0
1369999, 281, 0, 0
1371000, 216, 0, 0
1371999, 240, 0, 0
1372999, 255, 0, 0
1374000, 246, 0, 0
1375000, 258, 0, 0
1375999, 278, 0, 0
1377000, 252, 0, 0
1378000, 242, 0, 0
1378999, 258, 0, 0
1380000, 275, 0, 0
1381000, 257, 0, 0
1381999, 269, 0, 0
1383000, 288, 0, 0
1384000, 249, 0, 0
1384999, 274, 0, 0
1386000, 279, 0, 0
1387000, 251, 0, 0
1387999, 252, 0, 0
1389000, 265, 0, 0
1390000, 269, 0, 0
1390999, 284, 0, 0
1392000, 274, 0, 0
1393000, 251, 0, 0
1393999, 236, 0, 0
1395000, 271, 0, 0
1396000, 254, 0, 0
1396999, 274, 0, 0
1398000, 248, 0, 0
1399000, 254, 0, 0
1399999, 226, 0, 0
1401000, 267, 0, 0
1402000, 243, 0, 0
1402999, 269, 0, 0
1403999, 266, 0, 0
1405000, 237, 0, 0
1405999, 232, 0, 0
1406999, 232, 0, 0
1408000, 261, 0, 0
1409000, 254, 0, 0
1409999, 289, 0, 0
1411000, 270, 0, 0
1412000, 252, 0, 0
1412999, 243, 0, 0
1414000, 300, 0, 0
1415000, 254, 0, 0
1415999, 242, 0, 0
1416999, 261, 0, 0
1418000, 265, 0, 0
1418999, 233, 0, 0
1419999, 282, 0, 0
1421000, 254, 0, 0
1422000, 252, 0, 0
1422999, 276, 0, 0
1423999, 241, 0, 0
1425000, 246, 0, 0
1425999, 251, 0, 0
1426999, 245, 0, 0
1428000, 311, 0, 0
1429000, 237, 0, 0
1429999, 282, 0, 0
1431000, 266, 0, 0
1432000, 273, 0, 0
1432999, 293, 0, 0
1433999, 260, 0, 0
1435000, 275, 0, 0
1435999, 265, 0, 0
1436999, 281, 0, 0
1438000, 277, 0, 0
1438999, 269, 0, 0
1439999, 263, 0, 0
1441000, 260, 0, 0
1442000, 259, 0, 0
1442999, 250, 0, 0
1444000, 288, 0, 0
1445000, 273, 0, 0
1445999, 263, 0, 0
1447000, 276, 0, 0
1448000, 285, 0, 0
1448999, 268, 0, 0
1449999, 275, 0, 0
1451000, 259, 0, 0
1452000, 279, 0, 0
1452999, 281, 0, 0
1454000, 247, 0, 0
1455000, 243, 0, 0
1455999, 262, 0, 0
1456999, 283, 0, 0
1458000, 249, 0, 0
1458999, 268, 0, 0
1459999, 269, 0, 0
1461000, 273, 0, 0
1461999, 257, 0, 0
1462999, 275, 0, 0
1464000, 258, 0, 0
1464999, 232, 0, 0
1465999, 257, 0, 0
1467000, 241, 0, 0
1468000, 253, 0, 0
1468999, 260, 0, 0
1470000, 267, 0, 0
1471000, 261, 0, 0
1471999, 261, 0, 0
1473000, 256, 0, 0
1474000, 267, 0, 0
1474999, 247, 0, 0
1475999, 257, 0, 0
1477000, 260, 0, 0
1477999, 293, 0, 0
1478999, 279, 0, 0
1480000, 256, 0, 0
1481000, 275, 0, 0
1481999, 223, 0, 0
1483000, 277, 0, 0
1484000, 272, 0, 0
1484999, 273, 0, 0
1485999, 255, 0, 0
1487000, 276, 0, 0
1487999, 253, 0, 0
1488999, 273, 0, 0
1490000, 238, 0, 0
1491000, 295, 0, 0
1491999, 269, 0, 0
1493000, 256, 0, 0
1494000, 246, 0, 0
1494999, 278, 0, 0
1496000, 251, 0, 0
1497000, 258, 0, 0
1497999, 198, 0, 0
1498999, 290, 0, 0
1500000, 273, 0, 0
1501000, 231, 0, 0
1501999, 292, 0, 0
1503000, 289, 0, 0
1504000, 254, 0, 0
1504999, 261, 0, 0
1506000, 294, 0, 0
1507000, 277, 0, 0
1507999, 299, 0, 0
1509000, 296, 0, 0
1510000, 279, 0, 0
1510999, 254, 0, 0
1511999, 284, 0, 0
1513000, 248, 0, 0
1513999, 292, 0, 0
1515000, 254, 0, 0
1516000, 255, 0, 0
1516999, 290, 0, 0
1518000, 298, 0, 0
1519000, 274, 0, 0
1519999, 274, 0, 0
1520999, 262, 0, 0
1522000, 283, 0, 0
1522999, 231, 0, 0
1523999, 276, 0, 0
1525000, 251, 0, 0
1525999, 287, 0, 0
1526999, 229, 0, 0
1528000, 276, 0, 0
1529000, 304, 0, 0
1529999, 233, 0, 0
1531000, 258, 0, 0
1531999, 270, 0, 0
1532999, 258, 0, 0
1534000, 238, 0, 0
1535000, 284, 0, 0
1535999, 262, 0, 0
1537000, 244, 0, 0
1538000, 251, 0, 0
1538999, 264, 0, 0
1540000, 255, 0, 0
1541000, 272, 0, 0
1541999, 253, 0, 0
1543000, 280, 0, 0
1544000, 247, 0, 0
1544999, 274, 0, 0
1545999, 240, 0, 0
1547000, 263, 0, 0
1548000, 277, 0, 0
1548999, 245, 0, 0
1550000, 302, 0, 0
1551000, 249, 0, 0
1551999, 226, 0, 0
1552999, 257, 0, 0
1554000, 229, 0, 0
1554999, 242, 0, 0
1555999, 260, 0, 0
1557000, 255, 0, 0
1558000, 274, 0, 0
1558999, 262, 0, 0
1560000, 273, 0, 0
1561000, 273, 0, 0
1561999, 287, 0, 0
1562999, 265, 0, 0
1564000, 237, 0, 0
1564999, 255, 0, 0
1565999, 259, 0, 0
1567000, 262, 0, 0
1568000, 261, 0, 0
1568999, 283, 0, 0
1570000, 238, 0, 0
1571000, 256, 0, 0
1571999, 290, 0, 0
1573000, 252, 0, 0
1574000, 285, 0, 0
1574999, 236, 0, 0
1575999, 245, 0, 0
1577000, 270, 0, 0
1577999, 225, 0, 0
1578999, 273, 0, 0
1580000, 263, 0, 0
1581000, 276, 0, 0
1581999, 231, 0, 0
1583000, 265, 0, 0
1584000, 245, 0, 0
1584999, 268, 0, 0
1585999, 251, 0, 0
1587000, 249, 0, 0
1588000, 229, 0, 0
1588999, 245, 0, 0
1590000, 244, 0, 0
1591000, 270, 0, 0
1591999, 236, 0, 0
1592999, 282, 0, 0
1594000, 261, 0, 0
1594999, 264, 0, 0
1595999, 250, 0, 0
1597000, 254, 0, 0
1598000, 254, 0, 0
1598999, 265, 0, 0
1600000, 256, 0, 0
1601000, 295, 0, 0
1601999, 257, 0, 0
1602999, 249, 0, 0
1604000, 248, 0, 0
1604999, 251, 0, 0
1605999, 287, 0, 0
1607000, 255, 0, 0
1607999, 248, 0, 0
1608999, 270, 0, 0
1610000, 284, 0, 0
1611000, 263, 0, 0
1611999, 219, 0, 0
1612999, 275, 0, 0
1614000, 249, 0, 0
1615000, 257, 0, 0
1615999, 237, 0, 0
1617000, 295, 0, 0
1618000, 259, 0, 0
1618999, 271, 0, 0
1619999, 255, 0, 0
1621000, 253, 0, 0
1621999, 267, 0, 0
1622999, 268, 0, 0
1624000, 249, 0, 0
1625000, 234, 0, 0
1625999, 259, 0, 0
1627000, 248, 0, 0
1628000, 272, 0, 0
1628999, 236, 0, 0
1629999, 252, 0, 0
1631000, 257, 0, 0
1632000, 288, 0, 0
1632999, 233, 0, 0
1634000, 253, 0, 0
1635000, 243, 0, 0
1635999, 228, 0, 0
1636999, 261, 0, 0
1638000, 269, 0, 0
1638999, 254, 0, 0
1639999, 214, 0, 0
1641000, 244, 0, 0
1642000, 283, 0, 0
1642999, 242, 0, 0
1643999, 254, 0, 0
1645000, 268, 0, 0
1645999, 233, 0, 0
1646999, 251, 0, 0
1648000, 255, 0, 0
1648999, 255, 0, 0
1649999, 252, 0, 0
1651000, 260, 0, 0
1651999, 227, 0, 0
1652999, 262, 0, 0
1654000, 270, 0, 0
1655000, 250, 0, 0
1655999, 251, 0, 0
1656999, 262, 0, 0
1658000, 256, 0, 0
1658999, 272, 0, 0
1659999, 252, 0, 0
1661000, 229, 0, 0
1662000, 254, 0, 0
1662999, 256, 0, 0
1663999, 240, 0, 0
1665000, 245, 0, 0
1665999, 280, 0, 0
1666999, 249, 0, 0
1668000, 250, 0, 0
1668999, 289, 0, 0
1669999, 220, 0, 0
1670999, 234, 0, 0
1672000, 273, 0, 0
1672999, 245, 0, 0
1673999, 238, 0, 0
1675000, 260, 0, 0
1675999, 246, 0, 0
1676999, 251, 0, 0
1677999, 257, 0, 0
1679000, 239, 0, 0
1680000, 252, 0, 0
1680999, 276, 0, 0
1682000, 231, 0, 0
1683000, 258, 0, 0
1683999, 272, 0, 0
1684999, 240, 0, 0
1686000, 262, 0, 0
1686999, 211, 0, 0
1687999, 269, 0, 0
1689000, 231, 0, 0
1690000, 248, 0, 0
1690999, 266, 0, 0
1691999, 224, 0, 0
1693000, 245, 0, 0
1694000, 247, 0, 0
1694999, 229, 0, 0
1696000, 242, 0, 0
1697000, 219, 0, 0
1697999, 257, 0, 0
1698999, 200, 0, 0
1700000, 242, 0, 0
1701000, 193, 0, 0
1701999, 248, 0, 0
1702999, 224, 0, 0
1704000, 271, 0, 0
1704999, 210, 0, 0
1705999, 264, 0, 0
1707000, 227, 0, 0
1708000, 223, 0, 0
1708999, 243, 0, 0
1709999, 240, 0, 0
1711000, 245, 0, 0
1711999, 250, 0, 0
1712999, 238, 0, 0
1714000, 228, 0, 0
1715000, 243, 0, 0
1715999, 253, 0, 0
1716999, 223, 0, 0
1718000, 242, 0, 0
1719000, 243, 0, 0
1719999, 239, 0, 0
1721000, 247, 0, 0
1722000, 246, 0, 0
1722999, 260, 0, 0
1723999, 241, 0, 0
1725000, 219, 0, 0
1725999, 227, 0, 0
1726999, 220, 0, 0
1727999, 204, 0, 0
1729000, 242, 0, 0
1729999, 256, 0, 0
1730999, 280, 0, 0
1732000, 243, 0, 0
1733000, 246, 0, 0
1733999, 238, 0, 0
1734999, 276, 0, 0
1736000, 209, 0, 0
1736999, 225, 0, 0
1737999, 234, 0, 0
1739000, 226, 0, 0
1740000, 239, 0, 0
1740999, 240, 0, 0
1741999, 233, 0, 0
1743000, 236, 0, 0
1743999, 266, 0, 0
1744999, 228, 0, 0
1746000, 229, 0, 0
1746999, 213, 0, 0
1747999, 250, 0, 0
1748999, 235, 0, 0
1750000, 221, 0, 0
1750999, 221, 0, 0
1751999, 246, 0, 0
1753000, 238, 0, 0
1754000, 234, 0, 0
1754999, 215, 0, 0
1755999, 209, 0, 0
1757000, 249, 0, 0
1757999, 252, 0, 0
1758999, 221, 0, 0
1760000, 213, 0, 0
1761000, 229, 0, 0
1762000, 252, 0, 0
1762999, 255, 0, 0
1764000, 201, 0, 0
1765000, 249, 0, 0
1765999, 204, 0, 0
1766999, 210, 0, 0
1768000, 226, 0, 0
1768999, 214, 0, 0
1769999, 208, 0, 0
1771000, 255, 0, 0
1772000, 260, 0, 0
1772999, 206, 0, 0
1774000, 239, 0, 0
1775000, 256, 0, 0
1775999, 193, 0, 0
1776999, 234, 0, 0
1778000, 216, 0, 0
1779000, 223, 0, 0
1779999, 225, 0, 0
1780999, 237, 0, 0
1782000, 200, 0, 0
1783000, 242, 0, 0
1783999, 215, 0, 0
1784999, 195, 0, 0
1786000, 244, 0, 0
1786999, 227, 0, 0
1787999, 215, 0, 0
1789000, 248, 0, 0
1790000, 228, 0, 0
1790999, 207, 0, 0
1791999, 214, 0, 0
1793000, 213, 0, 0
1794000, 230, 0, 0
1794999, 229, 0, 0
1796000, 213, 0, 0
1797000, 208, 0, 0
1797999, 205, 0, 0
1798999, 209, 0, 0
1800000, 194, 0, 0
1801000, 231, 0, 0
1802000, 237, 0, 0
1802999, 227, 0, 0
1804000, 208, 0, 0
1805000, 212, 0, 0
1806000, 236, 0, 0
1806999, 217, 0, 0
1807999, 187, 0, 0
1809000, 203, 0, 0
1810000, 254, 0, 0
1811000, 211, 0, 0
1812000, 229, 0, 0
1813000, 201, 0, 0
1813999, 227, 0, 0
1815000, 246, 0, 0
1816000, 226, 0, 0
1817000, 214, 0, 0
1818000, 189, 0, 0
1819000, 214, 0, 0
1819999, 227, 0, 0
1820999, 214, 0, 0
1822000, 205, 0, 0
1823000, 242, 0, 0
1824000, 192, 0, 0
1825000, 210, 0, 0
1825999, 235, 0, 0
1826999, 218, 0, 0
1828000, 215, 0, 0
1829000, 205, 0, 0
1830000, 224, 0, 0
1831000, 241, 0, 0
1832000, 197, 0, 0
1832999, 202, 0, 0
1834000, 218, 0, 0
1835000, 212, 0, 0
1836000, 210, 0, 0
1837000, 220, 0, 0
1838000, 219, 0, 0
1838999, 220, 0, 0
1840000, 223, 0, 0
1841000, 230, 0, 0
1842000, 210, 0, 0
1843000, 222, 0, 0
1844000, 213, 0, 0
1844999, 206, 0, 0
1845999, 192, 0, 0
1847000, 212, 0, 0
1848000, 240, 0, 0
1849000, 216, 0, 0
1850000, 198, 0, 0
1850999, 212, 0, 0
1851999, 228, 0, 0
1853000, 218, 0, 0
1854000, 204, 0, 0
1855000, 202, 0, 0
1856000, 212, 0, 0
1856999, 201, 0, 0
1857999, 196, 0, 0
1859000, 208, 0, 0
1860000, 212, 0, 0
1861000, 223, 0, 0
1862000, 213, 0, 0
1862999, 215, 0, 0
1863999, 200, 0, 0
1865000, 196, 0, 0
1866000, 206, 0, 0
1867000, 211, 0, 0
1868000, 206, 0, 0
1868999, 231, 0, 0
1869999, 197, 0, 0
1871000, 244, 0, 0
1872000, 226, 0, 0
1873000, 215, 0, 0
1874000, 196, 0, 0
1875000, 253, 0, 0
1875999, 196, 0, 0
1876999, 228, 0, 0
1878000, 243, 0, 0
1879000, 228, 0, 0
1880000, 206, 0, 0
1881000, 232, 0, 0
1881999, 205, 0, 0
1882999, 187, 0, 0
1884000, 217, 0, 0
1885000, 225, 0, 0
1886000, 203, 0, 0
1887000, 222, 0, 0
1888000, 181, 0, 0
1888999, 223, 0, 0
1890000, 196, 0, 0
1891000, 205, 0, 0
1892000, 195, 0, 0
1893000, 214, 0, 0
1894000, 233, 0, 0
1894999, 212, 0, 0
1895999, 192, 0, 0
1897000, 217, 0, 0
1898000, 221, 0, 0
1899000, 201, 0, 0
1900000, 218, 0, 0
1900999, 222, 0, 0
1901999, 231, 0, 0
1903000, 215, 0, 0
1904000, 234, 0, 0
1905000, 208, 0, 0
1906000, 239, 0, 0
1907000, 206, 0, 0
1907999, 198, 0, 0
1909000, 213, 0, 0
1910000, 198, 0, 0
1911000, 193, 0, 0
1912000, 228, 0, 0
1913000, 229, 0, 0
1913999, 210, 0, 0
1914999, 245, 0, 0
1916000, 211, 0, 0
1917000, 210, 0, 0
1918000, 208, 0, 0
1919000, 224, 0, 0
1919999, 213, 0, 0
1920999, 220, 0, 0
1922000, 188, 0, 0
1923000, 211, 0, 0
1924000, 222, 0, 0
1925000, 202, 0, 0
1926000, 212, 0, 0
1926999, 242, 0, 0
1928000, 211, 0, 0
1929000, 206, 0, 0
1930000, 227, 0, 0
1931000, 185, 0, 0
1932000, 193, 0, 0
1932999, 221, 0, 0
1934000, 229, 0, 0
1935000, 206, 0, 0
1936000, 211, 0, 0
1937000, 210, 0, 0
1938000, 220, 0, 0
1938999, 209, 0, 0
1940000, 181, 0, 0
1941000, 212, 0, 0
1942000, 208, 0, 0
1943000, 245, 0, 0
1944000, 230, 0, 0
1944999, 221, 0, 0
1946000, 210, 0, 0
1947000, 185, 0, 0
1948000, 221, 0, 0
1949000, 225, 0, 0
1949999, 200, 0, 0
1950999, 210, 0, 0
1952000, 217, 0, 0
1953000, 194, 0, 0
1954000, 199, 0, 0
1955000, 210, 0, 0
1956000, 205, 0, 0
1956999, 207, 0, 0
1958000, 242, 0, 0
1959000, 213, 0, 0
1960000, 204, 0, 0
1961000, 194, 0, 0
1962000, 199, 0, 0
1962999, 201, 0, 0
1964000, 188, 0, 0
1965000, 197, 0, 0
1966000, 235, 0, 0
1967000, 233, 0, 0
1967999, 193, 0, 0
1968999, 194, 0, 0
1970000, 211, 0, 0
1971000, 222, 0, 0
1972000, 210, 0, 0
1973000, 210, 0, 0
1974000, 199, 0, 0
1974999, 206, 0, 0
1975999, 217, 0, 0
1977000, 195, 0, 0
1978000, 191, 0, 0
1979000, 192, 0, 0
1980000, 204, 0, 0
1981000, 230, 0, 0
1981999, 208, 0, 0
1983000, 199, 0, 0
1984000, 205, 0, 0
1985000, 223, 0, 0
1986000, 211, 0, 0
1987000, 209, 0, 0
1987999, 226, 0, 0
1988999, 204, 0, 0
1990000, 225, 0, 0
1991000, 212, 0, 0
1992000, 225, 0, 0
1993000, 216, 0, 0
1993999, 218, 0, 0
1994999, 209, 0, 0
1996000, 211, 0, 0
1997000, 203, 0, 0
1998000, 194, 0, 0
1999000, 200, 0, 0
2000000, 200, 0, 0
2000999, 212, 0, 0
2002000, 196, 0, 0
2003000, 207, 0, 0
2004000, 215, 0, 0
2005000, 200, 0, 0
2006000, 213, 0, 0
2006999, 195, 0, 0
2008000, 222, 0, 0
2009000, 191, 0, 0
2010000, 207, 0, 0
2011000, 195, 0, 0
2012000, 206, 0, 0
2012999, 210, 0, 0
2013999, 204, 0, 0
2015000, 216, 0, 0
2016000, 209, 0, 0
2017000, 197, 0, 0
2018000, 225, 0, 0
2019000, 217, 0, 0
2019999, 221, 0, 0
2020999, 199, 0, 0
2022000, 191, 0, 0
2023000, 201, 0, 0
2024000, 193, 0, 0
2025000, 209, 0, 0
2026000, 226, 0, 0
2027000, 199, 0, 0
2028001, 206, 0, 0
2029000, 203, 0, 0
2030000, 190, 0, 0
2031000, 218, 0, 0
2032000, 199, 0, 0
2033000, 195, 0, 0
2034000, 183, 0, 0
2035000, 202, 0, 0
2036000, 205, 0, 0
2037000, 201, 0, 0
2038000, 198, 0, 0
2039000, 215, 0, 0
2040000, 211, 0, 0
2041000, 209, 0, 0
2042000, 215, 0, 0
2043000, 182, 0, 0
2044000, 194, 0, 0
2045000, 184, 0, 0
2046000, 208, 0, 0
2047000, 201, 0, 0
2048000, 207, 0, 0
2049000, 199, 0, 0
2050000, 202, 0, 0
2051000, 201, 0, 0
2052000, 225, 0, 0
2053000, 219, 0, 0
2054000, 201, 0, 0
2055000, 202, 0, 0
2056000, 213, 0, 0
2057000, 195, 0, 0
2058000, 193, 0, 0
2059000, 190, 0, 0
2060000, 211, 0, 0
2061000, 185, 0, 0
2062000, 204, 0, 0
2063000, 201, 0, 0
2064000, 189, 0, 0
2065000, 219, 0, 0
2066000, 211, 0, 0
2067000, 210, 0, 0
2068000, 204, 0, 0
2069000, 209, 0, 0
2070001, 208, 0, 0
2071000, 203, 0, 0
2072000, 220, 0, 0
2073000, 198, 0, 0
2074000, 202, 0, 0
2075000, 217, 0, 0
2076000, 209, 0, 0
2076999, 196, 0, 0
2077999, 225, 0, 0
2078999, 207, 0, 0
2079999, 219, 0, 0
2080999, 197, 0, 0
2081999, 200, 0, 0
2082999, 195, 0, 0
2083998, 201, 0, 0
2084998, 221, 0, 0
2085998, 209, 0, 0
2086998, 212, 0, 0
2087997, 214, 0, 0
2088997, 227, 0, 0
2089997, 190, 0, 0
2090998, 206, 0, 0
2091997, 211, 0, 0
2092997, 197, 0, 0
2093997, 188, 0, 0
2094996, 214, 0, 0
2095996, 204, 0, 0
2096996, 217, 0, 0
2097996, 212, 0, 0
2098995, 215, 0, 0
2099995, 203, 0, 0
2100995, 221, 0, 0
2101996, 202, 0, 0
2102995, 208, 0, 0
2103995, 204, 0, 0
2104995, 225, 0, 0
2105995, 204, 0, 0
2106994, 215, 0, 0
2107994, 208, 0, 0
2108994, 211, 0, 0
2109993, 204, 0, 0
2110993, 207, 0, 0
2111994, 221, 0, 0
2112994, 193, 0, 0
2113993, 193, 0, 0
2114993, 211, 0, 0
2115993, 214, 0, 0
2116992, 209, 0, 0
2117992, 200, 0, 0
2118992, 212, 0, 0
2119992, 210, 0, 0
2120992, 205, 0, 0
2121992, 196, 0, 0
2122992, 192, 0, 0
2123992, 210, 0, 0
2124991, 202, 0, 0
2125991, 202, 0, 0
2126991, 184, 0, 0
2128000, 212, 0, 0
2129000, 214, 0, 0
2130000, 202, 0, 0
2130999, 198, 0, 0
2132000, 226, 0, 0
2133000, 176, 0, 0
2134000, 194, 0, 0
2135000, 199, 0, 0
2136000, 211, 0, 0
2137000, 203, 0, 0
2137999, 194, 0, 0
2139000, 209, 0, 0
2140000, 211, 0, 0
2141000, 218, 0, 0
2142000, 219, 0, 0
2143000, 218, 0, 0
2143999, 179, 0, 0
2144999, 211, 0, 0
2146000, 198, 0, 0
2147000, 198, 0, 0
2148000, 189, 0, 0
2149000, 204, 0, 0
2150000, 212, 0, 0
2151000, 193, 0, 0
2151999, 194, 0, 0
2153000, 204, 0, 0
2154000, 205, 0, 0
2155000, 191, 0, 0
2156000, 188, 0, 0
2157000, 220, 0, 0
2157999, 198, 0, 0
2158999, 231, 0, 0
2160000, 211, 0, 0
2161000, 178, 0, 0
2162000, 211, 0, 0
2163000, 208, 0, 0
2164000, 197, 0, 0
2164999, 195, 0, 0
2166000, 206, 0, 0
2167000, 223, 0, 0
2168000, 184, 0, 0
2169000, 217, 0, 0
2170000, 192, 0, 0
2170999, 199, 0, 0
2171999, 197, 0, 0
2173000, 181, 0, 0
2174000, 231, 0, 0
2175000, 183, 0, 0
2176000, 199, 0, 0
2177000, 214, 0, 0
2177999, 212, 0, 0
2179000, 193, 0, 0
2180000, 204, 0, 0
2181000, 205, 0, 0
2182000, 210, 0, 0
2183000, 197, 0, 0
2184000, 188, 0, 0
2184999, 210, 0, 0
2186000, 208, 0, 0
2187000, 185, 0, 0
2188000, 208, 0, 0
2189000, 218, 0, 0
2190000, 208, 0, 0
2190999, 196, 0, 0
2192000, 206, 0, 0
2193000, 182, 0, 0
2194000, 210, 0, 0
2195000, 204, 0, 0
2196000, 187, 0, 0
2196999, 202, 0, 0
2198000, 192, 0, 0
2199000, 199, 0, 0
2200000, 203, 0, 0
2201000, 212, 0, 0
2202000, 215, 0, 0
2202999, 186, 0, 0
2203999, 215, 0, 0
2205000, 194, 0, 0
2206000, 194, 0, 0
2207000, 194, 0, 0
2208000, 198, 0, 0
2209000, 219, 0, 0
2209999, 203, 0, 0
2211000, 194, 0, 0
2212000, 193, 0, 0
2213000, 204, 0, 0
2214000, 211, 0, 0
2215000, 194, 0, 0
2215999, 180, 0, 0
2216999, 189, 0, 0
2218000, 221, 0, 0
2219000, 176, 0, 0
2220000, 194, 0, 0
2221000, 213, 0, 0
2222000, 207, 0, 0
2222999, 204, 0, 0
2223999, 213, 0, 0
2225000, 214, 0, 0
2226000, 215, 0, 0
2227000, 194, 0, 0
2228000, 197, 0, 0
2229000, 170, 0, 0
2229999, 202, 0, 0
2231000, 202, 0, 0
2232000, 194, 0, 0
2233000, 205, 0, 0
2234000, 203, 0, 0
2235000, 192, 0, 0
2235999, 164, 0, 0
2236999, 205, 0, 0
2238000, 215, 0, 0
2239000, 200, 0, 0
2240000, 177, 0, 0
2241000, 179, 0, 0
2242000, 215, 0, 0
2242999, 196, 0, 0
2244000, 191, 0, 0
2245000, 199, 0, 0
2246000, 211, 0, 0
2247000, 225, 0, 0
2248000, 205, 0, 0
2248999, 183, 0, 0
2250000, 181, 0, 0
2251000, 209, 0, 0
2252000, 193, 0, 0
2253000, 198, 0, 0
2254000, 201, 0, 0
2254999, 188, 0, 0
2255999, 212, 0, 0
2257000, 203, 0, 0
2258000, 213, 0, 0
2259000, 194, 0, 0
2260000, 209, 0, 0
2261000, 208, 0, 0
2261999, 206, 0, 0
2263000, 211, 0, 0
2264000, 205, 0, 0
2265000, 193, 0, 0
2266000, 196, 0, 0
2266999, 220, 0, 0
2268000, 200, 0, 0
2269000, 208, 0, 0
2270000, 200, 0, 0
2271000, 188, 0, 0
2272000, 196, 0, 0
2272999, 199, 0, 0
2274000, 183, 0, 0
2275000, 227, 0, 0
2276000, 205, 0, 0
2277000, 184, 0, 0
2278000, 191, 0, 0
2279000, 197, 0, 0
2279999, 194, 0, 0
2281000, 182, 0, 0
2282000, 201, 0, 0
2283000, 213, 0, 0
2284000, 191, 0, 0
2285000, 212, 0, 0
2285999, 201, 0, 0
2287000, 215, 0, 0
2288000, 203, 0, 0
2289000, 196, 0, 0
2290000, 181, 0, 0
2291000, 193, 0, 0
2291999, 201, 0, 0
2293000, 204, 0, 0
2294000, 214, 0, 0
2295000, 206, 0, 0
2296000, 213, 0, 0
2297000, 191, 0, 0
2298000, 188, 0, 0
2298999, 210, 0, 0
2300000, 200, 0, 0
2301000, 205, 0, 0
2302000, 218, 0, 0
2303000, 178, 0, 0
2304000, 204, 0, 0
2304999, 200, 0, 0
2306000, 206, 0, 0
2307000, 202, 0, 0
2308000, 181, 0, 0
2309000, 194, 0, 0
2310000, 197, 0, 0
2310999, 230, 0, 0
2311999, 200, 0, 0
2313000, 198, 0, 0
2314000, 206, 0, 0
2315000, 212, 0, 0
2316000, 173, 0, 0
2317000, 205, 0, 0
2317999, 193, 0, 0
2319000, 216, 0, 0
2320000, 214, 0, 0
2321000, 188, 0, 0
2322000, 214, 0, 0
2323000, 196, 0, 0
2323999, 178, 0, 0
2325000, 211, 0, 0
2326000, 177, 0, 0
2327000, 221, 0, 0
2328000, 161, 0, 0
2329000, 191, 0, 0
2329999, 178, 0, 0
2330999, 180, 0, 0
2332000, 197, 0, 0
2333000, 201, 0, 0
2334000, 193, 0, 0
2335000, 197, 0, 0
2335999, 196, 0, 0
2336999, 226, 0, 0
2338000, 217, 0, 0
2339000, 204, 0, 0
2340000, 203, 0, 0
2341000, 194, 0, 0
2342000, 206, 0, 0
2342999, 181, 0, 0
2343999, 218, 0, 0
2345000, 201, 0, 0
2346000, 191, 0, 0
2347000, 208, 0, 0
2348000, 193, 0, 0
2348999, 171, 0, 0
2349999, 196, 0, 0
2351000, 176, 0, 0
2352000, 195, 0, 0
2353000, 196, 0, 0
2354000, 183, 0, 0
2355000, 181, 0, 0
2356000, 206, 0, 0
2357000, 182, 0, 0
2358000, 194, 0, 0
2359000, 181, 0, 0
2360000, 197, 0, 0
2360999, 180, 0, 0
2361999, 200, 0, 0
2363000, 184, 0, 0
2364000, 188, 0, 0
2365000, 208, 0, 0
2366000, 182, 0, 0
2366999, 202, 0, 0
2368000, 207, 0, 0
2369000, 211, 0, 0
2370000, 219, 0, 0
2371000, 196, 0, 0
2372000, 195, 0, 0
2373000, 196, 0, 0
2373999, 195, 0, 0
2375000, 182, 0, 0
2376000, 227, 0, 0
2377000, 185, 0, 0
2378000, 200, 0, 0
2379000, 216, 0, 0
2379999, 190, 0, 0
2381000, 199, 0, 0
2382000, 193, 0, 0
2383000, 216, 0, 0
2384000, 207, 0, 0
2385000, 196, 0, 0
2385999, 220, 0, 0
2387000, 188, 0, 0
2388000, 186, 0, 0
2389000, 193, 0, 0
2390000, 197, 0, 0
2391000, 175, 0, 0
2391999, 193, 0, 0
2392999, 205, 0, 0
2394000, 180, 0, 0
2395000, 201, 0, 0
2396000, 199, 0, 0
2397000, 205, 0, 0
2398000, 209, 0, 0
2398999, 184, 0, 0
2400000, 188, 0, 0
