1029, 128465931, 0, 0
2043, 175187793, 0, 0
3005, 400399480, 0, 0
4059, 169416435, 0, 0
5000, 146258415, 0, 0
6024, 108632911, 0, 0
7035, 263599137, 0, 0
8055, 171080012, 0, 0
9044, 220850297, 0, 0
10020, 191433478, 0, 0
11056, 388739793, 0, 0
12054, 203334942, 0, 0
13009, 167125556, 0, 0
14049, 220078395, 0, 0
15036, 213040941, 0, 0
16010, 324922369, 0, 0
17044, 270732388, 0, 0
18047, 345016609, 0, 0
19024, 342008344, 0, 0
20039, 306706740, 0, 0
21062, 233234933, 0, 0
22008, 114571753, 0, 0
23035, 147671717, 0, 0
24010, 270332284, 0, 0
25011, 61241343, 0, 0
26042, 211064086, 0, 0
27052, 203994622, 0, 0
28020, 309155903, 0, 0
29052, 291937395, 0, 0
30060, 291665958, 0, 0
31005, 143621528, 0, 0
32027, 348641751, 0, 0
33057, 226929171, 0, 0
34024, 114200019, 0, 0
35030, 109944728, 0, 0
36013, 161430147, 0, 0
37010, 134993629, 0, 0
38045, 151203458, 0, 0
39043, 196163990, 0, 0
40012, 180669159, 0, 0
41045, 250825879, 0, 0
42014, 140785774, 0, 0
43009, 218457522, 0, 0
44012, 205702896, 0, 0
45040, 192544855, 0, 0
46045, 325767127, 0, 0
47020, 234362988, 0, 0
48014, 207048521, 0, 0
49028, 239619480, 0, 0
50027, 63154334, 0, 0
51006, 398982343, 0, 0
52055, 301525950, 0, 0
53016, 144849723, 0, 0
54056, 146384574, 0, 0
55000, 178105054, 0, 0
56037, 110559255, 0, 0
57008, 119325998, 0, 0
58032, 260429626, 0, 0
59029, 301550673, 0, 0
60034, 184256798, 0, 0
61027, 157819475, 0, 0
62052, 129571846, 0, 0
63027, 332758217, 0, 0
64054, 198206937, 0, 0
65007, 346781361, 0, 0
66042, 115576359, 0, 0
67000, 345536306, 0, 0
68024, 373580868, 0, 0
69049, 221538845, 0, 0
70022, 214047011, 0, 0
71002, 323802454, 0, 0
72045, 190873305, 0, 0
73040, 205200948, 0, 0
74042, 291164036, 0, 0
75042, 295663431, 0, 0
76002, 360846419, 0, 0
77010, 422067757, 0, 0
78042, 327489110, 0, 0
79027, 177772628, 0, 0
80035, 159714489, 0, 0
81057, 327594111, 0, 0
82050, 116937611, 0, 0
83029, 178838617, 0, 0
84050, 187536938, 0, 0
85038, 426512829, 0, 0
86021, 214084579, 0, 0
87053, 186760252, 0, 0
88064, 162424356, 0, 0
89044, 191842207, 0, 0
90059, 269720790, 0, 0
91041, 202208674, 0, 0
92058, 187035123, 0, 0
93056, 284171950, 0, 0
94042, 155413371, 0, 0
95045, 341954007, 0, 0
96061, 166906698, 0, 0
97051, 159426251, 0, 0
98059, 159263884, 0, 0
99047, 273430040, 0, 0
100045, 148088078, 0, 0
101036, 245911790, 0, 0
102042, 335368712, 0, 0
103009, 402711061, 0, 0
104000, 285364348, 0, 0
105046, 179488048, 0, 0
106019, 259844053, 0, 0
107018, 332064761, 0, 0
108020, 330169540, 0, 0
109053, 96885008, 0, 0
110000, 282404966, 0, 0
111054, 130177128, 0, 0
112044, 245866477, 0, 0
113041, 354068976, 0, 0
114041, 293061004, 0, 0
115028, 152570536, 0, 0
116020, 313642698, 0, 0
117056, 337879299, 0, 0
118051, 87271344, 0, 0
119048, 281378260, 0, 0
120033, 139152481, 0, 0
121007, 160721553, 0, 0
122013, 406919340, 0, 0
123042, 205753840, 0, 0
124062, 176388668, 0, 0
125017, 150245687, 0, 0
126064, 335092580, 0, 0
127013, 181428464, 0, 0
128034, 258088298, 0, 0
129029, 230911078, 0, 0
130041, 256776481, 0, 0
131018, 115204092, 0, 0
132056, 327298390, 0, 0
133051, 396041520, 0, 0
134019, 170727243, 0, 0
135008, 337257502, 0, 0
136038, 289165818, 0, 0
137060, 305481880, 0, 0
138024, 292461964, 0, 0
139024, 172128958, 0, 0
140024, 293523491, 0, 0
141057, 378446846, 0, 0
142051, 394739662, 0, 0
143017, 156456732, 0, 0
144051, 265203229, 0, 0
145026, 237251080, 0, 0
146024, 367285857, 0, 0
147050, 325817812, 0, 0
148024, 378173640, 0, 0
149018, 330297214, 0, 0
150046, 205776617, 0, 0
151004, 189318644, 0, 0
152030, 248708703, 0, 0
153010, 310948678, 0, 0
154030, 266002002, 0, 0
155048, 342433084, 0, 0
156049, 319518722, 0, 0
157017, 209770205, 0, 0
158039, 126399896, 0, 0
159038, 332439378, 0, 0
160041, 284907341, 0, 0
161027, 279684859, 0, 0
162055, 203462620, 0, 0
163043, 302278573, 0, 0
164041, 233079650, 0, 0
165032, 310165799, 0, 0
166033, 282148918, 0, 0
167040, 208822739, 0, 0
168043, 232689376, 0, 0
169010, 182808307, 0, 0
170054, 187449783, 0, 0
171037, 360366939, 0, 0
172027, 220180404, 0, 0
173016, 325082492, 0, 0
174039, 274043278, 0, 0
175047, 281345881, 0, 0
176043, 349525158, 0, 0
177023, 270587327, 0, 0
178025, 207201139, 0, 0
179059, 313134187, 0, 0
180061, 278180733, 0, 0
181010, 290288220, 0, 0
182022, 335388661, 0, 0
183033, 361473377, 0, 0
184013, 367672821, 0, 0
185051, 348264382, 0, 0
186041, 376215210, 0, 0
187014, 269216229, 0, 0
188001, 320513561, 0, 0
189010, 269330995, 0, 0
190066, 316837159, 0, 0
191042, 359151803, 0, 0
192052, 253405337, 0, 0
193024, 264002203, 0, 0
194005, 292870913, 0, 0
195034, 236899187, 0, 0
196002, 336168951, 0, 0
197046, 280442293, 0, 0
198039, 256324544, 0, 0
199029, 339625603, 0, 0
200048, 258265336, 0, 0
201025, 242122684, 0, 0
202002, 325568234, 0, 0
203012, 343984459, 0, 0
204053, 362625962, 0, 0
205015, 343042045, 0, 0
206029, 282786710, 0, 0
207000, 313381144, 0, 0
208055, 251908116, 0, 0
209049, 352023574, 0, 0
210059, 208917384, 0, 0
211005, 271403228, 0, 0
212006, 305326880, 0, 0
213057, 315040073, 0, 0
214057, 299720946, 0, 0
215043, 340477818, 0, 0
216060, 334841949, 0, 0
217053, 222185753, 0, 0
218056, 293598291, 0, 0
219036, 279096295, 0, 0
220014, 265652993, 0, 0
221035, 346406194, 0, 0
222027, 339894390, 0, 0
223026, 331693597, 0, 0
224000, 337089238, 0, 0
225051, 295466943, 0, 0
226021, 321506410, 0, 0
227010, 263078435, 0, 0
228057, 228352513, 0, 0
229024, 209724933, 0, 0
230017, 300507378, 0, 0
231010, 321475419, 0, 0
232065, 338364712, 0, 0
233006, 252325166, 0, 0
234022, 282855614, 0, 0
235016, 288685644, 0, 0
236058, 277751179, 0, 0
237068, 351787196, 0, 0
238044, 254015685, 0, 0
239055, 315066935, 0, 0
240027, 322507976, 0, 0
241032, 364843878, 0, 0
242014, 313290107, 0, 0
243001, 327342822, 0, 0
244018, 261041952, 0, 0
245005, 303819198, 0, 0
246054, 255480922, 0, 0
247058, 250072896, 0, 0
248017, 297834997, 0, 0
249050, 331072903, 0, 0
250055, 213264135, 0, 0
251032, 241662257, 0, 0
252025, 234409250, 0, 0
253045, 271715811, 0, 0
254025, 288970025, 0, 0
255039, 333496157, 0, 0
256026, 329305345, 0, 0
257019, 248224761, 0, 0
258015, 219066577, 0, 0
259033, 232482687, 0, 0
260017, 297139481, 0, 0
261012, 194169122, 0, 0
262020, 256181219, 0, 0
263057, 307173757, 0, 0
264021, 250786147, 0, 0
265020, 338069557, 0, 0
266035, 334676810, 0, 0
267017, 300327558, 0, 0
268022, 225158050, 0, 0
269061, 295843583, 0, 0
270019, 251516873, 0, 0
271057, 315332492, 0, 0
272019, 308199733, 0, 0
273004, 281592810, 0, 0
274064, 319342198, 0, 0
275032, 314219481, 0, 0
276033, 288337060, 0, 0
277042, 211754593, 0, 0
278060, 245421837, 0, 0
279042, 300328995, 0, 0
280001, 232679607, 0, 0
281030, 288563864, 0, 0
282021, 277744764, 0, 0
283001, 305568327, 0, 0
284056, 327047688, 0, 0
285014, 256277516, 0, 0
286032, 211109939, 0, 0
287008, 242300142, 0, 0
288045, 267469866, 0, 0
289052, 195960622, 0, 0
290017, 237895609, 0, 0
291015, 326713448, 0, 0
292014, 316661959, 0, 0
293049, 315306697, 0, 0
294044, 311245000, 0, 0
295067, 316618183, 0, 0
296046, 308012576, 0, 0
297022, 381316402, 0, 0
298054, 233395633, 0, 0
299026, 342812160, 0, 0
300005, 315839320, 0, 0
301060, 349439050, 0, 0
302022, 303181176, 0, 0
303013, 297808481, 0, 0
304042, 270518067, 0, 0
305017, 278775467, 0, 0
306033, 247229669, 0, 0
307053, 235398404, 0, 0
308036, 301163178, 0, 0
309010, 302212736, 0, 0
310051, 317964004, 0, 0
311006, 308031060, 0, 0
312015, 308427921, 0, 0
313057, 237865638, 0, 0
314035, 307513157, 0, 0
315025, 274092358, 0, 0
316039, 278887268, 0, 0
317044, 272522298, 0, 0
318038, 294683428, 0, 0
319037, 317209689, 0, 0
320058, 346840645, 0, 0
321014, 309245195, 0, 0
322028, 267887506, 0, 0
323000, 278772861, 0, 0
324057, 254935722, 0, 0
325063, 301200205, 0, 0
326026, 297839342, 0, 0
327030, 244339908, 0, 0
328035, 271371160, 0, 0
329000, 271852339, 0, 0
330021, 278239600, 0, 0
331052, 294351743, 0, 0
332019, 266093565, 0, 0
333046, 261983256, 0, 0
334047, 250721595, 0, 0
335028, 233106383, 0, 0
336043, 297442668, 0, 0
337041, 255832306, 0, 0
338053, 328494068, 0, 0
339040, 289242299, 0, 0
340003, 304783447, 0, 0
341049, 278149360, 0, 0
342054, 278484703, 0, 0
343050, 305073653, 0, 0
344005, 301590396, 0, 0
345005, 239596268, 0, 0
346033, 293784741, 0, 0
347036, 303167548, 0, 0
348043, 303436127, 0, 0
349032, 317003948, 0, 0
350033, 317908034, 0, 0
351046, 261198050, 0, 0
352035, 250273799, 0, 0
353028, 282177708, 0, 0
354025, 274748938, 0, 0
355034, 219849543, 0, 0
356034, 257950295, 0, 0
357025, 293126388, 0, 0
358033, 238612935, 0, 0
359057, 311176798, 0, 0
360048, 230013536, 0, 0
361019, 294853374, 0, 0
362062, 277743998, 0, 0
363037, 308107999, 0, 0
364024, 229594524, 0, 0
365011, 255406454, 0, 0
366025, 295327894, 0, 0
367035, 232122036, 0, 0
368037, 274840782, 0, 0
369052, 243125973, 0, 0
370004, 237751067, 0, 0
371055, 269968674, 0, 0
372037, 248628982, 0, 0
373035, 253620785, 0, 0
374049, 289867423, 0, 0
375042, 274918185, 0, 0
376027, 281206049, 0, 0
377042, 267112225, 0, 0
378029, 257898439, 0, 0
379023, 236003782, 0, 0
380017, 226586266, 0, 0
381037, 251762741, 0, 0
382058, 247949380, 0, 0
383035, 276485380, 0, 0
384049, 262368582, 0, 0
385059, 275555814, 0, 0
386059, 272606707, 0, 0
387021, 307149227, 0, 0
388057, 251114777, 0, 0
389033, 263533464, 0, 0
390012, 286570235, 0, 0
391050, 276412440, 0, 0
392056, 301435548, 0, 0
393050, 268721921, 0, 0
394054, 269615925, 0, 0
395042, 276786274, 0, 0
396053, 269691523, 0, 0
397033, 300266114, 0, 0
398024, 283175063, 0, 0
399011, 236278565, 0, 0
400000, 228617355, 0, 0
401000, 277444244, 0, 0
402038, 244553862, 0, 0
403061, 255880169, 0, 0
404041, 255183764, 0, 0
405002, 263606474, 0, 0
406049, 279425583, 0, 0
407011, 248017897, 0, 0
408042, 241076289, 0, 0
409041, 279953934, 0, 0
410044, 301656785, 0, 0
411003, 277381016, 0, 0
412034, 260459784, 0, 0
413055, 266242030, 0, 0
414089, 274764251, 0, 0
415022, 299269230, 0, 0
416043, 266085094, 0, 0
417039, 269685954, 0, 0
418018, 275298677, 0, 0
419023, 252477645, 0, 0
420006, 246875881, 0, 0
421056, 242863705, 0, 0
422030, 236303635, 0, 0
423011, 244710339, 0, 0
424043, 250116988, 0, 0
425056, 234610475, 0, 0
426004, 321753307, 0, 0
427003, 279326744, 0, 0
428030, 229537061, 0, 0
429051, 251783036, 0, 0
430051, 255778277, 0, 0
431008, 278927190, 0, 0
432005, 283995455, 0, 0
433021, 295156685, 0, 0
434055, 271389532, 0, 0
435006, 280415312, 0, 0
436024, 272506897, 0, 0
437003, 287050945, 0, 0
438018, 295974489, 0, 0
439010, 266905721, 0, 0
440001, 258022537, 0, 0
441037, 246843611, 0, 0
442017, 260852214, 0, 0
443030, 245780535, 0, 0
444021, 285760246, 0, 0
445060, 290308882, 0, 0
446013, 271035675, 0, 0
447046, 292577581, 0, 0
448004, 282358907, 0, 0
449052, 283471612, 0, 0
450047, 277804353, 0, 0
451021, 238764033, 0, 0
452053, 230878852, 0, 0
453041, 225399780, 0, 0
454028, 267638785, 0, 0
455037, 266024866, 0, 0
456049, 236451726, 0, 0
457047, 248824305, 0, 0
458040, 261381895, 0, 0
459013, 236268903, 0, 0
460014, 233512412, 0, 0
461035, 230489444, 0, 0
462012, 251655011, 0, 0
463050, 262600738, 0, 0
464038, 282697000, 0, 0
465055, 268168688, 0, 0
466008, 254226532, 0, 0
467019, 264791103, 0, 0
468043, 276356453, 0, 0
469019, 288956339, 0, 0
470019, 256378219, 0, 0
471048, 251051311, 0, 0
472017, 249700331, 0, 0
473064, 247037824, 0, 0
474002, 280552442, 0, 0
475039, 263565420, 0, 0
476061, 224843936, 0, 0
477038, 231025332, 0, 0
478050, 247951219, 0, 0
479002, 239021964, 0, 0
480018, 255615564, 0, 0
481043, 260693549, 0, 0
482027, 258036365, 0, 0
483062, 263043445, 0, 0
484035, 271240846, 0, 0
485000, 247808811, 0, 0
486041, 246796427, 0, 0
487007, 244810288, 0, 0
488040, 230875433, 0, 0
489012, 243783587, 0, 0
490027, 271955782, 0, 0
491012, 244953130, 0, 0
492045, 251006005, 0, 0
493046, 291305071, 0, 0
494050, 275848700, 0, 0
495039, 265328838, 0, 0
496003, 259116828, 0, 0
497064, 285040233, 0, 0
498047, 247464412, 0, 0
499042, 277141423, 0, 0
500037, 229588014, 0, 0
501019, 294428210, 0, 0
502022, 250906224, 0, 0
503054, 239507767, 0, 0
504015, 254503653, 0, 0
505051, 247805981, 0, 0
506054, 273348042, 0, 0
507035, 241331530, 0, 0
508026, 256097944, 0, 0
509036, 254627914, 0, 0
510000, 266374050, 0, 0
511120, 243476650, 0, 0
512056, 281706103, 0, 0
513057, 264177715, 0, 0
514026, 246291092, 0, 0
515013, 250463741, 0, 0
516004, 280772173, 0, 0
517065, 232675759, 0, 0
518010, 222065070, 0, 0
519000, 257324563, 0, 0
520022, 229864000, 0, 0
521046, 245289430, 0, 0
522009, 242756799, 0, 0
523017, 258620192, 0, 0
524060, 283838826, 0, 0
525011, 310258162, 0, 0
526001, 294627083, 0, 0
527049, 283350197, 0, 0
528052, 241130508, 0, 0
529062, 254600106, 0, 0
530041, 280637624, 0, 0
531054, 274686320, 0, 0
532043, 246762257, 0, 0
533012, 277734807, 0, 0
534006, 239512610, 0, 0
535052, 233047648, 0, 0
536002, 225421172, 0, 0
537005, 268738278, 0, 0
538018, 260842870, 0, 0
539012, 237778181, 0, 0
540046, 260383895, 0, 0
541020, 248875827, 0, 0
542051, 257778694, 0, 0
543017, 268683226, 0, 0
544054, 257153718, 0, 0
545018, 274494339, 0, 0
546015, 252421432, 0, 0
547041, 286653227, 0, 0
548049, 215246039, 0, 0
549021, 253154607, 0, 0
550003, 236298380, 0, 0
551001, 238880668, 0, 0
552027, 228631079, 0, 0
553003, 235464518, 0, 0
554013, 249025933, 0, 0
555015, 298996937, 0, 0
556015, 239079405, 0, 0
557030, 246343210, 0, 0
558038, 270206412, 0, 0
559039, 246198595, 0, 0
560042, 235933674, 0, 0
561011, 249101072, 0, 0
562030, 227120511, 0, 0
563044, 278791136, 0, 0
564005, 209132614, 0, 0
565051, 268959039, 0, 0
566003, 254625786, 0, 0
567057, 261687919, 0, 0
568020, 247545141, 0, 0
569007, 261503168, 0, 0
570013, 261826217, 0, 0
571053, 243189668, 0, 0
572040, 257610348, 0, 0
573048, 264068573, 0, 0
574015, 249841844, 0, 0
575022, 242790416, 0, 0
576021, 247888520, 0, 0
577058, 244492509, 0, 0
578025, 285332396, 0, 0
579045, 252193237, 0, 0
580030, 264591022, 0, 0
581039, 254152939, 0, 0
582042, 243635643, 0, 0
583046, 242106147, 0, 0
584045, 271954719, 0, 0
585028, 286234503, 0, 0
586017, 238467075, 0, 0
587044, 245604132, 0, 0
588023, 253263006, 0, 0
589053, 274048777, 0, 0
590078, 277307039, 0, 0
591040, 271169783, 0, 0
592036, 298372514, 0, 0
593018, 269638017, 0, 0
594040, 268113235, 0, 0
595047, 274576169, 0, 0
596006, 251425419, 0, 0
597058, 267100772, 0, 0
598059, 246217635, 0, 0
599001, 263022054, 0, 0
600027, 253211574, 0, 0
601024, 256282110, 0, 0
602018, 230058364, 0, 0
603015, 257132971, 0, 0
604019, 268737372, 0, 0
605013, 257426641, 0, 0
606009, 276571897, 0, 0
607018, 267574933, 0, 0
608044, 250587506, 0, 0
609038, 271057112, 0, 0
610009, 255158052, 0, 0
611048, 267709775, 0, 0
612033, 262202194, 0, 0
613018, 217447810, 0, 0
614023, 246349167, 0, 0
615033, 255865413, 0, 0
616048, 242124667, 0, 0
617004, 242272964, 0, 0
618043, 276097587, 0, 0
619006, 281803409, 0, 0
620003, 264976620, 0, 0
621026, 231710007, 0, 0
622040, 218583485, 0, 0
623032, 230873132, 0, 0
624031, 250584667, 0, 0
625052, 285277843, 0, 0
626028, 295432819, 0, 0
627012, 267150053, 0, 0
628009, 283991168, 0, 0
629052, 274771408, 0, 0
630019, 266511011, 0, 0
631009, 242209724, 0, 0
632015, 241109590, 0, 0
633019, 262420641, 0, 0
634006, 254787821, 0, 0
635043, 252349734, 0, 0
636046, 307803797, 0, 0
637030, 239643335, 0, 0
638046, 259517101, 0, 0
639038, 248907775, 0, 0
640014, 262522979, 0, 0
641007, 221550414, 0, 0
642023, 238306403, 0, 0
643014, 246961235, 0, 0
644005, 226125553, 0, 0
645022, 249465605, 0, 0
646026, 260246928, 0, 0
647001, 217930842, 0, 0
648031, 243841699, 0, 0
649002, 286475504, 0, 0
650018, 257036328, 0, 0
651014, 242858370, 0, 0
652010, 294259251, 0, 0
653000, 301901158, 0, 0
654039, 322651866, 0, 0
655020, 293361987, 0, 0
656051, 248666926, 0, 0
657016, 266328101, 0, 0
658013, 255825100, 0, 0
659018, 258162245, 0, 0
660023, 263186863, 0, 0
661032, 247519086, 0, 0
662019, 236128776, 0, 0
663003, 255232033, 0, 0
664038, 219436984, 0, 0
665062, 262479304, 0, 0
666041, 251278912, 0, 0
667009, 256823718, 0, 0
668007, 270688071, 0, 0
669014, 257804162, 0, 0
670041, 259502134, 0, 0
671052, 245655669, 0, 0
672020, 252997864, 0, 0
673030, 259707223, 0, 0
674003, 252131296, 0, 0
675000, 252110197, 0, 0
676038, 266326461, 0, 0
677037, 276589889, 0, 0
678002, 288514433, 0, 0
679066, 217939866, 0, 0
680044, 214228758, 0, 0
681026, 237485880, 0, 0
682031, 277372097, 0, 0
683043, 241068958, 0, 0
684057, 248008697, 0, 0
685038, 263121782, 0, 0
686057, 249925248, 0, 0
687040, 254430265, 0, 0
688058, 240965649, 0, 0
689036, 244112647, 0, 0
690043, 279984936, 0, 0
691045, 291472415, 0, 0
692027, 270775443, 0, 0
693014, 248493955, 0, 0
694033, 246917680, 0, 0
695037, 279221190, 0, 0
696020, 264345814, 0, 0
697043, 264486481, 0, 0
698060, 294206284, 0, 0
699015, 237682371, 0, 0
700032, 262920436, 0, 0
701032, 258184837, 0, 0
702015, 273195633, 0, 0
703009, 257163704, 0, 0
704025, 240305117, 0, 0
705043, 242145895, 0, 0
706038, 251347488, 0, 0
707003, 244391374, 0, 0
708016, 242288387, 0, 0
709058, 247813821, 0, 0
710055, 265788270, 0, 0
711022, 300495681, 0, 0
712012, 230485129, 0, 0
713054, 224858106, 0, 0
714003, 252345632, 0, 0
715019, 240292366, 0, 0
716042, 247702408, 0, 0
717047, 273645077, 0, 0
718020, 262813722, 0, 0
719050, 285310536, 0, 0
720010, 290218764, 0, 0
721049, 239690638, 0, 0
722043, 262189743, 0, 0
723050, 212978054, 0, 0
724048, 267036823, 0, 0
725011, 270143037, 0, 0
726026, 292657769, 0, 0
727030, 232635336, 0, 0
728048, 242214416, 0, 0
729022, 276069822, 0, 0
730020, 258576583, 0, 0
731055, 261343158, 0, 0
732030, 260314993, 0, 0
733022, 249639102, 0, 0
734001, 235904084, 0, 0
735062, 236129386, 0, 0
736003, 272279068, 0, 0
737041, 236322884, 0, 0
738030, 235847551, 0, 0
739013, 222981237, 0, 0
740065, 251251581, 0, 0
741018, 269415685, 0, 0
742014, 246298188, 0, 0
743034, 258095714, 0, 0
744012, 282583365, 0, 0
745018, 271086337, 0, 0
746047, 254502082, 0, 0
747050, 249917458, 0, 0
748030, 232136371, 0, 0
749044, 264093494, 0, 0
750018, 274452674, 0, 0
751008, 262531909, 0, 0
752043, 236590928, 0, 0
753059, 243924566, 0, 0
754053, 279599974, 0, 0
755001, 254140430, 0, 0
756012, 258172939, 0, 0
757038, 240007784, 0, 0
758036, 289905881, 0, 0
759020, 279196026, 0, 0
760029, 288037246, 0, 0
761044, 255608013, 0, 0
762027, 236586453, 0, 0
763030, 244535687, 0, 0
764046, 242719265, 0, 0
765039, 260307302, 0, 0
766055, 263218595, 0, 0
767057, 265194947, 0, 0
768029, 223384762, 0, 0
769053, 244723271, 0, 0
770064, 269136675, 0, 0
771054, 261464832, 0, 0
772010, 305018213, 0, 0
773030, 263617233, 0, 0
774062, 239990436, 0, 0
775023, 261199915, 0, 0
776058, 281054538, 0, 0
777009, 232828989, 0, 0
778046, 253393511, 0, 0
779003, 271943028, 0, 0
780034, 222359433, 0, 0
781029, 235803294, 0, 0
782016, 240339386, 0, 0
783064, 270419793, 0, 0
784038, 229246687, 0, 0
785025, 261802378, 0, 0
786050, 243496167, 0, 0
787055, 270251648, 0, 0
788036, 238060632, 0, 0
789002, 261046688, 0, 0
790002, 244851236, 0, 0
791059, 273249150, 0, 0
792013, 247330930, 0, 0
793020, 252885176, 0, 0
794000, 240336413, 0, 0
795050, 264045662, 0, 0
796027, 242546637, 0, 0
797040, 251885763, 0, 0
798029, 276629350, 0, 0
799050, 261124690, 0, 0
800034, 277447244, 0, 0
801042, 238106059, 0, 0
802024, 238473482, 0, 0
803002, 251207172, 0, 0
804048, 275593491, 0, 0
805030, 246089933, 0, 0
806037, 239366813, 0, 0
807002, 277452885, 0, 0
808054, 246426744, 0, 0
809047, 241876755, 0, 0
810016, 265746620, 0, 0
811052, 238417308, 0, 0
812032, 263371581, 0, 0
813022, 246905278, 0, 0
814012, 253702338, 0, 0
815034, 255986712, 0, 0
816023, 268389990, 0, 0
817035, 229081094, 0, 0
818044, 234668868, 0, 0
819048, 252355148, 0, 0
820013, 266694744, 0, 0
821049, 245223836, 0, 0
822038, 267519225, 0, 0
823043, 282583796, 0, 0
824024, 267233028, 0, 0
825054, 217261125, 0, 0
826027, 256462558, 0, 0
827040, 263846655, 0, 0
828046, 292942020, 0, 0
829018, 291853414, 0, 0
830034, 225832921, 0, 0
831015, 253018850, 0, 0
832055, 260034581, 0, 0
833061, 239811920, 0, 0
834008, 287373837, 0, 0
835008, 275186520, 0, 0
836037, 257033569, 0, 0
837071, 270110283, 0, 0
838072, 266428683, 0, 0
839010, 249495758, 0, 0
840019, 263482305, 0, 0
841055, 232461680, 0, 0
842041, 239464167, 0, 0
843016, 267235545, 0, 0
844039, 275425837, 0, 0
845040, 235139620, 0, 0
846054, 253478386, 0, 0
847004, 278188305, 0, 0
848045, 258839298, 0, 0
849037, 253220175, 0, 0
850048, 257516433, 0, 0
851062, 299596414, 0, 0
852006, 273772711, 0, 0
853046, 256771215, 0, 0
854016, 248392189, 0, 0
855062, 303097235, 0, 0
856012, 295577139, 0, 0
857031, 272544333, 0, 0
858022, 224399731, 0, 0
859049, 236596856, 0, 0
860015, 251377038, 0, 0
861063, 264503962, 0, 0
862023, 274641925, 0, 0
863004, 264037180, 0, 0
864002, 264756880, 0, 0
865007, 246071911, 0, 0
866013, 234036203, 0, 0
867041, 224045558, 0, 0
868066, 252615718, 0, 0
869031, 271379680, 0, 0
870051, 283848381, 0, 0
871026, 266167658, 0, 0
872038, 254679618, 0, 0
873048, 234113194, 0, 0
874061, 250199138, 0, 0
875030, 238335989, 0, 0
876058, 241221284, 0, 0
877059, 252380679, 0, 0
878011, 275760589, 0, 0
879045, 262505639, 0, 0
880054, 229430731, 0, 0
881035, 250608822, 0, 0
882018, 255158975, 0, 0
883059, 267178424, 0, 0
884030, 243425315, 0, 0
885045, 266191584, 0, 0
886035, 285626527, 0, 0
887015, 271454537, 0, 0
888025, 244361054, 0, 0
889018, 226341768, 0, 0
890007, 267415538, 0, 0
891036, 275483677, 0, 0
892004, 308601140, 0, 0
893041, 266248290, 0, 0
894035, 275812888, 0, 0
895018, 280490578, 0, 0
896020, 256488435, 0, 0
897052, 263349213, 0, 0
898018, 235371294, 0, 0
899042, 252454538, 0, 0
900020, 263855769, 0, 0
901059, 275193889, 0, 0
902058, 255762887, 0, 0
903025, 270732398, 0, 0
904060, 263595953, 0, 0
905031, 249007543, 0, 0
906044, 270060106, 0, 0
907018, 223736025, 0, 0
908060, 263610386, 0, 0
909031, 241753014, 0, 0
910022, 246920536, 0, 0
911034, 281071061, 0, 0
912065, 276874877, 0, 0
913010, 283956662, 0, 0
914060, 228241537, 0, 0
915005, 252090706, 0, 0
916065, 220515604, 0, 0
917050, 262989679, 0, 0
918011, 258094723, 0, 0
919012, 241797296, 0, 0
920041, 254152014, 0, 0
921035, 275437038, 0, 0
922031, 261072328, 0, 0
923044, 266053971, 0, 0
924021, 246403240, 0, 0
925057, 244242613, 0, 0
926048, 260937708, 0, 0
927029, 259492128, 0, 0
928041, 239829013, 0, 0
929046, 223253394, 0, 0
930015, 297478935, 0, 0
931052, 267502568, 0, 0
932010, 235088096, 0, 0
933011, 260697839, 0, 0
934006, 241549348, 0, 0
935055, 270733617, 0, 0
936037, 261266425, 0, 0
937050, 265097117, 0, 0
938023, 241364211, 0, 0
939017, 245368745, 0, 0
940023, 283171143, 0, 0
941000, 241146857, 0, 0
942025, 224630353, 0, 0
943056, 272902934, 0, 0
944063, 259837641, 0, 0
945004, 300873885, 0, 0
946001, 284224973, 0, 0
947028, 264582387, 0, 0
948006, 234995831, 0, 0
949037, 265470576, 0, 0
950007, 213856828, 0, 0
951047, 235419303, 0, 0
952061, 234919982, 0, 0
953048, 299186187, 0, 0
954000, 234102717, 0, 0
955046, 225386825, 0, 0
956003, 262940046, 0, 0
957000, 263169104, 0, 0
958029, 268127738, 0, 0
959043, 271456708, 0, 0
960032, 259713102, 0, 0
961057, 241790398, 0, 0
962004, 212978242, 0, 0
963056, 277736051, 0, 0
964000, 236875712, 0, 0
965007, 253843293, 0, 0
966021, 227015733, 0, 0
967051, 212007391, 0, 0
968049, 254692721, 0, 0
969056, 250382664, 0, 0
970054, 229926451, 0, 0
971058, 269240556, 0, 0
972013, 303286483, 0, 0
973020, 245675619, 0, 0
974019, 243995417, 0, 0
975021, 262766514, 0, 0
976016, 277657473, 0, 0
977007, 226755855, 0, 0
978059, 251087705, 0, 0
979053, 300730846, 0, 0
980003, 249955100, 0, 0
981019, 229022497, 0, 0
982038, 247379329, 0, 0
983032, 248088014, 0, 0
984023, 216259609, 0, 0
985039, 208797797, 0, 0
986010, 233530373, 0, 0
987053, 196672547, 0, 0
988055, 225555768, 0, 0
989049, 249649647, 0, 0
990010, 265068635, 0, 0
991056, 272108844, 0, 0
992003, 267635478, 0, 0
993049, 223007338, 0, 0
994056, 244512671, 0, 0
995027, 231604781, 0, 0
996044, 223401759, 0, 0
997001, 266870135, 0, 0
998052, 226050847, 0, 0
999022, 226926296, 0, 0
1000044, 228429060, 0, 0
1001020, 219886847, 0, 0
1002039, 286381206, 0, 0
1003027, 277600138, 0, 0
1004062, 251510208, 0, 0
1005024, 239113940, 0, 0
1006063, 248349744, 0, 0
1007009, 256671571, 0, 0
1008000, 242464604, 0, 0
1009019, 223725650, 0, 0
1010056, 253492204, 0, 0
1011008, 251256148, 0, 0
1012012, 222633911, 0, 0
1013016, 241068230, 0, 0
1014029, 289061252, 0, 0
1015027, 255129692, 0, 0
1016010, 232478352, 0, 0
1017009, 263451297, 0, 0
1018023, 277481417, 0, 0
1019046, 221317360, 0, 0
1020051, 218289374, 0, 0
1021035, 222940739, 0, 0
1022014, 246414102, 0, 0
1023040, 244243171, 0, 0
1024008, 228807164, 0, 0
1025033, 248922520, 0, 0
1026011, 240567866, 0, 0
1027029, 257521950, 0, 0
1028033, 273084386, 0, 0
1029030, 286889061, 0, 0
1030018, 215844988, 0, 0
1031059, 240184311, 0, 0
1032040, 244225990, 0, 0
1033044, 215478732, 0, 0
1034030, 220984198, 0, 0
1035024, 253404312, 0, 0
1036047, 228690191, 0, 0
1037011, 220058894, 0, 0
1038018, 241863619, 0, 0
1039033, 228772245, 0, 0
1040036, 232136421, 0, 0
1041030, 245632256, 0, 0
1042005, 218990665, 0, 0
1043046, 220772047, 0, 0
1044049, 238565250, 0, 0
1045037, 215779823, 0, 0
1046016, 201972396, 0, 0
1047040, 253960739, 0, 0
1048039, 235839428, 0, 0
1049003, 229076181, 0, 0
1050024, 204581718, 0, 0
1051000, 233451425, 0, 0
1052008, 226632582, 0, 0
1053034, 211279318, 0, 0
1054036, 235561380, 0, 0
1055034, 240989358, 0, 0
1056032, 224006539, 0, 0
1057022, 223613355, 0, 0
1058006, 182324085, 0, 0
1059009, 228520329, 0, 0
1060000, 217726423, 0, 0
1061024, 197162924, 0, 0
1062040, 256593444, 0, 0
1063008, 257585811, 0, 0
1064000, 195482966, 0, 0
1065005, 217370422, 0, 0
1066032, 237694492, 0, 0
1067010, 235476869, 0, 0
1068059, 205518099, 0, 0
1069044, 202291296, 0, 0
1070013, 219896357, 0, 0
1071038, 217004207, 0, 0
1072062, 205768863, 0, 0
1073060, 218463208, 0, 0
1074064, 219386939, 0, 0
1075029, 227030317, 0, 0
1076055, 247734533, 0, 0
1077032, 242006878, 0, 0
1078003, 214243526, 0, 0
1079000, 222876440, 0, 0
1080007, 261370712, 0, 0
1081028, 214897658, 0, 0
1082048, 230686799, 0, 0
1083037, 208551001, 0, 0
1084034, 224569567, 0, 0
1085058, 201738444, 0, 0
1086040, 224093125, 0, 0
1087013, 214698863, 0, 0
1088007, 216199021, 0, 0
1089057, 225331694, 0, 0
1090039, 225324522, 0, 0
1091002, 214968267, 0, 0
1092064, 204448045, 0, 0
1093029, 207899451, 0, 0
1094014, 217581604, 0, 0
1095042, 226931282, 0, 0
1096016, 220065402, 0, 0
1097017, 200493495, 0, 0
1098038, 226393329, 0, 0
1099033, 234778318, 0, 0
1100007, 213735525, 0, 0
1101052, 199514579, 0, 0
1102031, 218343261, 0, 0
1103002, 212702325, 0, 0
1104042, 199858778, 0, 0
1105022, 245972032, 0, 0
1106003, 219518123, 0, 0
1107054, 213778283, 0, 0
1108009, 216358716, 0, 0
1109059, 229396476, 0, 0
1110006, 216572143, 0, 0
1111044, 221360348, 0, 0
1112049, 221008086, 0, 0
1113002, 209413731, 0, 0
1114039, 258462975, 0, 0
1115052, 237112070, 0, 0
1116031, 232359667, 0, 0
1117027, 247447403, 0, 0
1118038, 210102978, 0, 0
1119008, 209952299, 0, 0
1120011, 224312247, 0, 0
1121053, 196829025, 0, 0
1122026, 202767798, 0, 0
1123046, 211380148, 0, 0
1124006, 206017321, 0, 0
1125000, 208607356, 0, 0
1126037, 211135426, 0, 0
1127003, 225756721, 0, 0
1128054, 227735713, 0, 0
1129039, 211421638, 0, 0
1130032, 200044230, 0, 0
1131045, 212578273, 0, 0
1132020, 227410978, 0, 0
1133019, 219032839, 0, 0
1134007, 190422854, 0, 0
1135032, 204132460, 0, 0
1136016, 250735679, 0, 0
1137010, 200657876, 0, 0
1138041, 233097287, 0, 0
1139020, 204058041, 0, 0
1140018, 216343295, 0, 0
1141032, 205547156, 0, 0
1142006, 209552057, 0, 0
1143037, 206573958, 0, 0
1144028, 210091800, 0, 0
1145043, 224162604, 0, 0
1146053, 221970632, 0, 0
1147036, 219924264, 0, 0
1148056, 221823580, 0, 0
1149040, 205001351, 0, 0
1150026, 226662226, 0, 0
1151047, 181842430, 0, 0
1152013, 210604087, 0, 0
1153004, 208051127, 0, 0
1154023, 213369613, 0, 0
1155050, 247978550, 0, 0
1156026, 206485148, 0, 0
1157000, 208768662, 0, 0
1158026, 210417038, 0, 0
1159003, 216373293, 0, 0
1160038, 211729159, 0, 0
1161008, 189304837, 0, 0
1162010, 216127223, 0, 0
1163059, 201046178, 0, 0
1164010, 226148211, 0, 0
1165057, 204235728, 0, 0
1166025, 205164254, 0, 0
1167006, 198045302, 0, 0
1168022, 226780444, 0, 0
1169053, 223741652, 0, 0
1170008, 204057424, 0, 0
1171003, 185742028, 0, 0
1172023, 201442836, 0, 0
1173025, 195966730, 0, 0
1174019, 200307080, 0, 0
1175059, 209245225, 0, 0
1176047, 216444794, 0, 0
1177035, 199202677, 0, 0
1178005, 191825932, 0, 0
1179059, 178119786, 0, 0
1180026, 224474772, 0, 0
1181019, 231224269, 0, 0
1182021, 211798884, 0, 0
1183022, 201132389, 0, 0
1184043, 233653152, 0, 0
1185042, 241748372, 0, 0
1186034, 219239721, 0, 0
1187021, 217288585, 0, 0
1188027, 199502075, 0, 0
1189012, 173108632, 0, 0
1190013, 218402405, 0, 0
1191008, 191280992, 0, 0
1192028, 176325301, 0, 0
1193050, 191865743, 0, 0
1194020, 198628237, 0, 0
1195056, 191692260, 0, 0
1196005, 178576486, 0, 0
1197015, 204992879, 0, 0
1198051, 211049585, 0, 0
1199051, 213086653, 0, 0
1200041, 200882061, 0, 0
1201057, 193163833, 0, 0
1202058, 206840570, 0, 0
1203004, 211427142, 0, 0
1204043, 205611371, 0, 0
1205016, 185040008, 0, 0
1206011, 194960543, 0, 0
1207062, 181707102, 0, 0
1208039, 192775552, 0, 0
1209050, 209534389, 0, 0
1210027, 206055140, 0, 0
1211017, 210943269, 0, 0
1212056, 193680404, 0, 0
1213055, 185700507, 0, 0
1214051, 200770865, 0, 0
1215057, 192119650, 0, 0
1216020, 192648164, 0, 0
1217042, 202097349, 0, 0
1218035, 190727432, 0, 0
1219008, 191017216, 0, 0
1220044, 189324853, 0, 0
1221016, 204174769, 0, 0
1222000, 201017986, 0, 0
1223004, 197100819, 0, 0
1224030, 168674525, 0, 0
1225006, 195364875, 0, 0
1226049, 210542586, 0, 0
1227047, 210226468, 0, 0
1228052, 227868234, 0, 0
1229016, 171952144, 0, 0
1230007, 206235262, 0, 0
1231018, 195842527, 0, 0
1232050, 178127108, 0, 0
1233001, 188705188, 0, 0
1234061, 200241897, 0, 0
1235050, 197683854, 0, 0
1236038, 184663027, 0, 0
1237028, 209475588, 0, 0
1238010, 168247853, 0, 0
1239053, 222340596, 0, 0
1240011, 188404367, 0, 0
1241052, 179524081, 0, 0
1242028, 186536692, 0, 0
1243008, 202175096, 0, 0
1244007, 192028495, 0, 0
1245005, 186515154, 0, 0
1246047, 215838575, 0, 0
1247021, 202795444, 0, 0
1248044, 178629424, 0, 0
1249012, 169580576, 0, 0
1250047, 193330078, 0, 0
1251003, 179359705, 0, 0
1252038, 195753467, 0, 0
1253023, 186983594, 0, 0
1254017, 188366230, 0, 0
1255036, 186536478, 0, 0
1256037, 190090356, 0, 0
1257040, 196685159, 0, 0
1258053, 172004724, 0, 0
1259031, 190629135, 0, 0
1260040, 209077431, 0, 0
1261057, 191547020, 0, 0
1262067, 185352073, 0, 0
1263001, 197002165, 0, 0
1264009, 193115129, 0, 0
1265014, 178725476, 0, 0
1266004, 173411655, 0, 0
1267059, 197959532, 0, 0
1268027, 195399063, 0, 0
1269004, 171006090, 0, 0
1270032, 176224580, 0, 0
1271049, 183366247, 0, 0
1272048, 174809923, 0, 0
1273044, 175106945, 0, 0
1274048, 171515357, 0, 0
1275004, 172257273, 0, 0
1276010, 173774362, 0, 0
1277000, 190299550, 0, 0
1278006, 178968112, 0, 0
1279005, 195546012, 0, 0
1280060, 189005264, 0, 0
1281023, 204663440, 0, 0
1282016, 189664680, 0, 0
1283052, 179393296, 0, 0
1284005, 185687659, 0, 0
1285003, 183713524, 0, 0
1286046, 189760143, 0, 0
1287018, 167185778, 0, 0
1288001, 184837920, 0, 0
1289008, 182383598, 0, 0
1290011, 173634689, 0, 0
1291020, 180419455, 0, 0
1292037, 172417004, 0, 0
1293035, 200755235, 0, 0
1294016, 172926683, 0, 0
1295025, 200633059, 0, 0
1296042, 174729859, 0, 0
1297028, 173889671, 0, 0
1298009, 188996511, 0, 0
1299000, 165157649, 0, 0
1300033, 192544930, 0, 0
1301036, 179513166, 0, 0
1302010, 182818348, 0, 0
1303034, 211946941, 0, 0
1304011, 175603216, 0, 0
1305044, 178332993, 0, 0
1306058, 178913378, 0, 0
1307057, 183784486, 0, 0
1308040, 158472726, 0, 0
1309029, 179156902, 0, 0
1310020, 162680258, 0, 0
1311058, 196209218, 0, 0
1312013, 174654579, 0, 0
1313000, 161228902, 0, 0
1314002, 183223762, 0, 0
1315047, 164899056, 0, 0
1316006, 182629860, 0, 0
1317014, 183413883, 0, 0
1318010, 177439743, 0, 0
1319002, 185574197, 0, 0
1320047, 170137494, 0, 0
1321036, 189542106, 0, 0
1322058, 195239563, 0, 0
1323000, 177930048, 0, 0
1324056, 164962075, 0, 0
1325055, 168624734, 0, 0
1326003, 172469828, 0, 0
1327039, 187024127, 0, 0
1328004, 152671786, 0, 0
1329013, 184762218, 0, 0
1330018, 170978032, 0, 0
1331017, 198335796, 0, 0
1332015, 161504424, 0, 0
1333024, 165138040, 0, 0
1334014, 189162763, 0, 0
1335010, 165465783, 0, 0
1336046, 165278120, 0, 0
1337003, 142729201, 0, 0
1338023, 181925498, 0, 0
1339016, 155495871, 0, 0
1340061, 168608415, 0, 0
1341022, 164208099, 0, 0
1342060, 154885710, 0, 0
1343045, 162998125, 0, 0
1344002, 188386638, 0, 0
1345030, 174270560, 0, 0
1346000, 191547229, 0, 0
1347002, 171349918, 0, 0
1348004, 168521773, 0, 0
1349000, 173040554, 0, 0
1350040, 175377691, 0, 0
1351003, 165320185, 0, 0
1352034, 154173382, 0, 0
1353023, 175581437, 0, 0
1354040, 149616911, 0, 0
1355004, 169237345, 0, 0
1356002, 180607707, 0, 0
1357037, 152158731, 0, 0
1358012, 161422192, 0, 0
1359065, 161790824, 0, 0
1360017, 170159278, 0, 0
1361027, 150675612, 0, 0
1362017, 159931275, 0, 0
1363015, 170706364, 0, 0
1364015, 166206573, 0, 0
1365038, 151911182, 0, 0
1366028, 159711706, 0, 0
1367025, 163777338, 0, 0
1368067, 185391690, 0, 0
1369007, 172173171, 0, 0
1370027, 151627132, 0, 0
1371055, 153499295, 0, 0
1372037, 159333479, 0, 0
1373050, 170149380, 0, 0
1374024, 179058274, 0, 0
1375015, 170130504, 0, 0
1376062, 150802687, 0, 0
1377034, 159872009, 0, 0
1378031, 151718707, 0, 0
1379038, 146104822, 0, 0
1380020, 157475259, 0, 0
1381038, 158194481, 0, 0
1382035, 165414051, 0, 0
1383017, 169403772, 0, 0
1384041, 162415029, 0, 0
1385025, 165892997, 0, 0
1386047, 158044450, 0, 0
1387060, 169509674, 0, 0
1388039, 158470524, 0, 0
1389033, 143316524, 0, 0
1390036, 151936188, 0, 0
1391015, 143097377, 0, 0
1392004, 173640229, 0, 0
1393004, 147782496, 0, 0
1394025, 145671231, 0, 0
1395028, 171014412, 0, 0
1396013, 153912094, 0, 0
1397051, 161675155, 0, 0
1398062, 156270515, 0, 0
1399024, 143536885, 0, 0
1400054, 160521304, 0, 0
1401024, 168440470, 0, 0
1402058, 150387399, 0, 0
1403027, 153702202, 0, 0
1404043, 165623627, 0, 0
1405049, 146268431, 0, 0
1406007, 167480807, 0, 0
1407001, 154429816, 0, 0
1408032, 137894633, 0, 0
1409030, 169713273, 0, 0
1410003, 140517155, 0, 0
1411039, 150041063, 0, 0
1412012, 165456599, 0, 0
1413055, 124972863, 0, 0
1414015, 152581537, 0, 0
1415008, 143862279, 0, 0
1416045, 158425769, 0, 0
1417058, 144929246, 0, 0
1418028, 158972972, 0, 0
1419001, 154757736, 0, 0
1420019, 163406105, 0, 0
1421020, 140524856, 0, 0
1422044, 150283935, 0, 0
1423059, 139952031, 0, 0
1424029, 133755283, 0, 0
1425001, 138423757, 0, 0
1426016, 139535871, 0, 0
1427058, 137732889, 0, 0
1428059, 136447268, 0, 0
1429043, 122224839, 0, 0
1430006, 133355504, 0, 0
1431000, 141769162, 0, 0
1432045, 120484912, 0, 0
1433048, 147095400, 0, 0
1434004, 138178055, 0, 0
1435008, 137129844, 0, 0
1436051, 139504534, 0, 0
1437030, 133284880, 0, 0
1438019, 140600131, 0, 0
1439016, 135557051, 0, 0
1440017, 123844266, 0, 0
1441028, 120894626, 0, 0
1442024, 146864733, 0, 0
1443002, 157185541, 0, 0
1444058, 135215758, 0, 0
1445003, 130150118, 0, 0
1446020, 130095947, 0, 0
1447015, 139779283, 0, 0
1448042, 145281024, 0, 0
1449061, 129847884, 0, 0
1450035, 133852099, 0, 0
1451052, 136910128, 0, 0
1452054, 136564600, 0, 0
1453064, 130508271, 0, 0
1454029, 132649690, 0, 0
1455028, 149195132, 0, 0
1456046, 117992106, 0, 0
1457013, 147740625, 0, 0
1458009, 141561334, 0, 0
1459016, 108234758, 0, 0
1460004, 131096102, 0, 0
1461060, 120198929, 0, 0
1462010, 115011960, 0, 0
1463011, 120879929, 0, 0
1464025, 138707138, 0, 0
1465022, 124858361, 0, 0
1466025, 125496448, 0, 0
1467013, 138652759, 0, 0
1468030, 115307238, 0, 0
1469002, 157513593, 0, 0
1470035, 108787112, 0, 0
1471036, 117361627, 0, 0
1472056, 134932779, 0, 0
1473015, 126896369, 0, 0
1474001, 131113779, 0, 0
1475052, 122376365, 0, 0
1476012, 100614282, 0, 0
1477019, 126403690, 0, 0
1478004, 134470745, 0, 0
1479050, 110527900, 0, 0
1480035, 111206272, 0, 0
1481007, 124453564, 0, 0
1482041, 110800771, 0, 0
1483045, 110240532, 0, 0
1484043, 115949917, 0, 0
1485029, 133372448, 0, 0
1486057, 120835081, 0, 0
1487020, 139972524, 0, 0
1488017, 101416386, 0, 0
1489029, 119345705, 0, 0
1490015, 110673238, 0, 0
1491028, 114615145, 0, 0
1492020, 122051247, 0, 0
1493009, 111440288, 0, 0
1494055, 128823609, 0, 0
1495009, 102473389, 0, 0
1496013, 123612655, 0, 0
1497017, 108652674, 0, 0
1498050, 105865296, 0, 0
1499003, 117555884, 0, 0
1500057, 114843361, 0, 0
1501014, 124526319, 0, 0
1502032, 121172394, 0, 0
1503010, 122730951, 0, 0
1504021, 119993328, 0, 0
1505049, 105979842, 0, 0
1506006, 115888651, 0, 0
1507008, 117020590, 0, 0
1508047, 102423269, 0, 0
1509040, 112571926, 0, 0
1510038, 110144027, 0, 0
1511010, 110303582, 0, 0
1512013, 112581045, 0, 0
1513036, 109950147, 0, 0
1514055, 119064664, 0, 0
1515006, 102126759, 0, 0
1516008, 111837433, 0, 0
1517045, 100877348, 0, 0
1518022, 114404972, 0, 0
1519023, 104338007, 0, 0
1520011, 109572092, 0, 0
1521030, 111712280, 0, 0
1522039, 106763186, 0, 0
1523006, 113299279, 0, 0
1524039, 112045882, 0, 0
1525004, 94303941, 0, 0
1526006, 103743093, 0, 0
1527052, 115853080, 0, 0
1528047, 114814337, 0, 0
1529013, 126374208, 0, 0
1530023, 94820557, 0, 0
1531055, 108675731, 0, 0
1532009, 103013226, 0, 0
1533020, 90493207, 0, 0
1534043, 97913293, 0, 0
1535001, 93889342, 0, 0
1536039, 116623371, 0, 0
1537018, 101156980, 0, 0
1538027, 101793515, 0, 0
1539056, 96791609, 0, 0
1540025, 109180459, 0, 0
1541007, 121385724, 0, 0
1542054, 98265539, 0, 0
1543063, 101337696, 0, 0
1544052, 104934548, 0, 0
1545023, 96425884, 0, 0
1546052, 99243599, 0, 0
1547005, 88551985, 0, 0
1548062, 97427415, 0, 0
1549049, 86872658, 0, 0
1550030, 87518313, 0, 0
1551060, 103137404, 0, 0
1552024, 93715814, 0, 0
1553021, 81396522, 0, 0
1554026, 81500515, 0, 0
1555009, 97125599, 0, 0
1556058, 107376457, 0, 0
1557059, 106797454, 0, 0
1558041, 75382879, 0, 0
1559006, 95871778, 0, 0
1560053, 83779637, 0, 0
1561022, 108013579, 0, 0
1562046, 88685776, 0, 0
1563035, 98934787, 0, 0
1564023, 81564135, 0, 0
1565033, 105242729, 0, 0
1566001, 97920061, 0, 0
1567059, 111488188, 0, 0
1568011, 84860943, 0, 0
1569009, 81037626, 0, 0
1570034, 90007653, 0, 0
1571024, 104365429, 0, 0
1572036, 80666799, 0, 0
1573028, 96861253, 0, 0
1574000, 82499308, 0, 0
1575028, 91838924, 0, 0
1576051, 93746182, 0, 0
1577003, 84067145, 0, 0
1578014, 92470775, 0, 0
1579040, 74716728, 0, 0
1580024, 91024630, 0, 0
1581020, 86965562, 0, 0
1582072, 86335826, 0, 0
1583017, 89793172, 0, 0
1584015, 90978689, 0, 0
1585000, 88444976, 0, 0
1586048, 79739517, 0, 0
1587041, 87603569, 0, 0
1588015, 69666084, 0, 0
1589014, 83871723, 0, 0
1590063, 99297929, 0, 0
1591020, 95718262, 0, 0
1592012, 82484279, 0, 0
1593015, 77547936, 0, 0
1594001, 75062176, 0, 0
1595030, 81075591, 0, 0
1596044, 81158393, 0, 0
1597048, 84569457, 0, 0
1598008, 79343882, 0, 0
1599056, 83394930, 0, 0
1600017, 81022386, 0, 0
1601035, 73149069, 0, 0
1602015, 79907380, 0, 0
1603000, 79299083, 0, 0
1604026, 72945874, 0, 0
1605039, 74807094, 0, 0
1606026, 72954055, 0, 0
1607030, 67083318, 0, 0
1608023, 78453439, 0, 0
1609047, 84919560, 0, 0
1610008, 79356965, 0, 0
1611041, 72421031, 0, 0
1612015, 83673502, 0, 0
1613011, 83181260, 0, 0
1614034, 70754114, 0, 0
1615017, 78396007, 0, 0
1616063, 76847134, 0, 0
1617044, 76058350, 0, 0
1618031, 83331748, 0, 0
1619006, 73950865, 0, 0
1620013, 85046536, 0, 0
1621020, 64548636, 0, 0
1622046, 58403336, 0, 0
1623029, 75080777, 0, 0
1624046, 67607145, 0, 0
1625034, 73537889, 0, 0
1626024, 64120243, 0, 0
1627003, 81037328, 0, 0
1628037, 64078552, 0, 0
1629014, 64701776, 0, 0
1630039, 79742468, 0, 0
1631026, 56829074, 0, 0
1632086, 70952599, 0, 0
1633010, 64588261, 0, 0
1634028, 76502299, 0, 0
1635039, 61454617, 0, 0
1636058, 64669497, 0, 0
1637000, 59901941, 0, 0
1638008, 73741655, 0, 0
1639036, 70748119, 0, 0
1640008, 57276669, 0, 0
1641000, 63264819, 0, 0
1642019, 57462274, 0, 0
1643015, 79017477, 0, 0
1644004, 55731622, 0, 0
1645036, 60340377, 0, 0
1646043, 67849800, 0, 0
1647003, 60006566, 0, 0
1648025, 59069362, 0, 0
1649036, 64366968, 0, 0
1650062, 65135672, 0, 0
1651040, 59446904, 0, 0
1652011, 61918752, 0, 0
1653051, 63812818, 0, 0
1654051, 57380654, 0, 0
1655030, 66261269, 0, 0
1656030, 59270506, 0, 0
1657015, 55162970, 0, 0
1658039, 54872552, 0, 0
1659000, 53969693, 0, 0
1660057, 62544429, 0, 0
1661030, 52960443, 0, 0
1662047, 60990302, 0, 0
1663056, 46073875, 0, 0
1664010, 59374003, 0, 0
1665099, 46778615, 0, 0
1666006, 60868515, 0, 0
1667030, 49894780, 0, 0
1668056, 51884581, 0, 0
1669076, 51002218, 0, 0
1670036, 56272428, 0, 0
1671054, 57431175, 0, 0
1672030, 46881081, 0, 0
1673015, 58565842, 0, 0
1674043, 66045577, 0, 0
1675006, 47126161, 0, 0
1676030, 44673881, 0, 0
1677030, 49940782, 0, 0
1678053, 45922223, 0, 0
1679012, 55374814, 0, 0
1680031, 42785906, 0, 0
1681038, 50541118, 0, 0
1682009, 56166144, 0, 0
1683048, 50669794, 0, 0
1684055, 50206954, 0, 0
1685035, 42003540, 0, 0
1686081, 39526129, 0, 0
1687014, 52334226, 0, 0
1688032, 42247618, 0, 0
1689048, 41964152, 0, 0
1690054, 36240673, 0, 0
1691032, 44364470, 0, 0
1692050, 39042168, 0, 0
1693037, 38160967, 0, 0
1694048, 42625511, 0, 0
1695002, 47438218, 0, 0
1696022, 55189179, 0, 0
1697014, 40562693, 0, 0
1698033, 39409555, 0, 0
1699023, 49799237, 0, 0
1700005, 38695346, 0, 0
1701051, 44633092, 0, 0
1702011, 33275994, 0, 0
1703055, 40446821, 0, 0
1704005, 39382925, 0, 0
1705057, 38017403, 0, 0
1706010, 45906131, 0, 0
1707050, 41855153, 0, 0
1708031, 43069902, 0, 0
1709047, 35151016, 0, 0
1710001, 35764229, 0, 0
1711023, 42685934, 0, 0
1712043, 44444523, 0, 0
1713013, 42956200, 0, 0
1714044, 33627814, 0, 0
1715000, 40040322, 0, 0
1716015, 34780072, 0, 0
1717005, 35886225, 0, 0
1718022, 29734889, 0, 0
1719021, 35608791, 0, 0
1720037, 32352074, 0, 0
1721047, 38224524, 0, 0
1722034, 33316516, 0, 0
1723000, 33693106, 0, 0
1724017, 36821394, 0, 0
1725048, 31050140, 0, 0
1726016, 30642454, 0, 0
1727107, 33561985, 0, 0
1728000, 32160417, 0, 0
1729024, 28930069, 0, 0
1730035, 25852250, 0, 0
1731025, 29504764, 0, 0
1732037, 31687832, 0, 0
1733066, 29233455, 0, 0
1734024, 31251998, 0, 0
1735037, 27354662, 0, 0
1736004, 29070662, 0, 0
1737002, 23393588, 0, 0
1738020, 39889948, 0, 0
1739046, 32979012, 0, 0
1740007, 24114126, 0, 0
1741049, 22960461, 0, 0
1742022, 27698097, 0, 0
1743078, 29737563, 0, 0
1744043, 26506048, 0, 0
1745012, 22913333, 0, 0
1746048, 22678625, 0, 0
1747035, 21236183, 0, 0
1748038, 23358522, 0, 0
1749036, 19393355, 0, 0
1750037, 22650541, 0, 0
1751007, 17451360, 0, 0
1752000, 21652255, 0, 0
1753016, 23679895, 0, 0
1754015, 20780167, 0, 0
1755047, 29932714, 0, 0
1756018, 22276851, 0, 0
1757056, 20620166, 0, 0
1758004, 22003169, 0, 0
1759041, 15215629, 0, 0
1760021, 19255061, 0, 0
1761013, 20073558, 0, 0
1762036, 13801190, 0, 0
1763000, 19891149, 0, 0
1764024, 14567466, 0, 0
1765030, 13702214, 0, 0
1766032, 18868154, 0, 0
1767021, 16239192, 0, 0
1768014, 13622180, 0, 0
1769009, 17052891, 0, 0
1770005, 11450778, 0, 0
1771028, 15027456, 0, 0
1772012, 15718237, 0, 0
1773005, 13737687, 0, 0
1774003, 10217163, 0, 0
1775019, 12185155, 0, 0
1776008, 19870384, 0, 0
1777020, 11024153, 0, 0
1778000, 12732505, 0, 0
1779035, 8526791, 0, 0
1780000, 9744286, 0, 0
1781049, 9757830, 0, 0
1782009, 12295858, 0, 0
1783046, 7892953, 0, 0
1784046, 9739840, 0, 0
1785000, 5969397, 0, 0
1786012, 9733381, 0, 0
1787000, 6135777, 0, 0
1788020, 7482158, 0, 0
1789000, 8555268, 0, 0
1790005, 5321113, 0, 0
1791050, 8920945, 0, 0
1792030, 6881617, 0, 0
1793045, 4790104, 0, 0
1794000, 6572150, 0, 0
1795014, 7330592, 0, 0
1796015, 5393992, 0, 0
1797000, 3478531, 0, 0
1798062, 3963260, 0, 0
1799000, 4396924, 0, 0
1800018, 3138368, 0, 0
1801000, 3091898, 0, 0
1802000, 2621116, 0, 0
1803000, 2603982, 0, 0
1804000, 1484743, 0, 0
1805003, 1857419, 0, 0
1806000, 1218101, 0, 0
1807000, 789288, 0, 0
1808000, 619944, 0, 0
1809000, 606929, 0, 0
1810000, 605925, 0, 0
1811000, 617977, 0, 0
1812000, 610586, 0, 0
1813000, 610529, 0, 0
1814000, 608599, 0, 0
1815000, 609838, 0, 0
1816000, 607007, 0, 0
1817000, 608465, 0, 0
1818000, 606408, 0, 0
1819000, 605431, 0, 0
1820000, 608557, 0, 0
1821000, 611585, 0, 0
1822000, 606942, 0, 0
1823000, 612417, 0, 0
1824000, 610900, 0, 0
1825000, 606387, 0, 0
1826000, 605968, 0, 0
1827000, 605694, 0, 0
1828000, 604918, 0, 0
1829000, 610146, 0, 0
1830000, 613221, 0, 0
1831000, 607126, 0, 0
1832000, 607215, 0, 0
1833000, 605906, 0, 0
1834000, 606578, 0, 0
1835000, 606169, 0, 0
1836000, 606918, 0, 0
1837000, 606867, 0, 0
1838000, 611401, 0, 0
1839000, 611181, 0, 0
1840000, 608693, 0, 0
1841000, 609570, 0, 0
1842000, 606626, 0, 0
1843000, 611207, 0, 0
1844000, 612770, 0, 0
1845000, 609553, 0, 0
1846000, 615162, 0, 0
1847000, 611584, 0, 0
1848000, 611656, 0, 0
1849000, 608745, 0, 0
1850000, 611099, 0, 0
1851000, 607595, 0, 0
1852000, 608425, 0, 0
1853000, 609626, 0, 0
1854000, 607923, 0, 0
1855000, 606397, 0, 0
1856000, 611129, 0, 0
1857000, 766700, 0, 0
1858000, 617126, 0, 0
1859000, 612797, 0, 0
1860000, 616873, 0, 0
1861000, 610392, 0, 0
1862000, 609744, 0, 0
1863000, 617349, 0, 0
1864000, 607764, 0, 0
1865000, 607766, 0, 0
1866000, 608152, 0, 0
1867000, 609528, 0, 0
1868000, 608637, 0, 0
1869000, 614480, 0, 0
1870000, 610405, 0, 0
1871000, 612354, 0, 0
1872000, 613422, 0, 0
1873000, 610494, 0, 0
1874000, 613885, 0, 0
1875000, 613487, 0, 0
1876000, 610410, 0, 0
1877000, 609819, 0, 0
1878000, 611033, 0, 0
1879000, 612601, 0, 0
1880000, 620164, 0, 0
1881000, 615538, 0, 0
1882000, 616516, 0, 0
1883000, 617506, 0, 0
1884000, 617593, 0, 0
1885000, 616766, 0, 0
1886000, 615391, 0, 0
1887000, 617192, 0, 0
1888000, 610419, 0, 0
1889000, 609943, 0, 0
1890000, 615958, 0, 0
1891000, 614184, 0, 0
1892000, 610438, 0, 0
1893000, 610836, 0, 0
1894000, 609308, 0, 0
1895000, 608458, 0, 0
1896000, 607639, 0, 0
1897000, 605418, 0, 0
1898000, 610103, 0, 0
1899000, 607421, 0, 0
1900000, 608435, 0, 0
1901000, 607154, 0, 0
1902000, 605495, 0, 0
1903000, 610808, 0, 0
1904000, 610941, 0, 0
1905000, 610383, 0, 0
1906000, 624198, 0, 0
1907000, 610039, 0, 0
1908000, 613709, 0, 0
1909000, 609771, 0, 0
1910000, 611800, 0, 0
1911000, 609681, 0, 0
1912000, 611256, 0, 0
1913000, 615886, 0, 0
1914000, 608896, 0, 0
1915000, 606522, 0, 0
1916000, 613851, 0, 0
1917000, 614805, 0, 0
1918000, 610097, 0, 0
1919000, 614520, 0, 0
1920000, 613244, 0, 0
1921000, 759935, 0, 0
1922000, 608840, 0, 0
1923000, 611882, 0, 0
1924000, 608209, 0, 0
1925000, 606464, 0, 0
1926000, 606073, 0, 0
1927000, 605861, 0, 0
1928000, 607341, 0, 0
1929000, 610819, 0, 0
1930000, 607462, 0, 0
1931000, 613340, 0, 0
1932000, 607686, 0, 0
1933000, 607758, 0, 0
1934000, 605767, 0, 0
1935000, 607480, 0, 0
1936000, 609752, 0, 0
1937000, 607569, 0, 0
1938000, 606866, 0, 0
1939000, 611931, 0, 0
1940000, 610477, 0, 0
1941000, 609892, 0, 0
1942000, 609478, 0, 0
1943000, 613538, 0, 0
1944000, 613374, 0, 0
1945000, 607670, 0, 0
1946000, 609140, 0, 0
1947000, 609461, 0, 0
1948000, 606980, 0, 0
1949000, 609661, 0, 0
1950000, 605885, 0, 0
1951000, 608959, 0, 0
1952000, 607439, 0, 0
1953000, 610194, 0, 0
1954000, 607388, 0, 0
1955000, 607757, 0, 0
1956000, 607171, 0, 0
1957000, 607982, 0, 0
1958000, 607062, 0, 0
1959000, 608271, 0, 0
1960000, 611106, 0, 0
1961000, 606768, 0, 0
1962000, 608255, 0, 0
1963000, 612653, 0, 0
1964000, 605399, 0, 0
1965000, 605164, 0, 0
1966000, 608563, 0, 0
1967000, 610721, 0, 0
1968000, 616649, 0, 0
1969000, 611339, 0, 0
1970000, 609706, 0, 0
1971000, 611607, 0, 0
1972000, 609679, 0, 0
1973000, 615083, 0, 0
1974000, 607877, 0, 0
1975000, 604969, 0, 0
1976000, 609754, 0, 0
1977000, 610159, 0, 0
1978000, 603077, 0, 0
1979000, 607127, 0, 0
1980000, 605232, 0, 0
1981000, 607238, 0, 0
1982000, 604254, 0, 0
1983000, 607684, 0, 0
1984000, 606635, 0, 0
1985000, 751250, 0, 0
1986000, 606239, 0, 0
1987000, 621153, 0, 0
1988000, 609266, 0, 0
1989000, 609850, 0, 0
1990000, 612372, 0, 0
1991000, 605854, 0, 0
1992000, 608391, 0, 0
1993000, 608215, 0, 0
1994000, 609895, 0, 0
1995000, 609577, 0, 0
1996000, 607614, 0, 0
1997000, 609934, 0, 0
1998000, 605042, 0, 0
1999000, 607474, 0, 0
2000000, 605654, 0, 0
2001000, 604973, 0, 0
2002000, 605493, 0, 0
2003000, 609241, 0, 0
2004000, 610118, 0, 0
2005000, 610805, 0, 0
2006000, 608841, 0, 0
2007000, 620709, 0, 0
2008000, 609713, 0, 0
2009000, 609676, 0, 0
2010000, 611359, 0, 0
2011000, 612323, 0, 0
2012000, 611539, 0, 0
2013000, 611727, 0, 0
2014000, 611973, 0, 0
2015000, 616124, 0, 0
2016000, 610556, 0, 0
2017000, 609569, 0, 0
2018000, 612133, 0, 0
2019000, 621385, 0, 0
2020000, 611114, 0, 0
2021000, 613198, 0, 0
2022000, 613619, 0, 0
2023000, 611296, 0, 0
2024000, 607985, 0, 0
2025000, 609431, 0, 0
2026000, 607020, 0, 0
2027000, 613502, 0, 0
2028000, 607639, 0, 0
2029000, 609757, 0, 0
2030000, 609345, 0, 0
2031000, 608387, 0, 0
2032000, 610506, 0, 0
2033000, 608087, 0, 0
2034000, 608484, 0, 0
2035000, 606687, 0, 0
2036000, 607521, 0, 0
2037000, 605845, 0, 0
2038000, 608820, 0, 0
2039000, 608868, 0, 0
2040000, 610731, 0, 0
2041000, 609741, 0, 0
2042000, 607812, 0, 0
2043000, 609885, 0, 0
2044000, 609344, 0, 0
2045000, 612704, 0, 0
2046000, 610353, 0, 0
2047000, 614844, 0, 0
2048000, 608056, 0, 0
2049000, 748025, 0, 0
2050000, 604834, 0, 0
2051000, 605138, 0, 0
2052000, 617699, 0, 0
2053000, 608014, 0, 0
2054000, 606946, 0, 0
2055000, 608006, 0, 0
2056000, 605616, 0, 0
2057000, 610409, 0, 0
2058000, 608592, 0, 0
2059000, 609278, 0, 0
2060000, 609689, 0, 0
2061000, 608924, 0, 0
2062000, 609185, 0, 0
2063000, 609787, 0, 0
2064000, 610109, 0, 0
2065000, 610024, 0, 0
2066000, 605203, 0, 0
2067000, 607373, 0, 0
2068000, 621411, 0, 0
2069000, 608976, 0, 0
2070000, 605123, 0, 0
2071000, 608180, 0, 0
2072000, 606530, 0, 0
2073000, 605723, 0, 0
2074000, 603378, 0, 0
2075000, 602785, 0, 0
2076000, 605408, 0, 0
2077000, 604800, 0, 0
2078000, 608815, 0, 0
2079000, 607352, 0, 0
2080000, 610880, 0, 0
2081000, 612123, 0, 0
2082000, 604794, 0, 0
2083000, 609163, 0, 0
2084000, 607867, 0, 0
2085000, 605975, 0, 0
2086000, 607617, 0, 0
2087000, 607267, 0, 0
2088000, 611971, 0, 0
2089000, 613158, 0, 0
2090000, 609069, 0, 0
2091000, 611379, 0, 0
2092000, 607993, 0, 0
2093000, 608564, 0, 0
2094000, 608794, 0, 0
2095000, 609737, 0, 0
2096000, 605984, 0, 0
2097000, 609285, 0, 0
2098000, 604503, 0, 0
2099000, 605577, 0, 0
2100000, 606750, 0, 0
2101000, 607836, 0, 0
2102000, 607231, 0, 0
2103000, 622718, 0, 0
2104000, 607957, 0, 0
2105000, 610243, 0, 0
2106000, 610463, 0, 0
2107000, 605369, 0, 0
2108000, 607230, 0, 0
2109000, 607263, 0, 0
2110000, 605233, 0, 0
2111000, 615184, 0, 0
2112000, 607800, 0, 0
2113000, 751195, 0, 0
2114000, 609089, 0, 0
2115000, 609598, 0, 0
2116000, 608728, 0, 0
2117000, 608827, 0, 0
2118000, 606400, 0, 0
2119000, 606758, 0, 0
2120000, 607823, 0, 0
2121000, 605760, 0, 0
2122000, 604882, 0, 0
2123000, 607699, 0, 0
2124000, 605123, 0, 0
2125000, 611067, 0, 0
2126000, 606261, 0, 0
2127000, 607546, 0, 0
2128000, 607014, 0, 0
2129000, 608297, 0, 0
2130000, 607019, 0, 0
2131000, 605557, 0, 0
2132000, 606592, 0, 0
2133000, 608652, 0, 0
2134000, 607148, 0, 0
2135000, 607091, 0, 0
2136000, 606019, 0, 0
2137000, 607179, 0, 0
2138000, 609123, 0, 0
2139000, 610070, 0, 0
2140000, 611690, 0, 0
2141000, 607498, 0, 0
2142000, 606733, 0, 0
2143000, 610432, 0, 0
2144000, 610814, 0, 0
2145000, 658687, 0, 0
2146000, 612947, 0, 0
2147000, 606088, 0, 0
2148000, 612318, 0, 0
2149000, 610587, 0, 0
2150000, 611374, 0, 0
2151000, 611701, 0, 0
2152000, 613667, 0, 0
2153000, 611022, 0, 0
2154000, 618524, 0, 0
2155000, 613451, 0, 0
2156000, 611641, 0, 0
2157000, 611102, 0, 0
2158000, 610800, 0, 0
2159000, 614098, 0, 0
2160000, 614687, 0, 0
2161000, 612150, 0, 0
2162000, 611311, 0, 0
2163000, 612375, 0, 0
2164000, 610503, 0, 0
2165000, 607891, 0, 0
2166000, 605407, 0, 0
2167000, 609798, 0, 0
2168000, 606875, 0, 0
2169000, 605593, 0, 0
2170000, 606411, 0, 0
2171000, 609374, 0, 0
2172000, 617259, 0, 0
2173000, 611633, 0, 0
2174000, 613395, 0, 0
2175002, 608174, 0, 0
2176000, 614277, 0, 0
2177000, 747100, 0, 0
2178000, 613132, 0, 0
2179000, 609372, 0, 0
2180000, 608846, 0, 0
2181000, 611166, 0, 0
2182000, 609951, 0, 0
2183000, 610803, 0, 0
2184000, 612645, 0, 0
2185000, 612127, 0, 0
2186000, 607174, 0, 0
2187000, 610258, 0, 0
2188000, 607884, 0, 0
2189000, 610442, 0, 0
2190000, 610124, 0, 0
2191000, 613165, 0, 0
2192000, 610132, 0, 0
2193000, 609605, 0, 0
2194000, 608018, 0, 0
2195000, 607064, 0, 0
2196000, 606271, 0, 0
2197000, 661419, 0, 0
2198000, 610747, 0, 0
2199000, 607673, 0, 0
2200000, 607918, 0, 0
2201000, 608758, 0, 0
2202000, 606487, 0, 0
2203000, 605585, 0, 0
2204000, 607890, 0, 0
2205000, 609037, 0, 0
2206000, 606655, 0, 0
2207000, 605092, 0, 0
2208000, 607677, 0, 0
2209000, 605872, 0, 0
2210000, 605041, 0, 0
2211000, 606510, 0, 0
2212000, 608667, 0, 0
2213000, 609329, 0, 0
2214000, 608333, 0, 0
2215000, 606658, 0, 0
2216000, 605010, 0, 0
2217000, 606211, 0, 0
2218000, 606704, 0, 0
2219000, 610217, 0, 0
2220000, 605760, 0, 0
2221000, 602874, 0, 0
2222000, 607869, 0, 0
2223000, 605134, 0, 0
2224000, 609445, 0, 0
2225000, 607774, 0, 0
2226000, 605975, 0, 0
2227000, 609152, 0, 0
2228000, 606649, 0, 0
2229000, 606647, 0, 0
2230000, 604166, 0, 0
2231000, 615002, 0, 0
2232000, 603628, 0, 0
2233000, 605467, 0, 0
2234000, 610476, 0, 0
2235000, 606597, 0, 0
2236000, 605738, 0, 0
2237000, 605554, 0, 0
2238000, 605545, 0, 0
2239000, 607345, 0, 0
2240000, 605799, 0, 0
2241000, 759670, 0, 0
2242000, 607146, 0, 0
2243000, 607761, 0, 0
2244000, 609940, 0, 0
2245000, 606586, 0, 0
2246000, 605399, 0, 0
2247000, 611094, 0, 0
2248000, 609162, 0, 0
2249000, 608695, 0, 0
2250000, 608070, 0, 0
2251000, 608470, 0, 0
2252000, 610428, 0, 0
2253000, 612159, 0, 0
2254000, 607743, 0, 0
2255000, 605435, 0, 0
2256000, 609232, 0, 0
2257000, 605947, 0, 0
2258000, 612181, 0, 0
2259000, 609210, 0, 0
2260000, 606428, 0, 0
2261000, 626651, 0, 0
2262000, 609200, 0, 0
2263000, 609696, 0, 0
2264000, 607173, 0, 0
2265000, 608395, 0, 0
2266000, 608749, 0, 0
2267000, 611260, 0, 0
2268000, 609507, 0, 0
2269000, 607704, 0, 0
2270000, 608992, 0, 0
2271000, 608856, 0, 0
2272000, 607321, 0, 0
2273000, 610861, 0, 0
2274000, 609635, 0, 0
2275000, 607352, 0, 0
2276000, 608588, 0, 0
2277000, 610120, 0, 0
2278000, 608681, 0, 0
2279000, 609312, 0, 0
2280000, 608751, 0, 0
2281000, 610060, 0, 0
2282000, 606618, 0, 0
2283000, 610119, 0, 0
2284000, 612757, 0, 0
2285000, 611046, 0, 0
2286000, 610582, 0, 0
2287000, 610969, 0, 0
2288000, 609664, 0, 0
2289000, 608133, 0, 0
2290000, 605883, 0, 0
2291000, 621165, 0, 0
2292000, 609620, 0, 0
2293000, 607483, 0, 0
2294000, 604345, 0, 0
2295000, 604988, 0, 0
2296000, 606100, 0, 0
2297000, 606192, 0, 0
2298000, 610947, 0, 0
2299000, 608898, 0, 0
2300000, 607835, 0, 0
2301000, 607539, 0, 0
2302000, 604886, 0, 0
2303000, 611892, 0, 0
2304000, 609188, 0, 0
2305000, 742096, 0, 0
2306000, 609194, 0, 0
2307000, 608925, 0, 0
2308000, 607877, 0, 0
2309000, 608964, 0, 0
2310000, 609547, 0, 0
2311000, 605411, 0, 0
2312000, 608168, 0, 0
2313000, 608732, 0, 0
2314000, 607250, 0, 0
2315000, 606845, 0, 0
2316000, 605855, 0, 0
2317000, 603671, 0, 0
2318000, 603156, 0, 0
2319000, 605033, 0, 0
2320000, 604005, 0, 0
2321000, 607737, 0, 0
2322000, 611157, 0, 0
2323000, 607274, 0, 0
2324000, 606325, 0, 0
2325000, 605735, 0, 0
2326000, 605001, 0, 0
2327000, 605476, 0, 0
2328000, 605330, 0, 0
2329000, 699008, 0, 0
2330000, 659937, 0, 0
2331000, 610181, 0, 0
2332000, 609001, 0, 0
2333000, 608639, 0, 0
2334000, 610811, 0, 0
2335000, 608837, 0, 0
2336000, 606635, 0, 0
2337000, 610814, 0, 0
2338000, 612730, 0, 0
2339000, 609861, 0, 0
2340000, 607134, 0, 0
2341000, 608409, 0, 0
2342000, 607433, 0, 0
2343000, 604905, 0, 0
2344000, 607273, 0, 0
2345000, 609474, 0, 0
2346000, 605828, 0, 0
2347000, 606798, 0, 0
2348000, 606326, 0, 0
2349000, 608106, 0, 0
2350000, 607659, 0, 0
2351000, 613970, 0, 0
2352000, 609130, 0, 0
2353000, 617754, 0, 0
2354000, 609008, 0, 0
2355000, 609081, 0, 0
2356000, 615310, 0, 0
2357000, 610200, 0, 0
2358000, 607900, 0, 0
2359000, 610989, 0, 0
2360000, 610418, 0, 0
2361000, 608645, 0, 0
2362000, 607417, 0, 0
2363000, 609783, 0, 0
2364000, 611512, 0, 0
2365000, 609501, 0, 0
2366000, 609671, 0, 0
2367000, 608792, 0, 0
2368000, 610039, 0, 0
2369034, 695550, 0, 0
2370000, 654738, 0, 0
2371000, 606531, 0, 0
2372000, 607705, 0, 0
2373000, 609401, 0, 0
2374000, 607711, 0, 0
2375000, 607960, 0, 0
2376000, 605462, 0, 0
2377000, 605210, 0, 0
2378000, 604156, 0, 0
2379000, 604325, 0, 0
2380000, 602544, 0, 0
2381000, 605392, 0, 0
2382000, 606105, 0, 0
2383000, 604876, 0, 0
2384000, 606882, 0, 0
2385000, 605092, 0, 0
2386000, 607208, 0, 0
2387000, 608786, 0, 0
2388000, 610913, 0, 0
2389000, 608199, 0, 0
2390000, 608519, 0, 0
2391000, 607246, 0, 0
2392000, 606793, 0, 0
2393000, 608064, 0, 0
2394000, 606318, 0, 0
2395000, 608276, 0, 0
2396000, 608605, 0, 0
2397000, 608031, 0, 0
2398000, 609005, 0, 0
2399000, 609702, 0, 0
2400000, 606925, 0, 0
2400000, 392585, 0, 0
