1029, 2327312, 0, 0
2043, 3022071, 0, 0
3005, 5930548, 0, 0
4059, 2787933, 0, 0
5000, 2283287, 0, 0
6024, 1800163, 0, 0
7035, 3752067, 0, 0
8055, 2958456, 0, 0
9044, 3236865, 0, 0
10020, 3406601, 0, 0
11056, 6015899, 0, 0
12054, 2969815, 0, 0
13009, 3115369, 0, 0
14049, 3079969, 0, 0
15036, 3593010, 0, 0
16010, 5096025, 0, 0
17044, 4336414, 0, 0
18047, 5895359, 0, 0
19024, 4898526, 0, 0
20039, 5146342, 0, 0
21062, 3402115, 0, 0
22008, 2055018, 0, 0
23035, 2206967, 0, 0
24010, 4195911, 0, 0
25011, 966175, 0, 0
26042, 3453079, 0, 0
27052, 3325006, 0, 0
28020, 4646383, 0, 0
29052, 4560806, 0, 0
30060, 4887491, 0, 0
31005, 2145290, 0, 0
32027, 5733004, 0, 0
33057, 3450066, 0, 0
34024, 1751745, 0, 0
35030, 1722365, 0, 0
36013, 2601841, 0, 0
37010, 2074110, 0, 0
38045, 2341246, 0, 0
39043, 3297622, 0, 0
40012, 2993169, 0, 0
41045, 3748787, 0, 0
42014, 2237692, 0, 0
43009, 3448241, 0, 0
44012, 3600444, 0, 0
45040, 2982499, 0, 0
46045, 5199626, 0, 0
47020, 3500028, 0, 0
48014, 3319583, 0, 0
49028, 4030225, 0, 0
50027, 966480, 0, 0
51006, 7033252, 0, 0
52055, 4278698, 0, 0
53016, 2265083, 0, 0
54056, 2541422, 0, 0
55000, 2330251, 0, 0
56037, 1884643, 0, 0
57008, 1897952, 0, 0
58032, 4504750, 0, 0
59029, 4545052, 0, 0
60034, 2808285, 0, 0
61027, 2815771, 0, 0
62052, 2103881, 0, 0
63027, 5044672, 0, 0
64054, 3372572, 0, 0
65007, 5035249, 0, 0
66042, 1995580, 0, 0
67000, 5092659, 0, 0
68024, 6472652, 0, 0
69049, 3420852, 0, 0
70022, 2998958, 0, 0
71002, 5623608, 0, 0
72045, 3089792, 0, 0
73039, 3211543, 0, 0
74042, 4450814, 0, 0
75042, 4732866, 0, 0
76002, 6064560, 0, 0
77010, 6857211, 0, 0
78042, 4904412, 0, 0
79027, 2622225, 0, 0
80035, 2689280, 0, 0
81057, 5314171, 0, 0
82050, 1774644, 0, 0
83029, 2735957, 0, 0
84050, 3318983, 0, 0
85038, 6719270, 0, 0
86021, 3323741, 0, 0
87053, 2838106, 0, 0
88064, 2619717, 0, 0
89044, 3085001, 0, 0
90059, 4547901, 0, 0
91041, 3004341, 0, 0
92058, 3003591, 0, 0
93056, 4241161, 0, 0
94042, 2516683, 0, 0
95045, 5504640, 0, 0
96061, 2606116, 0, 0
97051, 2486736, 0, 0
98059, 2591877, 0, 0
99047, 4180811, 0, 0
100045, 2360158, 0, 0
101036, 4102906, 0, 0
102042, 5617190, 0, 0
103009, 6034608, 0, 0
104000, 4264057, 0, 0
105046, 2776829, 0, 0
106019, 4263743, 0, 0
107018, 5606103, 0, 0
108020, 5027456, 0, 0
109053, 1603891, 0, 0
110000, 3676825, 0, 0
111054, 2353778, 0, 0
112044, 4099643, 0, 0
113041, 5790285, 0, 0
114041, 4304677, 0, 0
115028, 2513007, 0, 0
116020, 4927424, 0, 0
117056, 5416966, 0, 0
118051, 1384463, 0, 0
119048, 4111298, 0, 0
120033, 2290983, 0, 0
121007, 2775595, 0, 0
122013, 6658683, 0, 0
123042, 3120199, 0, 0
124062, 2685124, 0, 0
125017, 2451141, 0, 0
126064, 5332677, 0, 0
127013, 2987418, 0, 0
128034, 3834914, 0, 0
129029, 3532862, 0, 0
130041, 4141935, 0, 0
131018, 1685030, 0, 0
132056, 6245942, 0, 0
133051, 6059777, 0, 0
134019, 2704955, 0, 0
135008, 5067217, 0, 0
136038, 4920394, 0, 0
137060, 4619129, 0, 0
138024, 4768488, 0, 0
139024, 2697140, 0, 0
140024, 4918614, 0, 0
141057, 5864391, 0, 0
142051, 6162495, 0, 0
143017, 2318419, 0, 0
144051, 4352821, 0, 0
145026, 3863794, 0, 0
146024, 5797394, 0, 0
147050, 5394729, 0, 0
148024, 5892837, 0, 0
149018, 4892278, 0, 0
150046, 3456924, 0, 0
151004, 2803229, 0, 0
152030, 4014755, 0, 0
153010, 5293549, 0, 0
154030, 4087932, 0, 0
155048, 5469917, 0, 0
156049, 4875615, 0, 0
157017, 3403511, 0, 0
158039, 2013701, 0, 0
159038, 4962758, 0, 0
160041, 4957617, 0, 0
161027, 4036833, 0, 0
162055, 3205111, 0, 0
163043, 5336500, 0, 0
164041, 3596953, 0, 0
165032, 5047472, 0, 0
166033, 4254032, 0, 0
167040, 3363062, 0, 0
168043, 3792129, 0, 0
169010, 2741963, 0, 0
170054, 3175908, 0, 0
171037, 5488766, 0, 0
172027, 3554354, 0, 0
173016, 5226294, 0, 0
174039, 4103371, 0, 0
175047, 4681911, 0, 0
176043, 5554485, 0, 0
177023, 3980426, 0, 0
178025, 3470305, 0, 0
179059, 4760358, 0, 0
180061, 4813988, 0, 0
181010, 4245903, 0, 0
182022, 5617662, 0, 0
183033, 5705087, 0, 0
184013, 6006564, 0, 0
185051, 5513848, 0, 0
186041, 5923646, 0, 0
187014, 4299623, 0, 0
188001, 4784209, 0, 0
189010, 4398963, 0, 0
190066, 5122116, 0, 0
191042, 5734429, 0, 0
192052, 3747539, 0, 0
193024, 4431560, 0, 0
194005, 4334684, 0, 0
195034, 3966733, 0, 0
196002, 5311351, 0, 0
197045, 4237290, 0, 0
198039, 4389430, 0, 0
199029, 5376239, 0, 0
200048, 3796593, 0, 0
201025, 4130218, 0, 0
202002, 5056055, 0, 0
203012, 5763638, 0, 0
204053, 5624696, 0, 0
205015, 5279395, 0, 0
206029, 4751853, 0, 0
207000, 4638750, 0, 0
208055, 4021876, 0, 0
209049, 5736274, 0, 0
210059, 3132173, 0, 0
211005, 4352910, 0, 0
212006, 5099332, 0, 0
213057, 4883489, 0, 0
214057, 4921592, 0, 0
215043, 5381361, 0, 0
216060, 5027750, 0, 0
217053, 3359727, 0, 0
218056, 5163531, 0, 0
219036, 4255592, 0, 0
220014, 4244729, 0, 0
221035, 5639147, 0, 0
222027, 5412245, 0, 0
223026, 5170377, 0, 0
224000, 5255032, 0, 0
225051, 4931103, 0, 0
226021, 4891747, 0, 0
227010, 4016496, 0, 0
228057, 3705281, 0, 0
229024, 3306047, 0, 0
230017, 4982999, 0, 0
231010, 5084639, 0, 0
232065, 5220128, 0, 0
233006, 4047969, 0, 0
234022, 4297534, 0, 0
235016, 4941221, 0, 0
236058, 4300518, 0, 0
237068, 5541204, 0, 0
238044, 3993195, 0, 0
239055, 5125980, 0, 0
240027, 5058527, 0, 0
241032, 5803134, 0, 0
242014, 5029473, 0, 0
243001, 5079591, 0, 0
244018, 3966880, 0, 0
245005, 5028726, 0, 0
246054, 3922502, 0, 0
247058, 3899023, 0, 0
248017, 5178828, 0, 0
249050, 4983855, 0, 0
250055, 3460792, 0, 0
251032, 3599655, 0, 0
252025, 4029455, 0, 0
253045, 4141452, 0, 0
254025, 4794498, 0, 0
255039, 5333568, 0, 0
256026, 5031337, 0, 0
257019, 3765630, 0, 0
258015, 3516495, 0, 0
259033, 3790829, 0, 0
260017, 4550265, 0, 0
261012, 3084057, 0, 0
262020, 4244591, 0, 0
263057, 4665982, 0, 0
264021, 4205622, 0, 0
265020, 5303311, 0, 0
266035, 5335916, 0, 0
267017, 4562051, 0, 0
268022, 3534738, 0, 0
269061, 4778718, 0, 0
270019, 4139861, 0, 0
271057, 5107243, 0, 0
272019, 4689526, 0, 0
273004, 4428264, 0, 0
274063, 5292600, 0, 0
275032, 4887280, 0, 0
276033, 4304974, 0, 0
277042, 3325538, 0, 0
278060, 4217191, 0, 0
279042, 4477664, 0, 0
280001, 3696151, 0, 0
281030, 4846814, 0, 0
282021, 4306201, 0, 0
283001, 4893336, 0, 0
284056, 5138896, 0, 0
285014, 3935716, 0, 0
286032, 3374544, 0, 0
287008, 3763957, 0, 0
288045, 4160382, 0, 0
289052, 3229981, 0, 0
290017, 3722350, 0, 0
291015, 5474055, 0, 0
292014, 4966260, 0, 0
293049, 4968104, 0, 0
294044, 4944842, 0, 0
295067, 5159241, 0, 0
296046, 4839135, 0, 0
297022, 5839472, 0, 0
298054, 3788714, 0, 0
299026, 5423516, 0, 0
300005, 5144669, 0, 0
301060, 5374397, 0, 0
302022, 4687441, 0, 0
303013, 4735697, 0, 0
304042, 4392849, 0, 0
305017, 4363946, 0, 0
306033, 3843977, 0, 0
307053, 3932765, 0, 0
308036, 4632010, 0, 0
309010, 4935508, 0, 0
310051, 4929132, 0, 0
311006, 4942361, 0, 0
312015, 4619098, 0, 0
313057, 3897247, 0, 0
314035, 4912294, 0, 0
315025, 4117872, 0, 0
316039, 4624387, 0, 0
317044, 4285407, 0, 0
318038, 4748903, 0, 0
319037, 5227101, 0, 0
320058, 5452040, 0, 0
321014, 4871811, 0, 0
322028, 4051538, 0, 0
323000, 4556449, 0, 0
324057, 3997243, 0, 0
325063, 4854557, 0, 0
326026, 4713493, 0, 0
327030, 3725233, 0, 0
328035, 4540663, 0, 0
329000, 4014315, 0, 0
330021, 4635382, 0, 0
331052, 4723862, 0, 0
332019, 4145021, 0, 0
333046, 4168389, 0, 0
334047, 3857468, 0, 0
335028, 3755774, 0, 0
336043, 4825794, 0, 0
337041, 4116058, 0, 0
338053, 5158850, 0, 0
339040, 4582094, 0, 0
340003, 4715558, 0, 0
341049, 4428247, 0, 0
342054, 4518551, 0, 0
343050, 4783636, 0, 0
344005, 4538455, 0, 0
345005, 4025655, 0, 0
346033, 4541251, 0, 0
347036, 4842046, 0, 0
348043, 4879913, 0, 0
349032, 5017157, 0, 0
350033, 4971520, 0, 0
351046, 4032242, 0, 0
352035, 4094569, 0, 0
353028, 4469589, 0, 0
354025, 4218883, 0, 0
355034, 3531633, 0, 0
356034, 4075257, 0, 0
357025, 4853050, 0, 0
358033, 3826717, 0, 0
359057, 4939829, 0, 0
360048, 3572950, 0, 0
361018, 4680877, 0, 0
362062, 4324209, 0, 0
363037, 5070189, 0, 0
364024, 3483390, 0, 0
365011, 4122360, 0, 0
366025, 4622444, 0, 0
367035, 3747768, 0, 0
368037, 4224136, 0, 0
369052, 3957385, 0, 0
370004, 3862951, 0, 0
371055, 4199139, 0, 0
372037, 3799214, 0, 0
373035, 4206135, 0, 0
374049, 4500830, 0, 0
375042, 4464856, 0, 0
376027, 4257482, 0, 0
377042, 4259022, 0, 0
378029, 4104833, 0, 0
379023, 3676834, 0, 0
380017, 3621280, 0, 0
381037, 4092748, 0, 0
382058, 3815632, 0, 0
383035, 4456290, 0, 0
384049, 4185834, 0, 0
385059, 4401630, 0, 0
386059, 4381276, 0, 0
387021, 4733566, 0, 0
388057, 4137064, 0, 0
389033, 4131519, 0, 0
390012, 4612512, 0, 0
391050, 4280217, 0, 0
392056, 4806705, 0, 0
393050, 4244876, 0, 0
394054, 4284186, 0, 0
395042, 4213884, 0, 0
396053, 4508659, 0, 0
397033, 4510565, 0, 0
398024, 4779199, 0, 0
399011, 3530504, 0, 0
400000, 3656561, 0, 0
401000, 4401989, 0, 0
402038, 3741282, 0, 0
403061, 4347898, 0, 0
404041, 3865813, 0, 0
405002, 4342795, 0, 0
406049, 4357390, 0, 0
407011, 3870808, 0, 0
408042, 3960484, 0, 0
409041, 4515421, 0, 0
410044, 4637770, 0, 0
411003, 4412081, 0, 0
412034, 4253916, 0, 0
413055, 4061572, 0, 0
414089, 4651239, 0, 0
415022, 4522953, 0, 0
416043, 4111885, 0, 0
417039, 4360815, 0, 0
418018, 4251131, 0, 0
419023, 4097078, 0, 0
420006, 3774868, 0, 0
421056, 4015648, 0, 0
422030, 3737929, 0, 0
423010, 3840325, 0, 0
424043, 3934833, 0, 0
425056, 3774370, 0, 0
426004, 5091253, 0, 0
427003, 4354780, 0, 0
428030, 3648423, 0, 0
429051, 3921394, 0, 0
430051, 4195394, 0, 0
431008, 4424973, 0, 0
432005, 4651965, 0, 0
433021, 4472538, 0, 0
434055, 4372658, 0, 0
435006, 4480118, 0, 0
436024, 4200186, 0, 0
437003, 4614110, 0, 0
438018, 4543515, 0, 0
439009, 4501604, 0, 0
440001, 4041003, 0, 0
441037, 3902373, 0, 0
442017, 4094822, 0, 0
443030, 3906908, 0, 0
444021, 4397514, 0, 0
445060, 4696244, 0, 0
446013, 4173483, 0, 0
447046, 4752839, 0, 0
448004, 4554885, 0, 0
449052, 4416630, 0, 0
450047, 4359422, 0, 0
451021, 3799831, 0, 0
452053, 3676862, 0, 0
453041, 3576428, 0, 0
454028, 4226370, 0, 0
455037, 4199933, 0, 0
456049, 3768678, 0, 0
457047, 3940370, 0, 0
458040, 4146933, 0, 0
459013, 3668174, 0, 0
460014, 3714909, 0, 0
461035, 3691694, 0, 0
462012, 4151204, 0, 0
463050, 4083106, 0, 0
464038, 4421442, 0, 0
465055, 4113928, 0, 0
466008, 4246740, 0, 0
467019, 4086117, 0, 0
468043, 4585088, 0, 0
469019, 4412596, 0, 0
470019, 4141238, 0, 0
471048, 3877485, 0, 0
472017, 3980194, 0, 0
473064, 4036723, 0, 0
474002, 4401521, 0, 0
475039, 4092259, 0, 0
476061, 3566475, 0, 0
477038, 3571935, 0, 0
478050, 4091238, 0, 0
479002, 3726419, 0, 0
480018, 4212779, 0, 0
481043, 3979316, 0, 0
482027, 4272292, 0, 0
483062, 4022294, 0, 0
484035, 4318335, 0, 0
485000, 3619592, 0, 0
486041, 4371693, 0, 0
487007, 3752234, 0, 0
488040, 3529886, 0, 0
489012, 3977583, 0, 0
490027, 4443925, 0, 0
491012, 3845041, 0, 0
492045, 3982454, 0, 0
493046, 4668783, 0, 0
494050, 4248212, 0, 0
495039, 4276657, 0, 0
496003, 4094252, 0, 0
497064, 4417076, 0, 0
498047, 4107276, 0, 0
499042, 4317212, 0, 0
500037, 3679311, 0, 0
501019, 4582552, 0, 0
502022, 4037916, 0, 0
503054, 3655049, 0, 0
504015, 4031020, 0, 0
505051, 3994255, 0, 0
506054, 4371029, 0, 0
507035, 3798256, 0, 0
508026, 4055447, 0, 0
509036, 4132838, 0, 0
510000, 4094682, 0, 0
511120, 4455575, 0, 0
512056, 3980355, 0, 0
513057, 4111335, 0, 0
514026, 3838319, 0, 0
515013, 4090149, 0, 0
516004, 4399719, 0, 0
517065, 3652050, 0, 0
518010, 3493703, 0, 0
519000, 4207546, 0, 0
520022, 3541500, 0, 0
521046, 3949675, 0, 0
522009, 3768722, 0, 0
523017, 4178531, 0, 0
524060, 4566325, 0, 0
525011, 4848401, 0, 0
526001, 5201988, 0, 0
527049, 4088901, 0, 0
528052, 3820797, 0, 0
529062, 4033430, 0, 0
530041, 4590564, 0, 0
531054, 4128740, 0, 0
532043, 3904581, 0, 0
533012, 4416540, 0, 0
534006, 3804041, 0, 0
535052, 3701668, 0, 0
536002, 3606751, 0, 0
537005, 4241941, 0, 0
538017, 4179456, 0, 0
539012, 3734030, 0, 0
540046, 4161569, 0, 0
541020, 3953595, 0, 0
542051, 4021676, 0, 0
543017, 4305352, 0, 0
544054, 4388794, 0, 0
545018, 3992070, 0, 0
546015, 4183953, 0, 0
547041, 4472848, 0, 0
548049, 3411606, 0, 0
549021, 3898137, 0, 0
550003, 3729375, 0, 0
551001, 3743900, 0, 0
552027, 3796715, 0, 0
553003, 3605960, 0, 0
554013, 4051725, 0, 0
555015, 4696043, 0, 0
556015, 3780950, 0, 0
557030, 3913255, 0, 0
558038, 4195692, 0, 0
559039, 3980993, 0, 0
560042, 3653312, 0, 0
561011, 3951096, 0, 0
562030, 3838916, 0, 0
563044, 4164632, 0, 0
564005, 3402070, 0, 0
565051, 4316692, 0, 0
566003, 3864586, 0, 0
567057, 4364866, 0, 0
568020, 3925362, 0, 0
569007, 3957835, 0, 0
570013, 4367625, 0, 0
571053, 3830004, 0, 0
572040, 3894665, 0, 0
573048, 4286398, 0, 0
574015, 4007302, 0, 0
575022, 3776505, 0, 0
576021, 3974176, 0, 0
577058, 3864732, 0, 0
578025, 4513750, 0, 0
579045, 3991843, 0, 0
580030, 4205683, 0, 0
581039, 3919992, 0, 0
582042, 3988761, 0, 0
583046, 3841483, 0, 0
584045, 4375590, 0, 0
585028, 4421786, 0, 0
586017, 3754416, 0, 0
587044, 3882503, 0, 0
588023, 4141711, 0, 0
589053, 4356943, 0, 0
590078, 4512734, 0, 0
591040, 4346695, 0, 0
592036, 4400080, 0, 0
593018, 4339132, 0, 0
594040, 4269911, 0, 0
595047, 4409637, 0, 0
596006, 3753455, 0, 0
597058, 4432907, 0, 0
598059, 3922232, 0, 0
599001, 4196133, 0, 0
600027, 3928527, 0, 0
601024, 4011990, 0, 0
602018, 3817857, 0, 0
603015, 4031389, 0, 0
604019, 4247431, 0, 0
605013, 4001339, 0, 0
606009, 4521229, 0, 0
607018, 4144067, 0, 0
608044, 4117805, 0, 0
609038, 4067347, 0, 0
610009, 4125181, 0, 0
611048, 4270388, 0, 0
612033, 4149626, 0, 0
613018, 3450597, 0, 0
614023, 3811846, 0, 0
615033, 4119170, 0, 0
616048, 3852563, 0, 0
617004, 3942385, 0, 0
618043, 4343287, 0, 0
619006, 4450985, 0, 0
620003, 4078917, 0, 0
621026, 3621861, 0, 0
622040, 3457216, 0, 0
623032, 3667937, 0, 0
624031, 4173392, 0, 0
625052, 4358472, 0, 0
626028, 4797490, 0, 0
627012, 4236096, 0, 0
628009, 4590758, 0, 0
629052, 4323071, 0, 0
630019, 4252398, 0, 0
631009, 3802145, 0, 0
632015, 3922422, 0, 0
633019, 4025401, 0, 0
634006, 3990252, 0, 0
635043, 4160801, 0, 0
636046, 4725816, 0, 0
637030, 3704152, 0, 0
638046, 4229171, 0, 0
639038, 3897606, 0, 0
640014, 4645012, 0, 0
641007, 3133842, 0, 0
642023, 3801105, 0, 0
643014, 3940377, 0, 0
644005, 3693924, 0, 0
645022, 3846470, 0, 0
646026, 3930746, 0, 0
647001, 3714461, 0, 0
648031, 3955620, 0, 0
649002, 4511226, 0, 0
650018, 4105645, 0, 0
651014, 3855113, 0, 0
652010, 4502634, 0, 0
653000, 4938920, 0, 0
654039, 4849673, 0, 0
655020, 4899578, 0, 0
656051, 3811865, 0, 0
657016, 4342839, 0, 0
658013, 3934177, 0, 0
659018, 4130768, 0, 0
660023, 4250592, 0, 0
661032, 3936201, 0, 0
662019, 3718681, 0, 0
663003, 3868811, 0, 0
664038, 3588433, 0, 0
665062, 4136296, 0, 0
666041, 4058503, 0, 0
667009, 4043895, 0, 0
668007, 4351152, 0, 0
669014, 3868297, 0, 0
670041, 4456687, 0, 0
671052, 3765586, 0, 0
672020, 3883781, 0, 0
673030, 4253602, 0, 0
674003, 3982777, 0, 0
675000, 3932783, 0, 0
676038, 4181767, 0, 0
677037, 4535138, 0, 0
678002, 4400045, 0, 0
679066, 3552211, 0, 0
680044, 3366080, 0, 0
681026, 3814319, 0, 0
682031, 4325204, 0, 0
683043, 3814366, 0, 0
684057, 4083266, 0, 0
685038, 3995488, 0, 0
686057, 3899883, 0, 0
687040, 4193659, 0, 0
688058, 3938419, 0, 0
689036, 3729185, 0, 0
690043, 4488037, 0, 0
691045, 4677459, 0, 0
692027, 4169095, 0, 0
693014, 3941742, 0, 0
694033, 3870633, 0, 0
695037, 4514404, 0, 0
696020, 4074283, 0, 0
697043, 4382676, 0, 0
698060, 4535602, 0, 0
699015, 3828841, 0, 0
700032, 4077674, 0, 0
701032, 4265281, 0, 0
702015, 4343110, 0, 0
703009, 4004501, 0, 0
704025, 3700016, 0, 0
705043, 3793991, 0, 0
706038, 4246033, 0, 0
707003, 3608283, 0, 0
708016, 3994671, 0, 0
709058, 3866939, 0, 0
710055, 4468869, 0, 0
711022, 4710631, 0, 0
712012, 3406175, 0, 0
713054, 3701402, 0, 0
714003, 3934241, 0, 0
715019, 3741271, 0, 0
716042, 4102051, 0, 0
717047, 4306230, 0, 0
718020, 4187992, 0, 0
719050, 4721220, 0, 0
720010, 4334083, 0, 0
721049, 3815157, 0, 0
722043, 4103598, 0, 0
723050, 3439455, 0, 0
724048, 4333756, 0, 0
725011, 4255103, 0, 0
726026, 4506204, 0, 0
727030, 3795153, 0, 0
728048, 3849710, 0, 0
729022, 4175562, 0, 0
730020, 4132734, 0, 0
731055, 4220101, 0, 0
732030, 4022178, 0, 0
733022, 3961372, 0, 0
734001, 3926657, 0, 0
735062, 3837209, 0, 0
736003, 4104391, 0, 0
737041, 3809254, 0, 0
738030, 3711499, 0, 0
739013, 3505752, 0, 0
740065, 3992840, 0, 0
741018, 4209686, 0, 0
742014, 3962538, 0, 0
743034, 4122890, 0, 0
744012, 4285632, 0, 0
745018, 4364729, 0, 0
746047, 4111438, 0, 0
747050, 3835200, 0, 0
748030, 3763775, 0, 0
749044, 4289152, 0, 0
750018, 4342404, 0, 0
751008, 4001799, 0, 0
752043, 3827002, 0, 0
753059, 3770730, 0, 0
754053, 4576133, 0, 0
755001, 4012983, 0, 0
756012, 4020525, 0, 0
757038, 3793750, 0, 0
758036, 4700414, 0, 0
759020, 4366118, 0, 0
760029, 4603467, 0, 0
761044, 4019186, 0, 0
762027, 3689749, 0, 0
763030, 3958119, 0, 0
764046, 3787447, 0, 0
765039, 4181335, 0, 0
766055, 4110040, 0, 0
767057, 4257743, 0, 0
768029, 3439057, 0, 0
769053, 4026664, 0, 0
770064, 4349992, 0, 0
771054, 4191049, 0, 0
772010, 4726464, 0, 0
773030, 4073191, 0, 0
774062, 3845738, 0, 0
775023, 4225498, 0, 0
776058, 4287571, 0, 0
777009, 3784414, 0, 0
778046, 3951173, 0, 0
779003, 4424845, 0, 0
780034, 3514174, 0, 0
781029, 3665155, 0, 0
782016, 3865503, 0, 0
783064, 4342097, 0, 0
784038, 3522666, 0, 0
785025, 4175275, 0, 0
786050, 3905535, 0, 0
787055, 4272286, 0, 0
788036, 3708603, 0, 0
789002, 4071999, 0, 0
790002, 4072775, 0, 0
791059, 4221672, 0, 0
792013, 4125938, 0, 0
793020, 3909774, 0, 0
794000, 3667005, 0, 0
795050, 4242555, 0, 0
796027, 4083248, 0, 0
797040, 3949512, 0, 0
798029, 4237330, 0, 0
799050, 4144592, 0, 0
800034, 4255954, 0, 0
801042, 3977364, 0, 0
802024, 3671202, 0, 0
803002, 4051857, 0, 0
804048, 4406482, 0, 0
805030, 3785375, 0, 0
806037, 3765621, 0, 0
807002, 4546759, 0, 0
808054, 3790740, 0, 0
809047, 3949493, 0, 0
810016, 4322383, 0, 0
811052, 3665635, 0, 0
812032, 4132975, 0, 0
813022, 3919817, 0, 0
814012, 4102245, 0, 0
815034, 3879125, 0, 0
816023, 4553700, 0, 0
817035, 3541954, 0, 0
818044, 3663657, 0, 0
819048, 4061071, 0, 0
820013, 4187849, 0, 0
821049, 4089248, 0, 0
822038, 4184195, 0, 0
823043, 4480350, 0, 0
824024, 4028761, 0, 0
825054, 3361185, 0, 0
826027, 4189021, 0, 0
827040, 4322518, 0, 0
828046, 4690561, 0, 0
829018, 4412549, 0, 0
830034, 3558425, 0, 0
831015, 4065231, 0, 0
832055, 4010882, 0, 0
833061, 4082525, 0, 0
834008, 4319434, 0, 0
835008, 4559763, 0, 0
836037, 4077971, 0, 0
837071, 4213220, 0, 0
838072, 4235525, 0, 0
839010, 3837966, 0, 0
840019, 4286367, 0, 0
841055, 3694714, 0, 0
842041, 3688787, 0, 0
843016, 4385165, 0, 0
844039, 4402906, 0, 0
845040, 3686431, 0, 0
846054, 4049190, 0, 0
847004, 4291600, 0, 0
848045, 4013959, 0, 0
849037, 4143582, 0, 0
850048, 4279290, 0, 0
851062, 4753386, 0, 0
852006, 4100269, 0, 0
853046, 4008380, 0, 0
854015, 3935335, 0, 0
855062, 4999910, 0, 0
856012, 4584605, 0, 0
857031, 4224267, 0, 0
858022, 3609831, 0, 0
859049, 3869532, 0, 0
860015, 3951363, 0, 0
861063, 4138241, 0, 0
862023, 4277820, 0, 0
863004, 4355160, 0, 0
864002, 4152048, 0, 0
865007, 3786884, 0, 0
866013, 3760235, 0, 0
867041, 3478778, 0, 0
868066, 4128172, 0, 0
869031, 4320200, 0, 0
870051, 4468399, 0, 0
871026, 4038450, 0, 0
872038, 4059478, 0, 0
873048, 3819233, 0, 0
874061, 4076537, 0, 0
875030, 3705226, 0, 0
876057, 3718064, 0, 0
877059, 4031759, 0, 0
878011, 4463348, 0, 0
879045, 4016670, 0, 0
880054, 3847107, 0, 0
881035, 3932477, 0, 0
882017, 4003769, 0, 0
883059, 4278841, 0, 0
884030, 3757079, 0, 0
885045, 4407079, 0, 0
886035, 4416108, 0, 0
887015, 4236728, 0, 0
888025, 3804945, 0, 0
889018, 3812956, 0, 0
890007, 4164158, 0, 0
891036, 4447934, 0, 0
892004, 4837417, 0, 0
893041, 4173094, 0, 0
894035, 4392981, 0, 0
895018, 4286568, 0, 0
896020, 4168516, 0, 0
897052, 4241491, 0, 0
898018, 3724923, 0, 0
899042, 3990578, 0, 0
900020, 4229870, 0, 0
901059, 4233025, 0, 0
902058, 4158786, 0, 0
903025, 4145670, 0, 0
904060, 4217065, 0, 0
905031, 3894299, 0, 0
906044, 4302965, 0, 0
907018, 3612517, 0, 0
908060, 4213645, 0, 0
909031, 3818553, 0, 0
910022, 4002856, 0, 0
911034, 4397976, 0, 0
912065, 4436238, 0, 0
913010, 4408123, 0, 0
914060, 3542315, 0, 0
915005, 4082746, 0, 0
916065, 3472076, 0, 0
917050, 4063566, 0, 0
918011, 4083909, 0, 0
919012, 3813427, 0, 0
920041, 4158864, 0, 0
921035, 4432251, 0, 0
922031, 4194545, 0, 0
923044, 4048387, 0, 0
924021, 3948500, 0, 0
925057, 3945746, 0, 0
926048, 4025838, 0, 0
927029, 4047326, 0, 0
928041, 3947243, 0, 0
929046, 3543296, 0, 0
930015, 4791555, 0, 0
931052, 4043547, 0, 0
932010, 3825336, 0, 0
933011, 4066355, 0, 0
934006, 3925262, 0, 0
935055, 4256343, 0, 0
936037, 4104492, 0, 0
937050, 4214318, 0, 0
938023, 3780311, 0, 0
939017, 3906155, 0, 0
940023, 4483820, 0, 0
941000, 3782537, 0, 0
942025, 3653061, 0, 0
943056, 4307801, 0, 0
944063, 4105286, 0, 0
945004, 4870357, 0, 0
946001, 4587239, 0, 0
947028, 4004699, 0, 0
948006, 3671790, 0, 0
949037, 4287577, 0, 0
950007, 3387878, 0, 0
951047, 3681842, 0, 0
952061, 3955352, 0, 0
953048, 4563031, 0, 0
954000, 3478321, 0, 0
955046, 3719032, 0, 0
956003, 4265864, 0, 0
957000, 4197627, 0, 0
958029, 4249422, 0, 0
959043, 4216684, 0, 0
960032, 4167017, 0, 0
961057, 3789206, 0, 0
962004, 3402557, 0, 0
963056, 4392555, 0, 0
964000, 3582630, 0, 0
965007, 4263350, 0, 0
966021, 3350608, 0, 0
967051, 3545790, 0, 0
968049, 4101785, 0, 0
969056, 3852786, 0, 0
970054, 3717932, 0, 0
971058, 4413306, 0, 0
972013, 4698657, 0, 0
973020, 3839831, 0, 0
974019, 4039041, 0, 0
975021, 4066833, 0, 0
976016, 4283257, 0, 0
977007, 3664538, 0, 0
978059, 3991135, 0, 0
979053, 4892876, 0, 0
980003, 3872142, 0, 0
981019, 3569940, 0, 0
982038, 3913863, 0, 0
983032, 3923591, 0, 0
984023, 3376438, 0, 0
985039, 3424412, 0, 0
986010, 3631627, 0, 0
987053, 3098219, 0, 0
988055, 3635922, 0, 0
989049, 4069255, 0, 0
990010, 4170846, 0, 0
991056, 4371501, 0, 0
992003, 4073356, 0, 0
993049, 3615919, 0, 0
994056, 3822133, 0, 0
995027, 3512792, 0, 0
996044, 3719691, 0, 0
997001, 4244089, 0, 0
998052, 3509215, 0, 0
999022, 3712205, 0, 0
1000044, 3579050, 0, 0
1001020, 3381407, 0, 0
1002039, 4734134, 0, 0
1003027, 4166028, 0, 0
1004062, 4163615, 0, 0
1005024, 3874839, 0, 0
1006063, 3856788, 0, 0
1007009, 4017172, 0, 0
1008000, 3747640, 0, 0
1009019, 3634787, 0, 0
1010056, 3995987, 0, 0
1011008, 3743080, 0, 0
1012012, 3739338, 0, 0
1013016, 3883345, 0, 0
1014029, 4730514, 0, 0
1015027, 3920795, 0, 0
1016010, 3663966, 0, 0
1017009, 4261050, 0, 0
1018023, 4185243, 0, 0
1019046, 3687845, 0, 0
1020051, 3343025, 0, 0
1021035, 3623602, 0, 0
1022014, 3803139, 0, 0
1023040, 3823701, 0, 0
1024008, 3758276, 0, 0
1025032, 3889542, 0, 0
1026011, 4054705, 0, 0
1027029, 3895175, 0, 0
1028033, 4513350, 0, 0
1029030, 4509207, 0, 0
1030018, 3318993, 0, 0
1031059, 3819733, 0, 0
1032040, 3856346, 0, 0
1033044, 3340842, 0, 0
1034030, 3515772, 0, 0
1035024, 4101556, 0, 0
1036047, 3659365, 0, 0
1037011, 3450372, 0, 0
1038018, 3791658, 0, 0
1039033, 3619006, 0, 0
1040036, 3751866, 0, 0
1041030, 3817848, 0, 0
1042005, 3485402, 0, 0
1043046, 3465137, 0, 0
1044049, 3808667, 0, 0
1045037, 3285497, 0, 0
1046016, 3442576, 0, 0
1047040, 3978266, 0, 0
1048039, 3775900, 0, 0
1049003, 3476239, 0, 0
1050024, 3172965, 0, 0
1051000, 4043589, 0, 0
1052008, 3390163, 0, 0
1053034, 3356032, 0, 0
1054036, 3804636, 0, 0
1055034, 3676677, 0, 0
1056032, 3556736, 0, 0
1057022, 3610141, 0, 0
1058006, 2946951, 0, 0
1059009, 3667359, 0, 0
1060000, 3364763, 0, 0
1061024, 3117480, 0, 0
1062040, 4192556, 0, 0
1063008, 3880545, 0, 0
1064000, 3133908, 0, 0
1065004, 3518471, 0, 0
1066032, 3786278, 0, 0
1067010, 3769473, 0, 0
1068059, 3089734, 0, 0
1069044, 3137911, 0, 0
1070013, 3695131, 0, 0
1071038, 3311064, 0, 0
1072062, 3561196, 0, 0
1073060, 3332853, 0, 0
1074064, 3577449, 0, 0
1075029, 3542334, 0, 0
1076055, 4003088, 0, 0
1077032, 3532744, 0, 0
1078003, 3577602, 0, 0
1079000, 3504438, 0, 0
1080007, 4241069, 0, 0
1081028, 3299221, 0, 0
1082048, 3785510, 0, 0
1083037, 3256377, 0, 0
1084034, 3493298, 0, 0
1085058, 3214319, 0, 0
1086040, 3476547, 0, 0
1087013, 3481198, 0, 0
1088007, 3431608, 0, 0
1089057, 3627466, 0, 0
1090039, 3526402, 0, 0
1091002, 3291918, 0, 0
1092064, 3430956, 0, 0
1093029, 3078857, 0, 0
1094014, 3599016, 0, 0
1095042, 3503955, 0, 0
1096016, 3509689, 0, 0
1097017, 3200692, 0, 0
1098038, 3681947, 0, 0
1099033, 3599818, 0, 0
1100007, 3350543, 0, 0
1101052, 3279902, 0, 0
1102031, 3334715, 0, 0
1103002, 3539765, 0, 0
1104042, 3099440, 0, 0
1105022, 3719586, 0, 0
1106003, 3587610, 0, 0
1107054, 3328069, 0, 0
1108009, 3406803, 0, 0
1109059, 3703100, 0, 0
1110006, 3579138, 0, 0
1111044, 3443524, 0, 0
1112049, 3436969, 0, 0
1113002, 3433544, 0, 0
1114039, 4193111, 0, 0
1115052, 3690659, 0, 0
1116031, 3701836, 0, 0
1117027, 3812675, 0, 0
1118038, 3363709, 0, 0
1119008, 3140753, 0, 0
1120011, 3656422, 0, 0
1121053, 3189765, 0, 0
1122026, 3236451, 0, 0
1123046, 3306302, 0, 0
1124006, 3258567, 0, 0
1125000, 3219843, 0, 0
1126037, 3339287, 0, 0
1127002, 3694773, 0, 0
1128054, 3605466, 0, 0
1129039, 3214903, 0, 0
1130032, 3187353, 0, 0
1131045, 3621516, 0, 0
1132020, 3418403, 0, 0
1133019, 3510828, 0, 0
1134007, 3015771, 0, 0
1135032, 3246268, 0, 0
1136016, 3946031, 0, 0
1137010, 3328797, 0, 0
1138041, 3513623, 0, 0
1139020, 3192981, 0, 0
1140018, 3510033, 0, 0
1141032, 3350108, 0, 0
1142006, 3273729, 0, 0
1143037, 3196773, 0, 0
1144028, 3374360, 0, 0
1145043, 3618713, 0, 0
1146053, 3503548, 0, 0
1147036, 3440493, 0, 0
1148056, 3500291, 0, 0
1149040, 3316810, 0, 0
1150026, 3480197, 0, 0
1151047, 2895275, 0, 0
1152013, 3312878, 0, 0
1153004, 3397587, 0, 0
1154023, 3270845, 0, 0
1155050, 4006486, 0, 0
1156026, 3456063, 0, 0
1157000, 3084898, 0, 0
1158026, 3438450, 0, 0
1159003, 3520050, 0, 0
1160038, 3197527, 0, 0
1161008, 2933939, 0, 0
1162010, 3572805, 0, 0
1163059, 3124972, 0, 0
1164010, 3635148, 0, 0
1165057, 3166400, 0, 0
1166025, 3297967, 0, 0
1167006, 3108371, 0, 0
1168022, 3598875, 0, 0
1169053, 3583126, 0, 0
1170008, 3256176, 0, 0
1171003, 2901500, 0, 0
1172023, 3253608, 0, 0
1173025, 3039671, 0, 0
1174019, 3149729, 0, 0
1175059, 3326228, 0, 0
1176047, 3436003, 0, 0
1177035, 3201420, 0, 0
1178005, 2943754, 0, 0
1179059, 2887164, 0, 0
1180026, 3576706, 0, 0
1181019, 3797597, 0, 0
1182021, 3367823, 0, 0
1183022, 3142111, 0, 0
1184043, 3614030, 0, 0
1185042, 3852198, 0, 0
1186034, 3402223, 0, 0
1187021, 3459045, 0, 0
1188027, 3088134, 0, 0
1189012, 2833159, 0, 0
1190013, 3363289, 0, 0
1191008, 2990534, 0, 0
1192028, 2884996, 0, 0
1193050, 3137033, 0, 0
1194020, 3054119, 0, 0
1195056, 3050421, 0, 0
1196005, 2769399, 0, 0
1197015, 3428501, 0, 0
1198051, 3316390, 0, 0
1199051, 3335240, 0, 0
1200041, 3261326, 0, 0
1201057, 2923719, 0, 0
1202058, 3297115, 0, 0
1203004, 3349157, 0, 0
1204043, 3228994, 0, 0
1205016, 2944364, 0, 0
1206011, 3120698, 0, 0
1207062, 2850307, 0, 0
1208039, 3075120, 0, 0
1209050, 3364998, 0, 0
1210027, 3238878, 0, 0
1211017, 3363192, 0, 0
1212055, 3038456, 0, 0
1213055, 2959622, 0, 0
1214051, 3186206, 0, 0
1215057, 2987502, 0, 0
1216020, 3031107, 0, 0
1217042, 3334003, 0, 0
1218035, 2832708, 0, 0
1219008, 3151775, 0, 0
1220044, 3041341, 0, 0
1221016, 3222188, 0, 0
1222000, 3058847, 0, 0
1223004, 3171359, 0, 0
1224030, 2722872, 0, 0
1225006, 3072687, 0, 0
1226049, 3436871, 0, 0
1227047, 3342771, 0, 0
1228052, 3389067, 0, 0
1229016, 2906942, 0, 0
1230007, 3275344, 0, 0
1231018, 3021662, 0, 0
1232050, 2834862, 0, 0
1233001, 2930079, 0, 0
1234061, 3197843, 0, 0
1235050, 3193922, 0, 0
1236038, 2858671, 0, 0
1237028, 3443787, 0, 0
1238010, 2706279, 0, 0
1239053, 3424887, 0, 0
1240011, 2755123, 0, 0
1241052, 3065368, 0, 0
1242028, 2977765, 0, 0
1243008, 3249731, 0, 0
1244007, 3011873, 0, 0
1245005, 2990911, 0, 0
1246047, 3333280, 0, 0
1247021, 3176112, 0, 0
1248044, 2883815, 0, 0
1249012, 2659640, 0, 0
1250047, 3066035, 0, 0
1251003, 2890442, 0, 0
1252038, 3030294, 0, 0
1253023, 2890509, 0, 0
1254017, 3061320, 0, 0
1255036, 2899257, 0, 0
1256037, 3044359, 0, 0
1257040, 3128654, 0, 0
1258053, 2802052, 0, 0
1259031, 2965358, 0, 0
1260040, 3357528, 0, 0
1261057, 2916735, 0, 0
1262067, 3111321, 0, 0
1263001, 3006534, 0, 0
1264009, 3019676, 0, 0
1265014, 2811644, 0, 0
1266004, 2872519, 0, 0
1267059, 3041569, 0, 0
1268027, 3158787, 0, 0
1269004, 2676070, 0, 0
1270032, 2899622, 0, 0
1271049, 2796245, 0, 0
1272048, 2838017, 0, 0
1273044, 2840352, 0, 0
1274048, 2498764, 0, 0
1275004, 2771885, 0, 0
1276010, 2836060, 0, 0
1277000, 3022982, 0, 0
1278006, 2835051, 0, 0
1279005, 3194211, 0, 0
1280060, 2846993, 0, 0
1281023, 3395026, 0, 0
1282016, 2879825, 0, 0
1283052, 2948077, 0, 0
1284005, 2898906, 0, 0
1285003, 2887947, 0, 0
1286046, 3069104, 0, 0
1287018, 2531399, 0, 0
1288001, 3030423, 0, 0
1289008, 2814108, 0, 0
1290011, 2811058, 0, 0
1291020, 2854211, 0, 0
1292037, 2726575, 0, 0
1293035, 3173899, 0, 0
1294016, 2828066, 0, 0
1295025, 3129375, 0, 0
1296042, 2675993, 0, 0
1297028, 2877764, 0, 0
1298009, 2940836, 0, 0
1299000, 2572557, 0, 0
1300033, 3145009, 0, 0
1301036, 2819486, 0, 0
1302010, 2884192, 0, 0
1303034, 3429865, 0, 0
1304011, 2694340, 0, 0
1305044, 3004210, 0, 0
1306058, 2677221, 0, 0
1307057, 2932782, 0, 0
1308040, 2495938, 0, 0
1309029, 2794011, 0, 0
1310020, 2658977, 0, 0
1311058, 3111949, 0, 0
1312013, 2835080, 0, 0
1313000, 2413855, 0, 0
1314002, 2982807, 0, 0
1315047, 2544329, 0, 0
1316006, 2981496, 0, 0
1317014, 2872633, 0, 0
1318010, 2840808, 0, 0
1319002, 2901852, 0, 0
1320047, 2746034, 0, 0
1321036, 2903346, 0, 0
1322058, 3197261, 0, 0
1323000, 2667856, 0, 0
1324056, 2745169, 0, 0
1325055, 2609392, 0, 0
1326002, 2655721, 0, 0
1327039, 3006678, 0, 0
1328004, 2383177, 0, 0
1329013, 3078588, 0, 0
1330018, 2718537, 0, 0
1331017, 3030409, 0, 0
1332015, 2668140, 0, 0
1333024, 2529432, 0, 0
1334014, 3013893, 0, 0
1335010, 2560044, 0, 0
1336046, 2788131, 0, 0
1337003, 2235399, 0, 0
1338023, 2891185, 0, 0
1339016, 2415882, 0, 0
1340061, 2652888, 0, 0
1341022, 2634683, 0, 0
1342060, 2447668, 0, 0
1343045, 2559198, 0, 0
1344002, 2931101, 0, 0
1345030, 2786436, 0, 0
1346000, 3141797, 0, 0
1347002, 2571776, 0, 0
1348004, 2687629, 0, 0
1349000, 2766322, 0, 0
1350040, 2767643, 0, 0
1351003, 2610523, 0, 0
1352034, 2461566, 0, 0
1353023, 2726425, 0, 0
1354040, 2486327, 0, 0
1355004, 2694557, 0, 0
1356002, 2790015, 0, 0
1357037, 2330223, 0, 0
1358012, 2567663, 0, 0
1359065, 2575555, 0, 0
1360017, 2852707, 0, 0
1361027, 2332087, 0, 0
1362017, 2507237, 0, 0
1363015, 2675003, 0, 0
1364015, 2648411, 0, 0
1365038, 2411168, 0, 0
1366028, 2552152, 0, 0
1367025, 2689262, 0, 0
1368067, 2831065, 0, 0
1369007, 2586057, 0, 0
1370027, 2462829, 0, 0
1371055, 2458896, 0, 0
1372037, 2612590, 0, 0
1373050, 2619139, 0, 0
1374024, 2937829, 0, 0
1375015, 2595209, 0, 0
1376062, 2492539, 0, 0
1377034, 2441267, 0, 0
1378031, 2455658, 0, 0
1379038, 2325900, 0, 0
1380020, 2423106, 0, 0
1381038, 2533227, 0, 0
1382035, 2652070, 0, 0
1383017, 2621450, 0, 0
1384041, 2566443, 0, 0
1385025, 2616376, 0, 0
1386047, 2678705, 0, 0
1387060, 2602850, 0, 0
1388039, 2436115, 0, 0
1389033, 2247138, 0, 0
1390036, 2383874, 0, 0
1391015, 2282337, 0, 0
1392004, 2794763, 0, 0
1393004, 2271401, 0, 0
1394025, 2358290, 0, 0
1395028, 2794476, 0, 0
1396013, 2345870, 0, 0
1397051, 2649903, 0, 0
1398062, 2471957, 0, 0
1399024, 2310618, 0, 0
1400054, 2482439, 0, 0
1401024, 2616599, 0, 0
1402058, 2421701, 0, 0
1403027, 2427177, 0, 0
1404043, 2566022, 0, 0
1405049, 2414284, 0, 0
1406007, 2569150, 0, 0
1407001, 2460173, 0, 0
1408032, 2155210, 0, 0
1409030, 2661943, 0, 0
1410003, 2311763, 0, 0
1411039, 2332129, 0, 0
1412012, 2431731, 0, 0
1413055, 2195568, 0, 0
1414015, 2340001, 0, 0
1415008, 2231534, 0, 0
1416045, 2567179, 0, 0
1417058, 2280815, 0, 0
1418028, 2573901, 0, 0
1419001, 2451269, 0, 0
1420019, 2513762, 0, 0
1421020, 2274796, 0, 0
1422044, 2325851, 0, 0
1423059, 2245086, 0, 0
1424029, 2148448, 0, 0
1425000, 2212983, 0, 0
1426016, 2207143, 0, 0
1427058, 2102270, 0, 0
1428059, 2198558, 0, 0
1429043, 2000227, 0, 0
1430006, 2004269, 0, 0
1431000, 2298842, 0, 0
1432045, 1930517, 0, 0
1433048, 2237677, 0, 0
1434004, 2207554, 0, 0
1435008, 2210090, 0, 0
1436051, 2136523, 0, 0
1437030, 2108244, 0, 0
1438019, 2245962, 0, 0
1439016, 2167092, 0, 0
1440017, 2022997, 0, 0
1441028, 1927736, 0, 0
1442024, 2305065, 0, 0
1443002, 2434392, 0, 0
1444058, 2153313, 0, 0
1445003, 2079782, 0, 0
1446020, 2093878, 0, 0
1447015, 2175939, 0, 0
1448042, 2223868, 0, 0
1449061, 2106732, 0, 0
1450035, 2183192, 0, 0
1451052, 2121450, 0, 0
1452054, 2154526, 0, 0
1453064, 2089381, 0, 0
1454029, 2100506, 0, 0
1455028, 2289856, 0, 0
1456046, 1871704, 0, 0
1457013, 2467516, 0, 0
1458009, 2130496, 0, 0
1459016, 1787338, 0, 0
1460004, 2021981, 0, 0
1461060, 1921047, 0, 0
1462010, 1744549, 0, 0
1463011, 1959854, 0, 0
1464025, 2247653, 0, 0
1465022, 1886653, 0, 0
1466025, 2078426, 0, 0
1467013, 2138146, 0, 0
1468030, 1915301, 0, 0
1469002, 2287908, 0, 0
1470035, 1782004, 0, 0
1471036, 1881456, 0, 0
1472056, 2120695, 0, 0
1473015, 2047203, 0, 0
1474001, 2010792, 0, 0
1475052, 1949698, 0, 0
1476012, 1663860, 0, 0
1477019, 1938080, 0, 0
1478004, 2179666, 0, 0
1479050, 1693807, 0, 0
1480035, 1753711, 0, 0
1481007, 1957873, 0, 0
1482041, 1804664, 0, 0
1483045, 1698980, 0, 0
1484043, 1881841, 0, 0
1485029, 2088070, 0, 0
1486057, 1929339, 0, 0
1487020, 2197682, 0, 0
1488017, 1587612, 0, 0
1489029, 1900230, 0, 0
1490015, 1736061, 0, 0
1491028, 1882874, 0, 0
1492020, 1817918, 0, 0
1493009, 1819238, 0, 0
1494055, 2004672, 0, 0
1495009, 1636885, 0, 0
1496013, 1909531, 0, 0
1497017, 1826750, 0, 0
1498050, 1929862, 0, 0
1499003, 1611032, 0, 0
1500057, 1800438, 0, 0
1501014, 1931112, 0, 0
1502032, 1944087, 0, 0
1503010, 1994387, 0, 0
1504021, 1838519, 0, 0
1505049, 1716730, 0, 0
1506006, 1816799, 0, 0
1507008, 1829875, 0, 0
1508047, 1667868, 0, 0
1509040, 1753367, 0, 0
1510038, 1758461, 0, 0
1511010, 1742598, 0, 0
1512013, 1762629, 0, 0
1513036, 1764558, 0, 0
1514054, 1818766, 0, 0
1515006, 1671712, 0, 0
1516008, 1743235, 0, 0
1517045, 1609330, 0, 0
1518022, 1816662, 0, 0
1519023, 1703041, 0, 0
1520011, 1666143, 0, 0
1521030, 1790670, 0, 0
1522039, 1593806, 0, 0
1523006, 1828331, 0, 0
1524039, 1810620, 0, 0
1525004, 1440414, 0, 0
1526006, 1715536, 0, 0
1527052, 1830642, 0, 0
1528047, 1808629, 0, 0
1529013, 2014866, 0, 0
1530023, 1504082, 0, 0
1531055, 1669496, 0, 0
1532009, 1678839, 0, 0
1533020, 1444326, 0, 0
1534043, 1512765, 0, 0
1535001, 1495627, 0, 0
1536039, 1835386, 0, 0
1537018, 1609064, 0, 0
1538027, 1605779, 0, 0
1539056, 1540190, 0, 0
1540025, 1670511, 0, 0
1541007, 1904387, 0, 0
1542054, 1601625, 0, 0
1543063, 1653795, 0, 0
1544052, 1593765, 0, 0
1545023, 1500437, 0, 0
1546052, 1567178, 0, 0
1547005, 1420628, 0, 0
1548062, 1552821, 0, 0
1549049, 1361920, 0, 0
1550030, 1438842, 0, 0
1551060, 1574016, 0, 0
1552023, 1460526, 0, 0
1553021, 1320729, 0, 0
1554026, 1243741, 0, 0
1555009, 1572988, 0, 0
1556058, 1732553, 0, 0
1557059, 1632750, 0, 0
1558041, 1221537, 0, 0
1559006, 1526724, 0, 0
1560053, 1346545, 0, 0
1561022, 1639823, 0, 0
1562046, 1434475, 0, 0
1563035, 1492811, 0, 0
1564023, 1335318, 0, 0
1565033, 1687154, 0, 0
1566001, 1496173, 0, 0
1567059, 1806422, 0, 0
1568011, 1329026, 0, 0
1569009, 1253020, 0, 0
1570034, 1477125, 0, 0
1571024, 1656120, 0, 0
1572036, 1275640, 0, 0
1573028, 1482296, 0, 0
1574000, 1319702, 0, 0
1575028, 1431817, 0, 0
1576050, 1546171, 0, 0
1577003, 1320843, 0, 0
1578014, 1451094, 0, 0
1579039, 1167347, 0, 0
1580024, 1431682, 0, 0
1581020, 1319906, 0, 0
1582072, 1454536, 0, 0
1583017, 1384702, 0, 0
1584015, 1377908, 0, 0
1585000, 1398864, 0, 0
1586048, 1352598, 0, 0
1587041, 1337431, 0, 0
1588015, 1095161, 0, 0
1589014, 1414417, 0, 0
1590063, 1492544, 0, 0
1591020, 1512964, 0, 0
1592012, 1308168, 0, 0
1593015, 1225486, 0, 0
1594001, 1205680, 0, 0
1595030, 1241106, 0, 0
1596043, 1366099, 0, 0
1597048, 1301864, 0, 0
1598008, 1251516, 0, 0
1599056, 1300297, 0, 0
1600017, 1288992, 0, 0
1601035, 1128804, 0, 0
1602015, 1283534, 0, 0
1603000, 1199518, 0, 0
1604026, 1217408, 0, 0
1605039, 1137666, 0, 0
1606026, 1158357, 0, 0
1607030, 1064259, 0, 0
1608023, 1268725, 0, 0
1609047, 1341472, 0, 0
1610008, 1243536, 0, 0
1611041, 1140849, 0, 0
1612015, 1341732, 0, 0
1613011, 1295035, 0, 0
1614034, 1123314, 0, 0
1615017, 1248946, 0, 0
1616063, 1206618, 0, 0
1617044, 1250112, 0, 0
1618031, 1246215, 0, 0
1619006, 1230207, 0, 0
1620013, 1277097, 0, 0
1621020, 1042354, 0, 0
1622046, 906297, 0, 0
1623029, 1194888, 0, 0
1624046, 1077130, 0, 0
1625034, 1173106, 0, 0
1626024, 998571, 0, 0
1627003, 1287386, 0, 0
1628037, 1018651, 0, 0
1629014, 1010885, 0, 0
1630039, 1287055, 0, 0
1631026, 901505, 0, 0
1632086, 1113154, 0, 0
1633010, 1005703, 0, 0
1634028, 1171750, 0, 0
1635039, 969984, 0, 0
1636058, 1027916, 0, 0
1637000, 997151, 0, 0
1638008, 1106831, 0, 0
1639036, 1111007, 0, 0
1640008, 921283, 0, 0
1641000, 991736, 0, 0
1642019, 906319, 0, 0
1643015, 1263204, 0, 0
1644004, 866892, 0, 0
1645036, 955691, 0, 0
1646043, 1065505, 0, 0
1647003, 983138, 0, 0
1648025, 908061, 0, 0
1649036, 1052122, 0, 0
1650062, 985910, 0, 0
1651040, 925925, 0, 0
1652011, 974928, 0, 0
1653051, 1046201, 0, 0
1654051, 912029, 0, 0
1655030, 1002889, 0, 0
1656030, 935577, 0, 0
1657015, 885735, 0, 0
1658039, 853764, 0, 0
1659000, 883202, 0, 0
1660057, 982223, 0, 0
1661030, 838918, 0, 0
1662047, 922898, 0, 0
1663056, 733544, 0, 0
1664010, 942754, 0, 0
1665099, 766712, 0, 0
1666006, 910161, 0, 0
1667030, 781972, 0, 0
1668056, 825070, 0, 0
1669076, 834418, 0, 0
1670036, 859528, 0, 0
1671054, 914438, 0, 0
1672030, 730303, 0, 0
1673015, 918783, 0, 0
1674043, 1062913, 0, 0
1675006, 727212, 0, 0
1676030, 705633, 0, 0
1677030, 780789, 0, 0
1678053, 722677, 0, 0
1679012, 873372, 0, 0
1680031, 690634, 0, 0
1681037, 774594, 0, 0
1682009, 925269, 0, 0
1683048, 773741, 0, 0
1684055, 801573, 0, 0
1685035, 651446, 0, 0
1686081, 632117, 0, 0
1687014, 796789, 0, 0
1688032, 702333, 0, 0
1689048, 627642, 0, 0
1690054, 580474, 0, 0
1691032, 689054, 0, 0
1692050, 631439, 0, 0
1693037, 580453, 0, 0
1694048, 696981, 0, 0
1695002, 722930, 0, 0
1696022, 870037, 0, 0
1697014, 663049, 0, 0
1698033, 593002, 0, 0
1699023, 771621, 0, 0
1700005, 658613, 0, 0
1701051, 670825, 0, 0
1702011, 522326, 0, 0
1703055, 642077, 0, 0
1704005, 607392, 0, 0
1705057, 598680, 0, 0
1706010, 721869, 0, 0
1707050, 674259, 0, 0
1708031, 663916, 0, 0
1709047, 554414, 0, 0
1710001, 570277, 0, 0
1711023, 651441, 0, 0
1712043, 707755, 0, 0
1713013, 668119, 0, 0
1714044, 544727, 0, 0
1715000, 618742, 0, 0
1716015, 547315, 0, 0
1717005, 556871, 0, 0
1718022, 473432, 0, 0
1719021, 557020, 0, 0
1720037, 507910, 0, 0
1721047, 603803, 0, 0
1722034, 520907, 0, 0
1723000, 497241, 0, 0
1724017, 612125, 0, 0
1725048, 503381, 0, 0
1726016, 466435, 0, 0
1727107, 579819, 0, 0
1728000, 451221, 0, 0
1729024, 458624, 0, 0
1730035, 395201, 0, 0
1731025, 472190, 0, 0
1732037, 502130, 0, 0
1733066, 475640, 0, 0
1734024, 461577, 0, 0
1735037, 438600, 0, 0
1736004, 436019, 0, 0
1737002, 380190, 0, 0
1738020, 625327, 0, 0
1739046, 517167, 0, 0
1740007, 376679, 0, 0
1741049, 360391, 0, 0
1742022, 426140, 0, 0
1743078, 485247, 0, 0
1744043, 407804, 0, 0
1745012, 352502, 0, 0
1746048, 353850, 0, 0
1747035, 325040, 0, 0
1748038, 375474, 0, 0
1749036, 301345, 0, 0
1750037, 355338, 0, 0
1751007, 279516, 0, 0
1752000, 324794, 0, 0
1753016, 376255, 0, 0
1754015, 323795, 0, 0
1755047, 467689, 0, 0
1756018, 341090, 0, 0
1757056, 322322, 0, 0
1758004, 349210, 0, 0
1759041, 235247, 0, 0
1760021, 301397, 0, 0
1761013, 297622, 0, 0
1762036, 220636, 0, 0
1763000, 299338, 0, 0
1764024, 234892, 0, 0
1765030, 211651, 0, 0
1766032, 292810, 0, 0
1767020, 261693, 0, 0
1768014, 202721, 0, 0
1769009, 271054, 0, 0
1770005, 174886, 0, 0
1771028, 234546, 0, 0
1772012, 240645, 0, 0
1773005, 213131, 0, 0
1774003, 157659, 0, 0
1775019, 188834, 0, 0
1776008, 304324, 0, 0
1777020, 172739, 0, 0
1778000, 182770, 0, 0
1779035, 139566, 0, 0
1780000, 141974, 0, 0
1781049, 166613, 0, 0
1782009, 178824, 0, 0
1783046, 120452, 0, 0
1784046, 145770, 0, 0
1785000, 91384, 0, 0
1786012, 145104, 0, 0
1787000, 96434, 0, 0
1788020, 110767, 0, 0
1789000, 126297, 0, 0
1790005, 86521, 0, 0
1791050, 134480, 0, 0
1792030, 104205, 0, 0
1793045, 73659, 0, 0
1794000, 92476, 0, 0
1795014, 117708, 0, 0
1796015, 79313, 0, 0
1797000, 49734, 0, 0
1798062, 68919, 0, 0
1799000, 55565, 0, 0
1800018, 47256, 0, 0
1801000, 43582, 0, 0
1802000, 37623, 0, 0
1803000, 38637, 0, 0
1804000, 19546, 0, 0
1805003, 27010, 0, 0
1806000, 15191, 0, 0
1807000, 9513, 0, 0
1808000, 7109, 0, 0
1809000, 7051, 0, 0
1810000, 7045, 0, 0
1811000, 7222, 0, 0
1812000, 7115, 0, 0
1813000, 7111, 0, 0
1814000, 7080, 0, 0
1815000, 7103, 0, 0
1816000, 7057, 0, 0
1817000, 7076, 0, 0
1818000, 7050, 0, 0
1819000, 7041, 0, 0
1820000, 7081, 0, 0
1821000, 7134, 0, 0
1822000, 7067, 0, 0
1823000, 7148, 0, 0
1824000, 7115, 0, 0
1825000, 7057, 0, 0
1826000, 7038, 0, 0
1827000, 7045, 0, 0
1828000, 7038, 0, 0
1829000, 7110, 0, 0
1830000, 7165, 0, 0
1831000, 7041, 0, 0
1832000, 7065, 0, 0
1833000, 7049, 0, 0
1834000, 7057, 0, 0
1835000, 7053, 0, 0
1836000, 7055, 0, 0
1837000, 7061, 0, 0
1838000, 7114, 0, 0
1839000, 7106, 0, 0
1840000, 7083, 0, 0
1841000, 7090, 0, 0
1842000, 7045, 0, 0
1843000, 7115, 0, 0
1844000, 7136, 0, 0
1845000, 7080, 0, 0
1846000, 7176, 0, 0
1847000, 7111, 0, 0
1848000, 7121, 0, 0
1849000, 7082, 0, 0
1850000, 7103, 0, 0
1851000, 7060, 0, 0
1852000, 7064, 0, 0
1853000, 7087, 0, 0
1854000, 7067, 0, 0
1855000, 7042, 0, 0
1856000, 7104, 0, 0
1857000, 9554, 0, 0
1858000, 7192, 0, 0
1859000, 7124, 0, 0
1860000, 7187, 0, 0
1861000, 7094, 0, 0
1862000, 7087, 0, 0
1863000, 7179, 0, 0
1864000, 7052, 0, 0
1865000, 7060, 0, 0
1866000, 7063, 0, 0
1867000, 7079, 0, 0
1868000, 7070, 0, 0
1869000, 7139, 0, 0
1870000, 7094, 0, 0
1871000, 7110, 0, 0
1872000, 7121, 0, 0
1873000, 7091, 0, 0
1874000, 7129, 0, 0
1875000, 7126, 0, 0
1876000, 7083, 0, 0
1877000, 7078, 0, 0
1878000, 7094, 0, 0
1879000, 7113, 0, 0
1880000, 7219, 0, 0
1881000, 7145, 0, 0
1882000, 7161, 0, 0
1883000, 7179, 0, 0
1884000, 7185, 0, 0
1885000, 7171, 0, 0
1886000, 7143, 0, 0
1887000, 7183, 0, 0
1888000, 7091, 0, 0
1889000, 7091, 0, 0
1890000, 7170, 0, 0
1891000, 7145, 0, 0
1892000, 7096, 0, 0
1893000, 7095, 0, 0
1894000, 7072, 0, 0
1895000, 7065, 0, 0
1896000, 7062, 0, 0
1897000, 7033, 0, 0
1898000, 7096, 0, 0
1899000, 7055, 0, 0
1900000, 7069, 0, 0
1901000, 7055, 0, 0
1902000, 7037, 0, 0
1903000, 7108, 0, 0
1904000, 7107, 0, 0
1905000, 7097, 0, 0
1906000, 7309, 0, 0
1907000, 7086, 0, 0
1908000, 7142, 0, 0
1909000, 7076, 0, 0
1910000, 7100, 0, 0
1911000, 7100, 0, 0
1912000, 7108, 0, 0
1913000, 7163, 0, 0
1914000, 7076, 0, 0
1915000, 7053, 0, 0
1916000, 7145, 0, 0
1917000, 7161, 0, 0
1918000, 7088, 0, 0
1919000, 7154, 0, 0
1920000, 7130, 0, 0
1921000, 9434, 0, 0
1922000, 7075, 0, 0
1923000, 7118, 0, 0
1924000, 7061, 0, 0
1925000, 7049, 0, 0
1926000, 7042, 0, 0
1927000, 7042, 0, 0
1928000, 7068, 0, 0
1929000, 7102, 0, 0
1930000, 7062, 0, 0
1931000, 7148, 0, 0
1932000, 7067, 0, 0
1933000, 7057, 0, 0
1934000, 7033, 0, 0
1935000, 7054, 0, 0
1936000, 7094, 0, 0
1937000, 7061, 0, 0
1938000, 7055, 0, 0
1939000, 7115, 0, 0
1940000, 7099, 0, 0
1941000, 7093, 0, 0
1942000, 7079, 0, 0
1943000, 7130, 0, 0
1944000, 7140, 0, 0
1945000, 7063, 0, 0
1946000, 7088, 0, 0
1947000, 7082, 0, 0
1948000, 7058, 0, 0
1949000, 7094, 0, 0
1950000, 7047, 0, 0
1951000, 7095, 0, 0
1952000, 7064, 0, 0
1953000, 7096, 0, 0
1954000, 7062, 0, 0
1955000, 7073, 0, 0
1956000, 7056, 0, 0
1957000, 7072, 0, 0
1958000, 7053, 0, 0
1959000, 7068, 0, 0
1960000, 7120, 0, 0
1961000, 7054, 0, 0
1962000, 7082, 0, 0
1963000, 7136, 0, 0
1964000, 7032, 0, 0
1965000, 7033, 0, 0
1966000, 7073, 0, 0
1967000, 7098, 0, 0
1968000, 7178, 0, 0
1969000, 7111, 0, 0
1970000, 7090, 0, 0
1971000, 7114, 0, 0
1972000, 7090, 0, 0
1973000, 7167, 0, 0
1974000, 7067, 0, 0
1975000, 7032, 0, 0
1976000, 7099, 0, 0
1977000, 7096, 0, 0
1978000, 7012, 0, 0
1979000, 7071, 0, 0
1980000, 7037, 0, 0
1981000, 7065, 0, 0
1982000, 7027, 0, 0
1983000, 7065, 0, 0
1984000, 7052, 0, 0
1985000, 9325, 0, 0
1986000, 7047, 0, 0
1987000, 7259, 0, 0
1988000, 7078, 0, 0
1989000, 7086, 0, 0
1990000, 7125, 0, 0
1991000, 7035, 0, 0
1992000, 7071, 0, 0
1993000, 7067, 0, 0
1994000, 7103, 0, 0
1995000, 7092, 0, 0
1996000, 7060, 0, 0
1997000, 7085, 0, 0
1998000, 7029, 0, 0
1999000, 7058, 0, 0
2000000, 7031, 0, 0
2001000, 7029, 0, 0
2002000, 7034, 0, 0
2003000, 7088, 0, 0
2004000, 7104, 0, 0
2005000, 7102, 0, 0
2006000, 7084, 0, 0
2007000, 7265, 0, 0
2008000, 7084, 0, 0
2009000, 7085, 0, 0
2010000, 7108, 0, 0
2011000, 7137, 0, 0
2012000, 7110, 0, 0
2013000, 7127, 0, 0
2014000, 7119, 0, 0
2015000, 7175, 0, 0
2016000, 7103, 0, 0
2017000, 7091, 0, 0
2018000, 7127, 0, 0
2019000, 7265, 0, 0
2020000, 7105, 0, 0
2021000, 7140, 0, 0
2022000, 7145, 0, 0
2023000, 7111, 0, 0
2024000, 7080, 0, 0
2025000, 7102, 0, 0
2026000, 7063, 0, 0
2027000, 7138, 0, 0
2028000, 7070, 0, 0
2029000, 7093, 0, 0
2030000, 7086, 0, 0
2031000, 7082, 0, 0
2032000, 7113, 0, 0
2033000, 7067, 0, 0
2034000, 7080, 0, 0
2035000, 7055, 0, 0
2036000, 7058, 0, 0
2037000, 7039, 0, 0
2038000, 7075, 0, 0
2039000, 7092, 0, 0
2040000, 7092, 0, 0
2041000, 7085, 0, 0
2042000, 7077, 0, 0
2043000, 7083, 0, 0
2044000, 7096, 0, 0
2045000, 7145, 0, 0
2046000, 7110, 0, 0
2047000, 7168, 0, 0
2048000, 7063, 0, 0
2049000, 9278, 0, 0
2050000, 7020, 0, 0
2051000, 7038, 0, 0
2052000, 7213, 0, 0
2053000, 7059, 0, 0
2054000, 7042, 0, 0
2055000, 7067, 0, 0
2056000, 7029, 0, 0
2057000, 7093, 0, 0
2058000, 7075, 0, 0
2059000, 7077, 0, 0
2060000, 7084, 0, 0
2061000, 7070, 0, 0
2062000, 7073, 0, 0
2063000, 7089, 0, 0
2064000, 7092, 0, 0
2065000, 7096, 0, 0
2066000, 7036, 0, 0
2067000, 7050, 0, 0
2068000, 7267, 0, 0
2069000, 7077, 0, 0
2070000, 7032, 0, 0
2071000, 7073, 0, 0
2072000, 7062, 0, 0
2073000, 7036, 0, 0
2074000, 7004, 0, 0
2075000, 6993, 0, 0
2076000, 7031, 0, 0
2077000, 7016, 0, 0
2078000, 7083, 0, 0
2079000, 7069, 0, 0
2080000, 7103, 0, 0
2081000, 7131, 0, 0
2082000, 7025, 0, 0
2083000, 7075, 0, 0
2084000, 7070, 0, 0
2085000, 7042, 0, 0
2086000, 7062, 0, 0
2087000, 7063, 0, 0
2088000, 7127, 0, 0
2089000, 7138, 0, 0
2090000, 7071, 0, 0
2091000, 7102, 0, 0
2092000, 7076, 0, 0
2093000, 7070, 0, 0
2094000, 7075, 0, 0
2095000, 7088, 0, 0
2096000, 7034, 0, 0
2097000, 7091, 0, 0
2098000, 7017, 0, 0
2099000, 7047, 0, 0
2100000, 7037, 0, 0
2101000, 7055, 0, 0
2102000, 7049, 0, 0
2103000, 7286, 0, 0
2104000, 7076, 0, 0
2105000, 7118, 0, 0
2106000, 7101, 0, 0
2107000, 7039, 0, 0
2108000, 7057, 0, 0
2109000, 7060, 0, 0
2110000, 7036, 0, 0
2111000, 7192, 0, 0
2112000, 7051, 0, 0
2113000, 9293, 0, 0
2114000, 7085, 0, 0
2115000, 7095, 0, 0
2116000, 7076, 0, 0
2117000, 7079, 0, 0
2118000, 7051, 0, 0
2119000, 7055, 0, 0
2120000, 7072, 0, 0
2121000, 7037, 0, 0
2122000, 7031, 0, 0
2123000, 7058, 0, 0
2124000, 7033, 0, 0
2125000, 7119, 0, 0
2126000, 7065, 0, 0
2127000, 7067, 0, 0
2128000, 7052, 0, 0
2129000, 7071, 0, 0
2130000, 7062, 0, 0
2131000, 7045, 0, 0
2132000, 7045, 0, 0
2133000, 7071, 0, 0
2134000, 7058, 0, 0
2135000, 7054, 0, 0
2136000, 7043, 0, 0
2137000, 7067, 0, 0
2138000, 7077, 0, 0
2139000, 7085, 0, 0
2140000, 7105, 0, 0
2141000, 7053, 0, 0
2142000, 7065, 0, 0
2143000, 7102, 0, 0
2144000, 7111, 0, 0
2145000, 7833, 0, 0
2146000, 7133, 0, 0
2147000, 7052, 0, 0
2148000, 7127, 0, 0
2149000, 7107, 0, 0
2150000, 7107, 0, 0
2151000, 7114, 0, 0
2152000, 7140, 0, 0
2153000, 7096, 0, 0
2154000, 7198, 0, 0
2155000, 7135, 0, 0
2156000, 7113, 0, 0
2157000, 7102, 0, 0
2158000, 7105, 0, 0
2159000, 7138, 0, 0
2160000, 7152, 0, 0
2161000, 7119, 0, 0
2162000, 7110, 0, 0
2163000, 7122, 0, 0
2164000, 7095, 0, 0
2165000, 7076, 0, 0
2166000, 7042, 0, 0
2167000, 7090, 0, 0
2168000, 7063, 0, 0
2169000, 7035, 0, 0
2170000, 7056, 0, 0
2171000, 7077, 0, 0
2172000, 7223, 0, 0
2173000, 7110, 0, 0
2174000, 7140, 0, 0
2175002, 7103, 0, 0
2176000, 7130, 0, 0
2177000, 9239, 0, 0
2178000, 7142, 0, 0
2179000, 7081, 0, 0
2180000, 7060, 0, 0
2181000, 7082, 0, 0
2182000, 7074, 0, 0
2183000, 7080, 0, 0
2184000, 7123, 0, 0
2185000, 7117, 0, 0
2186000, 7042, 0, 0
2187000, 7068, 0, 0
2188000, 7051, 0, 0
2189000, 7075, 0, 0
2190000, 7070, 0, 0
2191000, 7126, 0, 0
2192000, 7077, 0, 0
2193000, 7079, 0, 0
2194000, 7062, 0, 0
2195000, 7043, 0, 0
2196000, 7037, 0, 0
2197000, 7894, 0, 0
2198000, 7090, 0, 0
2199000, 7053, 0, 0
2200000, 7052, 0, 0
2201000, 7057, 0, 0
2202000, 7032, 0, 0
2203000, 7023, 0, 0
2204000, 7048, 0, 0
2205000, 7060, 0, 0
2206000, 7034, 0, 0
2207000, 7017, 0, 0
2208000, 7054, 0, 0
2209000, 7020, 0, 0
2210000, 7015, 0, 0
2211000, 7032, 0, 0
2212000, 7076, 0, 0
2213000, 7079, 0, 0
2214000, 7055, 0, 0
2215000, 7037, 0, 0
2216000, 7023, 0, 0
2217000, 7039, 0, 0
2218000, 7041, 0, 0
2219000, 7095, 0, 0
2220000, 7043, 0, 0
2221000, 6993, 0, 0
2222000, 7062, 0, 0
2223000, 7023, 0, 0
2224000, 7075, 0, 0
2225000, 7049, 0, 0
2226000, 7030, 0, 0
2227000, 7085, 0, 0
2228000, 7029, 0, 0
2229000, 7044, 0, 0
2230000, 7005, 0, 0
2231000, 7165, 0, 0
2232000, 7012, 0, 0
2233000, 7018, 0, 0
2234000, 7096, 0, 0
2235000, 7057, 0, 0
2236000, 7022, 0, 0
2237000, 7039, 0, 0
2238000, 7033, 0, 0
2239000, 7069, 0, 0
2240000, 7037, 0, 0
2241000, 9453, 0, 0
2242000, 7044, 0, 0
2243000, 7041, 0, 0
2244000, 7080, 0, 0
2245000, 7029, 0, 0
2246000, 7031, 0, 0
2247000, 7094, 0, 0
2248000, 7078, 0, 0
2249000, 7061, 0, 0
2250000, 7059, 0, 0
2251000, 7060, 0, 0
2252000, 7088, 0, 0
2253000, 7123, 0, 0
2254000, 7040, 0, 0
2255000, 7024, 0, 0
2256000, 7070, 0, 0
2257000, 7025, 0, 0
2258000, 7120, 0, 0
2259000, 7073, 0, 0
2260000, 7029, 0, 0
2261000, 7317, 0, 0
2262000, 7068, 0, 0
2263000, 7074, 0, 0
2264000, 7050, 0, 0
2265000, 7060, 0, 0
2266000, 7080, 0, 0
2267000, 7072, 0, 0
2268000, 7074, 0, 0
2269000, 7061, 0, 0
2270000, 7076, 0, 0
2271000, 7065, 0, 0
2272000, 7060, 0, 0
2273000, 7104, 0, 0
2274000, 7089, 0, 0
2275000, 7051, 0, 0
2276000, 7065, 0, 0
2277000, 7084, 0, 0
2278000, 7066, 0, 0
2279000, 7075, 0, 0
2280000, 7079, 0, 0
2281000, 7086, 0, 0
2282000, 7041, 0, 0
2283000, 7079, 0, 0
2284000, 7118, 0, 0
2285000, 7101, 0, 0
2286000, 7086, 0, 0
2287000, 7096, 0, 0
2288000, 7085, 0, 0
2289000, 7063, 0, 0
2290000, 7036, 0, 0
2291000, 7248, 0, 0
2292000, 7075, 0, 0
2293000, 7057, 0, 0
2294000, 7020, 0, 0
2295000, 7023, 0, 0
2296000, 7044, 0, 0
2297000, 7041, 0, 0
2298000, 7102, 0, 0
2299000, 7073, 0, 0
2300000, 7057, 0, 0
2301000, 7078, 0, 0
2302000, 7009, 0, 0
2303000, 7124, 0, 0
2304000, 7090, 0, 0
2305000, 9154, 0, 0
2306000, 7061, 0, 0
2307000, 7073, 0, 0
2308000, 7053, 0, 0
2309000, 7064, 0, 0
2310000, 7076, 0, 0
2311000, 7026, 0, 0
2312000, 7056, 0, 0
2313000, 7065, 0, 0
2314000, 7058, 0, 0
2315000, 7052, 0, 0
2316000, 7029, 0, 0
2317000, 7015, 0, 0
2318000, 6999, 0, 0
2319000, 7034, 0, 0
2320000, 7000, 0, 0
2321000, 7061, 0, 0
2322000, 7110, 0, 0
2323000, 7052, 0, 0
2324000, 7034, 0, 0
2325000, 7025, 0, 0
2326000, 7025, 0, 0
2327000, 7015, 0, 0
2328000, 7029, 0, 0
2329000, 8466, 0, 0
2330000, 7846, 0, 0
2331000, 7074, 0, 0
2332000, 7064, 0, 0
2333000, 7065, 0, 0
2334000, 7091, 0, 0
2335000, 7066, 0, 0
2336000, 7021, 0, 0
2337000, 7087, 0, 0
2338000, 7123, 0, 0
2339000, 7077, 0, 0
2340000, 7045, 0, 0
2341000, 7057, 0, 0
2342000, 7037, 0, 0
2343000, 7017, 0, 0
2344000, 7056, 0, 0
2345000, 7084, 0, 0
2346000, 7024, 0, 0
2347000, 7039, 0, 0
2348000, 7040, 0, 0
2349000, 7065, 0, 0
2350000, 7049, 0, 0
2351000, 7143, 0, 0
2352000, 7068, 0, 0
2353000, 7190, 0, 0
2354000, 7061, 0, 0
2355000, 7066, 0, 0
2356000, 7145, 0, 0
2357000, 7077, 0, 0
2358000, 7044, 0, 0
2359000, 7087, 0, 0
2360000, 7086, 0, 0
2361000, 7060, 0, 0
2362000, 7040, 0, 0
2363000, 7081, 0, 0
2364000, 7100, 0, 0
2365000, 7076, 0, 0
2366000, 7076, 0, 0
2367000, 7076, 0, 0
2368000, 7087, 0, 0
2369034, 9066, 0, 0
2370000, 7217, 0, 0
2371000, 7043, 0, 0
2372000, 7061, 0, 0
2373000, 7074, 0, 0
2374000, 7071, 0, 0
2375000, 7055, 0, 0
2376000, 7016, 0, 0
2377000, 7028, 0, 0
2378000, 7021, 0, 0
2379000, 7015, 0, 0
2380000, 6995, 0, 0
2381000, 7027, 0, 0
2382000, 7044, 0, 0
2383000, 7024, 0, 0
2384000, 7047, 0, 0
2385000, 7014, 0, 0
2386000, 7047, 0, 0
2387000, 7066, 0, 0
2388000, 7096, 0, 0
2389000, 7067, 0, 0
2390000, 7055, 0, 0
2391000, 7052, 0, 0
2392000, 7039, 0, 0
2393000, 7047, 0, 0
2394000, 7036, 0, 0
2395000, 7067, 0, 0
2396000, 7068, 0, 0
2397000, 7064, 0, 0
2398000, 7076, 0, 0
2399000, 7078, 0, 0
2400000, 7047, 0, 0
