1000, 479, 0, 0
2000, 192, 0, 0
2999, 315, 0, 0
4000, 194, 0, 0
5000, 182, 0, 0
5999, 320, 0, 0
6999, 201, 0, 0
8000, 161, 0, 0
8999, 554, 0, 0
9999, 163, 0, 0
11000, 432, 0, 0
12000, 225, 0, 0
12999, 344, 0, 0
14000, 235, 0, 0
15000, 186, 0, 0
15999, 172, 0, 0
17000, 219, 0, 0
18000, 413, 0, 0
18999, 248, 0, 0
20000, 280, 0, 0
21000, 638, 0, 0
21999, 376, 0, 0
23000, 248, 0, 0
24000, 433, 0, 0
24999, 464, 0, 0
26000, 288, 0, 0
27000, 264, 0, 0
27999, 192, 0, 0
29000, 270, 0, 0
30000, 305, 0, 0
30999, 478, 0, 0
32000, 297, 0, 0
33000, 256, 0, 0
33999, 251, 0, 0
34999, 258, 0, 0
36000, 194, 0, 0
36999, 191, 0, 0
37999, 319, 0, 0
39000, 253, 0, 0
39999, 181, 0, 0
40999, 267, 0, 0
42000, 260, 0, 0
43000, 315, 0, 0
43999, 449, 0, 0
45000, 210, 0, 0
46000, 304, 0, 0
46999, 443, 0, 0
48000, 203, 0, 0
48999, 234, 0, 0
49999, 284, 0, 0
51000, 195, 0, 0
52000, 479, 0, 0
52999, 224, 0, 0
53999, 346, 0, 0
55000, 206, 0, 0
56000, 464, 0, 0
56999, 410, 0, 0
58000, 375, 0, 0
59000, 224, 0, 0
59999, 344, 0, 0
61000, 461, 0, 0
62000, 246, 0, 0
62999, 270, 0, 0
64000, 228, 0, 0
65000, 179, 0, 0
65999, 178, 0, 0
67000, 288, 0, 0
68000, 345, 0, 0
68999, 200, 0, 0
69999, 279, 0, 0
71000, 295, 0, 0
71999, 226, 0, 0
72999, 195, 0, 0
74000, 500, 0, 0
74999, 388, 0, 0
75999, 158, 0, 0
77000, 245, 0, 0
77999, 261, 0, 0
78999, 198, 0, 0
80000, 282, 0, 0
80999, 263, 0, 0
81999, 199, 0, 0
83000, 247, 0, 0
84000, 493, 0, 0
84999, 282, 0, 0
86000, 1017, 0, 0
87000, 791, 0, 0
87999, 325, 0, 0
89000, 245, 0, 0
90000, 186, 0, 0
90999, 161, 0, 0
92000, 214, 0, 0
93000, 315, 0, 0
93999, 288, 0, 0
95000, 287, 0, 0
96000, 343, 0, 0
96999, 485, 0, 0
98000, 210, 0, 0
99000, 189, 0, 0
99999, 286, 0, 0
100999, 336, 0, 0
102000, 341, 0, 0
102999, 229, 0, 0
103999, 209, 0, 0
105000, 201, 0, 0
106000, 253, 0, 0
106999, 366, 0, 0
108000, 357, 0, 0
108999, 278, 0, 0
109999, 282, 0, 0
111000, 262, 0, 0
112000, 340, 0, 0
112999, 412, 0, 0
114000, 389, 0, 0
114999, 265, 0, 0
115999, 200, 0, 0
117000, 225, 0, 0
118000, 196, 0, 0
118999, 298, 0, 0
120000, 318, 0, 0
121000, 369, 0, 0
121999, 268, 0, 0
122999, 277, 0, 0
124000, 312, 0, 0
124999, 231, 0, 0
125999, 229, 0, 0
127000, 196, 0, 0
127999, 176, 0, 0
129000, 176, 0, 0
130000, 183, 0, 0
130999, 177, 0, 0
131999, 220, 0, 0
133000, 248, 0, 0
133999, 279, 0, 0
134999, 226, 0, 0
136000, 244, 0, 0
137000, 189, 0, 0
137999, 181, 0, 0
139000, 213, 0, 0
140000, 354, 0, 0
140999, 300, 0, 0
141999, 242, 0, 0
143000, 222, 0, 0
143999, 212, 0, 0
145000, 610, 0, 0
146000, 349, 0, 0
146999, 251, 0, 0
148000, 412, 0, 0
149000, 434, 0, 0
149999, 262, 0, 0
151000, 228, 0, 0
152000, 219, 0, 0
152999, 275, 0, 0
153999, 266, 0, 0
155000, 222, 0, 0
155999, 205, 0, 0
157000, 206, 0, 0
158000, 232, 0, 0
158999, 228, 0, 0
159999, 217, 0, 0
161000, 197, 0, 0
161999, 191, 0, 0
162999, 174, 0, 0
164000, 183, 0, 0
164999, 186, 0, 0
165999, 187, 0, 0
167000, 214, 0, 0
168000, 208, 0, 0
168999, 232, 0, 0
170000, 220, 0, 0
171000, 236, 0, 0
171999, 187, 0, 0
173000, 201, 0, 0
174000, 193, 0, 0
174999, 229, 0, 0
176000, 228, 0, 0
177000, 193, 0, 0
177999, 256, 0, 0
179000, 287, 0, 0
180000, 224, 0, 0
180999, 157, 0, 0
181999, 173, 0, 0
183000, 181, 0, 0
183999, 186, 0, 0
184999, 217, 0, 0
186000, 182, 0, 0
186999, 198, 0, 0
187999, 211, 0, 0
189000, 229, 0, 0
189999, 206, 0, 0
190999, 205, 0, 0
192000, 180, 0, 0
192999, 209, 0, 0
193999, 195, 0, 0
195000, 201, 0, 0
195999, 213, 0, 0
196999, 213, 0, 0
198000, 203, 0, 0
198999, 247, 0, 0
199999, 221, 0, 0
201000, 207, 0, 0
201999, 193, 0, 0
202999, 175, 0, 0
204000, 243, 0, 0
205000, 243, 0, 0
205999, 295, 0, 0
207000, 253, 0, 0
208000, 215, 0, 0
208999, 188, 0, 0
210000, 201, 0, 0
211000, 196, 0, 0
211999, 206, 0, 0
213000, 199, 0, 0
214000, 203, 0, 0
214999, 162, 0, 0
215999, 183, 0, 0
217000, 203, 0, 0
217999, 225, 0, 0
218999, 184, 0, 0
220000, 199, 0, 0
220999, 194, 0, 0
222000, 202, 0, 0
223000, 201, 0, 0
223999, 193, 0, 0
225000, 230, 0, 0
226000, 241, 0, 0
226999, 252, 0, 0
227999, 204, 0, 0
229000, 239, 0, 0
229999, 228, 0, 0
230999, 235, 0, 0
232000, 247, 0, 0
232999, 259, 0, 0
233999, 227, 0, 0
235000, 255, 0, 0
236000, 236, 0, 0
236999, 216, 0, 0
238000, 231, 0, 0
238999, 226, 0, 0
239999, 239, 0, 0
241000, 259, 0, 0
242000, 240, 0, 0
242999, 274, 0, 0
244000, 225, 0, 0
245000, 215, 0, 0
245999, 187, 0, 0
247000, 196, 0, 0
248000, 218, 0, 0
248999, 268, 0, 0
249999, 275, 0, 0
251000, 240, 0, 0
251999, 240, 0, 0
252999, 218, 0, 0
254000, 191, 0, 0
255000, 189, 0, 0
255999, 220, 0, 0
257000, 236, 0, 0
257999, 244, 0, 0
258999, 252, 0, 0
260000, 254, 0, 0
261000, 249, 0, 0
261999, 264, 0, 0
263000, 198, 0, 0
264000, 235, 0, 0
264999, 187, 0, 0
266000, 191, 0, 0
267000, 216, 0, 0
267999, 205, 0, 0
268999, 211, 0, 0
270000, 230, 0, 0
271000, 177, 0, 0
271999, 230, 0, 0
273000, 227, 0, 0
273999, 186, 0, 0
274999, 228, 0, 0
276000, 219, 0, 0
276999, 199, 0, 0
277999, 206, 0, 0
279000, 195, 0, 0
280000, 197, 0, 0
280999, 216, 0, 0
281999, 213, 0, 0
283000, 274, 0, 0
284000, 257, 0, 0
284999, 210, 0, 0
286000, 208, 0, 0
287000, 229, 0, 0
287999, 227, 0, 0
288999, 228, 0, 0
290000, 248, 0, 0
290999, 208, 0, 0
291999, 214, 0, 0
293000, 234, 0, 0
293999, 276, 0, 0
294999, 261, 0, 0
296000, 240, 0, 0
297000, 214, 0, 0
297999, 227, 0, 0
298999, 202, 0, 0
300000, 236, 0, 0
300999, 218, 0, 0
301999, 234, 0, 0
303000, 211, 0, 0
304000, 233, 0, 0
304999, 274, 0, 0
306000, 279, 0, 0
307000, 227, 0, 0
307999, 220, 0, 0
309000, 186, 0, 0
310000, 195, 0, 0
310999, 197, 0, 0
311999, 230, 0, 0
313000, 234, 0, 0
313999, 221, 0, 0
314999, 196, 0, 0
315999, 222, 0, 0
317000, 234, 0, 0
317999, 223, 0, 0
318999, 261, 0, 0
320000, 265, 0, 0
320999, 274, 0, 0
321999, 227, 0, 0
323000, 184, 0, 0
324000, 224, 0, 0
324999, 209, 0, 0
326000, 215, 0, 0
327000, 228, 0, 0
327999, 248, 0, 0
328999, 285, 0, 0
330000, 266, 0, 0
330999, 282, 0, 0
331999, 265, 0, 0
333000, 216, 0, 0
334000, 213, 0, 0
334999, 235, 0, 0
335999, 228, 0, 0
337000, 232, 0, 0
337999, 251, 0, 0
338999, 235, 0, 0
340000, 253, 0, 0
341000, 231, 0, 0
341999, 240, 0, 0
343000, 260, 0, 0
344000, 229, 0, 0
344999, 232, 0, 0
345999, 256, 0, 0
347000, 206, 0, 0
347999, 191, 0, 0
348999, 274, 0, 0
350000, 254, 0, 0
351000, 231, 0, 0
351999, 198, 0, 0
352999, 230, 0, 0
354000, 193, 0, 0
354999, 241, 0, 0
355999, 265, 0, 0
357000, 238, 0, 0
357999, 202, 0, 0
358999, 237, 0, 0
360000, 212, 0, 0
361000, 210, 0, 0
361999, 233, 0, 0
363000, 233, 0, 0
364000, 265, 0, 0
364999, 241, 0, 0
365999, 259, 0, 0
367000, 231, 0, 0
368000, 189, 0, 0
368999, 200, 0, 0
370000, 205, 0, 0
371000, 224, 0, 0
371999, 240, 0, 0
372999, 217, 0, 0
374000, 242, 0, 0
374999, 217, 0, 0
375999, 240, 0, 0
377000, 193, 0, 0
378000, 235, 0, 0
378999, 231, 0, 0
379999, 224, 0, 0
381000, 223, 0, 0
381999, 257, 0, 0
382999, 246, 0, 0
384000, 250, 0, 0
385000, 221, 0, 0
385999, 271, 0, 0
386999, 228, 0, 0
388000, 255, 0, 0
388999, 255, 0, 0
389999, 246, 0, 0
391000, 278, 0, 0
392000, 234, 0, 0
392999, 228, 0, 0
393999, 228, 0, 0
395000, 228, 0, 0
395999, 220, 0, 0
396999, 214, 0, 0
398000, 241, 0, 0
399000, 233, 0, 0
399999, 243, 0, 0
400999, 227, 0, 0
402000, 235, 0, 0
403000, 243, 0, 0
403999, 245, 0, 0
404999, 243, 0, 0
406000, 216, 0, 0
406999, 224, 0, 0
407999, 244, 0, 0
409000, 212, 0, 0
410000, 231, 0, 0
410999, 267, 0, 0
411999, 259, 0, 0
413000, 257, 0, 0
414000, 252, 0, 0
414999, 269, 0, 0
416000, 256, 0, 0
417000, 242, 0, 0
417999, 263, 0, 0
418999, 256, 0, 0
420000, 237, 0, 0
420999, 260, 0, 0
421999, 263, 0, 0
423000, 212, 0, 0
424000, 240, 0, 0
424999, 234, 0, 0
425999, 235, 0, 0
427000, 239, 0, 0
427999, 223, 0, 0
428999, 218, 0, 0
430000, 248, 0, 0
431000, 223, 0, 0
431999, 187, 0, 0
432999, 219, 0, 0
434000, 217, 0, 0
434999, 228, 0, 0
435999, 248, 0, 0
437000, 250, 0, 0
437999, 294, 0, 0
438999, 277, 0, 0
440000, 301, 0, 0
441000, 257, 0, 0
441999, 263, 0, 0
442999, 232, 0, 0
444000, 240, 0, 0
444999, 279, 0, 0
445999, 243, 0, 0
447000, 223, 0, 0
447999, 250, 0, 0
448999, 240, 0, 0
450000, 221, 0, 0
451000, 232, 0, 0
451999, 261, 0, 0
452999, 264, 0, 0
454000, 231, 0, 0
454999, 239, 0, 0
455999, 249, 0, 0
456999, 222, 0, 0
458000, 222, 0, 0
458999, 272, 0, 0
459999, 245, 0, 0
461000, 246, 0, 0
462000, 228, 0, 0
462999, 280, 0, 0
464000, 234, 0, 0
465000, 235, 0, 0
465999, 221, 0, 0
466999, 230, 0, 0
468000, 265, 0, 0
469000, 299, 0, 0
469999, 278, 0, 0
471000, 235, 0, 0
472000, 236, 0, 0
472999, 236, 0, 0
473999, 263, 0, 0
475000, 250, 0, 0
475999, 254, 0, 0
476999, 272, 0, 0
478000, 227, 0, 0
479000, 236, 0, 0
479999, 247, 0, 0
480999, 247, 0, 0
482000, 236, 0, 0
482999, 261, 0, 0
483999, 225, 0, 0
485000, 225, 0, 0
485999, 251, 0, 0
486999, 247, 0, 0
488000, 219, 0, 0
489000, 228, 0, 0
489999, 238, 0, 0
490999, 281, 0, 0
492000, 247, 0, 0
492999, 238, 0, 0
493999, 232, 0, 0
495000, 227, 0, 0
496000, 237, 0, 0
496999, 237, 0, 0
498000, 239, 0, 0
499000, 262, 0, 0
499999, 238, 0, 0
501000, 293, 0, 0
502000, 240, 0, 0
502999, 274, 0, 0
504000, 258, 0, 0
505000, 266, 0, 0
505999, 240, 0, 0
506999, 269, 0, 0
508000, 222, 0, 0
508999, 218, 0, 0
509999, 259, 0, 0
511000, 240, 0, 0
512000, 264, 0, 0
512999, 238, 0, 0
513999, 233, 0, 0
515000, 243, 0, 0
516000, 262, 0, 0
516999, 248, 0, 0
517999, 254, 0, 0
519000, 251, 0, 0
520000, 258, 0, 0
520999, 195, 0, 0
522000, 237, 0, 0
523000, 270, 0, 0
523999, 227, 0, 0
525000, 229, 0, 0
526000, 202, 0, 0
526999, 224, 0, 0
528000, 216, 0, 0
529000, 295, 0, 0
529999, 229, 0, 0
530999, 257, 0, 0
532000, 250, 0, 0
532999, 211, 0, 0
533999, 231, 0, 0
535000, 240, 0, 0
535999, 238, 0, 0
536999, 266, 0, 0
538000, 217, 0, 0
539000, 263, 0, 0
539999, 227, 0, 0
541000, 265, 0, 0
542000, 271, 0, 0
542999, 269, 0, 0
543999, 281, 0, 0
545000, 253, 0, 0
545999, 244, 0, 0
546999, 268, 0, 0
548000, 281, 0, 0
548999, 259, 0, 0
549999, 242, 0, 0
551000, 239, 0, 0
551999, 218, 0, 0
552999, 249, 0, 0
554000, 243, 0, 0
555000, 291, 0, 0
555999, 240, 0, 0
557000, 221, 0, 0
558000, 267, 0, 0
558999, 290, 0, 0
560000, 288, 0, 0
561000, 262, 0, 0
561999, 231, 0, 0
563000, 259, 0, 0
564000, 271, 0, 0
564999, 239, 0, 0
565999, 266, 0, 0
567000, 261, 0, 0
567999, 289, 0, 0
568999, 240, 0, 0
570000, 228, 0, 0
571000, 252, 0, 0
571999, 249, 0, 0
573000, 273, 0, 0
574000, 229, 0, 0
574999, 242, 0, 0
576000, 224, 0, 0
577000, 234, 0, 0
577999, 260, 0, 0
579000, 237, 0, 0
580000, 242, 0, 0
580999, 243, 0, 0
582000, 273, 0, 0
583000, 237, 0, 0
583999, 240, 0, 0
584999, 243, 0, 0
586000, 266, 0, 0
586999, 246, 0, 0
587999, 235, 0, 0
589000, 309, 0, 0
590000, 272, 0, 0
590999, 248, 0, 0
591999, 241, 0, 0
593000, 243, 0, 0
593999, 261, 0, 0
594999, 240, 0, 0
596000, 279, 0, 0
597000, 248, 0, 0
597999, 247, 0, 0
599000, 220, 0, 0
600000, 266, 0, 0
601000, 261, 0, 0
602000, 255, 0, 0
603000, 269, 0, 0
604000, 249, 0, 0
605000, 263, 0, 0
606001, 241, 0, 0
607000, 262, 0, 0
608000, 233, 0, 0
609000, 235, 0, 0
610000, 270, 0, 0
611000, 232, 0, 0
612000, 231, 0, 0
613000, 248, 0, 0
614000, 247, 0, 0
615001, 256, 0, 0
616000, 222, 0, 0
617000, 256, 0, 0
618000, 263, 0, 0
619000, 266, 0, 0
620000, 267, 0, 0
621000, 253, 0, 0
622000, 269, 0, 0
623000, 251, 0, 0
624000, 287, 0, 0
625000, 214, 0, 0
626000, 248, 0, 0
627000, 282, 0, 0
628000, 237, 0, 0
629001, 270, 0, 0
630000, 230, 0, 0
631000, 269, 0, 0
632000, 272, 0, 0
633001, 254, 0, 0
634000, 234, 0, 0
635000, 260, 0, 0
636000, 253, 0, 0
637000, 264, 0, 0
638001, 247, 0, 0
639000, 276, 0, 0
640000, 212, 0, 0
641000, 314, 0, 0
642000, 259, 0, 0
643000, 249, 0, 0
644000, 249, 0, 0
645000, 259, 0, 0
646000, 277, 0, 0
647000, 248, 0, 0
648000, 247, 0, 0
649000, 253, 0, 0
650000, 201, 0, 0
651000, 242, 0, 0
652000, 243, 0, 0
653000, 245, 0, 0
654000, 225, 0, 0
654999, 247, 0, 0
655999, 290, 0, 0
656999, 264, 0, 0
657999, 297, 0, 0
658999, 247, 0, 0
659998, 246, 0, 0
660999, 261, 0, 0
661998, 252, 0, 0
662998, 278, 0, 0
663998, 290, 0, 0
664997, 265, 0, 0
665998, 237, 0, 0
666998, 248, 0, 0
667997, 271, 0, 0
668997, 247, 0, 0
669996, 231, 0, 0
670997, 246, 0, 0
671997, 287, 0, 0
672996, 287, 0, 0
673996, 259, 0, 0
674996, 269, 0, 0
675996, 245, 0, 0
676996, 266, 0, 0
677995, 285, 0, 0
678995, 263, 0, 0
679995, 249, 0, 0
680995, 239, 0, 0
681995, 235, 0, 0
682994, 211, 0, 0
683995, 270, 0, 0
684994, 273, 0, 0
685994, 263, 0, 0
686994, 280, 0, 0
687993, 226, 0, 0
688994, 234, 0, 0
689993, 280, 0, 0
690993, 276, 0, 0
691993, 253, 0, 0
692992, 229, 0, 0
693993, 239, 0, 0
694993, 245, 0, 0
695992, 238, 0, 0
696992, 240, 0, 0
697992, 257, 0, 0
698992, 268, 0, 0
699992, 272, 0, 0
700991, 223, 0, 0
701991, 260, 0, 0
702991, 267, 0, 0
703991, 221, 0, 0
704991, 277, 0, 0
706000, 274, 0, 0
706991, 228, 0, 0
707999, 278, 0, 0
709000, 239, 0, 0
709999, 265, 0, 0
710999, 205, 0, 0
712000, 261, 0, 0
712999, 257, 0, 0
713999, 225, 0, 0
715000, 241, 0, 0
716000, 267, 0, 0
716999, 233, 0, 0
718000, 231, 0, 0
719000, 244, 0, 0
719999, 246, 0, 0
720999, 226, 0, 0
722000, 226, 0, 0
722999, 258, 0, 0
723999, 247, 0, 0
725000, 242, 0, 0
725999, 239, 0, 0
726999, 253, 0, 0
728000, 271, 0, 0
729000, 251, 0, 0
729999, 251, 0, 0
731000, 278, 0, 0
732000, 263, 0, 0
732999, 225, 0, 0
733999, 253, 0, 0
735000, 237, 0, 0
736000, 223, 0, 0
736999, 257, 0, 0
738000, 241, 0, 0
739000, 254, 0, 0
739999, 224, 0, 0
741000, 260, 0, 0
742000, 255, 0, 0
742999, 242, 0, 0
744000, 272, 0, 0
745000, 262, 0, 0
745999, 236, 0, 0
746999, 241, 0, 0
748000, 250, 0, 0
749000, 273, 0, 0
749999, 222, 0, 0
751000, 270, 0, 0
752000, 250, 0, 0
752999, 212, 0, 0
753999, 270, 0, 0
755000, 251, 0, 0
755999, 244, 0, 0
756999, 254, 0, 0
758000, 237, 0, 0
759000, 242, 0, 0
759999, 237, 0, 0
761000, 248, 0, 0
762000, 236, 0, 0
762999, 244, 0, 0
763999, 254, 0, 0
765000, 235, 0, 0
766000, 214, 0, 0
766999, 250, 0, 0
768000, 249, 0, 0
769000, 244, 0, 0
769999, 222, 0, 0
771000, 233, 0, 0
772000, 261, 0, 0
772999, 259, 0, 0
774000, 238, 0, 0
775000, 280, 0, 0
775999, 236, 0, 0
776999, 224, 0, 0
778000, 252, 0, 0
778999, 238, 0, 0
779999, 269, 0, 0
781000, 248, 0, 0
781999, 253, 0, 0
782999, 266, 0, 0
784000, 296, 0, 0
785000, 265, 0, 0
785999, 264, 0, 0
787000, 236, 0, 0
788000, 205, 0, 0
788999, 250, 0, 0
790000, 267, 0, 0
791000, 263, 0, 0
791999, 252, 0, 0
793000, 246, 0, 0
794000, 280, 0, 0
794999, 192, 0, 0
796000, 210, 0, 0
797000, 256, 0, 0
797999, 221, 0, 0
799000, 276, 0, 0
800000, 253, 0, 0
800999, 250, 0, 0
802000, 244, 0, 0
803000, 260, 0, 0
803999, 214, 0, 0
804999, 218, 0, 0
806000, 224, 0, 0
807000, 210, 0, 0
807999, 258, 0, 0
809000, 265, 0, 0
810000, 262, 0, 0
810999, 237, 0, 0
812000, 252, 0, 0
813000, 257, 0, 0
813999, 239, 0, 0
814999, 243, 0, 0
816000, 234, 0, 0
816999, 257, 0, 0
817999, 262, 0, 0
819000, 283, 0, 0
819999, 221, 0, 0
820999, 274, 0, 0
822000, 269, 0, 0
822999, 268, 0, 0
823999, 261, 0, 0
825000, 261, 0, 0
826000, 273, 0, 0
826999, 260, 0, 0
828000, 226, 0, 0
829000, 254, 0, 0
829999, 260, 0, 0
831000, 236, 0, 0
832000, 243, 0, 0
832999, 242, 0, 0
833999, 267, 0, 0
835000, 248, 0, 0
835999, 277, 0, 0
836999, 249, 0, 0
838000, 239, 0, 0
839000, 283, 0, 0
839999, 275, 0, 0
841000, 259, 0, 0
842000, 223, 0, 0
842999, 246, 0, 0
844000, 213, 0, 0
845000, 244, 0, 0
845999, 237, 0, 0
847000, 219, 0, 0
848000, 261, 0, 0
848999, 254, 0, 0
850000, 231, 0, 0
851000, 235, 0, 0
851999, 294, 0, 0
852999, 219, 0, 0
854000, 231, 0, 0
854999, 239, 0, 0
855999, 262, 0, 0
857000, 226, 0, 0
858000, 264, 0, 0
858999, 252, 0, 0
860000, 246, 0, 0
861000, 228, 0, 0
861999, 263, 0, 0
863000, 235, 0, 0
864000, 289, 0, 0
864999, 218, 0, 0
865999, 216, 0, 0
867000, 233, 0, 0
868000, 293, 0, 0
868999, 278, 0, 0
870000, 242, 0, 0
870999, 290, 0, 0
871999, 240, 0, 0
873000, 232, 0, 0
874000, 224, 0, 0
874999, 258, 0, 0
876000, 269, 0, 0
877000, 200, 0, 0
877999, 235, 0, 0
879000, 246, 0, 0
880000, 237, 0, 0
880999, 278, 0, 0
882000, 252, 0, 0
882999, 262, 0, 0
883999, 274, 0, 0
885000, 236, 0, 0
885999, 275, 0, 0
886999, 229, 0, 0
888000, 233, 0, 0
889000, 217, 0, 0
889999, 273, 0, 0
891000, 284, 0, 0
892000, 224, 0, 0
892999, 236, 0, 0
894000, 242, 0, 0
895000, 255, 0, 0
895999, 275, 0, 0
896999, 275, 0, 0
898000, 226, 0, 0
898999, 245, 0, 0
899999, 245, 0, 0
901000, 251, 0, 0
901999, 253, 0, 0
902999, 219, 0, 0
904000, 204, 0, 0
904999, 217, 0, 0
905999, 244, 0, 0
907000, 213, 0, 0
908000, 253, 0, 0
908999, 260, 0, 0
910000, 259, 0, 0
910999, 239, 0, 0
911999, 271, 0, 0
913000, 265, 0, 0
913999, 289, 0, 0
915000, 257, 0, 0
916000, 238, 0, 0
916999, 264, 0, 0
917999, 223, 0, 0
919000, 238, 0, 0
920000, 234, 0, 0
920999, 200, 0, 0
922000, 248, 0, 0
923000, 267, 0, 0
923999, 221, 0, 0
925000, 246, 0, 0
926000, 205, 0, 0
926999, 248, 0, 0
927999, 220, 0, 0
929000, 239, 0, 0
930000, 257, 0, 0
930999, 229, 0, 0
932000, 245, 0, 0
933000, 263, 0, 0
933999, 231, 0, 0
935000, 242, 0, 0
936000, 229, 0, 0
936999, 243, 0, 0
938000, 268, 0, 0
939000, 266, 0, 0
939999, 267, 0, 0
941000, 247, 0, 0
942000, 266, 0, 0
942999, 217, 0, 0
944000, 248, 0, 0
945000, 230, 0, 0
945999, 259, 0, 0
947000, 239, 0, 0
948000, 256, 0, 0
948999, 267, 0, 0
949999, 239, 0, 0
951000, 252, 0, 0
951999, 258, 0, 0
952999, 255, 0, 0
954000, 247, 0, 0
954999, 234, 0, 0
955999, 257, 0, 0
957000, 242, 0, 0
957999, 247, 0, 0
958999, 254, 0, 0
960000, 266, 0, 0
961000, 273, 0, 0
961999, 236, 0, 0
963000, 276, 0, 0
964000, 250, 0, 0
964999, 238, 0, 0
966000, 253, 0, 0
967000, 217, 0, 0
967999, 210, 0, 0
968999, 218, 0, 0
970000, 281, 0, 0
970999, 225, 0, 0
971999, 270, 0, 0
973000, 261, 0, 0
973999, 229, 0, 0
974999, 228, 0, 0
976000, 213, 0, 0
977000, 232, 0, 0
977999, 261, 0, 0
979000, 230, 0, 0
980000, 251, 0, 0
980999, 303, 0, 0
981999, 197, 0, 0
983000, 240, 0, 0
983999, 208, 0, 0
984999, 229, 0, 0
985999, 248, 0, 0
987000, 268, 0, 0
987999, 241, 0, 0
988999, 227, 0, 0
990000, 217, 0, 0
991000, 266, 0, 0
991999, 252, 0, 0
993000, 274, 0, 0
994000, 230, 0, 0
994999, 210, 0, 0
995999, 234, 0, 0
997000, 238, 0, 0
997999, 201, 0, 0
998999, 262, 0, 0
1000000, 224, 0, 0
1000999, 221, 0, 0
1001999, 241, 0, 0
1003000, 248, 0, 0
1003999, 235, 0, 0
1004999, 250, 0, 0
1006000, 253, 0, 0
1007000, 216, 0, 0
1007999, 240, 0, 0
1009000, 230, 0, 0
1009999, 231, 0, 0
1010999, 263, 0, 0
1012000, 262, 0, 0
1012999, 222, 0, 0
1013999, 264, 0, 0
1015000, 234, 0, 0
1016000, 225, 0, 0
1016999, 255, 0, 0
1018000, 216, 0, 0
1019000, 231, 0, 0
1019999, 208, 0, 0
1021000, 225, 0, 0
1022000, 254, 0, 0
1022999, 204, 0, 0
1024000, 240, 0, 0
1025000, 251, 0, 0
1025999, 220, 0, 0
1027000, 204, 0, 0
1028000, 244, 0, 0
1028999, 229, 0, 0
1030000, 226, 0, 0
1031000, 226, 0, 0
1031999, 228, 0, 0
1032999, 221, 0, 0
1034000, 220, 0, 0
1034999, 297, 0, 0
1035999, 229, 0, 0
1037000, 256, 0, 0
1038000, 232, 0, 0
1038999, 294, 0, 0
1040000, 247, 0, 0
1041000, 246, 0, 0
1041999, 227, 0, 0
1043000, 256, 0, 0
1044000, 236, 0, 0
1044999, 243, 0, 0
1045999, 261, 0, 0
1047000, 283, 0, 0
1047999, 256, 0, 0
1048999, 236, 0, 0
1050000, 249, 0, 0
1050999, 239, 0, 0
1051999, 240, 0, 0
1053000, 266, 0, 0
1053999, 293, 0, 0
1055000, 217, 0, 0
1056000, 257, 0, 0
1056999, 269, 0, 0
1057999, 215, 0, 0
1059000, 273, 0, 0
1059999, 249, 0, 0
1061000, 251, 0, 0
1062000, 253, 0, 0
1062999, 276, 0, 0
1063999, 259, 0, 0
1065000, 229, 0, 0
1065999, 239, 0, 0
1066999, 255, 0, 0
1068000, 228, 0, 0
1068999, 250, 0, 0
1069999, 262, 0, 0
1071000, 282, 0, 0
1071999, 274, 0, 0
1072999, 264, 0, 0
1074000, 296, 0, 0
1075000, 255, 0, 0
1075999, 265, 0, 0
1077000, 233, 0, 0
1077999, 234, 0, 0
1078999, 272, 0, 0
1080000, 214, 0, 0
1080999, 261, 0, 0
1081999, 252, 0, 0
1083000, 274, 0, 0
1083999, 295, 0, 0
1084999, 237, 0, 0
1086000, 275, 0, 0
1087000, 280, 0, 0
1087999, 256, 0, 0
1089000, 233, 0, 0
1090000, 271, 0, 0
1090999, 257, 0, 0
1092000, 264, 0, 0
1093000, 252, 0, 0
1093999, 279, 0, 0
1095000, 259, 0, 0
1096000, 212, 0, 0
1096999, 237, 0, 0
1098000, 255, 0, 0
1099000, 256, 0, 0
1099999, 259, 0, 0
1100999, 289, 0, 0
1102000, 240, 0, 0
1102999, 279, 0, 0
1103999, 259, 0, 0
1105000, 259, 0, 0
1105999, 271, 0, 0
1106999, 262, 0, 0
1108000, 262, 0, 0
1108999, 226, 0, 0
1109999, 272, 0, 0
1111000, 247, 0, 0
1112000, 278, 0, 0
1112999, 272, 0, 0
1114000, 253, 0, 0
1115000, 250, 0, 0
1115999, 255, 0, 0
1116999, 255, 0, 0
1118000, 265, 0, 0
1118999, 262, 0, 0
1119999, 253, 0, 0
1121000, 259, 0, 0
1121999, 286, 0, 0
1122999, 258, 0, 0
1124000, 265, 0, 0
1125000, 239, 0, 0
1125999, 282, 0, 0
1127000, 199, 0, 0
1128000, 268, 0, 0
1128999, 263, 0, 0
1129999, 238, 0, 0
1131000, 264, 0, 0
1131999, 262, 0, 0
1132999, 285, 0, 0
1134000, 255, 0, 0
1134999, 256, 0, 0
1135999, 246, 0, 0
1137000, 252, 0, 0
1138000, 257, 0, 0
1138999, 245, 0, 0
1139999, 259, 0, 0
1141000, 251, 0, 0
1141999, 283, 0, 0
1142999, 218, 0, 0
1144000, 260, 0, 0
1144999, 315, 0, 0
1145999, 288, 0, 0
1147000, 244, 0, 0
1148000, 227, 0, 0
1148999, 228, 0, 0
1149999, 299, 0, 0
1151000, 265, 0, 0
1151999, 258, 0, 0
1152999, 272, 0, 0
1154000, 265, 0, 0
1154999, 247, 0, 0
1155999, 255, 0, 0
1157000, 277, 0, 0
1157999, 295, 0, 0
1158999, 246, 0, 0
1160000, 266, 0, 0
1161000, 251, 0, 0
1161999, 248, 0, 0
1162999, 270, 0, 0
1164000, 261, 0, 0
1164999, 282, 0, 0
1165999, 262, 0, 0
1167000, 260, 0, 0
1168000, 292, 0, 0
1168999, 281, 0, 0
1169999, 273, 0, 0
1171000, 274, 0, 0
1172000, 244, 0, 0
1172999, 301, 0, 0
1174000, 235, 0, 0
1175000, 251, 0, 0
1175999, 253, 0, 0
1177000, 259, 0, 0
1178000, 271, 0, 0
1178999, 255, 0, 0
1179999, 266, 0, 0
1181000, 243, 0, 0
1181999, 273, 0, 0
1182999, 268, 0, 0
1184000, 244, 0, 0
1185000, 279, 0, 0
1185999, 249, 0, 0
1187000, 268, 0, 0
1188000, 242, 0, 0
1188999, 271, 0, 0
1190000, 243, 0, 0
1191000, 241, 0, 0
1191999, 280, 0, 0
1192999, 262, 0, 0
1194000, 278, 0, 0
1195000, 291, 0, 0
1195999, 277, 0, 0
1197000, 257, 0, 0
1197999, 239, 0, 0
1198999, 267, 0, 0
1200000, 287, 0, 0
1201000, 241, 0, 0
1201999, 274, 0, 0
1203000, 255, 0, 0
1204000, 266, 0, 0
1204999, 283, 0, 0
1206000, 257, 0, 0
1207000, 310, 0, 0
1207999, 275, 0, 0
1209000, 252, 0, 0
1210000, 293, 0, 0
1210999, 288, 0, 0
1212000, 272, 0, 0
1213000, 256, 0, 0
1213999, 297, 0, 0
1215000, 241, 0, 0
1216000, 248, 0, 0
1216999, 249, 0, 0
1218000, 237, 0, 0
1219000, 270, 0, 0
1219999, 273, 0, 0
1220999, 255, 0, 0
1222000, 277, 0, 0
1223000, 267, 0, 0
1223999, 276, 0, 0
1225000, 227, 0, 0
1226000, 279, 0, 0
1226999, 266, 0, 0
1227999, 278, 0, 0
1229000, 247, 0, 0
1229999, 249, 0, 0
1230999, 267, 0, 0
1232000, 243, 0, 0
1232999, 259, 0, 0
1233999, 264, 0, 0
1235000, 266, 0, 0
1235999, 235, 0, 0
1236999, 280, 0, 0
1238000, 273, 0, 0
1239000, 271, 0, 0
1239999, 217, 0, 0
1241000, 267, 0, 0
1241999, 314, 0, 0
1242999, 265, 0, 0
1244000, 280, 0, 0
1245000, 262, 0, 0
1245999, 290, 0, 0
1247000, 305, 0, 0
1248000, 326, 0, 0
1248999, 248, 0, 0
1250000, 251, 0, 0
1251000, 270, 0, 0
1251999, 229, 0, 0
1253000, 205, 0, 0
1254000, 286, 0, 0
1254999, 267, 0, 0
1256000, 268, 0, 0
1257000, 231, 0, 0
1257999, 260, 0, 0
1258999, 254, 0, 0
1260000, 241, 0, 0
1260999, 258, 0, 0
1261999, 268, 0, 0
1263000, 270, 0, 0
1264000, 267, 0, 0
1264999, 261, 0, 0
1266000, 271, 0, 0
1267000, 269, 0, 0
1267999, 237, 0, 0
1268999, 270, 0, 0
1270000, 283, 0, 0
1270999, 246, 0, 0
1271999, 291, 0, 0
1273000, 280, 0, 0
1273999, 266, 0, 0
1274999, 227, 0, 0
1276000, 258, 0, 0
1277000, 252, 0, 0
1277999, 281, 0, 0
1278999, 217, 0, 0
1280000, 277, 0, 0
1280999, 288, 0, 0
1281999, 282, 0, 0
1283000, 217, 0, 0
1284000, 287, 0, 0
1284999, 258, 0, 0
1286000, 253, 0, 0
1286999, 276, 0, 0
1287999, 271, 0, 0
1289000, 262, 0, 0
1289999, 275, 0, 0
1290999, 252, 0, 0
1292000, 286, 0, 0
1293000, 249, 0, 0
1293999, 267, 0, 0
1295000, 256, 0, 0
1296000, 253, 0, 0
1296999, 245, 0, 0
1298000, 256, 0, 0
1299000, 256, 0, 0
1299999, 236, 0, 0
1301000, 245, 0, 0
1302000, 247, 0, 0
1302999, 261, 0, 0
1304000, 257, 0, 0
1305000, 275, 0, 0
1305999, 247, 0, 0
1307000, 262, 0, 0
1308000, 255, 0, 0
1308999, 275, 0, 0
1309999, 240, 0, 0
1311000, 288, 0, 0
1311999, 250, 0, 0
1312999, 263, 0, 0
1314000, 245, 0, 0
1315000, 279, 0, 0
1315999, 244, 0, 0
1317000, 254, 0, 0
1318000, 290, 0, 0
1318999, 278, 0, 0
1320000, 282, 0, 0
1321000, 301, 0, 0
1321999, 278, 0, 0
1323000, 283, 0, 0
1324000, 263, 0, 0
1324999, 264, 0, 0
1326000, 245, 0, 0
1327000, 262, 0, 0
1327999, 241, 0, 0
1328999, 267, 0, 0
1330000, 272, 0, 0
1330999, 271, 0, 0
1331999, 239, 0, 0
1333000, 255, 0, 0
1333999, 259, 0, 0
1334999, 256, 0, 0
1336000, 240, 0, 0
1337000, 253, 0, 0
1337999, 259, 0, 0
1339000, 260, 0, 0
1340000, 252, 0, 0
1340999, 279, 0, 0
1342000, 250, 0, 0
1343000, 263, 0, 0
1343999, 247, 0, 0
1345000, 290, 0, 0
1346000, 284, 0, 0
1346999, 275, 0, 0
1348000, 247, 0, 0
1349000, 264, 0, 0
1349999, 248, 0, 0
1351000, 260, 0, 0
1352000, 278, 0, 0
1352999, 261, 0, 0
1353999, 264, 0, 0
1355000, 272, 0, 0
1355999, 257, 0, 0
1356999, 271, 0, 0
1358000, 324, 0, 0
1359000, 276, 0, 0
1359999, 287, 0, 0
1361000, 280, 0, 0
1362000, 250, 0, 0
1362999, 312, 0, 0
1364000, 264, 0, 0
1365000, 296, 0, 0
1365999, 259, 0, 0
1367000, 252, 0, 0
1368000, 277, 0, 0
1368999, 239, 0, 0
1369999, 257, 0, 0
1371000, 242, 0, 0
1371999, 256, 0, 0
1372999, 274, 0, 0
1374000, 267, 0, 0
1375000, 272, 0, 0
1375999, 227, 0, 0
1377000, 286, 0, 0
1378000, 239, 0, 0
1378999, 251, 0, 0
1380000, 266, 0, 0
1381000, 255, 0, 0
1381999, 249, 0, 0
1383000, 259, 0, 0
1384000, 245, 0, 0
1384999, 272, 0, 0
1386000, 250, 0, 0
1387000, 238, 0, 0
1387999, 263, 0, 0
1389000, 266, 0, 0
1390000, 281, 0, 0
1390999, 270, 0, 0
1392000, 265, 0, 0
1393000, 279, 0, 0
1393999, 236, 0, 0
1395000, 283, 0, 0
1396000, 259, 0, 0
1396999, 253, 0, 0
1398000, 267, 0, 0
1399000, 252, 0, 0
1399999, 263, 0, 0
1401000, 244, 0, 0
1402000, 273, 0, 0
1402999, 277, 0, 0
1403999, 280, 0, 0
1405000, 264, 0, 0
1405999, 220, 0, 0
1406999, 197, 0, 0
1408000, 238, 0, 0
1409000, 296, 0, 0
1409999, 270, 0, 0
1411000, 249, 0, 0
1412000, 240, 0, 0
1412999, 247, 0, 0
1414000, 256, 0, 0
1415000, 261, 0, 0
1415999, 251, 0, 0
1416999, 283, 0, 0
1418000, 276, 0, 0
1418999, 253, 0, 0
1419999, 246, 0, 0
1421000, 244, 0, 0
1422000, 276, 0, 0
1422999, 246, 0, 0
1423999, 243, 0, 0
1425000, 268, 0, 0
1425999, 254, 0, 0
1426999, 249, 0, 0
1428000, 294, 0, 0
1429000, 272, 0, 0
1429999, 287, 0, 0
1431000, 280, 0, 0
1432000, 292, 0, 0
1432999, 266, 0, 0
1433999, 283, 0, 0
1435000, 247, 0, 0
1435999, 268, 0, 0
1436999, 282, 0, 0
1438000, 231, 0, 0
1438999, 241, 0, 0
1439999, 273, 0, 0
1441000, 258, 0, 0
1442000, 260, 0, 0
1442999, 263, 0, 0
1444000, 241, 0, 0
1445000, 254, 0, 0
1445999, 307, 0, 0
1447000, 270, 0, 0
1448000, 229, 0, 0
1448999, 273, 0, 0
1449999, 273, 0, 0
1451000, 261, 0, 0
1452000, 269, 0, 0
1452999, 237, 0, 0
1454000, 289, 0, 0
1455000, 237, 0, 0
1455999, 253, 0, 0
1456999, 233, 0, 0
1458000, 296, 0, 0
1458999, 258, 0, 0
1459999, 286, 0, 0
1461000, 230, 0, 0
1461999, 232, 0, 0
1462999, 267, 0, 0
1464000, 286, 0, 0
1464999, 269, 0, 0
1465999, 266, 0, 0
1467000, 289, 0, 0
1468000, 238, 0, 0
1468999, 275, 0, 0
1470000, 277, 0, 0
1471000, 315, 0, 0
1471999, 263, 0, 0
1473000, 262, 0, 0
1474000, 238, 0, 0
1474999, 240, 0, 0
1475999, 275, 0, 0
1477000, 273, 0, 0
1477999, 259, 0, 0
1478999, 273, 0, 0
1480000, 302, 0, 0
1481000, 278, 0, 0
1481999, 265, 0, 0
1483000, 251, 0, 0
1484000, 286, 0, 0
1484999, 251, 0, 0
1485999, 247, 0, 0
1487000, 276, 0, 0
1487999, 246, 0, 0
1488999, 261, 0, 0
1490000, 271, 0, 0
1491000, 228, 0, 0
1491999, 271, 0, 0
1493000, 234, 0, 0
1494000, 267, 0, 0
1494999, 264, 0, 0
1496000, 280, 0, 0
1497000, 225, 0, 0
1497999, 219, 0, 0
1498999, 267, 0, 0
1500000, 258, 0, 0
1501000, 261, 0, 0
1501999, 257, 0, 0
1503000, 270, 0, 0
1504000, 278, 0, 0
1504999, 275, 0, 0
1506000, 249, 0, 0
1507000, 275, 0, 0
1507999, 265, 0, 0
1509000, 296, 0, 0
1510000, 268, 0, 0
1510999, 279, 0, 0
1511999, 234, 0, 0
1513000, 256, 0, 0
1513999, 278, 0, 0
1515000, 250, 0, 0
1516000, 255, 0, 0
1516999, 255, 0, 0
1518000, 251, 0, 0
1519000, 292, 0, 0
1519999, 284, 0, 0
1520999, 233, 0, 0
1522000, 250, 0, 0
1522999, 277, 0, 0
1523999, 237, 0, 0
1525000, 241, 0, 0
1525999, 290, 0, 0
1526999, 269, 0, 0
1528000, 286, 0, 0
1529000, 259, 0, 0
1529999, 257, 0, 0
1531000, 271, 0, 0
1531999, 270, 0, 0
1532999, 256, 0, 0
1534000, 240, 0, 0
1535000, 259, 0, 0
1535999, 265, 0, 0
1537000, 266, 0, 0
1538000, 274, 0, 0
1538999, 242, 0, 0
1540000, 300, 0, 0
1541000, 207, 0, 0
1541999, 262, 0, 0
1543000, 254, 0, 0
1544000, 258, 0, 0
1544999, 245, 0, 0
1545999, 241, 0, 0
1547000, 253, 0, 0
1548000, 288, 0, 0
1548999, 275, 0, 0
1550000, 261, 0, 0
1551000, 233, 0, 0
1551999, 253, 0, 0
1552999, 251, 0, 0
1554000, 263, 0, 0
1554999, 275, 0, 0
1555999, 272, 0, 0
1557000, 250, 0, 0
1558000, 279, 0, 0
1558999, 275, 0, 0
1560000, 249, 0, 0
1561000, 260, 0, 0
1561999, 288, 0, 0
1562999, 244, 0, 0
1564000, 248, 0, 0
1564999, 246, 0, 0
1565999, 241, 0, 0
1567000, 278, 0, 0
1568000, 241, 0, 0
1568999, 251, 0, 0
1570000, 245, 0, 0
1571000, 281, 0, 0
1571999, 241, 0, 0
1573000, 256, 0, 0
1574000, 260, 0, 0
1574999, 280, 0, 0
1575999, 202, 0, 0
1577000, 251, 0, 0
1577999, 273, 0, 0
1578999, 206, 0, 0
1580000, 266, 0, 0
1581000, 290, 0, 0
1581999, 269, 0, 0
1583000, 290, 0, 0
1584000, 189, 0, 0
1584999, 282, 0, 0
1585999, 276, 0, 0
1587000, 209, 0, 0
1588000, 267, 0, 0
1588999, 266, 0, 0
1590000, 267, 0, 0
1591000, 275, 0, 0
1591999, 277, 0, 0
1592999, 263, 0, 0
1594000, 293, 0, 0
1594999, 231, 0, 0
1595999, 251, 0, 0
1597000, 246, 0, 0
1598000, 234, 0, 0
1598999, 274, 0, 0
1600000, 263, 0, 0
1601000, 258, 0, 0
1601999, 225, 0, 0
1602999, 259, 0, 0
1604000, 258, 0, 0
1604999, 253, 0, 0
1605999, 260, 0, 0
1607000, 281, 0, 0
1607999, 263, 0, 0
1608999, 242, 0, 0
1610000, 268, 0, 0
1611000, 270, 0, 0
1611999, 248, 0, 0
1612999, 257, 0, 0
1614000, 263, 0, 0
1615000, 251, 0, 0
1615999, 269, 0, 0
1617000, 260, 0, 0
1618000, 268, 0, 0
1618999, 248, 0, 0
1619999, 274, 0, 0
1621000, 245, 0, 0
1621999, 258, 0, 0
1622999, 257, 0, 0
1624000, 250, 0, 0
1625000, 242, 0, 0
1625999, 273, 0, 0
1627000, 247, 0, 0
1628000, 251, 0, 0
1628999, 247, 0, 0
1629999, 234, 0, 0
1631000, 268, 0, 0
1632000, 267, 0, 0
1632999, 214, 0, 0
1634000, 251, 0, 0
1635000, 242, 0, 0
1635999, 233, 0, 0
1636999, 244, 0, 0
1638000, 283, 0, 0
1638999, 276, 0, 0
1639999, 280, 0, 0
1641000, 260, 0, 0
1642000, 245, 0, 0
1642999, 247, 0, 0
1643999, 233, 0, 0
1645000, 258, 0, 0
1645999, 244, 0, 0
1646999, 248, 0, 0
1648000, 283, 0, 0
1648999, 258, 0, 0
1649999, 256, 0, 0
1651000, 263, 0, 0
1651999, 244, 0, 0
1652999, 249, 0, 0
1654000, 275, 0, 0
1655000, 252, 0, 0
1655999, 242, 0, 0
1656999, 212, 0, 0
1658000, 232, 0, 0
1658999, 234, 0, 0
1659999, 272, 0, 0
1661000, 241, 0, 0
1662000, 239, 0, 0
1662999, 261, 0, 0
1663999, 270, 0, 0
1665000, 270, 0, 0
1665999, 232, 0, 0
1666999, 216, 0, 0
1668000, 254, 0, 0
1668999, 230, 0, 0
1669999, 251, 0, 0
1670999, 261, 0, 0
1672000, 238, 0, 0
1672999, 250, 0, 0
1673999, 243, 0, 0
1675000, 275, 0, 0
1675999, 217, 0, 0
1676999, 245, 0, 0
1677999, 226, 0, 0
1679000, 213, 0, 0
1680000, 235, 0, 0
1680999, 271, 0, 0
1682000, 257, 0, 0
1683000, 224, 0, 0
1683999, 233, 0, 0
1684999, 249, 0, 0
1686000, 235, 0, 0
1686999, 260, 0, 0
1687999, 228, 0, 0
1689000, 254, 0, 0
1690000, 213, 0, 0
1690999, 291, 0, 0
1691999, 245, 0, 0
1693000, 243, 0, 0
1694000, 215, 0, 0
1694999, 229, 0, 0
1696000, 222, 0, 0
1697000, 255, 0, 0
1697999, 223, 0, 0
1698999, 208, 0, 0
1700000, 262, 0, 0
1701000, 212, 0, 0
1701999, 276, 0, 0
1702999, 223, 0, 0
1704000, 245, 0, 0
1704999, 220, 0, 0
1705999, 261, 0, 0
1707000, 220, 0, 0
1708000, 245, 0, 0
1708999, 228, 0, 0
1709999, 257, 0, 0
1711000, 236, 0, 0
1711999, 232, 0, 0
1712999, 251, 0, 0
1714000, 254, 0, 0
1715000, 251, 0, 0
1715999, 237, 0, 0
1716999, 248, 0, 0
1718000, 228, 0, 0
1719000, 252, 0, 0
1719999, 223, 0, 0
1721000, 263, 0, 0
1722000, 248, 0, 0
1722999, 268, 0, 0
1723999, 243, 0, 0
1725000, 252, 0, 0
1725999, 281, 0, 0
1726999, 218, 0, 0
1728000, 208, 0, 0
1729000, 280, 0, 0
1729999, 233, 0, 0
1730999, 211, 0, 0
1732000, 249, 0, 0
1733000, 246, 0, 0
1733999, 216, 0, 0
1734999, 240, 0, 0
1736000, 251, 0, 0
1736999, 221, 0, 0
1737999, 265, 0, 0
1739000, 232, 0, 0
1740000, 233, 0, 0
1740999, 245, 0, 0
1741999, 248, 0, 0
1743000, 223, 0, 0
1743999, 234, 0, 0
1744999, 251, 0, 0
1746000, 213, 0, 0
1746999, 238, 0, 0
1747999, 250, 0, 0
1748999, 246, 0, 0
1750000, 243, 0, 0
1750999, 229, 0, 0
1751999, 253, 0, 0
1753000, 243, 0, 0
1754000, 242, 0, 0
1754999, 242, 0, 0
1755999, 226, 0, 0
1757000, 207, 0, 0
1757999, 207, 0, 0
1758999, 262, 0, 0
1760000, 234, 0, 0
1761000, 233, 0, 0
1762000, 224, 0, 0
1762999, 228, 0, 0
1764000, 214, 0, 0
1765000, 234, 0, 0
1765999, 235, 0, 0
1766999, 218, 0, 0
1768000, 236, 0, 0
1768999, 223, 0, 0
1769999, 243, 0, 0
1771000, 216, 0, 0
1772000, 224, 0, 0
1772999, 222, 0, 0
1774000, 256, 0, 0
1775000, 220, 0, 0
1775999, 201, 0, 0
1776999, 241, 0, 0
1778000, 235, 0, 0
1779000, 221, 0, 0
1779999, 208, 0, 0
1780999, 233, 0, 0
1782000, 248, 0, 0
1783000, 225, 0, 0
1783999, 210, 0, 0
1784999, 208, 0, 0
1786000, 237, 0, 0
1786999, 241, 0, 0
1787999, 216, 0, 0
1789000, 213, 0, 0
1790000, 230, 0, 0
1790999, 227, 0, 0
1791999, 200, 0, 0
1793000, 228, 0, 0
1794000, 219, 0, 0
1794999, 254, 0, 0
1796000, 222, 0, 0
1797000, 224, 0, 0
1797999, 197, 0, 0
1798999, 222, 0, 0
1800000, 213, 0, 0
1801000, 241, 0, 0
1802000, 213, 0, 0
1802999, 227, 0, 0
1804000, 214, 0, 0
1805000, 232, 0, 0
1806000, 234, 0, 0
1806999, 220, 0, 0
1807999, 220, 0, 0
1809000, 220, 0, 0
1810000, 225, 0, 0
1811000, 207, 0, 0
1812000, 217, 0, 0
1813000, 207, 0, 0
1813999, 227, 0, 0
1815000, 209, 0, 0
1816000, 230, 0, 0
1817000, 225, 0, 0
1818000, 204, 0, 0
1819000, 200, 0, 0
1819999, 220, 0, 0
1820999, 234, 0, 0
1822000, 221, 0, 0
1823000, 224, 0, 0
1824000, 198, 0, 0
1825000, 208, 0, 0
1825999, 228, 0, 0
1826999, 228, 0, 0
1828000, 202, 0, 0
1829000, 208, 0, 0
1830000, 202, 0, 0
1831000, 234, 0, 0
1832000, 229, 0, 0
1832999, 200, 0, 0
1834000, 213, 0, 0
1835000, 209, 0, 0
1836000, 218, 0, 0
1837000, 223, 0, 0
1838000, 219, 0, 0
1838999, 218, 0, 0
1840000, 205, 0, 0
1841000, 225, 0, 0
1842000, 201, 0, 0
1843000, 213, 0, 0
1844000, 238, 0, 0
1844999, 212, 0, 0
1845999, 223, 0, 0
1847000, 201, 0, 0
1848000, 234, 0, 0
1849000, 229, 0, 0
1850000, 200, 0, 0
1850999, 228, 0, 0
1851999, 202, 0, 0
1853000, 232, 0, 0
1854000, 207, 0, 0
1855000, 211, 0, 0
1856000, 224, 0, 0
1856999, 202, 0, 0
1857999, 218, 0, 0
1859000, 241, 0, 0
1860000, 208, 0, 0
1861000, 200, 0, 0
1862000, 227, 0, 0
1862999, 231, 0, 0
1863999, 192, 0, 0
1865000, 211, 0, 0
1866000, 233, 0, 0
1867000, 195, 0, 0
1868000, 207, 0, 0
1868999, 216, 0, 0
1869999, 232, 0, 0
1871000, 190, 0, 0
1872000, 218, 0, 0
1873000, 225, 0, 0
1874000, 195, 0, 0
1875000, 220, 0, 0
1875999, 198, 0, 0
1876999, 207, 0, 0
1878000, 201, 0, 0
1879000, 212, 0, 0
1880000, 204, 0, 0
1881000, 215, 0, 0
1881999, 193, 0, 0
1882999, 174, 0, 0
1884000, 234, 0, 0
1885000, 216, 0, 0
1886000, 192, 0, 0
1887000, 218, 0, 0
1888000, 205, 0, 0
1888999, 226, 0, 0
1890000, 217, 0, 0
1891000, 206, 0, 0
1892000, 227, 0, 0
1893000, 207, 0, 0
1894000, 217, 0, 0
1894999, 206, 0, 0
1895999, 194, 0, 0
1897000, 228, 0, 0
1898000, 230, 0, 0
1899000, 227, 0, 0
1900000, 181, 0, 0
1900999, 247, 0, 0
1901999, 213, 0, 0
1903000, 205, 0, 0
1904000, 202, 0, 0
1905000, 216, 0, 0
1906000, 210, 0, 0
1907000, 211, 0, 0
1907999, 174, 0, 0
1909000, 211, 0, 0
1910000, 222, 0, 0
1911000, 231, 0, 0
1912000, 244, 0, 0
1913000, 213, 0, 0
1913999, 233, 0, 0
1914999, 197, 0, 0
1916000, 205, 0, 0
1917000, 202, 0, 0
1918000, 179, 0, 0
1919000, 201, 0, 0
1919999, 215, 0, 0
1920999, 219, 0, 0
1922000, 210, 0, 0
1923000, 198, 0, 0
1924000, 180, 0, 0
1925000, 217, 0, 0
1926000, 254, 0, 0
1926999, 202, 0, 0
1928000, 194, 0, 0
1929000, 213, 0, 0
1930000, 218, 0, 0
1931000, 224, 0, 0
1932000, 203, 0, 0
1932999, 204, 0, 0
1934000, 223, 0, 0
1935000, 209, 0, 0
1936000, 213, 0, 0
1937000, 204, 0, 0
1938000, 235, 0, 0
1938999, 234, 0, 0
1940000, 230, 0, 0
1941000, 205, 0, 0
1942000, 226, 0, 0
1943000, 216, 0, 0
1944000, 251, 0, 0
1944999, 212, 0, 0
1946000, 197, 0, 0
1947000, 218, 0, 0
1948000, 195, 0, 0
1949000, 227, 0, 0
1949999, 194, 0, 0
1950999, 209, 0, 0
1952000, 215, 0, 0
1953000, 207, 0, 0
1954000, 208, 0, 0
1955000, 218, 0, 0
1956000, 207, 0, 0
1956999, 229, 0, 0
1958000, 213, 0, 0
1959000, 218, 0, 0
1960000, 204, 0, 0
1961000, 213, 0, 0
1962000, 205, 0, 0
1962999, 175, 0, 0
1964000, 208, 0, 0
1965000, 189, 0, 0
1966000, 228, 0, 0
1967000, 249, 0, 0
1967999, 236, 0, 0
1968999, 213, 0, 0
1970000, 222, 0, 0
1971000, 217, 0, 0
1972000, 214, 0, 0
1973000, 235, 0, 0
1974000, 195, 0, 0
1974999, 213, 0, 0
1975999, 221, 0, 0
1977000, 202, 0, 0
1978000, 208, 0, 0
1979000, 177, 0, 0
1980000, 183, 0, 0
1981000, 217, 0, 0
1981999, 192, 0, 0
1983000, 207, 0, 0
1984000, 193, 0, 0
1985000, 231, 0, 0
1986000, 225, 0, 0
1987000, 210, 0, 0
1987999, 198, 0, 0
1988999, 213, 0, 0
1990000, 205, 0, 0
1991000, 217, 0, 0
1992000, 208, 0, 0
1993000, 223, 0, 0
1993999, 189, 0, 0
1994999, 192, 0, 0
1996000, 210, 0, 0
1997000, 198, 0, 0
1998000, 217, 0, 0
1999000, 197, 0, 0
2000000, 208, 0, 0
2000999, 208, 0, 0
2002000, 215, 0, 0
2003000, 207, 0, 0
2004000, 201, 0, 0
2005000, 207, 0, 0
2006000, 219, 0, 0
2006999, 186, 0, 0
2008000, 211, 0, 0
2009000, 214, 0, 0
2010000, 214, 0, 0
2011000, 193, 0, 0
2012000, 194, 0, 0
2012999, 191, 0, 0
2013999, 198, 0, 0
2015000, 221, 0, 0
2016000, 193, 0, 0
2017000, 197, 0, 0
2018000, 229, 0, 0
2019000, 194, 0, 0
2019999, 202, 0, 0
2020999, 193, 0, 0
2022000, 217, 0, 0
2023000, 218, 0, 0
2024000, 209, 0, 0
2025000, 204, 0, 0
2026000, 244, 0, 0
2027000, 195, 0, 0
2028001, 206, 0, 0
2029000, 187, 0, 0
2030000, 231, 0, 0
2031000, 238, 0, 0
2032000, 204, 0, 0
2033000, 229, 0, 0
2034000, 203, 0, 0
2035000, 210, 0, 0
2036000, 211, 0, 0
2037000, 207, 0, 0
2038000, 197, 0, 0
2039000, 222, 0, 0
2040000, 211, 0, 0
2041000, 211, 0, 0
2042000, 203, 0, 0
2043000, 215, 0, 0
2044000, 201, 0, 0
2045000, 211, 0, 0
2046000, 208, 0, 0
2047000, 208, 0, 0
2048000, 197, 0, 0
2049000, 185, 0, 0
2050000, 215, 0, 0
2051000, 196, 0, 0
2052000, 210, 0, 0
2053000, 205, 0, 0
2054000, 189, 0, 0
2055000, 197, 0, 0
2056000, 218, 0, 0
2057000, 214, 0, 0
2058000, 220, 0, 0
2059000, 199, 0, 0
2060000, 209, 0, 0
2061000, 193, 0, 0
2062000, 204, 0, 0
2063000, 199, 0, 0
2064000, 225, 0, 0
2065000, 206, 0, 0
2066000, 218, 0, 0
2067000, 213, 0, 0
2068000, 185, 0, 0
2069000, 230, 0, 0
2070001, 216, 0, 0
2071000, 200, 0, 0
2072000, 208, 0, 0
2073000, 217, 0, 0
2074000, 213, 0, 0
2075000, 195, 0, 0
2076000, 224, 0, 0
2076999, 195, 0, 0
2077999, 222, 0, 0
2078999, 194, 0, 0
2079999, 223, 0, 0
2080999, 188, 0, 0
2081999, 204, 0, 0
2082999, 199, 0, 0
2083998, 197, 0, 0
2084998, 225, 0, 0
2085998, 211, 0, 0
2086998, 220, 0, 0
2087997, 189, 0, 0
2088997, 198, 0, 0
2089998, 213, 0, 0
2090998, 212, 0, 0
2091997, 201, 0, 0
2092997, 195, 0, 0
2093997, 206, 0, 0
2094996, 190, 0, 0
2095996, 210, 0, 0
2096996, 220, 0, 0
2097996, 220, 0, 0
2098995, 197, 0, 0
2099995, 195, 0, 0
2100995, 181, 0, 0
2101996, 218, 0, 0
2102995, 191, 0, 0
2103995, 206, 0, 0
2104995, 184, 0, 0
2105995, 218, 0, 0
2106994, 204, 0, 0
2107994, 208, 0, 0
2108994, 209, 0, 0
2109993, 201, 0, 0
2110993, 248, 0, 0
2111994, 207, 0, 0
2112994, 198, 0, 0
2113993, 203, 0, 0
2114993, 210, 0, 0
2115993, 201, 0, 0
2116992, 187, 0, 0
2117992, 219, 0, 0
2118992, 211, 0, 0
2119992, 204, 0, 0
2120992, 212, 0, 0
2121992, 194, 0, 0
2122992, 184, 0, 0
2123992, 212, 0, 0
2124991, 204, 0, 0
2125991, 199, 0, 0
2126991, 220, 0, 0
2128000, 218, 0, 0
2129000, 206, 0, 0
2130000, 195, 0, 0
2130999, 187, 0, 0
2132000, 199, 0, 0
2133000, 225, 0, 0
2134000, 183, 0, 0
2135000, 200, 0, 0
2136000, 195, 0, 0
2137000, 208, 0, 0
2137999, 199, 0, 0
2139000, 201, 0, 0
2140000, 204, 0, 0
2141000, 193, 0, 0
2142000, 209, 0, 0
2143000, 182, 0, 0
2143999, 180, 0, 0
2144999, 197, 0, 0
2146000, 207, 0, 0
2147000, 200, 0, 0
2148000, 217, 0, 0
2149000, 187, 0, 0
2150000, 192, 0, 0
2151000, 205, 0, 0
2151999, 203, 0, 0
2153000, 193, 0, 0
2154000, 194, 0, 0
2155000, 192, 0, 0
2156000, 207, 0, 0
2157000, 212, 0, 0
2157999, 214, 0, 0
2158999, 194, 0, 0
2160000, 202, 0, 0
2161000, 206, 0, 0
2162000, 218, 0, 0
2163000, 205, 0, 0
2164000, 203, 0, 0
2164999, 221, 0, 0
2166000, 224, 0, 0
2167000, 214, 0, 0
2168000, 194, 0, 0
2169000, 217, 0, 0
2170000, 201, 0, 0
2170999, 215, 0, 0
2171999, 219, 0, 0
2173000, 202, 0, 0
2174000, 220, 0, 0
2175000, 191, 0, 0
2176000, 210, 0, 0
2177000, 177, 0, 0
2177999, 209, 0, 0
2179000, 203, 0, 0
2180000, 209, 0, 0
2181000, 188, 0, 0
2182000, 210, 0, 0
2183000, 202, 0, 0
2184000, 216, 0, 0
2184999, 202, 0, 0
2186000, 181, 0, 0
2187000, 191, 0, 0
2188000, 193, 0, 0
2189000, 208, 0, 0
2190000, 194, 0, 0
2190999, 204, 0, 0
2192000, 214, 0, 0
2193000, 197, 0, 0
2194000, 200, 0, 0
2195000, 203, 0, 0
2196000, 194, 0, 0
2196999, 209, 0, 0
2198000, 185, 0, 0
2199000, 200, 0, 0
2200000, 213, 0, 0
2201000, 199, 0, 0
2202000, 177, 0, 0
2202999, 212, 0, 0
2203999, 209, 0, 0
2205000, 188, 0, 0
2206000, 200, 0, 0
2207000, 203, 0, 0
2208000, 212, 0, 0
2209000, 193, 0, 0
2209999, 206, 0, 0
2211000, 178, 0, 0
2212000, 201, 0, 0
2213000, 172, 0, 0
2214000, 208, 0, 0
2215000, 214, 0, 0
2215999, 192, 0, 0
2216999, 214, 0, 0
2218000, 188, 0, 0
2219000, 188, 0, 0
2220000, 188, 0, 0
2221000, 194, 0, 0
2222000, 206, 0, 0
2222999, 201, 0, 0
2223999, 211, 0, 0
2225000, 188, 0, 0
2226000, 212, 0, 0
2227000, 203, 0, 0
2228000, 187, 0, 0
2229000, 207, 0, 0
2229999, 191, 0, 0
2231000, 207, 0, 0
2232000, 175, 0, 0
2233000, 210, 0, 0
2234000, 209, 0, 0
2235000, 224, 0, 0
2235999, 194, 0, 0
2236999, 197, 0, 0
2238000, 198, 0, 0
2239000, 206, 0, 0
2240000, 200, 0, 0
2241000, 179, 0, 0
2242000, 188, 0, 0
2242999, 191, 0, 0
2244000, 198, 0, 0
2245000, 189, 0, 0
2246000, 190, 0, 0
2247000, 197, 0, 0
2248000, 197, 0, 0
2248999, 191, 0, 0
2250000, 206, 0, 0
2251000, 206, 0, 0
2252000, 207, 0, 0
2253000, 203, 0, 0
2254000, 199, 0, 0
2254999, 190, 0, 0
2255999, 215, 0, 0
2257000, 222, 0, 0
2258000, 208, 0, 0
2259000, 208, 0, 0
2260000, 203, 0, 0
2261000, 213, 0, 0
2261999, 199, 0, 0
2263000, 215, 0, 0
2264000, 191, 0, 0
2265000, 212, 0, 0
2266000, 207, 0, 0
2266999, 202, 0, 0
2268000, 200, 0, 0
2269000, 201, 0, 0
2270000, 202, 0, 0
2271000, 200, 0, 0
2272000, 227, 0, 0
2272999, 174, 0, 0
2274000, 213, 0, 0
2275000, 187, 0, 0
2276000, 200, 0, 0
2277000, 182, 0, 0
2278000, 192, 0, 0
2279000, 197, 0, 0
2279999, 218, 0, 0
2281000, 187, 0, 0
2282000, 204, 0, 0
2283000, 211, 0, 0
2284000, 197, 0, 0
2285000, 199, 0, 0
2285999, 222, 0, 0
2287000, 181, 0, 0
2288000, 233, 0, 0
2289000, 203, 0, 0
2290000, 179, 0, 0
2291000, 206, 0, 0
2291999, 180, 0, 0
2293000, 216, 0, 0
2294000, 193, 0, 0
2295000, 218, 0, 0
2296000, 219, 0, 0
2297000, 194, 0, 0
2298000, 211, 0, 0
2298999, 205, 0, 0
2300000, 189, 0, 0
2301000, 193, 0, 0
2302000, 217, 0, 0
2303000, 214, 0, 0
2304000, 187, 0, 0
2304999, 189, 0, 0
2306000, 208, 0, 0
2307000, 189, 0, 0
2308000, 218, 0, 0
2309000, 187, 0, 0
2310000, 208, 0, 0
2310999, 212, 0, 0
2311999, 189, 0, 0
2313000, 203, 0, 0
2314000, 215, 0, 0
2315000, 209, 0, 0
2316000, 200, 0, 0
2317000, 193, 0, 0
2317999, 183, 0, 0
2319000, 194, 0, 0
2320000, 210, 0, 0
2321000, 221, 0, 0
2322000, 188, 0, 0
2323000, 178, 0, 0
2323999, 230, 0, 0
2325000, 188, 0, 0
2326000, 192, 0, 0
2327000, 206, 0, 0
2328000, 185, 0, 0
2329000, 229, 0, 0
2329999, 191, 0, 0
2330999, 187, 0, 0
2332000, 181, 0, 0
2333000, 192, 0, 0
2334000, 172, 0, 0
2335000, 191, 0, 0
2335999, 214, 0, 0
2336999, 192, 0, 0
2338000, 215, 0, 0
2339000, 190, 0, 0
2340000, 206, 0, 0
2341000, 200, 0, 0
2342000, 191, 0, 0
2342999, 196, 0, 0
2344000, 198, 0, 0
2345000, 208, 0, 0
2346000, 207, 0, 0
2347000, 193, 0, 0
2348000, 199, 0, 0
2348999, 180, 0, 0
2349999, 204, 0, 0
2351000, 190, 0, 0
2352000, 188, 0, 0
2353000, 210, 0, 0
2354000, 171, 0, 0
2355000, 185, 0, 0
2356000, 203, 0, 0
2357000, 195, 0, 0
2358000, 175, 0, 0
2359000, 184, 0, 0
2360000, 210, 0, 0
2360999, 201, 0, 0
2361999, 185, 0, 0
2363000, 220, 0, 0
2364000, 211, 0, 0
2365000, 211, 0, 0
2366000, 209, 0, 0
2366999, 194, 0, 0
2368000, 192, 0, 0
2369000, 204, 0, 0
2370000, 212, 0, 0
2371000, 205, 0, 0
2372000, 191, 0, 0
2373000, 217, 0, 0
2373999, 181, 0, 0
2375000, 201, 0, 0
2376000, 213, 0, 0
2377000, 189, 0, 0
2378000, 190, 0, 0
2379000, 209, 0, 0
2379999, 183, 0, 0
2381000, 213, 0, 0
2382000, 191, 0, 0
2383000, 229, 0, 0
2384000, 225, 0, 0
2385000, 202, 0, 0
2385999, 190, 0, 0
2387000, 210, 0, 0
2388000, 204, 0, 0
2389000, 196, 0, 0
2390000, 193, 0, 0
2391000, 182, 0, 0
2391999, 209, 0, 0
2392999, 207, 0, 0
2394000, 201, 0, 0
2395000, 219, 0, 0
2396000, 189, 0, 0
2397000, 201, 0, 0
2398000, 208, 0, 0
2398999, 205, 0, 0
2400000, 206, 0, 0
