1000, 1213964, 0, 0
2000, 1264885, 0, 0
3000, 1267751, 0, 0
4000, 1267390, 0, 0
5000, 1273983, 0, 0
6000, 1276957, 0, 0
7000, 1280512, 0, 0
8000, 1280042, 0, 0
9000, 1281094, 0, 0
10000, 1279085, 0, 0
11000, 1281653, 0, 0
12000, 1278478, 0, 0
13000, 1278072, 0, 0
14000, 1277191, 0, 0
15000, 1281161, 0, 0
16000, 1280064, 0, 0
17000, 1279073, 0, 0
18000, 1280564, 0, 0
19000, 1279161, 0, 0
20000, 1277899, 0, 0
21000, 1279521, 0, 0
22000, 1279211, 0, 0
23000, 1281888, 0, 0
24000, 1280108, 0, 0
25000, 1280730, 0, 0
26000, 1280652, 0, 0
27000, 1276829, 0, 0
28000, 1279173, 0, 0
29000, 1278483, 0, 0
30000, 1280901, 0, 0
31000, 1282007, 0, 0
32000, 1278767, 0, 0
33000, 1278081, 0, 0
34000, 1277630, 0, 0
35000, 1281436, 0, 0
36000, 1281672, 0, 0
37000, 1277840, 0, 0
38000, 1279377, 0, 0
39000, 1280898, 0, 0
40000, 1279853, 0, 0
41000, 1280415, 0, 0
42000, 1279478, 0, 0
43000, 1282168, 0, 0
44000, 1277810, 0, 0
45000, 1277733, 0, 0
46000, 1278647, 0, 0
47000, 1279320, 0, 0
48000, 1275245, 0, 0
49000, 1281697, 0, 0
50000, 1280200, 0, 0
51000, 1284549, 0, 0
52000, 1283421, 0, 0
53000, 1281373, 0, 0
54000, 1278203, 0, 0
55000, 1277182, 0, 0
56000, 1279382, 0, 0
57000, 1278896, 0, 0
58000, 1280713, 0, 0
59000, 1276741, 0, 0
60000, 1282483, 0, 0
61000, 1281085, 0, 0
62000, 1279636, 0, 0
63000, 1278891, 0, 0
64000, 1283512, 0, 0
65000, 1279748, 0, 0
66000, 1283362, 0, 0
67000, 1279709, 0, 0
68000, 1282271, 0, 0
69000, 1281677, 0, 0
70000, 1280222, 0, 0
71000, 1284011, 0, 0
72000, 1281382, 0, 0
73000, 1279986, 0, 0
74000, 1282325, 0, 0
75000, 1280806, 0, 0
76000, 1281294, 0, 0
77000, 1278764, 0, 0
78000, 1280049, 0, 0
79000, 1279823, 0, 0
80000, 1278555, 0, 0
81000, 1280284, 0, 0
82000, 1280056, 0, 0
83000, 1279435, 0, 0
84000, 1279755, 0, 0
85000, 1279425, 0, 0
86000, 1280956, 0, 0
87000, 1282573, 0, 0
88000, 1281676, 0, 0
89000, 1281749, 0, 0
90000, 1279252, 0, 0
91000, 1282246, 0, 0
92000, 1280690, 0, 0
93000, 1279498, 0, 0
94000, 1279361, 0, 0
95000, 1279783, 0, 0
96000, 1278178, 0, 0
97000, 1281724, 0, 0
98000, 1283310, 0, 0
99000, 1283984, 0, 0
100000, 1282606, 0, 0
101000, 1279952, 0, 0
102000, 1279051, 0, 0
103000, 1283289, 0, 0
104000, 1284696, 0, 0
105000, 1282748, 0, 0
106000, 1282186, 0, 0
107000, 1282923, 0, 0
108000, 1283276, 0, 0
109000, 1282591, 0, 0
110000, 1278866, 0, 0
111000, 1280951, 0, 0
112000, 1282565, 0, 0
113000, 1280376, 0, 0
114000, 1279505, 0, 0
115000, 1285157, 0, 0
116000, 1279217, 0, 0
117000, 1280349, 0, 0
118000, 1280245, 0, 0
119000, 1281305, 0, 0
120000, 1279198, 0, 0
121000, 1280856, 0, 0
122000, 1283080, 0, 0
123000, 1280693, 0, 0
124000, 1282585, 0, 0
125000, 1283361, 0, 0
126000, 1278041, 0, 0
127000, 1281576, 0, 0
128000, 1282715, 0, 0
129000, 1281374, 0, 0
130000, 1282963, 0, 0
131000, 1281217, 0, 0
132000, 1282376, 0, 0
133000, 1280138, 0, 0
134000, 1280170, 0, 0
135000, 1276841, 0, 0
136000, 1280523, 0, 0
137000, 1281670, 0, 0
138000, 1281667, 0, 0
139000, 1280330, 0, 0
140000, 1279498, 0, 0
141000, 1283127, 0, 0
142000, 1285099, 0, 0
143000, 1282107, 0, 0
144000, 1282486, 0, 0
145000, 1279196, 0, 0
146000, 1279896, 0, 0
147000, 1281252, 0, 0
148000, 1281637, 0, 0
149000, 1277169, 0, 0
150000, 1283396, 0, 0
151000, 1278334, 0, 0
152000, 1283747, 0, 0
153000, 1280655, 0, 0
154000, 1282533, 0, 0
155000, 1282617, 0, 0
156000, 1281785, 0, 0
157000, 1280641, 0, 0
158000, 1283260, 0, 0
159000, 1283705, 0, 0
160000, 1284290, 0, 0
161000, 1284995, 0, 0
162000, 1283601, 0, 0
163000, 1283026, 0, 0
164000, 1278715, 0, 0
165000, 1281635, 0, 0
166000, 1279697, 0, 0
167000, 1283268, 0, 0
168000, 1281906, 0, 0
169000, 1281606, 0, 0
170000, 1283742, 0, 0
171000, 1280245, 0, 0
172000, 1283777, 0, 0
173000, 1280919, 0, 0
174000, 1281697, 0, 0
175000, 1280470, 0, 0
176000, 1282645, 0, 0
177000, 1281871, 0, 0
178000, 1282171, 0, 0
179000, 1281840, 0, 0
180000, 1283290, 0, 0
181000, 1280624, 0, 0
182000, 1281159, 0, 0
183000, 1281918, 0, 0
184000, 1282031, 0, 0
185000, 1281755, 0, 0
186000, 1281665, 0, 0
187000, 1282536, 0, 0
188000, 1282831, 0, 0
189000, 1282192, 0, 0
190000, 1283502, 0, 0
191000, 1282661, 0, 0
192000, 1283405, 0, 0
193000, 1281720, 0, 0
194000, 1282957, 0, 0
195000, 1281363, 0, 0
196000, 1280982, 0, 0
197000, 1282837, 0, 0
198000, 1280845, 0, 0
199000, 1288013, 0, 0
200000, 1280814, 0, 0
201000, 1283790, 0, 0
202000, 1281352, 0, 0
203000, 1284127, 0, 0
204000, 1282855, 0, 0
205000, 1284737, 0, 0
206000, 1282447, 0, 0
207000, 1282718, 0, 0
208000, 1278905, 0, 0
209000, 1282217, 0, 0
210000, 1281640, 0, 0
211000, 1282434, 0, 0
212000, 1284960, 0, 0
213000, 1280340, 0, 0
214000, 1286542, 0, 0
215000, 1283221, 0, 0
216000, 1284533, 0, 0
217000, 1285426, 0, 0
218000, 1282093, 0, 0
219000, 1282125, 0, 0
220000, 1283118, 0, 0
221000, 1282886, 0, 0
222000, 1283796, 0, 0
223000, 1284810, 0, 0
224000, 1280561, 0, 0
225000, 1284072, 0, 0
226000, 1283388, 0, 0
227000, 1284114, 0, 0
228000, 1281891, 0, 0
229000, 1284638, 0, 0
230000, 1284735, 0, 0
231000, 1285260, 0, 0
232000, 1281203, 0, 0
233000, 1284699, 0, 0
234000, 1282407, 0, 0
235000, 1283225, 0, 0
236000, 1279346, 0, 0
237000, 1279934, 0, 0
238000, 1285381, 0, 0
239000, 1283186, 0, 0
240000, 1282235, 0, 0
241000, 1282957, 0, 0
242000, 1279435, 0, 0
243000, 1282882, 0, 0
244000, 1282489, 0, 0
245000, 1284684, 0, 0
246000, 1281943, 0, 0
247000, 1282935, 0, 0
248000, 1286174, 0, 0
249000, 1282908, 0, 0
250000, 1282641, 0, 0
251000, 1281601, 0, 0
252000, 1281373, 0, 0
253000, 1280811, 0, 0
254000, 1284558, 0, 0
255000, 1281762, 0, 0
256000, 1283675, 0, 0
257000, 1284247, 0, 0
258000, 1281207, 0, 0
259000, 1283629, 0, 0
260000, 1281466, 0, 0
261000, 1282577, 0, 0
262000, 1280873, 0, 0
263000, 1284829, 0, 0
264000, 1280697, 0, 0
265000, 1283388, 0, 0
266000, 1282611, 0, 0
267000, 1286019, 0, 0
268000, 1284586, 0, 0
269000, 1282674, 0, 0
270000, 1282773, 0, 0
271000, 1284332, 0, 0
272000, 1280309, 0, 0
273000, 1281685, 0, 0
274000, 1281942, 0, 0
275000, 1283645, 0, 0
276000, 1280799, 0, 0
277000, 1283147, 0, 0
278000, 1283834, 0, 0
279000, 1283145, 0, 0
280000, 1283071, 0, 0
281000, 1281811, 0, 0
282000, 1282208, 0, 0
283000, 1282445, 0, 0
284000, 1281352, 0, 0
285000, 1270060, 0, 0
286000, 1253836, 0, 0
287000, 1252935, 0, 0
288000, 1252823, 0, 0
289000, 1254110, 0, 0
290000, 1256502, 0, 0
291000, 1253291, 0, 0
292000, 1256782, 0, 0
293000, 1250640, 0, 0
294000, 1253293, 0, 0
295000, 1253208, 0, 0
296000, 1252666, 0, 0
297000, 1252472, 0, 0
298000, 1255391, 0, 0
299000, 1251450, 0, 0
300000, 1251619, 0, 0
301000, 1252520, 0, 0
302000, 1251721, 0, 0
303000, 1253519, 0, 0
304000, 1254906, 0, 0
305000, 1251496, 0, 0
306000, 1252075, 0, 0
307000, 1251679, 0, 0
308000, 1250512, 0, 0
309000, 1253128, 0, 0
310000, 1251590, 0, 0
311000, 1255724, 0, 0
312000, 1249793, 0, 0
313000, 1244392, 0, 0
314000, 1252223, 0, 0
315000, 1259274, 0, 0
316000, 1246890, 0, 0
317000, 1250555, 0, 0
318000, 1251088, 0, 0
319000, 1257447, 0, 0
320000, 1247878, 0, 0
321000, 1255725, 0, 0
322000, 1254902, 0, 0
323000, 1256857, 0, 0
324000, 1256059, 0, 0
325000, 1255034, 0, 0
326000, 1257977, 0, 0
327000, 1253654, 0, 0
328000, 1252053, 0, 0
329000, 1256290, 0, 0
330000, 1251954, 0, 0
331000, 1255333, 0, 0
332000, 1251248, 0, 0
333000, 1251439, 0, 0
334000, 1250249, 0, 0
335000, 1251922, 0, 0
336000, 1253231, 0, 0
337000, 1251125, 0, 0
338000, 1248497, 0, 0
339000, 1251031, 0, 0
340000, 1258591, 0, 0
341000, 1254521, 0, 0
342000, 1250027, 0, 0
343000, 1248159, 0, 0
344000, 1255472, 0, 0
345000, 1252894, 0, 0
346000, 1254841, 0, 0
347000, 1258722, 0, 0
348000, 1251078, 0, 0
349000, 1248486, 0, 0
350000, 1247339, 0, 0
351000, 1256439, 0, 0
352000, 1255007, 0, 0
353000, 1252168, 0, 0
354000, 1248816, 0, 0
355000, 1257204, 0, 0
356000, 1259155, 0, 0
357000, 1253425, 0, 0
358000, 1253764, 0, 0
359000, 1254001, 0, 0
360000, 1257707, 0, 0
361000, 1253680, 0, 0
362000, 1257961, 0, 0
363000, 1252317, 0, 0
364000, 1258128, 0, 0
365000, 1253619, 0, 0
366000, 1255958, 0, 0
367000, 1254916, 0, 0
368000, 1251873, 0, 0
369000, 1254225, 0, 0
370000, 1253031, 0, 0
371000, 1254124, 0, 0
372000, 1255981, 0, 0
373000, 1256808, 0, 0
374000, 1252985, 0, 0
375000, 1252487, 0, 0
376000, 1246987, 0, 0
377000, 1249962, 0, 0
378000, 1248335, 0, 0
379000, 1254709, 0, 0
380000, 1251320, 0, 0
381000, 1255402, 0, 0
382000, 1254139, 0, 0
383000, 1256400, 0, 0
384000, 1256840, 0, 0
385000, 1254591, 0, 0
386000, 1254994, 0, 0
387000, 1256555, 0, 0
388000, 1255057, 0, 0
389000, 1259641, 0, 0
390000, 1256111, 0, 0
391000, 1258717, 0, 0
392000, 1252447, 0, 0
393000, 1258163, 0, 0
394000, 1249975, 0, 0
395000, 1257632, 0, 0
396000, 1249214, 0, 0
397000, 1255373, 0, 0
398000, 1256353, 0, 0
399000, 1256378, 0, 0
400000, 1256694, 0, 0
401000, 1258377, 0, 0
402000, 1255653, 0, 0
403000, 1253837, 0, 0
404000, 1255638, 0, 0
405000, 1258213, 0, 0
406000, 1251873, 0, 0
407000, 1257700, 0, 0
408000, 1258964, 0, 0
409000, 1255944, 0, 0
410000, 1246804, 0, 0
411000, 1252598, 0, 0
412000, 1256637, 0, 0
413000, 1255082, 0, 0
414000, 1257404, 0, 0
415000, 1251983, 0, 0
416000, 1255033, 0, 0
417000, 1256810, 0, 0
418000, 1254013, 0, 0
419000, 1260437, 0, 0
420000, 1253806, 0, 0
421000, 1257659, 0, 0
422000, 1259097, 0, 0
423000, 1254262, 0, 0
424000, 1257006, 0, 0
425000, 1254129, 0, 0
426000, 1257031, 0, 0
427000, 1259750, 0, 0
428000, 1255762, 0, 0
429000, 1255449, 0, 0
430000, 1257976, 0, 0
431000, 1259923, 0, 0
432000, 1255333, 0, 0
433000, 1257338, 0, 0
434000, 1259387, 0, 0
435000, 1257058, 0, 0
436000, 1259875, 0, 0
437000, 1257167, 0, 0
438000, 1253758, 0, 0
439000, 1255931, 0, 0
440000, 1255737, 0, 0
441000, 1250039, 0, 0
442000, 1251998, 0, 0
443000, 1255359, 0, 0
444000, 1253425, 0, 0
445000, 1254898, 0, 0
446000, 1255361, 0, 0
447000, 1255865, 0, 0
448000, 1258113, 0, 0
449000, 1255591, 0, 0
450000, 1260598, 0, 0
451000, 1254560, 0, 0
452000, 1260926, 0, 0
453000, 1257133, 0, 0
454000, 1260603, 0, 0
455000, 1252530, 0, 0
456000, 1255028, 0, 0
457000, 1255255, 0, 0
458000, 1260816, 0, 0
459000, 1258310, 0, 0
460000, 1256712, 0, 0
461000, 1258743, 0, 0
462000, 1254914, 0, 0
463000, 1256569, 0, 0
464000, 1255333, 0, 0
465000, 1257124, 0, 0
466000, 1255452, 0, 0
467000, 1257058, 0, 0
468000, 1257692, 0, 0
469000, 1259165, 0, 0
470000, 1261126, 0, 0
471000, 1260162, 0, 0
472000, 1256634, 0, 0
473000, 1256311, 0, 0
474000, 1262851, 0, 0
475000, 1255419, 0, 0
476000, 1254449, 0, 0
477000, 1263771, 0, 0
478000, 1255713, 0, 0
479000, 1260410, 0, 0
480000, 1260724, 0, 0
481000, 1258671, 0, 0
482000, 1260181, 0, 0
483000, 1256270, 0, 0
484000, 1254692, 0, 0
485000, 1256738, 0, 0
486000, 1258388, 0, 0
487000, 1257506, 0, 0
488000, 1256681, 0, 0
489000, 1259799, 0, 0
490000, 1257916, 0, 0
491000, 1252167, 0, 0
492000, 1248629, 0, 0
493000, 1253043, 0, 0
494000, 1255966, 0, 0
495000, 1260599, 0, 0
496000, 1253551, 0, 0
497000, 1252727, 0, 0
498000, 1253093, 0, 0
499000, 1250268, 0, 0
500000, 1252842, 0, 0
501000, 1248017, 0, 0
502000, 1259459, 0, 0
503000, 1258237, 0, 0
504000, 1251694, 0, 0
505000, 1253223, 0, 0
506000, 1256431, 0, 0
507000, 1258906, 0, 0
508000, 1258965, 0, 0
509000, 1262445, 0, 0
510000, 1259357, 0, 0
511000, 1258980, 0, 0
512000, 1257570, 0, 0
513000, 1260001, 0, 0
514000, 1259597, 0, 0
515000, 1255080, 0, 0
516000, 1258432, 0, 0
517000, 1265541, 0, 0
518000, 1257555, 0, 0
519000, 1260158, 0, 0
520000, 1260028, 0, 0
521000, 1254156, 0, 0
522000, 1256814, 0, 0
523000, 1255902, 0, 0
524000, 1257977, 0, 0
525000, 1257632, 0, 0
526000, 1251414, 0, 0
527000, 1251749, 0, 0
528000, 1247623, 0, 0
529000, 1261286, 0, 0
530000, 1260849, 0, 0
531000, 1261817, 0, 0
532000, 1257388, 0, 0
533000, 1253269, 0, 0
534000, 1255830, 0, 0
535000, 1259400, 0, 0
536000, 1261980, 0, 0
537000, 1261247, 0, 0
538000, 1259302, 0, 0
539000, 1259484, 0, 0
540000, 1259331, 0, 0
541000, 1258111, 0, 0
542000, 1260892, 0, 0
543000, 1255674, 0, 0
544000, 1258961, 0, 0
545000, 1258712, 0, 0
546000, 1265456, 0, 0
547000, 1259981, 0, 0
548000, 1255695, 0, 0
549000, 1251786, 0, 0
550000, 1249608, 0, 0
551000, 1259377, 0, 0
552000, 1260528, 0, 0
553000, 1261091, 0, 0
554000, 1255537, 0, 0
555000, 1252595, 0, 0
556000, 1251028, 0, 0
557000, 1259323, 0, 0
558000, 1261968, 0, 0
559000, 1255671, 0, 0
560000, 1259087, 0, 0
561000, 1259300, 0, 0
562000, 1262674, 0, 0
563000, 1257479, 0, 0
564000, 1259318, 0, 0
565000, 1262234, 0, 0
566000, 1258294, 0, 0
567000, 1258073, 0, 0
568000, 1258240, 0, 0
569000, 1258034, 0, 0
570000, 1259524, 0, 0
571000, 1259435, 0, 0
572000, 1264574, 0, 0
573000, 1260267, 0, 0
574000, 1262300, 0, 0
575000, 1260583, 0, 0
576000, 1263738, 0, 0
577000, 1259026, 0, 0
578000, 1257187, 0, 0
579000, 1258708, 0, 0
580000, 1259181, 0, 0
581000, 1262007, 0, 0
582000, 1257802, 0, 0
583000, 1256361, 0, 0
584000, 1262364, 0, 0
585000, 1261614, 0, 0
586000, 1257242, 0, 0
587000, 1262060, 0, 0
588000, 1257633, 0, 0
589000, 1261412, 0, 0
590000, 1257868, 0, 0
591000, 1258854, 0, 0
592000, 1257495, 0, 0
593000, 1262770, 0, 0
594000, 1262994, 0, 0
595000, 1262188, 0, 0
596000, 1259500, 0, 0
597000, 1260791, 0, 0
598000, 1259949, 0, 0
599000, 1263834, 0, 0
600000, 1262406, 0, 0
600001, 2232069, 0, 0
