1000, 1215359, 0, 0
2000, 1254691, 0, 0
3000, 1260883, 0, 0
4000, 1258111, 0, 0
5000, 1264915, 0, 0
6000, 1270130, 0, 0
7000, 1273667, 0, 0
8000, 1273124, 0, 0
9000, 1268828, 0, 0
10000, 1271127, 0, 0
11000, 1271326, 0, 0
12000, 1271582, 0, 0
13000, 1272980, 0, 0
14000, 1269353, 0, 0
15000, 1273312, 0, 0
16000, 1273134, 0, 0
17000, 1271028, 0, 0
18000, 1272195, 0, 0
19000, 1268827, 0, 0
20000, 1270967, 0, 0
21000, 1271395, 0, 0
22000, 1271252, 0, 0
23000, 1272853, 0, 0
24000, 1271125, 0, 0
25000, 1271861, 0, 0
26000, 1272694, 0, 0
27000, 1268859, 0, 0
28000, 1271229, 0, 0
29000, 1265944, 0, 0
30000, 1272416, 0, 0
31000, 1273731, 0, 0
32000, 1270502, 0, 0
33000, 1270190, 0, 0
34000, 1270589, 0, 0
35000, 1272335, 0, 0
36000, 1273890, 0, 0
37000, 1269760, 0, 0
38000, 1271564, 0, 0
39000, 1271151, 0, 0
40000, 1271754, 0, 0
41000, 1272089, 0, 0
42000, 1270485, 0, 0
43000, 1269228, 0, 0
44000, 1270698, 0, 0
45000, 1272553, 0, 0
46000, 1270814, 0, 0
47000, 1271439, 0, 0
48000, 1267996, 0, 0
49000, 1273683, 0, 0
50000, 1272250, 0, 0
51000, 1276600, 0, 0
52000, 1275403, 0, 0
53000, 1273609, 0, 0
54000, 1270225, 0, 0
55000, 1269264, 0, 0
56000, 1271462, 0, 0
57000, 1271010, 0, 0
58000, 1273670, 0, 0
59000, 1268875, 0, 0
60000, 1274626, 0, 0
61000, 1273349, 0, 0
62000, 1271764, 0, 0
63000, 1270900, 0, 0
64000, 1275579, 0, 0
65000, 1271823, 0, 0
66000, 1274470, 0, 0
67000, 1271670, 0, 0
68000, 1274398, 0, 0
69000, 1272597, 0, 0
70000, 1272165, 0, 0
71000, 1276090, 0, 0
72000, 1274463, 0, 0
73000, 1272197, 0, 0
74000, 1274394, 0, 0
75000, 1272992, 0, 0
76000, 1273479, 0, 0
77000, 1270925, 0, 0
78000, 1272082, 0, 0
79000, 1272180, 0, 0
80000, 1271617, 0, 0
81000, 1268226, 0, 0
82000, 1272832, 0, 0
83000, 1269775, 0, 0
84000, 1269815, 0, 0
85000, 1270408, 0, 0
86000, 1272946, 0, 0
87000, 1273695, 0, 0
88000, 1273686, 0, 0
89000, 1274628, 0, 0
90000, 1271149, 0, 0
91000, 1274437, 0, 0
92000, 1272755, 0, 0
93000, 1271702, 0, 0
94000, 1271406, 0, 0
95000, 1271910, 0, 0
96000, 1270292, 0, 0
97000, 1273827, 0, 0
98000, 1274456, 0, 0
99000, 1268224, 0, 0
100000, 1270780, 0, 0
101000, 1270604, 0, 0
102000, 1271128, 0, 0
103000, 1275272, 0, 0
104000, 1275450, 0, 0
105000, 1270880, 0, 0
106000, 1273171, 0, 0
107000, 1275107, 0, 0
108000, 1273925, 0, 0
109000, 1274295, 0, 0
110000, 1270652, 0, 0
111000, 1272644, 0, 0
112000, 1274340, 0, 0
113000, 1273233, 0, 0
114000, 1271300, 0, 0
115000, 1277056, 0, 0
116000, 1271038, 0, 0
117000, 1272213, 0, 0
118000, 1272021, 0, 0
119000, 1273144, 0, 0
120000, 1272031, 0, 0
121000, 1272604, 0, 0
122000, 1274926, 0, 0
123000, 1272555, 0, 0
124000, 1273295, 0, 0
125000, 1273871, 0, 0
126000, 1269927, 0, 0
127000, 1273382, 0, 0
128000, 1274634, 0, 0
129000, 1273081, 0, 0
130000, 1274897, 0, 0
131000, 1272849, 0, 0
132000, 1274278, 0, 0
133000, 1271908, 0, 0
134000, 1271891, 0, 0
135000, 1268780, 0, 0
136000, 1271188, 0, 0
137000, 1270994, 0, 0
138000, 1273516, 0, 0
139000, 1272171, 0, 0
140000, 1271552, 0, 0
141000, 1274890, 0, 0
142000, 1276955, 0, 0
143000, 1274182, 0, 0
144000, 1274496, 0, 0
145000, 1271182, 0, 0
146000, 1273134, 0, 0
147000, 1272753, 0, 0
148000, 1274530, 0, 0
149000, 1269148, 0, 0
150000, 1275354, 0, 0
151000, 1270332, 0, 0
152000, 1275640, 0, 0
153000, 1272570, 0, 0
154000, 1274546, 0, 0
155000, 1275741, 0, 0
156000, 1273707, 0, 0
157000, 1272436, 0, 0
158000, 1275356, 0, 0
159000, 1275705, 0, 0
160000, 1276208, 0, 0
161000, 1276935, 0, 0
162000, 1275599, 0, 0
163000, 1274980, 0, 0
164000, 1271857, 0, 0
165000, 1273655, 0, 0
166000, 1271750, 0, 0
167000, 1275266, 0, 0
168000, 1272941, 0, 0
169000, 1272627, 0, 0
170000, 1275529, 0, 0
171000, 1271012, 0, 0
172000, 1275813, 0, 0
173000, 1272902, 0, 0
174000, 1273518, 0, 0
175000, 1272596, 0, 0
176000, 1273668, 0, 0
177000, 1274739, 0, 0
178000, 1274101, 0, 0
179000, 1273745, 0, 0
180000, 1275373, 0, 0
181000, 1272407, 0, 0
182000, 1273183, 0, 0
183000, 1273899, 0, 0
184000, 1274917, 0, 0
185000, 1274696, 0, 0
186000, 1273594, 0, 0
187000, 1274561, 0, 0
188000, 1274618, 0, 0
189000, 1271904, 0, 0
190000, 1275367, 0, 0
191000, 1274573, 0, 0
192000, 1275220, 0, 0
193000, 1273600, 0, 0
194000, 1273873, 0, 0
195000, 1271779, 0, 0
196000, 1272018, 0, 0
197000, 1274681, 0, 0
198000, 1272811, 0, 0
199000, 1279911, 0, 0
200000, 1273706, 0, 0
201000, 1275822, 0, 0
202000, 1273138, 0, 0
203000, 1276052, 0, 0
204000, 1273677, 0, 0
205000, 1276821, 0, 0
206000, 1274436, 0, 0
207000, 1274704, 0, 0
208000, 1272123, 0, 0
209000, 1275215, 0, 0
210000, 1273650, 0, 0
211000, 1274473, 0, 0
212000, 1276954, 0, 0
213000, 1272273, 0, 0
214000, 1278535, 0, 0
215000, 1275326, 0, 0
216000, 1276671, 0, 0
217000, 1277389, 0, 0
218000, 1274160, 0, 0
219000, 1274174, 0, 0
220000, 1275039, 0, 0
221000, 1274978, 0, 0
222000, 1275821, 0, 0
223000, 1276919, 0, 0
224000, 1273495, 0, 0
225000, 1276040, 0, 0
226000, 1275441, 0, 0
227000, 1276132, 0, 0
228000, 1272854, 0, 0
229000, 1275733, 0, 0
230000, 1276751, 0, 0
231000, 1277059, 0, 0
232000, 1273182, 0, 0
233000, 1276607, 0, 0
234000, 1274354, 0, 0
235000, 1275160, 0, 0
236000, 1271173, 0, 0
237000, 1271931, 0, 0
238000, 1277192, 0, 0
239000, 1275349, 0, 0
240000, 1274033, 0, 0
241000, 1274866, 0, 0
242000, 1271396, 0, 0
243000, 1274793, 0, 0
244000, 1273305, 0, 0
245000, 1276552, 0, 0
246000, 1273956, 0, 0
247000, 1274770, 0, 0
248000, 1278170, 0, 0
249000, 1269771, 0, 0
250000, 1273582, 0, 0
251000, 1273460, 0, 0
252000, 1273431, 0, 0
253000, 1272760, 0, 0
254000, 1276466, 0, 0
255000, 1273711, 0, 0
256000, 1275576, 0, 0
257000, 1276262, 0, 0
258000, 1273173, 0, 0
259000, 1275495, 0, 0
260000, 1273402, 0, 0
261000, 1274611, 0, 0
262000, 1272759, 0, 0
263000, 1276774, 0, 0
264000, 1272673, 0, 0
265000, 1275255, 0, 0
266000, 1274589, 0, 0
267000, 1277963, 0, 0
268000, 1276530, 0, 0
269000, 1274697, 0, 0
270000, 1274526, 0, 0
271000, 1276169, 0, 0
272000, 1272346, 0, 0
273000, 1273667, 0, 0
274000, 1272951, 0, 0
275000, 1273413, 0, 0
276000, 1273822, 0, 0
277000, 1275995, 0, 0
278000, 1275680, 0, 0
279000, 1275099, 0, 0
280000, 1274735, 0, 0
281000, 1273859, 0, 0
282000, 1274180, 0, 0
283000, 1274280, 0, 0
284000, 1273227, 0, 0
285000, 1261977, 0, 0
286000, 1245944, 0, 0
287000, 1245136, 0, 0
288000, 1244793, 0, 0
289000, 1246198, 0, 0
290000, 1248634, 0, 0
291000, 1246040, 0, 0
292000, 1248936, 0, 0
293000, 1242834, 0, 0
294000, 1245343, 0, 0
295000, 1245169, 0, 0
296000, 1244813, 0, 0
297000, 1244486, 0, 0
298000, 1247531, 0, 0
299000, 1243503, 0, 0
300000, 1243781, 0, 0
301000, 1244581, 0, 0
302000, 1243886, 0, 0
303000, 1245608, 0, 0
304000, 1247047, 0, 0
305000, 1243577, 0, 0
306000, 1244149, 0, 0
307000, 1243743, 0, 0
308000, 1242712, 0, 0
309000, 1245105, 0, 0
310000, 1243766, 0, 0
311000, 1247776, 0, 0
312000, 1243808, 0, 0
313000, 1236513, 0, 0
314000, 1244328, 0, 0
315000, 1251211, 0, 0
316000, 1239068, 0, 0
317000, 1242654, 0, 0
318000, 1243197, 0, 0
319000, 1247190, 0, 0
320000, 1239915, 0, 0
321000, 1247869, 0, 0
322000, 1247004, 0, 0
323000, 1248780, 0, 0
324000, 1246129, 0, 0
325000, 1247132, 0, 0
326000, 1250177, 0, 0
327000, 1245682, 0, 0
328000, 1244174, 0, 0
329000, 1247713, 0, 0
330000, 1244088, 0, 0
331000, 1247429, 0, 0
332000, 1242202, 0, 0
333000, 1243542, 0, 0
334000, 1242420, 0, 0
335000, 1244046, 0, 0
336000, 1244156, 0, 0
337000, 1243299, 0, 0
338000, 1240557, 0, 0
339000, 1243116, 0, 0
340000, 1250655, 0, 0
341000, 1246564, 0, 0
342000, 1242084, 0, 0
343000, 1240222, 0, 0
344000, 1246693, 0, 0
345000, 1243930, 0, 0
346000, 1246924, 0, 0
347000, 1250691, 0, 0
348000, 1242641, 0, 0
349000, 1240849, 0, 0
350000, 1239462, 0, 0
351000, 1243349, 0, 0
352000, 1246004, 0, 0
353000, 1244384, 0, 0
354000, 1240780, 0, 0
355000, 1249172, 0, 0
356000, 1250203, 0, 0
357000, 1245572, 0, 0
358000, 1245821, 0, 0
359000, 1245301, 0, 0
360000, 1250734, 0, 0
361000, 1245753, 0, 0
362000, 1250076, 0, 0
363000, 1244371, 0, 0
364000, 1250400, 0, 0
365000, 1245570, 0, 0
366000, 1248023, 0, 0
367000, 1247061, 0, 0
368000, 1243963, 0, 0
369000, 1248199, 0, 0
370000, 1245161, 0, 0
371000, 1246169, 0, 0
372000, 1247994, 0, 0
373000, 1248029, 0, 0
374000, 1245035, 0, 0
375000, 1244495, 0, 0
376000, 1239161, 0, 0
377000, 1242049, 0, 0
378000, 1240487, 0, 0
379000, 1246733, 0, 0
380000, 1243379, 0, 0
381000, 1247423, 0, 0
382000, 1246321, 0, 0
383000, 1248319, 0, 0
384000, 1248873, 0, 0
385000, 1246771, 0, 0
386000, 1245852, 0, 0
387000, 1248696, 0, 0
388000, 1247136, 0, 0
389000, 1250699, 0, 0
390000, 1248187, 0, 0
391000, 1250759, 0, 0
392000, 1244497, 0, 0
393000, 1250298, 0, 0
394000, 1239793, 0, 0
395000, 1249656, 0, 0
396000, 1241260, 0, 0
397000, 1247509, 0, 0
398000, 1248329, 0, 0
399000, 1248539, 0, 0
400000, 1248712, 0, 0
401000, 1250306, 0, 0
402000, 1247761, 0, 0
403000, 1245929, 0, 0
404000, 1247551, 0, 0
405000, 1250292, 0, 0
406000, 1243959, 0, 0
407000, 1249722, 0, 0
408000, 1250003, 0, 0
409000, 1244822, 0, 0
410000, 1238987, 0, 0
411000, 1243611, 0, 0
412000, 1248605, 0, 0
413000, 1247257, 0, 0
414000, 1248502, 0, 0
415000, 1241867, 0, 0
416000, 1247114, 0, 0
417000, 1247847, 0, 0
418000, 1245863, 0, 0
419000, 1251655, 0, 0
420000, 1246795, 0, 0
421000, 1248952, 0, 0
422000, 1251174, 0, 0
423000, 1246374, 0, 0
424000, 1246187, 0, 0
425000, 1246335, 0, 0
426000, 1249363, 0, 0
427000, 1250309, 0, 0
428000, 1246912, 0, 0
429000, 1245359, 0, 0
430000, 1250124, 0, 0
431000, 1248674, 0, 0
432000, 1248115, 0, 0
433000, 1249618, 0, 0
434000, 1251419, 0, 0
435000, 1247507, 0, 0
436000, 1251901, 0, 0
437000, 1249228, 0, 0
438000, 1245853, 0, 0
439000, 1247880, 0, 0
440000, 1247852, 0, 0
441000, 1242091, 0, 0
442000, 1243987, 0, 0
443000, 1247379, 0, 0
444000, 1245446, 0, 0
445000, 1246982, 0, 0
446000, 1247368, 0, 0
447000, 1247061, 0, 0
448000, 1249293, 0, 0
449000, 1247874, 0, 0
450000, 1252613, 0, 0
451000, 1246922, 0, 0
452000, 1253004, 0, 0
453000, 1249286, 0, 0
454000, 1252839, 0, 0
455000, 1244549, 0, 0
456000, 1247292, 0, 0
457000, 1247391, 0, 0
458000, 1252986, 0, 0
459000, 1250422, 0, 0
460000, 1248869, 0, 0
461000, 1249624, 0, 0
462000, 1246094, 0, 0
463000, 1247528, 0, 0
464000, 1248192, 0, 0
465000, 1249213, 0, 0
466000, 1249393, 0, 0
467000, 1249277, 0, 0
468000, 1249636, 0, 0
469000, 1251314, 0, 0
470000, 1254043, 0, 0
471000, 1252199, 0, 0
472000, 1248889, 0, 0
473000, 1248134, 0, 0
474000, 1254885, 0, 0
475000, 1247530, 0, 0
476000, 1247370, 0, 0
477000, 1255721, 0, 0
478000, 1247746, 0, 0
479000, 1252474, 0, 0
480000, 1252876, 0, 0
481000, 1250707, 0, 0
482000, 1252307, 0, 0
483000, 1248150, 0, 0
484000, 1246710, 0, 0
485000, 1248724, 0, 0
486000, 1250540, 0, 0
487000, 1249480, 0, 0
488000, 1248725, 0, 0
489000, 1250358, 0, 0
490000, 1249950, 0, 0
491000, 1244175, 0, 0
492000, 1238643, 0, 0
493000, 1241991, 0, 0
494000, 1247008, 0, 0
495000, 1251788, 0, 0
496000, 1246596, 0, 0
497000, 1243842, 0, 0
498000, 1242927, 0, 0
499000, 1242466, 0, 0
500000, 1245853, 0, 0
501000, 1238023, 0, 0
502000, 1251391, 0, 0
503000, 1250304, 0, 0
504000, 1241677, 0, 0
505000, 1245357, 0, 0
506000, 1248578, 0, 0
507000, 1249051, 0, 0
508000, 1249048, 0, 0
509000, 1254515, 0, 0
510000, 1251506, 0, 0
511000, 1249207, 0, 0
512000, 1249526, 0, 0
513000, 1250185, 0, 0
514000, 1249117, 0, 0
515000, 1246519, 0, 0
516000, 1249557, 0, 0
517000, 1257819, 0, 0
518000, 1249517, 0, 0
519000, 1251313, 0, 0
520000, 1252150, 0, 0
521000, 1246235, 0, 0
522000, 1248764, 0, 0
523000, 1247996, 0, 0
524000, 1249784, 0, 0
525000, 1248396, 0, 0
526000, 1244358, 0, 0
527000, 1243845, 0, 0
528000, 1238709, 0, 0
529000, 1251372, 0, 0
530000, 1250434, 0, 0
531000, 1251174, 0, 0
532000, 1249521, 0, 0
533000, 1245407, 0, 0
534000, 1246087, 0, 0
535000, 1251382, 0, 0
536000, 1253948, 0, 0
537000, 1253328, 0, 0
538000, 1251372, 0, 0
539000, 1251547, 0, 0
540000, 1251345, 0, 0
541000, 1250199, 0, 0
542000, 1252957, 0, 0
543000, 1247825, 0, 0
544000, 1250971, 0, 0
545000, 1250743, 0, 0
546000, 1257546, 0, 0
547000, 1252014, 0, 0
548000, 1247717, 0, 0
549000, 1242888, 0, 0
550000, 1241682, 0, 0
551000, 1251428, 0, 0
552000, 1250529, 0, 0
553000, 1253122, 0, 0
554000, 1247548, 0, 0
555000, 1244517, 0, 0
556000, 1243198, 0, 0
557000, 1251267, 0, 0
558000, 1254031, 0, 0
559000, 1247618, 0, 0
560000, 1252239, 0, 0
561000, 1251133, 0, 0
562000, 1254743, 0, 0
563000, 1249538, 0, 0
564000, 1250392, 0, 0
565000, 1254303, 0, 0
566000, 1250451, 0, 0
567000, 1251093, 0, 0
568000, 1250406, 0, 0
569000, 1250214, 0, 0
570000, 1251561, 0, 0
571000, 1252177, 0, 0
572000, 1257068, 0, 0
573000, 1253310, 0, 0
574000, 1254302, 0, 0
575000, 1251074, 0, 0
576000, 1254662, 0, 0
577000, 1249107, 0, 0
578000, 1249181, 0, 0
579000, 1249890, 0, 0
580000, 1250769, 0, 0
581000, 1249465, 0, 0
582000, 1248803, 0, 0
583000, 1248387, 0, 0
584000, 1254263, 0, 0
585000, 1253733, 0, 0
586000, 1249331, 0, 0
587000, 1254006, 0, 0
588000, 1250623, 0, 0
589000, 1254671, 0, 0
590000, 1249967, 0, 0
591000, 1251069, 0, 0
592000, 1249563, 0, 0
593000, 1254778, 0, 0
594000, 1255108, 0, 0
595000, 1254375, 0, 0
596000, 1250584, 0, 0
597000, 1252883, 0, 0
598000, 1252924, 0, 0
599000, 1251661, 0, 0
600000, 1254444, 0, 0
600001, 1907493, 0, 0
