1016, 6592890, 0, 0
2040, 7057205, 0, 0
3053, 6979158, 0, 0
4009, 7407336, 0, 0
5043, 7073810, 0, 0
6045, 6858127, 0, 0
7011, 7541656, 0, 0
8027, 6953383, 0, 0
9043, 6951280, 0, 0
10001, 6989723, 0, 0
11000, 6396934, 0, 0
12034, 7074039, 0, 0
13010, 7065519, 0, 0
14002, 6976004, 0, 0
15018, 6952911, 0, 0
16051, 7069538, 0, 0
17051, 6840998, 0, 0
18054, 7709318, 0, 0
19043, 6772925, 0, 0
20027, 7118078, 0, 0
21030, 6867389, 0, 0
22040, 6859800, 0, 0
23048, 6855085, 0, 0
24033, 6788794, 0, 0
25049, 6904424, 0, 0
26041, 6647405, 0, 0
27048, 6753277, 0, 0
28039, 7121584, 0, 0
29010, 6931780, 0, 0
30032, 6805404, 0, 0
31049, 6865186, 0, 0
32018, 6815768, 0, 0
33003, 6791666, 0, 0
34035, 6916170, 0, 0
35058, 6816948, 0, 0
36048, 6724903, 0, 0
37018, 6594154, 0, 0
38004, 6839644, 0, 0
39045, 6983545, 0, 0
40008, 6587983, 0, 0
41020, 6607962, 0, 0
42001, 6953453, 0, 0
43048, 6417297, 0, 0
44014, 6604719, 0, 0
45038, 6685567, 0, 0
46036, 7026960, 0, 0
47022, 6788258, 0, 0
48022, 6844330, 0, 0
49024, 6633779, 0, 0
50014, 6376396, 0, 0
51055, 6799559, 0, 0
52025, 7022912, 0, 0
53041, 6719472, 0, 0
54038, 6778056, 0, 0
55047, 6546758, 0, 0
56015, 6860849, 0, 0
57019, 6731355, 0, 0
58024, 6558740, 0, 0
59009, 6514942, 0, 0
60044, 6504390, 0, 0
61021, 6778472, 0, 0
62027, 6566422, 0, 0
63026, 6238919, 0, 0
64032, 6280505, 0, 0
65053, 6378482, 0, 0
66054, 6709149, 0, 0
67042, 6090976, 0, 0
68004, 6584656, 0, 0
69040, 6428687, 0, 0
70040, 6402539, 0, 0
71051, 6013371, 0, 0
72007, 6320547, 0, 0
73002, 7005509, 0, 0
74029, 6531124, 0, 0
75036, 6099491, 0, 0
76064, 6584804, 0, 0
77032, 6361519, 0, 0
78027, 6668614, 0, 0
79006, 6390741, 0, 0
80044, 6400856, 0, 0
81023, 6607829, 0, 0
82054, 6482646, 0, 0
83011, 6459556, 0, 0
84024, 6322467, 0, 0
85029, 6355263, 0, 0
86027, 5829793, 0, 0
87024, 6148995, 0, 0
88005, 6048752, 0, 0
89019, 6330755, 0, 0
90025, 6742660, 0, 0
91038, 6368427, 0, 0
92027, 6375243, 0, 0
93045, 6233705, 0, 0
94005, 6351804, 0, 0
95025, 5859285, 0, 0
96020, 6367203, 0, 0
97040, 5996839, 0, 0
98000, 6070921, 0, 0
99027, 6179392, 0, 0
100030, 5959429, 0, 0
101021, 6231011, 0, 0
102017, 5920040, 0, 0
103045, 6221484, 0, 0
104049, 6268906, 0, 0
105039, 5926228, 0, 0
106040, 6018759, 0, 0
107043, 6109702, 0, 0
108045, 6182544, 0, 0
109011, 6033696, 0, 0
110000, 6135907, 0, 0
111037, 6432945, 0, 0
112019, 6246063, 0, 0
113018, 5802757, 0, 0
114012, 6166496, 0, 0
115016, 6192533, 0, 0
116041, 5686881, 0, 0
117024, 5987011, 0, 0
118039, 5826515, 0, 0
119033, 6405008, 0, 0
120033, 6095375, 0, 0
121041, 5849903, 0, 0
122038, 5599681, 0, 0
123041, 6068806, 0, 0
124025, 6224476, 0, 0
125013, 6126646, 0, 0
126018, 6124749, 0, 0
127016, 5539174, 0, 0
128006, 5845745, 0, 0
129051, 5612754, 0, 0
130045, 5844414, 0, 0
131049, 5730331, 0, 0
132029, 5526735, 0, 0
133031, 5502431, 0, 0
134007, 6328406, 0, 0
135020, 5717943, 0, 0
136044, 5652468, 0, 0
137037, 5831913, 0, 0
138018, 6047252, 0, 0
139021, 6004090, 0, 0
140019, 5242517, 0, 0
141038, 6024541, 0, 0
142031, 5943788, 0, 0
143013, 5631898, 0, 0
144055, 5885933, 0, 0
145050, 5644818, 0, 0
146030, 5824891, 0, 0
147037, 5686009, 0, 0
148037, 5454740, 0, 0
149041, 5634094, 0, 0
150034, 5732755, 0, 0
151044, 5543468, 0, 0
152046, 5562082, 0, 0
153015, 5973349, 0, 0
154051, 5628197, 0, 0
155050, 5902221, 0, 0
156038, 5770476, 0, 0
157032, 5519091, 0, 0
158045, 5912141, 0, 0
159004, 5771443, 0, 0
160003, 5118702, 0, 0
161052, 5571459, 0, 0
162000, 5570444, 0, 0
163000, 5458572, 0, 0
164027, 5516339, 0, 0
165021, 5873614, 0, 0
166021, 5876628, 0, 0
167008, 5298981, 0, 0
168047, 5519643, 0, 0
169011, 5377191, 0, 0
170024, 5815956, 0, 0
171021, 5187038, 0, 0
172016, 5885882, 0, 0
173042, 5281395, 0, 0
174044, 5587623, 0, 0
175022, 4835790, 0, 0
176047, 5625609, 0, 0
177056, 5065440, 0, 0
178006, 5390708, 0, 0
179026, 5389250, 0, 0
180051, 5476789, 0, 0
181022, 5156873, 0, 0
182011, 5883864, 0, 0
183015, 5362793, 0, 0
184015, 5066432, 0, 0
185004, 5227364, 0, 0
186029, 5390385, 0, 0
187010, 5293938, 0, 0
188035, 5419692, 0, 0
189039, 5039209, 0, 0
190053, 5163775, 0, 0
191045, 4954331, 0, 0
192056, 4902079, 0, 0
193050, 4723653, 0, 0
194029, 5258714, 0, 0
195001, 5082927, 0, 0
196036, 5043817, 0, 0
197037, 5261525, 0, 0
198025, 5036260, 0, 0
199057, 5149840, 0, 0
200010, 5565931, 0, 0
201000, 5433518, 0, 0
202026, 5449508, 0, 0
203005, 5465338, 0, 0
204029, 4800275, 0, 0
205062, 5374680, 0, 0
206002, 5333319, 0, 0
207035, 5034830, 0, 0
208020, 5016909, 0, 0
209009, 4748503, 0, 0
210022, 5217997, 0, 0
211029, 4974903, 0, 0
212020, 5001074, 0, 0
213028, 5163089, 0, 0
214015, 5270615, 0, 0
215011, 4690404, 0, 0
216047, 4882914, 0, 0
217041, 5062959, 0, 0
218016, 5070091, 0, 0
219050, 5440157, 0, 0
220050, 4870228, 0, 0
221045, 5285996, 0, 0
222006, 4895065, 0, 0
223048, 5051876, 0, 0
224024, 4946743, 0, 0
225007, 5278536, 0, 0
226010, 5273503, 0, 0
227035, 5070067, 0, 0
228015, 4991738, 0, 0
229036, 4996878, 0, 0
230008, 4927313, 0, 0
231011, 4795094, 0, 0
232005, 5368512, 0, 0
233046, 4459131, 0, 0
234025, 5374183, 0, 0
235041, 4925075, 0, 0
236017, 4532817, 0, 0
237005, 4835787, 0, 0
238046, 4770096, 0, 0
239042, 4824551, 0, 0
240049, 4838405, 0, 0
241015, 4547109, 0, 0
242026, 5100051, 0, 0
243009, 4885321, 0, 0
244043, 5267352, 0, 0
245003, 4523519, 0, 0
246020, 4636145, 0, 0
247046, 4636828, 0, 0
248026, 5323578, 0, 0
249039, 5265458, 0, 0
250028, 5402820, 0, 0
251029, 4197036, 0, 0
252033, 5279137, 0, 0
253005, 5028150, 0, 0
254019, 4602968, 0, 0
255027, 5161989, 0, 0
256016, 4794359, 0, 0
257018, 4857169, 0, 0
258025, 4510215, 0, 0
259011, 4556615, 0, 0
260040, 4629547, 0, 0
261041, 4166468, 0, 0
262038, 4975250, 0, 0
263014, 4801987, 0, 0
264053, 4849974, 0, 0
265019, 4639290, 0, 0
266035, 4487281, 0, 0
267014, 4862596, 0, 0
268021, 4595260, 0, 0
269047, 4853764, 0, 0
270017, 4287751, 0, 0
271031, 4479608, 0, 0
272049, 4498779, 0, 0
273010, 5025173, 0, 0
274000, 4432129, 0, 0
275000, 4284878, 0, 0
276007, 4036345, 0, 0
277053, 4063958, 0, 0
278003, 4745356, 0, 0
279012, 4436912, 0, 0
280027, 4136623, 0, 0
281041, 4274533, 0, 0
282006, 4377173, 0, 0
283020, 4345658, 0, 0
284050, 4698671, 0, 0
285036, 4780665, 0, 0
286001, 4675854, 0, 0
287022, 4615816, 0, 0
288013, 4478030, 0, 0
289008, 4706332, 0, 0
290027, 4483817, 0, 0
291002, 4383699, 0, 0
292011, 4400227, 0, 0
293037, 4217728, 0, 0
294050, 4144248, 0, 0
295004, 4160696, 0, 0
296033, 3905958, 0, 0
297030, 4385706, 0, 0
298004, 4264511, 0, 0
299028, 4123864, 0, 0
300035, 4172657, 0, 0
301040, 4216940, 0, 0
302010, 4359377, 0, 0
303000, 4156375, 0, 0
304049, 4172377, 0, 0
305000, 4277139, 0, 0
306004, 4212583, 0, 0
307059, 4131069, 0, 0
308032, 3980923, 0, 0
309008, 4664147, 0, 0
310019, 3780065, 0, 0
311026, 3683903, 0, 0
312031, 4341679, 0, 0
313003, 3897261, 0, 0
314002, 3958924, 0, 0
315026, 4225451, 0, 0
316020, 4115748, 0, 0
317000, 3976840, 0, 0
318053, 4109015, 0, 0
319006, 4050721, 0, 0
320049, 3987464, 0, 0
321010, 3664253, 0, 0
322056, 4226379, 0, 0
323018, 3951172, 0, 0
324046, 3916427, 0, 0
325034, 3808520, 0, 0
326020, 3941154, 0, 0
327037, 4195335, 0, 0
328008, 3878528, 0, 0
329040, 4010125, 0, 0
330008, 4164814, 0, 0
331025, 4318936, 0, 0
332053, 3818906, 0, 0
333014, 3962001, 0, 0
334030, 3703617, 0, 0
335059, 3875568, 0, 0
336019, 4045041, 0, 0
337048, 3693956, 0, 0
338023, 3729543, 0, 0
339006, 3568391, 0, 0
340040, 3584248, 0, 0
341039, 3928756, 0, 0
342003, 4113923, 0, 0
343014, 3709817, 0, 0
344053, 4324846, 0, 0
345029, 3439882, 0, 0
346049, 3549789, 0, 0
347042, 4270437, 0, 0
348020, 3742298, 0, 0
349012, 3885024, 0, 0
350002, 3503631, 0, 0
351048, 3826219, 0, 0
352031, 3703391, 0, 0
353048, 4178590, 0, 0
354041, 4256119, 0, 0
355038, 3540569, 0, 0
356023, 4031492, 0, 0
357009, 3686355, 0, 0
358035, 3710158, 0, 0
359032, 3786394, 0, 0
360013, 3533019, 0, 0
361027, 3468583, 0, 0
362025, 3329925, 0, 0
363029, 3409716, 0, 0
364053, 3547035, 0, 0
365033, 3306531, 0, 0
366024, 3609428, 0, 0
367046, 3738124, 0, 0
368048, 3761586, 0, 0
369021, 4261331, 0, 0
370048, 3942240, 0, 0
371030, 3258028, 0, 0
372039, 3290301, 0, 0
373005, 2922392, 0, 0
374004, 3792478, 0, 0
375006, 3533922, 0, 0
376004, 3505594, 0, 0
377026, 3324498, 0, 0
378052, 3984392, 0, 0
379051, 3136113, 0, 0
380037, 3618205, 0, 0
381054, 3525702, 0, 0
382029, 3319585, 0, 0
383045, 3294708, 0, 0
384000, 3692119, 0, 0
385050, 3029747, 0, 0
386000, 2998314, 0, 0
387040, 3581604, 0, 0
388043, 3147144, 0, 0
389011, 3488131, 0, 0
390042, 3454518, 0, 0
391047, 3278283, 0, 0
392038, 3211789, 0, 0
393000, 2979199, 0, 0
394030, 3837635, 0, 0
395000, 3122562, 0, 0
396034, 3686912, 0, 0
397006, 2861200, 0, 0
398006, 3395002, 0, 0
399013, 3477930, 0, 0
400019, 3294295, 0, 0
401000, 3397624, 0, 0
402031, 3386390, 0, 0
403022, 3285533, 0, 0
404033, 3752208, 0, 0
405010, 3285080, 0, 0
406010, 3136276, 0, 0
407019, 3088690, 0, 0
408013, 3331995, 0, 0
409043, 3403536, 0, 0
410013, 3184242, 0, 0
411051, 3099648, 0, 0
412039, 3331569, 0, 0
413051, 3177041, 0, 0
414010, 2952401, 0, 0
415000, 3218920, 0, 0
416000, 2995495, 0, 0
417012, 3313511, 0, 0
418033, 3214053, 0, 0
419010, 3125917, 0, 0
420033, 3582154, 0, 0
421030, 2859497, 0, 0
422012, 3032660, 0, 0
423035, 2942334, 0, 0
424042, 3272708, 0, 0
425033, 3288416, 0, 0
426018, 3169123, 0, 0
427026, 3366037, 0, 0
428037, 2866745, 0, 0
429035, 3530361, 0, 0
430000, 2840041, 0, 0
431047, 3328349, 0, 0
432029, 2865205, 0, 0
433016, 2713961, 0, 0
434001, 2996123, 0, 0
435037, 2889197, 0, 0
436054, 2747805, 0, 0
437026, 2985838, 0, 0
438035, 3024946, 0, 0
439021, 2658639, 0, 0
440035, 3012165, 0, 0
441006, 2595998, 0, 0
442031, 2333492, 0, 0
443047, 2896494, 0, 0
444014, 3083767, 0, 0
445022, 2825898, 0, 0
446016, 3200263, 0, 0
447037, 2813789, 0, 0
448032, 2781264, 0, 0
449040, 3032016, 0, 0
450042, 2621284, 0, 0
451045, 2697354, 0, 0
452007, 2850504, 0, 0
453006, 3310301, 0, 0
454003, 2610835, 0, 0
455049, 2992033, 0, 0
456024, 2756793, 0, 0
457000, 2881291, 0, 0
458024, 2789790, 0, 0
459042, 2552949, 0, 0
460043, 2692528, 0, 0
461005, 3096508, 0, 0
462023, 2877966, 0, 0
463024, 2936918, 0, 0
464017, 2824577, 0, 0
465025, 2825000, 0, 0
466029, 2333081, 0, 0
467033, 2610477, 0, 0
468021, 3158037, 0, 0
469032, 2668109, 0, 0
470047, 2519955, 0, 0
471030, 2700636, 0, 0
472036, 2758732, 0, 0
473047, 2497554, 0, 0
474029, 2704438, 0, 0
475031, 2530762, 0, 0
476051, 2617869, 0, 0
477011, 2682090, 0, 0
478000, 2629696, 0, 0
479013, 2808989, 0, 0
480051, 2419883, 0, 0
481048, 2114588, 0, 0
482035, 2362427, 0, 0
483042, 2751940, 0, 0
484004, 2205602, 0, 0
485004, 2380472, 0, 0
486046, 2961195, 0, 0
487045, 2339997, 0, 0
488000, 2601900, 0, 0
489000, 2788671, 0, 0
490024, 2342831, 0, 0
491022, 2433784, 0, 0
492019, 2429946, 0, 0
493015, 2187703, 0, 0
494028, 2785691, 0, 0
495016, 2573675, 0, 0
496033, 2608746, 0, 0
497034, 2349015, 0, 0
498011, 2109477, 0, 0
499055, 2302614, 0, 0
500018, 2388932, 0, 0
501021, 2234447, 0, 0
502013, 2218650, 0, 0
503039, 2372894, 0, 0
504049, 2440594, 0, 0
505021, 2323660, 0, 0
506014, 2201176, 0, 0
507005, 1945249, 0, 0
508039, 2353030, 0, 0
509059, 2184269, 0, 0
510024, 2306719, 0, 0
511023, 2203385, 0, 0
512046, 2331218, 0, 0
513046, 2302115, 0, 0
514039, 2101524, 0, 0
515054, 2383843, 0, 0
516003, 2242636, 0, 0
517007, 2038309, 0, 0
518003, 2237488, 0, 0
519034, 2205422, 0, 0
520055, 2380120, 0, 0
521014, 2144495, 0, 0
522011, 2080087, 0, 0
523010, 1991942, 0, 0
524020, 1986147, 0, 0
525036, 2009770, 0, 0
526001, 2318711, 0, 0
527017, 2160553, 0, 0
528054, 2131296, 0, 0
529025, 1914018, 0, 0
530014, 2181191, 0, 0
531054, 2165669, 0, 0
532001, 1813739, 0, 0
533002, 1989173, 0, 0
534051, 2193143, 0, 0
535017, 1857778, 0, 0
536037, 1875835, 0, 0
537031, 2006330, 0, 0
538007, 1815800, 0, 0
539038, 1776694, 0, 0
540000, 2102585, 0, 0
541006, 1821583, 0, 0
542049, 1950007, 0, 0
543032, 2164789, 0, 0
544041, 1800705, 0, 0
545041, 1742294, 0, 0
546017, 2217529, 0, 0
547049, 2125126, 0, 0
548007, 1946085, 0, 0
549047, 1673374, 0, 0
550023, 2186730, 0, 0
551000, 1924754, 0, 0
552050, 1927974, 0, 0
553054, 1834229, 0, 0
554033, 1865908, 0, 0
555059, 1746840, 0, 0
556037, 1662681, 0, 0
557050, 1973932, 0, 0
558014, 1633156, 0, 0
559026, 1491373, 0, 0
560003, 1647167, 0, 0
561006, 1593177, 0, 0
562047, 1615175, 0, 0
563010, 1946983, 0, 0
564035, 1774319, 0, 0
565005, 1841230, 0, 0
566005, 1705584, 0, 0
567019, 2058789, 0, 0
568024, 1496420, 0, 0
569012, 1619754, 0, 0
570048, 1670218, 0, 0
571032, 1480602, 0, 0
572050, 1559356, 0, 0
573050, 1406646, 0, 0
574003, 1756618, 0, 0
575027, 1943096, 0, 0
576031, 2094952, 0, 0
577021, 1669626, 0, 0
578124, 1967376, 0, 0
579027, 1785057, 0, 0
580038, 1347979, 0, 0
581028, 1460986, 0, 0
582041, 1515070, 0, 0
583010, 1630064, 0, 0
584033, 1668256, 0, 0
585002, 1505309, 0, 0
586039, 1507939, 0, 0
587036, 1436061, 0, 0
588013, 1559414, 0, 0
589008, 1523432, 0, 0
590001, 1745290, 0, 0
591038, 1406300, 0, 0
592029, 1478042, 0, 0
593015, 1514827, 0, 0
594048, 1541087, 0, 0
595027, 1308896, 0, 0
596001, 1489362, 0, 0
597010, 1443348, 0, 0
598022, 1493683, 0, 0
599010, 1392503, 0, 0
600020, 1306392, 0, 0
601002, 1244718, 0, 0
602016, 1544035, 0, 0
603037, 1453428, 0, 0
604039, 1297765, 0, 0
605048, 1515712, 0, 0
606050, 1089070, 0, 0
607036, 1373866, 0, 0
608048, 1386428, 0, 0
609013, 1439086, 0, 0
610010, 1241951, 0, 0
611025, 1249059, 0, 0
612008, 1411078, 0, 0
613030, 1501160, 0, 0
614028, 1419921, 0, 0
615017, 1296379, 0, 0
616038, 1197269, 0, 0
617026, 1381092, 0, 0
618027, 1189178, 0, 0
619024, 1546375, 0, 0
620025, 1397892, 0, 0
621057, 1236162, 0, 0
622002, 1472362, 0, 0
623025, 1203233, 0, 0
624039, 1300438, 0, 0
625017, 1465655, 0, 0
626009, 1424083, 0, 0
627021, 1256728, 0, 0
628044, 1276606, 0, 0
629041, 1246048, 0, 0
630045, 1499496, 0, 0
631053, 1386372, 0, 0
632006, 1397929, 0, 0
633008, 1494660, 0, 0
634013, 1402081, 0, 0
635046, 1448461, 0, 0
636026, 1315181, 0, 0
637004, 1299816, 0, 0
638016, 1293772, 0, 0
639000, 1324649, 0, 0
640008, 1240382, 0, 0
641003, 1300440, 0, 0
642015, 1205777, 0, 0
643030, 1384828, 0, 0
644041, 1483998, 0, 0
645009, 1331470, 0, 0
646017, 1246217, 0, 0
647029, 1203222, 0, 0
648011, 1232869, 0, 0
649047, 1187103, 0, 0
650022, 1202253, 0, 0
651016, 1554142, 0, 0
652052, 1303294, 0, 0
653000, 1155434, 0, 0
654032, 1311548, 0, 0
655044, 1061833, 0, 0
656039, 1314502, 0, 0
657032, 1141969, 0, 0
658056, 1262336, 0, 0
659051, 1486613, 0, 0
660054, 1313913, 0, 0
661023, 1302946, 0, 0
662012, 1282194, 0, 0
663047, 1222512, 0, 0
664021, 1307403, 0, 0
665026, 1470535, 0, 0
666011, 1245547, 0, 0
667019, 1289143, 0, 0
668000, 1188858, 0, 0
669014, 1152419, 0, 0
670040, 1158724, 0, 0
671009, 1014563, 0, 0
672017, 1165605, 0, 0
673040, 1308766, 0, 0
674057, 1280089, 0, 0
675008, 1263754, 0, 0
676023, 1090073, 0, 0
677042, 1124276, 0, 0
678031, 1086879, 0, 0
679025, 1362402, 0, 0
680008, 1121369, 0, 0
681016, 1052032, 0, 0
682043, 1276350, 0, 0
683013, 1051189, 0, 0
684004, 1273841, 0, 0
685035, 1124395, 0, 0
686024, 1091701, 0, 0
687027, 1122150, 0, 0
688003, 1153913, 0, 0
689029, 969148, 0, 0
690023, 1138390, 0, 0
691000, 968391, 0, 0
692039, 1001247, 0, 0
693027, 1170329, 0, 0
694042, 896729, 0, 0
695011, 904573, 0, 0
696012, 1153921, 0, 0
697051, 859764, 0, 0
698009, 1026061, 0, 0
699023, 917510, 0, 0
700058, 851117, 0, 0
701036, 900237, 0, 0
702037, 648784, 0, 0
703019, 1076917, 0, 0
704049, 1036737, 0, 0
705034, 944778, 0, 0
706020, 882405, 0, 0
707044, 830063, 0, 0
708042, 807376, 0, 0
709043, 871819, 0, 0
710024, 784007, 0, 0
711017, 1027970, 0, 0
712020, 887653, 0, 0
713036, 874905, 0, 0
714033, 791956, 0, 0
715037, 806902, 0, 0
716006, 755793, 0, 0
717033, 743128, 0, 0
718026, 850785, 0, 0
719062, 918044, 0, 0
720038, 836868, 0, 0
721047, 789522, 0, 0
722029, 719509, 0, 0
723016, 744202, 0, 0
724015, 819403, 0, 0
725071, 745926, 0, 0
726031, 629647, 0, 0
727045, 825232, 0, 0
728039, 714723, 0, 0
729008, 701266, 0, 0
730092, 695119, 0, 0
731075, 784015, 0, 0
732032, 555448, 0, 0
733000, 622079, 0, 0
734008, 594472, 0, 0
735028, 558272, 0, 0
736046, 653199, 0, 0
737015, 533417, 0, 0
738008, 628118, 0, 0
739000, 441827, 0, 0
740050, 744184, 0, 0
741003, 643450, 0, 0
742036, 560727, 0, 0
743058, 484084, 0, 0
744037, 500450, 0, 0
745019, 565104, 0, 0
746038, 536203, 0, 0
747025, 513557, 0, 0
748048, 502680, 0, 0
749000, 467412, 0, 0
750014, 487470, 0, 0
751029, 508223, 0, 0
752036, 497878, 0, 0
753020, 439144, 0, 0
754011, 343614, 0, 0
755002, 371128, 0, 0
756000, 473295, 0, 0
757006, 427996, 0, 0
758027, 422403, 0, 0
759021, 467787, 0, 0
760023, 365480, 0, 0
761002, 358609, 0, 0
762049, 354730, 0, 0
763045, 341817, 0, 0
764021, 301713, 0, 0
765068, 378954, 0, 0
766024, 300003, 0, 0
767024, 265561, 0, 0
768012, 251280, 0, 0
769078, 296804, 0, 0
770025, 297083, 0, 0
771037, 271906, 0, 0
772002, 310180, 0, 0
773002, 368065, 0, 0
774031, 267320, 0, 0
775025, 251039, 0, 0
776018, 236067, 0, 0
777040, 256889, 0, 0
778041, 186203, 0, 0
779009, 188339, 0, 0
780001, 199961, 0, 0
781029, 168182, 0, 0
782033, 121553, 0, 0
783000, 190688, 0, 0
784047, 174240, 0, 0
785041, 115297, 0, 0
786042, 159107, 0, 0
787036, 177032, 0, 0
788001, 125320, 0, 0
789007, 96107, 0, 0
790043, 86974, 0, 0
791038, 88644, 0, 0
792029, 94514, 0, 0
793029, 51018, 0, 0
794012, 44745, 0, 0
795007, 40127, 0, 0
796013, 44586, 0, 0
797000, 24494, 0, 0
798000, 13169, 0, 0
799000, 8125, 0, 0
800000, 7721, 0, 0
801000, 7666, 0, 0
802000, 7796, 0, 0
803000, 7722, 0, 0
804000, 7774, 0, 0
805000, 7741, 0, 0
806000, 7715, 0, 0
807000, 7819, 0, 0
808000, 7715, 0, 0
809000, 7726, 0, 0
810000, 7745, 0, 0
811000, 7742, 0, 0
812000, 7729, 0, 0
813000, 7725, 0, 0
814000, 7756, 0, 0
815000, 7723, 0, 0
816000, 7683, 0, 0
817000, 7761, 0, 0
818000, 7725, 0, 0
819000, 7714, 0, 0
820000, 7732, 0, 0
821000, 7750, 0, 0
822000, 7720, 0, 0
823000, 7727, 0, 0
824000, 7787, 0, 0
825000, 7728, 0, 0
826000, 7750, 0, 0
827000, 7774, 0, 0
828000, 7811, 0, 0
829000, 7761, 0, 0
830000, 7777, 0, 0
831000, 7757, 0, 0
832000, 7760, 0, 0
833000, 10581, 0, 0
834000, 7773, 0, 0
835000, 7715, 0, 0
836000, 7695, 0, 0
837000, 7677, 0, 0
838000, 7744, 0, 0
839000, 7699, 0, 0
840000, 7698, 0, 0
841000, 7711, 0, 0
842000, 7734, 0, 0
843000, 7706, 0, 0
844000, 7738, 0, 0
845000, 7777, 0, 0
846000, 7774, 0, 0
847000, 7776, 0, 0
848000, 7780, 0, 0
849000, 7751, 0, 0
850000, 7776, 0, 0
851000, 7786, 0, 0
852000, 7780, 0, 0
853000, 7843, 0, 0
854000, 7815, 0, 0
855000, 7767, 0, 0
856000, 7775, 0, 0
857000, 7830, 0, 0
858000, 7725, 0, 0
859000, 7765, 0, 0
860000, 7794, 0, 0
861000, 7800, 0, 0
862000, 7738, 0, 0
863000, 7743, 0, 0
864000, 7823, 0, 0
865000, 7783, 0, 0
866000, 7739, 0, 0
867000, 7705, 0, 0
868000, 7741, 0, 0
869000, 7759, 0, 0
870000, 7736, 0, 0
871000, 7726, 0, 0
872000, 7739, 0, 0
873000, 7793, 0, 0
874000, 7960, 0, 0
875000, 7712, 0, 0
876000, 7755, 0, 0
877000, 7755, 0, 0
878000, 7697, 0, 0
879000, 7697, 0, 0
880000, 7725, 0, 0
881000, 7781, 0, 0
882000, 7711, 0, 0
883000, 7758, 0, 0
884000, 7685, 0, 0
885000, 7706, 0, 0
886000, 7708, 0, 0
887000, 7713, 0, 0
888000, 7746, 0, 0
889000, 7781, 0, 0
890000, 7699, 0, 0
891000, 9125, 0, 0
892000, 8755, 0, 0
893000, 7739, 0, 0
894000, 7752, 0, 0
895000, 7789, 0, 0
896000, 7753, 0, 0
897000, 7720, 0, 0
898000, 7724, 0, 0
899000, 7759, 0, 0
900000, 7761, 0, 0
901000, 7757, 0, 0
902000, 7815, 0, 0
903000, 7765, 0, 0
904000, 7765, 0, 0
905000, 7798, 0, 0
906000, 7788, 0, 0
907000, 7761, 0, 0
908000, 7725, 0, 0
909000, 7738, 0, 0
910000, 7735, 0, 0
911000, 7773, 0, 0
912000, 7751, 0, 0
913000, 7739, 0, 0
914000, 7731, 0, 0
915000, 7734, 0, 0
916000, 7715, 0, 0
917000, 7717, 0, 0
918000, 7743, 0, 0
919000, 7752, 0, 0
920000, 7693, 0, 0
921000, 7712, 0, 0
922000, 7687, 0, 0
923000, 7715, 0, 0
924000, 7788, 0, 0
925000, 7738, 0, 0
926000, 7749, 0, 0
927000, 7750, 0, 0
928000, 7728, 0, 0
929000, 7763, 0, 0
930000, 7772, 0, 0
931000, 7770, 0, 0
932000, 7751, 0, 0
933000, 7761, 0, 0
934000, 7796, 0, 0
935000, 7795, 0, 0
936000, 7796, 0, 0
937000, 7801, 0, 0
938000, 7735, 0, 0
939000, 7768, 0, 0
940000, 7740, 0, 0
941000, 7755, 0, 0
942000, 7736, 0, 0
943000, 7758, 0, 0
944000, 7752, 0, 0
945000, 7767, 0, 0
946000, 7784, 0, 0
947000, 7733, 0, 0
948000, 7754, 0, 0
949000, 7898, 0, 0
950000, 10743, 0, 0
951000, 7734, 0, 0
952000, 7737, 0, 0
953000, 7697, 0, 0
954000, 7719, 0, 0
955000, 7669, 0, 0
956000, 7732, 0, 0
957000, 7792, 0, 0
958000, 7724, 0, 0
959000, 7716, 0, 0
960000, 7693, 0, 0
961000, 7720, 0, 0
962000, 7719, 0, 0
963000, 7680, 0, 0
964000, 7685, 0, 0
965000, 7696, 0, 0
966000, 7675, 0, 0
967000, 7701, 0, 0
968000, 7692, 0, 0
969000, 7677, 0, 0
970000, 7676, 0, 0
971000, 7755, 0, 0
972000, 7724, 0, 0
973000, 7719, 0, 0
974000, 7763, 0, 0
975000, 7725, 0, 0
976000, 7828, 0, 0
977000, 7734, 0, 0
978000, 7718, 0, 0
979000, 7751, 0, 0
980000, 7720, 0, 0
981000, 7747, 0, 0
982000, 7722, 0, 0
983000, 7710, 0, 0
984000, 7713, 0, 0
985000, 7690, 0, 0
986000, 7632, 0, 0
987000, 7682, 0, 0
988000, 7658, 0, 0
989000, 7651, 0, 0
990000, 7663, 0, 0
991000, 7677, 0, 0
992000, 7630, 0, 0
993000, 7650, 0, 0
994000, 7713, 0, 0
995000, 7734, 0, 0
996000, 7691, 0, 0
997000, 7701, 0, 0
998000, 7691, 0, 0
999000, 7707, 0, 0
1000000, 7695, 0, 0
1001000, 7776, 0, 0
1002000, 7735, 0, 0
1003000, 7783, 0, 0
1004000, 7714, 0, 0
1005000, 7688, 0, 0
1006000, 7747, 0, 0
1007000, 7708, 0, 0
1008000, 7698, 0, 0
1009000, 10771, 0, 0
1010000, 7773, 0, 0
1011000, 7669, 0, 0
1012000, 7682, 0, 0
1013000, 7682, 0, 0
1014000, 7725, 0, 0
1015000, 7763, 0, 0
1016000, 7729, 0, 0
1017000, 7665, 0, 0
1018000, 7692, 0, 0
1019000, 7684, 0, 0
1020000, 7693, 0, 0
1021000, 7725, 0, 0
1022000, 7703, 0, 0
1023000, 7687, 0, 0
1024000, 7728, 0, 0
1025000, 7736, 0, 0
1026000, 7690, 0, 0
1027000, 7690, 0, 0
1028000, 7726, 0, 0
1029000, 7713, 0, 0
1030000, 7710, 0, 0
1031000, 7714, 0, 0
1032000, 7728, 0, 0
1033000, 7750, 0, 0
1034000, 7732, 0, 0
1035000, 7748, 0, 0
1036000, 7739, 0, 0
1037000, 7758, 0, 0
1038000, 7747, 0, 0
1039000, 7797, 0, 0
1040000, 7802, 0, 0
1041000, 7796, 0, 0
1042000, 7817, 0, 0
1043000, 7805, 0, 0
1044000, 7867, 0, 0
1045000, 8180, 0, 0
1046000, 7971, 0, 0
1047000, 7925, 0, 0
1048000, 7969, 0, 0
1049000, 8059, 0, 0
1050000, 8093, 0, 0
1051000, 8333, 0, 0
1052000, 8362, 0, 0
1053000, 8288, 0, 0
1054000, 8466, 0, 0
1055000, 8258, 0, 0
1056000, 8264, 0, 0
1057000, 8145, 0, 0
1058000, 8239, 0, 0
1059000, 8168, 0, 0
1060000, 8200, 0, 0
1061000, 8005, 0, 0
1062000, 8131, 0, 0
1063000, 8355, 0, 0
1064000, 8038, 0, 0
1065000, 7924, 0, 0
1066000, 7927, 0, 0
1067000, 7918, 0, 0
1068000, 7880, 0, 0
1069000, 7914, 0, 0
1070000, 7903, 0, 0
1071000, 7919, 0, 0
1072000, 7925, 0, 0
1073000, 7945, 0, 0
1074000, 7928, 0, 0
1075000, 7946, 0, 0
1076000, 7944, 0, 0
1077000, 7894, 0, 0
1078000, 7903, 0, 0
1079000, 7920, 0, 0
1080000, 7937, 0, 0
1081000, 11847, 0, 0
1082000, 7989, 0, 0
1083000, 7903, 0, 0
1084000, 7890, 0, 0
1085000, 7928, 0, 0
1086000, 7891, 0, 0
1087000, 7893, 0, 0
1088000, 7894, 0, 0
1089000, 7898, 0, 0
1090000, 7894, 0, 0
1091000, 7895, 0, 0
1092000, 7873, 0, 0
1093000, 7895, 0, 0
1094000, 7889, 0, 0
1095000, 7886, 0, 0
1096000, 7883, 0, 0
1097000, 7898, 0, 0
1098000, 7896, 0, 0
1099000, 7896, 0, 0
1100000, 7886, 0, 0
1101000, 7899, 0, 0
1102000, 7892, 0, 0
1103000, 7896, 0, 0
1104000, 7890, 0, 0
1105000, 7911, 0, 0
1106000, 7900, 0, 0
1107000, 7907, 0, 0
1108000, 7881, 0, 0
1109000, 7880, 0, 0
1110000, 7906, 0, 0
1111000, 7893, 0, 0
1112000, 7904, 0, 0
1113000, 7906, 0, 0
1114000, 7889, 0, 0
1115000, 7888, 0, 0
1116000, 7885, 0, 0
1117000, 7877, 0, 0
1118000, 7900, 0, 0
1119000, 7900, 0, 0
1120000, 7883, 0, 0
1121000, 7901, 0, 0
1122000, 7882, 0, 0
1123000, 7900, 0, 0
1124000, 7904, 0, 0
1125000, 7894, 0, 0
1126000, 7889, 0, 0
1127000, 7894, 0, 0
1128000, 7864, 0, 0
1129000, 7883, 0, 0
1130000, 7902, 0, 0
1131000, 7893, 0, 0
1132000, 7916, 0, 0
1133000, 7900, 0, 0
1134000, 7892, 0, 0
1135000, 7899, 0, 0
1136000, 7895, 0, 0
1137000, 7879, 0, 0
1138000, 7892, 0, 0
1139000, 7884, 0, 0
1140000, 7906, 0, 0
1141000, 7867, 0, 0
1142000, 7898, 0, 0
1143000, 7890, 0, 0
1144000, 7901, 0, 0
1145000, 7895, 0, 0
1146000, 7897, 0, 0
1147000, 7881, 0, 0
1148000, 7898, 0, 0
1149000, 7883, 0, 0
1150000, 7875, 0, 0
1151000, 7890, 0, 0
1152000, 7923, 0, 0
1153000, 7899, 0, 0
1154000, 7895, 0, 0
1155000, 7885, 0, 0
1156000, 7902, 0, 0
1157000, 7889, 0, 0
1158000, 7896, 0, 0
1159000, 7888, 0, 0
1160000, 7871, 0, 0
1161000, 7896, 0, 0
1162000, 7892, 0, 0
1163000, 7881, 0, 0
1164000, 7891, 0, 0
1165000, 7878, 0, 0
1166000, 7877, 0, 0
1167000, 7939, 0, 0
1168000, 7881, 0, 0
1169000, 7930, 0, 0
1170000, 7915, 0, 0
1171000, 7897, 0, 0
1172000, 7898, 0, 0
1173000, 7873, 0, 0
1174000, 7890, 0, 0
1175000, 7900, 0, 0
1176000, 7895, 0, 0
1177000, 7882, 0, 0
1178000, 7900, 0, 0
1179000, 7868, 0, 0
1180000, 7879, 0, 0
1181000, 7895, 0, 0
1182000, 7886, 0, 0
1183000, 7885, 0, 0
1184000, 7880, 0, 0
1185000, 7899, 0, 0
1186000, 8152, 0, 0
1187000, 7960, 0, 0
1188000, 7950, 0, 0
1189000, 7929, 0, 0
1190000, 7922, 0, 0
1191000, 8212, 0, 0
1192000, 8157, 0, 0
1193000, 7933, 0, 0
1194000, 7962, 0, 0
1195000, 7935, 0, 0
1196000, 7920, 0, 0
1197000, 8167, 0, 0
1198000, 7931, 0, 0
1199000, 11362, 0, 0
1200000, 7938, 0, 0
