1000, 352, 0, 0
1999, 580, 0, 0
3000, 576, 0, 0
3999, 548, 0, 0
4999, 580, 0, 0
6000, 540, 0, 0
6999, 576, 0, 0
7999, 556, 0, 0
9000, 576, 0, 0
9999, 556, 0, 0
10999, 464, 0, 0
12000, 584, 0, 0
12999, 560, 0, 0
14000, 588, 0, 0
15000, 692, 0, 0
15999, 568, 0, 0
17000, 584, 0, 0
17999, 532, 0, 0
18999, 556, 0, 0
20000, 600, 0, 0
20999, 556, 0, 0
21999, 596, 0, 0
23000, 604, 0, 0
23999, 628, 0, 0
24999, 564, 0, 0
26000, 560, 0, 0
26999, 608, 0, 0
28000, 556, 0, 0
29000, 588, 0, 0
29999, 556, 0, 0
31000, 564, 0, 0
31999, 600, 0, 0
32999, 576, 0, 0
34000, 576, 0, 0
34999, 592, 0, 0
36000, 560, 0, 0
37000, 616, 0, 0
37999, 524, 0, 0
39000, 560, 0, 0
39999, 608, 0, 0
40999, 568, 0, 0
42000, 604, 0, 0
42999, 572, 0, 0
43999, 560, 0, 0
45000, 688, 0, 0
45999, 580, 0, 0
46999, 624, 0, 0
48000, 580, 0, 0
48999, 620, 0, 0
50000, 612, 0, 0
51000, 568, 0, 0
51999, 576, 0, 0
53000, 612, 0, 0
53999, 632, 0, 0
54999, 612, 0, 0
56000, 588, 0, 0
56999, 548, 0, 0
58000, 640, 0, 0
59000, 612, 0, 0
59999, 644, 0, 0
61000, 624, 0, 0
61999, 608, 0, 0
62999, 576, 0, 0
64000, 640, 0, 0
64999, 592, 0, 0
66000, 620, 0, 0
67000, 636, 0, 0
67999, 572, 0, 0
69000, 592, 0, 0
70000, 588, 0, 0
70999, 696, 0, 0
72000, 616, 0, 0
72999, 644, 0, 0
73999, 648, 0, 0
75000, 592, 0, 0
75999, 592, 0, 0
77000, 600, 0, 0
78000, 640, 0, 0
78999, 628, 0, 0
80000, 648, 0, 0
80999, 616, 0, 0
81999, 612, 0, 0
83000, 648, 0, 0
83999, 636, 0, 0
84999, 628, 0, 0
86000, 628, 0, 0
86999, 656, 0, 0
87999, 628, 0, 0
89000, 636, 0, 0
89999, 600, 0, 0
91000, 636, 0, 0
92000, 644, 0, 0
92999, 644, 0, 0
94000, 632, 0, 0
94999, 624, 0, 0
95999, 648, 0, 0
97000, 644, 0, 0
97999, 644, 0, 0
99000, 636, 0, 0
100000, 628, 0, 0
100999, 604, 0, 0
102000, 724, 0, 0
103000, 644, 0, 0
103999, 652, 0, 0
105000, 672, 0, 0
105999, 672, 0, 0
106999, 644, 0, 0
108000, 636, 0, 0
108999, 644, 0, 0
109999, 728, 0, 0
111000, 664, 0, 0
111999, 632, 0, 0
113000, 620, 0, 0
114000, 652, 0, 0
114999, 648, 0, 0
116000, 664, 0, 0
116999, 664, 0, 0
117999, 660, 0, 0
119000, 668, 0, 0
119999, 704, 0, 0
121000, 660, 0, 0
122000, 632, 0, 0
122999, 632, 0, 0
124000, 692, 0, 0
124999, 648, 0, 0
125999, 716, 0, 0
127000, 668, 0, 0
127999, 648, 0, 0
129000, 628, 0, 0
130000, 672, 0, 0
130999, 724, 0, 0
132000, 664, 0, 0
132999, 632, 0, 0
133999, 720, 0, 0
135000, 684, 0, 0
135999, 704, 0, 0
137000, 676, 0, 0
138000, 732, 0, 0
138999, 768, 0, 0
140000, 688, 0, 0
140999, 728, 0, 0
141999, 604, 0, 0
143000, 712, 0, 0
143999, 692, 0, 0
144999, 676, 0, 0
146000, 728, 0, 0
146999, 696, 0, 0
148000, 728, 0, 0
149000, 664, 0, 0
149999, 680, 0, 0
151000, 724, 0, 0
151999, 676, 0, 0
152999, 720, 0, 0
154000, 696, 0, 0
154999, 672, 0, 0
156000, 704, 0, 0
157000, 696, 0, 0
157999, 676, 0, 0
159000, 664, 0, 0
160000, 724, 0, 0
160999, 692, 0, 0
162000, 672, 0, 0
162999, 708, 0, 0
163999, 748, 0, 0
165000, 764, 0, 0
165999, 772, 0, 0
167000, 700, 0, 0
168000, 768, 0, 0
168999, 692, 0, 0
170000, 748, 0, 0
170999, 756, 0, 0
171999, 684, 0, 0
173000, 736, 0, 0
173999, 712, 0, 0
175000, 752, 0, 0
175999, 776, 0, 0
176999, 768, 0, 0
178000, 764, 0, 0
178999, 744, 0, 0
179999, 788, 0, 0
181000, 696, 0, 0
181999, 780, 0, 0
183000, 748, 0, 0
184000, 796, 0, 0
184999, 708, 0, 0
186000, 792, 0, 0
186999, 728, 0, 0
187999, 776, 0, 0
189000, 720, 0, 0
189999, 764, 0, 0
191000, 832, 0, 0
192000, 712, 0, 0
192999, 764, 0, 0
194000, 732, 0, 0
195000, 772, 0, 0
195999, 744, 0, 0
197000, 748, 0, 0
197999, 732, 0, 0
198999, 768, 0, 0
200000, 788, 0, 0
200999, 780, 0, 0
202000, 748, 0, 0
203000, 756, 0, 0
203999, 776, 0, 0
205000, 712, 0, 0
205999, 832, 0, 0
206999, 720, 0, 0
208000, 744, 0, 0
208999, 832, 0, 0
210000, 732, 0, 0
211000, 852, 0, 0
211999, 804, 0, 0
213000, 812, 0, 0
213999, 820, 0, 0
214999, 768, 0, 0
216000, 764, 0, 0
217000, 860, 0, 0
217999, 768, 0, 0
219000, 824, 0, 0
219999, 732, 0, 0
220999, 764, 0, 0
222000, 824, 0, 0
222999, 728, 0, 0
224000, 812, 0, 0
225000, 792, 0, 0
225999, 760, 0, 0
227000, 788, 0, 0
227999, 788, 0, 0
228999, 812, 0, 0
230000, 760, 0, 0
230999, 844, 0, 0
232000, 812, 0, 0
233000, 776, 0, 0
233999, 808, 0, 0
235000, 900, 0, 0
235999, 868, 0, 0
236999, 792, 0, 0
238000, 800, 0, 0
238999, 768, 0, 0
240000, 832, 0, 0
241000, 784, 0, 0
241999, 800, 0, 0
243000, 856, 0, 0
243999, 816, 0, 0
244999, 864, 0, 0
246000, 816, 0, 0
246999, 848, 0, 0
247999, 816, 0, 0
249000, 736, 0, 0
249999, 820, 0, 0
251000, 820, 0, 0
251999, 780, 0, 0
252999, 824, 0, 0
254000, 752, 0, 0
254999, 824, 0, 0
256000, 848, 0, 0
257000, 792, 0, 0
257999, 844, 0, 0
259000, 844, 0, 0
259999, 836, 0, 0
260999, 788, 0, 0
262000, 832, 0, 0
262999, 888, 0, 0
264000, 840, 0, 0
265000, 888, 0, 0
265999, 892, 0, 0
267000, 856, 0, 0
267999, 796, 0, 0
268999, 740, 0, 0
270000, 880, 0, 0
270999, 872, 0, 0
271999, 956, 0, 0
273000, 864, 0, 0
273999, 924, 0, 0
274999, 844, 0, 0
276000, 828, 0, 0
276999, 948, 0, 0
278000, 944, 0, 0
279000, 916, 0, 0
279999, 820, 0, 0
281000, 908, 0, 0
282000, 916, 0, 0
282999, 824, 0, 0
284000, 960, 0, 0
284999, 848, 0, 0
285999, 888, 0, 0
287000, 840, 0, 0
287999, 828, 0, 0
288999, 904, 0, 0
290000, 840, 0, 0
290999, 932, 0, 0
292000, 952, 0, 0
293000, 892, 0, 0
293999, 928, 0, 0
295000, 904, 0, 0
296000, 896, 0, 0
296999, 936, 0, 0
298000, 968, 0, 0
299000, 896, 0, 0
299999, 972, 0, 0
301000, 928, 0, 0
301999, 912, 0, 0
302999, 872, 0, 0
304000, 884, 0, 0
304999, 1045, 0, 0
306000, 920, 0, 0
307000, 920, 0, 0
307999, 972, 0, 0
309000, 952, 0, 0
309999, 1013, 0, 0
310999, 1029, 0, 0
312000, 904, 0, 0
312999, 976, 0, 0
314000, 972, 0, 0
314999, 1061, 0, 0
315999, 1049, 0, 0
317000, 936, 0, 0
318000, 968, 0, 0
318999, 1093, 0, 0
320000, 984, 0, 0
320999, 972, 0, 0
321999, 948, 0, 0
323000, 888, 0, 0
323999, 960, 0, 0
325000, 868, 0, 0
326000, 932, 0, 0
326999, 1017, 0, 0
328000, 940, 0, 0
328999, 1077, 0, 0
329999, 1069, 0, 0
331000, 948, 0, 0
331999, 980, 0, 0
333000, 1072, 0, 0
334000, 868, 0, 0
334999, 992, 0, 0
336000, 1116, 0, 0
336999, 992, 0, 0
337999, 968, 0, 0
339000, 1136, 0, 0
339999, 988, 0, 0
341000, 1196, 0, 0
342000, 956, 0, 0
342999, 1041, 0, 0
344000, 1032, 0, 0
344999, 988, 0, 0
345999, 1209, 0, 0
347000, 1008, 0, 0
347999, 1145, 0, 0
348999, 1065, 0, 0
350000, 1064, 0, 0
350999, 1133, 0, 0
351999, 1189, 0, 0
353000, 1108, 0, 0
353999, 1057, 0, 0
355000, 1072, 0, 0
355999, 1065, 0, 0
356999, 1061, 0, 0
358000, 1028, 0, 0
358999, 1113, 0, 0
359999, 1189, 0, 0
361000, 956, 0, 0
361999, 1053, 0, 0
362999, 1117, 0, 0
364000, 940, 0, 0
364999, 1073, 0, 0
366000, 1280, 0, 0
366999, 1169, 0, 0
367999, 1093, 0, 0
369000, 1000, 0, 0
369999, 1181, 0, 0
370999, 1117, 0, 0
372000, 956, 0, 0
372999, 1129, 0, 0
373999, 1109, 0, 0
375000, 1148, 0, 0
375999, 1165, 0, 0
377000, 1128, 0, 0
377999, 1141, 0, 0
378999, 1061, 0, 0
380000, 1136, 0, 0
380999, 1301, 0, 0
381999, 1057, 0, 0
383000, 1120, 0, 0
383999, 1129, 0, 0
384999, 1133, 0, 0
386000, 1132, 0, 0
386999, 1189, 0, 0
388000, 1152, 0, 0
389000, 1060, 0, 0
389999, 1053, 0, 0
391000, 1256, 0, 0
391999, 1241, 0, 0
392999, 1253, 0, 0
394000, 1248, 0, 0
394999, 1213, 0, 0
395999, 1141, 0, 0
397000, 1160, 0, 0
397999, 1105, 0, 0
398999, 1241, 0, 0
400000, 1224, 0, 0
400999, 1105, 0, 0
402000, 1180, 0, 0
403000, 1316, 0, 0
403999, 1169, 0, 0
405000, 1164, 0, 0
405999, 1117, 0, 0
406999, 1085, 0, 0
408000, 1288, 0, 0
408999, 1157, 0, 0
409999, 1105, 0, 0
411000, 1312, 0, 0
411999, 1321, 0, 0
413000, 1160, 0, 0
414000, 1320, 0, 0
414999, 1057, 0, 0
416000, 1248, 0, 0
417000, 1340, 0, 0
417999, 1137, 0, 0
419000, 1168, 0, 0
420000, 1320, 0, 0
420999, 1393, 0, 0
422000, 1304, 0, 0
422999, 1221, 0, 0
423999, 1365, 0, 0
425000, 1468, 0, 0
425999, 1293, 0, 0
426999, 1189, 0, 0
428000, 1396, 0, 0
428999, 1057, 0, 0
430000, 1393, 0, 0
431000, 1376, 0, 0
431999, 1369, 0, 0
433000, 1444, 0, 0
434000, 1440, 0, 0
434999, 1309, 0, 0
436000, 1340, 0, 0
437000, 1472, 0, 0
437999, 1097, 0, 0
439000, 1268, 0, 0
440000, 1368, 0, 0
440999, 1293, 0, 0
442000, 1248, 0, 0
443000, 1324, 0, 0
443999, 1413, 0, 0
445000, 1380, 0, 0
445999, 1437, 0, 0
446999, 1253, 0, 0
448000, 1328, 0, 0
449000, 1372, 0, 0
449999, 1325, 0, 0
451000, 1180, 0, 0
451999, 1361, 0, 0
452999, 1429, 0, 0
454000, 1408, 0, 0
454999, 1417, 0, 0
456000, 1460, 0, 0
457000, 1500, 0, 0
457999, 1569, 0, 0
459000, 1340, 0, 0
459999, 1393, 0, 0
460999, 1413, 0, 0
462000, 1540, 0, 0
463000, 1460, 0, 0
463999, 1449, 0, 0
465000, 1700, 0, 0
465999, 1441, 0, 0
466999, 1529, 0, 0
468000, 1324, 0, 0
468999, 1685, 0, 0
469999, 1693, 0, 0
471000, 1528, 0, 0
471999, 1493, 0, 0
473000, 1433, 0, 0
474000, 1512, 0, 0
474999, 1457, 0, 0
476000, 1404, 0, 0
477000, 1576, 0, 0
477999, 1405, 0, 0
478999, 1549, 0, 0
480000, 1524, 0, 0
481000, 1436, 0, 0
481999, 1269, 0, 0
483000, 1756, 0, 0
484000, 1560, 0, 0
484999, 1781, 0, 0
486000, 1552, 0, 0
487000, 1476, 0, 0
487999, 1497, 0, 0
489000, 1436, 0, 0
489999, 1657, 0, 0
490999, 1357, 0, 0
492000, 1560, 0, 0
493000, 1648, 0, 0
493999, 1505, 0, 0
495000, 1752, 0, 0
496000, 1536, 0, 0
496999, 1661, 0, 0
498000, 1476, 0, 0
499000, 1696, 0, 0
499999, 1417, 0, 0
501000, 1536, 0, 0
502000, 1656, 0, 0
502999, 1641, 0, 0
504000, 1736, 0, 0
504999, 1729, 0, 0
505999, 1745, 0, 0
507000, 1552, 0, 0
507999, 1413, 0, 0
508999, 1465, 0, 0
510000, 1604, 0, 0
510999, 1865, 0, 0
511999, 1665, 0, 0
513000, 1996, 0, 0
513999, 1697, 0, 0
514999, 1853, 0, 0
516000, 2040, 0, 0
516999, 1781, 0, 0
517999, 1989, 0, 0
519000, 1848, 0, 0
519999, 1981, 0, 0
521000, 1928, 0, 0
522000, 1864, 0, 0
522999, 1609, 0, 0
524000, 1640, 0, 0
524999, 2018, 0, 0
525999, 1897, 0, 0
527000, 2088, 0, 0
527999, 1953, 0, 0
528999, 1881, 0, 0
530000, 1784, 0, 0
530999, 2246, 0, 0
532000, 1812, 0, 0
533000, 1996, 0, 0
533999, 2098, 0, 0
535000, 2060, 0, 0
536000, 1704, 0, 0
536999, 1989, 0, 0
538000, 2080, 0, 0
538999, 2126, 0, 0
539999, 2030, 0, 0
541000, 2072, 0, 0
541999, 1725, 0, 0
542999, 1833, 0, 0
544000, 2064, 0, 0
544999, 2294, 0, 0
546000, 2264, 0, 0
547000, 2012, 0, 0
547999, 2082, 0, 0
549000, 1916, 0, 0
549999, 1969, 0, 0
550999, 2274, 0, 0
552000, 2096, 0, 0
552999, 2234, 0, 0
554000, 2236, 0, 0
555000, 2012, 0, 0
555999, 1981, 0, 0
557000, 2076, 0, 0
558000, 2248, 0, 0
558999, 1961, 0, 0
560000, 2108, 0, 0
560999, 2458, 0, 0
561999, 2250, 0, 0
563000, 2152, 0, 0
563999, 2002, 0, 0
565000, 2368, 0, 0
566000, 2500, 0, 0
566999, 2038, 0, 0
568000, 2488, 0, 0
568999, 2158, 0, 0
569999, 2606, 0, 0
571000, 2340, 0, 0
571999, 2346, 0, 0
572999, 2286, 0, 0
574000, 2644, 0, 0
574999, 2262, 0, 0
576000, 2428, 0, 0
576999, 2698, 0, 0
577999, 2366, 0, 0
579000, 2120, 0, 0
579999, 2590, 0, 0
580999, 2222, 0, 0
582000, 2336, 0, 0
582999, 2562, 0, 0
583999, 2550, 0, 0
585000, 2548, 0, 0
586000, 1996, 0, 0
586999, 2626, 0, 0
588000, 2896, 0, 0
589000, 2636, 0, 0
589999, 2478, 0, 0
591000, 2924, 0, 0
592000, 2004, 0, 0
592999, 3119, 0, 0
594000, 2640, 0, 0
595000, 2420, 0, 0
595999, 2458, 0, 0
597000, 2884, 0, 0
598000, 2568, 0, 0
598999, 2682, 0, 0
600000, 2920, 0, 0
600999, 2698, 0, 0
601999, 2394, 0, 0
603000, 2964, 0, 0
603999, 2754, 0, 0
605000, 2920, 0, 0
605999, 3159, 0, 0
606999, 2846, 0, 0
608000, 2640, 0, 0
608999, 2722, 0, 0
609999, 2962, 0, 0
611000, 2756, 0, 0
611999, 3071, 0, 0
612999, 3155, 0, 0
614000, 2844, 0, 0
614999, 2514, 0, 0
615999, 2538, 0, 0
617000, 2640, 0, 0
617999, 2790, 0, 0
618999, 2450, 0, 0
620000, 2812, 0, 0
620999, 2786, 0, 0
622000, 3012, 0, 0
623000, 2716, 0, 0
623999, 3163, 0, 0
625000, 2872, 0, 0
626000, 3420, 0, 0
626999, 2766, 0, 0
628000, 2692, 0, 0
628999, 3179, 0, 0
629999, 2342, 0, 0
631000, 2532, 0, 0
631999, 2678, 0, 0
633000, 2816, 0, 0
634000, 3056, 0, 0
634999, 2498, 0, 0
636000, 3524, 0, 0
636999, 2766, 0, 0
637999, 2874, 0, 0
639000, 2588, 0, 0
639999, 2574, 0, 0
641000, 2528, 0, 0
642000, 2504, 0, 0
642999, 2502, 0, 0
644000, 2472, 0, 0
645000, 2700, 0, 0
645999, 2466, 0, 0
647000, 2412, 0, 0
648000, 2548, 0, 0
648999, 2454, 0, 0
650000, 2756, 0, 0
651000, 2588, 0, 0
651999, 2566, 0, 0
652999, 2446, 0, 0
654000, 2592, 0, 0
654999, 2778, 0, 0
655999, 2706, 0, 0
657000, 2108, 0, 0
657999, 2942, 0, 0
659000, 3368, 0, 0
659999, 2650, 0, 0
660999, 2390, 0, 0
662000, 2676, 0, 0
662999, 3243, 0, 0
663999, 2382, 0, 0
665000, 2720, 0, 0
665999, 2482, 0, 0
667000, 2604, 0, 0
668000, 2476, 0, 0
668999, 2318, 0, 0
670000, 2948, 0, 0
671000, 2820, 0, 0
671999, 2710, 0, 0
673000, 2652, 0, 0
673999, 2694, 0, 0
674999, 2310, 0, 0
676000, 3000, 0, 0
676999, 2634, 0, 0
678000, 2176, 0, 0
679000, 2484, 0, 0
679999, 2146, 0, 0
681000, 2240, 0, 0
682000, 2784, 0, 0
682999, 2522, 0, 0
684000, 1944, 0, 0
685000, 2324, 0, 0
685999, 2642, 0, 0
687000, 2072, 0, 0
688000, 2300, 0, 0
688999, 2194, 0, 0
690000, 2312, 0, 0
691000, 2208, 0, 0
691999, 2418, 0, 0
693000, 2288, 0, 0
694000, 3184, 0, 0
694999, 2666, 0, 0
696000, 2252, 0, 0
696999, 2330, 0, 0
697999, 2590, 0, 0
699000, 2044, 0, 0
700000, 2548, 0, 0
700999, 2234, 0, 0
702000, 1964, 0, 0
702999, 2358, 0, 0
703999, 2082, 0, 0
705000, 2284, 0, 0
705999, 2418, 0, 0
706999, 2158, 0, 0
708000, 2076, 0, 0
708999, 3239, 0, 0
709999, 2278, 0, 0
710999, 3171, 0, 0
711999, 2410, 0, 0
712999, 2362, 0, 0
714000, 2316, 0, 0
714999, 2502, 0, 0
716000, 2246, 0, 0
717000, 2104, 0, 0
717999, 2290, 0, 0
719000, 2202, 0, 0
720000, 2384, 0, 0
720999, 2486, 0, 0
721999, 2378, 0, 0
723000, 2580, 0, 0
723999, 2382, 0, 0
724999, 2226, 0, 0
726000, 2536, 0, 0
726999, 2298, 0, 0
727999, 2110, 0, 0
729000, 2376, 0, 0
729999, 2574, 0, 0
730999, 2222, 0, 0
732000, 2440, 0, 0
732999, 1913, 0, 0
733999, 2286, 0, 0
735000, 2372, 0, 0
735999, 2070, 0, 0
737000, 2572, 0, 0
738000, 1940, 0, 0
738999, 2406, 0, 0
740000, 2440, 0, 0
741000, 2048, 0, 0
741999, 2302, 0, 0
743000, 2300, 0, 0
743999, 2494, 0, 0
744999, 2206, 0, 0
746000, 2024, 0, 0
746999, 2210, 0, 0
747999, 2058, 0, 0
749000, 2604, 0, 0
749999, 2126, 0, 0
750999, 2106, 0, 0
752000, 2040, 0, 0
752999, 2310, 0, 0
754000, 2636, 0, 0
754999, 2202, 0, 0
755999, 2610, 0, 0
757000, 2228, 0, 0
757999, 2102, 0, 0
758999, 2254, 0, 0
760000, 2276, 0, 0
760999, 2134, 0, 0
761999, 1909, 0, 0
763000, 2348, 0, 0
763999, 2106, 0, 0
764999, 2022, 0, 0
766000, 2224, 0, 0
766999, 2002, 0, 0
768000, 2210, 0, 0
769000, 1792, 0, 0
769999, 2038, 0, 0
770999, 1997, 0, 0
772000, 1988, 0, 0
772999, 2246, 0, 0
773999, 2042, 0, 0
775000, 2008, 0, 0
775999, 1917, 0, 0
776999, 2366, 0, 0
778000, 2212, 0, 0
778999, 2050, 0, 0
779999, 1937, 0, 0
781000, 2060, 0, 0
781999, 2202, 0, 0
782999, 1541, 0, 0
784000, 2480, 0, 0
784999, 2246, 0, 0
785999, 2118, 0, 0
787000, 2012, 0, 0
787999, 2042, 0, 0
788999, 2278, 0, 0
790000, 2236, 0, 0
790999, 1801, 0, 0
791999, 2074, 0, 0
793000, 1716, 0, 0
794000, 1900, 0, 0
794999, 2006, 0, 0
795999, 1885, 0, 0
797000, 2116, 0, 0
798000, 2004, 0, 0
799000, 1872, 0, 0
799999, 1925, 0, 0
800999, 2222, 0, 0
802000, 2000, 0, 0
803000, 1968, 0, 0
804000, 2220, 0, 0
805000, 2068, 0, 0
805999, 1997, 0, 0
807000, 2096, 0, 0
808000, 2112, 0, 0
809000, 1860, 0, 0
810000, 1808, 0, 0
810999, 1765, 0, 0
812000, 2020, 0, 0
813000, 2232, 0, 0
814000, 2124, 0, 0
815000, 2124, 0, 0
815999, 2018, 0, 0
817000, 2068, 0, 0
818000, 2296, 0, 0
819000, 1824, 0, 0
820000, 2152, 0, 0
820999, 1933, 0, 0
822000, 2040, 0, 0
823000, 1916, 0, 0
824000, 1776, 0, 0
825000, 2092, 0, 0
825999, 2138, 0, 0
827000, 2040, 0, 0
828000, 2140, 0, 0
829000, 1924, 0, 0
830000, 2156, 0, 0
830999, 2266, 0, 0
832000, 2196, 0, 0
833000, 1800, 0, 0
834000, 2180, 0, 0
835000, 2148, 0, 0
835999, 2262, 0, 0
837000, 2028, 0, 0
838000, 1796, 0, 0
839000, 1848, 0, 0
840000, 2412, 0, 0
840999, 2382, 0, 0
842000, 1708, 0, 0
843000, 2560, 0, 0
844000, 2000, 0, 0
845000, 2424, 0, 0
846000, 2452, 0, 0
847000, 2308, 0, 0
848000, 2116, 0, 0
849000, 2024, 0, 0
850000, 2040, 0, 0
851000, 2064, 0, 0
852000, 2020, 0, 0
853000, 2316, 0, 0
854000, 2408, 0, 0
855000, 2096, 0, 0
856000, 2300, 0, 0
857000, 2092, 0, 0
858000, 2348, 0, 0
859000, 2284, 0, 0
860000, 2620, 0, 0
861000, 2436, 0, 0
862000, 2280, 0, 0
863000, 2168, 0, 0
864000, 2516, 0, 0
865000, 2356, 0, 0
866000, 2292, 0, 0
867000, 2180, 0, 0
868000, 2544, 0, 0
869000, 2320, 0, 0
870000, 2628, 0, 0
871000, 2584, 0, 0
872000, 2184, 0, 0
873000, 2268, 0, 0
874000, 2524, 0, 0
875000, 2420, 0, 0
876000, 2200, 0, 0
877000, 2576, 0, 0
878000, 2464, 0, 0
879000, 2428, 0, 0
880000, 2516, 0, 0
881000, 2596, 0, 0
882000, 2328, 0, 0
883000, 2412, 0, 0
884000, 2484, 0, 0
885000, 2636, 0, 0
886000, 2784, 0, 0
887000, 2452, 0, 0
888000, 2524, 0, 0
889000, 2560, 0, 0
890000, 2348, 0, 0
891000, 2904, 0, 0
892000, 3284, 0, 0
893000, 2962, 0, 0
894000, 2652, 0, 0
895000, 2576, 0, 0
896000, 2640, 0, 0
897000, 2552, 0, 0
898000, 2884, 0, 0
899000, 2696, 0, 0
900000, 2156, 0, 0
901000, 2908, 0, 0
902000, 2704, 0, 0
903000, 2880, 0, 0
904000, 2864, 0, 0
905000, 3108, 0, 0
906000, 2932, 0, 0
907000, 3100, 0, 0
908000, 2720, 0, 0
909000, 2744, 0, 0
910000, 3228, 0, 0
911000, 2988, 0, 0
912000, 3248, 0, 0
913000, 3096, 0, 0
914000, 3280, 0, 0
914999, 2858, 0, 0
915999, 3103, 0, 0
916999, 2610, 0, 0
917999, 3095, 0, 0
918999, 2902, 0, 0
919999, 3579, 0, 0
920999, 3171, 0, 0
921999, 2926, 0, 0
922998, 3174, 0, 0
923998, 3342, 0, 0
924998, 3350, 0, 0
925997, 3903, 0, 0
926998, 3090, 0, 0
927998, 3410, 0, 0
928998, 3539, 0, 0
929997, 3442, 0, 0
930997, 3105, 0, 0
931997, 3177, 0, 0
932997, 2607, 0, 0
933997, 3727, 0, 0
934997, 3699, 0, 0
935997, 3293, 0, 0
936996, 3558, 0, 0
937996, 3329, 0, 0
938996, 3236, 0, 0
939996, 3425, 0, 0
940995, 4004, 0, 0
941996, 3389, 0, 0
942996, 3883, 0, 0
943996, 3433, 0, 0
944995, 3501, 0, 0
945995, 4156, 0, 0
946995, 3915, 0, 0
947995, 4217, 0, 0
948995, 4156, 0, 0
949995, 3356, 0, 0
950995, 4434, 0, 0
951994, 4394, 0, 0
952994, 3432, 0, 0
953994, 4772, 0, 0
954994, 4808, 0, 0
955993, 3919, 0, 0
956994, 4108, 0, 0
957994, 4338, 0, 0
958994, 4305, 0, 0
959993, 4020, 0, 0
960993, 4016, 0, 0
961993, 3826, 0, 0
962993, 4398, 0, 0
963992, 4439, 0, 0
964993, 4535, 0, 0
965993, 4805, 0, 0
966992, 4665, 0, 0
967992, 4733, 0, 0
968992, 4850, 0, 0
969992, 4943, 0, 0
970991, 5025, 0, 0
971992, 4592, 0, 0
972992, 5137, 0, 0
973992, 5689, 0, 0
974991, 5400, 0, 0
975991, 4980, 0, 0
976991, 5303, 0, 0
978000, 5448, 0, 0
978991, 5667, 0, 0
979991, 5481, 0, 0
980991, 6454, 0, 0
982000, 7008, 0, 0
983000, 6176, 0, 0
984000, 6676, 0, 0
984999, 5509, 0, 0
986000, 6448, 0, 0
987000, 7524, 0, 0
988000, 6316, 0, 0
989000, 7312, 0, 0
989999, 6294, 0, 0
991000, 6976, 0, 0
992000, 6400, 0, 0
993000, 7188, 0, 0
994000, 6616, 0, 0
994999, 6630, 0, 0
996000, 7812, 0, 0
997000, 7648, 0, 0
998000, 6336, 0, 0
999000, 7048, 0, 0
999999, 8680, 0, 0
1001000, 8144, 0, 0
1002000, 8484, 0, 0
1003000, 8196, 0, 0
1004000, 9208, 0, 0
1004999, 8572, 0, 0
1006000, 9684, 0, 0
1007000, 9088, 0, 0
1008000, 8012, 0, 0
1009000, 10224, 0, 0
1009999, 9485, 0, 0
1011000, 10496, 0, 0
1012000, 9792, 0, 0
1013000, 9540, 0, 0
1014000, 12440, 0, 0
1014999, 12700, 0, 0
1016000, 9984, 0, 0
1017000, 11372, 0, 0
1018000, 10780, 0, 0
1019000, 13144, 0, 0
1020000, 14056, 0, 0
1020999, 15215, 0, 0
1022000, 16452, 0, 0
1023000, 13156, 0, 0
1024000, 14972, 0, 0
1025000, 14476, 0, 0
1026000, 16524, 0, 0
1026999, 15771, 0, 0
1028000, 14056, 0, 0
1029000, 14608, 0, 0
1030000, 16412, 0, 0
1031000, 14912, 0, 0
1032000, 20776, 0, 0
1032999, 19387, 0, 0
1034000, 20992, 0, 0
1035000, 23576, 0, 0
1036000, 24712, 0, 0
1037000, 26024, 0, 0
1038000, 30472, 0, 0
1038999, 28904, 0, 0
1039999, 31487, 0, 0
1041000, 32032, 0, 0
1042000, 42648, 0, 0
1043000, 38600, 0, 0
1044000, 51428, 0, 0
1044999, 48696, 0, 0
1045999, 55195, 0, 0
1047000, 62404, 0, 0
1048000, 63696, 0, 0
1049000, 91968, 0, 0
1050000, 134908, 0, 0
1050999, 192952, 0, 0
1051999, 257121, 0, 0
1053000, 301420, 0, 0
1054000, 299328, 0, 0
1055000, 299444, 0, 0
1056000, 303260, 0, 0
1056999, 300568, 0, 0
1058000, 304256, 0, 0
1059000, 303060, 0, 0
1060000, 303812, 0, 0
1060999, 303575, 0, 0
1061999, 303815, 0, 0
1062999, 305617, 0, 0
1064000, 303456, 0, 0
1065000, 304644, 0, 0
1066000, 303756, 0, 0
1066999, 303747, 0, 0
1067999, 303911, 0, 0
1069000, 303100, 0, 0
1070000, 303388, 0, 0
1071000, 304276, 0, 0
1071999, 303811, 0, 0
1072999, 304344, 0, 0
1074000, 304340, 0, 0
1075000, 303924, 0, 0
1075999, 303343, 0, 0
1076999, 303723, 0, 0
1077999, 303711, 0, 0
1079000, 303808, 0, 0
1080000, 303776, 0, 0
1080999, 237113, 0, 0
1081999, 304416, 0, 0
1082999, 305237, 0, 0
1084000, 303328, 0, 0
1085000, 303372, 0, 0
1086000, 303584, 0, 0
1086999, 304088, 0, 0
1087999, 304624, 0, 0
1089000, 304012, 0, 0
1090000, 303920, 0, 0
1091000, 303540, 0, 0
1091999, 302870, 0, 0
1092999, 303951, 0, 0
1093999, 303891, 0, 0
1095000, 303660, 0, 0
1096000, 303808, 0, 0
1097000, 303748, 0, 0
1097999, 303479, 0, 0
1098999, 303939, 0, 0
1100000, 303336, 0, 0
1101000, 303472, 0, 0
1102000, 303972, 0, 0
1102999, 303775, 0, 0
1103999, 304652, 0, 0
1105000, 304348, 0, 0
1106000, 304196, 0, 0
1107000, 303704, 0, 0
1107999, 303975, 0, 0
1108999, 304208, 0, 0
1109999, 304496, 0, 0
1111000, 302692, 0, 0
1112000, 303924, 0, 0
1112999, 303655, 0, 0
1113999, 303643, 0, 0
1114999, 304176, 0, 0
1116000, 303172, 0, 0
1117000, 303772, 0, 0
1118000, 303760, 0, 0
1118999, 304212, 0, 0
1119999, 303411, 0, 0
1121000, 303372, 0, 0
1122000, 303092, 0, 0
1123000, 303788, 0, 0
1123999, 303275, 0, 0
1124999, 304492, 0, 0
1126000, 302812, 0, 0
1127000, 303076, 0, 0
1128000, 303120, 0, 0
1128999, 303171, 0, 0
1129999, 303535, 0, 0
1131000, 303895, 0, 0
1132000, 303264, 0, 0
1133000, 304552, 0, 0
1133999, 303591, 0, 0
1134999, 303787, 0, 0
1135999, 303851, 0, 0
1137000, 303144, 0, 0
1138000, 303872, 0, 0
1139000, 304268, 0, 0
1139999, 304992, 0, 0
1140999, 304004, 0, 0
1142000, 303364, 0, 0
1143000, 303720, 0, 0
1144000, 303352, 0, 0
1144999, 303847, 0, 0
1145999, 303315, 0, 0
1147000, 303580, 0, 0
1148000, 303768, 0, 0
1149000, 303232, 0, 0
1149999, 303379, 0, 0
1150999, 303695, 0, 0
1151999, 303263, 0, 0
1153000, 303416, 0, 0
1154000, 303960, 0, 0
1155000, 303712, 0, 0
1155999, 303475, 0, 0
1156999, 304200, 0, 0
1158000, 302704, 0, 0
1159000, 303916, 0, 0
1160000, 303916, 0, 0
1161000, 302764, 0, 0
1161999, 304408, 0, 0
1163000, 303280, 0, 0
1164000, 302436, 0, 0
1165000, 303868, 0, 0
1166000, 303048, 0, 0
1166999, 303651, 0, 0
1168000, 303744, 0, 0
1169000, 303848, 0, 0
1170000, 304404, 0, 0
1171000, 303856, 0, 0
1171999, 303595, 0, 0
1173000, 303776, 0, 0
1174000, 304096, 0, 0
1175000, 303972, 0, 0
1176000, 303656, 0, 0
1176999, 304688, 0, 0
1178000, 303860, 0, 0
1179000, 304132, 0, 0
1180000, 303832, 0, 0
1181000, 304432, 0, 0
1181999, 304512, 0, 0
1183000, 304192, 0, 0
1184000, 303532, 0, 0
1185000, 303940, 0, 0
1186000, 299032, 0, 0
1186999, 303359, 0, 0
1187999, 303335, 0, 0
1189000, 303400, 0, 0
1190000, 304484, 0, 0
1191000, 302732, 0, 0
1191999, 304480, 0, 0
1193000, 309193, 0, 0
1194000, 309672, 0, 0
1195000, 309124, 0, 0
1196000, 307576, 0, 0
1196999, 304128, 0, 0
1197999, 308012, 0, 0
1199000, 245440, 0, 0
1200000, 307940, 0, 0
