1037, 6645167, 0, 0
2046, 7001983, 0, 0
3061, 6988838, 0, 0
4047, 6706741, 0, 0
5002, 6858996, 0, 0
6037, 7089845, 0, 0
7003, 7041318, 0, 0
8037, 7594333, 0, 0
9005, 7062971, 0, 0
10050, 7153275, 0, 0
11007, 6828783, 0, 0
12038, 7101979, 0, 0
13040, 6948890, 0, 0
14044, 5279336, 0, 0
15008, 7188433, 0, 0
16042, 6707028, 0, 0
17039, 6778707, 0, 0
18045, 7278117, 0, 0
19022, 7027561, 0, 0
20060, 7459452, 0, 0
21032, 6838195, 0, 0
22003, 6929975, 0, 0
23053, 7235464, 0, 0
24020, 6899297, 0, 0
25000, 6702255, 0, 0
26026, 7022351, 0, 0
27025, 7185999, 0, 0
28040, 7139668, 0, 0
29017, 6875360, 0, 0
30054, 6904006, 0, 0
31013, 6657166, 0, 0
32005, 6650833, 0, 0
33027, 6989456, 0, 0
34023, 6913115, 0, 0
35055, 6740796, 0, 0
36019, 6775973, 0, 0
37050, 6650052, 0, 0
38033, 7219569, 0, 0
39015, 6768680, 0, 0
40039, 6774905, 0, 0
41002, 6287479, 0, 0
42031, 6713616, 0, 0
43050, 6698369, 0, 0
44050, 6661064, 0, 0
45044, 6405388, 0, 0
46018, 6575452, 0, 0
47046, 6624502, 0, 0
48022, 7121057, 0, 0
49020, 6971460, 0, 0
50047, 6580309, 0, 0
51046, 6561755, 0, 0
52027, 6714236, 0, 0
53035, 7145812, 0, 0
54055, 7076512, 0, 0
55029, 6899831, 0, 0
56046, 6471382, 0, 0
57015, 6454656, 0, 0
58018, 6587758, 0, 0
59005, 6948042, 0, 0
60047, 6627663, 0, 0
61029, 6633199, 0, 0
62037, 6023989, 0, 0
63007, 6375545, 0, 0
64034, 6493594, 0, 0
65009, 6766335, 0, 0
66020, 6737176, 0, 0
67047, 6292143, 0, 0
68018, 6554335, 0, 0
69019, 6895329, 0, 0
70055, 6807495, 0, 0
71057, 6108332, 0, 0
72015, 6173292, 0, 0
73031, 6305576, 0, 0
74045, 6533095, 0, 0
75013, 6363948, 0, 0
76055, 6583926, 0, 0
77022, 6154352, 0, 0
78027, 6475487, 0, 0
79017, 6385757, 0, 0
80006, 6210943, 0, 0
81024, 6201802, 0, 0
82001, 6507736, 0, 0
83036, 5872051, 0, 0
84014, 6559303, 0, 0
85020, 6018328, 0, 0
86042, 6262918, 0, 0
87007, 6339322, 0, 0
88001, 5985139, 0, 0
89043, 6587983, 0, 0
90028, 6350249, 0, 0
91007, 6345258, 0, 0
92030, 6156256, 0, 0
93048, 6361962, 0, 0
94036, 6577286, 0, 0
95029, 6084952, 0, 0
96019, 6822800, 0, 0
97050, 6436829, 0, 0
98054, 5966329, 0, 0
99040, 6485211, 0, 0
100045, 6350734, 0, 0
101044, 6015610, 0, 0
102050, 6160860, 0, 0
103035, 6432481, 0, 0
104030, 5849252, 0, 0
105008, 6105715, 0, 0
106025, 6191753, 0, 0
107003, 6186469, 0, 0
108042, 6033965, 0, 0
109008, 6388687, 0, 0
110001, 5770027, 0, 0
111034, 6330255, 0, 0
112031, 5788799, 0, 0
113040, 5567123, 0, 0
114047, 5812941, 0, 0
115028, 6281961, 0, 0
116059, 6280953, 0, 0
117033, 5900570, 0, 0
118045, 5941921, 0, 0
119027, 6133414, 0, 0
120046, 5817388, 0, 0
121004, 5761918, 0, 0
122021, 5842174, 0, 0
123002, 6011687, 0, 0
124030, 6072731, 0, 0
125004, 5973661, 0, 0
126000, 6588729, 0, 0
127043, 6510466, 0, 0
128026, 6100526, 0, 0
129017, 6146945, 0, 0
130037, 5450076, 0, 0
131041, 6264932, 0, 0
132007, 5920088, 0, 0
133023, 5705000, 0, 0
134022, 5802178, 0, 0
135015, 6235937, 0, 0
136035, 5922969, 0, 0
137008, 5891696, 0, 0
138049, 6339733, 0, 0
139037, 6210368, 0, 0
140048, 5397701, 0, 0
141001, 5701807, 0, 0
142057, 5735052, 0, 0
143048, 5153324, 0, 0
144001, 5989057, 0, 0
145008, 5879582, 0, 0
146027, 5442557, 0, 0
147007, 5629548, 0, 0
148008, 5648464, 0, 0
149026, 5322361, 0, 0
150011, 5528974, 0, 0
151037, 5658758, 0, 0
152000, 5590897, 0, 0
153049, 6169498, 0, 0
154053, 6040423, 0, 0
155038, 5928005, 0, 0
156035, 5130017, 0, 0
157010, 5698868, 0, 0
158042, 5454955, 0, 0
159034, 5688965, 0, 0
160052, 5558220, 0, 0
161019, 5083008, 0, 0
162003, 5850749, 0, 0
163020, 5524584, 0, 0
164038, 6162554, 0, 0
165014, 5238929, 0, 0
166008, 5805603, 0, 0
167043, 6228523, 0, 0
168029, 5471858, 0, 0
169039, 5396616, 0, 0
170029, 5717989, 0, 0
171026, 5655034, 0, 0
172056, 5531497, 0, 0
173013, 5431975, 0, 0
174019, 5807086, 0, 0
175027, 5414686, 0, 0
176024, 5562520, 0, 0
177046, 5055655, 0, 0
178012, 5360765, 0, 0
179053, 5679854, 0, 0
180015, 5250107, 0, 0
181050, 5500115, 0, 0
182008, 4955600, 0, 0
183042, 5741337, 0, 0
184045, 5299929, 0, 0
185036, 5855133, 0, 0
186050, 5626559, 0, 0
187034, 5258134, 0, 0
188051, 5429088, 0, 0
189052, 5026455, 0, 0
190029, 5638324, 0, 0
191001, 5393151, 0, 0
192020, 5276800, 0, 0
193026, 5548942, 0, 0
194033, 5991427, 0, 0
195007, 5429730, 0, 0
196049, 5691026, 0, 0
197019, 5234439, 0, 0
198055, 5594594, 0, 0
199011, 4845251, 0, 0
200041, 4995530, 0, 0
201039, 5108041, 0, 0
202048, 5014337, 0, 0
203024, 4901068, 0, 0
204004, 4841682, 0, 0
205036, 5514925, 0, 0
206018, 5219470, 0, 0
207000, 5358283, 0, 0
208010, 5310125, 0, 0
209022, 5024725, 0, 0
210014, 5274827, 0, 0
211020, 5098054, 0, 0
212009, 5144960, 0, 0
213032, 5010507, 0, 0
214044, 5520933, 0, 0
215032, 5247850, 0, 0
216035, 4982786, 0, 0
217012, 4692832, 0, 0
218041, 5188312, 0, 0
219041, 4898929, 0, 0
220021, 4612954, 0, 0
221025, 4775921, 0, 0
222049, 5271482, 0, 0
223021, 4979556, 0, 0
224055, 5240327, 0, 0
225028, 5200226, 0, 0
226017, 5365210, 0, 0
227024, 4634415, 0, 0
228008, 4891762, 0, 0
229000, 5595201, 0, 0
230044, 4873191, 0, 0
231029, 4775366, 0, 0
232045, 5046626, 0, 0
233037, 4762262, 0, 0
234046, 5225533, 0, 0
235024, 4832129, 0, 0
236033, 5067229, 0, 0
237050, 5026086, 0, 0
238051, 4925800, 0, 0
239029, 4629870, 0, 0
240039, 4200451, 0, 0
241023, 5343844, 0, 0
242056, 5105996, 0, 0
243048, 5212241, 0, 0
244004, 4847777, 0, 0
245001, 4293979, 0, 0
246015, 4577806, 0, 0
247030, 4804897, 0, 0
248028, 5137004, 0, 0
249008, 4662938, 0, 0
250042, 4872136, 0, 0
251056, 4601841, 0, 0
252035, 4631919, 0, 0
253003, 4693700, 0, 0
254031, 4257923, 0, 0
255058, 4746477, 0, 0
256003, 4496871, 0, 0
257009, 5100630, 0, 0
258029, 4712322, 0, 0
259016, 4269351, 0, 0
260050, 4526136, 0, 0
261032, 4379407, 0, 0
262033, 5022259, 0, 0
263028, 4515096, 0, 0
264042, 4402686, 0, 0
265001, 4457992, 0, 0
266018, 4721847, 0, 0
267050, 4839568, 0, 0
268001, 4774392, 0, 0
269005, 4377908, 0, 0
270032, 4680350, 0, 0
271034, 4408206, 0, 0
272024, 4493548, 0, 0
273037, 4819367, 0, 0
274011, 4419303, 0, 0
275025, 4603906, 0, 0
276042, 4724432, 0, 0
277040, 4469965, 0, 0
278006, 4820832, 0, 0
279010, 4379370, 0, 0
280011, 4253867, 0, 0
281013, 4675678, 0, 0
282053, 4512756, 0, 0
283061, 4436415, 0, 0
284040, 4382442, 0, 0
285017, 4319126, 0, 0
286006, 5113614, 0, 0
287016, 4312313, 0, 0
288023, 4207660, 0, 0
289009, 3985900, 0, 0
290049, 4553930, 0, 0
291023, 3984585, 0, 0
292049, 4657435, 0, 0
293027, 4697180, 0, 0
294015, 4674116, 0, 0
295046, 4680724, 0, 0
296015, 4188313, 0, 0
297036, 4375148, 0, 0
298022, 4205925, 0, 0
299047, 4128531, 0, 0
300016, 4099087, 0, 0
301019, 4037604, 0, 0
302034, 4054768, 0, 0
303044, 4563540, 0, 0
304015, 4091831, 0, 0
305035, 4241515, 0, 0
306001, 4445136, 0, 0
307023, 4323853, 0, 0
308022, 4434558, 0, 0
309000, 3969282, 0, 0
310006, 4258329, 0, 0
311034, 4404805, 0, 0
312026, 3977940, 0, 0
313055, 4156846, 0, 0
314024, 4360860, 0, 0
315033, 4178202, 0, 0
316056, 4039057, 0, 0
317054, 4101928, 0, 0
318039, 4148546, 0, 0
319012, 4013054, 0, 0
320008, 4234611, 0, 0
321036, 3840755, 0, 0
322044, 4108478, 0, 0
323008, 4241534, 0, 0
324031, 3930312, 0, 0
325009, 3842205, 0, 0
326030, 4358780, 0, 0
327042, 4039997, 0, 0
328041, 3807542, 0, 0
329037, 4161273, 0, 0
330041, 3841607, 0, 0
331006, 3836539, 0, 0
332045, 3959247, 0, 0
333015, 3767309, 0, 0
334026, 3698884, 0, 0
335023, 3726511, 0, 0
336035, 3914655, 0, 0
337059, 3538561, 0, 0
338022, 3741088, 0, 0
339033, 3668675, 0, 0
340048, 3727983, 0, 0
341021, 3980275, 0, 0
342023, 3861824, 0, 0
343014, 3835989, 0, 0
344023, 3888105, 0, 0
345003, 3558504, 0, 0
346009, 3625827, 0, 0
347020, 3629966, 0, 0
348017, 3530079, 0, 0
349038, 3860350, 0, 0
350047, 3663152, 0, 0
351009, 3948343, 0, 0
352025, 3623967, 0, 0
353017, 4288804, 0, 0
354000, 3845934, 0, 0
355038, 3651337, 0, 0
356051, 3919065, 0, 0
357051, 3565646, 0, 0
358029, 3589811, 0, 0
359042, 4061095, 0, 0
360017, 3551198, 0, 0
361004, 3690922, 0, 0
362011, 4021180, 0, 0
363017, 3359956, 0, 0
364018, 3645147, 0, 0
365036, 3554150, 0, 0
366004, 3804062, 0, 0
367013, 4096739, 0, 0
368020, 3694564, 0, 0
369030, 3969410, 0, 0
370039, 3357368, 0, 0
371050, 3580808, 0, 0
372032, 3645181, 0, 0
373014, 3463614, 0, 0
374023, 3434580, 0, 0
375012, 3770042, 0, 0
376024, 3659622, 0, 0
377007, 3219174, 0, 0
378053, 3563476, 0, 0
379040, 3481923, 0, 0
380016, 4200111, 0, 0
381033, 3263593, 0, 0
382058, 3651838, 0, 0
383043, 3475032, 0, 0
384045, 3425988, 0, 0
385004, 3638814, 0, 0
386036, 3627931, 0, 0
387037, 3608663, 0, 0
388046, 3390672, 0, 0
389008, 2989709, 0, 0
390051, 3642211, 0, 0
391043, 3601778, 0, 0
392025, 3486013, 0, 0
393045, 3048875, 0, 0
394020, 3232888, 0, 0
395040, 3476256, 0, 0
396001, 2804827, 0, 0
397101, 3633945, 0, 0
398037, 3189948, 0, 0
399050, 3829473, 0, 0
400015, 3333733, 0, 0
401037, 3618694, 0, 0
402055, 3551838, 0, 0
403018, 3372391, 0, 0
404046, 3514483, 0, 0
405009, 3534446, 0, 0
406036, 3701309, 0, 0
407022, 3144893, 0, 0
408036, 3213853, 0, 0
409019, 3195332, 0, 0
410021, 3331380, 0, 0
411000, 3594279, 0, 0
412035, 3139401, 0, 0
413046, 3445677, 0, 0
414005, 3045932, 0, 0
415000, 2759565, 0, 0
416027, 3211839, 0, 0
417026, 2949073, 0, 0
418043, 3653572, 0, 0
419038, 2828516, 0, 0
420041, 2898933, 0, 0
421034, 3146541, 0, 0
422005, 2990585, 0, 0
423031, 3093015, 0, 0
424013, 2934868, 0, 0
425010, 3147340, 0, 0
426031, 3061356, 0, 0
427046, 2995080, 0, 0
428047, 3010760, 0, 0
429042, 3224404, 0, 0
430029, 3295444, 0, 0
431035, 2843431, 0, 0
432053, 3246154, 0, 0
433019, 3347357, 0, 0
434007, 3473225, 0, 0
435030, 2868515, 0, 0
436018, 3572852, 0, 0
437050, 2884158, 0, 0
438054, 3420297, 0, 0
439028, 2799513, 0, 0
440051, 2447729, 0, 0
441005, 2995820, 0, 0
442035, 2879197, 0, 0
443042, 3007393, 0, 0
444000, 2770538, 0, 0
445038, 2838625, 0, 0
446000, 2892207, 0, 0
447027, 2901556, 0, 0
448001, 3167755, 0, 0
449010, 3177411, 0, 0
450043, 2917839, 0, 0
451047, 2808473, 0, 0
452018, 2963059, 0, 0
453055, 2686065, 0, 0
454055, 2901241, 0, 0
455043, 3044621, 0, 0
456038, 2558155, 0, 0
457049, 2597734, 0, 0
458049, 2894509, 0, 0
459013, 2871799, 0, 0
460055, 2388747, 0, 0
461048, 2470397, 0, 0
462044, 2621550, 0, 0
463014, 2595374, 0, 0
464041, 2716553, 0, 0
465047, 2655539, 0, 0
466018, 2745409, 0, 0
467049, 2477302, 0, 0
468014, 2832620, 0, 0
469050, 2846651, 0, 0
470036, 2660065, 0, 0
471016, 2487725, 0, 0
472047, 3016565, 0, 0
473039, 2703974, 0, 0
474023, 2837712, 0, 0
475034, 2561030, 0, 0
476005, 2610656, 0, 0
477051, 2436817, 0, 0
478000, 2426778, 0, 0
479056, 2367085, 0, 0
480056, 2771599, 0, 0
481002, 2459430, 0, 0
482032, 2376390, 0, 0
483044, 2416109, 0, 0
484005, 2655899, 0, 0
485036, 2368444, 0, 0
486042, 2458367, 0, 0
487045, 2634072, 0, 0
488039, 2582344, 0, 0
489036, 2756323, 0, 0
490018, 2370966, 0, 0
491033, 2458504, 0, 0
492050, 2503355, 0, 0
493054, 2240047, 0, 0
494014, 2259592, 0, 0
495037, 2669706, 0, 0
496002, 2330502, 0, 0
497009, 3114548, 0, 0
498042, 2167904, 0, 0
499038, 2186086, 0, 0
500027, 1995734, 0, 0
501051, 2450190, 0, 0
502035, 2315259, 0, 0
503040, 2358167, 0, 0
504017, 2563685, 0, 0
505027, 2638063, 0, 0
506055, 2330439, 0, 0
507000, 2278370, 0, 0
508021, 2774709, 0, 0
509010, 2529839, 0, 0
510052, 2183252, 0, 0
511019, 2517291, 0, 0
512044, 2324059, 0, 0
513003, 2326905, 0, 0
514002, 2549026, 0, 0
515011, 2334210, 0, 0
516016, 2238193, 0, 0
517031, 2171723, 0, 0
518044, 2149160, 0, 0
519042, 2330383, 0, 0
520050, 2064630, 0, 0
521041, 2133592, 0, 0
522020, 2618752, 0, 0
523001, 2275337, 0, 0
524022, 2189287, 0, 0
525013, 1993701, 0, 0
526001, 1980410, 0, 0
527014, 2241171, 0, 0
528000, 2141904, 0, 0
529019, 2083092, 0, 0
530052, 1991618, 0, 0
531037, 2034214, 0, 0
532013, 2106383, 0, 0
533057, 2268232, 0, 0
534050, 2219513, 0, 0
535019, 1992250, 0, 0
536036, 1882133, 0, 0
537018, 1974358, 0, 0
538013, 2275018, 0, 0
539053, 1898964, 0, 0
540043, 2223287, 0, 0
541060, 1877080, 0, 0
542015, 2022900, 0, 0
543032, 2149500, 0, 0
544003, 1966199, 0, 0
545000, 1808009, 0, 0
546015, 1967476, 0, 0
547039, 2022698, 0, 0
548026, 1887964, 0, 0
549000, 2080729, 0, 0
550003, 2130805, 0, 0
551033, 1960955, 0, 0
552045, 1746638, 0, 0
553049, 1907327, 0, 0
554026, 1716531, 0, 0
555022, 1714533, 0, 0
556048, 2079244, 0, 0
557021, 1901810, 0, 0
558006, 1900099, 0, 0
559039, 1969810, 0, 0
560018, 1498835, 0, 0
561048, 1767300, 0, 0
562027, 1818032, 0, 0
563017, 1739499, 0, 0
564044, 1747626, 0, 0
565015, 1630638, 0, 0
566044, 1790239, 0, 0
567028, 1675232, 0, 0
568010, 1697387, 0, 0
569054, 1696513, 0, 0
570019, 1600178, 0, 0
571000, 1633850, 0, 0
572043, 1671223, 0, 0
573012, 1694529, 0, 0
574036, 1555334, 0, 0
575051, 1884095, 0, 0
576005, 1653464, 0, 0
577042, 1609109, 0, 0
578074, 2018216, 0, 0
579035, 1694682, 0, 0
580007, 1489888, 0, 0
581000, 1497740, 0, 0
582021, 1572143, 0, 0
583012, 1882036, 0, 0
584019, 1492737, 0, 0
585034, 1683345, 0, 0
586044, 1685914, 0, 0
587035, 1572272, 0, 0
588041, 1517273, 0, 0
589037, 1662284, 0, 0
590007, 1777747, 0, 0
591022, 1663661, 0, 0
592064, 1683765, 0, 0
593005, 1540472, 0, 0
594046, 1666625, 0, 0
595031, 1537293, 0, 0
596051, 1452646, 0, 0
597041, 1514570, 0, 0
598007, 1402747, 0, 0
599030, 1407950, 0, 0
600023, 1481895, 0, 0
601002, 1442646, 0, 0
602047, 1370602, 0, 0
603050, 1421507, 0, 0
604006, 1378377, 0, 0
605054, 1367724, 0, 0
606032, 1404678, 0, 0
607039, 1680901, 0, 0
608033, 1545089, 0, 0
609043, 1330186, 0, 0
610048, 1319360, 0, 0
611035, 1388826, 0, 0
612016, 1560943, 0, 0
613005, 1411139, 0, 0
614003, 1281604, 0, 0
615027, 1438568, 0, 0
616027, 1358359, 0, 0
617031, 1377930, 0, 0
618014, 1354153, 0, 0
619013, 1351447, 0, 0
620036, 1685446, 0, 0
621045, 1355406, 0, 0
622019, 1438940, 0, 0
623002, 1339540, 0, 0
624039, 1202919, 0, 0
625052, 1510095, 0, 0
626038, 1300438, 0, 0
627018, 1818739, 0, 0
628051, 1362888, 0, 0
629030, 1276094, 0, 0
630019, 1231025, 0, 0
631031, 1546946, 0, 0
632005, 1411331, 0, 0
633044, 1570880, 0, 0
634007, 1426759, 0, 0
635032, 1391307, 0, 0
636037, 1493882, 0, 0
637049, 1407510, 0, 0
638041, 1758944, 0, 0
639042, 1191307, 0, 0
640061, 1312656, 0, 0
641031, 1275375, 0, 0
642007, 1553253, 0, 0
643035, 1578451, 0, 0
644000, 1503434, 0, 0
645034, 1520490, 0, 0
646052, 1519834, 0, 0
647002, 1374758, 0, 0
648021, 1294075, 0, 0
649051, 1443593, 0, 0
650015, 1498012, 0, 0
651006, 1413016, 0, 0
652012, 1491696, 0, 0
653019, 1624112, 0, 0
654024, 1775666, 0, 0
655018, 1418133, 0, 0
656011, 1359479, 0, 0
657000, 1426082, 0, 0
658032, 1433345, 0, 0
659025, 1319635, 0, 0
660005, 1450001, 0, 0
661023, 1525259, 0, 0
662034, 1661629, 0, 0
663006, 1544841, 0, 0
664021, 1412314, 0, 0
665025, 1577486, 0, 0
666010, 1746023, 0, 0
667042, 1708851, 0, 0
668026, 1607052, 0, 0
669037, 1563895, 0, 0
670044, 1351496, 0, 0
671041, 1791053, 0, 0
672024, 1594964, 0, 0
673025, 1388213, 0, 0
674044, 1345340, 0, 0
675005, 1488144, 0, 0
676010, 1730111, 0, 0
677014, 1570988, 0, 0
678000, 1538350, 0, 0
679013, 1629450, 0, 0
680024, 1680558, 0, 0
681019, 1508337, 0, 0
682010, 1499040, 0, 0
683026, 1609273, 0, 0
684014, 1743139, 0, 0
685015, 1483119, 0, 0
686036, 1644706, 0, 0
687016, 1652089, 0, 0
688062, 1509134, 0, 0
689020, 1905972, 0, 0
690025, 1510244, 0, 0
691020, 1653067, 0, 0
692030, 1389452, 0, 0
693003, 1611814, 0, 0
694021, 1551679, 0, 0
695007, 1390482, 0, 0
696022, 1564810, 0, 0
697051, 1783700, 0, 0
698030, 1563795, 0, 0
699055, 1763765, 0, 0
700003, 1609856, 0, 0
701014, 1627470, 0, 0
702043, 1780443, 0, 0
703027, 1694348, 0, 0
704020, 1902429, 0, 0
705002, 1767927, 0, 0
706014, 1630559, 0, 0
707037, 1631423, 0, 0
708022, 1779099, 0, 0
709052, 1631465, 0, 0
710024, 2035408, 0, 0
711007, 1671986, 0, 0
712027, 1807976, 0, 0
713038, 1691450, 0, 0
714028, 1901099, 0, 0
715006, 1822084, 0, 0
716055, 1766759, 0, 0
717017, 1818897, 0, 0
718037, 1532191, 0, 0
719049, 1882831, 0, 0
720018, 1822043, 0, 0
721026, 1762597, 0, 0
722009, 1711865, 0, 0
723046, 1865976, 0, 0
724044, 1917265, 0, 0
725046, 1910986, 0, 0
726024, 1604198, 0, 0
727015, 1754902, 0, 0
728003, 1595347, 0, 0
729057, 1762296, 0, 0
730037, 1887085, 0, 0
731033, 1973707, 0, 0
732002, 1837231, 0, 0
733000, 1798804, 0, 0
734021, 1677642, 0, 0
735030, 1770955, 0, 0
736050, 1937264, 0, 0
737000, 1680427, 0, 0
738049, 1822706, 0, 0
739005, 1718640, 0, 0
740035, 1703453, 0, 0
741034, 1799938, 0, 0
742035, 1952499, 0, 0
743048, 1793871, 0, 0
744023, 1883763, 0, 0
745035, 2090504, 0, 0
746015, 1688136, 0, 0
747034, 1854542, 0, 0
748049, 1949282, 0, 0
749021, 2049466, 0, 0
750024, 1898241, 0, 0
751034, 1976946, 0, 0
752009, 1861542, 0, 0
753036, 1996100, 0, 0
754013, 1955899, 0, 0
755030, 1867849, 0, 0
756004, 1900737, 0, 0
757002, 2034325, 0, 0
758032, 1970137, 0, 0
759003, 1977125, 0, 0
760042, 1984535, 0, 0
761009, 1940062, 0, 0
762001, 1876298, 0, 0
763011, 1801034, 0, 0
764050, 1752096, 0, 0
765029, 1704755, 0, 0
766009, 2167682, 0, 0
767001, 2047331, 0, 0
768019, 2123416, 0, 0
769052, 2220862, 0, 0
770018, 2300312, 0, 0
771042, 2062917, 0, 0
772010, 1998096, 0, 0
773008, 1992724, 0, 0
774028, 2090456, 0, 0
775004, 2402553, 0, 0
776021, 2348086, 0, 0
777055, 2193377, 0, 0
778028, 2321821, 0, 0
779042, 2499575, 0, 0
780033, 2195795, 0, 0
781026, 2133787, 0, 0
782003, 1868952, 0, 0
783011, 2770604, 0, 0
784027, 1993667, 0, 0
785024, 2068687, 0, 0
786000, 2048572, 0, 0
787010, 2097933, 0, 0
788016, 2326182, 0, 0
789041, 2089911, 0, 0
790039, 2123045, 0, 0
791050, 2318711, 0, 0
792023, 2540064, 0, 0
793048, 1931638, 0, 0
794044, 1971539, 0, 0
795044, 2180574, 0, 0
796014, 2261689, 0, 0
797025, 2391507, 0, 0
798025, 2202094, 0, 0
799014, 2300916, 0, 0
800030, 2400514, 0, 0
801019, 2109613, 0, 0
802054, 2202904, 0, 0
803012, 2103203, 0, 0
804037, 2413927, 0, 0
805035, 2466587, 0, 0
806063, 2618995, 0, 0
807004, 2342791, 0, 0
808046, 2200203, 0, 0
809059, 2434339, 0, 0
810016, 2297500, 0, 0
811043, 2408035, 0, 0
812038, 2555437, 0, 0
813055, 2039490, 0, 0
814038, 2461057, 0, 0
815010, 2310334, 0, 0
816009, 2310848, 0, 0
817052, 2117055, 0, 0
818014, 2266723, 0, 0
819040, 2346002, 0, 0
820011, 2386997, 0, 0
821015, 2097707, 0, 0
822000, 2023995, 0, 0
823042, 2455180, 0, 0
824050, 2797212, 0, 0
825005, 2478712, 0, 0
826014, 2331977, 0, 0
827031, 2161714, 0, 0
828057, 2367609, 0, 0
829012, 2495508, 0, 0
830008, 2287632, 0, 0
831025, 2283688, 0, 0
832021, 2448831, 0, 0
833027, 2273430, 0, 0
834033, 2391574, 0, 0
835053, 2146048, 0, 0
836016, 2386535, 0, 0
837031, 2289042, 0, 0
838008, 2043718, 0, 0
839037, 2496896, 0, 0
840026, 2467597, 0, 0
841000, 2594819, 0, 0
842045, 2131500, 0, 0
843017, 2540731, 0, 0
844058, 2417942, 0, 0
845011, 2387673, 0, 0
846047, 2492782, 0, 0
847039, 2381362, 0, 0
848034, 2361541, 0, 0
849007, 2612518, 0, 0
850048, 2639320, 0, 0
851012, 2243641, 0, 0
852043, 2544157, 0, 0
853026, 2468100, 0, 0
854050, 2405763, 0, 0
855008, 2459560, 0, 0
856042, 2550264, 0, 0
857013, 2666109, 0, 0
858001, 2644988, 0, 0
859035, 2900999, 0, 0
860005, 2611736, 0, 0
861039, 2401969, 0, 0
862016, 2265460, 0, 0
863004, 2827533, 0, 0
864041, 2643960, 0, 0
865010, 2615238, 0, 0
866022, 3000994, 0, 0
867006, 2551492, 0, 0
868040, 2762923, 0, 0
869027, 2307970, 0, 0
870044, 2238653, 0, 0
871028, 2343922, 0, 0
872023, 2562334, 0, 0
873024, 2538940, 0, 0
874037, 2548187, 0, 0
875017, 2887726, 0, 0
876006, 2347891, 0, 0
877037, 2626018, 0, 0
878025, 2879448, 0, 0
879037, 2947381, 0, 0
880043, 2308147, 0, 0
881010, 2339127, 0, 0
882041, 2628585, 0, 0
883018, 2428024, 0, 0
884024, 2524623, 0, 0
885051, 2565105, 0, 0
886033, 2909783, 0, 0
887049, 2662710, 0, 0
888019, 3048309, 0, 0
889012, 2544858, 0, 0
890014, 2757459, 0, 0
891017, 2698561, 0, 0
892000, 2986315, 0, 0
893047, 2615775, 0, 0
894032, 2717884, 0, 0
895030, 2622770, 0, 0
896012, 2869578, 0, 0
897045, 2781654, 0, 0
898003, 2717741, 0, 0
899001, 2631530, 0, 0
900023, 2984810, 0, 0
901045, 2471681, 0, 0
902030, 2852999, 0, 0
903046, 2699475, 0, 0
904029, 2751341, 0, 0
905029, 2860863, 0, 0
906029, 2685256, 0, 0
907030, 2924783, 0, 0
908002, 3184253, 0, 0
909022, 3016169, 0, 0
910010, 3054648, 0, 0
911002, 2907480, 0, 0
912031, 2832140, 0, 0
913049, 2954154, 0, 0
914007, 2937200, 0, 0
915054, 2889172, 0, 0
916038, 2858483, 0, 0
917027, 3217170, 0, 0
918035, 3303500, 0, 0
919019, 2699980, 0, 0
920009, 2926723, 0, 0
921054, 2934216, 0, 0
922052, 3086174, 0, 0
923024, 2872530, 0, 0
924044, 3090022, 0, 0
925009, 3040454, 0, 0
926026, 3155461, 0, 0
927004, 2998144, 0, 0
928021, 3144531, 0, 0
929001, 2932868, 0, 0
930001, 2893991, 0, 0
931036, 3162217, 0, 0
932032, 3101305, 0, 0
933024, 2983667, 0, 0
934002, 3313227, 0, 0
935058, 3329114, 0, 0
936003, 3007434, 0, 0
937003, 2930152, 0, 0
938027, 3205867, 0, 0
939009, 3207750, 0, 0
940007, 3115672, 0, 0
941018, 3155877, 0, 0
942007, 3328524, 0, 0
943031, 3237192, 0, 0
944054, 3417906, 0, 0
945024, 3200364, 0, 0
946041, 2903294, 0, 0
947010, 3326614, 0, 0
948020, 3103074, 0, 0
949054, 3260161, 0, 0
950030, 3434636, 0, 0
951015, 2981196, 0, 0
952038, 3223206, 0, 0
953013, 3581900, 0, 0
954040, 3918457, 0, 0
955048, 2742358, 0, 0
956017, 3409655, 0, 0
957001, 3474922, 0, 0
958020, 3475512, 0, 0
959017, 2869721, 0, 0
960041, 3457845, 0, 0
961018, 3498946, 0, 0
962022, 3319660, 0, 0
963002, 3118478, 0, 0
964022, 3409960, 0, 0
965000, 3568435, 0, 0
966049, 3743060, 0, 0
967003, 3403720, 0, 0
968011, 3355045, 0, 0
969019, 3523586, 0, 0
970046, 3288637, 0, 0
971006, 3388002, 0, 0
972016, 3543499, 0, 0
973046, 3755875, 0, 0
974053, 3646616, 0, 0
975018, 3608276, 0, 0
976045, 3490640, 0, 0
977027, 3066783, 0, 0
978046, 3161328, 0, 0
979010, 3441536, 0, 0
980003, 3272613, 0, 0
981045, 3628005, 0, 0
982002, 3503281, 0, 0
983043, 3513589, 0, 0
984000, 3319915, 0, 0
985013, 3792308, 0, 0
986023, 3386292, 0, 0
987023, 3859707, 0, 0
988029, 3489330, 0, 0
989033, 3771872, 0, 0
990038, 3599556, 0, 0
991027, 3891056, 0, 0
992030, 4210558, 0, 0
993012, 3690731, 0, 0
994026, 3504819, 0, 0
995003, 3698250, 0, 0
996020, 3667872, 0, 0
997009, 4169790, 0, 0
998017, 3716302, 0, 0
999049, 3348166, 0, 0
1000050, 3486464, 0, 0
1001039, 3771356, 0, 0
1002007, 3931906, 0, 0
1003043, 3685083, 0, 0
1004027, 4218338, 0, 0
1005046, 3800323, 0, 0
1006017, 3928715, 0, 0
1007044, 3946026, 0, 0
1008037, 3817613, 0, 0
1009025, 4507226, 0, 0
1010040, 3699877, 0, 0
1011008, 4046918, 0, 0
1012000, 3981182, 0, 0
1013020, 4144308, 0, 0
1014057, 3868474, 0, 0
1015006, 3748839, 0, 0
1016012, 3777591, 0, 0
1017032, 4060854, 0, 0
1018004, 3808144, 0, 0
1019031, 3718872, 0, 0
1020021, 4193447, 0, 0
1021002, 4224414, 0, 0
1022035, 4372982, 0, 0
1023040, 4350152, 0, 0
1024019, 4292131, 0, 0
1025023, 4477225, 0, 0
1026023, 4077491, 0, 0
1027014, 4268914, 0, 0
1028028, 4086314, 0, 0
1029001, 4021116, 0, 0
1030001, 4501357, 0, 0
1031024, 4021937, 0, 0
1032042, 3944021, 0, 0
1033039, 4205751, 0, 0
1034008, 4084186, 0, 0
1035043, 4008986, 0, 0
1036039, 3998885, 0, 0
1037043, 4304897, 0, 0
1038053, 3808527, 0, 0
1039048, 4584959, 0, 0
1040021, 4171595, 0, 0
1041002, 3983263, 0, 0
1042016, 4425544, 0, 0
1043042, 4120915, 0, 0
1044002, 3976526, 0, 0
1045038, 4261846, 0, 0
1046055, 4557873, 0, 0
1047053, 3942518, 0, 0
1048043, 4560340, 0, 0
1049010, 4353355, 0, 0
1050026, 4193708, 0, 0
1051021, 3885570, 0, 0
1052000, 3719358, 0, 0
1053012, 3996296, 0, 0
1054020, 3920986, 0, 0
1055034, 4237585, 0, 0
1056056, 4326292, 0, 0
1057017, 3782672, 0, 0
1058030, 4291557, 0, 0
1059040, 4647121, 0, 0
1060004, 4502739, 0, 0
1061039, 4091094, 0, 0
1062033, 4620136, 0, 0
1063051, 4498885, 0, 0
1064026, 4512799, 0, 0
1065055, 4590884, 0, 0
1066026, 4552299, 0, 0
1067047, 4164854, 0, 0
1068019, 4316605, 0, 0
1069003, 4240988, 0, 0
1070044, 4426620, 0, 0
1071022, 4677556, 0, 0
1072031, 4712521, 0, 0
1073029, 4470842, 0, 0
1074033, 4323342, 0, 0
1075033, 4112415, 0, 0
1076011, 4090977, 0, 0
1077024, 4097933, 0, 0
1078003, 4023392, 0, 0
1079058, 4137288, 0, 0
1080050, 4288782, 0, 0
1081018, 4673511, 0, 0
1082004, 4852361, 0, 0
1083022, 4237838, 0, 0
1084015, 4205698, 0, 0
1085024, 3985829, 0, 0
1086010, 4624703, 0, 0
1087019, 3940074, 0, 0
1088049, 4147102, 0, 0
1089037, 3968699, 0, 0
1090013, 4274575, 0, 0
1091060, 4843598, 0, 0
1092050, 4497859, 0, 0
1093031, 4227307, 0, 0
1094047, 4394988, 0, 0
1095017, 4327030, 0, 0
1096026, 4441055, 0, 0
1097016, 4104992, 0, 0
1098017, 4633569, 0, 0
1099003, 3987408, 0, 0
1100040, 4030448, 0, 0
1101060, 4415418, 0, 0
1102003, 4403294, 0, 0
1103024, 3985060, 0, 0
1104018, 3866042, 0, 0
1105051, 4281161, 0, 0
1106045, 3896871, 0, 0
1107009, 4340348, 0, 0
1108037, 4485816, 0, 0
1109032, 4303521, 0, 0
1110027, 4457067, 0, 0
1111048, 4271422, 0, 0
1112007, 4130964, 0, 0
1113015, 4557403, 0, 0
1114048, 4465545, 0, 0
1115011, 4148320, 0, 0
1116043, 4062412, 0, 0
1117011, 3915116, 0, 0
1118024, 4084259, 0, 0
1119019, 4142876, 0, 0
1120027, 4285583, 0, 0
1121048, 4321220, 0, 0
1122000, 4405258, 0, 0
1123011, 4318632, 0, 0
1124057, 4506817, 0, 0
1125057, 4250868, 0, 0
1126024, 4202103, 0, 0
1127020, 4272036, 0, 0
1128051, 3930790, 0, 0
1129003, 4226885, 0, 0
1130041, 3958733, 0, 0
1131025, 4046367, 0, 0
1132027, 4414611, 0, 0
1133006, 4569783, 0, 0
1134007, 3952178, 0, 0
1135004, 4205702, 0, 0
1136023, 4312933, 0, 0
1137006, 4216946, 0, 0
1138061, 4216223, 0, 0
1139036, 4946119, 0, 0
1140010, 4231099, 0, 0
1141053, 4341983, 0, 0
1142046, 3921379, 0, 0
1143036, 3987759, 0, 0
1144004, 3900472, 0, 0
1145047, 4134083, 0, 0
1146031, 4168836, 0, 0
1147034, 4208986, 0, 0
1148033, 4515949, 0, 0
1149017, 4276064, 0, 0
1150010, 4221503, 0, 0
1151005, 4108113, 0, 0
1152049, 4077987, 0, 0
1153046, 4507673, 0, 0
1154001, 4747955, 0, 0
1155055, 4478441, 0, 0
1156025, 4059474, 0, 0
1157042, 4286942, 0, 0
1158049, 4575504, 0, 0
1159013, 3836028, 0, 0
1160019, 4447259, 0, 0
1161013, 4338362, 0, 0
1162053, 4579369, 0, 0
1163055, 4137244, 0, 0
1164013, 4372425, 0, 0
1165010, 4102430, 0, 0
1166035, 4655781, 0, 0
1167055, 4853069, 0, 0
1168014, 4438174, 0, 0
1169008, 4153656, 0, 0
1170008, 4288613, 0, 0
1171029, 4494900, 0, 0
1172026, 4312854, 0, 0
1173036, 4448075, 0, 0
1174052, 4317809, 0, 0
1175043, 4423598, 0, 0
1176045, 4088042, 0, 0
1177060, 4694635, 0, 0
1178009, 3900337, 0, 0
1179045, 4792383, 0, 0
1180010, 3612950, 0, 0
1181034, 4027590, 0, 0
1182022, 4428463, 0, 0
1183046, 4030169, 0, 0
1184019, 3872008, 0, 0
1185026, 4414269, 0, 0
1186002, 5032243, 0, 0
1187013, 4262739, 0, 0
1188029, 4812359, 0, 0
1189029, 3769832, 0, 0
1190013, 4095118, 0, 0
1191018, 4877185, 0, 0
1192031, 4711567, 0, 0
1193017, 3877570, 0, 0
1194048, 4663982, 0, 0
1195046, 4316692, 0, 0
1196048, 4003699, 0, 0
1197000, 4596681, 0, 0
1198036, 4315992, 0, 0
1199015, 4507243, 0, 0
1200003, 4063321, 0, 0
