1000, 90, 0, 0
1999, 145, 0, 0
3000, 145, 0, 0
3999, 129, 0, 0
4999, 146, 0, 0
6000, 146, 0, 0
6999, 128, 0, 0
7999, 146, 0, 0
9000, 146, 0, 0
9999, 137, 0, 0
10999, 156, 0, 0
12000, 146, 0, 0
12999, 138, 0, 0
14000, 142, 0, 0
15000, 146, 0, 0
15999, 146, 0, 0
17000, 146, 0, 0
17999, 130, 0, 0
18999, 146, 0, 0
20000, 138, 0, 0
20999, 146, 0, 0
21999, 147, 0, 0
23000, 147, 0, 0
23999, 145, 0, 0
25000, 147, 0, 0
26000, 149, 0, 0
26999, 149, 0, 0
28000, 139, 0, 0
29000, 140, 0, 0
29999, 150, 0, 0
31000, 148, 0, 0
31999, 142, 0, 0
32999, 145, 0, 0
34000, 149, 0, 0
34999, 150, 0, 0
36000, 147, 0, 0
37000, 147, 0, 0
37999, 144, 0, 0
39000, 149, 0, 0
39999, 146, 0, 0
40999, 153, 0, 0
42000, 141, 0, 0
42999, 163, 0, 0
43999, 146, 0, 0
45000, 153, 0, 0
45999, 142, 0, 0
47000, 145, 0, 0
48000, 146, 0, 0
48999, 151, 0, 0
50000, 155, 0, 0
51000, 153, 0, 0
51999, 138, 0, 0
53000, 151, 0, 0
53999, 147, 0, 0
54999, 154, 0, 0
56000, 141, 0, 0
56999, 149, 0, 0
58000, 153, 0, 0
59000, 151, 0, 0
59999, 159, 0, 0
61000, 144, 0, 0
61999, 153, 0, 0
63000, 160, 0, 0
64000, 160, 0, 0
64999, 160, 0, 0
66000, 149, 0, 0
67000, 162, 0, 0
67999, 146, 0, 0
69000, 161, 0, 0
70000, 156, 0, 0
70999, 168, 0, 0
72000, 151, 0, 0
72999, 142, 0, 0
73999, 157, 0, 0
75000, 165, 0, 0
75999, 156, 0, 0
77000, 152, 0, 0
78000, 149, 0, 0
78999, 153, 0, 0
80000, 162, 0, 0
80999, 148, 0, 0
81999, 159, 0, 0
83000, 148, 0, 0
83999, 160, 0, 0
85000, 158, 0, 0
86000, 171, 0, 0
86999, 162, 0, 0
88000, 162, 0, 0
89000, 160, 0, 0
89999, 149, 0, 0
91000, 159, 0, 0
92000, 155, 0, 0
92999, 163, 0, 0
94000, 151, 0, 0
94999, 174, 0, 0
95999, 156, 0, 0
97000, 170, 0, 0
97999, 158, 0, 0
99000, 166, 0, 0
100000, 168, 0, 0
100999, 159, 0, 0
102000, 168, 0, 0
103000, 165, 0, 0
103999, 160, 0, 0
105000, 167, 0, 0
105999, 166, 0, 0
107000, 164, 0, 0
108000, 162, 0, 0
108999, 160, 0, 0
109999, 161, 0, 0
111000, 161, 0, 0
111999, 157, 0, 0
113000, 172, 0, 0
114000, 161, 0, 0
114999, 162, 0, 0
116000, 180, 0, 0
116999, 164, 0, 0
117999, 174, 0, 0
119000, 155, 0, 0
119999, 164, 0, 0
121000, 172, 0, 0
122000, 178, 0, 0
122999, 165, 0, 0
124000, 158, 0, 0
124999, 161, 0, 0
125999, 164, 0, 0
127000, 180, 0, 0
127999, 169, 0, 0
129000, 186, 0, 0
130000, 170, 0, 0
130999, 175, 0, 0
132000, 177, 0, 0
132999, 182, 0, 0
133999, 154, 0, 0
135000, 177, 0, 0
135999, 181, 0, 0
137000, 170, 0, 0
138000, 162, 0, 0
138999, 167, 0, 0
140000, 190, 0, 0
140999, 169, 0, 0
141999, 167, 0, 0
143000, 174, 0, 0
143999, 177, 0, 0
145000, 176, 0, 0
146000, 168, 0, 0
146999, 177, 0, 0
148000, 183, 0, 0
149000, 178, 0, 0
149999, 173, 0, 0
151000, 182, 0, 0
151999, 180, 0, 0
152999, 162, 0, 0
154000, 184, 0, 0
154999, 169, 0, 0
156000, 171, 0, 0
157000, 180, 0, 0
157999, 171, 0, 0
159000, 166, 0, 0
160000, 195, 0, 0
160999, 188, 0, 0
162000, 170, 0, 0
162999, 183, 0, 0
164000, 186, 0, 0
165000, 169, 0, 0
165999, 170, 0, 0
167000, 186, 0, 0
168000, 188, 0, 0
168999, 179, 0, 0
170000, 174, 0, 0
170999, 192, 0, 0
171999, 169, 0, 0
173000, 194, 0, 0
173999, 179, 0, 0
175000, 202, 0, 0
175999, 182, 0, 0
176999, 199, 0, 0
178000, 176, 0, 0
178999, 189, 0, 0
179999, 187, 0, 0
181000, 188, 0, 0
181999, 168, 0, 0
183000, 187, 0, 0
184000, 197, 0, 0
184999, 189, 0, 0
186000, 190, 0, 0
186999, 185, 0, 0
187999, 189, 0, 0
189000, 199, 0, 0
189999, 196, 0, 0
191000, 200, 0, 0
192000, 206, 0, 0
192999, 210, 0, 0
194000, 186, 0, 0
195000, 191, 0, 0
195999, 205, 0, 0
197000, 190, 0, 0
197999, 196, 0, 0
198999, 200, 0, 0
200000, 171, 0, 0
200999, 182, 0, 0
202000, 188, 0, 0
203000, 179, 0, 0
203999, 213, 0, 0
205000, 192, 0, 0
205999, 176, 0, 0
207000, 205, 0, 0
208000, 196, 0, 0
208999, 208, 0, 0
210000, 194, 0, 0
211000, 202, 0, 0
211999, 198, 0, 0
213000, 195, 0, 0
213999, 187, 0, 0
214999, 212, 0, 0
216000, 212, 0, 0
217000, 196, 0, 0
217999, 192, 0, 0
219000, 190, 0, 0
219999, 195, 0, 0
221000, 198, 0, 0
222000, 196, 0, 0
222999, 206, 0, 0
224000, 197, 0, 0
225000, 186, 0, 0
225999, 190, 0, 0
227000, 202, 0, 0
227999, 196, 0, 0
228999, 204, 0, 0
230000, 197, 0, 0
230999, 209, 0, 0
232000, 185, 0, 0
233000, 233, 0, 0
233999, 182, 0, 0
235000, 206, 0, 0
235999, 215, 0, 0
236999, 204, 0, 0
238000, 218, 0, 0
238999, 206, 0, 0
240000, 208, 0, 0
241000, 212, 0, 0
241999, 198, 0, 0
243000, 201, 0, 0
243999, 196, 0, 0
244999, 212, 0, 0
246000, 219, 0, 0
246999, 221, 0, 0
248000, 184, 0, 0
249000, 192, 0, 0
249999, 183, 0, 0
251000, 238, 0, 0
251999, 190, 0, 0
252999, 193, 0, 0
254000, 220, 0, 0
254999, 195, 0, 0
256000, 206, 0, 0
257000, 206, 0, 0
257999, 223, 0, 0
259000, 216, 0, 0
259999, 222, 0, 0
260999, 240, 0, 0
262000, 200, 0, 0
262999, 203, 0, 0
264000, 214, 0, 0
265000, 208, 0, 0
265999, 226, 0, 0
267000, 201, 0, 0
267999, 219, 0, 0
268999, 211, 0, 0
270000, 226, 0, 0
270999, 226, 0, 0
271999, 226, 0, 0
273000, 191, 0, 0
273999, 223, 0, 0
275000, 233, 0, 0
276000, 249, 0, 0
276999, 257, 0, 0
278000, 200, 0, 0
279000, 227, 0, 0
279999, 245, 0, 0
281000, 237, 0, 0
282000, 220, 0, 0
282999, 233, 0, 0
284000, 219, 0, 0
284999, 206, 0, 0
286000, 206, 0, 0
287000, 221, 0, 0
287999, 221, 0, 0
288999, 211, 0, 0
290000, 227, 0, 0
290999, 222, 0, 0
292000, 229, 0, 0
293000, 243, 0, 0
293999, 244, 0, 0
295000, 229, 0, 0
296000, 263, 0, 0
296999, 227, 0, 0
298000, 228, 0, 0
299000, 248, 0, 0
299999, 241, 0, 0
301000, 238, 0, 0
301999, 222, 0, 0
302999, 238, 0, 0
304000, 251, 0, 0
304999, 222, 0, 0
306000, 238, 0, 0
307000, 255, 0, 0
307999, 244, 0, 0
309000, 209, 0, 0
309999, 267, 0, 0
310999, 273, 0, 0
312000, 231, 0, 0
312999, 249, 0, 0
314000, 252, 0, 0
314999, 242, 0, 0
315999, 241, 0, 0
317000, 252, 0, 0
318000, 250, 0, 0
318999, 235, 0, 0
320000, 261, 0, 0
320999, 262, 0, 0
321999, 247, 0, 0
323000, 243, 0, 0
323999, 262, 0, 0
325000, 259, 0, 0
326000, 250, 0, 0
326999, 242, 0, 0
328000, 250, 0, 0
328999, 257, 0, 0
329999, 232, 0, 0
331000, 235, 0, 0
331999, 269, 0, 0
333000, 242, 0, 0
334000, 274, 0, 0
334999, 265, 0, 0
336000, 237, 0, 0
336999, 278, 0, 0
338000, 261, 0, 0
339000, 275, 0, 0
339999, 288, 0, 0
341000, 254, 0, 0
342000, 234, 0, 0
342999, 272, 0, 0
344000, 240, 0, 0
344999, 283, 0, 0
345999, 287, 0, 0
347000, 232, 0, 0
347999, 261, 0, 0
349000, 255, 0, 0
350000, 282, 0, 0
350999, 273, 0, 0
352000, 265, 0, 0
353000, 243, 0, 0
353999, 233, 0, 0
355000, 281, 0, 0
355999, 244, 0, 0
356999, 267, 0, 0
358000, 276, 0, 0
358999, 263, 0, 0
359999, 277, 0, 0
361000, 292, 0, 0
361999, 299, 0, 0
362999, 294, 0, 0
364000, 288, 0, 0
364999, 296, 0, 0
366000, 274, 0, 0
366999, 273, 0, 0
367999, 266, 0, 0
369000, 228, 0, 0
369999, 260, 0, 0
370999, 301, 0, 0
372000, 306, 0, 0
372999, 330, 0, 0
373999, 263, 0, 0
375000, 283, 0, 0
375999, 284, 0, 0
377000, 307, 0, 0
377999, 257, 0, 0
378999, 318, 0, 0
380000, 272, 0, 0
380999, 288, 0, 0
381999, 293, 0, 0
383000, 308, 0, 0
383999, 251, 0, 0
385000, 353, 0, 0
386000, 320, 0, 0
386999, 286, 0, 0
388000, 318, 0, 0
389000, 277, 0, 0
389999, 298, 0, 0
391000, 306, 0, 0
391999, 308, 0, 0
392999, 318, 0, 0
394000, 272, 0, 0
394999, 303, 0, 0
395999, 287, 0, 0
397000, 339, 0, 0
397999, 294, 0, 0
399000, 289, 0, 0
400000, 305, 0, 0
400999, 288, 0, 0
402000, 304, 0, 0
403000, 301, 0, 0
403999, 269, 0, 0
405000, 297, 0, 0
405999, 318, 0, 0
406999, 326, 0, 0
408000, 298, 0, 0
408999, 302, 0, 0
410000, 304, 0, 0
411000, 334, 0, 0
411999, 296, 0, 0
413000, 318, 0, 0
414000, 324, 0, 0
414999, 307, 0, 0
416000, 339, 0, 0
417000, 299, 0, 0
417999, 317, 0, 0
419000, 312, 0, 0
420000, 285, 0, 0
420999, 348, 0, 0
422000, 323, 0, 0
422999, 347, 0, 0
423999, 307, 0, 0
425000, 301, 0, 0
425999, 310, 0, 0
427000, 299, 0, 0
428000, 352, 0, 0
428999, 282, 0, 0
430000, 339, 0, 0
431000, 314, 0, 0
431999, 342, 0, 0
433000, 363, 0, 0
434000, 328, 0, 0
434999, 358, 0, 0
436000, 369, 0, 0
437000, 325, 0, 0
437999, 333, 0, 0
439000, 370, 0, 0
440000, 336, 0, 0
440999, 373, 0, 0
442000, 438, 0, 0
443000, 350, 0, 0
443999, 313, 0, 0
445000, 356, 0, 0
445999, 310, 0, 0
446999, 362, 0, 0
448000, 357, 0, 0
449000, 332, 0, 0
449999, 381, 0, 0
451000, 371, 0, 0
451999, 337, 0, 0
453000, 301, 0, 0
454000, 381, 0, 0
454999, 349, 0, 0
456000, 353, 0, 0
457000, 338, 0, 0
457999, 366, 0, 0
459000, 398, 0, 0
459999, 371, 0, 0
460999, 310, 0, 0
462000, 353, 0, 0
463000, 340, 0, 0
463999, 351, 0, 0
465000, 356, 0, 0
465999, 429, 0, 0
466999, 384, 0, 0
468000, 312, 0, 0
468999, 378, 0, 0
469999, 402, 0, 0
471000, 363, 0, 0
471999, 364, 0, 0
473000, 404, 0, 0
474000, 362, 0, 0
474999, 395, 0, 0
476000, 389, 0, 0
477000, 357, 0, 0
477999, 373, 0, 0
479000, 362, 0, 0
480000, 428, 0, 0
481000, 470, 0, 0
481999, 417, 0, 0
483000, 365, 0, 0
484000, 435, 0, 0
484999, 419, 0, 0
486000, 351, 0, 0
487000, 426, 0, 0
487999, 366, 0, 0
489000, 358, 0, 0
489999, 436, 0, 0
490999, 409, 0, 0
492000, 409, 0, 0
493000, 454, 0, 0
493999, 363, 0, 0
495000, 383, 0, 0
496000, 389, 0, 0
496999, 425, 0, 0
498000, 462, 0, 0
499000, 452, 0, 0
499999, 402, 0, 0
501000, 448, 0, 0
502000, 446, 0, 0
502999, 431, 0, 0
504000, 413, 0, 0
504999, 417, 0, 0
505999, 450, 0, 0
507000, 508, 0, 0
507999, 438, 0, 0
508999, 466, 0, 0
510000, 417, 0, 0
510999, 452, 0, 0
511999, 438, 0, 0
513000, 433, 0, 0
513999, 471, 0, 0
514999, 425, 0, 0
516000, 422, 0, 0
516999, 491, 0, 0
518000, 444, 0, 0
519000, 466, 0, 0
519999, 428, 0, 0
521000, 446, 0, 0
522000, 478, 0, 0
522999, 500, 0, 0
524000, 507, 0, 0
524999, 504, 0, 0
525999, 415, 0, 0
527000, 469, 0, 0
527999, 485, 0, 0
528999, 506, 0, 0
530000, 452, 0, 0
530999, 479, 0, 0
532000, 520, 0, 0
533000, 502, 0, 0
533999, 477, 0, 0
535000, 518, 0, 0
536000, 542, 0, 0
536999, 494, 0, 0
538000, 536, 0, 0
538999, 578, 0, 0
539999, 454, 0, 0
541000, 553, 0, 0
541999, 533, 0, 0
543000, 453, 0, 0
544000, 558, 0, 0
544999, 572, 0, 0
546000, 439, 0, 0
547000, 484, 0, 0
547999, 491, 0, 0
549000, 619, 0, 0
549999, 445, 0, 0
550999, 505, 0, 0
552000, 544, 0, 0
552999, 546, 0, 0
554000, 523, 0, 0
555000, 585, 0, 0
555999, 586, 0, 0
557000, 512, 0, 0
558000, 588, 0, 0
558999, 676, 0, 0
560000, 591, 0, 0
560999, 627, 0, 0
561999, 642, 0, 0
563000, 493, 0, 0
563999, 576, 0, 0
565000, 525, 0, 0
566000, 584, 0, 0
566999, 491, 0, 0
568000, 669, 0, 0
568999, 608, 0, 0
569999, 618, 0, 0
571000, 662, 0, 0
571999, 650, 0, 0
572999, 708, 0, 0
574000, 541, 0, 0
574999, 525, 0, 0
576000, 478, 0, 0
576999, 591, 0, 0
577999, 559, 0, 0
579000, 504, 0, 0
579999, 747, 0, 0
580999, 675, 0, 0
582000, 666, 0, 0
582999, 592, 0, 0
583999, 611, 0, 0
585000, 641, 0, 0
586000, 685, 0, 0
586999, 691, 0, 0
588000, 624, 0, 0
589000, 651, 0, 0
589999, 567, 0, 0
591000, 734, 0, 0
592000, 668, 0, 0
592999, 648, 0, 0
594000, 668, 0, 0
595000, 744, 0, 0
595999, 652, 0, 0
597000, 696, 0, 0
598000, 675, 0, 0
598999, 706, 0, 0
600000, 770, 0, 0
600999, 785, 0, 0
602000, 654, 0, 0
603000, 700, 0, 0
603999, 768, 0, 0
605000, 663, 0, 0
605999, 916, 0, 0
606999, 714, 0, 0
608000, 727, 0, 0
608999, 668, 0, 0
609999, 797, 0, 0
611000, 809, 0, 0
611999, 694, 0, 0
612999, 678, 0, 0
614000, 700, 0, 0
614999, 759, 0, 0
615999, 849, 0, 0
617000, 712, 0, 0
617999, 838, 0, 0
619000, 642, 0, 0
620000, 713, 0, 0
620999, 831, 0, 0
622000, 639, 0, 0
623000, 846, 0, 0
623999, 776, 0, 0
625000, 665, 0, 0
626000, 693, 0, 0
626999, 802, 0, 0
628000, 797, 0, 0
628999, 796, 0, 0
630000, 667, 0, 0
631000, 724, 0, 0
631999, 679, 0, 0
633000, 667, 0, 0
634000, 714, 0, 0
634999, 710, 0, 0
636000, 742, 0, 0
636999, 749, 0, 0
637999, 779, 0, 0
639000, 743, 0, 0
639999, 805, 0, 0
641000, 762, 0, 0
642000, 835, 0, 0
642999, 730, 0, 0
644000, 678, 0, 0
645000, 724, 0, 0
645999, 805, 0, 0
647000, 837, 0, 0
648000, 793, 0, 0
648999, 868, 0, 0
650000, 807, 0, 0
651000, 637, 0, 0
651999, 791, 0, 0
652999, 815, 0, 0
654000, 785, 0, 0
654999, 947, 0, 0
656000, 754, 0, 0
657000, 865, 0, 0
657999, 803, 0, 0
659000, 671, 0, 0
659999, 760, 0, 0
660999, 740, 0, 0
662000, 768, 0, 0
662999, 842, 0, 0
663999, 742, 0, 0
665000, 680, 0, 0
665999, 787, 0, 0
667000, 778, 0, 0
668000, 829, 0, 0
668999, 868, 0, 0
670000, 880, 0, 0
671000, 950, 0, 0
671999, 860, 0, 0
673000, 778, 0, 0
673999, 791, 0, 0
674999, 749, 0, 0
676000, 926, 0, 0
676999, 902, 0, 0
678000, 905, 0, 0
679000, 726, 0, 0
679999, 872, 0, 0
681000, 953, 0, 0
682000, 801, 0, 0
682999, 918, 0, 0
684000, 774, 0, 0
685000, 912, 0, 0
685999, 901, 0, 0
687000, 889, 0, 0
688000, 842, 0, 0
688999, 1053, 0, 0
690000, 869, 0, 0
691000, 1010, 0, 0
691999, 1025, 0, 0
693000, 840, 0, 0
694000, 1124, 0, 0
694999, 1066, 0, 0
696000, 863, 0, 0
696999, 1201, 0, 0
697999, 928, 0, 0
699000, 1098, 0, 0
700000, 1208, 0, 0
700999, 1080, 0, 0
702000, 1529, 0, 0
702999, 907, 0, 0
703999, 988, 0, 0
705000, 1036, 0, 0
705999, 1112, 0, 0
706999, 1226, 0, 0
708000, 1227, 0, 0
708999, 1141, 0, 0
710000, 1243, 0, 0
710999, 960, 0, 0
711999, 1124, 0, 0
712999, 1154, 0, 0
714000, 1250, 0, 0
714999, 1236, 0, 0
716000, 1272, 0, 0
717000, 1370, 0, 0
717999, 1161, 0, 0
719000, 1121, 0, 0
720000, 1158, 0, 0
720999, 1269, 0, 0
721999, 1356, 0, 0
723000, 1315, 0, 0
723999, 1212, 0, 0
725000, 1404, 0, 0
726000, 1511, 0, 0
726999, 1220, 0, 0
727999, 1381, 0, 0
729000, 1371, 0, 0
729999, 1530, 0, 0
731000, 1262, 0, 0
732000, 1704, 0, 0
732999, 1527, 0, 0
734000, 1696, 0, 0
735000, 1808, 0, 0
735999, 1545, 0, 0
737000, 1797, 0, 0
738000, 1566, 0, 0
738999, 2212, 0, 0
740000, 1406, 0, 0
741000, 1469, 0, 0
741999, 1824, 0, 0
743000, 2088, 0, 0
743999, 1935, 0, 0
744999, 1721, 0, 0
746000, 1879, 0, 0
746999, 1902, 0, 0
747999, 2013, 0, 0
749000, 2024, 0, 0
749999, 2046, 0, 0
750999, 1975, 0, 0
752000, 1999, 0, 0
752999, 2215, 0, 0
754000, 2835, 0, 0
754999, 2631, 0, 0
755999, 2086, 0, 0
757000, 2318, 0, 0
757999, 2387, 0, 0
758999, 2100, 0, 0
760000, 2699, 0, 0
760999, 2690, 0, 0
762000, 2906, 0, 0
763000, 2865, 0, 0
763999, 3177, 0, 0
765000, 2722, 0, 0
766000, 3129, 0, 0
766999, 3690, 0, 0
768000, 3846, 0, 0
769000, 3526, 0, 0
769999, 3127, 0, 0
770999, 3650, 0, 0
772000, 3055, 0, 0
772999, 2677, 0, 0
774000, 3771, 0, 0
775000, 3872, 0, 0
775999, 4114, 0, 0
776999, 3893, 0, 0
778000, 5219, 0, 0
778999, 5001, 0, 0
779999, 4836, 0, 0
781000, 5930, 0, 0
781999, 7923, 0, 0
782999, 4949, 0, 0
784000, 5857, 0, 0
784999, 8299, 0, 0
786000, 6106, 0, 0
787000, 5474, 0, 0
787999, 7434, 0, 0
788999, 10012, 0, 0
790000, 11348, 0, 0
790999, 10691, 0, 0
791999, 10050, 0, 0
793000, 18169, 0, 0
794000, 20260, 0, 0
794999, 22715, 0, 0
795999, 20843, 0, 0
797000, 35118, 0, 0
798000, 60022, 0, 0
799000, 92573, 0, 0
799999, 97040, 0, 0
800999, 97679, 0, 0
802000, 96505, 0, 0
803000, 97075, 0, 0
804000, 96631, 0, 0
805000, 96874, 0, 0
805999, 97040, 0, 0
807000, 96240, 0, 0
808000, 97098, 0, 0
809000, 97016, 0, 0
810000, 96931, 0, 0
810999, 96893, 0, 0
812000, 97150, 0, 0
813000, 97021, 0, 0
814000, 96799, 0, 0
815000, 97117, 0, 0
815999, 97475, 0, 0
817000, 96573, 0, 0
818000, 97048, 0, 0
819000, 97228, 0, 0
820000, 96971, 0, 0
820999, 96936, 0, 0
822000, 97100, 0, 0
823000, 97034, 0, 0
824000, 96342, 0, 0
825000, 97070, 0, 0
825999, 96754, 0, 0
827000, 96524, 0, 0
828000, 96155, 0, 0
829000, 96609, 0, 0
830000, 96373, 0, 0
830999, 96647, 0, 0
832000, 96631, 0, 0
833000, 75668, 0, 0
834000, 96624, 0, 0
835000, 97088, 0, 0
835999, 97389, 0, 0
837000, 97604, 0, 0
838000, 96845, 0, 0
839000, 97322, 0, 0
840000, 97270, 0, 0
840999, 97220, 0, 0
842000, 97079, 0, 0
843000, 97214, 0, 0
844000, 96919, 0, 0
845000, 96508, 0, 0
846000, 96606, 0, 0
847000, 96516, 0, 0
848001, 96368, 0, 0
849000, 96662, 0, 0
850000, 96373, 0, 0
851000, 96302, 0, 0
852000, 96513, 0, 0
853000, 95802, 0, 0
854000, 96207, 0, 0
855001, 96482, 0, 0
856000, 96400, 0, 0
857000, 96119, 0, 0
858000, 96872, 0, 0
859000, 96547, 0, 0
860000, 96270, 0, 0
861000, 96285, 0, 0
862001, 96842, 0, 0
863000, 96694, 0, 0
864000, 96035, 0, 0
865000, 96412, 0, 0
866000, 96922, 0, 0
867000, 97192, 0, 0
868000, 96875, 0, 0
869000, 96783, 0, 0
870000, 96897, 0, 0
871000, 97046, 0, 0
872000, 96839, 0, 0
873000, 96462, 0, 0
874000, 94885, 0, 0
875000, 97164, 0, 0
876000, 96749, 0, 0
877000, 96646, 0, 0
878000, 97238, 0, 0
879000, 97089, 0, 0
880000, 96913, 0, 0
881000, 96429, 0, 0
882000, 97102, 0, 0
883000, 96766, 0, 0
884001, 97288, 0, 0
885000, 97028, 0, 0
886000, 97090, 0, 0
887000, 96986, 0, 0
888000, 96781, 0, 0
889000, 96433, 0, 0
890000, 97247, 0, 0
891000, 85319, 0, 0
892001, 88057, 0, 0
893000, 96608, 0, 0
894000, 96725, 0, 0
895000, 96383, 0, 0
896000, 96695, 0, 0
897000, 97122, 0, 0
898000, 97104, 0, 0
899000, 96728, 0, 0
900000, 96714, 0, 0
901000, 96588, 0, 0
902000, 95971, 0, 0
903000, 96444, 0, 0
904000, 96439, 0, 0
905000, 96251, 0, 0
906000, 96275, 0, 0
907000, 96599, 0, 0
908000, 96880, 0, 0
909000, 96785, 0, 0
910001, 96912, 0, 0
911000, 96277, 0, 0
912000, 96772, 0, 0
913000, 96806, 0, 0
914000, 96947, 0, 0
914999, 97014, 0, 0
915999, 97207, 0, 0
916999, 97025, 0, 0
918000, 96831, 0, 0
918999, 96804, 0, 0
919999, 97329, 0, 0
920999, 97089, 0, 0
921999, 97447, 0, 0
922998, 97239, 0, 0
923998, 96672, 0, 0
924998, 97055, 0, 0
925998, 96799, 0, 0
926998, 97021, 0, 0
927998, 97267, 0, 0
928998, 96948, 0, 0
929997, 96706, 0, 0
930997, 97017, 0, 0
931997, 97104, 0, 0
932997, 96969, 0, 0
933997, 96462, 0, 0
934997, 96605, 0, 0
935997, 96551, 0, 0
936996, 96585, 0, 0
937996, 97310, 0, 0
938996, 96877, 0, 0
939996, 97130, 0, 0
940996, 96906, 0, 0
941996, 97241, 0, 0
942996, 97069, 0, 0
943996, 97069, 0, 0
944995, 96889, 0, 0
945995, 96855, 0, 0
946995, 97348, 0, 0
947995, 97091, 0, 0
948995, 95689, 0, 0
949995, 75225, 0, 0
950995, 97193, 0, 0
951994, 97263, 0, 0
952994, 97732, 0, 0
953994, 97393, 0, 0
954994, 98068, 0, 0
955993, 97454, 0, 0
956994, 96631, 0, 0
957994, 97414, 0, 0
958994, 97544, 0, 0
959993, 97715, 0, 0
960993, 97549, 0, 0
961993, 97573, 0, 0
962993, 98024, 0, 0
963993, 97791, 0, 0
964993, 97775, 0, 0
965993, 97926, 0, 0
966992, 97639, 0, 0
967992, 97859, 0, 0
968992, 98047, 0, 0
969992, 98049, 0, 0
970991, 97271, 0, 0
971992, 97634, 0, 0
972992, 97631, 0, 0
973992, 97224, 0, 0
974991, 97689, 0, 0
975991, 96679, 0, 0
976991, 97556, 0, 0
978000, 97856, 0, 0
978991, 96470, 0, 0
979991, 97694, 0, 0
980991, 97512, 0, 0
982000, 97642, 0, 0
983000, 97019, 0, 0
984000, 96968, 0, 0
984999, 97190, 0, 0
986000, 97709, 0, 0
987000, 97358, 0, 0
988000, 97356, 0, 0
989000, 97519, 0, 0
989999, 97318, 0, 0
991000, 97299, 0, 0
992000, 97812, 0, 0
993000, 97529, 0, 0
994000, 97025, 0, 0
994999, 96786, 0, 0
996000, 97273, 0, 0
997000, 96994, 0, 0
998000, 97211, 0, 0
999000, 97118, 0, 0
999999, 97195, 0, 0
1001000, 96341, 0, 0
1002000, 96845, 0, 0
1003000, 96107, 0, 0
1004000, 96871, 0, 0
1004999, 97158, 0, 0
1006000, 96574, 0, 0
1007000, 96839, 0, 0
1008000, 96896, 0, 0
1009000, 74609, 0, 0
1009999, 96417, 0, 0
1011000, 97309, 0, 0
1012000, 97118, 0, 0
1013000, 97211, 0, 0
1014000, 96900, 0, 0
1014999, 96413, 0, 0
1016000, 96818, 0, 0
1017000, 97400, 0, 0
1018000, 97158, 0, 0
1019000, 97357, 0, 0
1020000, 97278, 0, 0
1020999, 96969, 0, 0
1022000, 97099, 0, 0
1023000, 97286, 0, 0
1024000, 96746, 0, 0
1025000, 96755, 0, 0
1026000, 97199, 0, 0
1026999, 97241, 0, 0
1028000, 96792, 0, 0
1029000, 96970, 0, 0
1030000, 97005, 0, 0
1031000, 96980, 0, 0
1032000, 96747, 0, 0
1032999, 96515, 0, 0
1034000, 96634, 0, 0
1035000, 96566, 0, 0
1036000, 96681, 0, 0
1037000, 96360, 0, 0
1038000, 96385, 0, 0
1038999, 95903, 0, 0
1039999, 96023, 0, 0
1041000, 95909, 0, 0
1042000, 95756, 0, 0
1043000, 95730, 0, 0
1044000, 95115, 0, 0
1044999, 92230, 0, 0
1045999, 94113, 0, 0
1047000, 94331, 0, 0
1048000, 93842, 0, 0
1049000, 92884, 0, 0
1050000, 92164, 0, 0
1050999, 87817, 0, 0
1051999, 80178, 0, 0
1053000, 75366, 0, 0
1054000, 74787, 0, 0
1055000, 76091, 0, 0
1056000, 75807, 0, 0
1056999, 76217, 0, 0
1058000, 76068, 0, 0
1059000, 75877, 0, 0
1060000, 75951, 0, 0
1060999, 75885, 0, 0
1061999, 75952, 0, 0
1063000, 74964, 0, 0
1064000, 75875, 0, 0
1065000, 76161, 0, 0
1066000, 75937, 0, 0
1066999, 75933, 0, 0
1068000, 75907, 0, 0
1069000, 75769, 0, 0
1070000, 75846, 0, 0
1071000, 76002, 0, 0
1071999, 75943, 0, 0
1073000, 76016, 0, 0
1074000, 76084, 0, 0
1075000, 75977, 0, 0
1075999, 75842, 0, 0
1076999, 75927, 0, 0
1077999, 75929, 0, 0
1079000, 75956, 0, 0
1080000, 75946, 0, 0
1080999, 58755, 0, 0
1081999, 76099, 0, 0
1082999, 76276, 0, 0
1084000, 75838, 0, 0
1085000, 75846, 0, 0
1086000, 75895, 0, 0
1086999, 76018, 0, 0
1087999, 76157, 0, 0
1089000, 75992, 0, 0
1090000, 75988, 0, 0
1091000, 75822, 0, 0
1091999, 75717, 0, 0
1092999, 75986, 0, 0
1094000, 75892, 0, 0
1095000, 75924, 0, 0
1096000, 75949, 0, 0
1097000, 75927, 0, 0
1097999, 75879, 0, 0
1098999, 75977, 0, 0
1100000, 75841, 0, 0
1101000, 75863, 0, 0
1102000, 75993, 0, 0
1102999, 75946, 0, 0
1103999, 76157, 0, 0
1105000, 76055, 0, 0
1106000, 76048, 0, 0
1107000, 75929, 0, 0
1107999, 75996, 0, 0
1108999, 76049, 0, 0
1110000, 76058, 0, 0
1111000, 75687, 0, 0
1112000, 75975, 0, 0
1112999, 75916, 0, 0
1113999, 75907, 0, 0
1114999, 76046, 0, 0
1116000, 75790, 0, 0
1117000, 75945, 0, 0
1118000, 75934, 0, 0
1118999, 76060, 0, 0
1119999, 75849, 0, 0
1121000, 75841, 0, 0
1122000, 75773, 0, 0
1123000, 75945, 0, 0
1123999, 75826, 0, 0
1124999, 76121, 0, 0
1126000, 75702, 0, 0
1127000, 75777, 0, 0
1128000, 75783, 0, 0
1128999, 75792, 0, 0
1129999, 75881, 0, 0
1131000, 75898, 0, 0
1132000, 75820, 0, 0
1133000, 76141, 0, 0
1133999, 75882, 0, 0
1134999, 76016, 0, 0
1135999, 75957, 0, 0
1137000, 75793, 0, 0
1138000, 75967, 0, 0
1139000, 76071, 0, 0
1139999, 76237, 0, 0
1140999, 76004, 0, 0
1142000, 75840, 0, 0
1143000, 75931, 0, 0
1144000, 75848, 0, 0
1144999, 75948, 0, 0
1145999, 75831, 0, 0
1147000, 75898, 0, 0
1148000, 75939, 0, 0
1149000, 75808, 0, 0
1149999, 75843, 0, 0
1150999, 75923, 0, 0
1152000, 75820, 0, 0
1153000, 75848, 0, 0
1154000, 76000, 0, 0
1155000, 75919, 0, 0
1155999, 75861, 0, 0
1156999, 76053, 0, 0
1158000, 75687, 0, 0
1159000, 75978, 0, 0
1160000, 75980, 0, 0
1161000, 75697, 0, 0
1161999, 76094, 0, 0
1163000, 75821, 0, 0
1164000, 75615, 0, 0
1165000, 75962, 0, 0
1166000, 75757, 0, 0
1166999, 75911, 0, 0
1168000, 75933, 0, 0
1169000, 75933, 0, 0
1170000, 76095, 0, 0
1171000, 75965, 0, 0
1171999, 75906, 0, 0
1173000, 75935, 0, 0
1174000, 76029, 0, 0
1175000, 75984, 0, 0
1176000, 75925, 0, 0
1176999, 76166, 0, 0
1178000, 75839, 0, 0
1179000, 76035, 0, 0
1180000, 75961, 0, 0
1181000, 76108, 0, 0
1181999, 76128, 0, 0
1183000, 75980, 0, 0
1184000, 75877, 0, 0
1185000, 75991, 0, 0
1186000, 74735, 0, 0
1186999, 75784, 0, 0
1188000, 75774, 0, 0
1189000, 75846, 0, 0
1190000, 76132, 0, 0
1191000, 75630, 0, 0
1191999, 76103, 0, 0
1193000, 77215, 0, 0
1194000, 77421, 0, 0
1195000, 77282, 0, 0
1196000, 77005, 0, 0
1196999, 76013, 0, 0
1198000, 76927, 0, 0
1199000, 61287, 0, 0
1200000, 76979, 0, 0
