1037, 462474003, 0, 0
2046, 450676548, 0, 0
3061, 442686069, 0, 0
4047, 430572754, 0, 0
5002, 438193579, 0, 0
6037, 461452454, 0, 0
7003, 446636225, 0, 0
8037, 485334983, 0, 0
9005, 448923437, 0, 0
10050, 457673602, 0, 0
11007, 441314595, 0, 0
12038, 447178637, 0, 0
13040, 453414468, 0, 0
14044, 376315003, 0, 0
15008, 410495625, 0, 0
16042, 432982354, 0, 0
17039, 433225102, 0, 0
18045, 458461188, 0, 0
19022, 453356424, 0, 0
20060, 459170687, 0, 0
21032, 462595391, 0, 0
22003, 437199950, 0, 0
23053, 457993045, 0, 0
24020, 448387177, 0, 0
25000, 439428636, 0, 0
26026, 439724274, 0, 0
27025, 457775793, 0, 0
28040, 463072212, 0, 0
29017, 441225808, 0, 0
30054, 435133511, 0, 0
31013, 431241021, 0, 0
32005, 428383835, 0, 0
33027, 438923686, 0, 0
34023, 445700582, 0, 0
35055, 437723442, 0, 0
36019, 429332059, 0, 0
37050, 434209405, 0, 0
38033, 439611395, 0, 0
39015, 450086916, 0, 0
40039, 433400286, 0, 0
41002, 400658189, 0, 0
42031, 427891724, 0, 0
43050, 425722860, 0, 0
44050, 435221019, 0, 0
45044, 410591379, 0, 0
46018, 422434233, 0, 0
47046, 427119078, 0, 0
48022, 443974960, 0, 0
49020, 459661010, 0, 0
50047, 408897682, 0, 0
51046, 420477478, 0, 0
52027, 429880522, 0, 0
53035, 461966376, 0, 0
54055, 452620184, 0, 0
55029, 442387158, 0, 0
56046, 422851868, 0, 0
57015, 407180695, 0, 0
58018, 426156042, 0, 0
59005, 444912720, 0, 0
60047, 421339505, 0, 0
61029, 420625222, 0, 0
62037, 411198416, 0, 0
63007, 393333690, 0, 0
64034, 410256555, 0, 0
65009, 419718005, 0, 0
66020, 440471086, 0, 0
67047, 398653105, 0, 0
68018, 425147148, 0, 0
69019, 434620058, 0, 0
70055, 439242936, 0, 0
71057, 393021260, 0, 0
72015, 413990739, 0, 0
73031, 398518019, 0, 0
74045, 406129808, 0, 0
75013, 421515581, 0, 0
76055, 401590309, 0, 0
77022, 415013629, 0, 0
78027, 402723771, 0, 0
79017, 412134014, 0, 0
80006, 392513849, 0, 0
81024, 406756237, 0, 0
82001, 412027201, 0, 0
83036, 389035400, 0, 0
84014, 402551939, 0, 0
85020, 392375837, 0, 0
86042, 399494076, 0, 0
87007, 395792599, 0, 0
88001, 394871084, 0, 0
89043, 417926554, 0, 0
90028, 408986181, 0, 0
91007, 409468630, 0, 0
92030, 401729712, 0, 0
93048, 394798053, 0, 0
94036, 409576585, 0, 0
95029, 400675616, 0, 0
96019, 434965866, 0, 0
97050, 420511652, 0, 0
98054, 387725584, 0, 0
99040, 412481215, 0, 0
100045, 394916923, 0, 0
101044, 389748039, 0, 0
102050, 392781616, 0, 0
103035, 419450353, 0, 0
104030, 378543185, 0, 0
105008, 382672679, 0, 0
106025, 396768298, 0, 0
107003, 394964964, 0, 0
108042, 387790094, 0, 0
109008, 400718527, 0, 0
110001, 381217440, 0, 0
111034, 398568446, 0, 0
112031, 378289875, 0, 0
113040, 365619967, 0, 0
114047, 364418034, 0, 0
115028, 397126201, 0, 0
116059, 399112354, 0, 0
117033, 387113281, 0, 0
118045, 367506544, 0, 0
119027, 399049007, 0, 0
120046, 376501249, 0, 0
121004, 364708533, 0, 0
122021, 381519161, 0, 0
123002, 380662733, 0, 0
124030, 383194903, 0, 0
125004, 386396446, 0, 0
126000, 407895265, 0, 0
127043, 434398065, 0, 0
128026, 390292334, 0, 0
129017, 392296731, 0, 0
130037, 352719436, 0, 0
131041, 393759888, 0, 0
132007, 379952517, 0, 0
133023, 369094829, 0, 0
134022, 367757084, 0, 0
135015, 386209797, 0, 0
136035, 391790583, 0, 0
137008, 377556267, 0, 0
138049, 406623447, 0, 0
139037, 396192434, 0, 0
140048, 364606111, 0, 0
141001, 353106081, 0, 0
142057, 369744472, 0, 0
143048, 329902632, 0, 0
144001, 374132595, 0, 0
145008, 377237006, 0, 0
146027, 348921683, 0, 0
147007, 364361058, 0, 0
148008, 366358509, 0, 0
149026, 345847926, 0, 0
150011, 349476555, 0, 0
151037, 364716926, 0, 0
152000, 361626321, 0, 0
153049, 385347368, 0, 0
154053, 384399117, 0, 0
155038, 369078720, 0, 0
156035, 348371827, 0, 0
157010, 355377864, 0, 0
158043, 361555001, 0, 0
159034, 351818700, 0, 0
160052, 357753207, 0, 0
161019, 333995200, 0, 0
162003, 355308014, 0, 0
163020, 360709897, 0, 0
164038, 381142818, 0, 0
165014, 359454218, 0, 0
166008, 357312543, 0, 0
167043, 390035806, 0, 0
168029, 364201448, 0, 0
169039, 351940832, 0, 0
170029, 359404708, 0, 0
171026, 363551107, 0, 0
172056, 351259157, 0, 0
173013, 349920145, 0, 0
174019, 365504311, 0, 0
175027, 360449055, 0, 0
176024, 348886705, 0, 0
177046, 336116493, 0, 0
178012, 334433366, 0, 0
179053, 361195505, 0, 0
180015, 336979176, 0, 0
181050, 352151712, 0, 0
182008, 319727443, 0, 0
183042, 360331760, 0, 0
184045, 349401312, 0, 0
185036, 370738163, 0, 0
186050, 360914147, 0, 0
187034, 329951708, 0, 0
188051, 343582149, 0, 0
189052, 333323290, 0, 0
190029, 362189133, 0, 0
191001, 345866764, 0, 0
192020, 327218931, 0, 0
193026, 361440544, 0, 0
194033, 368808985, 0, 0
195007, 376109885, 0, 0
196049, 346256996, 0, 0
197019, 336236816, 0, 0
198055, 354798901, 0, 0
199011, 320539177, 0, 0
200041, 327835397, 0, 0
201039, 315396032, 0, 0
202048, 332927688, 0, 0
203024, 306578409, 0, 0
204004, 309341347, 0, 0
205036, 354654983, 0, 0
206018, 331447962, 0, 0
207000, 334800121, 0, 0
208010, 347595843, 0, 0
209022, 317083533, 0, 0
210014, 336211706, 0, 0
211020, 338338402, 0, 0
212009, 321008492, 0, 0
213032, 337424352, 0, 0
214044, 336444885, 0, 0
215032, 333254442, 0, 0
216035, 328809526, 0, 0
217012, 295474959, 0, 0
218041, 337696122, 0, 0
219041, 319163635, 0, 0
220021, 297695845, 0, 0
221025, 297073897, 0, 0
222049, 336288140, 0, 0
223021, 327764830, 0, 0
224055, 325427950, 0, 0
225028, 337816431, 0, 0
226017, 337755592, 0, 0
227024, 310499847, 0, 0
228008, 303601570, 0, 0
229000, 350988683, 0, 0
230044, 322575269, 0, 0
231029, 298634547, 0, 0
232045, 323315956, 0, 0
233037, 313162105, 0, 0
234046, 340119409, 0, 0
235024, 299843028, 0, 0
236033, 324483670, 0, 0
237050, 316717200, 0, 0
238051, 330085818, 0, 0
239029, 299858167, 0, 0
240039, 260464463, 0, 0
241023, 337220475, 0, 0
242056, 333807496, 0, 0
243048, 336705504, 0, 0
244004, 305521993, 0, 0
245001, 277683432, 0, 0
246015, 289473458, 0, 0
247030, 313903914, 0, 0
248028, 335172318, 0, 0
249008, 291186474, 0, 0
250042, 315278324, 0, 0
251056, 291273717, 0, 0
252035, 299841929, 0, 0
253003, 302707238, 0, 0
254031, 269439849, 0, 0
255058, 302512361, 0, 0
256003, 290412238, 0, 0
257009, 316484891, 0, 0
258029, 301725534, 0, 0
259016, 290284675, 0, 0
260050, 294171417, 0, 0
261032, 283794244, 0, 0
262033, 299070131, 0, 0
263028, 296887804, 0, 0
264042, 283802468, 0, 0
265001, 280910886, 0, 0
266018, 303433513, 0, 0
267050, 306486404, 0, 0
268001, 315869525, 0, 0
269005, 275637284, 0, 0
270032, 303966081, 0, 0
271034, 279822614, 0, 0
272024, 283119584, 0, 0
273037, 319712994, 0, 0
274011, 276070115, 0, 0
275025, 295906956, 0, 0
276042, 300530808, 0, 0
277040, 286015514, 0, 0
278006, 312195168, 0, 0
279010, 284416986, 0, 0
280011, 272067518, 0, 0
281013, 289513830, 0, 0
282053, 292800639, 0, 0
283061, 285855558, 0, 0
284040, 290470833, 0, 0
285017, 279925988, 0, 0
286006, 304807208, 0, 0
287016, 278767181, 0, 0
288023, 265056936, 0, 0
289009, 275422133, 0, 0
290049, 278633759, 0, 0
291023, 266614708, 0, 0
292049, 279971731, 0, 0
293027, 310179931, 0, 0
294015, 306112821, 0, 0
295046, 290962311, 0, 0
296015, 271088263, 0, 0
297036, 282798902, 0, 0
298022, 272724256, 0, 0
299047, 262117840, 0, 0
300016, 258479228, 0, 0
301019, 265519749, 0, 0
302034, 257324840, 0, 0
303044, 289994713, 0, 0
304015, 266187515, 0, 0
305035, 270958990, 0, 0
306001, 272734432, 0, 0
307023, 288279277, 0, 0
308022, 279740025, 0, 0
309000, 258982680, 0, 0
310006, 273053787, 0, 0
311034, 281784811, 0, 0
312026, 269070739, 0, 0
313055, 253074293, 0, 0
314024, 269732251, 0, 0
315033, 277159795, 0, 0
316056, 262996455, 0, 0
317054, 253102095, 0, 0
318039, 270711753, 0, 0
319012, 250047097, 0, 0
320008, 280707255, 0, 0
321036, 246096610, 0, 0
322044, 253232162, 0, 0
323008, 283676538, 0, 0
324031, 259034366, 0, 0
325009, 242935337, 0, 0
326030, 265498565, 0, 0
327042, 264952807, 0, 0
328041, 239423026, 0, 0
329037, 260641251, 0, 0
330041, 259112446, 0, 0
331006, 242516324, 0, 0
332045, 255945745, 0, 0
333015, 240322130, 0, 0
334026, 235946477, 0, 0
335023, 250396508, 0, 0
336035, 240531783, 0, 0
337059, 228545656, 0, 0
338022, 239576296, 0, 0
339033, 233948498, 0, 0
340048, 239501611, 0, 0
341021, 256677862, 0, 0
342023, 247766705, 0, 0
343014, 245609984, 0, 0
344023, 254996446, 0, 0
345003, 225067175, 0, 0
346009, 229075180, 0, 0
347020, 232659006, 0, 0
348017, 229703204, 0, 0
349038, 247481016, 0, 0
350047, 228501210, 0, 0
351009, 258398764, 0, 0
352025, 229636264, 0, 0
353017, 281011934, 0, 0
354000, 245681322, 0, 0
355038, 225625430, 0, 0
356051, 254108555, 0, 0
357051, 235931256, 0, 0
358029, 228424926, 0, 0
359042, 254584091, 0, 0
360017, 231959301, 0, 0
361004, 233525979, 0, 0
362011, 254005689, 0, 0
363017, 227388118, 0, 0
364018, 232618471, 0, 0
365036, 222832080, 0, 0
366004, 239303847, 0, 0
367013, 260624795, 0, 0
368020, 243458414, 0, 0
369030, 257852591, 0, 0
370039, 215989996, 0, 0
371050, 224502666, 0, 0
372032, 234552048, 0, 0
373014, 224507872, 0, 0
374023, 214488465, 0, 0
375012, 242859800, 0, 0
376024, 234115577, 0, 0
377007, 209037567, 0, 0
378053, 225413486, 0, 0
379040, 232622970, 0, 0
380016, 253228273, 0, 0
381033, 218492027, 0, 0
382058, 220539795, 0, 0
383043, 237915215, 0, 0
384045, 213963296, 0, 0
385004, 239768005, 0, 0
386036, 221378867, 0, 0
387037, 239964263, 0, 0
388046, 217901612, 0, 0
389008, 191568149, 0, 0
390051, 231935847, 0, 0
391043, 232300126, 0, 0
392025, 217990756, 0, 0
393045, 199058574, 0, 0
394020, 211372209, 0, 0
395040, 220716472, 0, 0
396001, 181073959, 0, 0
397101, 225481116, 0, 0
398037, 213702258, 0, 0
399050, 239317084, 0, 0
400015, 216334805, 0, 0
401037, 231944730, 0, 0
402055, 222120378, 0, 0
403018, 220367716, 0, 0
404046, 215869933, 0, 0
405009, 244382584, 0, 0
406036, 226869524, 0, 0
407022, 207271951, 0, 0
408036, 206736537, 0, 0
409019, 206337935, 0, 0
410021, 210045409, 0, 0
411000, 219419774, 0, 0
412035, 211001989, 0, 0
413046, 216579973, 0, 0
414005, 198336270, 0, 0
415000, 178712989, 0, 0
416027, 203504266, 0, 0
417026, 189573368, 0, 0
418043, 238026461, 0, 0
419038, 179702109, 0, 0
420041, 186331965, 0, 0
421034, 197717880, 0, 0
422005, 196193135, 0, 0
423031, 199676817, 0, 0
424013, 186142059, 0, 0
425010, 197285032, 0, 0
426031, 194106374, 0, 0
427046, 197055365, 0, 0
428047, 190068874, 0, 0
429042, 212084088, 0, 0
430029, 200975538, 0, 0
431035, 192160288, 0, 0
432053, 209204306, 0, 0
433019, 207805705, 0, 0
434007, 218181584, 0, 0
435030, 195562477, 0, 0
436018, 217785394, 0, 0
437050, 186722403, 0, 0
438054, 212865371, 0, 0
439028, 185402257, 0, 0
440051, 159775093, 0, 0
441005, 187635189, 0, 0
442035, 188874235, 0, 0
443042, 186625146, 0, 0
444000, 180147380, 0, 0
445038, 185430885, 0, 0
446000, 181979734, 0, 0
447027, 186365868, 0, 0
448001, 203945227, 0, 0
449010, 202959631, 0, 0
450043, 191309945, 0, 0
451047, 178799458, 0, 0
452018, 189814799, 0, 0
453055, 171819054, 0, 0
454055, 184754185, 0, 0
455043, 187177475, 0, 0
456038, 173848327, 0, 0
457049, 162212985, 0, 0
458049, 184496039, 0, 0
459013, 191379046, 0, 0
460055, 148751438, 0, 0
461048, 162272674, 0, 0
462044, 169193704, 0, 0
463014, 168170518, 0, 0
464041, 169505080, 0, 0
465047, 171901112, 0, 0
466018, 172525548, 0, 0
467049, 166769559, 0, 0
468014, 190538900, 0, 0
469050, 168100094, 0, 0
470036, 176539223, 0, 0
471016, 152876477, 0, 0
472047, 192290382, 0, 0
473039, 177531697, 0, 0
474023, 177317965, 0, 0
475034, 168824864, 0, 0
476005, 170078217, 0, 0
477051, 149886085, 0, 0
478000, 159015724, 0, 0
479056, 152374353, 0, 0
480056, 171821339, 0, 0
481002, 170835471, 0, 0
482032, 141217973, 0, 0
483044, 158207771, 0, 0
484005, 167897367, 0, 0
485036, 153012986, 0, 0
486042, 157704700, 0, 0
487045, 172272152, 0, 0
488039, 163777696, 0, 0
489036, 176242088, 0, 0
490018, 156687569, 0, 0
491033, 154733424, 0, 0
492050, 164672996, 0, 0
493054, 140956542, 0, 0
494014, 144062903, 0, 0
495037, 170618993, 0, 0
496002, 146938916, 0, 0
497009, 202390574, 0, 0
498042, 141543521, 0, 0
499038, 137379467, 0, 0
500027, 132362758, 0, 0
501051, 153983211, 0, 0
502035, 148196942, 0, 0
503040, 152189040, 0, 0
504017, 166297161, 0, 0
505027, 167246633, 0, 0
506055, 145031184, 0, 0
507000, 157846142, 0, 0
508021, 162879835, 0, 0
509010, 166626194, 0, 0
510052, 145061747, 0, 0
511019, 159027872, 0, 0
512044, 150446509, 0, 0
513003, 147519986, 0, 0
514002, 159472576, 0, 0
515011, 153020510, 0, 0
516016, 141955350, 0, 0
517031, 142710017, 0, 0
518044, 141452022, 0, 0
519042, 146694949, 0, 0
520050, 130809376, 0, 0
521041, 134062684, 0, 0
522020, 166017574, 0, 0
523001, 152253389, 0, 0
524022, 139262302, 0, 0
525013, 128897249, 0, 0
526001, 126285309, 0, 0
527014, 143671602, 0, 0
528000, 137766594, 0, 0
529019, 131406710, 0, 0
530052, 126977785, 0, 0
531037, 130278630, 0, 0
532013, 138715298, 0, 0
533057, 144181151, 0, 0
534050, 145214868, 0, 0
535019, 124073868, 0, 0
536036, 120278259, 0, 0
537018, 130832872, 0, 0
538013, 142795699, 0, 0
539053, 121925870, 0, 0
540043, 143406746, 0, 0
541000, 123882098, 0, 0
542015, 127224245, 0, 0
543032, 139024235, 0, 0
544003, 124014070, 0, 0
545000, 115518319, 0, 0
546015, 127140508, 0, 0
547039, 127923281, 0, 0
548026, 124626507, 0, 0
549000, 130077543, 0, 0
550003, 142099559, 0, 0
551033, 123413368, 0, 0
552045, 109469476, 0, 0
553049, 124262444, 0, 0
554026, 111514233, 0, 0
555022, 108420290, 0, 0
556048, 134839755, 0, 0
557021, 125172660, 0, 0
558006, 121183370, 0, 0
559039, 124746604, 0, 0
560018, 96754391, 0, 0
561048, 112880845, 0, 0
562027, 117090224, 0, 0
563017, 106339754, 0, 0
564044, 115088027, 0, 0
565015, 107949823, 0, 0
566044, 113330947, 0, 0
567028, 107531368, 0, 0
568010, 109735611, 0, 0
569054, 110887434, 0, 0
570019, 100866240, 0, 0
571000, 107905568, 0, 0
572043, 102876231, 0, 0
573012, 113567041, 0, 0
574036, 99361580, 0, 0
575051, 116395612, 0, 0
576005, 109190569, 0, 0
577042, 98678426, 0, 0
578074, 118298905, 0, 0
579035, 125552952, 0, 0
580007, 94416230, 0, 0
581000, 94836443, 0, 0
582021, 102242829, 0, 0
583012, 117103697, 0, 0
584019, 98569224, 0, 0
585034, 106161242, 0, 0
586044, 110811359, 0, 0
587035, 99804448, 0, 0
588041, 98731529, 0, 0
589037, 104366262, 0, 0
590007, 113382455, 0, 0
591022, 109800938, 0, 0
592064, 103835880, 0, 0
593005, 102655041, 0, 0
594046, 106672627, 0, 0
595031, 100057427, 0, 0
596051, 94231252, 0, 0
597041, 95730059, 0, 0
598007, 88711462, 0, 0
599030, 94284381, 0, 0
600023, 90983473, 0, 0
601002, 96581408, 0, 0
602047, 84592298, 0, 0
603050, 95041086, 0, 0
604006, 87071629, 0, 0
605054, 88405031, 0, 0
606032, 88873740, 0, 0
607039, 106265387, 0, 0
608033, 101914951, 0, 0
609043, 83531909, 0, 0
610048, 83729403, 0, 0
611035, 91170682, 0, 0
612016, 100883660, 0, 0
613005, 92118545, 0, 0
614003, 82768668, 0, 0
615027, 91977362, 0, 0
616027, 87610240, 0, 0
617031, 84679024, 0, 0
618014, 91363014, 0, 0
619013, 84501721, 0, 0
620036, 109268761, 0, 0
621045, 89101434, 0, 0
622019, 91675558, 0, 0
623002, 82499966, 0, 0
624039, 81262234, 0, 0
625052, 97634676, 0, 0
626038, 82160990, 0, 0
627018, 112733980, 0, 0
628051, 91742234, 0, 0
629030, 81871029, 0, 0
630019, 76997174, 0, 0
631031, 97681191, 0, 0
632005, 92204968, 0, 0
633044, 100644711, 0, 0
634007, 91530154, 0, 0
635032, 89317419, 0, 0
636037, 95125192, 0, 0
637049, 92530968, 0, 0
638041, 111023022, 0, 0
639042, 78625810, 0, 0
640061, 79000307, 0, 0
641031, 87798803, 0, 0
642007, 97984814, 0, 0
643035, 97788890, 0, 0
644000, 102972564, 0, 0
645034, 93061336, 0, 0
646052, 96946817, 0, 0
647002, 92866506, 0, 0
648021, 80336271, 0, 0
649051, 93026128, 0, 0
650015, 98366959, 0, 0
651006, 87547014, 0, 0
652012, 96585352, 0, 0
653019, 103771062, 0, 0
654024, 117160235, 0, 0
655018, 90038358, 0, 0
656011, 88562997, 0, 0
657000, 90451755, 0, 0
658032, 92536550, 0, 0
659025, 85299434, 0, 0
660005, 88895737, 0, 0
661023, 101196181, 0, 0
662034, 108331508, 0, 0
663006, 98439323, 0, 0
664021, 86418196, 0, 0
665025, 106349975, 0, 0
666010, 109286856, 0, 0
667042, 112311688, 0, 0
668026, 99826595, 0, 0
669037, 103167600, 0, 0
670044, 85866952, 0, 0
671041, 112616693, 0, 0
672024, 105266946, 0, 0
673025, 87155546, 0, 0
674044, 88667705, 0, 0
675005, 95540222, 0, 0
676010, 109574392, 0, 0
677014, 99851367, 0, 0
678000, 100223725, 0, 0
679013, 104093271, 0, 0
680024, 107788270, 0, 0
681019, 97079602, 0, 0
682010, 96650278, 0, 0
683026, 104639035, 0, 0
684014, 111994912, 0, 0
685015, 96222593, 0, 0
686037, 106373885, 0, 0
687016, 101578057, 0, 0
688062, 97373848, 0, 0
689020, 123338673, 0, 0
690025, 98094762, 0, 0
691020, 104176396, 0, 0
692030, 92432220, 0, 0
693003, 96632588, 0, 0
694021, 105733861, 0, 0
695007, 88721078, 0, 0
696022, 98890226, 0, 0
697051, 113953793, 0, 0
698030, 99853301, 0, 0
699055, 115466457, 0, 0
700003, 107168366, 0, 0
701014, 100790771, 0, 0
702043, 113293508, 0, 0
703027, 109943096, 0, 0
704020, 122128535, 0, 0
705002, 112081471, 0, 0
706014, 106398631, 0, 0
707037, 104439477, 0, 0
708022, 113084409, 0, 0
709052, 105854629, 0, 0
710024, 129706754, 0, 0
711007, 107174208, 0, 0
712027, 117694246, 0, 0
713038, 107478428, 0, 0
714028, 121251907, 0, 0
715006, 117772296, 0, 0
716055, 114726903, 0, 0
717017, 114550348, 0, 0
718037, 100577220, 0, 0
719049, 118639040, 0, 0
720018, 117382787, 0, 0
721026, 109327763, 0, 0
722009, 114808588, 0, 0
723046, 116880852, 0, 0
724044, 123932567, 0, 0
725046, 124622840, 0, 0
726024, 104136007, 0, 0
727015, 110155431, 0, 0
728003, 104656137, 0, 0
729057, 109864988, 0, 0
730037, 123407854, 0, 0
731033, 125964425, 0, 0
732002, 118125270, 0, 0
733000, 115117623, 0, 0
734021, 108673831, 0, 0
735030, 111224973, 0, 0
736050, 121181345, 0, 0
737000, 118781173, 0, 0
738049, 113587620, 0, 0
739005, 105228046, 0, 0
740035, 112420206, 0, 0
741034, 115608721, 0, 0
742035, 123926391, 0, 0
743048, 118788605, 0, 0
744023, 114673059, 0, 0
745035, 134999230, 0, 0
746015, 111927708, 0, 0
747034, 117704165, 0, 0
748049, 124066876, 0, 0
749021, 129379484, 0, 0
750024, 127439111, 0, 0
751034, 125218668, 0, 0
752009, 117894912, 0, 0
753036, 127559385, 0, 0
754013, 125494404, 0, 0
755030, 120341694, 0, 0
756004, 125002355, 0, 0
757002, 126681868, 0, 0
758032, 125477531, 0, 0
759003, 127696746, 0, 0
760042, 129826093, 0, 0
761009, 124197249, 0, 0
762001, 118097613, 0, 0
763011, 119265727, 0, 0
764050, 111363923, 0, 0
765029, 109355962, 0, 0
766009, 137381521, 0, 0
767001, 131935826, 0, 0
768019, 132894013, 0, 0
769052, 141122022, 0, 0
770018, 152833557, 0, 0
771042, 129873576, 0, 0
772010, 131540403, 0, 0
773008, 129289305, 0, 0
774028, 133632506, 0, 0
775004, 150190785, 0, 0
776021, 147960677, 0, 0
777055, 139897034, 0, 0
778028, 152674462, 0, 0
779042, 162411854, 0, 0
780033, 137874639, 0, 0
781026, 138703730, 0, 0
782003, 126179008, 0, 0
783011, 165495093, 0, 0
784027, 130605618, 0, 0
785025, 131240754, 0, 0
786000, 136266254, 0, 0
787010, 131388453, 0, 0
788016, 151354890, 0, 0
789041, 132137276, 0, 0
790039, 138074334, 0, 0
791050, 149938826, 0, 0
792023, 155772878, 0, 0
793048, 124205160, 0, 0
794044, 132332137, 0, 0
795044, 135278856, 0, 0
796014, 144432089, 0, 0
797025, 148454258, 0, 0
798025, 147309789, 0, 0
799014, 149111651, 0, 0
800030, 154520823, 0, 0
801019, 133844258, 0, 0
802054, 139105853, 0, 0
803012, 137286183, 0, 0
804037, 155871034, 0, 0
805035, 154584512, 0, 0
806063, 169890297, 0, 0
807004, 148695720, 0, 0
808046, 143832485, 0, 0
809059, 151067909, 0, 0
810016, 148579735, 0, 0
811043, 151920799, 0, 0
812038, 169371886, 0, 0
813055, 130277934, 0, 0
814038, 154654625, 0, 0
815010, 151939268, 0, 0
816009, 142262006, 0, 0
817052, 135990049, 0, 0
818014, 145502663, 0, 0
819040, 153222330, 0, 0
820011, 157412645, 0, 0
821015, 130118739, 0, 0
822000, 136907526, 0, 0
823042, 149387541, 0, 0
824050, 172510289, 0, 0
825005, 162490657, 0, 0
826014, 154384194, 0, 0
827031, 134110937, 0, 0
828057, 154550835, 0, 0
829012, 161184061, 0, 0
830008, 138679473, 0, 0
831025, 150542367, 0, 0
832021, 158475878, 0, 0
833027, 147373026, 0, 0
834033, 155215177, 0, 0
835053, 137245529, 0, 0
836016, 153044347, 0, 0
837031, 142953419, 0, 0
838008, 128843077, 0, 0
839037, 160808543, 0, 0
840026, 156986334, 0, 0
841000, 171795669, 0, 0
842045, 134810403, 0, 0
843017, 163323921, 0, 0
844058, 150942807, 0, 0
845011, 158317007, 0, 0
846047, 159466168, 0, 0
847039, 149749712, 0, 0
848034, 152613013, 0, 0
849007, 164025953, 0, 0
850048, 172798167, 0, 0
851012, 143417234, 0, 0
852043, 162046241, 0, 0
853026, 160492499, 0, 0
854050, 155994987, 0, 0
855008, 152913993, 0, 0
856042, 160987813, 0, 0
857013, 172818161, 0, 0
858001, 170787703, 0, 0
859035, 185656429, 0, 0
860005, 167344860, 0, 0
861039, 153211138, 0, 0
862016, 145845087, 0, 0
863004, 180263031, 0, 0
864041, 173650856, 0, 0
865010, 157538438, 0, 0
866022, 202322834, 0, 0
867006, 163991493, 0, 0
868040, 169806990, 0, 0
869027, 153045903, 0, 0
870044, 144065263, 0, 0
871028, 147207254, 0, 0
872023, 163090756, 0, 0
873024, 164809460, 0, 0
874037, 160626928, 0, 0
875017, 186546847, 0, 0
876006, 153270677, 0, 0
877037, 166518149, 0, 0
878025, 179657341, 0, 0
879037, 192007327, 0, 0
880043, 153135068, 0, 0
881010, 143547334, 0, 0
882041, 171633094, 0, 0
883018, 157158066, 0, 0
884024, 162370926, 0, 0
885051, 162694359, 0, 0
886033, 183555094, 0, 0
887049, 167915296, 0, 0
888019, 195854006, 0, 0
889012, 163958565, 0, 0
890014, 179330872, 0, 0
891017, 177708185, 0, 0
892000, 182841167, 0, 0
893047, 171669278, 0, 0
894032, 166202581, 0, 0
895030, 170675294, 0, 0
896012, 188593869, 0, 0
897045, 172473753, 0, 0
898003, 175640455, 0, 0
899001, 170789740, 0, 0
900023, 192526382, 0, 0
901045, 152347414, 0, 0
902030, 188424481, 0, 0
903046, 172127734, 0, 0
904029, 174153777, 0, 0
905029, 179481163, 0, 0
906029, 175338859, 0, 0
907030, 187771207, 0, 0
908002, 207248744, 0, 0
909022, 190807165, 0, 0
910010, 192528564, 0, 0
911002, 192588029, 0, 0
912031, 174976192, 0, 0
913049, 188853479, 0, 0
914007, 192326247, 0, 0
915054, 189531041, 0, 0
916038, 181123025, 0, 0
917027, 197312800, 0, 0
918035, 209253672, 0, 0
919019, 183100658, 0, 0
920009, 185524134, 0, 0
921054, 185765118, 0, 0
922052, 197574668, 0, 0
923024, 186654798, 0, 0
924044, 194926439, 0, 0
925009, 199362898, 0, 0
926026, 199190767, 0, 0
927004, 191540673, 0, 0
928021, 197579916, 0, 0
929001, 194697554, 0, 0
930001, 186189819, 0, 0
931036, 199712201, 0, 0
932032, 196226525, 0, 0
933024, 188349258, 0, 0
934002, 217553878, 0, 0
935058, 209009114, 0, 0
936003, 195139799, 0, 0
937003, 187560066, 0, 0
938027, 207811144, 0, 0
939009, 203862684, 0, 0
940007, 201195677, 0, 0
941018, 202461455, 0, 0
942007, 212744831, 0, 0
943031, 200957930, 0, 0
944054, 223561092, 0, 0
945024, 204296555, 0, 0
946041, 192446823, 0, 0
947010, 201274244, 0, 0
948020, 204928806, 0, 0
949054, 208347789, 0, 0
950030, 224790972, 0, 0
951015, 183598966, 0, 0
952038, 207830406, 0, 0
953013, 223350638, 0, 0
954040, 256648346, 0, 0
955048, 183796698, 0, 0
956017, 208108929, 0, 0
957001, 219256710, 0, 0
958020, 226715318, 0, 0
959017, 188354460, 0, 0
960041, 214026485, 0, 0
961018, 227147177, 0, 0
962022, 209077470, 0, 0
963002, 199613752, 0, 0
964022, 215322185, 0, 0
965000, 233383327, 0, 0
966049, 237582805, 0, 0
967003, 215902550, 0, 0
968011, 221397335, 0, 0
969019, 221470200, 0, 0
970046, 210596114, 0, 0
971006, 220164024, 0, 0
972016, 228981779, 0, 0
973046, 229790872, 0, 0
974053, 236465194, 0, 0
975018, 242010643, 0, 0
976045, 216914125, 0, 0
977027, 201141134, 0, 0
978046, 202426101, 0, 0
979010, 219042022, 0, 0
980003, 207123930, 0, 0
981045, 228630147, 0, 0
982002, 224353378, 0, 0
983043, 231479221, 0, 0
984000, 213821336, 0, 0
985013, 232814772, 0, 0
986023, 222727682, 0, 0
987023, 242300901, 0, 0
988029, 230716096, 0, 0
989033, 236246090, 0, 0
990038, 227898563, 0, 0
991027, 247808551, 0, 0
992030, 271209455, 0, 0
993012, 233534331, 0, 0
994026, 233265241, 0, 0
995003, 234150465, 0, 0
996020, 228929192, 0, 0
997009, 270327912, 0, 0
998017, 241181882, 0, 0
999049, 217943807, 0, 0
1000050, 217391225, 0, 0
1001039, 251416416, 0, 0
1002007, 242546558, 0, 0
1003043, 235921980, 0, 0
1004027, 268176826, 0, 0
1005046, 240143021, 0, 0
1006017, 255453908, 0, 0
1007044, 244849340, 0, 0
1008037, 247785669, 0, 0
1009025, 278053458, 0, 0
1010040, 255450624, 0, 0
1011008, 251594481, 0, 0
1012000, 253886279, 0, 0
1013020, 265509364, 0, 0
1014057, 255071138, 0, 0
1015006, 235637540, 0, 0
1016012, 233891381, 0, 0
1017032, 271107418, 0, 0
1018004, 236174831, 0, 0
1019031, 237307631, 0, 0
1020021, 276313645, 0, 0
1021002, 260943643, 0, 0
1022035, 288221652, 0, 0
1023040, 272548074, 0, 0
1024019, 273914204, 0, 0
1025023, 284051872, 0, 0
1026023, 275176673, 0, 0
1027014, 262602711, 0, 0
1028028, 270361312, 0, 0
1029001, 252776041, 0, 0
1030001, 285421852, 0, 0
1031024, 265074521, 0, 0
1032042, 248434770, 0, 0
1033039, 264501447, 0, 0
1034008, 266968260, 0, 0
1035043, 250980677, 0, 0
1036039, 263290213, 0, 0
1037043, 275766353, 0, 0
1038053, 241213814, 0, 0
1039048, 286055800, 0, 0
1040021, 269956085, 0, 0
1041002, 257703535, 0, 0
1042016, 280745410, 0, 0
1043042, 261188009, 0, 0
1044002, 268840764, 0, 0
1045038, 260122655, 0, 0
1046055, 289045409, 0, 0
1047053, 263409915, 0, 0
1048043, 282237278, 0, 0
1049010, 281536777, 0, 0
1050026, 261920192, 0, 0
1051021, 257513019, 0, 0
1052000, 240613243, 0, 0
1053012, 261762815, 0, 0
1054020, 239686974, 0, 0
1055034, 268834045, 0, 0
1056056, 283243735, 0, 0
1057017, 239201246, 0, 0
1058030, 275592301, 0, 0
1059040, 284610020, 0, 0
1060004, 297243296, 0, 0
1061039, 264848686, 0, 0
1062033, 287546051, 0, 0
1063051, 296058396, 0, 0
1064026, 288860524, 0, 0
1065055, 290367515, 0, 0
1066026, 297431566, 0, 0
1067047, 262864460, 0, 0
1068019, 276539331, 0, 0
1069003, 274944739, 0, 0
1070044, 286521986, 0, 0
1071022, 290730341, 0, 0
1072031, 301198441, 0, 0
1073029, 295981299, 0, 0
1074033, 269063283, 0, 0
1075033, 267524807, 0, 0
1076011, 262375430, 0, 0
1077024, 260329832, 0, 0
1078003, 258462312, 0, 0
1079058, 258597518, 0, 0
1080050, 282036572, 0, 0
1081018, 301685668, 0, 0
1082004, 306423954, 0, 0
1083022, 273181252, 0, 0
1084015, 261185600, 0, 0
1085024, 272523805, 0, 0
1086010, 278913821, 0, 0
1087019, 260621558, 0, 0
1088049, 258838200, 0, 0
1089037, 249950176, 0, 0
1090013, 283403825, 0, 0
1091060, 302991383, 0, 0
1092050, 290952055, 0, 0
1093031, 275219935, 0, 0
1094047, 281454465, 0, 0
1095017, 281446910, 0, 0
1096026, 283591130, 0, 0
1097016, 256015554, 0, 0
1098017, 289704636, 0, 0
1099003, 272043412, 0, 0
1100040, 252119870, 0, 0
1101060, 277460055, 0, 0
1102003, 282788354, 0, 0
1103024, 254322934, 0, 0
1104018, 243898171, 0, 0
1105051, 277588393, 0, 0
1106045, 258741483, 0, 0
1107009, 273709376, 0, 0
1108037, 276346059, 0, 0
1109032, 284077285, 0, 0
1110027, 287846097, 0, 0
1111048, 273072041, 0, 0
1112007, 260253753, 0, 0
1113015, 286459730, 0, 0
1114048, 280735327, 0, 0
1115011, 276599015, 0, 0
1116043, 258691544, 0, 0
1117011, 261850036, 0, 0
1118024, 257922448, 0, 0
1119019, 265882653, 0, 0
1120027, 268594411, 0, 0
1121048, 277760305, 0, 0
1122000, 280596441, 0, 0
1123011, 272856857, 0, 0
1124057, 298160865, 0, 0
1125057, 266626154, 0, 0
1126024, 272529036, 0, 0
1127020, 269300086, 0, 0
1128051, 259347646, 0, 0
1129003, 267462808, 0, 0
1130041, 250554673, 0, 0
1131025, 260798289, 0, 0
1132027, 276848132, 0, 0
1133006, 290854966, 0, 0
1134007, 261631043, 0, 0
1135004, 262876715, 0, 0
1136023, 275968000, 0, 0
1137006, 273530877, 0, 0
1138061, 265476867, 0, 0
1139036, 311832595, 0, 0
1140010, 277439207, 0, 0
1141053, 280146764, 0, 0
1142046, 259391326, 0, 0
1143036, 244256723, 0, 0
1144004, 252561608, 0, 0
1145047, 272033422, 0, 0
1146031, 256564024, 0, 0
1147034, 272795028, 0, 0
1148033, 291611826, 0, 0
1149017, 262021953, 0, 0
1150010, 278356670, 0, 0
1151005, 260984491, 0, 0
1152049, 267025275, 0, 0
1153046, 278071283, 0, 0
1154001, 303820324, 0, 0
1155055, 296973892, 0, 0
1156025, 253236978, 0, 0
1157042, 277114361, 0, 0
1158049, 298133678, 0, 0
1159013, 239133332, 0, 0
1160019, 293194011, 0, 0
1161013, 272152515, 0, 0
1162053, 286344515, 0, 0
1163055, 269144694, 0, 0
1164013, 281896141, 0, 0
1165010, 268444518, 0, 0
1166035, 297112132, 0, 0
1167055, 304719207, 0, 0
1168014, 285768227, 0, 0
1169008, 270915448, 0, 0
1170008, 273297086, 0, 0
1171029, 282706568, 0, 0
1172026, 281822419, 0, 0
1173036, 281160287, 0, 0
1174052, 276715987, 0, 0
1175043, 276434481, 0, 0
1176045, 270278507, 0, 0
1177060, 283965159, 0, 0
1178009, 261562226, 0, 0
1179045, 306934540, 0, 0
1180010, 235223908, 0, 0
1181034, 262719283, 0, 0
1182022, 271533398, 0, 0
1183046, 265658466, 0, 0
1184019, 246477910, 0, 0
1185026, 279366480, 0, 0
1186002, 311648159, 0, 0
1187013, 274801561, 0, 0
1188029, 304604646, 0, 0
1189029, 255015533, 0, 0
1190013, 256384447, 0, 0
1191018, 311828614, 0, 0
1192031, 300253691, 0, 0
1193017, 250340943, 0, 0
1194048, 293086860, 0, 0
1195046, 285108479, 0, 0
1196048, 254217679, 0, 0
1197000, 289842604, 0, 0
1198036, 281884624, 0, 0
1199015, 286920692, 0, 0
1200003, 266007704, 0, 0
1200179, 327318867, 0, 0
