1000, 92, 0, 0
1999, 144, 0, 0
3000, 145, 0, 0
3999, 147, 0, 0
4999, 139, 0, 0
6000, 146, 0, 0
6999, 137, 0, 0
7999, 136, 0, 0
9000, 137, 0, 0
9999, 146, 0, 0
10999, 140, 0, 0
12000, 145, 0, 0
12999, 144, 0, 0
14000, 190, 0, 0
15000, 134, 0, 0
15999, 154, 0, 0
17000, 147, 0, 0
17999, 138, 0, 0
18999, 139, 0, 0
20000, 139, 0, 0
20999, 142, 0, 0
21999, 140, 0, 0
23000, 145, 0, 0
23999, 140, 0, 0
24999, 146, 0, 0
26000, 146, 0, 0
26999, 139, 0, 0
28000, 142, 0, 0
29000, 142, 0, 0
29999, 150, 0, 0
31000, 144, 0, 0
31999, 149, 0, 0
32999, 146, 0, 0
34000, 144, 0, 0
34999, 153, 0, 0
36000, 142, 0, 0
37000, 155, 0, 0
37999, 136, 0, 0
39000, 145, 0, 0
39999, 151, 0, 0
40999, 153, 0, 0
42000, 153, 0, 0
42999, 152, 0, 0
43999, 150, 0, 0
45000, 155, 0, 0
45999, 148, 0, 0
47000, 155, 0, 0
48000, 137, 0, 0
48999, 143, 0, 0
50000, 156, 0, 0
51000, 152, 0, 0
51999, 146, 0, 0
53000, 141, 0, 0
53999, 144, 0, 0
54999, 141, 0, 0
56000, 157, 0, 0
56999, 150, 0, 0
58000, 152, 0, 0
59000, 142, 0, 0
59999, 157, 0, 0
61000, 148, 0, 0
61999, 167, 0, 0
62999, 152, 0, 0
64000, 158, 0, 0
64999, 144, 0, 0
66000, 150, 0, 0
67000, 163, 0, 0
67999, 148, 0, 0
69000, 145, 0, 0
70000, 152, 0, 0
70999, 164, 0, 0
72000, 155, 0, 0
72999, 161, 0, 0
73999, 155, 0, 0
75000, 152, 0, 0
75999, 158, 0, 0
77000, 157, 0, 0
78000, 155, 0, 0
78999, 155, 0, 0
80000, 159, 0, 0
80999, 164, 0, 0
81999, 150, 0, 0
83000, 176, 0, 0
83999, 149, 0, 0
84999, 167, 0, 0
86000, 163, 0, 0
86999, 152, 0, 0
88000, 166, 0, 0
89000, 158, 0, 0
89999, 155, 0, 0
91000, 154, 0, 0
92000, 166, 0, 0
92999, 160, 0, 0
94000, 150, 0, 0
94999, 163, 0, 0
95999, 145, 0, 0
97000, 160, 0, 0
97999, 168, 0, 0
99000, 152, 0, 0
100000, 158, 0, 0
100999, 166, 0, 0
102000, 163, 0, 0
103000, 153, 0, 0
103999, 170, 0, 0
105000, 160, 0, 0
105999, 164, 0, 0
106999, 158, 0, 0
108000, 172, 0, 0
108999, 151, 0, 0
109999, 172, 0, 0
111000, 163, 0, 0
111999, 172, 0, 0
113000, 181, 0, 0
114000, 173, 0, 0
114999, 156, 0, 0
116000, 164, 0, 0
116999, 165, 0, 0
117999, 170, 0, 0
119000, 160, 0, 0
119999, 175, 0, 0
121000, 166, 0, 0
122000, 174, 0, 0
122999, 163, 0, 0
124000, 169, 0, 0
124999, 163, 0, 0
125999, 151, 0, 0
127000, 160, 0, 0
127999, 161, 0, 0
129000, 161, 0, 0
130000, 187, 0, 0
130999, 160, 0, 0
132000, 163, 0, 0
132999, 178, 0, 0
133999, 172, 0, 0
135000, 159, 0, 0
135999, 172, 0, 0
137000, 165, 0, 0
138000, 164, 0, 0
138999, 159, 0, 0
140000, 187, 0, 0
140999, 167, 0, 0
141999, 184, 0, 0
143000, 192, 0, 0
143999, 159, 0, 0
145000, 171, 0, 0
146000, 187, 0, 0
146999, 174, 0, 0
148000, 177, 0, 0
149000, 191, 0, 0
149999, 178, 0, 0
151000, 181, 0, 0
151999, 164, 0, 0
152999, 178, 0, 0
154000, 166, 0, 0
154999, 166, 0, 0
156000, 194, 0, 0
157000, 171, 0, 0
157999, 189, 0, 0
159000, 174, 0, 0
160000, 183, 0, 0
160999, 190, 0, 0
162000, 168, 0, 0
162999, 184, 0, 0
163999, 165, 0, 0
165000, 186, 0, 0
165999, 171, 0, 0
167000, 166, 0, 0
168000, 180, 0, 0
168999, 187, 0, 0
170000, 173, 0, 0
170999, 176, 0, 0
171999, 186, 0, 0
173000, 176, 0, 0
173999, 173, 0, 0
175000, 186, 0, 0
175999, 179, 0, 0
176999, 202, 0, 0
178000, 180, 0, 0
178999, 183, 0, 0
179999, 183, 0, 0
181000, 188, 0, 0
181999, 193, 0, 0
183000, 180, 0, 0
184000, 189, 0, 0
184999, 169, 0, 0
186000, 180, 0, 0
186999, 187, 0, 0
187999, 187, 0, 0
189000, 199, 0, 0
189999, 173, 0, 0
191000, 180, 0, 0
192000, 193, 0, 0
192999, 181, 0, 0
194000, 168, 0, 0
195000, 179, 0, 0
195999, 183, 0, 0
197000, 185, 0, 0
197999, 185, 0, 0
198999, 197, 0, 0
200000, 206, 0, 0
200999, 195, 0, 0
202000, 201, 0, 0
203000, 199, 0, 0
203999, 202, 0, 0
205000, 187, 0, 0
205999, 188, 0, 0
206999, 183, 0, 0
208000, 190, 0, 0
208999, 201, 0, 0
210000, 188, 0, 0
211000, 197, 0, 0
211999, 192, 0, 0
213000, 204, 0, 0
213999, 183, 0, 0
214999, 188, 0, 0
216000, 201, 0, 0
217000, 208, 0, 0
217999, 198, 0, 0
219000, 204, 0, 0
219999, 212, 0, 0
220999, 210, 0, 0
222000, 194, 0, 0
222999, 195, 0, 0
224000, 197, 0, 0
225000, 187, 0, 0
225999, 184, 0, 0
227000, 217, 0, 0
227999, 201, 0, 0
228999, 177, 0, 0
230000, 214, 0, 0
230999, 206, 0, 0
232000, 201, 0, 0
233000, 208, 0, 0
233999, 193, 0, 0
235000, 202, 0, 0
235999, 199, 0, 0
236999, 202, 0, 0
238000, 203, 0, 0
238999, 211, 0, 0
240000, 240, 0, 0
241000, 184, 0, 0
241999, 202, 0, 0
243000, 190, 0, 0
243999, 197, 0, 0
244999, 232, 0, 0
246000, 221, 0, 0
246999, 211, 0, 0
248000, 194, 0, 0
249000, 210, 0, 0
249999, 212, 0, 0
251000, 220, 0, 0
251999, 211, 0, 0
252999, 206, 0, 0
254000, 241, 0, 0
254999, 216, 0, 0
256000, 210, 0, 0
257000, 197, 0, 0
257999, 216, 0, 0
259000, 231, 0, 0
259999, 228, 0, 0
260999, 224, 0, 0
262000, 199, 0, 0
262999, 220, 0, 0
264000, 230, 0, 0
265000, 215, 0, 0
265999, 215, 0, 0
267000, 213, 0, 0
267999, 199, 0, 0
268999, 229, 0, 0
270000, 219, 0, 0
270999, 227, 0, 0
271999, 220, 0, 0
273000, 210, 0, 0
273999, 220, 0, 0
274999, 220, 0, 0
276000, 215, 0, 0
276999, 223, 0, 0
278000, 200, 0, 0
279000, 229, 0, 0
279999, 235, 0, 0
281000, 214, 0, 0
282000, 230, 0, 0
282999, 227, 0, 0
284000, 223, 0, 0
284999, 226, 0, 0
285999, 193, 0, 0
287000, 234, 0, 0
287999, 239, 0, 0
288999, 247, 0, 0
290000, 228, 0, 0
290999, 244, 0, 0
292000, 220, 0, 0
293000, 208, 0, 0
293999, 211, 0, 0
295000, 220, 0, 0
296000, 231, 0, 0
296999, 233, 0, 0
298000, 234, 0, 0
299000, 248, 0, 0
299999, 236, 0, 0
301000, 248, 0, 0
301999, 250, 0, 0
302999, 221, 0, 0
304000, 237, 0, 0
304999, 240, 0, 0
306000, 217, 0, 0
307000, 236, 0, 0
307999, 225, 0, 0
309000, 246, 0, 0
309999, 236, 0, 0
310999, 233, 0, 0
312000, 249, 0, 0
312999, 247, 0, 0
314000, 222, 0, 0
314999, 241, 0, 0
315999, 253, 0, 0
317000, 243, 0, 0
318000, 237, 0, 0
318999, 242, 0, 0
320000, 235, 0, 0
320999, 267, 0, 0
321999, 245, 0, 0
323000, 227, 0, 0
323999, 260, 0, 0
325000, 254, 0, 0
326000, 234, 0, 0
326999, 250, 0, 0
328000, 262, 0, 0
328999, 239, 0, 0
329999, 261, 0, 0
331000, 251, 0, 0
331999, 262, 0, 0
333000, 257, 0, 0
334000, 273, 0, 0
334999, 267, 0, 0
336000, 258, 0, 0
336999, 289, 0, 0
337999, 257, 0, 0
339000, 275, 0, 0
339999, 272, 0, 0
341000, 244, 0, 0
342000, 259, 0, 0
342999, 258, 0, 0
344000, 259, 0, 0
344999, 275, 0, 0
345999, 277, 0, 0
347000, 278, 0, 0
347999, 282, 0, 0
348999, 264, 0, 0
350000, 275, 0, 0
350999, 243, 0, 0
352000, 280, 0, 0
353000, 231, 0, 0
353999, 255, 0, 0
355000, 284, 0, 0
355999, 258, 0, 0
356999, 280, 0, 0
358000, 272, 0, 0
358999, 249, 0, 0
359999, 274, 0, 0
361000, 267, 0, 0
361999, 250, 0, 0
362999, 299, 0, 0
364000, 274, 0, 0
364999, 286, 0, 0
366000, 254, 0, 0
366999, 246, 0, 0
367999, 272, 0, 0
369000, 254, 0, 0
369999, 300, 0, 0
370999, 282, 0, 0
372000, 269, 0, 0
372999, 283, 0, 0
373999, 293, 0, 0
375000, 262, 0, 0
375999, 276, 0, 0
377000, 305, 0, 0
377999, 293, 0, 0
378999, 283, 0, 0
380000, 232, 0, 0
380999, 311, 0, 0
381999, 280, 0, 0
383000, 283, 0, 0
383999, 292, 0, 0
384999, 263, 0, 0
386000, 284, 0, 0
386999, 277, 0, 0
388000, 297, 0, 0
389000, 321, 0, 0
389999, 286, 0, 0
391000, 275, 0, 0
391999, 281, 0, 0
392999, 334, 0, 0
394000, 301, 0, 0
394999, 293, 0, 0
395999, 342, 0, 0
397000, 302, 0, 0
397999, 293, 0, 0
399000, 264, 0, 0
400000, 289, 0, 0
400999, 282, 0, 0
402000, 286, 0, 0
403000, 285, 0, 0
403999, 292, 0, 0
405000, 272, 0, 0
405999, 277, 0, 0
406999, 313, 0, 0
408000, 315, 0, 0
408999, 307, 0, 0
409999, 300, 0, 0
411000, 272, 0, 0
411999, 329, 0, 0
413000, 293, 0, 0
414000, 314, 0, 0
414999, 360, 0, 0
416000, 319, 0, 0
417000, 338, 0, 0
417999, 278, 0, 0
419000, 351, 0, 0
420000, 345, 0, 0
420999, 315, 0, 0
422000, 324, 0, 0
422999, 331, 0, 0
423999, 334, 0, 0
425000, 316, 0, 0
425999, 333, 0, 0
426999, 338, 0, 0
428000, 332, 0, 0
428999, 308, 0, 0
430000, 299, 0, 0
431000, 353, 0, 0
431999, 313, 0, 0
433000, 288, 0, 0
434000, 284, 0, 0
434999, 356, 0, 0
436000, 276, 0, 0
437000, 357, 0, 0
437999, 293, 0, 0
439000, 347, 0, 0
440000, 417, 0, 0
440999, 318, 0, 0
442000, 357, 0, 0
443000, 334, 0, 0
443999, 345, 0, 0
445000, 365, 0, 0
445999, 332, 0, 0
446999, 353, 0, 0
448000, 307, 0, 0
449000, 317, 0, 0
449999, 353, 0, 0
451000, 357, 0, 0
451999, 327, 0, 0
453000, 385, 0, 0
454000, 344, 0, 0
454999, 324, 0, 0
456000, 388, 0, 0
457000, 388, 0, 0
457999, 345, 0, 0
459000, 335, 0, 0
459999, 435, 0, 0
460999, 401, 0, 0
462000, 379, 0, 0
463000, 373, 0, 0
463999, 377, 0, 0
465000, 378, 0, 0
465999, 353, 0, 0
466999, 415, 0, 0
468000, 340, 0, 0
468999, 363, 0, 0
469999, 370, 0, 0
471000, 393, 0, 0
471999, 341, 0, 0
473000, 366, 0, 0
474000, 346, 0, 0
474999, 394, 0, 0
476000, 371, 0, 0
477000, 428, 0, 0
477999, 384, 0, 0
478999, 451, 0, 0
480000, 360, 0, 0
481000, 384, 0, 0
481999, 432, 0, 0
483000, 418, 0, 0
484000, 361, 0, 0
484999, 434, 0, 0
486000, 408, 0, 0
487000, 380, 0, 0
487999, 384, 0, 0
489000, 361, 0, 0
489999, 413, 0, 0
490999, 412, 0, 0
492000, 405, 0, 0
493000, 447, 0, 0
493999, 424, 0, 0
495000, 382, 0, 0
496000, 413, 0, 0
496999, 323, 0, 0
498000, 475, 0, 0
499000, 454, 0, 0
499999, 494, 0, 0
501000, 417, 0, 0
502000, 424, 0, 0
502999, 425, 0, 0
504000, 380, 0, 0
504999, 382, 0, 0
505999, 440, 0, 0
507000, 414, 0, 0
507999, 367, 0, 0
508999, 390, 0, 0
510000, 476, 0, 0
510999, 383, 0, 0
511999, 440, 0, 0
513000, 411, 0, 0
513999, 391, 0, 0
514999, 431, 0, 0
516000, 448, 0, 0
516999, 466, 0, 0
517999, 470, 0, 0
519000, 427, 0, 0
519999, 487, 0, 0
521000, 463, 0, 0
522000, 373, 0, 0
522999, 430, 0, 0
524000, 465, 0, 0
524999, 496, 0, 0
525999, 497, 0, 0
527000, 451, 0, 0
527999, 459, 0, 0
528999, 488, 0, 0
530000, 517, 0, 0
530999, 483, 0, 0
532000, 462, 0, 0
533000, 459, 0, 0
533999, 446, 0, 0
535000, 485, 0, 0
536000, 539, 0, 0
536999, 496, 0, 0
538000, 436, 0, 0
538999, 546, 0, 0
539999, 444, 0, 0
541000, 540, 0, 0
541999, 471, 0, 0
543000, 472, 0, 0
544000, 492, 0, 0
544999, 550, 0, 0
546000, 514, 0, 0
547000, 505, 0, 0
547999, 521, 0, 0
549000, 467, 0, 0
549999, 469, 0, 0
550999, 524, 0, 0
552000, 577, 0, 0
552999, 525, 0, 0
554000, 567, 0, 0
555000, 579, 0, 0
555999, 492, 0, 0
557000, 510, 0, 0
558000, 517, 0, 0
558999, 523, 0, 0
560000, 650, 0, 0
560999, 581, 0, 0
561999, 537, 0, 0
563000, 567, 0, 0
563999, 586, 0, 0
565000, 593, 0, 0
566000, 573, 0, 0
566999, 585, 0, 0
568000, 577, 0, 0
568999, 605, 0, 0
569999, 609, 0, 0
571000, 605, 0, 0
571999, 614, 0, 0
572999, 570, 0, 0
574000, 656, 0, 0
574999, 537, 0, 0
576000, 575, 0, 0
576999, 642, 0, 0
577999, 510, 0, 0
579000, 565, 0, 0
579999, 650, 0, 0
580999, 660, 0, 0
582000, 647, 0, 0
582999, 525, 0, 0
583999, 672, 0, 0
585000, 601, 0, 0
586000, 597, 0, 0
586999, 628, 0, 0
588000, 660, 0, 0
589000, 597, 0, 0
589999, 544, 0, 0
591000, 608, 0, 0
592000, 617, 0, 0
592999, 608, 0, 0
594000, 623, 0, 0
595000, 638, 0, 0
595999, 699, 0, 0
597000, 651, 0, 0
598000, 686, 0, 0
598999, 724, 0, 0
600000, 667, 0, 0
600999, 676, 0, 0
602000, 759, 0, 0
603000, 703, 0, 0
603999, 690, 0, 0
605000, 763, 0, 0
605999, 693, 0, 0
606999, 597, 0, 0
608000, 641, 0, 0
608999, 756, 0, 0
609999, 758, 0, 0
611000, 708, 0, 0
611999, 626, 0, 0
612999, 698, 0, 0
614000, 775, 0, 0
614999, 709, 0, 0
615999, 733, 0, 0
617000, 725, 0, 0
617999, 723, 0, 0
618999, 736, 0, 0
620000, 605, 0, 0
620999, 741, 0, 0
622000, 674, 0, 0
623000, 731, 0, 0
623999, 858, 0, 0
625000, 668, 0, 0
626000, 755, 0, 0
626999, 537, 0, 0
628000, 755, 0, 0
628999, 764, 0, 0
629999, 799, 0, 0
631000, 652, 0, 0
631999, 687, 0, 0
633000, 659, 0, 0
634000, 672, 0, 0
634999, 734, 0, 0
636000, 670, 0, 0
636999, 716, 0, 0
637999, 562, 0, 0
639000, 836, 0, 0
639999, 773, 0, 0
641000, 757, 0, 0
642000, 626, 0, 0
642999, 649, 0, 0
644000, 641, 0, 0
645000, 676, 0, 0
645999, 667, 0, 0
647000, 688, 0, 0
648000, 784, 0, 0
648999, 711, 0, 0
650000, 641, 0, 0
651000, 698, 0, 0
651999, 672, 0, 0
652999, 618, 0, 0
654000, 564, 0, 0
654999, 698, 0, 0
656000, 727, 0, 0
657000, 691, 0, 0
657999, 717, 0, 0
659000, 749, 0, 0
659999, 673, 0, 0
660999, 665, 0, 0
662000, 606, 0, 0
662999, 627, 0, 0
663999, 716, 0, 0
665000, 634, 0, 0
665999, 562, 0, 0
667000, 602, 0, 0
668000, 610, 0, 0
668999, 644, 0, 0
670000, 742, 0, 0
671000, 555, 0, 0
671999, 614, 0, 0
673000, 718, 0, 0
673999, 754, 0, 0
674999, 643, 0, 0
676000, 579, 0, 0
676999, 637, 0, 0
678000, 639, 0, 0
679000, 619, 0, 0
679999, 599, 0, 0
681000, 657, 0, 0
682000, 659, 0, 0
682999, 629, 0, 0
684000, 565, 0, 0
685000, 672, 0, 0
685999, 619, 0, 0
687000, 591, 0, 0
688000, 690, 0, 0
688999, 501, 0, 0
690000, 663, 0, 0
691000, 600, 0, 0
691999, 724, 0, 0
693000, 601, 0, 0
694000, 654, 0, 0
694999, 706, 0, 0
696000, 646, 0, 0
696999, 575, 0, 0
697999, 624, 0, 0
699000, 579, 0, 0
700000, 587, 0, 0
700999, 619, 0, 0
702000, 576, 0, 0
702999, 579, 0, 0
703999, 520, 0, 0
705000, 554, 0, 0
705999, 618, 0, 0
706999, 625, 0, 0
708000, 552, 0, 0
708999, 629, 0, 0
709999, 476, 0, 0
710999, 586, 0, 0
711999, 562, 0, 0
712999, 596, 0, 0
714000, 519, 0, 0
714999, 535, 0, 0
716000, 592, 0, 0
717000, 527, 0, 0
717999, 663, 0, 0
719000, 536, 0, 0
720000, 530, 0, 0
720999, 570, 0, 0
721999, 572, 0, 0
723000, 554, 0, 0
723999, 519, 0, 0
725000, 523, 0, 0
726000, 607, 0, 0
726999, 563, 0, 0
727999, 617, 0, 0
729000, 596, 0, 0
729999, 518, 0, 0
730999, 503, 0, 0
732000, 526, 0, 0
732999, 553, 0, 0
733999, 606, 0, 0
735000, 568, 0, 0
735999, 525, 0, 0
737000, 565, 0, 0
738000, 572, 0, 0
738999, 554, 0, 0
740000, 603, 0, 0
741000, 553, 0, 0
741999, 511, 0, 0
743000, 563, 0, 0
743999, 516, 0, 0
744999, 483, 0, 0
746000, 578, 0, 0
746999, 548, 0, 0
747999, 519, 0, 0
749000, 473, 0, 0
749999, 527, 0, 0
750999, 509, 0, 0
752000, 522, 0, 0
752999, 513, 0, 0
754000, 498, 0, 0
754999, 543, 0, 0
755999, 511, 0, 0
757000, 489, 0, 0
757999, 521, 0, 0
758999, 490, 0, 0
760000, 522, 0, 0
760999, 497, 0, 0
761999, 527, 0, 0
763000, 559, 0, 0
763999, 591, 0, 0
764999, 572, 0, 0
766000, 451, 0, 0
766999, 483, 0, 0
768000, 478, 0, 0
769000, 464, 0, 0
769999, 419, 0, 0
770999, 495, 0, 0
772000, 483, 0, 0
772999, 499, 0, 0
773999, 487, 0, 0
775000, 405, 0, 0
775999, 432, 0, 0
776999, 470, 0, 0
778000, 418, 0, 0
778999, 405, 0, 0
779999, 450, 0, 0
781000, 464, 0, 0
781999, 521, 0, 0
782999, 363, 0, 0
784000, 508, 0, 0
784999, 481, 0, 0
786000, 475, 0, 0
787000, 480, 0, 0
787999, 431, 0, 0
788999, 489, 0, 0
790000, 469, 0, 0
790999, 435, 0, 0
791999, 382, 0, 0
793000, 529, 0, 0
794000, 504, 0, 0
794999, 457, 0, 0
795999, 428, 0, 0
797000, 422, 0, 0
798000, 453, 0, 0
799000, 429, 0, 0
799999, 423, 0, 0
800999, 468, 0, 0
802000, 469, 0, 0
803000, 455, 0, 0
804000, 424, 0, 0
805000, 404, 0, 0
805999, 392, 0, 0
807000, 401, 0, 0
808000, 473, 0, 0
809000, 416, 0, 0
810000, 416, 0, 0
810999, 426, 0, 0
812000, 389, 0, 0
813000, 498, 0, 0
814000, 399, 0, 0
815000, 420, 0, 0
815999, 432, 0, 0
817000, 492, 0, 0
818000, 424, 0, 0
819000, 437, 0, 0
820000, 406, 0, 0
820999, 478, 0, 0
822000, 494, 0, 0
823000, 416, 0, 0
824000, 360, 0, 0
825000, 385, 0, 0
825999, 432, 0, 0
827000, 470, 0, 0
828000, 433, 0, 0
829000, 382, 0, 0
830000, 435, 0, 0
830999, 445, 0, 0
832000, 406, 0, 0
833000, 442, 0, 0
834000, 420, 0, 0
835000, 475, 0, 0
835999, 403, 0, 0
837000, 443, 0, 0
838000, 477, 0, 0
839000, 412, 0, 0
840000, 400, 0, 0
840999, 375, 0, 0
842000, 490, 0, 0
843000, 382, 0, 0
844000, 430, 0, 0
845000, 399, 0, 0
846000, 415, 0, 0
847000, 416, 0, 0
848001, 420, 0, 0
849000, 372, 0, 0
850000, 394, 0, 0
851000, 429, 0, 0
852000, 405, 0, 0
853000, 398, 0, 0
854000, 425, 0, 0
855000, 389, 0, 0
856000, 405, 0, 0
857000, 364, 0, 0
858000, 373, 0, 0
859000, 356, 0, 0
860000, 371, 0, 0
861000, 430, 0, 0
862000, 431, 0, 0
863000, 349, 0, 0
864000, 392, 0, 0
865000, 370, 0, 0
866000, 337, 0, 0
867000, 385, 0, 0
868000, 374, 0, 0
869000, 427, 0, 0
870000, 454, 0, 0
871000, 419, 0, 0
872000, 388, 0, 0
873000, 394, 0, 0
874000, 397, 0, 0
875000, 339, 0, 0
876000, 421, 0, 0
877000, 392, 0, 0
878000, 343, 0, 0
879000, 343, 0, 0
880000, 435, 0, 0
881000, 413, 0, 0
882000, 392, 0, 0
883000, 402, 0, 0
884000, 398, 0, 0
885000, 400, 0, 0
886000, 337, 0, 0
887000, 381, 0, 0
888000, 318, 0, 0
889000, 390, 0, 0
890000, 363, 0, 0
891000, 371, 0, 0
892000, 347, 0, 0
893000, 382, 0, 0
894000, 362, 0, 0
895000, 380, 0, 0
896000, 342, 0, 0
897000, 371, 0, 0
898000, 352, 0, 0
899000, 379, 0, 0
900000, 342, 0, 0
901000, 413, 0, 0
902000, 345, 0, 0
903000, 376, 0, 0
904000, 357, 0, 0
905000, 349, 0, 0
906000, 372, 0, 0
907000, 342, 0, 0
908000, 305, 0, 0
909000, 338, 0, 0
910000, 323, 0, 0
911000, 341, 0, 0
912000, 363, 0, 0
913000, 344, 0, 0
914000, 326, 0, 0
914999, 362, 0, 0
915999, 344, 0, 0
916999, 307, 0, 0
917999, 305, 0, 0
918999, 364, 0, 0
919999, 338, 0, 0
920999, 356, 0, 0
921999, 323, 0, 0
922998, 338, 0, 0
923998, 330, 0, 0
924998, 317, 0, 0
925997, 322, 0, 0
926998, 326, 0, 0
927998, 323, 0, 0
928998, 334, 0, 0
929997, 346, 0, 0
930997, 327, 0, 0
931997, 321, 0, 0
932997, 332, 0, 0
933997, 295, 0, 0
934997, 317, 0, 0
935997, 314, 0, 0
936996, 342, 0, 0
937996, 320, 0, 0
938996, 307, 0, 0
939996, 321, 0, 0
940995, 321, 0, 0
941996, 298, 0, 0
942996, 317, 0, 0
943996, 286, 0, 0
944995, 318, 0, 0
945995, 351, 0, 0
946995, 292, 0, 0
947995, 326, 0, 0
948995, 318, 0, 0
949995, 285, 0, 0
950995, 331, 0, 0
951994, 318, 0, 0
952994, 273, 0, 0
953994, 263, 0, 0
954994, 336, 0, 0
955993, 319, 0, 0
956994, 284, 0, 0
957994, 294, 0, 0
958994, 349, 0, 0
959993, 298, 0, 0
960993, 280, 0, 0
961993, 304, 0, 0
962993, 316, 0, 0
963993, 301, 0, 0
964993, 275, 0, 0
965993, 281, 0, 0
966992, 282, 0, 0
967992, 302, 0, 0
968992, 288, 0, 0
969992, 314, 0, 0
970991, 285, 0, 0
971992, 287, 0, 0
972992, 276, 0, 0
973992, 267, 0, 0
974991, 280, 0, 0
975991, 296, 0, 0
976991, 322, 0, 0
978000, 322, 0, 0
978991, 282, 0, 0
979991, 305, 0, 0
980991, 289, 0, 0
982000, 273, 0, 0
983000, 296, 0, 0
984000, 304, 0, 0
984999, 251, 0, 0
986000, 298, 0, 0
987000, 259, 0, 0
988000, 288, 0, 0
989000, 266, 0, 0
989999, 279, 0, 0
991000, 254, 0, 0
992000, 238, 0, 0
993000, 266, 0, 0
994000, 289, 0, 0
994999, 264, 0, 0
996000, 277, 0, 0
997000, 237, 0, 0
998000, 271, 0, 0
999000, 308, 0, 0
999999, 287, 0, 0
1001000, 262, 0, 0
1002000, 246, 0, 0
1003000, 281, 0, 0
1004000, 233, 0, 0
1004999, 268, 0, 0
1006000, 247, 0, 0
1007000, 260, 0, 0
1008000, 260, 0, 0
1009000, 219, 0, 0
1009999, 274, 0, 0
1011000, 239, 0, 0
1012000, 259, 0, 0
1013000, 236, 0, 0
1014000, 268, 0, 0
1014999, 253, 0, 0
1016000, 266, 0, 0
1017000, 251, 0, 0
1018000, 255, 0, 0
1019000, 276, 0, 0
1020000, 236, 0, 0
1020999, 232, 0, 0
1022000, 236, 0, 0
1023000, 231, 0, 0
1024000, 228, 0, 0
1025000, 224, 0, 0
1026000, 245, 0, 0
1026999, 232, 0, 0
1028000, 248, 0, 0
1029000, 242, 0, 0
1030000, 222, 0, 0
1031000, 254, 0, 0
1032000, 258, 0, 0
1032999, 237, 0, 0
1034000, 237, 0, 0
1035000, 258, 0, 0
1036000, 249, 0, 0
1037000, 233, 0, 0
1038000, 265, 0, 0
1038999, 217, 0, 0
1039999, 233, 0, 0
1041000, 246, 0, 0
1042000, 229, 0, 0
1043000, 249, 0, 0
1044000, 241, 0, 0
1044999, 243, 0, 0
1045999, 223, 0, 0
1047000, 253, 0, 0
1048000, 217, 0, 0
1049000, 222, 0, 0
1050000, 242, 0, 0
1050999, 256, 0, 0
1051999, 263, 0, 0
1053000, 253, 0, 0
1054000, 257, 0, 0
1055000, 239, 0, 0
1056000, 236, 0, 0
1056999, 254, 0, 0
1058000, 236, 0, 0
1059000, 217, 0, 0
1060000, 214, 0, 0
1060999, 253, 0, 0
1061999, 215, 0, 0
1063000, 226, 0, 0
1064000, 216, 0, 0
1065000, 224, 0, 0
1066000, 213, 0, 0
1066999, 245, 0, 0
1067999, 225, 0, 0
1069000, 232, 0, 0
1070000, 235, 0, 0
1071000, 209, 0, 0
1071999, 214, 0, 0
1072999, 223, 0, 0
1074000, 232, 0, 0
1075000, 243, 0, 0
1075999, 239, 0, 0
1076999, 247, 0, 0
1077999, 243, 0, 0
1079000, 255, 0, 0
1080000, 231, 0, 0
1080999, 207, 0, 0
1081999, 203, 0, 0
1082999, 240, 0, 0
1084000, 236, 0, 0
1085000, 253, 0, 0
1086000, 213, 0, 0
1086999, 256, 0, 0
1087999, 248, 0, 0
1089000, 249, 0, 0
1090000, 228, 0, 0
1091000, 216, 0, 0
1091999, 220, 0, 0
1092999, 232, 0, 0
1093999, 231, 0, 0
1095000, 224, 0, 0
1096000, 227, 0, 0
1097000, 241, 0, 0
1097999, 216, 0, 0
1098999, 247, 0, 0
1100000, 257, 0, 0
1101000, 231, 0, 0
1102000, 214, 0, 0
1102999, 256, 0, 0
1103999, 257, 0, 0
1105000, 241, 0, 0
1106000, 255, 0, 0
1107000, 222, 0, 0
1107999, 229, 0, 0
1108999, 231, 0, 0
1110000, 223, 0, 0
1111000, 239, 0, 0
1112000, 232, 0, 0
1112999, 221, 0, 0
1113999, 231, 0, 0
1114999, 232, 0, 0
1116000, 254, 0, 0
1117000, 247, 0, 0
1118000, 248, 0, 0
1118999, 240, 0, 0
1119999, 235, 0, 0
1121000, 236, 0, 0
1122000, 216, 0, 0
1123000, 234, 0, 0
1123999, 232, 0, 0
1124999, 235, 0, 0
1126000, 230, 0, 0
1127000, 233, 0, 0
1128000, 262, 0, 0
1128999, 225, 0, 0
1129999, 262, 0, 0
1131000, 243, 0, 0
1132000, 227, 0, 0
1133000, 214, 0, 0
1133999, 253, 0, 0
1134999, 237, 0, 0
1135999, 236, 0, 0
1137000, 233, 0, 0
1138000, 250, 0, 0
1139000, 197, 0, 0
1139999, 230, 0, 0
1140999, 240, 0, 0
1142000, 253, 0, 0
1143000, 248, 0, 0
1144000, 248, 0, 0
1144999, 252, 0, 0
1145999, 236, 0, 0
1147000, 238, 0, 0
1148000, 221, 0, 0
1149000, 230, 0, 0
1149999, 235, 0, 0
1150999, 242, 0, 0
1151999, 256, 0, 0
1153000, 221, 0, 0
1154000, 201, 0, 0
1155000, 235, 0, 0
1155999, 239, 0, 0
1156999, 237, 0, 0
1158000, 220, 0, 0
1159000, 251, 0, 0
1160000, 226, 0, 0
1161000, 229, 0, 0
1161999, 227, 0, 0
1163000, 242, 0, 0
1164000, 219, 0, 0
1165000, 243, 0, 0
1166000, 220, 0, 0
1166999, 210, 0, 0
1168000, 216, 0, 0
1169000, 239, 0, 0
1170000, 233, 0, 0
1171000, 227, 0, 0
1171999, 231, 0, 0
1173000, 227, 0, 0
1174000, 235, 0, 0
1175000, 224, 0, 0
1176000, 245, 0, 0
1176999, 216, 0, 0
1178000, 243, 0, 0
1179000, 216, 0, 0
1180000, 267, 0, 0
1181000, 254, 0, 0
1181999, 223, 0, 0
1183000, 254, 0, 0
1184000, 251, 0, 0
1185000, 228, 0, 0
1186000, 194, 0, 0
1186999, 237, 0, 0
1187999, 211, 0, 0
1189000, 265, 0, 0
1190000, 240, 0, 0
1191000, 206, 0, 0
1191999, 215, 0, 0
1193000, 254, 0, 0
1194000, 221, 0, 0
1195000, 231, 0, 0
1196000, 250, 0, 0
1196999, 207, 0, 0
1197999, 240, 0, 0
1199000, 217, 0, 0
1200000, 243, 0, 0
